2025-11-22 14:54:30,197 - DEBUG - Sending GET https://api.starknet.extended.exchange/api/v1/info/markets?
2025-11-22 14:55:33,941 - DEBUG - Sending GET https://api.starknet.extended.exchange/api/v1/user/positions?
2025-11-22 14:55:34,937 - INFO - X10: 0 offene Positionen
2025-11-22 14:55:35,659 - INFO -    Closing ghost: AVAX-USD ($15.00, entered 2025-11-22 13:53:19.984625)
2025-11-22 14:55:35,664 - INFO -    Closing ghost: TON-USD ($16.56, entered 2025-11-22 13:53:20.843786)
2025-11-22 14:55:35,666 - INFO -    Closing ghost: 1000SHIB-USD ($15.00, entered 2025-11-22 13:53:21.303192)
2025-11-22 14:55:35,751 - DEBUG - Sending GET https://api.starknet.extended.exchange/api/v1/info/markets?
2025-11-22 14:55:39,789 - DEBUG - Refreshing position cache...
2025-11-22 14:55:39,791 - DEBUG - Sending GET https://api.starknet.extended.exchange/api/v1/user/positions?
2025-11-22 14:55:40,033 - INFO - X10: 0 offene Positionen
2025-11-22 14:55:40,497 - DEBUG - Position cache updated: X10=0, Lighter=0
2025-11-22 14:55:40,639 - DEBUG - Refreshing position cache...
2025-11-22 14:55:40,639 - DEBUG - Sending GET https://api.starknet.extended.exchange/api/v1/user/positions?
2025-11-22 14:55:40,875 - INFO - X10: 0 offene Positionen
2025-11-22 14:55:41,338 - DEBUG - Position cache updated: X10=0, Lighter=0
2025-11-22 14:55:41,349 - DEBUG - Sending GET https://api.starknet.extended.exchange/api/v1/user/balance
2025-11-22 14:55:42,388 - DEBUG - LINEA-USD execution lock acquired
2025-11-22 14:55:42,388 - DEBUG - Sending GET https://api.starknet.extended.exchange/api/v1/user/balance
2025-11-22 14:55:42,499 - DEBUG - RESOLV-USD execution lock acquired
2025-11-22 14:55:42,499 - DEBUG - Sending GET https://api.starknet.extended.exchange/api/v1/user/balance
2025-11-22 14:55:42,592 - DEBUG - AVNT-USD execution lock acquired
2025-11-22 14:55:42,593 - DEBUG - Sending GET https://api.starknet.extended.exchange/api/v1/user/balance
2025-11-22 14:55:42,700 - DEBUG - AVAX-USD execution lock acquired
2025-11-22 14:55:42,701 - DEBUG - Sending GET https://api.starknet.extended.exchange/api/v1/user/balance
2025-11-22 14:55:43,660 - DEBUG - X10 orderbook LINEA-USD: 404
2025-11-22 14:55:43,820 - DEBUG - LINEA-USD already has active task, skipping
2025-11-22 14:55:43,820 - DEBUG - RESOLV-USD already has active task, skipping
2025-11-22 14:55:43,820 - DEBUG - AVNT-USD already has active task, skipping
2025-11-22 14:55:43,820 - DEBUG - AVAX-USD already has active task, skipping
2025-11-22 14:55:43,916 - DEBUG - Smart Size: balance=84.40 conf=0.50 -> size=8.44 (base=16.0)
2025-11-22 14:55:43,936 - DEBUG - Create Order Tx Info: {"AccountIndex":60113,"ApiKeyIndex":3,"MarketIndex":76,"ClientOrderIndex":1763819812394,"BaseAmount":1619,"Price":9260,"IsAsk":1,"Type":0,"TimeInForce":1,"ReduceOnly":0,"TriggerPrice":0,"OrderExpiry":1766238943932,"ExpiredAt":1763820342932,"Nonce":727,"Sig":"TYEaBQJCaSKWJR8NrOfOyLmPQHQjffWayd893ZhKOnUlNS0ikwR+aDLEYuBEc8mV+S88hlo1Y2nCpnkvs+AlhhZXVJYhuW4Oinfk/B4mmgQ="}
2025-11-22 14:55:43,937 - DEBUG - Sending GET https://api.starknet.extended.exchange/api/v1/info/markets?
2025-11-22 14:55:43,961 - DEBUG - X10 orderbook AVAX-USD: 404
2025-11-22 14:55:44,200 - DEBUG - Create Order Send Tx Response: code=200 message='{"ratelimit": "didn\'t use volume quota"}' tx_hash='f20747d4aa48351c3c6bfdd146f34cdd6d7216ffce3540bfe187633cfe41a21912ed5238a02a4d0e' predicted_execution_time_ms=1763819741406 additional_properties={}
2025-11-22 14:55:44,219 - DEBUG - Smart Size: balance=84.40 conf=0.55 -> size=8.44 (base=16.0)
2025-11-22 14:55:44,233 - DEBUG - Create Order Tx Info: {"AccountIndex":60113,"ApiKeyIndex":3,"MarketIndex":9,"ClientOrderIndex":1763819817245,"BaseAmount":114,"Price":131640,"IsAsk":0,"Type":0,"TimeInForce":1,"ReduceOnly":0,"TriggerPrice":0,"OrderExpiry":1766238944229,"ExpiredAt":1763820343229,"Nonce":728,"Sig":"WAvj1BvTFBpxCoCrsuJLujcxRJJKZOJsthj43/dL5ASdU5fpWOTLMUsBNuMjbHkdMt1cFy79W9r/IGNBbdsbel1s5SfBc396PL/LqATGU3U="}
2025-11-22 14:55:44,234 - DEBUG - Sending GET https://api.starknet.extended.exchange/api/v1/info/markets?
2025-11-22 14:55:44,496 - DEBUG - Create Order Send Tx Response: code=200 message='{"ratelimit": "didn\'t use volume quota"}' tx_hash='62893ba10a144c0563ce3ce3a20cb77b98228be8df16219ee71dc5641c650e8d28ab9f4c0199ff3b' predicted_execution_time_ms=1763819741691 additional_properties={}
2025-11-22 14:55:44,539 - DEBUG - X10 orderbook RESOLV-USD: 404
2025-11-22 14:55:44,625 - DEBUG - X10 orderbook AVNT-USD: 404
2025-11-22 14:55:44,801 - DEBUG - Smart Size: balance=84.40 conf=0.50 -> size=8.44 (base=16.0)
2025-11-22 14:55:44,816 - DEBUG - Create Order Tx Info: {"AccountIndex":60113,"ApiKeyIndex":3,"MarketIndex":51,"ClientOrderIndex":1763819803306,"BaseAmount":124,"Price":121110,"IsAsk":1,"Type":0,"TimeInForce":1,"ReduceOnly":0,"TriggerPrice":0,"OrderExpiry":1766238944812,"ExpiredAt":1763820343812,"Nonce":729,"Sig":"PD65qz08t9d4LvHXKzU6wODR9Vf+vACCrpDJZ9VBdXKxm9A/X66LQLaCxxsOey409IXrQFRQ+ZkIppv9PA/LoI7afGVWXc1w0JdFfcWbRxo="}
2025-11-22 14:55:44,817 - DEBUG - Sending GET https://api.starknet.extended.exchange/api/v1/info/markets?
2025-11-22 14:55:44,824 - DEBUG - LINEA-USD already has active task, skipping
2025-11-22 14:55:44,824 - DEBUG - RESOLV-USD already has active task, skipping
2025-11-22 14:55:44,825 - DEBUG - AVNT-USD already has active task, skipping
2025-11-22 14:55:44,825 - DEBUG - AVAX-USD already has active task, skipping
2025-11-22 14:55:45,082 - DEBUG - Create Order Send Tx Response: code=200 message='{"ratelimit": "didn\'t use volume quota"}' tx_hash='5ffe220ecba0931ac21f960ac0ff0eccd87fa49f83c736d27422476d713629377c25d17638778bb0' predicted_execution_time_ms=1763819742277 additional_properties={}
2025-11-22 14:55:45,658 - DEBUG - Smart Size: balance=84.40 conf=0.50 -> size=8.44 (base=16.0)
2025-11-22 14:55:45,674 - DEBUG - Create Order Tx Info: {"AccountIndex":60113,"ApiKeyIndex":3,"MarketIndex":82,"ClientOrderIndex":1763819786789,"BaseAmount":390,"Price":38513,"IsAsk":1,"Type":0,"TimeInForce":1,"ReduceOnly":0,"TriggerPrice":0,"OrderExpiry":1766238945669,"ExpiredAt":1763820344669,"Nonce":730,"Sig":"xPy+XlLhVhzS2i1x22Cn0THiKbA0dcqM4bL6I3k3O/HgUmi8teJqFoisN1In8xe4/rd1RvmqXoodrcnJ/gOiolXVO1M6gET7rJ2Pbef5sXI="}
2025-11-22 14:55:45,675 - DEBUG - Sending GET https://api.starknet.extended.exchange/api/v1/info/markets?
2025-11-22 14:55:45,833 - DEBUG - LINEA-USD already has active task, skipping
2025-11-22 14:55:45,833 - DEBUG - RESOLV-USD already has active task, skipping
2025-11-22 14:55:45,835 - DEBUG - AVNT-USD already has active task, skipping
2025-11-22 14:55:45,835 - DEBUG - AVAX-USD already has active task, skipping
2025-11-22 14:55:45,940 - DEBUG - Create Order Send Tx Response: code=200 message='{"ratelimit": "didn\'t use volume quota"}' tx_hash='03b78bbc80d7a7e80d885055275bb85bf4a27b8ed968150262f1f869bdc1b3b924c569422c06c045' predicted_execution_time_ms=1763819743134 additional_properties={}
2025-11-22 14:55:46,099 - DEBUG - Placing an order: id=831697174923301999582882544267375187393140404306875522367848918067271957846
2025-11-22 14:55:46,099 - DEBUG - Sending POST https://api.starknet.extended.exchange/api/v1/user/order, headers={<RequestHeader.ACCEPT: 'Accept'>: 'application/json', <RequestHeader.CONTENT_TYPE: 'Content-Type'>: 'application/json', <RequestHeader.USER_AGENT: 'User-Agent'>: 'X10PythonTradingClient/0.0.17', <RequestHeader.API_KEY: 'X-Api-Key'>: 'a1c9207f79f0e57ddc454bf1e16dbe49'}
2025-11-22 14:55:46,254 - DEBUG - Placing an order: id=1501119988024863228072091833266810097775525303620550957393432170804451707967
2025-11-22 14:55:46,254 - DEBUG - Sending POST https://api.starknet.extended.exchange/api/v1/user/order, headers={<RequestHeader.ACCEPT: 'Accept'>: 'application/json', <RequestHeader.CONTENT_TYPE: 'Content-Type'>: 'application/json', <RequestHeader.USER_AGENT: 'User-Agent'>: 'X10PythonTradingClient/0.0.17', <RequestHeader.API_KEY: 'X-Api-Key'>: 'a1c9207f79f0e57ddc454bf1e16dbe49'}
2025-11-22 14:55:46,831 - DEBUG - LINEA-USD already has active task, skipping
2025-11-22 14:55:46,831 - DEBUG - RESOLV-USD already has active task, skipping
2025-11-22 14:55:46,831 - DEBUG - AVNT-USD already has active task, skipping
2025-11-22 14:55:46,831 - DEBUG - AVAX-USD already has active task, skipping
2025-11-22 14:55:46,910 - DEBUG - Placing an order: id=2246342627855138195690856038373506173121604963964164948767361163161576771829
2025-11-22 14:55:46,910 - DEBUG - Sending POST https://api.starknet.extended.exchange/api/v1/user/order, headers={<RequestHeader.ACCEPT: 'Accept'>: 'application/json', <RequestHeader.CONTENT_TYPE: 'Content-Type'>: 'application/json', <RequestHeader.USER_AGENT: 'User-Agent'>: 'X10PythonTradingClient/0.0.17', <RequestHeader.API_KEY: 'X-Api-Key'>: 'a1c9207f79f0e57ddc454bf1e16dbe49'}
2025-11-22 14:55:47,134 - INFO - LINEA-USD saved to DB/state
2025-11-22 14:55:47,284 - INFO - AVAX-USD saved to DB/state
2025-11-22 14:55:47,800 - DEBUG - Placing an order: id=848101821812543884123760487961132798717722636504761319224761533029448049215
2025-11-22 14:55:47,816 - DEBUG - Sending POST https://api.starknet.extended.exchange/api/v1/user/order, headers={<RequestHeader.ACCEPT: 'Accept'>: 'application/json', <RequestHeader.CONTENT_TYPE: 'Content-Type'>: 'application/json', <RequestHeader.USER_AGENT: 'User-Agent'>: 'X10PythonTradingClient/0.0.17', <RequestHeader.API_KEY: 'X-Api-Key'>: 'a1c9207f79f0e57ddc454bf1e16dbe49'}
2025-11-22 14:55:47,817 - DEBUG - Refreshing position cache...
2025-11-22 14:55:47,832 - DEBUG - Sending GET https://api.starknet.extended.exchange/api/v1/user/positions?
2025-11-22 14:55:47,899 - INFO - RESOLV-USD saved to DB/state
2025-11-22 14:55:48,070 - INFO - AVNT-USD saved to DB/state
2025-11-22 14:55:48,070 - INFO - X10: 2 offene Positionen
2025-11-22 14:55:48,740 - DEBUG - Position cache updated: X10=2, Lighter=4
2025-11-22 14:55:49,770 - DEBUG - Refreshing position cache...
2025-11-22 14:55:49,770 - DEBUG - Sending GET https://api.starknet.extended.exchange/api/v1/user/positions?
2025-11-22 14:55:50,016 - INFO - X10: 4 offene Positionen
2025-11-22 14:55:50,723 - DEBUG - Position cache updated: X10=4, Lighter=4
2025-11-22 14:55:51,731 - DEBUG - Refreshing position cache...
2025-11-22 14:55:51,732 - DEBUG - Sending GET https://api.starknet.extended.exchange/api/v1/user/positions?
2025-11-22 14:55:51,982 - INFO - X10: 4 offene Positionen
2025-11-22 14:55:52,456 - DEBUG - Position cache updated: X10=4, Lighter=4
2025-11-22 14:55:53,459 - DEBUG - Refreshing position cache...
2025-11-22 14:55:53,459 - DEBUG - Sending GET https://api.starknet.extended.exchange/api/v1/user/positions?
2025-11-22 14:55:53,703 - INFO - X10: 4 offene Positionen
2025-11-22 14:55:54,160 - DEBUG - Position cache updated: X10=4, Lighter=4
2025-11-22 14:55:55,159 - DEBUG - Refreshing position cache...
2025-11-22 14:55:55,161 - DEBUG - Sending GET https://api.starknet.extended.exchange/api/v1/user/positions?
2025-11-22 14:55:55,410 - INFO - X10: 4 offene Positionen
2025-11-22 14:55:55,865 - DEBUG - Position cache updated: X10=4, Lighter=4
2025-11-22 14:55:56,864 - DEBUG - Refreshing position cache...
2025-11-22 14:55:56,864 - DEBUG - Sending GET https://api.starknet.extended.exchange/api/v1/user/positions?
2025-11-22 14:55:57,114 - INFO - X10: 4 offene Positionen
2025-11-22 14:55:57,576 - DEBUG - Position cache updated: X10=4, Lighter=4
2025-11-22 14:55:58,588 - DEBUG - Refreshing position cache...
2025-11-22 14:55:58,588 - DEBUG - Sending GET https://api.starknet.extended.exchange/api/v1/user/positions?
2025-11-22 14:55:58,833 - INFO - X10: 4 offene Positionen
2025-11-22 14:55:59,293 - DEBUG - Position cache updated: X10=4, Lighter=4
2025-11-22 14:56:00,292 - DEBUG - Refreshing position cache...
2025-11-22 14:56:00,292 - DEBUG - Sending GET https://api.starknet.extended.exchange/api/v1/user/positions?
2025-11-22 14:56:00,534 - INFO - X10: 4 offene Positionen
2025-11-22 14:56:01,229 - DEBUG - Position cache updated: X10=4, Lighter=4
2025-11-22 14:56:02,248 - DEBUG - Refreshing position cache...
2025-11-22 14:56:02,248 - DEBUG - Sending GET https://api.starknet.extended.exchange/api/v1/user/positions?
2025-11-22 14:56:02,502 - INFO - X10: 4 offene Positionen
2025-11-22 14:56:02,950 - DEBUG - Position cache updated: X10=4, Lighter=4
2025-11-22 14:56:03,953 - DEBUG - Refreshing position cache...
2025-11-22 14:56:03,953 - DEBUG - Sending GET https://api.starknet.extended.exchange/api/v1/user/positions?
2025-11-22 14:56:04,193 - INFO - X10: 4 offene Positionen
2025-11-22 14:56:04,637 - DEBUG - Position cache updated: X10=4, Lighter=4
2025-11-22 14:56:05,653 - DEBUG - Refreshing position cache...
2025-11-22 14:56:05,653 - DEBUG - Sending GET https://api.starknet.extended.exchange/api/v1/user/positions?
2025-11-22 14:56:05,892 - INFO - X10: 4 offene Positionen
2025-11-22 14:56:06,353 - DEBUG - Position cache updated: X10=4, Lighter=4
