18:00:01 [INFO]  CONFIG VALIDIERUNG abgeschlossen.
18:00:01 [INFO] 🔥 BOT V5 (Architected) STARTING...
18:00:01 [INFO] 🚀 Starting InMemoryStateManager...
18:00:01 [INFO] 📂 Initializing database: data/trades.db
18:00:01 [INFO] ✅ Read pool created: 5 connections
18:00:01 [INFO] ✅ WAL mode enabled
18:00:01 [INFO] 🔄 Running database migrations...
18:00:01 [INFO] ✅ Migrations complete (11 statements)
18:00:01 [INFO] ✅ Database initialized
18:00:01 [INFO] 🖊️ Database write loop started
18:00:01 [INFO] 📂 Loaded 0 trades from database
18:00:01 [INFO] ✅ InMemoryStateManager started (loaded 0 trades)
18:00:01 [INFO] ✅ State Manager started
18:00:01 [INFO]  Telegram Bot disabled (Token/ChatID missing).
18:00:01 [INFO] ✅ Async database initialized
18:00:01 [INFO] 📝 State writer loop started
18:00:01 [DEBUG] ✅ Database schema up to date
18:00:01 [INFO] Initialisiere X10 Adapter...
18:00:01 [INFO]  X10 Account initialisiert.
18:00:01 [INFO] Initialisiere Lighter Adapter...
18:00:01 [INFO] 📊 Loading Market Data via REST...
18:00:01 [DEBUG] Sending GET https://api.starknet.extended.exchange/api/v1/info/markets?
18:00:03 [INFO] ✅ Lighter: Loaded 116 markets
18:00:03 [INFO]  X10: 91 Märkte geladen, 91 Funding Rates, 78 Preise
18:00:03 [INFO] ✅ Markets loaded: X10=91, Lighter=116
18:00:03 [INFO] FundingPredictorV2 initialized with BTC Correlation
18:00:03 [INFO] 启动 OI Tracker für 68 Symbole...
18:00:03 [INFO] ✅ OpenInterestTracker started (interval=30.0s)
18:00:03 [INFO] 🌐 Starting WebSocket Manager...
18:00:03 [INFO] 📊 OI Tracker: Starting cycle 1 (68 symbols)
18:00:03 [INFO] 🔌 [lighter] WebSocket manager started
18:00:03 [INFO] 🔌 [x10] WebSocket manager started
18:00:03 [INFO] ✅ WebSocketManager started
18:00:04 [DEBUG] Starting new HTTPS connection (1): mainnet.zklighter.elliot.ai:443
18:00:05 [DEBUG] https://mainnet.zklighter.elliot.ai:443 "GET /api/v1/nextNonce?account_index=60113&api_key_index=3 HTTP/1.1" 200 25
18:00:05 [INFO] ✅ [lighter] Connected to wss://mainnet.zklighter.elliot.ai/stream
18:00:05 [DEBUG] [lighter] Subscribed to order_book/-1
18:00:05 [INFO] ✅ [x10] Connected to wss://api.starknet.extended.exchange/stream.extended.exchange/v1/account
18:00:05 [DEBUG] [lighter] Subscribed to order_book/-1
18:00:05 [DEBUG] [lighter] Subscribed to trade/-1
18:00:05 [DEBUG] [lighter] Subscribed to order_book/-1
18:00:05 [DEBUG] [lighter] Subscribed to trade/-1
18:00:06 [DEBUG] [lighter] Subscribed to order_book/-1
18:00:06 [DEBUG] [lighter] Subscribed to trade/-1
18:00:06 [DEBUG] [lighter] Subscribed to order_book/-1
18:00:06 [DEBUG] [lighter] Subscribed to trade/-1
18:00:06 [DEBUG] [lighter] Subscribed to trade/-1
18:00:06 [DEBUG] [lighter] Subscribed to order_book/-1
18:00:06 [DEBUG] [lighter] Subscribed to trade/-1
18:00:06 [DEBUG] [lighter] Subscribed to order_book/-1
18:00:06 [DEBUG] [lighter] Subscribed to trade/-1
18:00:06 [DEBUG] [lighter] Subscribed to order_book/-1
18:00:06 [DEBUG] [lighter] Subscribed to trade/-1
18:00:06 [DEBUG] [lighter] Subscribed to market_stats/all
18:00:06 [DEBUG] [lighter] Subscribed to order_book/-1
18:00:06 [DEBUG] [lighter] Subscribed to trade/-1
18:00:06 [DEBUG] [lighter] Subscribed to order_book/-1
18:00:06 [DEBUG] [lighter] Subscribed to trade/-1
18:00:06 [DEBUG] [lighter] Subscribed to order_book/-1
18:00:06 [DEBUG] [lighter] Subscribed to trade/-1
18:00:06 [DEBUG] [lighter] Subscribed to order_book/-1
18:00:06 [DEBUG] [lighter] Subscribed to trade/-1
18:00:06 [DEBUG] [lighter] Subscribed to order_book/-1
18:00:06 [DEBUG] [lighter] Subscribed to trade/-1
18:00:06 [DEBUG] [lighter] Subscribed to order_book/-1
18:00:06 [DEBUG] [lighter] Subscribed to trade/-1
18:00:06 [DEBUG] [lighter] Subscribed to order_book/-1
18:00:06 [DEBUG] [lighter] Subscribed to trade/-1
18:00:06 [DEBUG] [lighter] Subscribed to order_book/-1
18:00:06 [DEBUG] [lighter] Subscribed to trade/-1
18:00:06 [DEBUG] [lighter] Subscribed to order_book/-1
18:00:06 [DEBUG] [lighter] Subscribed to trade/-1
18:00:06 [DEBUG] [lighter] Subscribed to order_book/-1
18:00:06 [DEBUG] [lighter] Subscribed to trade/-1
18:00:06 [DEBUG] [lighter] Subscribed to order_book/-1
18:00:06 [DEBUG] [lighter] Subscribed to trade/-1
18:00:06 [DEBUG] ✅ WIF-USD: X10=$205,725, Lighter=$0, Total=$205,725
18:00:06 [DEBUG] [lighter] Subscribed to order_book/-1
18:00:06 [DEBUG] [lighter] Subscribed to trade/-1
18:00:06 [DEBUG] [lighter] Subscribed to order_book/-1
18:00:06 [DEBUG] [lighter] Subscribed to trade/-1
18:00:06 [DEBUG] [lighter] Subscribed to order_book/-1
18:00:06 [DEBUG] [lighter] Subscribed to trade/-1
18:00:06 [DEBUG] [lighter] Subscribed to order_book/-1
18:00:06 [DEBUG] [lighter] Subscribed to trade/-1
18:00:06 [DEBUG] [lighter] Subscribed to order_book/-1
18:00:06 [DEBUG] [lighter] Subscribed to trade/-1
18:00:06 [DEBUG] [lighter] Subscribed to order_book/-1
18:00:06 [DEBUG] [lighter] Subscribed to trade/-1
18:00:06 [DEBUG] [lighter] Subscribed to order_book/-1
18:00:06 [DEBUG] [lighter] Subscribed to trade/-1
18:00:06 [DEBUG] [lighter] Subscribed to order_book/-1
18:00:06 [DEBUG] [lighter] Subscribed to trade/-1
18:00:06 [DEBUG] [lighter] Subscribed to order_book/-1
18:00:06 [DEBUG] [lighter] Subscribed to trade/-1
18:00:06 [DEBUG] [lighter] Subscribed to order_book/-1
18:00:06 [DEBUG] [lighter] Subscribed to trade/-1
18:00:06 [DEBUG] [lighter] Subscribed to order_book/-1
18:00:06 [DEBUG] [lighter] Subscribed to trade/-1
18:00:06 [DEBUG] [lighter] Subscribed to order_book/-1
18:00:06 [DEBUG] [lighter] Subscribed to trade/-1
18:00:06 [DEBUG] [lighter] Subscribed to order_book/-1
18:00:06 [DEBUG] [lighter] Subscribed to trade/-1
18:00:06 [DEBUG] [lighter] Subscribed to order_book/-1
18:00:06 [DEBUG] [lighter] Subscribed to trade/-1
18:00:06 [DEBUG] [lighter] Subscribed to order_book/-1
18:00:06 [DEBUG] [lighter] Subscribed to trade/-1
18:00:06 [DEBUG] [x10] Subscribed to publicTrades/WIF/USD
18:00:06 [DEBUG] [x10] Subscribed to funding/WIF/USD
18:00:06 [DEBUG] [x10] Subscribed to publicTrades/ETH/USD
18:00:06 [DEBUG] [x10] Subscribed to funding/ETH/USD
18:00:06 [DEBUG] [x10] Subscribed to publicTrades/WLFI/USD
18:00:06 [DEBUG] [x10] Subscribed to funding/WLFI/USD
18:00:07 [DEBUG] [x10] Subscribed to publicTrades/XRP/USD
18:00:07 [DEBUG] [x10] Subscribed to funding/XRP/USD
18:00:07 [DEBUG] [x10] Subscribed to publicTrades/XAG/USD
18:00:07 [DEBUG] [x10] Subscribed to funding/XAG/USD
18:00:07 [DEBUG] [x10] Subscribed to publicTrades/ASTER/USD
18:00:07 [DEBUG] [x10] Subscribed to funding/ASTER/USD
18:00:07 [DEBUG] [x10] Subscribed to publicTrades/ZORA/USD
18:00:07 [DEBUG] [x10] Subscribed to funding/ZORA/USD
18:00:07 [DEBUG] [x10] Subscribed to publicTrades/PUMP/USD
18:00:07 [DEBUG] [x10] Subscribed to funding/PUMP/USD
18:00:07 [DEBUG] [x10] Subscribed to publicTrades/ARB/USD
18:00:07 [DEBUG] [x10] Subscribed to funding/ARB/USD
18:00:07 [DEBUG] [x10] Subscribed to publicTrades/ZRO/USD
18:00:07 [DEBUG] [x10] Subscribed to funding/ZRO/USD
18:00:07 [DEBUG] [x10] Subscribed to publicTrades/FARTCOIN/USD
18:00:07 [DEBUG] [x10] Subscribed to funding/FARTCOIN/USD
18:00:07 [DEBUG] [x10] Subscribed to publicTrades/APEX/USD
18:00:07 [DEBUG] [x10] Subscribed to funding/APEX/USD
18:00:07 [DEBUG] [x10] Subscribed to publicTrades/PENDLE/USD
18:00:07 [DEBUG] [x10] Subscribed to funding/PENDLE/USD
18:00:07 [DEBUG] [x10] Subscribed to publicTrades/SEI/USD
18:00:07 [DEBUG] [x10] Subscribed to funding/SEI/USD
18:00:07 [DEBUG] [x10] Subscribed to publicTrades/BNB/USD
18:00:07 [DEBUG] [x10] Subscribed to funding/BNB/USD
18:00:07 [DEBUG] [x10] Subscribed to publicTrades/PENGU/USD
18:00:07 [DEBUG] [x10] Subscribed to funding/PENGU/USD
18:00:07 [DEBUG] [x10] Subscribed to publicTrades/IP/USD
18:00:07 [DEBUG] [x10] Subscribed to funding/IP/USD
18:00:07 [DEBUG] [x10] Subscribed to publicTrades/GRASS/USD
18:00:07 [DEBUG] [x10] Subscribed to funding/GRASS/USD
18:00:07 [DEBUG] [x10] Subscribed to publicTrades/AVNT/USD
18:00:07 [DEBUG] [x10] Subscribed to funding/AVNT/USD
18:00:07 [DEBUG] [x10] Subscribed to publicTrades/CRV/USD
18:00:07 [DEBUG] [x10] Subscribed to funding/CRV/USD
18:00:07 [DEBUG] [x10] Subscribed to publicTrades/UNI/USD
18:00:07 [DEBUG] [x10] Subscribed to funding/UNI/USD
18:00:08 [DEBUG] [x10] Subscribed to publicTrades/FIL/USD
18:00:08 [DEBUG] [x10] Subscribed to funding/FIL/USD
18:00:08 [DEBUG] [x10] Subscribed to publicTrades/OP/USD
18:00:08 [DEBUG] [x10] Subscribed to funding/OP/USD
18:00:08 [DEBUG] [x10] Subscribed to publicTrades/XPL/USD
18:00:08 [DEBUG] [x10] Subscribed to funding/XPL/USD
18:00:08 [DEBUG] [x10] Subscribed to publicTrades/TAO/USD
18:00:08 [DEBUG] [x10] Subscribed to funding/TAO/USD
18:00:08 [DEBUG] [x10] Subscribed to publicTrades/RESOLV/USD
18:00:08 [DEBUG] [x10] Subscribed to funding/RESOLV/USD
18:00:08 [DEBUG] [x10] Subscribed to publicTrades/BCH/USD
18:00:08 [DEBUG] [x10] Subscribed to funding/BCH/USD
18:00:08 [DEBUG] [x10] Subscribed to publicTrades/POPCAT/USD
18:00:08 [DEBUG] [x10] Subscribed to funding/POPCAT/USD
18:00:08 [DEBUG] [x10] Subscribed to publicTrades/DOT/USD
18:00:08 [DEBUG] [x10] Subscribed to funding/DOT/USD
18:00:08 [DEBUG] [x10] Subscribed to publicTrades/EIGEN/USD
18:00:08 [DEBUG] [x10] Subscribed to funding/EIGEN/USD
18:00:08 [DEBUG] [x10] Subscribed to publicTrades/MON/USD
18:00:08 [DEBUG] [x10] Subscribed to funding/MON/USD
18:00:08 [DEBUG] [x10] Subscribed to publicTrades/LINEA/USD
18:00:08 [DEBUG] [x10] Subscribed to funding/LINEA/USD
18:00:08 [DEBUG] [x10] Subscribed to publicTrades/WLD/USD
18:00:08 [DEBUG] [x10] Subscribed to funding/WLD/USD
18:00:08 [DEBUG] [x10] Subscribed to publicTrades/TON/USD
18:00:08 [DEBUG] [x10] Subscribed to funding/TON/USD
18:00:08 [DEBUG] [x10] Subscribed to publicTrades/LINK/USD
18:00:08 [DEBUG] [x10] Subscribed to funding/LINK/USD
18:00:08 [DEBUG] [x10] Subscribed to publicTrades/EDEN/USD
18:00:08 [DEBUG] [x10] Subscribed to funding/EDEN/USD
18:00:08 [DEBUG] [x10] Subscribed to publicTrades/S/USD
18:00:08 [DEBUG] [x10] Subscribed to funding/S/USD
18:00:08 [DEBUG] [x10] Subscribed to publicTrades/XAU/USD
18:00:08 [DEBUG] [x10] Subscribed to funding/XAU/USD
18:00:08 [DEBUG] [x10] Subscribed to publicTrades/LTC/USD
18:00:08 [DEBUG] [x10] Subscribed to funding/LTC/USD
18:00:08 [DEBUG] [x10] Subscribed to publicTrades/TRX/USD
18:00:08 [DEBUG] [x10] Subscribed to funding/TRX/USD
18:00:08 [DEBUG] [x10] Subscribed to publicTrades/SUI/USD
18:00:08 [DEBUG] [x10] Subscribed to funding/SUI/USD
18:00:08 [DEBUG] [x10] Subscribed to publicTrades/1000PEPE/USD
18:00:08 [DEBUG] [x10] Subscribed to funding/1000PEPE/USD
18:00:09 [DEBUG] [x10] Subscribed to publicTrades/1000BONK/USD
18:00:09 [DEBUG] [x10] Subscribed to funding/1000BONK/USD
18:00:09 [DEBUG] [x10] Subscribed to publicTrades/APT/USD
18:00:09 [DEBUG] [x10] Subscribed to funding/APT/USD
18:00:09 [DEBUG] [x10] Subscribed to publicTrades/LDO/USD
18:00:09 [DEBUG] [x10] Subscribed to funding/LDO/USD
18:00:09 [DEBUG] [x10] Subscribed to publicTrades/ONDO/USD
18:00:09 [DEBUG] [x10] Subscribed to funding/ONDO/USD
18:00:09 [DEBUG] [x10] Subscribed to publicTrades/ADA/USD
18:00:09 [DEBUG] [x10] Subscribed to funding/ADA/USD
18:00:09 [DEBUG] [x10] Subscribed to publicTrades/KAITO/USD
18:00:09 [DEBUG] [x10] Subscribed to funding/KAITO/USD
18:00:09 [DEBUG] [x10] Subscribed to publicTrades/1000SHIB/USD
18:00:09 [DEBUG] [x10] Subscribed to funding/1000SHIB/USD
18:00:09 [DEBUG] [x10] Subscribed to publicTrades/JUP/USD
18:00:09 [DEBUG] [x10] Subscribed to funding/JUP/USD
18:00:09 [DEBUG] [x10] Subscribed to publicTrades/HYPE/USD
18:00:09 [DEBUG] [x10] Subscribed to funding/HYPE/USD
18:00:09 [DEBUG] [x10] Subscribed to publicTrades/VIRTUAL/USD
18:00:09 [DEBUG] [x10] Subscribed to funding/VIRTUAL/USD
18:00:09 [DEBUG] [x10] Subscribed to publicTrades/DOGE/USD
18:00:09 [DEBUG] [x10] Subscribed to funding/DOGE/USD
18:00:09 [DEBUG] [x10] Subscribed to publicTrades/MKR/USD
18:00:09 [DEBUG] [x10] Subscribed to funding/MKR/USD
18:00:09 [DEBUG] [x10] Subscribed to publicTrades/BTC/USD
18:00:09 [DEBUG] [x10] Subscribed to funding/BTC/USD
18:00:09 [DEBUG] [x10] Subscribed to publicTrades/AVAX/USD
18:00:09 [DEBUG] [x10] Subscribed to funding/AVAX/USD
18:00:09 [DEBUG] [x10] Subscribed to publicTrades/SPX/USD
18:00:09 [DEBUG] [x10] Subscribed to funding/SPX/USD
18:00:09 [DEBUG] [x10] Subscribed to publicTrades/USDJPY/USD
18:00:09 [DEBUG] [x10] Subscribed to funding/USDJPY/USD
18:00:09 [DEBUG] [x10] Subscribed to publicTrades/NEAR/USD
18:00:09 [DEBUG] [x10] Subscribed to funding/NEAR/USD
18:00:09 [DEBUG] [x10] Subscribed to publicTrades/ZEC/USD
18:00:09 [DEBUG] [x10] Subscribed to funding/ZEC/USD
18:00:10 [DEBUG] [x10] Subscribed to publicTrades/SOL/USD
18:00:10 [DEBUG] [x10] Subscribed to funding/SOL/USD
18:00:10 [DEBUG] [x10] Subscribed to publicTrades/BERA/USD
18:00:10 [DEBUG] [x10] Subscribed to funding/BERA/USD
18:00:10 [DEBUG] [x10] Subscribed to publicTrades/AAVE/USD
18:00:10 [DEBUG] [x10] Subscribed to funding/AAVE/USD
18:00:10 [DEBUG] [x10] Subscribed to publicTrades/ENA/USD
18:00:10 [DEBUG] [x10] Subscribed to funding/ENA/USD
18:00:10 [DEBUG] ✅ ETH-USD: X10=$9,857,191, Lighter=$0, Total=$9,857,191
18:00:10 [DEBUG] [x10] Subscribed to publicTrades/STRK/USD
18:00:10 [DEBUG] [x10] Subscribed to funding/STRK/USD
18:00:10 [DEBUG] [x10] Subscribed to publicTrades/TIA/USD
18:00:10 [DEBUG] [x10] Subscribed to funding/TIA/USD
18:00:10 [DEBUG] [x10] Subscribed to publicTrades/MNT/USD
18:00:10 [DEBUG] [x10] Subscribed to funding/MNT/USD
18:00:10 [DEBUG] [x10] Subscribed to publicTrades/TRUMP/USD
18:00:10 [DEBUG] [x10] Subscribed to funding/TRUMP/USD
18:00:10 [INFO] 🔗 Components Wired: WS -> OI Tracker -> Prediction
18:00:10 [INFO] 🧟 Starte Zombie-Check: Vergleiche DB mit echten Positionen...
18:00:10 [INFO] ✅ DB ist sauber (keine offenen Trades).
18:00:10 [INFO] ✅ ParallelExecutionManager: Rollback processor started
18:00:10 [INFO] ✅ ParallelExecutionManager started
18:00:10 [INFO] 📝 Registered task: logic_loop (critical=True)
18:00:10 [INFO] 📝 Registered task: trade_management_loop (critical=True)
18:00:10 [INFO] 📝 Registered task: farm_loop (critical=False)
18:00:10 [INFO] 📝 Registered task: maintenance_loop (critical=False)
18:00:10 [INFO] 📝 Registered task: cleanup_finished_tasks (critical=False)
18:00:10 [INFO] 📝 Registered task: health_reporter (critical=False)
18:00:10 [INFO] 📝 Registered task: connection_watchdog (critical=True)
18:00:10 [INFO] ✅ Signal handlers installed (SIGINT, SIGTERM)
18:00:10 [INFO] ▶️  Started task: logic_loop
18:00:10 [INFO] ▶️  Started task: trade_management_loop
18:00:10 [INFO] ▶️  Started task: farm_loop
18:00:10 [INFO] ▶️  Started task: maintenance_loop
18:00:10 [INFO] ▶️  Started task: cleanup_finished_tasks
18:00:10 [INFO] ▶️  Started task: health_reporter
18:00:10 [INFO] ▶️  Started task: connection_watchdog
18:00:10 [INFO] 🚀 Started 7 tasks
18:00:10 [INFO] ═══════════════════════════════════════════════════════════
18:00:10 [INFO]    BOT V5 RUNNING 24/7 - SUPERVISED | Ctrl+C = Stop   
18:00:10 [INFO] ═══════════════════════════════════════════════════════════
18:00:10 [INFO] 🔄 Rollback processor running...
18:00:10 [INFO] Logic Loop gestartet – REFRESH alle 3s
18:00:10 [INFO] ⚡ Latency Arb Detector initialized (threshold: 1.0s)
18:00:10 [INFO] ❄️ Warming up caches (waiting for WS data)... X10=91, Lit=0
18:00:10 [INFO] 🛡️ Trade Management Loop gestartet
18:00:10 [INFO] 🚜 Farm Mode ACTIVE
18:00:10 [DEBUG] Sending GET https://api.starknet.extended.exchange/api/v1/user/balance
18:00:10 [DEBUG] 📊 X10 Funding Cache refresh (current=91)
18:00:10 [INFO] 🐕 Connection Watchdog gestartet (Timeout: 120s)
18:00:10 [INFO] 🔍 Supervisor loop started
18:00:10 [DEBUG] Sending GET https://api.starknet.extended.exchange/api/v1/info/markets?
18:00:12 [DEBUG] Lighter Balance: Raw=$300.42, Safe=$285.40
18:00:12 [INFO]  X10: 91 Märkte geladen, 91 Funding Rates, 82 Preise
18:00:12 [DEBUG] X10: Funding Refresh OK, cache=91
18:00:12 [DEBUG] 📊 Lighter Funding Cache refresh (current=0)
18:00:13 [DEBUG] Lighter: Loaded 0 funding rates
18:00:13 [DEBUG] Lighter: Funding Refresh OK, cache=0
18:00:13 [INFO] ❄️ Warming up caches (waiting for WS data)... X10=91, Lit=0
18:00:14 [INFO] 🔍 Running periodic exchange sync check...
18:00:14 [INFO] 🔍 Starting Exchange Sync Check...
18:00:14 [DEBUG] Sending GET https://api.starknet.extended.exchange/api/v1/user/positions?
18:00:14 [DEBUG] ✅ WLFI-USD: X10=$629,170, Lighter=$0, Total=$629,170
18:00:14 [INFO] Lighter: Found 0 open positions
18:00:14 [INFO] ✅ Exchanges are SYNCED: 0 paired positions
18:00:16 [INFO] ❄️ Warming up caches (waiting for WS data)... X10=91, Lit=0
18:00:18 [DEBUG] ✅ XRP-USD: X10=$535,223, Lighter=$0, Total=$535,223
18:00:19 [INFO] ❄️ Warming up caches (waiting for WS data)... X10=91, Lit=0
18:00:22 [DEBUG] ⚠️ XAG-USD: No OI data available
18:00:22 [INFO] ❄️ Warming up caches (waiting for WS data)... X10=91, Lit=0
18:00:25 [INFO] ❄️ Warming up caches (waiting for WS data)... X10=91, Lit=0
18:00:26 [DEBUG] 💓 [lighter] Ping/Pong OK
18:00:28 [DEBUG] ✅ ASTER-USD: X10=$469,684, Lighter=$0, Total=$469,684
18:00:28 [WARNING] [x10] Connection closed: 1011 Ping timeout
18:00:28 [ERROR] [x10] Send error: received 1011 (internal error) Ping timeout; then sent 1011 (internal error) Ping timeout
18:00:28 [DEBUG] 💓 [x10] App-Ping sent
18:00:28 [INFO] 🔄 [x10] Reconnecting in 1.0s (attempt 1)
18:00:28 [INFO] ❄️ Warming up caches (waiting for WS data)... X10=91, Lit=0
18:00:30 [INFO] ✅ [x10] Connected to wss://api.starknet.extended.exchange/stream.extended.exchange/v1/account
18:00:30 [DEBUG] [x10] Subscribed to publicTrades/HYPE/USD
18:00:30 [DEBUG] [x10] Subscribed to funding/PENDLE/USD
18:00:30 [DEBUG] [x10] Subscribed to publicTrades/BNB/USD
18:00:30 [DEBUG] [x10] Subscribed to publicTrades/ONDO/USD
18:00:30 [DEBUG] [x10] Subscribed to funding/ETH/USD
18:00:30 [DEBUG] [x10] Subscribed to publicTrades/TON/USD
18:00:30 [DEBUG] [x10] Subscribed to funding/ADA/USD
18:00:30 [DEBUG] [x10] Subscribed to publicTrades/TAO/USD
18:00:31 [DEBUG] [x10] Subscribed to publicTrades/AVAX/USD
18:00:31 [DEBUG] [x10] Subscribed to funding/ENA/USD
18:00:31 [DEBUG] [x10] Subscribed to publicTrades/FARTCOIN/USD
18:00:31 [DEBUG] [x10] Subscribed to funding/WLFI/USD
18:00:31 [INFO] ❄️ Warming up caches (waiting for WS data)... X10=91, Lit=0
18:00:31 [DEBUG] [x10] Subscribed to publicTrades/ARB/USD
18:00:31 [DEBUG] [x10] Subscribed to funding/GRASS/USD
18:00:31 [DEBUG] [x10] Subscribed to publicTrades/XAU/USD
18:00:31 [DEBUG] ✅ ZORA-USD: X10=$165,941, Lighter=$0, Total=$165,941
18:00:31 [DEBUG] [x10] Subscribed to publicTrades/UNI/USD
18:00:31 [DEBUG] [x10] Subscribed to funding/TON/USD
18:00:32 [DEBUG] [x10] Subscribed to publicTrades/ZORA/USD
18:00:32 [DEBUG] [x10] Subscribed to publicTrades/EDEN/USD
18:00:32 [DEBUG] [x10] Subscribed to funding/CRV/USD
18:00:32 [DEBUG] [x10] Subscribed to publicTrades/ASTER/USD
18:00:32 [DEBUG] [x10] Subscribed to funding/FIL/USD
18:00:32 [DEBUG] [x10] Subscribed to publicTrades/WLFI/USD
18:00:32 [DEBUG] [x10] Subscribed to publicTrades/VIRTUAL/USD
18:00:32 [DEBUG] [x10] Subscribed to funding/EDEN/USD
18:00:32 [DEBUG] [x10] Subscribed to publicTrades/DOGE/USD
18:00:32 [DEBUG] [x10] Subscribed to publicTrades/RESOLV/USD
18:00:33 [DEBUG] [x10] Subscribed to funding/SUI/USD
18:00:33 [DEBUG] [x10] Subscribed to funding/ZEC/USD
18:00:33 [DEBUG] [x10] Subscribed to publicTrades/ETH/USD
18:00:33 [DEBUG] [x10] Subscribed to funding/NEAR/USD
18:00:33 [DEBUG] [x10] Subscribed to publicTrades/MNT/USD
18:00:33 [DEBUG] [x10] Subscribed to funding/DOT/USD
18:00:33 [DEBUG] [x10] Subscribed to publicTrades/IP/USD
18:00:33 [DEBUG] [x10] Subscribed to funding/ZORA/USD
18:00:33 [DEBUG] [x10] Subscribed to funding/AVAX/USD
18:00:33 [DEBUG] [x10] Subscribed to funding/ASTER/USD
18:00:34 [DEBUG] [x10] Subscribed to funding/BTC/USD
18:00:34 [DEBUG] [x10] Subscribed to funding/XAG/USD
18:00:34 [DEBUG] [x10] Subscribed to publicTrades/BERA/USD
18:00:34 [DEBUG] [x10] Subscribed to publicTrades/S/USD
18:00:34 [INFO] ❄️ Warming up caches (waiting for WS data)... X10=91, Lit=0
18:00:34 [DEBUG] [x10] Subscribed to funding/AAVE/USD
18:00:34 [DEBUG] [x10] Subscribed to funding/MON/USD
18:00:34 [DEBUG] [x10] Subscribed to funding/TRX/USD
18:00:34 [DEBUG] [x10] Subscribed to publicTrades/DOT/USD
18:00:34 [DEBUG] [x10] Subscribed to publicTrades/ZEC/USD
18:00:34 [DEBUG] [x10] Subscribed to funding/TAO/USD
18:00:35 [DEBUG] [x10] Subscribed to funding/S/USD
18:00:35 [DEBUG] [x10] Subscribed to funding/SPX/USD
18:00:35 [DEBUG] [x10] Subscribed to publicTrades/WLD/USD
18:00:35 [DEBUG] [x10] Subscribed to funding/AVNT/USD
18:00:35 [DEBUG] [x10] Subscribed to publicTrades/BCH/USD
18:00:35 [DEBUG] ✅ PUMP-USD: X10=$551,478, Lighter=$0, Total=$551,478
18:00:35 [DEBUG] [x10] Subscribed to funding/FARTCOIN/USD
18:00:35 [DEBUG] [x10] Subscribed to funding/WIF/USD
18:00:35 [DEBUG] [x10] Subscribed to funding/SEI/USD
18:00:35 [DEBUG] [x10] Subscribed to publicTrades/SUI/USD
18:00:35 [DEBUG] [x10] Subscribed to funding/SOL/USD
18:00:36 [DEBUG] [x10] Subscribed to publicTrades/WIF/USD
18:00:36 [DEBUG] [x10] Subscribed to publicTrades/TRUMP/USD
18:00:36 [DEBUG] [x10] Subscribed to funding/LDO/USD
18:00:36 [DEBUG] [x10] Subscribed to funding/JUP/USD
18:00:36 [DEBUG] [x10] Subscribed to publicTrades/GRASS/USD
18:00:36 [DEBUG] [x10] Subscribed to publicTrades/MKR/USD
18:00:36 [DEBUG] [x10] Subscribed to publicTrades/OP/USD
18:00:36 [DEBUG] [x10] Subscribed to publicTrades/LINK/USD
18:00:36 [DEBUG] [x10] Subscribed to publicTrades/ADA/USD
18:00:36 [DEBUG] [x10] Subscribed to funding/LTC/USD
18:00:37 [DEBUG] [x10] Subscribed to publicTrades/MON/USD
18:00:37 [DEBUG] [x10] Subscribed to publicTrades/XRP/USD
18:00:37 [DEBUG] [x10] Subscribed to funding/HYPE/USD
18:00:37 [DEBUG] [x10] Subscribed to funding/TIA/USD
18:00:37 [INFO] ❄️ Warming up caches (waiting for WS data)... X10=91, Lit=0
18:00:37 [DEBUG] [x10] Subscribed to funding/1000SHIB/USD
18:00:37 [DEBUG] [x10] Subscribed to publicTrades/LINEA/USD
18:00:37 [DEBUG] [x10] Subscribed to publicTrades/SEI/USD
18:00:37 [DEBUG] [x10] Subscribed to funding/ONDO/USD
18:00:37 [DEBUG] [x10] Subscribed to publicTrades/FIL/USD
18:00:38 [DEBUG] [x10] Subscribed to funding/UNI/USD
18:00:38 [DEBUG] [x10] Subscribed to publicTrades/AVNT/USD
18:00:38 [DEBUG] [x10] Subscribed to funding/ZRO/USD
18:00:38 [DEBUG] [x10] Subscribed to funding/POPCAT/USD
18:00:38 [DEBUG] [x10] Subscribed to funding/TRUMP/USD
18:00:38 [DEBUG] [x10] Subscribed to publicTrades/PENGU/USD
18:00:38 [DEBUG] [x10] Subscribed to funding/XPL/USD
18:00:38 [DEBUG] [x10] Subscribed to funding/OP/USD
18:00:38 [DEBUG] [x10] Subscribed to funding/LINK/USD
18:00:38 [DEBUG] [x10] Subscribed to funding/MKR/USD
18:00:39 [DEBUG] [x10] Subscribed to funding/BERA/USD
18:00:39 [DEBUG] [x10] Subscribed to publicTrades/EIGEN/USD
18:00:39 [DEBUG] [x10] Subscribed to publicTrades/LDO/USD
18:00:39 [DEBUG] ✅ ARB-USD: X10=$161,231, Lighter=$0, Total=$161,231
18:00:39 [DEBUG] [x10] Subscribed to publicTrades/TRX/USD
18:00:39 [DEBUG] [x10] Subscribed to funding/BNB/USD
18:00:39 [DEBUG] [x10] Subscribed to publicTrades/AAVE/USD
18:00:39 [DEBUG] [x10] Subscribed to publicTrades/XAG/USD
18:00:39 [DEBUG] [x10] Subscribed to funding/EIGEN/USD
18:00:39 [DEBUG] [x10] Subscribed to funding/LINEA/USD
18:00:39 [DEBUG] [x10] Subscribed to funding/1000PEPE/USD
18:00:40 [DEBUG] [x10] Subscribed to publicTrades/SOL/USD
18:00:40 [DEBUG] [x10] Subscribed to publicTrades/TIA/USD
18:00:40 [DEBUG] [x10] Subscribed to funding/VIRTUAL/USD
18:00:40 [DEBUG] [x10] Subscribed to publicTrades/LTC/USD
18:00:40 [DEBUG] [x10] Subscribed to publicTrades/CRV/USD
18:00:40 [DEBUG] 🐕 Watchdog OK: Daten-Alter 3.0s
18:00:40 [INFO] ❄️ Warming up caches (waiting for WS data)... X10=91, Lit=0
18:00:40 [DEBUG] [x10] Subscribed to publicTrades/SPX/USD
18:00:40 [DEBUG] [x10] Subscribed to publicTrades/ENA/USD
18:00:40 [DEBUG] [x10] Subscribed to funding/PENGU/USD
18:00:40 [DEBUG] [x10] Subscribed to publicTrades/1000PEPE/USD
18:00:40 [DEBUG] [x10] Subscribed to publicTrades/STRK/USD
18:00:41 [DEBUG] [x10] Subscribed to funding/KAITO/USD
18:00:41 [DEBUG] [x10] Subscribed to publicTrades/ZRO/USD
18:00:41 [DEBUG] [x10] Subscribed to funding/APEX/USD
18:00:41 [DEBUG] [x10] Subscribed to funding/IP/USD
18:00:41 [DEBUG] [x10] Subscribed to publicTrades/APEX/USD
18:00:41 [DEBUG] [x10] Subscribed to funding/USDJPY/USD
18:00:41 [DEBUG] [x10] Subscribed to publicTrades/JUP/USD
18:00:41 [DEBUG] [x10] Subscribed to publicTrades/1000SHIB/USD
18:00:41 [DEBUG] [x10] Subscribed to publicTrades/APT/USD
18:00:41 [DEBUG] [x10] Subscribed to funding/WLD/USD
18:00:42 [DEBUG] [x10] Subscribed to publicTrades/BTC/USD
18:00:42 [DEBUG] [x10] Subscribed to funding/1000BONK/USD
18:00:42 [DEBUG] [x10] Subscribed to publicTrades/POPCAT/USD
18:00:42 [DEBUG] [x10] Subscribed to funding/APT/USD
18:00:42 [DEBUG] [x10] Subscribed to funding/XRP/USD
18:00:42 [INFO] 🚜 Farm Mode ACTIVE
18:00:42 [DEBUG] Sending GET https://api.starknet.extended.exchange/api/v1/user/balance
18:00:42 [DEBUG] [x10] Subscribed to funding/ARB/USD
18:00:42 [DEBUG] [x10] Subscribed to funding/BCH/USD
18:00:42 [DEBUG] [x10] Subscribed to publicTrades/USDJPY/USD
18:00:42 [DEBUG] [x10] Subscribed to funding/PUMP/USD
18:00:42 [DEBUG] [x10] Subscribed to funding/XAU/USD
18:00:43 [DEBUG] ✅ FARTCOIN-USD: X10=$613,344, Lighter=$0, Total=$613,344
18:00:43 [DEBUG] [x10] Subscribed to publicTrades/1000BONK/USD
18:00:43 [DEBUG] [x10] Subscribed to publicTrades/NEAR/USD
18:00:43 [DEBUG] [x10] Subscribed to funding/MNT/USD
18:00:43 [DEBUG] [x10] Subscribed to funding/DOGE/USD
18:00:43 [DEBUG] [x10] Subscribed to publicTrades/KAITO/USD
18:00:43 [INFO] ❄️ Warming up caches (waiting for WS data)... X10=91, Lit=0
18:00:43 [DEBUG] [x10] Subscribed to publicTrades/PENDLE/USD
18:00:43 [DEBUG] [x10] Subscribed to funding/STRK/USD
18:00:43 [DEBUG] [x10] Subscribed to publicTrades/PUMP/USD
18:00:43 [DEBUG] [x10] Subscribed to publicTrades/XPL/USD
18:00:43 [DEBUG] [x10] Subscribed to funding/RESOLV/USD
18:00:44 [DEBUG] Lighter Balance: Raw=$300.42, Safe=$285.40
18:00:44 [DEBUG] 📊 Lighter Funding Cache refresh (current=0)
18:00:45 [DEBUG] Lighter: Loaded 0 funding rates
18:00:45 [DEBUG] Lighter: Funding Refresh OK, cache=0
18:00:46 [DEBUG] 💓 [lighter] Ping/Pong OK
18:00:46 [INFO] ❄️ Warming up caches (waiting for WS data)... X10=91, Lit=0
18:00:48 [DEBUG] ✅ APEX-USD: X10=$27,317, Lighter=$0, Total=$27,317
18:00:49 [INFO] ❄️ Warming up caches (waiting for WS data)... X10=91, Lit=0
18:00:51 [WARNING] [x10] Connection closed: 1011 Ping timeout
18:00:51 [ERROR] [x10] Send error: received 1011 (internal error) Ping timeout; then sent 1011 (internal error) Ping timeout
18:00:51 [DEBUG] 💓 [x10] App-Ping sent
18:00:51 [INFO] 🔄 [x10] Reconnecting in 1.0s (attempt 1)
18:00:52 [INFO] ❄️ Warming up caches (waiting for WS data)... X10=91, Lit=0
18:00:52 [DEBUG] ✅ PENDLE-USD: X10=$119,203, Lighter=$0, Total=$119,203
18:00:53 [INFO] ✅ [x10] Connected to wss://api.starknet.extended.exchange/stream.extended.exchange/v1/account
18:00:53 [DEBUG] [x10] Subscribed to publicTrades/HYPE/USD
18:00:53 [DEBUG] [x10] Subscribed to funding/PENDLE/USD
18:00:53 [DEBUG] [x10] Subscribed to publicTrades/BNB/USD
18:00:53 [DEBUG] [x10] Subscribed to publicTrades/ONDO/USD
18:00:53 [DEBUG] [x10] Subscribed to funding/ETH/USD
18:00:53 [DEBUG] [x10] Subscribed to publicTrades/TON/USD
18:00:53 [DEBUG] [x10] Subscribed to funding/ADA/USD
18:00:53 [DEBUG] [x10] Subscribed to publicTrades/TAO/USD
18:00:54 [DEBUG] [x10] Subscribed to publicTrades/AVAX/USD
18:00:54 [DEBUG] [x10] Subscribed to funding/ENA/USD
18:00:54 [DEBUG] [x10] Subscribed to publicTrades/FARTCOIN/USD
18:00:54 [DEBUG] [x10] Subscribed to funding/WLFI/USD
18:00:54 [DEBUG] [x10] Subscribed to publicTrades/ARB/USD
18:00:54 [DEBUG] [x10] Subscribed to funding/GRASS/USD
18:00:54 [DEBUG] [x10] Subscribed to publicTrades/XAU/USD
18:00:54 [DEBUG] [x10] Subscribed to publicTrades/UNI/USD
18:00:54 [DEBUG] [x10] Subscribed to funding/TON/USD
18:00:54 [DEBUG] [x10] Subscribed to publicTrades/ZORA/USD
18:00:55 [DEBUG] [x10] Subscribed to publicTrades/EDEN/USD
18:00:55 [DEBUG] [x10] Subscribed to funding/CRV/USD
18:00:55 [DEBUG] [x10] Subscribed to publicTrades/ASTER/USD
18:00:55 [DEBUG] [x10] Subscribed to funding/FIL/USD
18:00:55 [INFO] ❄️ Warming up caches (waiting for WS data)... X10=91, Lit=0
18:00:55 [DEBUG] [x10] Subscribed to publicTrades/WLFI/USD
18:00:55 [DEBUG] [x10] Subscribed to publicTrades/VIRTUAL/USD
18:00:55 [DEBUG] [x10] Subscribed to funding/EDEN/USD
18:00:55 [DEBUG] [x10] Subscribed to publicTrades/DOGE/USD
18:00:55 [DEBUG] [x10] Subscribed to publicTrades/RESOLV/USD
18:00:55 [DEBUG] [x10] Subscribed to funding/SUI/USD
18:00:56 [DEBUG] [x10] Subscribed to funding/ZEC/USD
18:00:56 [DEBUG] [x10] Subscribed to publicTrades/ETH/USD
18:00:56 [DEBUG] [x10] Subscribed to funding/NEAR/USD
18:00:56 [DEBUG] ✅ PENGU-USD: X10=$182,013, Lighter=$0, Total=$182,013
18:00:56 [DEBUG] [x10] Subscribed to publicTrades/MNT/USD
18:00:56 [DEBUG] [x10] Subscribed to funding/DOT/USD
18:00:56 [DEBUG] [x10] Subscribed to publicTrades/IP/USD
18:00:56 [DEBUG] [x10] Subscribed to funding/ZORA/USD
18:00:56 [DEBUG] [x10] Subscribed to funding/AVAX/USD
18:00:56 [DEBUG] [x10] Subscribed to funding/ASTER/USD
18:00:56 [DEBUG] [x10] Subscribed to funding/BTC/USD
18:00:57 [DEBUG] [x10] Subscribed to funding/XAG/USD
18:00:57 [DEBUG] [x10] Subscribed to publicTrades/BERA/USD
18:00:57 [DEBUG] [x10] Subscribed to publicTrades/S/USD
18:00:57 [DEBUG] [x10] Subscribed to funding/AAVE/USD
18:00:57 [DEBUG] [x10] Subscribed to funding/MON/USD
18:00:57 [DEBUG] [x10] Subscribed to funding/TRX/USD
18:00:57 [DEBUG] [x10] Subscribed to publicTrades/DOT/USD
18:00:57 [DEBUG] [x10] Subscribed to publicTrades/ZEC/USD
18:00:57 [DEBUG] [x10] Subscribed to funding/TAO/USD
18:00:57 [DEBUG] [x10] Subscribed to funding/S/USD
18:00:58 [DEBUG] [x10] Subscribed to funding/SPX/USD
18:00:58 [DEBUG] [x10] Subscribed to publicTrades/WLD/USD
18:00:58 [DEBUG] [x10] Subscribed to funding/AVNT/USD
18:00:58 [DEBUG] [x10] Subscribed to publicTrades/BCH/USD
18:00:58 [INFO] ❄️ Warming up caches (waiting for WS data)... X10=91, Lit=0
18:00:58 [DEBUG] [x10] Subscribed to funding/FARTCOIN/USD
18:00:58 [DEBUG] [x10] Subscribed to funding/WIF/USD
18:00:58 [DEBUG] [x10] Subscribed to funding/SEI/USD
18:00:58 [DEBUG] [x10] Subscribed to publicTrades/SUI/USD
18:00:58 [DEBUG] [x10] Subscribed to funding/SOL/USD
18:00:58 [DEBUG] [x10] Subscribed to publicTrades/WIF/USD
18:00:59 [DEBUG] [x10] Subscribed to publicTrades/TRUMP/USD
18:00:59 [DEBUG] [x10] Subscribed to funding/LDO/USD
18:00:59 [DEBUG] [x10] Subscribed to funding/JUP/USD
18:00:59 [DEBUG] [x10] Subscribed to publicTrades/GRASS/USD
18:00:59 [DEBUG] [x10] Subscribed to publicTrades/MKR/USD
18:00:59 [DEBUG] [x10] Subscribed to publicTrades/OP/USD
18:00:59 [DEBUG] [x10] Subscribed to publicTrades/LINK/USD
18:00:59 [DEBUG] [x10] Subscribed to publicTrades/ADA/USD
18:00:59 [DEBUG] [x10] Subscribed to funding/LTC/USD
18:01:00 [DEBUG] [x10] Subscribed to publicTrades/MON/USD
18:01:00 [DEBUG] ✅ BNB-USD: X10=$1,115,371, Lighter=$0, Total=$1,115,371
18:01:00 [DEBUG] [x10] Subscribed to publicTrades/XRP/USD
18:01:00 [DEBUG] [x10] Subscribed to funding/HYPE/USD
18:01:00 [DEBUG] [x10] Subscribed to funding/TIA/USD
18:01:00 [DEBUG] [x10] Subscribed to funding/1000SHIB/USD
18:01:00 [DEBUG] [x10] Subscribed to publicTrades/LINEA/USD
18:01:00 [DEBUG] [x10] Subscribed to publicTrades/SEI/USD
18:01:00 [DEBUG] [x10] Subscribed to funding/ONDO/USD
18:01:00 [DEBUG] [x10] Subscribed to publicTrades/FIL/USD
18:01:00 [DEBUG] [x10] Subscribed to funding/UNI/USD
18:01:01 [DEBUG] [x10] Subscribed to publicTrades/AVNT/USD
18:01:01 [DEBUG] [x10] Subscribed to funding/ZRO/USD
18:01:01 [DEBUG] [x10] Subscribed to funding/POPCAT/USD
18:01:01 [DEBUG] [x10] Subscribed to funding/TRUMP/USD
18:01:01 [DEBUG] [x10] Subscribed to publicTrades/PENGU/USD
18:01:01 [INFO] ❄️ Warming up caches (waiting for WS data)... X10=91, Lit=0
18:01:01 [DEBUG] [x10] Subscribed to funding/XPL/USD
18:01:01 [DEBUG] [x10] Subscribed to funding/OP/USD
18:01:01 [DEBUG] [x10] Subscribed to funding/LINK/USD
18:01:01 [DEBUG] [x10] Subscribed to funding/MKR/USD
18:01:01 [DEBUG] [x10] Subscribed to funding/BERA/USD
18:01:02 [DEBUG] [x10] Subscribed to publicTrades/EIGEN/USD
18:01:02 [DEBUG] [x10] Subscribed to publicTrades/LDO/USD
18:01:02 [DEBUG] [x10] Subscribed to publicTrades/TRX/USD
18:01:02 [DEBUG] [x10] Subscribed to funding/BNB/USD
18:01:02 [DEBUG] [x10] Subscribed to publicTrades/AAVE/USD
18:01:02 [DEBUG] [x10] Subscribed to publicTrades/XAG/USD
18:01:02 [DEBUG] [x10] Subscribed to funding/EIGEN/USD
18:01:02 [DEBUG] [x10] Subscribed to funding/LINEA/USD
18:01:02 [DEBUG] [x10] Subscribed to funding/1000PEPE/USD
18:01:02 [DEBUG] [x10] Subscribed to publicTrades/SOL/USD
18:01:02 [DEBUG] [x10] Subscribed to publicTrades/TIA/USD
18:01:03 [DEBUG] [x10] Subscribed to funding/VIRTUAL/USD
18:01:03 [DEBUG] [x10] Subscribed to publicTrades/LTC/USD
18:01:03 [DEBUG] [x10] Subscribed to publicTrades/CRV/USD
18:01:03 [DEBUG] [x10] Subscribed to publicTrades/SPX/USD
18:01:03 [DEBUG] [x10] Subscribed to publicTrades/ENA/USD
18:01:03 [DEBUG] [x10] Subscribed to funding/PENGU/USD
18:01:03 [DEBUG] [x10] Subscribed to publicTrades/1000PEPE/USD
18:01:03 [DEBUG] [x10] Subscribed to publicTrades/STRK/USD
18:01:03 [DEBUG] ✅ SEI-USD: X10=$87,717, Lighter=$0, Total=$87,717
18:01:03 [DEBUG] [x10] Subscribed to funding/KAITO/USD
18:01:03 [DEBUG] [x10] Subscribed to publicTrades/ZRO/USD
18:01:04 [DEBUG] [x10] Subscribed to funding/APEX/USD
18:01:04 [DEBUG] [x10] Subscribed to funding/IP/USD
18:01:04 [DEBUG] [x10] Subscribed to publicTrades/APEX/USD
18:01:04 [DEBUG] [x10] Subscribed to funding/USDJPY/USD
18:01:04 [DEBUG] [x10] Subscribed to publicTrades/JUP/USD
18:01:04 [INFO] ❄️ Warming up caches (waiting for WS data)... X10=91, Lit=0
18:01:04 [DEBUG] [x10] Subscribed to publicTrades/1000SHIB/USD
18:01:04 [DEBUG] [x10] Subscribed to publicTrades/APT/USD
18:01:04 [DEBUG] [x10] Subscribed to funding/WLD/USD
18:01:04 [DEBUG] [x10] Subscribed to publicTrades/BTC/USD
18:01:04 [DEBUG] [x10] Subscribed to funding/1000BONK/USD
18:01:05 [DEBUG] [x10] Subscribed to publicTrades/POPCAT/USD
18:01:05 [DEBUG] [x10] Subscribed to funding/APT/USD
18:01:05 [DEBUG] [x10] Subscribed to funding/XRP/USD
18:01:05 [DEBUG] [x10] Subscribed to funding/ARB/USD
18:01:05 [DEBUG] [x10] Subscribed to funding/BCH/USD
18:01:05 [DEBUG] [x10] Subscribed to publicTrades/USDJPY/USD
18:01:05 [DEBUG] [x10] Subscribed to funding/PUMP/USD
18:01:05 [DEBUG] [x10] Subscribed to funding/XAU/USD
18:01:05 [DEBUG] [x10] Subscribed to publicTrades/1000BONK/USD
18:01:06 [DEBUG] [x10] Subscribed to publicTrades/NEAR/USD
18:01:06 [DEBUG] [x10] Subscribed to funding/MNT/USD
18:01:06 [DEBUG] [x10] Subscribed to funding/DOGE/USD
18:01:06 [DEBUG] [x10] Subscribed to publicTrades/KAITO/USD
18:01:06 [DEBUG] [x10] Subscribed to publicTrades/PENDLE/USD
18:01:06 [DEBUG] [x10] Subscribed to funding/STRK/USD
18:01:06 [DEBUG] [x10] Subscribed to publicTrades/PUMP/USD
18:01:06 [DEBUG] 💓 [lighter] Ping/Pong OK
18:01:06 [DEBUG] [x10] Subscribed to publicTrades/XPL/USD
18:01:06 [DEBUG] [x10] Subscribed to funding/RESOLV/USD
18:01:07 [INFO] ❄️ Warming up caches (waiting for WS data)... X10=91, Lit=0
18:01:09 [DEBUG] ✅ IP-USD: X10=$278,833, Lighter=$0, Total=$278,833
18:01:10 [DEBUG] 🐕 Watchdog OK: Daten-Alter 3.0s
18:01:10 [INFO] ❄️ Warming up caches (waiting for WS data)... X10=91, Lit=0
18:01:13 [DEBUG] ✅ GRASS-USD: X10=$68,642, Lighter=$0, Total=$68,642
18:01:13 [INFO] ❄️ Warming up caches (waiting for WS data)... X10=91, Lit=0
18:01:14 [INFO] 🚜 Farm Mode ACTIVE
18:01:14 [DEBUG] Sending GET https://api.starknet.extended.exchange/api/v1/user/balance
18:01:14 [WARNING] [x10] Connection closed: 1011 Ping timeout
18:01:14 [ERROR] [x10] Send error: received 1011 (internal error) Ping timeout; then sent 1011 (internal error) Ping timeout
18:01:14 [DEBUG] 💓 [x10] App-Ping sent
18:01:14 [INFO] 🔄 [x10] Reconnecting in 1.0s (attempt 1)
18:01:16 [DEBUG] Lighter Balance: Raw=$300.42, Safe=$285.40
18:01:16 [DEBUG] 📊 X10 Funding Cache refresh (current=91)
18:01:16 [DEBUG] Sending GET https://api.starknet.extended.exchange/api/v1/info/markets?
18:01:16 [INFO] ✅ [x10] Connected to wss://api.starknet.extended.exchange/stream.extended.exchange/v1/account
18:01:16 [DEBUG] [x10] Subscribed to publicTrades/HYPE/USD
18:01:16 [DEBUG] [x10] Subscribed to funding/PENDLE/USD
18:01:16 [INFO] ❄️ Warming up caches (waiting for WS data)... X10=91, Lit=0
18:01:16 [DEBUG] [x10] Subscribed to publicTrades/BNB/USD
18:01:16 [DEBUG] [x10] Subscribed to publicTrades/ONDO/USD
18:01:16 [DEBUG] [x10] Subscribed to funding/ETH/USD
18:01:16 [DEBUG] [x10] Subscribed to publicTrades/TON/USD
18:01:16 [DEBUG] [x10] Subscribed to funding/ADA/USD
18:01:17 [DEBUG] ✅ AVNT-USD: X10=$71,458, Lighter=$0, Total=$71,458
18:01:17 [DEBUG] [x10] Subscribed to publicTrades/TAO/USD
18:01:17 [DEBUG] [x10] Subscribed to publicTrades/AVAX/USD
18:01:17 [DEBUG] [x10] Subscribed to funding/ENA/USD
18:01:17 [DEBUG] [x10] Subscribed to publicTrades/FARTCOIN/USD
18:01:17 [DEBUG] [x10] Subscribed to funding/WLFI/USD
18:01:17 [DEBUG] [x10] Subscribed to publicTrades/ARB/USD
18:01:17 [DEBUG] [x10] Subscribed to funding/GRASS/USD
18:01:17 [DEBUG] [x10] Subscribed to publicTrades/XAU/USD
18:01:17 [DEBUG] [x10] Subscribed to publicTrades/UNI/USD
18:01:17 [DEBUG] [x10] Subscribed to funding/TON/USD
18:01:18 [DEBUG] [x10] Subscribed to publicTrades/ZORA/USD
18:01:18 [DEBUG] [x10] Subscribed to publicTrades/EDEN/USD
18:01:18 [DEBUG] [x10] Subscribed to funding/CRV/USD
18:01:18 [DEBUG] [x10] Subscribed to publicTrades/ASTER/USD
18:01:18 [DEBUG] [x10] Subscribed to funding/FIL/USD
18:01:18 [INFO]  X10: 91 Märkte geladen, 91 Funding Rates, 82 Preise
18:01:18 [DEBUG] X10: Funding Refresh OK, cache=91
18:01:18 [DEBUG] 📊 Lighter Funding Cache refresh (current=0)
18:01:18 [DEBUG] [x10] Subscribed to publicTrades/WLFI/USD
18:01:18 [DEBUG] [x10] Subscribed to publicTrades/VIRTUAL/USD
18:01:18 [DEBUG] Lighter: Loaded 0 funding rates
18:01:18 [DEBUG] Lighter: Funding Refresh OK, cache=0
18:01:18 [DEBUG] [x10] Subscribed to funding/EDEN/USD
18:01:18 [DEBUG] [x10] Subscribed to publicTrades/DOGE/USD
18:01:18 [DEBUG] [x10] Subscribed to publicTrades/RESOLV/USD
18:01:19 [DEBUG] [x10] Subscribed to funding/SUI/USD
18:01:19 [DEBUG] [x10] Subscribed to funding/ZEC/USD
18:01:19 [DEBUG] [x10] Subscribed to publicTrades/ETH/USD
18:01:19 [DEBUG] [x10] Subscribed to funding/NEAR/USD
18:01:19 [DEBUG] [x10] Subscribed to publicTrades/MNT/USD
18:01:19 [INFO] ❄️ Warming up caches (waiting for WS data)... X10=91, Lit=0
18:01:19 [DEBUG] [x10] Subscribed to funding/DOT/USD
18:01:19 [DEBUG] [x10] Subscribed to publicTrades/IP/USD
18:01:19 [DEBUG] [x10] Subscribed to funding/ZORA/USD
18:01:19 [DEBUG] [x10] Subscribed to funding/AVAX/USD
18:01:19 [DEBUG] [x10] Subscribed to funding/ASTER/USD
18:01:20 [DEBUG] [x10] Subscribed to funding/BTC/USD
18:01:20 [DEBUG] [x10] Subscribed to funding/XAG/USD
18:01:20 [DEBUG] [x10] Subscribed to publicTrades/BERA/USD
18:01:20 [DEBUG] [x10] Subscribed to publicTrades/S/USD
18:01:20 [DEBUG] [x10] Subscribed to funding/AAVE/USD
18:01:20 [DEBUG] [x10] Subscribed to funding/MON/USD
18:01:20 [DEBUG] [x10] Subscribed to funding/TRX/USD
18:01:20 [DEBUG] [x10] Subscribed to publicTrades/DOT/USD
18:01:20 [DEBUG] ✅ UNI-USD: X10=$138,115, Lighter=$0, Total=$138,115
18:01:20 [DEBUG] [x10] Subscribed to publicTrades/ZEC/USD
18:01:20 [DEBUG] [x10] Subscribed to funding/TAO/USD
18:01:21 [DEBUG] [x10] Subscribed to funding/S/USD
18:01:21 [DEBUG] [x10] Subscribed to funding/SPX/USD
18:01:21 [DEBUG] [x10] Subscribed to publicTrades/WLD/USD
18:01:21 [DEBUG] [x10] Subscribed to funding/AVNT/USD
18:01:21 [DEBUG] [x10] Subscribed to publicTrades/BCH/USD
18:01:21 [DEBUG] [x10] Subscribed to funding/FARTCOIN/USD
18:01:21 [DEBUG] [x10] Subscribed to funding/WIF/USD
18:01:21 [DEBUG] [x10] Subscribed to funding/SEI/USD
18:01:21 [DEBUG] [x10] Subscribed to publicTrades/SUI/USD
18:01:21 [DEBUG] [x10] Subscribed to funding/SOL/USD
18:01:21 [DEBUG] [x10] Subscribed to publicTrades/WIF/USD
18:01:22 [DEBUG] [x10] Subscribed to publicTrades/TRUMP/USD
18:01:22 [DEBUG] [x10] Subscribed to funding/LDO/USD
18:01:22 [DEBUG] [x10] Subscribed to funding/JUP/USD
18:01:22 [DEBUG] [x10] Subscribed to publicTrades/GRASS/USD
18:01:22 [INFO] ❄️ Warming up caches (waiting for WS data)... X10=91, Lit=0
18:01:22 [DEBUG] [x10] Subscribed to publicTrades/MKR/USD
18:01:22 [DEBUG] [x10] Subscribed to publicTrades/OP/USD
18:01:22 [DEBUG] [x10] Subscribed to publicTrades/LINK/USD
18:01:22 [DEBUG] [x10] Subscribed to publicTrades/ADA/USD
18:01:22 [DEBUG] [x10] Subscribed to funding/LTC/USD
18:01:22 [DEBUG] [x10] Subscribed to publicTrades/MON/USD
18:01:23 [DEBUG] [x10] Subscribed to publicTrades/XRP/USD
18:01:23 [DEBUG] [x10] Subscribed to funding/HYPE/USD
18:01:23 [DEBUG] [x10] Subscribed to funding/TIA/USD
18:01:23 [DEBUG] [x10] Subscribed to funding/1000SHIB/USD
18:01:23 [DEBUG] [x10] Subscribed to publicTrades/LINEA/USD
18:01:23 [DEBUG] [x10] Subscribed to publicTrades/SEI/USD
18:01:23 [DEBUG] [x10] Subscribed to funding/ONDO/USD
18:01:23 [DEBUG] [x10] Subscribed to publicTrades/FIL/USD
18:01:23 [DEBUG] [x10] Subscribed to funding/UNI/USD
18:01:23 [DEBUG] [x10] Subscribed to publicTrades/AVNT/USD
18:01:24 [DEBUG] [x10] Subscribed to funding/ZRO/USD
18:01:24 [DEBUG] [x10] Subscribed to funding/POPCAT/USD
18:01:24 [DEBUG] [x10] Subscribed to funding/TRUMP/USD
18:01:24 [DEBUG] [x10] Subscribed to publicTrades/PENGU/USD
18:01:24 [DEBUG] [x10] Subscribed to funding/XPL/USD
18:01:24 [DEBUG] ⚠️ FIL-USD: No OI data available
18:01:24 [DEBUG] [x10] Subscribed to funding/OP/USD
18:01:24 [DEBUG] [x10] Subscribed to funding/LINK/USD
18:01:24 [DEBUG] [x10] Subscribed to funding/MKR/USD
18:01:24 [DEBUG] [x10] Subscribed to funding/BERA/USD
18:01:24 [DEBUG] [x10] Subscribed to publicTrades/EIGEN/USD
18:01:25 [DEBUG] [x10] Subscribed to publicTrades/LDO/USD
18:01:25 [DEBUG] [x10] Subscribed to publicTrades/TRX/USD
18:01:25 [DEBUG] [x10] Subscribed to funding/BNB/USD
18:01:25 [DEBUG] [x10] Subscribed to publicTrades/AAVE/USD
18:01:25 [INFO] ❄️ Warming up caches (waiting for WS data)... X10=91, Lit=0
18:01:25 [DEBUG] [x10] Subscribed to publicTrades/XAG/USD
18:01:25 [DEBUG] [x10] Subscribed to funding/EIGEN/USD
18:01:25 [DEBUG] [x10] Subscribed to funding/LINEA/USD
18:01:25 [DEBUG] [x10] Subscribed to funding/1000PEPE/USD
18:01:25 [DEBUG] [x10] Subscribed to publicTrades/SOL/USD
18:01:25 [DEBUG] [x10] Subscribed to publicTrades/TIA/USD
18:01:26 [DEBUG] [x10] Subscribed to funding/VIRTUAL/USD
18:01:26 [DEBUG] [x10] Subscribed to publicTrades/LTC/USD
18:01:26 [DEBUG] [x10] Subscribed to publicTrades/CRV/USD
18:01:26 [DEBUG] [x10] Subscribed to publicTrades/SPX/USD
18:01:26 [DEBUG] [x10] Subscribed to publicTrades/ENA/USD
18:01:26 [DEBUG] [x10] Subscribed to funding/PENGU/USD
18:01:26 [DEBUG] [x10] Subscribed to publicTrades/1000PEPE/USD
18:01:26 [DEBUG] [x10] Subscribed to publicTrades/STRK/USD
18:01:26 [DEBUG] [x10] Subscribed to funding/KAITO/USD
18:01:26 [DEBUG] 💓 [lighter] Ping/Pong OK
18:01:26 [DEBUG] [x10] Subscribed to publicTrades/ZRO/USD
18:01:27 [DEBUG] [x10] Subscribed to funding/APEX/USD
18:01:27 [DEBUG] [x10] Subscribed to funding/IP/USD
18:01:27 [DEBUG] [x10] Subscribed to publicTrades/APEX/USD
18:01:27 [DEBUG] [x10] Subscribed to funding/USDJPY/USD
18:01:27 [DEBUG] [x10] Subscribed to publicTrades/JUP/USD
18:01:27 [DEBUG] [x10] Subscribed to publicTrades/1000SHIB/USD
18:01:27 [DEBUG] [x10] Subscribed to publicTrades/APT/USD
18:01:27 [DEBUG] [x10] Subscribed to funding/WLD/USD
18:01:27 [DEBUG] [x10] Subscribed to publicTrades/BTC/USD
18:01:28 [DEBUG] [x10] Subscribed to funding/1000BONK/USD
18:01:28 [DEBUG] [x10] Subscribed to publicTrades/POPCAT/USD
18:01:28 [DEBUG] [x10] Subscribed to funding/APT/USD
18:01:28 [DEBUG] [x10] Subscribed to funding/XRP/USD
18:01:28 [DEBUG] [x10] Subscribed to funding/ARB/USD
18:01:28 [INFO] ❄️ Warming up caches (waiting for WS data)... X10=91, Lit=0
18:01:28 [DEBUG] [x10] Subscribed to funding/BCH/USD
18:01:28 [DEBUG] [x10] Subscribed to publicTrades/USDJPY/USD
18:01:28 [DEBUG] [x10] Subscribed to funding/PUMP/USD
18:01:28 [DEBUG] [x10] Subscribed to funding/XAU/USD
18:01:28 [DEBUG] [x10] Subscribed to publicTrades/1000BONK/USD
18:01:29 [DEBUG] [x10] Subscribed to publicTrades/NEAR/USD
18:01:29 [DEBUG] [x10] Subscribed to funding/MNT/USD
18:01:29 [DEBUG] [x10] Subscribed to funding/DOGE/USD
18:01:29 [DEBUG] [x10] Subscribed to publicTrades/KAITO/USD
18:01:29 [DEBUG] [x10] Subscribed to publicTrades/PENDLE/USD
18:01:29 [DEBUG] [x10] Subscribed to funding/STRK/USD
18:01:29 [DEBUG] [x10] Subscribed to publicTrades/PUMP/USD
18:01:29 [DEBUG] [x10] Subscribed to publicTrades/XPL/USD
18:01:29 [DEBUG] [x10] Subscribed to funding/RESOLV/USD
18:01:30 [DEBUG] ✅ OP-USD: X10=$314,521, Lighter=$0, Total=$314,521
18:01:31 [INFO] ❄️ Warming up caches (waiting for WS data)... X10=91, Lit=0
18:01:34 [DEBUG] ✅ XPL-USD: X10=$166,575, Lighter=$0, Total=$166,575
18:01:34 [INFO] ❄️ Warming up caches (waiting for WS data)... X10=91, Lit=0
18:01:37 [WARNING] [x10] Connection closed: 1011 Ping timeout
18:01:37 [ERROR] [x10] Send error: received 1011 (internal error) Ping timeout; then sent 1011 (internal error) Ping timeout
18:01:37 [DEBUG] 💓 [x10] App-Ping sent
18:01:37 [INFO] 🔄 [x10] Reconnecting in 1.0s (attempt 1)
18:01:37 [INFO] ❄️ Warming up caches (waiting for WS data)... X10=91, Lit=0
18:01:37 [DEBUG] ✅ TAO-USD: X10=$220,309, Lighter=$0, Total=$220,309
18:01:39 [INFO] ✅ [x10] Connected to wss://api.starknet.extended.exchange/stream.extended.exchange/v1/account
18:01:39 [DEBUG] [x10] Subscribed to publicTrades/HYPE/USD
18:01:39 [DEBUG] [x10] Subscribed to funding/PENDLE/USD
18:01:39 [DEBUG] [x10] Subscribed to publicTrades/BNB/USD
18:01:39 [DEBUG] [x10] Subscribed to publicTrades/ONDO/USD
18:01:39 [DEBUG] [x10] Subscribed to funding/ETH/USD
18:01:39 [DEBUG] [x10] Subscribed to publicTrades/TON/USD
18:01:39 [DEBUG] [x10] Subscribed to funding/ADA/USD
18:01:40 [DEBUG] [x10] Subscribed to publicTrades/TAO/USD
18:01:40 [DEBUG] [x10] Subscribed to publicTrades/AVAX/USD
18:01:40 [DEBUG] [x10] Subscribed to funding/ENA/USD
18:01:40 [DEBUG] [x10] Subscribed to publicTrades/FARTCOIN/USD
18:01:40 [DEBUG] 🐕 Watchdog OK: Daten-Alter 3.0s
18:01:40 [INFO] ❄️ Warming up caches (waiting for WS data)... X10=91, Lit=0
18:01:40 [DEBUG] [x10] Subscribed to funding/WLFI/USD
18:01:40 [DEBUG] [x10] Subscribed to publicTrades/ARB/USD
18:01:40 [DEBUG] [x10] Subscribed to funding/GRASS/USD
18:01:40 [DEBUG] [x10] Subscribed to publicTrades/XAU/USD
18:01:40 [DEBUG] [x10] Subscribed to publicTrades/UNI/USD
18:01:40 [DEBUG] [x10] Subscribed to funding/TON/USD
18:01:41 [DEBUG] [x10] Subscribed to publicTrades/ZORA/USD
18:01:41 [DEBUG] [x10] Subscribed to publicTrades/EDEN/USD
18:01:41 [DEBUG] [x10] Subscribed to funding/CRV/USD
18:01:41 [DEBUG] [x10] Subscribed to publicTrades/ASTER/USD
18:01:41 [DEBUG] [x10] Subscribed to funding/FIL/USD
18:01:41 [DEBUG] ✅ RESOLV-USD: X10=$241,552, Lighter=$0, Total=$241,552
18:01:41 [DEBUG] [x10] Subscribed to publicTrades/WLFI/USD
18:01:41 [DEBUG] [x10] Subscribed to publicTrades/VIRTUAL/USD
18:01:41 [DEBUG] [x10] Subscribed to funding/EDEN/USD
18:01:41 [DEBUG] [x10] Subscribed to publicTrades/DOGE/USD
18:01:41 [DEBUG] [x10] Subscribed to publicTrades/RESOLV/USD
18:01:42 [DEBUG] [x10] Subscribed to funding/SUI/USD
18:01:42 [DEBUG] [x10] Subscribed to funding/ZEC/USD
18:01:42 [DEBUG] [x10] Subscribed to publicTrades/ETH/USD
18:01:42 [DEBUG] [x10] Subscribed to funding/NEAR/USD
18:01:42 [DEBUG] [x10] Subscribed to publicTrades/MNT/USD
18:01:42 [DEBUG] [x10] Subscribed to funding/DOT/USD
18:01:42 [DEBUG] [x10] Subscribed to publicTrades/IP/USD
18:01:42 [DEBUG] [x10] Subscribed to funding/ZORA/USD
18:01:42 [DEBUG] [x10] Subscribed to funding/AVAX/USD
18:01:42 [DEBUG] [x10] Subscribed to funding/ASTER/USD
18:01:43 [DEBUG] [x10] Subscribed to funding/BTC/USD
18:01:43 [DEBUG] [x10] Subscribed to funding/XAG/USD
18:01:43 [DEBUG] [x10] Subscribed to publicTrades/BERA/USD
18:01:43 [DEBUG] [x10] Subscribed to publicTrades/S/USD
18:01:43 [INFO] ❄️ Warming up caches (waiting for WS data)... X10=91, Lit=0
18:01:43 [DEBUG] [x10] Subscribed to funding/AAVE/USD
18:01:43 [DEBUG] [x10] Subscribed to funding/MON/USD
18:01:43 [DEBUG] [x10] Subscribed to funding/TRX/USD
18:01:43 [DEBUG] [x10] Subscribed to publicTrades/DOT/USD
18:01:43 [DEBUG] [x10] Subscribed to publicTrades/ZEC/USD
18:01:43 [DEBUG] [x10] Subscribed to funding/TAO/USD
18:01:44 [DEBUG] [x10] Subscribed to funding/S/USD
18:01:44 [DEBUG] [x10] Subscribed to funding/SPX/USD
18:01:44 [DEBUG] [x10] Subscribed to publicTrades/WLD/USD
18:01:44 [DEBUG] [x10] Subscribed to funding/AVNT/USD
18:01:44 [DEBUG] [x10] Subscribed to publicTrades/BCH/USD
18:01:44 [DEBUG] [x10] Subscribed to funding/FARTCOIN/USD
18:01:44 [DEBUG] [x10] Subscribed to funding/WIF/USD
18:01:44 [DEBUG] [x10] Subscribed to funding/SEI/USD
18:01:44 [DEBUG] [x10] Subscribed to publicTrades/SUI/USD
18:01:44 [DEBUG] [x10] Subscribed to funding/SOL/USD
18:01:45 [DEBUG] [x10] Subscribed to publicTrades/WIF/USD
18:01:45 [DEBUG] [x10] Subscribed to publicTrades/TRUMP/USD
18:01:45 [DEBUG] [x10] Subscribed to funding/LDO/USD
18:01:45 [DEBUG] ⚠️ BCH-USD: No OI data available
18:01:45 [DEBUG] [x10] Subscribed to funding/JUP/USD
18:01:45 [DEBUG] [x10] Subscribed to publicTrades/GRASS/USD
18:01:45 [DEBUG] [x10] Subscribed to publicTrades/MKR/USD
18:01:45 [DEBUG] [x10] Subscribed to publicTrades/OP/USD
18:01:45 [DEBUG] [x10] Subscribed to publicTrades/LINK/USD
18:01:45 [DEBUG] [x10] Subscribed to publicTrades/ADA/USD
18:01:45 [DEBUG] [x10] Subscribed to funding/LTC/USD
18:01:46 [INFO] 🚜 Farm Mode ACTIVE
18:01:46 [DEBUG] Sending GET https://api.starknet.extended.exchange/api/v1/user/balance
18:01:46 [DEBUG] [x10] Subscribed to publicTrades/MON/USD
18:01:46 [DEBUG] [x10] Subscribed to publicTrades/XRP/USD
18:01:46 [DEBUG] [x10] Subscribed to funding/HYPE/USD
18:01:46 [DEBUG] [x10] Subscribed to funding/TIA/USD
18:01:46 [INFO] ❄️ Warming up caches (waiting for WS data)... X10=91, Lit=0
18:01:46 [DEBUG] [x10] Subscribed to funding/1000SHIB/USD
18:01:46 [DEBUG] [x10] Subscribed to publicTrades/LINEA/USD
18:01:46 [DEBUG] [x10] Subscribed to publicTrades/SEI/USD
18:01:46 [DEBUG] [x10] Subscribed to funding/ONDO/USD
18:01:46 [DEBUG] [x10] Subscribed to publicTrades/FIL/USD
18:01:46 [DEBUG] [x10] Subscribed to funding/UNI/USD
18:01:47 [DEBUG] [x10] Subscribed to publicTrades/AVNT/USD
18:01:47 [DEBUG] [x10] Subscribed to funding/ZRO/USD
18:01:47 [DEBUG] 💓 [lighter] Ping/Pong OK
18:01:47 [DEBUG] [x10] Subscribed to funding/POPCAT/USD
18:01:47 [DEBUG] [x10] Subscribed to funding/TRUMP/USD
18:01:47 [DEBUG] [x10] Subscribed to publicTrades/PENGU/USD
18:01:47 [DEBUG] [x10] Subscribed to funding/XPL/USD
18:01:47 [DEBUG] [x10] Subscribed to funding/OP/USD
18:01:47 [DEBUG] [x10] Subscribed to funding/LINK/USD
18:01:47 [DEBUG] Lighter Balance: Raw=$300.42, Safe=$285.40
18:01:47 [DEBUG] [x10] Subscribed to funding/MKR/USD
18:01:47 [DEBUG] [x10] Subscribed to funding/BERA/USD
18:01:48 [DEBUG] [x10] Subscribed to publicTrades/EIGEN/USD
18:01:48 [DEBUG] [x10] Subscribed to publicTrades/LDO/USD
18:01:48 [DEBUG] [x10] Subscribed to publicTrades/TRX/USD
18:01:48 [DEBUG] [x10] Subscribed to funding/BNB/USD
18:01:48 [DEBUG] [x10] Subscribed to publicTrades/AAVE/USD
18:01:48 [DEBUG] [x10] Subscribed to publicTrades/XAG/USD
18:01:48 [DEBUG] [x10] Subscribed to funding/EIGEN/USD
18:01:48 [DEBUG] [x10] Subscribed to funding/LINEA/USD
18:01:48 [DEBUG] [x10] Subscribed to funding/1000PEPE/USD
18:01:49 [DEBUG] [x10] Subscribed to publicTrades/SOL/USD
18:01:49 [DEBUG] [x10] Subscribed to publicTrades/TIA/USD
18:01:49 [DEBUG] [x10] Subscribed to funding/VIRTUAL/USD
18:01:49 [DEBUG] [x10] Subscribed to publicTrades/LTC/USD
18:01:49 [DEBUG] [x10] Subscribed to publicTrades/CRV/USD
18:01:49 [INFO] ❄️ Warming up caches (waiting for WS data)... X10=91, Lit=0
18:01:49 [DEBUG] [x10] Subscribed to publicTrades/SPX/USD
18:01:49 [DEBUG] [x10] Subscribed to publicTrades/ENA/USD
18:01:49 [DEBUG] [x10] Subscribed to funding/PENGU/USD
18:01:49 [DEBUG] 📊 Lighter Funding Cache refresh (current=0)
18:01:49 [DEBUG] [x10] Subscribed to publicTrades/1000PEPE/USD
18:01:49 [DEBUG] [x10] Subscribed to publicTrades/STRK/USD
18:01:49 [DEBUG] Lighter: Loaded 0 funding rates
18:01:49 [DEBUG] Lighter: Funding Refresh OK, cache=0
18:01:50 [DEBUG] [x10] Subscribed to funding/KAITO/USD
18:01:50 [DEBUG] [x10] Subscribed to publicTrades/ZRO/USD
18:01:50 [DEBUG] [x10] Subscribed to funding/APEX/USD
18:01:50 [DEBUG] [x10] Subscribed to funding/IP/USD
18:01:50 [DEBUG] [x10] Subscribed to publicTrades/APEX/USD
18:01:50 [DEBUG] [x10] Subscribed to funding/USDJPY/USD
18:01:50 [DEBUG] [x10] Subscribed to publicTrades/JUP/USD
18:01:50 [DEBUG] [x10] Subscribed to publicTrades/1000SHIB/USD
18:01:50 [DEBUG] [x10] Subscribed to publicTrades/APT/USD
18:01:50 [DEBUG] [x10] Subscribed to funding/WLD/USD
18:01:51 [DEBUG] ✅ POPCAT-USD: X10=$149,607, Lighter=$0, Total=$149,607
18:01:51 [DEBUG] [x10] Subscribed to publicTrades/BTC/USD
18:01:51 [DEBUG] [x10] Subscribed to funding/1000BONK/USD
18:01:51 [DEBUG] [x10] Subscribed to publicTrades/POPCAT/USD
18:01:51 [DEBUG] [x10] Subscribed to funding/APT/USD
18:01:51 [DEBUG] [x10] Subscribed to funding/XRP/USD
18:01:51 [DEBUG] [x10] Subscribed to funding/ARB/USD
18:01:51 [DEBUG] [x10] Subscribed to funding/BCH/USD
18:01:51 [DEBUG] [x10] Subscribed to publicTrades/USDJPY/USD
18:01:51 [DEBUG] [x10] Subscribed to funding/PUMP/USD
18:01:52 [DEBUG] [x10] Subscribed to funding/XAU/USD
18:01:52 [DEBUG] [x10] Subscribed to publicTrades/1000BONK/USD
18:01:52 [DEBUG] [x10] Subscribed to publicTrades/NEAR/USD
18:01:52 [DEBUG] [x10] Subscribed to funding/MNT/USD
18:01:52 [DEBUG] [x10] Subscribed to funding/DOGE/USD
18:01:52 [INFO] ❄️ Warming up caches (waiting for WS data)... X10=91, Lit=0
18:01:52 [DEBUG] [x10] Subscribed to publicTrades/KAITO/USD
18:01:52 [DEBUG] [x10] Subscribed to publicTrades/PENDLE/USD
18:01:52 [DEBUG] [x10] Subscribed to funding/STRK/USD
18:01:52 [DEBUG] [x10] Subscribed to publicTrades/PUMP/USD
18:01:52 [DEBUG] [x10] Subscribed to publicTrades/XPL/USD
18:01:52 [DEBUG] [x10] Subscribed to funding/RESOLV/USD
18:01:54 [DEBUG] ⚠️ DOT-USD: No OI data available
18:01:55 [INFO] ❄️ Warming up caches (waiting for WS data)... X10=91, Lit=0
18:01:57 [WARNING] 🛑 Received SIGINT, initiating graceful shutdown...
18:01:57 [INFO] 🛑 Shutting down...
18:01:57 [INFO] 🛑 Initiating graceful shutdown...
18:01:57 [INFO] 🔍 Supervisor loop stopped
18:01:57 [INFO] 🛑 Cancelling logic_loop...
18:01:57 [INFO] 🛑 Cancelling farm_loop...
18:01:57 [INFO] 🛑 Cancelling maintenance_loop...
18:01:57 [INFO] 🛑 Cancelling cleanup_finished_tasks...
18:01:57 [INFO] 🛑 Cancelling health_reporter...
18:01:57 [INFO] 🛑 Cancelling connection_watchdog...
18:01:57 [INFO] Logic loop cancelled
18:01:57 [INFO] Connection watchdog cancelled
18:01:57 [INFO] ✅ All tasks stopped
18:01:57 [INFO] 🛑 Rollback processor: Shutdown signal received
18:01:57 [INFO] ✅ ParallelExecutionManager: Stopped
18:01:57 [INFO] 🔌 [lighter] WebSocket stopped
18:01:58 [DEBUG] ✅ EIGEN-USD: X10=$124,937, Lighter=$0, Total=$124,937
18:02:00 [WARNING] 🛑 Received SIGINT, initiating graceful shutdown...
18:02:00 [INFO] 🔌 [x10] WebSocket stopped
18:02:00 [INFO] ✅ WebSocketManager stopped
18:02:00 [INFO] ✅ OpenInterestTracker stopped
18:02:00 [INFO] 🛑 Stopping InMemoryStateManager...
18:02:00 [INFO] 📝 State writer loop stopped
18:02:00 [INFO] ✅ InMemoryStateManager stopped
18:02:00 [INFO] 🔒 Closing database...
18:02:00 [INFO] 🖊️ Database write loop stopped
18:02:00 [INFO] ✅ Database closed
18:02:00 [INFO] ✅ X10 Adapter geschlossen.
18:02:00 [INFO] ✅ Lighter Adapter closed
18:02:00 [INFO] ✅ Bot V5 shutdown complete
