21:12:26 [INFO]  CONFIG VALIDIERUNG abgeschlossen.
21:12:26 [INFO] 🔥 BOT V5 (Architected) STARTING...
21:12:26 [INFO] 🚀 Starting InMemoryStateManager...
21:12:26 [INFO] 📂 Initializing database: data/trades.db
21:12:26 [INFO] ✅ Read pool created: 5 connections
21:12:26 [INFO] ✅ WAL mode enabled
21:12:26 [INFO] 🔄 Running database migrations...
21:12:26 [INFO] ✅ Migrations complete (11 statements)
21:12:26 [INFO] ✅ Database initialized
21:12:26 [INFO] 🖊️ Database write loop started
21:12:26 [INFO] 📂 Loaded 0 trades from database
21:12:26 [INFO] ✅ InMemoryStateManager started (loaded 0 trades)
21:12:26 [INFO] ✅ State Manager started
21:12:26 [INFO]  Telegram Bot disabled (Token/ChatID missing).
21:12:26 [INFO] ✅ Async database initialized
21:12:26 [INFO] 📝 State writer loop started
21:12:26 [DEBUG] ✅ Database schema up to date
21:12:26 [INFO] Initialisiere X10 Adapter...
21:12:26 [INFO]  X10 Account initialisiert.
21:12:26 [INFO] Initialisiere Lighter Adapter...
21:12:26 [INFO] 📊 Loading Market Data via REST...
21:12:26 [DEBUG] Sending GET https://api.starknet.extended.exchange/api/v1/info/markets?
21:12:26 [INFO] ⚙️ Lighter: Loading markets...
21:12:26 [DEBUG] Starting new HTTPS connection (1): mainnet.zklighter.elliot.ai:443
21:12:27 [DEBUG] https://mainnet.zklighter.elliot.ai:443 "GET /api/v1/nextNonce?account_index=60113&api_key_index=3 HTTP/1.1" 200 25
21:12:30 [INFO]  X10: 91 Märkte geladen, 91 Funding Rates, 78 Preise
21:13:24 [INFO] ✅ Lighter: 118/118 markets loaded (100.0%)
21:13:24 [INFO] ✅ Markets loaded: X10=91, Lighter=118
21:13:24 [INFO] FundingPredictorV2 initialized with BTC Correlation
21:13:24 [INFO] 启动 OI Tracker für 70 Symbole...
21:13:24 [INFO] ✅ OpenInterestTracker started (interval=30.0s)
21:13:24 [INFO] 🌐 Starting WebSocket Manager...
21:13:24 [INFO] 📊 OI Tracker: Starting cycle 1 (70 symbols)
21:13:24 [INFO] 🔌 [lighter] WebSocket manager started
21:13:24 [INFO] 🔌 [x10] WebSocket manager started
21:13:24 [INFO] ✅ WebSocketManager started
21:13:25 [DEBUG] ✅ UNI-USD: X10=$215,064, Lighter=$484,842, Total=$699,906
21:13:25 [INFO] ✅ [lighter] Connected to wss://mainnet.zklighter.elliot.ai/stream
21:13:25 [DEBUG] [lighter] Subscribed to order_book/3
21:13:25 [DEBUG] [lighter] Subscribed to order_book/1
21:13:25 [DEBUG] [lighter] Subscribed to trade/1
21:13:25 [DEBUG] [lighter] Subscribed to order_book/11
21:13:25 [DEBUG] [lighter] Subscribed to trade/11
21:13:25 [DEBUG] [lighter] Subscribed to order_book/60
21:13:25 [DEBUG] [lighter] Subscribed to trade/60
21:13:25 [INFO] ✅ [x10] Connected to wss://api.starknet.extended.exchange/stream.extended.exchange/v1/account
21:13:25 [DEBUG] [lighter] Subscribed to order_book/58
21:13:25 [DEBUG] [lighter] Subscribed to trade/58
21:13:25 [DEBUG] [lighter] Subscribed to order_book/18
21:13:25 [DEBUG] [lighter] Subscribed to trade/18
21:13:25 [DEBUG] [lighter] Subscribed to order_book/15
21:13:25 [DEBUG] [lighter] Subscribed to trade/15
21:13:25 [DEBUG] [lighter] Subscribed to order_book/12
21:13:25 [DEBUG] [lighter] Subscribed to order_book/94
21:13:25 [DEBUG] [lighter] Subscribed to trade/94
21:13:26 [DEBUG] [lighter] Subscribed to order_book/86
21:13:26 [DEBUG] [lighter] Subscribed to trade/86
21:13:26 [DEBUG] [lighter] Subscribed to order_book/31
21:13:26 [DEBUG] [lighter] Subscribed to trade/31
21:13:26 [DEBUG] [lighter] Subscribed to trade/47
21:13:26 [DEBUG] [lighter] Subscribed to order_book/27
21:13:26 [DEBUG] [lighter] Subscribed to trade/27
21:13:26 [DEBUG] [lighter] Subscribed to order_book/92
21:13:26 [DEBUG] [lighter] Subscribed to trade/92
21:13:26 [DEBUG] [lighter] Subscribed to order_book/37
21:13:26 [DEBUG] [lighter] Subscribed to trade/37
21:13:26 [DEBUG] [lighter] Subscribed to order_book/24
21:13:26 [DEBUG] [lighter] Subscribed to trade/24
21:13:26 [DEBUG] [lighter] Subscribed to trade/71
21:13:26 [DEBUG] [lighter] Subscribed to order_book/49
21:13:26 [DEBUG] [lighter] Subscribed to trade/49
21:13:26 [DEBUG] [lighter] Subscribed to order_book/91
21:13:26 [DEBUG] [lighter] Subscribed to trade/91
21:13:26 [DEBUG] [lighter] Subscribed to order_book/90
21:13:26 [DEBUG] [lighter] Subscribed to trade/90
21:13:26 [DEBUG] [lighter] Subscribed to trade/5
21:13:26 [DEBUG] [lighter] Subscribed to order_book/8
21:13:26 [DEBUG] [lighter] Subscribed to trade/8
21:13:26 [DEBUG] [lighter] Subscribed to order_book/104
21:13:26 [DEBUG] [lighter] Subscribed to trade/104
21:13:26 [DEBUG] [lighter] Subscribed to order_book/89
21:13:26 [DEBUG] [lighter] Subscribed to trade/89
21:13:26 [DEBUG] [lighter] Subscribed to order_book/40
21:13:26 [DEBUG] [lighter] Subscribed to trade/40
21:13:26 [DEBUG] [lighter] Subscribed to trade/12
21:13:26 [DEBUG] [lighter] Subscribed to order_book/2
21:13:26 [DEBUG] [lighter] Subscribed to trade/2
21:13:26 [DEBUG] [lighter] Subscribed to order_book/65
21:13:26 [DEBUG] [lighter] Subscribed to trade/65
21:13:26 [DEBUG] [lighter] Subscribed to order_book/35
21:13:26 [DEBUG] [lighter] Subscribed to trade/35
21:13:26 [DEBUG] [lighter] Subscribed to trade/53
21:13:26 [DEBUG] [lighter] Subscribed to order_book/76
21:13:26 [DEBUG] [lighter] Subscribed to trade/76
21:13:26 [DEBUG] [lighter] Subscribed to order_book/63
21:13:26 [DEBUG] [lighter] Subscribed to trade/63
21:13:26 [DEBUG] [lighter] Subscribed to order_book/42
21:13:26 [DEBUG] [lighter] Subscribed to trade/42
21:13:26 [DEBUG] [lighter] Subscribed to trade/98
21:13:26 [DEBUG] [lighter] Subscribed to order_book/26
21:13:26 [DEBUG] [lighter] Subscribed to trade/26
21:13:26 [DEBUG] [lighter] Subscribed to order_book/83
21:13:26 [DEBUG] [lighter] Subscribed to trade/83
21:13:26 [DEBUG] [lighter] Subscribed to order_book/30
21:13:26 [DEBUG] [lighter] Subscribed to trade/30
21:13:26 [DEBUG] [lighter] Subscribed to order_book/55
21:13:26 [DEBUG] [lighter] Subscribed to trade/55
21:13:26 [DEBUG] [lighter] Subscribed to order_book/32
21:13:26 [DEBUG] [lighter] Subscribed to order_book/9
21:13:26 [DEBUG] [lighter] Subscribed to trade/9
21:13:26 [DEBUG] [x10] Subscribed to publicTrades/USDJPY/USD
21:13:26 [DEBUG] [x10] Subscribed to funding/USDJPY/USD
21:13:26 [DEBUG] [lighter] Subscribed to trade/45
21:13:26 [DEBUG] [x10] Subscribed to publicTrades/KAITO/USD
21:13:26 [DEBUG] [x10] Subscribed to funding/KAITO/USD
21:13:26 [DEBUG] [x10] Subscribed to publicTrades/TAO/USD
21:13:26 [DEBUG] [x10] Subscribed to funding/TAO/USD
21:13:26 [DEBUG] [x10] Subscribed to publicTrades/ENA/USD
21:13:26 [DEBUG] [x10] Subscribed to funding/ENA/USD
21:13:26 [DEBUG] [lighter] Subscribed to trade/23
21:13:26 [DEBUG] [x10] Subscribed to publicTrades/ZORA/USD
21:13:26 [DEBUG] [x10] Subscribed to funding/ZORA/USD
21:13:26 [DEBUG] [x10] Subscribed to publicTrades/XRP/USD
21:13:26 [DEBUG] [x10] Subscribed to funding/XRP/USD
21:13:26 [DEBUG] [lighter] Subscribed to trade/38
21:13:27 [DEBUG] [x10] Subscribed to publicTrades/SEI/USD
21:13:27 [DEBUG] [x10] Subscribed to funding/SEI/USD
21:13:27 [DEBUG] [lighter] Subscribed to order_book/33
21:13:27 [DEBUG] [x10] Subscribed to publicTrades/WLD/USD
21:13:27 [DEBUG] [x10] Subscribed to funding/WLD/USD
21:13:27 [DEBUG] [x10] Subscribed to publicTrades/FIL/USD
21:13:27 [DEBUG] [x10] Subscribed to funding/FIL/USD
21:13:27 [DEBUG] [lighter] Subscribed to order_book/93
21:13:27 [DEBUG] [x10] Subscribed to publicTrades/1000SHIB/USD
21:13:27 [DEBUG] [x10] Subscribed to funding/1000SHIB/USD
21:13:27 [DEBUG] [lighter] Subscribed to trade/13
21:13:27 [DEBUG] [x10] Subscribed to publicTrades/ETH/USD
21:13:27 [DEBUG] [x10] Subscribed to funding/ETH/USD
21:13:27 [DEBUG] [x10] Subscribed to publicTrades/PENGU/USD
21:13:27 [DEBUG] [x10] Subscribed to funding/PENGU/USD
21:13:27 [DEBUG] [lighter] Subscribed to order_book/23
21:13:27 [DEBUG] [x10] Subscribed to publicTrades/TRX/USD
21:13:27 [DEBUG] [x10] Subscribed to funding/TRX/USD
21:13:27 [DEBUG] [x10] Subscribed to publicTrades/PUMP/USD
21:13:27 [DEBUG] [x10] Subscribed to funding/PUMP/USD
21:13:27 [DEBUG] [lighter] Subscribed to order_book/98
21:13:27 [DEBUG] [x10] Subscribed to publicTrades/DOGE/USD
21:13:27 [DEBUG] [x10] Subscribed to funding/DOGE/USD
21:13:27 [DEBUG] [x10] Subscribed to publicTrades/RESOLV/USD
21:13:27 [DEBUG] [x10] Subscribed to funding/RESOLV/USD
21:13:27 [DEBUG] [x10] Subscribed to publicTrades/WLFI/USD
21:13:27 [DEBUG] [x10] Subscribed to funding/WLFI/USD
21:13:27 [DEBUG] [lighter] Subscribed to trade/50
21:13:27 [DEBUG] [x10] Subscribed to publicTrades/TON/USD
21:13:27 [DEBUG] [x10] Subscribed to funding/TON/USD
21:13:27 [DEBUG] [lighter] Subscribed to trade/72
21:13:27 [DEBUG] [x10] Subscribed to publicTrades/CRV/USD
21:13:27 [DEBUG] [x10] Subscribed to funding/CRV/USD
21:13:27 [DEBUG] [x10] Subscribed to publicTrades/VIRTUAL/USD
21:13:27 [DEBUG] [x10] Subscribed to funding/VIRTUAL/USD
21:13:27 [DEBUG] [lighter] Subscribed to trade/28
21:13:27 [DEBUG] [x10] Subscribed to publicTrades/SUI/USD
21:13:27 [DEBUG] [x10] Subscribed to funding/SUI/USD
21:13:27 [DEBUG] [x10] Subscribed to publicTrades/XAG/USD
21:13:27 [DEBUG] [x10] Subscribed to funding/XAG/USD
21:13:27 [DEBUG] [lighter] Subscribed to trade/25
21:13:27 [DEBUG] [x10] Subscribed to publicTrades/GRASS/USD
21:13:27 [DEBUG] [x10] Subscribed to funding/GRASS/USD
21:13:28 [DEBUG] [x10] Subscribed to publicTrades/AVNT/USD
21:13:28 [DEBUG] [x10] Subscribed to funding/AVNT/USD
21:13:28 [DEBUG] [lighter] Subscribed to order_book/51
21:13:28 [DEBUG] [x10] Subscribed to publicTrades/1000PEPE/USD
21:13:28 [DEBUG] [x10] Subscribed to funding/1000PEPE/USD
21:13:28 [DEBUG] [x10] Subscribed to publicTrades/NEAR/USD
21:13:28 [DEBUG] [x10] Subscribed to funding/NEAR/USD
21:13:28 [DEBUG] [lighter] Subscribed to order_book/103
21:13:28 [DEBUG] [x10] Subscribed to publicTrades/ADA/USD
21:13:28 [DEBUG] [x10] Subscribed to funding/ADA/USD
21:13:28 [DEBUG] [x10] Subscribed to publicTrades/FARTCOIN/USD
21:13:28 [DEBUG] [x10] Subscribed to funding/FARTCOIN/USD
21:13:28 [DEBUG] [lighter] Subscribed to trade/7
21:13:28 [DEBUG] [x10] Subscribed to publicTrades/LDO/USD
21:13:28 [DEBUG] [x10] Subscribed to funding/LDO/USD
21:13:28 [DEBUG] [x10] Subscribed to publicTrades/ARB/USD
21:13:28 [DEBUG] [x10] Subscribed to funding/ARB/USD
21:13:28 [DEBUG] [lighter] Subscribed to trade/67
21:13:28 [DEBUG] [x10] Subscribed to publicTrades/IP/USD
21:13:28 [DEBUG] [x10] Subscribed to funding/IP/USD
21:13:28 [DEBUG] [x10] Subscribed to publicTrades/POPCAT/USD
21:13:28 [DEBUG] [x10] Subscribed to funding/POPCAT/USD
21:13:28 [DEBUG] [lighter] Subscribed to order_book/53
21:13:28 [DEBUG] [x10] Subscribed to publicTrades/XPL/USD
21:13:28 [DEBUG] [x10] Subscribed to funding/XPL/USD
21:13:28 [DEBUG] [x10] Subscribed to publicTrades/TIA/USD
21:13:28 [DEBUG] [x10] Subscribed to funding/TIA/USD
21:13:28 [DEBUG] [lighter] Subscribed to order_book/5
21:13:28 [DEBUG] [x10] Subscribed to publicTrades/MKR/USD
21:13:28 [DEBUG] [x10] Subscribed to funding/MKR/USD
21:13:28 [DEBUG] [x10] Subscribed to publicTrades/BERA/USD
21:13:28 [DEBUG] [x10] Subscribed to funding/BERA/USD
21:13:28 [DEBUG] [lighter] Subscribed to market_stats/all
21:13:28 [DEBUG] [x10] Subscribed to publicTrades/BNB/USD
21:13:28 [DEBUG] [x10] Subscribed to funding/BNB/USD
21:13:28 [DEBUG] [x10] Subscribed to publicTrades/WIF/USD
21:13:28 [DEBUG] [x10] Subscribed to funding/WIF/USD
21:13:28 [DEBUG] [lighter] Subscribed to order_book/67
21:13:28 [DEBUG] [x10] Subscribed to publicTrades/ONDO/USD
21:13:28 [DEBUG] [x10] Subscribed to funding/ONDO/USD
21:13:28 [DEBUG] [x10] Subscribed to publicTrades/BTC/USD
21:13:28 [DEBUG] [x10] Subscribed to funding/BTC/USD
21:13:28 [DEBUG] [lighter] Subscribed to order_book/43
21:13:28 [DEBUG] [x10] Subscribed to publicTrades/DOT/USD
21:13:28 [DEBUG] [x10] Subscribed to funding/DOT/USD
21:13:28 [DEBUG] [x10] Subscribed to publicTrades/ZRO/USD
21:13:28 [DEBUG] [x10] Subscribed to funding/ZRO/USD
21:13:28 [DEBUG] [lighter] Subscribed to order_book/34
21:13:28 [DEBUG] [x10] Subscribed to publicTrades/BCH/USD
21:13:28 [DEBUG] [x10] Subscribed to funding/BCH/USD
21:13:28 [DEBUG] [x10] Subscribed to publicTrades/1000BONK/USD
21:13:28 [DEBUG] [x10] Subscribed to funding/1000BONK/USD
21:13:28 [DEBUG] [lighter] Subscribed to order_book/41
21:13:29 [DEBUG] [x10] Subscribed to publicTrades/TRUMP/USD
21:13:29 [DEBUG] [x10] Subscribed to funding/TRUMP/USD
21:13:29 [DEBUG] [x10] Subscribed to publicTrades/MEGA/USD
21:13:29 [DEBUG] [x10] Subscribed to funding/MEGA/USD
21:13:29 [DEBUG] [lighter] Subscribed to trade/32
21:13:29 [DEBUG] [x10] Subscribed to publicTrades/APEX/USD
21:13:29 [DEBUG] [x10] Subscribed to funding/APEX/USD
21:13:29 [DEBUG] [x10] Subscribed to publicTrades/APT/USD
21:13:29 [DEBUG] [x10] Subscribed to funding/APT/USD
21:13:29 [DEBUG] [lighter] Subscribed to trade/82
21:13:29 [DEBUG] [x10] Subscribed to publicTrades/AAVE/USD
21:13:29 [DEBUG] [x10] Subscribed to funding/AAVE/USD
21:13:29 [DEBUG] [x10] Subscribed to publicTrades/XAU/USD
21:13:29 [DEBUG] [x10] Subscribed to funding/XAU/USD
21:13:29 [DEBUG] [lighter] Subscribed to trade/6
21:13:29 [DEBUG] [x10] Subscribed to publicTrades/PENDLE/USD
21:13:29 [DEBUG] [x10] Subscribed to funding/PENDLE/USD
21:13:29 [DEBUG] [x10] Subscribed to publicTrades/HYPE/USD
21:13:29 [DEBUG] [x10] Subscribed to funding/HYPE/USD
21:13:29 [DEBUG] [lighter] Subscribed to order_book/52
21:13:29 [DEBUG] ✅ USDJPY-USD: X10=$0, Lighter=$49,204, Total=$49,204
21:13:29 [DEBUG] [x10] Subscribed to publicTrades/EIGEN/USD
21:13:29 [DEBUG] [x10] Subscribed to funding/EIGEN/USD
21:13:29 [DEBUG] [x10] Subscribed to publicTrades/MON/USD
21:13:29 [DEBUG] [x10] Subscribed to funding/MON/USD
21:13:29 [DEBUG] [lighter] Subscribed to trade/52
21:13:29 [DEBUG] [x10] Subscribed to publicTrades/ZEC/USD
21:13:29 [DEBUG] [x10] Subscribed to funding/ZEC/USD
21:13:29 [DEBUG] [x10] Subscribed to publicTrades/LINK/USD
21:13:29 [DEBUG] [x10] Subscribed to funding/LINK/USD
21:13:29 [DEBUG] [lighter] Subscribed to trade/93
21:13:29 [DEBUG] [x10] Subscribed to publicTrades/STRK/USD
21:13:29 [DEBUG] [x10] Subscribed to funding/STRK/USD
21:13:29 [DEBUG] [x10] Subscribed to publicTrades/EDEN/USD
21:13:29 [DEBUG] [x10] Subscribed to funding/EDEN/USD
21:13:29 [DEBUG] [lighter] Subscribed to order_book/82
21:13:29 [DEBUG] [x10] Subscribed to publicTrades/S/USD
21:13:29 [DEBUG] [x10] Subscribed to funding/S/USD
21:13:29 [DEBUG] [x10] Subscribed to publicTrades/SOL/USD
21:13:29 [DEBUG] [x10] Subscribed to funding/SOL/USD
21:13:29 [DEBUG] [lighter] Subscribed to trade/4
21:13:29 [DEBUG] [x10] Subscribed to publicTrades/AERO/USD
21:13:29 [DEBUG] [x10] Subscribed to funding/AERO/USD
21:13:29 [DEBUG] [x10] Subscribed to publicTrades/LTC/USD
21:13:29 [DEBUG] [x10] Subscribed to funding/LTC/USD
21:13:29 [DEBUG] [lighter] Subscribed to order_book/28
21:13:29 [DEBUG] [x10] Subscribed to publicTrades/LINEA/USD
21:13:29 [DEBUG] [x10] Subscribed to funding/LINEA/USD
21:13:29 [DEBUG] [x10] Subscribed to publicTrades/MNT/USD
21:13:29 [DEBUG] [x10] Subscribed to funding/MNT/USD
21:13:29 [DEBUG] [lighter] Subscribed to order_book/10
21:13:29 [DEBUG] [x10] Subscribed to publicTrades/SPX/USD
21:13:29 [DEBUG] [x10] Subscribed to funding/SPX/USD
21:13:30 [DEBUG] [x10] Subscribed to publicTrades/JUP/USD
21:13:30 [DEBUG] [x10] Subscribed to funding/JUP/USD
21:13:30 [DEBUG] [lighter] Subscribed to trade/43
21:13:30 [DEBUG] [x10] Subscribed to publicTrades/ASTER/USD
21:13:30 [DEBUG] [x10] Subscribed to funding/ASTER/USD
21:13:30 [DEBUG] [x10] Subscribed to publicTrades/UNI/USD
21:13:30 [DEBUG] [x10] Subscribed to funding/UNI/USD
21:13:30 [DEBUG] [lighter] Subscribed to order_book/36
21:13:30 [DEBUG] [x10] Subscribed to publicTrades/OP/USD
21:13:30 [DEBUG] [x10] Subscribed to funding/OP/USD
21:13:30 [DEBUG] [x10] Subscribed to publicTrades/AVAX/USD
21:13:30 [DEBUG] [x10] Subscribed to funding/AVAX/USD
21:13:30 [DEBUG] [lighter] Subscribed to order_book/21
21:13:30 [INFO] 🔗 Components Wired: WS -> OI Tracker -> Prediction
21:13:30 [INFO] 🧟 Starte Zombie-Check: Vergleiche DB mit echten Positionen...
21:13:30 [INFO] ✅ DB ist sauber (keine offenen Trades).
21:13:30 [INFO] ✅ ParallelExecutionManager: Rollback processor started
21:13:30 [INFO] ✅ ParallelExecutionManager started
21:13:30 [INFO] 📝 Registered task: logic_loop (critical=True)
21:13:30 [INFO] 📝 Registered task: trade_management_loop (critical=True)
21:13:30 [INFO] 📝 Registered task: farm_loop (critical=False)
21:13:30 [INFO] 📝 Registered task: maintenance_loop (critical=False)
21:13:30 [INFO] 📝 Registered task: cleanup_finished_tasks (critical=False)
21:13:30 [INFO] 📝 Registered task: health_reporter (critical=False)
21:13:30 [INFO] 📝 Registered task: connection_watchdog (critical=True)
21:13:30 [INFO] ✅ Signal handlers installed (SIGINT, SIGTERM)
21:13:30 [INFO] ▶️  Started task: logic_loop
21:13:30 [INFO] ▶️  Started task: trade_management_loop
21:13:30 [INFO] ▶️  Started task: farm_loop
21:13:30 [INFO] ▶️  Started task: maintenance_loop
21:13:30 [INFO] ▶️  Started task: cleanup_finished_tasks
21:13:30 [INFO] ▶️  Started task: health_reporter
21:13:30 [INFO] ▶️  Started task: connection_watchdog
21:13:30 [INFO] 🚀 Started 7 tasks
21:13:30 [INFO] ═══════════════════════════════════════════════════════════
21:13:30 [INFO]    BOT V5 RUNNING 24/7 - SUPERVISED | Ctrl+C = Stop   
21:13:30 [INFO] ═══════════════════════════════════════════════════════════
21:13:30 [INFO] 🔄 Rollback processor running...
21:13:30 [INFO] Logic Loop gestartet – REFRESH alle 3s
21:13:30 [INFO] ⚡ Latency Arb Detector initialized (threshold: 1.0s)
21:13:30 [INFO] ❄️ Warming up caches (waiting for WS data)... X10=91, Lit=0
21:13:30 [INFO] 🛡️ Trade Management Loop gestartet
21:13:30 [INFO] 🚜 Farm Mode ACTIVE
21:13:30 [DEBUG] Sending GET https://api.starknet.extended.exchange/api/v1/user/balance
21:13:30 [DEBUG] 📊 X10 Funding Cache refresh (current=91)
21:13:30 [INFO] 🐕 Connection Watchdog gestartet (Timeout: 120s)
21:13:30 [INFO] 🔍 Supervisor loop started
21:13:30 [DEBUG] [lighter] Subscribed to trade/21
21:13:30 [DEBUG] Sending GET https://api.starknet.extended.exchange/api/v1/info/markets?
21:13:30 [DEBUG] [lighter] Subscribed to order_book/50
21:13:30 [DEBUG] [lighter] Subscribed to trade/41
21:13:30 [DEBUG] [lighter] Subscribed to order_book/29
21:13:30 [DEBUG] [lighter] Subscribed to trade/3
21:13:30 [DEBUG] [lighter] Subscribed to trade/20
21:13:30 [DEBUG] [lighter] Subscribed to order_book/72
21:13:30 [DEBUG] [lighter] Subscribed to order_book/7
21:13:31 [DEBUG] [lighter] Subscribed to trade/17
21:13:31 [DEBUG] [lighter] Subscribed to order_book/46
21:13:31 [DEBUG] [lighter] Subscribed to order_book/45
21:13:31 [DEBUG] [lighter] Subscribed to trade/16
21:13:31 [DEBUG] [lighter] Subscribed to trade/51
21:13:31 [DEBUG] [lighter] Subscribed to order_book/38
21:13:31 [DEBUG] [lighter] Subscribed to trade/34
21:13:31 [DEBUG] [lighter] Subscribed to order_book/20
21:13:31 [DEBUG] [lighter] Subscribed to trade/103
21:13:31 [DEBUG] [lighter] Subscribed to order_book/4
21:13:31 [DEBUG] [lighter] Subscribed to order_book/13
21:13:32 [DEBUG] Lighter Balance: Raw=$300.92, Safe=$285.88
21:13:32 [INFO] 🚜 Opening FARM: KAITO-USD APY=42.9%
21:13:32 [DEBUG] Sending GET https://api.starknet.extended.exchange/api/v1/user/positions?
21:13:32 [DEBUG] [lighter] Subscribed to order_book/6
21:13:32 [DEBUG] [lighter] Subscribed to order_book/17
21:13:32 [DEBUG] [lighter] Subscribed to trade/29
21:13:32 [DEBUG] [lighter] Subscribed to order_book/39
21:13:32 [INFO]  X10: 91 Märkte geladen, 91 Funding Rates, 79 Preise
21:13:32 [DEBUG] X10: Funding Refresh OK, cache=91
21:13:32 [DEBUG] 📊 Lighter Funding Cache refresh (current=0)
21:13:32 [DEBUG] [lighter] Subscribed to trade/46
21:13:32 [DEBUG] [lighter] Subscribed to order_book/47
21:13:32 [DEBUG] [lighter] Subscribed to order_book/16
21:13:32 [DEBUG] [lighter] Subscribed to order_book/71
21:13:32 [DEBUG] [lighter] Subscribed to trade/36
21:13:32 [DEBUG] Lighter: Loaded 389 funding rates
21:13:32 [DEBUG] Lighter: Funding Refresh OK, cache=118
21:13:32 [DEBUG] [lighter] Subscribed to order_book/25
21:13:32 [INFO] Lighter: Found 0 open positions
21:13:32 [DEBUG] ✅ KAITO-USD verified: No existing positions on exchanges
21:13:32 [INFO]  Volatility Monitor initialized: Low<3.0%, Normal<10.0%, High<20.0%, Hard Cap<50.0%
21:13:32 [DEBUG] Sending GET https://api.starknet.extended.exchange/api/v1/user/balance
21:13:33 [DEBUG] [lighter] Subscribed to trade/39
21:13:33 [DEBUG] ✅ KAITO-USD: X10=$446,505, Lighter=$1,982,043, Total=$2,428,548
21:13:33 [DEBUG] [lighter] Subscribed to trade/33
21:13:33 [DEBUG] [lighter] Subscribed to trade/10
21:13:33 [INFO] 🎲 KellyPositionSizer initialized (Safety=0.25, MaxFraction=0.1)
21:13:33 [INFO] 🎰 KELLY KAITO-USD: win_rate=80.0%, kelly_fraction=0.6000, safe_fraction=0.0500, confidence=LOW, samples=0
21:13:33 [INFO] 📊 KELLY SIZE KAITO-USD: base=$30.0, kelly_recommended=$14.3, final=$30.0
21:13:33 [INFO] 🚀 Opening KAITO-USD: Size=$30.0 (Min=$11.0)
21:13:33 [INFO] 🔄 [PARALLEL] KAITO-USD: Lighter POST-ONLY first
21:13:33 [INFO] 🚀 LIGHTER OPEN KAITO-USD: side=SELL, size_usd=$30.00, price=$0.703640
21:13:33 [INFO] 🔄 [PARALLEL] KAITO-USD: X10 MARKET order
21:13:33 [INFO] 🔍 🚜 FARM Scanning 70 pairs. Open symbols to skip: set()
21:13:33 [DEBUG] Price cache status: X10=70/70, Lighter=69/70
21:13:33 [INFO] 🔍 Scanning 70 pairs. Lighter markets: 118, X10 markets: 91
21:13:33 [DEBUG] Create Order Tx Info: {"AccountIndex":60113,"ApiKeyIndex":3,"MarketIndex":33,"ClientOrderIndex":1764533699014,"BaseAmount":429,"Price":69941,"IsAsk":1,"Type":0,"TimeInForce":1,"ReduceOnly":0,"TriggerPrice":0,"OrderExpiry":1766952813241,"ExpiredAt":1764534212241,"Nonce":1818,"Sig":"y52rXJWRBPhem3f2/983mmhg2UwaKpuOfeh0hdVyQ9+fCI1nawHuMOfHRVKpaKDTDSCJItQG/QRIYF2jb+yv37vgUhjkYYm5RrCfxbPWRFo="}
21:13:33 [DEBUG] Sending GET https://api.starknet.extended.exchange/api/v1/info/markets?
21:13:33 [DEBUG] MKR-USD: Missing prices (X=1663.9, L=None)
21:13:33 [DEBUG] Create Order Send Tx Response: code=200 message='{"ratelimit": "didn\'t use volume quota"}' tx_hash='3a6acd09f174cf4862c7ab3c88fa6621f1ed403d098e31ad59b0a851ced35c666ef46d1302192bc7' predicted_execution_time_ms=1764533607173 additional_properties={}
21:13:33 [INFO] Lighter Order: 3a6acd09f174cf4862c7ab3c88fa6621f1ed403d098e31ad59b0a851ced35c666ef46d1302192bc7
21:13:33 [INFO] ✅ Found 0 opportunities with predictions (farm_mode=True)
21:13:33 [INFO] ⚠️ Keine Prediction-Opportunities, nutze Fallback mit echten Funding Rates...
21:13:33 [DEBUG] Skip TON-USD: Spread 0.35% too high
21:13:33 [DEBUG] Skip CRV-USD: Spread 0.34% too high
21:13:33 [DEBUG] Skip VIRTUAL-USD: Spread 0.54% too high
21:13:33 [DEBUG] ⛔ Skip XAG-USD: TradFi/FX
21:13:33 [DEBUG] Skip LDO-USD: Spread 0.40% too high
21:13:33 [INFO] 🔍 DEBUG IP-USD: rl=-0.00013500, rx=-0.00003400, net=-0.00010100, apy=88.5%
21:13:33 [INFO] 💎 IP-USD | APY: 88.5%
21:13:33 [DEBUG] Skip 1000BONK-USD: Spread 0.40% too high
21:13:33 [DEBUG] ⛔ Skip MEGA-USD: In BLACKLIST
21:13:33 [INFO] 🔍 DEBUG APEX-USD: rl=0.00006900, rx=0.00013200, net=-0.00006300, apy=55.2%
21:13:33 [INFO] 💎 APEX-USD | APY: 55.2%
21:13:33 [DEBUG] ⛔ Skip XAU-USD: TradFi/FX
21:13:33 [DEBUG] ⛔ Skip AERO-USD: In BLACKLIST
21:13:33 [DEBUG] ⛔ Skip SPX-USD: TradFi/FX
21:13:33 [INFO] ✅ Found 33 opportunities from 64 valid pairs (farm_mode=True, scanned=70)
21:13:33 [INFO] 🎯 Found 3 opportunities, executing best...
21:13:33 [DEBUG] Sending GET https://api.starknet.extended.exchange/api/v1/user/balance
21:13:33 [INFO] X10: Detected balance = $305.27
21:13:33 [INFO] 🚀 Launching 3 trades (Slots available: 3)
21:13:33 [DEBUG] Sending GET https://api.starknet.extended.exchange/api/v1/user/positions?
21:13:33 [INFO] 🔍 Running periodic exchange sync check...
21:13:33 [INFO] 🔍 Starting Exchange Sync Check...
21:13:33 [DEBUG] Sending GET https://api.starknet.extended.exchange/api/v1/user/positions?
21:13:34 [INFO] Lighter: Found 1 open positions
21:13:34 [INFO] 💰 Balance: X10=$305.3 (free=$266.0), Lit=$285.9 (free=$246.6) | DB_Trades=0, Real_Positions=1, Locked=$5/ex
21:13:34 [INFO] 🚀 Launching trade for IP-USD (APY=88.5%)
21:13:34 [DEBUG] Sending GET https://api.starknet.extended.exchange/api/v1/user/positions?
21:13:35 [INFO] 🚀 Launching trade for APEX-USD (APY=55.2%)
21:13:35 [DEBUG] Sending GET https://api.starknet.extended.exchange/api/v1/user/positions?
21:13:35 [DEBUG] Placing an order: id=1023998223331281654764644581989601989350830434491807367268761258997683486218
21:13:35 [DEBUG] Sending POST https://api.starknet.extended.exchange/api/v1/user/order, headers={<RequestHeader.ACCEPT: 'Accept'>: 'application/json', <RequestHeader.CONTENT_TYPE: 'Content-Type'>: 'application/json', <RequestHeader.USER_AGENT: 'User-Agent'>: 'X10PythonTradingClient/0.0.17', <RequestHeader.API_KEY: 'X-Api-Key'>: 'a1c9207f79f0e57ddc454bf1e16dbe49'}
21:13:35 [INFO] Lighter: Found 1 open positions
21:13:35 [ERROR] 🚨 DESYNC DETECTED: Positions only on Lighter: {'KAITO-USD'}
21:13:35 [ERROR] ⚠️ These are UNHEDGED and create directional risk!
21:13:35 [WARNING] 🔻 Closing orphaned Lighter position: KAITO-USD
21:13:35 [ERROR] Failed to close Lighter orphan KAITO-USD: '<' not supported between instances of 'float' and 'str'
21:13:35 [INFO] Lighter: Found 1 open positions
21:13:35 [DEBUG] ✅ IP-USD verified: No existing positions on exchanges
21:13:35 [DEBUG] Skip IP-USD: Min Req $25.00 > Max Config $20.0
21:13:35 [INFO] 🚀 Launching trade for SUI-USD (APY=49.9%)
21:13:35 [DEBUG] Sending GET https://api.starknet.extended.exchange/api/v1/user/positions?
21:13:36 [INFO] Lighter: Found 1 open positions
21:13:36 [DEBUG] ✅ APEX-USD verified: No existing positions on exchanges
21:13:36 [DEBUG] Sending GET https://api.starknet.extended.exchange/api/v1/user/balance
21:13:36 [INFO] ✅ Launched 3 trade tasks this cycle
21:13:36 [INFO]  X10 Order: 1995224688037396480
21:13:36 [INFO] ✅ [PARALLEL] KAITO-USD: Both legs filled in 3188ms
21:13:36 [DEBUG] 📝 Trade added to state: KAITO-USD
21:13:36 [DEBUG] 📝 Flushed 1 writes
21:13:36 [DEBUG] 📝 Flushed 1 writes in 0.0ms
21:13:36 [INFO] Lighter: Found 1 open positions
21:13:36 [DEBUG] ✅ SUI-USD verified: No existing positions on exchanges
21:13:36 [DEBUG] ✅ TAO-USD: X10=$266,887, Lighter=$7,367, Total=$274,254
21:13:37 [DEBUG] Lighter Balance: Raw=$300.92, Safe=$285.87
21:13:37 [INFO] 🎰 KELLY APEX-USD: win_rate=80.0%, kelly_fraction=0.6000, safe_fraction=0.0500, confidence=LOW, samples=0
21:13:37 [INFO] 📊 KELLY SIZE APEX-USD: base=$30.0, kelly_recommended=$12.7, final=$30.0
21:13:37 [DEBUG] 🧹 Cleaned task: KAITO-USD
21:13:37 [DEBUG] Sending GET https://api.starknet.extended.exchange/api/v1/user/balance
21:13:37 [DEBUG] Fetching fresh positions (force=False, cache_age=1764533617.2s)
21:13:37 [DEBUG] Sending GET https://api.starknet.extended.exchange/api/v1/user/positions?
21:13:37 [INFO] 🎰 KELLY SUI-USD: win_rate=80.0%, kelly_fraction=0.6000, safe_fraction=0.0500, confidence=LOW, samples=0
21:13:37 [INFO] 📊 KELLY SIZE SUI-USD: base=$30.0, kelly_recommended=$14.3, final=$30.0
21:13:37 [INFO] 🚀 Opening APEX-USD: Size=$30.0 (Min=$11.0)
21:13:37 [INFO] 🔄 [PARALLEL] APEX-USD: Lighter POST-ONLY first
21:13:37 [INFO] 🚀 Opening SUI-USD: Size=$30.0 (Min=$16.2)
21:13:37 [INFO] 🔄 [PARALLEL] SUI-USD: Lighter POST-ONLY first
21:13:37 [INFO] 🔄 [PARALLEL] APEX-USD: X10 MARKET order
21:13:37 [INFO] 🔄 [PARALLEL] SUI-USD: X10 MARKET order
21:13:37 [INFO] 🚀 LIGHTER OPEN APEX-USD: side=SELL, size_usd=$30.00, price=$0.687850
21:13:37 [INFO] 🚀 LIGHTER OPEN SUI-USD: side=SELL, size_usd=$30.00, price=$1.545350
21:13:37 [DEBUG] Create Order Tx Info: {"AccountIndex":60113,"ApiKeyIndex":3,"MarketIndex":86,"ClientOrderIndex":1764533674573,"BaseAmount":439,"Price":68372,"IsAsk":1,"Type":0,"TimeInForce":1,"ReduceOnly":0,"TriggerPrice":0,"OrderExpiry":1766952817285,"ExpiredAt":1764534216285,"Nonce":1819,"Sig":"ImcIne68mK1oehzk5MY5kFfsFMG5W7wpF1cbPMZwH8+7IJeuxIY1AAqbW6mhmRpp0mlv2IPbmBDDKYhAwhdHyVHGN7YwWsZ3LAXCXt2g7Rs="}
21:13:37 [DEBUG] Create Order Tx Info: {"AccountIndex":60113,"ApiKeyIndex":3,"MarketIndex":16,"ClientOrderIndex":1764533667236,"BaseAmount":196,"Price":153607,"IsAsk":1,"Type":0,"TimeInForce":1,"ReduceOnly":0,"TriggerPrice":0,"OrderExpiry":1766952817301,"ExpiredAt":1764534216301,"Nonce":1820,"Sig":"bZCyhOExqja1o+Z4YWRBZJTtc2vJOykU3A6te/cMjGOcSCi3+aTKLW1HhyC8rmNLZZjaRB78mTrY59f/KLHyRw+b5K4COI6FJEOuGwYIIFo="}
21:13:37 [DEBUG] Placing an order: id=2582666006003125519619473082051179568958982276038626300736670749845757424828
21:13:37 [DEBUG] Sending POST https://api.starknet.extended.exchange/api/v1/user/order, headers={<RequestHeader.ACCEPT: 'Accept'>: 'application/json', <RequestHeader.CONTENT_TYPE: 'Content-Type'>: 'application/json', <RequestHeader.USER_AGENT: 'User-Agent'>: 'X10PythonTradingClient/0.0.17', <RequestHeader.API_KEY: 'X-Api-Key'>: 'a1c9207f79f0e57ddc454bf1e16dbe49'}
21:13:37 [DEBUG] Placing an order: id=2343079975856741908471208806652504518229167118073806982882058060367650559549
21:13:37 [DEBUG] Sending POST https://api.starknet.extended.exchange/api/v1/user/order, headers={<RequestHeader.ACCEPT: 'Accept'>: 'application/json', <RequestHeader.CONTENT_TYPE: 'Content-Type'>: 'application/json', <RequestHeader.USER_AGENT: 'User-Agent'>: 'X10PythonTradingClient/0.0.17', <RequestHeader.API_KEY: 'X-Api-Key'>: 'a1c9207f79f0e57ddc454bf1e16dbe49'}
21:13:37 [DEBUG] Create Order Send Tx Response: code=200 message='{"ratelimit": "didn\'t use volume quota"}' tx_hash='9887b84fa3af408d4527fb72fcd708dbbf6b14ea61c0f58be7dc2a42c02fd648bdbcb1519836ce19' predicted_execution_time_ms=1764533611212 additional_properties={}
21:13:37 [INFO] Lighter Order: 9887b84fa3af408d4527fb72fcd708dbbf6b14ea61c0f58be7dc2a42c02fd648bdbcb1519836ce19
21:13:37 [DEBUG] Create Order Send Tx Response: code=200 message='{"ratelimit": "didn\'t use volume quota"}' tx_hash='8cbfb26cb36e8fa9cda79aaca1f90b4359e1d6311c73b0977fa68c78131909e15181a7c001b53a74' predicted_execution_time_ms=1764533611228 additional_properties={}
21:13:37 [INFO] Lighter Order: 8cbfb26cb36e8fa9cda79aaca1f90b4359e1d6311c73b0977fa68c78131909e15181a7c001b53a74
21:13:37 [INFO]  X10 Order: 1995224693218205696
21:13:37 [INFO] ✅ [PARALLEL] APEX-USD: Both legs filled in 375ms
21:13:37 [DEBUG] 📝 Trade added to state: APEX-USD
21:13:37 [DEBUG] 📝 Flushed 1 writes
21:13:37 [DEBUG] 📝 Flushed 1 writes in 0.0ms
21:13:37 [INFO] Lighter: Found 1 open positions
21:13:37 [INFO] 📊 Positions: X10=1, Lighter=1
21:13:37 [DEBUG] X10 positions: ['KAITO-USD']
21:13:37 [DEBUG] Lighter positions: ['KAITO-USD']
21:13:37 [INFO] 🔍 DEBUG KAITO-USD: entry_time type=<class 'str'>, value=2025-11-30T20:13:36.409818+00:00
21:13:37 [DEBUG] Check KAITO-USD: Age=1.3s (Limit=60s)
21:13:38 [INFO]  X10 Order: 1995224696569462784
21:13:38 [INFO] ✅ [PARALLEL] SUI-USD: Both legs filled in 1171ms
21:13:38 [DEBUG] 📝 Trade added to state: SUI-USD
21:13:38 [DEBUG] Using cached positions (age: 1.5s)
21:13:38 [INFO] 🔍 DEBUG KAITO-USD: entry_time type=<class 'str'>, value=2025-11-30T20:13:36.409818+00:00
21:13:38 [DEBUG] Check KAITO-USD: Age=2.3s (Limit=60s)
21:13:38 [INFO] 🔍 DEBUG APEX-USD: entry_time type=<class 'str'>, value=2025-11-30T20:13:37.642896+00:00
21:13:38 [DEBUG] Check APEX-USD: Age=1.1s (Limit=60s)
21:13:38 [INFO] 🔍 DEBUG SUI-USD: entry_time type=<class 'str'>, value=2025-11-30T20:13:38.439619+00:00
21:13:38 [DEBUG] Check SUI-USD: Age=0.3s (Limit=60s)
21:13:39 [DEBUG] MAX_OPEN_TRADES (3) reached, waiting...
21:13:39 [DEBUG] 📝 Flushed 1 writes
21:13:39 [DEBUG] 📝 Flushed 1 writes in 0.0ms
21:13:39 [DEBUG] Using cached positions (age: 2.5s)
21:13:39 [INFO] 🔍 DEBUG KAITO-USD: entry_time type=<class 'str'>, value=2025-11-30T20:13:36.409818+00:00
21:13:39 [DEBUG] Check KAITO-USD: Age=3.3s (Limit=60s)
21:13:39 [INFO] 🔍 DEBUG APEX-USD: entry_time type=<class 'str'>, value=2025-11-30T20:13:37.642896+00:00
21:13:39 [DEBUG] Check APEX-USD: Age=2.1s (Limit=60s)
21:13:39 [INFO] 🔍 DEBUG SUI-USD: entry_time type=<class 'str'>, value=2025-11-30T20:13:38.439619+00:00
21:13:39 [DEBUG] Check SUI-USD: Age=1.3s (Limit=60s)
21:13:40 [DEBUG] ✅ ENA-USD: X10=$202,489, Lighter=$16,243,616, Total=$16,446,105
21:13:40 [DEBUG] Using cached positions (age: 3.5s)
21:13:40 [INFO] 🔍 DEBUG KAITO-USD: entry_time type=<class 'str'>, value=2025-11-30T20:13:36.409818+00:00
21:13:40 [DEBUG] Check KAITO-USD: Age=4.3s (Limit=60s)
21:13:40 [INFO] 🔍 DEBUG APEX-USD: entry_time type=<class 'str'>, value=2025-11-30T20:13:37.642896+00:00
21:13:40 [DEBUG] Check APEX-USD: Age=3.1s (Limit=60s)
21:13:40 [INFO] 🔍 DEBUG SUI-USD: entry_time type=<class 'str'>, value=2025-11-30T20:13:38.439619+00:00
21:13:40 [DEBUG] Check SUI-USD: Age=2.3s (Limit=60s)
21:13:41 [DEBUG] Using cached positions (age: 4.5s)
21:13:41 [INFO] 🔍 DEBUG KAITO-USD: entry_time type=<class 'str'>, value=2025-11-30T20:13:36.409818+00:00
21:13:41 [DEBUG] Check KAITO-USD: Age=5.3s (Limit=60s)
21:13:41 [INFO] 🔍 DEBUG APEX-USD: entry_time type=<class 'str'>, value=2025-11-30T20:13:37.642896+00:00
21:13:41 [DEBUG] Check APEX-USD: Age=4.1s (Limit=60s)
21:13:41 [INFO] 🔍 DEBUG SUI-USD: entry_time type=<class 'str'>, value=2025-11-30T20:13:38.439619+00:00
21:13:41 [DEBUG] Check SUI-USD: Age=3.3s (Limit=60s)
21:13:42 [DEBUG] MAX_OPEN_TRADES (3) reached, waiting...
21:13:42 [DEBUG] Fetching fresh positions (force=False, cache_age=5.5s)
21:13:42 [DEBUG] Sending GET https://api.starknet.extended.exchange/api/v1/user/positions?
21:13:43 [INFO] Lighter: Found 3 open positions
21:13:43 [INFO] 📊 Positions: X10=3, Lighter=3
21:13:43 [DEBUG] X10 positions: ['KAITO-USD', 'APEX-USD', 'SUI-USD']
21:13:43 [DEBUG] Lighter positions: ['SUI-USD', 'KAITO-USD', 'APEX-USD']
21:13:43 [INFO] 🔍 DEBUG KAITO-USD: entry_time type=<class 'str'>, value=2025-11-30T20:13:36.409818+00:00
21:13:43 [DEBUG] Check KAITO-USD: Age=6.7s (Limit=60s)
21:13:43 [INFO] 🔍 DEBUG APEX-USD: entry_time type=<class 'str'>, value=2025-11-30T20:13:37.642896+00:00
21:13:43 [DEBUG] Check APEX-USD: Age=5.5s (Limit=60s)
21:13:43 [INFO] 🔍 DEBUG SUI-USD: entry_time type=<class 'str'>, value=2025-11-30T20:13:38.439619+00:00
21:13:43 [DEBUG] Check SUI-USD: Age=4.7s (Limit=60s)
21:13:44 [DEBUG] Using cached positions (age: 1.4s)
21:13:44 [INFO] 🔍 DEBUG KAITO-USD: entry_time type=<class 'str'>, value=2025-11-30T20:13:36.409818+00:00
21:13:44 [DEBUG] Check KAITO-USD: Age=7.7s (Limit=60s)
21:13:44 [INFO] 🔍 DEBUG APEX-USD: entry_time type=<class 'str'>, value=2025-11-30T20:13:37.642896+00:00
21:13:44 [DEBUG] Check APEX-USD: Age=6.5s (Limit=60s)
21:13:44 [INFO] 🔍 DEBUG SUI-USD: entry_time type=<class 'str'>, value=2025-11-30T20:13:38.439619+00:00
21:13:44 [DEBUG] Check SUI-USD: Age=5.7s (Limit=60s)
21:13:45 [DEBUG] Using cached positions (age: 2.4s)
21:13:45 [INFO] 🔍 DEBUG KAITO-USD: entry_time type=<class 'str'>, value=2025-11-30T20:13:36.409818+00:00
21:13:45 [DEBUG] Check KAITO-USD: Age=8.7s (Limit=60s)
21:13:45 [INFO] 🔍 DEBUG APEX-USD: entry_time type=<class 'str'>, value=2025-11-30T20:13:37.642896+00:00
21:13:45 [DEBUG] Check APEX-USD: Age=7.5s (Limit=60s)
21:13:45 [INFO] 🔍 DEBUG SUI-USD: entry_time type=<class 'str'>, value=2025-11-30T20:13:38.439619+00:00
21:13:45 [DEBUG] Check SUI-USD: Age=6.7s (Limit=60s)
21:13:45 [DEBUG] MAX_OPEN_TRADES (3) reached, waiting...
21:13:46 [DEBUG] 💓 [lighter] Ping/Pong OK
21:13:46 [DEBUG] Using cached positions (age: 3.4s)
21:13:46 [INFO] 🔍 DEBUG KAITO-USD: entry_time type=<class 'str'>, value=2025-11-30T20:13:36.409818+00:00
21:13:46 [DEBUG] Check KAITO-USD: Age=9.7s (Limit=60s)
21:13:46 [INFO] 🔍 DEBUG APEX-USD: entry_time type=<class 'str'>, value=2025-11-30T20:13:37.642896+00:00
21:13:46 [DEBUG] Check APEX-USD: Age=8.5s (Limit=60s)
21:13:46 [INFO] 🔍 DEBUG SUI-USD: entry_time type=<class 'str'>, value=2025-11-30T20:13:38.439619+00:00
21:13:46 [DEBUG] Check SUI-USD: Age=7.7s (Limit=60s)
21:13:46 [DEBUG] ✅ ZORA-USD: X10=$197,023, Lighter=$20,408,636, Total=$20,605,659
21:13:47 [DEBUG] Using cached positions (age: 4.4s)
21:13:47 [INFO] 🔍 DEBUG KAITO-USD: entry_time type=<class 'str'>, value=2025-11-30T20:13:36.409818+00:00
21:13:47 [DEBUG] Check KAITO-USD: Age=10.7s (Limit=60s)
21:13:47 [INFO] 🔍 DEBUG APEX-USD: entry_time type=<class 'str'>, value=2025-11-30T20:13:37.642896+00:00
21:13:47 [DEBUG] Check APEX-USD: Age=9.5s (Limit=60s)
21:13:47 [INFO] 🔍 DEBUG SUI-USD: entry_time type=<class 'str'>, value=2025-11-30T20:13:38.439619+00:00
21:13:47 [DEBUG] Check SUI-USD: Age=8.7s (Limit=60s)
21:13:48 [DEBUG] Fetching fresh positions (force=False, cache_age=5.4s)
21:13:48 [DEBUG] Sending GET https://api.starknet.extended.exchange/api/v1/user/positions?
21:13:48 [WARNING] [x10] Connection closed: 1011 Ping timeout
21:13:48 [ERROR] [x10] Send error: received 1011 (internal error) Ping timeout; then sent 1011 (internal error) Ping timeout
21:13:48 [DEBUG] 💓 [x10] App-Ping sent
21:13:48 [INFO] 🔄 [x10] Reconnecting in 1.0s (attempt 1)
21:13:48 [DEBUG] MAX_OPEN_TRADES (3) reached, waiting...
21:13:48 [INFO] Lighter: Found 3 open positions
21:13:48 [INFO] 📊 Positions: X10=3, Lighter=3
21:13:48 [DEBUG] X10 positions: ['KAITO-USD', 'APEX-USD', 'SUI-USD']
21:13:48 [DEBUG] Lighter positions: ['SUI-USD', 'KAITO-USD', 'APEX-USD']
21:13:48 [INFO] 🔍 DEBUG KAITO-USD: entry_time type=<class 'str'>, value=2025-11-30T20:13:36.409818+00:00
21:13:48 [DEBUG] Check KAITO-USD: Age=12.2s (Limit=60s)
21:13:48 [INFO] 🔍 DEBUG APEX-USD: entry_time type=<class 'str'>, value=2025-11-30T20:13:37.642896+00:00
21:13:48 [DEBUG] Check APEX-USD: Age=10.9s (Limit=60s)
21:13:48 [INFO] 🔍 DEBUG SUI-USD: entry_time type=<class 'str'>, value=2025-11-30T20:13:38.439619+00:00
21:13:48 [DEBUG] Check SUI-USD: Age=10.1s (Limit=60s)
21:13:49 [DEBUG] Using cached positions (age: 1.4s)
21:13:49 [INFO] 🔍 DEBUG KAITO-USD: entry_time type=<class 'str'>, value=2025-11-30T20:13:36.409818+00:00
21:13:49 [DEBUG] Check KAITO-USD: Age=13.2s (Limit=60s)
21:13:49 [INFO] 🔍 DEBUG APEX-USD: entry_time type=<class 'str'>, value=2025-11-30T20:13:37.642896+00:00
21:13:49 [DEBUG] Check APEX-USD: Age=11.9s (Limit=60s)
21:13:49 [INFO] 🔍 DEBUG SUI-USD: entry_time type=<class 'str'>, value=2025-11-30T20:13:38.439619+00:00
21:13:49 [DEBUG] Check SUI-USD: Age=11.1s (Limit=60s)
21:13:50 [DEBUG] ✅ XRP-USD: X10=$365,250, Lighter=$4,813,047, Total=$5,178,297
21:13:50 [INFO] ✅ [x10] Connected to wss://api.starknet.extended.exchange/stream.extended.exchange/v1/account
21:13:50 [DEBUG] [x10] Subscribed to publicTrades/LDO/USD
21:13:50 [DEBUG] [x10] Subscribed to publicTrades/ONDO/USD
21:13:50 [DEBUG] [x10] Subscribed to publicTrades/1000BONK/USD
21:13:50 [DEBUG] [x10] Subscribed to funding/TRUMP/USD
21:13:50 [DEBUG] [x10] Subscribed to funding/SEI/USD
21:13:50 [DEBUG] Using cached positions (age: 2.4s)
21:13:50 [INFO] 🔍 DEBUG KAITO-USD: entry_time type=<class 'str'>, value=2025-11-30T20:13:36.409818+00:00
21:13:50 [DEBUG] Check KAITO-USD: Age=14.2s (Limit=60s)
21:13:50 [INFO] 🔍 DEBUG APEX-USD: entry_time type=<class 'str'>, value=2025-11-30T20:13:37.642896+00:00
21:13:50 [DEBUG] Check APEX-USD: Age=12.9s (Limit=60s)
21:13:50 [INFO] 🔍 DEBUG SUI-USD: entry_time type=<class 'str'>, value=2025-11-30T20:13:38.439619+00:00
21:13:50 [DEBUG] Check SUI-USD: Age=12.1s (Limit=60s)
21:13:50 [DEBUG] [x10] Subscribed to funding/DOT/USD
21:13:50 [DEBUG] [x10] Subscribed to funding/SPX/USD
21:13:50 [DEBUG] [x10] Subscribed to publicTrades/TIA/USD
21:13:50 [DEBUG] [x10] Subscribed to funding/LINEA/USD
21:13:51 [DEBUG] [x10] Subscribed to publicTrades/AVAX/USD
21:13:51 [DEBUG] [x10] Subscribed to publicTrades/JUP/USD
21:13:51 [DEBUG] [x10] Subscribed to publicTrades/XRP/USD
21:13:51 [DEBUG] MAX_OPEN_TRADES (3) reached, waiting...
21:13:51 [DEBUG] [x10] Subscribed to funding/PUMP/USD
21:13:51 [DEBUG] [x10] Subscribed to funding/XAU/USD
21:13:51 [DEBUG] [x10] Subscribed to funding/MKR/USD
21:13:51 [DEBUG] Using cached positions (age: 3.5s)
21:13:51 [INFO] 🔍 DEBUG KAITO-USD: entry_time type=<class 'str'>, value=2025-11-30T20:13:36.409818+00:00
21:13:51 [DEBUG] Check KAITO-USD: Age=15.2s (Limit=60s)
21:13:51 [INFO] 🔍 DEBUG APEX-USD: entry_time type=<class 'str'>, value=2025-11-30T20:13:37.642896+00:00
21:13:51 [DEBUG] Check APEX-USD: Age=13.9s (Limit=60s)
21:13:51 [INFO] 🔍 DEBUG SUI-USD: entry_time type=<class 'str'>, value=2025-11-30T20:13:38.439619+00:00
21:13:51 [DEBUG] Check SUI-USD: Age=13.1s (Limit=60s)
21:13:51 [DEBUG] [x10] Subscribed to funding/ADA/USD
21:13:51 [DEBUG] [x10] Subscribed to publicTrades/KAITO/USD
21:13:51 [DEBUG] [x10] Subscribed to publicTrades/SUI/USD
21:13:51 [DEBUG] [x10] Subscribed to funding/ASTER/USD
21:13:51 [DEBUG] [x10] Subscribed to publicTrades/HYPE/USD
21:13:52 [DEBUG] [x10] Subscribed to publicTrades/GRASS/USD
21:13:52 [DEBUG] [x10] Subscribed to publicTrades/WLFI/USD
21:13:52 [DEBUG] [x10] Subscribed to funding/S/USD
21:13:52 [DEBUG] [x10] Subscribed to publicTrades/TAO/USD
21:13:52 [DEBUG] [x10] Subscribed to publicTrades/IP/USD
21:13:52 [DEBUG] [x10] Subscribed to publicTrades/TON/USD
21:13:52 [DEBUG] Using cached positions (age: 4.5s)
21:13:52 [INFO] 🔍 DEBUG KAITO-USD: entry_time type=<class 'str'>, value=2025-11-30T20:13:36.409818+00:00
21:13:52 [DEBUG] Check KAITO-USD: Age=16.2s (Limit=60s)
21:13:52 [INFO] 🔍 DEBUG APEX-USD: entry_time type=<class 'str'>, value=2025-11-30T20:13:37.642896+00:00
21:13:52 [DEBUG] Check APEX-USD: Age=14.9s (Limit=60s)
21:13:52 [INFO] 🔍 DEBUG SUI-USD: entry_time type=<class 'str'>, value=2025-11-30T20:13:38.439619+00:00
21:13:52 [DEBUG] Check SUI-USD: Age=14.1s (Limit=60s)
21:13:52 [DEBUG] [x10] Subscribed to funding/ZORA/USD
21:13:52 [DEBUG] [x10] Subscribed to publicTrades/SPX/USD
21:13:52 [DEBUG] [x10] Subscribed to funding/TRX/USD
21:13:52 [DEBUG] [x10] Subscribed to publicTrades/BCH/USD
21:13:52 [DEBUG] [x10] Subscribed to funding/APT/USD
21:13:53 [DEBUG] [x10] Subscribed to funding/FIL/USD
21:13:53 [DEBUG] [x10] Subscribed to publicTrades/1000PEPE/USD
21:13:53 [DEBUG] [x10] Subscribed to funding/DOGE/USD
21:13:53 [DEBUG] [x10] Subscribed to publicTrades/FARTCOIN/USD
21:13:53 [DEBUG] [x10] Subscribed to publicTrades/WIF/USD
21:13:53 [DEBUG] [x10] Subscribed to funding/MNT/USD
21:13:53 [DEBUG] Fetching fresh positions (force=False, cache_age=5.5s)
21:13:53 [DEBUG] Sending GET https://api.starknet.extended.exchange/api/v1/user/positions?
21:13:53 [DEBUG] [x10] Subscribed to funding/AVNT/USD
21:13:53 [DEBUG] [x10] Subscribed to funding/XAG/USD
21:13:53 [DEBUG] [x10] Subscribed to publicTrades/ETH/USD
21:13:53 [DEBUG] ✅ SEI-USD: X10=$202,626, Lighter=$9,010,527, Total=$9,213,152
21:13:53 [DEBUG] [x10] Subscribed to funding/EDEN/USD
21:13:54 [DEBUG] [x10] Subscribed to funding/XPL/USD
21:13:54 [INFO] Lighter: Found 3 open positions
21:13:54 [INFO] 📊 Positions: X10=3, Lighter=3
21:13:54 [DEBUG] X10 positions: ['KAITO-USD', 'APEX-USD', 'SUI-USD']
21:13:54 [DEBUG] Lighter positions: ['SUI-USD', 'KAITO-USD', 'APEX-USD']
21:13:54 [INFO] 🔍 DEBUG KAITO-USD: entry_time type=<class 'str'>, value=2025-11-30T20:13:36.409818+00:00
21:13:54 [DEBUG] Check KAITO-USD: Age=17.6s (Limit=60s)
21:13:54 [INFO] 🔍 DEBUG APEX-USD: entry_time type=<class 'str'>, value=2025-11-30T20:13:37.642896+00:00
21:13:54 [DEBUG] Check APEX-USD: Age=16.4s (Limit=60s)
21:13:54 [INFO] 🚜 [FARM] Profit Take APEX-USD: Age=16s, Spread=0.006% (sehr niedrig), PnL=$0.00
21:13:54 [INFO]  💸 EXIT APEX-USD: FARM_QUICK_PROFIT | PnL $0.00 (Fees: $0.00)
21:13:54 [INFO]  🔻 CLOSING APEX-USD (Atomic Smart Close)...
21:13:54 [DEBUG] [x10] Subscribed to publicTrades/LTC/USD
21:13:54 [DEBUG] [x10] Subscribed to publicTrades/XAG/USD
21:13:54 [DEBUG] MAX_OPEN_TRADES (3) reached, waiting...
21:13:54 [DEBUG] [x10] Subscribed to funding/UNI/USD
21:13:54 [DEBUG] [x10] Subscribed to publicTrades/SEI/USD
21:13:54 [INFO] Lighter: Found 3 open positions
21:13:54 [ERROR] ❌ Lighter close failed for APEX-USD: '<' not supported between instances of 'float' and 'str'
21:13:54 [ERROR] ❌ ABBRUCH: Lighter close für APEX-USD fehlgeschlagen!
21:13:54 [ERROR] ⚠️ X10 wird NICHT geschlossen - MANUELLE INTERVENTION ERFORDERLICH!
21:13:54 [INFO] 🔍 DEBUG SUI-USD: entry_time type=<class 'str'>, value=2025-11-30T20:13:38.439619+00:00
21:13:54 [DEBUG] Check SUI-USD: Age=16.0s (Limit=60s)
21:13:54 [DEBUG] [x10] Subscribed to publicTrades/ZEC/USD
21:13:54 [DEBUG] [x10] Subscribed to publicTrades/MEGA/USD
21:13:54 [DEBUG] [x10] Subscribed to funding/AVAX/USD
21:13:54 [DEBUG] [x10] Subscribed to publicTrades/UNI/USD
21:13:54 [DEBUG] [x10] Subscribed to publicTrades/ADA/USD
21:13:54 [DEBUG] [x10] Subscribed to funding/BERA/USD
21:13:55 [DEBUG] [x10] Subscribed to publicTrades/CRV/USD
21:13:55 [DEBUG] [x10] Subscribed to publicTrades/APT/USD
21:13:55 [DEBUG] [x10] Subscribed to publicTrades/SOL/USD
21:13:55 [DEBUG] [x10] Subscribed to publicTrades/PUMP/USD
21:13:55 [DEBUG] [x10] Subscribed to funding/WLD/USD
21:13:55 [DEBUG] Using cached positions (age: 1.9s)
21:13:55 [INFO] 🔍 DEBUG KAITO-USD: entry_time type=<class 'str'>, value=2025-11-30T20:13:36.409818+00:00
21:13:55 [DEBUG] Check KAITO-USD: Age=19.0s (Limit=60s)
21:13:55 [INFO] 🔍 DEBUG APEX-USD: entry_time type=<class 'str'>, value=2025-11-30T20:13:37.642896+00:00
21:13:55 [DEBUG] Check APEX-USD: Age=17.8s (Limit=60s)
21:13:55 [INFO] 🚜 [FARM] Profit Take APEX-USD: Age=17s, Spread=0.006% (sehr niedrig), PnL=$0.00
21:13:55 [INFO]  💸 EXIT APEX-USD: FARM_QUICK_PROFIT | PnL $0.00 (Fees: $0.00)
21:13:55 [INFO]  🔻 CLOSING APEX-USD (Atomic Smart Close)...
21:13:55 [DEBUG] [x10] Subscribed to publicTrades/USDJPY/USD
21:13:55 [DEBUG] [x10] Subscribed to funding/POPCAT/USD
21:13:55 [DEBUG] [x10] Subscribed to funding/USDJPY/USD
21:13:55 [DEBUG] [x10] Subscribed to funding/CRV/USD
21:13:55 [INFO] Lighter: Found 3 open positions
21:13:55 [ERROR] ❌ Lighter close failed for APEX-USD: '<' not supported between instances of 'float' and 'str'
21:13:55 [ERROR] ❌ ABBRUCH: Lighter close für APEX-USD fehlgeschlagen!
21:13:55 [ERROR] ⚠️ X10 wird NICHT geschlossen - MANUELLE INTERVENTION ERFORDERLICH!
21:13:55 [INFO] 🔍 DEBUG SUI-USD: entry_time type=<class 'str'>, value=2025-11-30T20:13:38.439619+00:00
21:13:55 [DEBUG] Check SUI-USD: Age=17.5s (Limit=60s)
21:13:55 [DEBUG] [x10] Subscribed to publicTrades/EDEN/USD
21:13:56 [DEBUG] [x10] Subscribed to publicTrades/PENDLE/USD
21:13:56 [DEBUG] [x10] Subscribed to publicTrades/ARB/USD
21:13:56 [DEBUG] [x10] Subscribed to funding/NEAR/USD
21:13:56 [DEBUG] [x10] Subscribed to funding/RESOLV/USD
21:13:56 [DEBUG] [x10] Subscribed to publicTrades/BERA/USD
21:13:56 [DEBUG] [x10] Subscribed to publicTrades/WLD/USD
21:13:56 [DEBUG] [x10] Subscribed to funding/ARB/USD
21:13:56 [DEBUG] [x10] Subscribed to publicTrades/ENA/USD
21:13:56 [DEBUG] [x10] Subscribed to funding/GRASS/USD
21:13:56 [DEBUG] [x10] Subscribed to funding/EIGEN/USD
21:13:56 [DEBUG] Using cached positions (age: 3.3s)
21:13:56 [INFO] 🔍 DEBUG KAITO-USD: entry_time type=<class 'str'>, value=2025-11-30T20:13:36.409818+00:00
21:13:56 [DEBUG] Check KAITO-USD: Age=20.5s (Limit=60s)
21:13:56 [INFO] 🔍 DEBUG APEX-USD: entry_time type=<class 'str'>, value=2025-11-30T20:13:37.642896+00:00
21:13:56 [DEBUG] Check APEX-USD: Age=19.2s (Limit=60s)
21:13:56 [INFO] 🚜 [FARM] Profit Take APEX-USD: Age=19s, Spread=0.006% (sehr niedrig), PnL=$0.00
21:13:56 [INFO]  💸 EXIT APEX-USD: FARM_QUICK_PROFIT | PnL $0.00 (Fees: $0.00)
21:13:56 [INFO]  🔻 CLOSING APEX-USD (Atomic Smart Close)...
21:13:56 [DEBUG] [x10] Subscribed to funding/ETH/USD
21:13:57 [DEBUG] [x10] Subscribed to funding/IP/USD
21:13:57 [DEBUG] [x10] Subscribed to funding/MEGA/USD
21:13:57 [DEBUG] [x10] Subscribed to funding/ZRO/USD
21:13:57 [DEBUG] MAX_OPEN_TRADES (3) reached, waiting...
21:13:57 [DEBUG] [x10] Subscribed to publicTrades/LINK/USD
21:13:57 [INFO] Lighter: Found 3 open positions
21:13:57 [ERROR] ❌ Lighter close failed for APEX-USD: '<' not supported between instances of 'float' and 'str'
21:13:57 [ERROR] ❌ ABBRUCH: Lighter close für APEX-USD fehlgeschlagen!
21:13:57 [ERROR] ⚠️ X10 wird NICHT geschlossen - MANUELLE INTERVENTION ERFORDERLICH!
21:13:57 [INFO] 🔍 DEBUG SUI-USD: entry_time type=<class 'str'>, value=2025-11-30T20:13:38.439619+00:00
21:13:57 [DEBUG] Check SUI-USD: Age=18.9s (Limit=60s)
21:13:57 [DEBUG] [x10] Subscribed to publicTrades/DOT/USD
21:13:57 [DEBUG] [x10] Subscribed to publicTrades/XAU/USD
21:13:57 [DEBUG] [x10] Subscribed to funding/SUI/USD
21:13:57 [DEBUG] ✅ WLD-USD: X10=$109,912, Lighter=$1,977,939, Total=$2,087,851
21:13:57 [DEBUG] [x10] Subscribed to publicTrades/TRUMP/USD
21:13:57 [DEBUG] [x10] Subscribed to funding/HYPE/USD
21:13:57 [DEBUG] [x10] Subscribed to publicTrades/S/USD
21:13:57 [DEBUG] [x10] Subscribed to publicTrades/RESOLV/USD
21:13:58 [DEBUG] [x10] Subscribed to publicTrades/VIRTUAL/USD
21:13:58 [DEBUG] [x10] Subscribed to funding/WIF/USD
21:13:58 [DEBUG] [x10] Subscribed to publicTrades/MON/USD
21:13:58 [DEBUG] Using cached positions (age: 4.7s)
21:13:58 [INFO] 🔍 DEBUG KAITO-USD: entry_time type=<class 'str'>, value=2025-11-30T20:13:36.409818+00:00
21:13:58 [DEBUG] Check KAITO-USD: Age=21.9s (Limit=60s)
21:13:58 [INFO] 🔍 DEBUG APEX-USD: entry_time type=<class 'str'>, value=2025-11-30T20:13:37.642896+00:00
21:13:58 [DEBUG] Check APEX-USD: Age=20.7s (Limit=60s)
21:13:58 [INFO] 🚜 [FARM] Profit Take APEX-USD: Age=20s, Spread=0.006% (sehr niedrig), PnL=$0.00
21:13:58 [INFO]  💸 EXIT APEX-USD: FARM_QUICK_PROFIT | PnL $0.00 (Fees: $0.00)
21:13:58 [INFO]  🔻 CLOSING APEX-USD (Atomic Smart Close)...
21:13:58 [DEBUG] [x10] Subscribed to publicTrades/BNB/USD
21:13:58 [DEBUG] [x10] Subscribed to publicTrades/DOGE/USD
21:13:58 [DEBUG] [x10] Subscribed to funding/BCH/USD
21:13:58 [DEBUG] [x10] Subscribed to funding/JUP/USD
21:13:58 [DEBUG] [x10] Subscribed to publicTrades/POPCAT/USD
21:13:58 [INFO] Lighter: Found 3 open positions
21:13:58 [ERROR] ❌ Lighter close failed for APEX-USD: '<' not supported between instances of 'float' and 'str'
21:13:58 [ERROR] ❌ ABBRUCH: Lighter close für APEX-USD fehlgeschlagen!
21:13:58 [ERROR] ⚠️ X10 wird NICHT geschlossen - MANUELLE INTERVENTION ERFORDERLICH!
21:13:58 [INFO] 🔍 DEBUG SUI-USD: entry_time type=<class 'str'>, value=2025-11-30T20:13:38.439619+00:00
21:13:58 [DEBUG] Check SUI-USD: Age=20.3s (Limit=60s)
21:13:58 [DEBUG] [x10] Subscribed to funding/LINK/USD
21:13:58 [DEBUG] [x10] Subscribed to funding/WLFI/USD
21:13:59 [DEBUG] [x10] Subscribed to publicTrades/LINEA/USD
21:13:59 [DEBUG] [x10] Subscribed to publicTrades/NEAR/USD
21:13:59 [DEBUG] [x10] Subscribed to publicTrades/ZRO/USD
21:13:59 [DEBUG] [x10] Subscribed to funding/PENDLE/USD
21:13:59 [DEBUG] [x10] Subscribed to funding/BTC/USD
21:13:59 [DEBUG] [x10] Subscribed to funding/XRP/USD
21:13:59 [DEBUG] [x10] Subscribed to funding/TON/USD
21:13:59 [DEBUG] [x10] Subscribed to funding/LTC/USD
21:13:59 [DEBUG] [x10] Subscribed to publicTrades/APEX/USD
21:13:59 [DEBUG] Fetching fresh positions (force=False, cache_age=6.2s)
21:13:59 [DEBUG] Sending GET https://api.starknet.extended.exchange/api/v1/user/positions?
21:13:59 [DEBUG] [x10] Subscribed to funding/ONDO/USD
21:13:59 [DEBUG] [x10] Subscribed to funding/ENA/USD
21:14:00 [DEBUG] [x10] Subscribed to publicTrades/ZORA/USD
21:14:00 [DEBUG] [x10] Subscribed to funding/AERO/USD
21:14:00 [INFO] Lighter: Found 3 open positions
21:14:00 [INFO] 📊 Positions: X10=3, Lighter=3
21:14:00 [DEBUG] X10 positions: ['KAITO-USD', 'APEX-USD', 'SUI-USD']
21:14:00 [DEBUG] Lighter positions: ['SUI-USD', 'KAITO-USD', 'APEX-USD']
21:14:00 [INFO] 🔍 DEBUG KAITO-USD: entry_time type=<class 'str'>, value=2025-11-30T20:13:36.409818+00:00
21:14:00 [DEBUG] Check KAITO-USD: Age=23.8s (Limit=60s)
21:14:00 [INFO] 🔍 DEBUG APEX-USD: entry_time type=<class 'str'>, value=2025-11-30T20:13:37.642896+00:00
21:14:00 [DEBUG] Check APEX-USD: Age=22.6s (Limit=60s)
21:14:00 [INFO] 🚜 [FARM] Profit Take APEX-USD: Age=22s, Spread=0.006% (sehr niedrig), PnL=$0.00
21:14:00 [INFO]  💸 EXIT APEX-USD: FARM_QUICK_PROFIT | PnL $0.00 (Fees: $0.00)
21:14:00 [INFO]  🔻 CLOSING APEX-USD (Atomic Smart Close)...
21:14:00 [DEBUG] [x10] Subscribed to publicTrades/OP/USD
21:14:00 [DEBUG] 🐕 Watchdog OK: Daten-Alter 3.0s
21:14:00 [DEBUG] MAX_OPEN_TRADES (3) reached, waiting...
21:14:00 [DEBUG] [x10] Subscribed to funding/1000SHIB/USD
21:14:00 [DEBUG] [x10] Subscribed to funding/LDO/USD
21:14:00 [DEBUG] [x10] Subscribed to publicTrades/PENGU/USD
21:14:00 [DEBUG] [x10] Subscribed to publicTrades/AERO/USD
21:14:00 [INFO] Lighter: Found 3 open positions
21:14:00 [ERROR] ❌ Lighter close failed for APEX-USD: '<' not supported between instances of 'float' and 'str'
21:14:00 [ERROR] ❌ ABBRUCH: Lighter close für APEX-USD fehlgeschlagen!
21:14:00 [ERROR] ⚠️ X10 wird NICHT geschlossen - MANUELLE INTERVENTION ERFORDERLICH!
21:14:00 [INFO] 🔍 DEBUG SUI-USD: entry_time type=<class 'str'>, value=2025-11-30T20:13:38.439619+00:00
21:14:00 [DEBUG] Check SUI-USD: Age=22.2s (Limit=60s)
21:14:00 [WARNING] 🛑 Received SIGINT, initiating graceful shutdown...
21:14:00 [INFO] 🛑 Shutting down...
21:14:00 [INFO] 🛑 Initiating graceful shutdown...
21:14:00 [DEBUG] [x10] Subscribed to publicTrades/STRK/USD
21:14:00 [INFO] 🔍 Supervisor loop stopped
21:14:00 [INFO] 🛑 Cancelling logic_loop...
21:14:00 [INFO] 🛑 Cancelling trade_management_loop...
21:14:00 [INFO] 🛑 Cancelling farm_loop...
21:14:00 [INFO] 🛑 Cancelling maintenance_loop...
21:14:00 [INFO] 🛑 Cancelling cleanup_finished_tasks...
21:14:00 [INFO] 🛑 Cancelling health_reporter...
21:14:00 [INFO] 🛑 Cancelling connection_watchdog...
21:14:00 [INFO] Logic loop cancelled
21:14:00 [INFO] Connection watchdog cancelled
21:14:00 [INFO] ✅ All tasks stopped
21:14:00 [INFO] 🛑 Rollback processor: Shutdown signal received
21:14:00 [INFO] ✅ ParallelExecutionManager: Stopped
21:14:01 [DEBUG] ✅ FIL-USD: X10=$0, Lighter=$457,842, Total=$457,842
21:14:05 [INFO] 🔌 [lighter] WebSocket stopped
21:14:05 [INFO] 🔌 [x10] WebSocket stopped
21:14:05 [INFO] ✅ WebSocketManager stopped
21:14:05 [INFO] ✅ OpenInterestTracker stopped
21:14:05 [INFO] 🛑 Stopping InMemoryStateManager...
21:14:05 [INFO] 📝 State writer loop stopped
21:14:05 [INFO] ✅ InMemoryStateManager stopped
21:14:05 [INFO] 🔒 Closing database...
21:14:05 [INFO] 🖊️ Database write loop stopped
21:14:05 [INFO] ✅ Database closed
21:14:05 [INFO] ✅ X10 Adapter geschlossen.
21:14:05 [INFO] ✅ Lighter Adapter closed
21:14:05 [INFO] ✅ Bot V5 shutdown complete
