18:41:59 [INFO]  CONFIG VALIDIERUNG abgeschlossen.
18:41:59 [INFO] 🔥 BOT V5 (Architected) STARTING...
18:41:59 [INFO] 🚀 Starting InMemoryStateManager...
18:41:59 [INFO] 📂 Initializing database: data/trades.db
18:41:59 [INFO] ✅ Read pool created: 5 connections
18:41:59 [INFO] ✅ WAL mode enabled
18:41:59 [INFO] 🔄 Running database migrations...
18:41:59 [INFO] ✅ Migrations complete (11 statements)
18:41:59 [INFO] ✅ Database initialized
18:41:59 [INFO] 🖊️ Database write loop started
18:41:59 [INFO] 📂 Loaded 6 trades from database
18:41:59 [INFO] ✅ InMemoryStateManager started (loaded 6 trades)
18:41:59 [INFO] ✅ State Manager started
18:41:59 [INFO]  Telegram Bot disabled (Token/ChatID missing).
18:41:59 [INFO] ✅ Async database initialized
18:41:59 [INFO] 📝 State writer loop started
18:41:59 [DEBUG] ✅ Database schema up to date
18:41:59 [INFO] Initialisiere X10 Adapter...
18:41:59 [INFO]  X10 Account initialisiert.
18:41:59 [INFO] Initialisiere Lighter Adapter...
18:41:59 [INFO] 📊 Loading Market Data via REST...
18:41:59 [DEBUG] Sending GET https://api.starknet.extended.exchange/api/v1/info/markets?
18:41:59 [INFO] ⚙️ Lighter: Loading markets...
18:41:59 [DEBUG] Starting new HTTPS connection (1): mainnet.zklighter.elliot.ai:443
18:42:00 [DEBUG] https://mainnet.zklighter.elliot.ai:443 "GET /api/v1/nextNonce?account_index=60113&api_key_index=3 HTTP/1.1" 200 25
18:42:02 [INFO]  X10: 91 Märkte geladen, 91 Funding Rates, 78 Preise
18:42:57 [INFO] ✅ Lighter: 118/118 markets loaded (100.0%)
18:42:57 [INFO] ✅ Markets loaded: X10=91, Lighter=118
18:42:57 [INFO] FundingPredictorV2 initialized with BTC Correlation
18:42:57 [INFO] 启动 OI Tracker für 70 Symbole...
18:42:57 [INFO] ✅ OpenInterestTracker started (interval=30.0s)
18:42:57 [INFO] 🌐 Starting WebSocket Manager...
18:42:57 [INFO] 📊 OI Tracker: Starting cycle 1 (70 symbols)
18:42:57 [INFO] 🔌 [lighter] WebSocket manager started
18:42:57 [INFO] 🔌 [x10] WebSocket manager started
18:42:57 [INFO] ✅ WebSocketManager started
18:42:57 [DEBUG] ✅ BNB-USD: X10=$1,890,157, Lighter=$16,245, Total=$1,906,402
18:42:58 [INFO] ✅ [lighter] Connected to wss://mainnet.zklighter.elliot.ai/stream
18:42:58 [DEBUG] [lighter] Subscribed to order_book/6
18:42:58 [DEBUG] [lighter] Subscribed to order_book/8
18:42:58 [DEBUG] [lighter] Subscribed to trade/8
18:42:58 [INFO] ✅ [x10] Connected to wss://api.starknet.extended.exchange/stream.extended.exchange/v1/account
18:42:58 [DEBUG] [lighter] Subscribed to order_book/23
18:42:58 [DEBUG] [lighter] Subscribed to trade/23
18:42:58 [DEBUG] [lighter] Subscribed to order_book/30
18:42:58 [DEBUG] [lighter] Subscribed to trade/30
18:42:58 [DEBUG] [lighter] Subscribed to order_book/55
18:42:58 [DEBUG] [lighter] Subscribed to trade/55
18:42:58 [DEBUG] [lighter] Subscribed to trade/9
18:42:58 [DEBUG] [lighter] Subscribed to order_book/94
18:42:58 [DEBUG] [lighter] Subscribed to trade/94
18:42:58 [DEBUG] [lighter] Subscribed to order_book/91
18:42:58 [DEBUG] [lighter] Subscribed to trade/91
18:42:58 [DEBUG] [lighter] Subscribed to order_book/98
18:42:58 [DEBUG] [lighter] Subscribed to trade/98
18:42:58 [DEBUG] [lighter] Subscribed to trade/18
18:42:58 [DEBUG] [lighter] Subscribed to order_book/51
18:42:58 [DEBUG] [lighter] Subscribed to trade/51
18:42:58 [DEBUG] [lighter] Subscribed to order_book/42
18:42:58 [DEBUG] [lighter] Subscribed to trade/42
18:42:58 [DEBUG] [lighter] Subscribed to order_book/1
18:42:58 [DEBUG] [lighter] Subscribed to trade/1
18:42:58 [DEBUG] [lighter] Subscribed to order_book/47
18:42:58 [DEBUG] [lighter] Subscribed to trade/47
18:42:58 [DEBUG] [lighter] Subscribed to trade/12
18:42:58 [DEBUG] [lighter] Subscribed to order_book/17
18:42:58 [DEBUG] [lighter] Subscribed to trade/17
18:42:58 [DEBUG] [lighter] Subscribed to order_book/2
18:42:58 [DEBUG] [lighter] Subscribed to trade/2
18:42:58 [DEBUG] [lighter] Subscribed to order_book/89
18:42:58 [DEBUG] [lighter] Subscribed to trade/89
18:42:58 [DEBUG] [lighter] Subscribed to trade/20
18:42:58 [DEBUG] [lighter] Subscribed to order_book/82
18:42:58 [DEBUG] [lighter] Subscribed to trade/82
18:42:58 [DEBUG] [lighter] Subscribed to order_book/27
18:42:58 [DEBUG] [lighter] Subscribed to trade/27
18:42:58 [DEBUG] [lighter] Subscribed to order_book/15
18:42:58 [DEBUG] [lighter] Subscribed to trade/15
18:42:58 [DEBUG] [lighter] Subscribed to order_book/7
18:42:58 [DEBUG] [lighter] Subscribed to order_book/36
18:42:58 [DEBUG] [lighter] Subscribed to trade/36
18:42:58 [DEBUG] [lighter] Subscribed to order_book/71
18:42:58 [DEBUG] [lighter] Subscribed to trade/71
18:42:58 [DEBUG] [lighter] Subscribed to order_book/10
18:42:58 [DEBUG] [lighter] Subscribed to trade/10
18:42:58 [DEBUG] [lighter] Subscribed to order_book/21
18:42:58 [DEBUG] [lighter] Subscribed to trade/21
18:42:58 [DEBUG] [lighter] Subscribed to trade/38
18:42:58 [DEBUG] [lighter] Subscribed to order_book/28
18:42:58 [DEBUG] [lighter] Subscribed to trade/28
18:42:58 [DEBUG] [lighter] Subscribed to order_book/24
18:42:58 [DEBUG] [lighter] Subscribed to trade/24
18:42:58 [DEBUG] [lighter] Subscribed to order_book/72
18:42:58 [DEBUG] [lighter] Subscribed to trade/72
18:42:58 [DEBUG] [lighter] Subscribed to order_book/40
18:42:58 [DEBUG] [lighter] Subscribed to order_book/67
18:42:58 [DEBUG] [lighter] Subscribed to trade/67
18:42:58 [DEBUG] [lighter] Subscribed to order_book/76
18:42:58 [DEBUG] [lighter] Subscribed to trade/76
18:42:58 [DEBUG] [lighter] Subscribed to order_book/5
18:42:58 [DEBUG] [lighter] Subscribed to trade/5
18:42:58 [DEBUG] [lighter] Subscribed to order_book/46
18:42:58 [DEBUG] [lighter] Subscribed to trade/46
18:42:58 [DEBUG] [lighter] Subscribed to trade/25
18:42:58 [DEBUG] [lighter] Subscribed to order_book/104
18:42:58 [DEBUG] [lighter] Subscribed to trade/104
18:42:59 [DEBUG] [lighter] Subscribed to order_book/3
18:42:59 [DEBUG] [lighter] Subscribed to trade/3
18:42:59 [DEBUG] [lighter] Subscribed to order_book/63
18:42:59 [DEBUG] [lighter] Subscribed to trade/63
18:42:59 [DEBUG] [lighter] Subscribed to trade/45
18:42:59 [DEBUG] [lighter] Subscribed to order_book/13
18:42:59 [DEBUG] [lighter] Subscribed to trade/13
18:42:59 [DEBUG] [x10] Subscribed to publicTrades/TON/USD
18:42:59 [DEBUG] [x10] Subscribed to funding/TON/USD
18:42:59 [DEBUG] [lighter] Subscribed to order_book/49
18:42:59 [DEBUG] [x10] Subscribed to publicTrades/BNB/USD
18:42:59 [DEBUG] [x10] Subscribed to funding/BNB/USD
18:42:59 [DEBUG] [x10] Subscribed to publicTrades/DOT/USD
18:42:59 [DEBUG] [x10] Subscribed to funding/DOT/USD
18:42:59 [DEBUG] [x10] Subscribed to publicTrades/TRX/USD
18:42:59 [DEBUG] [x10] Subscribed to funding/TRX/USD
18:42:59 [DEBUG] [lighter] Subscribed to trade/103
18:42:59 [DEBUG] [x10] Subscribed to publicTrades/JUP/USD
18:42:59 [DEBUG] [x10] Subscribed to funding/JUP/USD
18:42:59 [DEBUG] [x10] Subscribed to publicTrades/ZORA/USD
18:42:59 [DEBUG] [x10] Subscribed to funding/ZORA/USD
18:42:59 [DEBUG] [lighter] Subscribed to trade/35
18:42:59 [DEBUG] [x10] Subscribed to publicTrades/ZEC/USD
18:42:59 [DEBUG] [x10] Subscribed to funding/ZEC/USD
18:42:59 [DEBUG] [lighter] Subscribed to order_book/58
18:42:59 [DEBUG] [x10] Subscribed to publicTrades/GRASS/USD
18:42:59 [DEBUG] [x10] Subscribed to funding/GRASS/USD
18:42:59 [DEBUG] [x10] Subscribed to publicTrades/BCH/USD
18:42:59 [DEBUG] [x10] Subscribed to funding/BCH/USD
18:42:59 [DEBUG] [x10] Subscribed to publicTrades/PENDLE/USD
18:42:59 [DEBUG] [x10] Subscribed to funding/PENDLE/USD
18:42:59 [DEBUG] [lighter] Subscribed to trade/41
18:42:59 [DEBUG] [x10] Subscribed to publicTrades/VIRTUAL/USD
18:42:59 [DEBUG] [x10] Subscribed to funding/VIRTUAL/USD
18:42:59 [DEBUG] [x10] Subscribed to publicTrades/1000BONK/USD
18:42:59 [DEBUG] [x10] Subscribed to funding/1000BONK/USD
18:42:59 [DEBUG] [lighter] Subscribed to order_book/83
18:42:59 [DEBUG] [x10] Subscribed to publicTrades/XRP/USD
18:42:59 [DEBUG] [x10] Subscribed to funding/XRP/USD
18:42:59 [DEBUG] [lighter] Subscribed to trade/60
18:42:59 [DEBUG] [x10] Subscribed to publicTrades/ONDO/USD
18:42:59 [DEBUG] [x10] Subscribed to funding/ONDO/USD
18:42:59 [DEBUG] [x10] Subscribed to publicTrades/FIL/USD
18:42:59 [DEBUG] [x10] Subscribed to funding/FIL/USD
18:42:59 [DEBUG] [lighter] Subscribed to order_book/60
18:42:59 [DEBUG] [x10] Subscribed to publicTrades/BERA/USD
18:42:59 [DEBUG] [x10] Subscribed to funding/BERA/USD
18:43:00 [DEBUG] [x10] Subscribed to publicTrades/WLD/USD
18:43:00 [DEBUG] [x10] Subscribed to funding/WLD/USD
18:43:00 [DEBUG] [lighter] Subscribed to order_book/93
18:43:00 [DEBUG] [x10] Subscribed to publicTrades/EIGEN/USD
18:43:00 [DEBUG] [x10] Subscribed to funding/EIGEN/USD
18:43:00 [DEBUG] [x10] Subscribed to publicTrades/LTC/USD
18:43:00 [DEBUG] [x10] Subscribed to funding/LTC/USD
18:43:00 [DEBUG] [lighter] Subscribed to order_book/39
18:43:00 [DEBUG] [x10] Subscribed to publicTrades/SUI/USD
18:43:00 [DEBUG] [x10] Subscribed to funding/SUI/USD
18:43:00 [DEBUG] [x10] Subscribed to publicTrades/APT/USD
18:43:00 [DEBUG] [x10] Subscribed to funding/APT/USD
18:43:00 [DEBUG] [lighter] Subscribed to order_book/34
18:43:00 [DEBUG] [x10] Subscribed to publicTrades/ASTER/USD
18:43:00 [DEBUG] [x10] Subscribed to funding/ASTER/USD
18:43:00 [DEBUG] [lighter] Subscribed to order_book/50
18:43:00 [DEBUG] [x10] Subscribed to publicTrades/IP/USD
18:43:00 [DEBUG] [x10] Subscribed to funding/IP/USD
18:43:00 [DEBUG] [x10] Subscribed to publicTrades/XAU/USD
18:43:00 [DEBUG] [x10] Subscribed to funding/XAU/USD
18:43:00 [DEBUG] [lighter] Subscribed to market_stats/all
18:43:00 [DEBUG] [x10] Subscribed to publicTrades/ADA/USD
18:43:00 [DEBUG] [x10] Subscribed to funding/ADA/USD
18:43:00 [DEBUG] [x10] Subscribed to publicTrades/SEI/USD
18:43:00 [DEBUG] [x10] Subscribed to funding/SEI/USD
18:43:00 [DEBUG] [lighter] Subscribed to trade/6
18:43:00 [DEBUG] [x10] Subscribed to publicTrades/ZRO/USD
18:43:00 [DEBUG] [x10] Subscribed to funding/ZRO/USD
18:43:00 [DEBUG] [x10] Subscribed to publicTrades/PUMP/USD
18:43:00 [DEBUG] [x10] Subscribed to funding/PUMP/USD
18:43:00 [DEBUG] [lighter] Subscribed to trade/39
18:43:00 [DEBUG] [x10] Subscribed to publicTrades/1000PEPE/USD
18:43:00 [DEBUG] [x10] Subscribed to funding/1000PEPE/USD
18:43:00 [DEBUG] [x10] Subscribed to publicTrades/AVAX/USD
18:43:00 [DEBUG] [x10] Subscribed to funding/AVAX/USD
18:43:00 [DEBUG] [lighter] Subscribed to order_book/45
18:43:00 [DEBUG] [x10] Subscribed to publicTrades/ENA/USD
18:43:00 [DEBUG] [x10] Subscribed to funding/ENA/USD
18:43:00 [DEBUG] [x10] Subscribed to publicTrades/ARB/USD
18:43:00 [DEBUG] [x10] Subscribed to funding/ARB/USD
18:43:00 [DEBUG] [lighter] Subscribed to order_book/29
18:43:00 [DEBUG] [x10] Subscribed to publicTrades/XAG/USD
18:43:00 [DEBUG] [x10] Subscribed to funding/XAG/USD
18:43:00 [DEBUG] [x10] Subscribed to publicTrades/KAITO/USD
18:43:00 [DEBUG] [x10] Subscribed to funding/KAITO/USD
18:43:00 [DEBUG] [lighter] Subscribed to order_book/38
18:43:00 [DEBUG] [x10] Subscribed to publicTrades/AERO/USD
18:43:00 [DEBUG] [x10] Subscribed to funding/AERO/USD
18:43:01 [DEBUG] [x10] Subscribed to publicTrades/APEX/USD
18:43:01 [DEBUG] [x10] Subscribed to funding/APEX/USD
18:43:01 [DEBUG] [lighter] Subscribed to trade/53
18:43:01 [DEBUG] [x10] Subscribed to publicTrades/S/USD
18:43:01 [DEBUG] [x10] Subscribed to funding/S/USD
18:43:01 [DEBUG] [x10] Subscribed to publicTrades/LINK/USD
18:43:01 [DEBUG] [x10] Subscribed to funding/LINK/USD
18:43:01 [DEBUG] [lighter] Subscribed to order_book/33
18:43:01 [DEBUG] [x10] Subscribed to publicTrades/POPCAT/USD
18:43:01 [DEBUG] [x10] Subscribed to funding/POPCAT/USD
18:43:01 [DEBUG] [x10] Subscribed to publicTrades/UNI/USD
18:43:01 [DEBUG] [x10] Subscribed to funding/UNI/USD
18:43:01 [DEBUG] [lighter] Subscribed to order_book/43
18:43:01 [DEBUG] [x10] Subscribed to publicTrades/OP/USD
18:43:01 [DEBUG] [x10] Subscribed to funding/OP/USD
18:43:01 [DEBUG] [x10] Subscribed to publicTrades/MEGA/USD
18:43:01 [DEBUG] [x10] Subscribed to funding/MEGA/USD
18:43:01 [DEBUG] [lighter] Subscribed to trade/90
18:43:01 [DEBUG] [x10] Subscribed to publicTrades/MON/USD
18:43:01 [DEBUG] [x10] Subscribed to funding/MON/USD
18:43:01 [DEBUG] [x10] Subscribed to publicTrades/USDJPY/USD
18:43:01 [DEBUG] [x10] Subscribed to funding/USDJPY/USD
18:43:01 [DEBUG] [lighter] Subscribed to trade/37
18:43:01 [DEBUG] [x10] Subscribed to publicTrades/RESOLV/USD
18:43:01 [DEBUG] [x10] Subscribed to funding/RESOLV/USD
18:43:01 [DEBUG] [x10] Subscribed to publicTrades/SPX/USD
18:43:01 [DEBUG] [x10] Subscribed to funding/SPX/USD
18:43:01 [DEBUG] [lighter] Subscribed to trade/16
18:43:01 [DEBUG] [x10] Subscribed to publicTrades/BTC/USD
18:43:01 [DEBUG] [x10] Subscribed to funding/BTC/USD
18:43:01 [DEBUG] [x10] Subscribed to publicTrades/PENGU/USD
18:43:01 [DEBUG] [x10] Subscribed to funding/PENGU/USD
18:43:01 [DEBUG] [lighter] Subscribed to trade/33
18:43:01 [DEBUG] ✅ TON-USD: X10=$139,430, Lighter=$918,223, Total=$1,057,653
18:43:01 [DEBUG] [x10] Subscribed to publicTrades/1000SHIB/USD
18:43:01 [DEBUG] [x10] Subscribed to funding/1000SHIB/USD
18:43:01 [DEBUG] [x10] Subscribed to publicTrades/SOL/USD
18:43:01 [DEBUG] [x10] Subscribed to funding/SOL/USD
18:43:01 [DEBUG] [lighter] Subscribed to trade/49
18:43:01 [DEBUG] [x10] Subscribed to publicTrades/EDEN/USD
18:43:01 [DEBUG] [x10] Subscribed to funding/EDEN/USD
18:43:01 [DEBUG] [x10] Subscribed to publicTrades/AVNT/USD
18:43:01 [DEBUG] [x10] Subscribed to funding/AVNT/USD
18:43:01 [DEBUG] [lighter] Subscribed to order_book/4
18:43:01 [DEBUG] [x10] Subscribed to publicTrades/AAVE/USD
18:43:01 [DEBUG] [x10] Subscribed to funding/AAVE/USD
18:43:01 [DEBUG] [x10] Subscribed to publicTrades/TRUMP/USD
18:43:01 [DEBUG] [x10] Subscribed to funding/TRUMP/USD
18:43:01 [DEBUG] [lighter] Subscribed to order_book/11
18:43:01 [DEBUG] [x10] Subscribed to publicTrades/CRV/USD
18:43:01 [DEBUG] [x10] Subscribed to funding/CRV/USD
18:43:01 [DEBUG] [x10] Subscribed to publicTrades/XPL/USD
18:43:01 [DEBUG] [x10] Subscribed to funding/XPL/USD
18:43:01 [DEBUG] [lighter] Subscribed to order_book/103
18:43:02 [DEBUG] [x10] Subscribed to publicTrades/NEAR/USD
18:43:02 [DEBUG] [x10] Subscribed to funding/NEAR/USD
18:43:02 [DEBUG] [x10] Subscribed to publicTrades/FARTCOIN/USD
18:43:02 [DEBUG] [x10] Subscribed to funding/FARTCOIN/USD
18:43:02 [DEBUG] [lighter] Subscribed to trade/50
18:43:02 [DEBUG] [x10] Subscribed to publicTrades/ETH/USD
18:43:02 [DEBUG] [x10] Subscribed to funding/ETH/USD
18:43:02 [DEBUG] [x10] Subscribed to publicTrades/MKR/USD
18:43:02 [DEBUG] [x10] Subscribed to funding/MKR/USD
18:43:02 [DEBUG] [lighter] Subscribed to order_book/16
18:43:02 [DEBUG] [x10] Subscribed to publicTrades/HYPE/USD
18:43:02 [DEBUG] [x10] Subscribed to funding/HYPE/USD
18:43:02 [DEBUG] [x10] Subscribed to publicTrades/WLFI/USD
18:43:02 [DEBUG] [x10] Subscribed to funding/WLFI/USD
18:43:02 [DEBUG] [lighter] Subscribed to trade/83
18:43:02 [DEBUG] [x10] Subscribed to publicTrades/TIA/USD
18:43:02 [DEBUG] [x10] Subscribed to funding/TIA/USD
18:43:02 [DEBUG] [x10] Subscribed to publicTrades/LINEA/USD
18:43:02 [DEBUG] [x10] Subscribed to funding/LINEA/USD
18:43:02 [DEBUG] [lighter] Subscribed to trade/40
18:43:02 [DEBUG] [x10] Subscribed to publicTrades/WIF/USD
18:43:02 [DEBUG] [x10] Subscribed to funding/WIF/USD
18:43:02 [DEBUG] [x10] Subscribed to publicTrades/LDO/USD
18:43:02 [DEBUG] [x10] Subscribed to funding/LDO/USD
18:43:02 [DEBUG] [lighter] Subscribed to order_book/9
18:43:02 [DEBUG] [x10] Subscribed to publicTrades/STRK/USD
18:43:02 [DEBUG] [x10] Subscribed to funding/STRK/USD
18:43:02 [DEBUG] [x10] Subscribed to publicTrades/DOGE/USD
18:43:02 [DEBUG] [x10] Subscribed to funding/DOGE/USD
18:43:02 [DEBUG] [lighter] Subscribed to order_book/52
18:43:02 [DEBUG] [x10] Subscribed to publicTrades/MNT/USD
18:43:02 [DEBUG] [x10] Subscribed to funding/MNT/USD
18:43:02 [DEBUG] [x10] Subscribed to publicTrades/TAO/USD
18:43:02 [DEBUG] [x10] Subscribed to funding/TAO/USD
18:43:02 [DEBUG] [lighter] Subscribed to trade/26
18:43:02 [INFO] 🔗 Components Wired: WS -> OI Tracker -> Prediction
18:43:02 [INFO] 🧟 Starte Zombie-Check: Vergleiche DB mit echten Positionen...
18:43:02 [INFO] 🔍 DB meldet 6 offene Trades. Prüfe Exchange...
18:43:02 [DEBUG] Sending GET https://api.starknet.extended.exchange/api/v1/user/positions?
18:43:02 [DEBUG] [lighter] Subscribed to trade/43
18:43:02 [DEBUG] [lighter] Subscribed to trade/34
18:43:02 [DEBUG] [lighter] Subscribed to trade/31
18:43:03 [DEBUG] [lighter] Subscribed to order_book/12
18:43:03 [DEBUG] [lighter] Subscribed to trade/92
18:43:03 [DEBUG] [lighter] Subscribed to order_book/53
18:43:03 [DEBUG] [lighter] Subscribed to trade/32
18:43:03 [DEBUG] [lighter] Subscribed to trade/86
18:43:03 [DEBUG] [lighter] Subscribed to order_book/25
18:43:03 [DEBUG] [lighter] Subscribed to order_book/90
18:43:03 [DEBUG] [lighter] Subscribed to trade/52
18:43:03 [DEBUG] [lighter] Subscribed to order_book/26
18:43:03 [DEBUG] [lighter] Subscribed to trade/29
18:43:03 [DEBUG] [lighter] Subscribed to order_book/32
18:43:04 [DEBUG] [lighter] Subscribed to trade/65
18:43:04 [DEBUG] [lighter] Subscribed to order_book/18
18:43:04 [DEBUG] [lighter] Subscribed to order_book/86
18:43:04 [DEBUG] [lighter] Subscribed to order_book/37
18:43:04 [INFO] Lighter: Found 0 open positions
18:43:04 [INFO] 🌍 Echte Positionen auf Exchanges: []
18:43:04 [WARNING] ⚠️  ZOMBIE GEFUNDEN: OP-USD ist in DB offen, aber nicht auf Exchange. Schließe ihn...
18:43:04 [INFO] ✅ Trade OP-USD closed (PnL: $0.00)
18:43:04 [WARNING] ⚠️  ZOMBIE GEFUNDEN: KAITO-USD ist in DB offen, aber nicht auf Exchange. Schließe ihn...
18:43:04 [INFO] ✅ Trade KAITO-USD closed (PnL: $0.00)
18:43:04 [WARNING] ⚠️  ZOMBIE GEFUNDEN: LINEA-USD ist in DB offen, aber nicht auf Exchange. Schließe ihn...
18:43:04 [INFO] ✅ Trade LINEA-USD closed (PnL: $0.00)
18:43:04 [WARNING] ⚠️  ZOMBIE GEFUNDEN: UNI-USD ist in DB offen, aber nicht auf Exchange. Schließe ihn...
18:43:04 [INFO] ✅ Trade UNI-USD closed (PnL: $0.00)
18:43:04 [WARNING] ⚠️  ZOMBIE GEFUNDEN: BERA-USD ist in DB offen, aber nicht auf Exchange. Schließe ihn...
18:43:04 [INFO] ✅ Trade BERA-USD closed (PnL: $0.00)
18:43:04 [WARNING] ⚠️  ZOMBIE GEFUNDEN: WLFI-USD ist in DB offen, aber nicht auf Exchange. Schließe ihn...
18:43:04 [INFO] ✅ Trade WLFI-USD closed (PnL: $0.00)
18:43:04 [INFO] ✅ ParallelExecutionManager: Rollback processor started
18:43:04 [INFO] ✅ ParallelExecutionManager started
18:43:04 [INFO] 📝 Registered task: logic_loop (critical=True)
18:43:04 [INFO] 📝 Registered task: trade_management_loop (critical=True)
18:43:04 [INFO] 📝 Registered task: farm_loop (critical=False)
18:43:04 [INFO] 📝 Registered task: maintenance_loop (critical=False)
18:43:04 [INFO] 📝 Registered task: cleanup_finished_tasks (critical=False)
18:43:04 [INFO] 📝 Registered task: health_reporter (critical=False)
18:43:04 [INFO] 📝 Registered task: connection_watchdog (critical=True)
18:43:04 [INFO] ✅ Signal handlers installed (SIGINT, SIGTERM)
18:43:04 [INFO] ▶️  Started task: logic_loop
18:43:04 [INFO] ▶️  Started task: trade_management_loop
18:43:04 [INFO] ▶️  Started task: farm_loop
18:43:04 [INFO] ▶️  Started task: maintenance_loop
18:43:04 [INFO] ▶️  Started task: cleanup_finished_tasks
18:43:04 [INFO] ▶️  Started task: health_reporter
18:43:04 [INFO] ▶️  Started task: connection_watchdog
18:43:04 [INFO] 🚀 Started 7 tasks
18:43:04 [INFO] ═══════════════════════════════════════════════════════════
18:43:04 [INFO]    BOT V5 RUNNING 24/7 - SUPERVISED | Ctrl+C = Stop   
18:43:04 [INFO] ═══════════════════════════════════════════════════════════
18:43:04 [INFO] 🔄 Rollback processor running...
18:43:04 [INFO] Logic Loop gestartet – REFRESH alle 3s
18:43:04 [INFO] ⚡ Latency Arb Detector initialized (threshold: 1.0s)
18:43:04 [INFO] ❄️ Warming up caches (waiting for WS data)... X10=91, Lit=0
18:43:04 [INFO] 🛡️ Trade Management Loop gestartet
18:43:04 [INFO] 🚜 Farm Mode ACTIVE
18:43:04 [DEBUG] Sending GET https://api.starknet.extended.exchange/api/v1/user/balance
18:43:04 [DEBUG] 📊 X10 Funding Cache refresh (current=91)
18:43:04 [INFO] 🐕 Connection Watchdog gestartet (Timeout: 120s)
18:43:04 [INFO] 🔍 Supervisor loop started
18:43:04 [DEBUG] 📝 Flushed 1 writes
18:43:04 [DEBUG] 📝 Flushed 1 writes in 16.0ms
18:43:04 [DEBUG] [lighter] Subscribed to trade/93
18:43:04 [DEBUG] Sending GET https://api.starknet.extended.exchange/api/v1/info/markets?
18:43:04 [DEBUG] [lighter] Subscribed to order_book/92
18:43:04 [DEBUG] [lighter] Subscribed to trade/7
18:43:04 [DEBUG] [lighter] Subscribed to order_book/31
18:43:04 [DEBUG] [lighter] Subscribed to trade/11
18:43:04 [DEBUG] [lighter] Subscribed to order_book/35
18:43:04 [DEBUG] [lighter] Subscribed to order_book/41
18:43:05 [DEBUG] [lighter] Subscribed to trade/4
18:43:05 [DEBUG] [lighter] Subscribed to order_book/20
18:43:05 [DEBUG] [lighter] Subscribed to order_book/65
18:43:05 [DEBUG] Lighter Balance: Raw=$301.50, Safe=$286.43
18:43:05 [INFO] 🚜 Opening FARM: TON-USD APY=31.5%
18:43:05 [INFO]  Volatility Monitor initialized: Low<3.0%, Normal<10.0%, High<20.0%, Hard Cap<50.0%
18:43:05 [DEBUG] Sending GET https://api.starknet.extended.exchange/api/v1/user/balance
18:43:05 [DEBUG] [lighter] Subscribed to trade/58
18:43:05 [DEBUG] 📝 Flushed 1 writes in 0.0ms
18:43:05 [DEBUG] ✅ TAO-USD: X10=$282,016, Lighter=$7,481, Total=$289,497
18:43:05 [INFO] 🎲 KellyPositionSizer initialized (Safety=0.25, MaxFraction=0.1)
18:43:05 [INFO] 🎰 KELLY TON-USD: win_rate=80.0%, kelly_fraction=0.6000, safe_fraction=0.0500, confidence=LOW, samples=0
18:43:05 [INFO] 📊 KELLY SIZE TON-USD: base=$30.0, kelly_recommended=$14.3, final=$30.0
18:43:05 [INFO] 🚀 Opening TON-USD: Size=$30.0 (Min=$16.6)
18:43:05 [INFO] 🔄 [PARALLEL] TON-USD: Lighter POST-ONLY first
18:43:05 [INFO] 🚀 LIGHTER OPEN TON-USD: side=SELL, size_usd=$30.00, price=$1.579720
18:43:05 [INFO] 🔄 [PARALLEL] TON-USD: X10 MARKET order
18:43:05 [DEBUG] Create Order Tx Info: {"AccountIndex":60113,"ApiKeyIndex":3,"MarketIndex":12,"ClientOrderIndex":1764524645781,"BaseAmount":192,"Price":157024,"IsAsk":1,"Type":0,"TimeInForce":1,"ReduceOnly":0,"TriggerPrice":0,"OrderExpiry":1766943785613,"ExpiredAt":1764525184613,"Nonce":1783,"Sig":"bWA4g2yekIERvrPWTyWx+mQ8YxC/imyii+hPiZFjdrkM9H37r0JxdnQYhyp4U4cZP5fF1R3o45I6uAHQQuUVMgnM7s9kA+jkLFxa3t1p/0A="}
18:43:05 [DEBUG] Sending GET https://api.starknet.extended.exchange/api/v1/info/markets?
18:43:05 [DEBUG] Create Order Send Tx Response: code=200 message='{"ratelimit": "didn\'t use volume quota"}' tx_hash='e05215534c97838e260cd7181266e5f266e1e2a6c8379a801d8f008fdb5d4cb4ee3237752778e59e' predicted_execution_time_ms=1764524579625 additional_properties={}
18:43:05 [INFO] Lighter Order: e05215534c97838e260cd7181266e5f266e1e2a6c8379a801d8f008fdb5d4cb4ee3237752778e59e
18:43:06 [DEBUG] 📝 Flushed 1 writes in 0.0ms
18:43:06 [INFO]  X10: 91 Märkte geladen, 91 Funding Rates, 78 Preise
18:43:06 [DEBUG] X10: Funding Refresh OK, cache=91
18:43:06 [DEBUG] 📊 Lighter Funding Cache refresh (current=0)
18:43:07 [DEBUG] Lighter: Loaded 389 funding rates
18:43:07 [DEBUG] Lighter: Funding Refresh OK, cache=118
18:43:07 [INFO] 🔍 🚜 FARM Scanning 70 pairs. Open symbols to skip: set()
18:43:07 [DEBUG] Price cache status: X10=70/70, Lighter=69/70
18:43:07 [INFO] 🔍 Scanning 70 pairs. Lighter markets: 118, X10 markets: 91
18:43:07 [DEBUG] 📝 Flushed 1 writes in 0.0ms
18:43:07 [DEBUG] Placing an order: id=1146979890982452769052744542904020417746573522661239028748961172767186926422
18:43:07 [DEBUG] Sending POST https://api.starknet.extended.exchange/api/v1/user/order, headers={<RequestHeader.ACCEPT: 'Accept'>: 'application/json', <RequestHeader.CONTENT_TYPE: 'Content-Type'>: 'application/json', <RequestHeader.USER_AGENT: 'User-Agent'>: 'X10PythonTradingClient/0.0.17', <RequestHeader.API_KEY: 'X-Api-Key'>: 'a1c9207f79f0e57ddc454bf1e16dbe49'}
18:43:07 [DEBUG] MKR-USD: Missing prices (X=1663.9, L=None)
18:43:07 [INFO] ✅ Found 0 opportunities with predictions (farm_mode=True)
18:43:07 [INFO] ⚠️ Keine Prediction-Opportunities, nutze Fallback mit echten Funding Rates...
18:43:07 [DEBUG] Skip 1000BONK-USD: Spread 0.45% too high
18:43:07 [INFO] 🔍 DEBUG BERA-USD: rl=-0.00002200, rx=-0.00010100, net=0.00007900, apy=69.2%
18:43:07 [INFO] 💎 BERA-USD | APY: 69.2%
18:43:07 [INFO] 🔍 DEBUG IP-USD: rl=-0.00025700, rx=-0.00004800, net=-0.00020900, apy=183.1%
18:43:07 [DEBUG] Skip IP-USD: Spread 0.60% too high
18:43:07 [DEBUG] ⛔ Skip XAU-USD: TradFi/FX
18:43:07 [DEBUG] Skip SEI-USD: Spread 0.45% too high
18:43:07 [DEBUG] ⛔ Skip XAG-USD: TradFi/FX
18:43:07 [DEBUG] ⛔ Skip AERO-USD: In BLACKLIST
18:43:07 [INFO] 🔍 DEBUG UNI-USD: rl=0.00001200, rx=-0.00005700, net=0.00006900, apy=60.4%
18:43:07 [INFO] 💎 UNI-USD | APY: 60.4%
18:43:07 [DEBUG] ⛔ Skip MEGA-USD: In BLACKLIST
18:43:07 [DEBUG] Skip RESOLV-USD: Spread 0.53% too high
18:43:07 [DEBUG] ⛔ Skip SPX-USD: TradFi/FX
18:43:07 [DEBUG] Skip NEAR-USD: Spread 0.57% too high
18:43:07 [DEBUG] Skip TIA-USD: Spread 0.39% too high
18:43:07 [INFO] ✅ Found 24 opportunities from 64 valid pairs (farm_mode=True, scanned=70)
18:43:07 [INFO] 🎯 Found 3 opportunities, executing best...
18:43:07 [DEBUG] Sending GET https://api.starknet.extended.exchange/api/v1/user/balance
18:43:08 [DEBUG] 📝 Flushed 1 writes in 0.0ms
18:43:08 [INFO]  X10 Order: 1995186823256932352
18:43:08 [INFO] ✅ [PARALLEL] TON-USD: Both legs filled in 3062ms
18:43:08 [DEBUG] 📝 Trade added to state: TON-USD
18:43:08 [DEBUG] 🧹 Cleaned task: TON-USD
18:43:08 [DEBUG] Lighter Balance: Raw=$301.50, Safe=$286.43
18:43:08 [INFO] X10: Detected balance = $306.10
18:43:08 [INFO] 🚀 Launching 2 trades (Slots available: 2)
18:43:08 [DEBUG] Sending GET https://api.starknet.extended.exchange/api/v1/user/positions?
18:43:08 [DEBUG] ✅ DOT-USD: X10=$0, Lighter=$562,966, Total=$562,966
18:43:09 [DEBUG] Fetching fresh positions (force=False, cache_age=1764524589.4s)
18:43:09 [DEBUG] Sending GET https://api.starknet.extended.exchange/api/v1/user/positions?
18:43:09 [DEBUG] 📝 Flushed 5 writes
18:43:09 [DEBUG] 📝 Flushed 1 writes in 0.0ms
18:43:09 [INFO] Lighter: Found 1 open positions
18:43:09 [INFO] 💰 Balance: X10=$306.1 (free=$298.3), Lit=$286.4 (free=$278.6) | DB_Trades=1, Real_Positions=1, Locked=$5/ex
18:43:09 [INFO] 🚀 Launching trade for BERA-USD (APY=69.2%)
18:43:09 [DEBUG] Sending GET https://api.starknet.extended.exchange/api/v1/user/balance
18:43:09 [INFO] 🚀 Launching trade for UNI-USD (APY=60.4%)
18:43:10 [INFO] Lighter: Found 1 open positions
18:43:10 [INFO] 📊 Positions: X10=1, Lighter=1
18:43:10 [DEBUG] X10 positions: ['TON-USD']
18:43:10 [DEBUG] Lighter positions: ['TON-USD']
18:43:10 [DEBUG] 📝 Flushed 1 writes
18:43:10 [DEBUG] 📝 Flushed 1 writes in 0.0ms
18:43:10 [INFO] ✅ Launched 2 trade tasks this cycle
18:43:10 [INFO] 🎰 KELLY BERA-USD: win_rate=80.0%, kelly_fraction=0.6000, safe_fraction=0.0500, confidence=LOW, samples=0
18:43:10 [INFO] 📊 KELLY SIZE BERA-USD: base=$30.0, kelly_recommended=$14.3, final=$30.0
18:43:10 [DEBUG] Sending GET https://api.starknet.extended.exchange/api/v1/user/balance
18:43:10 [INFO] 🎰 KELLY UNI-USD: win_rate=80.0%, kelly_fraction=0.6000, safe_fraction=0.0500, confidence=LOW, samples=0
18:43:10 [INFO] 📊 KELLY SIZE UNI-USD: base=$30.0, kelly_recommended=$14.3, final=$30.0
18:43:10 [INFO] 🚀 Opening BERA-USD: Size=$30.0 (Min=$11.0)
18:43:10 [INFO] 🔄 [PARALLEL] BERA-USD: Lighter POST-ONLY first
18:43:10 [INFO] 🚀 Opening UNI-USD: Size=$30.0 (Min=$11.0)
18:43:10 [INFO] 🔄 [PARALLEL] UNI-USD: Lighter POST-ONLY first
18:43:10 [INFO] 🚀 LIGHTER OPEN BERA-USD: side=SELL, size_usd=$30.00, price=$0.902460
18:43:10 [INFO] 🔄 [PARALLEL] BERA-USD: X10 MARKET order
18:43:10 [INFO] 🔄 [PARALLEL] UNI-USD: X10 MARKET order
18:43:10 [DEBUG] Create Order Tx Info: {"AccountIndex":60113,"ApiKeyIndex":3,"MarketIndex":20,"ClientOrderIndex":1764524624682,"BaseAmount":335,"Price":89704,"IsAsk":1,"Type":0,"TimeInForce":1,"ReduceOnly":0,"TriggerPrice":0,"OrderExpiry":1766943790680,"ExpiredAt":1764525189680,"Nonce":1784,"Sig":"aw8Ef2PkBvF3SL8DHuHtShYWjLw1OeOiONuURReKQfyo6YIFU8ThGzPz4vWg17vb3IwKGCRrbcTN4aCwUjMve27TqcYuLdaiaiMLSQynEWI="}
18:43:10 [INFO] 🚀 LIGHTER OPEN UNI-USD: side=SELL, size_usd=$30.00, price=$6.170600
18:43:10 [DEBUG] Create Order Tx Info: {"AccountIndex":60113,"ApiKeyIndex":3,"MarketIndex":30,"ClientOrderIndex":1764524630816,"BaseAmount":490,"Price":61335,"IsAsk":1,"Type":0,"TimeInForce":1,"ReduceOnly":0,"TriggerPrice":0,"OrderExpiry":1766943790708,"ExpiredAt":1764525189708,"Nonce":1785,"Sig":"nT5cOPCmYbFHSNqGA+TVwU5X3pA0GSXmybTgWmTMQve4hIaMR6zFYc9nPuQr86+j79YHqwiqY+PUt0EpnlezKGVeppTr01GRs5e7P285aHQ="}
18:43:10 [DEBUG] Placing an order: id=1672039810507904074213396240737274069481004839497027714084656366379398886516
18:43:10 [DEBUG] Sending POST https://api.starknet.extended.exchange/api/v1/user/order, headers={<RequestHeader.ACCEPT: 'Accept'>: 'application/json', <RequestHeader.CONTENT_TYPE: 'Content-Type'>: 'application/json', <RequestHeader.USER_AGENT: 'User-Agent'>: 'X10PythonTradingClient/0.0.17', <RequestHeader.API_KEY: 'X-Api-Key'>: 'a1c9207f79f0e57ddc454bf1e16dbe49'}
18:43:10 [DEBUG] Placing an order: id=3270345401597894856779949033232400217894182635942153755353421326729461701322
18:43:10 [DEBUG] Sending POST https://api.starknet.extended.exchange/api/v1/user/order, headers={<RequestHeader.ACCEPT: 'Accept'>: 'application/json', <RequestHeader.CONTENT_TYPE: 'Content-Type'>: 'application/json', <RequestHeader.USER_AGENT: 'User-Agent'>: 'X10PythonTradingClient/0.0.17', <RequestHeader.API_KEY: 'X-Api-Key'>: 'a1c9207f79f0e57ddc454bf1e16dbe49'}
18:43:10 [DEBUG] Create Order Send Tx Response: code=200 message='{"ratelimit": "didn\'t use volume quota"}' tx_hash='dea6b8018263eadf4326d31dd32df49765513b35b01e5e7a7f1fd444c9eb820d327466e640173a1b' predicted_execution_time_ms=1764524584690 additional_properties={}
18:43:10 [INFO] Lighter Order: dea6b8018263eadf4326d31dd32df49765513b35b01e5e7a7f1fd444c9eb820d327466e640173a1b
18:43:10 [INFO]  X10 Order: 1995186832953946112
18:43:10 [INFO] ✅ [PARALLEL] BERA-USD: Both legs filled in 297ms
18:43:10 [DEBUG] 📝 Trade added to state: BERA-USD
18:43:10 [DEBUG] Create Order Send Tx Response: code=200 message='{"ratelimit": "didn\'t use volume quota"}' tx_hash='74b25c2467d1875d69f8a5dd0fc24191935ea6cdfb66b3716707052bc281beb6746e1463edf376d0' predicted_execution_time_ms=1764524584717 additional_properties={}
18:43:10 [INFO] Lighter Order: 74b25c2467d1875d69f8a5dd0fc24191935ea6cdfb66b3716707052bc281beb6746e1463edf376d0
18:43:11 [DEBUG] Using cached positions (age: 1.7s)
18:43:11 [INFO]  X10 Order: 1995186836607393792
18:43:11 [INFO] ✅ [PARALLEL] UNI-USD: Both legs filled in 1172ms
18:43:11 [DEBUG] 📝 Trade added to state: UNI-USD
18:43:11 [DEBUG] 📝 Flushed 1 writes
18:43:11 [DEBUG] 📝 Flushed 1 writes in 0.0ms
18:43:12 [DEBUG] Using cached positions (age: 2.7s)
18:43:12 [DEBUG] ✅ TRX-USD: X10=$329,883, Lighter=$7,760,432, Total=$8,090,315
18:43:12 [DEBUG] 📝 Flushed 1 writes
18:43:12 [DEBUG] 📝 Flushed 1 writes in 0.0ms
18:43:13 [DEBUG] Using cached positions (age: 3.7s)
18:43:13 [DEBUG] MAX_OPEN_TRADES (3) reached, waiting...
18:43:14 [DEBUG] Using cached positions (age: 4.7s)
18:43:15 [DEBUG] Fetching fresh positions (force=False, cache_age=5.7s)
18:43:15 [DEBUG] Sending GET https://api.starknet.extended.exchange/api/v1/user/positions?
18:43:15 [INFO] Lighter: Found 3 open positions
18:43:15 [INFO] 📊 Positions: X10=3, Lighter=3
18:43:15 [DEBUG] X10 positions: ['TON-USD', 'BERA-USD', 'UNI-USD']
18:43:15 [DEBUG] Lighter positions: ['TON-USD', 'BERA-USD', 'UNI-USD']
18:43:16 [DEBUG] MAX_OPEN_TRADES (3) reached, waiting...
18:43:16 [DEBUG] Using cached positions (age: 1.4s)
18:43:17 [DEBUG] Using cached positions (age: 2.4s)
18:43:18 [DEBUG] ✅ JUP-USD: X10=$147,097, Lighter=$4,419,198, Total=$4,566,294
18:43:18 [DEBUG] 💓 [lighter] Ping/Pong OK
18:43:18 [DEBUG] Using cached positions (age: 3.4s)
18:43:19 [DEBUG] MAX_OPEN_TRADES (3) reached, waiting...
18:43:19 [DEBUG] Using cached positions (age: 4.4s)
18:43:20 [DEBUG] Fetching fresh positions (force=False, cache_age=5.4s)
18:43:20 [DEBUG] Sending GET https://api.starknet.extended.exchange/api/v1/user/positions?
18:43:20 [WARNING] [x10] Connection closed: 1011 Ping timeout
18:43:20 [ERROR] [x10] Send error: received 1011 (internal error) Ping timeout; then sent 1011 (internal error) Ping timeout
18:43:20 [DEBUG] 💓 [x10] App-Ping sent
18:43:20 [INFO] 🔄 [x10] Reconnecting in 1.0s (attempt 1)
18:43:21 [INFO] Lighter: Found 3 open positions
18:43:21 [INFO] 📊 Positions: X10=3, Lighter=3
18:43:21 [DEBUG] X10 positions: ['TON-USD', 'BERA-USD', 'UNI-USD']
18:43:21 [DEBUG] Lighter positions: ['TON-USD', 'BERA-USD', 'UNI-USD']
18:43:22 [DEBUG] ✅ ZORA-USD: X10=$200,534, Lighter=$20,286,924, Total=$20,487,458
18:43:22 [DEBUG] Using cached positions (age: 1.7s)
18:43:22 [DEBUG] MAX_OPEN_TRADES (3) reached, waiting...
18:43:22 [INFO] ✅ [x10] Connected to wss://api.starknet.extended.exchange/stream.extended.exchange/v1/account
18:43:22 [DEBUG] [x10] Subscribed to funding/PUMP/USD
18:43:22 [DEBUG] [x10] Subscribed to publicTrades/AVAX/USD
18:43:22 [DEBUG] [x10] Subscribed to funding/BERA/USD
18:43:22 [DEBUG] [x10] Subscribed to funding/ZRO/USD
18:43:22 [DEBUG] [x10] Subscribed to publicTrades/ENA/USD
18:43:22 [DEBUG] [x10] Subscribed to publicTrades/VIRTUAL/USD
18:43:23 [DEBUG] [x10] Subscribed to funding/USDJPY/USD
18:43:23 [DEBUG] [x10] Subscribed to publicTrades/WLFI/USD
18:43:23 [DEBUG] Using cached positions (age: 2.7s)
18:43:23 [DEBUG] [x10] Subscribed to publicTrades/TON/USD
18:43:23 [DEBUG] [x10] Subscribed to publicTrades/ADA/USD
18:43:23 [DEBUG] [x10] Subscribed to funding/XAG/USD
18:43:23 [DEBUG] [x10] Subscribed to funding/OP/USD
18:43:23 [DEBUG] [x10] Subscribed to publicTrades/DOT/USD
18:43:23 [DEBUG] [x10] Subscribed to funding/APT/USD
18:43:23 [DEBUG] [x10] Subscribed to publicTrades/EIGEN/USD
18:43:23 [DEBUG] [x10] Subscribed to funding/UNI/USD
18:43:23 [DEBUG] [x10] Subscribed to funding/PENDLE/USD
18:43:24 [DEBUG] [x10] Subscribed to publicTrades/ARB/USD
18:43:24 [DEBUG] [x10] Subscribed to publicTrades/MNT/USD
18:43:24 [DEBUG] Using cached positions (age: 3.7s)
18:43:24 [DEBUG] [x10] Subscribed to funding/BCH/USD
18:43:24 [DEBUG] [x10] Subscribed to funding/LTC/USD
18:43:24 [DEBUG] [x10] Subscribed to funding/ZORA/USD
18:43:24 [DEBUG] [x10] Subscribed to funding/1000SHIB/USD
18:43:24 [DEBUG] [x10] Subscribed to publicTrades/SUI/USD
18:43:24 [DEBUG] [x10] Subscribed to publicTrades/BCH/USD
18:43:24 [DEBUG] [x10] Subscribed to publicTrades/MKR/USD
18:43:24 [DEBUG] [x10] Subscribed to publicTrades/TIA/USD
18:43:24 [DEBUG] [x10] Subscribed to funding/SEI/USD
18:43:25 [DEBUG] [x10] Subscribed to publicTrades/ZEC/USD
18:43:25 [DEBUG] Using cached positions (age: 4.7s)
18:43:25 [DEBUG] [x10] Subscribed to funding/XRP/USD
18:43:25 [DEBUG] [x10] Subscribed to funding/TON/USD
18:43:25 [DEBUG] [x10] Subscribed to funding/ONDO/USD
18:43:25 [DEBUG] MAX_OPEN_TRADES (3) reached, waiting...
18:43:25 [DEBUG] [x10] Subscribed to publicTrades/PUMP/USD
18:43:25 [DEBUG] [x10] Subscribed to funding/AAVE/USD
18:43:25 [DEBUG] [x10] Subscribed to publicTrades/TAO/USD
18:43:25 [DEBUG] [x10] Subscribed to publicTrades/S/USD
18:43:25 [DEBUG] [x10] Subscribed to publicTrades/AVNT/USD
18:43:25 [DEBUG] ✅ ZEC-USD: X10=$1,633,555, Lighter=$20,879, Total=$1,654,434
18:43:25 [DEBUG] [x10] Subscribed to publicTrades/IP/USD
18:43:26 [DEBUG] [x10] Subscribed to publicTrades/XPL/USD
18:43:26 [DEBUG] [x10] Subscribed to publicTrades/CRV/USD
18:43:26 [DEBUG] Fetching fresh positions (force=False, cache_age=5.7s)
18:43:26 [DEBUG] Sending GET https://api.starknet.extended.exchange/api/v1/user/positions?
18:43:26 [DEBUG] [x10] Subscribed to publicTrades/SPX/USD
18:43:26 [DEBUG] [x10] Subscribed to publicTrades/LINEA/USD
18:43:26 [DEBUG] [x10] Subscribed to funding/LINK/USD
18:43:26 [DEBUG] [x10] Subscribed to publicTrades/JUP/USD
18:43:26 [DEBUG] [x10] Subscribed to funding/DOT/USD
18:43:26 [INFO] Lighter: Found 3 open positions
18:43:26 [INFO] 📊 Positions: X10=3, Lighter=3
18:43:26 [DEBUG] X10 positions: ['TON-USD', 'BERA-USD', 'UNI-USD']
18:43:26 [DEBUG] Lighter positions: ['TON-USD', 'BERA-USD', 'UNI-USD']
18:43:26 [DEBUG] [x10] Subscribed to publicTrades/ASTER/USD
18:43:26 [DEBUG] [x10] Subscribed to funding/BNB/USD
18:43:26 [DEBUG] [x10] Subscribed to funding/GRASS/USD
18:43:26 [DEBUG] [x10] Subscribed to publicTrades/KAITO/USD
18:43:27 [DEBUG] [x10] Subscribed to funding/TRX/USD
18:43:27 [DEBUG] [x10] Subscribed to funding/MNT/USD
18:43:27 [DEBUG] [x10] Subscribed to funding/JUP/USD
18:43:27 [DEBUG] [x10] Subscribed to publicTrades/EDEN/USD
18:43:27 [DEBUG] [x10] Subscribed to publicTrades/PENGU/USD
18:43:27 [DEBUG] [x10] Subscribed to publicTrades/UNI/USD
18:43:27 [DEBUG] Using cached positions (age: 1.5s)
18:43:27 [DEBUG] [x10] Subscribed to funding/EDEN/USD
18:43:27 [DEBUG] [x10] Subscribed to funding/POPCAT/USD
18:43:27 [DEBUG] [x10] Subscribed to funding/BTC/USD
18:43:27 [DEBUG] [x10] Subscribed to publicTrades/TRUMP/USD
18:43:28 [DEBUG] [x10] Subscribed to publicTrades/ETH/USD
18:43:28 [DEBUG] [x10] Subscribed to funding/WLFI/USD
18:43:28 [DEBUG] [x10] Subscribed to funding/ETH/USD
18:43:28 [DEBUG] [x10] Subscribed to funding/MON/USD
18:43:28 [DEBUG] MAX_OPEN_TRADES (3) reached, waiting...
18:43:28 [DEBUG] [x10] Subscribed to funding/TRUMP/USD
18:43:28 [DEBUG] [x10] Subscribed to publicTrades/GRASS/USD
18:43:28 [DEBUG] [x10] Subscribed to funding/SUI/USD
18:43:28 [DEBUG] Using cached positions (age: 2.5s)
18:43:28 [DEBUG] [x10] Subscribed to publicTrades/ZRO/USD
18:43:28 [DEBUG] [x10] Subscribed to publicTrades/FIL/USD
18:43:28 [DEBUG] [x10] Subscribed to publicTrades/RESOLV/USD
18:43:28 [DEBUG] [x10] Subscribed to publicTrades/XAG/USD
18:43:29 [DEBUG] [x10] Subscribed to publicTrades/ZORA/USD
18:43:29 [DEBUG] [x10] Subscribed to publicTrades/1000BONK/USD
18:43:29 [DEBUG] [x10] Subscribed to publicTrades/APEX/USD
18:43:29 [DEBUG] [x10] Subscribed to funding/ZEC/USD
18:43:29 [DEBUG] [x10] Subscribed to publicTrades/XRP/USD
18:43:29 [DEBUG] [x10] Subscribed to funding/XPL/USD
18:43:29 [DEBUG] Using cached positions (age: 3.5s)
18:43:29 [DEBUG] [x10] Subscribed to funding/SPX/USD
18:43:29 [DEBUG] ✅ GRASS-USD: X10=$71,666, Lighter=$1,447,145, Total=$1,518,811
18:43:29 [DEBUG] [x10] Subscribed to publicTrades/BTC/USD
18:43:29 [DEBUG] [x10] Subscribed to funding/VIRTUAL/USD
18:43:29 [DEBUG] [x10] Subscribed to publicTrades/USDJPY/USD
18:43:29 [DEBUG] [x10] Subscribed to publicTrades/WLD/USD
18:43:30 [DEBUG] [x10] Subscribed to funding/IP/USD
18:43:30 [DEBUG] [x10] Subscribed to funding/FIL/USD
18:43:30 [DEBUG] [x10] Subscribed to publicTrades/LINK/USD
18:43:30 [DEBUG] [x10] Subscribed to funding/PENGU/USD
18:43:30 [DEBUG] [x10] Subscribed to publicTrades/1000PEPE/USD
18:43:30 [DEBUG] [x10] Subscribed to publicTrades/BERA/USD
18:43:30 [DEBUG] Using cached positions (age: 4.5s)
18:43:30 [DEBUG] [x10] Subscribed to funding/ADA/USD
18:43:30 [DEBUG] [x10] Subscribed to publicTrades/AERO/USD
18:43:30 [DEBUG] [x10] Subscribed to funding/ASTER/USD
18:43:30 [DEBUG] [x10] Subscribed to funding/SOL/USD
18:43:31 [DEBUG] [x10] Subscribed to funding/WLD/USD
18:43:31 [DEBUG] [x10] Subscribed to publicTrades/APT/USD
18:43:31 [DEBUG] [x10] Subscribed to funding/ENA/USD
18:43:31 [DEBUG] [x10] Subscribed to publicTrades/STRK/USD
18:43:31 [DEBUG] MAX_OPEN_TRADES (3) reached, waiting...
18:43:31 [DEBUG] [x10] Subscribed to publicTrades/1000SHIB/USD
18:43:31 [DEBUG] [x10] Subscribed to funding/NEAR/USD
18:43:31 [DEBUG] [x10] Subscribed to funding/TIA/USD
18:43:31 [DEBUG] Fetching fresh positions (force=False, cache_age=5.5s)
18:43:31 [DEBUG] Sending GET https://api.starknet.extended.exchange/api/v1/user/positions?
18:43:31 [DEBUG] [x10] Subscribed to funding/FARTCOIN/USD
18:43:31 [DEBUG] [x10] Subscribed to publicTrades/MON/USD
18:43:31 [DEBUG] [x10] Subscribed to publicTrades/PENDLE/USD
18:43:31 [DEBUG] [x10] Subscribed to publicTrades/FARTCOIN/USD
18:43:32 [DEBUG] [x10] Subscribed to funding/HYPE/USD
18:43:32 [INFO] Lighter: Found 3 open positions
18:43:32 [INFO] 📊 Positions: X10=3, Lighter=3
18:43:32 [DEBUG] X10 positions: ['TON-USD', 'BERA-USD', 'UNI-USD']
18:43:32 [DEBUG] Lighter positions: ['TON-USD', 'BERA-USD', 'UNI-USD']
18:43:32 [DEBUG] [x10] Subscribed to publicTrades/POPCAT/USD
18:43:32 [DEBUG] [x10] Subscribed to funding/STRK/USD
18:43:32 [DEBUG] [x10] Subscribed to funding/TAO/USD
18:43:32 [DEBUG] [x10] Subscribed to funding/1000PEPE/USD
18:43:32 [DEBUG] [x10] Subscribed to publicTrades/TRX/USD
18:43:32 [DEBUG] [x10] Subscribed to publicTrades/BNB/USD
18:43:32 [DEBUG] [x10] Subscribed to funding/S/USD
18:43:32 [DEBUG] [x10] Subscribed to funding/AVAX/USD
18:43:32 [DEBUG] [x10] Subscribed to funding/LDO/USD
18:43:32 [DEBUG] [x10] Subscribed to funding/MEGA/USD
18:43:33 [DEBUG] Using cached positions (age: 1.4s)
18:43:33 [DEBUG] [x10] Subscribed to funding/1000BONK/USD
18:43:33 [DEBUG] ✅ BCH-USD: X10=$0, Lighter=$3,244, Total=$3,244
18:43:33 [DEBUG] [x10] Subscribed to publicTrades/LDO/USD
18:43:33 [DEBUG] [x10] Subscribed to funding/CRV/USD
18:43:33 [DEBUG] [x10] Subscribed to funding/APEX/USD
18:43:33 [DEBUG] [x10] Subscribed to funding/RESOLV/USD
18:43:33 [DEBUG] [x10] Subscribed to funding/WIF/USD
18:43:33 [DEBUG] [x10] Subscribed to funding/AVNT/USD
18:43:33 [DEBUG] [x10] Subscribed to funding/DOGE/USD
18:43:33 [DEBUG] [x10] Subscribed to publicTrades/HYPE/USD
18:43:33 [DEBUG] [x10] Subscribed to funding/ARB/USD
18:43:34 [DEBUG] [x10] Subscribed to publicTrades/MEGA/USD
18:43:34 [DEBUG] Using cached positions (age: 2.5s)
18:43:34 [DEBUG] [x10] Subscribed to publicTrades/OP/USD
18:43:34 [DEBUG] [x10] Subscribed to funding/KAITO/USD
18:43:34 [DEBUG] [x10] Subscribed to funding/MKR/USD
18:43:34 [DEBUG] 🐕 Watchdog OK: Daten-Alter 3.0s
18:43:34 [DEBUG] MAX_OPEN_TRADES (3) reached, waiting...
18:43:34 [DEBUG] [x10] Subscribed to publicTrades/DOGE/USD
18:43:34 [DEBUG] [x10] Subscribed to funding/AERO/USD
18:43:34 [DEBUG] [x10] Subscribed to publicTrades/ONDO/USD
18:43:34 [DEBUG] [x10] Subscribed to publicTrades/XAU/USD
18:43:34 [DEBUG] [x10] Subscribed to publicTrades/NEAR/USD
18:43:34 [DEBUG] [x10] Subscribed to publicTrades/SOL/USD
18:43:34 [DEBUG] [x10] Subscribed to publicTrades/LTC/USD
18:43:35 [DEBUG] [x10] Subscribed to publicTrades/SEI/USD
18:43:35 [DEBUG] Using cached positions (age: 3.5s)
18:43:35 [DEBUG] [x10] Subscribed to funding/EIGEN/USD
18:43:35 [DEBUG] [x10] Subscribed to funding/XAU/USD
18:43:35 [DEBUG] [x10] Subscribed to publicTrades/AAVE/USD
18:43:35 [DEBUG] [x10] Subscribed to funding/LINEA/USD
18:43:35 [DEBUG] [x10] Subscribed to publicTrades/WIF/USD
18:43:36 [DEBUG] Using cached positions (age: 4.5s)
18:43:37 [DEBUG] Fetching fresh positions (force=False, cache_age=5.5s)
18:43:37 [DEBUG] Sending GET https://api.starknet.extended.exchange/api/v1/user/positions?
18:43:37 [DEBUG] MAX_OPEN_TRADES (3) reached, waiting...
18:43:37 [INFO] Lighter: Found 3 open positions
18:43:37 [INFO] 📊 Positions: X10=3, Lighter=3
18:43:37 [DEBUG] X10 positions: ['TON-USD', 'BERA-USD', 'UNI-USD']
18:43:37 [DEBUG] Lighter positions: ['TON-USD', 'BERA-USD', 'UNI-USD']
18:43:38 [DEBUG] Using cached positions (age: 1.4s)
18:43:38 [DEBUG] 💓 [lighter] Ping/Pong OK
18:43:38 [DEBUG] ✅ PENDLE-USD: X10=$153,692, Lighter=$1,164,728, Total=$1,318,420
18:43:39 [DEBUG] Using cached positions (age: 2.4s)
18:43:40 [DEBUG] MAX_OPEN_TRADES (3) reached, waiting...
18:43:40 [DEBUG] Using cached positions (age: 3.4s)
18:43:41 [DEBUG] Using cached positions (age: 4.4s)
18:43:42 [DEBUG] Fetching fresh positions (force=False, cache_age=5.4s)
18:43:42 [DEBUG] Sending GET https://api.starknet.extended.exchange/api/v1/user/positions?
18:43:42 [DEBUG] ✅ VIRTUAL-USD: X10=$105,920, Lighter=$1,180,196, Total=$1,286,115
18:43:42 [INFO] Lighter: Found 3 open positions
18:43:42 [INFO] 📊 Positions: X10=3, Lighter=3
18:43:42 [DEBUG] X10 positions: ['TON-USD', 'BERA-USD', 'UNI-USD']
18:43:42 [DEBUG] Lighter positions: ['TON-USD', 'BERA-USD', 'UNI-USD']
18:43:43 [DEBUG] MAX_OPEN_TRADES (3) reached, waiting...
18:43:43 [WARNING] [x10] Connection closed: 1011 Ping timeout
18:43:43 [ERROR] [x10] Send error: received 1011 (internal error) Ping timeout; then sent 1011 (internal error) Ping timeout
18:43:43 [DEBUG] 💓 [x10] App-Ping sent
18:43:43 [INFO] 🔄 [x10] Reconnecting in 1.0s (attempt 1)
18:43:43 [DEBUG] Using cached positions (age: 1.5s)
18:43:44 [DEBUG] Using cached positions (age: 2.5s)
18:43:45 [INFO] 🚜 Farm Mode ACTIVE
18:43:45 [INFO] ✅ [x10] Connected to wss://api.starknet.extended.exchange/stream.extended.exchange/v1/account
18:43:45 [DEBUG] [x10] Subscribed to funding/PUMP/USD
18:43:45 [DEBUG] [x10] Subscribed to publicTrades/AVAX/USD
18:43:45 [DEBUG] [x10] Subscribed to funding/BERA/USD
18:43:45 [DEBUG] [x10] Subscribed to funding/ZRO/USD
18:43:45 [DEBUG] [x10] Subscribed to publicTrades/ENA/USD
18:43:45 [DEBUG] [x10] Subscribed to publicTrades/VIRTUAL/USD
18:43:45 [DEBUG] Using cached positions (age: 3.5s)
18:43:46 [DEBUG] [x10] Subscribed to funding/USDJPY/USD
18:43:46 [DEBUG] [x10] Subscribed to publicTrades/WLFI/USD
18:43:46 [DEBUG] [x10] Subscribed to funding/XAG/USD
18:43:46 [DEBUG] [x10] Subscribed to publicTrades/TON/USD
18:43:46 [DEBUG] MAX_OPEN_TRADES (3) reached, waiting...
18:43:46 [DEBUG] ✅ 1000BONK-USD: X10=$32,932, Lighter=$120,235,303, Total=$120,268,235
18:43:46 [DEBUG] [x10] Subscribed to publicTrades/ADA/USD
18:43:46 [DEBUG] [x10] Subscribed to funding/OP/USD
18:43:46 [DEBUG] [x10] Subscribed to publicTrades/DOT/USD
18:43:46 [DEBUG] [x10] Subscribed to funding/APT/USD
18:43:46 [DEBUG] [x10] Subscribed to publicTrades/EIGEN/USD
18:43:46 [DEBUG] [x10] Subscribed to funding/UNI/USD
18:43:46 [DEBUG] Using cached positions (age: 4.5s)
18:43:46 [DEBUG] [x10] Subscribed to funding/PENDLE/USD
18:43:47 [DEBUG] [x10] Subscribed to publicTrades/ARB/USD
18:43:47 [DEBUG] [x10] Subscribed to publicTrades/MNT/USD
18:43:47 [DEBUG] [x10] Subscribed to funding/BCH/USD
18:43:47 [DEBUG] [x10] Subscribed to funding/LTC/USD
18:43:47 [DEBUG] [x10] Subscribed to funding/ZORA/USD
18:43:47 [DEBUG] [x10] Subscribed to funding/1000SHIB/USD
18:43:47 [DEBUG] [x10] Subscribed to publicTrades/SUI/USD
18:43:47 [DEBUG] [x10] Subscribed to publicTrades/BCH/USD
18:43:47 [DEBUG] [x10] Subscribed to publicTrades/MKR/USD
18:43:47 [DEBUG] [x10] Subscribed to publicTrades/TIA/USD
18:43:47 [DEBUG] Fetching fresh positions (force=False, cache_age=5.5s)
18:43:47 [DEBUG] Sending GET https://api.starknet.extended.exchange/api/v1/user/positions?
18:43:48 [DEBUG] [x10] Subscribed to funding/SEI/USD
18:43:48 [DEBUG] [x10] Subscribed to publicTrades/ZEC/USD
18:43:48 [DEBUG] [x10] Subscribed to funding/XRP/USD
18:43:48 [DEBUG] [x10] Subscribed to funding/TON/USD
18:43:48 [DEBUG] [x10] Subscribed to funding/ONDO/USD
18:43:48 [INFO] Lighter: Found 3 open positions
18:43:48 [INFO] 📊 Positions: X10=3, Lighter=3
18:43:48 [DEBUG] X10 positions: ['TON-USD', 'BERA-USD', 'UNI-USD']
18:43:48 [DEBUG] Lighter positions: ['TON-USD', 'BERA-USD', 'UNI-USD']
18:43:48 [DEBUG] [x10] Subscribed to publicTrades/PUMP/USD
18:43:48 [DEBUG] [x10] Subscribed to funding/AAVE/USD
18:43:48 [DEBUG] [x10] Subscribed to publicTrades/TAO/USD
18:43:48 [DEBUG] [x10] Subscribed to publicTrades/S/USD
18:43:48 [DEBUG] [x10] Subscribed to publicTrades/AVNT/USD
18:43:48 [DEBUG] [x10] Subscribed to publicTrades/IP/USD
18:43:49 [DEBUG] [x10] Subscribed to publicTrades/XPL/USD
18:43:49 [DEBUG] [x10] Subscribed to publicTrades/CRV/USD
18:43:49 [DEBUG] [x10] Subscribed to publicTrades/SPX/USD
18:43:49 [DEBUG] [x10] Subscribed to publicTrades/LINEA/USD
18:43:49 [DEBUG] MAX_OPEN_TRADES (3) reached, waiting...
18:43:49 [DEBUG] Using cached positions (age: 1.5s)
18:43:49 [DEBUG] [x10] Subscribed to funding/LINK/USD
18:43:49 [DEBUG] [x10] Subscribed to publicTrades/JUP/USD
18:43:49 [DEBUG] [x10] Subscribed to funding/DOT/USD
18:43:49 [DEBUG] [x10] Subscribed to publicTrades/ASTER/USD
18:43:49 [DEBUG] [x10] Subscribed to funding/BNB/USD
18:43:49 [DEBUG] [x10] Subscribed to funding/GRASS/USD
18:43:49 [DEBUG] [x10] Subscribed to publicTrades/KAITO/USD
18:43:50 [DEBUG] [x10] Subscribed to funding/TRX/USD
18:43:50 [DEBUG] ✅ XRP-USD: X10=$393,384, Lighter=$5,006,170, Total=$5,399,554
18:43:50 [DEBUG] [x10] Subscribed to funding/MNT/USD
18:43:50 [DEBUG] [x10] Subscribed to funding/JUP/USD
18:43:50 [DEBUG] [x10] Subscribed to publicTrades/EDEN/USD
18:43:50 [DEBUG] Using cached positions (age: 2.5s)
18:43:50 [DEBUG] [x10] Subscribed to publicTrades/PENGU/USD
18:43:50 [DEBUG] [x10] Subscribed to publicTrades/UNI/USD
18:43:50 [DEBUG] [x10] Subscribed to funding/EDEN/USD
18:43:50 [DEBUG] [x10] Subscribed to funding/POPCAT/USD
18:43:50 [DEBUG] [x10] Subscribed to funding/BTC/USD
18:43:50 [DEBUG] [x10] Subscribed to publicTrades/TRUMP/USD
18:43:51 [DEBUG] [x10] Subscribed to publicTrades/ETH/USD
18:43:51 [DEBUG] [x10] Subscribed to funding/WLFI/USD
18:43:51 [DEBUG] [x10] Subscribed to funding/ETH/USD
18:43:51 [DEBUG] [x10] Subscribed to funding/MON/USD
18:43:51 [DEBUG] [x10] Subscribed to funding/TRUMP/USD
18:43:51 [DEBUG] Using cached positions (age: 3.5s)
18:43:51 [DEBUG] [x10] Subscribed to publicTrades/GRASS/USD
18:43:51 [DEBUG] [x10] Subscribed to funding/SUI/USD
18:43:51 [DEBUG] [x10] Subscribed to publicTrades/ZRO/USD
18:43:51 [DEBUG] [x10] Subscribed to publicTrades/FIL/USD
18:43:51 [DEBUG] [x10] Subscribed to publicTrades/RESOLV/USD
18:43:51 [DEBUG] [x10] Subscribed to publicTrades/XAG/USD
18:43:52 [DEBUG] [x10] Subscribed to publicTrades/ZORA/USD
18:43:52 [DEBUG] [x10] Subscribed to publicTrades/1000BONK/USD
18:43:52 [DEBUG] [x10] Subscribed to publicTrades/APEX/USD
18:43:52 [DEBUG] [x10] Subscribed to funding/ZEC/USD
18:43:52 [DEBUG] MAX_OPEN_TRADES (3) reached, waiting...
18:43:52 [DEBUG] Using cached positions (age: 4.5s)
18:43:52 [DEBUG] [x10] Subscribed to publicTrades/XRP/USD
18:43:52 [DEBUG] [x10] Subscribed to funding/XPL/USD
18:43:52 [DEBUG] [x10] Subscribed to funding/SPX/USD
18:43:52 [DEBUG] [x10] Subscribed to publicTrades/BTC/USD
18:43:52 [DEBUG] [x10] Subscribed to funding/VIRTUAL/USD
18:43:52 [DEBUG] [x10] Subscribed to publicTrades/USDJPY/USD
18:43:52 [DEBUG] [x10] Subscribed to publicTrades/WLD/USD
18:43:53 [DEBUG] [x10] Subscribed to funding/IP/USD
18:43:53 [DEBUG] [x10] Subscribed to funding/FIL/USD
18:43:53 [DEBUG] [x10] Subscribed to publicTrades/LINK/USD
18:43:53 [DEBUG] [x10] Subscribed to funding/PENGU/USD
18:43:53 [DEBUG] Fetching fresh positions (force=False, cache_age=5.5s)
18:43:53 [DEBUG] Sending GET https://api.starknet.extended.exchange/api/v1/user/positions?
18:43:53 [DEBUG] [x10] Subscribed to publicTrades/1000PEPE/USD
18:43:53 [DEBUG] [x10] Subscribed to publicTrades/BERA/USD
18:43:53 [DEBUG] [x10] Subscribed to funding/ADA/USD
18:43:53 [DEBUG] [x10] Subscribed to publicTrades/AERO/USD
18:43:53 [DEBUG] [x10] Subscribed to funding/ASTER/USD
18:43:53 [INFO] Lighter: Found 3 open positions
18:43:53 [INFO] 📊 Positions: X10=3, Lighter=3
18:43:53 [DEBUG] X10 positions: ['TON-USD', 'BERA-USD', 'UNI-USD']
18:43:53 [DEBUG] Lighter positions: ['TON-USD', 'BERA-USD', 'UNI-USD']
18:43:53 [DEBUG] ✅ ONDO-USD: X10=$80,365, Lighter=$3,428,533, Total=$3,508,898
18:43:53 [DEBUG] [x10] Subscribed to funding/SOL/USD
18:43:54 [DEBUG] [x10] Subscribed to funding/WLD/USD
18:43:54 [DEBUG] [x10] Subscribed to publicTrades/APT/USD
18:43:54 [DEBUG] [x10] Subscribed to funding/ENA/USD
18:43:54 [DEBUG] [x10] Subscribed to publicTrades/STRK/USD
18:43:54 [DEBUG] [x10] Subscribed to publicTrades/1000SHIB/USD
18:43:54 [DEBUG] [x10] Subscribed to funding/NEAR/USD
18:43:54 [DEBUG] [x10] Subscribed to funding/TIA/USD
18:43:54 [DEBUG] [x10] Subscribed to funding/FARTCOIN/USD
18:43:54 [DEBUG] [x10] Subscribed to publicTrades/MON/USD
18:43:54 [DEBUG] Using cached positions (age: 1.4s)
18:43:54 [DEBUG] [x10] Subscribed to publicTrades/PENDLE/USD
18:43:54 [DEBUG] [x10] Subscribed to publicTrades/FARTCOIN/USD
18:43:55 [DEBUG] [x10] Subscribed to funding/HYPE/USD
18:43:55 [DEBUG] [x10] Subscribed to publicTrades/POPCAT/USD
18:43:55 [DEBUG] [x10] Subscribed to funding/STRK/USD
18:43:55 [DEBUG] [x10] Subscribed to funding/TAO/USD
18:43:55 [INFO] 🚜 Farm Mode ACTIVE
18:43:55 [DEBUG] MAX_OPEN_TRADES (3) reached, waiting...
18:43:55 [DEBUG] [x10] Subscribed to funding/1000PEPE/USD
18:43:55 [DEBUG] [x10] Subscribed to publicTrades/TRX/USD
18:43:55 [DEBUG] [x10] Subscribed to publicTrades/BNB/USD
18:43:55 [DEBUG] [x10] Subscribed to funding/S/USD
18:43:55 [DEBUG] [x10] Subscribed to funding/AVAX/USD
18:43:55 [DEBUG] Using cached positions (age: 2.4s)
18:43:55 [DEBUG] [x10] Subscribed to funding/LDO/USD
18:43:55 [DEBUG] [x10] Subscribed to funding/MEGA/USD
18:43:56 [DEBUG] [x10] Subscribed to funding/1000BONK/USD
18:43:56 [DEBUG] [x10] Subscribed to publicTrades/LDO/USD
18:43:56 [DEBUG] [x10] Subscribed to funding/CRV/USD
18:43:56 [DEBUG] [x10] Subscribed to funding/APEX/USD
18:43:56 [DEBUG] [x10] Subscribed to funding/RESOLV/USD
18:43:56 [DEBUG] [x10] Subscribed to funding/WIF/USD
18:43:56 [DEBUG] [x10] Subscribed to funding/AVNT/USD
18:43:56 [DEBUG] [x10] Subscribed to funding/DOGE/USD
18:43:56 [DEBUG] [x10] Subscribed to publicTrades/HYPE/USD
18:43:56 [DEBUG] Using cached positions (age: 3.4s)
18:43:56 [DEBUG] [x10] Subscribed to funding/ARB/USD
18:43:57 [DEBUG] [x10] Subscribed to publicTrades/MEGA/USD
18:43:57 [DEBUG] [x10] Subscribed to publicTrades/OP/USD
18:43:57 [DEBUG] [x10] Subscribed to funding/KAITO/USD
18:43:57 [DEBUG] [x10] Subscribed to funding/MKR/USD
18:43:57 [DEBUG] [x10] Subscribed to publicTrades/DOGE/USD
18:43:57 [DEBUG] [x10] Subscribed to funding/AERO/USD
18:43:57 [DEBUG] [x10] Subscribed to publicTrades/ONDO/USD
18:43:57 [DEBUG] [x10] Subscribed to publicTrades/XAU/USD
18:43:57 [DEBUG] [x10] Subscribed to publicTrades/NEAR/USD
18:43:57 [DEBUG] Using cached positions (age: 4.4s)
18:43:57 [DEBUG] [x10] Subscribed to publicTrades/SOL/USD
18:43:57 [DEBUG] [x10] Subscribed to publicTrades/LTC/USD
18:43:58 [DEBUG] [x10] Subscribed to publicTrades/SEI/USD
18:43:58 [DEBUG] [x10] Subscribed to funding/EIGEN/USD
18:43:58 [DEBUG] [x10] Subscribed to funding/XAU/USD
18:43:58 [DEBUG] [x10] Subscribed to publicTrades/AAVE/USD
18:43:58 [DEBUG] MAX_OPEN_TRADES (3) reached, waiting...
18:43:58 [DEBUG] [x10] Subscribed to funding/LINEA/USD
18:43:58 [DEBUG] [x10] Subscribed to publicTrades/WIF/USD
18:43:58 [DEBUG] Fetching fresh positions (force=False, cache_age=5.4s)
18:43:58 [DEBUG] Sending GET https://api.starknet.extended.exchange/api/v1/user/positions?
18:43:59 [DEBUG] 💓 [lighter] Ping/Pong OK
18:43:59 [INFO] Lighter: Found 3 open positions
18:43:59 [INFO] 📊 Positions: X10=3, Lighter=3
18:43:59 [DEBUG] X10 positions: ['TON-USD', 'BERA-USD', 'UNI-USD']
18:43:59 [DEBUG] Lighter positions: ['TON-USD', 'BERA-USD', 'UNI-USD']
18:43:59 [DEBUG] ✅ FIL-USD: X10=$0, Lighter=$454,490, Total=$454,490
18:44:00 [DEBUG] Using cached positions (age: 1.5s)
18:44:01 [DEBUG] Using cached positions (age: 2.5s)
18:44:01 [DEBUG] MAX_OPEN_TRADES (3) reached, waiting...
18:44:02 [DEBUG] Using cached positions (age: 3.5s)
18:44:03 [DEBUG] ✅ BERA-USD: X10=$191,638, Lighter=$974,209, Total=$1,165,847
18:44:03 [DEBUG] Using cached positions (age: 4.5s)
18:44:04 [DEBUG] Fetching fresh positions (force=False, cache_age=5.5s)
18:44:04 [DEBUG] Sending GET https://api.starknet.extended.exchange/api/v1/user/positions?
18:44:04 [DEBUG] 🐕 Watchdog OK: Daten-Alter 3.0s
18:44:04 [DEBUG] MAX_OPEN_TRADES (3) reached, waiting...
18:44:04 [INFO] Lighter: Found 3 open positions
18:44:04 [INFO] 📊 Positions: X10=3, Lighter=3
18:44:04 [DEBUG] X10 positions: ['TON-USD', 'BERA-USD', 'UNI-USD']
18:44:04 [DEBUG] Lighter positions: ['TON-USD', 'BERA-USD', 'UNI-USD']
18:44:05 [INFO] 🚜 Farm Mode ACTIVE
18:44:05 [DEBUG] Using cached positions (age: 1.4s)
18:44:06 [WARNING] [x10] Connection closed: 1011 Ping timeout
18:44:06 [ERROR] [x10] Send error: received 1011 (internal error) Ping timeout; then sent 1011 (internal error) Ping timeout
18:44:06 [DEBUG] 💓 [x10] App-Ping sent
18:44:06 [INFO] 🔄 [x10] Reconnecting in 1.0s (attempt 1)
18:44:06 [DEBUG] Using cached positions (age: 2.4s)
18:44:06 [DEBUG] ✅ WLD-USD: X10=$110,242, Lighter=$2,009,785, Total=$2,120,026
18:44:07 [DEBUG] MAX_OPEN_TRADES (3) reached, waiting...
18:44:07 [DEBUG] Using cached positions (age: 3.4s)
18:44:08 [DEBUG] 📊 X10 Funding Cache refresh (current=91)
18:44:08 [DEBUG] Sending GET https://api.starknet.extended.exchange/api/v1/info/markets?
18:44:08 [INFO] ✅ [x10] Connected to wss://api.starknet.extended.exchange/stream.extended.exchange/v1/account
18:44:08 [DEBUG] [x10] Subscribed to funding/PUMP/USD
18:44:08 [DEBUG] [x10] Subscribed to publicTrades/AVAX/USD
18:44:08 [DEBUG] [x10] Subscribed to funding/BERA/USD
18:44:08 [DEBUG] [x10] Subscribed to funding/ZRO/USD
18:44:08 [DEBUG] Using cached positions (age: 4.4s)
18:44:08 [DEBUG] [x10] Subscribed to publicTrades/ENA/USD
18:44:08 [DEBUG] [x10] Subscribed to publicTrades/VIRTUAL/USD
18:44:09 [DEBUG] [x10] Subscribed to funding/USDJPY/USD
18:44:09 [DEBUG] [x10] Subscribed to publicTrades/WLFI/USD
18:44:09 [DEBUG] [x10] Subscribed to funding/XAG/USD
18:44:09 [DEBUG] [x10] Subscribed to publicTrades/TON/USD
18:44:09 [DEBUG] [x10] Subscribed to publicTrades/ADA/USD
18:44:09 [DEBUG] [x10] Subscribed to funding/OP/USD
18:44:09 [DEBUG] [x10] Subscribed to publicTrades/DOT/USD
18:44:09 [DEBUG] [x10] Subscribed to funding/APT/USD
18:44:09 [DEBUG] Fetching fresh positions (force=False, cache_age=5.4s)
18:44:09 [DEBUG] Sending GET https://api.starknet.extended.exchange/api/v1/user/positions?
18:44:09 [DEBUG] [x10] Subscribed to publicTrades/EIGEN/USD
18:44:09 [DEBUG] [x10] Subscribed to funding/UNI/USD
18:44:09 [DEBUG] [x10] Subscribed to funding/PENDLE/USD
18:44:10 [DEBUG] [x10] Subscribed to publicTrades/ARB/USD
18:44:10 [DEBUG] [x10] Subscribed to publicTrades/MNT/USD
18:44:10 [INFO] Lighter: Found 3 open positions
18:44:10 [INFO] 📊 Positions: X10=3, Lighter=3
18:44:10 [DEBUG] X10 positions: ['TON-USD', 'BERA-USD', 'UNI-USD']
18:44:10 [DEBUG] Lighter positions: ['TON-USD', 'BERA-USD', 'UNI-USD']
18:44:10 [DEBUG] [x10] Subscribed to funding/BCH/USD
18:44:10 [DEBUG] [x10] Subscribed to funding/LTC/USD
18:44:10 [DEBUG] MAX_OPEN_TRADES (3) reached, waiting...
18:44:10 [INFO]  X10: 91 Märkte geladen, 91 Funding Rates, 82 Preise
18:44:10 [DEBUG] X10: Funding Refresh OK, cache=91
18:44:10 [DEBUG] 📊 Lighter Funding Cache refresh (current=118)
18:44:10 [DEBUG] [x10] Subscribed to funding/ZORA/USD
18:44:10 [DEBUG] [x10] Subscribed to funding/1000SHIB/USD
18:44:10 [DEBUG] [x10] Subscribed to publicTrades/SUI/USD
18:44:10 [DEBUG] ✅ EIGEN-USD: X10=$144,475, Lighter=$1,701,618, Total=$1,846,093
18:44:10 [DEBUG] Lighter: Loaded 389 funding rates
18:44:10 [DEBUG] Lighter: Funding Refresh OK, cache=118
18:44:10 [DEBUG] [x10] Subscribed to publicTrades/BCH/USD
18:44:10 [DEBUG] [x10] Subscribed to publicTrades/MKR/USD
18:44:10 [DEBUG] [x10] Subscribed to publicTrades/TIA/USD
18:44:11 [DEBUG] [x10] Subscribed to funding/SEI/USD
18:44:11 [DEBUG] [x10] Subscribed to publicTrades/ZEC/USD
18:44:11 [DEBUG] Using cached positions (age: 1.4s)
18:44:11 [DEBUG] [x10] Subscribed to funding/XRP/USD
18:44:11 [DEBUG] [x10] Subscribed to funding/TON/USD
18:44:11 [DEBUG] [x10] Subscribed to funding/ONDO/USD
18:44:11 [DEBUG] [x10] Subscribed to publicTrades/PUMP/USD
18:44:11 [DEBUG] [x10] Subscribed to funding/AAVE/USD
18:44:11 [DEBUG] [x10] Subscribed to publicTrades/TAO/USD
18:44:11 [DEBUG] [x10] Subscribed to publicTrades/S/USD
18:44:11 [DEBUG] [x10] Subscribed to publicTrades/AVNT/USD
18:44:11 [DEBUG] [x10] Subscribed to publicTrades/IP/USD
18:44:12 [DEBUG] [x10] Subscribed to publicTrades/XPL/USD
18:44:12 [DEBUG] [x10] Subscribed to publicTrades/CRV/USD
18:44:12 [DEBUG] Using cached positions (age: 2.5s)
18:44:12 [DEBUG] [x10] Subscribed to publicTrades/SPX/USD
18:44:12 [DEBUG] [x10] Subscribed to publicTrades/LINEA/USD
18:44:12 [DEBUG] [x10] Subscribed to funding/LINK/USD
18:44:12 [DEBUG] [x10] Subscribed to publicTrades/JUP/USD
18:44:12 [DEBUG] [x10] Subscribed to funding/DOT/USD
18:44:12 [DEBUG] [x10] Subscribed to publicTrades/ASTER/USD
18:44:12 [DEBUG] [x10] Subscribed to funding/BNB/USD
18:44:12 [DEBUG] [x10] Subscribed to funding/GRASS/USD
18:44:13 [DEBUG] [x10] Subscribed to publicTrades/KAITO/USD
18:44:13 [DEBUG] [x10] Subscribed to funding/TRX/USD
18:44:13 [DEBUG] [x10] Subscribed to funding/MNT/USD
18:44:13 [DEBUG] Using cached positions (age: 3.4s)
18:44:13 [DEBUG] [x10] Subscribed to funding/JUP/USD
18:44:13 [DEBUG] MAX_OPEN_TRADES (3) reached, waiting...
18:44:13 [DEBUG] [x10] Subscribed to publicTrades/EDEN/USD
18:44:13 [DEBUG] [x10] Subscribed to publicTrades/PENGU/USD
18:44:13 [DEBUG] [x10] Subscribed to publicTrades/UNI/USD
18:44:13 [DEBUG] [x10] Subscribed to funding/EDEN/USD
18:44:13 [DEBUG] [x10] Subscribed to funding/POPCAT/USD
18:44:13 [DEBUG] [x10] Subscribed to funding/BTC/USD
18:44:13 [DEBUG] [x10] Subscribed to publicTrades/TRUMP/USD
18:44:14 [DEBUG] [x10] Subscribed to publicTrades/ETH/USD
18:44:14 [DEBUG] [x10] Subscribed to funding/WLFI/USD
18:44:14 [DEBUG] Using cached positions (age: 4.4s)
18:44:14 [DEBUG] [x10] Subscribed to funding/ETH/USD
18:44:14 [DEBUG] [x10] Subscribed to funding/MON/USD
18:44:14 [DEBUG] ✅ LTC-USD: X10=$300,264, Lighter=$22,403, Total=$322,667
18:44:14 [DEBUG] [x10] Subscribed to funding/TRUMP/USD
18:44:14 [DEBUG] [x10] Subscribed to publicTrades/GRASS/USD
18:44:14 [DEBUG] [x10] Subscribed to funding/SUI/USD
18:44:14 [DEBUG] [x10] Subscribed to publicTrades/ZRO/USD
18:44:14 [DEBUG] [x10] Subscribed to publicTrades/FIL/USD
18:44:14 [DEBUG] [x10] Subscribed to publicTrades/RESOLV/USD
18:44:14 [DEBUG] [x10] Subscribed to publicTrades/XAG/USD
18:44:15 [DEBUG] [x10] Subscribed to publicTrades/ZORA/USD
18:44:15 [DEBUG] [x10] Subscribed to publicTrades/1000BONK/USD
18:44:15 [DEBUG] Fetching fresh positions (force=False, cache_age=5.4s)
18:44:15 [DEBUG] Sending GET https://api.starknet.extended.exchange/api/v1/user/positions?
18:44:15 [DEBUG] [x10] Subscribed to publicTrades/APEX/USD
18:44:15 [INFO] 🚜 Farm Mode ACTIVE
18:44:15 [DEBUG] [x10] Subscribed to funding/ZEC/USD
18:44:15 [DEBUG] [x10] Subscribed to publicTrades/XRP/USD
18:44:15 [DEBUG] [x10] Subscribed to funding/XPL/USD
18:44:15 [DEBUG] [x10] Subscribed to funding/SPX/USD
18:44:15 [INFO] Lighter: Found 3 open positions
18:44:15 [INFO] 📊 Positions: X10=3, Lighter=3
18:44:15 [DEBUG] X10 positions: ['TON-USD', 'BERA-USD', 'UNI-USD']
18:44:15 [DEBUG] Lighter positions: ['TON-USD', 'BERA-USD', 'UNI-USD']
18:44:15 [DEBUG] [x10] Subscribed to publicTrades/BTC/USD
18:44:15 [DEBUG] [x10] Subscribed to funding/VIRTUAL/USD
18:44:15 [DEBUG] [x10] Subscribed to publicTrades/USDJPY/USD
18:44:16 [DEBUG] [x10] Subscribed to publicTrades/WLD/USD
18:44:16 [DEBUG] [x10] Subscribed to funding/IP/USD
18:44:16 [DEBUG] [x10] Subscribed to funding/FIL/USD
18:44:16 [DEBUG] [x10] Subscribed to publicTrades/LINK/USD
18:44:16 [DEBUG] MAX_OPEN_TRADES (3) reached, waiting...
18:44:16 [DEBUG] [x10] Subscribed to funding/PENGU/USD
18:44:16 [DEBUG] [x10] Subscribed to publicTrades/1000PEPE/USD
18:44:16 [DEBUG] [x10] Subscribed to publicTrades/BERA/USD
18:44:16 [DEBUG] Using cached positions (age: 1.4s)
18:44:16 [DEBUG] [x10] Subscribed to funding/ADA/USD
18:44:16 [DEBUG] [x10] Subscribed to publicTrades/AERO/USD
18:44:16 [DEBUG] [x10] Subscribed to funding/ASTER/USD
18:44:16 [DEBUG] [x10] Subscribed to funding/SOL/USD
18:44:17 [DEBUG] [x10] Subscribed to funding/WLD/USD
18:44:17 [DEBUG] [x10] Subscribed to publicTrades/APT/USD
18:44:17 [DEBUG] [x10] Subscribed to funding/ENA/USD
18:44:17 [DEBUG] [x10] Subscribed to publicTrades/STRK/USD
18:44:17 [DEBUG] [x10] Subscribed to publicTrades/1000SHIB/USD
18:44:17 [DEBUG] [x10] Subscribed to funding/NEAR/USD
18:44:17 [DEBUG] [x10] Subscribed to funding/TIA/USD
18:44:17 [DEBUG] Using cached positions (age: 2.4s)
18:44:17 [DEBUG] [x10] Subscribed to funding/FARTCOIN/USD
18:44:17 [DEBUG] [x10] Subscribed to publicTrades/MON/USD
18:44:17 [DEBUG] [x10] Subscribed to publicTrades/PENDLE/USD
18:44:17 [DEBUG] [x10] Subscribed to publicTrades/FARTCOIN/USD
18:44:18 [DEBUG] [x10] Subscribed to funding/HYPE/USD
18:44:18 [DEBUG] [x10] Subscribed to publicTrades/POPCAT/USD
18:44:18 [DEBUG] [x10] Subscribed to funding/STRK/USD
18:44:18 [DEBUG] [x10] Subscribed to funding/TAO/USD
18:44:18 [DEBUG] [x10] Subscribed to funding/1000PEPE/USD
18:44:18 [DEBUG] [x10] Subscribed to publicTrades/TRX/USD
18:44:18 [DEBUG] Using cached positions (age: 3.4s)
18:44:18 [DEBUG] [x10] Subscribed to publicTrades/BNB/USD
18:44:18 [DEBUG] [x10] Subscribed to funding/S/USD
18:44:18 [DEBUG] [x10] Subscribed to funding/AVAX/USD
18:44:18 [DEBUG] [x10] Subscribed to funding/LDO/USD
18:44:19 [DEBUG] [x10] Subscribed to funding/MEGA/USD
18:44:19 [DEBUG] [x10] Subscribed to funding/1000BONK/USD
18:44:19 [DEBUG] [x10] Subscribed to publicTrades/LDO/USD
18:44:19 [DEBUG] [x10] Subscribed to funding/CRV/USD
18:44:19 [DEBUG] 💓 [lighter] Ping/Pong OK
18:44:19 [DEBUG] MAX_OPEN_TRADES (3) reached, waiting...
18:44:19 [DEBUG] [x10] Subscribed to funding/APEX/USD
18:44:19 [DEBUG] [x10] Subscribed to funding/RESOLV/USD
18:44:19 [DEBUG] [x10] Subscribed to funding/WIF/USD
18:44:19 [DEBUG] Using cached positions (age: 4.4s)
18:44:19 [DEBUG] [x10] Subscribed to funding/AVNT/USD
18:44:19 [DEBUG] [x10] Subscribed to funding/DOGE/USD
18:44:19 [DEBUG] [x10] Subscribed to publicTrades/HYPE/USD
18:44:19 [DEBUG] [x10] Subscribed to funding/ARB/USD
18:44:20 [DEBUG] [x10] Subscribed to publicTrades/MEGA/USD
18:44:20 [DEBUG] ✅ SUI-USD: X10=$498,335, Lighter=$1,964,846, Total=$2,463,181
18:44:20 [DEBUG] [x10] Subscribed to publicTrades/OP/USD
18:44:20 [DEBUG] [x10] Subscribed to funding/KAITO/USD
18:44:20 [DEBUG] [x10] Subscribed to funding/MKR/USD
18:44:20 [DEBUG] [x10] Subscribed to publicTrades/DOGE/USD
18:44:20 [DEBUG] [x10] Subscribed to funding/AERO/USD
18:44:20 [DEBUG] [x10] Subscribed to publicTrades/ONDO/USD
18:44:20 [DEBUG] Fetching fresh positions (force=False, cache_age=5.4s)
18:44:20 [DEBUG] Sending GET https://api.starknet.extended.exchange/api/v1/user/positions?
18:44:20 [DEBUG] [x10] Subscribed to publicTrades/XAU/USD
18:44:20 [DEBUG] [x10] Subscribed to publicTrades/NEAR/USD
18:44:20 [DEBUG] [x10] Subscribed to publicTrades/SOL/USD
18:44:20 [DEBUG] [x10] Subscribed to publicTrades/LTC/USD
18:44:21 [INFO] Lighter: Found 3 open positions
18:44:21 [INFO] 📊 Positions: X10=3, Lighter=3
18:44:21 [DEBUG] X10 positions: ['TON-USD', 'BERA-USD', 'UNI-USD']
18:44:21 [DEBUG] Lighter positions: ['TON-USD', 'BERA-USD', 'UNI-USD']
18:44:21 [DEBUG] [x10] Subscribed to publicTrades/SEI/USD
18:44:21 [DEBUG] [x10] Subscribed to funding/EIGEN/USD
18:44:21 [DEBUG] [x10] Subscribed to funding/XAU/USD
18:44:21 [DEBUG] [x10] Subscribed to publicTrades/AAVE/USD
18:44:21 [DEBUG] [x10] Subscribed to funding/LINEA/USD
18:44:21 [DEBUG] [x10] Subscribed to publicTrades/WIF/USD
18:44:22 [DEBUG] Using cached positions (age: 1.4s)
18:44:22 [DEBUG] MAX_OPEN_TRADES (3) reached, waiting...
18:44:23 [DEBUG] Using cached positions (age: 2.4s)
18:44:23 [DEBUG] ✅ APT-USD: X10=$181,166, Lighter=$1,346,377, Total=$1,527,543
18:44:24 [DEBUG] Using cached positions (age: 3.4s)
18:44:25 [DEBUG] Using cached positions (age: 4.4s)
18:44:25 [INFO] 🚜 Farm Mode ACTIVE
18:44:25 [DEBUG] MAX_OPEN_TRADES (3) reached, waiting...
18:44:26 [DEBUG] Fetching fresh positions (force=False, cache_age=5.4s)
18:44:26 [DEBUG] Sending GET https://api.starknet.extended.exchange/api/v1/user/positions?
18:44:26 [INFO] Lighter: Found 3 open positions
18:44:26 [INFO] 📊 Positions: X10=3, Lighter=3
18:44:26 [DEBUG] X10 positions: ['TON-USD', 'BERA-USD', 'UNI-USD']
18:44:26 [DEBUG] Lighter positions: ['TON-USD', 'BERA-USD', 'UNI-USD']
18:44:27 [DEBUG] Using cached positions (age: 1.4s)
18:44:27 [DEBUG] ✅ ASTER-USD: X10=$589,636, Lighter=$13,164,830, Total=$13,754,467
18:44:28 [DEBUG] MAX_OPEN_TRADES (3) reached, waiting...
18:44:28 [DEBUG] Using cached positions (age: 2.4s)
18:44:29 [WARNING] [x10] Connection closed: 1011 Ping timeout
18:44:29 [ERROR] [x10] Send error: received 1011 (internal error) Ping timeout; then sent 1011 (internal error) Ping timeout
18:44:29 [DEBUG] 💓 [x10] App-Ping sent
18:44:29 [INFO] 🔄 [x10] Reconnecting in 1.0s (attempt 1)
18:44:29 [DEBUG] Using cached positions (age: 3.4s)
18:44:30 [DEBUG] Using cached positions (age: 4.4s)
18:44:31 [DEBUG] ✅ IP-USD: X10=$254,480, Lighter=$538,240, Total=$792,720
18:44:31 [DEBUG] MAX_OPEN_TRADES (3) reached, waiting...
18:44:31 [INFO] ✅ [x10] Connected to wss://api.starknet.extended.exchange/stream.extended.exchange/v1/account
18:44:31 [DEBUG] [x10] Subscribed to funding/PUMP/USD
18:44:31 [DEBUG] Fetching fresh positions (force=False, cache_age=5.4s)
18:44:31 [DEBUG] Sending GET https://api.starknet.extended.exchange/api/v1/user/positions?
18:44:31 [DEBUG] [x10] Subscribed to publicTrades/AVAX/USD
18:44:31 [DEBUG] [x10] Subscribed to funding/BERA/USD
18:44:31 [DEBUG] [x10] Subscribed to funding/ZRO/USD
18:44:31 [DEBUG] [x10] Subscribed to publicTrades/ENA/USD
18:44:31 [DEBUG] [x10] Subscribed to publicTrades/VIRTUAL/USD
18:44:31 [INFO] Lighter: Found 3 open positions
18:44:31 [INFO] 📊 Positions: X10=3, Lighter=3
18:44:31 [DEBUG] X10 positions: ['TON-USD', 'BERA-USD', 'UNI-USD']
18:44:31 [DEBUG] Lighter positions: ['TON-USD', 'BERA-USD', 'UNI-USD']
18:44:32 [DEBUG] [x10] Subscribed to funding/USDJPY/USD
18:44:32 [DEBUG] [x10] Subscribed to publicTrades/WLFI/USD
18:44:32 [DEBUG] [x10] Subscribed to funding/XAG/USD
18:44:32 [DEBUG] [x10] Subscribed to publicTrades/TON/USD
18:44:32 [DEBUG] [x10] Subscribed to publicTrades/ADA/USD
18:44:32 [DEBUG] [x10] Subscribed to funding/OP/USD
18:44:32 [DEBUG] [x10] Subscribed to publicTrades/DOT/USD
18:44:32 [DEBUG] [x10] Subscribed to funding/APT/USD
18:44:32 [DEBUG] [x10] Subscribed to publicTrades/EIGEN/USD
18:44:32 [DEBUG] [x10] Subscribed to funding/UNI/USD
18:44:32 [DEBUG] Using cached positions (age: 1.5s)
18:44:32 [DEBUG] [x10] Subscribed to funding/PENDLE/USD
18:44:33 [DEBUG] [x10] Subscribed to publicTrades/ARB/USD
18:44:33 [DEBUG] [x10] Subscribed to publicTrades/MNT/USD
18:44:33 [DEBUG] [x10] Subscribed to funding/BCH/USD
18:44:33 [DEBUG] [x10] Subscribed to funding/LTC/USD
18:44:33 [DEBUG] [x10] Subscribed to funding/ZORA/USD
18:44:33 [DEBUG] [x10] Subscribed to funding/1000SHIB/USD
18:44:33 [DEBUG] [x10] Subscribed to publicTrades/SUI/USD
18:44:33 [DEBUG] [x10] Subscribed to publicTrades/BCH/USD
18:44:33 [DEBUG] [x10] Subscribed to publicTrades/MKR/USD
18:44:33 [DEBUG] [x10] Subscribed to publicTrades/TIA/USD
18:44:33 [DEBUG] Using cached positions (age: 2.5s)
18:44:34 [DEBUG] [x10] Subscribed to funding/SEI/USD
18:44:34 [DEBUG] [x10] Subscribed to publicTrades/ZEC/USD
18:44:34 [DEBUG] [x10] Subscribed to funding/XRP/USD
18:44:34 [DEBUG] [x10] Subscribed to funding/TON/USD
18:44:34 [DEBUG] 🐕 Watchdog OK: Daten-Alter 3.0s
18:44:34 [DEBUG] MAX_OPEN_TRADES (3) reached, waiting...
18:44:34 [DEBUG] [x10] Subscribed to funding/ONDO/USD
18:44:34 [DEBUG] [x10] Subscribed to publicTrades/PUMP/USD
18:44:34 [DEBUG] [x10] Subscribed to funding/AAVE/USD
18:44:34 [DEBUG] [x10] Subscribed to publicTrades/TAO/USD
18:44:34 [DEBUG] [x10] Subscribed to publicTrades/S/USD
18:44:34 [DEBUG] [x10] Subscribed to publicTrades/AVNT/USD
18:44:34 [DEBUG] Using cached positions (age: 3.5s)
18:44:34 [DEBUG] [x10] Subscribed to publicTrades/IP/USD
18:44:35 [DEBUG] [x10] Subscribed to publicTrades/XPL/USD
18:44:35 [DEBUG] ✅ XAU-USD: X10=$3,544,129, Lighter=$1,997, Total=$3,546,126
18:44:35 [DEBUG] [x10] Subscribed to publicTrades/CRV/USD
18:44:35 [DEBUG] [x10] Subscribed to publicTrades/SPX/USD
18:44:35 [INFO] 🚜 Farm Mode ACTIVE
18:44:35 [DEBUG] [x10] Subscribed to publicTrades/LINEA/USD
18:44:35 [DEBUG] [x10] Subscribed to funding/LINK/USD
18:44:35 [DEBUG] [x10] Subscribed to publicTrades/JUP/USD
18:44:35 [DEBUG] [x10] Subscribed to funding/DOT/USD
18:44:35 [DEBUG] [x10] Subscribed to publicTrades/ASTER/USD
18:44:35 [DEBUG] [x10] Subscribed to funding/BNB/USD
18:44:35 [DEBUG] [x10] Subscribed to funding/GRASS/USD
18:44:35 [DEBUG] Using cached positions (age: 4.5s)
18:44:35 [DEBUG] [x10] Subscribed to publicTrades/KAITO/USD
18:44:36 [DEBUG] [x10] Subscribed to funding/TRX/USD
18:44:36 [DEBUG] [x10] Subscribed to funding/MNT/USD
18:44:36 [DEBUG] [x10] Subscribed to funding/JUP/USD
18:44:36 [DEBUG] [x10] Subscribed to publicTrades/EDEN/USD
18:44:36 [DEBUG] [x10] Subscribed to publicTrades/PENGU/USD
18:44:36 [DEBUG] [x10] Subscribed to publicTrades/UNI/USD
18:44:36 [DEBUG] [x10] Subscribed to funding/EDEN/USD
18:44:36 [DEBUG] [x10] Subscribed to funding/POPCAT/USD
18:44:36 [DEBUG] [x10] Subscribed to funding/BTC/USD
18:44:36 [DEBUG] Fetching fresh positions (force=False, cache_age=5.5s)
18:44:36 [DEBUG] [x10] Subscribed to publicTrades/TRUMP/USD
18:44:36 [DEBUG] Sending GET https://api.starknet.extended.exchange/api/v1/user/positions?
18:44:37 [DEBUG] [x10] Subscribed to publicTrades/ETH/USD
18:44:37 [DEBUG] [x10] Subscribed to funding/WLFI/USD
18:44:37 [DEBUG] [x10] Subscribed to funding/ETH/USD
18:44:37 [DEBUG] [x10] Subscribed to funding/MON/USD
18:44:37 [DEBUG] MAX_OPEN_TRADES (3) reached, waiting...
18:44:37 [INFO] Lighter: Found 3 open positions
18:44:37 [INFO] 📊 Positions: X10=3, Lighter=3
18:44:37 [DEBUG] X10 positions: ['TON-USD', 'BERA-USD', 'UNI-USD']
18:44:37 [DEBUG] Lighter positions: ['TON-USD', 'BERA-USD', 'UNI-USD']
18:44:37 [DEBUG] [x10] Subscribed to funding/TRUMP/USD
18:44:37 [DEBUG] [x10] Subscribed to publicTrades/GRASS/USD
18:44:37 [DEBUG] [x10] Subscribed to funding/SUI/USD
18:44:37 [DEBUG] [x10] Subscribed to publicTrades/ZRO/USD
18:44:37 [DEBUG] [x10] Subscribed to publicTrades/FIL/USD
18:44:37 [DEBUG] [x10] Subscribed to publicTrades/RESOLV/USD
18:44:37 [DEBUG] [x10] Subscribed to publicTrades/XAG/USD
18:44:38 [DEBUG] [x10] Subscribed to publicTrades/ZORA/USD
18:44:38 [DEBUG] [x10] Subscribed to publicTrades/1000BONK/USD
18:44:38 [DEBUG] [x10] Subscribed to publicTrades/APEX/USD
18:44:38 [DEBUG] [x10] Subscribed to funding/ZEC/USD
18:44:38 [DEBUG] Using cached positions (age: 1.5s)
18:44:38 [DEBUG] [x10] Subscribed to publicTrades/XRP/USD
18:44:38 [DEBUG] [x10] Subscribed to funding/XPL/USD
18:44:38 [DEBUG] [x10] Subscribed to funding/SPX/USD
18:44:38 [DEBUG] [x10] Subscribed to publicTrades/BTC/USD
18:44:38 [DEBUG] [x10] Subscribed to funding/VIRTUAL/USD
18:44:38 [DEBUG] [x10] Subscribed to publicTrades/USDJPY/USD
18:44:39 [DEBUG] [x10] Subscribed to publicTrades/WLD/USD
18:44:39 [DEBUG] [x10] Subscribed to funding/IP/USD
18:44:39 [DEBUG] [x10] Subscribed to funding/FIL/USD
18:44:39 [DEBUG] [x10] Subscribed to publicTrades/LINK/USD
18:44:39 [DEBUG] [x10] Subscribed to funding/PENGU/USD
18:44:39 [DEBUG] Using cached positions (age: 2.5s)
18:44:39 [DEBUG] [x10] Subscribed to publicTrades/1000PEPE/USD
18:44:39 [DEBUG] 💓 [lighter] Ping/Pong OK
18:44:39 [DEBUG] [x10] Subscribed to publicTrades/BERA/USD
18:44:39 [DEBUG] [x10] Subscribed to funding/ADA/USD
18:44:39 [DEBUG] [x10] Subscribed to publicTrades/AERO/USD
18:44:39 [DEBUG] [x10] Subscribed to funding/ASTER/USD
18:44:39 [DEBUG] [x10] Subscribed to funding/SOL/USD
18:44:40 [DEBUG] [x10] Subscribed to funding/WLD/USD
18:44:40 [DEBUG] [x10] Subscribed to publicTrades/APT/USD
18:44:40 [DEBUG] [x10] Subscribed to funding/ENA/USD
18:44:40 [DEBUG] [x10] Subscribed to publicTrades/STRK/USD
18:44:40 [DEBUG] MAX_OPEN_TRADES (3) reached, waiting...
18:44:40 [DEBUG] Using cached positions (age: 3.5s)
18:44:40 [DEBUG] [x10] Subscribed to publicTrades/1000SHIB/USD
18:44:40 [DEBUG] [x10] Subscribed to funding/NEAR/USD
18:44:40 [DEBUG] [x10] Subscribed to funding/TIA/USD
18:44:40 [DEBUG] [x10] Subscribed to funding/FARTCOIN/USD
18:44:40 [DEBUG] [x10] Subscribed to publicTrades/MON/USD
18:44:40 [DEBUG] ✅ ADA-USD: X10=$240,424, Lighter=$2,904,113, Total=$3,144,537
18:44:40 [DEBUG] [x10] Subscribed to publicTrades/PENDLE/USD
18:44:41 [DEBUG] [x10] Subscribed to publicTrades/FARTCOIN/USD
18:44:41 [DEBUG] [x10] Subscribed to funding/HYPE/USD
18:44:41 [DEBUG] [x10] Subscribed to publicTrades/POPCAT/USD
18:44:41 [DEBUG] [x10] Subscribed to funding/STRK/USD
18:44:41 [DEBUG] Using cached positions (age: 4.5s)
18:44:41 [DEBUG] [x10] Subscribed to funding/TAO/USD
18:44:41 [DEBUG] [x10] Subscribed to funding/1000PEPE/USD
18:44:41 [DEBUG] [x10] Subscribed to publicTrades/TRX/USD
18:44:41 [DEBUG] [x10] Subscribed to publicTrades/BNB/USD
18:44:41 [DEBUG] [x10] Subscribed to funding/S/USD
18:44:41 [DEBUG] [x10] Subscribed to funding/AVAX/USD
18:44:41 [DEBUG] [x10] Subscribed to funding/LDO/USD
18:44:42 [DEBUG] [x10] Subscribed to funding/MEGA/USD
18:44:42 [DEBUG] [x10] Subscribed to funding/1000BONK/USD
18:44:42 [DEBUG] [x10] Subscribed to publicTrades/LDO/USD
18:44:42 [DEBUG] [x10] Subscribed to funding/CRV/USD
18:44:42 [DEBUG] Fetching fresh positions (force=False, cache_age=5.5s)
18:44:42 [DEBUG] Sending GET https://api.starknet.extended.exchange/api/v1/user/positions?
18:44:42 [DEBUG] [x10] Subscribed to funding/APEX/USD
18:44:42 [DEBUG] [x10] Subscribed to funding/RESOLV/USD
18:44:42 [DEBUG] [x10] Subscribed to funding/WIF/USD
18:44:42 [DEBUG] [x10] Subscribed to funding/AVNT/USD
18:44:42 [DEBUG] [x10] Subscribed to funding/DOGE/USD
18:44:42 [INFO] Lighter: Found 3 open positions
18:44:42 [INFO] 📊 Positions: X10=3, Lighter=3
18:44:42 [DEBUG] X10 positions: ['TON-USD', 'BERA-USD', 'UNI-USD']
18:44:42 [DEBUG] Lighter positions: ['TON-USD', 'BERA-USD', 'UNI-USD']
18:44:42 [DEBUG] [x10] Subscribed to publicTrades/HYPE/USD
18:44:43 [DEBUG] [x10] Subscribed to funding/ARB/USD
18:44:43 [DEBUG] [x10] Subscribed to publicTrades/MEGA/USD
18:44:43 [DEBUG] [x10] Subscribed to publicTrades/OP/USD
18:44:43 [DEBUG] [x10] Subscribed to funding/KAITO/USD
18:44:43 [DEBUG] MAX_OPEN_TRADES (3) reached, waiting...
18:44:43 [DEBUG] [x10] Subscribed to funding/MKR/USD
18:44:43 [DEBUG] [x10] Subscribed to publicTrades/DOGE/USD
18:44:43 [DEBUG] [x10] Subscribed to funding/AERO/USD
18:44:43 [DEBUG] [x10] Subscribed to publicTrades/ONDO/USD
18:44:43 [DEBUG] [x10] Subscribed to publicTrades/XAU/USD
18:44:43 [DEBUG] Using cached positions (age: 1.5s)
18:44:43 [DEBUG] [x10] Subscribed to publicTrades/NEAR/USD
18:44:43 [DEBUG] [x10] Subscribed to publicTrades/SOL/USD
18:44:44 [DEBUG] [x10] Subscribed to publicTrades/LTC/USD
18:44:44 [DEBUG] [x10] Subscribed to publicTrades/SEI/USD
18:44:44 [DEBUG] [x10] Subscribed to funding/EIGEN/USD
18:44:44 [DEBUG] [x10] Subscribed to funding/XAU/USD
18:44:44 [DEBUG] [x10] Subscribed to publicTrades/AAVE/USD
18:44:44 [DEBUG] [x10] Subscribed to funding/LINEA/USD
18:44:44 [DEBUG] [x10] Subscribed to publicTrades/WIF/USD
18:44:44 [DEBUG] ✅ SEI-USD: X10=$180,231, Lighter=$8,924,401, Total=$9,104,632
18:44:44 [DEBUG] Using cached positions (age: 2.5s)
18:44:45 [INFO] 🚜 Farm Mode ACTIVE
18:44:45 [DEBUG] Using cached positions (age: 3.5s)
18:44:46 [DEBUG] MAX_OPEN_TRADES (3) reached, waiting...
18:44:46 [DEBUG] Using cached positions (age: 4.5s)
18:44:47 [DEBUG] Fetching fresh positions (force=False, cache_age=5.5s)
18:44:47 [DEBUG] Sending GET https://api.starknet.extended.exchange/api/v1/user/positions?
18:44:48 [WARNING] [x10] Connection closed: 1011 Ping timeout
18:44:48 [INFO] 🔄 [x10] Reconnecting in 1.0s (attempt 1)
18:44:48 [INFO] Lighter: Found 3 open positions
18:44:48 [INFO] 📊 Positions: X10=3, Lighter=3
18:44:48 [DEBUG] X10 positions: ['TON-USD', 'BERA-USD', 'UNI-USD']
18:44:48 [DEBUG] Lighter positions: ['TON-USD', 'BERA-USD', 'UNI-USD']
18:44:48 [DEBUG] ✅ ZRO-USD: X10=$103,515, Lighter=$551,002, Total=$654,517
18:44:49 [DEBUG] Using cached positions (age: 1.5s)
18:44:49 [DEBUG] MAX_OPEN_TRADES (3) reached, waiting...
18:44:50 [INFO] ✅ [x10] Connected to wss://api.starknet.extended.exchange/stream.extended.exchange/v1/account
18:44:50 [DEBUG] [x10] Subscribed to funding/PUMP/USD
18:44:50 [DEBUG] Using cached positions (age: 2.5s)
18:44:50 [DEBUG] [x10] Subscribed to publicTrades/AVAX/USD
18:44:50 [DEBUG] [x10] Subscribed to funding/BERA/USD
18:44:50 [DEBUG] [x10] Subscribed to funding/ZRO/USD
18:44:50 [DEBUG] [x10] Subscribed to publicTrades/ENA/USD
18:44:50 [DEBUG] [x10] Subscribed to publicTrades/VIRTUAL/USD
18:44:50 [DEBUG] [x10] Subscribed to funding/USDJPY/USD
18:44:50 [DEBUG] [x10] Subscribed to publicTrades/WLFI/USD
18:44:50 [DEBUG] [x10] Subscribed to funding/XAG/USD
18:44:51 [DEBUG] [x10] Subscribed to publicTrades/TON/USD
18:44:51 [DEBUG] [x10] Subscribed to publicTrades/ADA/USD
18:44:51 [DEBUG] [x10] Subscribed to funding/OP/USD
18:44:51 [DEBUG] Using cached positions (age: 3.5s)
18:44:51 [DEBUG] [x10] Subscribed to publicTrades/DOT/USD
18:44:51 [DEBUG] [x10] Subscribed to funding/APT/USD
18:44:51 [DEBUG] [x10] Subscribed to publicTrades/EIGEN/USD
18:44:51 [DEBUG] [x10] Subscribed to funding/UNI/USD
18:44:51 [DEBUG] [x10] Subscribed to funding/PENDLE/USD
18:44:51 [DEBUG] [x10] Subscribed to publicTrades/ARB/USD
18:44:51 [DEBUG] [x10] Subscribed to publicTrades/MNT/USD
18:44:52 [DEBUG] [x10] Subscribed to funding/BCH/USD
18:44:52 [DEBUG] [x10] Subscribed to funding/LTC/USD
18:44:52 [DEBUG] ✅ PUMP-USD: X10=$603,224, Lighter=$2,338,550,905, Total=$2,339,154,129
18:44:52 [DEBUG] [x10] Subscribed to funding/ZORA/USD
18:44:52 [DEBUG] [x10] Subscribed to funding/1000SHIB/USD
18:44:52 [DEBUG] Using cached positions (age: 4.5s)
18:44:52 [DEBUG] MAX_OPEN_TRADES (3) reached, waiting...
18:44:52 [DEBUG] [x10] Subscribed to publicTrades/SUI/USD
18:44:52 [DEBUG] [x10] Subscribed to publicTrades/BCH/USD
18:44:52 [DEBUG] [x10] Subscribed to publicTrades/MKR/USD
18:44:52 [DEBUG] [x10] Subscribed to publicTrades/TIA/USD
18:44:52 [DEBUG] [x10] Subscribed to funding/SEI/USD
18:44:52 [DEBUG] [x10] Subscribed to publicTrades/ZEC/USD
18:44:52 [DEBUG] [x10] Subscribed to funding/XRP/USD
18:44:53 [DEBUG] [x10] Subscribed to funding/TON/USD
18:44:53 [DEBUG] [x10] Subscribed to funding/ONDO/USD
18:44:53 [DEBUG] [x10] Subscribed to publicTrades/PUMP/USD
18:44:53 [DEBUG] Fetching fresh positions (force=False, cache_age=5.5s)
18:44:53 [DEBUG] Sending GET https://api.starknet.extended.exchange/api/v1/user/positions?
18:44:53 [DEBUG] [x10] Subscribed to funding/AAVE/USD
18:44:53 [DEBUG] [x10] Subscribed to publicTrades/TAO/USD
18:44:53 [DEBUG] [x10] Subscribed to publicTrades/S/USD
18:44:53 [DEBUG] [x10] Subscribed to publicTrades/AVNT/USD
18:44:53 [DEBUG] [x10] Subscribed to publicTrades/IP/USD
18:44:53 [INFO] Lighter: Found 3 open positions
18:44:53 [INFO] 📊 Positions: X10=3, Lighter=3
18:44:53 [DEBUG] X10 positions: ['TON-USD', 'BERA-USD', 'UNI-USD']
18:44:53 [DEBUG] Lighter positions: ['TON-USD', 'BERA-USD', 'UNI-USD']
18:44:53 [DEBUG] [x10] Subscribed to publicTrades/XPL/USD
18:44:53 [DEBUG] [x10] Subscribed to publicTrades/CRV/USD
18:44:53 [DEBUG] [x10] Subscribed to publicTrades/SPX/USD
18:44:54 [DEBUG] [x10] Subscribed to publicTrades/LINEA/USD
18:44:54 [DEBUG] [x10] Subscribed to funding/LINK/USD
18:44:54 [DEBUG] [x10] Subscribed to publicTrades/JUP/USD
18:44:54 [DEBUG] [x10] Subscribed to funding/DOT/USD
18:44:54 [DEBUG] [x10] Subscribed to publicTrades/ASTER/USD
18:44:54 [DEBUG] [x10] Subscribed to funding/BNB/USD
18:44:54 [DEBUG] [x10] Subscribed to funding/GRASS/USD
18:44:54 [DEBUG] [x10] Subscribed to publicTrades/KAITO/USD
18:44:54 [DEBUG] Using cached positions (age: 1.4s)
18:44:54 [DEBUG] [x10] Subscribed to funding/TRX/USD
18:44:54 [DEBUG] [x10] Subscribed to funding/MNT/USD
18:44:55 [DEBUG] [x10] Subscribed to funding/JUP/USD
18:44:55 [DEBUG] [x10] Subscribed to publicTrades/EDEN/USD
18:44:55 [DEBUG] [x10] Subscribed to publicTrades/PENGU/USD
18:44:55 [DEBUG] [x10] Subscribed to publicTrades/UNI/USD
18:44:55 [INFO] 🚜 Farm Mode ACTIVE
18:44:55 [DEBUG] MAX_OPEN_TRADES (3) reached, waiting...
18:44:55 [DEBUG] [x10] Subscribed to funding/EDEN/USD
18:44:55 [DEBUG] [x10] Subscribed to funding/POPCAT/USD
18:44:55 [DEBUG] [x10] Subscribed to funding/BTC/USD
18:44:55 [DEBUG] [x10] Subscribed to publicTrades/TRUMP/USD
18:44:55 [DEBUG] Using cached positions (age: 2.4s)
18:44:55 [DEBUG] [x10] Subscribed to publicTrades/ETH/USD
18:44:55 [DEBUG] [x10] Subscribed to funding/WLFI/USD
18:44:55 [DEBUG] ✅ 1000PEPE-USD: X10=$117,092, Lighter=$322,504,504, Total=$322,621,596
18:44:55 [DEBUG] [x10] Subscribed to funding/ETH/USD
18:44:56 [DEBUG] [x10] Subscribed to funding/MON/USD
18:44:56 [DEBUG] [x10] Subscribed to funding/TRUMP/USD
18:44:56 [DEBUG] [x10] Subscribed to publicTrades/GRASS/USD
18:44:56 [DEBUG] [x10] Subscribed to funding/SUI/USD
18:44:56 [DEBUG] [x10] Subscribed to publicTrades/ZRO/USD
18:44:56 [DEBUG] [x10] Subscribed to publicTrades/FIL/USD
18:44:56 [DEBUG] [x10] Subscribed to publicTrades/RESOLV/USD
18:44:56 [DEBUG] [x10] Subscribed to publicTrades/XAG/USD
18:44:56 [DEBUG] Using cached positions (age: 3.4s)
18:44:56 [DEBUG] [x10] Subscribed to publicTrades/ZORA/USD
18:44:56 [DEBUG] [x10] Subscribed to publicTrades/1000BONK/USD
18:44:57 [DEBUG] [x10] Subscribed to publicTrades/APEX/USD
18:44:57 [DEBUG] [x10] Subscribed to funding/ZEC/USD
18:44:57 [DEBUG] [x10] Subscribed to publicTrades/XRP/USD
18:44:57 [DEBUG] [x10] Subscribed to funding/XPL/USD
18:44:57 [DEBUG] [x10] Subscribed to funding/SPX/USD
18:44:57 [DEBUG] [x10] Subscribed to publicTrades/BTC/USD
18:44:57 [DEBUG] [x10] Subscribed to funding/VIRTUAL/USD
18:44:57 [DEBUG] [x10] Subscribed to publicTrades/USDJPY/USD
18:44:57 [DEBUG] Using cached positions (age: 4.4s)
18:44:57 [DEBUG] [x10] Subscribed to publicTrades/WLD/USD
18:44:57 [DEBUG] [x10] Subscribed to funding/IP/USD
18:44:57 [DEBUG] [x10] Subscribed to funding/FIL/USD
18:44:58 [DEBUG] [x10] Subscribed to publicTrades/LINK/USD
18:44:58 [DEBUG] [x10] Subscribed to funding/PENGU/USD
18:44:58 [WARNING] [lighter] Connection closed: 1008 no pong
18:44:58 [INFO] 🔄 [lighter] Reconnecting in 1.0s (attempt 1)
18:44:58 [DEBUG] [x10] Subscribed to publicTrades/1000PEPE/USD
18:44:58 [DEBUG] [x10] Subscribed to publicTrades/BERA/USD
18:44:58 [DEBUG] MAX_OPEN_TRADES (3) reached, waiting...
18:44:58 [DEBUG] [x10] Subscribed to funding/ADA/USD
18:44:58 [DEBUG] [x10] Subscribed to publicTrades/AERO/USD
18:44:58 [DEBUG] [x10] Subscribed to funding/ASTER/USD
18:44:58 [DEBUG] Fetching fresh positions (force=False, cache_age=5.5s)
18:44:58 [DEBUG] [x10] Subscribed to funding/SOL/USD
18:44:58 [DEBUG] Sending GET https://api.starknet.extended.exchange/api/v1/user/positions?
18:44:58 [DEBUG] [x10] Subscribed to funding/WLD/USD
18:44:58 [DEBUG] [x10] Subscribed to publicTrades/APT/USD
18:44:59 [DEBUG] [x10] Subscribed to funding/ENA/USD
18:44:59 [DEBUG] [x10] Subscribed to publicTrades/STRK/USD
18:44:59 [INFO] Lighter: Found 3 open positions
18:44:59 [INFO] 📊 Positions: X10=3, Lighter=3
18:44:59 [DEBUG] X10 positions: ['TON-USD', 'BERA-USD', 'UNI-USD']
18:44:59 [DEBUG] Lighter positions: ['TON-USD', 'BERA-USD', 'UNI-USD']
18:44:59 [DEBUG] [x10] Subscribed to publicTrades/1000SHIB/USD
18:44:59 [DEBUG] [x10] Subscribed to funding/NEAR/USD
18:44:59 [DEBUG] [x10] Subscribed to funding/TIA/USD
18:44:59 [DEBUG] [x10] Subscribed to funding/FARTCOIN/USD
18:44:59 [DEBUG] [x10] Subscribed to publicTrades/MON/USD
18:44:59 [DEBUG] [x10] Subscribed to publicTrades/PENDLE/USD
18:44:59 [DEBUG] [x10] Subscribed to publicTrades/FARTCOIN/USD
18:45:00 [DEBUG] [x10] Subscribed to funding/HYPE/USD
18:45:00 [DEBUG] [x10] Subscribed to publicTrades/POPCAT/USD
18:45:00 [DEBUG] [x10] Subscribed to funding/STRK/USD
18:45:00 [INFO] ✅ [lighter] Connected to wss://mainnet.zklighter.elliot.ai/stream
18:45:00 [DEBUG] [lighter] Subscribed to trade/18
18:45:00 [DEBUG] Using cached positions (age: 1.5s)
18:45:00 [DEBUG] [lighter] Subscribed to trade/12
18:45:00 [DEBUG] [x10] Subscribed to funding/TAO/USD
18:45:00 [DEBUG] [lighter] Subscribed to trade/76
18:45:00 [DEBUG] [x10] Subscribed to funding/1000PEPE/USD
18:45:00 [DEBUG] [lighter] Subscribed to order_book/7
18:45:00 [DEBUG] [x10] Subscribed to publicTrades/TRX/USD
18:45:00 [DEBUG] [lighter] Subscribed to trade/38
18:45:00 [DEBUG] [x10] Subscribed to publicTrades/BNB/USD
18:45:00 [DEBUG] [lighter] Subscribed to order_book/55
18:45:00 [DEBUG] [x10] Subscribed to funding/S/USD
18:45:00 [DEBUG] [lighter] Subscribed to trade/98
18:45:00 [DEBUG] [x10] Subscribed to funding/AVAX/USD
18:45:00 [DEBUG] [lighter] Subscribed to trade/103
18:45:00 [DEBUG] [x10] Subscribed to funding/LDO/USD
18:45:01 [DEBUG] [lighter] Subscribed to order_book/51
18:45:01 [DEBUG] [x10] Subscribed to funding/MEGA/USD
18:45:01 [DEBUG] [lighter] Subscribed to order_book/58
18:45:01 [DEBUG] [x10] Subscribed to funding/1000BONK/USD
18:45:01 [DEBUG] Using cached positions (age: 2.5s)
18:45:01 [DEBUG] [lighter] Subscribed to order_book/23
18:45:01 [DEBUG] [x10] Subscribed to publicTrades/LDO/USD
18:45:01 [DEBUG] MAX_OPEN_TRADES (3) reached, waiting...
18:45:01 [DEBUG] [lighter] Subscribed to order_book/46
18:45:01 [DEBUG] [x10] Subscribed to funding/CRV/USD
18:45:01 [DEBUG] [lighter] Subscribed to trade/91
18:45:01 [DEBUG] [x10] Subscribed to funding/APEX/USD
18:45:01 [DEBUG] [lighter] Subscribed to order_book/60
18:45:01 [DEBUG] [x10] Subscribed to funding/RESOLV/USD
18:45:01 [DEBUG] ✅ AVAX-USD: X10=$494,728, Lighter=$260,256, Total=$754,983
18:45:01 [DEBUG] [lighter] Subscribed to order_book/104
18:45:01 [DEBUG] [x10] Subscribed to funding/WIF/USD
18:45:01 [DEBUG] [lighter] Subscribed to order_book/39
18:45:01 [DEBUG] [x10] Subscribed to funding/AVNT/USD
18:45:01 [DEBUG] [lighter] Subscribed to order_book/76
18:45:01 [DEBUG] [x10] Subscribed to funding/DOGE/USD
18:45:02 [DEBUG] [lighter] Subscribed to trade/30
18:45:02 [DEBUG] [x10] Subscribed to publicTrades/HYPE/USD
18:45:02 [DEBUG] [lighter] Subscribed to order_book/5
18:45:02 [DEBUG] [x10] Subscribed to funding/ARB/USD
18:45:02 [DEBUG] [lighter] Subscribed to order_book/38
18:45:02 [DEBUG] [x10] Subscribed to publicTrades/MEGA/USD
18:45:02 [DEBUG] Using cached positions (age: 3.5s)
18:45:02 [DEBUG] [lighter] Subscribed to trade/53
18:45:02 [DEBUG] [x10] Subscribed to publicTrades/OP/USD
18:45:02 [DEBUG] [lighter] Subscribed to trade/28
18:45:02 [DEBUG] [x10] Subscribed to funding/KAITO/USD
18:45:02 [DEBUG] [lighter] Subscribed to order_book/21
18:45:02 [DEBUG] [x10] Subscribed to funding/MKR/USD
18:45:02 [WARNING] 🛑 Received SIGINT, initiating graceful shutdown...
18:45:02 [INFO] 🛑 Shutting down...
18:45:02 [INFO] 🛑 Initiating graceful shutdown...
18:45:02 [INFO] 🔍 Supervisor loop stopped
18:45:02 [DEBUG] [lighter] Subscribed to order_book/43
18:45:02 [DEBUG] [x10] Subscribed to publicTrades/DOGE/USD
18:45:02 [INFO] 🛑 Cancelling logic_loop...
18:45:02 [INFO] 🛑 Cancelling trade_management_loop...
18:45:02 [INFO] 🛑 Cancelling farm_loop...
18:45:02 [INFO] 🛑 Cancelling maintenance_loop...
18:45:02 [INFO] 🛑 Cancelling cleanup_finished_tasks...
18:45:02 [INFO] 🛑 Cancelling health_reporter...
18:45:02 [INFO] 🛑 Cancelling connection_watchdog...
18:45:02 [INFO] Logic loop cancelled
18:45:02 [INFO] Connection watchdog cancelled
18:45:02 [INFO] ✅ All tasks stopped
18:45:02 [INFO] 🛑 Rollback processor: Shutdown signal received
18:45:02 [INFO] ✅ ParallelExecutionManager: Stopped
18:45:05 [DEBUG] ✅ ENA-USD: X10=$390,951, Lighter=$18,219,857, Total=$18,610,808
18:45:07 [INFO] 🔌 [lighter] WebSocket stopped
18:45:07 [INFO] 🔌 [x10] WebSocket stopped
18:45:07 [INFO] ✅ WebSocketManager stopped
18:45:07 [INFO] ✅ OpenInterestTracker stopped
18:45:07 [INFO] 🛑 Stopping InMemoryStateManager...
18:45:07 [INFO] 📝 State writer loop stopped
18:45:07 [INFO] ✅ InMemoryStateManager stopped
18:45:07 [INFO] 🔒 Closing database...
18:45:07 [INFO] 🖊️ Database write loop stopped
18:45:07 [INFO] ✅ Database closed
18:45:07 [INFO] ✅ X10 Adapter geschlossen.
18:45:07 [INFO] ✅ Lighter Adapter closed
18:45:07 [INFO] ✅ Bot V5 shutdown complete
