20:06:19 [INFO]  CONFIG VALIDIERUNG abgeschlossen.
20:06:19 [INFO] 🔥 BOT V5 (Architected) STARTING...
20:06:19 [INFO] 🚀 Starting InMemoryStateManager...
20:06:19 [INFO] 📂 Initializing database: data/trades.db
20:06:19 [INFO] ✅ Read pool created: 5 connections
20:06:19 [INFO] ✅ WAL mode enabled
20:06:19 [INFO] 🔄 Running database migrations...
20:06:19 [INFO] ✅ Migrations complete (11 statements)
20:06:19 [INFO] ✅ Database initialized
20:06:19 [INFO] 🖊️ Database write loop started
20:06:19 [INFO] 📂 Loaded 3 trades from database
20:06:19 [INFO] ✅ InMemoryStateManager started (loaded 3 trades)
20:06:19 [INFO] ✅ State Manager started
20:06:19 [INFO]  Telegram Bot disabled (Token/ChatID missing).
20:06:19 [INFO] ✅ Async database initialized
20:06:19 [INFO] 📝 State writer loop started
20:06:19 [DEBUG] ✅ Database schema up to date
20:06:19 [INFO] Initialisiere X10 Adapter...
20:06:19 [INFO]  X10 Account initialisiert.
20:06:19 [INFO] Initialisiere Lighter Adapter...
20:06:19 [INFO] 📊 Loading Market Data via REST...
20:06:19 [DEBUG] Sending GET https://api.starknet.extended.exchange/api/v1/info/markets?
20:06:21 [WARNING] ⚠️ Skipping ETH-USD: market_id=None (parsed=-1) invalid or >254
20:06:21 [INFO] ✅ Lighter: Loaded 115 markets (base data)
20:06:21 [DEBUG] Starting new HTTPS connection (1): mainnet.zklighter.elliot.ai:443
20:06:22 [DEBUG] https://mainnet.zklighter.elliot.ai:443 "GET /api/v1/nextNonce?account_index=60113&api_key_index=3 HTTP/1.1" 200 25
20:06:22 [INFO]  X10: 91 Märkte geladen, 91 Funding Rates, 78 Preise
20:06:24 [INFO] ✅ Lighter: Updated 115 markets with size_decimals from API
20:06:24 [INFO] 📊 MARKET ADA-USD: size_decimals=1, price_decimals=5, min_base_amount=10.0
20:06:24 [INFO] 📊 MARKET SEI-USD: size_decimals=1, price_decimals=5, min_base_amount=50.0
20:06:24 [INFO] 📊 MARKET RESOLV-USD: size_decimals=0, price_decimals=6, min_base_amount=40.0
20:06:24 [INFO] 📊 MARKET TIA-USD: size_decimals=1, price_decimals=5, min_base_amount=3.0
20:06:24 [INFO] ✅ Markets loaded: X10=91, Lighter=115
20:06:24 [INFO] 📈 Pre-loading Lighter prices...
20:06:24 [DEBUG] Lighter: Loaded 379 funding rates
20:06:25 [DEBUG] Lighter: Loaded 115 prices via REST
20:06:25 [INFO] ✅ Lighter prices loaded: 115 symbols
20:06:25 [INFO] FundingPredictorV2 initialized with BTC Correlation
20:06:25 [INFO] 启动 OI Tracker für 67 Symbole...
20:06:25 [INFO] ✅ OpenInterestTracker started (interval=30.0s)
20:06:25 [INFO] 🌐 Starting WebSocket Manager...
20:06:25 [INFO] 📊 OI Tracker: Starting cycle 1 (67 symbols)
20:06:25 [INFO] 🔌 [lighter] WebSocket manager started
20:06:25 [INFO] 🔌 [x10] WebSocket manager started
20:06:25 [INFO] 🔌 [lighter] Connecting with kwargs: {'close_timeout': 5.0, 'max_size': 4194304, 'ping_interval': 20.0, 'ping_timeout': 10.0}
20:06:25 [INFO] 🔌 [x10] Connecting with kwargs: {'close_timeout': 5.0, 'max_size': 4194304, 'ping_interval': 20.0, 'additional_headers': {'X-Api-Key': 'a1c9207f79f0e57ddc454bf1e16dbe49', 'User-Agent': 'X10PythonTradingClient/0.4.5'}}
20:06:25 [INFO] ✅ WebSocketManager started
20:06:25 [DEBUG] ✅ WIF-USD: X10=$330,528, Lighter=$2,635,452, Total=$2,965,981
20:06:26 [INFO] ✅ [lighter] Connected to wss://mainnet.zklighter.elliot.ai/stream
20:06:26 [INFO] ✅ [lighter] Keepalive enabled: ping_interval=20.0s, ping_timeout=10.0s
20:06:26 [INFO] [lighter] Resubscribing to 79 channels (paced)...
20:06:26 [INFO] [lighter] Receive loop started (async iterator)
20:06:26 [DEBUG] 💓 [lighter] Heartbeat monitor started (library handles ping/pong)
20:06:26 [DEBUG] [lighter] Subscribed to order_book/10
20:06:26 [DEBUG] [lighter] Subscribed to trade/10
20:06:26 [INFO] ✅ [x10] Connected to wss://api.starknet.extended.exchange/stream.extended.exchange/v1/account
20:06:26 [INFO] ✅ [x10] Keepalive enabled: ping_interval=20.0s, ping_timeout=None (auto-pong)
20:06:26 [INFO] [x10] Receive loop started (async iterator)
20:06:26 [DEBUG] 💓 [x10] Heartbeat monitor started (library handles ping/pong)
20:06:26 [DEBUG] [x10] RAW MSG: {"type":"ORDER","data":{"isSnapshot":true,"orders":[]},"ts":1764702377537,"seq":1}
20:06:26 [DEBUG] [lighter] Subscribed to order_book/28
20:06:26 [DEBUG] [lighter] Subscribed to trade/28
20:06:26 [DEBUG] [x10] RAW MSG: {"type":"BALANCE","data":{"isSnapshot":true,"balance":{"collateralName":"USD","balance":"301.833176"
20:06:26 [DEBUG] [x10] RAW MSG: {"type":"POSITION","data":{"isSnapshot":true,"positions":[{"id":1995931047530856448,"accountId":1270
20:06:26 [DEBUG] [lighter] Subscribed to order_book/92
20:06:26 [DEBUG] [lighter] Subscribed to trade/92
20:06:26 [DEBUG] [lighter] Subscribed to order_book/60
20:06:26 [DEBUG] [lighter] Subscribed to trade/60
20:06:26 [DEBUG] [lighter] Subscribed to order_book/89
20:06:26 [DEBUG] [lighter] Subscribed to trade/89
20:06:26 [DEBUG] [lighter] Resubscribed 10/79 channels
20:06:26 [DEBUG] [lighter] Subscribed to order_book/82
20:06:26 [DEBUG] [lighter] Subscribed to trade/82
20:06:26 [DEBUG] [lighter] Subscribed to order_book/34
20:06:26 [DEBUG] [lighter] Subscribed to trade/34
20:06:26 [DEBUG] [lighter] Subscribed to order_book/72
20:06:26 [DEBUG] [lighter] Subscribed to trade/72
20:06:26 [DEBUG] [lighter] Resubscribed 20/79 channels
20:06:26 [DEBUG] [lighter] Subscribed to order_book/6
20:06:26 [DEBUG] [lighter] Subscribed to trade/6
20:06:26 [DEBUG] [lighter] Subscribed to order_book/46
20:06:26 [DEBUG] [lighter] Subscribed to trade/46
20:06:26 [DEBUG] [lighter] Subscribed to order_book/24
20:06:26 [DEBUG] [lighter] Subscribed to trade/24
20:06:26 [DEBUG] [lighter] Resubscribed 30/79 channels
20:06:26 [DEBUG] [lighter] Subscribed to order_book/49
20:06:26 [DEBUG] [lighter] Subscribed to trade/49
20:06:26 [DEBUG] [lighter] Subscribed to order_book/35
20:06:26 [DEBUG] [lighter] Subscribed to trade/35
20:06:26 [DEBUG] [lighter] Subscribed to order_book/58
20:06:26 [DEBUG] [lighter] Subscribed to trade/58
20:06:26 [DEBUG] [lighter] Resubscribed 40/79 channels
20:06:26 [DEBUG] [lighter] Subscribed to order_book/90
20:06:26 [DEBUG] [lighter] Subscribed to trade/90
20:06:26 [DEBUG] [lighter] Subscribed to order_book/20
20:06:26 [DEBUG] [lighter] Subscribed to trade/20
20:06:26 [DEBUG] [lighter] Subscribed to order_book/83
20:06:26 [DEBUG] [lighter] Subscribed to trade/83
20:06:26 [DEBUG] [lighter] Resubscribed 50/79 channels
20:06:26 [DEBUG] [lighter] Subscribed to order_book/33
20:06:26 [DEBUG] [lighter] Subscribed to trade/33
20:06:26 [DEBUG] [lighter] Subscribed to order_book/53
20:06:26 [DEBUG] [lighter] Subscribed to trade/53
20:06:26 [DEBUG] [lighter] Subscribed to order_book/21
20:06:26 [DEBUG] [lighter] Subscribed to trade/21
20:06:26 [DEBUG] [lighter] Resubscribed 60/79 channels
20:06:26 [DEBUG] [lighter] Subscribed to order_book/86
20:06:26 [DEBUG] [lighter] Subscribed to trade/86
20:06:26 [DEBUG] [lighter] Subscribed to order_book/67
20:06:26 [DEBUG] [lighter] Subscribed to trade/67
20:06:26 [DEBUG] [lighter] Subscribed to order_book/76
20:06:26 [DEBUG] [lighter] Subscribed to trade/76
20:06:26 [DEBUG] [lighter] Resubscribed 70/79 channels
20:06:26 [INFO] [lighter] Resubscribed to 79 channels
20:06:26 [DEBUG] [lighter] Subscribed to order_book/11
20:06:26 [DEBUG] [lighter] Subscribed to trade/11
20:06:26 [DEBUG] [lighter] Subscribed to order_book/104
20:06:26 [DEBUG] [lighter] Subscribed to trade/104
20:06:26 [DEBUG] [lighter] Subscribed to order_book/26
20:06:26 [DEBUG] [lighter] Subscribed to trade/26
20:06:26 [DEBUG] [lighter] Subscribed to order_book/12
20:06:26 [DEBUG] [lighter] Subscribed to trade/12
20:06:26 [DEBUG] [lighter] Subscribed to order_book/4
20:06:26 [DEBUG] [lighter] Subscribed to trade/4
20:06:26 [INFO] [x10] Subscribing to 134 channels (paced to allow ping/pong)...
20:06:26 [DEBUG] [x10] Subscribed to publicTrades/WIF/USD
20:06:26 [DEBUG] [x10] Subscribed to funding/WIF/USD
20:06:26 [DEBUG] [x10] Subscribed to publicTrades/TAO/USD
20:06:27 [DEBUG] [x10] Subscribed to funding/TAO/USD
20:06:27 [DEBUG] [x10] Subscribed to publicTrades/POPCAT/USD
20:06:27 [DEBUG] [x10] Subscribed to funding/POPCAT/USD
20:06:27 [DEBUG] [x10] Subscribed to publicTrades/USDJPY/USD
20:06:27 [DEBUG] [x10] Subscribed to funding/USDJPY/USD
20:06:27 [DEBUG] [x10] Subscribed to publicTrades/ONDO/USD
20:06:27 [DEBUG] [x10] Subscribed to funding/ONDO/USD
20:06:27 [DEBUG] [x10] Subscribed to publicTrades/1000BONK/USD
20:06:27 [DEBUG] [x10] Subscribed to funding/1000BONK/USD
20:06:28 [INFO] [x10] Resubscribing to 12 channels (paced)...
20:06:28 [DEBUG] [x10] Subscribed to publicTrades/SOL/USD
20:06:28 [DEBUG] [x10] Subscribed to funding/SOL/USD
20:06:28 [DEBUG] [x10] Subscribed to publicTrades/BNB/USD
20:06:28 [DEBUG] [x10] Subscribed to funding/BNB/USD
20:06:28 [DEBUG] [x10] Subscribed to publicTrades/SUI/USD
20:06:28 [DEBUG] [x10] Subscribed to funding/SUI/USD
20:06:28 [DEBUG] [x10] Subscribed to publicTrades/OP/USD
20:06:28 [DEBUG] [x10] Subscribed to funding/OP/USD
20:06:28 [DEBUG] [x10] Subscribed to publicTrades/CRV/USD
20:06:29 [DEBUG] [x10] Subscribed to funding/CRV/USD
20:06:29 [DEBUG] [x10] Subscribed to publicTrades/PENDLE/USD
20:06:29 [DEBUG] [x10] Subscribed to funding/PENDLE/USD
20:06:29 [DEBUG] [x10] Resubscribed 10/12 channels
20:06:29 [DEBUG] [x10] Subscribed to publicTrades/SEI/USD
20:06:29 [DEBUG] [x10] Subscribed to funding/SEI/USD
20:06:29 [DEBUG] [x10] Subscribed to publicTrades/ADA/USD
20:06:29 [DEBUG] ✅ TAO-USD: X10=$218,425, Lighter=$6,616, Total=$225,041
20:06:29 [INFO] [x10] Resubscribed to 12 channels
20:06:29 [DEBUG] [x10] Subscribed to funding/ADA/USD
20:06:29 [DEBUG] [x10] Subscribed to publicTrades/SPX/USD
20:06:29 [DEBUG] [x10] Subscribed to funding/SPX/USD
20:06:30 [DEBUG] [x10] Subscribed to publicTrades/TRX/USD
20:06:30 [DEBUG] [x10] Subscribed to funding/TRX/USD
20:06:30 [DEBUG] [x10] Subscribed to publicTrades/GRASS/USD
20:06:30 [DEBUG] [x10] Subscribed to funding/GRASS/USD
20:06:30 [DEBUG] [x10] Subscribed to publicTrades/VIRTUAL/USD
20:06:30 [DEBUG] [x10] Subscribed to funding/VIRTUAL/USD
20:06:30 [DEBUG] [x10] Subscribed to publicTrades/UNI/USD
20:06:30 [DEBUG] [x10] Subscribed to funding/UNI/USD
20:06:30 [DEBUG] [x10] Subscribed to publicTrades/DOGE/USD
20:06:31 [DEBUG] [x10] Subscribed to funding/DOGE/USD
20:06:31 [DEBUG] [x10] Subscribed to publicTrades/XAG/USD
20:06:31 [DEBUG] [x10] Subscribed to funding/XAG/USD
20:06:31 [DEBUG] [x10] Subscribed to publicTrades/AAVE/USD
20:06:31 [DEBUG] [x10] Subscribed to funding/AAVE/USD
20:06:31 [DEBUG] [x10] Subscribed to publicTrades/ARB/USD
20:06:31 [DEBUG] [x10] Subscribed to funding/ARB/USD
20:06:31 [DEBUG] [x10] Subscribed to publicTrades/XPL/USD
20:06:31 [DEBUG] [x10] Subscribed to funding/XPL/USD
20:06:31 [DEBUG] [x10] Subscribed to publicTrades/PUMP/USD
20:06:31 [DEBUG] [x10] Subscribed to funding/PUMP/USD
20:06:31 [DEBUG] [x10] Subscribed to publicTrades/AVAX/USD
20:06:32 [DEBUG] [x10] Subscribed to funding/AVAX/USD
20:06:32 [DEBUG] [x10] Subscribed to publicTrades/XRP/USD
20:06:32 [DEBUG] [x10] Subscribed to funding/XRP/USD
20:06:32 [DEBUG] [x10] Subscribed to publicTrades/1000SHIB/USD
20:06:32 [DEBUG] [x10] Subscribed to funding/1000SHIB/USD
20:06:32 [DEBUG] [x10] Subscribed to publicTrades/RESOLV/USD
20:06:32 [DEBUG] [x10] Subscribed to funding/RESOLV/USD
20:06:32 [DEBUG] [x10] Subscribed to publicTrades/LINK/USD
20:06:32 [DEBUG] [x10] Subscribed to funding/LINK/USD
20:06:33 [DEBUG] [x10] Subscribed to publicTrades/APT/USD
20:06:33 [DEBUG] [x10] Subscribed to funding/APT/USD
20:06:33 [DEBUG] [x10] Subscribed to publicTrades/MON/USD
20:06:33 [DEBUG] ✅ POPCAT-USD: X10=$148,212, Lighter=$10,214,624, Total=$10,362,836
20:06:33 [DEBUG] [x10] Subscribed to funding/MON/USD
20:06:33 [DEBUG] [x10] Subscribed to publicTrades/TRUMP/USD
20:06:33 [DEBUG] [x10] Subscribed to funding/TRUMP/USD
20:06:33 [DEBUG] [x10] Subscribed to publicTrades/BTC/USD
20:06:33 [DEBUG] [x10] Subscribed to funding/BTC/USD
20:06:33 [DEBUG] [x10] Subscribed to publicTrades/ENA/USD
20:06:34 [DEBUG] [x10] Subscribed to funding/ENA/USD
20:06:34 [DEBUG] [x10] Subscribed to publicTrades/S/USD
20:06:34 [DEBUG] [x10] Subscribed to funding/S/USD
20:06:34 [DEBUG] [x10] Subscribed to publicTrades/MNT/USD
20:06:34 [DEBUG] [x10] Subscribed to funding/MNT/USD
20:06:34 [DEBUG] [x10] Subscribed to publicTrades/PENGU/USD
20:06:34 [DEBUG] [x10] Subscribed to funding/PENGU/USD
20:06:34 [DEBUG] [x10] Subscribed to publicTrades/FIL/USD
20:06:34 [DEBUG] [x10] Subscribed to funding/FIL/USD
20:06:34 [DEBUG] [x10] Subscribed to publicTrades/NEAR/USD
20:06:34 [DEBUG] [x10] Subscribed to funding/NEAR/USD
20:06:34 [DEBUG] [x10] Subscribed to publicTrades/MKR/USD
20:06:35 [DEBUG] [x10] Subscribed to funding/MKR/USD
20:06:35 [DEBUG] [x10] Subscribed to publicTrades/XAU/USD
20:06:35 [DEBUG] [x10] Subscribed to funding/XAU/USD
20:06:35 [DEBUG] [x10] Subscribed to publicTrades/ZRO/USD
20:06:35 [DEBUG] [x10] Subscribed to funding/ZRO/USD
20:06:35 [DEBUG] [x10] Subscribed to publicTrades/EDEN/USD
20:06:35 [DEBUG] [x10] Subscribed to funding/EDEN/USD
20:06:35 [DEBUG] [x10] Subscribed to publicTrades/AVNT/USD
20:06:35 [DEBUG] [x10] Subscribed to funding/AVNT/USD
20:06:36 [DEBUG] 💓 [x10] Alive (uptime=10s, last_msg=10s ago)
20:06:36 [DEBUG] 💓 [lighter] Alive (uptime=10s, last_msg=0s ago)
20:06:36 [DEBUG] [x10] Subscribed to publicTrades/IP/USD
20:06:36 [DEBUG] [x10] Subscribed to funding/IP/USD
20:06:36 [DEBUG] [x10] Subscribed to publicTrades/WLFI/USD
20:06:36 [DEBUG] [x10] Subscribed to funding/WLFI/USD
20:06:36 [DEBUG] [x10] Subscribed to publicTrades/WLD/USD
20:06:36 [DEBUG] [x10] Subscribed to funding/WLD/USD
20:06:36 [DEBUG] [x10] Subscribed to publicTrades/LDO/USD
20:06:36 [DEBUG] [x10] Subscribed to funding/LDO/USD
20:06:36 [DEBUG] [x10] Subscribed to publicTrades/HYPE/USD
20:06:37 [DEBUG] [x10] Subscribed to funding/HYPE/USD
20:06:37 [DEBUG] [x10] Subscribed to publicTrades/EIGEN/USD
20:06:37 [DEBUG] [x10] Subscribed to funding/EIGEN/USD
20:06:37 [DEBUG] ✅ USDJPY-USD: X10=$0, Lighter=$61,759, Total=$61,759
20:06:37 [DEBUG] [x10] Subscribed to publicTrades/LTC/USD
20:06:37 [DEBUG] [x10] Subscribed to funding/LTC/USD
20:06:37 [DEBUG] [x10] Subscribed to publicTrades/BCH/USD
20:06:37 [DEBUG] [x10] Subscribed to funding/BCH/USD
20:06:37 [DEBUG] [x10] Subscribed to publicTrades/ZEC/USD
20:06:37 [DEBUG] [x10] Subscribed to funding/ZEC/USD
20:06:37 [DEBUG] [x10] Subscribed to publicTrades/BERA/USD
20:06:37 [DEBUG] [x10] Subscribed to funding/BERA/USD
20:06:37 [DEBUG] [x10] Subscribed to publicTrades/ASTER/USD
20:06:38 [DEBUG] [x10] Subscribed to funding/ASTER/USD
20:06:38 [DEBUG] [x10] Subscribed to publicTrades/KAITO/USD
20:06:38 [DEBUG] [x10] Subscribed to funding/KAITO/USD
20:06:38 [DEBUG] [x10] Subscribed to publicTrades/ZORA/USD
20:06:38 [DEBUG] [x10] Subscribed to funding/ZORA/USD
20:06:38 [DEBUG] [x10] Subscribed to publicTrades/FARTCOIN/USD
20:06:38 [DEBUG] [x10] Subscribed to funding/FARTCOIN/USD
20:06:38 [DEBUG] [x10] Subscribed to publicTrades/APEX/USD
20:06:38 [DEBUG] [x10] Subscribed to funding/APEX/USD
20:06:39 [DEBUG] [x10] Subscribed to publicTrades/TIA/USD
20:06:39 [DEBUG] [x10] Subscribed to funding/TIA/USD
20:06:39 [DEBUG] [x10] Subscribed to publicTrades/LINEA/USD
20:06:39 [DEBUG] [x10] Subscribed to funding/LINEA/USD
20:06:39 [DEBUG] [x10] Subscribed to publicTrades/DOT/USD
20:06:39 [DEBUG] [x10] Subscribed to funding/DOT/USD
20:06:39 [DEBUG] [x10] Subscribed to publicTrades/STRK/USD
20:06:39 [DEBUG] [x10] Subscribed to funding/STRK/USD
20:06:39 [DEBUG] [x10] Subscribed to publicTrades/JUP/USD
20:06:39 [DEBUG] [x10] RAW MSG: {"type":"POSITION","data":{"isSnapshot":false,"positions":[{"id":1995931182688108544,"accountId":127
20:06:39 [DEBUG] [x10] RAW MSG: {"type":"BALANCE","data":{"isSnapshot":false,"balance":{"collateralName":"USD","balance":"301.833176
20:06:40 [DEBUG] [x10] Subscribed to funding/JUP/USD
20:06:40 [DEBUG] [x10] Subscribed to publicTrades/TON/USD
20:06:40 [DEBUG] [x10] Subscribed to funding/TON/USD
20:06:40 [DEBUG] [x10] Subscribed to publicTrades/1000PEPE/USD
20:06:40 [DEBUG] [x10] Subscribed to funding/1000PEPE/USD
20:06:40 [INFO] [x10] Subscribed to 67 markets
20:06:40 [INFO] 🔗 Components Wired: WS -> OI Tracker -> Prediction
20:06:40 [INFO] 🧟 Starte Zombie-Check: Vergleiche DB mit echten Positionen...
20:06:40 [INFO] 🔍 DB meldet 3 offene Trades. Prüfe Exchange...
20:06:40 [DEBUG] Sending GET https://api.starknet.extended.exchange/api/v1/user/positions?
20:06:40 [DEBUG] ✅ ONDO-USD: X10=$95,943, Lighter=$1,996,008, Total=$2,091,951
20:06:41 [INFO] Lighter: Found 3 open positions
20:06:41 [INFO] 🌍 Echte Positionen auf Exchanges: ['CRV-USD', 'APEX-USD', 'TRUMP-USD', 'TRUMP-USD', 'CRV-USD', 'APEX-USD']
20:06:41 [INFO] ✅ ParallelExecutionManager: Rollback processor started
20:06:41 [INFO] ✅ ParallelExecutionManager started
20:06:41 [INFO] 📝 Registered task: logic_loop (critical=True)
20:06:41 [INFO] 📝 Registered task: trade_management_loop (critical=True)
20:06:41 [INFO] 📝 Registered task: farm_loop (critical=False)
20:06:41 [INFO] 📝 Registered task: maintenance_loop (critical=False)
20:06:41 [INFO] 📝 Registered task: cleanup_finished_tasks (critical=False)
20:06:41 [INFO] 📝 Registered task: health_reporter (critical=False)
20:06:41 [INFO] 📝 Registered task: connection_watchdog (critical=True)
20:06:41 [INFO] ✅ Signal handlers installed (SIGINT, SIGTERM)
20:06:41 [INFO] ▶️  Started task: logic_loop
20:06:41 [INFO] ▶️  Started task: trade_management_loop
20:06:41 [INFO] ▶️  Started task: farm_loop
20:06:41 [INFO] ▶️  Started task: maintenance_loop
20:06:41 [INFO] ▶️  Started task: cleanup_finished_tasks
20:06:41 [INFO] ▶️  Started task: health_reporter
20:06:41 [INFO] ▶️  Started task: connection_watchdog
20:06:41 [INFO] 🚀 Started 7 tasks
20:06:41 [INFO] ═══════════════════════════════════════════════════════════
20:06:41 [INFO]    BOT V5 RUNNING 24/7 - SUPERVISED | Ctrl+C = Stop   
20:06:41 [INFO] ═══════════════════════════════════════════════════════════
20:06:41 [INFO] 🔄 Rollback processor running...
20:06:41 [INFO] Logic Loop gestartet – REFRESH alle 3s
20:06:41 [DEBUG] MAX_OPEN_TRADES (3) reached, waiting...
20:06:41 [INFO] 🛡️ Trade Management Loop gestartet
20:06:41 [DEBUG] Fetching fresh positions (force=False, cache_age=1764702401.8s)
20:06:41 [INFO] 🚜 Farm Mode ACTIVE
20:06:41 [DEBUG] 📊 X10 Funding Cache refresh (current=91)
20:06:41 [DEBUG] Sending GET https://api.starknet.extended.exchange/api/v1/info/markets?
20:06:41 [INFO] 🐕 Connection Watchdog gestartet (Timeout: 120s)
20:06:41 [INFO] 🔍 Supervisor loop started
20:06:41 [DEBUG] Sending GET https://api.starknet.extended.exchange/api/v1/user/positions?
20:06:42 [INFO] Lighter: Found 3 open positions
20:06:42 [INFO] 📊 Positions: X10=3, Lighter=3
20:06:42 [DEBUG] X10 positions: ['CRV-USD', 'APEX-USD', 'TRUMP-USD']
20:06:42 [DEBUG] Lighter positions: ['TRUMP-USD', 'CRV-USD', 'APEX-USD']
20:06:42 [INFO] 🔍 DEBUG TRUMP-USD: entry_time type=<class 'str'>, value=2025-12-02T19:06:19.742088+00:00
20:06:42 [DEBUG] Check TRUMP-USD: Age=22.5s (Limit=60s)
20:06:42 [INFO]  Volatility Monitor initialized: Low<3.0%, Normal<10.0%, High<20.0%, Hard Cap<50.0%
20:06:42 [INFO] 🔍 DEBUG CRV-USD: entry_time type=<class 'str'>, value=2025-12-02T19:06:19.742088+00:00
20:06:42 [DEBUG] Check CRV-USD: Age=22.5s (Limit=60s)
20:06:42 [INFO] 🔍 DEBUG APEX-USD: entry_time type=<class 'str'>, value=2025-12-02T19:06:19.742088+00:00
20:06:42 [DEBUG] Check APEX-USD: Age=22.5s (Limit=60s)
20:06:43 [DEBUG] Using cached positions (age: 1.4s)
20:06:43 [INFO] 🔍 DEBUG TRUMP-USD: entry_time type=<class 'str'>, value=2025-12-02T19:06:19.742088+00:00
20:06:43 [DEBUG] Check TRUMP-USD: Age=23.5s (Limit=60s)
20:06:43 [INFO] 🔍 DEBUG CRV-USD: entry_time type=<class 'str'>, value=2025-12-02T19:06:19.742088+00:00
20:06:43 [DEBUG] Check CRV-USD: Age=23.5s (Limit=60s)
20:06:43 [INFO] 🔍 DEBUG APEX-USD: entry_time type=<class 'str'>, value=2025-12-02T19:06:19.742088+00:00
20:06:43 [DEBUG] Check APEX-USD: Age=23.5s (Limit=60s)
20:06:43 [INFO]  X10: 91 Märkte geladen, 91 Funding Rates, 78 Preise
20:06:43 [DEBUG] X10: Funding Refresh OK, cache=91
20:06:43 [DEBUG] 📊 Lighter Funding Cache refresh (current=115)
20:06:44 [DEBUG] Lighter: Loaded 379 funding rates
20:06:44 [DEBUG] Using cached positions (age: 2.4s)
20:06:44 [INFO] 🔍 DEBUG TRUMP-USD: entry_time type=<class 'str'>, value=2025-12-02T19:06:19.742088+00:00
20:06:44 [DEBUG] Check TRUMP-USD: Age=24.5s (Limit=60s)
20:06:44 [INFO] 🔍 DEBUG CRV-USD: entry_time type=<class 'str'>, value=2025-12-02T19:06:19.742088+00:00
20:06:44 [DEBUG] Check CRV-USD: Age=24.5s (Limit=60s)
20:06:44 [INFO] 🔍 DEBUG APEX-USD: entry_time type=<class 'str'>, value=2025-12-02T19:06:19.742088+00:00
20:06:44 [DEBUG] Check APEX-USD: Age=24.5s (Limit=60s)
20:06:44 [DEBUG] MAX_OPEN_TRADES (3) reached, waiting...
20:06:44 [DEBUG] Lighter: Loaded 115 prices via REST
20:06:44 [DEBUG] Lighter: Funding Refresh OK, cache=115
20:06:45 [DEBUG] Using cached positions (age: 3.4s)
20:06:45 [INFO] 🔍 DEBUG TRUMP-USD: entry_time type=<class 'str'>, value=2025-12-02T19:06:19.742088+00:00
20:06:45 [DEBUG] Check TRUMP-USD: Age=25.5s (Limit=60s)
20:06:45 [INFO] 🔍 DEBUG CRV-USD: entry_time type=<class 'str'>, value=2025-12-02T19:06:19.742088+00:00
20:06:45 [DEBUG] Check CRV-USD: Age=25.5s (Limit=60s)
20:06:45 [INFO] 🔍 DEBUG APEX-USD: entry_time type=<class 'str'>, value=2025-12-02T19:06:19.742088+00:00
20:06:45 [DEBUG] Check APEX-USD: Age=25.5s (Limit=60s)
20:06:45 [INFO] 🔍 Running periodic exchange sync check...
20:06:45 [INFO] 🔍 Starting Exchange Sync Check...
20:06:45 [DEBUG] Sending GET https://api.starknet.extended.exchange/api/v1/user/positions?
20:06:46 [INFO] Lighter: Found 3 open positions
20:06:46 [INFO] ✅ Exchanges are SYNCED: 3 paired positions
20:06:46 [DEBUG]    Synced symbols: {'CRV-USD', 'TRUMP-USD', 'APEX-USD'}
20:06:46 [DEBUG] 💓 [x10] Alive (uptime=20s, last_msg=6s ago)
20:06:46 [DEBUG] 💓 [lighter] Alive (uptime=20s, last_msg=0s ago)
20:06:46 [DEBUG] Using cached positions (age: 4.4s)
20:06:46 [INFO] 🔍 DEBUG TRUMP-USD: entry_time type=<class 'str'>, value=2025-12-02T19:06:19.742088+00:00
20:06:46 [DEBUG] Check TRUMP-USD: Age=26.5s (Limit=60s)
20:06:46 [INFO] 🔍 DEBUG CRV-USD: entry_time type=<class 'str'>, value=2025-12-02T19:06:19.742088+00:00
20:06:46 [DEBUG] Check CRV-USD: Age=26.5s (Limit=60s)
20:06:46 [INFO] 🔍 DEBUG APEX-USD: entry_time type=<class 'str'>, value=2025-12-02T19:06:19.742088+00:00
20:06:46 [DEBUG] Check APEX-USD: Age=26.5s (Limit=60s)
20:06:46 [DEBUG] ✅ 1000BONK-USD: X10=$75,027, Lighter=$114,744,013, Total=$114,819,040
20:06:47 [DEBUG] Fetching fresh positions (force=False, cache_age=5.4s)
20:06:47 [DEBUG] Sending GET https://api.starknet.extended.exchange/api/v1/user/positions?
20:06:47 [INFO] Lighter: Found 3 open positions
20:06:47 [INFO] 📊 Positions: X10=3, Lighter=3
20:06:47 [DEBUG] X10 positions: ['CRV-USD', 'APEX-USD', 'TRUMP-USD']
20:06:47 [DEBUG] Lighter positions: ['TRUMP-USD', 'CRV-USD', 'APEX-USD']
20:06:47 [INFO] 🔍 DEBUG TRUMP-USD: entry_time type=<class 'str'>, value=2025-12-02T19:06:19.742088+00:00
20:06:47 [DEBUG] Check TRUMP-USD: Age=27.9s (Limit=60s)
20:06:47 [INFO] 🔍 DEBUG CRV-USD: entry_time type=<class 'str'>, value=2025-12-02T19:06:19.742088+00:00
20:06:47 [DEBUG] Check CRV-USD: Age=27.9s (Limit=60s)
20:06:47 [INFO] 🔍 DEBUG APEX-USD: entry_time type=<class 'str'>, value=2025-12-02T19:06:19.742088+00:00
20:06:47 [DEBUG] Check APEX-USD: Age=27.9s (Limit=60s)
20:06:47 [DEBUG] MAX_OPEN_TRADES (3) reached, waiting...
20:06:48 [WARNING] [x10] Connection closed: 1011 Ping timeout
20:06:48 [INFO] 🔄 [x10] Reconnecting in 1.0s (attempt 1)
20:06:48 [DEBUG] Using cached positions (age: 1.4s)
20:06:48 [INFO] 🔍 DEBUG TRUMP-USD: entry_time type=<class 'str'>, value=2025-12-02T19:06:19.742088+00:00
20:06:48 [DEBUG] Check TRUMP-USD: Age=28.9s (Limit=60s)
20:06:48 [INFO] 🔍 DEBUG CRV-USD: entry_time type=<class 'str'>, value=2025-12-02T19:06:19.742088+00:00
20:06:48 [DEBUG] Check CRV-USD: Age=28.9s (Limit=60s)
20:06:48 [INFO] 🔍 DEBUG APEX-USD: entry_time type=<class 'str'>, value=2025-12-02T19:06:19.742088+00:00
20:06:48 [DEBUG] Check APEX-USD: Age=28.9s (Limit=60s)
20:06:49 [INFO] 🔌 [x10] Connecting with kwargs: {'close_timeout': 5.0, 'max_size': 4194304, 'ping_interval': 20.0, 'additional_headers': {'X-Api-Key': 'a1c9207f79f0e57ddc454bf1e16dbe49', 'User-Agent': 'X10PythonTradingClient/0.4.5'}}
20:06:49 [DEBUG] Using cached positions (age: 2.4s)
20:06:49 [INFO] 🔍 DEBUG TRUMP-USD: entry_time type=<class 'str'>, value=2025-12-02T19:06:19.742088+00:00
20:06:49 [DEBUG] Check TRUMP-USD: Age=29.9s (Limit=60s)
20:06:49 [INFO] 🔍 DEBUG CRV-USD: entry_time type=<class 'str'>, value=2025-12-02T19:06:19.742088+00:00
20:06:49 [DEBUG] Check CRV-USD: Age=29.9s (Limit=60s)
20:06:49 [INFO] 🔍 DEBUG APEX-USD: entry_time type=<class 'str'>, value=2025-12-02T19:06:19.742088+00:00
20:06:49 [DEBUG] Check APEX-USD: Age=29.9s (Limit=60s)
20:06:50 [DEBUG] ✅ SOL-USD: X10=$4,991,570, Lighter=$390,448, Total=$5,382,017
20:06:50 [INFO] ✅ [x10] Connected to wss://api.starknet.extended.exchange/stream.extended.exchange/v1/account
20:06:50 [INFO] ✅ [x10] Keepalive enabled: ping_interval=20.0s, ping_timeout=None (auto-pong)
20:06:50 [INFO] [x10] Receive loop started (async iterator)
20:06:50 [DEBUG] 💓 [x10] Heartbeat monitor started (library handles ping/pong)
20:06:50 [DEBUG] [x10] RAW MSG: {"type":"ORDER","data":{"isSnapshot":true,"orders":[]},"ts":1764702401785,"seq":1}
20:06:50 [DEBUG] [x10] RAW MSG: {"type":"BALANCE","data":{"isSnapshot":true,"balance":{"collateralName":"USD","balance":"301.833176"
20:06:50 [DEBUG] [x10] RAW MSG: {"type":"POSITION","data":{"isSnapshot":true,"positions":[{"id":1995931047530856448,"accountId":1270
20:06:50 [DEBUG] Using cached positions (age: 3.4s)
20:06:50 [INFO] 🔍 DEBUG TRUMP-USD: entry_time type=<class 'str'>, value=2025-12-02T19:06:19.742088+00:00
20:06:50 [DEBUG] Check TRUMP-USD: Age=30.9s (Limit=60s)
20:06:50 [INFO] 🔍 DEBUG CRV-USD: entry_time type=<class 'str'>, value=2025-12-02T19:06:19.742088+00:00
20:06:50 [DEBUG] Check CRV-USD: Age=30.9s (Limit=60s)
20:06:50 [INFO] 🔍 DEBUG APEX-USD: entry_time type=<class 'str'>, value=2025-12-02T19:06:19.742088+00:00
20:06:50 [DEBUG] Check APEX-USD: Age=30.9s (Limit=60s)
20:06:50 [DEBUG] MAX_OPEN_TRADES (3) reached, waiting...
20:06:51 [DEBUG] Using cached positions (age: 4.4s)
20:06:51 [INFO] 🔍 DEBUG TRUMP-USD: entry_time type=<class 'str'>, value=2025-12-02T19:06:19.742088+00:00
20:06:51 [DEBUG] Check TRUMP-USD: Age=31.9s (Limit=60s)
20:06:51 [INFO] 🔍 DEBUG CRV-USD: entry_time type=<class 'str'>, value=2025-12-02T19:06:19.742088+00:00
20:06:51 [DEBUG] Check CRV-USD: Age=31.9s (Limit=60s)
20:06:51 [INFO] 🚜 [FARM] Profit Take CRV-USD: Age=31s, Spread=0.003% (sehr niedrig), PnL=$0.00
20:06:51 [INFO]  💸 EXIT CRV-USD: FARM_QUICK_PROFIT | PnL $0.00 (Fees: $0.00)
20:06:51 [INFO]  🔻 CLOSING CRV-USD (Atomic Smart Close)...
20:06:51 [INFO] 🚜 Farm Mode ACTIVE
20:06:52 [INFO] Lighter: Found 3 open positions
20:06:52 [INFO] 🔍 DEBUG close_live_position ENTRY: symbol=CRV-USD (type=<class 'str'>)
20:06:52 [INFO] 🔍 DEBUG: original_side=BUY (type=<class 'str'>)
20:06:52 [INFO] 🔍 DEBUG: notional_usd=7.9594 (type=<class 'float'>)
20:06:52 [INFO] [x10] Resubscribing to 134 channels (paced)...
20:06:52 [INFO] Lighter: Found 3 open positions
20:06:52 [INFO] 🔻 LIGHTER CLOSE CRV-USD: size=-20.000000 coins, side=BUY, price=$0.3980, notional=$7.96
20:06:52 [ERROR] ❌ Order validation failed for CRV-USD: Notional $7.96 < Min $10.00
20:06:52 [ERROR] Lighter close CRV-USD: Exception: Order validation failed: Notional $7.96 < Min $10.00
Traceback (most recent call last):
  File "C:\Users\koopm\funding-bot\src\adapters\lighter_adapter.py", line 1604, in close_live_position
    success, order_id = await self.open_live_position(
                        ^^^^^^^^^^^^^^^^^^^^^^^^^^^^^^
  File "C:\Users\koopm\funding-bot\src\rate_limiter.py", line 209, in wrapper
    result = await func(*args, **kwargs)
             ^^^^^^^^^^^^^^^^^^^^^^^^^^^
  File "C:\Users\koopm\funding-bot\src\adapters\lighter_adapter.py", line 1413, in open_live_position
    raise ValueError(f"Order validation failed: {error_msg}")
ValueError: Order validation failed: Notional $7.96 < Min $10.00
20:06:52 [ERROR] ❌ Lighter close FAILED for CRV-USD, keeping X10 open as hedge
20:06:52 [INFO] 🔍 DEBUG APEX-USD: entry_time type=<class 'str'>, value=2025-12-02T19:06:19.742088+00:00
20:06:52 [DEBUG] Check APEX-USD: Age=32.8s (Limit=60s)
20:06:53 [DEBUG] Fetching fresh positions (force=False, cache_age=6.3s)
20:06:53 [DEBUG] Sending GET https://api.starknet.extended.exchange/api/v1/user/positions?
20:06:53 [DEBUG] [x10] Resubscribed 10/134 channels
20:06:53 [DEBUG] MAX_OPEN_TRADES (3) reached, waiting...
20:06:53 [INFO] Lighter: Found 3 open positions
20:06:53 [INFO] 📊 Positions: X10=3, Lighter=3
20:06:53 [DEBUG] X10 positions: ['CRV-USD', 'APEX-USD', 'TRUMP-USD']
20:06:53 [DEBUG] Lighter positions: ['TRUMP-USD', 'CRV-USD', 'APEX-USD']
20:06:53 [INFO] 🔍 DEBUG TRUMP-USD: entry_time type=<class 'str'>, value=2025-12-02T19:06:19.742088+00:00
20:06:53 [DEBUG] Check TRUMP-USD: Age=34.2s (Limit=60s)
20:06:53 [INFO] 🔍 DEBUG CRV-USD: entry_time type=<class 'str'>, value=2025-12-02T19:06:19.742088+00:00
20:06:53 [DEBUG] Check CRV-USD: Age=34.3s (Limit=60s)
20:06:53 [INFO] 🔍 DEBUG APEX-USD: entry_time type=<class 'str'>, value=2025-12-02T19:06:19.742088+00:00
20:06:53 [DEBUG] Check APEX-USD: Age=34.3s (Limit=60s)
20:06:54 [DEBUG] [x10] Resubscribed 20/134 channels
20:06:54 [DEBUG] ✅ BNB-USD: X10=$1,452,017, Lighter=$18,181, Total=$1,470,198
20:06:55 [DEBUG] Using cached positions (age: 1.5s)
20:06:55 [INFO] 🔍 DEBUG TRUMP-USD: entry_time type=<class 'str'>, value=2025-12-02T19:06:19.742088+00:00
20:06:55 [DEBUG] Check TRUMP-USD: Age=35.3s (Limit=60s)
20:06:55 [INFO] 🔍 DEBUG CRV-USD: entry_time type=<class 'str'>, value=2025-12-02T19:06:19.742088+00:00
20:06:55 [DEBUG] Check CRV-USD: Age=35.3s (Limit=60s)
20:06:55 [INFO] 🔍 DEBUG APEX-USD: entry_time type=<class 'str'>, value=2025-12-02T19:06:19.742088+00:00
20:06:55 [DEBUG] Check APEX-USD: Age=35.3s (Limit=60s)
20:06:56 [DEBUG] Using cached positions (age: 2.5s)
20:06:56 [INFO] 🔍 DEBUG TRUMP-USD: entry_time type=<class 'str'>, value=2025-12-02T19:06:19.742088+00:00
20:06:56 [DEBUG] Check TRUMP-USD: Age=36.3s (Limit=60s)
20:06:56 [INFO] 🔍 DEBUG CRV-USD: entry_time type=<class 'str'>, value=2025-12-02T19:06:19.742088+00:00
20:06:56 [DEBUG] Check CRV-USD: Age=36.3s (Limit=60s)
20:06:56 [INFO] 🔍 DEBUG APEX-USD: entry_time type=<class 'str'>, value=2025-12-02T19:06:19.742088+00:00
20:06:56 [DEBUG] Check APEX-USD: Age=36.3s (Limit=60s)
20:06:56 [DEBUG] [x10] Resubscribed 30/134 channels
20:06:56 [DEBUG] 💓 [lighter] Alive (uptime=30s, last_msg=0s ago)
20:06:56 [DEBUG] MAX_OPEN_TRADES (3) reached, waiting...
20:06:57 [DEBUG] Using cached positions (age: 3.5s)
20:06:57 [INFO] 🔍 DEBUG TRUMP-USD: entry_time type=<class 'str'>, value=2025-12-02T19:06:19.742088+00:00
20:06:57 [DEBUG] Check TRUMP-USD: Age=37.3s (Limit=60s)
20:06:57 [INFO] 🔍 DEBUG CRV-USD: entry_time type=<class 'str'>, value=2025-12-02T19:06:19.742088+00:00
20:06:57 [DEBUG] Check CRV-USD: Age=37.3s (Limit=60s)
20:06:57 [INFO] 🔍 DEBUG APEX-USD: entry_time type=<class 'str'>, value=2025-12-02T19:06:19.742088+00:00
20:06:57 [DEBUG] Check APEX-USD: Age=37.3s (Limit=60s)
20:06:57 [DEBUG] [x10] Resubscribed 40/134 channels
20:06:58 [DEBUG] Using cached positions (age: 4.5s)
20:06:58 [INFO] 🔍 DEBUG TRUMP-USD: entry_time type=<class 'str'>, value=2025-12-02T19:06:19.742088+00:00
20:06:58 [DEBUG] Check TRUMP-USD: Age=38.3s (Limit=60s)
20:06:58 [INFO] 🔍 DEBUG CRV-USD: entry_time type=<class 'str'>, value=2025-12-02T19:06:19.742088+00:00
20:06:58 [DEBUG] Check CRV-USD: Age=38.3s (Limit=60s)
20:06:58 [INFO] 🔍 DEBUG APEX-USD: entry_time type=<class 'str'>, value=2025-12-02T19:06:19.742088+00:00
20:06:58 [DEBUG] Check APEX-USD: Age=38.3s (Limit=60s)
20:06:58 [DEBUG] [x10] Resubscribed 50/134 channels
20:06:58 [DEBUG] ✅ SUI-USD: X10=$904,569, Lighter=$2,042,436, Total=$2,947,004
20:06:59 [DEBUG] Fetching fresh positions (force=False, cache_age=5.5s)
20:06:59 [DEBUG] Sending GET https://api.starknet.extended.exchange/api/v1/user/positions?
20:06:59 [INFO] Lighter: Found 3 open positions
20:06:59 [INFO] 📊 Positions: X10=3, Lighter=3
20:06:59 [DEBUG] X10 positions: ['CRV-USD', 'APEX-USD', 'TRUMP-USD']
20:06:59 [DEBUG] Lighter positions: ['TRUMP-USD', 'CRV-USD', 'APEX-USD']
20:06:59 [INFO] 🔍 DEBUG TRUMP-USD: entry_time type=<class 'str'>, value=2025-12-02T19:06:19.742088+00:00
20:06:59 [DEBUG] Check TRUMP-USD: Age=40.0s (Limit=60s)
20:06:59 [INFO] 🔍 DEBUG CRV-USD: entry_time type=<class 'str'>, value=2025-12-02T19:06:19.742088+00:00
20:06:59 [DEBUG] Check CRV-USD: Age=40.0s (Limit=60s)
20:06:59 [INFO] 🔍 DEBUG APEX-USD: entry_time type=<class 'str'>, value=2025-12-02T19:06:19.742088+00:00
20:06:59 [DEBUG] Check APEX-USD: Age=40.0s (Limit=60s)
20:06:59 [DEBUG] MAX_OPEN_TRADES (3) reached, waiting...
20:06:59 [DEBUG] [x10] Resubscribed 60/134 channels
20:07:00 [DEBUG] 💓 [x10] Alive (uptime=10s, last_msg=10s ago)
20:07:00 [DEBUG] Using cached positions (age: 1.7s)
20:07:00 [INFO] 🔍 DEBUG TRUMP-USD: entry_time type=<class 'str'>, value=2025-12-02T19:06:19.742088+00:00
20:07:00 [DEBUG] Check TRUMP-USD: Age=41.0s (Limit=60s)
20:07:00 [INFO] 🔍 DEBUG CRV-USD: entry_time type=<class 'str'>, value=2025-12-02T19:06:19.742088+00:00
20:07:00 [DEBUG] Check CRV-USD: Age=41.0s (Limit=60s)
20:07:00 [INFO] 🔍 DEBUG APEX-USD: entry_time type=<class 'str'>, value=2025-12-02T19:06:19.742088+00:00
20:07:00 [DEBUG] Check APEX-USD: Age=41.0s (Limit=60s)
20:07:01 [DEBUG] [x10] Resubscribed 70/134 channels
20:07:01 [DEBUG] Using cached positions (age: 2.7s)
20:07:01 [INFO] 🔍 DEBUG TRUMP-USD: entry_time type=<class 'str'>, value=2025-12-02T19:06:19.742088+00:00
20:07:01 [DEBUG] Check TRUMP-USD: Age=42.0s (Limit=60s)
20:07:01 [INFO] 🔍 DEBUG CRV-USD: entry_time type=<class 'str'>, value=2025-12-02T19:06:19.742088+00:00
20:07:01 [DEBUG] Check CRV-USD: Age=42.0s (Limit=60s)
20:07:01 [INFO] 🔍 DEBUG APEX-USD: entry_time type=<class 'str'>, value=2025-12-02T19:06:19.742088+00:00
20:07:01 [DEBUG] Check APEX-USD: Age=42.0s (Limit=60s)
20:07:01 [INFO] 🚜 Farm Mode ACTIVE
20:07:02 [DEBUG] [x10] Resubscribed 80/134 channels
20:07:02 [DEBUG] ✅ OP-USD: X10=$370,540, Lighter=$3,848,814, Total=$4,219,354
20:07:02 [DEBUG] Using cached positions (age: 3.7s)
20:07:02 [INFO] 🔍 DEBUG TRUMP-USD: entry_time type=<class 'str'>, value=2025-12-02T19:06:19.742088+00:00
20:07:02 [DEBUG] Check TRUMP-USD: Age=43.0s (Limit=60s)
20:07:02 [INFO] 🔍 DEBUG CRV-USD: entry_time type=<class 'str'>, value=2025-12-02T19:06:19.742088+00:00
20:07:02 [DEBUG] Check CRV-USD: Age=43.0s (Limit=60s)
20:07:02 [INFO] 🔍 DEBUG APEX-USD: entry_time type=<class 'str'>, value=2025-12-02T19:06:19.742088+00:00
20:07:02 [DEBUG] Check APEX-USD: Age=43.0s (Limit=60s)
20:07:02 [DEBUG] MAX_OPEN_TRADES (3) reached, waiting...
20:07:03 [DEBUG] [x10] Resubscribed 90/134 channels
20:07:03 [DEBUG] Using cached positions (age: 4.7s)
20:07:03 [INFO] 🔍 DEBUG TRUMP-USD: entry_time type=<class 'str'>, value=2025-12-02T19:06:19.742088+00:00
20:07:03 [DEBUG] Check TRUMP-USD: Age=44.0s (Limit=60s)
20:07:03 [INFO] 🔍 DEBUG CRV-USD: entry_time type=<class 'str'>, value=2025-12-02T19:06:19.742088+00:00
20:07:03 [DEBUG] Check CRV-USD: Age=44.0s (Limit=60s)
20:07:03 [INFO] 🔍 DEBUG APEX-USD: entry_time type=<class 'str'>, value=2025-12-02T19:06:19.742088+00:00
20:07:03 [DEBUG] Check APEX-USD: Age=44.0s (Limit=60s)
20:07:04 [DEBUG] Fetching fresh positions (force=False, cache_age=5.7s)
20:07:04 [DEBUG] Sending GET https://api.starknet.extended.exchange/api/v1/user/positions?
20:07:04 [DEBUG] [x10] Resubscribed 100/134 channels
20:07:05 [INFO] Lighter: Found 3 open positions
20:07:05 [INFO] 📊 Positions: X10=3, Lighter=3
20:07:05 [DEBUG] X10 positions: ['CRV-USD', 'APEX-USD', 'TRUMP-USD']
20:07:05 [DEBUG] Lighter positions: ['TRUMP-USD', 'CRV-USD', 'APEX-USD']
20:07:05 [INFO] 🔍 DEBUG TRUMP-USD: entry_time type=<class 'str'>, value=2025-12-02T19:06:19.742088+00:00
20:07:05 [DEBUG] Check TRUMP-USD: Age=45.5s (Limit=60s)
20:07:05 [INFO] 🔍 DEBUG CRV-USD: entry_time type=<class 'str'>, value=2025-12-02T19:06:19.742088+00:00
20:07:05 [DEBUG] Check CRV-USD: Age=45.5s (Limit=60s)
20:07:05 [INFO] 🔍 DEBUG APEX-USD: entry_time type=<class 'str'>, value=2025-12-02T19:06:19.742088+00:00
20:07:05 [DEBUG] Check APEX-USD: Age=45.5s (Limit=60s)
20:07:05 [DEBUG] MAX_OPEN_TRADES (3) reached, waiting...
20:07:06 [DEBUG] 💓 [lighter] Alive (uptime=40s, last_msg=0s ago)
20:07:06 [DEBUG] [x10] Resubscribed 110/134 channels
20:07:06 [DEBUG] Using cached positions (age: 1.5s)
20:07:06 [INFO] 🔍 DEBUG TRUMP-USD: entry_time type=<class 'str'>, value=2025-12-02T19:06:19.742088+00:00
20:07:06 [DEBUG] Check TRUMP-USD: Age=46.5s (Limit=60s)
20:07:06 [INFO] 🔍 DEBUG CRV-USD: entry_time type=<class 'str'>, value=2025-12-02T19:06:19.742088+00:00
20:07:06 [DEBUG] Check CRV-USD: Age=46.5s (Limit=60s)
20:07:06 [INFO] 🔍 DEBUG APEX-USD: entry_time type=<class 'str'>, value=2025-12-02T19:06:19.742088+00:00
20:07:06 [DEBUG] Check APEX-USD: Age=46.5s (Limit=60s)
20:07:07 [DEBUG] Using cached positions (age: 2.5s)
20:07:07 [INFO] 🔍 DEBUG TRUMP-USD: entry_time type=<class 'str'>, value=2025-12-02T19:06:19.742088+00:00
20:07:07 [DEBUG] Check TRUMP-USD: Age=47.5s (Limit=60s)
20:07:07 [INFO] 🔍 DEBUG CRV-USD: entry_time type=<class 'str'>, value=2025-12-02T19:06:19.742088+00:00
20:07:07 [DEBUG] Check CRV-USD: Age=47.5s (Limit=60s)
20:07:07 [INFO] 🔍 DEBUG APEX-USD: entry_time type=<class 'str'>, value=2025-12-02T19:06:19.742088+00:00
20:07:07 [DEBUG] Check APEX-USD: Age=47.5s (Limit=60s)
20:07:07 [DEBUG] [x10] Resubscribed 120/134 channels
20:07:08 [DEBUG] ✅ CRV-USD: X10=$280,430, Lighter=$2,537,172, Total=$2,817,603
20:07:08 [DEBUG] Using cached positions (age: 3.5s)
20:07:08 [INFO] 🔍 DEBUG TRUMP-USD: entry_time type=<class 'str'>, value=2025-12-02T19:06:19.742088+00:00
20:07:08 [DEBUG] Check TRUMP-USD: Age=48.5s (Limit=60s)
20:07:08 [INFO] 🔍 DEBUG CRV-USD: entry_time type=<class 'str'>, value=2025-12-02T19:06:19.742088+00:00
20:07:08 [DEBUG] Check CRV-USD: Age=48.5s (Limit=60s)
20:07:08 [INFO] 🔍 DEBUG APEX-USD: entry_time type=<class 'str'>, value=2025-12-02T19:06:19.742088+00:00
20:07:08 [DEBUG] Check APEX-USD: Age=48.5s (Limit=60s)
20:07:08 [DEBUG] [x10] Resubscribed 130/134 channels
20:07:08 [DEBUG] MAX_OPEN_TRADES (3) reached, waiting...
20:07:08 [INFO] [x10] Resubscribed to 134 channels
20:07:09 [DEBUG] Using cached positions (age: 4.5s)
20:07:09 [INFO] 🔍 DEBUG TRUMP-USD: entry_time type=<class 'str'>, value=2025-12-02T19:06:19.742088+00:00
20:07:09 [DEBUG] Check TRUMP-USD: Age=49.5s (Limit=60s)
20:07:09 [INFO] 🔍 DEBUG CRV-USD: entry_time type=<class 'str'>, value=2025-12-02T19:06:19.742088+00:00
20:07:09 [DEBUG] Check CRV-USD: Age=49.5s (Limit=60s)
20:07:09 [INFO] 🔍 DEBUG APEX-USD: entry_time type=<class 'str'>, value=2025-12-02T19:06:19.742088+00:00
20:07:09 [DEBUG] Check APEX-USD: Age=49.5s (Limit=60s)
20:07:10 [DEBUG] Fetching fresh positions (force=False, cache_age=5.5s)
20:07:10 [DEBUG] Sending GET https://api.starknet.extended.exchange/api/v1/user/positions?
20:07:10 [DEBUG] 💓 [x10] Alive (uptime=20s, last_msg=20s ago)
20:07:10 [INFO] Lighter: Found 3 open positions
20:07:10 [INFO] 📊 Positions: X10=3, Lighter=3
20:07:10 [DEBUG] X10 positions: ['CRV-USD', 'APEX-USD', 'TRUMP-USD']
20:07:10 [DEBUG] Lighter positions: ['TRUMP-USD', 'CRV-USD', 'APEX-USD']
20:07:10 [INFO] 🔍 DEBUG TRUMP-USD: entry_time type=<class 'str'>, value=2025-12-02T19:06:19.742088+00:00
20:07:10 [DEBUG] Check TRUMP-USD: Age=50.9s (Limit=60s)
20:07:10 [INFO] 🚜 [FARM] Profit Take TRUMP-USD: Age=50s, Spread=0.013% (sehr niedrig), PnL=$0.00
20:07:10 [INFO]  💸 EXIT TRUMP-USD: FARM_QUICK_PROFIT | PnL $0.00 (Fees: $0.00)
20:07:10 [INFO]  🔻 CLOSING TRUMP-USD (Atomic Smart Close)...
20:07:11 [INFO] Lighter: Found 3 open positions
20:07:11 [INFO] 🔍 DEBUG close_live_position ENTRY: symbol=TRUMP-USD (type=<class 'str'>)
20:07:11 [INFO] 🔍 DEBUG: original_side=BUY (type=<class 'str'>)
20:07:11 [INFO] 🔍 DEBUG: notional_usd=29.024160000000002 (type=<class 'float'>)
20:07:11 [INFO] Lighter: Found 3 open positions
20:07:11 [INFO] 🔻 LIGHTER CLOSE TRUMP-USD: size=-4.800000 coins, side=BUY, price=$6.0467, notional=$29.02
20:07:11 [INFO] 🚀 LIGHTER OPEN TRUMP-USD: side=BUY, size_usd=$29.02, price=$6.046700
20:07:11 [DEBUG] 🔍 DEBUG: TRUMP-USD market_id = 15 (raw=15, type=<class 'int'>)
20:07:11 [DEBUG] QUANTIZE TRUMP-USD: USD=29.02, coins=4.800000, raw=480, lot_size=20, final=480
20:07:11 [DEBUG] Create Order Tx Info: {"AccountIndex":60113,"ApiKeyIndex":3,"MarketIndex":15,"ClientOrderIndex":1764702480899,"BaseAmount":480,"Price":60830,"IsAsk":0,"Type":0,"TimeInForce":1,"ReduceOnly":1,"TriggerPrice":0,"OrderExpiry":1767121631601,"ExpiredAt":1764703030601,"Nonce":2161,"Sig":"GoEa1ez5Ocy5I0nfAtdtKRBlOW5Ttdm2eRiyvgtHJLWbAn/RPZGnZ6AFWGkAWODhvoqIGw4nIOqZth4E/dlUp5vDpRYJZHhGrbiKAQMhGxk="}
20:07:11 [DEBUG] 🐕 Watchdog OK: Daten-Alter 3.0s
20:07:11 [DEBUG] MAX_OPEN_TRADES (3) reached, waiting...
20:07:11 [INFO] 🚜 Farm Mode ACTIVE
20:07:11 [DEBUG] Create Order Send Tx Response: code=200 message='{"ratelimit": "didn\'t use volume quota"}' tx_hash='4e6c25e4382ec7886339fc9df9d29679b5d0a92af7577f2bae3b427fe3bfe70e75bb78a6fa0d7ab1' predicted_execution_time_ms=1764702423571 additional_properties={}
20:07:11 [INFO] Lighter Order: 4e6c25e4382ec7886339fc9df9d29679b5d0a92af7577f2bae3b427fe3bfe70e75bb78a6fa0d7ab1
20:07:11 [INFO] ✅ Lighter close TRUMP-USD: Erfolgreich ($29.02)
20:07:11 [INFO] ✅ Lighter TRUMP-USD OK, closing X10...
20:07:11 [DEBUG] ✅ PENDLE-USD: X10=$107,184, Lighter=$1,197,915, Total=$1,305,098
20:07:14 [WARNING] [x10] Connection closed: 1011 Ping timeout
20:07:14 [INFO] 🔄 [x10] Reconnecting in 1.0s (attempt 1)
20:07:14 [DEBUG] MAX_OPEN_TRADES (3) reached, waiting...
20:07:14 [DEBUG] Sending GET https://api.starknet.extended.exchange/api/v1/user/positions?
20:07:15 [INFO] 🔻 Closing X10 TRUMP-USD: size=4.000000 coins, side=BUY
20:07:15 [DEBUG] Sending GET https://api.starknet.extended.exchange/api/v1/user/positions?
20:07:15 [INFO] 🔌 [x10] Connecting with kwargs: {'close_timeout': 5.0, 'max_size': 4194304, 'ping_interval': 20.0, 'additional_headers': {'X-Api-Key': 'a1c9207f79f0e57ddc454bf1e16dbe49', 'User-Agent': 'X10PythonTradingClient/0.4.5'}}
20:07:15 [INFO] 🔻 X10 CLOSE TRUMP-USD: size=4.000000, side=SELL
20:07:15 [DEBUG] Sending GET https://api.starknet.extended.exchange/api/v1/info/markets?
20:07:15 [DEBUG] ✅ SEI-USD: X10=$118,029, Lighter=$7,991,020, Total=$8,109,049
20:07:16 [DEBUG] 💓 [lighter] Alive (uptime=50s, last_msg=0s ago)
20:07:16 [INFO] ✅ [x10] Connected to wss://api.starknet.extended.exchange/stream.extended.exchange/v1/account
20:07:16 [INFO] ✅ [x10] Keepalive enabled: ping_interval=20.0s, ping_timeout=None (auto-pong)
20:07:16 [INFO] [x10] Receive loop started (async iterator)
20:07:16 [DEBUG] [x10] RAW MSG: {"type":"ORDER","data":{"isSnapshot":true,"orders":[]},"ts":1764702427589,"seq":1}
20:07:16 [DEBUG] 💓 [x10] Heartbeat monitor started (library handles ping/pong)
20:07:16 [DEBUG] [x10] RAW MSG: {"type":"BALANCE","data":{"isSnapshot":true,"balance":{"collateralName":"USD","balance":"301.833176"
20:07:16 [DEBUG] [x10] RAW MSG: {"type":"POSITION","data":{"isSnapshot":true,"positions":[{"id":1995931047530856448,"accountId":1270
20:07:17 [DEBUG] Placing an order: id=1023968593532032063279010755545274367032333540513269741327071251741259249836
20:07:17 [DEBUG] Sending POST https://api.starknet.extended.exchange/api/v1/user/order, headers={<RequestHeader.ACCEPT: 'Accept'>: 'application/json', <RequestHeader.CONTENT_TYPE: 'Content-Type'>: 'application/json', <RequestHeader.USER_AGENT: 'User-Agent'>: 'X10PythonTradingClient/0.0.17', <RequestHeader.API_KEY: 'X-Api-Key'>: 'a1c9207f79f0e57ddc454bf1e16dbe49'}
20:07:17 [DEBUG] MAX_OPEN_TRADES (3) reached, waiting...
20:07:18 [INFO] [x10] Resubscribing to 134 channels (paced)...
20:07:18 [INFO]  X10 Order: 1995932770991923200
20:07:18 [DEBUG] [x10] RAW MSG: {"type":"ORDER","data":{"isSnapshot":false,"orders":[{"id":1995932770991923200,"accountId":127074,"e
20:07:18 [DEBUG] [x10] RAW MSG: {"type":"TRADE","data":{"isSnapshot":false,"trades":[{"id":1995932771826012160,"accountId":127074,"m
20:07:18 [DEBUG] [x10] RAW MSG: {"type":"BALANCE","data":{"isSnapshot":false,"balance":{"collateralName":"USD","balance":"301.833176
20:07:18 [DEBUG] [x10] RAW MSG: {"type":"POSITION","data":{"isSnapshot":false,"positions":[{"id":1995931182688108544,"accountId":127
20:07:18 [DEBUG] [x10] RAW MSG: {"type":"BALANCE","data":{"isSnapshot":false,"balance":{"collateralName":"USD","balance":"301.895732
20:07:19 [DEBUG] ✅ ADA-USD: X10=$797,224, Lighter=$3,429,110, Total=$4,226,334
20:07:19 [DEBUG] [x10] Resubscribed 10/134 channels
20:07:20 [DEBUG] Sending GET https://api.starknet.extended.exchange/api/v1/user/positions?
20:07:20 [DEBUG] [x10] Resubscribed 20/134 channels
20:07:20 [INFO] ✅ X10 TRUMP-USD closed (4.000000 coins)
20:07:20 [INFO] ✅ TRUMP-USD fully closed
20:07:20 [INFO] ✅ Trade TRUMP-USD closed (PnL: $0.00)
20:07:20 [INFO] ✅ Trade TRUMP-USD closed (PnL: $0.00)
20:07:20 [DEBUG] 📝 Flushed 1 writes
20:07:20 [DEBUG] 📝 Flushed 1 writes in 0.0ms
20:07:20 [INFO]  💰 PnL TRUMP-USD: $0.00 (FARM_QUICK_PROFIT)
20:07:20 [INFO] ⚡ Latency Arb Detector initialized (threshold: 1.0s)
20:07:20 [INFO] 🔍 🚜 FARM Scanning 67 pairs. Open symbols to skip: {'CRV-USD', 'APEX-USD'}
20:07:20 [DEBUG] Price cache status: X10=67/67, Lighter=66/67
20:07:20 [INFO] 🔍 Scanning 67 pairs. Lighter markets: 115, X10 markets: 91
20:07:20 [INFO] 🎲 KellyPositionSizer initialized (Safety=0.25, MaxFraction=0.1)
20:07:20 [ERROR] Kelly Sizer record_trade error for TRUMP-USD: Format specifier missing precision
20:07:20 [INFO] 🔍 DEBUG CRV-USD: entry_time type=<class 'str'>, value=2025-12-02T19:06:19.742088+00:00
20:07:20 [DEBUG] Check CRV-USD: Age=61.0s (Limit=60s)
20:07:20 [WARNING] 🚜 [FARM] NOT-AUS: Zwangsschließung für CRV-USD (Zeit abgelaufen: 61s > 60s)
20:07:20 [INFO]  🔻 CLOSING CRV-USD (Atomic Smart Close)...
20:07:20 [DEBUG] MKR-USD: Missing prices (X=1663.9, L=None)
20:07:21 [INFO] ✅ Found 0 opportunities with predictions (farm_mode=True)
20:07:21 [INFO] ⚠️ Keine Prediction-Opportunities, nutze Fallback mit echten Funding Rates...
20:07:21 [DEBUG] 🔄 Skip CRV-USD: Already open (in open_syms)
20:07:21 [DEBUG] ⛔ Skip SPX-USD: TradFi/FX
20:07:21 [DEBUG] ⛔ Skip XAG-USD: TradFi/FX
20:07:21 [INFO] 🔍 DEBUG RESOLV-USD: rl=-0.00054200, rx=-0.00063100, net=0.00008900, apy=78.0%
20:07:21 [DEBUG] Skip RESOLV-USD: Spread 0.67% too high
20:07:21 [INFO] 🔍 DEBUG MON-USD: rl=-0.00004500, rx=0.00001300, net=-0.00005800, apy=50.8%
20:07:21 [DEBUG] Skip MON-USD: Spread 0.38% too high
20:07:21 [INFO] 🔍 DEBUG TRUMP-USD: rl=-0.00006500, rx=0.00000200, net=-0.00006700, apy=58.7%
20:07:21 [INFO] 💎 TRUMP-USD | APY: 58.7%
20:07:21 [DEBUG] ⛔ Skip XAU-USD: TradFi/FX
20:07:21 [DEBUG] Skip ZEC-USD: Spread 0.36% too high
20:07:21 [DEBUG] 🔄 Skip APEX-USD: Already open (in open_syms)
20:07:21 [INFO] ✅ Found 32 opportunities from 61 valid pairs (farm_mode=True, scanned=67)
20:07:21 [INFO] 🎯 Found 3 opportunities, executing best...
20:07:21 [DEBUG] Sending GET https://api.starknet.extended.exchange/api/v1/user/balance
20:07:21 [INFO] Lighter: Found 2 open positions
20:07:21 [INFO] 🔍 DEBUG close_live_position ENTRY: symbol=CRV-USD (type=<class 'str'>)
20:07:21 [INFO] 🔍 DEBUG: original_side=BUY (type=<class 'str'>)
20:07:21 [INFO] 🔍 DEBUG: notional_usd=7.9566 (type=<class 'float'>)
20:07:21 [INFO] Lighter: Found 2 open positions
20:07:21 [INFO] 🔻 LIGHTER CLOSE CRV-USD: size=-20.000000 coins, side=BUY, price=$0.3978, notional=$7.96
20:07:21 [ERROR] ❌ Order validation failed for CRV-USD: Notional $7.96 < Min $10.00
20:07:21 [ERROR] Lighter close CRV-USD: Exception: Order validation failed: Notional $7.96 < Min $10.00
Traceback (most recent call last):
  File "C:\Users\koopm\funding-bot\src\adapters\lighter_adapter.py", line 1604, in close_live_position
    success, order_id = await self.open_live_position(
                        ^^^^^^^^^^^^^^^^^^^^^^^^^^^^^^
  File "C:\Users\koopm\funding-bot\src\rate_limiter.py", line 209, in wrapper
    result = await func(*args, **kwargs)
             ^^^^^^^^^^^^^^^^^^^^^^^^^^^
  File "C:\Users\koopm\funding-bot\src\adapters\lighter_adapter.py", line 1413, in open_live_position
    raise ValueError(f"Order validation failed: {error_msg}")
ValueError: Order validation failed: Notional $7.96 < Min $10.00
20:07:21 [ERROR] ❌ Lighter close FAILED for CRV-USD, keeping X10 open as hedge
20:07:21 [ERROR] ❌ Zwangsschließung von CRV-USD fehlgeschlagen - Retry im nächsten Cycle
20:07:21 [INFO] 🔍 DEBUG APEX-USD: entry_time type=<class 'str'>, value=2025-12-02T19:06:19.742088+00:00
20:07:21 [DEBUG] Check APEX-USD: Age=62.0s (Limit=60s)
20:07:21 [WARNING] 🚜 [FARM] NOT-AUS: Zwangsschließung für APEX-USD (Zeit abgelaufen: 61s > 60s)
20:07:21 [INFO]  🔻 CLOSING APEX-USD (Atomic Smart Close)...
20:07:21 [DEBUG] 📝 Flushed 1 writes
20:07:21 [DEBUG] 📝 Flushed 1 writes in 0.0ms
20:07:21 [INFO] 🚜 Farm Mode ACTIVE
20:07:21 [DEBUG] [x10] Resubscribed 30/134 channels
20:07:22 [DEBUG] Lighter Balance: Raw=$294.83, Safe=$280.09
20:07:22 [INFO] X10: Detected balance = $301.96
20:07:22 [INFO] 🚀 Launching 1 trades (Slots available: 1)
20:07:22 [DEBUG] Sending GET https://api.starknet.extended.exchange/api/v1/user/positions?
20:07:22 [INFO] Lighter: Found 2 open positions
20:07:22 [INFO] 🔍 DEBUG close_live_position ENTRY: symbol=APEX-USD (type=<class 'str'>)
20:07:22 [INFO] 🔍 DEBUG: original_side=BUY (type=<class 'str'>)
20:07:22 [INFO] 🔍 DEBUG: notional_usd=29.445 (type=<class 'float'>)
20:07:22 [INFO] Lighter: Found 2 open positions
20:07:22 [INFO] 🔻 LIGHTER CLOSE APEX-USD: size=-50.000000 coins, side=BUY, price=$0.5889, notional=$29.45
20:07:22 [INFO] 🚀 LIGHTER OPEN APEX-USD: side=BUY, size_usd=$29.45, price=$0.588900
20:07:22 [DEBUG] 🔍 DEBUG: APEX-USD market_id = 86 (raw=86, type=<class 'int'>)
20:07:22 [DEBUG] QUANTIZE APEX-USD: USD=29.45, coins=50.000000, raw=500, lot_size=50, final=500
20:07:22 [DEBUG] Create Order Tx Info: {"AccountIndex":60113,"ApiKeyIndex":3,"MarketIndex":86,"ClientOrderIndex":1764702485544,"BaseAmount":500,"Price":59244,"IsAsk":0,"Type":0,"TimeInForce":1,"ReduceOnly":1,"TriggerPrice":0,"OrderExpiry":1767121642613,"ExpiredAt":1764703041613,"Nonce":2162,"Sig":"R0G4OIkeikNcAB+h9VPE+/mejZNIwGXgAfXe7CZuhJ5J9HxdYpRlEYCDyiWNZUc0OsPNlDlG5WdfjIpNAPB6ogBb4QRUEUL+Og15iREM0zE="}
20:07:22 [INFO] Lighter: Found 2 open positions
20:07:22 [INFO] 💰 Balance: X10=$302.0 (free=$289.4), Lit=$280.1 (free=$267.5) | DB_Trades=2, Real_Positions=2, Locked=$10/ex
20:07:22 [INFO] 🚀 Launching trade for TRUMP-USD (APY=58.7%)
20:07:22 [DEBUG] Sending GET https://api.starknet.extended.exchange/api/v1/user/positions?
20:07:22 [DEBUG] Create Order Send Tx Response: code=200 message='{"ratelimit": "didn\'t use volume quota"}' tx_hash='451d4d196a052d13eb6e63f2b5e24c04142e959a67a1031e41003376122fb245821259b058183e6e' predicted_execution_time_ms=1764702434586 additional_properties={}
20:07:22 [INFO] Lighter Order: 451d4d196a052d13eb6e63f2b5e24c04142e959a67a1031e41003376122fb245821259b058183e6e
20:07:22 [INFO] ✅ Lighter close APEX-USD: Erfolgreich ($29.45)
20:07:22 [INFO] ✅ Lighter APEX-USD OK, closing X10...
20:07:23 [DEBUG] ✅ SPX-USD: X10=$172,129, Lighter=$4,225,463, Total=$4,397,592
20:07:23 [DEBUG] [x10] Resubscribed 40/134 channels
20:07:23 [INFO] ✅ Launched 1 trade tasks this cycle
20:07:23 [INFO] Lighter: Found 1 open positions
20:07:23 [DEBUG] ✅ TRUMP-USD verified: No existing positions on exchanges
20:07:23 [DEBUG] MIN_NOTIONAL TRUMP-USD: min_base=0.20000000 coins, price=$6.0458, min_qty_usd=$1.21, min_notional_api=$10.00, final=$11.00
20:07:23 [DEBUG] Sending GET https://api.starknet.extended.exchange/api/v1/user/balance
20:07:23 [INFO] 🎰 KELLY TRUMP-USD: win_rate=0.0%, kelly_fraction=0.0000, safe_fraction=0.0200, confidence=LOW, samples=1
20:07:23 [INFO] 📊 KELLY SIZE TRUMP-USD: base=$30.0, kelly_recommended=$5.6, final=$30.0
20:07:23 [INFO] 🚀 Opening TRUMP-USD: Size=$30.0 (Min=$11.0)
20:07:23 [INFO] 🔄 [PARALLEL] TRUMP-USD: Lighter POST-ONLY first
20:07:23 [INFO] 🚀 LIGHTER OPEN TRUMP-USD: side=SELL, size_usd=$30.00, price=$6.045800
20:07:23 [DEBUG] 🔍 DEBUG: TRUMP-USD market_id = 15 (raw=15, type=<class 'int'>)
20:07:23 [DEBUG] QUANTIZE TRUMP-USD: USD=30.00, coins=4.962122, raw=496, lot_size=20, final=480
20:07:23 [INFO] 🔄 [PARALLEL] TRUMP-USD: X10 MARKET order
20:07:23 [DEBUG] Create Order Tx Info: {"AccountIndex":60113,"ApiKeyIndex":3,"MarketIndex":15,"ClientOrderIndex":1764702495649,"BaseAmount":480,"Price":60095,"IsAsk":1,"Type":0,"TimeInForce":1,"ReduceOnly":0,"TriggerPrice":0,"OrderExpiry":1767121643738,"ExpiredAt":1764703042738,"Nonce":2163,"Sig":"WPJV2GOIWXcWzX2ZY9+ZuR+20t/bSyWdNKSnCr582+G48P6hSqyddIOaDHIlBGu5+ABgGsnnIG55URZKioAS/KcvkWSexfsJl0Mfomc/hQw="}
20:07:23 [DEBUG] Placing an order: id=1012756912906404754550929841043630540575842892793562925186786857752634511404
20:07:23 [DEBUG] Sending POST https://api.starknet.extended.exchange/api/v1/user/order, headers={<RequestHeader.ACCEPT: 'Accept'>: 'application/json', <RequestHeader.CONTENT_TYPE: 'Content-Type'>: 'application/json', <RequestHeader.USER_AGENT: 'User-Agent'>: 'X10PythonTradingClient/0.0.17', <RequestHeader.API_KEY: 'X-Api-Key'>: 'a1c9207f79f0e57ddc454bf1e16dbe49'}
20:07:24 [DEBUG] Create Order Send Tx Response: code=200 message='{"ratelimit": "didn\'t use volume quota"}' tx_hash='cc8399750008c861fd2e96459d9ef3b1b295573643597453e0eea2b3ad9d48e8c6740daf3053716d' predicted_execution_time_ms=1764702435709 additional_properties={}
20:07:24 [INFO] Lighter Order: cc8399750008c861fd2e96459d9ef3b1b295573643597453e0eea2b3ad9d48e8c6740daf3053716d
20:07:24 [INFO]  X10 Order: 1995932794202800128
20:07:24 [INFO] ✅ [PARALLEL] TRUMP-USD: Both legs filled in 313ms
20:07:24 [DEBUG] 📝 Trade added to state: TRUMP-USD
20:07:24 [DEBUG] 📝 Flushed 1 writes
20:07:24 [DEBUG] 📝 Flushed 1 writes in 0.0ms
20:07:24 [DEBUG] [x10] RAW MSG: {"type":"BALANCE","data":{"isSnapshot":false,"balance":{"collateralName":"USD","balance":"301.895732
20:07:24 [DEBUG] [x10] RAW MSG: {"type":"ORDER","data":{"isSnapshot":false,"orders":[{"id":1995932794202800128,"accountId":127074,"e
20:07:24 [DEBUG] [x10] RAW MSG: {"type":"TRADE","data":{"isSnapshot":false,"trades":[{"id":1995932795041484801,"accountId":127074,"m
20:07:24 [DEBUG] [x10] RAW MSG: {"type":"POSITION","data":{"isSnapshot":false,"positions":[{"id":1995932795062452224,"accountId":127
20:07:24 [DEBUG] [x10] RAW MSG: {"type":"BALANCE","data":{"isSnapshot":false,"balance":{"collateralName":"USD","balance":"301.890287
20:07:24 [DEBUG] [x10] Resubscribed 50/134 channels
20:07:25 [DEBUG] [x10] Resubscribed 60/134 channels
20:07:25 [DEBUG] Sending GET https://api.starknet.extended.exchange/api/v1/user/positions?
20:07:26 [INFO] 🔻 Closing X10 APEX-USD: size=50.000000 coins, side=BUY
20:07:26 [DEBUG] Sending GET https://api.starknet.extended.exchange/api/v1/user/positions?
20:07:26 [DEBUG] 💓 [lighter] Alive (uptime=60s, last_msg=0s ago)
20:07:26 [DEBUG] [lighter] Responded to JSON ping with pong
20:07:26 [DEBUG] 💓 [x10] Alive (uptime=10s, last_msg=2s ago)
20:07:26 [DEBUG] MAX_OPEN_TRADES (3) reached, waiting...
20:07:26 [INFO] 🔻 X10 CLOSE APEX-USD: size=50.000000, side=SELL
20:07:26 [DEBUG] Placing an order: id=1217090870830191366132824630183475902294094793193965347468038052935119074931
20:07:26 [DEBUG] Sending POST https://api.starknet.extended.exchange/api/v1/user/order, headers={<RequestHeader.ACCEPT: 'Accept'>: 'application/json', <RequestHeader.CONTENT_TYPE: 'Content-Type'>: 'application/json', <RequestHeader.USER_AGENT: 'User-Agent'>: 'X10PythonTradingClient/0.0.17', <RequestHeader.API_KEY: 'X-Api-Key'>: 'a1c9207f79f0e57ddc454bf1e16dbe49'}
20:07:26 [INFO]  X10 Order: 1995932805255860224
20:07:26 [DEBUG] [x10] Resubscribed 70/134 channels
20:07:26 [DEBUG] [x10] RAW MSG: {"type":"BALANCE","data":{"isSnapshot":false,"balance":{"collateralName":"USD","balance":"301.890287
20:07:26 [DEBUG] [x10] RAW MSG: {"type":"ORDER","data":{"isSnapshot":false,"orders":[{"id":1995932805255860224,"accountId":127074,"e
20:07:26 [DEBUG] [x10] RAW MSG: {"type":"TRADE","data":{"isSnapshot":false,"trades":[{"id":1995932806093475841,"accountId":127074,"m
20:07:26 [DEBUG] [x10] RAW MSG: {"type":"POSITION","data":{"isSnapshot":false,"positions":[{"id":1995931042246033408,"accountId":127
20:07:26 [DEBUG] [x10] RAW MSG: {"type":"BALANCE","data":{"isSnapshot":false,"balance":{"collateralName":"USD","balance":"301.940149
20:07:28 [DEBUG] [x10] Resubscribed 80/134 channels
20:07:28 [DEBUG] Sending GET https://api.starknet.extended.exchange/api/v1/user/positions?
20:07:28 [DEBUG] ✅ VIRTUAL-USD: X10=$141,870, Lighter=$872,487, Total=$1,014,357
20:07:28 [INFO] ✅ X10 APEX-USD closed (50.000000 coins)
20:07:28 [INFO] ✅ APEX-USD fully closed
20:07:28 [INFO] ✅ Trade APEX-USD closed (PnL: $0.00)
20:07:28 [INFO] ✅ Trade APEX-USD closed (PnL: $0.00)
20:07:28 [DEBUG] 📝 Flushed 1 writes
20:07:28 [DEBUG] 📝 Flushed 1 writes in 0.0ms
20:07:28 [INFO]  💰 PnL APEX-USD: $0.00 (FARM_TIME_LIMIT)
20:07:28 [INFO] ✅ APEX-USD zwangsgeschlossen (Farm Time Limit)
20:07:29 [INFO] 🔍 🚜 FARM Scanning 67 pairs. Open symbols to skip: {'CRV-USD', 'TRUMP-USD'}
20:07:29 [DEBUG] Price cache status: X10=67/67, Lighter=66/67
20:07:29 [INFO] 🔍 Scanning 67 pairs. Lighter markets: 115, X10 markets: 91
20:07:29 [DEBUG] [x10] Resubscribed 90/134 channels
20:07:29 [DEBUG] MKR-USD: Missing prices (X=1663.9, L=None)
20:07:29 [INFO] ✅ Found 0 opportunities with predictions (farm_mode=True)
20:07:29 [INFO] ⚠️ Keine Prediction-Opportunities, nutze Fallback mit echten Funding Rates...
20:07:29 [INFO]  VOL REGIME: WIF-USD UNKNOWN -> LOW (24h Range: 0.00%)
20:07:29 [INFO]  VOL REGIME: TAO-USD UNKNOWN -> LOW (24h Range: 0.00%)
20:07:29 [INFO]  VOL REGIME: POPCAT-USD UNKNOWN -> LOW (24h Range: 0.00%)
20:07:29 [INFO]  VOL REGIME: ONDO-USD UNKNOWN -> LOW (24h Range: 0.00%)
20:07:29 [INFO]  VOL REGIME: 1000BONK-USD UNKNOWN -> LOW (24h Range: 0.00%)
20:07:29 [INFO]  VOL REGIME: SOL-USD UNKNOWN -> LOW (24h Range: 0.00%)
20:07:29 [INFO]  VOL REGIME: BNB-USD UNKNOWN -> LOW (24h Range: 0.00%)
20:07:29 [INFO]  VOL REGIME: SUI-USD UNKNOWN -> LOW (24h Range: 0.00%)
20:07:29 [INFO]  VOL REGIME: OP-USD UNKNOWN -> LOW (24h Range: 0.00%)
20:07:29 [DEBUG] 🔄 Skip CRV-USD: Already open (in open_syms)
20:07:29 [INFO]  VOL REGIME: PENDLE-USD UNKNOWN -> LOW (24h Range: 0.00%)
20:07:29 [INFO]  VOL REGIME: SEI-USD UNKNOWN -> LOW (24h Range: 0.00%)
20:07:29 [INFO]  VOL REGIME: ADA-USD UNKNOWN -> LOW (24h Range: 0.00%)
20:07:29 [DEBUG] ⛔ Skip SPX-USD: TradFi/FX
20:07:29 [INFO]  VOL REGIME: TRX-USD UNKNOWN -> LOW (24h Range: 0.00%)
20:07:29 [INFO]  VOL REGIME: GRASS-USD UNKNOWN -> LOW (24h Range: 0.00%)
20:07:29 [INFO]  VOL REGIME: VIRTUAL-USD UNKNOWN -> LOW (24h Range: 0.00%)
20:07:29 [INFO]  VOL REGIME: UNI-USD UNKNOWN -> LOW (24h Range: 0.00%)
20:07:29 [INFO]  VOL REGIME: DOGE-USD UNKNOWN -> LOW (24h Range: 0.00%)
20:07:29 [DEBUG] ⛔ Skip XAG-USD: TradFi/FX
20:07:29 [INFO]  VOL REGIME: AAVE-USD UNKNOWN -> LOW (24h Range: 0.00%)
20:07:29 [INFO]  VOL REGIME: ARB-USD UNKNOWN -> LOW (24h Range: 0.00%)
20:07:29 [INFO]  VOL REGIME: XPL-USD UNKNOWN -> LOW (24h Range: 0.00%)
20:07:29 [INFO]  VOL REGIME: PUMP-USD UNKNOWN -> LOW (24h Range: 0.00%)
20:07:29 [INFO]  VOL REGIME: AVAX-USD UNKNOWN -> LOW (24h Range: 0.00%)
20:07:29 [INFO]  VOL REGIME: XRP-USD UNKNOWN -> LOW (24h Range: 0.00%)
20:07:29 [INFO]  VOL REGIME: 1000SHIB-USD UNKNOWN -> LOW (24h Range: 0.00%)
20:07:29 [INFO]  VOL REGIME: RESOLV-USD UNKNOWN -> LOW (24h Range: 0.00%)
20:07:29 [INFO] 🔍 DEBUG RESOLV-USD: rl=-0.00054200, rx=-0.00063100, net=0.00008900, apy=78.0%
20:07:29 [DEBUG] Skip RESOLV-USD: Spread 0.60% too high
20:07:29 [INFO]  VOL REGIME: LINK-USD UNKNOWN -> LOW (24h Range: 0.00%)
20:07:29 [INFO]  VOL REGIME: APT-USD UNKNOWN -> LOW (24h Range: 0.00%)
20:07:29 [INFO]  VOL REGIME: MON-USD UNKNOWN -> LOW (24h Range: 0.00%)
20:07:29 [INFO] 🔍 DEBUG MON-USD: rl=-0.00004500, rx=0.00001300, net=-0.00005800, apy=50.8%
20:07:29 [INFO] 💎 MON-USD | APY: 50.8%
20:07:29 [DEBUG] 🔄 Skip TRUMP-USD: Already open (in open_syms)
20:07:29 [INFO]  VOL REGIME: BTC-USD UNKNOWN -> LOW (24h Range: 0.00%)
20:07:29 [INFO]  VOL REGIME: ENA-USD UNKNOWN -> LOW (24h Range: 0.00%)
20:07:29 [INFO]  VOL REGIME: S-USD UNKNOWN -> LOW (24h Range: 0.00%)
20:07:29 [INFO]  VOL REGIME: MNT-USD UNKNOWN -> LOW (24h Range: 0.00%)
20:07:29 [INFO]  VOL REGIME: PENGU-USD UNKNOWN -> LOW (24h Range: 0.00%)
20:07:29 [INFO]  VOL REGIME: NEAR-USD UNKNOWN -> LOW (24h Range: 0.00%)
20:07:29 [DEBUG] ⛔ Skip XAU-USD: TradFi/FX
20:07:29 [INFO]  VOL REGIME: ZRO-USD UNKNOWN -> LOW (24h Range: 0.00%)
20:07:29 [INFO]  VOL REGIME: EDEN-USD UNKNOWN -> LOW (24h Range: 0.00%)
20:07:29 [INFO]  VOL REGIME: AVNT-USD UNKNOWN -> LOW (24h Range: 0.00%)
20:07:29 [INFO]  VOL REGIME: IP-USD UNKNOWN -> LOW (24h Range: 0.00%)
20:07:29 [INFO]  VOL REGIME: WLFI-USD UNKNOWN -> LOW (24h Range: 0.00%)
20:07:29 [INFO]  VOL REGIME: WLD-USD UNKNOWN -> LOW (24h Range: 0.00%)
20:07:29 [INFO]  VOL REGIME: LDO-USD UNKNOWN -> LOW (24h Range: 0.00%)
20:07:29 [INFO]  VOL REGIME: HYPE-USD UNKNOWN -> LOW (24h Range: 0.00%)
20:07:29 [INFO]  VOL REGIME: EIGEN-USD UNKNOWN -> LOW (24h Range: 0.00%)
20:07:29 [INFO]  VOL REGIME: LTC-USD UNKNOWN -> LOW (24h Range: 0.00%)
20:07:29 [INFO]  VOL REGIME: ZEC-USD UNKNOWN -> LOW (24h Range: 0.00%)
20:07:29 [DEBUG] Skip ZEC-USD: Spread 0.33% too high
20:07:29 [INFO]  VOL REGIME: BERA-USD UNKNOWN -> LOW (24h Range: 0.00%)
20:07:29 [INFO]  VOL REGIME: ASTER-USD UNKNOWN -> LOW (24h Range: 0.00%)
20:07:29 [INFO]  VOL REGIME: KAITO-USD UNKNOWN -> LOW (24h Range: 0.00%)
20:07:29 [INFO]  VOL REGIME: ZORA-USD UNKNOWN -> LOW (24h Range: 0.00%)
20:07:29 [INFO]  VOL REGIME: FARTCOIN-USD UNKNOWN -> LOW (24h Range: 0.00%)
20:07:29 [INFO] 🔍 DEBUG APEX-USD: rl=0.00001200, rx=-0.00012800, net=0.00014000, apy=122.6%
20:07:29 [INFO] 💎 APEX-USD | APY: 122.6%
20:07:29 [INFO]  VOL REGIME: TIA-USD UNKNOWN -> LOW (24h Range: 0.00%)
20:07:29 [INFO]  VOL REGIME: LINEA-USD UNKNOWN -> LOW (24h Range: 0.00%)
20:07:29 [INFO]  VOL REGIME: STRK-USD UNKNOWN -> LOW (24h Range: 0.00%)
20:07:29 [INFO]  VOL REGIME: JUP-USD UNKNOWN -> LOW (24h Range: 0.00%)
20:07:29 [INFO]  VOL REGIME: TON-USD UNKNOWN -> LOW (24h Range: 0.00%)
20:07:29 [INFO]  VOL REGIME: 1000PEPE-USD UNKNOWN -> LOW (24h Range: 0.00%)
20:07:29 [INFO] ✅ Found 33 opportunities from 61 valid pairs (farm_mode=True, scanned=67)
20:07:29 [INFO] 🎯 Found 3 opportunities, executing best...
20:07:29 [DEBUG] Sending GET https://api.starknet.extended.exchange/api/v1/user/balance
20:07:29 [DEBUG] Fetching fresh positions (force=False, cache_age=19.7s)
20:07:29 [DEBUG] Sending GET https://api.starknet.extended.exchange/api/v1/user/positions?
20:07:29 [DEBUG] 📝 Flushed 1 writes
20:07:29 [DEBUG] 📝 Flushed 1 writes in 0.0ms
20:07:30 [INFO] Lighter: Found 2 open positions
20:07:30 [INFO] 📊 Positions: X10=2, Lighter=2
20:07:30 [DEBUG] X10 positions: ['CRV-USD', 'TRUMP-USD']
20:07:30 [DEBUG] Lighter positions: ['TRUMP-USD', 'CRV-USD']
20:07:30 [INFO] 🔍 DEBUG TRUMP-USD: entry_time type=<class 'str'>, value=2025-12-02T19:07:24.035999+00:00
20:07:30 [DEBUG] Check TRUMP-USD: Age=6.3s (Limit=60s)
20:07:30 [INFO] 🔍 DEBUG CRV-USD: entry_time type=<class 'str'>, value=2025-12-02T19:06:19.742088+00:00
20:07:30 [DEBUG] Check CRV-USD: Age=70.6s (Limit=60s)
20:07:30 [WARNING] 🚜 [FARM] NOT-AUS: Zwangsschließung für CRV-USD (Zeit abgelaufen: 70s > 60s)
20:07:30 [INFO]  🔻 CLOSING CRV-USD (Atomic Smart Close)...
20:07:30 [DEBUG] [x10] Resubscribed 100/134 channels
20:07:30 [DEBUG] Lighter Balance: Raw=$294.81, Safe=$280.07
20:07:30 [INFO] X10: Detected balance = $301.93
20:07:30 [INFO] 🚀 Launching 1 trades (Slots available: 1)
20:07:30 [DEBUG] Sending GET https://api.starknet.extended.exchange/api/v1/user/positions?
20:07:30 [INFO] Lighter: Found 2 open positions
20:07:30 [INFO] 🔍 DEBUG close_live_position ENTRY: symbol=CRV-USD (type=<class 'str'>)
20:07:30 [INFO] 🔍 DEBUG: original_side=BUY (type=<class 'str'>)
20:07:30 [INFO] 🔍 DEBUG: notional_usd=7.9498 (type=<class 'float'>)
20:07:31 [INFO] Lighter: Found 2 open positions
20:07:31 [INFO] 🔻 LIGHTER CLOSE CRV-USD: size=-20.000000 coins, side=BUY, price=$0.3975, notional=$7.95
20:07:31 [ERROR] ❌ Order validation failed for CRV-USD: Notional $7.95 < Min $10.00
20:07:31 [ERROR] Lighter close CRV-USD: Exception: Order validation failed: Notional $7.95 < Min $10.00
Traceback (most recent call last):
  File "C:\Users\koopm\funding-bot\src\adapters\lighter_adapter.py", line 1604, in close_live_position
    success, order_id = await self.open_live_position(
                        ^^^^^^^^^^^^^^^^^^^^^^^^^^^^^^
  File "C:\Users\koopm\funding-bot\src\rate_limiter.py", line 209, in wrapper
    result = await func(*args, **kwargs)
             ^^^^^^^^^^^^^^^^^^^^^^^^^^^
  File "C:\Users\koopm\funding-bot\src\adapters\lighter_adapter.py", line 1413, in open_live_position
    raise ValueError(f"Order validation failed: {error_msg}")
ValueError: Order validation failed: Notional $7.95 < Min $10.00
20:07:31 [ERROR] ❌ Lighter close FAILED for CRV-USD, keeping X10 open as hedge
20:07:31 [ERROR] ❌ Zwangsschließung von CRV-USD fehlgeschlagen - Retry im nächsten Cycle
20:07:31 [INFO] Lighter: Found 2 open positions
20:07:31 [INFO] 💰 Balance: X10=$301.9 (free=$289.3), Lit=$280.1 (free=$267.5) | DB_Trades=2, Real_Positions=2, Locked=$10/ex
20:07:31 [INFO] 🚀 Launching trade for APEX-USD (APY=122.6%)
20:07:31 [DEBUG] Sending GET https://api.starknet.extended.exchange/api/v1/user/positions?
20:07:31 [INFO] 🚜 Farm Mode ACTIVE
20:07:31 [INFO] ✅ Launched 1 trade tasks this cycle
20:07:31 [DEBUG] [x10] Resubscribed 110/134 channels
20:07:32 [INFO] Lighter: Found 2 open positions
20:07:32 [DEBUG] ✅ APEX-USD verified: No existing positions on exchanges
20:07:32 [DEBUG] MIN_NOTIONAL APEX-USD: min_base=5.00000000 coins, price=$0.5909, min_qty_usd=$2.95, min_notional_api=$10.00, final=$11.00
20:07:32 [DEBUG] Sending GET https://api.starknet.extended.exchange/api/v1/user/balance
20:07:32 [DEBUG] Using cached positions (age: 2.4s)
20:07:32 [INFO] 🔍 DEBUG TRUMP-USD: entry_time type=<class 'str'>, value=2025-12-02T19:07:24.035999+00:00
20:07:32 [DEBUG] Check TRUMP-USD: Age=8.3s (Limit=60s)
20:07:32 [INFO] 🔍 DEBUG CRV-USD: entry_time type=<class 'str'>, value=2025-12-02T19:06:19.742088+00:00
20:07:32 [DEBUG] Check CRV-USD: Age=72.6s (Limit=60s)
20:07:32 [WARNING] 🚜 [FARM] NOT-AUS: Zwangsschließung für CRV-USD (Zeit abgelaufen: 72s > 60s)
20:07:32 [INFO]  🔻 CLOSING CRV-USD (Atomic Smart Close)...
20:07:32 [INFO] 🎰 KELLY APEX-USD: win_rate=0.0%, kelly_fraction=0.0000, safe_fraction=0.0200, confidence=LOW, samples=1
20:07:32 [INFO] 📊 KELLY SIZE APEX-USD: base=$30.0, kelly_recommended=$5.6, final=$30.0
20:07:32 [INFO] 🚀 Opening APEX-USD: Size=$30.0 (Min=$11.0)
20:07:32 [INFO] 🔄 [PARALLEL] APEX-USD: Lighter POST-ONLY first
20:07:32 [INFO] 🚀 LIGHTER OPEN APEX-USD: side=SELL, size_usd=$30.00, price=$0.590900
20:07:32 [DEBUG] 🔍 DEBUG: APEX-USD market_id = 86 (raw=86, type=<class 'int'>)
20:07:32 [DEBUG] QUANTIZE APEX-USD: USD=30.00, coins=50.770012, raw=508, lot_size=50, final=500
20:07:32 [INFO] 🔄 [PARALLEL] APEX-USD: X10 MARKET order
20:07:32 [DEBUG] Create Order Tx Info: {"AccountIndex":60113,"ApiKeyIndex":3,"MarketIndex":86,"ClientOrderIndex":1764702537889,"BaseAmount":500,"Price":58735,"IsAsk":1,"Type":0,"TimeInForce":1,"ReduceOnly":0,"TriggerPrice":0,"OrderExpiry":1767121652354,"ExpiredAt":1764703051354,"Nonce":2164,"Sig":"XmKChOvYQZI+drjDrsbeXFdtHoCB+FdBm+v62KzfOU9s3AzYXQ0nE0XLv8Q9KRUtOkxFbqzkjMpO/RBPRecLX3l2pk2+talJszNykTuLKhI="}
20:07:32 [DEBUG] Placing an order: id=525867458015191180571449120969548598091038046914858013601524585630212370977
20:07:32 [DEBUG] Sending POST https://api.starknet.extended.exchange/api/v1/user/order, headers={<RequestHeader.ACCEPT: 'Accept'>: 'application/json', <RequestHeader.CONTENT_TYPE: 'Content-Type'>: 'application/json', <RequestHeader.USER_AGENT: 'User-Agent'>: 'X10PythonTradingClient/0.0.17', <RequestHeader.API_KEY: 'X-Api-Key'>: 'a1c9207f79f0e57ddc454bf1e16dbe49'}
20:07:32 [DEBUG] Create Order Send Tx Response: code=200 message='{"ratelimit": "didn\'t use volume quota"}' tx_hash='a220253fd8d6abd1334444844eb401e46714bf1617e47442cf0d9aac16a51497c6b1c0125f28af63' predicted_execution_time_ms=1764702444324 additional_properties={}
20:07:32 [INFO] Lighter Order: a220253fd8d6abd1334444844eb401e46714bf1617e47442cf0d9aac16a51497c6b1c0125f28af63
20:07:32 [DEBUG] ✅ TRX-USD: X10=$339,528, Lighter=$7,620,448, Total=$7,959,976
20:07:32 [INFO]  X10 Order: 1995932830307840000
20:07:32 [INFO] ✅ [PARALLEL] APEX-USD: Both legs filled in 297ms
20:07:32 [DEBUG] 📝 Trade added to state: APEX-USD
20:07:32 [DEBUG] 📝 Flushed 1 writes
20:07:32 [DEBUG] 📝 Flushed 1 writes in 0.0ms
20:07:32 [DEBUG] [x10] RAW MSG: {"type":"BALANCE","data":{"isSnapshot":false,"balance":{"collateralName":"USD","balance":"301.940149
20:07:32 [DEBUG] [x10] RAW MSG: {"type":"TRADE","data":{"isSnapshot":false,"trades":[{"id":1995932831146053632,"accountId":127074,"m
20:07:32 [DEBUG] [x10] RAW MSG: {"type":"ORDER","data":{"isSnapshot":false,"orders":[{"id":1995932830307840000,"accountId":127074,"e
20:07:32 [DEBUG] [x10] RAW MSG: {"type":"POSITION","data":{"isSnapshot":false,"positions":[{"id":1995932831175409664,"accountId":127
20:07:32 [DEBUG] [x10] RAW MSG: {"type":"BALANCE","data":{"isSnapshot":false,"balance":{"collateralName":"USD","balance":"301.933514
20:07:33 [DEBUG] [x10] Resubscribed 120/134 channels
20:07:33 [INFO] Lighter: Found 3 open positions
20:07:33 [INFO] 🔍 DEBUG close_live_position ENTRY: symbol=CRV-USD (type=<class 'str'>)
20:07:33 [INFO] 🔍 DEBUG: original_side=BUY (type=<class 'str'>)
20:07:33 [INFO] 🔍 DEBUG: notional_usd=7.9498 (type=<class 'float'>)
20:07:33 [WARNING] 🛑 Received SIGINT, initiating graceful shutdown...
20:07:33 [INFO] 🛑 Shutting down...
20:07:33 [INFO] 🛑 Initiating graceful shutdown...
20:07:33 [INFO] 🔍 Supervisor loop stopped
20:07:33 [INFO] 🛑 Cancelling logic_loop...
20:07:33 [INFO] 🛑 Cancelling trade_management_loop...
20:07:33 [INFO] 🛑 Cancelling farm_loop...
20:07:33 [INFO] 🛑 Cancelling maintenance_loop...
20:07:33 [INFO] 🛑 Cancelling cleanup_finished_tasks...
20:07:33 [INFO] 🛑 Cancelling health_reporter...
20:07:33 [INFO] 🛑 Cancelling connection_watchdog...
20:07:33 [INFO] Logic loop cancelled
20:07:33 [INFO] Connection watchdog cancelled
20:07:33 [INFO] ✅ All tasks stopped
20:07:33 [INFO] 🛑 Rollback processor: Shutdown signal received
20:07:33 [INFO] ✅ ParallelExecutionManager: Stopped
20:07:36 [INFO] 🔌 [x10] WebSocket stopped
20:07:36 [ERROR] [x10] Resubscription error for publicTrades/UNI/USD: sent 1000 (OK); then received 1011 (internal error) Ping timeout
20:07:36 [ERROR] [x10] Resubscription error for funding/BNB/USD: 'NoneType' object has no attribute 'send'
20:07:36 [ERROR] [x10] Resubscription error for publicTrades/WLFI/USD: 'NoneType' object has no attribute 'send'
20:07:36 [ERROR] [x10] Resubscription error for funding/FARTCOIN/USD: 'NoneType' object has no attribute 'send'
20:07:36 [ERROR] [x10] Resubscription error for publicTrades/XRP/USD: 'NoneType' object has no attribute 'send'
20:07:36 [INFO] [x10] Resubscribed to 134 channels
20:07:36 [DEBUG] ✅ UNI-USD: X10=$218,070, Lighter=$372,877, Total=$590,947
20:07:38 [INFO] 🔌 [lighter] WebSocket stopped
20:07:38 [INFO] ✅ WebSocketManager stopped
20:07:38 [INFO] ✅ OpenInterestTracker stopped
20:07:38 [INFO] 🛑 Stopping InMemoryStateManager...
20:07:38 [INFO] 📝 State writer loop stopped
20:07:38 [INFO] ✅ InMemoryStateManager stopped
20:07:38 [INFO] 🔒 Closing database...
20:07:38 [INFO] 🖊️ Database write loop stopped
20:07:38 [INFO] ✅ Database closed
20:07:38 [INFO] ✅ X10 Adapter geschlossen.
20:07:38 [INFO] ✅ Lighter Adapter closed
20:07:38 [INFO] ✅ Bot V5 shutdown complete
