22:37:06 [INFO]  CONFIG VALIDIERUNG abgeschlossen.
22:37:06 [INFO] 🔥 BOT V5 (Architected) STARTING...
22:37:06 [INFO] 🚀 Starting InMemoryStateManager...
22:37:06 [INFO] 📂 Initializing database: data/trades.db
22:37:07 [INFO] ✅ Read pool created: 5 connections
22:37:07 [INFO] ✅ WAL mode enabled
22:37:07 [INFO] 🔄 Running database migrations...
22:37:07 [INFO] ✅ Migrations complete (11 statements)
22:37:07 [INFO] ✅ Database initialized
22:37:07 [INFO] 🖊️ Database write loop started
22:37:07 [INFO] 📂 Loaded 3 trades from database
22:37:07 [INFO] ✅ InMemoryStateManager started (loaded 3 trades)
22:37:07 [INFO] ✅ State Manager started
22:37:07 [INFO]  Telegram Bot disabled (Token/ChatID missing).
22:37:07 [INFO] ✅ Async database initialized
22:37:07 [INFO] 📝 State writer loop started
22:37:07 [DEBUG] ✅ Database schema up to date
22:37:07 [INFO] Initialisiere X10 Adapter...
22:37:07 [INFO]  X10 Account initialisiert.
22:37:07 [INFO] Initialisiere Lighter Adapter...
22:37:07 [INFO] 📊 Loading Market Data via REST...
22:37:07 [DEBUG] Sending GET https://api.starknet.extended.exchange/api/v1/info/markets?
22:37:08 [INFO] ✅ Lighter: Loaded 116 markets (base data)
22:37:08 [DEBUG] Starting new HTTPS connection (1): mainnet.zklighter.elliot.ai:443
22:37:09 [DEBUG] https://mainnet.zklighter.elliot.ai:443 "GET /api/v1/nextNonce?account_index=60113&api_key_index=3 HTTP/1.1" 200 25
22:37:09 [INFO]  X10: 91 Märkte geladen, 91 Funding Rates, 78 Preise
22:37:11 [INFO] ✅ Lighter: Updated 116 markets with size_decimals from API
22:37:11 [INFO] 📊 MARKET ADA-USD: size_decimals=1, price_decimals=5, min_base_amount=10.0
22:37:11 [INFO] 📊 MARKET SEI-USD: size_decimals=1, price_decimals=5, min_base_amount=50.0
22:37:11 [INFO] 📊 MARKET RESOLV-USD: size_decimals=0, price_decimals=6, min_base_amount=40.0
22:37:11 [INFO] 📊 MARKET TIA-USD: size_decimals=1, price_decimals=5, min_base_amount=3.0
22:37:11 [INFO] ✅ Markets loaded: X10=91, Lighter=116
22:37:11 [INFO] 📈 Pre-loading Lighter prices...
22:37:11 [DEBUG] Lighter: Loaded 383 funding rates
22:37:12 [DEBUG] Lighter: Loaded 115 prices via REST
22:37:12 [INFO] ✅ Lighter prices loaded: 115 symbols
22:37:12 [INFO] 🔥 Warming up execution clients (Network Handshake)...
22:37:12 [DEBUG] Sending GET https://api.starknet.extended.exchange/api/v1/info/markets?
22:37:14 [INFO] ✅ Execution clients warmed up & NETWORK READY
22:37:14 [INFO] FundingPredictorV2 initialized with BTC Correlation
22:37:14 [INFO] 启动 OI Tracker für 68 Symbole...
22:37:14 [INFO] ✅ OpenInterestTracker started (interval=15.0s)
22:37:14 [INFO] 🌐 Starting WebSocket Manager...
22:37:14 [INFO] 📊 OI Tracker: Starting cycle 1 (68 symbols)
22:37:14 [INFO] 🔌 [lighter] WebSocket manager started
22:37:14 [INFO] 🔌 [x10_account] WebSocket manager started
22:37:14 [INFO] 🔌 [x10_trades] WebSocket manager started
22:37:14 [INFO] 🔌 [x10_funding] WebSocket manager started
22:37:14 [INFO] 🔌 [lighter] Connecting with kwargs: {'close_timeout': 5.0, 'max_size': 4194304, 'ping_interval': 20.0, 'ping_timeout': 10.0}
22:37:14 [INFO] 🔌 [x10_account] Connecting with kwargs: {'close_timeout': 5.0, 'max_size': 4194304, 'ping_interval': 15.0, 'additional_headers': {'X-Api-Key': 'a1c9207f79f0e57ddc454bf1e16dbe49', 'User-Agent': 'X10PythonTradingClient/0.4.5'}}
22:37:14 [INFO] 🔌 [x10_trades] Connecting with kwargs: {'close_timeout': 5.0, 'max_size': 4194304, 'ping_interval': 15.0, 'additional_headers': {'X-Api-Key': 'a1c9207f79f0e57ddc454bf1e16dbe49', 'User-Agent': 'X10PythonTradingClient/0.4.5'}}
22:37:14 [INFO] 🔌 [x10_funding] Connecting with kwargs: {'close_timeout': 5.0, 'max_size': 4194304, 'ping_interval': 15.0, 'additional_headers': {'X-Api-Key': 'a1c9207f79f0e57ddc454bf1e16dbe49', 'User-Agent': 'X10PythonTradingClient/0.4.5'}}
22:37:14 [INFO] ✅ WebSocketManager started (Lighter + X10 Account/Trades/Funding)
22:37:15 [DEBUG] ✅ ASTER-USD: X10=$327,164, Lighter=$13,283,411, Total=$13,610,575
22:37:15 [INFO] ✅ [lighter] Connected to wss://mainnet.zklighter.elliot.ai/stream
22:37:15 [INFO] ✅ [lighter] Keepalive enabled: ping_interval=20.0s, ping_timeout=10.0s
22:37:15 [INFO] [lighter] Resubscribing to 73 channels (paced)...
22:37:15 [INFO] [lighter] Receive loop started (async iterator)
22:37:15 [DEBUG] 💓 [lighter] Heartbeat started (stale_threshold=180.0s)
22:37:15 [DEBUG] [lighter] Subscribed to order_book/51
22:37:15 [DEBUG] [lighter] Subscribed to trade/51
22:37:15 [DEBUG] [lighter] Subscribed to order_book/34
22:37:15 [DEBUG] [lighter] Subscribed to trade/34
22:37:15 [INFO] ✅ [x10_trades] Connected to wss://api.starknet.extended.exchange/stream.extended.exchange/v1/publicTrades
22:37:15 [INFO] ✅ [x10_trades] Keepalive enabled: ping_interval=15.0s, ping_timeout=None (auto-pong)
22:37:15 [INFO] [x10_trades] Receive loop started (async iterator)
22:37:15 [DEBUG] 💓 [x10_trades] Heartbeat started (stale_threshold=300.0s)
22:37:15 [DEBUG] [lighter] Subscribed to order_book/24
22:37:15 [DEBUG] [lighter] Subscribed to trade/24
22:37:15 [INFO] ✅ [x10_funding] Connected to wss://api.starknet.extended.exchange/stream.extended.exchange/v1/funding
22:37:15 [INFO] ✅ [x10_funding] Keepalive enabled: ping_interval=15.0s, ping_timeout=None (auto-pong)
22:37:15 [INFO] [x10_funding] Receive loop started (async iterator)
22:37:15 [DEBUG] 💓 [x10_funding] Heartbeat started (stale_threshold=300.0s)
22:37:15 [INFO] ✅ [x10_account] Connected to wss://api.starknet.extended.exchange/stream.extended.exchange/v1/account
22:37:15 [INFO] ✅ [x10_account] Keepalive enabled: ping_interval=15.0s, ping_timeout=None (auto-pong)
22:37:15 [INFO] [x10_account] Receive loop started (async iterator)
22:37:15 [DEBUG] 💓 [x10_account] Heartbeat started (stale_threshold=180.0s)
22:37:15 [DEBUG] [lighter] Subscribed to order_book/26
22:37:15 [DEBUG] [lighter] Subscribed to trade/26
22:37:15 [DEBUG] [lighter] Subscribed to order_book/10
22:37:15 [DEBUG] [lighter] Subscribed to trade/10
22:37:15 [DEBUG] [lighter] Resubscribed 10/73 channels
22:37:15 [DEBUG] [lighter] Subscribed to order_book/13
22:37:15 [DEBUG] [lighter] Subscribed to trade/13
22:37:15 [DEBUG] [lighter] Subscribed to order_book/72
22:37:15 [DEBUG] [lighter] Subscribed to trade/72
22:37:15 [DEBUG] [lighter] Subscribed to order_book/18
22:37:15 [DEBUG] [lighter] Subscribed to trade/18
22:37:15 [DEBUG] [lighter] Resubscribed 20/73 channels
22:37:15 [DEBUG] [lighter] Subscribed to order_book/86
22:37:15 [DEBUG] [lighter] Subscribed to trade/86
22:37:15 [DEBUG] [lighter] Subscribed to order_book/60
22:37:15 [DEBUG] [lighter] Subscribed to trade/60
22:37:15 [DEBUG] [lighter] Subscribed to order_book/20
22:37:15 [DEBUG] [lighter] Subscribed to trade/20
22:37:15 [DEBUG] [lighter] Subscribed to order_book/35
22:37:15 [DEBUG] [lighter] Subscribed to trade/35
22:37:15 [DEBUG] [lighter] Subscribed to order_book/103
22:37:15 [DEBUG] [lighter] Subscribed to trade/103
22:37:15 [DEBUG] [lighter] Resubscribed 30/73 channels
22:37:15 [DEBUG] [lighter] Subscribed to order_book/63
22:37:15 [DEBUG] [lighter] Subscribed to trade/63
22:37:15 [DEBUG] [lighter] Subscribed to order_book/11
22:37:15 [DEBUG] [lighter] Subscribed to trade/11
22:37:15 [DEBUG] [lighter] Subscribed to order_book/91
22:37:15 [DEBUG] [lighter] Subscribed to trade/91
22:37:15 [DEBUG] [lighter] Subscribed to order_book/76
22:37:15 [DEBUG] [lighter] Subscribed to trade/76
22:37:15 [DEBUG] [lighter] Subscribed to order_book/52
22:37:15 [DEBUG] [lighter] Subscribed to trade/52
22:37:15 [DEBUG] [lighter] Resubscribed 40/73 channels
22:37:16 [DEBUG] [lighter] Subscribed to order_book/15
22:37:16 [DEBUG] [lighter] Subscribed to trade/15
22:37:16 [DEBUG] [lighter] Subscribed to order_book/12
22:37:16 [DEBUG] [lighter] Subscribed to trade/12
22:37:16 [DEBUG] [lighter] Subscribed to order_book/3
22:37:16 [DEBUG] [lighter] Subscribed to trade/3
22:37:16 [DEBUG] [lighter] Subscribed to order_book/1
22:37:16 [DEBUG] [lighter] Subscribed to trade/1
22:37:16 [DEBUG] [lighter] Resubscribed 50/73 channels
22:37:16 [DEBUG] [lighter] Subscribed to order_book/25
22:37:16 [DEBUG] [lighter] Subscribed to trade/25
22:37:16 [DEBUG] [lighter] Subscribed to order_book/16
22:37:16 [DEBUG] [lighter] Subscribed to trade/16
22:37:16 [DEBUG] [lighter] Subscribed to order_book/8
22:37:16 [DEBUG] [lighter] Subscribed to trade/8
22:37:16 [DEBUG] [lighter] Subscribed to order_book/21
22:37:16 [DEBUG] [lighter] Subscribed to trade/21
22:37:16 [DEBUG] [lighter] Subscribed to order_book/58
22:37:16 [DEBUG] [lighter] Subscribed to trade/58
22:37:16 [DEBUG] [lighter] Resubscribed 60/73 channels
22:37:16 [DEBUG] [lighter] Subscribed to order_book/98
22:37:16 [DEBUG] [lighter] Subscribed to trade/98
22:37:16 [DEBUG] [lighter] Subscribed to order_book/27
22:37:16 [DEBUG] [lighter] Subscribed to trade/27
22:37:16 [DEBUG] [lighter] Subscribed to order_book/32
22:37:16 [DEBUG] [lighter] Subscribed to trade/32
22:37:16 [DEBUG] [lighter] Subscribed to order_book/93
22:37:16 [DEBUG] [lighter] Subscribed to trade/93
22:37:16 [INFO] [x10] Connected to Firehose streams (Trades & Funding) for all markets.
22:37:16 [INFO] 🔗 Components Wired: WS -> OI Tracker -> Prediction
22:37:16 [INFO] 🧟 Starte Zombie-Check: Vergleiche DB mit echten Positionen...
22:37:16 [INFO] 🔍 DB meldet 3 offene Trades. Prüfe Exchange...
22:37:16 [DEBUG] Sending GET https://api.starknet.extended.exchange/api/v1/user/positions?
22:37:16 [DEBUG] [lighter] Resubscribed 70/73 channels
22:37:16 [INFO] [lighter] Resubscribed to 73 channels
22:37:17 [DEBUG] ✅ KAITO-USD: X10=$441,631, Lighter=$1,836,784, Total=$2,278,415
22:37:17 [INFO] Lighter: Found 0 open positions
22:37:17 [INFO] 🌍 Echte Positionen auf Exchanges: []
22:37:17 [WARNING] ⚠️  ZOMBIE GEFUNDEN: 1000BONK-USD ist in DB offen, aber nicht auf Exchange. Schließe ihn...
22:37:17 [INFO] ✅ Trade 1000BONK-USD closed (PnL: $0.00)
22:37:17 [WARNING] ⚠️  ZOMBIE GEFUNDEN: HYPE-USD ist in DB offen, aber nicht auf Exchange. Schließe ihn...
22:37:17 [INFO] ✅ Trade HYPE-USD closed (PnL: $0.00)
22:37:17 [WARNING] ⚠️  ZOMBIE GEFUNDEN: RESOLV-USD ist in DB offen, aber nicht auf Exchange. Schließe ihn...
22:37:17 [INFO] ✅ Trade RESOLV-USD closed (PnL: $0.00)
22:37:17 [INFO] 🧟 Reverse Ghost Check: Suche Positionen auf Exchange ohne DB Entry...
22:37:17 [DEBUG] Sending GET https://api.starknet.extended.exchange/api/v1/user/positions?
22:37:17 [DEBUG] 📝 Flushed 1 writes
22:37:17 [DEBUG] 📝 Flushed 1 writes in 16.0ms
22:37:18 [INFO] Lighter: Found 0 open positions
22:37:18 [INFO] ✅ No orphaned positions found
22:37:18 [INFO] ✅ ParallelExecutionManager: Rollback processor started
22:37:18 [INFO] ✅ ParallelExecutionManager started
22:37:18 [DEBUG] Registered task: logic_loop (priority=HIGH)
22:37:18 [DEBUG] Registered task: trade_management_loop (priority=HIGH)
22:37:18 [DEBUG] Registered task: farm_loop (priority=NORMAL)
22:37:18 [DEBUG] Registered task: maintenance_loop (priority=LOW)
22:37:18 [DEBUG] Registered task: cleanup_finished_tasks (priority=LOW)
22:37:18 [DEBUG] Registered task: health_reporter (priority=LOW)
22:37:18 [DEBUG] Registered task: connection_watchdog (priority=CRITICAL)
22:37:18 [INFO] ═══════════════════════════════════════════════════════════
22:37:18 [INFO]    BOT V5 RUNNING 24/7 - SUPERVISED | Ctrl+C = Stop   
22:37:18 [INFO] ═══════════════════════════════════════════════════════════
22:37:18 [INFO] 🚀 BotEventLoop starting...
22:37:18 [INFO] ▶️ Started task: connection_watchdog
22:37:18 [INFO] ▶️ Started task: logic_loop
22:37:18 [INFO] ▶️ Started task: trade_management_loop
22:37:18 [INFO] ▶️ Started task: farm_loop
22:37:18 [INFO] ▶️ Started task: maintenance_loop
22:37:18 [INFO] ▶️ Started task: cleanup_finished_tasks
22:37:18 [INFO] ▶️ Started task: health_reporter
22:37:18 [INFO] ✅ Started 7 tasks
22:37:18 [INFO] 🔄 Rollback processor running...
22:37:18 [INFO] 🐕 Connection Watchdog gestartet (Timeout: 120s)
22:37:18 [INFO] Logic Loop gestartet – REFRESH alle 3s
22:37:18 [INFO] ⚡ Latency Arb Detector initialized (threshold: 5.0s)
22:37:18 [INFO] 🔍 🚜 FARM Scanning 68 pairs. Open symbols to skip: set()
22:37:18 [DEBUG] Price cache status: X10=68/68, Lighter=67/68
22:37:18 [INFO] 🔍 Scanning 68 pairs. Lighter markets: 116, X10 markets: 91
22:37:18 [INFO] 🛡️ Trade Management Loop gestartet
22:37:18 [INFO] 🚜 Farm Mode ACTIVE
22:37:18 [DEBUG] Sending GET https://api.starknet.extended.exchange/api/v1/user/balance
22:37:18 [DEBUG] 📊 X10 Funding Cache refresh (current=91)
22:37:18 [DEBUG] Sending GET https://api.starknet.extended.exchange/api/v1/info/markets?
22:37:18 [DEBUG] MKR-USD: Missing prices (X=1663.9, L=None)
22:37:18 [DEBUG] [x10_trades] Firehose stream - no subscription needed
22:37:18 [DEBUG] [x10_funding] Firehose stream - no subscription needed
22:37:18 [DEBUG] ✅ WIF-USD: X10=$160,755, Lighter=$2,919,986, Total=$3,080,741
22:37:18 [INFO] ⚠️ No prediction opportunities, using fallback logic...
22:37:18 [INFO]  Volatility Monitor initialized: Low<3.0%, Normal<10.0%, High<20.0%, Hard Cap<50.0%
22:37:18 [INFO] 🔍 DEBUG OP-USD: rl=-0.00005700, rx=0.00000400, net=-0.00006100, apy=53.4%
22:37:18 [INFO] 💎 OP-USD | APY: 53.4%
22:37:18 [INFO] 🔍 DEBUG EDEN-USD: rl=0.00001200, rx=-0.00006400, net=0.00007600, apy=66.6%
22:37:18 [INFO] 💎 EDEN-USD | APY: 66.6%
22:37:18 [DEBUG] ⛔ Skip XAU-USD: TradFi/FX
22:37:18 [INFO] 🔍 DEBUG ZORA-USD: rl=-0.00009800, rx=-0.00001900, net=-0.00007900, apy=69.2%
22:37:18 [INFO] 💎 ZORA-USD | APY: 69.2%
22:37:18 [DEBUG] ⛔ Skip SPX-USD: TradFi/FX
22:37:18 [INFO] 🔍 DEBUG RESOLV-USD: rl=0.00001200, rx=-0.00007900, net=0.00009100, apy=79.7%
22:37:18 [INFO] 💎 RESOLV-USD | APY: 79.7%
22:37:18 [INFO] 🔍 DEBUG IP-USD: rl=-0.00007000, rx=0.00001300, net=-0.00008300, apy=72.7%
22:37:18 [INFO] 💎 IP-USD | APY: 72.7%
22:37:18 [DEBUG] Skip APEX-USD: Spread 0.43% too high
22:37:18 [DEBUG] ⛔ Skip XAG-USD: TradFi/FX
22:37:18 [INFO] ✅ Found 32 opportunities from 64 valid pairs (farm_mode=True, scanned=68)
22:37:18 [INFO] 🎯 Found 3 opportunities, executing best...
22:37:18 [DEBUG] Sending GET https://api.starknet.extended.exchange/api/v1/user/balance
22:37:19 [DEBUG] Lighter Balance: Raw=$292.73, Safe=$278.10
22:37:19 [INFO] 🚜 Opening FARM: AVAX-USD APY=18.4%
22:37:19 [DEBUG] Sending GET https://api.starknet.extended.exchange/api/v1/user/positions?
22:37:19 [DEBUG] 📝 Flushed 1 writes in 0.0ms
22:37:19 [DEBUG] Lighter Balance: Raw=$292.73, Safe=$278.10
22:37:19 [INFO] X10: Detected balance = $298.36
22:37:19 [INFO] 🚀 Launching 2 trades (Slots available: 2)
22:37:19 [DEBUG] Sending GET https://api.starknet.extended.exchange/api/v1/user/positions?
22:37:20 [INFO] Lighter: Found 0 open positions
22:37:20 [DEBUG] ✅ AVAX-USD verified: No existing positions on exchanges
22:37:20 [DEBUG] ⚠️ BTC DUMP: Reduced prediction for AVAX-USD by factor 0.5
22:37:20 [DEBUG] 🧠 AVAX-USD: Prediction conf=0.40, delta=0.000008
22:37:20 [DEBUG] MIN_NOTIONAL AVAX-USD: min_base=0.50000000 coins, price=$14.7216, min_qty_usd=$7.36, min_notional_api=$10.00, final=$11.00
22:37:20 [DEBUG] Sending GET https://api.starknet.extended.exchange/api/v1/user/balance
22:37:20 [INFO] 🎲 KellyPositionSizer initialized (Safety=0.25, MaxFraction=0.1)
22:37:20 [INFO] 🎰 KELLY AVAX-USD: win_rate=60.0%, kelly_fraction=0.2000, safe_fraction=0.0250, confidence=LOW, samples=0
22:37:20 [INFO] 📊 KELLY SIZE AVAX-USD: base=$30.0, kelly_recommended=$7.0, final=$30.0
22:37:20 [INFO] 🚀 Opening AVAX-USD: Size=$30.0 (Min=$15.4)
22:37:20 [INFO] 🔄 [PARALLEL] AVAX-USD: Lighter POST-ONLY first
22:37:20 [INFO] 🚀 LIGHTER OPEN AVAX-USD: side=SELL, size_usd=$30.00, price=$14.721600
22:37:20 [DEBUG] 🔍 DEBUG: AVAX-USD market_id = 9 (raw=9, type=<class 'int'>)
22:37:20 [DEBUG] QUANTIZE AVAX-USD: USD=30.00, coins=2.037822, raw=204, lot_size=50, final=200
22:37:20 [INFO] 🔄 [PARALLEL] AVAX-USD: X10 MARKET order
22:37:20 [DEBUG] Create Order Tx Info: {"AccountIndex":60113,"ApiKeyIndex":3,"MarketIndex":9,"ClientOrderIndex":1764797873757,"BaseAmount":200,"Price":146332,"IsAsk":1,"Type":0,"TimeInForce":1,"ReduceOnly":0,"TriggerPrice":0,"OrderExpiry":1767217040458,"ExpiredAt":1764798439458,"Nonce":2396,"Sig":"5pR8wA/UD3LMl3EUeRTiWUSLcxTb8bLnoh9wIje3ESLybdMtWAYNVB8azY6mSc0W/nsLcyooeMJRQ3fxQD+F17yfzwiChc/5kemj66kGqFw="}
22:37:20 [INFO] Lighter: Found 0 open positions
22:37:20 [INFO] 💰 Balance: X10=$298.4 (free=$263.9), Lit=$278.1 (free=$243.6) | DB_Trades=0, Real_Positions=0, Locked=$0/ex
22:37:20 [INFO] 🚀 Launching trade for RESOLV-USD (APY=79.7%)
22:37:20 [DEBUG] Sending GET https://api.starknet.extended.exchange/api/v1/info/markets?
22:37:20 [DEBUG] Sending GET https://api.starknet.extended.exchange/api/v1/user/positions?
22:37:20 [INFO]  X10: 91 Märkte geladen, 91 Funding Rates, 82 Preise
22:37:20 [DEBUG] X10: Funding Refresh OK, cache=91
22:37:20 [DEBUG] 📊 Lighter Funding Cache refresh (current=116)
22:37:20 [DEBUG] 📝 Flushed 2 writes
22:37:20 [DEBUG] 📝 Flushed 1 writes in 0.0ms
22:37:20 [DEBUG] Lighter: Loaded 383 funding rates
22:37:20 [DEBUG] Placing an order: id=889202974619361407100819977046167982919034470267025445306875081478196998518
22:37:21 [DEBUG] Sending POST https://api.starknet.extended.exchange/api/v1/user/order, headers={<RequestHeader.ACCEPT: 'Accept'>: 'application/json', <RequestHeader.CONTENT_TYPE: 'Content-Type'>: 'application/json', <RequestHeader.USER_AGENT: 'User-Agent'>: 'X10PythonTradingClient/0.0.17', <RequestHeader.API_KEY: 'X-Api-Key'>: 'a1c9207f79f0e57ddc454bf1e16dbe49'}
22:37:21 [INFO] 🚀 Launching trade for IP-USD (APY=72.7%)
22:37:21 [DEBUG] Sending GET https://api.starknet.extended.exchange/api/v1/user/positions?
22:37:21 [INFO] Lighter: Found 0 open positions
22:37:21 [DEBUG] ✅ RESOLV-USD verified: No existing positions on exchanges
22:37:21 [DEBUG] ⚠️ BTC DUMP: Reduced prediction for RESOLV-USD by factor 0.5
22:37:21 [DEBUG] 🧠 RESOLV-USD: Prediction conf=0.40, delta=-0.000077
22:37:21 [DEBUG] MIN_NOTIONAL RESOLV-USD: min_base=40.00000000 coins, price=$0.0773, min_qty_usd=$3.09, min_notional_api=$10.00, final=$11.00
22:37:21 [DEBUG] Sending GET https://api.starknet.extended.exchange/api/v1/user/balance
22:37:21 [DEBUG] ✅ AVAX-USD: X10=$631,295, Lighter=$277,732, Total=$909,027
22:37:21 [DEBUG] Create Order Send Tx Response: code=200 message='{"ratelimit": "didn\'t use volume quota"}' tx_hash='bd8760a3eaec9a9abf3e01bc8ca385580f994360f6633b7e351da994203fb62c39c8e621fc918c92' predicted_execution_time_ms=1764797832089 additional_properties={}
22:37:21 [INFO] Lighter Order: bd8760a3eaec9a9abf3e01bc8ca385580f994360f6633b7e351da994203fb62c39c8e621fc918c92
22:37:21 [INFO] ✅ Launched 2 trade tasks this cycle
22:37:21 [DEBUG] Lighter: Loaded 115 prices via REST
22:37:21 [DEBUG] Lighter: Funding Refresh OK, cache=116
22:37:21 [DEBUG] 📊 OI→Pred ASTER-USD: OI=$13,610,575, Velocity=0.00, Trend=UNKNOWN
22:37:21 [DEBUG] 📊 OI→Pred KAITO-USD: OI=$2,278,415, Velocity=0.00, Trend=UNKNOWN
22:37:21 [DEBUG] 📊 OI→Pred WIF-USD: OI=$3,080,741, Velocity=0.00, Trend=UNKNOWN
22:37:21 [DEBUG] 📊 OI→Pred AVAX-USD: OI=$909,027, Velocity=0.00, Trend=UNKNOWN
22:37:21 [INFO] 🔍 Running periodic exchange sync check...
22:37:21 [INFO] 🔍 Starting Exchange Sync Check...
22:37:21 [DEBUG] Sending GET https://api.starknet.extended.exchange/api/v1/user/positions?
22:37:21 [INFO] Lighter: Found 0 open positions
22:37:21 [DEBUG] ✅ IP-USD verified: No existing positions on exchanges
22:37:21 [DEBUG] ⚠️ BTC DUMP: Reduced prediction for IP-USD by factor 0.5
22:37:21 [DEBUG] 🧠 IP-USD: Prediction conf=0.40, delta=0.000050
22:37:21 [DEBUG] MIN_NOTIONAL IP-USD: min_base=2.00000000 coins, price=$2.3630, min_qty_usd=$4.73, min_notional_api=$10.00, final=$11.00
22:37:22 [INFO]  X10 Order: 1996332917937238016
22:37:22 [INFO] ✅ [PARALLEL] AVAX-USD: Both legs filled in 1594ms
22:37:22 [DEBUG] 📝 Trade added to state: AVAX-USD
22:37:22 [INFO] 💰 FeeManager initialized (Dynamic Fees: ENABLED)
22:37:22 [DEBUG] FeeManager: X10 schedule is None, using fallback: 0.000225
22:37:22 [INFO] ✅ OPENED AVAX-USD: $30.00 | Entry Fees: $0.0067
22:37:22 [DEBUG] 📝 Flushed 1 writes
22:37:22 [DEBUG] 📝 Flushed 1 writes in 16.0ms
22:37:22 [DEBUG] Fetching fresh positions (force=False, cache_age=1764797842.5s)
22:37:22 [DEBUG] Sending GET https://api.starknet.extended.exchange/api/v1/user/positions?
22:37:22 [INFO] Lighter: Found 1 open positions
22:37:22 [INFO] 🔒 Skipping sync check for AVAX-USD (Execution in progress)
22:37:22 [INFO] Lighter: Found 1 open positions
22:37:22 [INFO] 📊 Positions: X10=1, Lighter=1
22:37:22 [DEBUG] X10 positions: ['AVAX-USD']
22:37:22 [DEBUG] Lighter positions: ['AVAX-USD']
22:37:22 [INFO] 🔍 DEBUG AVAX-USD: entry_time type=<class 'str'>, value=2025-12-03T21:37:22.031350+00:00
22:37:22 [DEBUG] Check AVAX-USD: Age=0.9s (Limit=2700s)
22:37:22 [DEBUG] FeeManager: X10 schedule is None, using fallback: 0.0
22:37:22 [DEBUG] FeeManager: X10 schedule is None, using fallback: 0.000225
22:37:22 [INFO] 🔍 FeeManager Stats: enabled=True, X10(source=config, maker=0.000000, taker=0.000225), Lighter(source=config, maker=0.000000, taker=0.000000)
22:37:22 [DEBUG] FeeManager: X10 schedule is None, using fallback: 0.000225
22:37:22 [DEBUG] FeeManager: X10 schedule is None, using fallback: 0.000225
22:37:22 [DEBUG] FeeManager: X10 schedule is None, using fallback: 0.000225
22:37:22 [DEBUG] FeeManager: X10 schedule is None, using fallback: 0.000225
22:37:22 [DEBUG] Lighter Balance: Raw=$292.72, Safe=$278.08
22:37:22 [INFO] 🎰 KELLY RESOLV-USD: win_rate=60.0%, kelly_fraction=0.2000, safe_fraction=0.0300, confidence=LOW, samples=0
22:37:22 [INFO] 📊 KELLY SIZE RESOLV-USD: base=$30.0, kelly_recommended=$7.4, final=$30.0
22:37:22 [DEBUG] Sending GET https://api.starknet.extended.exchange/api/v1/user/balance
22:37:23 [DEBUG] ✅ STRK-USD: X10=$150,461, Lighter=$5,770,025, Total=$5,920,486
22:37:23 [INFO] 🎰 KELLY IP-USD: win_rate=60.0%, kelly_fraction=0.2000, safe_fraction=0.0300, confidence=LOW, samples=0
22:37:23 [INFO] 📊 KELLY SIZE IP-USD: base=$30.0, kelly_recommended=$7.4, final=$30.0
22:37:23 [DEBUG] 🧹 Cleaned task: AVAX-USD
22:37:23 [INFO] 🚀 Opening RESOLV-USD: Size=$30.0 (Min=$11.0)
22:37:23 [INFO] 🔄 [PARALLEL] RESOLV-USD: Lighter POST-ONLY first
22:37:23 [INFO] 🚀 Opening IP-USD: Size=$30.0 (Min=$24.8)
22:37:23 [INFO] 🔄 [PARALLEL] IP-USD: Lighter POST-ONLY first
22:37:23 [INFO] 🚀 LIGHTER OPEN RESOLV-USD: side=SELL, size_usd=$30.00, price=$0.077349
22:37:23 [DEBUG] 🔍 DEBUG: RESOLV-USD market_id = 51 (raw=51, type=<class 'int'>)
22:37:23 [DEBUG] QUANTIZE RESOLV-USD: USD=30.00, coins=387.852461, raw=388, lot_size=40, final=360
22:37:23 [INFO] 🔄 [PARALLEL] RESOLV-USD: X10 MARKET order
22:37:23 [INFO] 🔄 [PARALLEL] IP-USD: X10 MARKET order
22:37:23 [DEBUG] Create Order Tx Info: {"AccountIndex":60113,"ApiKeyIndex":3,"MarketIndex":51,"ClientOrderIndex":1764797854519,"BaseAmount":360,"Price":76884,"IsAsk":1,"Type":0,"TimeInForce":1,"ReduceOnly":0,"TriggerPrice":0,"OrderExpiry":1767217043255,"ExpiredAt":1764798442255,"Nonce":2397,"Sig":"2wgG/pVKzuNOitYDvJHCOqQOlGGkwcWarPzm1FsLpnEukq9m33gYAKB8OWTxqaxNTDRFME6v6h89cZ/ZdOmxkZmgdaeIHXh0ilwry4DyvAA="}
22:37:23 [INFO] 🚀 LIGHTER OPEN IP-USD: side=SELL, size_usd=$30.00, price=$2.363000
22:37:23 [DEBUG] 🔍 DEBUG: IP-USD market_id = 34 (raw=34, type=<class 'int'>)
22:37:23 [DEBUG] QUANTIZE IP-USD: USD=30.00, coins=12.695726, raw=1270, lot_size=200, final=1200
22:37:23 [DEBUG] Placing an order: id=2933860365390826239943634698112925371987992444450588675113203027156250456253
22:37:23 [DEBUG] Sending POST https://api.starknet.extended.exchange/api/v1/user/order, headers={<RequestHeader.ACCEPT: 'Accept'>: 'application/json', <RequestHeader.CONTENT_TYPE: 'Content-Type'>: 'application/json', <RequestHeader.USER_AGENT: 'User-Agent'>: 'X10PythonTradingClient/0.0.17', <RequestHeader.API_KEY: 'X-Api-Key'>: 'a1c9207f79f0e57ddc454bf1e16dbe49'}
22:37:23 [DEBUG] Create Order Tx Info: {"AccountIndex":60113,"ApiKeyIndex":3,"MarketIndex":34,"ClientOrderIndex":1764797934500,"BaseAmount":1200,"Price":23488,"IsAsk":1,"Type":0,"TimeInForce":1,"ReduceOnly":0,"TriggerPrice":0,"OrderExpiry":1767217043300,"ExpiredAt":1764798442300,"Nonce":2398,"Sig":"DzOkwKsB2CYN8OWk5rRw5Upps08AV2EbfBjI1XQZK1VzPYyAnGgdfxGcH3sc5Chl/tJB+nS3IXwA1nyyoL3z06bmdJ0dTKKavoJf+j7PaTg="}
22:37:23 [DEBUG] Placing an order: id=202353174923764493425110215484943121084236054621901808033988471577427365874
22:37:23 [DEBUG] Sending POST https://api.starknet.extended.exchange/api/v1/user/order, headers={<RequestHeader.ACCEPT: 'Accept'>: 'application/json', <RequestHeader.CONTENT_TYPE: 'Content-Type'>: 'application/json', <RequestHeader.USER_AGENT: 'User-Agent'>: 'X10PythonTradingClient/0.0.17', <RequestHeader.API_KEY: 'X-Api-Key'>: 'a1c9207f79f0e57ddc454bf1e16dbe49'}
22:37:23 [DEBUG] Create Order Send Tx Response: code=200 message='{"ratelimit": "didn\'t use volume quota"}' tx_hash='cc06cc016adae7f02c4afb2a954875428dcbfbb0a4cbba9663652fe8004b01d3539929a1316232d2' predicted_execution_time_ms=1764797834154 additional_properties={}
22:37:23 [INFO] Lighter Order: cc06cc016adae7f02c4afb2a954875428dcbfbb0a4cbba9663652fe8004b01d3539929a1316232d2
22:37:23 [INFO]  X10 Order: 1996332924224176128
22:37:23 [INFO] ✅ [PARALLEL] RESOLV-USD: Both legs filled in 297ms
22:37:23 [DEBUG] 📝 Trade added to state: RESOLV-USD
22:37:23 [DEBUG] FeeManager: X10 schedule is None, using fallback: 0.000225
22:37:23 [INFO] ✅ OPENED RESOLV-USD: $30.00 | Entry Fees: $0.0067
22:37:23 [DEBUG] 📝 Flushed 1 writes
22:37:23 [DEBUG] 📝 Flushed 1 writes in 0.0ms
22:37:23 [DEBUG] Create Order Send Tx Response: code=200 message='{"ratelimit": "didn\'t use volume quota"}' tx_hash='3f064257c1251941ca0029c4ca5580ba4e5bea13793564f452e1779ca3a30a8074fadda121a15c85' predicted_execution_time_ms=1764797834199 additional_properties={}
22:37:23 [INFO] Lighter Order: 3f064257c1251941ca0029c4ca5580ba4e5bea13793564f452e1779ca3a30a8074fadda121a15c85
22:37:23 [DEBUG] Using cached positions (age: 1.4s)
22:37:23 [INFO] 🔍 DEBUG RESOLV-USD: entry_time type=<class 'str'>, value=2025-12-03T21:37:23.530081+00:00
22:37:23 [DEBUG] Check RESOLV-USD: Age=0.4s (Limit=2700s)
22:37:23 [DEBUG] FeeManager: X10 schedule is None, using fallback: 0.0
22:37:23 [DEBUG] FeeManager: X10 schedule is None, using fallback: 0.000225
22:37:23 [INFO] 🔍 FeeManager Stats: enabled=True, X10(source=config, maker=0.000000, taker=0.000225), Lighter(source=config, maker=0.000000, taker=0.000000)
22:37:23 [DEBUG] FeeManager: X10 schedule is None, using fallback: 0.000225
22:37:23 [DEBUG] FeeManager: X10 schedule is None, using fallback: 0.000225
22:37:23 [DEBUG] FeeManager: X10 schedule is None, using fallback: 0.000225
22:37:23 [DEBUG] FeeManager: X10 schedule is None, using fallback: 0.000225
22:37:23 [INFO] 🔍 DEBUG AVAX-USD: entry_time type=<class 'str'>, value=2025-12-03T21:37:22.031350+00:00
22:37:23 [DEBUG] Check AVAX-USD: Age=1.9s (Limit=2700s)
22:37:23 [DEBUG] FeeManager: X10 schedule is None, using fallback: 0.0
22:37:23 [DEBUG] FeeManager: X10 schedule is None, using fallback: 0.000225
22:37:23 [INFO] 🔍 FeeManager Stats: enabled=True, X10(source=config, maker=0.000000, taker=0.000225), Lighter(source=config, maker=0.000000, taker=0.000000)
22:37:23 [DEBUG] FeeManager: X10 schedule is None, using fallback: 0.000225
22:37:23 [DEBUG] FeeManager: X10 schedule is None, using fallback: 0.000225
22:37:23 [DEBUG] FeeManager: X10 schedule is None, using fallback: 0.000225
22:37:23 [DEBUG] FeeManager: X10 schedule is None, using fallback: 0.000225
22:37:24 [INFO]  X10 Order: 1996332927840653312
22:37:24 [INFO] ✅ [PARALLEL] IP-USD: Both legs filled in 1157ms
22:37:24 [DEBUG] 📝 Trade added to state: IP-USD
22:37:24 [DEBUG] FeeManager: X10 schedule is None, using fallback: 0.000225
22:37:24 [INFO] ✅ OPENED IP-USD: $30.00 | Entry Fees: $0.0067
22:37:24 [DEBUG] MAX_OPEN_TRADES (3) reached, waiting...
22:37:24 [DEBUG] Using cached positions (age: 2.4s)
22:37:24 [INFO] 🔍 DEBUG RESOLV-USD: entry_time type=<class 'str'>, value=2025-12-03T21:37:23.530081+00:00
22:37:24 [DEBUG] Check RESOLV-USD: Age=1.3s (Limit=2700s)
22:37:24 [DEBUG] FeeManager: X10 schedule is None, using fallback: 0.0
22:37:24 [DEBUG] FeeManager: X10 schedule is None, using fallback: 0.000225
22:37:24 [INFO] 🔍 FeeManager Stats: enabled=True, X10(source=config, maker=0.000000, taker=0.000225), Lighter(source=config, maker=0.000000, taker=0.000000)
22:37:24 [DEBUG] FeeManager: X10 schedule is None, using fallback: 0.000225
22:37:24 [DEBUG] FeeManager: X10 schedule is None, using fallback: 0.000225
22:37:24 [DEBUG] FeeManager: X10 schedule is None, using fallback: 0.000225
22:37:24 [DEBUG] FeeManager: X10 schedule is None, using fallback: 0.000225
22:37:24 [INFO] 🔍 DEBUG AVAX-USD: entry_time type=<class 'str'>, value=2025-12-03T21:37:22.031350+00:00
22:37:24 [DEBUG] Check AVAX-USD: Age=2.9s (Limit=2700s)
22:37:24 [DEBUG] FeeManager: X10 schedule is None, using fallback: 0.0
22:37:24 [DEBUG] FeeManager: X10 schedule is None, using fallback: 0.000225
22:37:24 [INFO] 🔍 FeeManager Stats: enabled=True, X10(source=config, maker=0.000000, taker=0.000225), Lighter(source=config, maker=0.000000, taker=0.000000)
22:37:24 [DEBUG] FeeManager: X10 schedule is None, using fallback: 0.000225
22:37:24 [DEBUG] FeeManager: X10 schedule is None, using fallback: 0.000225
22:37:24 [DEBUG] FeeManager: X10 schedule is None, using fallback: 0.000225
22:37:24 [DEBUG] FeeManager: X10 schedule is None, using fallback: 0.000225
22:37:24 [INFO] 🔍 DEBUG IP-USD: entry_time type=<class 'str'>, value=2025-12-03T21:37:24.388721+00:00
22:37:24 [DEBUG] Check IP-USD: Age=0.5s (Limit=2700s)
22:37:24 [DEBUG] FeeManager: X10 schedule is None, using fallback: 0.0
22:37:24 [DEBUG] FeeManager: X10 schedule is None, using fallback: 0.000225
22:37:24 [INFO] 🔍 FeeManager Stats: enabled=True, X10(source=config, maker=0.000000, taker=0.000225), Lighter(source=config, maker=0.000000, taker=0.000000)
22:37:24 [DEBUG] FeeManager: X10 schedule is None, using fallback: 0.000225
22:37:24 [DEBUG] FeeManager: X10 schedule is None, using fallback: 0.000225
22:37:24 [DEBUG] FeeManager: X10 schedule is None, using fallback: 0.000225
22:37:24 [DEBUG] FeeManager: X10 schedule is None, using fallback: 0.000225
22:37:25 [DEBUG] 📝 Flushed 1 writes
22:37:25 [DEBUG] 📝 Flushed 1 writes in 0.0ms
22:37:25 [DEBUG] 💓 [lighter] Alive (uptime=10s, last_msg=0s ago, msgs=14645)
22:37:25 [DEBUG] 💓 [x10_trades] Alive (uptime=10s, last_msg=0s ago, msgs=41)
22:37:25 [DEBUG] 💓 [x10_account] Alive (uptime=10s, last_msg=1s ago, msgs=18)
22:37:25 [DEBUG] Using cached positions (age: 3.4s)
22:37:25 [INFO] 🔍 DEBUG RESOLV-USD: entry_time type=<class 'str'>, value=2025-12-03T21:37:23.530081+00:00
22:37:25 [DEBUG] Check RESOLV-USD: Age=2.4s (Limit=2700s)
22:37:25 [DEBUG] FeeManager: X10 schedule is None, using fallback: 0.0
22:37:25 [DEBUG] FeeManager: X10 schedule is None, using fallback: 0.000225
22:37:25 [INFO] 🔍 FeeManager Stats: enabled=True, X10(source=config, maker=0.000000, taker=0.000225), Lighter(source=config, maker=0.000000, taker=0.000000)
22:37:25 [DEBUG] FeeManager: X10 schedule is None, using fallback: 0.000225
22:37:25 [DEBUG] FeeManager: X10 schedule is None, using fallback: 0.000225
22:37:25 [DEBUG] FeeManager: X10 schedule is None, using fallback: 0.000225
22:37:25 [DEBUG] FeeManager: X10 schedule is None, using fallback: 0.000225
22:37:25 [INFO] 🔍 DEBUG AVAX-USD: entry_time type=<class 'str'>, value=2025-12-03T21:37:22.031350+00:00
22:37:25 [DEBUG] Check AVAX-USD: Age=3.9s (Limit=2700s)
22:37:25 [DEBUG] FeeManager: X10 schedule is None, using fallback: 0.0
22:37:25 [DEBUG] FeeManager: X10 schedule is None, using fallback: 0.000225
22:37:25 [INFO] 🔍 FeeManager Stats: enabled=True, X10(source=config, maker=0.000000, taker=0.000225), Lighter(source=config, maker=0.000000, taker=0.000000)
22:37:25 [DEBUG] FeeManager: X10 schedule is None, using fallback: 0.000225
22:37:25 [DEBUG] FeeManager: X10 schedule is None, using fallback: 0.000225
22:37:25 [DEBUG] FeeManager: X10 schedule is None, using fallback: 0.000225
22:37:25 [DEBUG] FeeManager: X10 schedule is None, using fallback: 0.000225
22:37:25 [INFO] 🔍 DEBUG IP-USD: entry_time type=<class 'str'>, value=2025-12-03T21:37:24.388721+00:00
22:37:25 [DEBUG] Check IP-USD: Age=1.5s (Limit=2700s)
22:37:25 [DEBUG] FeeManager: X10 schedule is None, using fallback: 0.0
22:37:25 [DEBUG] FeeManager: X10 schedule is None, using fallback: 0.000225
22:37:25 [INFO] 🔍 FeeManager Stats: enabled=True, X10(source=config, maker=0.000000, taker=0.000225), Lighter(source=config, maker=0.000000, taker=0.000000)
22:37:25 [DEBUG] FeeManager: X10 schedule is None, using fallback: 0.000225
22:37:25 [DEBUG] FeeManager: X10 schedule is None, using fallback: 0.000225
22:37:25 [DEBUG] FeeManager: X10 schedule is None, using fallback: 0.000225
22:37:25 [DEBUG] FeeManager: X10 schedule is None, using fallback: 0.000225
22:37:26 [DEBUG] ✅ ONDO-USD: X10=$95,811, Lighter=$3,362,856, Total=$3,458,666
22:37:26 [DEBUG] Using cached positions (age: 4.4s)
22:37:26 [INFO] 🔍 DEBUG RESOLV-USD: entry_time type=<class 'str'>, value=2025-12-03T21:37:23.530081+00:00
22:37:26 [DEBUG] Check RESOLV-USD: Age=3.3s (Limit=2700s)
22:37:26 [DEBUG] FeeManager: X10 schedule is None, using fallback: 0.0
22:37:26 [DEBUG] FeeManager: X10 schedule is None, using fallback: 0.000225
22:37:26 [INFO] 🔍 FeeManager Stats: enabled=True, X10(source=config, maker=0.000000, taker=0.000225), Lighter(source=config, maker=0.000000, taker=0.000000)
22:37:26 [DEBUG] FeeManager: X10 schedule is None, using fallback: 0.000225
22:37:26 [DEBUG] FeeManager: X10 schedule is None, using fallback: 0.000225
22:37:26 [DEBUG] FeeManager: X10 schedule is None, using fallback: 0.000225
22:37:26 [DEBUG] FeeManager: X10 schedule is None, using fallback: 0.000225
22:37:26 [INFO] 🔍 DEBUG AVAX-USD: entry_time type=<class 'str'>, value=2025-12-03T21:37:22.031350+00:00
22:37:26 [DEBUG] Check AVAX-USD: Age=4.9s (Limit=2700s)
22:37:26 [DEBUG] FeeManager: X10 schedule is None, using fallback: 0.0
22:37:26 [DEBUG] FeeManager: X10 schedule is None, using fallback: 0.000225
22:37:26 [INFO] 🔍 FeeManager Stats: enabled=True, X10(source=config, maker=0.000000, taker=0.000225), Lighter(source=config, maker=0.000000, taker=0.000000)
22:37:26 [DEBUG] FeeManager: X10 schedule is None, using fallback: 0.000225
22:37:26 [DEBUG] FeeManager: X10 schedule is None, using fallback: 0.000225
22:37:26 [DEBUG] FeeManager: X10 schedule is None, using fallback: 0.000225
22:37:26 [DEBUG] FeeManager: X10 schedule is None, using fallback: 0.000225
22:37:26 [INFO] 🔍 DEBUG IP-USD: entry_time type=<class 'str'>, value=2025-12-03T21:37:24.388721+00:00
22:37:26 [DEBUG] Check IP-USD: Age=2.5s (Limit=2700s)
22:37:26 [DEBUG] FeeManager: X10 schedule is None, using fallback: 0.0
22:37:26 [DEBUG] FeeManager: X10 schedule is None, using fallback: 0.000225
22:37:26 [INFO] 🔍 FeeManager Stats: enabled=True, X10(source=config, maker=0.000000, taker=0.000225), Lighter(source=config, maker=0.000000, taker=0.000000)
22:37:26 [DEBUG] FeeManager: X10 schedule is None, using fallback: 0.000225
22:37:26 [DEBUG] FeeManager: X10 schedule is None, using fallback: 0.000225
22:37:26 [DEBUG] FeeManager: X10 schedule is None, using fallback: 0.000225
22:37:26 [DEBUG] FeeManager: X10 schedule is None, using fallback: 0.000225
22:37:27 [DEBUG] MAX_OPEN_TRADES (3) reached, waiting...
22:37:27 [DEBUG] Fetching fresh positions (force=False, cache_age=5.4s)
22:37:27 [DEBUG] Sending GET https://api.starknet.extended.exchange/api/v1/user/positions?
22:37:28 [INFO] Lighter: Found 3 open positions
22:37:28 [INFO] 📊 Positions: X10=3, Lighter=3
22:37:28 [DEBUG] X10 positions: ['AVAX-USD', 'RESOLV-USD', 'IP-USD']
22:37:28 [DEBUG] Lighter positions: ['AVAX-USD', 'IP-USD', 'RESOLV-USD']
22:37:28 [INFO] 🔍 DEBUG RESOLV-USD: entry_time type=<class 'str'>, value=2025-12-03T21:37:23.530081+00:00
22:37:28 [DEBUG] Check RESOLV-USD: Age=4.8s (Limit=2700s)
22:37:28 [DEBUG] FeeManager: X10 schedule is None, using fallback: 0.0
22:37:28 [DEBUG] FeeManager: X10 schedule is None, using fallback: 0.000225
22:37:28 [INFO] 🔍 FeeManager Stats: enabled=True, X10(source=config, maker=0.000000, taker=0.000225), Lighter(source=config, maker=0.000000, taker=0.000000)
22:37:28 [DEBUG] FeeManager: X10 schedule is None, using fallback: 0.000225
22:37:28 [DEBUG] FeeManager: X10 schedule is None, using fallback: 0.000225
22:37:28 [DEBUG] FeeManager: X10 schedule is None, using fallback: 0.000225
22:37:28 [DEBUG] FeeManager: X10 schedule is None, using fallback: 0.000225
22:37:28 [INFO] 🔍 DEBUG AVAX-USD: entry_time type=<class 'str'>, value=2025-12-03T21:37:22.031350+00:00
22:37:28 [DEBUG] Check AVAX-USD: Age=6.3s (Limit=2700s)
22:37:28 [DEBUG] FeeManager: X10 schedule is None, using fallback: 0.0
22:37:28 [DEBUG] FeeManager: X10 schedule is None, using fallback: 0.000225
22:37:28 [INFO] 🔍 FeeManager Stats: enabled=True, X10(source=config, maker=0.000000, taker=0.000225), Lighter(source=config, maker=0.000000, taker=0.000000)
22:37:28 [DEBUG] FeeManager: X10 schedule is None, using fallback: 0.000225
22:37:28 [DEBUG] FeeManager: X10 schedule is None, using fallback: 0.000225
22:37:28 [DEBUG] FeeManager: X10 schedule is None, using fallback: 0.000225
22:37:28 [DEBUG] FeeManager: X10 schedule is None, using fallback: 0.000225
22:37:28 [INFO] 🔍 DEBUG IP-USD: entry_time type=<class 'str'>, value=2025-12-03T21:37:24.388721+00:00
22:37:28 [DEBUG] Check IP-USD: Age=3.9s (Limit=2700s)
22:37:28 [DEBUG] FeeManager: X10 schedule is None, using fallback: 0.0
22:37:28 [DEBUG] FeeManager: X10 schedule is None, using fallback: 0.000225
22:37:28 [INFO] 🔍 FeeManager Stats: enabled=True, X10(source=config, maker=0.000000, taker=0.000225), Lighter(source=config, maker=0.000000, taker=0.000000)
22:37:28 [DEBUG] FeeManager: X10 schedule is None, using fallback: 0.000225
22:37:28 [DEBUG] FeeManager: X10 schedule is None, using fallback: 0.000225
22:37:28 [DEBUG] FeeManager: X10 schedule is None, using fallback: 0.000225
22:37:28 [DEBUG] FeeManager: X10 schedule is None, using fallback: 0.000225
22:37:28 [DEBUG] ✅ ARB-USD: X10=$134,575, Lighter=$9,364,241, Total=$9,498,816
22:37:29 [DEBUG] Using cached positions (age: 1.5s)
22:37:29 [INFO] 🔍 DEBUG RESOLV-USD: entry_time type=<class 'str'>, value=2025-12-03T21:37:23.530081+00:00
22:37:29 [DEBUG] Check RESOLV-USD: Age=5.8s (Limit=2700s)
22:37:29 [DEBUG] FeeManager: X10 schedule is None, using fallback: 0.0
22:37:29 [DEBUG] FeeManager: X10 schedule is None, using fallback: 0.000225
22:37:29 [INFO] 🔍 FeeManager Stats: enabled=True, X10(source=config, maker=0.000000, taker=0.000225), Lighter(source=config, maker=0.000000, taker=0.000000)
22:37:29 [DEBUG] FeeManager: X10 schedule is None, using fallback: 0.000225
22:37:29 [DEBUG] FeeManager: X10 schedule is None, using fallback: 0.000225
22:37:29 [DEBUG] FeeManager: X10 schedule is None, using fallback: 0.000225
22:37:29 [DEBUG] FeeManager: X10 schedule is None, using fallback: 0.000225
22:37:29 [INFO] 🔍 DEBUG AVAX-USD: entry_time type=<class 'str'>, value=2025-12-03T21:37:22.031350+00:00
22:37:29 [DEBUG] Check AVAX-USD: Age=7.3s (Limit=2700s)
22:37:29 [DEBUG] FeeManager: X10 schedule is None, using fallback: 0.0
22:37:29 [DEBUG] FeeManager: X10 schedule is None, using fallback: 0.000225
22:37:29 [INFO] 🔍 FeeManager Stats: enabled=True, X10(source=config, maker=0.000000, taker=0.000225), Lighter(source=config, maker=0.000000, taker=0.000000)
22:37:29 [DEBUG] FeeManager: X10 schedule is None, using fallback: 0.000225
22:37:29 [DEBUG] FeeManager: X10 schedule is None, using fallback: 0.000225
22:37:29 [DEBUG] FeeManager: X10 schedule is None, using fallback: 0.000225
22:37:29 [DEBUG] FeeManager: X10 schedule is None, using fallback: 0.000225
22:37:29 [INFO] 🔍 DEBUG IP-USD: entry_time type=<class 'str'>, value=2025-12-03T21:37:24.388721+00:00
22:37:29 [DEBUG] Check IP-USD: Age=5.0s (Limit=2700s)
22:37:29 [DEBUG] FeeManager: X10 schedule is None, using fallback: 0.0
22:37:29 [DEBUG] FeeManager: X10 schedule is None, using fallback: 0.000225
22:37:29 [INFO] 🔍 FeeManager Stats: enabled=True, X10(source=config, maker=0.000000, taker=0.000225), Lighter(source=config, maker=0.000000, taker=0.000000)
22:37:29 [DEBUG] FeeManager: X10 schedule is None, using fallback: 0.000225
22:37:29 [DEBUG] FeeManager: X10 schedule is None, using fallback: 0.000225
22:37:29 [DEBUG] FeeManager: X10 schedule is None, using fallback: 0.000225
22:37:29 [DEBUG] FeeManager: X10 schedule is None, using fallback: 0.000225
22:37:30 [DEBUG] ✅ OP-USD: X10=$469,763, Lighter=$4,299,216, Total=$4,768,979
22:37:30 [DEBUG] Using cached positions (age: 2.5s)
22:37:30 [INFO] 🔍 DEBUG RESOLV-USD: entry_time type=<class 'str'>, value=2025-12-03T21:37:23.530081+00:00
22:37:30 [DEBUG] Check RESOLV-USD: Age=6.8s (Limit=2700s)
22:37:30 [DEBUG] FeeManager: X10 schedule is None, using fallback: 0.0
22:37:30 [DEBUG] FeeManager: X10 schedule is None, using fallback: 0.000225
22:37:30 [INFO] 🔍 FeeManager Stats: enabled=True, X10(source=config, maker=0.000000, taker=0.000225), Lighter(source=config, maker=0.000000, taker=0.000000)
22:37:30 [DEBUG] FeeManager: X10 schedule is None, using fallback: 0.000225
22:37:30 [DEBUG] FeeManager: X10 schedule is None, using fallback: 0.000225
22:37:30 [DEBUG] FeeManager: X10 schedule is None, using fallback: 0.000225
22:37:30 [DEBUG] FeeManager: X10 schedule is None, using fallback: 0.000225
22:37:30 [INFO] 🔍 DEBUG AVAX-USD: entry_time type=<class 'str'>, value=2025-12-03T21:37:22.031350+00:00
22:37:30 [DEBUG] Check AVAX-USD: Age=8.3s (Limit=2700s)
22:37:30 [DEBUG] FeeManager: X10 schedule is None, using fallback: 0.0
22:37:30 [DEBUG] FeeManager: X10 schedule is None, using fallback: 0.000225
22:37:30 [INFO] 🔍 FeeManager Stats: enabled=True, X10(source=config, maker=0.000000, taker=0.000225), Lighter(source=config, maker=0.000000, taker=0.000000)
22:37:30 [DEBUG] FeeManager: X10 schedule is None, using fallback: 0.000225
22:37:30 [DEBUG] FeeManager: X10 schedule is None, using fallback: 0.000225
22:37:30 [DEBUG] FeeManager: X10 schedule is None, using fallback: 0.000225
22:37:30 [DEBUG] FeeManager: X10 schedule is None, using fallback: 0.000225
22:37:30 [INFO] 🔍 DEBUG IP-USD: entry_time type=<class 'str'>, value=2025-12-03T21:37:24.388721+00:00
22:37:30 [DEBUG] Check IP-USD: Age=6.0s (Limit=2700s)
22:37:30 [DEBUG] FeeManager: X10 schedule is None, using fallback: 0.0
22:37:30 [DEBUG] FeeManager: X10 schedule is None, using fallback: 0.000225
22:37:30 [INFO] 🔍 FeeManager Stats: enabled=True, X10(source=config, maker=0.000000, taker=0.000225), Lighter(source=config, maker=0.000000, taker=0.000000)
22:37:30 [DEBUG] FeeManager: X10 schedule is None, using fallback: 0.000225
22:37:30 [DEBUG] FeeManager: X10 schedule is None, using fallback: 0.000225
22:37:30 [DEBUG] FeeManager: X10 schedule is None, using fallback: 0.000225
22:37:30 [DEBUG] FeeManager: X10 schedule is None, using fallback: 0.000225
22:37:30 [DEBUG] MAX_OPEN_TRADES (3) reached, waiting...
22:37:31 [DEBUG] Using cached positions (age: 3.5s)
22:37:31 [INFO] 🔍 DEBUG RESOLV-USD: entry_time type=<class 'str'>, value=2025-12-03T21:37:23.530081+00:00
22:37:31 [DEBUG] Check RESOLV-USD: Age=7.8s (Limit=2700s)
22:37:31 [DEBUG] FeeManager: X10 schedule is None, using fallback: 0.0
22:37:31 [DEBUG] FeeManager: X10 schedule is None, using fallback: 0.000225
22:37:31 [INFO] 🔍 FeeManager Stats: enabled=True, X10(source=config, maker=0.000000, taker=0.000225), Lighter(source=config, maker=0.000000, taker=0.000000)
22:37:31 [DEBUG] FeeManager: X10 schedule is None, using fallback: 0.000225
22:37:31 [DEBUG] FeeManager: X10 schedule is None, using fallback: 0.000225
22:37:31 [DEBUG] FeeManager: X10 schedule is None, using fallback: 0.000225
22:37:31 [DEBUG] FeeManager: X10 schedule is None, using fallback: 0.000225
22:37:31 [INFO] 🔍 DEBUG AVAX-USD: entry_time type=<class 'str'>, value=2025-12-03T21:37:22.031350+00:00
22:37:31 [DEBUG] Check AVAX-USD: Age=9.3s (Limit=2700s)
22:37:31 [DEBUG] FeeManager: X10 schedule is None, using fallback: 0.0
22:37:31 [DEBUG] FeeManager: X10 schedule is None, using fallback: 0.000225
22:37:31 [INFO] 🔍 FeeManager Stats: enabled=True, X10(source=config, maker=0.000000, taker=0.000225), Lighter(source=config, maker=0.000000, taker=0.000000)
22:37:31 [DEBUG] FeeManager: X10 schedule is None, using fallback: 0.000225
22:37:31 [DEBUG] FeeManager: X10 schedule is None, using fallback: 0.000225
22:37:31 [DEBUG] FeeManager: X10 schedule is None, using fallback: 0.000225
22:37:31 [DEBUG] FeeManager: X10 schedule is None, using fallback: 0.000225
22:37:31 [INFO] 🔍 DEBUG IP-USD: entry_time type=<class 'str'>, value=2025-12-03T21:37:24.388721+00:00
22:37:31 [DEBUG] Check IP-USD: Age=6.9s (Limit=2700s)
22:37:31 [DEBUG] FeeManager: X10 schedule is None, using fallback: 0.0
22:37:31 [DEBUG] FeeManager: X10 schedule is None, using fallback: 0.000225
22:37:31 [INFO] 🔍 FeeManager Stats: enabled=True, X10(source=config, maker=0.000000, taker=0.000225), Lighter(source=config, maker=0.000000, taker=0.000000)
22:37:31 [DEBUG] FeeManager: X10 schedule is None, using fallback: 0.000225
22:37:31 [DEBUG] FeeManager: X10 schedule is None, using fallback: 0.000225
22:37:31 [DEBUG] FeeManager: X10 schedule is None, using fallback: 0.000225
22:37:31 [DEBUG] FeeManager: X10 schedule is None, using fallback: 0.000225
22:37:31 [DEBUG] ✅ VIRTUAL-USD: X10=$172,718, Lighter=$741,097, Total=$913,815
22:37:32 [DEBUG] Using cached positions (age: 4.5s)
22:37:32 [INFO] 🔍 DEBUG RESOLV-USD: entry_time type=<class 'str'>, value=2025-12-03T21:37:23.530081+00:00
22:37:32 [DEBUG] Check RESOLV-USD: Age=8.8s (Limit=2700s)
22:37:32 [DEBUG] FeeManager: X10 schedule is None, using fallback: 0.0
22:37:32 [DEBUG] FeeManager: X10 schedule is None, using fallback: 0.000225
22:37:32 [INFO] 🔍 FeeManager Stats: enabled=True, X10(source=config, maker=0.000000, taker=0.000225), Lighter(source=config, maker=0.000000, taker=0.000000)
22:37:32 [DEBUG] FeeManager: X10 schedule is None, using fallback: 0.000225
22:37:32 [DEBUG] FeeManager: X10 schedule is None, using fallback: 0.000225
22:37:32 [DEBUG] FeeManager: X10 schedule is None, using fallback: 0.000225
22:37:32 [DEBUG] FeeManager: X10 schedule is None, using fallback: 0.000225
22:37:32 [INFO] 🔍 DEBUG AVAX-USD: entry_time type=<class 'str'>, value=2025-12-03T21:37:22.031350+00:00
22:37:32 [DEBUG] Check AVAX-USD: Age=10.3s (Limit=2700s)
22:37:32 [DEBUG] FeeManager: X10 schedule is None, using fallback: 0.0
22:37:32 [DEBUG] FeeManager: X10 schedule is None, using fallback: 0.000225
22:37:32 [INFO] 🔍 FeeManager Stats: enabled=True, X10(source=config, maker=0.000000, taker=0.000225), Lighter(source=config, maker=0.000000, taker=0.000000)
22:37:32 [DEBUG] FeeManager: X10 schedule is None, using fallback: 0.000225
22:37:32 [DEBUG] FeeManager: X10 schedule is None, using fallback: 0.000225
22:37:32 [DEBUG] FeeManager: X10 schedule is None, using fallback: 0.000225
22:37:32 [DEBUG] FeeManager: X10 schedule is None, using fallback: 0.000225
22:37:32 [INFO] 🔍 DEBUG IP-USD: entry_time type=<class 'str'>, value=2025-12-03T21:37:24.388721+00:00
22:37:32 [DEBUG] Check IP-USD: Age=8.0s (Limit=2700s)
22:37:32 [DEBUG] FeeManager: X10 schedule is None, using fallback: 0.0
22:37:32 [DEBUG] FeeManager: X10 schedule is None, using fallback: 0.000225
22:37:32 [INFO] 🔍 FeeManager Stats: enabled=True, X10(source=config, maker=0.000000, taker=0.000225), Lighter(source=config, maker=0.000000, taker=0.000000)
22:37:32 [DEBUG] FeeManager: X10 schedule is None, using fallback: 0.000225
22:37:32 [DEBUG] FeeManager: X10 schedule is None, using fallback: 0.000225
22:37:32 [DEBUG] FeeManager: X10 schedule is None, using fallback: 0.000225
22:37:32 [DEBUG] FeeManager: X10 schedule is None, using fallback: 0.000225
22:37:33 [DEBUG] Fetching fresh positions (force=False, cache_age=5.5s)
22:37:33 [DEBUG] Sending GET https://api.starknet.extended.exchange/api/v1/user/positions?
22:37:33 [DEBUG] MAX_OPEN_TRADES (3) reached, waiting...
22:37:33 [DEBUG] ✅ APT-USD: X10=$332,805, Lighter=$1,489,920, Total=$1,822,725
22:37:33 [INFO] Lighter: Found 3 open positions
22:37:33 [INFO] 📊 Positions: X10=3, Lighter=3
22:37:33 [DEBUG] X10 positions: ['AVAX-USD', 'RESOLV-USD', 'IP-USD']
22:37:33 [DEBUG] Lighter positions: ['AVAX-USD', 'IP-USD', 'RESOLV-USD']
22:37:33 [INFO] 🔍 DEBUG RESOLV-USD: entry_time type=<class 'str'>, value=2025-12-03T21:37:23.530081+00:00
22:37:33 [DEBUG] Check RESOLV-USD: Age=10.2s (Limit=2700s)
22:37:33 [DEBUG] FeeManager: X10 schedule is None, using fallback: 0.0
22:37:33 [DEBUG] FeeManager: X10 schedule is None, using fallback: 0.000225
22:37:33 [INFO] 🔍 FeeManager Stats: enabled=True, X10(source=config, maker=0.000000, taker=0.000225), Lighter(source=config, maker=0.000000, taker=0.000000)
22:37:33 [DEBUG] FeeManager: X10 schedule is None, using fallback: 0.000225
22:37:33 [DEBUG] FeeManager: X10 schedule is None, using fallback: 0.000225
22:37:33 [DEBUG] FeeManager: X10 schedule is None, using fallback: 0.000225
22:37:33 [DEBUG] FeeManager: X10 schedule is None, using fallback: 0.000225
22:37:33 [INFO] 🔍 DEBUG AVAX-USD: entry_time type=<class 'str'>, value=2025-12-03T21:37:22.031350+00:00
22:37:33 [DEBUG] Check AVAX-USD: Age=11.7s (Limit=2700s)
22:37:33 [DEBUG] FeeManager: X10 schedule is None, using fallback: 0.0
22:37:33 [DEBUG] FeeManager: X10 schedule is None, using fallback: 0.000225
22:37:33 [INFO] 🔍 FeeManager Stats: enabled=True, X10(source=config, maker=0.000000, taker=0.000225), Lighter(source=config, maker=0.000000, taker=0.000000)
22:37:33 [DEBUG] FeeManager: X10 schedule is None, using fallback: 0.000225
22:37:33 [DEBUG] FeeManager: X10 schedule is None, using fallback: 0.000225
22:37:33 [DEBUG] FeeManager: X10 schedule is None, using fallback: 0.000225
22:37:33 [DEBUG] FeeManager: X10 schedule is None, using fallback: 0.000225
22:37:33 [INFO] 🔍 DEBUG IP-USD: entry_time type=<class 'str'>, value=2025-12-03T21:37:24.388721+00:00
22:37:33 [DEBUG] Check IP-USD: Age=9.4s (Limit=2700s)
22:37:33 [DEBUG] FeeManager: X10 schedule is None, using fallback: 0.0
22:37:33 [DEBUG] FeeManager: X10 schedule is None, using fallback: 0.000225
22:37:33 [INFO] 🔍 FeeManager Stats: enabled=True, X10(source=config, maker=0.000000, taker=0.000225), Lighter(source=config, maker=0.000000, taker=0.000000)
22:37:33 [DEBUG] FeeManager: X10 schedule is None, using fallback: 0.000225
22:37:33 [DEBUG] FeeManager: X10 schedule is None, using fallback: 0.000225
22:37:33 [DEBUG] FeeManager: X10 schedule is None, using fallback: 0.000225
22:37:33 [DEBUG] FeeManager: X10 schedule is None, using fallback: 0.000225
22:37:34 [DEBUG] Using cached positions (age: 1.4s)
22:37:34 [INFO] 🔍 DEBUG RESOLV-USD: entry_time type=<class 'str'>, value=2025-12-03T21:37:23.530081+00:00
22:37:34 [DEBUG] Check RESOLV-USD: Age=11.2s (Limit=2700s)
22:37:34 [DEBUG] FeeManager: X10 schedule is None, using fallback: 0.0
22:37:34 [DEBUG] FeeManager: X10 schedule is None, using fallback: 0.000225
22:37:34 [INFO] 🔍 FeeManager Stats: enabled=True, X10(source=config, maker=0.000000, taker=0.000225), Lighter(source=config, maker=0.000000, taker=0.000000)
22:37:34 [DEBUG] FeeManager: X10 schedule is None, using fallback: 0.000225
22:37:34 [DEBUG] FeeManager: X10 schedule is None, using fallback: 0.000225
22:37:34 [DEBUG] FeeManager: X10 schedule is None, using fallback: 0.000225
22:37:34 [DEBUG] FeeManager: X10 schedule is None, using fallback: 0.000225
22:37:34 [INFO] 🔍 DEBUG AVAX-USD: entry_time type=<class 'str'>, value=2025-12-03T21:37:22.031350+00:00
22:37:34 [DEBUG] Check AVAX-USD: Age=12.7s (Limit=2700s)
22:37:34 [DEBUG] FeeManager: X10 schedule is None, using fallback: 0.0
22:37:34 [DEBUG] FeeManager: X10 schedule is None, using fallback: 0.000225
22:37:34 [INFO] 🔍 FeeManager Stats: enabled=True, X10(source=config, maker=0.000000, taker=0.000225), Lighter(source=config, maker=0.000000, taker=0.000000)
22:37:34 [DEBUG] FeeManager: X10 schedule is None, using fallback: 0.000225
22:37:34 [DEBUG] FeeManager: X10 schedule is None, using fallback: 0.000225
22:37:34 [DEBUG] FeeManager: X10 schedule is None, using fallback: 0.000225
22:37:34 [DEBUG] FeeManager: X10 schedule is None, using fallback: 0.000225
22:37:34 [INFO] 🔍 DEBUG IP-USD: entry_time type=<class 'str'>, value=2025-12-03T21:37:24.388721+00:00
22:37:34 [DEBUG] Check IP-USD: Age=10.4s (Limit=2700s)
22:37:34 [DEBUG] FeeManager: X10 schedule is None, using fallback: 0.0
22:37:34 [DEBUG] FeeManager: X10 schedule is None, using fallback: 0.000225
22:37:34 [INFO] 🔍 FeeManager Stats: enabled=True, X10(source=config, maker=0.000000, taker=0.000225), Lighter(source=config, maker=0.000000, taker=0.000000)
22:37:34 [DEBUG] FeeManager: X10 schedule is None, using fallback: 0.000225
22:37:34 [DEBUG] FeeManager: X10 schedule is None, using fallback: 0.000225
22:37:34 [DEBUG] FeeManager: X10 schedule is None, using fallback: 0.000225
22:37:34 [DEBUG] FeeManager: X10 schedule is None, using fallback: 0.000225
22:37:35 [DEBUG] 💓 [lighter] Alive (uptime=20s, last_msg=0s ago, msgs=25406)
22:37:35 [DEBUG] 💓 [x10_trades] Alive (uptime=20s, last_msg=1s ago, msgs=52)
22:37:35 [DEBUG] 💓 [x10_account] Alive (uptime=20s, last_msg=11s ago, msgs=18)
22:37:35 [DEBUG] Using cached positions (age: 2.4s)
22:37:35 [INFO] 🔍 DEBUG RESOLV-USD: entry_time type=<class 'str'>, value=2025-12-03T21:37:23.530081+00:00
22:37:35 [DEBUG] Check RESOLV-USD: Age=12.2s (Limit=2700s)
22:37:35 [DEBUG] FeeManager: X10 schedule is None, using fallback: 0.0
22:37:35 [DEBUG] FeeManager: X10 schedule is None, using fallback: 0.000225
22:37:35 [INFO] 🔍 FeeManager Stats: enabled=True, X10(source=config, maker=0.000000, taker=0.000225), Lighter(source=config, maker=0.000000, taker=0.000000)
22:37:35 [DEBUG] FeeManager: X10 schedule is None, using fallback: 0.000225
22:37:35 [DEBUG] FeeManager: X10 schedule is None, using fallback: 0.000225
22:37:35 [DEBUG] FeeManager: X10 schedule is None, using fallback: 0.000225
22:37:35 [DEBUG] FeeManager: X10 schedule is None, using fallback: 0.000225
22:37:35 [INFO] 🔍 DEBUG AVAX-USD: entry_time type=<class 'str'>, value=2025-12-03T21:37:22.031350+00:00
22:37:35 [DEBUG] Check AVAX-USD: Age=13.7s (Limit=2700s)
22:37:35 [DEBUG] FeeManager: X10 schedule is None, using fallback: 0.0
22:37:35 [DEBUG] FeeManager: X10 schedule is None, using fallback: 0.000225
22:37:35 [INFO] 🔍 FeeManager Stats: enabled=True, X10(source=config, maker=0.000000, taker=0.000225), Lighter(source=config, maker=0.000000, taker=0.000000)
22:37:35 [DEBUG] FeeManager: X10 schedule is None, using fallback: 0.000225
22:37:35 [DEBUG] FeeManager: X10 schedule is None, using fallback: 0.000225
22:37:35 [DEBUG] FeeManager: X10 schedule is None, using fallback: 0.000225
22:37:35 [DEBUG] FeeManager: X10 schedule is None, using fallback: 0.000225
22:37:35 [INFO] 🔍 DEBUG IP-USD: entry_time type=<class 'str'>, value=2025-12-03T21:37:24.388721+00:00
22:37:35 [DEBUG] Check IP-USD: Age=11.4s (Limit=2700s)
22:37:35 [DEBUG] FeeManager: X10 schedule is None, using fallback: 0.0
22:37:35 [DEBUG] FeeManager: X10 schedule is None, using fallback: 0.000225
22:37:35 [INFO] 🔍 FeeManager Stats: enabled=True, X10(source=config, maker=0.000000, taker=0.000225), Lighter(source=config, maker=0.000000, taker=0.000000)
22:37:35 [DEBUG] FeeManager: X10 schedule is None, using fallback: 0.000225
22:37:35 [DEBUG] FeeManager: X10 schedule is None, using fallback: 0.000225
22:37:35 [DEBUG] FeeManager: X10 schedule is None, using fallback: 0.000225
22:37:35 [DEBUG] FeeManager: X10 schedule is None, using fallback: 0.000225
22:37:36 [DEBUG] MAX_OPEN_TRADES (3) reached, waiting...
22:37:36 [DEBUG] Using cached positions (age: 3.4s)
22:37:36 [INFO] 🔍 DEBUG RESOLV-USD: entry_time type=<class 'str'>, value=2025-12-03T21:37:23.530081+00:00
22:37:36 [DEBUG] Check RESOLV-USD: Age=13.2s (Limit=2700s)
22:37:36 [DEBUG] FeeManager: X10 schedule is None, using fallback: 0.0
22:37:36 [DEBUG] FeeManager: X10 schedule is None, using fallback: 0.000225
22:37:36 [INFO] 🔍 FeeManager Stats: enabled=True, X10(source=config, maker=0.000000, taker=0.000225), Lighter(source=config, maker=0.000000, taker=0.000000)
22:37:36 [DEBUG] FeeManager: X10 schedule is None, using fallback: 0.000225
22:37:36 [DEBUG] FeeManager: X10 schedule is None, using fallback: 0.000225
22:37:36 [DEBUG] FeeManager: X10 schedule is None, using fallback: 0.000225
22:37:36 [DEBUG] FeeManager: X10 schedule is None, using fallback: 0.000225
22:37:36 [INFO] 🔍 DEBUG AVAX-USD: entry_time type=<class 'str'>, value=2025-12-03T21:37:22.031350+00:00
22:37:36 [DEBUG] Check AVAX-USD: Age=14.7s (Limit=2700s)
22:37:36 [DEBUG] FeeManager: X10 schedule is None, using fallback: 0.0
22:37:36 [DEBUG] FeeManager: X10 schedule is None, using fallback: 0.000225
22:37:36 [INFO] 🔍 FeeManager Stats: enabled=True, X10(source=config, maker=0.000000, taker=0.000225), Lighter(source=config, maker=0.000000, taker=0.000000)
22:37:36 [DEBUG] FeeManager: X10 schedule is None, using fallback: 0.000225
22:37:36 [DEBUG] FeeManager: X10 schedule is None, using fallback: 0.000225
22:37:36 [DEBUG] FeeManager: X10 schedule is None, using fallback: 0.000225
22:37:36 [DEBUG] FeeManager: X10 schedule is None, using fallback: 0.000225
22:37:36 [INFO] 🔍 DEBUG IP-USD: entry_time type=<class 'str'>, value=2025-12-03T21:37:24.388721+00:00
22:37:36 [DEBUG] Check IP-USD: Age=12.4s (Limit=2700s)
22:37:36 [DEBUG] FeeManager: X10 schedule is None, using fallback: 0.0
22:37:36 [DEBUG] FeeManager: X10 schedule is None, using fallback: 0.000225
22:37:36 [INFO] 🔍 FeeManager Stats: enabled=True, X10(source=config, maker=0.000000, taker=0.000225), Lighter(source=config, maker=0.000000, taker=0.000000)
22:37:36 [DEBUG] FeeManager: X10 schedule is None, using fallback: 0.000225
22:37:36 [DEBUG] FeeManager: X10 schedule is None, using fallback: 0.000225
22:37:36 [DEBUG] FeeManager: X10 schedule is None, using fallback: 0.000225
22:37:36 [DEBUG] FeeManager: X10 schedule is None, using fallback: 0.000225
22:37:37 [DEBUG] ✅ AVNT-USD: X10=$103,529, Lighter=$1,988,903, Total=$2,092,432
22:37:37 [DEBUG] Using cached positions (age: 4.4s)
22:37:37 [INFO] 🔍 DEBUG RESOLV-USD: entry_time type=<class 'str'>, value=2025-12-03T21:37:23.530081+00:00
22:37:37 [DEBUG] Check RESOLV-USD: Age=14.2s (Limit=2700s)
22:37:37 [DEBUG] FeeManager: X10 schedule is None, using fallback: 0.0
22:37:37 [DEBUG] FeeManager: X10 schedule is None, using fallback: 0.000225
22:37:37 [INFO] 🔍 FeeManager Stats: enabled=True, X10(source=config, maker=0.000000, taker=0.000225), Lighter(source=config, maker=0.000000, taker=0.000000)
22:37:37 [DEBUG] FeeManager: X10 schedule is None, using fallback: 0.000225
22:37:37 [DEBUG] FeeManager: X10 schedule is None, using fallback: 0.000225
22:37:37 [DEBUG] FeeManager: X10 schedule is None, using fallback: 0.000225
22:37:37 [DEBUG] FeeManager: X10 schedule is None, using fallback: 0.000225
22:37:37 [INFO] 🔍 DEBUG AVAX-USD: entry_time type=<class 'str'>, value=2025-12-03T21:37:22.031350+00:00
22:37:37 [DEBUG] Check AVAX-USD: Age=15.7s (Limit=2700s)
22:37:37 [DEBUG] FeeManager: X10 schedule is None, using fallback: 0.0
22:37:37 [DEBUG] FeeManager: X10 schedule is None, using fallback: 0.000225
22:37:37 [INFO] 🔍 FeeManager Stats: enabled=True, X10(source=config, maker=0.000000, taker=0.000225), Lighter(source=config, maker=0.000000, taker=0.000000)
22:37:37 [DEBUG] FeeManager: X10 schedule is None, using fallback: 0.000225
22:37:37 [DEBUG] FeeManager: X10 schedule is None, using fallback: 0.000225
22:37:37 [DEBUG] FeeManager: X10 schedule is None, using fallback: 0.000225
22:37:37 [DEBUG] FeeManager: X10 schedule is None, using fallback: 0.000225
22:37:37 [INFO] 🔍 DEBUG IP-USD: entry_time type=<class 'str'>, value=2025-12-03T21:37:24.388721+00:00
22:37:37 [DEBUG] Check IP-USD: Age=13.4s (Limit=2700s)
22:37:37 [DEBUG] FeeManager: X10 schedule is None, using fallback: 0.0
22:37:37 [DEBUG] FeeManager: X10 schedule is None, using fallback: 0.000225
22:37:37 [INFO] 🔍 FeeManager Stats: enabled=True, X10(source=config, maker=0.000000, taker=0.000225), Lighter(source=config, maker=0.000000, taker=0.000000)
22:37:37 [DEBUG] FeeManager: X10 schedule is None, using fallback: 0.000225
22:37:37 [DEBUG] FeeManager: X10 schedule is None, using fallback: 0.000225
22:37:37 [DEBUG] FeeManager: X10 schedule is None, using fallback: 0.000225
22:37:37 [DEBUG] FeeManager: X10 schedule is None, using fallback: 0.000225
22:37:38 [DEBUG] Fetching fresh positions (force=False, cache_age=5.4s)
22:37:38 [DEBUG] Sending GET https://api.starknet.extended.exchange/api/v1/user/positions?
22:37:39 [INFO] Lighter: Found 3 open positions
22:37:39 [INFO] 📊 Positions: X10=3, Lighter=3
22:37:39 [DEBUG] X10 positions: ['AVAX-USD', 'RESOLV-USD', 'IP-USD']
22:37:39 [DEBUG] Lighter positions: ['AVAX-USD', 'IP-USD', 'RESOLV-USD']
22:37:39 [INFO] 🔍 DEBUG RESOLV-USD: entry_time type=<class 'str'>, value=2025-12-03T21:37:23.530081+00:00
22:37:39 [DEBUG] Check RESOLV-USD: Age=15.7s (Limit=2700s)
22:37:39 [DEBUG] FeeManager: X10 schedule is None, using fallback: 0.0
22:37:39 [DEBUG] FeeManager: X10 schedule is None, using fallback: 0.000225
22:37:39 [INFO] 🔍 FeeManager Stats: enabled=True, X10(source=config, maker=0.000000, taker=0.000225), Lighter(source=config, maker=0.000000, taker=0.000000)
22:37:39 [DEBUG] FeeManager: X10 schedule is None, using fallback: 0.000225
22:37:39 [DEBUG] FeeManager: X10 schedule is None, using fallback: 0.000225
22:37:39 [DEBUG] FeeManager: X10 schedule is None, using fallback: 0.000225
22:37:39 [DEBUG] FeeManager: X10 schedule is None, using fallback: 0.000225
22:37:39 [INFO] 🔍 DEBUG AVAX-USD: entry_time type=<class 'str'>, value=2025-12-03T21:37:22.031350+00:00
22:37:39 [DEBUG] Check AVAX-USD: Age=17.2s (Limit=2700s)
22:37:39 [DEBUG] FeeManager: X10 schedule is None, using fallback: 0.0
22:37:39 [DEBUG] FeeManager: X10 schedule is None, using fallback: 0.000225
22:37:39 [INFO] 🔍 FeeManager Stats: enabled=True, X10(source=config, maker=0.000000, taker=0.000225), Lighter(source=config, maker=0.000000, taker=0.000000)
22:37:39 [DEBUG] FeeManager: X10 schedule is None, using fallback: 0.000225
22:37:39 [DEBUG] FeeManager: X10 schedule is None, using fallback: 0.000225
22:37:39 [DEBUG] FeeManager: X10 schedule is None, using fallback: 0.000225
22:37:39 [DEBUG] FeeManager: X10 schedule is None, using fallback: 0.000225
22:37:39 [INFO] 🔍 DEBUG IP-USD: entry_time type=<class 'str'>, value=2025-12-03T21:37:24.388721+00:00
22:37:39 [DEBUG] Check IP-USD: Age=14.8s (Limit=2700s)
22:37:39 [DEBUG] FeeManager: X10 schedule is None, using fallback: 0.0
22:37:39 [DEBUG] FeeManager: X10 schedule is None, using fallback: 0.000225
22:37:39 [INFO] 🔍 FeeManager Stats: enabled=True, X10(source=config, maker=0.000000, taker=0.000225), Lighter(source=config, maker=0.000000, taker=0.000000)
22:37:39 [DEBUG] FeeManager: X10 schedule is None, using fallback: 0.000225
22:37:39 [DEBUG] FeeManager: X10 schedule is None, using fallback: 0.000225
22:37:39 [DEBUG] FeeManager: X10 schedule is None, using fallback: 0.000225
22:37:39 [DEBUG] FeeManager: X10 schedule is None, using fallback: 0.000225
22:37:39 [DEBUG] ✅ LDO-USD: X10=$196,081, Lighter=$1,657,912, Total=$1,853,993
22:37:39 [DEBUG] MAX_OPEN_TRADES (3) reached, waiting...
22:37:40 [DEBUG] Using cached positions (age: 1.5s)
22:37:40 [INFO] 🔍 DEBUG RESOLV-USD: entry_time type=<class 'str'>, value=2025-12-03T21:37:23.530081+00:00
22:37:40 [DEBUG] Check RESOLV-USD: Age=16.7s (Limit=2700s)
22:37:40 [DEBUG] FeeManager: X10 schedule is None, using fallback: 0.0
22:37:40 [DEBUG] FeeManager: X10 schedule is None, using fallback: 0.000225
22:37:40 [INFO] 🔍 FeeManager Stats: enabled=True, X10(source=config, maker=0.000000, taker=0.000225), Lighter(source=config, maker=0.000000, taker=0.000000)
22:37:40 [DEBUG] FeeManager: X10 schedule is None, using fallback: 0.000225
22:37:40 [DEBUG] FeeManager: X10 schedule is None, using fallback: 0.000225
22:37:40 [DEBUG] FeeManager: X10 schedule is None, using fallback: 0.000225
22:37:40 [DEBUG] FeeManager: X10 schedule is None, using fallback: 0.000225
22:37:40 [INFO] 🔍 DEBUG AVAX-USD: entry_time type=<class 'str'>, value=2025-12-03T21:37:22.031350+00:00
22:37:40 [DEBUG] Check AVAX-USD: Age=18.2s (Limit=2700s)
22:37:40 [DEBUG] FeeManager: X10 schedule is None, using fallback: 0.0
22:37:40 [DEBUG] FeeManager: X10 schedule is None, using fallback: 0.000225
22:37:40 [INFO] 🔍 FeeManager Stats: enabled=True, X10(source=config, maker=0.000000, taker=0.000225), Lighter(source=config, maker=0.000000, taker=0.000000)
22:37:40 [DEBUG] FeeManager: X10 schedule is None, using fallback: 0.000225
22:37:40 [DEBUG] FeeManager: X10 schedule is None, using fallback: 0.000225
22:37:40 [DEBUG] FeeManager: X10 schedule is None, using fallback: 0.000225
22:37:40 [DEBUG] FeeManager: X10 schedule is None, using fallback: 0.000225
22:37:40 [INFO] 🔍 DEBUG IP-USD: entry_time type=<class 'str'>, value=2025-12-03T21:37:24.388721+00:00
22:37:40 [DEBUG] Check IP-USD: Age=15.8s (Limit=2700s)
22:37:40 [DEBUG] FeeManager: X10 schedule is None, using fallback: 0.0
22:37:40 [DEBUG] FeeManager: X10 schedule is None, using fallback: 0.000225
22:37:40 [INFO] 🔍 FeeManager Stats: enabled=True, X10(source=config, maker=0.000000, taker=0.000225), Lighter(source=config, maker=0.000000, taker=0.000000)
22:37:40 [DEBUG] FeeManager: X10 schedule is None, using fallback: 0.000225
22:37:40 [DEBUG] FeeManager: X10 schedule is None, using fallback: 0.000225
22:37:40 [DEBUG] FeeManager: X10 schedule is None, using fallback: 0.000225
22:37:40 [DEBUG] FeeManager: X10 schedule is None, using fallback: 0.000225
22:37:40 [INFO] 🚜 [FARM] Profit Take IP-USD: Age=15s, Spread=0.021% (sehr niedrig), PnL=$-0.00
22:37:40 [DEBUG] FeeManager: X10 schedule is None, using fallback: 0.000225
22:37:40 [DEBUG] FeeManager: X10 schedule is None, using fallback: 0.000225
22:37:40 [INFO]  💸 EXIT IP-USD: FARM_QUICK_PROFIT | Gross PnL: $-0.00 | Entry Fees: $0.0000 | Exit Fees: $0.0000 | Total Fees: $0.0000 | Net PnL: $-0.00
22:37:40 [INFO]  🔻 CLOSING IP-USD (Atomic Smart Close)...
22:37:40 [INFO] Lighter: Found 3 open positions
22:37:40 [INFO] 🔍 DEBUG close_live_position ENTRY: symbol=IP-USD (type=<class 'str'>)
22:37:40 [INFO] 🔍 DEBUG: original_side=BUY (type=<class 'str'>)
22:37:40 [INFO] 🔍 DEBUG: notional_usd=28.360799999999998 (type=<class 'float'>)
22:37:40 [DEBUG] ✅ XPL-USD: X10=$179,695, Lighter=$17,927,864, Total=$18,107,560
22:37:41 [INFO] Lighter: Found 3 open positions
22:37:41 [INFO] 🔻 LIGHTER CLOSE IP-USD: size=-12.000000 coins, side=BUY, price=$2.3639, notional=$28.37
22:37:41 [INFO] 🚀 LIGHTER OPEN IP-USD: side=BUY, size_usd=$28.37, price=$2.363900
22:37:41 [DEBUG] 🔍 DEBUG: IP-USD market_id = 34 (raw=34, type=<class 'int'>)
22:37:41 [DEBUG] QUANTIZE IP-USD: USD=28.37, coins=12.000000, raw=1200, lot_size=200, final=1200
22:37:41 [DEBUG] Create Order Tx Info: {"AccountIndex":60113,"ApiKeyIndex":3,"MarketIndex":34,"ClientOrderIndex":1764797936067,"BaseAmount":1200,"Price":23781,"IsAsk":0,"Type":0,"TimeInForce":1,"ReduceOnly":1,"TriggerPrice":0,"OrderExpiry":1767217061129,"ExpiredAt":1764798460129,"Nonce":2399,"Sig":"tvRZ32UkwpxDZzSFN7m4cQK9rUb7InpFeXdwR28lj4JXUE+Y/IJON21QH1vM/iYoDaIKEBtm0jjrGeFl4i5lMpjfkJWErbfXBg0cCk6YCww="}
22:37:41 [DEBUG] Create Order Send Tx Response: code=200 message='{"ratelimit": "didn\'t use volume quota"}' tx_hash='bf2c1069fbcb1bbffd97081e1c24e3abd75b4b6a4cfa627f9d3db8cd15bfe59edf43fd7477260974' predicted_execution_time_ms=1764797852034 additional_properties={}
22:37:41 [INFO] Lighter Order: bf2c1069fbcb1bbffd97081e1c24e3abd75b4b6a4cfa627f9d3db8cd15bfe59edf43fd7477260974
22:37:41 [INFO] ✅ Lighter close IP-USD: Erfolgreich ($28.37)
22:37:41 [INFO] ✅ Lighter IP-USD OK, closing X10...
22:37:42 [DEBUG] MAX_OPEN_TRADES (3) reached, waiting...
22:37:42 [DEBUG] ✅ PENDLE-USD: X10=$135,268, Lighter=$1,161,152, Total=$1,296,419
22:37:44 [INFO] 🛑 Initiating shutdown...
22:37:44 [DEBUG] Cancelled task: maintenance_loop
22:37:44 [DEBUG] Cancelled task: cleanup_finished_tasks
22:37:44 [DEBUG] Cancelled task: health_reporter
22:37:44 [DEBUG] Cancelled task: farm_loop
22:37:44 [DEBUG] Cancelled task: logic_loop
22:37:44 [DEBUG] Cancelled task: trade_management_loop
22:37:44 [DEBUG] Cancelled task: connection_watchdog
22:37:44 [INFO] Logic loop cancelled
22:37:44 [INFO] Connection watchdog cancelled
22:37:44 [DEBUG] ✅ TRX-USD: X10=$391,746, Lighter=$7,520,475, Total=$7,912,221
22:37:45 [INFO] 🔌 [x10_trades] WebSocket stopped
22:37:48 [DEBUG] ✅ MKR-USD: X10=$9,283, Lighter=$0, Total=$9,283
22:37:49 [ERROR] WebSocket stop error: 
22:37:49 [INFO] 🛑 Rollback processor: Shutdown signal received
22:37:49 [INFO] ✅ ParallelExecutionManager: Stopped
22:37:49 [INFO] 🛑 Stopping InMemoryStateManager...
22:37:49 [INFO] 📝 State writer loop stopped
22:37:49 [INFO] ✅ InMemoryStateManager stopped
22:37:49 [INFO] ✅ Shutdown complete
22:37:49 [INFO] 🛑 Shutting down...
22:37:49 [INFO] 🛑 Shutdown requested...
22:37:49 [INFO] ✅ ParallelExecutionManager: Stopped
22:37:49 [INFO] 🔌 [x10_account] WebSocket stopped
22:37:49 [INFO] 🔌 [x10_trades] WebSocket stopped
22:37:49 [INFO] 🔌 [x10_funding] WebSocket stopped
22:37:49 [INFO] 🔌 [lighter] WebSocket stopped
22:37:49 [INFO] ✅ WebSocketManager stopped
22:37:49 [INFO] ✅ OpenInterestTracker stopped
22:37:49 [INFO] 🛑 Stopping InMemoryStateManager...
22:37:49 [INFO] ✅ InMemoryStateManager stopped
22:37:49 [INFO] 🔒 Closing database...
22:37:49 [INFO] 🖊️ Database write loop stopped
22:37:49 [INFO] ✅ Database closed
22:37:49 [INFO] 🛑 FeeManager stopped
22:37:49 [INFO] ✅ X10 Adapter geschlossen.
22:37:49 [INFO] ✅ Lighter Adapter closed
22:37:49 [INFO] ✅ Bot V5 shutdown complete
