21:07:51 [INFO]  CONFIG VALIDIERUNG abgeschlossen.
21:07:51 [INFO] 🔥 BOT V5 (Architected) STARTING...
21:07:51 [INFO] 🚀 Starting InMemoryStateManager...
21:07:51 [INFO] 📂 Initializing database: data/trades.db
21:07:51 [INFO] ✅ Read pool created: 5 connections
21:07:51 [INFO] ✅ WAL mode enabled
21:07:51 [INFO] 🔄 Running database migrations...
21:07:51 [INFO] ✅ Migrations complete (11 statements)
21:07:51 [INFO] ✅ Database initialized
21:07:51 [INFO] 🖊️ Database write loop started
21:07:51 [INFO] 📂 Loaded 3 trades from database
21:07:51 [INFO] ✅ InMemoryStateManager started (loaded 3 trades)
21:07:51 [INFO] ✅ State Manager started
21:07:51 [INFO]  Telegram Bot disabled (Token/ChatID missing).
21:07:51 [INFO] ✅ Async database initialized
21:07:51 [INFO] 📝 State writer loop started
21:07:51 [DEBUG] ✅ Database schema up to date
21:07:51 [INFO] Initialisiere X10 Adapter...
21:07:51 [INFO]  X10 Account initialisiert.
21:07:51 [INFO] Initialisiere Lighter Adapter...
21:07:51 [INFO] 📊 Loading Market Data via REST...
21:07:51 [DEBUG] Sending GET https://api.starknet.extended.exchange/api/v1/info/markets?
21:07:52 [INFO] ✅ Lighter: Loaded 116 markets (base data)
21:07:52 [DEBUG] Starting new HTTPS connection (1): mainnet.zklighter.elliot.ai:443
21:07:53 [DEBUG] https://mainnet.zklighter.elliot.ai:443 "GET /api/v1/nextNonce?account_index=60113&api_key_index=3 HTTP/1.1" 200 25
21:07:54 [INFO]  X10: 91 Märkte geladen, 91 Funding Rates, 78 Preise
21:07:55 [INFO] ✅ Lighter: Updated 116 markets with size_decimals from API
21:07:55 [INFO] 📊 MARKET ADA-USD: size_decimals=1, price_decimals=5, min_base_amount=10.0
21:07:55 [INFO] 📊 MARKET SEI-USD: size_decimals=1, price_decimals=5, min_base_amount=50.0
21:07:55 [INFO] 📊 MARKET RESOLV-USD: size_decimals=0, price_decimals=6, min_base_amount=40.0
21:07:55 [INFO] 📊 MARKET TIA-USD: size_decimals=1, price_decimals=5, min_base_amount=3.0
21:07:55 [INFO] ✅ Markets loaded: X10=91, Lighter=116
21:07:55 [INFO] 📈 Pre-loading Lighter prices...
21:07:55 [DEBUG] Lighter: Loaded 383 funding rates
21:07:56 [DEBUG] Lighter: Loaded 115 prices via REST
21:07:56 [INFO] ✅ Lighter prices loaded: 115 symbols
21:07:56 [INFO] 🔥 Warming up execution clients (Network Handshake)...
21:07:56 [DEBUG] Sending GET https://api.starknet.extended.exchange/api/v1/info/markets?
21:07:58 [INFO] ✅ Execution clients warmed up & NETWORK READY
21:07:58 [INFO] FundingPredictorV2 initialized with BTC Correlation
21:07:58 [INFO] 启动 OI Tracker für 68 Symbole...
21:07:58 [INFO] ✅ OpenInterestTracker started (interval=15.0s)
21:07:58 [INFO] 🌐 Starting WebSocket Manager...
21:07:58 [INFO] 📊 OI Tracker: Starting cycle 1 (68 symbols)
21:07:58 [INFO] 🔌 [lighter] WebSocket manager started
21:07:58 [INFO] 🔌 [x10_account] WebSocket manager started
21:07:58 [INFO] 🔌 [x10_trades] WebSocket manager started
21:07:58 [INFO] 🔌 [x10_funding] WebSocket manager started
21:07:58 [INFO] 🔌 [lighter] Connecting with kwargs: {'close_timeout': 5.0, 'max_size': 4194304, 'ping_interval': 20.0, 'ping_timeout': 10.0}
21:07:58 [INFO] 🔌 [x10_account] Connecting with kwargs: {'close_timeout': 5.0, 'max_size': 4194304, 'ping_interval': 15.0, 'additional_headers': {'X-Api-Key': 'a1c9207f79f0e57ddc454bf1e16dbe49', 'User-Agent': 'X10PythonTradingClient/0.4.5'}}
21:07:58 [INFO] 🔌 [x10_trades] Connecting with kwargs: {'close_timeout': 5.0, 'max_size': 4194304, 'ping_interval': 15.0, 'additional_headers': {'X-Api-Key': 'a1c9207f79f0e57ddc454bf1e16dbe49', 'User-Agent': 'X10PythonTradingClient/0.4.5'}}
21:07:58 [INFO] 🔌 [x10_funding] Connecting with kwargs: {'close_timeout': 5.0, 'max_size': 4194304, 'ping_interval': 15.0, 'additional_headers': {'X-Api-Key': 'a1c9207f79f0e57ddc454bf1e16dbe49', 'User-Agent': 'X10PythonTradingClient/0.4.5'}}
21:07:58 [INFO] ✅ WebSocketManager started (Lighter + X10 Account/Trades/Funding)
21:07:59 [DEBUG] ✅ XAU-USD: X10=$4,138,132, Lighter=$1,280, Total=$4,139,413
21:07:59 [INFO] ✅ [lighter] Connected to wss://mainnet.zklighter.elliot.ai/stream
21:07:59 [INFO] ✅ [lighter] Keepalive enabled: ping_interval=20.0s, ping_timeout=10.0s
21:07:59 [INFO] [lighter] Resubscribing to 77 channels (paced)...
21:07:59 [INFO] [lighter] Receive loop started (async iterator)
21:07:59 [DEBUG] 💓 [lighter] Heartbeat started (stale_threshold=180.0s)
21:07:59 [DEBUG] [lighter] Subscribed to order_book/43
21:07:59 [DEBUG] [lighter] Subscribed to trade/43
21:07:59 [DEBUG] [lighter] Subscribed to order_book/67
21:07:59 [DEBUG] [lighter] Subscribed to trade/67
21:07:59 [INFO] ✅ [x10_account] Connected to wss://api.starknet.extended.exchange/stream.extended.exchange/v1/account
21:07:59 [INFO] ✅ [x10_account] Keepalive enabled: ping_interval=15.0s, ping_timeout=None (auto-pong)
21:07:59 [INFO] [x10_account] Receive loop started (async iterator)
21:07:59 [DEBUG] 💓 [x10_account] Heartbeat started (stale_threshold=180.0s)
21:07:59 [DEBUG] [lighter] Subscribed to order_book/91
21:07:59 [DEBUG] [lighter] Subscribed to trade/91
21:07:59 [INFO] ✅ [x10_trades] Connected to wss://api.starknet.extended.exchange/stream.extended.exchange/v1/publicTrades
21:07:59 [INFO] ✅ [x10_trades] Keepalive enabled: ping_interval=15.0s, ping_timeout=None (auto-pong)
21:07:59 [INFO] [x10_trades] Receive loop started (async iterator)
21:07:59 [DEBUG] 💓 [x10_trades] Heartbeat started (stale_threshold=300.0s)
21:07:59 [INFO] ✅ [x10_funding] Connected to wss://api.starknet.extended.exchange/stream.extended.exchange/v1/funding
21:07:59 [INFO] ✅ [x10_funding] Keepalive enabled: ping_interval=15.0s, ping_timeout=None (auto-pong)
21:07:59 [INFO] [x10_funding] Receive loop started (async iterator)
21:07:59 [DEBUG] 💓 [x10_funding] Heartbeat started (stale_threshold=300.0s)
21:07:59 [DEBUG] [lighter] Subscribed to order_book/90
21:07:59 [DEBUG] [lighter] Subscribed to trade/90
21:07:59 [DEBUG] [lighter] Resubscribed 10/77 channels
21:07:59 [DEBUG] [lighter] Subscribed to order_book/37
21:07:59 [DEBUG] [lighter] Subscribed to trade/37
21:07:59 [DEBUG] [lighter] Subscribed to order_book/18
21:07:59 [DEBUG] [lighter] Subscribed to trade/18
21:07:59 [DEBUG] [lighter] Subscribed to order_book/35
21:07:59 [DEBUG] [lighter] Subscribed to trade/35
21:07:59 [DEBUG] [lighter] Resubscribed 20/77 channels
21:08:00 [DEBUG] [lighter] Subscribed to order_book/93
21:08:00 [DEBUG] [lighter] Subscribed to trade/93
21:08:00 [DEBUG] [lighter] Subscribed to order_book/50
21:08:00 [DEBUG] [lighter] Subscribed to trade/50
21:08:00 [DEBUG] [lighter] Subscribed to order_book/46
21:08:00 [DEBUG] [lighter] Subscribed to trade/46
21:08:00 [DEBUG] [lighter] Resubscribed 30/77 channels
21:08:00 [DEBUG] [lighter] Subscribed to order_book/11
21:08:00 [DEBUG] [lighter] Subscribed to trade/11
21:08:00 [DEBUG] [lighter] Subscribed to order_book/86
21:08:00 [DEBUG] [lighter] Subscribed to trade/86
21:08:00 [DEBUG] [lighter] Subscribed to order_book/51
21:08:00 [DEBUG] [lighter] Subscribed to trade/51
21:08:00 [DEBUG] [lighter] Resubscribed 40/77 channels
21:08:00 [DEBUG] [lighter] Subscribed to order_book/104
21:08:00 [DEBUG] [lighter] Subscribed to trade/104
21:08:00 [DEBUG] [lighter] Subscribed to order_book/58
21:08:00 [DEBUG] [lighter] Subscribed to trade/58
21:08:00 [DEBUG] [lighter] Subscribed to order_book/36
21:08:00 [DEBUG] [lighter] Subscribed to trade/36
21:08:00 [DEBUG] [lighter] Resubscribed 50/77 channels
21:08:00 [DEBUG] [lighter] Subscribed to order_book/26
21:08:00 [DEBUG] [lighter] Subscribed to trade/26
21:08:00 [DEBUG] [lighter] Subscribed to order_book/27
21:08:00 [DEBUG] [lighter] Subscribed to trade/27
21:08:00 [DEBUG] [lighter] Subscribed to order_book/33
21:08:00 [DEBUG] [lighter] Subscribed to trade/33
21:08:00 [DEBUG] [lighter] Subscribed to order_book/4
21:08:00 [DEBUG] [lighter] Subscribed to trade/4
21:08:00 [DEBUG] [lighter] Resubscribed 60/77 channels
21:08:00 [DEBUG] [lighter] Subscribed to order_book/5
21:08:00 [DEBUG] [lighter] Subscribed to trade/5
21:08:00 [DEBUG] [lighter] Subscribed to order_book/47
21:08:00 [DEBUG] [lighter] Subscribed to trade/47
21:08:00 [DEBUG] [lighter] Subscribed to order_book/7
21:08:00 [DEBUG] [lighter] Subscribed to trade/7
21:08:00 [DEBUG] [lighter] Resubscribed 70/77 channels
21:08:00 [INFO] [lighter] Resubscribed to 77 channels
21:08:00 [DEBUG] [lighter] Subscribed to order_book/3
21:08:00 [DEBUG] [lighter] Subscribed to trade/3
21:08:00 [DEBUG] [lighter] Subscribed to order_book/55
21:08:00 [DEBUG] [lighter] Subscribed to trade/55
21:08:00 [DEBUG] [lighter] Subscribed to order_book/49
21:08:00 [DEBUG] [lighter] Subscribed to trade/49
21:08:00 [DEBUG] [lighter] Subscribed to order_book/63
21:08:00 [DEBUG] [lighter] Subscribed to trade/63
21:08:00 [DEBUG] [lighter] Subscribed to order_book/38
21:08:00 [DEBUG] [lighter] Subscribed to trade/38
21:08:00 [DEBUG] [lighter] Subscribed to order_book/28
21:08:00 [DEBUG] [lighter] Subscribed to trade/28
21:08:00 [INFO] [x10] Connected to Firehose streams (Trades & Funding) for all markets.
21:08:00 [INFO] 🔗 Components Wired: WS -> OI Tracker -> Prediction
21:08:00 [INFO] 🧟 Starte Zombie-Check: Vergleiche DB mit echten Positionen...
21:08:00 [INFO] 🔍 DB meldet 3 offene Trades. Prüfe Exchange...
21:08:00 [DEBUG] Sending GET https://api.starknet.extended.exchange/api/v1/user/positions?
21:08:01 [DEBUG] ✅ AVAX-USD: X10=$632,960, Lighter=$282,670, Total=$915,630
21:08:02 [INFO] Lighter: Found 0 open positions
21:08:02 [INFO] 🌍 Echte Positionen auf Exchanges: []
21:08:02 [WARNING] ⚠️  ZOMBIE GEFUNDEN: ZEC-USD ist in DB offen, aber nicht auf Exchange. Schließe ihn...
21:08:02 [INFO] ✅ Trade ZEC-USD closed (PnL: $0.00)
21:08:02 [WARNING] ⚠️  ZOMBIE GEFUNDEN: RESOLV-USD ist in DB offen, aber nicht auf Exchange. Schließe ihn...
21:08:02 [INFO] ✅ Trade RESOLV-USD closed (PnL: $0.00)
21:08:02 [WARNING] ⚠️  ZOMBIE GEFUNDEN: JUP-USD ist in DB offen, aber nicht auf Exchange. Schließe ihn...
21:08:02 [INFO] ✅ Trade JUP-USD closed (PnL: $0.00)
21:08:02 [INFO] 🧟 Reverse Ghost Check: Suche Positionen auf Exchange ohne DB Entry...
21:08:02 [DEBUG] Sending GET https://api.starknet.extended.exchange/api/v1/user/positions?
21:08:02 [DEBUG] 📝 Flushed 1 writes
21:08:02 [DEBUG] 📝 Flushed 1 writes in 16.0ms
21:08:02 [INFO] Lighter: Found 0 open positions
21:08:02 [INFO] ✅ No orphaned positions found
21:08:02 [INFO] ✅ ParallelExecutionManager: Rollback processor started
21:08:02 [INFO] ✅ ParallelExecutionManager started
21:08:02 [DEBUG] Registered task: logic_loop (priority=HIGH)
21:08:02 [DEBUG] Registered task: trade_management_loop (priority=HIGH)
21:08:02 [DEBUG] Registered task: farm_loop (priority=NORMAL)
21:08:02 [DEBUG] Registered task: maintenance_loop (priority=LOW)
21:08:02 [DEBUG] Registered task: cleanup_finished_tasks (priority=LOW)
21:08:02 [DEBUG] Registered task: health_reporter (priority=LOW)
21:08:02 [DEBUG] Registered task: connection_watchdog (priority=CRITICAL)
21:08:02 [INFO] ═══════════════════════════════════════════════════════════
21:08:02 [INFO]    BOT V5 RUNNING 24/7 - SUPERVISED | Ctrl+C = Stop   
21:08:02 [INFO] ═══════════════════════════════════════════════════════════
21:08:02 [INFO] 🚀 BotEventLoop starting...
21:08:02 [INFO] ▶️ Started task: connection_watchdog
21:08:02 [INFO] ▶️ Started task: logic_loop
21:08:02 [INFO] ▶️ Started task: trade_management_loop
21:08:02 [INFO] ▶️ Started task: farm_loop
21:08:02 [INFO] ▶️ Started task: maintenance_loop
21:08:02 [INFO] ▶️ Started task: cleanup_finished_tasks
21:08:02 [INFO] ▶️ Started task: health_reporter
21:08:02 [INFO] ✅ Started 7 tasks
21:08:02 [INFO] 🔄 Rollback processor running...
21:08:02 [INFO] 🐕 Connection Watchdog gestartet (Timeout: 120s)
21:08:02 [INFO] Logic Loop gestartet – REFRESH alle 3s
21:08:02 [INFO] ⚡ Latency Arb Detector initialized (threshold: 5.0s)
21:08:02 [INFO] 🔍 🚜 FARM Scanning 68 pairs. Open symbols to skip: set()
21:08:02 [DEBUG] Price cache status: X10=68/68, Lighter=67/68
21:08:02 [INFO] 🔍 Scanning 68 pairs. Lighter markets: 116, X10 markets: 91
21:08:02 [INFO] 🛡️ Trade Management Loop gestartet
21:08:02 [INFO] 🚜 Farm Mode ACTIVE
21:08:02 [DEBUG] Sending GET https://api.starknet.extended.exchange/api/v1/user/balance
21:08:02 [DEBUG] 📊 X10 Funding Cache refresh (current=91)
21:08:02 [DEBUG] [x10_funding] Firehose stream - no subscription needed
21:08:02 [DEBUG] [x10_trades] Firehose stream - no subscription needed
21:08:02 [DEBUG] Sending GET https://api.starknet.extended.exchange/api/v1/info/markets?
21:08:03 [DEBUG] MKR-USD: Missing prices (X=1663.9, L=None)
21:08:03 [INFO] ⚠️ No prediction opportunities, using fallback logic...
21:08:03 [DEBUG] ⛔ Skip XAU-USD: TradFi/FX
21:08:03 [INFO]  Volatility Monitor initialized: Low<3.0%, Normal<10.0%, High<20.0%, Hard Cap<50.0%
21:08:03 [INFO] 🔍 DEBUG ZRO-USD: rl=-0.00007700, rx=0.00001300, net=-0.00009000, apy=78.8%
21:08:03 [INFO] 💎 ZRO-USD | APY: 78.8%
21:08:03 [INFO] 🔍 DEBUG IP-USD: rl=-0.00005900, rx=0.00001300, net=-0.00007200, apy=63.1%
21:08:03 [INFO] 💎 IP-USD | APY: 63.1%
21:08:03 [INFO] 🔍 DEBUG ZORA-USD: rl=-0.00014300, rx=-0.00005800, net=-0.00008500, apy=74.5%
21:08:03 [INFO] 💎 ZORA-USD | APY: 74.5%
21:08:03 [DEBUG] Skip 1000SHIB-USD: Spread 0.31% too high
21:08:03 [INFO] 🔍 DEBUG NEAR-USD: rl=-0.00005700, rx=0.00001300, net=-0.00007000, apy=61.3%
21:08:03 [INFO] 💎 NEAR-USD | APY: 61.3%
21:08:03 [INFO] 🔍 DEBUG ENA-USD: rl=-0.00008800, rx=-0.00002400, net=-0.00006400, apy=56.1%
21:08:03 [INFO] 💎 ENA-USD | APY: 56.1%
21:08:03 [DEBUG] Skip EDEN-USD: Spread 0.62% too high
21:08:03 [DEBUG] ⛔ Skip SPX-USD: TradFi/FX
21:08:03 [INFO] 🔍 DEBUG TIA-USD: rl=0.00001200, rx=-0.00005400, net=0.00006600, apy=57.8%
21:08:03 [DEBUG] Skip TIA-USD: Spread 0.44% too high
21:08:03 [INFO] 🔍 DEBUG ZEC-USD: rl=-0.00007500, rx=0.00008400, net=-0.00015900, apy=139.3%
21:08:03 [DEBUG] Skip ZEC-USD: Spread 0.45% too high
21:08:03 [DEBUG] ⛔ Skip XAG-USD: TradFi/FX
21:08:03 [INFO] 🔍 DEBUG RESOLV-USD: rl=0.00001200, rx=-0.00014500, net=0.00015700, apy=137.5%
21:08:03 [INFO] 💎 RESOLV-USD | APY: 137.5%
21:08:03 [DEBUG] Skip STRK-USD: Spread 0.32% too high
21:08:03 [INFO] 🔍 DEBUG OP-USD: rl=-0.00007400, rx=-0.00001400, net=-0.00006000, apy=52.6%
21:08:03 [INFO] 💎 OP-USD | APY: 52.6%
21:08:03 [INFO] ✅ Found 34 opportunities from 64 valid pairs (farm_mode=True, scanned=68)
21:08:03 [INFO] 🎯 Found 3 opportunities, executing best...
21:08:03 [DEBUG] Sending GET https://api.starknet.extended.exchange/api/v1/user/balance
21:08:03 [DEBUG] ✅ ZRO-USD: X10=$62,229, Lighter=$547,647, Total=$609,876
21:08:03 [DEBUG] Lighter Balance: Raw=$294.22, Safe=$279.51
21:08:03 [INFO] 🚜 Opening FARM: AVAX-USD APY=15.8%
21:08:03 [DEBUG] Sending GET https://api.starknet.extended.exchange/api/v1/user/positions?
21:08:04 [DEBUG] 📝 Flushed 1 writes in 0.0ms
21:08:04 [DEBUG] Lighter Balance: Raw=$294.22, Safe=$279.51
21:08:04 [INFO] X10: Detected balance = $298.12
21:08:04 [INFO] 🚀 Launching 2 trades (Slots available: 2)
21:08:04 [DEBUG] Sending GET https://api.starknet.extended.exchange/api/v1/user/positions?
21:08:04 [INFO] Lighter: Found 0 open positions
21:08:04 [DEBUG] ✅ AVAX-USD verified: No existing positions on exchanges
21:08:04 [DEBUG] 🧠 AVAX-USD: Prediction conf=0.50, delta=0.000015
21:08:04 [DEBUG] MIN_NOTIONAL AVAX-USD: min_base=0.50000000 coins, price=$14.4419, min_qty_usd=$7.22, min_notional_api=$10.00, final=$11.00
21:08:04 [DEBUG] Sending GET https://api.starknet.extended.exchange/api/v1/user/balance
21:08:04 [INFO]  X10: 91 Märkte geladen, 91 Funding Rates, 82 Preise
21:08:04 [DEBUG] X10: Funding Refresh OK, cache=91
21:08:04 [DEBUG] 📊 Lighter Funding Cache refresh (current=116)
21:08:05 [DEBUG] 📝 Flushed 2 writes
21:08:05 [DEBUG] 📝 Flushed 1 writes in 0.0ms
21:08:05 [INFO] Lighter: Found 0 open positions
21:08:05 [DEBUG] Lighter: Loaded 383 funding rates
21:08:05 [DEBUG] ✅ ZORA-USD: X10=$200,621, Lighter=$26,130,290, Total=$26,330,911
21:08:05 [INFO] 🎲 KellyPositionSizer initialized (Safety=0.25, MaxFraction=0.1)
21:08:05 [INFO] 🎰 KELLY AVAX-USD: win_rate=60.0%, kelly_fraction=0.2000, safe_fraction=0.0250, confidence=LOW, samples=0
21:08:05 [INFO] 📊 KELLY SIZE AVAX-USD: base=$30.0, kelly_recommended=$7.0, final=$30.0
21:08:05 [INFO] 💰 Balance: X10=$298.1 (free=$295.1), Lit=$279.5 (free=$276.5) | DB_Trades=0, Real_Positions=0, Locked=$0/ex
21:08:05 [INFO] 🚀 Launching trade for RESOLV-USD (APY=137.5%)
21:08:05 [INFO] 🚀 Opening AVAX-USD: Size=$30.0 (Min=$15.2)
21:08:05 [INFO] 🔄 [PARALLEL] AVAX-USD: Lighter POST-ONLY first
21:08:05 [DEBUG] Sending GET https://api.starknet.extended.exchange/api/v1/user/positions?
21:08:05 [INFO] 🚀 LIGHTER OPEN AVAX-USD: side=SELL, size_usd=$30.00, price=$14.441900
21:08:05 [DEBUG] 🔍 DEBUG: AVAX-USD market_id = 9 (raw=9, type=<class 'int'>)
21:08:05 [DEBUG] QUANTIZE AVAX-USD: USD=30.00, coins=2.077289, raw=208, lot_size=50, final=200
21:08:05 [INFO] 🔄 [PARALLEL] AVAX-USD: X10 MARKET order
21:08:05 [DEBUG] Create Order Tx Info: {"AccountIndex":60113,"ApiKeyIndex":3,"MarketIndex":9,"ClientOrderIndex":1764792557267,"BaseAmount":200,"Price":143552,"IsAsk":1,"Type":0,"TimeInForce":1,"ReduceOnly":0,"TriggerPrice":0,"OrderExpiry":1767211685536,"ExpiredAt":1764793084536,"Nonce":2341,"Sig":"87znDwXXTl8YgKuL/GWQsXRovtsoO0sus9lmWjvUk1HazryQCQn9VdAIAmbafX0bhyyRElwgspTjJzrU5gRLZtYHu73437qItZsqBRjf8hw="}
21:08:05 [DEBUG] Sending GET https://api.starknet.extended.exchange/api/v1/info/markets?
21:08:05 [DEBUG] Create Order Send Tx Response: code=200 message='{"ratelimit": "didn\'t use volume quota"}' tx_hash='3076313ea077837ad83418f7f4f94370ce4d1c842446b938a40225c59f3a0a3acc04ff80d6e86170' predicted_execution_time_ms=1764792476485 additional_properties={}
21:08:05 [INFO] Lighter Order: 3076313ea077837ad83418f7f4f94370ce4d1c842446b938a40225c59f3a0a3acc04ff80d6e86170
21:08:06 [INFO] 🚀 Launching trade for ZRO-USD (APY=78.8%)
21:08:06 [DEBUG] Sending GET https://api.starknet.extended.exchange/api/v1/user/positions?
21:08:06 [DEBUG] Placing an order: id=982276352046721389316392867718079752134011535779345644716549126283248513215
21:08:06 [DEBUG] Sending POST https://api.starknet.extended.exchange/api/v1/user/order, headers={<RequestHeader.ACCEPT: 'Accept'>: 'application/json', <RequestHeader.CONTENT_TYPE: 'Content-Type'>: 'application/json', <RequestHeader.USER_AGENT: 'User-Agent'>: 'X10PythonTradingClient/0.0.17', <RequestHeader.API_KEY: 'X-Api-Key'>: 'a1c9207f79f0e57ddc454bf1e16dbe49'}
21:08:06 [DEBUG] Lighter: Loaded 115 prices via REST
21:08:06 [DEBUG] Lighter: Funding Refresh OK, cache=116
21:08:06 [DEBUG] 📊 OI→Pred XAU-USD: OI=$4,139,413, Velocity=0.00, Trend=UNKNOWN
21:08:06 [DEBUG] 📊 OI→Pred AVAX-USD: OI=$915,630, Velocity=0.00, Trend=UNKNOWN
21:08:06 [DEBUG] 📊 OI→Pred ZRO-USD: OI=$609,876, Velocity=0.00, Trend=UNKNOWN
21:08:06 [DEBUG] 📊 OI→Pred ZORA-USD: OI=$26,330,911, Velocity=0.00, Trend=UNKNOWN
21:08:06 [INFO] 🔍 Running periodic exchange sync check...
21:08:06 [INFO] 🔍 Starting Exchange Sync Check...
21:08:06 [DEBUG] Sending GET https://api.starknet.extended.exchange/api/v1/user/positions?
21:08:06 [INFO] Lighter: Found 1 open positions
21:08:06 [DEBUG] ✅ RESOLV-USD verified: No existing positions on exchanges
21:08:06 [DEBUG] 🧠 RESOLV-USD: Prediction conf=0.50, delta=-0.000133
21:08:06 [DEBUG] MIN_NOTIONAL RESOLV-USD: min_base=40.00000000 coins, price=$0.0774, min_qty_usd=$3.10, min_notional_api=$10.00, final=$11.00
21:08:06 [DEBUG] Sending GET https://api.starknet.extended.exchange/api/v1/user/balance
21:08:06 [INFO] ✅ Launched 2 trade tasks this cycle
21:08:06 [INFO] Lighter: Found 1 open positions
21:08:06 [DEBUG] ✅ ZRO-USD verified: No existing positions on exchanges
21:08:06 [DEBUG] 🧠 ZRO-USD: Prediction conf=0.75, delta=0.000047
21:08:06 [DEBUG] MIN_NOTIONAL ZRO-USD: min_base=3.00000000 coins, price=$1.4099, min_qty_usd=$4.23, min_notional_api=$10.00, final=$11.00
21:08:06 [INFO] Lighter: Found 1 open positions
21:08:06 [INFO] 🔒 Skipping sync check for AVAX-USD (Execution in progress)
21:08:07 [INFO]  X10 Order: 1996310458185244672
21:08:07 [INFO] ✅ [PARALLEL] AVAX-USD: Both legs filled in 1641ms
21:08:07 [DEBUG] 📝 Trade added to state: AVAX-USD
21:08:07 [INFO] 💰 FeeManager initialized (Dynamic Fees: ENABLED)
21:08:07 [INFO] ✅ OPENED AVAX-USD: $30.00 | Entry Fees: $0.0067
21:08:07 [DEBUG] 📝 Flushed 1 writes
21:08:07 [DEBUG] 📝 Flushed 1 writes in 0.0ms
21:08:07 [DEBUG] ✅ IP-USD: X10=$316,266, Lighter=$391,743, Total=$708,010
21:08:07 [DEBUG] Fetching fresh positions (force=False, cache_age=1764792487.8s)
21:08:07 [DEBUG] Sending GET https://api.starknet.extended.exchange/api/v1/user/positions?
21:08:07 [DEBUG] Lighter Balance: Raw=$294.22, Safe=$279.51
21:08:07 [INFO] 🎰 KELLY RESOLV-USD: win_rate=60.0%, kelly_fraction=0.2000, safe_fraction=0.0325, confidence=LOW, samples=0
21:08:07 [INFO] 📊 KELLY SIZE RESOLV-USD: base=$30.0, kelly_recommended=$8.1, final=$30.0
21:08:07 [DEBUG] Sending GET https://api.starknet.extended.exchange/api/v1/user/balance
21:08:08 [INFO] 🎰 KELLY ZRO-USD: win_rate=60.0%, kelly_fraction=0.2000, safe_fraction=0.0300, confidence=LOW, samples=0
21:08:08 [INFO] 📊 KELLY SIZE ZRO-USD: base=$30.0, kelly_recommended=$7.4, final=$30.0
21:08:08 [DEBUG] 🧹 Cleaned task: AVAX-USD
21:08:08 [INFO] 🚀 Opening RESOLV-USD: Size=$30.0 (Min=$11.0)
21:08:08 [INFO] 🔄 [PARALLEL] RESOLV-USD: Lighter POST-ONLY first
21:08:08 [INFO] 🚀 Opening ZRO-USD: Size=$30.0 (Min=$14.8)
21:08:08 [INFO] 🔄 [PARALLEL] ZRO-USD: Lighter POST-ONLY first
21:08:08 [INFO] 🚀 LIGHTER OPEN RESOLV-USD: side=SELL, size_usd=$30.00, price=$0.077431
21:08:08 [DEBUG] 🔍 DEBUG: RESOLV-USD market_id = 51 (raw=51, type=<class 'int'>)
21:08:08 [DEBUG] QUANTIZE RESOLV-USD: USD=30.00, coins=387.441722, raw=387, lot_size=40, final=360
21:08:08 [INFO] 🔄 [PARALLEL] RESOLV-USD: X10 MARKET order
21:08:08 [INFO] 🔄 [PARALLEL] ZRO-USD: X10 MARKET order
21:08:08 [DEBUG] Create Order Tx Info: {"AccountIndex":60113,"ApiKeyIndex":3,"MarketIndex":51,"ClientOrderIndex":1764792580875,"BaseAmount":360,"Price":76966,"IsAsk":1,"Type":0,"TimeInForce":1,"ReduceOnly":0,"TriggerPrice":0,"OrderExpiry":1767211688263,"ExpiredAt":1764793087263,"Nonce":2342,"Sig":"TH0QF3IToGLs5oCO+7wNSp7eKsNu+i9CrlhksRMevhpM0PpIPvqkA9vAeJLotYJjjBKOZEfbVbVsNWmILho0/wR8B9OCVz16rlhwGE1Yf10="}
21:08:08 [INFO] 🚀 LIGHTER OPEN ZRO-USD: side=SELL, size_usd=$30.00, price=$1.409910
21:08:08 [DEBUG] 🔍 DEBUG: ZRO-USD market_id = 60 (raw=60, type=<class 'int'>)
21:08:08 [DEBUG] QUANTIZE ZRO-USD: USD=30.00, coins=21.277954, raw=213, lot_size=30, final=210
21:08:08 [INFO] Lighter: Found 1 open positions
21:08:08 [INFO] 📊 Positions: X10=1, Lighter=1
21:08:08 [DEBUG] X10 positions: ['AVAX-USD']
21:08:08 [DEBUG] Lighter positions: ['AVAX-USD']
21:08:08 [INFO] 🔍 DEBUG AVAX-USD: entry_time type=<class 'str'>, value=2025-12-03T20:08:07.160087+00:00
21:08:08 [DEBUG] Check AVAX-USD: Age=1.1s (Limit=2700s)
21:08:08 [DEBUG] Create Order Tx Info: {"AccountIndex":60113,"ApiKeyIndex":3,"MarketIndex":60,"ClientOrderIndex":1764792577786,"BaseAmount":210,"Price":140145,"IsAsk":1,"Type":0,"TimeInForce":1,"ReduceOnly":0,"TriggerPrice":0,"OrderExpiry":1767211688285,"ExpiredAt":1764793087285,"Nonce":2343,"Sig":"8UfsSaiVije3vZuSWTqWH7wMSxBFLuZXz3mIQkAwwlZyKeZzXbTfQDDiCJdVb+6sueP7+0vCsAwtpuu1zhkrMeXVQKlhs7s1sbn1FCEYIno="}
21:08:08 [DEBUG] Placing an order: id=796670095226858015146031760104894092311068735768594476557552232344353372032
21:08:08 [DEBUG] Sending POST https://api.starknet.extended.exchange/api/v1/user/order, headers={<RequestHeader.ACCEPT: 'Accept'>: 'application/json', <RequestHeader.CONTENT_TYPE: 'Content-Type'>: 'application/json', <RequestHeader.USER_AGENT: 'User-Agent'>: 'X10PythonTradingClient/0.0.17', <RequestHeader.API_KEY: 'X-Api-Key'>: 'a1c9207f79f0e57ddc454bf1e16dbe49'}
21:08:08 [DEBUG] Placing an order: id=993156968462549573354799570027396461502287782379163047506687130930201990735
21:08:08 [DEBUG] Sending POST https://api.starknet.extended.exchange/api/v1/user/order, headers={<RequestHeader.ACCEPT: 'Accept'>: 'application/json', <RequestHeader.CONTENT_TYPE: 'Content-Type'>: 'application/json', <RequestHeader.USER_AGENT: 'User-Agent'>: 'X10PythonTradingClient/0.0.17', <RequestHeader.API_KEY: 'X-Api-Key'>: 'a1c9207f79f0e57ddc454bf1e16dbe49'}
21:08:08 [DEBUG] Create Order Send Tx Response: code=200 message='{"ratelimit": "didn\'t use volume quota"}' tx_hash='4e9551feda86eb0e95e27d9f2695ff6a544fbf211e1593034bcabb857c0354f87d727630a8637fc0' predicted_execution_time_ms=1764792479211 additional_properties={}
21:08:08 [INFO] Lighter Order: 4e9551feda86eb0e95e27d9f2695ff6a544fbf211e1593034bcabb857c0354f87d727630a8637fc0
21:08:08 [DEBUG] Create Order Send Tx Response: code=200 message='{"ratelimit": "didn\'t use volume quota"}' tx_hash='55bcb7e62b0cbf00e66282d80648f767b4a0fe03359bbb3a394e70918d8d476dec7cda42b286c240' predicted_execution_time_ms=1764792479231 additional_properties={}
21:08:08 [INFO] Lighter Order: 55bcb7e62b0cbf00e66282d80648f767b4a0fe03359bbb3a394e70918d8d476dec7cda42b286c240
21:08:08 [INFO]  X10 Order: 1996310463998779392
21:08:08 [INFO] ✅ [PARALLEL] RESOLV-USD: Both legs filled in 297ms
21:08:08 [DEBUG] 📝 Trade added to state: RESOLV-USD
21:08:08 [INFO] ✅ OPENED RESOLV-USD: $30.00 | Entry Fees: $0.0067
21:08:08 [DEBUG] 📝 Flushed 1 writes
21:08:08 [DEBUG] 📝 Flushed 1 writes in 15.0ms
21:08:09 [DEBUG] Using cached positions (age: 1.4s)
21:08:09 [INFO] 🔍 DEBUG RESOLV-USD: entry_time type=<class 'str'>, value=2025-12-03T20:08:08.546325+00:00
21:08:09 [DEBUG] Check RESOLV-USD: Age=0.7s (Limit=2700s)
21:08:09 [INFO] 🔍 DEBUG AVAX-USD: entry_time type=<class 'str'>, value=2025-12-03T20:08:07.160087+00:00
21:08:09 [DEBUG] Check AVAX-USD: Age=2.1s (Limit=2700s)
21:08:09 [INFO]  X10 Order: 1996310467476660224
21:08:09 [INFO] ✅ [PARALLEL] ZRO-USD: Both legs filled in 1125ms
21:08:09 [DEBUG] 📝 Trade added to state: ZRO-USD
21:08:09 [INFO] ✅ OPENED ZRO-USD: $30.00 | Entry Fees: $0.0067
21:08:09 [DEBUG] MAX_OPEN_TRADES (3) reached, waiting...
21:08:09 [DEBUG] 💓 [lighter] Alive (uptime=10s, last_msg=0s ago, msgs=11918)
21:08:09 [DEBUG] 💓 [x10_account] Alive (uptime=10s, last_msg=0s ago, msgs=18)
21:08:09 [DEBUG] 💓 [x10_funding] Alive (uptime=10s, last_msg=8s ago, msgs=91)
21:08:09 [DEBUG] 💓 [x10_trades] Alive (uptime=10s, last_msg=0s ago, msgs=20)
21:08:10 [DEBUG] Using cached positions (age: 2.4s)
21:08:10 [INFO] 🔍 DEBUG RESOLV-USD: entry_time type=<class 'str'>, value=2025-12-03T20:08:08.546325+00:00
21:08:10 [DEBUG] Check RESOLV-USD: Age=1.7s (Limit=2700s)
21:08:10 [INFO] 🔍 DEBUG AVAX-USD: entry_time type=<class 'str'>, value=2025-12-03T20:08:07.160087+00:00
21:08:10 [DEBUG] Check AVAX-USD: Age=3.1s (Limit=2700s)
21:08:10 [INFO] 🔍 DEBUG ZRO-USD: entry_time type=<class 'str'>, value=2025-12-03T20:08:09.366428+00:00
21:08:10 [DEBUG] Check ZRO-USD: Age=0.9s (Limit=2700s)
21:08:10 [DEBUG] 📝 Flushed 1 writes
21:08:10 [DEBUG] 📝 Flushed 1 writes in 0.0ms
21:08:10 [DEBUG] ✅ POPCAT-USD: X10=$164,849, Lighter=$7,058,291, Total=$7,223,140
21:08:11 [DEBUG] Using cached positions (age: 3.4s)
21:08:11 [INFO] 🔍 DEBUG RESOLV-USD: entry_time type=<class 'str'>, value=2025-12-03T20:08:08.546325+00:00
21:08:11 [DEBUG] Check RESOLV-USD: Age=2.7s (Limit=2700s)
21:08:11 [INFO] 🔍 DEBUG AVAX-USD: entry_time type=<class 'str'>, value=2025-12-03T20:08:07.160087+00:00
21:08:11 [DEBUG] Check AVAX-USD: Age=4.1s (Limit=2700s)
21:08:11 [INFO] 🔍 DEBUG ZRO-USD: entry_time type=<class 'str'>, value=2025-12-03T20:08:09.366428+00:00
21:08:11 [DEBUG] Check ZRO-USD: Age=1.9s (Limit=2700s)
21:08:12 [DEBUG] Using cached positions (age: 4.4s)
21:08:12 [INFO] 🔍 DEBUG RESOLV-USD: entry_time type=<class 'str'>, value=2025-12-03T20:08:08.546325+00:00
21:08:12 [DEBUG] Check RESOLV-USD: Age=3.7s (Limit=2700s)
21:08:12 [INFO] 🔍 DEBUG AVAX-USD: entry_time type=<class 'str'>, value=2025-12-03T20:08:07.160087+00:00
21:08:12 [DEBUG] Check AVAX-USD: Age=5.1s (Limit=2700s)
21:08:12 [INFO] 🔍 DEBUG ZRO-USD: entry_time type=<class 'str'>, value=2025-12-03T20:08:09.366428+00:00
21:08:12 [DEBUG] Check ZRO-USD: Age=2.9s (Limit=2700s)
21:08:12 [DEBUG] MAX_OPEN_TRADES (3) reached, waiting...
21:08:12 [DEBUG] ✅ 1000SHIB-USD: X10=$160,846, Lighter=$163,462,507, Total=$163,623,353
21:08:13 [DEBUG] Fetching fresh positions (force=False, cache_age=5.4s)
21:08:13 [DEBUG] Sending GET https://api.starknet.extended.exchange/api/v1/user/positions?
21:08:13 [INFO] Lighter: Found 3 open positions
21:08:13 [INFO] 📊 Positions: X10=3, Lighter=3
21:08:13 [DEBUG] X10 positions: ['AVAX-USD', 'RESOLV-USD', 'ZRO-USD']
21:08:13 [DEBUG] Lighter positions: ['AVAX-USD', 'RESOLV-USD', 'ZRO-USD']
21:08:13 [INFO] 🔍 DEBUG RESOLV-USD: entry_time type=<class 'str'>, value=2025-12-03T20:08:08.546325+00:00
21:08:13 [DEBUG] Check RESOLV-USD: Age=5.2s (Limit=2700s)
21:08:13 [INFO] 🔍 DEBUG AVAX-USD: entry_time type=<class 'str'>, value=2025-12-03T20:08:07.160087+00:00
21:08:13 [DEBUG] Check AVAX-USD: Age=6.5s (Limit=2700s)
21:08:13 [INFO] 🔍 DEBUG ZRO-USD: entry_time type=<class 'str'>, value=2025-12-03T20:08:09.366428+00:00
21:08:13 [DEBUG] Check ZRO-USD: Age=4.3s (Limit=2700s)
21:08:14 [DEBUG] ✅ NEAR-USD: X10=$350,388, Lighter=$726,782, Total=$1,077,170
21:08:14 [DEBUG] Using cached positions (age: 1.4s)
21:08:14 [INFO] 🔍 DEBUG RESOLV-USD: entry_time type=<class 'str'>, value=2025-12-03T20:08:08.546325+00:00
21:08:14 [DEBUG] Check RESOLV-USD: Age=6.1s (Limit=2700s)
21:08:14 [INFO] 🔍 DEBUG AVAX-USD: entry_time type=<class 'str'>, value=2025-12-03T20:08:07.160087+00:00
21:08:14 [DEBUG] Check AVAX-USD: Age=7.5s (Limit=2700s)
21:08:14 [INFO] 🔍 DEBUG ZRO-USD: entry_time type=<class 'str'>, value=2025-12-03T20:08:09.366428+00:00
21:08:14 [DEBUG] Check ZRO-USD: Age=5.3s (Limit=2700s)
21:08:15 [DEBUG] MAX_OPEN_TRADES (3) reached, waiting...
21:08:15 [DEBUG] Using cached positions (age: 2.4s)
21:08:15 [INFO] 🔍 DEBUG RESOLV-USD: entry_time type=<class 'str'>, value=2025-12-03T20:08:08.546325+00:00
21:08:15 [DEBUG] Check RESOLV-USD: Age=7.1s (Limit=2700s)
21:08:15 [INFO] 🔍 DEBUG AVAX-USD: entry_time type=<class 'str'>, value=2025-12-03T20:08:07.160087+00:00
21:08:15 [DEBUG] Check AVAX-USD: Age=8.5s (Limit=2700s)
21:08:15 [INFO] 🔍 DEBUG ZRO-USD: entry_time type=<class 'str'>, value=2025-12-03T20:08:09.366428+00:00
21:08:15 [DEBUG] Check ZRO-USD: Age=6.3s (Limit=2700s)
21:08:16 [DEBUG] ✅ HYPE-USD: X10=$3,604,072, Lighter=$1,368,488, Total=$4,972,560
21:08:16 [DEBUG] Using cached positions (age: 3.4s)
21:08:16 [INFO] 🔍 DEBUG RESOLV-USD: entry_time type=<class 'str'>, value=2025-12-03T20:08:08.546325+00:00
21:08:16 [DEBUG] Check RESOLV-USD: Age=8.1s (Limit=2700s)
21:08:16 [INFO] 🔍 DEBUG AVAX-USD: entry_time type=<class 'str'>, value=2025-12-03T20:08:07.160087+00:00
21:08:16 [DEBUG] Check AVAX-USD: Age=9.5s (Limit=2700s)
21:08:16 [INFO] 🔍 DEBUG ZRO-USD: entry_time type=<class 'str'>, value=2025-12-03T20:08:09.366428+00:00
21:08:16 [DEBUG] Check ZRO-USD: Age=7.3s (Limit=2700s)
21:08:17 [DEBUG] Using cached positions (age: 4.4s)
21:08:17 [INFO] 🔍 DEBUG RESOLV-USD: entry_time type=<class 'str'>, value=2025-12-03T20:08:08.546325+00:00
21:08:17 [DEBUG] Check RESOLV-USD: Age=9.1s (Limit=2700s)
21:08:17 [INFO] 🔍 DEBUG AVAX-USD: entry_time type=<class 'str'>, value=2025-12-03T20:08:07.160087+00:00
21:08:17 [DEBUG] Check AVAX-USD: Age=10.5s (Limit=2700s)
21:08:17 [INFO] 🔍 DEBUG ZRO-USD: entry_time type=<class 'str'>, value=2025-12-03T20:08:09.366428+00:00
21:08:17 [DEBUG] Check ZRO-USD: Age=8.3s (Limit=2700s)
21:08:17 [DEBUG] ✅ TRUMP-USD: X10=$268,566, Lighter=$273,057, Total=$541,623
21:08:18 [DEBUG] MAX_OPEN_TRADES (3) reached, waiting...
21:08:18 [DEBUG] Fetching fresh positions (force=False, cache_age=5.4s)
21:08:18 [DEBUG] Sending GET https://api.starknet.extended.exchange/api/v1/user/positions?
21:08:19 [INFO] Lighter: Found 3 open positions
21:08:19 [INFO] 📊 Positions: X10=3, Lighter=3
21:08:19 [DEBUG] X10 positions: ['AVAX-USD', 'RESOLV-USD', 'ZRO-USD']
21:08:19 [DEBUG] Lighter positions: ['AVAX-USD', 'RESOLV-USD', 'ZRO-USD']
21:08:19 [INFO] 🔍 DEBUG RESOLV-USD: entry_time type=<class 'str'>, value=2025-12-03T20:08:08.546325+00:00
21:08:19 [DEBUG] Check RESOLV-USD: Age=10.6s (Limit=2700s)
21:08:19 [INFO] 🔍 DEBUG AVAX-USD: entry_time type=<class 'str'>, value=2025-12-03T20:08:07.160087+00:00
21:08:19 [DEBUG] Check AVAX-USD: Age=12.0s (Limit=2700s)
21:08:19 [INFO] 🔍 DEBUG ZRO-USD: entry_time type=<class 'str'>, value=2025-12-03T20:08:09.366428+00:00
21:08:19 [DEBUG] Check ZRO-USD: Age=9.8s (Limit=2700s)
21:08:19 [DEBUG] 💓 [lighter] Alive (uptime=20s, last_msg=0s ago, msgs=26311)
21:08:19 [DEBUG] 💓 [x10_account] Alive (uptime=20s, last_msg=10s ago, msgs=18)
21:08:19 [DEBUG] 💓 [x10_funding] Alive (uptime=20s, last_msg=18s ago, msgs=91)
21:08:19 [DEBUG] 💓 [x10_trades] Alive (uptime=20s, last_msg=0s ago, msgs=53)
21:08:20 [DEBUG] Using cached positions (age: 1.4s)
21:08:20 [INFO] 🔍 DEBUG RESOLV-USD: entry_time type=<class 'str'>, value=2025-12-03T20:08:08.546325+00:00
21:08:20 [DEBUG] Check RESOLV-USD: Age=11.6s (Limit=2700s)
21:08:20 [INFO] 🔍 DEBUG AVAX-USD: entry_time type=<class 'str'>, value=2025-12-03T20:08:07.160087+00:00
21:08:20 [DEBUG] Check AVAX-USD: Age=13.0s (Limit=2700s)
21:08:20 [INFO] 🔍 DEBUG ZRO-USD: entry_time type=<class 'str'>, value=2025-12-03T20:08:09.366428+00:00
21:08:20 [DEBUG] Check ZRO-USD: Age=10.8s (Limit=2700s)
21:08:21 [DEBUG] Using cached positions (age: 2.4s)
21:08:21 [INFO] 🔍 DEBUG RESOLV-USD: entry_time type=<class 'str'>, value=2025-12-03T20:08:08.546325+00:00
21:08:21 [DEBUG] Check RESOLV-USD: Age=12.6s (Limit=2700s)
21:08:21 [INFO] 🔍 DEBUG AVAX-USD: entry_time type=<class 'str'>, value=2025-12-03T20:08:07.160087+00:00
21:08:21 [DEBUG] Check AVAX-USD: Age=14.0s (Limit=2700s)
21:08:21 [INFO] 🔍 DEBUG ZRO-USD: entry_time type=<class 'str'>, value=2025-12-03T20:08:09.366428+00:00
21:08:21 [DEBUG] Check ZRO-USD: Age=11.8s (Limit=2700s)
21:08:21 [DEBUG] MAX_OPEN_TRADES (3) reached, waiting...
21:08:21 [DEBUG] ✅ UNI-USD: X10=$199,111, Lighter=$362,616, Total=$561,727
21:08:22 [DEBUG] Using cached positions (age: 3.4s)
21:08:22 [INFO] 🔍 DEBUG RESOLV-USD: entry_time type=<class 'str'>, value=2025-12-03T20:08:08.546325+00:00
21:08:22 [DEBUG] Check RESOLV-USD: Age=13.6s (Limit=2700s)
21:08:22 [INFO] 🔍 DEBUG AVAX-USD: entry_time type=<class 'str'>, value=2025-12-03T20:08:07.160087+00:00
21:08:22 [DEBUG] Check AVAX-USD: Age=15.0s (Limit=2700s)
21:08:22 [INFO] 🔍 DEBUG ZRO-USD: entry_time type=<class 'str'>, value=2025-12-03T20:08:09.366428+00:00
21:08:22 [DEBUG] Check ZRO-USD: Age=12.8s (Limit=2700s)
21:08:23 [DEBUG] Using cached positions (age: 4.4s)
21:08:23 [INFO] 🔍 DEBUG RESOLV-USD: entry_time type=<class 'str'>, value=2025-12-03T20:08:08.546325+00:00
21:08:23 [DEBUG] Check RESOLV-USD: Age=14.6s (Limit=2700s)
21:08:23 [INFO] 🔍 DEBUG AVAX-USD: entry_time type=<class 'str'>, value=2025-12-03T20:08:07.160087+00:00
21:08:23 [DEBUG] Check AVAX-USD: Age=16.0s (Limit=2700s)
21:08:23 [INFO] 🚜 [FARM] Profit Take AVAX-USD: Age=15s, Spread=0.015% (sehr niedrig), PnL=$-0.00
21:08:23 [INFO]  💸 EXIT AVAX-USD: FARM_QUICK_PROFIT | Gross PnL: $-0.00 | Fees: $0.00 | Net PnL: $-0.00
21:08:23 [INFO]  🔻 CLOSING AVAX-USD (Atomic Smart Close)...
21:08:23 [DEBUG] ✅ ADA-USD: X10=$365,618, Lighter=$2,877,962, Total=$3,243,580
21:08:23 [INFO] Lighter: Found 3 open positions
21:08:23 [INFO] 🔍 DEBUG close_live_position ENTRY: symbol=AVAX-USD (type=<class 'str'>)
21:08:23 [INFO] 🔍 DEBUG: original_side=BUY (type=<class 'str'>)
21:08:23 [INFO] 🔍 DEBUG: notional_usd=28.8916 (type=<class 'float'>)
21:08:24 [INFO] Lighter: Found 3 open positions
21:08:24 [INFO] 🔻 LIGHTER CLOSE AVAX-USD: size=-2.000000 coins, side=BUY, price=$14.4458, notional=$28.89
21:08:24 [INFO] 🚀 LIGHTER OPEN AVAX-USD: side=BUY, size_usd=$28.89, price=$14.445800
21:08:24 [DEBUG] 🔍 DEBUG: AVAX-USD market_id = 9 (raw=9, type=<class 'int'>)
21:08:24 [DEBUG] QUANTIZE AVAX-USD: USD=28.89, coins=2.000000, raw=200, lot_size=50, final=200
21:08:24 [DEBUG] Create Order Tx Info: {"AccountIndex":60113,"ApiKeyIndex":3,"MarketIndex":9,"ClientOrderIndex":1764792528431,"BaseAmount":200,"Price":145325,"IsAsk":0,"Type":0,"TimeInForce":1,"ReduceOnly":1,"TriggerPrice":0,"OrderExpiry":1767211704042,"ExpiredAt":1764793103042,"Nonce":2344,"Sig":"fXazRtyDibSZ4xrXm6BwGIy4N/ueuETcHbdua/a5tjDZyG18dbG8eweWNo3h66FoLHmG3NvT0OdzfEbnLo0jP/12axcdEjYlvkn+iklBAwY="}
21:08:24 [DEBUG] Create Order Send Tx Response: code=200 message='{"ratelimit": "didn\'t use volume quota"}' tx_hash='d04bc37b095f4e959fb9d4e0e570f834ce0b83adea775a73260fb544cbb3498ce3502deda05d5907' predicted_execution_time_ms=1764792494990 additional_properties={}
21:08:24 [INFO] Lighter Order: d04bc37b095f4e959fb9d4e0e570f834ce0b83adea775a73260fb544cbb3498ce3502deda05d5907
21:08:24 [INFO] ✅ Lighter close AVAX-USD: Erfolgreich ($28.89)
21:08:24 [INFO] ✅ Lighter AVAX-USD OK, closing X10...
21:08:24 [DEBUG] MAX_OPEN_TRADES (3) reached, waiting...
21:08:25 [DEBUG] ✅ ENA-USD: X10=$219,584, Lighter=$20,227,658, Total=$20,447,243
21:08:26 [DEBUG] ✅ SOL-USD: X10=$4,198,450, Lighter=$406,548, Total=$4,604,998
21:08:27 [DEBUG] Sending GET https://api.starknet.extended.exchange/api/v1/user/positions?
21:08:27 [DEBUG] MAX_OPEN_TRADES (3) reached, waiting...
21:08:27 [INFO] 🔻 Closing X10 AVAX-USD: size=2.000000 coins, side=BUY
21:08:27 [DEBUG] Sending GET https://api.starknet.extended.exchange/api/v1/user/positions?
21:08:27 [INFO] 🔻 X10 CLOSE AVAX-USD: size=2.000000, side=SELL
21:08:27 [DEBUG] Placing an order: id=2335452581647261457111735950655008030520293445514468888471289114296295748726
21:08:27 [DEBUG] Sending POST https://api.starknet.extended.exchange/api/v1/user/order, headers={<RequestHeader.ACCEPT: 'Accept'>: 'application/json', <RequestHeader.CONTENT_TYPE: 'Content-Type'>: 'application/json', <RequestHeader.USER_AGENT: 'User-Agent'>: 'X10PythonTradingClient/0.0.17', <RequestHeader.API_KEY: 'X-Api-Key'>: 'a1c9207f79f0e57ddc454bf1e16dbe49'}
21:08:28 [DEBUG] ✅ SUI-USD: X10=$912,183, Lighter=$1,560,103, Total=$2,472,286
21:08:28 [INFO]  X10 Order: 1996310549143339008
21:08:29 [DEBUG] 💓 [lighter] Alive (uptime=30s, last_msg=0s ago, msgs=36198)
21:08:29 [DEBUG] 💓 [x10_account] Alive (uptime=30s, last_msg=1s ago, msgs=25)
21:08:29 [DEBUG] 💓 [x10_trades] Alive (uptime=30s, last_msg=1s ago, msgs=63)
21:08:29 [DEBUG] 💓 [x10_funding] Alive (uptime=30s, last_msg=28s ago, msgs=91)
21:08:30 [DEBUG] MAX_OPEN_TRADES (3) reached, waiting...
21:08:30 [DEBUG] Sending GET https://api.starknet.extended.exchange/api/v1/user/positions?
21:08:31 [INFO] ✅ X10 AVAX-USD closed (2.000000 coins)
21:08:31 [INFO] ✅ AVAX-USD fully closed
21:08:31 [INFO] ✅ Trade AVAX-USD closed (PnL: $0.00)
21:08:31 [INFO] ✅ Trade AVAX-USD closed (PnL: $0.00)
21:08:31 [DEBUG] 📝 Flushed 1 writes
21:08:31 [DEBUG] 📝 Flushed 1 writes in 15.0ms
21:08:31 [INFO]  💰 PnL AVAX-USD: $-0.00 (FARM_QUICK_PROFIT)
21:08:31 [DEBUG] 📊 Trade recorded: AVAX-USD ❌ LOSS $-0.00
21:08:31 [INFO] 🔍 DEBUG ZRO-USD: entry_time type=<class 'str'>, value=2025-12-03T20:08:09.366428+00:00
21:08:31 [DEBUG] Check ZRO-USD: Age=21.8s (Limit=2700s)
21:08:32 [DEBUG] 📝 Flushed 1 writes
21:08:32 [DEBUG] 📝 Flushed 1 writes in 0.0ms
21:08:32 [DEBUG] Fetching fresh positions (force=False, cache_age=13.4s)
21:08:32 [DEBUG] Sending GET https://api.starknet.extended.exchange/api/v1/user/positions?
21:08:32 [DEBUG] ✅ S-USD: X10=$80,742, Lighter=$7,960,808, Total=$8,041,551
21:08:32 [INFO] Lighter: Found 2 open positions
21:08:32 [INFO] 📊 Positions: X10=2, Lighter=2
21:08:32 [DEBUG] X10 positions: ['RESOLV-USD', 'ZRO-USD']
21:08:32 [DEBUG] Lighter positions: ['RESOLV-USD', 'ZRO-USD']
21:08:32 [INFO] 🔍 DEBUG RESOLV-USD: entry_time type=<class 'str'>, value=2025-12-03T20:08:08.546325+00:00
21:08:32 [DEBUG] Check RESOLV-USD: Age=24.0s (Limit=2700s)
21:08:32 [INFO] 🔍 DEBUG ZRO-USD: entry_time type=<class 'str'>, value=2025-12-03T20:08:09.366428+00:00
21:08:32 [DEBUG] Check ZRO-USD: Age=23.2s (Limit=2700s)
21:08:32 [DEBUG] 🐕 Watchdog OK: Daten-Alter 2.3s
21:08:32 [DEBUG] 📊 Task health: 7 alive, 0 dead
21:08:33 [INFO] 🔍 🚜 FARM Scanning 68 pairs. Open symbols to skip: {'RESOLV-USD', 'ZRO-USD'}
21:08:33 [DEBUG] Price cache status: X10=68/68, Lighter=67/68
21:08:33 [INFO] 🔍 Scanning 68 pairs. Lighter markets: 116, X10 markets: 91
21:08:33 [DEBUG] Using cached positions (age: 1.4s)
21:08:33 [INFO] 🔍 DEBUG RESOLV-USD: entry_time type=<class 'str'>, value=2025-12-03T20:08:08.546325+00:00
21:08:33 [DEBUG] Check RESOLV-USD: Age=25.0s (Limit=2700s)
21:08:33 [INFO] 🔍 DEBUG ZRO-USD: entry_time type=<class 'str'>, value=2025-12-03T20:08:09.366428+00:00
21:08:33 [DEBUG] Check ZRO-USD: Age=24.2s (Limit=2700s)
21:08:33 [DEBUG] MKR-USD: Missing prices (X=1663.9, L=None)
21:08:33 [DEBUG] ⚠️ BTC DUMP: Reduced prediction for XAU-USD by factor 0.5
21:08:33 [DEBUG] ⚠️ BTC DUMP: Reduced prediction for AVAX-USD by factor 0.5
21:08:33 [DEBUG] ⚠️ BTC DUMP: Reduced prediction for IP-USD by factor 0.5
21:08:33 [DEBUG] ⚠️ BTC DUMP: Reduced prediction for ZORA-USD by factor 0.5
21:08:33 [DEBUG] ⚠️ BTC DUMP: Reduced prediction for POPCAT-USD by factor 0.5
21:08:33 [DEBUG] ⚠️ BTC DUMP: Reduced prediction for 1000SHIB-USD by factor 0.5
21:08:33 [DEBUG] ⚠️ BTC DUMP: Reduced prediction for NEAR-USD by factor 0.5
21:08:33 [DEBUG] ⚠️ BTC DUMP: Reduced prediction for HYPE-USD by factor 0.5
21:08:33 [DEBUG] ⚠️ BTC DUMP: Reduced prediction for TRUMP-USD by factor 0.5
21:08:33 [DEBUG] ⚠️ BTC DUMP: Reduced prediction for UNI-USD by factor 0.5
21:08:33 [DEBUG] ⚠️ BTC DUMP: Reduced prediction for ENA-USD by factor 0.5
21:08:33 [DEBUG] ⚠️ BTC DUMP: Reduced prediction for ADA-USD by factor 0.5
21:08:33 [DEBUG] ⚠️ BTC DUMP: Reduced prediction for SOL-USD by factor 0.5
21:08:33 [DEBUG] ⚠️ BTC DUMP: Reduced prediction for SUI-USD by factor 0.5
21:08:33 [DEBUG] ⚠️ BTC DUMP: Reduced prediction for S-USD by factor 0.5
21:08:33 [DEBUG] ⚠️ BTC DUMP: Reduced prediction for VIRTUAL-USD by factor 0.5
21:08:33 [DEBUG] ⚠️ BTC DUMP: Reduced prediction for FARTCOIN-USD by factor 0.5
21:08:33 [DEBUG] ⚠️ BTC DUMP: Reduced prediction for WLFI-USD by factor 0.5
21:08:33 [DEBUG] ⚠️ BTC DUMP: Reduced prediction for SEI-USD by factor 0.5
21:08:33 [DEBUG] ⚠️ BTC DUMP: Reduced prediction for LINK-USD by factor 0.5
21:08:33 [DEBUG] ⚠️ BTC DUMP: Reduced prediction for PUMP-USD by factor 0.5
21:08:33 [DEBUG] ⚠️ BTC DUMP: Reduced prediction for BTC-USD by factor 0.5
21:08:33 [DEBUG] ⚠️ BTC DUMP: Reduced prediction for ASTER-USD by factor 0.5
21:08:33 [DEBUG] ⚠️ BTC DUMP: Reduced prediction for BERA-USD by factor 0.5
21:08:33 [DEBUG] ⚠️ BTC DUMP: Reduced prediction for LINEA-USD by factor 0.5
21:08:33 [DEBUG] ⚠️ BTC DUMP: Reduced prediction for TON-USD by factor 0.5
21:08:33 [DEBUG] ⚠️ BTC DUMP: Reduced prediction for EDEN-USD by factor 0.5
21:08:33 [DEBUG] ⚠️ BTC DUMP: Reduced prediction for SPX-USD by factor 0.5
21:08:33 [DEBUG] ⚠️ BTC DUMP: Reduced prediction for AVNT-USD by factor 0.5
21:08:33 [DEBUG] ⚠️ BTC DUMP: Reduced prediction for FIL-USD by factor 0.5
21:08:33 [DEBUG] ⚠️ BTC DUMP: Reduced prediction for WLD-USD by factor 0.5
21:08:33 [DEBUG] ⚠️ BTC DUMP: Reduced prediction for TAO-USD by factor 0.5
21:08:33 [DEBUG] ⚠️ BTC DUMP: Reduced prediction for BNB-USD by factor 0.5
21:08:33 [DEBUG] ⚠️ BTC DUMP: Reduced prediction for GRASS-USD by factor 0.5
21:08:33 [DEBUG] ⚠️ BTC DUMP: Reduced prediction for XPL-USD by factor 0.5
21:08:33 [DEBUG] ⚠️ BTC DUMP: Reduced prediction for APT-USD by factor 0.5
21:08:33 [DEBUG] ⚠️ BTC DUMP: Reduced prediction for TRX-USD by factor 0.5
21:08:33 [DEBUG] ⚠️ BTC DUMP: Reduced prediction for TIA-USD by factor 0.5
21:08:33 [DEBUG] ⚠️ BTC DUMP: Reduced prediction for MON-USD by factor 0.5
21:08:33 [DEBUG] ⚠️ BTC DUMP: Reduced prediction for ZEC-USD by factor 0.5
21:08:33 [DEBUG] ⚠️ BTC DUMP: Reduced prediction for PENDLE-USD by factor 0.5
21:08:33 [DEBUG] ⚠️ BTC DUMP: Reduced prediction for 1000BONK-USD by factor 0.5
21:08:33 [DEBUG] ⚠️ BTC DUMP: Reduced prediction for LTC-USD by factor 0.5
21:08:33 [DEBUG] ⚠️ BTC DUMP: Reduced prediction for XAG-USD by factor 0.5
21:08:33 [DEBUG] ⚠️ BTC DUMP: Reduced prediction for ETH-USD by factor 0.5
21:08:33 [DEBUG] ⚠️ BTC DUMP: Reduced prediction for ARB-USD by factor 0.5
21:08:33 [DEBUG] ⚠️ BTC DUMP: Reduced prediction for LDO-USD by factor 0.5
21:08:33 [DEBUG] ⚠️ BTC DUMP: Reduced prediction for DOT-USD by factor 0.5
21:08:33 [DEBUG] ⚠️ BTC DUMP: Reduced prediction for APEX-USD by factor 0.5
21:08:33 [DEBUG] ⚠️ BTC DUMP: Reduced prediction for STRK-USD by factor 0.5
21:08:33 [DEBUG] ⚠️ BTC DUMP: Reduced prediction for BCH-USD by factor 0.5
21:08:33 [DEBUG] ⚠️ BTC DUMP: Reduced prediction for CRV-USD by factor 0.5
21:08:33 [DEBUG] ⚠️ BTC DUMP: Reduced prediction for JUP-USD by factor 0.5
21:08:33 [DEBUG] ⚠️ BTC DUMP: Reduced prediction for AAVE-USD by factor 0.5
21:08:33 [DEBUG] ⚠️ BTC DUMP: Reduced prediction for KAITO-USD by factor 0.5
21:08:33 [DEBUG] ⚠️ BTC DUMP: Reduced prediction for 1000PEPE-USD by factor 0.5
21:08:33 [DEBUG] ⚠️ BTC DUMP: Reduced prediction for WIF-USD by factor 0.5
21:08:33 [DEBUG] ⚠️ BTC DUMP: Reduced prediction for PENGU-USD by factor 0.5
21:08:33 [DEBUG] ⚠️ BTC DUMP: Reduced prediction for XRP-USD by factor 0.5
21:08:33 [DEBUG] ⚠️ BTC DUMP: Reduced prediction for DOGE-USD by factor 0.5
21:08:33 [DEBUG] ⚠️ BTC DUMP: Reduced prediction for OP-USD by factor 0.5
21:08:33 [DEBUG] ⚠️ BTC DUMP: Reduced prediction for EIGEN-USD by factor 0.5
21:08:33 [DEBUG] ⚠️ BTC DUMP: Reduced prediction for MNT-USD by factor 0.5
21:08:33 [DEBUG] ⚠️ BTC DUMP: Reduced prediction for ONDO-USD by factor 0.5
21:08:33 [DEBUG] ⚠️ BTC DUMP: Reduced prediction for MKR-USD by factor 0.5
21:08:33 [INFO] 🧠 Prediction V2: Found 2 ML-ranked opportunities
21:08:33 [INFO] ✅ Returning 2 ML-ranked opportunities
21:08:33 [INFO] 🎯 Found 2 opportunities, executing best...
21:08:33 [DEBUG] Sending GET https://api.starknet.extended.exchange/api/v1/user/balance
21:08:34 [DEBUG] ✅ VIRTUAL-USD: X10=$110,397, Lighter=$731,157, Total=$841,554
21:08:34 [DEBUG] Using cached positions (age: 2.4s)
21:08:34 [INFO] 🔍 DEBUG RESOLV-USD: entry_time type=<class 'str'>, value=2025-12-03T20:08:08.546325+00:00
21:08:34 [DEBUG] Check RESOLV-USD: Age=26.0s (Limit=2700s)
21:08:34 [INFO] 🔍 DEBUG ZRO-USD: entry_time type=<class 'str'>, value=2025-12-03T20:08:09.366428+00:00
21:08:34 [DEBUG] Check ZRO-USD: Age=25.2s (Limit=2700s)
21:08:34 [DEBUG] Lighter Balance: Raw=$294.20, Safe=$279.49
21:08:34 [INFO] X10: Detected balance = $298.11
21:08:34 [INFO] 🚀 Launching 1 trades (Slots available: 1)
21:08:34 [DEBUG] Sending GET https://api.starknet.extended.exchange/api/v1/user/positions?
21:08:35 [DEBUG] Using cached positions (age: 3.4s)
21:08:35 [INFO] 🔍 DEBUG RESOLV-USD: entry_time type=<class 'str'>, value=2025-12-03T20:08:08.546325+00:00
21:08:35 [DEBUG] Check RESOLV-USD: Age=27.0s (Limit=2700s)
21:08:35 [INFO] 🔍 DEBUG ZRO-USD: entry_time type=<class 'str'>, value=2025-12-03T20:08:09.366428+00:00
21:08:35 [DEBUG] Check ZRO-USD: Age=26.2s (Limit=2700s)
21:08:35 [INFO] Lighter: Found 2 open positions
21:08:35 [INFO] 💰 Balance: X10=$298.1 (free=$285.5), Lit=$279.5 (free=$266.9) | DB_Trades=2, Real_Positions=2, Locked=$10/ex
21:08:35 [INFO] 🚀 Launching trade for ZORA-USD (APY=51.0%)
21:08:35 [DEBUG] Sending GET https://api.starknet.extended.exchange/api/v1/user/positions?
21:08:35 [DEBUG] ✅ FARTCOIN-USD: X10=$459,319, Lighter=$13,092,325, Total=$13,551,644
21:08:36 [INFO] ✅ Launched 1 trade tasks this cycle
21:08:36 [INFO] Lighter: Found 2 open positions
21:08:36 [DEBUG] ✅ ZORA-USD verified: No existing positions on exchanges
21:08:36 [DEBUG] ⚠️ BTC DUMP: Reduced prediction for ZORA-USD by factor 0.5
21:08:36 [DEBUG] 🧠 ZORA-USD: Prediction conf=0.60, delta=0.000042
21:08:36 [DEBUG] MIN_NOTIONAL ZORA-USD: min_base=100.00000000 coins, price=$0.0494, min_qty_usd=$4.94, min_notional_api=$10.00, final=$11.00
21:08:36 [DEBUG] Skip ZORA-USD: Min Req $51.96 > Max Config $50.0
21:08:36 [DEBUG] Using cached positions (age: 4.4s)
21:08:36 [INFO] 🔍 DEBUG RESOLV-USD: entry_time type=<class 'str'>, value=2025-12-03T20:08:08.546325+00:00
21:08:36 [DEBUG] Check RESOLV-USD: Age=28.0s (Limit=2700s)
21:08:36 [INFO] 🔍 DEBUG ZRO-USD: entry_time type=<class 'str'>, value=2025-12-03T20:08:09.366428+00:00
21:08:36 [DEBUG] Check ZRO-USD: Age=27.2s (Limit=2700s)
21:08:36 [DEBUG] 📊 OI→Pred XAU-USD: OI=$4,139,413, Velocity=0.00, Trend=UNKNOWN
21:08:36 [DEBUG] 📊 OI→Pred AVAX-USD: OI=$915,630, Velocity=0.00, Trend=UNKNOWN
21:08:36 [DEBUG] 📊 OI→Pred ZRO-USD: OI=$609,876, Velocity=0.00, Trend=UNKNOWN
21:08:36 [DEBUG] 📊 OI→Pred ZORA-USD: OI=$26,330,911, Velocity=0.00, Trend=UNKNOWN
21:08:36 [DEBUG] 📊 OI→Pred IP-USD: OI=$708,010, Velocity=0.00, Trend=UNKNOWN
21:08:36 [DEBUG] 📊 OI→Pred POPCAT-USD: OI=$7,223,140, Velocity=0.00, Trend=UNKNOWN
21:08:36 [DEBUG] 📊 OI→Pred 1000SHIB-USD: OI=$163,623,353, Velocity=0.00, Trend=UNKNOWN
21:08:36 [DEBUG] 📊 OI→Pred NEAR-USD: OI=$1,077,170, Velocity=0.00, Trend=UNKNOWN
21:08:36 [DEBUG] 📊 OI→Pred HYPE-USD: OI=$4,972,560, Velocity=0.00, Trend=UNKNOWN
21:08:36 [DEBUG] 📊 OI→Pred TRUMP-USD: OI=$541,623, Velocity=0.00, Trend=UNKNOWN
21:08:36 [DEBUG] 📊 OI→Pred UNI-USD: OI=$561,727, Velocity=0.00, Trend=UNKNOWN
21:08:36 [DEBUG] 📊 OI→Pred ADA-USD: OI=$3,243,580, Velocity=0.00, Trend=UNKNOWN
21:08:36 [DEBUG] 📊 OI→Pred ENA-USD: OI=$20,447,243, Velocity=0.00, Trend=UNKNOWN
21:08:36 [DEBUG] 📊 OI→Pred SOL-USD: OI=$4,604,998, Velocity=0.00, Trend=UNKNOWN
21:08:36 [DEBUG] 📊 OI→Pred SUI-USD: OI=$2,472,286, Velocity=0.00, Trend=UNKNOWN
21:08:36 [DEBUG] 📊 OI→Pred S-USD: OI=$8,041,551, Velocity=0.00, Trend=UNKNOWN
21:08:36 [DEBUG] 📊 OI→Pred VIRTUAL-USD: OI=$841,554, Velocity=0.00, Trend=UNKNOWN
21:08:36 [DEBUG] 📊 OI→Pred FARTCOIN-USD: OI=$13,551,644, Velocity=0.00, Trend=UNKNOWN
21:08:37 [DEBUG] Fetching fresh positions (force=False, cache_age=5.4s)
21:08:37 [DEBUG] Sending GET https://api.starknet.extended.exchange/api/v1/user/positions?
21:08:37 [DEBUG] ✅ WLFI-USD: X10=$829,150, Lighter=$27,956,572, Total=$28,785,722
21:08:37 [INFO] Lighter: Found 2 open positions
21:08:37 [INFO] 📊 Positions: X10=2, Lighter=2
21:08:37 [DEBUG] X10 positions: ['RESOLV-USD', 'ZRO-USD']
21:08:37 [DEBUG] Lighter positions: ['RESOLV-USD', 'ZRO-USD']
21:08:37 [INFO] 🔍 DEBUG RESOLV-USD: entry_time type=<class 'str'>, value=2025-12-03T20:08:08.546325+00:00
21:08:37 [DEBUG] Check RESOLV-USD: Age=29.4s (Limit=2700s)
21:08:37 [INFO] 🔍 DEBUG ZRO-USD: entry_time type=<class 'str'>, value=2025-12-03T20:08:09.366428+00:00
21:08:37 [DEBUG] Check ZRO-USD: Age=28.6s (Limit=2700s)
21:08:38 [DEBUG] Using cached positions (age: 1.4s)
21:08:38 [INFO] 🔍 DEBUG RESOLV-USD: entry_time type=<class 'str'>, value=2025-12-03T20:08:08.546325+00:00
21:08:38 [DEBUG] Check RESOLV-USD: Age=30.4s (Limit=2700s)
21:08:38 [INFO] 🔍 DEBUG ZRO-USD: entry_time type=<class 'str'>, value=2025-12-03T20:08:09.366428+00:00
21:08:38 [DEBUG] Check ZRO-USD: Age=29.6s (Limit=2700s)
21:08:39 [INFO] 🔍 🚜 FARM Scanning 68 pairs. Open symbols to skip: {'RESOLV-USD', 'ZRO-USD'}
21:08:39 [DEBUG] Price cache status: X10=68/68, Lighter=67/68
21:08:39 [INFO] 🔍 Scanning 68 pairs. Lighter markets: 116, X10 markets: 91
21:08:39 [DEBUG] MKR-USD: Missing prices (X=1663.9, L=None)
21:08:39 [INFO] 🧠 Prediction V2: Found 14 ML-ranked opportunities
21:08:39 [INFO] ✅ Returning 14 ML-ranked opportunities
21:08:39 [INFO] 🎯 Found 3 opportunities, executing best...
21:08:39 [DEBUG] Sending GET https://api.starknet.extended.exchange/api/v1/user/balance
21:08:39 [DEBUG] ✅ SEI-USD: X10=$146,133, Lighter=$8,282,076, Total=$8,428,209
21:08:39 [DEBUG] 💓 [lighter] Alive (uptime=40s, last_msg=0s ago, msgs=50019)
21:08:39 [DEBUG] 💓 [x10_account] Alive (uptime=40s, last_msg=11s ago, msgs=25)
21:08:39 [DEBUG] 💓 [x10_funding] Alive (uptime=40s, last_msg=38s ago, msgs=91)
21:08:39 [DEBUG] 💓 [x10_trades] Alive (uptime=40s, last_msg=0s ago, msgs=112)
21:08:39 [DEBUG] Using cached positions (age: 2.5s)
21:08:39 [INFO] 🔍 DEBUG RESOLV-USD: entry_time type=<class 'str'>, value=2025-12-03T20:08:08.546325+00:00
21:08:39 [DEBUG] Check RESOLV-USD: Age=31.4s (Limit=2700s)
21:08:39 [INFO] 🔍 DEBUG ZRO-USD: entry_time type=<class 'str'>, value=2025-12-03T20:08:09.366428+00:00
21:08:39 [DEBUG] Check ZRO-USD: Age=30.6s (Limit=2700s)
21:08:40 [DEBUG] Lighter Balance: Raw=$294.20, Safe=$279.49
21:08:40 [INFO] X10: Detected balance = $298.11
21:08:40 [INFO] 🚀 Launching 1 trades (Slots available: 1)
21:08:40 [DEBUG] Sending GET https://api.starknet.extended.exchange/api/v1/user/positions?
21:08:40 [DEBUG] Using cached positions (age: 3.4s)
21:08:40 [INFO] 🔍 DEBUG RESOLV-USD: entry_time type=<class 'str'>, value=2025-12-03T20:08:08.546325+00:00
21:08:40 [DEBUG] Check RESOLV-USD: Age=32.4s (Limit=2700s)
21:08:40 [INFO] 🔍 DEBUG ZRO-USD: entry_time type=<class 'str'>, value=2025-12-03T20:08:09.366428+00:00
21:08:40 [DEBUG] Check ZRO-USD: Age=31.6s (Limit=2700s)
21:08:41 [INFO] Lighter: Found 2 open positions
21:08:41 [INFO] 💰 Balance: X10=$298.1 (free=$285.5), Lit=$279.5 (free=$266.9) | DB_Trades=2, Real_Positions=2, Locked=$10/ex
21:08:41 [INFO] 🚀 Launching trade for 1000SHIB-USD (APY=86.8%)
21:08:41 [DEBUG] Sending GET https://api.starknet.extended.exchange/api/v1/user/positions?
21:08:41 [INFO] ✅ Launched 1 trade tasks this cycle
21:08:41 [INFO] Lighter: Found 2 open positions
21:08:41 [DEBUG] ✅ 1000SHIB-USD verified: No existing positions on exchanges
21:08:41 [DEBUG] 🧠 1000SHIB-USD: Prediction conf=0.75, delta=-0.000035
21:08:41 [DEBUG] MIN_NOTIONAL 1000SHIB-USD: min_base=500.00000000 coins, price=$0.0090, min_qty_usd=$4.48, min_notional_api=$10.00, final=$11.00
21:08:41 [DEBUG] Sending GET https://api.starknet.extended.exchange/api/v1/user/balance
21:08:41 [DEBUG] Using cached positions (age: 4.5s)
21:08:41 [INFO] 🔍 DEBUG RESOLV-USD: entry_time type=<class 'str'>, value=2025-12-03T20:08:08.546325+00:00
21:08:41 [DEBUG] Check RESOLV-USD: Age=33.5s (Limit=2700s)
21:08:41 [INFO] 🔍 DEBUG ZRO-USD: entry_time type=<class 'str'>, value=2025-12-03T20:08:09.366428+00:00
21:08:41 [DEBUG] Check ZRO-USD: Age=32.6s (Limit=2700s)
21:08:42 [INFO] 🎰 KELLY 1000SHIB-USD: win_rate=0.0%, kelly_fraction=0.0000, safe_fraction=0.0200, confidence=LOW, samples=1
21:08:42 [INFO] 📊 KELLY SIZE 1000SHIB-USD: base=$30.0, kelly_recommended=$5.6, final=$30.0
21:08:42 [INFO] 🚀 Opening 1000SHIB-USD: Size=$30.0 (Min=$11.0)
21:08:42 [INFO] 🔄 [PARALLEL] 1000SHIB-USD: Lighter POST-ONLY first
21:08:42 [INFO] 🚀 LIGHTER OPEN 1000SHIB-USD: side=SELL, size_usd=$30.00, price=$0.008968
21:08:42 [DEBUG] 🔍 DEBUG: 1000SHIB-USD market_id = 17 (raw=17, type=<class 'int'>)
21:08:42 [DEBUG] QUANTIZE 1000SHIB-USD: USD=30.00, coins=3345.227475, raw=3345, lot_size=500, final=3000
21:08:42 [INFO] 🔄 [PARALLEL] 1000SHIB-USD: X10 MARKET order
21:08:42 [DEBUG] Create Order Tx Info: {"AccountIndex":60113,"ApiKeyIndex":3,"MarketIndex":17,"ClientOrderIndex":1764792611476,"BaseAmount":3000,"Price":8914,"IsAsk":1,"Type":0,"TimeInForce":1,"ReduceOnly":0,"TriggerPrice":0,"OrderExpiry":1767211722066,"ExpiredAt":1764793121066,"Nonce":2345,"Sig":"J1p/utMQaBJlqumHIahVxcUDyJeeufFeMJaJMGoLlkjGdoafziaeTQtutxjSWSJTzm/8cbFHLU6KzyDgahDyhV9vyLL+USY/14r0d+KBwEk="}
21:08:42 [DEBUG] Placing an order: id=2738503991616487761334936571757823581606415241933977682442629086412207009001
21:08:42 [DEBUG] Sending POST https://api.starknet.extended.exchange/api/v1/user/order, headers={<RequestHeader.ACCEPT: 'Accept'>: 'application/json', <RequestHeader.CONTENT_TYPE: 'Content-Type'>: 'application/json', <RequestHeader.USER_AGENT: 'User-Agent'>: 'X10PythonTradingClient/0.0.17', <RequestHeader.API_KEY: 'X-Api-Key'>: 'a1c9207f79f0e57ddc454bf1e16dbe49'}
21:08:42 [DEBUG] Create Order Send Tx Response: code=200 message='{"ratelimit": "didn\'t use volume quota"}' tx_hash='aea309e6beb95a5664cc145089b4e0f7d2f4e1035fec17ab8f261475151572b910544f9f86e5fafe' predicted_execution_time_ms=1764792513010 additional_properties={}
21:08:42 [INFO] Lighter Order: aea309e6beb95a5664cc145089b4e0f7d2f4e1035fec17ab8f261475151572b910544f9f86e5fafe
21:08:42 [INFO]  X10 Order: 1996310605799845888
21:08:42 [INFO] ✅ [PARALLEL] 1000SHIB-USD: Both legs filled in 297ms
21:08:42 [DEBUG] 📝 Trade added to state: 1000SHIB-USD
21:08:42 [INFO] ✅ OPENED 1000SHIB-USD: $30.00 | Entry Fees: $0.0067
21:08:42 [DEBUG] 📝 Flushed 1 writes
21:08:42 [DEBUG] 📝 Flushed 1 writes in 0.0ms
21:08:42 [DEBUG] Fetching fresh positions (force=False, cache_age=5.5s)
21:08:42 [DEBUG] Sending GET https://api.starknet.extended.exchange/api/v1/user/positions?
21:08:43 [DEBUG] ✅ LINK-USD: X10=$358,423, Lighter=$234,461, Total=$592,885
21:08:43 [INFO] Lighter: Found 3 open positions
21:08:43 [INFO] 📊 Positions: X10=3, Lighter=3
21:08:43 [DEBUG] X10 positions: ['RESOLV-USD', 'ZRO-USD', '1000SHIB-USD']
21:08:43 [DEBUG] Lighter positions: ['1000SHIB-USD', 'RESOLV-USD', 'ZRO-USD']
21:08:43 [INFO] 🔍 DEBUG RESOLV-USD: entry_time type=<class 'str'>, value=2025-12-03T20:08:08.546325+00:00
21:08:43 [DEBUG] Check RESOLV-USD: Age=34.9s (Limit=2700s)
21:08:43 [INFO] 🔍 DEBUG ZRO-USD: entry_time type=<class 'str'>, value=2025-12-03T20:08:09.366428+00:00
21:08:43 [DEBUG] Check ZRO-USD: Age=34.1s (Limit=2700s)
21:08:43 [INFO] 🔍 DEBUG 1000SHIB-USD: entry_time type=<class 'str'>, value=2025-12-03T20:08:42.352973+00:00
21:08:43 [DEBUG] Check 1000SHIB-USD: Age=1.1s (Limit=2700s)
21:08:43 [INFO] 🚜 Farm Mode ACTIVE
21:08:44 [DEBUG] Using cached positions (age: 1.5s)
21:08:44 [INFO] 🔍 DEBUG RESOLV-USD: entry_time type=<class 'str'>, value=2025-12-03T20:08:08.546325+00:00
21:08:44 [DEBUG] Check RESOLV-USD: Age=35.9s (Limit=2700s)
21:08:44 [INFO] 🔍 DEBUG ZRO-USD: entry_time type=<class 'str'>, value=2025-12-03T20:08:09.366428+00:00
21:08:44 [DEBUG] Check ZRO-USD: Age=35.1s (Limit=2700s)
21:08:44 [INFO] 🔍 DEBUG 1000SHIB-USD: entry_time type=<class 'str'>, value=2025-12-03T20:08:42.352973+00:00
21:08:44 [DEBUG] Check 1000SHIB-USD: Age=2.1s (Limit=2700s)
21:08:44 [DEBUG] MAX_OPEN_TRADES (3) reached, waiting...
21:08:44 [INFO] 🚜 Farm Mode ACTIVE
21:08:44 [DEBUG] ✅ PUMP-USD: X10=$608,405, Lighter=$2,267,739,835, Total=$2,268,348,240
21:08:45 [DEBUG] Using cached positions (age: 2.5s)
21:08:45 [INFO] 🔍 DEBUG RESOLV-USD: entry_time type=<class 'str'>, value=2025-12-03T20:08:08.546325+00:00
21:08:45 [DEBUG] Check RESOLV-USD: Age=36.9s (Limit=2700s)
21:08:45 [INFO] 🔍 DEBUG ZRO-USD: entry_time type=<class 'str'>, value=2025-12-03T20:08:09.366428+00:00
21:08:45 [DEBUG] Check ZRO-USD: Age=36.1s (Limit=2700s)
21:08:45 [INFO] 🔍 DEBUG 1000SHIB-USD: entry_time type=<class 'str'>, value=2025-12-03T20:08:42.352973+00:00
21:08:45 [DEBUG] Check 1000SHIB-USD: Age=3.1s (Limit=2700s)
21:08:45 [INFO] 🚜 Farm Mode ACTIVE
21:08:46 [DEBUG] Using cached positions (age: 3.5s)
21:08:46 [INFO] 🔍 DEBUG RESOLV-USD: entry_time type=<class 'str'>, value=2025-12-03T20:08:08.546325+00:00
21:08:46 [DEBUG] Check RESOLV-USD: Age=37.9s (Limit=2700s)
21:08:46 [INFO] 🔍 DEBUG ZRO-USD: entry_time type=<class 'str'>, value=2025-12-03T20:08:09.366428+00:00
21:08:46 [DEBUG] Check ZRO-USD: Age=37.1s (Limit=2700s)
21:08:46 [INFO] 🔍 DEBUG 1000SHIB-USD: entry_time type=<class 'str'>, value=2025-12-03T20:08:42.352973+00:00
21:08:46 [DEBUG] Check 1000SHIB-USD: Age=4.1s (Limit=2700s)
21:08:46 [DEBUG] ✅ BTC-USD: X10=$24,695,495, Lighter=$3,069, Total=$24,698,564
21:08:46 [INFO] 🚜 Farm Mode ACTIVE
21:08:47 [DEBUG] Using cached positions (age: 4.5s)
21:08:47 [INFO] 🔍 DEBUG RESOLV-USD: entry_time type=<class 'str'>, value=2025-12-03T20:08:08.546325+00:00
21:08:47 [DEBUG] Check RESOLV-USD: Age=38.9s (Limit=2700s)
21:08:47 [INFO] 🔍 DEBUG ZRO-USD: entry_time type=<class 'str'>, value=2025-12-03T20:08:09.366428+00:00
21:08:47 [DEBUG] Check ZRO-USD: Age=38.1s (Limit=2700s)
21:08:47 [INFO] 🔍 DEBUG 1000SHIB-USD: entry_time type=<class 'str'>, value=2025-12-03T20:08:42.352973+00:00
21:08:47 [DEBUG] Check 1000SHIB-USD: Age=5.1s (Limit=2700s)
21:08:47 [DEBUG] MAX_OPEN_TRADES (3) reached, waiting...
21:08:47 [INFO] 🚜 Farm Mode ACTIVE
21:08:48 [DEBUG] ✅ ASTER-USD: X10=$332,984, Lighter=$13,215,665, Total=$13,548,649
21:08:48 [DEBUG] Fetching fresh positions (force=False, cache_age=5.5s)
21:08:48 [DEBUG] Sending GET https://api.starknet.extended.exchange/api/v1/user/positions?
21:08:48 [INFO] 🚜 Farm Mode ACTIVE
21:08:48 [INFO] Lighter: Found 3 open positions
21:08:48 [INFO] 📊 Positions: X10=3, Lighter=3
21:08:48 [DEBUG] X10 positions: ['RESOLV-USD', 'ZRO-USD', '1000SHIB-USD']
21:08:48 [DEBUG] Lighter positions: ['1000SHIB-USD', 'RESOLV-USD', 'ZRO-USD']
21:08:48 [INFO] 🔍 DEBUG RESOLV-USD: entry_time type=<class 'str'>, value=2025-12-03T20:08:08.546325+00:00
21:08:48 [DEBUG] Check RESOLV-USD: Age=40.3s (Limit=2700s)
21:08:48 [INFO] 🔍 DEBUG ZRO-USD: entry_time type=<class 'str'>, value=2025-12-03T20:08:09.366428+00:00
21:08:48 [DEBUG] Check ZRO-USD: Age=39.5s (Limit=2700s)
21:08:48 [INFO] 🔍 DEBUG 1000SHIB-USD: entry_time type=<class 'str'>, value=2025-12-03T20:08:42.352973+00:00
21:08:48 [DEBUG] Check 1000SHIB-USD: Age=6.5s (Limit=2700s)
21:08:49 [DEBUG] 💓 [lighter] Alive (uptime=50s, last_msg=0s ago, msgs=62885)
21:08:49 [DEBUG] 💓 [x10_account] Alive (uptime=50s, last_msg=7s ago, msgs=30)
21:08:49 [INFO] 🚜 Farm Mode ACTIVE
21:08:49 [DEBUG] 💓 [x10_trades] Alive (uptime=50s, last_msg=1s ago, msgs=135)
21:08:49 [DEBUG] 💓 [x10_funding] Alive (uptime=50s, last_msg=48s ago, msgs=91)
21:08:49 [DEBUG] Using cached positions (age: 1.4s)
21:08:49 [INFO] 🔍 DEBUG RESOLV-USD: entry_time type=<class 'str'>, value=2025-12-03T20:08:08.546325+00:00
21:08:49 [DEBUG] Check RESOLV-USD: Age=41.3s (Limit=2700s)
21:08:49 [INFO] 🔍 DEBUG ZRO-USD: entry_time type=<class 'str'>, value=2025-12-03T20:08:09.366428+00:00
21:08:49 [DEBUG] Check ZRO-USD: Age=40.5s (Limit=2700s)
21:08:49 [INFO] 🔍 DEBUG 1000SHIB-USD: entry_time type=<class 'str'>, value=2025-12-03T20:08:42.352973+00:00
21:08:49 [DEBUG] Check 1000SHIB-USD: Age=7.5s (Limit=2700s)
21:08:50 [DEBUG] ✅ BERA-USD: X10=$213,371, Lighter=$931,027, Total=$1,144,398
21:08:50 [DEBUG] MAX_OPEN_TRADES (3) reached, waiting...
21:08:50 [INFO] 🚜 Farm Mode ACTIVE
21:08:50 [DEBUG] Using cached positions (age: 2.4s)
21:08:50 [INFO] 🔍 DEBUG RESOLV-USD: entry_time type=<class 'str'>, value=2025-12-03T20:08:08.546325+00:00
21:08:50 [DEBUG] Check RESOLV-USD: Age=42.3s (Limit=2700s)
21:08:50 [INFO] 🔍 DEBUG ZRO-USD: entry_time type=<class 'str'>, value=2025-12-03T20:08:09.366428+00:00
21:08:50 [DEBUG] Check ZRO-USD: Age=41.5s (Limit=2700s)
21:08:50 [INFO] 🔍 DEBUG 1000SHIB-USD: entry_time type=<class 'str'>, value=2025-12-03T20:08:42.352973+00:00
21:08:50 [DEBUG] Check 1000SHIB-USD: Age=8.5s (Limit=2700s)
21:08:51 [INFO] 🚜 Farm Mode ACTIVE
21:08:51 [DEBUG] Using cached positions (age: 3.4s)
21:08:51 [INFO] 🔍 DEBUG RESOLV-USD: entry_time type=<class 'str'>, value=2025-12-03T20:08:08.546325+00:00
21:08:51 [DEBUG] Check RESOLV-USD: Age=43.3s (Limit=2700s)
21:08:51 [INFO] 🔍 DEBUG ZRO-USD: entry_time type=<class 'str'>, value=2025-12-03T20:08:09.366428+00:00
21:08:51 [DEBUG] Check ZRO-USD: Age=42.5s (Limit=2700s)
21:08:51 [INFO] 🔍 DEBUG 1000SHIB-USD: entry_time type=<class 'str'>, value=2025-12-03T20:08:42.352973+00:00
21:08:51 [DEBUG] Check 1000SHIB-USD: Age=9.5s (Limit=2700s)
21:08:52 [DEBUG] Using cached positions (age: 4.4s)
21:08:52 [INFO] 🔍 DEBUG RESOLV-USD: entry_time type=<class 'str'>, value=2025-12-03T20:08:08.546325+00:00
21:08:52 [DEBUG] Check RESOLV-USD: Age=44.3s (Limit=2700s)
21:08:52 [INFO] 🔍 DEBUG ZRO-USD: entry_time type=<class 'str'>, value=2025-12-03T20:08:09.366428+00:00
21:08:52 [DEBUG] Check ZRO-USD: Age=43.5s (Limit=2700s)
21:08:52 [INFO] 🔍 DEBUG 1000SHIB-USD: entry_time type=<class 'str'>, value=2025-12-03T20:08:42.352973+00:00
21:08:52 [DEBUG] Check 1000SHIB-USD: Age=10.5s (Limit=2700s)
21:08:53 [DEBUG] MAX_OPEN_TRADES (3) reached, waiting...
21:08:53 [DEBUG] Fetching fresh positions (force=False, cache_age=5.4s)
21:08:53 [DEBUG] Sending GET https://api.starknet.extended.exchange/api/v1/user/positions?
21:08:53 [DEBUG] ✅ LINEA-USD: X10=$128,439, Lighter=$88,328,086, Total=$88,456,525
21:08:54 [INFO] Lighter: Found 3 open positions
21:08:54 [INFO] 📊 Positions: X10=3, Lighter=3
21:08:54 [DEBUG] X10 positions: ['RESOLV-USD', 'ZRO-USD', '1000SHIB-USD']
21:08:54 [DEBUG] Lighter positions: ['1000SHIB-USD', 'RESOLV-USD', 'ZRO-USD']
21:08:54 [INFO] 🔍 DEBUG RESOLV-USD: entry_time type=<class 'str'>, value=2025-12-03T20:08:08.546325+00:00
21:08:54 [DEBUG] Check RESOLV-USD: Age=45.8s (Limit=2700s)
21:08:54 [INFO] 🔍 DEBUG ZRO-USD: entry_time type=<class 'str'>, value=2025-12-03T20:08:09.366428+00:00
21:08:54 [DEBUG] Check ZRO-USD: Age=45.0s (Limit=2700s)
21:08:54 [INFO] 🔍 DEBUG 1000SHIB-USD: entry_time type=<class 'str'>, value=2025-12-03T20:08:42.352973+00:00
21:08:54 [DEBUG] Check 1000SHIB-USD: Age=12.0s (Limit=2700s)
21:08:55 [DEBUG] Using cached positions (age: 1.5s)
21:08:55 [INFO] 🔍 DEBUG RESOLV-USD: entry_time type=<class 'str'>, value=2025-12-03T20:08:08.546325+00:00
21:08:55 [DEBUG] Check RESOLV-USD: Age=46.8s (Limit=2700s)
21:08:55 [INFO] 🔍 DEBUG ZRO-USD: entry_time type=<class 'str'>, value=2025-12-03T20:08:09.366428+00:00
21:08:55 [DEBUG] Check ZRO-USD: Age=46.0s (Limit=2700s)
21:08:55 [INFO] 🔍 DEBUG 1000SHIB-USD: entry_time type=<class 'str'>, value=2025-12-03T20:08:42.352973+00:00
21:08:55 [DEBUG] Check 1000SHIB-USD: Age=13.0s (Limit=2700s)
21:08:55 [DEBUG] ✅ TON-USD: X10=$158,243, Lighter=$652,924, Total=$811,167
21:08:56 [DEBUG] Using cached positions (age: 2.5s)
21:08:56 [INFO] 🔍 DEBUG RESOLV-USD: entry_time type=<class 'str'>, value=2025-12-03T20:08:08.546325+00:00
21:08:56 [DEBUG] Check RESOLV-USD: Age=47.8s (Limit=2700s)
21:08:56 [INFO] 🔍 DEBUG ZRO-USD: entry_time type=<class 'str'>, value=2025-12-03T20:08:09.366428+00:00
21:08:56 [DEBUG] Check ZRO-USD: Age=47.0s (Limit=2700s)
21:08:56 [INFO] 🔍 DEBUG 1000SHIB-USD: entry_time type=<class 'str'>, value=2025-12-03T20:08:42.352973+00:00
21:08:56 [DEBUG] Check 1000SHIB-USD: Age=14.0s (Limit=2700s)
21:08:56 [DEBUG] MAX_OPEN_TRADES (3) reached, waiting...
21:08:56 [INFO] 🚜 Farm Mode ACTIVE
21:08:57 [DEBUG] Using cached positions (age: 3.5s)
21:08:57 [INFO] 🔍 DEBUG RESOLV-USD: entry_time type=<class 'str'>, value=2025-12-03T20:08:08.546325+00:00
21:08:57 [DEBUG] Check RESOLV-USD: Age=48.8s (Limit=2700s)
21:08:57 [INFO] 🔍 DEBUG ZRO-USD: entry_time type=<class 'str'>, value=2025-12-03T20:08:09.366428+00:00
21:08:57 [DEBUG] Check ZRO-USD: Age=48.0s (Limit=2700s)
21:08:57 [INFO] 🔍 DEBUG 1000SHIB-USD: entry_time type=<class 'str'>, value=2025-12-03T20:08:42.352973+00:00
21:08:57 [DEBUG] Check 1000SHIB-USD: Age=15.0s (Limit=2700s)
21:08:57 [DEBUG] ✅ EDEN-USD: X10=$56,055, Lighter=$5,293,395, Total=$5,349,450
21:08:58 [DEBUG] Using cached positions (age: 4.5s)
21:08:58 [INFO] 🔍 DEBUG RESOLV-USD: entry_time type=<class 'str'>, value=2025-12-03T20:08:08.546325+00:00
21:08:58 [DEBUG] Check RESOLV-USD: Age=49.8s (Limit=2700s)
21:08:58 [INFO] 🔍 DEBUG ZRO-USD: entry_time type=<class 'str'>, value=2025-12-03T20:08:09.366428+00:00
21:08:58 [DEBUG] Check ZRO-USD: Age=49.0s (Limit=2700s)
21:08:58 [INFO] 🔍 DEBUG 1000SHIB-USD: entry_time type=<class 'str'>, value=2025-12-03T20:08:42.352973+00:00
21:08:58 [DEBUG] Check 1000SHIB-USD: Age=16.0s (Limit=2700s)
21:08:58 [INFO] 🚜 [FARM] Profit Take 1000SHIB-USD: Age=15s, Spread=0.000% (sehr niedrig), PnL=$0.00
21:08:58 [INFO]  💸 EXIT 1000SHIB-USD: FARM_QUICK_PROFIT | Gross PnL: $0.00 | Fees: $0.00 | Net PnL: $0.00
21:08:58 [INFO]  🔻 CLOSING 1000SHIB-USD (Atomic Smart Close)...
21:08:58 [INFO] Lighter: Found 3 open positions
21:08:58 [INFO] 🔍 DEBUG close_live_position ENTRY: symbol=1000SHIB-USD (type=<class 'str'>)
21:08:58 [INFO] 🔍 DEBUG: original_side=BUY (type=<class 'str'>)
21:08:58 [INFO] 🔍 DEBUG: notional_usd=26.91 (type=<class 'float'>)
21:08:59 [DEBUG] ✅ SPX-USD: X10=$175,679, Lighter=$4,349,020, Total=$4,524,699
21:08:59 [INFO] Lighter: Found 3 open positions
21:08:59 [INFO] 🔻 LIGHTER CLOSE 1000SHIB-USD: size=-3000.000000 coins, side=BUY, price=$0.0090, notional=$26.91
21:08:59 [INFO] 🚀 LIGHTER OPEN 1000SHIB-USD: side=BUY, size_usd=$26.91, price=$0.008970
21:08:59 [DEBUG] 🔍 DEBUG: 1000SHIB-USD market_id = 17 (raw=17, type=<class 'int'>)
21:08:59 [DEBUG] QUANTIZE 1000SHIB-USD: USD=26.91, coins=3000.000000, raw=3000, lot_size=500, final=3000
21:08:59 [DEBUG] Create Order Tx Info: {"AccountIndex":60113,"ApiKeyIndex":3,"MarketIndex":17,"ClientOrderIndex":1764792598351,"BaseAmount":3000,"Price":9024,"IsAsk":0,"Type":0,"TimeInForce":1,"ReduceOnly":1,"TriggerPrice":0,"OrderExpiry":1767211739258,"ExpiredAt":1764793138258,"Nonce":2346,"Sig":"xT4T0VBK/+vQJ2pWjF6gdcRHgyQnI6VWH4xlkUuGFaSgz+Na5ffFQKdPElHJnBUmW8VhhrjyEOlTBJTlk8zg3jRPC4oiS0f1TsxLHEpjWFM="}
21:08:59 [DEBUG] Create Order Send Tx Response: code=200 message='{"ratelimit": "didn\'t use volume quota"}' tx_hash='2db5d06b5d6b23fb34da73f1152aebab0e2c87a12dd4528c5909c38337a0fdd9d7dbfeb84baab062' predicted_execution_time_ms=1764792530204 additional_properties={}
21:08:59 [INFO] Lighter Order: 2db5d06b5d6b23fb34da73f1152aebab0e2c87a12dd4528c5909c38337a0fdd9d7dbfeb84baab062
21:08:59 [INFO] ✅ Lighter close 1000SHIB-USD: Erfolgreich ($26.91)
21:08:59 [INFO] ✅ Lighter 1000SHIB-USD OK, closing X10...
21:08:59 [DEBUG] MAX_OPEN_TRADES (3) reached, waiting...
21:08:59 [DEBUG] 💓 [lighter] Alive (uptime=60s, last_msg=0s ago, msgs=73961)
21:08:59 [DEBUG] [lighter] Responded to JSON ping with pong
21:08:59 [DEBUG] 💓 [x10_account] Alive (uptime=60s, last_msg=17s ago, msgs=30)
21:08:59 [DEBUG] 💓 [x10_trades] Alive (uptime=60s, last_msg=0s ago, msgs=141)
21:08:59 [DEBUG] 💓 [x10_funding] Alive (uptime=60s, last_msg=58s ago, msgs=91)
21:09:00 [DEBUG] ✅ AVNT-USD: X10=$104,011, Lighter=$1,966,785, Total=$2,070,796
21:09:01 [INFO] 🛑 Initiating shutdown...
21:09:01 [DEBUG] Cancelled task: maintenance_loop
21:09:01 [DEBUG] Cancelled task: cleanup_finished_tasks
21:09:01 [DEBUG] Cancelled task: health_reporter
21:09:01 [DEBUG] Cancelled task: farm_loop
21:09:01 [DEBUG] Cancelled task: logic_loop
21:09:01 [DEBUG] Cancelled task: trade_management_loop
21:09:01 [DEBUG] Cancelled task: connection_watchdog
21:09:01 [INFO] Logic loop cancelled
21:09:01 [INFO] Connection watchdog cancelled
21:09:01 [INFO] 🔌 [x10_funding] WebSocket stopped
21:09:02 [INFO] 🔌 [x10_trades] WebSocket stopped
21:09:04 [DEBUG] ✅ FIL-USD: X10=$0, Lighter=$365,183, Total=$365,183
21:09:06 [ERROR] WebSocket stop error: 
21:09:06 [INFO] 🛑 Rollback processor: Shutdown signal received
21:09:06 [INFO] ✅ ParallelExecutionManager: Stopped
21:09:06 [INFO] 🛑 Stopping InMemoryStateManager...
21:09:06 [INFO] 📝 State writer loop stopped
21:09:06 [INFO] ✅ InMemoryStateManager stopped
21:09:06 [INFO] ✅ Shutdown complete
21:09:06 [INFO] 🛑 Shutting down...
21:09:06 [INFO] 🛑 Shutdown requested...
21:09:06 [INFO] ✅ ParallelExecutionManager: Stopped
21:09:06 [INFO] 🔌 [lighter] WebSocket stopped
21:09:06 [INFO] 🔌 [x10_account] WebSocket stopped
21:09:06 [INFO] 🔌 [x10_trades] WebSocket stopped
21:09:06 [INFO] 🔌 [x10_funding] WebSocket stopped
21:09:06 [INFO] ✅ WebSocketManager stopped
21:09:06 [INFO] ✅ OpenInterestTracker stopped
21:09:06 [INFO] 🛑 Stopping InMemoryStateManager...
21:09:06 [INFO] ✅ InMemoryStateManager stopped
21:09:06 [INFO] 🔒 Closing database...
21:09:06 [INFO] 🖊️ Database write loop stopped
21:09:06 [INFO] ✅ Database closed
21:09:06 [INFO] 🛑 FeeManager stopped
21:09:06 [INFO] ✅ X10 Adapter geschlossen.
21:09:06 [INFO] ✅ Lighter Adapter closed
21:09:06 [INFO] ✅ Bot V5 shutdown complete
