22:19:45 [INFO]  CONFIG VALIDIERUNG abgeschlossen.
22:19:45 [INFO] 🔥 BOT V5 (Architected) STARTING...
22:19:45 [INFO] 🚀 Starting InMemoryStateManager...
22:19:45 [INFO] 📂 Initializing database: data/trades.db
22:19:45 [INFO] ✅ Read pool created: 5 connections
22:19:45 [INFO] ✅ WAL mode enabled
22:19:45 [INFO] 🔄 Running database migrations...
22:19:45 [INFO] ✅ Migrations complete (11 statements)
22:19:45 [INFO] ✅ Database initialized
22:19:45 [INFO] 🖊️ Database write loop started
22:19:45 [INFO] 📂 Loaded 2 trades from database
22:19:45 [INFO] ✅ InMemoryStateManager started (loaded 2 trades)
22:19:45 [INFO] ✅ State Manager started
22:19:45 [INFO]  Telegram Bot disabled (Token/ChatID missing).
22:19:45 [INFO] ✅ Async database initialized
22:19:45 [INFO] 📝 State writer loop started
22:19:45 [DEBUG] ✅ Database schema up to date
22:19:45 [INFO] Initialisiere X10 Adapter...
22:19:45 [INFO]  X10 Account initialisiert.
22:19:45 [INFO] Initialisiere Lighter Adapter...
22:19:45 [INFO] 📊 Loading Market Data via REST...
22:19:45 [DEBUG] Sending GET https://api.starknet.extended.exchange/api/v1/info/markets?
22:19:46 [WARNING] ⚠️ Skipping ETH-USD: market_id=None (parsed=-1) invalid or >254
22:19:46 [INFO] ✅ Lighter: Loaded 115 markets (base data)
22:19:47 [DEBUG] Starting new HTTPS connection (1): mainnet.zklighter.elliot.ai:443
22:19:48 [DEBUG] https://mainnet.zklighter.elliot.ai:443 "GET /api/v1/nextNonce?account_index=60113&api_key_index=3 HTTP/1.1" 200 25
22:19:48 [INFO]  X10: 91 Märkte geladen, 91 Funding Rates, 78 Preise
22:19:49 [INFO] ✅ Lighter: Updated 115 markets with size_decimals from API
22:19:49 [INFO] 📊 MARKET ADA-USD: size_decimals=1, price_decimals=5, min_base_amount=10.0
22:19:49 [INFO] 📊 MARKET SEI-USD: size_decimals=1, price_decimals=5, min_base_amount=50.0
22:19:49 [INFO] 📊 MARKET RESOLV-USD: size_decimals=0, price_decimals=6, min_base_amount=40.0
22:19:49 [INFO] 📊 MARKET TIA-USD: size_decimals=1, price_decimals=5, min_base_amount=3.0
22:19:49 [INFO] ✅ Markets loaded: X10=91, Lighter=115
22:19:49 [INFO] 📈 Pre-loading Lighter prices...
22:19:50 [DEBUG] Lighter: Loaded 379 funding rates
22:19:50 [DEBUG] Lighter: Loaded 115 prices via REST
22:19:50 [INFO] ✅ Lighter prices loaded: 115 symbols
22:19:50 [INFO] FundingPredictorV2 initialized with BTC Correlation
22:19:50 [INFO] 启动 OI Tracker für 67 Symbole...
22:19:50 [INFO] ✅ OpenInterestTracker started (interval=30.0s)
22:19:50 [INFO] 🌐 Starting WebSocket Manager...
22:19:50 [INFO] 📊 OI Tracker: Starting cycle 1 (67 symbols)
22:19:50 [INFO] 🔌 [lighter] WebSocket manager started
22:19:50 [INFO] 🔌 [x10] WebSocket manager started
22:19:50 [INFO] ✅ WebSocketManager started
22:19:51 [DEBUG] ✅ EIGEN-USD: X10=$129,859, Lighter=$1,926,664, Total=$2,056,523
22:19:51 [INFO] ✅ [lighter] Connected to wss://mainnet.zklighter.elliot.ai/stream
22:19:51 [DEBUG] [lighter] Subscribed to trade/11
22:19:51 [DEBUG] [lighter] Subscribed to order_book/47
22:19:51 [DEBUG] [lighter] Subscribed to trade/47
22:19:51 [DEBUG] [lighter] Subscribed to order_book/103
22:19:51 [DEBUG] [lighter] Subscribed to trade/103
22:19:51 [INFO] ✅ [x10] Connected to wss://api.starknet.extended.exchange/stream.extended.exchange/v1/account
22:19:51 [DEBUG] [lighter] Subscribed to order_book/26
22:19:51 [DEBUG] [lighter] Subscribed to trade/26
22:19:51 [DEBUG] [lighter] Subscribed to order_book/83
22:19:51 [DEBUG] [lighter] Subscribed to trade/83
22:19:52 [DEBUG] [lighter] Subscribed to order_book/98
22:19:52 [DEBUG] [lighter] Subscribed to trade/98
22:19:52 [DEBUG] [lighter] Subscribed to order_book/92
22:19:52 [DEBUG] [lighter] Subscribed to order_book/34
22:19:52 [DEBUG] [lighter] Subscribed to trade/34
22:19:52 [DEBUG] [lighter] Subscribed to order_book/37
22:19:52 [DEBUG] [lighter] Subscribed to trade/37
22:19:52 [DEBUG] [lighter] Subscribed to order_book/10
22:19:52 [DEBUG] [lighter] Subscribed to trade/10
22:19:52 [DEBUG] [lighter] Subscribed to order_book/90
22:19:52 [DEBUG] [lighter] Subscribed to trade/90
22:19:52 [DEBUG] [lighter] Subscribed to order_book/33
22:19:52 [DEBUG] [lighter] Subscribed to trade/33
22:19:52 [DEBUG] [lighter] Subscribed to trade/63
22:19:52 [DEBUG] [lighter] Subscribed to order_book/13
22:19:52 [DEBUG] [lighter] Subscribed to trade/13
22:19:52 [DEBUG] [lighter] Subscribed to order_book/28
22:19:52 [DEBUG] [lighter] Subscribed to trade/28
22:19:52 [DEBUG] [lighter] Subscribed to order_book/60
22:19:52 [DEBUG] [lighter] Subscribed to trade/60
22:19:52 [DEBUG] [lighter] Subscribed to order_book/25
22:19:52 [DEBUG] [lighter] Subscribed to trade/25
22:19:52 [DEBUG] [lighter] Subscribed to trade/41
22:19:52 [DEBUG] [lighter] Subscribed to order_book/31
22:19:52 [DEBUG] [lighter] Subscribed to trade/31
22:19:52 [DEBUG] [lighter] Subscribed to order_book/4
22:19:52 [DEBUG] [lighter] Subscribed to trade/4
22:19:52 [DEBUG] [lighter] Subscribed to order_book/91
22:19:52 [DEBUG] [lighter] Subscribed to trade/91
22:19:52 [DEBUG] [lighter] Subscribed to order_book/76
22:19:52 [DEBUG] [lighter] Subscribed to order_book/15
22:19:52 [DEBUG] [lighter] Subscribed to trade/15
22:19:52 [DEBUG] [lighter] Subscribed to order_book/93
22:19:52 [DEBUG] [lighter] Subscribed to trade/93
22:19:52 [DEBUG] [lighter] Subscribed to order_book/42
22:19:52 [DEBUG] [lighter] Subscribed to trade/42
22:19:52 [DEBUG] [lighter] Subscribed to order_book/104
22:19:52 [DEBUG] [lighter] Subscribed to order_book/23
22:19:52 [DEBUG] [lighter] Subscribed to trade/23
22:19:52 [DEBUG] [lighter] Subscribed to order_book/17
22:19:52 [DEBUG] [lighter] Subscribed to trade/17
22:19:52 [DEBUG] [lighter] Subscribed to order_book/71
22:19:52 [DEBUG] [lighter] Subscribed to trade/71
22:19:52 [DEBUG] [lighter] Subscribed to order_book/51
22:19:52 [DEBUG] [lighter] Subscribed to order_book/89
22:19:52 [DEBUG] [lighter] Subscribed to trade/89
22:19:52 [DEBUG] [lighter] Subscribed to order_book/53
22:19:52 [DEBUG] [lighter] Subscribed to trade/53
22:19:52 [DEBUG] [lighter] Subscribed to order_book/24
22:19:52 [DEBUG] [lighter] Subscribed to trade/24
22:19:52 [DEBUG] [lighter] Subscribed to trade/49
22:19:52 [DEBUG] [lighter] Subscribed to order_book/9
22:19:52 [DEBUG] [lighter] Subscribed to trade/9
22:19:52 [DEBUG] [x10] Subscribed to publicTrades/EIGEN/USD
22:19:52 [DEBUG] [x10] Subscribed to funding/EIGEN/USD
22:19:52 [DEBUG] [lighter] Subscribed to order_book/63
22:19:52 [DEBUG] [x10] Subscribed to publicTrades/FARTCOIN/USD
22:19:52 [DEBUG] [x10] Subscribed to funding/FARTCOIN/USD
22:19:52 [DEBUG] [x10] Subscribed to publicTrades/PUMP/USD
22:19:52 [DEBUG] [x10] Subscribed to funding/PUMP/USD
22:19:52 [DEBUG] [lighter] Subscribed to trade/27
22:19:52 [DEBUG] [x10] Subscribed to publicTrades/STRK/USD
22:19:52 [DEBUG] [x10] Subscribed to funding/STRK/USD
22:19:52 [DEBUG] [x10] Subscribed to publicTrades/TIA/USD
22:19:52 [DEBUG] [x10] Subscribed to funding/TIA/USD
22:19:52 [DEBUG] [lighter] Subscribed to trade/36
22:19:52 [DEBUG] [x10] Subscribed to publicTrades/BERA/USD
22:19:52 [DEBUG] [x10] Subscribed to funding/BERA/USD
22:19:52 [DEBUG] [x10] Subscribed to publicTrades/TRX/USD
22:19:52 [DEBUG] [x10] Subscribed to funding/TRX/USD
22:19:53 [DEBUG] [lighter] Subscribed to order_book/50
22:19:53 [DEBUG] [x10] Subscribed to publicTrades/XAU/USD
22:19:53 [DEBUG] [x10] Subscribed to funding/XAU/USD
22:19:53 [DEBUG] [x10] Subscribed to publicTrades/ENA/USD
22:19:53 [DEBUG] [x10] Subscribed to funding/ENA/USD
22:19:53 [DEBUG] [lighter] Subscribed to trade/86
22:19:53 [DEBUG] [x10] Subscribed to publicTrades/SUI/USD
22:19:53 [DEBUG] [x10] Subscribed to funding/SUI/USD
22:19:53 [DEBUG] [x10] Subscribed to publicTrades/LDO/USD
22:19:53 [DEBUG] [x10] Subscribed to funding/LDO/USD
22:19:53 [DEBUG] [lighter] Subscribed to trade/18
22:19:53 [DEBUG] [x10] Subscribed to publicTrades/LTC/USD
22:19:53 [DEBUG] [x10] Subscribed to funding/LTC/USD
22:19:53 [DEBUG] [lighter] Subscribed to order_book/36
22:19:53 [DEBUG] [x10] Subscribed to publicTrades/SOL/USD
22:19:53 [DEBUG] [x10] Subscribed to funding/SOL/USD
22:19:53 [DEBUG] [x10] Subscribed to publicTrades/WLD/USD
22:19:53 [DEBUG] [x10] Subscribed to funding/WLD/USD
22:19:53 [DEBUG] [lighter] Subscribed to trade/1
22:19:53 [DEBUG] [x10] Subscribed to publicTrades/LINK/USD
22:19:53 [DEBUG] [x10] Subscribed to funding/LINK/USD
22:19:53 [DEBUG] [x10] Subscribed to publicTrades/SEI/USD
22:19:53 [DEBUG] [x10] Subscribed to funding/SEI/USD
22:19:53 [DEBUG] [lighter] Subscribed to order_book/45
22:19:53 [DEBUG] [x10] Subscribed to publicTrades/CRV/USD
22:19:53 [DEBUG] [x10] Subscribed to funding/CRV/USD
22:19:53 [DEBUG] [x10] Subscribed to publicTrades/DOT/USD
22:19:53 [DEBUG] [x10] Subscribed to funding/DOT/USD
22:19:53 [DEBUG] [lighter] Subscribed to order_book/27
22:19:53 [DEBUG] [x10] Subscribed to publicTrades/XRP/USD
22:19:53 [DEBUG] [x10] Subscribed to funding/XRP/USD
22:19:53 [DEBUG] [x10] Subscribed to publicTrades/DOGE/USD
22:19:53 [DEBUG] [x10] Subscribed to funding/DOGE/USD
22:19:53 [DEBUG] [lighter] Subscribed to order_book/49
22:19:53 [DEBUG] [x10] Subscribed to publicTrades/RESOLV/USD
22:19:53 [DEBUG] [x10] Subscribed to funding/RESOLV/USD
22:19:53 [DEBUG] [lighter] Subscribed to order_book/52
22:19:53 [DEBUG] [x10] Subscribed to publicTrades/MNT/USD
22:19:53 [DEBUG] [x10] Subscribed to funding/MNT/USD
22:19:53 [DEBUG] [x10] Subscribed to publicTrades/UNI/USD
22:19:53 [DEBUG] [x10] Subscribed to funding/UNI/USD
22:19:53 [DEBUG] [lighter] Subscribed to market_stats/all
22:19:53 [DEBUG] [x10] Subscribed to publicTrades/AAVE/USD
22:19:53 [DEBUG] [x10] Subscribed to funding/AAVE/USD
22:19:54 [DEBUG] [x10] Subscribed to publicTrades/S/USD
22:19:54 [DEBUG] [x10] Subscribed to funding/S/USD
22:19:54 [DEBUG] [lighter] Subscribed to trade/72
22:19:54 [DEBUG] [x10] Subscribed to publicTrades/TON/USD
22:19:54 [DEBUG] [x10] Subscribed to funding/TON/USD
22:19:54 [DEBUG] [x10] Subscribed to publicTrades/APEX/USD
22:19:54 [DEBUG] [x10] Subscribed to funding/APEX/USD
22:19:54 [DEBUG] [x10] Subscribed to publicTrades/GRASS/USD
22:19:54 [DEBUG] [x10] Subscribed to funding/GRASS/USD
22:19:54 [DEBUG] [lighter] Subscribed to trade/20
22:19:54 [DEBUG] [x10] Subscribed to publicTrades/BCH/USD
22:19:54 [DEBUG] [x10] Subscribed to funding/BCH/USD
22:19:54 [DEBUG] [x10] Subscribed to publicTrades/WLFI/USD
22:19:54 [DEBUG] [x10] Subscribed to funding/WLFI/USD
22:19:54 [DEBUG] [lighter] Subscribed to order_book/35
22:19:54 [DEBUG] [x10] Subscribed to publicTrades/WIF/USD
22:19:54 [DEBUG] [x10] Subscribed to funding/WIF/USD
22:19:54 [DEBUG] [lighter] Subscribed to order_book/18
22:19:54 [DEBUG] [x10] Subscribed to publicTrades/VIRTUAL/USD
22:19:54 [DEBUG] [x10] Subscribed to funding/VIRTUAL/USD
22:19:54 [DEBUG] [x10] Subscribed to publicTrades/AVNT/USD
22:19:54 [DEBUG] [x10] Subscribed to funding/AVNT/USD
22:19:54 [DEBUG] [lighter] Subscribed to trade/67
22:19:54 [DEBUG] [x10] Subscribed to publicTrades/BTC/USD
22:19:54 [DEBUG] [x10] Subscribed to funding/BTC/USD
22:19:54 [DEBUG] [x10] Subscribed to publicTrades/ONDO/USD
22:19:54 [DEBUG] [x10] Subscribed to funding/ONDO/USD
22:19:54 [DEBUG] [lighter] Subscribed to order_book/16
22:19:54 [DEBUG] [x10] Subscribed to publicTrades/OP/USD
22:19:54 [DEBUG] [x10] Subscribed to funding/OP/USD
22:19:54 [DEBUG] [lighter] Subscribed to trade/35
22:19:54 [DEBUG] [x10] Subscribed to publicTrades/ADA/USD
22:19:54 [DEBUG] [x10] Subscribed to funding/ADA/USD
22:19:54 [DEBUG] [x10] Subscribed to publicTrades/ARB/USD
22:19:54 [DEBUG] [x10] Subscribed to funding/ARB/USD
22:19:54 [DEBUG] [lighter] Subscribed to trade/43
22:19:54 [DEBUG] [x10] Subscribed to publicTrades/LINEA/USD
22:19:54 [DEBUG] [x10] Subscribed to funding/LINEA/USD
22:19:54 [DEBUG] [x10] Subscribed to publicTrades/1000BONK/USD
22:19:54 [DEBUG] [x10] Subscribed to funding/1000BONK/USD
22:19:54 [DEBUG] [x10] Subscribed to publicTrades/PENGU/USD
22:19:54 [DEBUG] [x10] Subscribed to funding/PENGU/USD
22:19:54 [DEBUG] [lighter] Subscribed to trade/39
22:19:54 [DEBUG] [x10] Subscribed to publicTrades/FIL/USD
22:19:54 [DEBUG] [x10] Subscribed to funding/FIL/USD
22:19:55 [DEBUG] [lighter] Subscribed to trade/38
22:19:55 [DEBUG] [x10] Subscribed to publicTrades/JUP/USD
22:19:55 [DEBUG] [x10] Subscribed to funding/JUP/USD
22:19:55 [DEBUG] [x10] Subscribed to publicTrades/ASTER/USD
22:19:55 [DEBUG] [x10] Subscribed to funding/ASTER/USD
22:19:55 [DEBUG] [lighter] Subscribed to trade/6
22:19:55 [DEBUG] [x10] Subscribed to publicTrades/USDJPY/USD
22:19:55 [DEBUG] [x10] Subscribed to funding/USDJPY/USD
22:19:55 [DEBUG] [x10] Subscribed to publicTrades/IP/USD
22:19:55 [DEBUG] [x10] Subscribed to funding/IP/USD
22:19:55 [DEBUG] [lighter] Subscribed to order_book/3
22:19:55 [DEBUG] [x10] Subscribed to publicTrades/PENDLE/USD
22:19:55 [DEBUG] [x10] Subscribed to funding/PENDLE/USD
22:19:55 [DEBUG] [x10] Subscribed to publicTrades/NEAR/USD
22:19:55 [DEBUG] [x10] Subscribed to funding/NEAR/USD
22:19:55 [DEBUG] [lighter] Subscribed to trade/7
22:19:55 [DEBUG] [x10] Subscribed to publicTrades/ZEC/USD
22:19:55 [DEBUG] [x10] Subscribed to funding/ZEC/USD
22:19:55 [DEBUG] ✅ PUMP-USD: X10=$585,967, Lighter=$2,338,007,640, Total=$2,338,593,607
22:19:55 [DEBUG] [x10] Subscribed to publicTrades/KAITO/USD
22:19:55 [DEBUG] [x10] Subscribed to funding/KAITO/USD
22:19:55 [DEBUG] [lighter] Subscribed to trade/92
22:19:55 [DEBUG] [x10] Subscribed to publicTrades/TAO/USD
22:19:55 [DEBUG] [x10] Subscribed to funding/TAO/USD
22:19:55 [DEBUG] [lighter] Subscribed to order_book/72
22:19:55 [DEBUG] [x10] Subscribed to publicTrades/MKR/USD
22:19:55 [DEBUG] [x10] Subscribed to funding/MKR/USD
22:19:55 [DEBUG] [x10] Subscribed to publicTrades/ZRO/USD
22:19:55 [DEBUG] [x10] Subscribed to funding/ZRO/USD
22:19:55 [DEBUG] [x10] Subscribed to publicTrades/BNB/USD
22:19:55 [DEBUG] [x10] Subscribed to funding/BNB/USD
22:19:55 [DEBUG] [lighter] Subscribed to trade/8
22:19:55 [DEBUG] [x10] Subscribed to publicTrades/APT/USD
22:19:55 [DEBUG] [x10] Subscribed to funding/APT/USD
22:19:55 [DEBUG] [lighter] Subscribed to trade/50
22:19:55 [DEBUG] [x10] Subscribed to publicTrades/1000PEPE/USD
22:19:55 [DEBUG] [x10] Subscribed to funding/1000PEPE/USD
22:19:55 [DEBUG] [x10] Subscribed to publicTrades/MON/USD
22:19:55 [DEBUG] [x10] Subscribed to funding/MON/USD
22:19:55 [DEBUG] [lighter] Subscribed to order_book/46
22:19:55 [DEBUG] [x10] Subscribed to publicTrades/TRUMP/USD
22:19:55 [DEBUG] [x10] Subscribed to funding/TRUMP/USD
22:19:55 [DEBUG] [x10] Subscribed to publicTrades/XAG/USD
22:19:55 [DEBUG] [x10] Subscribed to funding/XAG/USD
22:19:55 [DEBUG] [lighter] Subscribed to order_book/32
22:19:55 [DEBUG] [x10] Subscribed to publicTrades/SPX/USD
22:19:55 [DEBUG] [x10] Subscribed to funding/SPX/USD
22:19:56 [DEBUG] [x10] Subscribed to publicTrades/POPCAT/USD
22:19:56 [DEBUG] [x10] Subscribed to funding/POPCAT/USD
22:19:56 [DEBUG] [lighter] Subscribed to trade/104
22:19:56 [DEBUG] [x10] Subscribed to publicTrades/1000SHIB/USD
22:19:56 [DEBUG] [x10] Subscribed to funding/1000SHIB/USD
22:19:56 [DEBUG] [x10] Subscribed to publicTrades/XPL/USD
22:19:56 [DEBUG] [x10] Subscribed to funding/XPL/USD
22:19:56 [DEBUG] [lighter] Subscribed to order_book/7
22:19:56 [DEBUG] [x10] Subscribed to publicTrades/EDEN/USD
22:19:56 [DEBUG] [x10] Subscribed to funding/EDEN/USD
22:19:56 [DEBUG] [x10] Subscribed to publicTrades/ZORA/USD
22:19:56 [DEBUG] [x10] Subscribed to funding/ZORA/USD
22:19:56 [DEBUG] [lighter] Subscribed to order_book/1
22:19:56 [DEBUG] [x10] Subscribed to publicTrades/HYPE/USD
22:19:56 [DEBUG] [x10] Subscribed to funding/HYPE/USD
22:19:56 [DEBUG] [x10] Subscribed to publicTrades/AVAX/USD
22:19:56 [DEBUG] [x10] Subscribed to funding/AVAX/USD
22:19:56 [DEBUG] [lighter] Subscribed to order_book/8
22:19:56 [INFO] 🔗 Components Wired: WS -> OI Tracker -> Prediction
22:19:56 [INFO] 🧟 Starte Zombie-Check: Vergleiche DB mit echten Positionen...
22:19:56 [INFO] 🔍 DB meldet 2 offene Trades. Prüfe Exchange...
22:19:56 [DEBUG] Sending GET https://api.starknet.extended.exchange/api/v1/user/positions?
22:19:56 [DEBUG] [lighter] Subscribed to order_book/20
22:19:56 [DEBUG] [lighter] Subscribed to order_book/30
22:19:56 [DEBUG] [lighter] Subscribed to trade/76
22:19:56 [DEBUG] [lighter] Subscribed to order_book/40
22:19:56 [DEBUG] [lighter] Subscribed to order_book/55
22:19:56 [DEBUG] [lighter] Subscribed to order_book/6
22:19:57 [DEBUG] [lighter] Subscribed to trade/46
22:19:57 [DEBUG] [lighter] Subscribed to order_book/67
22:19:57 [DEBUG] [lighter] Subscribed to order_book/12
22:19:57 [DEBUG] [lighter] Subscribed to trade/16
22:19:57 [DEBUG] [lighter] Subscribed to order_book/58
22:19:57 [DEBUG] [lighter] Subscribed to trade/82
22:19:57 [DEBUG] [lighter] Subscribed to order_book/41
22:19:57 [DEBUG] [lighter] Subscribed to trade/51
22:19:57 [DEBUG] [lighter] Subscribed to trade/30
22:19:57 [INFO] Lighter: Found 0 open positions
22:19:57 [INFO] 🌍 Echte Positionen auf Exchanges: []
22:19:57 [WARNING] ⚠️  ZOMBIE GEFUNDEN: RESOLV-USD ist in DB offen, aber nicht auf Exchange. Schließe ihn...
22:19:57 [INFO] ✅ Trade RESOLV-USD closed (PnL: $0.00)
22:19:57 [WARNING] ⚠️  ZOMBIE GEFUNDEN: LINEA-USD ist in DB offen, aber nicht auf Exchange. Schließe ihn...
22:19:57 [INFO] ✅ Trade LINEA-USD closed (PnL: $0.00)
22:19:57 [INFO] ✅ ParallelExecutionManager: Rollback processor started
22:19:57 [INFO] ✅ ParallelExecutionManager started
22:19:57 [INFO] 📝 Registered task: logic_loop (critical=True)
22:19:57 [INFO] 📝 Registered task: trade_management_loop (critical=True)
22:19:57 [INFO] 📝 Registered task: farm_loop (critical=False)
22:19:57 [INFO] 📝 Registered task: maintenance_loop (critical=False)
22:19:57 [INFO] 📝 Registered task: cleanup_finished_tasks (critical=False)
22:19:57 [INFO] 📝 Registered task: health_reporter (critical=False)
22:19:57 [INFO] 📝 Registered task: connection_watchdog (critical=True)
22:19:57 [INFO] ✅ Signal handlers installed (SIGINT, SIGTERM)
22:19:57 [INFO] ▶️  Started task: logic_loop
22:19:57 [INFO] ▶️  Started task: trade_management_loop
22:19:57 [INFO] ▶️  Started task: farm_loop
22:19:57 [INFO] ▶️  Started task: maintenance_loop
22:19:57 [INFO] ▶️  Started task: cleanup_finished_tasks
22:19:57 [INFO] ▶️  Started task: health_reporter
22:19:57 [INFO] ▶️  Started task: connection_watchdog
22:19:57 [INFO] 🚀 Started 7 tasks
22:19:57 [INFO] ═══════════════════════════════════════════════════════════
22:19:57 [INFO]    BOT V5 RUNNING 24/7 - SUPERVISED | Ctrl+C = Stop   
22:19:57 [INFO] ═══════════════════════════════════════════════════════════
22:19:57 [INFO] 🔄 Rollback processor running...
22:19:57 [INFO] Logic Loop gestartet – REFRESH alle 3s
22:19:57 [INFO] ⚡ Latency Arb Detector initialized (threshold: 1.0s)
22:19:57 [INFO] 🔍 🚜 FARM Scanning 67 pairs. Open symbols to skip: set()
22:19:57 [DEBUG] Price cache status: X10=67/67, Lighter=66/67
22:19:57 [INFO] 🔍 Scanning 67 pairs. Lighter markets: 115, X10 markets: 91
22:19:57 [INFO] 🛡️ Trade Management Loop gestartet
22:19:57 [INFO] 🚜 Farm Mode ACTIVE
22:19:57 [DEBUG] Sending GET https://api.starknet.extended.exchange/api/v1/user/balance
22:19:57 [DEBUG] 📊 X10 Funding Cache refresh (current=91)
22:19:57 [INFO] 🐕 Connection Watchdog gestartet (Timeout: 120s)
22:19:57 [INFO] 🔍 Supervisor loop started
22:19:57 [DEBUG] 📝 Flushed 1 writes
22:19:57 [DEBUG] 📝 Flushed 1 writes in 16.0ms
22:19:57 [DEBUG] [lighter] Subscribed to order_book/5
22:19:57 [DEBUG] Sending GET https://api.starknet.extended.exchange/api/v1/info/markets?
22:19:58 [DEBUG] [lighter] Subscribed to trade/45
22:19:58 [DEBUG] [lighter] Subscribed to order_book/82
22:19:58 [DEBUG] MKR-USD: Missing prices (X=1663.9, L=None)
22:19:58 [DEBUG] [lighter] Subscribed to trade/12
22:19:58 [INFO] ✅ Found 0 opportunities with predictions (farm_mode=True)
22:19:58 [INFO] ⚠️ Keine Prediction-Opportunities, nutze Fallback mit echten Funding Rates...
22:19:58 [INFO]  Volatility Monitor initialized: Low<3.0%, Normal<10.0%, High<20.0%, Hard Cap<50.0%
22:19:58 [DEBUG] Skip BERA-USD: Spread 0.48% too high
22:19:58 [DEBUG] ⛔ Skip XAU-USD: TradFi/FX
22:19:58 [INFO] 🔍 DEBUG RESOLV-USD: rl=-0.00031400, rx=-0.00041100, net=0.00009700, apy=85.0%
22:19:58 [INFO] 💎 RESOLV-USD | APY: 85.0%
22:19:58 [DEBUG] Skip AVNT-USD: Spread 0.37% too high
22:19:58 [INFO] 🔍 DEBUG LINEA-USD: rl=-0.00004200, rx=-0.00011900, net=0.00007700, apy=67.5%
22:19:58 [DEBUG] Skip LINEA-USD: Spread 0.35% too high
22:19:58 [INFO] 🔍 DEBUG ZRO-USD: rl=-0.00004400, rx=-0.00010900, net=0.00006500, apy=56.9%
22:19:58 [INFO] 💎 ZRO-USD | APY: 56.9%
22:19:58 [DEBUG] ⛔ Skip XAG-USD: TradFi/FX
22:19:58 [DEBUG] ⛔ Skip SPX-USD: TradFi/FX
22:19:58 [INFO] ✅ Found 29 opportunities from 63 valid pairs (farm_mode=True, scanned=67)
22:19:58 [INFO] 🎯 Found 3 opportunities, executing best...
22:19:58 [DEBUG] Sending GET https://api.starknet.extended.exchange/api/v1/user/balance
22:19:58 [DEBUG] [lighter] Subscribed to trade/52
22:19:58 [DEBUG] [lighter] Subscribed to order_book/29
22:19:58 [DEBUG] [lighter] Subscribed to trade/40
22:19:58 [DEBUG] [lighter] Subscribed to order_book/38
22:19:58 [DEBUG] [lighter] Subscribed to trade/21
22:19:58 [DEBUG] [lighter] Subscribed to trade/29
22:19:58 [DEBUG] [lighter] Subscribed to order_book/11
22:19:58 [DEBUG] Lighter Balance: Raw=$299.72, Safe=$284.74
22:19:58 [INFO] 🚜 Opening FARM: TIA-USD APY=35.0%
22:19:58 [DEBUG] Sending GET https://api.starknet.extended.exchange/api/v1/user/positions?
22:19:58 [DEBUG] 📝 Flushed 1 writes
22:19:58 [DEBUG] 📝 Flushed 1 writes in 0.0ms
22:19:58 [DEBUG] [lighter] Subscribed to trade/3
22:19:59 [DEBUG] [lighter] Subscribed to order_book/39
22:19:59 [DEBUG] ✅ TIA-USD: X10=$330,079, Lighter=$2,463,262, Total=$2,793,341
22:19:59 [DEBUG] [lighter] Subscribed to order_book/43
22:19:59 [DEBUG] [lighter] Subscribed to trade/2
22:19:59 [DEBUG] [lighter] Subscribed to order_book/86
22:19:59 [DEBUG] [lighter] Subscribed to order_book/21
22:19:59 [DEBUG] [lighter] Subscribed to trade/58
22:19:59 [INFO] Lighter: Found 0 open positions
22:19:59 [DEBUG] ✅ TIA-USD verified: No existing positions on exchanges
22:19:59 [DEBUG] MIN_NOTIONAL TIA-USD: min_base=3.00000000 coins, price=$0.5632, min_qty_usd=$1.69, min_notional_api=$10.00, final=$11.00
22:19:59 [DEBUG] Sending GET https://api.starknet.extended.exchange/api/v1/user/balance
22:19:59 [DEBUG] [lighter] Subscribed to trade/5
22:19:59 [DEBUG] [lighter] Subscribed to order_book/2
22:19:59 [DEBUG] [lighter] Subscribed to trade/32
22:19:59 [INFO] 🎲 KellyPositionSizer initialized (Safety=0.25, MaxFraction=0.1)
22:19:59 [INFO] 🎰 KELLY TIA-USD: win_rate=80.0%, kelly_fraction=0.6000, safe_fraction=0.0500, confidence=LOW, samples=0
22:19:59 [INFO] 📊 KELLY SIZE TIA-USD: base=$30.0, kelly_recommended=$14.2, final=$30.0
22:19:59 [INFO] 🚀 Opening TIA-USD: Size=$30.0 (Min=$11.0)
22:19:59 [INFO] 🔄 [PARALLEL] TIA-USD: Lighter POST-ONLY first
22:19:59 [INFO] 🚀 LIGHTER OPEN TIA-USD: side=SELL, size_usd=$30.00, price=$0.563240
22:19:59 [ERROR] 🔍 DEBUG: TIA-USD market_id = 67, type = <class 'int'>
22:19:59 [DEBUG] QUANTIZE TIA-USD: USD=30.00, coins=53.263263, raw=533, lot_size=30, final=510
22:19:59 [INFO] 🔄 [PARALLEL] TIA-USD: X10 MARKET order
22:19:59 [DEBUG] Create Order Tx Info: {"AccountIndex":60113,"ApiKeyIndex":3,"MarketIndex":67,"ClientOrderIndex":1764624054102,"BaseAmount":510,"Price":55986,"IsAsk":1,"Type":0,"TimeInForce":1,"ReduceOnly":0,"TriggerPrice":0,"OrderExpiry":1767043199822,"ExpiredAt":1764624598822,"Nonce":1874,"Sig":"HHp7FUborB6f4mBKluzULiWVg8JA+rhitDjVrBsfYOu0VUHSRiy2IIFGaiFZFuwsAIu0fvXyu3OJIvApqQvjk1CabENV3F74WZsQLJ49vBA="}
22:19:59 [DEBUG] Sending GET https://api.starknet.extended.exchange/api/v1/info/markets?
22:19:59 [DEBUG] [lighter] Subscribed to trade/55
22:19:59 [INFO]  X10: 91 Märkte geladen, 91 Funding Rates, 82 Preise
22:19:59 [DEBUG] X10: Funding Refresh OK, cache=91
22:20:00 [DEBUG] 📊 Lighter Funding Cache refresh (current=115)
22:20:00 [DEBUG] Create Order Send Tx Response: code=200 message='{"ratelimit": "didn\'t use volume quota"}' tx_hash='a00fcd9ac5958bb5379b47a8dac76cf7b0e0ef52ebf85b7de37b14e9e23a954f51bbab507d6f3518' predicted_execution_time_ms=1764623992788 additional_properties={}
22:20:00 [INFO] Lighter Order: a00fcd9ac5958bb5379b47a8dac76cf7b0e0ef52ebf85b7de37b14e9e23a954f51bbab507d6f3518
22:20:00 [DEBUG] Lighter Balance: Raw=$299.72, Safe=$284.74
22:20:00 [INFO] X10: Detected balance = $302.41
22:20:00 [INFO] 🚀 Launching 3 trades (Slots available: 3)
22:20:00 [DEBUG] Sending GET https://api.starknet.extended.exchange/api/v1/user/positions?
22:20:00 [INFO] Lighter: Found 1 open positions
22:20:00 [INFO] 💰 Balance: X10=$302.4 (free=$263.1), Lit=$284.7 (free=$245.4) | DB_Trades=0, Real_Positions=1, Locked=$5/ex
22:20:00 [INFO] 🚀 Launching trade for RESOLV-USD (APY=85.0%)
22:20:00 [DEBUG] Sending GET https://api.starknet.extended.exchange/api/v1/user/positions?
22:20:01 [DEBUG] Lighter: Loaded 379 funding rates
22:20:01 [INFO] 🚀 Launching trade for ZRO-USD (APY=56.9%)
22:20:01 [DEBUG] Sending GET https://api.starknet.extended.exchange/api/v1/user/positions?
22:20:01 [INFO] Lighter: Found 1 open positions
22:20:01 [DEBUG] ✅ RESOLV-USD verified: No existing positions on exchanges
22:20:01 [DEBUG] MIN_NOTIONAL RESOLV-USD: min_base=40.00000000 coins, price=$0.0795, min_qty_usd=$3.18, min_notional_api=$10.00, final=$11.00
22:20:01 [DEBUG] Sending GET https://api.starknet.extended.exchange/api/v1/user/balance
22:20:01 [DEBUG] Placing an order: id=3287102976930323948014357212581200519289628611691749333182978047877988509398
22:20:01 [DEBUG] Sending POST https://api.starknet.extended.exchange/api/v1/user/order, headers={<RequestHeader.ACCEPT: 'Accept'>: 'application/json', <RequestHeader.CONTENT_TYPE: 'Content-Type'>: 'application/json', <RequestHeader.USER_AGENT: 'User-Agent'>: 'X10PythonTradingClient/0.0.17', <RequestHeader.API_KEY: 'X-Api-Key'>: 'a1c9207f79f0e57ddc454bf1e16dbe49'}
22:20:01 [INFO] 🚀 Launching trade for WLFI-USD (APY=44.7%)
22:20:01 [DEBUG] Sending GET https://api.starknet.extended.exchange/api/v1/user/positions?
22:20:02 [DEBUG] Lighter: Loaded 115 prices via REST
22:20:02 [DEBUG] Lighter: Funding Refresh OK, cache=115
22:20:02 [INFO] Lighter: Found 1 open positions
22:20:02 [DEBUG] ✅ ZRO-USD verified: No existing positions on exchanges
22:20:02 [DEBUG] MIN_NOTIONAL ZRO-USD: min_base=3.00000000 coins, price=$1.2358, min_qty_usd=$3.71, min_notional_api=$10.00, final=$11.00
22:20:02 [INFO] ✅ Launched 3 trade tasks this cycle
22:20:02 [INFO] Lighter: Found 1 open positions
22:20:02 [DEBUG] ✅ WLFI-USD verified: No existing positions on exchanges
22:20:02 [DEBUG] MIN_NOTIONAL WLFI-USD: min_base=25.00000000 coins, price=$0.1514, min_qty_usd=$3.79, min_notional_api=$10.00, final=$11.00
22:20:02 [DEBUG] ✅ FARTCOIN-USD: X10=$199,950, Lighter=$7,749,116, Total=$7,949,066
22:20:02 [INFO]  X10 Order: 1995603792486080512
22:20:02 [INFO] ✅ [PARALLEL] TIA-USD: Both legs filled in 3094ms
22:20:02 [DEBUG] 📝 Trade added to state: TIA-USD
22:20:02 [DEBUG] 📝 Flushed 1 writes
22:20:02 [DEBUG] 📝 Flushed 1 writes in 0.0ms
22:20:03 [INFO] 🔍 Running periodic exchange sync check...
22:20:03 [INFO] 🔍 Starting Exchange Sync Check...
22:20:03 [DEBUG] Sending GET https://api.starknet.extended.exchange/api/v1/user/positions?
22:20:03 [DEBUG] Lighter Balance: Raw=$299.72, Safe=$284.73
22:20:03 [INFO] 🎰 KELLY RESOLV-USD: win_rate=80.0%, kelly_fraction=0.6000, safe_fraction=0.0500, confidence=LOW, samples=0
22:20:03 [INFO] 📊 KELLY SIZE RESOLV-USD: base=$30.0, kelly_recommended=$12.7, final=$30.0
22:20:03 [DEBUG] Sending GET https://api.starknet.extended.exchange/api/v1/user/balance
22:20:03 [INFO] 🎰 KELLY ZRO-USD: win_rate=80.0%, kelly_fraction=0.6000, safe_fraction=0.0500, confidence=LOW, samples=0
22:20:03 [INFO] 📊 KELLY SIZE ZRO-USD: base=$30.0, kelly_recommended=$12.7, final=$30.0
22:20:03 [DEBUG] Sending GET https://api.starknet.extended.exchange/api/v1/user/balance
22:20:03 [INFO] Lighter: Found 1 open positions
22:20:03 [INFO] ✅ Exchanges are SYNCED: 1 paired positions
22:20:03 [DEBUG]    Synced symbols: {'TIA-USD'}
22:20:03 [DEBUG] Fetching fresh positions (force=False, cache_age=1764624003.9s)
22:20:03 [DEBUG] Sending GET https://api.starknet.extended.exchange/api/v1/user/positions?
22:20:03 [INFO] 🎰 KELLY WLFI-USD: win_rate=80.0%, kelly_fraction=0.6000, safe_fraction=0.0500, confidence=LOW, samples=0
22:20:03 [INFO] 📊 KELLY SIZE WLFI-USD: base=$30.0, kelly_recommended=$12.7, final=$30.0
22:20:03 [DEBUG] 🧹 Cleaned task: TIA-USD
22:20:03 [INFO] 🚀 Opening RESOLV-USD: Size=$30.0 (Min=$11.0)
22:20:03 [INFO] 🔄 [PARALLEL] RESOLV-USD: Lighter POST-ONLY first
22:20:03 [INFO] 🚀 Opening ZRO-USD: Size=$30.0 (Min=$13.0)
22:20:03 [INFO] 🔄 [PARALLEL] ZRO-USD: Lighter POST-ONLY first
22:20:03 [INFO] 🚀 LIGHTER OPEN RESOLV-USD: side=SELL, size_usd=$30.00, price=$0.079504
22:20:03 [ERROR] 🔍 DEBUG: RESOLV-USD market_id = 51, type = <class 'int'>
22:20:03 [DEBUG] QUANTIZE RESOLV-USD: USD=30.00, coins=377.339505, raw=377, lot_size=40, final=360
22:20:03 [INFO] 🔄 [PARALLEL] RESOLV-USD: X10 MARKET order
22:20:03 [INFO] 🚀 Opening WLFI-USD: Size=$30.0 (Min=$15.9)
22:20:03 [INFO] 🔄 [PARALLEL] WLFI-USD: Lighter POST-ONLY first
22:20:03 [INFO] 🔄 [PARALLEL] ZRO-USD: X10 MARKET order
22:20:03 [INFO] 🔄 [PARALLEL] WLFI-USD: X10 MARKET order
22:20:03 [DEBUG] Create Order Tx Info: {"AccountIndex":60113,"ApiKeyIndex":3,"MarketIndex":51,"ClientOrderIndex":1764624024182,"BaseAmount":360,"Price":79026,"IsAsk":1,"Type":0,"TimeInForce":1,"ReduceOnly":0,"TriggerPrice":0,"OrderExpiry":1767043203912,"ExpiredAt":1764624602912,"Nonce":1875,"Sig":"5Bxnx4UXpHhonEpFHthqwlAPwap4dvKae0Cu6jcDRsC+/1ohDYQfcgr4ZYaByUfqgv+IWHe9G7vCeoz+c/3II2J3Q8IXB6QUczPXQ4O77RA="}
22:20:03 [INFO] 🚀 LIGHTER OPEN ZRO-USD: side=SELL, size_usd=$30.00, price=$1.235520
22:20:03 [ERROR] 🔍 DEBUG: ZRO-USD market_id = 60, type = <class 'int'>
22:20:03 [DEBUG] QUANTIZE ZRO-USD: USD=30.00, coins=24.281274, raw=243, lot_size=30, final=240
22:20:03 [INFO] 🚀 LIGHTER OPEN WLFI-USD: side=SELL, size_usd=$30.00, price=$0.151420
22:20:03 [ERROR] 🔍 DEBUG: WLFI-USD market_id = 72, type = <class 'int'>
22:20:03 [DEBUG] QUANTIZE WLFI-USD: USD=30.00, coins=198.124422, raw=1981, lot_size=250, final=1750
22:20:03 [DEBUG] Create Order Tx Info: {"AccountIndex":60113,"ApiKeyIndex":3,"MarketIndex":60,"ClientOrderIndex":1764624100087,"BaseAmount":240,"Price":122810,"IsAsk":1,"Type":0,"TimeInForce":1,"ReduceOnly":0,"TriggerPrice":0,"OrderExpiry":1767043203959,"ExpiredAt":1764624602959,"Nonce":1876,"Sig":"aOAOt3+S6eMzGsTczBt+DZBvzviEkab0yDkDqhZXmCSx5L6hJYl9ddlSEe8mnL27Iwu75c4j80Ycu7Piva7mhXj5aplnTwLKXsLbfIULOwE="}
22:20:03 [DEBUG] Create Order Tx Info: {"AccountIndex":60113,"ApiKeyIndex":3,"MarketIndex":72,"ClientOrderIndex":1764624028356,"BaseAmount":1750,"Price":15051,"IsAsk":1,"Type":0,"TimeInForce":1,"ReduceOnly":0,"TriggerPrice":0,"OrderExpiry":1767043203977,"ExpiredAt":1764624602977,"Nonce":1877,"Sig":"5d00JkvfHfH8NShVh6lN9C/uZDkB+kCRlaW9TPwcEaVh45ANEN5NZSrt5taS8wVBSo1WQ3ZAi5L2/g/lOPohP2/cuQU6HfRIfjjUl7+szm8="}
22:20:04 [DEBUG] Placing an order: id=1741162921048376803505932118795818054660769748225969687458671944714267681868
22:20:04 [DEBUG] Sending POST https://api.starknet.extended.exchange/api/v1/user/order, headers={<RequestHeader.ACCEPT: 'Accept'>: 'application/json', <RequestHeader.CONTENT_TYPE: 'Content-Type'>: 'application/json', <RequestHeader.USER_AGENT: 'User-Agent'>: 'X10PythonTradingClient/0.0.17', <RequestHeader.API_KEY: 'X-Api-Key'>: 'a1c9207f79f0e57ddc454bf1e16dbe49'}
22:20:04 [DEBUG] Placing an order: id=1553826986130700516090458301646979791692888336035175116606198420291280668408
22:20:04 [DEBUG] Sending POST https://api.starknet.extended.exchange/api/v1/user/order, headers={<RequestHeader.ACCEPT: 'Accept'>: 'application/json', <RequestHeader.CONTENT_TYPE: 'Content-Type'>: 'application/json', <RequestHeader.USER_AGENT: 'User-Agent'>: 'X10PythonTradingClient/0.0.17', <RequestHeader.API_KEY: 'X-Api-Key'>: 'a1c9207f79f0e57ddc454bf1e16dbe49'}
22:20:04 [DEBUG] Placing an order: id=1349016241189335623589370188013558360470294163068693148642241633923731657420
22:20:04 [DEBUG] Sending POST https://api.starknet.extended.exchange/api/v1/user/order, headers={<RequestHeader.ACCEPT: 'Accept'>: 'application/json', <RequestHeader.CONTENT_TYPE: 'Content-Type'>: 'application/json', <RequestHeader.USER_AGENT: 'User-Agent'>: 'X10PythonTradingClient/0.0.17', <RequestHeader.API_KEY: 'X-Api-Key'>: 'a1c9207f79f0e57ddc454bf1e16dbe49'}
22:20:04 [DEBUG] Create Order Send Tx Response: code=200 message='{"ratelimit": "didn\'t use volume quota"}' tx_hash='e2569cad0908844f148fb35e767dfd929a79bd1b6907fa8b83b1af67d54245781e1fc3c3f26c1cb5' predicted_execution_time_ms=1764623996877 additional_properties={}
22:20:04 [INFO] Lighter Order: e2569cad0908844f148fb35e767dfd929a79bd1b6907fa8b83b1af67d54245781e1fc3c3f26c1cb5
22:20:04 [DEBUG] Create Order Send Tx Response: code=200 message='{"ratelimit": "didn\'t use volume quota"}' tx_hash='4a431cdd20ad700b372f2b8befe8640af6bc582b97f9fd3b057a064c59e296b7aac99fedabf19f88' predicted_execution_time_ms=1764623996923 additional_properties={}
22:20:04 [INFO] Lighter Order: 4a431cdd20ad700b372f2b8befe8640af6bc582b97f9fd3b057a064c59e296b7aac99fedabf19f88
22:20:04 [DEBUG] Create Order Send Tx Response: code=200 message='{"ratelimit": "didn\'t use volume quota"}' tx_hash='182b25c1a1e607f65c5a09ffd98a1bb62e88db7354bb3ec0a7b11212d6257e9a23a1533d63355879' predicted_execution_time_ms=1764623996943 additional_properties={}
22:20:04 [INFO] Lighter Order: 182b25c1a1e607f65c5a09ffd98a1bb62e88db7354bb3ec0a7b11212d6257e9a23a1533d63355879
22:20:04 [INFO]  X10 Order: 1995603798357311488
22:20:04 [INFO] ✅ [PARALLEL] RESOLV-USD: Both legs filled in 406ms
22:20:04 [DEBUG] 📝 Trade added to state: RESOLV-USD
22:20:04 [DEBUG] 📝 Flushed 1 writes
22:20:04 [DEBUG] 📝 Flushed 1 writes in 0.0ms
22:20:05 [INFO]  X10 Order: 1995603801746956288
22:20:05 [INFO] ✅ [PARALLEL] ZRO-USD: Both legs filled in 1219ms
22:20:05 [DEBUG] 📝 Trade added to state: ZRO-USD
22:20:05 [INFO]  X10 Order: 1995603801947815936
22:20:05 [INFO] ✅ [PARALLEL] WLFI-USD: Both legs filled in 1266ms
22:20:05 [DEBUG] 📝 Trade added to state: WLFI-USD
22:20:05 [INFO] Lighter: Found 4 open positions
22:20:05 [INFO] 📊 Positions: X10=1, Lighter=4
22:20:05 [DEBUG] X10 positions: ['TIA-USD']
22:20:05 [DEBUG] Lighter positions: ['RESOLV-USD', 'ZRO-USD', 'TIA-USD', 'WLFI-USD']
22:20:05 [INFO] 🔍 DEBUG TIA-USD: entry_time type=<class 'str'>, value=2025-12-01T21:20:02.903852+00:00
22:20:05 [DEBUG] Check TIA-USD: Age=2.5s (Limit=60s)
22:20:05 [DEBUG] MAX_OPEN_TRADES (3) reached, waiting...
22:20:06 [DEBUG] 📝 Flushed 1 writes in 0.0ms
22:20:06 [DEBUG] Using cached positions (age: 2.5s)
22:20:06 [INFO] 🔍 DEBUG RESOLV-USD: entry_time type=<class 'str'>, value=2025-12-01T21:20:04.306202+00:00
22:20:06 [DEBUG] Check RESOLV-USD: Age=2.1s (Limit=60s)
22:20:06 [INFO] 🔍 DEBUG TIA-USD: entry_time type=<class 'str'>, value=2025-12-01T21:20:02.903852+00:00
22:20:06 [DEBUG] Check TIA-USD: Age=3.5s (Limit=60s)
22:20:06 [INFO] 🔍 DEBUG ZRO-USD: entry_time type=<class 'str'>, value=2025-12-01T21:20:05.122227+00:00
22:20:06 [DEBUG] Check ZRO-USD: Age=1.2s (Limit=60s)
22:20:06 [INFO] 🔍 DEBUG WLFI-USD: entry_time type=<class 'str'>, value=2025-12-01T21:20:05.172768+00:00
22:20:06 [DEBUG] Check WLFI-USD: Age=1.2s (Limit=60s)
22:20:06 [DEBUG] ✅ STRK-USD: X10=$151,536, Lighter=$5,682,953, Total=$5,834,489
22:20:07 [DEBUG] 📝 Flushed 2 writes
22:20:07 [DEBUG] 📝 Flushed 1 writes in 0.0ms
22:20:07 [DEBUG] Using cached positions (age: 3.5s)
22:20:07 [INFO] 🔍 DEBUG RESOLV-USD: entry_time type=<class 'str'>, value=2025-12-01T21:20:04.306202+00:00
22:20:07 [DEBUG] Check RESOLV-USD: Age=3.1s (Limit=60s)
22:20:07 [INFO] 🔍 DEBUG TIA-USD: entry_time type=<class 'str'>, value=2025-12-01T21:20:02.903852+00:00
22:20:07 [DEBUG] Check TIA-USD: Age=4.5s (Limit=60s)
22:20:07 [INFO] 🔍 DEBUG ZRO-USD: entry_time type=<class 'str'>, value=2025-12-01T21:20:05.122227+00:00
22:20:07 [DEBUG] Check ZRO-USD: Age=2.2s (Limit=60s)
22:20:07 [INFO] 🔍 DEBUG WLFI-USD: entry_time type=<class 'str'>, value=2025-12-01T21:20:05.172768+00:00
22:20:07 [DEBUG] Check WLFI-USD: Age=2.2s (Limit=60s)
22:20:08 [DEBUG] Using cached positions (age: 4.5s)
22:20:08 [INFO] 🔍 DEBUG RESOLV-USD: entry_time type=<class 'str'>, value=2025-12-01T21:20:04.306202+00:00
22:20:08 [DEBUG] Check RESOLV-USD: Age=4.1s (Limit=60s)
22:20:08 [INFO] 🔍 DEBUG TIA-USD: entry_time type=<class 'str'>, value=2025-12-01T21:20:02.903852+00:00
22:20:08 [DEBUG] Check TIA-USD: Age=5.5s (Limit=60s)
22:20:08 [INFO] 🔍 DEBUG ZRO-USD: entry_time type=<class 'str'>, value=2025-12-01T21:20:05.122227+00:00
22:20:08 [DEBUG] Check ZRO-USD: Age=3.2s (Limit=60s)
22:20:08 [INFO] 🔍 DEBUG WLFI-USD: entry_time type=<class 'str'>, value=2025-12-01T21:20:05.172768+00:00
22:20:08 [DEBUG] Check WLFI-USD: Age=3.2s (Limit=60s)
22:20:08 [DEBUG] MAX_OPEN_TRADES (3) reached, waiting...
22:20:08 [WARNING] [x10] Connection closed: 1011 Ping timeout
22:20:08 [INFO] 🔄 [x10] Reconnecting in 1.0s (attempt 1)
22:20:09 [DEBUG] Fetching fresh positions (force=False, cache_age=5.5s)
22:20:09 [DEBUG] Sending GET https://api.starknet.extended.exchange/api/v1/user/positions?
22:20:09 [INFO] Lighter: Found 4 open positions
22:20:09 [INFO] 📊 Positions: X10=4, Lighter=4
22:20:09 [DEBUG] X10 positions: ['TIA-USD', 'RESOLV-USD', 'ZRO-USD', 'WLFI-USD']
22:20:09 [DEBUG] Lighter positions: ['RESOLV-USD', 'ZRO-USD', 'TIA-USD', 'WLFI-USD']
22:20:09 [INFO] 🔍 DEBUG RESOLV-USD: entry_time type=<class 'str'>, value=2025-12-01T21:20:04.306202+00:00
22:20:09 [DEBUG] Check RESOLV-USD: Age=5.5s (Limit=60s)
22:20:09 [INFO] 🔍 DEBUG TIA-USD: entry_time type=<class 'str'>, value=2025-12-01T21:20:02.903852+00:00
22:20:09 [DEBUG] Check TIA-USD: Age=6.9s (Limit=60s)
22:20:09 [INFO] 🔍 DEBUG ZRO-USD: entry_time type=<class 'str'>, value=2025-12-01T21:20:05.122227+00:00
22:20:09 [DEBUG] Check ZRO-USD: Age=4.7s (Limit=60s)
22:20:09 [INFO] 🔍 DEBUG WLFI-USD: entry_time type=<class 'str'>, value=2025-12-01T21:20:05.172768+00:00
22:20:09 [DEBUG] Check WLFI-USD: Age=4.6s (Limit=60s)
22:20:10 [INFO] ✅ [x10] Connected to wss://api.starknet.extended.exchange/stream.extended.exchange/v1/account
22:20:10 [DEBUG] [x10] Subscribed to funding/EDEN/USD
22:20:10 [DEBUG] Using cached positions (age: 1.5s)
22:20:10 [INFO] 🔍 DEBUG RESOLV-USD: entry_time type=<class 'str'>, value=2025-12-01T21:20:04.306202+00:00
22:20:10 [DEBUG] Check RESOLV-USD: Age=6.5s (Limit=60s)
22:20:10 [INFO] 🔍 DEBUG TIA-USD: entry_time type=<class 'str'>, value=2025-12-01T21:20:02.903852+00:00
22:20:10 [DEBUG] Check TIA-USD: Age=7.9s (Limit=60s)
22:20:10 [INFO] 🔍 DEBUG ZRO-USD: entry_time type=<class 'str'>, value=2025-12-01T21:20:05.122227+00:00
22:20:10 [DEBUG] Check ZRO-USD: Age=5.7s (Limit=60s)
22:20:10 [INFO] 🔍 DEBUG WLFI-USD: entry_time type=<class 'str'>, value=2025-12-01T21:20:05.172768+00:00
22:20:10 [DEBUG] Check WLFI-USD: Age=5.6s (Limit=60s)
22:20:10 [DEBUG] [x10] Subscribed to publicTrades/ENA/USD
22:20:10 [DEBUG] [x10] Subscribed to publicTrades/LDO/USD
22:20:11 [DEBUG] [x10] Subscribed to funding/IP/USD
22:20:11 [DEBUG] [x10] Subscribed to funding/SEI/USD
22:20:11 [DEBUG] [x10] Subscribed to funding/ENA/USD
22:20:11 [DEBUG] [x10] Subscribed to publicTrades/1000PEPE/USD
22:20:11 [DEBUG] MAX_OPEN_TRADES (3) reached, waiting...
22:20:11 [DEBUG] [x10] Subscribed to publicTrades/CRV/USD
22:20:11 [DEBUG] [x10] Subscribed to funding/SUI/USD
22:20:11 [DEBUG] [x10] Subscribed to funding/DOT/USD
22:20:11 [DEBUG] [x10] Subscribed to publicTrades/AAVE/USD
22:20:11 [DEBUG] Using cached positions (age: 2.5s)
22:20:11 [INFO] 🔍 DEBUG RESOLV-USD: entry_time type=<class 'str'>, value=2025-12-01T21:20:04.306202+00:00
22:20:11 [DEBUG] Check RESOLV-USD: Age=7.5s (Limit=60s)
22:20:11 [INFO] 🔍 DEBUG TIA-USD: entry_time type=<class 'str'>, value=2025-12-01T21:20:02.903852+00:00
22:20:11 [DEBUG] Check TIA-USD: Age=8.9s (Limit=60s)
22:20:11 [INFO] 🔍 DEBUG ZRO-USD: entry_time type=<class 'str'>, value=2025-12-01T21:20:05.122227+00:00
22:20:11 [DEBUG] Check ZRO-USD: Age=6.7s (Limit=60s)
22:20:11 [INFO] 🔍 DEBUG WLFI-USD: entry_time type=<class 'str'>, value=2025-12-01T21:20:05.172768+00:00
22:20:11 [DEBUG] Check WLFI-USD: Age=6.7s (Limit=60s)
22:20:11 [DEBUG] [x10] Subscribed to funding/JUP/USD
22:20:11 [DEBUG] [x10] Subscribed to publicTrades/PENDLE/USD
22:20:12 [DEBUG] [x10] Subscribed to publicTrades/MNT/USD
22:20:12 [DEBUG] [x10] Subscribed to funding/FIL/USD
22:20:12 [DEBUG] 💓 [lighter] Ping/Pong OK
22:20:12 [DEBUG] [x10] Subscribed to publicTrades/WLFI/USD
22:20:12 [DEBUG] [x10] Subscribed to funding/AVNT/USD
22:20:12 [DEBUG] ✅ BERA-USD: X10=$234,511, Lighter=$942,862, Total=$1,177,372
22:20:12 [DEBUG] [x10] Subscribed to publicTrades/SOL/USD
22:20:12 [DEBUG] [x10] Subscribed to funding/LDO/USD
22:20:12 [DEBUG] [x10] Subscribed to publicTrades/XPL/USD
22:20:12 [DEBUG] [x10] Subscribed to publicTrades/HYPE/USD
22:20:12 [DEBUG] [x10] Subscribed to funding/TON/USD
22:20:12 [DEBUG] Using cached positions (age: 3.5s)
22:20:12 [INFO] 🔍 DEBUG RESOLV-USD: entry_time type=<class 'str'>, value=2025-12-01T21:20:04.306202+00:00
22:20:12 [DEBUG] Check RESOLV-USD: Age=8.5s (Limit=60s)
22:20:12 [INFO] 🔍 DEBUG TIA-USD: entry_time type=<class 'str'>, value=2025-12-01T21:20:02.903852+00:00
22:20:12 [DEBUG] Check TIA-USD: Age=9.9s (Limit=60s)
22:20:12 [INFO] 🔍 DEBUG ZRO-USD: entry_time type=<class 'str'>, value=2025-12-01T21:20:05.122227+00:00
22:20:12 [DEBUG] Check ZRO-USD: Age=7.7s (Limit=60s)
22:20:12 [INFO] 🔍 DEBUG WLFI-USD: entry_time type=<class 'str'>, value=2025-12-01T21:20:05.172768+00:00
22:20:12 [DEBUG] Check WLFI-USD: Age=7.7s (Limit=60s)
22:20:12 [DEBUG] [x10] Subscribed to publicTrades/BCH/USD
22:20:12 [DEBUG] [x10] Subscribed to funding/BERA/USD
22:20:13 [DEBUG] [x10] Subscribed to funding/VIRTUAL/USD
22:20:13 [DEBUG] [x10] Subscribed to funding/WLD/USD
22:20:13 [DEBUG] [x10] Subscribed to publicTrades/MKR/USD
22:20:13 [DEBUG] [x10] Subscribed to funding/PENGU/USD
22:20:13 [DEBUG] [x10] Subscribed to funding/ZEC/USD
22:20:13 [DEBUG] [x10] Subscribed to funding/MKR/USD
22:20:13 [DEBUG] [x10] Subscribed to funding/OP/USD
22:20:13 [DEBUG] [x10] Subscribed to funding/MNT/USD
22:20:13 [DEBUG] [x10] Subscribed to funding/KAITO/USD
22:20:13 [DEBUG] Using cached positions (age: 4.5s)
22:20:13 [INFO] 🔍 DEBUG RESOLV-USD: entry_time type=<class 'str'>, value=2025-12-01T21:20:04.306202+00:00
22:20:13 [DEBUG] Check RESOLV-USD: Age=9.5s (Limit=60s)
22:20:13 [INFO] 🔍 DEBUG TIA-USD: entry_time type=<class 'str'>, value=2025-12-01T21:20:02.903852+00:00
22:20:13 [DEBUG] Check TIA-USD: Age=10.9s (Limit=60s)
22:20:13 [INFO] 🔍 DEBUG ZRO-USD: entry_time type=<class 'str'>, value=2025-12-01T21:20:05.122227+00:00
22:20:13 [DEBUG] Check ZRO-USD: Age=8.7s (Limit=60s)
22:20:13 [INFO] 🔍 DEBUG WLFI-USD: entry_time type=<class 'str'>, value=2025-12-01T21:20:05.172768+00:00
22:20:13 [DEBUG] Check WLFI-USD: Age=8.7s (Limit=60s)
22:20:13 [DEBUG] [x10] Subscribed to funding/EIGEN/USD
22:20:13 [DEBUG] [x10] Subscribed to publicTrades/ARB/USD
22:20:14 [DEBUG] [x10] Subscribed to funding/1000PEPE/USD
22:20:14 [DEBUG] [x10] Subscribed to funding/XAG/USD
22:20:14 [DEBUG] [x10] Subscribed to publicTrades/TAO/USD
22:20:14 [DEBUG] [x10] Subscribed to funding/APT/USD
22:20:14 [DEBUG] MAX_OPEN_TRADES (3) reached, waiting...
22:20:14 [DEBUG] [x10] Subscribed to funding/APEX/USD
22:20:14 [DEBUG] [x10] Subscribed to publicTrades/ADA/USD
22:20:14 [DEBUG] [x10] Subscribed to publicTrades/KAITO/USD
22:20:14 [DEBUG] [x10] Subscribed to funding/AVAX/USD
22:20:14 [DEBUG] [x10] Subscribed to funding/HYPE/USD
22:20:14 [DEBUG] Fetching fresh positions (force=False, cache_age=5.5s)
22:20:14 [DEBUG] Sending GET https://api.starknet.extended.exchange/api/v1/user/positions?
22:20:14 [DEBUG] [x10] Subscribed to publicTrades/ASTER/USD
22:20:15 [DEBUG] [x10] Subscribed to publicTrades/TIA/USD
22:20:15 [DEBUG] [x10] Subscribed to publicTrades/1000BONK/USD
22:20:15 [DEBUG] [x10] Subscribed to funding/ZORA/USD
22:20:15 [INFO] Lighter: Found 4 open positions
22:20:15 [INFO] 📊 Positions: X10=4, Lighter=4
22:20:15 [DEBUG] X10 positions: ['TIA-USD', 'RESOLV-USD', 'ZRO-USD', 'WLFI-USD']
22:20:15 [DEBUG] Lighter positions: ['RESOLV-USD', 'ZRO-USD', 'TIA-USD', 'WLFI-USD']
22:20:15 [INFO] 🔍 DEBUG RESOLV-USD: entry_time type=<class 'str'>, value=2025-12-01T21:20:04.306202+00:00
22:20:15 [DEBUG] Check RESOLV-USD: Age=11.0s (Limit=60s)
22:20:15 [INFO] 🔍 DEBUG TIA-USD: entry_time type=<class 'str'>, value=2025-12-01T21:20:02.903852+00:00
22:20:15 [DEBUG] Check TIA-USD: Age=12.4s (Limit=60s)
22:20:15 [INFO] 🔍 DEBUG ZRO-USD: entry_time type=<class 'str'>, value=2025-12-01T21:20:05.122227+00:00
22:20:15 [DEBUG] Check ZRO-USD: Age=10.2s (Limit=60s)
22:20:15 [INFO] 🔍 DEBUG WLFI-USD: entry_time type=<class 'str'>, value=2025-12-01T21:20:05.172768+00:00
22:20:15 [DEBUG] Check WLFI-USD: Age=10.1s (Limit=60s)
22:20:15 [DEBUG] [x10] Subscribed to publicTrades/PENGU/USD
22:20:15 [DEBUG] [x10] Subscribed to funding/STRK/USD
22:20:15 [DEBUG] [x10] Subscribed to funding/UNI/USD
22:20:15 [DEBUG] [x10] Subscribed to funding/ASTER/USD
22:20:15 [DEBUG] [x10] Subscribed to funding/TIA/USD
22:20:15 [DEBUG] [x10] Subscribed to funding/SOL/USD
22:20:15 [DEBUG] [x10] Subscribed to funding/TAO/USD
22:20:15 [DEBUG] [x10] Subscribed to funding/S/USD
22:20:16 [DEBUG] [x10] Subscribed to funding/BCH/USD
22:20:16 [DEBUG] ✅ TRX-USD: X10=$428,864, Lighter=$7,707,638, Total=$8,136,501
22:20:16 [DEBUG] [x10] Subscribed to funding/XRP/USD
22:20:16 [DEBUG] [x10] Subscribed to funding/AAVE/USD
22:20:16 [DEBUG] Using cached positions (age: 1.5s)
22:20:16 [INFO] 🔍 DEBUG RESOLV-USD: entry_time type=<class 'str'>, value=2025-12-01T21:20:04.306202+00:00
22:20:16 [DEBUG] Check RESOLV-USD: Age=12.0s (Limit=60s)
22:20:16 [INFO] 🔍 DEBUG TIA-USD: entry_time type=<class 'str'>, value=2025-12-01T21:20:02.903852+00:00
22:20:16 [DEBUG] Check TIA-USD: Age=13.4s (Limit=60s)
22:20:16 [INFO] 🔍 DEBUG ZRO-USD: entry_time type=<class 'str'>, value=2025-12-01T21:20:05.122227+00:00
22:20:16 [DEBUG] Check ZRO-USD: Age=11.2s (Limit=60s)
22:20:16 [INFO] 🔍 DEBUG WLFI-USD: entry_time type=<class 'str'>, value=2025-12-01T21:20:05.172768+00:00
22:20:16 [DEBUG] Check WLFI-USD: Age=11.1s (Limit=60s)
22:20:16 [DEBUG] [x10] Subscribed to funding/RESOLV/USD
22:20:16 [DEBUG] [x10] Subscribed to publicTrades/POPCAT/USD
22:20:16 [DEBUG] [x10] Subscribed to publicTrades/TRUMP/USD
22:20:16 [DEBUG] [x10] Subscribed to publicTrades/APEX/USD
22:20:16 [DEBUG] [x10] Subscribed to publicTrades/SEI/USD
22:20:16 [DEBUG] [x10] Subscribed to publicTrades/NEAR/USD
22:20:16 [DEBUG] [x10] Subscribed to funding/1000SHIB/USD
22:20:16 [DEBUG] [x10] Subscribed to funding/LINK/USD
22:20:17 [DEBUG] [x10] Subscribed to funding/WLFI/USD
22:20:17 [DEBUG] [x10] Subscribed to publicTrades/XRP/USD
22:20:17 [DEBUG] [x10] Subscribed to publicTrades/OP/USD
22:20:17 [DEBUG] Using cached positions (age: 2.5s)
22:20:17 [INFO] 🔍 DEBUG RESOLV-USD: entry_time type=<class 'str'>, value=2025-12-01T21:20:04.306202+00:00
22:20:17 [DEBUG] Check RESOLV-USD: Age=13.0s (Limit=60s)
22:20:17 [INFO] 🔍 DEBUG TIA-USD: entry_time type=<class 'str'>, value=2025-12-01T21:20:02.903852+00:00
22:20:17 [DEBUG] Check TIA-USD: Age=14.4s (Limit=60s)
22:20:17 [INFO] 🔍 DEBUG ZRO-USD: entry_time type=<class 'str'>, value=2025-12-01T21:20:05.122227+00:00
22:20:17 [DEBUG] Check ZRO-USD: Age=12.2s (Limit=60s)
22:20:17 [INFO] 🔍 DEBUG WLFI-USD: entry_time type=<class 'str'>, value=2025-12-01T21:20:05.172768+00:00
22:20:17 [DEBUG] Check WLFI-USD: Age=12.1s (Limit=60s)
22:20:17 [DEBUG] [x10] Subscribed to publicTrades/ZRO/USD
22:20:17 [DEBUG] MAX_OPEN_TRADES (3) reached, waiting...
22:20:17 [DEBUG] [x10] Subscribed to publicTrades/BNB/USD
22:20:17 [DEBUG] [x10] Subscribed to publicTrades/FARTCOIN/USD
22:20:17 [DEBUG] [x10] Subscribed to funding/BNB/USD
22:20:17 [DEBUG] [x10] Subscribed to funding/FARTCOIN/USD
22:20:17 [DEBUG] [x10] Subscribed to funding/ADA/USD
22:20:17 [DEBUG] [x10] Subscribed to publicTrades/AVAX/USD
22:20:18 [DEBUG] [x10] Subscribed to publicTrades/SPX/USD
22:20:18 [DEBUG] [x10] Subscribed to publicTrades/XAG/USD
22:20:18 [DEBUG] [x10] Subscribed to publicTrades/UNI/USD
22:20:18 [DEBUG] Using cached positions (age: 3.5s)
22:20:18 [INFO] 🔍 DEBUG RESOLV-USD: entry_time type=<class 'str'>, value=2025-12-01T21:20:04.306202+00:00
22:20:18 [DEBUG] Check RESOLV-USD: Age=14.0s (Limit=60s)
22:20:18 [INFO] 🔍 DEBUG TIA-USD: entry_time type=<class 'str'>, value=2025-12-01T21:20:02.903852+00:00
22:20:18 [DEBUG] Check TIA-USD: Age=15.4s (Limit=60s)
22:20:18 [INFO] 🔍 DEBUG ZRO-USD: entry_time type=<class 'str'>, value=2025-12-01T21:20:05.122227+00:00
22:20:18 [DEBUG] Check ZRO-USD: Age=13.2s (Limit=60s)
22:20:18 [INFO] 🔍 DEBUG WLFI-USD: entry_time type=<class 'str'>, value=2025-12-01T21:20:05.172768+00:00
22:20:18 [DEBUG] Check WLFI-USD: Age=13.1s (Limit=60s)
22:20:18 [DEBUG] [x10] Subscribed to publicTrades/APT/USD
22:20:18 [DEBUG] [x10] Subscribed to publicTrades/TON/USD
22:20:18 [DEBUG] [x10] Subscribed to funding/TRUMP/USD
22:20:18 [DEBUG] [x10] Subscribed to funding/POPCAT/USD
22:20:18 [DEBUG] [x10] Subscribed to funding/LINEA/USD
22:20:18 [DEBUG] [x10] Subscribed to publicTrades/PUMP/USD
22:20:18 [DEBUG] [x10] Subscribed to funding/ZRO/USD
22:20:18 [DEBUG] [x10] Subscribed to publicTrades/S/USD
22:20:19 [DEBUG] [x10] Subscribed to funding/PUMP/USD
22:20:19 [DEBUG] [x10] Subscribed to publicTrades/MON/USD
22:20:19 [DEBUG] [x10] Subscribed to publicTrades/JUP/USD
22:20:19 [DEBUG] Using cached positions (age: 4.5s)
22:20:19 [INFO] 🔍 DEBUG RESOLV-USD: entry_time type=<class 'str'>, value=2025-12-01T21:20:04.306202+00:00
22:20:19 [DEBUG] Check RESOLV-USD: Age=15.0s (Limit=60s)
22:20:19 [INFO] 🔍 DEBUG TIA-USD: entry_time type=<class 'str'>, value=2025-12-01T21:20:02.903852+00:00
22:20:19 [DEBUG] Check TIA-USD: Age=16.4s (Limit=60s)
22:20:19 [INFO] 🔍 DEBUG ZRO-USD: entry_time type=<class 'str'>, value=2025-12-01T21:20:05.122227+00:00
22:20:19 [DEBUG] Check ZRO-USD: Age=14.2s (Limit=60s)
22:20:19 [INFO] 🔍 DEBUG WLFI-USD: entry_time type=<class 'str'>, value=2025-12-01T21:20:05.172768+00:00
22:20:19 [DEBUG] Check WLFI-USD: Age=14.1s (Limit=60s)
22:20:19 [DEBUG] [x10] Subscribed to funding/XAU/USD
22:20:19 [DEBUG] [x10] Subscribed to funding/GRASS/USD
22:20:19 [DEBUG] [x10] Subscribed to funding/NEAR/USD
22:20:19 [DEBUG] [x10] Subscribed to publicTrades/ONDO/USD
22:20:19 [DEBUG] [x10] Subscribed to publicTrades/FIL/USD
22:20:19 [DEBUG] [x10] Subscribed to publicTrades/ZEC/USD
22:20:19 [DEBUG] ✅ XAU-USD: X10=$4,248,695, Lighter=$2,003, Total=$4,250,698
22:20:19 [DEBUG] [x10] Subscribed to funding/XPL/USD
22:20:19 [DEBUG] [x10] Subscribed to publicTrades/VIRTUAL/USD
22:20:20 [DEBUG] [x10] Subscribed to publicTrades/AVNT/USD
22:20:20 [DEBUG] [x10] Subscribed to publicTrades/EDEN/USD
22:20:20 [DEBUG] [x10] Subscribed to publicTrades/LINEA/USD
22:20:20 [DEBUG] Fetching fresh positions (force=False, cache_age=5.5s)
22:20:20 [DEBUG] Sending GET https://api.starknet.extended.exchange/api/v1/user/positions?
22:20:20 [DEBUG] [x10] Subscribed to publicTrades/WIF/USD
22:20:20 [DEBUG] MAX_OPEN_TRADES (3) reached, waiting...
22:20:20 [DEBUG] [x10] Subscribed to funding/LTC/USD
22:20:20 [DEBUG] [x10] Subscribed to publicTrades/SUI/USD
22:20:20 [DEBUG] [x10] Subscribed to publicTrades/BERA/USD
22:20:20 [INFO] Lighter: Found 4 open positions
22:20:20 [INFO] 📊 Positions: X10=4, Lighter=4
22:20:20 [DEBUG] X10 positions: ['TIA-USD', 'RESOLV-USD', 'ZRO-USD', 'WLFI-USD']
22:20:20 [DEBUG] Lighter positions: ['RESOLV-USD', 'ZRO-USD', 'TIA-USD', 'WLFI-USD']
22:20:20 [INFO] 🔍 DEBUG RESOLV-USD: entry_time type=<class 'str'>, value=2025-12-01T21:20:04.306202+00:00
22:20:20 [DEBUG] Check RESOLV-USD: Age=16.4s (Limit=60s)
22:20:20 [INFO] 🔍 DEBUG TIA-USD: entry_time type=<class 'str'>, value=2025-12-01T21:20:02.903852+00:00
22:20:20 [DEBUG] Check TIA-USD: Age=17.8s (Limit=60s)
22:20:20 [INFO] 🔍 DEBUG ZRO-USD: entry_time type=<class 'str'>, value=2025-12-01T21:20:05.122227+00:00
22:20:20 [DEBUG] Check ZRO-USD: Age=15.6s (Limit=60s)
22:20:20 [INFO] 🔍 DEBUG WLFI-USD: entry_time type=<class 'str'>, value=2025-12-01T21:20:05.172768+00:00
22:20:20 [DEBUG] Check WLFI-USD: Age=15.6s (Limit=60s)
22:20:20 [INFO] 🚜 [FARM] Profit Take WLFI-USD: Age=15s, Spread=0.038% (sehr niedrig), PnL=$-0.00
22:20:20 [INFO]  💸 EXIT WLFI-USD: FARM_QUICK_PROFIT | PnL $-0.00 (Fees: $0.00)
22:20:20 [INFO]  🔻 CLOSING WLFI-USD (Atomic Smart Close)...
22:20:20 [DEBUG] [x10] Subscribed to publicTrades/EIGEN/USD
22:20:20 [DEBUG] [x10] Subscribed to publicTrades/1000SHIB/USD
22:20:20 [DEBUG] [x10] Subscribed to funding/BTC/USD
22:20:21 [DEBUG] [x10] Subscribed to publicTrades/STRK/USD
22:20:21 [DEBUG] [x10] Subscribed to publicTrades/RESOLV/USD
22:20:21 [INFO] Lighter: Found 4 open positions
22:20:21 [CRITICAL] 🚨 CRITICAL TypeError in Lighter close_live_position for WLFI-USD: '<' not supported between instances of 'float' and 'str'
   This indicates API limit data type mismatch (string vs float).
   Marking as code error for emergency recovery.
22:20:21 [WARNING] ⚠️ CODE ERROR!  Force-closing X10 AND cleaning state for WLFI-USD...
22:20:21 [DEBUG] [x10] Subscribed to publicTrades/WLD/USD
22:20:21 [DEBUG] [x10] Subscribed to publicTrades/TRX/USD
22:20:21 [DEBUG] [x10] Subscribed to publicTrades/BTC/USD
22:20:21 [DEBUG] [x10] Subscribed to funding/DOGE/USD
22:20:21 [DEBUG] [x10] Subscribed to publicTrades/USDJPY/USD
22:20:21 [DEBUG] [x10] Subscribed to publicTrades/LTC/USD
22:20:21 [DEBUG] [x10] Subscribed to funding/PENDLE/USD
22:20:21 [DEBUG] [x10] Subscribed to publicTrades/LINK/USD
22:20:21 [DEBUG] [x10] Subscribed to funding/ARB/USD
22:20:22 [DEBUG] [x10] Subscribed to funding/1000BONK/USD
22:20:22 [DEBUG] [x10] Subscribed to funding/TRX/USD
22:20:22 [DEBUG] [x10] Subscribed to funding/MON/USD
22:20:22 [DEBUG] [x10] Subscribed to publicTrades/GRASS/USD
22:20:22 [DEBUG] [x10] Subscribed to publicTrades/ZORA/USD
22:20:22 [DEBUG] [x10] Subscribed to funding/ONDO/USD
22:20:22 [DEBUG] [x10] Subscribed to publicTrades/IP/USD
22:20:22 [DEBUG] [x10] Subscribed to funding/USDJPY/USD
22:20:22 [DEBUG] [x10] Subscribed to funding/SPX/USD
22:20:22 [DEBUG] [x10] Subscribed to publicTrades/XAU/USD
22:20:23 [DEBUG] [x10] Subscribed to publicTrades/DOGE/USD
22:20:23 [DEBUG] [x10] Subscribed to publicTrades/DOT/USD
22:20:23 [DEBUG] [x10] Subscribed to funding/CRV/USD
22:20:23 [DEBUG] [x10] Subscribed to funding/WIF/USD
22:20:23 [DEBUG] MAX_OPEN_TRADES (3) reached, waiting...
22:20:23 [DEBUG] ✅ ENA-USD: X10=$221,394, Lighter=$18,046,521, Total=$18,267,915
22:20:24 [DEBUG] Sending GET https://api.starknet.extended.exchange/api/v1/user/positions?
22:20:24 [INFO] 🔻 Closing X10 WLFI-USD: size=190.000000 coins, side=BUY
22:20:24 [DEBUG] Sending GET https://api.starknet.extended.exchange/api/v1/user/positions?
22:20:24 [INFO] 🔻 X10 CLOSE WLFI-USD: size=190.000000, side=SELL
22:20:24 [DEBUG] Placing an order: id=601198599636101796592007035007353072933391612889138615204375816438274596495
22:20:24 [DEBUG] Sending POST https://api.starknet.extended.exchange/api/v1/user/order, headers={<RequestHeader.ACCEPT: 'Accept'>: 'application/json', <RequestHeader.CONTENT_TYPE: 'Content-Type'>: 'application/json', <RequestHeader.USER_AGENT: 'User-Agent'>: 'X10PythonTradingClient/0.0.17', <RequestHeader.API_KEY: 'X-Api-Key'>: 'a1c9207f79f0e57ddc454bf1e16dbe49'}
22:20:25 [INFO]  X10 Order: 1995603888494612480
22:20:26 [DEBUG] MAX_OPEN_TRADES (3) reached, waiting...
22:20:27 [DEBUG] ✅ SUI-USD: X10=$456,015, Lighter=$1,780,881, Total=$2,236,895
22:20:27 [DEBUG] Sending GET https://api.starknet.extended.exchange/api/v1/user/positions?
22:20:27 [DEBUG] 🐕 Watchdog OK: Daten-Alter 1.5s
22:20:28 [INFO] ✅ X10 WLFI-USD closed (190.000000 coins)
22:20:28 [INFO] ✅ EMERGENCY X10 close for WLFI-USD
22:20:28 [INFO] ✅ Trade WLFI-USD closed (PnL: $0.00)
22:20:28 [INFO] ✅ Removed WLFI-USD from state (preventing loop)
22:20:28 [INFO] ✅ Trade WLFI-USD closed (PnL: $0.00)
22:20:28 [DEBUG] 📝 Flushed 1 writes
22:20:28 [DEBUG] 📝 Flushed 1 writes in 0.0ms
22:20:28 [INFO]  💰 PnL WLFI-USD: $-0.00 (FARM_QUICK_PROFIT)
22:20:28 [ERROR] Kelly Sizer record_trade error for WLFI-USD: Format specifier missing precision
22:20:29 [DEBUG] Fetching fresh positions (force=False, cache_age=8.8s)
22:20:29 [DEBUG] Sending GET https://api.starknet.extended.exchange/api/v1/user/positions?
22:20:29 [DEBUG] MAX_OPEN_TRADES (3) reached, waiting...
22:20:29 [INFO] Lighter: Found 4 open positions
22:20:29 [INFO] 📊 Positions: X10=3, Lighter=4
22:20:29 [DEBUG] X10 positions: ['TIA-USD', 'RESOLV-USD', 'ZRO-USD']
22:20:29 [DEBUG] Lighter positions: ['RESOLV-USD', 'ZRO-USD', 'TIA-USD', 'WLFI-USD']
22:20:29 [INFO] 🔍 DEBUG RESOLV-USD: entry_time type=<class 'str'>, value=2025-12-01T21:20:04.306202+00:00
22:20:29 [DEBUG] Check RESOLV-USD: Age=25.2s (Limit=60s)
22:20:29 [INFO] 🔍 DEBUG TIA-USD: entry_time type=<class 'str'>, value=2025-12-01T21:20:02.903852+00:00
22:20:29 [DEBUG] Check TIA-USD: Age=26.6s (Limit=60s)
22:20:29 [INFO] 🚜 [FARM] Profit Take TIA-USD: Age=26s, Spread=0.003% (sehr niedrig), PnL=$0.00
22:20:29 [INFO]  💸 EXIT TIA-USD: FARM_QUICK_PROFIT | PnL $0.00 (Fees: $0.00)
22:20:29 [INFO]  🔻 CLOSING TIA-USD (Atomic Smart Close)...
22:20:29 [WARNING] [x10] Connection closed: 1011 Ping timeout
22:20:29 [INFO] 🔄 [x10] Reconnecting in 1.0s (attempt 1)
22:20:29 [INFO] Lighter: Found 4 open positions
22:20:29 [CRITICAL] 🚨 CRITICAL TypeError in Lighter close_live_position for TIA-USD: '<' not supported between instances of 'float' and 'str'
   This indicates API limit data type mismatch (string vs float).
   Marking as code error for emergency recovery.
22:20:29 [WARNING] ⚠️ CODE ERROR!  Force-closing X10 AND cleaning state for TIA-USD...
22:20:30 [DEBUG] 📝 Flushed 1 writes
22:20:30 [DEBUG] 📝 Flushed 1 writes in 0.0ms
22:20:31 [INFO] ✅ [x10] Connected to wss://api.starknet.extended.exchange/stream.extended.exchange/v1/account
22:20:31 [DEBUG] [x10] Subscribed to funding/EDEN/USD
22:20:31 [DEBUG] [x10] Subscribed to publicTrades/ENA/USD
22:20:32 [DEBUG] [x10] Subscribed to publicTrades/LDO/USD
22:20:32 [DEBUG] [x10] Subscribed to funding/IP/USD
22:20:32 [DEBUG] [x10] Subscribed to funding/SEI/USD
22:20:32 [DEBUG] [x10] Subscribed to funding/ENA/USD
22:20:32 [DEBUG] [x10] Subscribed to publicTrades/1000PEPE/USD
22:20:32 [DEBUG] 💓 [lighter] Ping/Pong OK
22:20:32 [DEBUG] MAX_OPEN_TRADES (3) reached, waiting...
22:20:32 [DEBUG] [x10] Subscribed to publicTrades/CRV/USD
22:20:32 [DEBUG] [x10] Subscribed to funding/SUI/USD
22:20:32 [DEBUG] [x10] Subscribed to funding/DOT/USD
22:20:32 [DEBUG] [x10] Subscribed to publicTrades/AAVE/USD
22:20:32 [DEBUG] [x10] Subscribed to funding/JUP/USD
22:20:32 [DEBUG] Sending GET https://api.starknet.extended.exchange/api/v1/user/positions?
22:20:32 [DEBUG] [x10] Subscribed to publicTrades/PENDLE/USD
22:20:33 [DEBUG] [x10] Subscribed to publicTrades/MNT/USD
22:20:33 [DEBUG] ✅ LDO-USD: X10=$153,077, Lighter=$1,741,210, Total=$1,894,287
22:20:33 [DEBUG] [x10] Subscribed to funding/FIL/USD
22:20:33 [INFO] 🔻 Closing X10 TIA-USD: size=52.000000 coins, side=BUY
22:20:33 [DEBUG] Sending GET https://api.starknet.extended.exchange/api/v1/user/positions?
22:20:33 [DEBUG] [x10] Subscribed to publicTrades/WLFI/USD
22:20:33 [DEBUG] [x10] Subscribed to funding/AVNT/USD
22:20:33 [DEBUG] [x10] Subscribed to publicTrades/SOL/USD
22:20:33 [INFO] 🔻 X10 CLOSE TIA-USD: size=52.000000, side=SELL
22:20:33 [DEBUG] Placing an order: id=3172803150591676495325731788346137958460479105544234374221217745739324204194
22:20:33 [DEBUG] Sending POST https://api.starknet.extended.exchange/api/v1/user/order, headers={<RequestHeader.ACCEPT: 'Accept'>: 'application/json', <RequestHeader.CONTENT_TYPE: 'Content-Type'>: 'application/json', <RequestHeader.USER_AGENT: 'User-Agent'>: 'X10PythonTradingClient/0.0.17', <RequestHeader.API_KEY: 'X-Api-Key'>: 'a1c9207f79f0e57ddc454bf1e16dbe49'}
22:20:33 [DEBUG] [x10] Subscribed to funding/LDO/USD
22:20:33 [DEBUG] [x10] Subscribed to publicTrades/XPL/USD
22:20:33 [DEBUG] [x10] Subscribed to publicTrades/HYPE/USD
22:20:33 [INFO]  X10 Order: 1995603921824944128
22:20:33 [DEBUG] [x10] Subscribed to funding/TON/USD
22:20:33 [DEBUG] [x10] Subscribed to publicTrades/BCH/USD
22:20:33 [DEBUG] [x10] Subscribed to funding/BERA/USD
22:20:34 [DEBUG] [x10] Subscribed to funding/VIRTUAL/USD
22:20:34 [DEBUG] [x10] Subscribed to funding/WLD/USD
22:20:34 [DEBUG] [x10] Subscribed to publicTrades/MKR/USD
22:20:34 [DEBUG] [x10] Subscribed to funding/PENGU/USD
22:20:34 [DEBUG] [x10] Subscribed to funding/ZEC/USD
22:20:34 [DEBUG] [x10] Subscribed to funding/MKR/USD
22:20:34 [DEBUG] [x10] Subscribed to funding/OP/USD
22:20:34 [DEBUG] [x10] Subscribed to funding/MNT/USD
22:20:34 [DEBUG] [x10] Subscribed to funding/KAITO/USD
22:20:34 [DEBUG] [x10] Subscribed to funding/EIGEN/USD
22:20:35 [DEBUG] [x10] Subscribed to publicTrades/ARB/USD
22:20:35 [DEBUG] [x10] Subscribed to funding/1000PEPE/USD
22:20:35 [DEBUG] [x10] Subscribed to funding/XAG/USD
22:20:35 [DEBUG] [x10] Subscribed to publicTrades/TAO/USD
22:20:35 [DEBUG] [x10] Subscribed to funding/APT/USD
22:20:35 [DEBUG] MAX_OPEN_TRADES (3) reached, waiting...
22:20:35 [DEBUG] [x10] Subscribed to funding/APEX/USD
22:20:35 [DEBUG] [x10] Subscribed to publicTrades/ADA/USD
22:20:35 [DEBUG] [x10] Subscribed to funding/AVAX/USD
22:20:35 [DEBUG] Sending GET https://api.starknet.extended.exchange/api/v1/user/positions?
22:20:35 [DEBUG] [x10] Subscribed to funding/HYPE/USD
22:20:35 [DEBUG] [x10] Subscribed to publicTrades/ASTER/USD
22:20:35 [DEBUG] [x10] Subscribed to publicTrades/TIA/USD
22:20:36 [INFO] ✅ X10 TIA-USD closed (52.000000 coins)
22:20:36 [INFO] ✅ EMERGENCY X10 close for TIA-USD
22:20:36 [INFO] ✅ Trade TIA-USD closed (PnL: $0.00)
22:20:36 [INFO] ✅ Removed TIA-USD from state (preventing loop)
22:20:36 [INFO] ✅ Trade TIA-USD closed (PnL: $0.00)
22:20:36 [DEBUG] 📝 Flushed 1 writes
22:20:36 [DEBUG] 📝 Flushed 1 writes in 0.0ms
22:20:36 [INFO]  💰 PnL TIA-USD: $0.00 (FARM_QUICK_PROFIT)
22:20:36 [ERROR] Kelly Sizer record_trade error for TIA-USD: Format specifier missing precision
22:20:36 [INFO] 🔍 DEBUG ZRO-USD: entry_time type=<class 'str'>, value=2025-12-01T21:20:05.122227+00:00
22:20:36 [DEBUG] Check ZRO-USD: Age=30.9s (Limit=60s)
22:20:36 [DEBUG] [x10] Subscribed to publicTrades/1000BONK/USD
22:20:36 [DEBUG] [x10] Subscribed to funding/ZORA/USD
22:20:36 [DEBUG] [x10] Subscribed to publicTrades/PENGU/USD
22:20:36 [DEBUG] [x10] Subscribed to funding/STRK/USD
22:20:36 [DEBUG] [x10] Subscribed to funding/UNI/USD
22:20:36 [DEBUG] [x10] Subscribed to funding/ASTER/USD
22:20:36 [DEBUG] [x10] Subscribed to funding/TIA/USD
22:20:36 [DEBUG] [x10] Subscribed to funding/SOL/USD
22:20:36 [DEBUG] [x10] Subscribed to funding/TAO/USD
22:20:36 [DEBUG] ✅ LTC-USD: X10=$214,534, Lighter=$22,103, Total=$236,636
22:20:36 [DEBUG] [x10] Subscribed to funding/S/USD
22:20:36 [DEBUG] [x10] Subscribed to funding/BCH/USD
22:20:37 [DEBUG] 📝 Flushed 1 writes
22:20:37 [DEBUG] 📝 Flushed 1 writes in 0.0ms
22:20:37 [DEBUG] Fetching fresh positions (force=False, cache_age=8.0s)
22:20:37 [DEBUG] Sending GET https://api.starknet.extended.exchange/api/v1/user/positions?
22:20:37 [DEBUG] [x10] Subscribed to funding/XRP/USD
22:20:37 [DEBUG] [x10] Subscribed to funding/AAVE/USD
22:20:37 [DEBUG] [x10] Subscribed to funding/RESOLV/USD
22:20:37 [DEBUG] [x10] Subscribed to publicTrades/POPCAT/USD
22:20:37 [DEBUG] [x10] Subscribed to publicTrades/TRUMP/USD
22:20:37 [INFO] Lighter: Found 4 open positions
22:20:37 [INFO] 📊 Positions: X10=2, Lighter=4
22:20:37 [DEBUG] X10 positions: ['RESOLV-USD', 'ZRO-USD']
22:20:37 [DEBUG] Lighter positions: ['RESOLV-USD', 'ZRO-USD', 'TIA-USD', 'WLFI-USD']
22:20:37 [INFO] 🔍 DEBUG RESOLV-USD: entry_time type=<class 'str'>, value=2025-12-01T21:20:04.306202+00:00
22:20:37 [DEBUG] Check RESOLV-USD: Age=33.2s (Limit=60s)
22:20:37 [INFO] 🔍 DEBUG ZRO-USD: entry_time type=<class 'str'>, value=2025-12-01T21:20:05.122227+00:00
22:20:37 [DEBUG] Check ZRO-USD: Age=32.4s (Limit=60s)
22:20:37 [DEBUG] [x10] Subscribed to publicTrades/APEX/USD
22:20:37 [DEBUG] [x10] Subscribed to publicTrades/SEI/USD
22:20:37 [DEBUG] [x10] Subscribed to publicTrades/NEAR/USD
22:20:37 [DEBUG] [x10] Subscribed to funding/1000SHIB/USD
22:20:37 [DEBUG] [x10] Subscribed to funding/LINK/USD
22:20:38 [DEBUG] [x10] Subscribed to funding/WLFI/USD
22:20:38 [DEBUG] [x10] Subscribed to publicTrades/XRP/USD
22:20:38 [DEBUG] [x10] Subscribed to publicTrades/OP/USD
22:20:38 [DEBUG] [x10] Subscribed to publicTrades/ZRO/USD
22:20:38 [DEBUG] [x10] Subscribed to publicTrades/BNB/USD
22:20:38 [INFO] 🔍 🚜 FARM Scanning 67 pairs. Open symbols to skip: {'ZRO-USD', 'RESOLV-USD'}
22:20:38 [DEBUG] Price cache status: X10=67/67, Lighter=66/67
22:20:38 [INFO] 🔍 Scanning 67 pairs. Lighter markets: 115, X10 markets: 91
22:20:38 [DEBUG] Using cached positions (age: 1.4s)
22:20:38 [INFO] 🔍 DEBUG RESOLV-USD: entry_time type=<class 'str'>, value=2025-12-01T21:20:04.306202+00:00
22:20:38 [DEBUG] Check RESOLV-USD: Age=34.2s (Limit=60s)
22:20:38 [INFO] 🔍 DEBUG ZRO-USD: entry_time type=<class 'str'>, value=2025-12-01T21:20:05.122227+00:00
22:20:38 [DEBUG] Check ZRO-USD: Age=33.3s (Limit=60s)
22:20:38 [DEBUG] [x10] Subscribed to publicTrades/FARTCOIN/USD
22:20:38 [DEBUG] [x10] Subscribed to funding/BNB/USD
22:20:38 [DEBUG] [x10] Subscribed to funding/FARTCOIN/USD
22:20:38 [DEBUG] MKR-USD: Missing prices (X=1663.9, L=None)
22:20:38 [INFO] ✅ Found 0 opportunities with predictions (farm_mode=True)
22:20:38 [INFO] ⚠️ Keine Prediction-Opportunities, nutze Fallback mit echten Funding Rates...
22:20:38 [INFO]  VOL REGIME: EIGEN-USD UNKNOWN -> LOW (24h Range: 0.00%)
22:20:38 [INFO]  VOL REGIME: FARTCOIN-USD UNKNOWN -> LOW (24h Range: 0.00%)
22:20:38 [INFO]  VOL REGIME: PUMP-USD UNKNOWN -> LOW (24h Range: 0.00%)
22:20:38 [INFO]  VOL REGIME: STRK-USD UNKNOWN -> LOW (24h Range: 0.00%)
22:20:38 [INFO]  VOL REGIME: TIA-USD UNKNOWN -> LOW (24h Range: 0.00%)
22:20:38 [INFO]  VOL REGIME: BERA-USD UNKNOWN -> LOW (24h Range: 0.00%)
22:20:38 [INFO]  VOL REGIME: TRX-USD UNKNOWN -> LOW (24h Range: 0.00%)
22:20:38 [DEBUG] ⛔ Skip XAU-USD: TradFi/FX
22:20:38 [INFO]  VOL REGIME: ENA-USD UNKNOWN -> LOW (24h Range: 0.00%)
22:20:38 [INFO]  VOL REGIME: SUI-USD UNKNOWN -> LOW (24h Range: 0.00%)
22:20:38 [INFO]  VOL REGIME: LDO-USD UNKNOWN -> LOW (24h Range: 0.00%)
22:20:38 [INFO]  VOL REGIME: LTC-USD UNKNOWN -> LOW (24h Range: 0.00%)
22:20:38 [INFO]  VOL REGIME: SOL-USD UNKNOWN -> LOW (24h Range: 0.00%)
22:20:38 [INFO]  VOL REGIME: WLD-USD UNKNOWN -> LOW (24h Range: 0.00%)
22:20:38 [INFO]  VOL REGIME: LINK-USD UNKNOWN -> LOW (24h Range: 0.00%)
22:20:38 [INFO]  VOL REGIME: SEI-USD UNKNOWN -> LOW (24h Range: 0.00%)
22:20:38 [INFO]  VOL REGIME: CRV-USD UNKNOWN -> LOW (24h Range: 0.00%)
22:20:38 [INFO]  VOL REGIME: XRP-USD UNKNOWN -> LOW (24h Range: 0.00%)
22:20:38 [INFO]  VOL REGIME: DOGE-USD UNKNOWN -> LOW (24h Range: 0.00%)
22:20:38 [DEBUG] 🔄 Skip RESOLV-USD: Already open (in open_syms)
22:20:38 [INFO]  VOL REGIME: MNT-USD UNKNOWN -> LOW (24h Range: 0.00%)
22:20:38 [INFO]  VOL REGIME: UNI-USD UNKNOWN -> LOW (24h Range: 0.00%)
22:20:38 [INFO]  VOL REGIME: AAVE-USD UNKNOWN -> LOW (24h Range: 0.00%)
22:20:38 [INFO]  VOL REGIME: S-USD UNKNOWN -> LOW (24h Range: 0.00%)
22:20:38 [INFO]  VOL REGIME: TON-USD UNKNOWN -> LOW (24h Range: 0.00%)
22:20:38 [DEBUG] Skip TON-USD: Spread 0.38% too high
22:20:38 [INFO]  VOL REGIME: APEX-USD UNKNOWN -> LOW (24h Range: 0.00%)
22:20:38 [INFO]  VOL REGIME: GRASS-USD UNKNOWN -> LOW (24h Range: 0.00%)
22:20:38 [INFO]  VOL REGIME: WLFI-USD UNKNOWN -> LOW (24h Range: 0.00%)
22:20:38 [INFO]  VOL REGIME: WIF-USD UNKNOWN -> LOW (24h Range: 0.00%)
22:20:38 [INFO]  VOL REGIME: VIRTUAL-USD UNKNOWN -> LOW (24h Range: 0.00%)
22:20:38 [INFO]  VOL REGIME: AVNT-USD UNKNOWN -> LOW (24h Range: 0.00%)
22:20:38 [INFO]  VOL REGIME: BTC-USD UNKNOWN -> LOW (24h Range: 0.00%)
22:20:38 [INFO]  VOL REGIME: ONDO-USD UNKNOWN -> LOW (24h Range: 0.00%)
22:20:38 [INFO]  VOL REGIME: OP-USD UNKNOWN -> LOW (24h Range: 0.00%)
22:20:38 [INFO]  VOL REGIME: ADA-USD UNKNOWN -> LOW (24h Range: 0.00%)
22:20:38 [INFO]  VOL REGIME: ARB-USD UNKNOWN -> LOW (24h Range: 0.00%)
22:20:38 [INFO]  VOL REGIME: LINEA-USD UNKNOWN -> LOW (24h Range: 0.00%)
22:20:38 [INFO] 🔍 DEBUG LINEA-USD: rl=-0.00004200, rx=-0.00011900, net=0.00007700, apy=67.5%
22:20:38 [INFO] 💎 LINEA-USD | APY: 67.5%
22:20:38 [INFO]  VOL REGIME: 1000BONK-USD UNKNOWN -> LOW (24h Range: 0.00%)
22:20:38 [INFO]  VOL REGIME: PENGU-USD UNKNOWN -> LOW (24h Range: 0.00%)
22:20:38 [INFO]  VOL REGIME: JUP-USD UNKNOWN -> LOW (24h Range: 0.00%)
22:20:38 [INFO]  VOL REGIME: ASTER-USD UNKNOWN -> LOW (24h Range: 0.00%)
22:20:38 [INFO]  VOL REGIME: IP-USD UNKNOWN -> LOW (24h Range: 0.00%)
22:20:38 [INFO]  VOL REGIME: PENDLE-USD UNKNOWN -> LOW (24h Range: 0.00%)
22:20:38 [INFO]  VOL REGIME: NEAR-USD UNKNOWN -> LOW (24h Range: 0.00%)
22:20:38 [INFO]  VOL REGIME: ZEC-USD UNKNOWN -> LOW (24h Range: 0.00%)
22:20:38 [DEBUG] Skip ZEC-USD: Spread 0.31% too high
22:20:38 [INFO]  VOL REGIME: KAITO-USD UNKNOWN -> LOW (24h Range: 0.00%)
22:20:38 [INFO]  VOL REGIME: TAO-USD UNKNOWN -> LOW (24h Range: 0.00%)
22:20:38 [DEBUG] 🔄 Skip ZRO-USD: Already open (in open_syms)
22:20:38 [INFO]  VOL REGIME: BNB-USD UNKNOWN -> LOW (24h Range: 0.00%)
22:20:38 [INFO]  VOL REGIME: APT-USD UNKNOWN -> LOW (24h Range: 0.00%)
22:20:38 [INFO]  VOL REGIME: 1000PEPE-USD UNKNOWN -> LOW (24h Range: 0.00%)
22:20:38 [INFO]  VOL REGIME: MON-USD UNKNOWN -> LOW (24h Range: 0.00%)
22:20:38 [INFO]  VOL REGIME: TRUMP-USD UNKNOWN -> LOW (24h Range: 0.00%)
22:20:38 [DEBUG] ⛔ Skip XAG-USD: TradFi/FX
22:20:38 [DEBUG] ⛔ Skip SPX-USD: TradFi/FX
22:20:38 [INFO]  VOL REGIME: POPCAT-USD UNKNOWN -> LOW (24h Range: 0.00%)
22:20:38 [INFO]  VOL REGIME: 1000SHIB-USD UNKNOWN -> LOW (24h Range: 0.00%)
22:20:38 [INFO]  VOL REGIME: XPL-USD UNKNOWN -> LOW (24h Range: 0.00%)
22:20:38 [INFO]  VOL REGIME: EDEN-USD UNKNOWN -> LOW (24h Range: 0.00%)
22:20:38 [INFO]  VOL REGIME: ZORA-USD UNKNOWN -> LOW (24h Range: 0.00%)
22:20:38 [INFO]  VOL REGIME: HYPE-USD UNKNOWN -> LOW (24h Range: 0.00%)
22:20:38 [INFO]  VOL REGIME: AVAX-USD UNKNOWN -> LOW (24h Range: 0.00%)
22:20:38 [INFO] ✅ Found 28 opportunities from 61 valid pairs (farm_mode=True, scanned=67)
22:20:38 [INFO] 🎯 Found 3 opportunities, executing best...
22:20:38 [DEBUG] Sending GET https://api.starknet.extended.exchange/api/v1/user/balance
22:20:38 [DEBUG] [x10] Subscribed to funding/ADA/USD
22:20:38 [DEBUG] [x10] Subscribed to publicTrades/AVAX/USD
22:20:38 [INFO] 🚜 Farm Mode ACTIVE
22:20:38 [DEBUG] [x10] Subscribed to publicTrades/DOT/USD
22:20:39 [DEBUG] [x10] Subscribed to publicTrades/SPX/USD
22:20:39 [DEBUG] [x10] Subscribed to publicTrades/XAG/USD
22:20:39 [DEBUG] [x10] Subscribed to publicTrades/UNI/USD
22:20:39 [DEBUG] [x10] Subscribed to publicTrades/APT/USD
22:20:39 [DEBUG] [x10] Subscribed to publicTrades/TON/USD
22:20:39 [DEBUG] Using cached positions (age: 2.4s)
22:20:39 [INFO] 🔍 DEBUG RESOLV-USD: entry_time type=<class 'str'>, value=2025-12-01T21:20:04.306202+00:00
22:20:39 [DEBUG] Check RESOLV-USD: Age=35.2s (Limit=60s)
22:20:39 [INFO] 🔍 DEBUG ZRO-USD: entry_time type=<class 'str'>, value=2025-12-01T21:20:05.122227+00:00
22:20:39 [DEBUG] Check ZRO-USD: Age=34.3s (Limit=60s)
22:20:39 [DEBUG] [x10] Subscribed to funding/TRUMP/USD
22:20:39 [DEBUG] [x10] Subscribed to funding/POPCAT/USD
22:20:39 [DEBUG] [x10] Subscribed to funding/LINEA/USD
22:20:39 [DEBUG] Lighter Balance: Raw=$299.56, Safe=$284.59
22:20:39 [INFO] X10: Detected balance = $302.56
22:20:39 [INFO] 🚀 Launching 1 trades (Slots available: 1)
22:20:39 [DEBUG] Sending GET https://api.starknet.extended.exchange/api/v1/user/positions?
22:20:39 [DEBUG] [x10] Subscribed to publicTrades/PUMP/USD
22:20:39 [DEBUG] [x10] Subscribed to funding/ZRO/USD
22:20:39 [DEBUG] [x10] Subscribed to publicTrades/S/USD
22:20:40 [DEBUG] [x10] Subscribed to funding/PUMP/USD
22:20:40 [DEBUG] [x10] Subscribed to publicTrades/MON/USD
22:20:40 [DEBUG] [x10] Subscribed to publicTrades/JUP/USD
22:20:40 [DEBUG] [x10] Subscribed to funding/XAU/USD
22:20:40 [DEBUG] Using cached positions (age: 3.4s)
22:20:40 [INFO] 🔍 DEBUG RESOLV-USD: entry_time type=<class 'str'>, value=2025-12-01T21:20:04.306202+00:00
22:20:40 [DEBUG] Check RESOLV-USD: Age=36.2s (Limit=60s)
22:20:40 [INFO] 🔍 DEBUG ZRO-USD: entry_time type=<class 'str'>, value=2025-12-01T21:20:05.122227+00:00
22:20:40 [DEBUG] Check ZRO-USD: Age=35.3s (Limit=60s)
22:20:40 [DEBUG] [x10] Subscribed to funding/GRASS/USD
22:20:40 [INFO] Lighter: Found 4 open positions
22:20:40 [INFO] 💰 Balance: X10=$302.6 (free=$280.4), Lit=$284.6 (free=$262.4) | DB_Trades=2, Real_Positions=4, Locked=$19/ex
22:20:40 [INFO] 🚀 Launching trade for LINEA-USD (APY=67.5%)
22:20:40 [DEBUG] Sending GET https://api.starknet.extended.exchange/api/v1/user/positions?
22:20:40 [DEBUG] [x10] Subscribed to funding/NEAR/USD
22:20:40 [DEBUG] ✅ SOL-USD: X10=$3,838,502, Lighter=$446,655, Total=$4,285,157
22:20:40 [DEBUG] [x10] Subscribed to publicTrades/ONDO/USD
22:20:40 [DEBUG] [x10] Subscribed to publicTrades/FIL/USD
22:20:40 [DEBUG] [x10] Subscribed to publicTrades/ZEC/USD
22:20:40 [DEBUG] [x10] Subscribed to funding/XPL/USD
22:20:41 [INFO] ✅ Launched 1 trade tasks this cycle
22:20:41 [DEBUG] [x10] Subscribed to publicTrades/VIRTUAL/USD
22:20:41 [DEBUG] [x10] Subscribed to publicTrades/AVNT/USD
22:20:41 [INFO] Lighter: Found 4 open positions
22:20:41 [DEBUG] ✅ LINEA-USD verified: No existing positions on exchanges
22:20:41 [DEBUG] MIN_NOTIONAL LINEA-USD: min_base=100.00000000 coins, price=$0.0091, min_qty_usd=$0.91, min_notional_api=$10.00, final=$11.00
22:20:41 [DEBUG] Sending GET https://api.starknet.extended.exchange/api/v1/user/balance
22:20:41 [DEBUG] [x10] Subscribed to publicTrades/EDEN/USD
22:20:41 [DEBUG] [x10] Subscribed to publicTrades/LINEA/USD
22:20:41 [DEBUG] [x10] Subscribed to publicTrades/WIF/USD
22:20:41 [INFO] 🎰 KELLY LINEA-USD: win_rate=0.0%, kelly_fraction=0.0000, safe_fraction=0.0200, confidence=LOW, samples=2
22:20:41 [INFO] 📊 KELLY SIZE LINEA-USD: base=$30.0, kelly_recommended=$5.7, final=$30.0
22:20:41 [INFO] 🚀 Opening LINEA-USD: Size=$30.0 (Min=$11.0)
22:20:41 [INFO] 🔄 [PARALLEL] LINEA-USD: Lighter POST-ONLY first
22:20:41 [INFO] 🚀 LIGHTER OPEN LINEA-USD: side=SELL, size_usd=$30.00, price=$0.009088
22:20:41 [ERROR] 🔍 DEBUG: LINEA-USD market_id = 76, type = <class 'int'>
22:20:41 [DEBUG] QUANTIZE LINEA-USD: USD=30.00, coins=3301.056338, raw=3301, lot_size=100, final=3300
22:20:41 [INFO] 🔄 [PARALLEL] LINEA-USD: X10 MARKET order
22:20:41 [DEBUG] Using cached positions (age: 4.4s)
22:20:41 [INFO] 🔍 DEBUG RESOLV-USD: entry_time type=<class 'str'>, value=2025-12-01T21:20:04.306202+00:00
22:20:41 [DEBUG] Check RESOLV-USD: Age=37.2s (Limit=60s)
22:20:41 [INFO] 🔍 DEBUG ZRO-USD: entry_time type=<class 'str'>, value=2025-12-01T21:20:05.122227+00:00
22:20:41 [DEBUG] Check ZRO-USD: Age=36.3s (Limit=60s)
22:20:41 [DEBUG] Create Order Tx Info: {"AccountIndex":60113,"ApiKeyIndex":3,"MarketIndex":76,"ClientOrderIndex":1764624112125,"BaseAmount":3300,"Price":9033,"IsAsk":1,"Type":0,"TimeInForce":1,"ReduceOnly":0,"TriggerPrice":0,"OrderExpiry":1767043241461,"ExpiredAt":1764624640461,"Nonce":1878,"Sig":"vEHc8NlLfL0F1U3tZRKSuk8FenjtaaOy6yiOr4snRfnzwg73G65za2pX6XqJBSAoBwrAuYPCYX4CQULlnq06C7aRdXKR9Cg5hc4Pa/MS0l8="}
22:20:41 [DEBUG] [x10] Subscribed to funding/LTC/USD
22:20:41 [DEBUG] Placing an order: id=1889983755508241539864979829390147477039391416874955480243623427677794050025
22:20:41 [DEBUG] Sending POST https://api.starknet.extended.exchange/api/v1/user/order, headers={<RequestHeader.ACCEPT: 'Accept'>: 'application/json', <RequestHeader.CONTENT_TYPE: 'Content-Type'>: 'application/json', <RequestHeader.USER_AGENT: 'User-Agent'>: 'X10PythonTradingClient/0.0.17', <RequestHeader.API_KEY: 'X-Api-Key'>: 'a1c9207f79f0e57ddc454bf1e16dbe49'}
22:20:41 [DEBUG] [x10] Subscribed to publicTrades/SUI/USD
22:20:41 [DEBUG] [x10] Subscribed to publicTrades/BERA/USD
22:20:41 [DEBUG] Create Order Send Tx Response: code=200 message='{"ratelimit": "didn\'t use volume quota"}' tx_hash='585fc2ff61707646f05c1a152f5aa13f563db3098ddc76709c2b7dd790dc0e915208aa5f2f0e2ebe' predicted_execution_time_ms=1764624034423 additional_properties={}
22:20:41 [INFO] Lighter Order: 585fc2ff61707646f05c1a152f5aa13f563db3098ddc76709c2b7dd790dc0e915208aa5f2f0e2ebe
22:20:41 [INFO]  X10 Order: 1995603955443462144
22:20:41 [INFO] ✅ [PARALLEL] LINEA-USD: Both legs filled in 313ms
22:20:41 [DEBUG] 📝 Trade added to state: LINEA-USD
22:20:41 [DEBUG] 📝 Flushed 1 writes
22:20:41 [DEBUG] 📝 Flushed 1 writes in 0.0ms
22:20:41 [DEBUG] [x10] Subscribed to publicTrades/EIGEN/USD
22:20:41 [DEBUG] [x10] Subscribed to publicTrades/1000SHIB/USD
22:20:41 [DEBUG] [x10] Subscribed to funding/BTC/USD
22:20:42 [DEBUG] [x10] Subscribed to publicTrades/STRK/USD
22:20:42 [DEBUG] [x10] Subscribed to publicTrades/RESOLV/USD
22:20:42 [DEBUG] [x10] Subscribed to publicTrades/WLD/USD
22:20:42 [DEBUG] [x10] Subscribed to publicTrades/TRX/USD
22:20:42 [DEBUG] [x10] Subscribed to publicTrades/BTC/USD
22:20:42 [DEBUG] Fetching fresh positions (force=False, cache_age=5.4s)
22:20:42 [DEBUG] Sending GET https://api.starknet.extended.exchange/api/v1/user/positions?
22:20:42 [DEBUG] [x10] Subscribed to funding/DOGE/USD
22:20:42 [DEBUG] [x10] Subscribed to publicTrades/USDJPY/USD
22:20:42 [DEBUG] [x10] Subscribed to publicTrades/LTC/USD
22:20:42 [DEBUG] [x10] Subscribed to funding/PENDLE/USD
22:20:42 [DEBUG] [x10] Subscribed to publicTrades/LINK/USD
22:20:42 [INFO] Lighter: Found 5 open positions
22:20:42 [INFO] 📊 Positions: X10=3, Lighter=5
22:20:42 [DEBUG] X10 positions: ['RESOLV-USD', 'ZRO-USD', 'LINEA-USD']
22:20:42 [DEBUG] Lighter positions: ['RESOLV-USD', 'ZRO-USD', 'TIA-USD', 'WLFI-USD', 'LINEA-USD']
22:20:42 [INFO] 🔍 DEBUG RESOLV-USD: entry_time type=<class 'str'>, value=2025-12-01T21:20:04.306202+00:00
22:20:42 [DEBUG] Check RESOLV-USD: Age=38.6s (Limit=60s)
22:20:42 [INFO] 🔍 DEBUG LINEA-USD: entry_time type=<class 'str'>, value=2025-12-01T21:20:41.760721+00:00
22:20:42 [DEBUG] Check LINEA-USD: Age=1.1s (Limit=60s)
22:20:42 [INFO] 🔍 DEBUG ZRO-USD: entry_time type=<class 'str'>, value=2025-12-01T21:20:05.122227+00:00
22:20:42 [DEBUG] Check ZRO-USD: Age=37.8s (Limit=60s)
22:20:42 [DEBUG] [x10] Subscribed to funding/ARB/USD
22:20:43 [DEBUG] [x10] Subscribed to funding/1000BONK/USD
22:20:43 [DEBUG] [x10] Subscribed to funding/TRX/USD
22:20:43 [DEBUG] [x10] Subscribed to funding/MON/USD
22:20:43 [DEBUG] [x10] Subscribed to publicTrades/GRASS/USD
22:20:43 [DEBUG] [x10] Subscribed to publicTrades/ZORA/USD
22:20:43 [DEBUG] [x10] Subscribed to funding/ONDO/USD
22:20:43 [DEBUG] [x10] Subscribed to publicTrades/IP/USD
22:20:43 [DEBUG] [x10] Subscribed to funding/USDJPY/USD
22:20:43 [DEBUG] [x10] Subscribed to funding/SPX/USD
22:20:43 [DEBUG] Using cached positions (age: 1.4s)
22:20:43 [INFO] 🔍 DEBUG RESOLV-USD: entry_time type=<class 'str'>, value=2025-12-01T21:20:04.306202+00:00
22:20:43 [DEBUG] Check RESOLV-USD: Age=39.6s (Limit=60s)
22:20:43 [INFO] 🔍 DEBUG LINEA-USD: entry_time type=<class 'str'>, value=2025-12-01T21:20:41.760721+00:00
22:20:43 [DEBUG] Check LINEA-USD: Age=2.1s (Limit=60s)
22:20:43 [INFO] 🔍 DEBUG ZRO-USD: entry_time type=<class 'str'>, value=2025-12-01T21:20:05.122227+00:00
22:20:43 [DEBUG] Check ZRO-USD: Age=38.8s (Limit=60s)
22:20:43 [DEBUG] [x10] Subscribed to publicTrades/XAU/USD
22:20:44 [DEBUG] MAX_OPEN_TRADES (3) reached, waiting...
22:20:44 [DEBUG] [x10] Subscribed to publicTrades/DOGE/USD
22:20:44 [DEBUG] [x10] Subscribed to publicTrades/KAITO/USD
22:20:44 [DEBUG] [x10] Subscribed to funding/CRV/USD
22:20:44 [DEBUG] ✅ WLD-USD: X10=$92,623, Lighter=$1,865,698, Total=$1,958,321
22:20:44 [DEBUG] [x10] Subscribed to funding/WIF/USD
22:20:44 [DEBUG] Using cached positions (age: 2.4s)
22:20:44 [INFO] 🔍 DEBUG RESOLV-USD: entry_time type=<class 'str'>, value=2025-12-01T21:20:04.306202+00:00
22:20:44 [DEBUG] Check RESOLV-USD: Age=40.6s (Limit=60s)
22:20:44 [INFO] 🔍 DEBUG LINEA-USD: entry_time type=<class 'str'>, value=2025-12-01T21:20:41.760721+00:00
22:20:44 [DEBUG] Check LINEA-USD: Age=3.1s (Limit=60s)
22:20:44 [INFO] 🔍 DEBUG ZRO-USD: entry_time type=<class 'str'>, value=2025-12-01T21:20:05.122227+00:00
22:20:44 [DEBUG] Check ZRO-USD: Age=39.8s (Limit=60s)
22:20:45 [DEBUG] Using cached positions (age: 3.4s)
22:20:45 [INFO] 🔍 DEBUG RESOLV-USD: entry_time type=<class 'str'>, value=2025-12-01T21:20:04.306202+00:00
22:20:45 [DEBUG] Check RESOLV-USD: Age=41.6s (Limit=60s)
22:20:45 [INFO] 🔍 DEBUG LINEA-USD: entry_time type=<class 'str'>, value=2025-12-01T21:20:41.760721+00:00
22:20:45 [DEBUG] Check LINEA-USD: Age=4.1s (Limit=60s)
22:20:45 [INFO] 🔍 DEBUG ZRO-USD: entry_time type=<class 'str'>, value=2025-12-01T21:20:05.122227+00:00
22:20:45 [DEBUG] Check ZRO-USD: Age=40.8s (Limit=60s)
22:20:46 [DEBUG] Using cached positions (age: 4.4s)
22:20:46 [INFO] 🔍 DEBUG RESOLV-USD: entry_time type=<class 'str'>, value=2025-12-01T21:20:04.306202+00:00
22:20:46 [DEBUG] Check RESOLV-USD: Age=42.6s (Limit=60s)
22:20:46 [INFO] 🔍 DEBUG LINEA-USD: entry_time type=<class 'str'>, value=2025-12-01T21:20:41.760721+00:00
22:20:46 [DEBUG] Check LINEA-USD: Age=5.1s (Limit=60s)
22:20:46 [INFO] 🔍 DEBUG ZRO-USD: entry_time type=<class 'str'>, value=2025-12-01T21:20:05.122227+00:00
22:20:46 [DEBUG] Check ZRO-USD: Age=41.8s (Limit=60s)
22:20:47 [DEBUG] MAX_OPEN_TRADES (3) reached, waiting...
22:20:47 [DEBUG] Fetching fresh positions (force=False, cache_age=5.4s)
22:20:47 [DEBUG] Sending GET https://api.starknet.extended.exchange/api/v1/user/positions?
22:20:48 [DEBUG] ✅ LINK-USD: X10=$276,789, Lighter=$211,226, Total=$488,015
22:20:48 [INFO] Lighter: Found 5 open positions
22:20:48 [INFO] 📊 Positions: X10=3, Lighter=5
22:20:48 [DEBUG] X10 positions: ['RESOLV-USD', 'ZRO-USD', 'LINEA-USD']
22:20:48 [DEBUG] Lighter positions: ['RESOLV-USD', 'ZRO-USD', 'TIA-USD', 'WLFI-USD', 'LINEA-USD']
22:20:48 [INFO] 🔍 DEBUG RESOLV-USD: entry_time type=<class 'str'>, value=2025-12-01T21:20:04.306202+00:00
22:20:48 [DEBUG] Check RESOLV-USD: Age=44.0s (Limit=60s)
22:20:48 [INFO] 🔍 DEBUG LINEA-USD: entry_time type=<class 'str'>, value=2025-12-01T21:20:41.760721+00:00
22:20:48 [DEBUG] Check LINEA-USD: Age=6.6s (Limit=60s)
22:20:48 [INFO] 🔍 DEBUG ZRO-USD: entry_time type=<class 'str'>, value=2025-12-01T21:20:05.122227+00:00
22:20:48 [DEBUG] Check ZRO-USD: Age=43.2s (Limit=60s)
22:20:48 [INFO] 🚜 Farm Mode ACTIVE
22:20:49 [DEBUG] Using cached positions (age: 1.4s)
22:20:49 [INFO] 🔍 DEBUG RESOLV-USD: entry_time type=<class 'str'>, value=2025-12-01T21:20:04.306202+00:00
22:20:49 [DEBUG] Check RESOLV-USD: Age=45.0s (Limit=60s)
22:20:49 [INFO] 🔍 DEBUG LINEA-USD: entry_time type=<class 'str'>, value=2025-12-01T21:20:41.760721+00:00
22:20:49 [DEBUG] Check LINEA-USD: Age=7.6s (Limit=60s)
22:20:49 [INFO] 🔍 DEBUG ZRO-USD: entry_time type=<class 'str'>, value=2025-12-01T21:20:05.122227+00:00
22:20:49 [DEBUG] Check ZRO-USD: Age=44.2s (Limit=60s)
22:20:50 [DEBUG] MAX_OPEN_TRADES (3) reached, waiting...
22:20:50 [DEBUG] Using cached positions (age: 2.4s)
22:20:50 [INFO] 🔍 DEBUG RESOLV-USD: entry_time type=<class 'str'>, value=2025-12-01T21:20:04.306202+00:00
22:20:50 [DEBUG] Check RESOLV-USD: Age=46.0s (Limit=60s)
22:20:50 [INFO] 🔍 DEBUG LINEA-USD: entry_time type=<class 'str'>, value=2025-12-01T21:20:41.760721+00:00
22:20:50 [DEBUG] Check LINEA-USD: Age=8.6s (Limit=60s)
22:20:50 [INFO] 🔍 DEBUG ZRO-USD: entry_time type=<class 'str'>, value=2025-12-01T21:20:05.122227+00:00
22:20:50 [DEBUG] Check ZRO-USD: Age=45.2s (Limit=60s)
22:20:51 [DEBUG] Using cached positions (age: 3.4s)
22:20:51 [INFO] 🔍 DEBUG RESOLV-USD: entry_time type=<class 'str'>, value=2025-12-01T21:20:04.306202+00:00
22:20:51 [DEBUG] Check RESOLV-USD: Age=47.0s (Limit=60s)
22:20:51 [INFO] 🔍 DEBUG LINEA-USD: entry_time type=<class 'str'>, value=2025-12-01T21:20:41.760721+00:00
22:20:51 [DEBUG] Check LINEA-USD: Age=9.6s (Limit=60s)
22:20:51 [INFO] 🔍 DEBUG ZRO-USD: entry_time type=<class 'str'>, value=2025-12-01T21:20:05.122227+00:00
22:20:51 [DEBUG] Check ZRO-USD: Age=46.2s (Limit=60s)
22:20:52 [DEBUG] Using cached positions (age: 4.4s)
22:20:52 [INFO] 🔍 DEBUG RESOLV-USD: entry_time type=<class 'str'>, value=2025-12-01T21:20:04.306202+00:00
22:20:52 [DEBUG] Check RESOLV-USD: Age=48.0s (Limit=60s)
22:20:52 [INFO] 🔍 DEBUG LINEA-USD: entry_time type=<class 'str'>, value=2025-12-01T21:20:41.760721+00:00
22:20:52 [DEBUG] Check LINEA-USD: Age=10.6s (Limit=60s)
22:20:52 [INFO] 🔍 DEBUG ZRO-USD: entry_time type=<class 'str'>, value=2025-12-01T21:20:05.122227+00:00
22:20:52 [DEBUG] Check ZRO-USD: Age=47.2s (Limit=60s)
22:20:52 [DEBUG] 💓 [lighter] Ping/Pong OK
22:20:52 [WARNING] [x10] Connection closed: 1011 Ping timeout
22:20:52 [ERROR] [x10] Send error: received 1011 (internal error) Ping timeout; then sent 1011 (internal error) Ping timeout
22:20:52 [DEBUG] 💓 [x10] App-Ping sent
22:20:52 [INFO] 🔄 [x10] Reconnecting in 1.0s (attempt 1)
22:20:53 [DEBUG] MAX_OPEN_TRADES (3) reached, waiting...
22:20:53 [DEBUG] Fetching fresh positions (force=False, cache_age=5.4s)
22:20:53 [DEBUG] Sending GET https://api.starknet.extended.exchange/api/v1/user/positions?
22:20:53 [INFO] Lighter: Found 5 open positions
22:20:53 [INFO] 📊 Positions: X10=3, Lighter=5
22:20:53 [DEBUG] X10 positions: ['RESOLV-USD', 'ZRO-USD', 'LINEA-USD']
22:20:53 [DEBUG] Lighter positions: ['RESOLV-USD', 'ZRO-USD', 'TIA-USD', 'WLFI-USD', 'LINEA-USD']
22:20:53 [INFO] 🔍 DEBUG RESOLV-USD: entry_time type=<class 'str'>, value=2025-12-01T21:20:04.306202+00:00
22:20:53 [DEBUG] Check RESOLV-USD: Age=49.5s (Limit=60s)
22:20:53 [INFO] 🔍 DEBUG LINEA-USD: entry_time type=<class 'str'>, value=2025-12-01T21:20:41.760721+00:00
22:20:53 [DEBUG] Check LINEA-USD: Age=12.0s (Limit=60s)
22:20:53 [INFO] 🔍 DEBUG ZRO-USD: entry_time type=<class 'str'>, value=2025-12-01T21:20:05.122227+00:00
22:20:53 [DEBUG] Check ZRO-USD: Age=48.7s (Limit=60s)
22:20:53 [DEBUG] ✅ CRV-USD: X10=$177,546, Lighter=$2,384,303, Total=$2,561,849
22:20:54 [DEBUG] Using cached positions (age: 1.5s)
22:20:54 [INFO] 🔍 DEBUG RESOLV-USD: entry_time type=<class 'str'>, value=2025-12-01T21:20:04.306202+00:00
22:20:54 [DEBUG] Check RESOLV-USD: Age=50.5s (Limit=60s)
22:20:54 [INFO] 🔍 DEBUG LINEA-USD: entry_time type=<class 'str'>, value=2025-12-01T21:20:41.760721+00:00
22:20:54 [DEBUG] Check LINEA-USD: Age=13.0s (Limit=60s)
22:20:54 [INFO] 🔍 DEBUG ZRO-USD: entry_time type=<class 'str'>, value=2025-12-01T21:20:05.122227+00:00
22:20:54 [DEBUG] Check ZRO-USD: Age=49.7s (Limit=60s)
22:20:54 [INFO] ✅ [x10] Connected to wss://api.starknet.extended.exchange/stream.extended.exchange/v1/account
22:20:54 [DEBUG] [x10] Subscribed to funding/EDEN/USD
22:20:54 [DEBUG] [x10] Subscribed to publicTrades/ENA/USD
22:20:55 [DEBUG] [x10] Subscribed to publicTrades/LDO/USD
22:20:55 [DEBUG] [x10] Subscribed to funding/IP/USD
22:20:55 [DEBUG] [x10] Subscribed to funding/SEI/USD
22:20:55 [DEBUG] [x10] Subscribed to funding/ENA/USD
22:20:55 [DEBUG] [x10] Subscribed to publicTrades/1000PEPE/USD
22:20:55 [DEBUG] [x10] Subscribed to publicTrades/CRV/USD
22:20:55 [DEBUG] [x10] Subscribed to funding/SUI/USD
22:20:55 [DEBUG] [x10] Subscribed to funding/DOT/USD
22:20:55 [DEBUG] Using cached positions (age: 2.5s)
22:20:55 [INFO] 🔍 DEBUG RESOLV-USD: entry_time type=<class 'str'>, value=2025-12-01T21:20:04.306202+00:00
22:20:55 [DEBUG] Check RESOLV-USD: Age=51.5s (Limit=60s)
22:20:55 [INFO] 🔍 DEBUG LINEA-USD: entry_time type=<class 'str'>, value=2025-12-01T21:20:41.760721+00:00
22:20:55 [DEBUG] Check LINEA-USD: Age=14.0s (Limit=60s)
22:20:55 [INFO] 🔍 DEBUG ZRO-USD: entry_time type=<class 'str'>, value=2025-12-01T21:20:05.122227+00:00
22:20:55 [DEBUG] Check ZRO-USD: Age=50.7s (Limit=60s)
22:20:55 [DEBUG] [x10] Subscribed to publicTrades/AAVE/USD
22:20:55 [DEBUG] [x10] Subscribed to funding/JUP/USD
22:20:55 [DEBUG] [x10] Subscribed to publicTrades/PENDLE/USD
22:20:56 [DEBUG] MAX_OPEN_TRADES (3) reached, waiting...
22:20:56 [DEBUG] [x10] Subscribed to publicTrades/MNT/USD
22:20:56 [DEBUG] [x10] Subscribed to funding/FIL/USD
22:20:56 [DEBUG] [x10] Subscribed to publicTrades/WLFI/USD
22:20:56 [DEBUG] [x10] Subscribed to funding/AVNT/USD
22:20:56 [DEBUG] [x10] Subscribed to publicTrades/SOL/USD
22:20:56 [DEBUG] [x10] Subscribed to funding/LDO/USD
22:20:56 [DEBUG] [x10] Subscribed to publicTrades/XPL/USD
22:20:56 [DEBUG] [x10] Subscribed to publicTrades/HYPE/USD
22:20:56 [DEBUG] Using cached positions (age: 3.5s)
22:20:56 [INFO] 🔍 DEBUG RESOLV-USD: entry_time type=<class 'str'>, value=2025-12-01T21:20:04.306202+00:00
22:20:56 [DEBUG] Check RESOLV-USD: Age=52.5s (Limit=60s)
22:20:56 [INFO] 🔍 DEBUG LINEA-USD: entry_time type=<class 'str'>, value=2025-12-01T21:20:41.760721+00:00
22:20:56 [DEBUG] Check LINEA-USD: Age=15.0s (Limit=60s)
22:20:56 [INFO] 🔍 DEBUG ZRO-USD: entry_time type=<class 'str'>, value=2025-12-01T21:20:05.122227+00:00
22:20:56 [DEBUG] Check ZRO-USD: Age=51.7s (Limit=60s)
22:20:56 [DEBUG] [x10] Subscribed to funding/TON/USD
22:20:56 [DEBUG] [x10] Subscribed to publicTrades/BCH/USD
22:20:57 [DEBUG] [x10] Subscribed to funding/BERA/USD
22:20:57 [DEBUG] [x10] Subscribed to funding/VIRTUAL/USD
22:20:57 [DEBUG] [x10] Subscribed to funding/WLD/USD
22:20:57 [DEBUG] [x10] Subscribed to publicTrades/MKR/USD
22:20:57 [DEBUG] ✅ DOT-USD: X10=$0, Lighter=$689,907, Total=$689,907
22:20:57 [DEBUG] [x10] Subscribed to funding/PENGU/USD
22:20:57 [DEBUG] [x10] Subscribed to funding/ZEC/USD
22:20:57 [DEBUG] [x10] Subscribed to funding/MKR/USD
22:20:57 [DEBUG] [x10] Subscribed to funding/OP/USD
22:20:57 [DEBUG] [x10] Subscribed to funding/MNT/USD
22:20:57 [DEBUG] Using cached positions (age: 4.5s)
22:20:57 [INFO] 🔍 DEBUG RESOLV-USD: entry_time type=<class 'str'>, value=2025-12-01T21:20:04.306202+00:00
22:20:57 [DEBUG] Check RESOLV-USD: Age=53.5s (Limit=60s)
22:20:57 [INFO] 🔍 DEBUG LINEA-USD: entry_time type=<class 'str'>, value=2025-12-01T21:20:41.760721+00:00
22:20:57 [DEBUG] Check LINEA-USD: Age=16.0s (Limit=60s)
22:20:57 [INFO] 🔍 DEBUG ZRO-USD: entry_time type=<class 'str'>, value=2025-12-01T21:20:05.122227+00:00
22:20:57 [DEBUG] Check ZRO-USD: Age=52.7s (Limit=60s)
22:20:57 [DEBUG] [x10] Subscribed to funding/KAITO/USD
22:20:57 [DEBUG] 🐕 Watchdog OK: Daten-Alter 1.8s
22:20:57 [DEBUG] [x10] Subscribed to funding/EIGEN/USD
22:20:58 [DEBUG] [x10] Subscribed to publicTrades/ARB/USD
22:20:58 [DEBUG] [x10] Subscribed to funding/1000PEPE/USD
22:20:58 [DEBUG] [x10] Subscribed to funding/XAG/USD
22:20:58 [DEBUG] [x10] Subscribed to publicTrades/TAO/USD
22:20:58 [DEBUG] [x10] Subscribed to funding/APT/USD
22:20:58 [DEBUG] [x10] Subscribed to funding/APEX/USD
22:20:58 [DEBUG] [x10] Subscribed to publicTrades/ADA/USD
22:20:58 [DEBUG] [x10] Subscribed to publicTrades/KAITO/USD
22:20:58 [DEBUG] Fetching fresh positions (force=False, cache_age=5.5s)
22:20:58 [DEBUG] [x10] Subscribed to funding/AVAX/USD
22:20:58 [DEBUG] Sending GET https://api.starknet.extended.exchange/api/v1/user/positions?
22:20:58 [INFO] 🚜 Farm Mode ACTIVE
22:20:58 [DEBUG] [x10] Subscribed to funding/HYPE/USD
22:20:58 [DEBUG] [x10] Subscribed to publicTrades/ASTER/USD
22:20:59 [DEBUG] MAX_OPEN_TRADES (3) reached, waiting...
22:20:59 [DEBUG] [x10] Subscribed to publicTrades/TIA/USD
22:20:59 [WARNING] 🛑 Received SIGINT, initiating graceful shutdown...
22:20:59 [INFO] 🛑 Shutting down...
22:20:59 [INFO] 🛑 Initiating graceful shutdown...
22:20:59 [DEBUG] [x10] Subscribed to publicTrades/1000BONK/USD
22:20:59 [INFO] 🔍 Supervisor loop stopped
22:20:59 [INFO] 🛑 Cancelling logic_loop...
22:20:59 [INFO] 🛑 Cancelling trade_management_loop...
22:20:59 [INFO] 🛑 Cancelling farm_loop...
22:20:59 [INFO] 🛑 Cancelling maintenance_loop...
22:20:59 [INFO] 🛑 Cancelling cleanup_finished_tasks...
22:20:59 [INFO] 🛑 Cancelling health_reporter...
22:20:59 [INFO] 🛑 Cancelling connection_watchdog...
22:20:59 [INFO] Logic loop cancelled
22:20:59 [INFO] Connection watchdog cancelled
22:20:59 [ERROR] _GatheringFuture exception was never retrieved
future: <_GatheringFuture finished exception=CancelledError()>
Traceback (most recent call last):
  File "C:\Users\koopm\funding-bot\src\adapters\lighter_adapter.py", line 1251, in fetch_open_positions
    response = await account_api.account(
               ^^^^^^^^^^^^^^^^^^^^^^^^^^
  File "C:\Users\koopm\funding-bot\.venv\Lib\site-packages\pydantic\_internal\_validate_call.py", line 34, in wrapper_function
    return await wrapper(*args, **kwargs)
           ^^^^^^^^^^^^^^^^^^^^^^^^^^^^^^
  File "C:\Users\koopm\funding-bot\.venv\Lib\site-packages\lighter\api\account_api.py", line 114, in account
    response_data = await self.api_client.call_api(
                    ^^^^^^^^^^^^^^^^^^^^^^^^^^^^^^^
  File "C:\Users\koopm\funding-bot\.venv\Lib\site-packages\lighter\api_client.py", line 274, in call_api
    response_data = await self.rest_client.request(
                    ^^^^^^^^^^^^^^^^^^^^^^^^^^^^^^^
  File "C:\Users\koopm\funding-bot\.venv\Lib\site-packages\lighter\rest.py", line 208, in request
    r = await pool_manager.request(**args)
        ^^^^^^^^^^^^^^^^^^^^^^^^^^^^^^^^^^
  File "C:\Users\koopm\funding-bot\.venv\Lib\site-packages\aiohttp\client.py", line 779, in _request
    resp = await handler(req)
           ^^^^^^^^^^^^^^^^^^
  File "C:\Users\koopm\funding-bot\.venv\Lib\site-packages\aiohttp\client.py", line 757, in _connect_and_send_request
    await resp.start(conn)
  File "C:\Users\koopm\funding-bot\.venv\Lib\site-packages\aiohttp\client_reqrep.py", line 539, in start
    message, payload = await protocol.read()  # type: ignore[union-attr]
                       ^^^^^^^^^^^^^^^^^^^^^
  File "C:\Users\koopm\funding-bot\.venv\Lib\site-packages\aiohttp\streams.py", line 680, in read
    await self._waiter
asyncio.exceptions.CancelledError
22:20:59 [DEBUG] [x10] Subscribed to funding/ZORA/USD
22:20:59 [DEBUG] [x10] Subscribed to publicTrades/PENGU/USD
22:20:59 [DEBUG] [x10] Subscribed to funding/STRK/USD
22:20:59 [DEBUG] [x10] Subscribed to funding/UNI/USD
22:20:59 [DEBUG] [x10] Subscribed to funding/ASTER/USD
22:20:59 [DEBUG] [x10] Subscribed to funding/TIA/USD
22:20:59 [DEBUG] [x10] Subscribed to funding/SOL/USD
22:20:59 [DEBUG] [x10] Subscribed to funding/TAO/USD
22:21:00 [DEBUG] [x10] Subscribed to funding/S/USD
22:21:00 [DEBUG] [x10] Subscribed to funding/BCH/USD
22:21:00 [INFO] ✅ All tasks stopped
22:21:00 [INFO] 🛑 Rollback processor: Shutdown signal received
22:21:00 [INFO] ✅ ParallelExecutionManager: Stopped
22:21:01 [DEBUG] ✅ SEI-USD: X10=$128,259, Lighter=$8,122,688, Total=$8,250,947
22:21:04 [DEBUG] ✅ XRP-USD: X10=$447,418, Lighter=$4,169,769, Total=$4,617,187
22:21:05 [INFO] 🔌 [x10] WebSocket stopped
22:21:05 [INFO] 🔌 [lighter] WebSocket stopped
22:21:05 [INFO] ✅ WebSocketManager stopped
22:21:05 [INFO] ✅ OpenInterestTracker stopped
22:21:05 [INFO] 🛑 Stopping InMemoryStateManager...
22:21:05 [INFO] 📝 State writer loop stopped
22:21:05 [INFO] ✅ InMemoryStateManager stopped
22:21:05 [INFO] 🔒 Closing database...
22:21:05 [INFO] 🖊️ Database write loop stopped
22:21:05 [INFO] ✅ Database closed
22:21:05 [INFO] ✅ X10 Adapter geschlossen.
22:21:05 [INFO] ✅ Lighter Adapter closed
22:21:05 [INFO] ✅ Bot V5 shutdown complete
