22:32:25 [INFO]  CONFIG VALIDIERUNG abgeschlossen.
22:32:25 [INFO] 🔥 BOT V5 (Architected) STARTING...
22:32:25 [INFO] 🚀 Starting InMemoryStateManager...
22:32:25 [INFO] 📂 Initializing database: data/trades.db
22:32:25 [INFO] ✅ Read pool created: 5 connections
22:32:25 [INFO] ✅ WAL mode enabled
22:32:25 [INFO] 🔄 Running database migrations...
22:32:25 [INFO] ✅ Migrations complete (11 statements)
22:32:25 [INFO] ✅ Database initialized
22:32:25 [INFO] 🖊️ Database write loop started
22:32:25 [INFO] 📂 Loaded 2 trades from database
22:32:25 [INFO] ✅ InMemoryStateManager started (loaded 2 trades)
22:32:25 [INFO] ✅ State Manager started
22:32:25 [INFO]  Telegram Bot disabled (Token/ChatID missing).
22:32:25 [INFO] ✅ Async database initialized
22:32:25 [INFO] 📝 State writer loop started
22:32:25 [DEBUG] ✅ Database schema up to date
22:32:25 [INFO] Initialisiere X10 Adapter...
22:32:25 [INFO]  X10 Account initialisiert.
22:32:25 [INFO] Initialisiere Lighter Adapter...
22:32:25 [INFO] 📊 Loading Market Data via REST...
22:32:25 [DEBUG] Sending GET https://api.starknet.extended.exchange/api/v1/info/markets?
22:32:27 [WARNING] ⚠️ Skipping ETH-USD: market_id=None (parsed=-1) invalid or >254
22:32:27 [INFO] ✅ Lighter: Loaded 115 markets (base data)
22:32:27 [DEBUG] Starting new HTTPS connection (1): mainnet.zklighter.elliot.ai:443
22:32:28 [DEBUG] https://mainnet.zklighter.elliot.ai:443 "GET /api/v1/nextNonce?account_index=60113&api_key_index=3 HTTP/1.1" 200 25
22:32:28 [INFO]  X10: 91 Märkte geladen, 91 Funding Rates, 78 Preise
22:32:29 [INFO] ✅ Lighter: Updated 115 markets with size_decimals from API
22:32:29 [INFO] 📊 MARKET ADA-USD: size_decimals=1, price_decimals=5, min_base_amount=10.0
22:32:29 [INFO] 📊 MARKET SEI-USD: size_decimals=1, price_decimals=5, min_base_amount=50.0
22:32:29 [INFO] 📊 MARKET RESOLV-USD: size_decimals=0, price_decimals=6, min_base_amount=40.0
22:32:29 [INFO] 📊 MARKET TIA-USD: size_decimals=1, price_decimals=5, min_base_amount=3.0
22:32:29 [INFO] ✅ Markets loaded: X10=91, Lighter=115
22:32:29 [INFO] 📈 Pre-loading Lighter prices...
22:32:30 [DEBUG] Lighter: Loaded 379 funding rates
22:32:30 [DEBUG] Lighter: Loaded 115 prices via REST
22:32:30 [INFO] ✅ Lighter prices loaded: 115 symbols
22:32:30 [INFO] FundingPredictorV2 initialized with BTC Correlation
22:32:30 [INFO] 启动 OI Tracker für 67 Symbole...
22:32:30 [INFO] ✅ OpenInterestTracker started (interval=30.0s)
22:32:30 [INFO] 🌐 Starting WebSocket Manager...
22:32:30 [INFO] 📊 OI Tracker: Starting cycle 1 (67 symbols)
22:32:30 [INFO] 🔌 [lighter] WebSocket manager started
22:32:30 [INFO] 🔌 [x10] WebSocket manager started
22:32:30 [INFO] ✅ WebSocketManager started
22:32:31 [DEBUG] ✅ EIGEN-USD: X10=$129,896, Lighter=$1,871,586, Total=$2,001,482
22:32:32 [INFO] ✅ [x10] Connected to wss://api.starknet.extended.exchange/stream.extended.exchange/v1/account
22:32:32 [INFO] ✅ [lighter] Connected to wss://mainnet.zklighter.elliot.ai/stream
22:32:32 [DEBUG] [lighter] Subscribed to trade/38
22:32:32 [DEBUG] [lighter] Subscribed to order_book/92
22:32:32 [DEBUG] [lighter] Subscribed to trade/92
22:32:32 [DEBUG] [lighter] Subscribed to order_book/28
22:32:32 [DEBUG] [lighter] Subscribed to trade/28
22:32:32 [DEBUG] [lighter] Subscribed to order_book/5
22:32:32 [DEBUG] [lighter] Subscribed to trade/5
22:32:32 [DEBUG] [lighter] Subscribed to order_book/98
22:32:32 [DEBUG] [lighter] Subscribed to order_book/89
22:32:32 [DEBUG] [lighter] Subscribed to trade/89
22:32:32 [DEBUG] [lighter] Subscribed to order_book/10
22:32:32 [DEBUG] [lighter] Subscribed to trade/10
22:32:32 [DEBUG] [lighter] Subscribed to order_book/103
22:32:32 [DEBUG] [lighter] Subscribed to trade/103
22:32:32 [DEBUG] [lighter] Subscribed to order_book/25
22:32:32 [DEBUG] [lighter] Subscribed to order_book/45
22:32:32 [DEBUG] [lighter] Subscribed to trade/45
22:32:32 [DEBUG] [lighter] Subscribed to order_book/24
22:32:32 [DEBUG] [lighter] Subscribed to trade/24
22:32:32 [DEBUG] [lighter] Subscribed to order_book/21
22:32:32 [DEBUG] [lighter] Subscribed to trade/21
22:32:32 [DEBUG] [lighter] Subscribed to order_book/58
22:32:32 [DEBUG] [lighter] Subscribed to trade/58
22:32:32 [DEBUG] [lighter] Subscribed to order_book/36
22:32:32 [DEBUG] [lighter] Subscribed to order_book/86
22:32:32 [DEBUG] [lighter] Subscribed to trade/86
22:32:32 [DEBUG] [lighter] Subscribed to order_book/13
22:32:32 [DEBUG] [lighter] Subscribed to trade/13
22:32:32 [DEBUG] [lighter] Subscribed to order_book/39
22:32:32 [DEBUG] [lighter] Subscribed to trade/39
22:32:32 [DEBUG] [lighter] Subscribed to order_book/93
22:32:32 [DEBUG] [lighter] Subscribed to order_book/18
22:32:32 [DEBUG] [lighter] Subscribed to trade/18
22:32:32 [DEBUG] [lighter] Subscribed to order_book/11
22:32:32 [DEBUG] [lighter] Subscribed to trade/11
22:32:32 [DEBUG] [lighter] Subscribed to order_book/32
22:32:32 [DEBUG] [lighter] Subscribed to trade/32
22:32:32 [DEBUG] [lighter] Subscribed to trade/47
22:32:32 [DEBUG] [lighter] Subscribed to order_book/15
22:32:32 [DEBUG] [lighter] Subscribed to trade/15
22:32:32 [DEBUG] [lighter] Subscribed to order_book/82
22:32:32 [DEBUG] [lighter] Subscribed to trade/82
22:32:32 [DEBUG] [lighter] Subscribed to order_book/16
22:32:32 [DEBUG] [lighter] Subscribed to trade/16
22:32:32 [DEBUG] [lighter] Subscribed to order_book/3
22:32:32 [DEBUG] [lighter] Subscribed to order_book/34
22:32:32 [DEBUG] [lighter] Subscribed to trade/34
22:32:32 [DEBUG] [lighter] Subscribed to order_book/83
22:32:32 [DEBUG] [lighter] Subscribed to trade/83
22:32:32 [DEBUG] [lighter] Subscribed to order_book/67
22:32:32 [DEBUG] [lighter] Subscribed to trade/67
22:32:32 [DEBUG] [lighter] Subscribed to order_book/7
22:32:32 [DEBUG] [lighter] Subscribed to order_book/71
22:32:32 [DEBUG] [lighter] Subscribed to trade/71
22:32:32 [DEBUG] [lighter] Subscribed to order_book/33
22:32:32 [DEBUG] [lighter] Subscribed to trade/33
22:32:32 [DEBUG] [lighter] Subscribed to order_book/63
22:32:32 [DEBUG] [lighter] Subscribed to trade/63
22:32:32 [DEBUG] [lighter] Subscribed to trade/6
22:32:32 [DEBUG] [lighter] Subscribed to order_book/90
22:32:32 [DEBUG] [lighter] Subscribed to trade/90
22:32:32 [DEBUG] [lighter] Subscribed to order_book/31
22:32:32 [DEBUG] [lighter] Subscribed to trade/31
22:32:32 [DEBUG] [lighter] Subscribed to order_book/8
22:32:32 [DEBUG] [lighter] Subscribed to trade/8
22:32:32 [DEBUG] [lighter] Subscribed to order_book/30
22:32:32 [DEBUG] [x10] Subscribed to publicTrades/EIGEN/USD
22:32:32 [DEBUG] [x10] Subscribed to funding/EIGEN/USD
22:32:33 [DEBUG] [x10] Subscribed to publicTrades/LTC/USD
22:32:33 [DEBUG] [x10] Subscribed to funding/LTC/USD
22:32:33 [DEBUG] [lighter] Subscribed to trade/40
22:32:33 [DEBUG] [x10] Subscribed to publicTrades/ENA/USD
22:32:33 [DEBUG] [x10] Subscribed to funding/ENA/USD
22:32:33 [DEBUG] [lighter] Subscribed to order_book/41
22:32:33 [DEBUG] [x10] Subscribed to publicTrades/MON/USD
22:32:33 [DEBUG] [x10] Subscribed to funding/MON/USD
22:32:33 [DEBUG] [x10] Subscribed to publicTrades/GRASS/USD
22:32:33 [DEBUG] [x10] Subscribed to funding/GRASS/USD
22:32:33 [DEBUG] [lighter] Subscribed to trade/37
22:32:33 [DEBUG] [x10] Subscribed to publicTrades/DOGE/USD
22:32:33 [DEBUG] [x10] Subscribed to funding/DOGE/USD
22:32:33 [DEBUG] [x10] Subscribed to publicTrades/SOL/USD
22:32:33 [DEBUG] [x10] Subscribed to funding/SOL/USD
22:32:33 [DEBUG] [lighter] Subscribed to order_book/72
22:32:33 [DEBUG] [x10] Subscribed to publicTrades/1000PEPE/USD
22:32:33 [DEBUG] [x10] Subscribed to funding/1000PEPE/USD
22:32:33 [DEBUG] [lighter] Subscribed to trade/26
22:32:33 [DEBUG] [x10] Subscribed to publicTrades/LINEA/USD
22:32:33 [DEBUG] [x10] Subscribed to funding/LINEA/USD
22:32:33 [DEBUG] [x10] Subscribed to publicTrades/AAVE/USD
22:32:33 [DEBUG] [x10] Subscribed to funding/AAVE/USD
22:32:33 [DEBUG] [lighter] Subscribed to trade/51
22:32:33 [DEBUG] [x10] Subscribed to publicTrades/UNI/USD
22:32:33 [DEBUG] [x10] Subscribed to funding/UNI/USD
22:32:33 [DEBUG] [lighter] Subscribed to order_book/49
22:32:33 [DEBUG] [x10] Subscribed to publicTrades/WLFI/USD
22:32:33 [DEBUG] [x10] Subscribed to funding/WLFI/USD
22:32:33 [DEBUG] [x10] Subscribed to publicTrades/1000SHIB/USD
22:32:33 [DEBUG] [x10] Subscribed to funding/1000SHIB/USD
22:32:33 [DEBUG] [lighter] Subscribed to trade/4
22:32:33 [DEBUG] [x10] Subscribed to publicTrades/ARB/USD
22:32:33 [DEBUG] [x10] Subscribed to funding/ARB/USD
22:32:33 [DEBUG] [x10] Subscribed to publicTrades/ONDO/USD
22:32:33 [DEBUG] [x10] Subscribed to funding/ONDO/USD
22:32:33 [DEBUG] [lighter] Subscribed to trade/50
22:32:33 [DEBUG] [x10] Subscribed to publicTrades/XRP/USD
22:32:33 [DEBUG] [x10] Subscribed to funding/XRP/USD
22:32:33 [DEBUG] [x10] Subscribed to publicTrades/ZORA/USD
22:32:33 [DEBUG] [x10] Subscribed to funding/ZORA/USD
22:32:33 [DEBUG] [lighter] Subscribed to order_book/12
22:32:33 [DEBUG] [x10] Subscribed to publicTrades/USDJPY/USD
22:32:33 [DEBUG] [x10] Subscribed to funding/USDJPY/USD
22:32:34 [DEBUG] [lighter] Subscribed to trade/2
22:32:34 [DEBUG] [x10] Subscribed to publicTrades/AVAX/USD
22:32:34 [DEBUG] [x10] Subscribed to funding/AVAX/USD
22:32:34 [DEBUG] [x10] Subscribed to publicTrades/BERA/USD
22:32:34 [DEBUG] [x10] Subscribed to funding/BERA/USD
22:32:34 [DEBUG] [lighter] Subscribed to trade/52
22:32:34 [DEBUG] [x10] Subscribed to publicTrades/JUP/USD
22:32:34 [DEBUG] [x10] Subscribed to funding/JUP/USD
22:32:34 [DEBUG] [x10] Subscribed to publicTrades/STRK/USD
22:32:34 [DEBUG] [x10] Subscribed to funding/STRK/USD
22:32:34 [DEBUG] [x10] Subscribed to publicTrades/POPCAT/USD
22:32:34 [DEBUG] [x10] Subscribed to funding/POPCAT/USD
22:32:34 [DEBUG] [lighter] Subscribed to trade/93
22:32:34 [DEBUG] [x10] Subscribed to publicTrades/CRV/USD
22:32:34 [DEBUG] [x10] Subscribed to funding/CRV/USD
22:32:34 [DEBUG] [x10] Subscribed to publicTrades/BNB/USD
22:32:34 [DEBUG] [x10] Subscribed to funding/BNB/USD
22:32:34 [DEBUG] [lighter] Subscribed to order_book/91
22:32:34 [DEBUG] [x10] Subscribed to publicTrades/VIRTUAL/USD
22:32:34 [DEBUG] [x10] Subscribed to funding/VIRTUAL/USD
22:32:34 [DEBUG] [x10] Subscribed to publicTrades/XAG/USD
22:32:34 [DEBUG] [x10] Subscribed to funding/XAG/USD
22:32:34 [DEBUG] [lighter] Subscribed to trade/91
22:32:34 [DEBUG] [x10] Subscribed to publicTrades/LDO/USD
22:32:34 [DEBUG] [x10] Subscribed to funding/LDO/USD
22:32:34 [DEBUG] [x10] Subscribed to publicTrades/OP/USD
22:32:34 [DEBUG] [x10] Subscribed to funding/OP/USD
22:32:34 [DEBUG] [lighter] Subscribed to order_book/42
22:32:34 [DEBUG] [x10] Subscribed to publicTrades/BTC/USD
22:32:34 [DEBUG] [x10] Subscribed to funding/BTC/USD
22:32:34 [DEBUG] [x10] Subscribed to publicTrades/WLD/USD
22:32:34 [DEBUG] [x10] Subscribed to funding/WLD/USD
22:32:34 [DEBUG] [lighter] Subscribed to order_book/37
22:32:34 [DEBUG] [x10] Subscribed to publicTrades/S/USD
22:32:34 [DEBUG] [x10] Subscribed to funding/S/USD
22:32:34 [DEBUG] [x10] Subscribed to publicTrades/PENGU/USD
22:32:34 [DEBUG] [x10] Subscribed to funding/PENGU/USD
22:32:34 [DEBUG] [lighter] Subscribed to trade/76
22:32:34 [DEBUG] [x10] Subscribed to publicTrades/RESOLV/USD
22:32:34 [DEBUG] [x10] Subscribed to funding/RESOLV/USD
22:32:34 [DEBUG] [x10] Subscribed to publicTrades/ZRO/USD
22:32:34 [DEBUG] [x10] Subscribed to funding/ZRO/USD
22:32:34 [DEBUG] [lighter] Subscribed to order_book/47
22:32:34 [DEBUG] [x10] Subscribed to publicTrades/TRX/USD
22:32:34 [DEBUG] [x10] Subscribed to funding/TRX/USD
22:32:34 [DEBUG] [x10] Subscribed to publicTrades/SPX/USD
22:32:34 [DEBUG] [x10] Subscribed to funding/SPX/USD
22:32:34 [DEBUG] [lighter] Subscribed to order_book/2
22:32:34 [DEBUG] [x10] Subscribed to publicTrades/PENDLE/USD
22:32:34 [DEBUG] [x10] Subscribed to funding/PENDLE/USD
22:32:34 [DEBUG] [x10] Subscribed to publicTrades/TON/USD
22:32:34 [DEBUG] [x10] Subscribed to funding/TON/USD
22:32:34 [DEBUG] [lighter] Subscribed to order_book/60
22:32:35 [DEBUG] [x10] Subscribed to publicTrades/XAU/USD
22:32:35 [DEBUG] [x10] Subscribed to funding/XAU/USD
22:32:35 [DEBUG] [x10] Subscribed to publicTrades/MKR/USD
22:32:35 [DEBUG] [x10] Subscribed to funding/MKR/USD
22:32:35 [DEBUG] [lighter] Subscribed to order_book/17
22:32:35 [DEBUG] [x10] Subscribed to publicTrades/WIF/USD
22:32:35 [DEBUG] [x10] Subscribed to funding/WIF/USD
22:32:35 [DEBUG] [x10] Subscribed to publicTrades/EDEN/USD
22:32:35 [DEBUG] [x10] Subscribed to funding/EDEN/USD
22:32:35 [DEBUG] [lighter] Subscribed to trade/1
22:32:35 [DEBUG] [x10] Subscribed to publicTrades/NEAR/USD
22:32:35 [DEBUG] [x10] Subscribed to funding/NEAR/USD
22:32:35 [DEBUG] [x10] Subscribed to publicTrades/FIL/USD
22:32:35 [DEBUG] [x10] Subscribed to funding/FIL/USD
22:32:35 [DEBUG] [lighter] Subscribed to order_book/52
22:32:35 [DEBUG] [x10] Subscribed to publicTrades/PUMP/USD
22:32:35 [DEBUG] [x10] Subscribed to funding/PUMP/USD
22:32:35 [DEBUG] [x10] Subscribed to publicTrades/HYPE/USD
22:32:35 [DEBUG] [x10] Subscribed to funding/HYPE/USD
22:32:35 [DEBUG] [lighter] Subscribed to order_book/1
22:32:35 [DEBUG] [x10] Subscribed to publicTrades/FARTCOIN/USD
22:32:35 [DEBUG] [x10] Subscribed to funding/FARTCOIN/USD
22:32:35 [DEBUG] ✅ LTC-USD: X10=$215,136, Lighter=$22,148, Total=$237,283
22:32:35 [DEBUG] [x10] Subscribed to publicTrades/BCH/USD
22:32:35 [DEBUG] [x10] Subscribed to funding/BCH/USD
22:32:35 [DEBUG] [lighter] Subscribed to order_book/40
22:32:35 [DEBUG] [x10] Subscribed to publicTrades/APEX/USD
22:32:35 [DEBUG] [x10] Subscribed to funding/APEX/USD
22:32:35 [DEBUG] [x10] Subscribed to publicTrades/TAO/USD
22:32:35 [DEBUG] [x10] Subscribed to funding/TAO/USD
22:32:35 [DEBUG] [lighter] Subscribed to order_book/26
22:32:35 [DEBUG] [x10] Subscribed to publicTrades/ADA/USD
22:32:35 [DEBUG] [x10] Subscribed to funding/ADA/USD
22:32:35 [DEBUG] [x10] Subscribed to publicTrades/1000BONK/USD
22:32:35 [DEBUG] [x10] Subscribed to funding/1000BONK/USD
22:32:35 [DEBUG] [lighter] Subscribed to order_book/38
22:32:35 [DEBUG] [x10] Subscribed to publicTrades/DOT/USD
22:32:35 [DEBUG] [x10] Subscribed to funding/DOT/USD
22:32:35 [DEBUG] [x10] Subscribed to publicTrades/SEI/USD
22:32:35 [DEBUG] [x10] Subscribed to funding/SEI/USD
22:32:35 [DEBUG] [lighter] Subscribed to trade/60
22:32:35 [DEBUG] [x10] Subscribed to publicTrades/TRUMP/USD
22:32:35 [DEBUG] [x10] Subscribed to funding/TRUMP/USD
22:32:35 [DEBUG] [x10] Subscribed to publicTrades/AVNT/USD
22:32:35 [DEBUG] [x10] Subscribed to funding/AVNT/USD
22:32:35 [DEBUG] [lighter] Subscribed to trade/9
22:32:35 [DEBUG] [x10] Subscribed to publicTrades/SUI/USD
22:32:35 [DEBUG] [x10] Subscribed to funding/SUI/USD
22:32:35 [DEBUG] [x10] Subscribed to publicTrades/IP/USD
22:32:35 [DEBUG] [x10] Subscribed to funding/IP/USD
22:32:35 [DEBUG] [lighter] Subscribed to trade/36
22:32:35 [DEBUG] [x10] Subscribed to publicTrades/ASTER/USD
22:32:35 [DEBUG] [x10] Subscribed to funding/ASTER/USD
22:32:36 [DEBUG] [x10] Subscribed to publicTrades/TIA/USD
22:32:36 [DEBUG] [x10] Subscribed to funding/TIA/USD
22:32:36 [DEBUG] [lighter] Subscribed to trade/43
22:32:36 [DEBUG] [x10] Subscribed to publicTrades/XPL/USD
22:32:36 [DEBUG] [x10] Subscribed to funding/XPL/USD
22:32:36 [DEBUG] [x10] Subscribed to publicTrades/KAITO/USD
22:32:36 [DEBUG] [x10] Subscribed to funding/KAITO/USD
22:32:36 [DEBUG] [lighter] Subscribed to trade/27
22:32:36 [DEBUG] [x10] Subscribed to publicTrades/MNT/USD
22:32:36 [DEBUG] [x10] Subscribed to funding/MNT/USD
22:32:36 [DEBUG] [x10] Subscribed to publicTrades/ZEC/USD
22:32:36 [DEBUG] [x10] Subscribed to funding/ZEC/USD
22:32:36 [DEBUG] [lighter] Subscribed to trade/7
22:32:36 [DEBUG] [x10] Subscribed to publicTrades/APT/USD
22:32:36 [DEBUG] [x10] Subscribed to funding/APT/USD
22:32:36 [DEBUG] [x10] Subscribed to publicTrades/LINK/USD
22:32:36 [DEBUG] [x10] Subscribed to funding/LINK/USD
22:32:36 [DEBUG] [lighter] Subscribed to order_book/23
22:32:36 [INFO] 🔗 Components Wired: WS -> OI Tracker -> Prediction
22:32:36 [INFO] 🧟 Starte Zombie-Check: Vergleiche DB mit echten Positionen...
22:32:36 [INFO] 🔍 DB meldet 2 offene Trades. Prüfe Exchange...
22:32:36 [DEBUG] Sending GET https://api.starknet.extended.exchange/api/v1/user/positions?
22:32:36 [DEBUG] [lighter] Subscribed to order_book/20
22:32:36 [DEBUG] [lighter] Subscribed to trade/49
22:32:36 [DEBUG] [lighter] Subscribed to order_book/6
22:32:36 [DEBUG] [lighter] Subscribed to order_book/43
22:32:36 [DEBUG] [lighter] Subscribed to trade/46
22:32:36 [DEBUG] [lighter] Subscribed to trade/30
22:32:36 [DEBUG] [lighter] Subscribed to trade/17
22:32:37 [DEBUG] [lighter] Subscribed to trade/35
22:32:37 [DEBUG] [lighter] Subscribed to trade/72
22:32:37 [DEBUG] [lighter] Subscribed to trade/53
22:32:37 [DEBUG] [lighter] Subscribed to order_book/35
22:32:37 [DEBUG] [lighter] Subscribed to trade/23
22:32:37 [DEBUG] [lighter] Subscribed to trade/55
22:32:37 [DEBUG] [lighter] Subscribed to trade/104
22:32:37 [DEBUG] [lighter] Subscribed to order_book/27
22:32:37 [DEBUG] [lighter] Subscribed to order_book/104
22:32:37 [INFO] Lighter: Found 0 open positions
22:32:37 [INFO] 🌍 Echte Positionen auf Exchanges: []
22:32:37 [WARNING] ⚠️  ZOMBIE GEFUNDEN: TIA-USD ist in DB offen, aber nicht auf Exchange. Schließe ihn...
22:32:37 [INFO] ✅ Trade TIA-USD closed (PnL: $0.00)
22:32:37 [WARNING] ⚠️  ZOMBIE GEFUNDEN: LINEA-USD ist in DB offen, aber nicht auf Exchange. Schließe ihn...
22:32:37 [INFO] ✅ Trade LINEA-USD closed (PnL: $0.00)
22:32:37 [INFO] ✅ ParallelExecutionManager: Rollback processor started
22:32:37 [INFO] ✅ ParallelExecutionManager started
22:32:37 [INFO] 📝 Registered task: logic_loop (critical=True)
22:32:37 [INFO] 📝 Registered task: trade_management_loop (critical=True)
22:32:37 [INFO] 📝 Registered task: farm_loop (critical=False)
22:32:37 [INFO] 📝 Registered task: maintenance_loop (critical=False)
22:32:37 [INFO] 📝 Registered task: cleanup_finished_tasks (critical=False)
22:32:37 [INFO] 📝 Registered task: health_reporter (critical=False)
22:32:37 [INFO] 📝 Registered task: connection_watchdog (critical=True)
22:32:37 [INFO] ✅ Signal handlers installed (SIGINT, SIGTERM)
22:32:37 [INFO] ▶️  Started task: logic_loop
22:32:37 [INFO] ▶️  Started task: trade_management_loop
22:32:37 [INFO] ▶️  Started task: farm_loop
22:32:37 [INFO] ▶️  Started task: maintenance_loop
22:32:37 [INFO] ▶️  Started task: cleanup_finished_tasks
22:32:37 [INFO] ▶️  Started task: health_reporter
22:32:37 [INFO] ▶️  Started task: connection_watchdog
22:32:37 [INFO] 🚀 Started 7 tasks
22:32:37 [INFO] ═══════════════════════════════════════════════════════════
22:32:37 [INFO]    BOT V5 RUNNING 24/7 - SUPERVISED | Ctrl+C = Stop   
22:32:37 [INFO] ═══════════════════════════════════════════════════════════
22:32:37 [INFO] 🔄 Rollback processor running...
22:32:37 [INFO] Logic Loop gestartet – REFRESH alle 3s
22:32:37 [INFO] ⚡ Latency Arb Detector initialized (threshold: 1.0s)
22:32:37 [INFO] 🔍 🚜 FARM Scanning 67 pairs. Open symbols to skip: set()
22:32:37 [DEBUG] Price cache status: X10=67/67, Lighter=66/67
22:32:37 [INFO] 🔍 Scanning 67 pairs. Lighter markets: 115, X10 markets: 91
22:32:37 [INFO] 🛡️ Trade Management Loop gestartet
22:32:37 [INFO] 🚜 Farm Mode ACTIVE
22:32:37 [DEBUG] Sending GET https://api.starknet.extended.exchange/api/v1/user/balance
22:32:37 [DEBUG] 📊 X10 Funding Cache refresh (current=91)
22:32:37 [INFO] 🐕 Connection Watchdog gestartet (Timeout: 120s)
22:32:37 [INFO] 🔍 Supervisor loop started
22:32:37 [DEBUG] 📝 Flushed 1 writes
22:32:37 [DEBUG] 📝 Flushed 1 writes in 15.0ms
22:32:37 [DEBUG] Sending GET https://api.starknet.extended.exchange/api/v1/info/markets?
22:32:37 [DEBUG] [lighter] Subscribed to trade/20
22:32:37 [DEBUG] [lighter] Subscribed to order_book/9
22:32:38 [DEBUG] MKR-USD: Missing prices (X=1663.9, L=None)
22:32:38 [DEBUG] [lighter] Subscribed to trade/25
22:32:38 [INFO] ✅ Found 0 opportunities with predictions (farm_mode=True)
22:32:38 [INFO] ⚠️ Keine Prediction-Opportunities, nutze Fallback mit echten Funding Rates...
22:32:38 [INFO]  Volatility Monitor initialized: Low<3.0%, Normal<10.0%, High<20.0%, Hard Cap<50.0%
22:32:38 [DEBUG] Skip ZORA-USD: Spread 0.33% too high
22:32:38 [DEBUG] ⛔ Skip XAG-USD: TradFi/FX
22:32:38 [INFO] 🔍 DEBUG RESOLV-USD: rl=-0.00033600, rx=-0.00043000, net=0.00009400, apy=82.3%
22:32:38 [DEBUG] Skip RESOLV-USD: Spread 0.37% too high
22:32:38 [INFO] 🔍 DEBUG ZRO-USD: rl=-0.00005000, rx=-0.00011000, net=0.00006000, apy=52.6%
22:32:38 [INFO] 💎 ZRO-USD | APY: 52.6%
22:32:38 [DEBUG] ⛔ Skip SPX-USD: TradFi/FX
22:32:38 [DEBUG] ⛔ Skip XAU-USD: TradFi/FX
22:32:38 [DEBUG] Skip AVNT-USD: Spread 0.80% too high
22:32:38 [DEBUG] Skip ZEC-USD: Spread 0.31% too high
22:32:38 [INFO] ✅ Found 26 opportunities from 63 valid pairs (farm_mode=True, scanned=67)
22:32:38 [INFO] 🎯 Found 3 opportunities, executing best...
22:32:38 [DEBUG] Sending GET https://api.starknet.extended.exchange/api/v1/user/balance
22:32:38 [DEBUG] [lighter] Subscribed to order_book/4
22:32:38 [DEBUG] [lighter] Subscribed to order_book/50
22:32:38 [DEBUG] [lighter] Subscribed to trade/29
22:32:38 [DEBUG] [lighter] Subscribed to order_book/53
22:32:38 [DEBUG] [lighter] Subscribed to order_book/55
22:32:38 [DEBUG] [lighter] Subscribed to trade/12
22:32:38 [DEBUG] [lighter] Subscribed to order_book/76
22:32:38 [DEBUG] [lighter] Subscribed to order_book/51
22:32:38 [DEBUG] 📝 Flushed 1 writes
22:32:38 [DEBUG] 📝 Flushed 1 writes in 0.0ms
22:32:38 [DEBUG] Lighter Balance: Raw=$298.92, Safe=$283.98
22:32:38 [INFO] 🚜 Opening FARM: LTC-USD APY=22.8%
22:32:38 [DEBUG] Sending GET https://api.starknet.extended.exchange/api/v1/user/positions?
22:32:38 [DEBUG] [lighter] Subscribed to market_stats/all
22:32:39 [DEBUG] [lighter] Subscribed to trade/42
22:32:39 [DEBUG] [lighter] Subscribed to order_book/29
22:32:39 [DEBUG] Lighter Balance: Raw=$298.92, Safe=$283.98
22:32:39 [INFO] X10: Detected balance = $302.58
22:32:39 [INFO] 🚀 Launching 3 trades (Slots available: 3)
22:32:39 [DEBUG] Sending GET https://api.starknet.extended.exchange/api/v1/user/positions?
22:32:39 [DEBUG] [lighter] Subscribed to trade/3
22:32:39 [DEBUG] [lighter] Subscribed to trade/98
22:32:39 [DEBUG] [lighter] Subscribed to trade/41
22:32:39 [DEBUG] [lighter] Subscribed to order_book/46
22:32:39 [INFO] Lighter: Found 0 open positions
22:32:39 [DEBUG] ✅ LTC-USD verified: No existing positions on exchanges
22:32:39 [DEBUG] MIN_NOTIONAL LTC-USD: min_base=0.10000000 coins, price=$77.0170, min_qty_usd=$7.70, min_notional_api=$10.00, final=$11.00
22:32:39 [DEBUG] Sending GET https://api.starknet.extended.exchange/api/v1/user/balance
22:32:39 [INFO] 🎲 KellyPositionSizer initialized (Safety=0.25, MaxFraction=0.1)
22:32:39 [INFO] 🎰 KELLY LTC-USD: win_rate=80.0%, kelly_fraction=0.6000, safe_fraction=0.0500, confidence=LOW, samples=0
22:32:39 [INFO] 📊 KELLY SIZE LTC-USD: base=$30.0, kelly_recommended=$14.2, final=$30.0
22:32:39 [INFO] 🚀 Opening LTC-USD: Size=$30.0 (Min=$11.0)
22:32:39 [INFO] 🔄 [PARALLEL] LTC-USD: Lighter POST-ONLY first
22:32:39 [INFO] 🚀 LIGHTER OPEN LTC-USD: side=SELL, size_usd=$30.00, price=$77.017000
22:32:39 [DEBUG] 🔍 DEBUG: LTC-USD market_id = 35 (raw=35, type=<class 'int'>)
22:32:39 [DEBUG] QUANTIZE LTC-USD: USD=30.00, coins=0.389524, raw=390, lot_size=100, final=300
22:32:39 [INFO] 🔄 [PARALLEL] LTC-USD: X10 MARKET order
22:32:39 [DEBUG] Create Order Tx Info: {"AccountIndex":60113,"ApiKeyIndex":3,"MarketIndex":35,"ClientOrderIndex":1764624774196,"BaseAmount":300,"Price":76554,"IsAsk":1,"Type":0,"TimeInForce":1,"ReduceOnly":0,"TriggerPrice":0,"OrderExpiry":1767043959839,"ExpiredAt":1764625358839,"Nonce":1883,"Sig":"QWmk0Keo7EYuQBD62CXQb6cpbc0d7JcRQziOkJIPjZw6ez+2pBPvKzn1ugKeNDiUwF2bNOcC55lCobS75spPr0WSMH2RD3ojH3k4zq7TbxY="}
22:32:39 [INFO] Lighter: Found 0 open positions
22:32:39 [INFO] 💰 Balance: X10=$302.6 (free=$268.1), Lit=$284.0 (free=$249.5) | DB_Trades=0, Real_Positions=0, Locked=$0/ex
22:32:39 [INFO] 🚀 Launching trade for ZRO-USD (APY=52.6%)
22:32:39 [DEBUG] Sending GET https://api.starknet.extended.exchange/api/v1/info/markets?
22:32:39 [DEBUG] Sending GET https://api.starknet.extended.exchange/api/v1/user/positions?
22:32:39 [INFO]  X10: 91 Märkte geladen, 91 Funding Rates, 82 Preise
22:32:39 [DEBUG] X10: Funding Refresh OK, cache=91
22:32:39 [DEBUG] 📊 Lighter Funding Cache refresh (current=115)
22:32:39 [DEBUG] ✅ ENA-USD: X10=$222,526, Lighter=$17,936,446, Total=$18,158,972
22:32:40 [DEBUG] Lighter: Loaded 379 funding rates
22:32:40 [INFO] 🚀 Launching trade for LINEA-USD (APY=46.4%)
22:32:40 [DEBUG] Sending GET https://api.starknet.extended.exchange/api/v1/user/positions?
22:32:40 [INFO] 🚀 Launching trade for IP-USD (APY=38.5%)
22:32:40 [DEBUG] Sending GET https://api.starknet.extended.exchange/api/v1/user/positions?
22:32:40 [DEBUG] Create Order Send Tx Response: code=200 message='{"ratelimit": "didn\'t use volume quota"}' tx_hash='86fc511b974a6282c6c0f6cd53702e08ddc9ee1d6d9ef5541f2efcd2d494fa4187ddc5a342426cea' predicted_execution_time_ms=1764624753553 additional_properties={}
22:32:40 [INFO] Lighter Order: 86fc511b974a6282c6c0f6cd53702e08ddc9ee1d6d9ef5541f2efcd2d494fa4187ddc5a342426cea
22:32:40 [INFO] Lighter: Found 0 open positions
22:32:40 [DEBUG] ✅ ZRO-USD verified: No existing positions on exchanges
22:32:40 [DEBUG] MIN_NOTIONAL ZRO-USD: min_base=3.00000000 coins, price=$1.2467, min_qty_usd=$3.74, min_notional_api=$10.00, final=$11.00
22:32:40 [DEBUG] Sending GET https://api.starknet.extended.exchange/api/v1/user/balance
22:32:40 [DEBUG] Lighter: Loaded 114 prices via REST
22:32:40 [DEBUG] Lighter: Funding Refresh OK, cache=115
22:32:41 [INFO] ✅ Launched 3 trade tasks this cycle
22:32:41 [INFO] Lighter: Found 1 open positions
22:32:41 [DEBUG] ✅ IP-USD verified: No existing positions on exchanges
22:32:41 [DEBUG] MIN_NOTIONAL IP-USD: min_base=2.00000000 coins, price=$2.2374, min_qty_usd=$4.47, min_notional_api=$10.00, final=$11.00
22:32:41 [DEBUG] Skip IP-USD: Min Req $23.48 > Max Config $20.0
22:32:41 [DEBUG] Placing an order: id=3075892857846932816219282612557257820827818474323236552387078471739200303215
22:32:41 [DEBUG] Sending POST https://api.starknet.extended.exchange/api/v1/user/order, headers={<RequestHeader.ACCEPT: 'Accept'>: 'application/json', <RequestHeader.CONTENT_TYPE: 'Content-Type'>: 'application/json', <RequestHeader.USER_AGENT: 'User-Agent'>: 'X10PythonTradingClient/0.0.17', <RequestHeader.API_KEY: 'X-Api-Key'>: 'a1c9207f79f0e57ddc454bf1e16dbe49'}
22:32:41 [INFO] Lighter: Found 1 open positions
22:32:41 [DEBUG] ✅ LINEA-USD verified: No existing positions on exchanges
22:32:41 [DEBUG] MIN_NOTIONAL LINEA-USD: min_base=100.00000000 coins, price=$0.0091, min_qty_usd=$0.91, min_notional_api=$10.00, final=$11.00
22:32:42 [INFO] 🔍 Running periodic exchange sync check...
22:32:42 [INFO] 🔍 Starting Exchange Sync Check...
22:32:42 [DEBUG] Sending GET https://api.starknet.extended.exchange/api/v1/user/positions?
22:32:42 [DEBUG] Lighter Balance: Raw=$298.92, Safe=$283.97
22:32:42 [INFO] 🎰 KELLY ZRO-USD: win_rate=80.0%, kelly_fraction=0.6000, safe_fraction=0.0500, confidence=LOW, samples=0
22:32:42 [INFO] 📊 KELLY SIZE ZRO-USD: base=$30.0, kelly_recommended=$12.6, final=$30.0
22:32:42 [DEBUG] Sending GET https://api.starknet.extended.exchange/api/v1/user/balance
22:32:42 [INFO] 🎰 KELLY LINEA-USD: win_rate=80.0%, kelly_fraction=0.6000, safe_fraction=0.0500, confidence=LOW, samples=0
22:32:42 [INFO] 📊 KELLY SIZE LINEA-USD: base=$30.0, kelly_recommended=$12.6, final=$30.0
22:32:42 [INFO] 🚀 Opening ZRO-USD: Size=$30.0 (Min=$13.1)
22:32:42 [INFO] 🔄 [PARALLEL] ZRO-USD: Lighter POST-ONLY first
22:32:42 [INFO] 🚀 Opening LINEA-USD: Size=$30.0 (Min=$11.0)
22:32:42 [INFO] 🔄 [PARALLEL] LINEA-USD: Lighter POST-ONLY first
22:32:42 [INFO] 🚀 LIGHTER OPEN ZRO-USD: side=SELL, size_usd=$30.00, price=$1.246200
22:32:42 [DEBUG] 🔍 DEBUG: ZRO-USD market_id = 60 (raw=60, type=<class 'int'>)
22:32:42 [DEBUG] QUANTIZE ZRO-USD: USD=30.00, coins=24.073182, raw=241, lot_size=30, final=240
22:32:42 [INFO] 🔄 [PARALLEL] ZRO-USD: X10 MARKET order
22:32:42 [INFO] 🔄 [PARALLEL] LINEA-USD: X10 MARKET order
22:32:42 [DEBUG] Create Order Tx Info: {"AccountIndex":60113,"ApiKeyIndex":3,"MarketIndex":60,"ClientOrderIndex":1764624836891,"BaseAmount":240,"Price":123872,"IsAsk":1,"Type":0,"TimeInForce":1,"ReduceOnly":0,"TriggerPrice":0,"OrderExpiry":1767043962910,"ExpiredAt":1764625361910,"Nonce":1884,"Sig":"r1ejwiCqe3UrKAsW/mYX9n3SO7liO0p6vJSdBcjv82Py1VCsIjLMARiQ5+r6QMGxYnDlC86+JuYeCrcLxH2gVMuvAaxTIgB41PgaORPQHBo="}
22:32:42 [INFO] 🚀 LIGHTER OPEN LINEA-USD: side=SELL, size_usd=$30.00, price=$0.009140
22:32:42 [DEBUG] 🔍 DEBUG: LINEA-USD market_id = 76 (raw=76, type=<class 'int'>)
22:32:42 [DEBUG] QUANTIZE LINEA-USD: USD=30.00, coins=3282.275711, raw=3282, lot_size=100, final=3200
22:32:42 [INFO]  X10 Order: 1995606980219830272
22:32:42 [INFO] ✅ [PARALLEL] LTC-USD: Both legs filled in 3109ms
22:32:42 [DEBUG] 📝 Trade added to state: LTC-USD
22:32:42 [DEBUG] 🧹 Cleaned task: LTC-USD
22:32:42 [DEBUG] 📝 Flushed 1 writes
22:32:42 [DEBUG] 📝 Flushed 1 writes in 0.0ms
22:32:42 [DEBUG] Create Order Tx Info: {"AccountIndex":60113,"ApiKeyIndex":3,"MarketIndex":76,"ClientOrderIndex":1764624781931,"BaseAmount":3200,"Price":9085,"IsAsk":1,"Type":0,"TimeInForce":1,"ReduceOnly":0,"TriggerPrice":0,"OrderExpiry":1767043962942,"ExpiredAt":1764625361942,"Nonce":1885,"Sig":"MotE8BWt7WXAfhrlobo7hG4PCIMvisuSYd2lqv4yEaaQC4iE3NJaYMqWkX3XBVOjyCwhCUZ6ouSfv8aSaPgtRY+UJU1soaqUqFhLtpdo+D8="}
22:32:42 [DEBUG] Placing an order: id=2177320278420450083834750737418287870011729756508293113023150466323378494687
22:32:42 [DEBUG] Sending POST https://api.starknet.extended.exchange/api/v1/user/order, headers={<RequestHeader.ACCEPT: 'Accept'>: 'application/json', <RequestHeader.CONTENT_TYPE: 'Content-Type'>: 'application/json', <RequestHeader.USER_AGENT: 'User-Agent'>: 'X10PythonTradingClient/0.0.17', <RequestHeader.API_KEY: 'X-Api-Key'>: 'a1c9207f79f0e57ddc454bf1e16dbe49'}
22:32:42 [INFO] Lighter: Found 1 open positions
22:32:42 [ERROR] 🚨 DESYNC DETECTED: Positions only on Lighter: {'LTC-USD'}
22:32:42 [ERROR] ⚠️ These are UNHEDGED and create directional risk!
22:32:42 [WARNING] 🔻 Closing orphaned Lighter position: LTC-USD
22:32:42 [ERROR] Failed to close Lighter orphan LTC-USD: '<' not supported between instances of 'float' and 'str'
22:32:43 [DEBUG] Placing an order: id=1457919805343946636367947566111468889348492872651998614182326995763487165495
22:32:43 [DEBUG] Sending POST https://api.starknet.extended.exchange/api/v1/user/order, headers={<RequestHeader.ACCEPT: 'Accept'>: 'application/json', <RequestHeader.CONTENT_TYPE: 'Content-Type'>: 'application/json', <RequestHeader.USER_AGENT: 'User-Agent'>: 'X10PythonTradingClient/0.0.17', <RequestHeader.API_KEY: 'X-Api-Key'>: 'a1c9207f79f0e57ddc454bf1e16dbe49'}
22:32:43 [DEBUG] Create Order Send Tx Response: code=200 message='{"ratelimit": "didn\'t use volume quota"}' tx_hash='8585e1468a3016a7c6d592808438ebd02715732341df7184de8dd489e74bc31e29fc62dc36c28349' predicted_execution_time_ms=1764624755889 additional_properties={}
22:32:43 [INFO] Lighter Order: 8585e1468a3016a7c6d592808438ebd02715732341df7184de8dd489e74bc31e29fc62dc36c28349
22:32:43 [DEBUG] Create Order Send Tx Response: code=200 message='{"ratelimit": "didn\'t use volume quota"}' tx_hash='388bb3b42bfa518dbeea1cf839da8c6a83c1d223bbc33da38803e1b3e733d702b1847c272a4b8fa3' predicted_execution_time_ms=1764624755898 additional_properties={}
22:32:43 [INFO] Lighter Order: 388bb3b42bfa518dbeea1cf839da8c6a83c1d223bbc33da38803e1b3e733d702b1847c272a4b8fa3
22:32:43 [INFO]  X10 Order: 1995606981360222208
22:32:43 [INFO] ✅ [PARALLEL] ZRO-USD: Both legs filled in 328ms
22:32:43 [DEBUG] 📝 Trade added to state: ZRO-USD
22:32:43 [DEBUG] ✅ MON-USD: X10=$165,919, Lighter=$222,097,095, Total=$222,263,014
22:32:43 [DEBUG] Fetching fresh positions (force=False, cache_age=1764624763.8s)
22:32:43 [DEBUG] Sending GET https://api.starknet.extended.exchange/api/v1/user/positions?
22:32:44 [INFO]  X10 Order: 1995606984837132288
22:32:44 [INFO] ✅ [PARALLEL] LINEA-USD: Both legs filled in 1125ms
22:32:44 [DEBUG] 📝 Trade added to state: LINEA-USD
22:32:44 [DEBUG] 📝 Flushed 1 writes in 16.0ms
22:32:44 [INFO] Lighter: Found 3 open positions
22:32:44 [INFO] 📊 Positions: X10=2, Lighter=3
22:32:44 [DEBUG] X10 positions: ['LTC-USD', 'ZRO-USD']
22:32:44 [DEBUG] Lighter positions: ['LTC-USD', 'ZRO-USD', 'LINEA-USD']
22:32:44 [INFO] 🔍 DEBUG LTC-USD: entry_time type=<class 'str'>, value=2025-12-01T21:32:42.937382+00:00
22:32:44 [DEBUG] Check LTC-USD: Age=1.3s (Limit=60s)
22:32:44 [INFO] 🔍 DEBUG ZRO-USD: entry_time type=<class 'str'>, value=2025-12-01T21:32:43.210780+00:00
22:32:44 [DEBUG] Check ZRO-USD: Age=1.1s (Limit=60s)
22:32:44 [DEBUG] MAX_OPEN_TRADES (3) reached, waiting...
22:32:45 [DEBUG] 📝 Flushed 2 writes
22:32:45 [DEBUG] 📝 Flushed 1 writes in 0.0ms
22:32:45 [DEBUG] Using cached positions (age: 1.4s)
22:32:45 [INFO] 🔍 DEBUG LINEA-USD: entry_time type=<class 'str'>, value=2025-12-01T21:32:44.031190+00:00
22:32:45 [DEBUG] Check LINEA-USD: Age=1.2s (Limit=60s)
22:32:45 [INFO] 🔍 DEBUG LTC-USD: entry_time type=<class 'str'>, value=2025-12-01T21:32:42.937382+00:00
22:32:45 [DEBUG] Check LTC-USD: Age=2.3s (Limit=60s)
22:32:45 [INFO] 🔍 DEBUG ZRO-USD: entry_time type=<class 'str'>, value=2025-12-01T21:32:43.210780+00:00
22:32:45 [DEBUG] Check ZRO-USD: Age=2.0s (Limit=60s)
22:32:46 [DEBUG] Using cached positions (age: 2.4s)
22:32:46 [INFO] 🔍 DEBUG LINEA-USD: entry_time type=<class 'str'>, value=2025-12-01T21:32:44.031190+00:00
22:32:46 [DEBUG] Check LINEA-USD: Age=2.2s (Limit=60s)
22:32:46 [INFO] 🔍 DEBUG LTC-USD: entry_time type=<class 'str'>, value=2025-12-01T21:32:42.937382+00:00
22:32:46 [DEBUG] Check LTC-USD: Age=3.3s (Limit=60s)
22:32:46 [INFO] 🔍 DEBUG ZRO-USD: entry_time type=<class 'str'>, value=2025-12-01T21:32:43.210780+00:00
22:32:46 [DEBUG] Check ZRO-USD: Age=3.0s (Limit=60s)
22:32:47 [DEBUG] Using cached positions (age: 3.4s)
22:32:47 [INFO] 🔍 DEBUG LINEA-USD: entry_time type=<class 'str'>, value=2025-12-01T21:32:44.031190+00:00
22:32:47 [DEBUG] Check LINEA-USD: Age=3.2s (Limit=60s)
22:32:47 [INFO] 🔍 DEBUG LTC-USD: entry_time type=<class 'str'>, value=2025-12-01T21:32:42.937382+00:00
22:32:47 [DEBUG] Check LTC-USD: Age=4.3s (Limit=60s)
22:32:47 [INFO] 🔍 DEBUG ZRO-USD: entry_time type=<class 'str'>, value=2025-12-01T21:32:43.210780+00:00
22:32:47 [DEBUG] Check ZRO-USD: Age=4.0s (Limit=60s)
22:32:47 [DEBUG] MAX_OPEN_TRADES (3) reached, waiting...
22:32:47 [DEBUG] ✅ GRASS-USD: X10=$45,156, Lighter=$1,699,038, Total=$1,744,194
22:32:48 [DEBUG] Using cached positions (age: 4.4s)
22:32:48 [INFO] 🔍 DEBUG LINEA-USD: entry_time type=<class 'str'>, value=2025-12-01T21:32:44.031190+00:00
22:32:48 [DEBUG] Check LINEA-USD: Age=4.2s (Limit=60s)
22:32:48 [INFO] 🔍 DEBUG LTC-USD: entry_time type=<class 'str'>, value=2025-12-01T21:32:42.937382+00:00
22:32:48 [DEBUG] Check LTC-USD: Age=5.3s (Limit=60s)
22:32:48 [INFO] 🔍 DEBUG ZRO-USD: entry_time type=<class 'str'>, value=2025-12-01T21:32:43.210780+00:00
22:32:48 [DEBUG] Check ZRO-USD: Age=5.0s (Limit=60s)
22:32:49 [DEBUG] Fetching fresh positions (force=False, cache_age=5.4s)
22:32:49 [DEBUG] Sending GET https://api.starknet.extended.exchange/api/v1/user/positions?
22:32:49 [INFO] Lighter: Found 3 open positions
22:32:49 [INFO] 📊 Positions: X10=3, Lighter=3
22:32:49 [DEBUG] X10 positions: ['LTC-USD', 'ZRO-USD', 'LINEA-USD']
22:32:49 [DEBUG] Lighter positions: ['LTC-USD', 'ZRO-USD', 'LINEA-USD']
22:32:49 [INFO] 🔍 DEBUG LINEA-USD: entry_time type=<class 'str'>, value=2025-12-01T21:32:44.031190+00:00
22:32:49 [DEBUG] Check LINEA-USD: Age=5.7s (Limit=60s)
22:32:49 [INFO] 🔍 DEBUG LTC-USD: entry_time type=<class 'str'>, value=2025-12-01T21:32:42.937382+00:00
22:32:49 [DEBUG] Check LTC-USD: Age=6.8s (Limit=60s)
22:32:49 [INFO] 🔍 DEBUG ZRO-USD: entry_time type=<class 'str'>, value=2025-12-01T21:32:43.210780+00:00
22:32:49 [DEBUG] Check ZRO-USD: Age=6.5s (Limit=60s)
22:32:50 [DEBUG] MAX_OPEN_TRADES (3) reached, waiting...
22:32:50 [DEBUG] Using cached positions (age: 1.5s)
22:32:50 [INFO] 🔍 DEBUG LINEA-USD: entry_time type=<class 'str'>, value=2025-12-01T21:32:44.031190+00:00
22:32:50 [DEBUG] Check LINEA-USD: Age=6.7s (Limit=60s)
22:32:50 [INFO] 🔍 DEBUG LTC-USD: entry_time type=<class 'str'>, value=2025-12-01T21:32:42.937382+00:00
22:32:50 [DEBUG] Check LTC-USD: Age=7.8s (Limit=60s)
22:32:50 [INFO] 🔍 DEBUG ZRO-USD: entry_time type=<class 'str'>, value=2025-12-01T21:32:43.210780+00:00
22:32:50 [DEBUG] Check ZRO-USD: Age=7.5s (Limit=60s)
22:32:51 [DEBUG] Using cached positions (age: 2.5s)
22:32:51 [INFO] 🔍 DEBUG LINEA-USD: entry_time type=<class 'str'>, value=2025-12-01T21:32:44.031190+00:00
22:32:51 [DEBUG] Check LINEA-USD: Age=7.7s (Limit=60s)
22:32:51 [INFO] 🔍 DEBUG LTC-USD: entry_time type=<class 'str'>, value=2025-12-01T21:32:42.937382+00:00
22:32:51 [DEBUG] Check LTC-USD: Age=8.8s (Limit=60s)
22:32:51 [INFO] 🔍 DEBUG ZRO-USD: entry_time type=<class 'str'>, value=2025-12-01T21:32:43.210780+00:00
22:32:51 [DEBUG] Check ZRO-USD: Age=8.5s (Limit=60s)
22:32:52 [DEBUG] 💓 [lighter] Ping/Pong OK
22:32:52 [DEBUG] Using cached positions (age: 3.5s)
22:32:52 [INFO] 🔍 DEBUG LINEA-USD: entry_time type=<class 'str'>, value=2025-12-01T21:32:44.031190+00:00
22:32:52 [DEBUG] Check LINEA-USD: Age=8.7s (Limit=60s)
22:32:52 [INFO] 🔍 DEBUG LTC-USD: entry_time type=<class 'str'>, value=2025-12-01T21:32:42.937382+00:00
22:32:52 [DEBUG] Check LTC-USD: Age=9.8s (Limit=60s)
22:32:52 [INFO] 🔍 DEBUG ZRO-USD: entry_time type=<class 'str'>, value=2025-12-01T21:32:43.210780+00:00
22:32:52 [DEBUG] Check ZRO-USD: Age=9.5s (Limit=60s)
22:32:53 [DEBUG] ✅ DOGE-USD: X10=$225,216, Lighter=$19,674,926, Total=$19,900,142
22:32:53 [DEBUG] MAX_OPEN_TRADES (3) reached, waiting...
22:32:53 [DEBUG] Using cached positions (age: 4.5s)
22:32:53 [INFO] 🔍 DEBUG LINEA-USD: entry_time type=<class 'str'>, value=2025-12-01T21:32:44.031190+00:00
22:32:53 [DEBUG] Check LINEA-USD: Age=9.7s (Limit=60s)
22:32:53 [INFO] 🔍 DEBUG LTC-USD: entry_time type=<class 'str'>, value=2025-12-01T21:32:42.937382+00:00
22:32:53 [DEBUG] Check LTC-USD: Age=10.8s (Limit=60s)
22:32:53 [INFO] 🔍 DEBUG ZRO-USD: entry_time type=<class 'str'>, value=2025-12-01T21:32:43.210780+00:00
22:32:53 [DEBUG] Check ZRO-USD: Age=10.5s (Limit=60s)
22:32:54 [WARNING] [x10] Connection closed: 1011 Ping timeout
22:32:54 [ERROR] [x10] Send error: received 1011 (internal error) Ping timeout; then sent 1011 (internal error) Ping timeout
22:32:54 [DEBUG] 💓 [x10] App-Ping sent
22:32:54 [INFO] 🔄 [x10] Reconnecting in 1.0s (attempt 1)
22:32:54 [DEBUG] Fetching fresh positions (force=False, cache_age=5.5s)
22:32:54 [DEBUG] Sending GET https://api.starknet.extended.exchange/api/v1/user/positions?
22:32:55 [INFO] Lighter: Found 3 open positions
22:32:55 [INFO] 📊 Positions: X10=3, Lighter=3
22:32:55 [DEBUG] X10 positions: ['LTC-USD', 'ZRO-USD', 'LINEA-USD']
22:32:55 [DEBUG] Lighter positions: ['LTC-USD', 'ZRO-USD', 'LINEA-USD']
22:32:55 [INFO] 🔍 DEBUG LINEA-USD: entry_time type=<class 'str'>, value=2025-12-01T21:32:44.031190+00:00
22:32:55 [DEBUG] Check LINEA-USD: Age=11.1s (Limit=60s)
22:32:55 [INFO] 🔍 DEBUG LTC-USD: entry_time type=<class 'str'>, value=2025-12-01T21:32:42.937382+00:00
22:32:55 [DEBUG] Check LTC-USD: Age=12.2s (Limit=60s)
22:32:55 [INFO] 🔍 DEBUG ZRO-USD: entry_time type=<class 'str'>, value=2025-12-01T21:32:43.210780+00:00
22:32:55 [DEBUG] Check ZRO-USD: Age=12.0s (Limit=60s)
22:32:56 [DEBUG] Using cached positions (age: 1.5s)
22:32:56 [INFO] 🔍 DEBUG LINEA-USD: entry_time type=<class 'str'>, value=2025-12-01T21:32:44.031190+00:00
22:32:56 [DEBUG] Check LINEA-USD: Age=12.1s (Limit=60s)
22:32:56 [INFO] 🔍 DEBUG LTC-USD: entry_time type=<class 'str'>, value=2025-12-01T21:32:42.937382+00:00
22:32:56 [DEBUG] Check LTC-USD: Age=13.2s (Limit=60s)
22:32:56 [INFO] 🔍 DEBUG ZRO-USD: entry_time type=<class 'str'>, value=2025-12-01T21:32:43.210780+00:00
22:32:56 [DEBUG] Check ZRO-USD: Age=13.0s (Limit=60s)
22:32:56 [INFO] ✅ [x10] Connected to wss://api.starknet.extended.exchange/stream.extended.exchange/v1/account
22:32:56 [DEBUG] [x10] Subscribed to funding/TAO/USD
22:32:56 [DEBUG] MAX_OPEN_TRADES (3) reached, waiting...
22:32:56 [DEBUG] [x10] Subscribed to funding/VIRTUAL/USD
22:32:56 [DEBUG] [x10] Subscribed to publicTrades/APEX/USD
22:32:56 [DEBUG] [x10] Subscribed to funding/FARTCOIN/USD
22:32:56 [DEBUG] [x10] Subscribed to publicTrades/WIF/USD
22:32:56 [DEBUG] [x10] Subscribed to publicTrades/OP/USD
22:32:56 [DEBUG] [x10] Subscribed to publicTrades/USDJPY/USD
22:32:56 [DEBUG] ✅ SOL-USD: X10=$3,781,266, Lighter=$439,743, Total=$4,221,009
22:32:56 [DEBUG] [x10] Subscribed to publicTrades/XAG/USD
22:32:57 [DEBUG] [x10] Subscribed to publicTrades/TIA/USD
22:32:57 [DEBUG] [x10] Subscribed to funding/TIA/USD
22:32:57 [DEBUG] Using cached positions (age: 2.5s)
22:32:57 [INFO] 🔍 DEBUG LINEA-USD: entry_time type=<class 'str'>, value=2025-12-01T21:32:44.031190+00:00
22:32:57 [DEBUG] Check LINEA-USD: Age=13.1s (Limit=60s)
22:32:57 [INFO] 🔍 DEBUG LTC-USD: entry_time type=<class 'str'>, value=2025-12-01T21:32:42.937382+00:00
22:32:57 [DEBUG] Check LTC-USD: Age=14.2s (Limit=60s)
22:32:57 [INFO] 🔍 DEBUG ZRO-USD: entry_time type=<class 'str'>, value=2025-12-01T21:32:43.210780+00:00
22:32:57 [DEBUG] Check ZRO-USD: Age=14.0s (Limit=60s)
22:32:57 [DEBUG] [x10] Subscribed to funding/PUMP/USD
22:32:57 [DEBUG] [x10] Subscribed to publicTrades/S/USD
22:32:57 [DEBUG] [x10] Subscribed to publicTrades/ASTER/USD
22:32:57 [DEBUG] [x10] Subscribed to publicTrades/ZEC/USD
22:32:57 [DEBUG] [x10] Subscribed to funding/ENA/USD
22:32:57 [DEBUG] [x10] Subscribed to funding/POPCAT/USD
22:32:57 [DEBUG] [x10] Subscribed to publicTrades/WLFI/USD
22:32:57 [DEBUG] [x10] Subscribed to funding/XRP/USD
22:32:57 [DEBUG] [x10] Subscribed to publicTrades/WLD/USD
22:32:58 [DEBUG] [x10] Subscribed to funding/1000SHIB/USD
22:32:58 [DEBUG] [x10] Subscribed to funding/PENDLE/USD
22:32:58 [DEBUG] Using cached positions (age: 3.5s)
22:32:58 [INFO] 🔍 DEBUG LINEA-USD: entry_time type=<class 'str'>, value=2025-12-01T21:32:44.031190+00:00
22:32:58 [DEBUG] Check LINEA-USD: Age=14.1s (Limit=60s)
22:32:58 [INFO] 🔍 DEBUG LTC-USD: entry_time type=<class 'str'>, value=2025-12-01T21:32:42.937382+00:00
22:32:58 [DEBUG] Check LTC-USD: Age=15.2s (Limit=60s)
22:32:58 [INFO] 🔍 DEBUG ZRO-USD: entry_time type=<class 'str'>, value=2025-12-01T21:32:43.210780+00:00
22:32:58 [DEBUG] Check ZRO-USD: Age=15.0s (Limit=60s)
22:32:58 [DEBUG] [x10] Subscribed to funding/FIL/USD
22:32:58 [DEBUG] [x10] Subscribed to publicTrades/ADA/USD
22:32:58 [DEBUG] [x10] Subscribed to funding/DOGE/USD
22:32:58 [DEBUG] [x10] Subscribed to publicTrades/ZORA/USD
22:32:58 [DEBUG] [x10] Subscribed to funding/XPL/USD
22:32:58 [DEBUG] [x10] Subscribed to funding/LINK/USD
22:32:58 [DEBUG] [x10] Subscribed to funding/WLD/USD
22:32:58 [DEBUG] [x10] Subscribed to funding/OP/USD
22:32:58 [DEBUG] [x10] Subscribed to funding/KAITO/USD
22:32:59 [DEBUG] [x10] Subscribed to funding/STRK/USD
22:32:59 [DEBUG] Using cached positions (age: 4.5s)
22:32:59 [INFO] 🔍 DEBUG LINEA-USD: entry_time type=<class 'str'>, value=2025-12-01T21:32:44.031190+00:00
22:32:59 [DEBUG] Check LINEA-USD: Age=15.1s (Limit=60s)
22:32:59 [INFO] 🚜 [FARM] Profit Take LINEA-USD: Age=15s, Spread=0.024% (sehr niedrig), PnL=$0.00
22:32:59 [INFO]  💸 EXIT LINEA-USD: FARM_QUICK_PROFIT | PnL $0.00 (Fees: $0.00)
22:32:59 [INFO]  🔻 CLOSING LINEA-USD (Atomic Smart Close)...
22:32:59 [DEBUG] [x10] Subscribed to publicTrades/FIL/USD
22:32:59 [DEBUG] [x10] Subscribed to funding/XAG/USD
22:32:59 [DEBUG] MAX_OPEN_TRADES (3) reached, waiting...
22:32:59 [DEBUG] [x10] Subscribed to publicTrades/NEAR/USD
22:32:59 [DEBUG] [x10] Subscribed to publicTrades/XRP/USD
22:32:59 [DEBUG] [x10] Subscribed to publicTrades/PENGU/USD
22:32:59 [INFO] Lighter: Found 3 open positions
22:32:59 [CRITICAL] 🚨 CRITICAL TypeError in Lighter close_live_position for LINEA-USD: '<' not supported between instances of 'float' and 'str'
   This indicates API limit data type mismatch (string vs float).
   Marking as code error for emergency recovery.
22:32:59 [WARNING] ⚠️ CODE ERROR!  Force-closing X10 AND cleaning state for LINEA-USD...
22:32:59 [DEBUG] [x10] Subscribed to publicTrades/TRX/USD
22:32:59 [DEBUG] [x10] Subscribed to funding/ADA/USD
22:32:59 [DEBUG] [x10] Subscribed to publicTrades/DOGE/USD
22:32:59 [DEBUG] [x10] Subscribed to funding/APT/USD
22:33:00 [DEBUG] [x10] Subscribed to publicTrades/PUMP/USD
22:33:00 [DEBUG] [x10] Subscribed to publicTrades/VIRTUAL/USD
22:33:00 [DEBUG] [x10] Subscribed to publicTrades/LTC/USD
22:33:00 [DEBUG] [x10] Subscribed to publicTrades/RESOLV/USD
22:33:00 [DEBUG] [x10] Subscribed to funding/ONDO/USD
22:33:00 [DEBUG] [x10] Subscribed to publicTrades/BNB/USD
22:33:00 [DEBUG] [x10] Subscribed to publicTrades/SEI/USD
22:33:00 [DEBUG] ✅ 1000PEPE-USD: X10=$180,073, Lighter=$207,702,807, Total=$207,882,880
22:33:00 [DEBUG] [x10] Subscribed to publicTrades/KAITO/USD
22:33:00 [DEBUG] [x10] Subscribed to funding/HYPE/USD
22:33:00 [DEBUG] [x10] Subscribed to publicTrades/POPCAT/USD
22:33:00 [DEBUG] [x10] Subscribed to publicTrades/JUP/USD
22:33:01 [DEBUG] [x10] Subscribed to funding/LTC/USD
22:33:01 [DEBUG] [x10] Subscribed to funding/AAVE/USD
22:33:01 [DEBUG] [x10] Subscribed to publicTrades/TON/USD
22:33:01 [DEBUG] [x10] Subscribed to funding/TRUMP/USD
22:33:01 [DEBUG] [x10] Subscribed to publicTrades/MNT/USD
22:33:01 [DEBUG] [x10] Subscribed to publicTrades/ARB/USD
22:33:01 [DEBUG] [x10] Subscribed to publicTrades/ONDO/USD
22:33:01 [DEBUG] [x10] Subscribed to funding/JUP/USD
22:33:01 [DEBUG] [x10] Subscribed to funding/SEI/USD
22:33:01 [DEBUG] [x10] Subscribed to funding/MON/USD
22:33:01 [DEBUG] [x10] Subscribed to publicTrades/FARTCOIN/USD
22:33:02 [DEBUG] [x10] Subscribed to funding/UNI/USD
22:33:02 [DEBUG] [x10] Subscribed to publicTrades/LINEA/USD
22:33:02 [DEBUG] [x10] Subscribed to publicTrades/DOT/USD
22:33:02 [DEBUG] MAX_OPEN_TRADES (3) reached, waiting...
22:33:02 [DEBUG] [x10] Subscribed to publicTrades/SOL/USD
22:33:02 [DEBUG] [x10] Subscribed to funding/AVAX/USD
22:33:02 [DEBUG] [x10] Subscribed to funding/BERA/USD
22:33:02 [DEBUG] Sending GET https://api.starknet.extended.exchange/api/v1/user/positions?
22:33:02 [DEBUG] [x10] Subscribed to funding/APEX/USD
22:33:02 [DEBUG] [x10] Subscribed to publicTrades/STRK/USD
22:33:02 [DEBUG] [x10] Subscribed to funding/EIGEN/USD
22:33:02 [INFO] 🔻 Closing X10 LINEA-USD: size=3200.000000 coins, side=BUY
22:33:02 [DEBUG] Sending GET https://api.starknet.extended.exchange/api/v1/user/positions?
22:33:02 [DEBUG] [x10] Subscribed to funding/TRX/USD
22:33:03 [DEBUG] [x10] Subscribed to publicTrades/EDEN/USD
22:33:03 [INFO] 🔻 X10 CLOSE LINEA-USD: size=3200.000000, side=SELL
22:33:03 [DEBUG] [x10] Subscribed to funding/BTC/USD
22:33:03 [DEBUG] Placing an order: id=2992349878146306986568421231795091385801121936860592785786162077214508399242
22:33:03 [DEBUG] Sending POST https://api.starknet.extended.exchange/api/v1/user/order, headers={<RequestHeader.ACCEPT: 'Accept'>: 'application/json', <RequestHeader.CONTENT_TYPE: 'Content-Type'>: 'application/json', <RequestHeader.USER_AGENT: 'User-Agent'>: 'X10PythonTradingClient/0.0.17', <RequestHeader.API_KEY: 'X-Api-Key'>: 'a1c9207f79f0e57ddc454bf1e16dbe49'}
22:33:03 [DEBUG] [x10] Subscribed to publicTrades/HYPE/USD
22:33:03 [DEBUG] [x10] Subscribed to funding/MKR/USD
22:33:03 [DEBUG] [x10] Subscribed to funding/WLFI/USD
22:33:03 [DEBUG] [x10] Subscribed to funding/SOL/USD
22:33:03 [DEBUG] [x10] Subscribed to funding/ZRO/USD
22:33:03 [DEBUG] [x10] Subscribed to publicTrades/BTC/USD
22:33:03 [DEBUG] [x10] Subscribed to publicTrades/TAO/USD
22:33:03 [DEBUG] [x10] Subscribed to funding/ZORA/USD
22:33:04 [DEBUG] [x10] Subscribed to funding/SPX/USD
22:33:04 [DEBUG] [x10] Subscribed to publicTrades/IP/USD
22:33:04 [DEBUG] [x10] Subscribed to funding/IP/USD
22:33:04 [INFO]  X10 Order: 1995607069571964928
22:33:04 [DEBUG] [x10] Subscribed to publicTrades/PENDLE/USD
22:33:04 [DEBUG] [x10] Subscribed to publicTrades/MKR/USD
22:33:04 [DEBUG] ✅ LINEA-USD: X10=$58,204, Lighter=$85,695,899, Total=$85,754,103
22:33:04 [DEBUG] [x10] Subscribed to publicTrades/SUI/USD
22:33:04 [DEBUG] [x10] Subscribed to funding/AVNT/USD
22:33:04 [DEBUG] [x10] Subscribed to funding/DOT/USD
22:33:04 [DEBUG] [x10] Subscribed to funding/ARB/USD
22:33:04 [DEBUG] [x10] Subscribed to publicTrades/XAU/USD
22:33:04 [DEBUG] [x10] Subscribed to funding/TON/USD
22:33:05 [DEBUG] [x10] Subscribed to funding/RESOLV/USD
22:33:05 [DEBUG] [x10] Subscribed to funding/LDO/USD
22:33:05 [DEBUG] [x10] Subscribed to funding/GRASS/USD
22:33:05 [DEBUG] [x10] Subscribed to publicTrades/1000SHIB/USD
22:33:05 [DEBUG] MAX_OPEN_TRADES (3) reached, waiting...
22:33:05 [DEBUG] [x10] Subscribed to publicTrades/GRASS/USD
22:33:05 [DEBUG] [x10] Subscribed to funding/BNB/USD
22:33:05 [DEBUG] [x10] Subscribed to funding/USDJPY/USD
22:33:05 [DEBUG] [x10] Subscribed to funding/ASTER/USD
22:33:05 [DEBUG] [x10] Subscribed to publicTrades/1000PEPE/USD
22:33:05 [DEBUG] [x10] Subscribed to funding/XAU/USD
22:33:05 [DEBUG] [x10] Subscribed to publicTrades/LINK/USD
22:33:06 [DEBUG] [x10] Subscribed to publicTrades/ZRO/USD
22:33:06 [DEBUG] [x10] Subscribed to publicTrades/AVNT/USD
22:33:06 [DEBUG] Sending GET https://api.starknet.extended.exchange/api/v1/user/positions?
22:33:06 [DEBUG] [x10] Subscribed to publicTrades/TRUMP/USD
22:33:06 [DEBUG] [x10] Subscribed to funding/WIF/USD
22:33:06 [DEBUG] [x10] Subscribed to publicTrades/UNI/USD
22:33:06 [INFO] ✅ X10 LINEA-USD closed (3200.000000 coins)
22:33:06 [INFO] ✅ EMERGENCY X10 close for LINEA-USD
22:33:06 [INFO] ✅ Trade LINEA-USD closed (PnL: $0.00)
22:33:06 [INFO] ✅ Removed LINEA-USD from state (preventing loop)
22:33:06 [INFO] ✅ Trade LINEA-USD closed (PnL: $0.00)
22:33:06 [DEBUG] 📝 Flushed 1 writes
22:33:06 [DEBUG] 📝 Flushed 1 writes in 0.0ms
22:33:06 [INFO]  💰 PnL LINEA-USD: $0.00 (FARM_QUICK_PROFIT)
22:33:06 [ERROR] Kelly Sizer record_trade error for LINEA-USD: Format specifier missing precision
22:33:06 [INFO] 🔍 DEBUG LTC-USD: entry_time type=<class 'str'>, value=2025-12-01T21:32:42.937382+00:00
22:33:06 [DEBUG] Check LTC-USD: Age=23.6s (Limit=60s)
22:33:06 [INFO] 🔍 DEBUG ZRO-USD: entry_time type=<class 'str'>, value=2025-12-01T21:32:43.210780+00:00
22:33:06 [DEBUG] Check ZRO-USD: Age=23.3s (Limit=60s)
22:33:06 [INFO] 🚜 [FARM] Profit Take ZRO-USD: Age=23s, Spread=0.035% (sehr niedrig), PnL=$0.00
22:33:06 [INFO]  💸 EXIT ZRO-USD: FARM_QUICK_PROFIT | PnL $0.00 (Fees: $0.00)
22:33:06 [INFO]  🔻 CLOSING ZRO-USD (Atomic Smart Close)...
22:33:06 [DEBUG] [x10] Subscribed to publicTrades/BCH/USD
22:33:06 [DEBUG] [x10] Subscribed to publicTrades/MON/USD
22:33:06 [DEBUG] [x10] Subscribed to funding/EDEN/USD
22:33:06 [DEBUG] [x10] Subscribed to publicTrades/ENA/USD
22:33:06 [DEBUG] [x10] Subscribed to publicTrades/LDO/USD
22:33:06 [INFO] Lighter: Found 3 open positions
22:33:06 [CRITICAL] 🚨 CRITICAL TypeError in Lighter close_live_position for ZRO-USD: '<' not supported between instances of 'float' and 'str'
   This indicates API limit data type mismatch (string vs float).
   Marking as code error for emergency recovery.
22:33:06 [WARNING] ⚠️ CODE ERROR!  Force-closing X10 AND cleaning state for ZRO-USD...
22:33:07 [DEBUG] [x10] Subscribed to funding/PENGU/USD
22:33:07 [DEBUG] [x10] Subscribed to funding/MNT/USD
22:33:07 [DEBUG] [x10] Subscribed to publicTrades/SPX/USD
22:33:07 [DEBUG] [x10] Subscribed to publicTrades/CRV/USD
22:33:07 [DEBUG] [x10] Subscribed to funding/CRV/USD
22:33:07 [DEBUG] [x10] Subscribed to funding/1000PEPE/USD
22:33:07 [DEBUG] [x10] Subscribed to publicTrades/XPL/USD
22:33:07 [DEBUG] [x10] Subscribed to publicTrades/EIGEN/USD
22:33:07 [DEBUG] [x10] Subscribed to publicTrades/AAVE/USD
22:33:07 [DEBUG] 🐕 Watchdog OK: Daten-Alter 2.5s
22:33:07 [DEBUG] [x10] Subscribed to publicTrades/1000BONK/USD
22:33:07 [DEBUG] [x10] Subscribed to funding/S/USD
22:33:08 [DEBUG] [x10] Subscribed to funding/1000BONK/USD
22:33:08 [DEBUG] ✅ AAVE-USD: X10=$228,052, Lighter=$44,345, Total=$272,396
22:33:08 [DEBUG] [x10] Subscribed to funding/NEAR/USD
22:33:08 [DEBUG] [x10] Subscribed to publicTrades/APT/USD
22:33:08 [INFO] 🔍 🚜 FARM Scanning 67 pairs. Open symbols to skip: {'LTC-USD', 'ZRO-USD'}
22:33:08 [DEBUG] Price cache status: X10=67/67, Lighter=66/67
22:33:08 [INFO] 🔍 Scanning 67 pairs. Lighter markets: 115, X10 markets: 91
22:33:08 [DEBUG] [x10] Subscribed to publicTrades/BERA/USD
22:33:08 [DEBUG] [x10] Subscribed to funding/BCH/USD
22:33:08 [DEBUG] 📝 Flushed 1 writes
22:33:08 [DEBUG] 📝 Flushed 1 writes in 0.0ms
22:33:08 [DEBUG] [x10] Subscribed to funding/LINEA/USD
22:33:08 [DEBUG] MKR-USD: Missing prices (X=1663.9, L=None)
22:33:08 [DEBUG] [x10] Subscribed to funding/SUI/USD
22:33:08 [INFO] ✅ Found 0 opportunities with predictions (farm_mode=True)
22:33:08 [INFO] ⚠️ Keine Prediction-Opportunities, nutze Fallback mit echten Funding Rates...
22:33:08 [INFO]  VOL REGIME: EIGEN-USD UNKNOWN -> LOW (24h Range: 0.00%)
22:33:08 [DEBUG] 🔄 Skip LTC-USD: Already open (in open_syms)
22:33:08 [INFO]  VOL REGIME: ENA-USD UNKNOWN -> LOW (24h Range: 0.00%)
22:33:08 [INFO]  VOL REGIME: MON-USD UNKNOWN -> LOW (24h Range: 0.00%)
22:33:08 [INFO]  VOL REGIME: GRASS-USD UNKNOWN -> LOW (24h Range: 0.00%)
22:33:08 [INFO]  VOL REGIME: DOGE-USD UNKNOWN -> LOW (24h Range: 0.00%)
22:33:08 [INFO]  VOL REGIME: SOL-USD UNKNOWN -> LOW (24h Range: 0.00%)
22:33:08 [INFO]  VOL REGIME: 1000PEPE-USD UNKNOWN -> LOW (24h Range: 0.00%)
22:33:08 [INFO]  VOL REGIME: LINEA-USD UNKNOWN -> LOW (24h Range: 0.00%)
22:33:08 [INFO]  VOL REGIME: AAVE-USD UNKNOWN -> LOW (24h Range: 0.00%)
22:33:08 [INFO]  VOL REGIME: UNI-USD UNKNOWN -> LOW (24h Range: 0.00%)
22:33:08 [INFO]  VOL REGIME: WLFI-USD UNKNOWN -> LOW (24h Range: 0.00%)
22:33:08 [INFO]  VOL REGIME: 1000SHIB-USD UNKNOWN -> LOW (24h Range: 0.00%)
22:33:08 [INFO]  VOL REGIME: ARB-USD UNKNOWN -> LOW (24h Range: 0.00%)
22:33:08 [INFO]  VOL REGIME: ONDO-USD UNKNOWN -> LOW (24h Range: 0.00%)
22:33:08 [INFO]  VOL REGIME: XRP-USD UNKNOWN -> LOW (24h Range: 0.00%)
22:33:08 [DEBUG] Skip XRP-USD: Spread 0.36% too high
22:33:08 [INFO]  VOL REGIME: ZORA-USD UNKNOWN -> LOW (24h Range: 0.00%)
22:33:08 [INFO]  VOL REGIME: AVAX-USD UNKNOWN -> LOW (24h Range: 0.00%)
22:33:08 [INFO]  VOL REGIME: BERA-USD UNKNOWN -> LOW (24h Range: 0.00%)
22:33:08 [INFO]  VOL REGIME: JUP-USD UNKNOWN -> LOW (24h Range: 0.00%)
22:33:08 [INFO]  VOL REGIME: STRK-USD UNKNOWN -> LOW (24h Range: 0.00%)
22:33:08 [INFO]  VOL REGIME: POPCAT-USD UNKNOWN -> LOW (24h Range: 0.00%)
22:33:08 [INFO]  VOL REGIME: CRV-USD UNKNOWN -> LOW (24h Range: 0.00%)
22:33:08 [INFO]  VOL REGIME: BNB-USD UNKNOWN -> LOW (24h Range: 0.00%)
22:33:08 [INFO]  VOL REGIME: VIRTUAL-USD UNKNOWN -> LOW (24h Range: 0.00%)
22:33:08 [DEBUG] ⛔ Skip XAG-USD: TradFi/FX
22:33:08 [INFO]  VOL REGIME: LDO-USD UNKNOWN -> LOW (24h Range: 0.00%)
22:33:08 [INFO]  VOL REGIME: OP-USD UNKNOWN -> LOW (24h Range: 0.00%)
22:33:08 [INFO]  VOL REGIME: BTC-USD UNKNOWN -> LOW (24h Range: 0.00%)
22:33:08 [INFO]  VOL REGIME: WLD-USD UNKNOWN -> LOW (24h Range: 0.00%)
22:33:08 [INFO]  VOL REGIME: S-USD UNKNOWN -> LOW (24h Range: 0.00%)
22:33:08 [INFO]  VOL REGIME: PENGU-USD UNKNOWN -> LOW (24h Range: 0.00%)
22:33:08 [INFO]  VOL REGIME: RESOLV-USD UNKNOWN -> LOW (24h Range: 0.00%)
22:33:08 [INFO] 🔍 DEBUG RESOLV-USD: rl=-0.00033600, rx=-0.00043000, net=0.00009400, apy=82.3%
22:33:08 [DEBUG] Skip RESOLV-USD: Spread 0.37% too high
22:33:08 [DEBUG] 🔄 Skip ZRO-USD: Already open (in open_syms)
22:33:08 [INFO]  VOL REGIME: TRX-USD UNKNOWN -> LOW (24h Range: 0.00%)
22:33:08 [DEBUG] ⛔ Skip SPX-USD: TradFi/FX
22:33:08 [INFO]  VOL REGIME: PENDLE-USD UNKNOWN -> LOW (24h Range: 0.00%)
22:33:08 [INFO]  VOL REGIME: TON-USD UNKNOWN -> LOW (24h Range: 0.00%)
22:33:08 [DEBUG] ⛔ Skip XAU-USD: TradFi/FX
22:33:08 [INFO]  VOL REGIME: WIF-USD UNKNOWN -> LOW (24h Range: 0.00%)
22:33:08 [INFO]  VOL REGIME: EDEN-USD UNKNOWN -> LOW (24h Range: 0.00%)
22:33:08 [INFO]  VOL REGIME: NEAR-USD UNKNOWN -> LOW (24h Range: 0.00%)
22:33:08 [INFO]  VOL REGIME: PUMP-USD UNKNOWN -> LOW (24h Range: 0.00%)
22:33:08 [INFO]  VOL REGIME: HYPE-USD UNKNOWN -> LOW (24h Range: 0.00%)
22:33:08 [INFO]  VOL REGIME: FARTCOIN-USD UNKNOWN -> LOW (24h Range: 0.00%)
22:33:08 [INFO]  VOL REGIME: APEX-USD UNKNOWN -> LOW (24h Range: 0.00%)
22:33:08 [INFO]  VOL REGIME: TAO-USD UNKNOWN -> LOW (24h Range: 0.00%)
22:33:08 [INFO]  VOL REGIME: ADA-USD UNKNOWN -> LOW (24h Range: 0.00%)
22:33:08 [INFO]  VOL REGIME: 1000BONK-USD UNKNOWN -> LOW (24h Range: 0.00%)
22:33:08 [INFO]  VOL REGIME: SEI-USD UNKNOWN -> LOW (24h Range: 0.00%)
22:33:08 [INFO]  VOL REGIME: TRUMP-USD UNKNOWN -> LOW (24h Range: 0.00%)
22:33:08 [INFO]  VOL REGIME: AVNT-USD UNKNOWN -> LOW (24h Range: 0.00%)
22:33:08 [INFO]  VOL REGIME: SUI-USD UNKNOWN -> LOW (24h Range: 0.00%)
22:33:08 [INFO]  VOL REGIME: IP-USD UNKNOWN -> LOW (24h Range: 0.00%)
22:33:08 [INFO]  VOL REGIME: ASTER-USD UNKNOWN -> LOW (24h Range: 0.00%)
22:33:08 [INFO]  VOL REGIME: TIA-USD UNKNOWN -> LOW (24h Range: 0.00%)
22:33:08 [INFO]  VOL REGIME: XPL-USD UNKNOWN -> LOW (24h Range: 0.00%)
22:33:08 [INFO]  VOL REGIME: KAITO-USD UNKNOWN -> LOW (24h Range: 0.00%)
22:33:08 [INFO]  VOL REGIME: MNT-USD UNKNOWN -> LOW (24h Range: 0.00%)
22:33:08 [INFO]  VOL REGIME: ZEC-USD UNKNOWN -> LOW (24h Range: 0.00%)
22:33:08 [INFO]  VOL REGIME: APT-USD UNKNOWN -> LOW (24h Range: 0.00%)
22:33:08 [INFO]  VOL REGIME: LINK-USD UNKNOWN -> LOW (24h Range: 0.00%)
22:33:08 [INFO] ✅ Found 26 opportunities from 61 valid pairs (farm_mode=True, scanned=67)
22:33:08 [INFO] 🎯 Found 3 opportunities, executing best...
22:33:08 [DEBUG] Sending GET https://api.starknet.extended.exchange/api/v1/user/balance
22:33:08 [DEBUG] [x10] Subscribed to publicTrades/AVAX/USD
22:33:08 [DEBUG] [x10] Subscribed to funding/ZEC/USD
22:33:09 [DEBUG] Lighter Balance: Raw=$298.85, Safe=$283.91
22:33:09 [INFO] X10: Detected balance = $302.50
22:33:09 [INFO] 🚀 Launching 1 trades (Slots available: 1)
22:33:09 [DEBUG] Sending GET https://api.starknet.extended.exchange/api/v1/user/positions?
22:33:09 [DEBUG] Sending GET https://api.starknet.extended.exchange/api/v1/user/positions?
22:33:10 [INFO] 🔻 Closing X10 ZRO-USD: size=23.000000 coins, side=BUY
22:33:10 [DEBUG] Sending GET https://api.starknet.extended.exchange/api/v1/user/positions?
22:33:10 [INFO] Lighter: Found 3 open positions
22:33:10 [INFO] 💰 Balance: X10=$302.5 (free=$285.1), Lit=$283.9 (free=$266.5) | DB_Trades=2, Real_Positions=3, Locked=$14/ex
22:33:10 [INFO] 🚀 Launching trade for LINEA-USD (APY=46.4%)
22:33:10 [DEBUG] Sending GET https://api.starknet.extended.exchange/api/v1/user/positions?
22:33:10 [INFO] 🔻 X10 CLOSE ZRO-USD: size=23.000000, side=SELL
22:33:10 [DEBUG] Placing an order: id=2307743991056420334849300635632422808299439347956380245219033328430409219272
22:33:10 [DEBUG] Sending POST https://api.starknet.extended.exchange/api/v1/user/order, headers={<RequestHeader.ACCEPT: 'Accept'>: 'application/json', <RequestHeader.CONTENT_TYPE: 'Content-Type'>: 'application/json', <RequestHeader.USER_AGENT: 'User-Agent'>: 'X10PythonTradingClient/0.0.17', <RequestHeader.API_KEY: 'X-Api-Key'>: 'a1c9207f79f0e57ddc454bf1e16dbe49'}
22:33:10 [INFO]  X10 Order: 1995607096879976448
22:33:10 [INFO] ✅ Launched 1 trade tasks this cycle
22:33:11 [INFO] Lighter: Found 3 open positions
22:33:11 [WARNING] ⚠️ LINEA-USD already open on Lighter - SKIP to prevent duplicate!
22:33:11 [WARNING] 🛑 Received SIGINT, initiating graceful shutdown...
22:33:11 [INFO] 🛑 Shutting down...
22:33:11 [INFO] 🛑 Initiating graceful shutdown...
22:33:11 [INFO] 🔍 Supervisor loop stopped
22:33:11 [INFO] 🛑 Cancelling logic_loop...
22:33:11 [INFO] 🛑 Cancelling trade_management_loop...
22:33:11 [INFO] 🛑 Cancelling farm_loop...
22:33:11 [INFO] 🛑 Cancelling maintenance_loop...
22:33:11 [INFO] 🛑 Cancelling cleanup_finished_tasks...
22:33:11 [INFO] 🛑 Cancelling health_reporter...
22:33:11 [INFO] 🛑 Cancelling connection_watchdog...
22:33:11 [INFO] Logic loop cancelled
22:33:11 [INFO] Connection watchdog cancelled
22:33:11 [INFO] ✅ All tasks stopped
22:33:11 [INFO] 🛑 Rollback processor: Shutdown signal received
22:33:11 [INFO] ✅ ParallelExecutionManager: Stopped
22:33:13 [DEBUG] ✅ APT-USD: X10=$125,347, Lighter=$1,413,253, Total=$1,538,601
22:33:15 [WARNING] 🛑 Received SIGINT, initiating graceful shutdown...
22:33:16 [INFO] 🔌 [x10] WebSocket stopped
22:33:16 [INFO] 🔌 [lighter] WebSocket stopped
22:33:16 [INFO] ✅ WebSocketManager stopped
22:33:16 [INFO] ✅ OpenInterestTracker stopped
22:33:16 [INFO] 🛑 Stopping InMemoryStateManager...
22:33:16 [INFO] 📝 State writer loop stopped
22:33:16 [INFO] ✅ InMemoryStateManager stopped
22:33:16 [INFO] 🔒 Closing database...
22:33:16 [INFO] 🖊️ Database write loop stopped
22:33:16 [INFO] ✅ Database closed
22:33:16 [INFO] ✅ X10 Adapter geschlossen.
22:33:16 [INFO] ✅ Lighter Adapter closed
22:33:16 [INFO] ✅ Bot V5 shutdown complete
