17:30:51 [INFO]  CONFIG VALIDIERUNG abgeschlossen.
17:30:51 [INFO] 🔥 BOT V5 (Architected) STARTING...
17:30:51 [INFO] 🚀 Starting InMemoryStateManager...
17:30:51 [INFO] 📂 Initializing database: data/trades.db
17:30:51 [INFO] ✅ Read pool created: 5 connections
17:30:51 [INFO] ✅ WAL mode enabled
17:30:51 [INFO] 🔄 Running database migrations...
17:30:51 [INFO] ✅ Migrations complete (11 statements)
17:30:51 [INFO] ✅ Database initialized
17:30:51 [INFO] 🖊️ Database write loop started
17:30:51 [INFO] 📂 Loaded 4 trades from database
17:30:51 [INFO] ✅ InMemoryStateManager started (loaded 4 trades)
17:30:51 [INFO] ✅ State Manager started
17:30:51 [INFO]  Telegram Bot disabled (Token/ChatID missing).
17:30:51 [INFO] ✅ Async database initialized
17:30:51 [INFO] 📝 State writer loop started
17:30:52 [DEBUG] ✅ Database schema up to date
17:30:52 [INFO] Initialisiere X10 Adapter...
17:30:52 [INFO]  X10 Account initialisiert.
17:30:52 [INFO] Initialisiere Lighter Adapter...
17:30:52 [INFO] 📊 Loading Market Data via REST...
17:30:52 [DEBUG] Sending GET https://api.starknet.extended.exchange/api/v1/info/markets?
17:30:52 [INFO] ⚙️ Lighter: Loading markets...
17:30:52 [DEBUG] Starting new HTTPS connection (1): mainnet.zklighter.elliot.ai:443
17:30:53 [DEBUG] https://mainnet.zklighter.elliot.ai:443 "GET /api/v1/nextNonce?account_index=60113&api_key_index=3 HTTP/1.1" 200 25
17:30:55 [INFO]  X10: 91 Märkte geladen, 91 Funding Rates, 78 Preise
17:31:50 [INFO] ✅ Lighter: 118/118 markets loaded (100.0%)
17:31:50 [INFO] ✅ Markets loaded: X10=91, Lighter=118
17:31:50 [INFO] FundingPredictorV2 initialized with BTC Correlation
17:31:50 [INFO] 启动 OI Tracker für 70 Symbole...
17:31:50 [INFO] ✅ OpenInterestTracker started (interval=30.0s)
17:31:50 [INFO] 🌐 Starting WebSocket Manager...
17:31:50 [INFO] 📊 OI Tracker: Starting cycle 1 (70 symbols)
17:31:50 [INFO] 🔌 [lighter] WebSocket manager started
17:31:50 [INFO] 🔌 [x10] WebSocket manager started
17:31:50 [INFO] ✅ WebSocketManager started
17:31:51 [DEBUG] ✅ MON-USD: X10=$310,129, Lighter=$248,045,970, Total=$248,356,099
17:31:51 [INFO] ✅ [lighter] Connected to wss://mainnet.zklighter.elliot.ai/stream
17:31:51 [DEBUG] [lighter] Subscribed to trade/3
17:31:51 [DEBUG] [lighter] Subscribed to order_book/67
17:31:51 [DEBUG] [lighter] Subscribed to trade/67
17:31:51 [DEBUG] [lighter] Subscribed to order_book/1
17:31:51 [DEBUG] [lighter] Subscribed to trade/1
17:31:51 [INFO] ✅ [x10] Connected to wss://api.starknet.extended.exchange/stream.extended.exchange/v1/account
17:31:51 [DEBUG] [lighter] Subscribed to order_book/82
17:31:51 [DEBUG] [lighter] Subscribed to trade/82
17:31:51 [DEBUG] [lighter] Subscribed to order_book/13
17:31:51 [DEBUG] [lighter] Subscribed to trade/13
17:31:51 [DEBUG] [lighter] Subscribed to trade/17
17:31:51 [DEBUG] [lighter] Subscribed to order_book/32
17:31:51 [DEBUG] [lighter] Subscribed to trade/32
17:31:51 [DEBUG] [lighter] Subscribed to order_book/24
17:31:51 [DEBUG] [lighter] Subscribed to trade/24
17:31:51 [DEBUG] [lighter] Subscribed to order_book/43
17:31:51 [DEBUG] [lighter] Subscribed to trade/43
17:31:51 [DEBUG] [lighter] Subscribed to order_book/41
17:31:51 [DEBUG] [lighter] Subscribed to order_book/46
17:31:51 [DEBUG] [lighter] Subscribed to trade/46
17:31:51 [DEBUG] [lighter] Subscribed to order_book/28
17:31:51 [DEBUG] [lighter] Subscribed to trade/28
17:31:51 [DEBUG] [lighter] Subscribed to order_book/33
17:31:51 [DEBUG] [lighter] Subscribed to trade/33
17:31:51 [DEBUG] [lighter] Subscribed to order_book/38
17:31:51 [DEBUG] [lighter] Subscribed to trade/38
17:31:51 [DEBUG] [lighter] Subscribed to order_book/58
17:31:51 [DEBUG] [lighter] Subscribed to order_book/11
17:31:51 [DEBUG] [lighter] Subscribed to trade/11
17:31:51 [DEBUG] [lighter] Subscribed to order_book/36
17:31:51 [DEBUG] [lighter] Subscribed to trade/36
17:31:51 [DEBUG] [lighter] Subscribed to order_book/45
17:31:51 [DEBUG] [lighter] Subscribed to trade/45
17:31:51 [DEBUG] [lighter] Subscribed to trade/58
17:31:51 [DEBUG] [lighter] Subscribed to order_book/50
17:31:51 [DEBUG] [lighter] Subscribed to trade/50
17:31:51 [DEBUG] [lighter] Subscribed to order_book/18
17:31:51 [DEBUG] [lighter] Subscribed to trade/18
17:31:51 [DEBUG] [lighter] Subscribed to order_book/29
17:31:51 [DEBUG] [lighter] Subscribed to trade/29
17:31:51 [DEBUG] [lighter] Subscribed to trade/90
17:31:51 [DEBUG] [lighter] Subscribed to order_book/83
17:31:51 [DEBUG] [lighter] Subscribed to trade/83
17:31:51 [DEBUG] [lighter] Subscribed to order_book/76
17:31:51 [DEBUG] [lighter] Subscribed to trade/76
17:31:52 [DEBUG] [lighter] Subscribed to order_book/47
17:31:52 [DEBUG] [lighter] Subscribed to trade/47
17:31:52 [DEBUG] [lighter] Subscribed to order_book/103
17:31:52 [DEBUG] [lighter] Subscribed to order_book/12
17:31:52 [DEBUG] [lighter] Subscribed to trade/12
17:31:52 [DEBUG] [lighter] Subscribed to order_book/71
17:31:52 [DEBUG] [lighter] Subscribed to trade/71
17:31:52 [DEBUG] [lighter] Subscribed to order_book/92
17:31:52 [DEBUG] [lighter] Subscribed to trade/92
17:31:52 [DEBUG] [lighter] Subscribed to trade/23
17:31:52 [DEBUG] [lighter] Subscribed to order_book/21
17:31:52 [DEBUG] [lighter] Subscribed to trade/21
17:31:52 [DEBUG] [lighter] Subscribed to order_book/42
17:31:52 [DEBUG] [lighter] Subscribed to trade/42
17:31:52 [DEBUG] [lighter] Subscribed to order_book/53
17:31:52 [DEBUG] [lighter] Subscribed to trade/53
17:31:52 [DEBUG] [lighter] Subscribed to order_book/17
17:31:52 [DEBUG] [lighter] Subscribed to order_book/49
17:31:52 [DEBUG] [lighter] Subscribed to trade/49
17:31:52 [DEBUG] [lighter] Subscribed to order_book/6
17:31:52 [DEBUG] [lighter] Subscribed to trade/6
17:31:52 [DEBUG] [lighter] Subscribed to order_book/2
17:31:52 [DEBUG] [lighter] Subscribed to trade/2
17:31:52 [DEBUG] [lighter] Subscribed to trade/25
17:31:52 [DEBUG] [lighter] Subscribed to order_book/60
17:31:52 [DEBUG] [lighter] Subscribed to trade/60
17:31:52 [DEBUG] [lighter] Subscribed to order_book/8
17:31:52 [DEBUG] [lighter] Subscribed to trade/8
17:31:52 [DEBUG] [lighter] Subscribed to order_book/63
17:31:52 [DEBUG] [lighter] Subscribed to trade/63
17:31:52 [DEBUG] [lighter] Subscribed to trade/52
17:31:52 [DEBUG] [lighter] Subscribed to order_book/7
17:31:52 [DEBUG] [lighter] Subscribed to trade/7
17:31:52 [DEBUG] [x10] Subscribed to publicTrades/MON/USD
17:31:52 [DEBUG] [x10] Subscribed to funding/MON/USD
17:31:52 [DEBUG] [lighter] Subscribed to trade/31
17:31:52 [DEBUG] [x10] Subscribed to publicTrades/ADA/USD
17:31:52 [DEBUG] [x10] Subscribed to funding/ADA/USD
17:31:52 [DEBUG] [x10] Subscribed to publicTrades/BCH/USD
17:31:52 [DEBUG] [x10] Subscribed to funding/BCH/USD
17:31:52 [DEBUG] [lighter] Subscribed to trade/15
17:31:52 [DEBUG] [x10] Subscribed to publicTrades/AVAX/USD
17:31:52 [DEBUG] [x10] Subscribed to funding/AVAX/USD
17:31:52 [DEBUG] [x10] Subscribed to publicTrades/S/USD
17:31:52 [DEBUG] [x10] Subscribed to funding/S/USD
17:31:52 [DEBUG] [lighter] Subscribed to order_book/26
17:31:52 [DEBUG] [x10] Subscribed to publicTrades/OP/USD
17:31:52 [DEBUG] [x10] Subscribed to funding/OP/USD
17:31:52 [DEBUG] [x10] Subscribed to publicTrades/AERO/USD
17:31:52 [DEBUG] [x10] Subscribed to funding/AERO/USD
17:31:52 [DEBUG] [lighter] Subscribed to order_book/93
17:31:52 [DEBUG] [x10] Subscribed to publicTrades/SUI/USD
17:31:52 [DEBUG] [x10] Subscribed to funding/SUI/USD
17:31:52 [DEBUG] [lighter] Subscribed to order_book/23
17:31:52 [DEBUG] [x10] Subscribed to publicTrades/DOGE/USD
17:31:52 [DEBUG] [x10] Subscribed to funding/DOGE/USD
17:31:52 [DEBUG] [x10] Subscribed to publicTrades/FIL/USD
17:31:52 [DEBUG] [x10] Subscribed to funding/FIL/USD
17:31:53 [DEBUG] [x10] Subscribed to publicTrades/IP/USD
17:31:53 [DEBUG] [x10] Subscribed to funding/IP/USD
17:31:53 [DEBUG] [lighter] Subscribed to trade/86
17:31:53 [DEBUG] [x10] Subscribed to publicTrades/MEGA/USD
17:31:53 [DEBUG] [x10] Subscribed to funding/MEGA/USD
17:31:53 [DEBUG] [lighter] Subscribed to trade/10
17:31:53 [DEBUG] [x10] Subscribed to publicTrades/TRUMP/USD
17:31:53 [DEBUG] [x10] Subscribed to funding/TRUMP/USD
17:31:53 [DEBUG] [x10] Subscribed to publicTrades/BERA/USD
17:31:53 [DEBUG] [x10] Subscribed to funding/BERA/USD
17:31:53 [DEBUG] [lighter] Subscribed to order_book/25
17:31:53 [DEBUG] [x10] Subscribed to publicTrades/BNB/USD
17:31:53 [DEBUG] [x10] Subscribed to funding/BNB/USD
17:31:53 [DEBUG] [x10] Subscribed to publicTrades/XAG/USD
17:31:53 [DEBUG] [x10] Subscribed to funding/XAG/USD
17:31:53 [DEBUG] [lighter] Subscribed to trade/94
17:31:53 [DEBUG] [x10] Subscribed to publicTrades/NEAR/USD
17:31:53 [DEBUG] [x10] Subscribed to funding/NEAR/USD
17:31:53 [DEBUG] [x10] Subscribed to publicTrades/STRK/USD
17:31:53 [DEBUG] [x10] Subscribed to funding/STRK/USD
17:31:53 [DEBUG] [lighter] Subscribed to order_book/3
17:31:53 [DEBUG] [x10] Subscribed to publicTrades/APEX/USD
17:31:53 [DEBUG] [x10] Subscribed to funding/APEX/USD
17:31:53 [DEBUG] [x10] Subscribed to publicTrades/1000SHIB/USD
17:31:53 [DEBUG] [x10] Subscribed to funding/1000SHIB/USD
17:31:53 [DEBUG] [x10] Subscribed to publicTrades/LTC/USD
17:31:53 [DEBUG] [x10] Subscribed to funding/LTC/USD
17:31:53 [DEBUG] [lighter] Subscribed to order_book/34
17:31:53 [DEBUG] [x10] Subscribed to publicTrades/1000PEPE/USD
17:31:53 [DEBUG] [x10] Subscribed to funding/1000PEPE/USD
17:31:53 [DEBUG] [lighter] Subscribed to trade/34
17:31:53 [DEBUG] [x10] Subscribed to publicTrades/GRASS/USD
17:31:53 [DEBUG] [x10] Subscribed to funding/GRASS/USD
17:31:53 [DEBUG] [x10] Subscribed to publicTrades/UNI/USD
17:31:53 [DEBUG] [x10] Subscribed to funding/UNI/USD
17:31:53 [DEBUG] [lighter] Subscribed to trade/72
17:31:53 [DEBUG] [x10] Subscribed to publicTrades/ZEC/USD
17:31:53 [DEBUG] [x10] Subscribed to funding/ZEC/USD
17:31:53 [DEBUG] [x10] Subscribed to publicTrades/POPCAT/USD
17:31:53 [DEBUG] [x10] Subscribed to funding/POPCAT/USD
17:31:53 [DEBUG] [lighter] Subscribed to trade/9
17:31:53 [DEBUG] [x10] Subscribed to publicTrades/VIRTUAL/USD
17:31:53 [DEBUG] [x10] Subscribed to funding/VIRTUAL/USD
17:31:53 [DEBUG] [x10] Subscribed to publicTrades/WLFI/USD
17:31:53 [DEBUG] [x10] Subscribed to funding/WLFI/USD
17:31:53 [DEBUG] [lighter] Subscribed to order_book/52
17:31:53 [DEBUG] [x10] Subscribed to publicTrades/PENDLE/USD
17:31:53 [DEBUG] [x10] Subscribed to funding/PENDLE/USD
17:31:54 [DEBUG] [x10] Subscribed to publicTrades/APT/USD
17:31:54 [DEBUG] [x10] Subscribed to funding/APT/USD
17:31:54 [DEBUG] [lighter] Subscribed to trade/104
17:31:54 [DEBUG] [x10] Subscribed to publicTrades/WIF/USD
17:31:54 [DEBUG] [x10] Subscribed to funding/WIF/USD
17:31:54 [DEBUG] [x10] Subscribed to publicTrades/AAVE/USD
17:31:54 [DEBUG] [x10] Subscribed to funding/AAVE/USD
17:31:54 [DEBUG] [lighter] Subscribed to trade/98
17:31:54 [DEBUG] [x10] Subscribed to publicTrades/RESOLV/USD
17:31:54 [DEBUG] [x10] Subscribed to funding/RESOLV/USD
17:31:54 [DEBUG] [x10] Subscribed to publicTrades/EDEN/USD
17:31:54 [DEBUG] [x10] Subscribed to funding/EDEN/USD
17:31:54 [DEBUG] [lighter] Subscribed to trade/39
17:31:54 [DEBUG] [x10] Subscribed to publicTrades/USDJPY/USD
17:31:54 [DEBUG] [x10] Subscribed to funding/USDJPY/USD
17:31:54 [DEBUG] [x10] Subscribed to publicTrades/JUP/USD
17:31:54 [DEBUG] [x10] Subscribed to funding/JUP/USD
17:31:54 [DEBUG] [lighter] Subscribed to trade/65
17:31:54 [DEBUG] [x10] Subscribed to publicTrades/TIA/USD
17:31:54 [DEBUG] [x10] Subscribed to funding/TIA/USD
17:31:54 [DEBUG] [x10] Subscribed to publicTrades/BTC/USD
17:31:54 [DEBUG] [x10] Subscribed to funding/BTC/USD
17:31:54 [DEBUG] [lighter] Subscribed to order_book/15
17:31:54 [DEBUG] [x10] Subscribed to publicTrades/AVNT/USD
17:31:54 [DEBUG] [x10] Subscribed to funding/AVNT/USD
17:31:54 [DEBUG] [x10] Subscribed to publicTrades/TAO/USD
17:31:54 [DEBUG] [x10] Subscribed to funding/TAO/USD
17:31:54 [DEBUG] [lighter] Subscribed to order_book/98
17:31:54 [DEBUG] [x10] Subscribed to publicTrades/SEI/USD
17:31:54 [DEBUG] [x10] Subscribed to funding/SEI/USD
17:31:54 [DEBUG] [x10] Subscribed to publicTrades/HYPE/USD
17:31:54 [DEBUG] [x10] Subscribed to funding/HYPE/USD
17:31:54 [DEBUG] [lighter] Subscribed to trade/16
17:31:54 [DEBUG] [x10] Subscribed to publicTrades/TRX/USD
17:31:54 [DEBUG] [x10] Subscribed to funding/TRX/USD
17:31:54 [DEBUG] [x10] Subscribed to publicTrades/LDO/USD
17:31:54 [DEBUG] [x10] Subscribed to funding/LDO/USD
17:31:54 [DEBUG] [lighter] Subscribed to order_book/30
17:31:54 [DEBUG] [x10] Subscribed to publicTrades/ETH/USD
17:31:54 [DEBUG] [x10] Subscribed to funding/ETH/USD
17:31:54 [DEBUG] [x10] Subscribed to publicTrades/MKR/USD
17:31:54 [DEBUG] [x10] Subscribed to funding/MKR/USD
17:31:54 [DEBUG] [lighter] Subscribed to order_book/10
17:31:54 [DEBUG] [x10] Subscribed to publicTrades/KAITO/USD
17:31:54 [DEBUG] [x10] Subscribed to funding/KAITO/USD
17:31:54 [DEBUG] [x10] Subscribed to publicTrades/ONDO/USD
17:31:54 [DEBUG] [x10] Subscribed to funding/ONDO/USD
17:31:54 [DEBUG] [lighter] Subscribed to order_book/39
17:31:54 [DEBUG] ✅ ADA-USD: X10=$187,126, Lighter=$2,876,896, Total=$3,064,022
17:31:54 [DEBUG] [x10] Subscribed to publicTrades/DOT/USD
17:31:54 [DEBUG] [x10] Subscribed to funding/DOT/USD
17:31:54 [DEBUG] [x10] Subscribed to publicTrades/CRV/USD
17:31:54 [DEBUG] [x10] Subscribed to funding/CRV/USD
17:31:54 [DEBUG] [lighter] Subscribed to trade/103
17:31:55 [DEBUG] [x10] Subscribed to publicTrades/PUMP/USD
17:31:55 [DEBUG] [x10] Subscribed to funding/PUMP/USD
17:31:55 [DEBUG] [x10] Subscribed to publicTrades/ARB/USD
17:31:55 [DEBUG] [x10] Subscribed to funding/ARB/USD
17:31:55 [DEBUG] [lighter] Subscribed to order_book/104
17:31:55 [DEBUG] [x10] Subscribed to publicTrades/1000BONK/USD
17:31:55 [DEBUG] [x10] Subscribed to funding/1000BONK/USD
17:31:55 [DEBUG] [x10] Subscribed to publicTrades/ENA/USD
17:31:55 [DEBUG] [x10] Subscribed to funding/ENA/USD
17:31:55 [DEBUG] [lighter] Subscribed to order_book/20
17:31:55 [DEBUG] [x10] Subscribed to publicTrades/ASTER/USD
17:31:55 [DEBUG] [x10] Subscribed to funding/ASTER/USD
17:31:55 [DEBUG] [x10] Subscribed to publicTrades/LINEA/USD
17:31:55 [DEBUG] [x10] Subscribed to funding/LINEA/USD
17:31:55 [DEBUG] [lighter] Subscribed to order_book/37
17:31:55 [DEBUG] [x10] Subscribed to publicTrades/PENGU/USD
17:31:55 [DEBUG] [x10] Subscribed to funding/PENGU/USD
17:31:55 [DEBUG] [x10] Subscribed to publicTrades/TON/USD
17:31:55 [DEBUG] [x10] Subscribed to funding/TON/USD
17:31:55 [DEBUG] [lighter] Subscribed to trade/27
17:31:55 [DEBUG] [x10] Subscribed to publicTrades/XPL/USD
17:31:55 [DEBUG] [x10] Subscribed to funding/XPL/USD
17:31:55 [DEBUG] [x10] Subscribed to publicTrades/XAU/USD
17:31:55 [DEBUG] [x10] Subscribed to funding/XAU/USD
17:31:55 [DEBUG] [lighter] Subscribed to trade/40
17:31:55 [DEBUG] [x10] Subscribed to publicTrades/FARTCOIN/USD
17:31:55 [DEBUG] [x10] Subscribed to funding/FARTCOIN/USD
17:31:55 [DEBUG] [x10] Subscribed to publicTrades/SPX/USD
17:31:55 [DEBUG] [x10] Subscribed to funding/SPX/USD
17:31:55 [DEBUG] [lighter] Subscribed to order_book/51
17:31:55 [DEBUG] [x10] Subscribed to publicTrades/ZORA/USD
17:31:55 [DEBUG] [x10] Subscribed to funding/ZORA/USD
17:31:55 [DEBUG] [x10] Subscribed to publicTrades/EIGEN/USD
17:31:55 [DEBUG] [x10] Subscribed to funding/EIGEN/USD
17:31:55 [DEBUG] [lighter] Subscribed to order_book/40
17:31:55 [DEBUG] [x10] Subscribed to publicTrades/WLD/USD
17:31:55 [DEBUG] [x10] Subscribed to funding/WLD/USD
17:31:55 [DEBUG] [x10] Subscribed to publicTrades/SOL/USD
17:31:55 [DEBUG] [x10] Subscribed to funding/SOL/USD
17:31:55 [DEBUG] [lighter] Subscribed to trade/89
17:31:55 [DEBUG] [x10] Subscribed to publicTrades/ZRO/USD
17:31:55 [DEBUG] [x10] Subscribed to funding/ZRO/USD
17:31:55 [DEBUG] [x10] Subscribed to publicTrades/LINK/USD
17:31:55 [DEBUG] [x10] Subscribed to funding/LINK/USD
17:31:55 [DEBUG] [lighter] Subscribed to trade/93
17:31:55 [DEBUG] [x10] Subscribed to publicTrades/MNT/USD
17:31:55 [DEBUG] [x10] Subscribed to funding/MNT/USD
17:31:55 [DEBUG] [x10] Subscribed to publicTrades/XRP/USD
17:31:55 [DEBUG] [x10] Subscribed to funding/XRP/USD
17:31:55 [DEBUG] [lighter] Subscribed to order_book/86
17:31:55 [INFO] 🔗 Components Wired: WS -> OI Tracker -> Prediction
17:31:55 [INFO] 🧟 Starte Zombie-Check: Vergleiche DB mit echten Positionen...
17:31:55 [INFO] 🔍 DB meldet 4 offene Trades. Prüfe Exchange...
17:31:55 [DEBUG] Sending GET https://api.starknet.extended.exchange/api/v1/user/positions?
17:31:56 [DEBUG] [lighter] Subscribed to trade/41
17:31:56 [DEBUG] [lighter] Subscribed to order_book/89
17:31:56 [DEBUG] [lighter] Subscribed to order_book/65
17:31:56 [DEBUG] [lighter] Subscribed to trade/26
17:31:56 [DEBUG] [lighter] Subscribed to trade/20
17:31:56 [DEBUG] [lighter] Subscribed to trade/5
17:31:56 [DEBUG] [lighter] Subscribed to trade/51
17:31:56 [DEBUG] [lighter] Subscribed to order_book/90
17:31:56 [DEBUG] [lighter] Subscribed to trade/55
17:31:56 [DEBUG] [lighter] Subscribed to order_book/9
17:31:56 [DEBUG] [lighter] Subscribed to trade/30
17:31:57 [DEBUG] [lighter] Subscribed to trade/35
17:31:57 [DEBUG] [lighter] Subscribed to order_book/4
17:31:57 [DEBUG] [lighter] Subscribed to order_book/16
17:31:57 [DEBUG] [lighter] Subscribed to trade/4
17:31:57 [INFO] Lighter: Found 0 open positions
17:31:57 [INFO] 🌍 Echte Positionen auf Exchanges: []
17:31:57 [WARNING] ⚠️  ZOMBIE GEFUNDEN: APT-USD ist in DB offen, aber nicht auf Exchange. Schließe ihn...
17:31:57 [INFO] ✅ Trade APT-USD closed (PnL: $0.00)
17:31:57 [WARNING] ⚠️  ZOMBIE GEFUNDEN: STRK-USD ist in DB offen, aber nicht auf Exchange. Schließe ihn...
17:31:57 [INFO] ✅ Trade STRK-USD closed (PnL: $0.00)
17:31:57 [WARNING] ⚠️  ZOMBIE GEFUNDEN: BERA-USD ist in DB offen, aber nicht auf Exchange. Schließe ihn...
17:31:57 [INFO] ✅ Trade BERA-USD closed (PnL: $0.00)
17:31:57 [WARNING] ⚠️  ZOMBIE GEFUNDEN: TIA-USD ist in DB offen, aber nicht auf Exchange. Schließe ihn...
17:31:57 [INFO] ✅ Trade TIA-USD closed (PnL: $0.00)
17:31:57 [INFO] ✅ ParallelExecutionManager: Rollback processor started
17:31:57 [INFO] ✅ ParallelExecutionManager started
17:31:57 [INFO] 📝 Registered task: logic_loop (critical=True)
17:31:57 [INFO] 📝 Registered task: trade_management_loop (critical=True)
17:31:57 [INFO] 📝 Registered task: farm_loop (critical=False)
17:31:57 [INFO] 📝 Registered task: maintenance_loop (critical=False)
17:31:57 [INFO] 📝 Registered task: cleanup_finished_tasks (critical=False)
17:31:57 [INFO] 📝 Registered task: health_reporter (critical=False)
17:31:57 [INFO] ✅ Signal handlers installed (SIGINT, SIGTERM)
17:31:57 [INFO] ▶️  Started task: logic_loop
17:31:57 [INFO] ▶️  Started task: trade_management_loop
17:31:57 [INFO] ▶️  Started task: farm_loop
17:31:57 [INFO] ▶️  Started task: maintenance_loop
17:31:57 [INFO] ▶️  Started task: cleanup_finished_tasks
17:31:57 [INFO] ▶️  Started task: health_reporter
17:31:57 [INFO] 🚀 Started 6 tasks
17:31:57 [INFO] ═══════════════════════════════════════════════════════════
17:31:57 [INFO]    BOT V5 RUNNING 24/7 - SUPERVISED | Ctrl+C = Stop   
17:31:57 [INFO] ═══════════════════════════════════════════════════════════
17:31:57 [INFO] 🔄 Rollback processor running...
17:31:57 [INFO] Logic Loop gestartet – REFRESH alle 3s
17:31:57 [INFO] ⚡ Latency Arb Detector initialized (threshold: 1.0s)
17:31:57 [INFO] 🔍 💎 ARB Scanning 70 pairs. Open symbols to skip: set()
17:31:57 [DEBUG] Price cache status: X10=70/70, Lighter=69/70
17:31:57 [INFO] 🔍 Scanning 70 pairs. Lighter markets: 118, X10 markets: 91
17:31:57 [INFO] 🛡️ Trade Management Loop gestartet
17:31:57 [DEBUG] 📊 X10 Funding Cache refresh (current=91)
17:31:57 [DEBUG] Sending GET https://api.starknet.extended.exchange/api/v1/info/markets?
17:31:57 [INFO] 🔍 Supervisor loop started
17:31:57 [DEBUG] [lighter] Subscribed to order_book/94
17:31:57 [DEBUG] 📝 Flushed 1 writes
17:31:57 [DEBUG] 📝 Flushed 1 writes in 16.0ms
17:31:57 [DEBUG] MON-USD: Missing rates (L=None, X=1.3e-05)
17:31:57 [DEBUG] ADA-USD: Missing rates (L=None, X=1.3e-05)
17:31:57 [DEBUG] BCH-USD: Missing rates (L=None, X=1.3e-05)
17:31:57 [DEBUG] FIL-USD: Missing rates (L=None, X=1.3e-05)
17:31:57 [DEBUG] AVAX-USD: Missing rates (L=None, X=1.3e-05)
17:31:57 [DEBUG] OP-USD: Missing rates (L=None, X=-3e-05)
17:31:57 [DEBUG] SUI-USD: Missing rates (L=None, X=1.3e-05)
17:31:57 [DEBUG] DOGE-USD: Missing rates (L=None, X=1.3e-05)
17:31:57 [DEBUG] AERO-USD: Missing rates (L=None, X=-0.00013)
17:31:57 [DEBUG] S-USD: Missing rates (L=None, X=-1.2e-05)
17:31:57 [DEBUG] IP-USD: Missing rates (L=None, X=1.3e-05)
17:31:57 [DEBUG] MEGA-USD: Missing rates (L=None, X=1e-05)
17:31:57 [DEBUG] TRUMP-USD: Missing rates (L=None, X=1.3e-05)
17:31:57 [DEBUG] BERA-USD: Missing rates (L=None, X=-6.7e-05)
17:31:57 [DEBUG] STRK-USD: Missing rates (L=None, X=-5e-05)
17:31:57 [DEBUG] 1000SHIB-USD: Missing rates (L=None, X=-6e-06)
17:31:57 [DEBUG] APEX-USD: Missing rates (L=None, X=1.3e-05)
17:31:57 [DEBUG] BNB-USD: Missing rates (L=None, X=-1e-05)
17:31:57 [DEBUG] XAG-USD: Missing rates (L=None, X=0.0)
17:31:57 [DEBUG] NEAR-USD: Missing rates (L=None, X=-5e-06)
17:31:57 [DEBUG] [lighter] Subscribed to order_book/27
17:31:57 [DEBUG] LTC-USD: Missing rates (L=None, X=1.3e-05)
17:31:57 [DEBUG] 1000PEPE-USD: Missing rates (L=None, X=1.3e-05)
17:31:57 [DEBUG] UNI-USD: Missing rates (L=None, X=-6e-06)
17:31:57 [DEBUG] WLFI-USD: Missing rates (L=None, X=-4.7e-05)
17:31:57 [DEBUG] APT-USD: Missing rates (L=None, X=-9.1e-05)
17:31:57 [DEBUG] PENDLE-USD: Missing rates (L=None, X=1.3e-05)
17:31:57 [DEBUG] VIRTUAL-USD: Missing rates (L=None, X=1.3e-05)
17:31:57 [DEBUG] ZEC-USD: Missing rates (L=None, X=1.3e-05)
17:31:57 [DEBUG] POPCAT-USD: Missing rates (L=None, X=1.3e-05)
17:31:57 [DEBUG] GRASS-USD: Missing rates (L=None, X=1.3e-05)
17:31:57 [DEBUG] WIF-USD: Missing rates (L=None, X=1.2e-05)
17:31:57 [DEBUG] AAVE-USD: Missing rates (L=None, X=-1.2e-05)
17:31:57 [DEBUG] RESOLV-USD: Missing rates (L=None, X=-7.8e-05)
17:31:57 [DEBUG] JUP-USD: Missing rates (L=None, X=4e-06)
17:31:57 [DEBUG] TAO-USD: Missing rates (L=None, X=1.3e-05)
17:31:57 [DEBUG] TIA-USD: Missing rates (L=None, X=-5.9e-05)
17:31:57 [DEBUG] BTC-USD: Missing rates (L=None, X=1.3e-05)
17:31:57 [DEBUG] AVNT-USD: Missing rates (L=None, X=1.3e-05)
17:31:57 [DEBUG] EDEN-USD: Missing rates (L=None, X=1.3e-05)
17:31:57 [DEBUG] USDJPY-USD: Missing rates (L=None, X=0.0)
17:31:57 [DEBUG] [lighter] Subscribed to trade/91
17:31:57 [DEBUG] SEI-USD: Missing rates (L=None, X=1.3e-05)
17:31:57 [DEBUG] HYPE-USD: Missing rates (L=None, X=1.3e-05)
17:31:57 [DEBUG] MKR-USD: Missing rates (L=None, X=1.3e-05)
17:31:57 [DEBUG] MKR-USD: Missing prices (X=1663.9, L=None)
17:31:57 [DEBUG] CRV-USD: Missing rates (L=None, X=1.3e-05)
17:31:57 [DEBUG] KAITO-USD: Missing rates (L=None, X=-1e-05)
17:31:57 [DEBUG] ONDO-USD: Missing rates (L=None, X=1.3e-05)
17:31:57 [DEBUG] DOT-USD: Missing rates (L=None, X=1.3e-05)
17:31:57 [DEBUG] TRX-USD: Missing rates (L=None, X=1.3e-05)
17:31:57 [DEBUG] LDO-USD: Missing rates (L=None, X=7e-06)
17:31:57 [DEBUG] ETH-USD: Missing rates (L=None, X=1.3e-05)
17:31:57 [DEBUG] PUMP-USD: Missing rates (L=None, X=1.3e-05)
17:31:57 [DEBUG] ARB-USD: Missing rates (L=None, X=1.3e-05)
17:31:57 [DEBUG] LINEA-USD: Missing rates (L=None, X=-6.1e-05)
17:31:57 [DEBUG] XAU-USD: Missing rates (L=None, X=0.0)
17:31:57 [DEBUG] PENGU-USD: Missing rates (L=None, X=1.3e-05)
17:31:57 [DEBUG] TON-USD: Missing rates (L=None, X=-2.4e-05)
17:31:57 [DEBUG] XPL-USD: Missing rates (L=None, X=1.3e-05)
17:31:57 [DEBUG] 1000BONK-USD: Missing rates (L=None, X=1.3e-05)
17:31:57 [DEBUG] ENA-USD: Missing rates (L=None, X=-1.7e-05)
17:31:57 [DEBUG] ASTER-USD: Missing rates (L=None, X=1.3e-05)
17:31:57 [DEBUG] [lighter] Subscribed to order_book/55
17:31:57 [DEBUG] FARTCOIN-USD: Missing rates (L=None, X=1.3e-05)
17:31:57 [DEBUG] SPX-USD: Missing rates (L=None, X=-9.9e-05)
17:31:57 [DEBUG] WLD-USD: Missing rates (L=None, X=-1.9e-05)
17:31:57 [DEBUG] MNT-USD: Missing rates (L=None, X=1.3e-05)
17:31:57 [DEBUG] XRP-USD: Missing rates (L=None, X=9e-06)
17:31:57 [DEBUG] SOL-USD: Missing rates (L=None, X=4e-06)
17:31:57 [DEBUG] ZRO-USD: Missing rates (L=None, X=-0.000103)
17:31:57 [DEBUG] LINK-USD: Missing rates (L=None, X=1e-06)
17:31:57 [DEBUG] ZORA-USD: Missing rates (L=None, X=-0.000319)
17:31:57 [DEBUG] EIGEN-USD: Missing rates (L=None, X=1.3e-05)
17:31:57 [INFO] ✅ Found 0 opportunities with predictions (farm_mode=False)
17:31:57 [INFO] ⚠️ Keine Prediction-Opportunities, nutze Fallback mit echten Funding Rates...
17:31:57 [DEBUG] ⛔ Skip AERO-USD: In BLACKLIST
17:31:57 [DEBUG] ⛔ Skip MEGA-USD: In BLACKLIST
17:31:57 [DEBUG] ⛔ Skip XAG-USD: TradFi/FX
17:31:57 [DEBUG] ⛔ Skip XAU-USD: TradFi/FX
17:31:57 [DEBUG] ⛔ Skip SPX-USD: TradFi/FX
17:31:57 [INFO] ✅ Found 0 opportunities from 0 valid pairs (farm_mode=False, scanned=70)
17:31:57 [DEBUG] [lighter] Subscribed to order_book/35
17:31:57 [DEBUG] [lighter] Subscribed to trade/37
17:31:57 [DEBUG] [lighter] Subscribed to order_book/31
17:31:58 [DEBUG] [lighter] Subscribed to market_stats/all
17:31:58 [DEBUG] [lighter] Subscribed to order_book/72
17:31:58 [DEBUG] [lighter] Subscribed to order_book/91
17:31:58 [DEBUG] [lighter] Subscribed to order_book/5
17:31:58 [DEBUG] 📝 Flushed 1 writes in 0.0ms
17:31:58 [DEBUG] ✅ BCH-USD: X10=$0, Lighter=$3,231, Total=$3,231
17:31:59 [DEBUG] 📝 Flushed 1 writes in 0.0ms
17:31:59 [INFO]  X10: 91 Märkte geladen, 91 Funding Rates, 82 Preise
17:31:59 [DEBUG] X10: Funding Refresh OK, cache=91
17:31:59 [DEBUG] 📊 Lighter Funding Cache refresh (current=0)
17:32:00 [DEBUG] Lighter: Loaded 389 funding rates
17:32:00 [DEBUG] Lighter: Funding Refresh OK, cache=118
17:32:00 [DEBUG] 📝 Flushed 3 writes
17:32:00 [DEBUG] 📝 Flushed 1 writes in 0.0ms
17:32:00 [INFO] 🔍 💎 ARB Scanning 70 pairs. Open symbols to skip: set()
17:32:00 [DEBUG] Price cache status: X10=70/70, Lighter=69/70
17:32:00 [INFO] 🔍 Scanning 70 pairs. Lighter markets: 118, X10 markets: 91
17:32:00 [DEBUG] MKR-USD: Missing prices (X=1663.9, L=None)
17:32:01 [INFO] ✅ Found 0 opportunities with predictions (farm_mode=False)
17:32:01 [INFO] ⚠️ Keine Prediction-Opportunities, nutze Fallback mit echten Funding Rates...
17:32:01 [INFO]  Volatility Monitor initialized: Low<3.0%, Normal<10.0%, High<20.0%, Hard Cap<50.0%
17:32:01 [INFO] Rebate discount MON-USD: -8.00% APY -> threshold 5.00%
17:32:01 [INFO] Rebate discount ADA-USD: -8.00% APY -> threshold 5.00%
17:32:01 [INFO] Rebate discount AVAX-USD: -8.00% APY -> threshold 5.00%
17:32:01 [INFO] Rebate discount S-USD: -8.00% APY -> threshold 5.00%
17:32:01 [INFO] Rebate discount OP-USD: -8.00% APY -> threshold 5.00%
17:32:01 [DEBUG] ⛔ Skip AERO-USD: In BLACKLIST
17:32:01 [INFO] Rebate discount SUI-USD: -8.00% APY -> threshold 5.00%
17:32:01 [INFO] Rebate discount DOGE-USD: -8.00% APY -> threshold 5.00%
17:32:01 [INFO] 🔍 DEBUG IP-USD: rl=-0.00007900, rx=0.00001300, net=-0.00009200, apy=80.6%
17:32:01 [INFO] Rebate discount IP-USD: -8.00% APY -> threshold 5.00%
17:32:01 [DEBUG] Skip IP-USD: Spread 1.04% too high
17:32:01 [DEBUG] ⛔ Skip MEGA-USD: In BLACKLIST
17:32:01 [INFO] Rebate discount TRUMP-USD: -8.00% APY -> threshold 5.00%
17:32:01 [INFO] 🔍 DEBUG BERA-USD: rl=0.00000300, rx=-0.00006700, net=0.00007000, apy=61.3%
17:32:01 [INFO] Rebate discount BERA-USD: -8.00% APY -> threshold 5.00%
17:32:01 [INFO] 💎 BERA-USD | APY: 61.3%
17:32:01 [INFO] Rebate discount BNB-USD: -8.00% APY -> threshold 5.00%
17:32:01 [DEBUG] ⛔ Skip XAG-USD: TradFi/FX
17:32:01 [INFO] Rebate discount NEAR-USD: -8.00% APY -> threshold 5.00%
17:32:01 [INFO] 🔍 DEBUG STRK-USD: rl=0.00001200, rx=-0.00005100, net=0.00006300, apy=55.2%
17:32:01 [INFO] Rebate discount STRK-USD: -8.00% APY -> threshold 5.00%
17:32:01 [INFO] 💎 STRK-USD | APY: 55.2%
17:32:01 [INFO] Rebate discount APEX-USD: -8.00% APY -> threshold 5.00%
17:32:01 [INFO] Rebate discount 1000SHIB-USD: -8.00% APY -> threshold 5.00%
17:32:01 [INFO] Rebate discount LTC-USD: -8.00% APY -> threshold 5.00%
17:32:01 [INFO] Rebate discount 1000PEPE-USD: -8.00% APY -> threshold 5.00%
17:32:01 [INFO] Rebate discount GRASS-USD: -8.00% APY -> threshold 5.00%
17:32:01 [INFO] Rebate discount UNI-USD: -8.00% APY -> threshold 5.00%
17:32:01 [INFO] Rebate discount ZEC-USD: -8.00% APY -> threshold 5.00%
17:32:01 [INFO] Rebate discount POPCAT-USD: -8.00% APY -> threshold 5.00%
17:32:01 [INFO] Rebate discount VIRTUAL-USD: -8.00% APY -> threshold 5.00%
17:32:01 [INFO] Rebate discount WLFI-USD: -8.00% APY -> threshold 5.00%
17:32:01 [INFO] Rebate discount PENDLE-USD: -8.00% APY -> threshold 5.00%
17:32:01 [INFO] Rebate discount APT-USD: -8.00% APY -> threshold 5.00%
17:32:01 [INFO] Rebate discount WIF-USD: -8.00% APY -> threshold 5.00%
17:32:01 [INFO] Rebate discount AAVE-USD: -8.00% APY -> threshold 5.00%
17:32:01 [INFO] Rebate discount RESOLV-USD: -8.00% APY -> threshold 5.00%
17:32:01 [INFO] Rebate discount EDEN-USD: -8.00% APY -> threshold 5.00%
17:32:01 [INFO] Rebate discount JUP-USD: -8.00% APY -> threshold 5.00%
17:32:01 [INFO] 🔍 DEBUG TIA-USD: rl=0.00000100, rx=-0.00005800, net=0.00005900, apy=51.7%
17:32:01 [INFO] Rebate discount TIA-USD: -8.00% APY -> threshold 5.00%
17:32:01 [DEBUG] Skip TIA-USD: Spread 0.32% too high
17:32:01 [INFO] Rebate discount BTC-USD: -8.00% APY -> threshold 5.00%
17:32:01 [INFO] Rebate discount AVNT-USD: -8.00% APY -> threshold 5.00%
17:32:01 [INFO] Rebate discount TAO-USD: -8.00% APY -> threshold 5.00%
17:32:01 [INFO] Rebate discount SEI-USD: -8.00% APY -> threshold 5.00%
17:32:01 [INFO] Rebate discount HYPE-USD: -8.00% APY -> threshold 5.00%
17:32:01 [INFO] Rebate discount TRX-USD: -8.00% APY -> threshold 5.00%
17:32:01 [INFO] Rebate discount LDO-USD: -8.00% APY -> threshold 5.00%
17:32:01 [INFO] Rebate discount ETH-USD: -8.00% APY -> threshold 5.00%
17:32:01 [INFO] Rebate discount KAITO-USD: -8.00% APY -> threshold 5.00%
17:32:01 [INFO] Rebate discount ONDO-USD: -8.00% APY -> threshold 5.00%
17:32:01 [INFO] Rebate discount CRV-USD: -8.00% APY -> threshold 5.00%
17:32:01 [DEBUG] Skip CRV-USD: Spread 0.62% too high
17:32:01 [INFO] Rebate discount PUMP-USD: -8.00% APY -> threshold 5.00%
17:32:01 [INFO] Rebate discount ARB-USD: -8.00% APY -> threshold 5.00%
17:32:01 [INFO] Rebate discount 1000BONK-USD: -8.00% APY -> threshold 5.00%
17:32:01 [INFO] Rebate discount ENA-USD: -8.00% APY -> threshold 5.00%
17:32:01 [INFO] Rebate discount ASTER-USD: -8.00% APY -> threshold 5.00%
17:32:01 [INFO] Rebate discount LINEA-USD: -8.00% APY -> threshold 5.00%
17:32:01 [INFO] Rebate discount PENGU-USD: -8.00% APY -> threshold 5.00%
17:32:01 [INFO] Rebate discount TON-USD: -8.00% APY -> threshold 5.00%
17:32:01 [INFO] Rebate discount XPL-USD: -8.00% APY -> threshold 5.00%
17:32:01 [DEBUG] ⛔ Skip XAU-USD: TradFi/FX
17:32:01 [INFO] Rebate discount FARTCOIN-USD: -8.00% APY -> threshold 5.00%
17:32:01 [DEBUG] ⛔ Skip SPX-USD: TradFi/FX
17:32:01 [INFO] Rebate discount ZORA-USD: -8.00% APY -> threshold 5.00%
17:32:01 [INFO] Rebate discount EIGEN-USD: -8.00% APY -> threshold 5.00%
17:32:01 [INFO] Rebate discount WLD-USD: -8.00% APY -> threshold 5.00%
17:32:01 [INFO] Rebate discount SOL-USD: -8.00% APY -> threshold 5.00%
17:32:01 [INFO] Rebate discount ZRO-USD: -8.00% APY -> threshold 5.00%
17:32:01 [DEBUG] Skip ZRO-USD: Spread 0.32% too high
17:32:01 [INFO] Rebate discount LINK-USD: -8.00% APY -> threshold 5.00%
17:32:01 [INFO] Rebate discount MNT-USD: -8.00% APY -> threshold 5.00%
17:32:01 [INFO] Rebate discount XRP-USD: -8.00% APY -> threshold 5.00%
17:32:01 [INFO] ✅ Found 24 opportunities from 64 valid pairs (farm_mode=False, scanned=70)
17:32:01 [INFO] 🎯 Found 3 opportunities, executing best...
17:32:01 [DEBUG] Sending GET https://api.starknet.extended.exchange/api/v1/user/balance
17:32:02 [DEBUG] Lighter Balance: Raw=$301.97, Safe=$286.87
17:32:02 [INFO] X10: Detected balance = $306.04
17:32:02 [DEBUG] Sending GET https://api.starknet.extended.exchange/api/v1/user/positions?
17:32:02 [DEBUG] ✅ AVAX-USD: X10=$495,844, Lighter=$255,984, Total=$751,828
17:32:03 [INFO] Lighter: Found 0 open positions
17:32:03 [INFO] 💰 Balance: X10=$306.0 (free=$303.0), Lit=$286.9 (free=$283.9) | DB_Trades=0, Real_Positions=0, Locked=$0/ex
17:32:03 [INFO] 🚀 Launching trade for BERA-USD (APY=61.3%)
17:32:03 [DEBUG] Sending GET https://api.starknet.extended.exchange/api/v1/user/balance
17:32:03 [INFO] 🎲 KellyPositionSizer initialized (Safety=0.25, MaxFraction=0.1)
17:32:03 [INFO] 🎰 KELLY BERA-USD: win_rate=80.0%, kelly_fraction=0.6000, safe_fraction=0.0500, confidence=LOW, samples=0
17:32:03 [INFO] 📊 KELLY SIZE BERA-USD: $14.3 (kelly-optimized)
17:32:03 [INFO] 🚀 Opening BERA-USD: Size=$14.3 (Min=$11.0)
17:32:03 [INFO] 🔄 [PARALLEL] BERA-USD: Lighter POST-ONLY first
17:32:03 [INFO] 🚀 LIGHTER OPEN BERA-USD: side=SELL, size_usd=$14.34, price=$0.901760
17:32:03 [DEBUG] Create Order Tx Info: {"AccountIndex":60113,"ApiKeyIndex":3,"MarketIndex":20,"ClientOrderIndex":1764520360378,"BaseAmount":161,"Price":89634,"IsAsk":1,"Type":0,"TimeInForce":1,"ReduceOnly":0,"TriggerPrice":0,"OrderExpiry":1766939523318,"ExpiredAt":1764520922318,"Nonce":1761,"Sig":"4lJBiuNqVEfgZ8oX3MFgAN+SBcKSs7OVLRb/pUr24JK/oboThkoAQB9YniusoRMQ4nVr2t0f4BbAk43Zlp0dwlJjZBzV0NguiJl4djWmCmQ="}
17:32:03 [INFO] 🔄 [PARALLEL] BERA-USD: X10 MARKET order
17:32:03 [DEBUG] Sending GET https://api.starknet.extended.exchange/api/v1/info/markets?
17:32:03 [INFO] 🚀 Launching trade for STRK-USD (APY=55.2%)
17:32:03 [DEBUG] Sending GET https://api.starknet.extended.exchange/api/v1/user/balance
17:32:03 [DEBUG] Create Order Send Tx Response: code=200 message='{"ratelimit": "didn\'t use volume quota"}' tx_hash='5c547df2b1d578b012a50385269e0a425a2d2e33a0177a2dbcd70a48363e3cf9006c2a21f3fad274' predicted_execution_time_ms=1764520317366 additional_properties={}
17:32:03 [INFO] Lighter Order: 5c547df2b1d578b012a50385269e0a425a2d2e33a0177a2dbcd70a48363e3cf9006c2a21f3fad274
17:32:03 [INFO] 🎰 KELLY STRK-USD: win_rate=80.0%, kelly_fraction=0.6000, safe_fraction=0.0500, confidence=LOW, samples=0
17:32:03 [INFO] 📊 KELLY SIZE STRK-USD: upgraded to min_req $13.6
17:32:03 [INFO] 🚀 Opening STRK-USD: Size=$13.6 (Min=$13.6)
17:32:03 [INFO] 🔄 [PARALLEL] STRK-USD: Lighter POST-ONLY first
17:32:03 [INFO] 🚀 LIGHTER OPEN STRK-USD: side=SELL, size_usd=$13.60, price=$0.129780
17:32:03 [DEBUG] Create Order Tx Info: {"AccountIndex":60113,"ApiKeyIndex":3,"MarketIndex":104,"ClientOrderIndex":1764520355950,"BaseAmount":1055,"Price":12900,"IsAsk":1,"Type":0,"TimeInForce":1,"ReduceOnly":0,"TriggerPrice":0,"OrderExpiry":1766939523819,"ExpiredAt":1764520922819,"Nonce":1762,"Sig":"hAKFQRfTrZXbRa0Ci8Xs0CTY1aWSTubzYpMSuZBfRXTp4iPWeYuyBQsIQBYlRno379753Ze3c+rXXASfwLserimVbfKYNwmvueuJnDeCUEM="}
17:32:03 [INFO] 🔄 [PARALLEL] STRK-USD: X10 MARKET order
17:32:03 [DEBUG] Sending GET https://api.starknet.extended.exchange/api/v1/info/markets?
17:32:04 [INFO] 🚀 Launching trade for APT-USD (APY=41.2%)
17:32:04 [DEBUG] Sending GET https://api.starknet.extended.exchange/api/v1/user/balance
17:32:04 [DEBUG] Create Order Send Tx Response: code=200 message='{"ratelimit": "didn\'t use volume quota"}' tx_hash='237c6777cf0618aaeee1ce3e3886e13a57ee4df74d1277e495f2ecf5bfca59bd6dfb2d73f1ca5fd9' predicted_execution_time_ms=1764520317865 additional_properties={}
17:32:04 [INFO] Lighter Order: 237c6777cf0618aaeee1ce3e3886e13a57ee4df74d1277e495f2ecf5bfca59bd6dfb2d73f1ca5fd9
17:32:04 [INFO] ✅ Launched 3 trade tasks this cycle
17:32:05 [DEBUG] Lighter Balance: Raw=$301.95, Safe=$286.85
17:32:05 [INFO] 🎰 KELLY APT-USD: win_rate=80.0%, kelly_fraction=0.6000, safe_fraction=0.0500, confidence=LOW, samples=0
17:32:05 [INFO] 📊 KELLY SIZE APT-USD: $12.9 (kelly-optimized)
17:32:05 [INFO] 🚀 Opening APT-USD: Size=$12.9 (Min=$11.0)
17:32:05 [INFO] 🔄 [PARALLEL] APT-USD: Lighter POST-ONLY first
17:32:05 [INFO] 🚀 LIGHTER OPEN APT-USD: side=SELL, size_usd=$12.88, price=$2.037600
17:32:05 [DEBUG] Create Order Tx Info: {"AccountIndex":60113,"ApiKeyIndex":3,"MarketIndex":31,"ClientOrderIndex":1764520387284,"BaseAmount":636,"Price":20253,"IsAsk":1,"Type":0,"TimeInForce":1,"ReduceOnly":0,"TriggerPrice":0,"OrderExpiry":1766939525069,"ExpiredAt":1764520924069,"Nonce":1763,"Sig":"yxRjRZhd0nYY7WgyZFh59DjCP8aczNu0l6R2az7FYd5f940zUKn2K1C5znBRqDxyHVnHxpVE9yXOZLxauyQzUC4Jg4L4R+MWQ7qGilAYDFw="}
17:32:05 [INFO] 🔄 [PARALLEL] APT-USD: X10 MARKET order
17:32:05 [DEBUG] Sending GET https://api.starknet.extended.exchange/api/v1/info/markets?
17:32:05 [DEBUG] Create Order Send Tx Response: code=200 message='{"ratelimit": "didn\'t use volume quota"}' tx_hash='bd49cfce6a953c2cea19284216cbb263c46c407b250d79d389c595263edeec00b9e21ca775054da3' predicted_execution_time_ms=1764520319117 additional_properties={}
17:32:05 [INFO] Lighter Order: bd49cfce6a953c2cea19284216cbb263c46c407b250d79d389c595263edeec00b9e21ca775054da3
17:32:05 [DEBUG] Placing an order: id=1645209891991751055544429380771196277091188496227871975255074923955084484298
17:32:05 [DEBUG] Sending POST https://api.starknet.extended.exchange/api/v1/user/order, headers={<RequestHeader.ACCEPT: 'Accept'>: 'application/json', <RequestHeader.CONTENT_TYPE: 'Content-Type'>: 'application/json', <RequestHeader.USER_AGENT: 'User-Agent'>: 'X10PythonTradingClient/0.0.17', <RequestHeader.API_KEY: 'X-Api-Key'>: 'a1c9207f79f0e57ddc454bf1e16dbe49'}
17:32:05 [DEBUG] Placing an order: id=1688872086498532467198086806362582574936499966354170611112322581506994008428
17:32:05 [DEBUG] Sending POST https://api.starknet.extended.exchange/api/v1/user/order, headers={<RequestHeader.ACCEPT: 'Accept'>: 'application/json', <RequestHeader.CONTENT_TYPE: 'Content-Type'>: 'application/json', <RequestHeader.USER_AGENT: 'User-Agent'>: 'X10PythonTradingClient/0.0.17', <RequestHeader.API_KEY: 'X-Api-Key'>: 'a1c9207f79f0e57ddc454bf1e16dbe49'}
17:32:06 [DEBUG] ✅ S-USD: X10=$84,123, Lighter=$7,541,897, Total=$7,626,020
17:32:06 [INFO]  X10 Order: 1995168947029512192
17:32:06 [INFO] ✅ [PARALLEL] BERA-USD: Both legs filled in 3297ms
17:32:06 [DEBUG] 📝 Trade added to state: BERA-USD
17:32:06 [DEBUG] 📝 Flushed 1 writes
17:32:06 [DEBUG] 📝 Flushed 1 writes in 0.0ms
17:32:06 [INFO]  X10 Order: 1995168948475293696
17:32:06 [INFO] ✅ [PARALLEL] STRK-USD: Both legs filled in 3125ms
17:32:06 [DEBUG] 📝 Trade added to state: STRK-USD
17:32:07 [DEBUG] Placing an order: id=1341292828837110932425632380497806517430025262350282881584813755703286061958
17:32:07 [DEBUG] Sending POST https://api.starknet.extended.exchange/api/v1/user/order, headers={<RequestHeader.ACCEPT: 'Accept'>: 'application/json', <RequestHeader.CONTENT_TYPE: 'Content-Type'>: 'application/json', <RequestHeader.USER_AGENT: 'User-Agent'>: 'X10PythonTradingClient/0.0.17', <RequestHeader.API_KEY: 'X-Api-Key'>: 'a1c9207f79f0e57ddc454bf1e16dbe49'}
17:32:07 [DEBUG] Fetching fresh positions (force=False, cache_age=1764520327.4s)
17:32:07 [DEBUG] Sending GET https://api.starknet.extended.exchange/api/v1/user/positions?
17:32:07 [INFO]  X10 Order: 1995168950585356288
17:32:07 [INFO] ✅ [PARALLEL] APT-USD: Both legs filled in 2391ms
17:32:07 [DEBUG] 📝 Trade added to state: APT-USD
17:32:07 [DEBUG] MAX_OPEN_TRADES (3) reached, waiting...
17:32:07 [INFO] Lighter: Found 3 open positions
17:32:07 [INFO] 📊 Positions: X10=3, Lighter=3
17:32:07 [DEBUG] X10 positions: ['BERA-USD', 'STRK-USD', 'APT-USD']
17:32:07 [DEBUG] Lighter positions: ['BERA-USD', 'APT-USD', 'STRK-USD']
17:32:08 [DEBUG] 📝 Flushed 1 writes in 0.0ms
17:32:08 [DEBUG] Using cached positions (age: 1.5s)
17:32:09 [DEBUG] 📝 Flushed 2 writes
17:32:09 [DEBUG] 📝 Flushed 1 writes in 0.0ms
17:32:09 [DEBUG] Using cached positions (age: 2.5s)
17:32:10 [DEBUG] MAX_OPEN_TRADES (3) reached, waiting...
17:32:10 [DEBUG] Using cached positions (age: 3.5s)
17:32:11 [DEBUG] Using cached positions (age: 4.5s)
17:32:11 [DEBUG] ✅ OP-USD: X10=$287,355, Lighter=$3,076,828, Total=$3,364,183
17:32:12 [DEBUG] Fetching fresh positions (force=False, cache_age=5.5s)
17:32:12 [DEBUG] Sending GET https://api.starknet.extended.exchange/api/v1/user/positions?
17:32:13 [INFO] Lighter: Found 3 open positions
17:32:13 [INFO] 📊 Positions: X10=3, Lighter=3
17:32:13 [DEBUG] X10 positions: ['BERA-USD', 'STRK-USD', 'APT-USD']
17:32:13 [DEBUG] Lighter positions: ['BERA-USD', 'APT-USD', 'STRK-USD']
17:32:13 [DEBUG] MAX_OPEN_TRADES (3) reached, waiting...
17:32:14 [DEBUG] Using cached positions (age: 1.4s)
17:32:15 [DEBUG] Using cached positions (age: 2.4s)
17:32:15 [DEBUG] ✅ AERO-USD: X10=$185,812, Lighter=$1,248,030, Total=$1,433,843
17:32:16 [DEBUG] Using cached positions (age: 3.4s)
17:32:16 [DEBUG] MAX_OPEN_TRADES (3) reached, waiting...
17:32:17 [DEBUG] Using cached positions (age: 4.4s)
17:32:18 [DEBUG] Fetching fresh positions (force=False, cache_age=5.4s)
17:32:18 [DEBUG] Sending GET https://api.starknet.extended.exchange/api/v1/user/positions?
17:32:18 [INFO] Lighter: Found 3 open positions
17:32:18 [INFO] 📊 Positions: X10=3, Lighter=3
17:32:18 [DEBUG] X10 positions: ['BERA-USD', 'STRK-USD', 'APT-USD']
17:32:18 [DEBUG] Lighter positions: ['BERA-USD', 'APT-USD', 'STRK-USD']
17:32:19 [DEBUG] ✅ SUI-USD: X10=$855,113, Lighter=$2,004,674, Total=$2,859,787
17:32:19 [DEBUG] MAX_OPEN_TRADES (3) reached, waiting...
17:32:19 [DEBUG] Using cached positions (age: 1.5s)
17:32:20 [DEBUG] Using cached positions (age: 2.4s)
17:32:21 [WARNING] [x10] Connection closed: 1011 Ping timeout
17:32:21 [INFO] 🔄 [x10] Reconnecting in 1.0s (attempt 1)
17:32:21 [DEBUG] Using cached positions (age: 3.5s)
17:32:22 [DEBUG] MAX_OPEN_TRADES (3) reached, waiting...
17:32:22 [DEBUG] Using cached positions (age: 4.5s)
17:32:23 [DEBUG] ✅ DOGE-USD: X10=$234,014, Lighter=$19,769,236, Total=$20,003,250
17:32:23 [INFO] ✅ [x10] Connected to wss://api.starknet.extended.exchange/stream.extended.exchange/v1/account
17:32:23 [DEBUG] [x10] Subscribed to publicTrades/XPL/USD
17:32:23 [DEBUG] [x10] Subscribed to publicTrades/SOL/USD
17:32:23 [DEBUG] [x10] Subscribed to funding/AVAX/USD
17:32:23 [DEBUG] Fetching fresh positions (force=False, cache_age=5.5s)
17:32:23 [DEBUG] Sending GET https://api.starknet.extended.exchange/api/v1/user/positions?
17:32:23 [DEBUG] [x10] Subscribed to publicTrades/1000BONK/USD
17:32:23 [DEBUG] [x10] Subscribed to funding/XRP/USD
17:32:23 [DEBUG] [x10] Subscribed to funding/APT/USD
17:32:24 [DEBUG] [x10] Subscribed to publicTrades/1000PEPE/USD
17:32:24 [DEBUG] [x10] Subscribed to publicTrades/AERO/USD
17:32:24 [INFO] Lighter: Found 3 open positions
17:32:24 [INFO] 📊 Positions: X10=3, Lighter=3
17:32:24 [DEBUG] X10 positions: ['BERA-USD', 'STRK-USD', 'APT-USD']
17:32:24 [DEBUG] Lighter positions: ['BERA-USD', 'APT-USD', 'STRK-USD']
17:32:24 [DEBUG] [x10] Subscribed to funding/MNT/USD
17:32:24 [DEBUG] [x10] Subscribed to funding/IP/USD
17:32:24 [DEBUG] [x10] Subscribed to publicTrades/ADA/USD
17:32:24 [DEBUG] [x10] Subscribed to publicTrades/APEX/USD
17:32:24 [DEBUG] [x10] Subscribed to funding/ZORA/USD
17:32:24 [DEBUG] [x10] Subscribed to funding/TRX/USD
17:32:24 [DEBUG] [x10] Subscribed to publicTrades/VIRTUAL/USD
17:32:24 [DEBUG] [x10] Subscribed to publicTrades/CRV/USD
17:32:25 [DEBUG] [x10] Subscribed to publicTrades/PUMP/USD
17:32:25 [DEBUG] [x10] Subscribed to publicTrades/WIF/USD
17:32:25 [DEBUG] [x10] Subscribed to funding/BERA/USD
17:32:25 [DEBUG] Using cached positions (age: 1.5s)
17:32:25 [DEBUG] [x10] Subscribed to publicTrades/STRK/USD
17:32:25 [DEBUG] [x10] Subscribed to publicTrades/TAO/USD
17:32:25 [DEBUG] [x10] Subscribed to funding/PENGU/USD
17:32:25 [DEBUG] MAX_OPEN_TRADES (3) reached, waiting...
17:32:25 [DEBUG] [x10] Subscribed to funding/HYPE/USD
17:32:25 [DEBUG] [x10] Subscribed to funding/BNB/USD
17:32:25 [DEBUG] [x10] Subscribed to funding/TAO/USD
17:32:25 [DEBUG] [x10] Subscribed to publicTrades/TON/USD
17:32:25 [DEBUG] [x10] Subscribed to publicTrades/MKR/USD
17:32:26 [DEBUG] [x10] Subscribed to funding/JUP/USD
17:32:26 [DEBUG] [x10] Subscribed to funding/WLFI/USD
17:32:26 [DEBUG] Using cached positions (age: 2.5s)
17:32:26 [DEBUG] [x10] Subscribed to publicTrades/BTC/USD
17:32:26 [DEBUG] [x10] Subscribed to publicTrades/XAU/USD
17:32:26 [DEBUG] [x10] Subscribed to funding/SEI/USD
17:32:26 [DEBUG] [x10] Subscribed to publicTrades/LDO/USD
17:32:26 [DEBUG] [x10] Subscribed to funding/TRUMP/USD
17:32:26 [DEBUG] ✅ FIL-USD: X10=$0, Lighter=$452,675, Total=$452,675
17:32:26 [DEBUG] [x10] Subscribed to publicTrades/XRP/USD
17:32:26 [DEBUG] [x10] Subscribed to funding/1000PEPE/USD
17:32:26 [DEBUG] [x10] Subscribed to funding/WIF/USD
17:32:26 [DEBUG] [x10] Subscribed to funding/MON/USD
17:32:27 [DEBUG] [x10] Subscribed to funding/ZEC/USD
17:32:27 [DEBUG] [x10] Subscribed to publicTrades/SUI/USD
17:32:27 [DEBUG] Using cached positions (age: 3.5s)
17:32:27 [DEBUG] [x10] Subscribed to publicTrades/DOGE/USD
17:32:27 [DEBUG] [x10] Subscribed to funding/BTC/USD
17:32:27 [DEBUG] [x10] Subscribed to funding/DOT/USD
17:32:27 [DEBUG] [x10] Subscribed to funding/XAU/USD
17:32:27 [DEBUG] [x10] Subscribed to publicTrades/WLD/USD
17:32:27 [DEBUG] [x10] Subscribed to funding/XPL/USD
17:32:27 [DEBUG] [x10] Subscribed to funding/GRASS/USD
17:32:27 [DEBUG] [x10] Subscribed to publicTrades/ENA/USD
17:32:28 [DEBUG] [x10] Subscribed to funding/MKR/USD
17:32:28 [DEBUG] [x10] Subscribed to funding/S/USD
17:32:28 [DEBUG] [x10] Subscribed to funding/ADA/USD
17:32:28 [DEBUG] Using cached positions (age: 4.5s)
17:32:28 [DEBUG] [x10] Subscribed to publicTrades/IP/USD
17:32:28 [DEBUG] [x10] Subscribed to publicTrades/LINEA/USD
17:32:28 [DEBUG] [x10] Subscribed to funding/AVNT/USD
17:32:28 [DEBUG] MAX_OPEN_TRADES (3) reached, waiting...
17:32:28 [DEBUG] [x10] Subscribed to funding/PUMP/USD
17:32:28 [DEBUG] [x10] Subscribed to publicTrades/ZORA/USD
17:32:28 [DEBUG] [x10] Subscribed to funding/STRK/USD
17:32:28 [DEBUG] [x10] Subscribed to funding/ARB/USD
17:32:28 [DEBUG] [x10] Subscribed to publicTrades/HYPE/USD
17:32:29 [DEBUG] [x10] Subscribed to publicTrades/PENDLE/USD
17:32:29 [DEBUG] [x10] Subscribed to publicTrades/BNB/USD
17:32:29 [DEBUG] Fetching fresh positions (force=False, cache_age=5.5s)
17:32:29 [DEBUG] Sending GET https://api.starknet.extended.exchange/api/v1/user/positions?
17:32:29 [DEBUG] [x10] Subscribed to funding/OP/USD
17:32:29 [DEBUG] [x10] Subscribed to funding/USDJPY/USD
17:32:29 [DEBUG] [x10] Subscribed to funding/DOGE/USD
17:32:29 [DEBUG] [x10] Subscribed to funding/XAG/USD
17:32:29 [DEBUG] [x10] Subscribed to funding/AAVE/USD
17:32:29 [DEBUG] [x10] Subscribed to publicTrades/MON/USD
17:32:29 [DEBUG] [x10] Subscribed to publicTrades/LINK/USD
17:32:29 [DEBUG] [x10] Subscribed to funding/BCH/USD
17:32:29 [INFO] Lighter: Found 3 open positions
17:32:29 [INFO] 📊 Positions: X10=3, Lighter=3
17:32:29 [DEBUG] X10 positions: ['BERA-USD', 'STRK-USD', 'APT-USD']
17:32:29 [DEBUG] Lighter positions: ['BERA-USD', 'APT-USD', 'STRK-USD']
17:32:30 [DEBUG] [x10] Subscribed to publicTrades/ASTER/USD
17:32:30 [DEBUG] [x10] Subscribed to funding/EIGEN/USD
17:32:30 [DEBUG] [x10] Subscribed to publicTrades/FARTCOIN/USD
17:32:30 [DEBUG] [x10] Subscribed to funding/TON/USD
17:32:30 [DEBUG] [x10] Subscribed to publicTrades/SEI/USD
17:32:30 [DEBUG] [x10] Subscribed to publicTrades/SPX/USD
17:32:30 [DEBUG] [x10] Subscribed to funding/VIRTUAL/USD
17:32:30 [DEBUG] [x10] Subscribed to publicTrades/POPCAT/USD
17:32:30 [DEBUG] [x10] Subscribed to publicTrades/AAVE/USD
17:32:30 [DEBUG] [x10] Subscribed to funding/1000SHIB/USD
17:32:30 [DEBUG] Using cached positions (age: 1.7s)
17:32:30 [DEBUG] [x10] Subscribed to publicTrades/AVAX/USD
17:32:31 [DEBUG] [x10] Subscribed to funding/RESOLV/USD
17:32:31 [DEBUG] [x10] Subscribed to funding/ENA/USD
17:32:31 [DEBUG] [x10] Subscribed to publicTrades/KAITO/USD
17:32:31 [DEBUG] [x10] Subscribed to publicTrades/ARB/USD
17:32:31 [DEBUG] [x10] Subscribed to publicTrades/MEGA/USD
17:32:31 [DEBUG] [x10] Subscribed to publicTrades/WLFI/USD
17:32:31 [DEBUG] MAX_OPEN_TRADES (3) reached, waiting...
17:32:31 [DEBUG] [x10] Subscribed to funding/NEAR/USD
17:32:31 [DEBUG] [x10] Subscribed to publicTrades/ETH/USD
17:32:31 [DEBUG] [x10] Subscribed to publicTrades/USDJPY/USD
17:32:31 [DEBUG] [x10] Subscribed to funding/1000BONK/USD
17:32:31 [DEBUG] Using cached positions (age: 2.7s)
17:32:31 [DEBUG] [x10] Subscribed to publicTrades/XAG/USD
17:32:32 [DEBUG] [x10] Subscribed to publicTrades/PENGU/USD
17:32:32 [DEBUG] [x10] Subscribed to publicTrades/GRASS/USD
17:32:32 [DEBUG] [x10] Subscribed to publicTrades/EDEN/USD
17:32:32 [DEBUG] [x10] Subscribed to funding/ZRO/USD
17:32:32 [DEBUG] ✅ IP-USD: X10=$232,287, Lighter=$376,532, Total=$608,819
17:32:32 [DEBUG] [x10] Subscribed to publicTrades/TRX/USD
17:32:32 [DEBUG] [x10] Subscribed to funding/SPX/USD
17:32:32 [DEBUG] [x10] Subscribed to publicTrades/AVNT/USD
17:32:32 [DEBUG] [x10] Subscribed to publicTrades/FIL/USD
17:32:32 [DEBUG] [x10] Subscribed to publicTrades/APT/USD
17:32:32 [DEBUG] [x10] Subscribed to publicTrades/MNT/USD
17:32:32 [DEBUG] Using cached positions (age: 3.7s)
17:32:32 [DEBUG] [x10] Subscribed to publicTrades/EIGEN/USD
17:32:33 [DEBUG] [x10] Subscribed to publicTrades/JUP/USD
17:32:33 [DEBUG] [x10] Subscribed to publicTrades/S/USD
17:32:33 [DEBUG] [x10] Subscribed to publicTrades/ZEC/USD
17:32:33 [DEBUG] [x10] Subscribed to funding/SUI/USD
17:32:33 [DEBUG] [x10] Subscribed to publicTrades/ONDO/USD
17:32:33 [DEBUG] [x10] Subscribed to publicTrades/BERA/USD
17:32:33 [DEBUG] [x10] Subscribed to publicTrades/NEAR/USD
17:32:33 [DEBUG] [x10] Subscribed to publicTrades/ZRO/USD
17:32:33 [DEBUG] [x10] Subscribed to publicTrades/DOT/USD
17:32:33 [DEBUG] Using cached positions (age: 4.7s)
17:32:33 [DEBUG] [x10] Subscribed to funding/AERO/USD
17:32:34 [DEBUG] [x10] Subscribed to funding/FIL/USD
17:32:34 [DEBUG] [x10] Subscribed to funding/MEGA/USD
17:32:34 [DEBUG] [x10] Subscribed to funding/ASTER/USD
17:32:34 [DEBUG] [x10] Subscribed to funding/WLD/USD
17:32:34 [DEBUG] [x10] Subscribed to publicTrades/OP/USD
17:32:34 [DEBUG] [x10] Subscribed to publicTrades/1000SHIB/USD
17:32:34 [DEBUG] MAX_OPEN_TRADES (3) reached, waiting...
17:32:34 [DEBUG] [x10] Subscribed to publicTrades/LTC/USD
17:32:34 [DEBUG] [x10] Subscribed to funding/TIA/USD
17:32:34 [DEBUG] [x10] Subscribed to funding/KAITO/USD
17:32:34 [DEBUG] [x10] Subscribed to publicTrades/BCH/USD
17:32:34 [DEBUG] Fetching fresh positions (force=False, cache_age=5.7s)
17:32:34 [DEBUG] Sending GET https://api.starknet.extended.exchange/api/v1/user/positions?
17:32:34 [DEBUG] [x10] Subscribed to funding/ETH/USD
17:32:35 [DEBUG] [x10] Subscribed to funding/LDO/USD
17:32:35 [DEBUG] [x10] Subscribed to funding/EDEN/USD
17:32:35 [DEBUG] [x10] Subscribed to funding/POPCAT/USD
17:32:35 [DEBUG] [x10] Subscribed to publicTrades/TRUMP/USD
17:32:35 [DEBUG] [x10] Subscribed to funding/UNI/USD
17:32:35 [DEBUG] [x10] Subscribed to funding/APEX/USD
17:32:35 [INFO] Lighter: Found 3 open positions
17:32:35 [INFO] 📊 Positions: X10=3, Lighter=3
17:32:35 [DEBUG] X10 positions: ['BERA-USD', 'STRK-USD', 'APT-USD']
17:32:35 [DEBUG] Lighter positions: ['BERA-USD', 'APT-USD', 'STRK-USD']
17:32:35 [DEBUG] [x10] Subscribed to publicTrades/UNI/USD
17:32:35 [DEBUG] [x10] Subscribed to funding/LINK/USD
17:32:35 [DEBUG] [x10] Subscribed to funding/PENDLE/USD
17:32:35 [DEBUG] [x10] Subscribed to funding/FARTCOIN/USD
17:32:36 [DEBUG] [x10] Subscribed to funding/SOL/USD
17:32:36 [DEBUG] [x10] Subscribed to publicTrades/TIA/USD
17:32:36 [DEBUG] ✅ MEGA-USD: X10=$108,128, Lighter=$2,592,143, Total=$2,700,271
17:32:36 [DEBUG] [x10] Subscribed to funding/ONDO/USD
17:32:36 [DEBUG] [x10] Subscribed to funding/LTC/USD
17:32:36 [DEBUG] [x10] Subscribed to funding/LINEA/USD
17:32:36 [DEBUG] [x10] Subscribed to publicTrades/RESOLV/USD
17:32:36 [DEBUG] [x10] Subscribed to funding/CRV/USD
17:32:36 [DEBUG] Using cached positions (age: 1.7s)
17:32:37 [DEBUG] MAX_OPEN_TRADES (3) reached, waiting...
17:32:37 [DEBUG] Using cached positions (age: 2.7s)
17:32:38 [DEBUG] Using cached positions (age: 3.7s)
17:32:39 [DEBUG] Using cached positions (age: 4.7s)
17:32:39 [DEBUG] ✅ TRUMP-USD: X10=$109,934, Lighter=$362,665, Total=$472,599
17:32:40 [DEBUG] MAX_OPEN_TRADES (3) reached, waiting...
17:32:40 [DEBUG] Fetching fresh positions (force=False, cache_age=5.7s)
17:32:40 [DEBUG] Sending GET https://api.starknet.extended.exchange/api/v1/user/positions?
17:32:41 [INFO] Lighter: Found 3 open positions
17:32:41 [INFO] 📊 Positions: X10=3, Lighter=3
17:32:41 [DEBUG] X10 positions: ['BERA-USD', 'STRK-USD', 'APT-USD']
17:32:41 [DEBUG] Lighter positions: ['BERA-USD', 'APT-USD', 'STRK-USD']
17:32:42 [DEBUG] Using cached positions (age: 1.5s)
17:32:42 [WARNING] 🛑 Received SIGINT, initiating graceful shutdown...
17:32:42 [INFO] 🛑 Shutting down...
17:32:42 [INFO] 🛑 Initiating graceful shutdown...
17:32:42 [INFO] 🔍 Supervisor loop stopped
17:32:42 [INFO] 🛑 Cancelling logic_loop...
17:32:42 [INFO] 🛑 Cancelling trade_management_loop...
17:32:42 [INFO] 🛑 Cancelling farm_loop...
17:32:42 [INFO] 🛑 Cancelling maintenance_loop...
17:32:42 [INFO] 🛑 Cancelling cleanup_finished_tasks...
17:32:42 [INFO] 🛑 Cancelling health_reporter...
17:32:42 [INFO] Logic loop cancelled
17:32:42 [INFO] ✅ All tasks stopped
17:32:42 [INFO] 🛑 Rollback processor: Shutdown signal received
17:32:42 [INFO] ✅ ParallelExecutionManager: Stopped
17:32:43 [DEBUG] ✅ BERA-USD: X10=$191,176, Lighter=$970,970, Total=$1,162,145
17:32:44 [INFO] 🔌 [x10] WebSocket stopped
