22:35:30 [INFO]  CONFIG VALIDIERUNG abgeschlossen.
22:35:30 [INFO] 🔥 BOT V5 (Architected) STARTING...
22:35:30 [INFO] 🚀 Starting InMemoryStateManager...
22:35:30 [INFO] 📂 Initializing database: data/trades.db
22:35:30 [INFO] ✅ Read pool created: 5 connections
22:35:30 [INFO] ✅ WAL mode enabled
22:35:30 [INFO] 🔄 Running database migrations...
22:35:30 [INFO] ✅ Migrations complete (11 statements)
22:35:30 [INFO] ✅ Database initialized
22:35:30 [INFO] 🖊️ Database write loop started
22:35:30 [INFO] 📂 Loaded 2 trades from database
22:35:30 [INFO] ✅ InMemoryStateManager started (loaded 2 trades)
22:35:30 [INFO] ✅ State Manager started
22:35:30 [INFO]  Telegram Bot disabled (Token/ChatID missing).
22:35:30 [INFO] ✅ Async database initialized
22:35:30 [INFO] 📝 State writer loop started
22:35:30 [DEBUG] ✅ Database schema up to date
22:35:30 [INFO] Initialisiere X10 Adapter...
22:35:30 [INFO]  X10 Account initialisiert.
22:35:30 [INFO] Initialisiere Lighter Adapter...
22:35:30 [INFO] 📊 Loading Market Data via REST...
22:35:30 [DEBUG] Sending GET https://api.starknet.extended.exchange/api/v1/info/markets?
22:35:30 [INFO] ⚙️ Lighter: Loading markets...
22:35:30 [DEBUG] Starting new HTTPS connection (1): mainnet.zklighter.elliot.ai:443
22:35:31 [DEBUG] https://mainnet.zklighter.elliot.ai:443 "GET /api/v1/nextNonce?account_index=60113&api_key_index=3 HTTP/1.1" 200 25
22:35:33 [INFO]  X10: 91 Märkte geladen, 91 Funding Rates, 78 Preise
22:36:28 [INFO] ✅ Lighter: 118/118 markets loaded (100.0%)
22:36:28 [INFO] ✅ Markets loaded: X10=91, Lighter=118
22:36:28 [INFO] FundingPredictorV2 initialized with BTC Correlation
22:36:28 [INFO] 启动 OI Tracker für 70 Symbole...
22:36:28 [INFO] ✅ OpenInterestTracker started (interval=30.0s)
22:36:28 [INFO] 🌐 Starting WebSocket Manager...
22:36:28 [INFO] 📊 OI Tracker: Starting cycle 1 (70 symbols)
22:36:28 [INFO] 🔌 [lighter] WebSocket manager started
22:36:28 [INFO] 🔌 [x10] WebSocket manager started
22:36:28 [INFO] ✅ WebSocketManager started
22:36:29 [DEBUG] ✅ LDO-USD: X10=$135,283, Lighter=$1,721,825, Total=$1,857,108
22:36:29 [INFO] ✅ [x10] Connected to wss://api.starknet.extended.exchange/stream.extended.exchange/v1/account
22:36:29 [INFO] ✅ [lighter] Connected to wss://mainnet.zklighter.elliot.ai/stream
22:36:29 [DEBUG] [lighter] Subscribed to order_book/65
22:36:29 [DEBUG] [lighter] Subscribed to order_book/91
22:36:29 [DEBUG] [lighter] Subscribed to trade/91
22:36:29 [DEBUG] [lighter] Subscribed to order_book/58
22:36:29 [DEBUG] [lighter] Subscribed to trade/58
22:36:29 [DEBUG] [lighter] Subscribed to order_book/38
22:36:29 [DEBUG] [lighter] Subscribed to trade/38
22:36:29 [DEBUG] [lighter] Subscribed to trade/3
22:36:29 [DEBUG] [lighter] Subscribed to order_book/26
22:36:29 [DEBUG] [lighter] Subscribed to trade/26
22:36:29 [DEBUG] [lighter] Subscribed to order_book/28
22:36:29 [DEBUG] [lighter] Subscribed to trade/28
22:36:30 [DEBUG] [lighter] Subscribed to order_book/37
22:36:30 [DEBUG] [lighter] Subscribed to trade/37
22:36:30 [DEBUG] [lighter] Subscribed to order_book/29
22:36:30 [DEBUG] [lighter] Subscribed to order_book/9
22:36:30 [DEBUG] [lighter] Subscribed to trade/9
22:36:30 [DEBUG] [lighter] Subscribed to order_book/13
22:36:30 [DEBUG] [lighter] Subscribed to trade/13
22:36:30 [DEBUG] [lighter] Subscribed to order_book/93
22:36:30 [DEBUG] [lighter] Subscribed to trade/93
22:36:30 [DEBUG] [lighter] Subscribed to order_book/82
22:36:30 [DEBUG] [lighter] Subscribed to trade/82
22:36:30 [DEBUG] [lighter] Subscribed to order_book/31
22:36:30 [DEBUG] [lighter] Subscribed to order_book/89
22:36:30 [DEBUG] [lighter] Subscribed to trade/89
22:36:30 [DEBUG] [lighter] Subscribed to order_book/12
22:36:30 [DEBUG] [lighter] Subscribed to trade/12
22:36:30 [DEBUG] [lighter] Subscribed to order_book/5
22:36:30 [DEBUG] [lighter] Subscribed to trade/5
22:36:30 [DEBUG] [lighter] Subscribed to order_book/49
22:36:30 [DEBUG] [lighter] Subscribed to trade/49
22:36:30 [DEBUG] [lighter] Subscribed to trade/7
22:36:30 [DEBUG] [lighter] Subscribed to order_book/94
22:36:30 [DEBUG] [lighter] Subscribed to trade/94
22:36:30 [DEBUG] [lighter] Subscribed to order_book/42
22:36:30 [DEBUG] [lighter] Subscribed to trade/42
22:36:30 [DEBUG] [lighter] Subscribed to order_book/45
22:36:30 [DEBUG] [lighter] Subscribed to trade/45
22:36:30 [DEBUG] [lighter] Subscribed to trade/92
22:36:30 [DEBUG] [lighter] Subscribed to order_book/35
22:36:30 [DEBUG] [lighter] Subscribed to trade/35
22:36:30 [DEBUG] [lighter] Subscribed to order_book/43
22:36:30 [DEBUG] [lighter] Subscribed to trade/43
22:36:30 [DEBUG] [lighter] Subscribed to order_book/24
22:36:30 [DEBUG] [lighter] Subscribed to trade/24
22:36:30 [DEBUG] [lighter] Subscribed to order_book/34
22:36:30 [DEBUG] [lighter] Subscribed to trade/34
22:36:30 [DEBUG] [lighter] Subscribed to trade/36
22:36:30 [DEBUG] [lighter] Subscribed to order_book/23
22:36:30 [DEBUG] [lighter] Subscribed to trade/23
22:36:30 [DEBUG] [lighter] Subscribed to order_book/98
22:36:30 [DEBUG] [lighter] Subscribed to trade/98
22:36:30 [DEBUG] [lighter] Subscribed to order_book/83
22:36:30 [DEBUG] [lighter] Subscribed to trade/83
22:36:30 [DEBUG] [lighter] Subscribed to trade/33
22:36:30 [DEBUG] [lighter] Subscribed to order_book/50
22:36:30 [DEBUG] [lighter] Subscribed to trade/50
22:36:30 [DEBUG] [lighter] Subscribed to order_book/21
22:36:30 [DEBUG] [lighter] Subscribed to trade/21
22:36:30 [DEBUG] [lighter] Subscribed to order_book/39
22:36:30 [DEBUG] [lighter] Subscribed to trade/39
22:36:30 [DEBUG] [lighter] Subscribed to order_book/4
22:36:30 [DEBUG] [lighter] Subscribed to trade/4
22:36:30 [DEBUG] [lighter] Subscribed to trade/20
22:36:30 [DEBUG] [lighter] Subscribed to order_book/51
22:36:30 [DEBUG] [lighter] Subscribed to trade/51
22:36:30 [DEBUG] [lighter] Subscribed to order_book/71
22:36:30 [DEBUG] [lighter] Subscribed to trade/71
22:36:30 [DEBUG] [lighter] Subscribed to order_book/40
22:36:30 [DEBUG] [lighter] Subscribed to trade/40
22:36:30 [DEBUG] [lighter] Subscribed to order_book/52
22:36:30 [DEBUG] [x10] Subscribed to publicTrades/LDO/USD
22:36:30 [DEBUG] [x10] Subscribed to funding/LDO/USD
22:36:30 [DEBUG] [x10] Subscribed to publicTrades/TRUMP/USD
22:36:30 [DEBUG] [x10] Subscribed to funding/TRUMP/USD
22:36:30 [DEBUG] [lighter] Subscribed to order_book/16
22:36:30 [DEBUG] [x10] Subscribed to publicTrades/WLFI/USD
22:36:30 [DEBUG] [x10] Subscribed to funding/WLFI/USD
22:36:30 [DEBUG] [x10] Subscribed to publicTrades/1000SHIB/USD
22:36:30 [DEBUG] [x10] Subscribed to funding/1000SHIB/USD
22:36:30 [DEBUG] [lighter] Subscribed to order_book/18
22:36:30 [DEBUG] [x10] Subscribed to publicTrades/AERO/USD
22:36:30 [DEBUG] [x10] Subscribed to funding/AERO/USD
22:36:31 [DEBUG] [x10] Subscribed to publicTrades/ZRO/USD
22:36:31 [DEBUG] [x10] Subscribed to funding/ZRO/USD
22:36:31 [DEBUG] [lighter] Subscribed to trade/67
22:36:31 [DEBUG] [x10] Subscribed to publicTrades/APT/USD
22:36:31 [DEBUG] [x10] Subscribed to funding/APT/USD
22:36:31 [DEBUG] [x10] Subscribed to publicTrades/BTC/USD
22:36:31 [DEBUG] [x10] Subscribed to funding/BTC/USD
22:36:31 [DEBUG] [lighter] Subscribed to order_book/76
22:36:31 [DEBUG] [x10] Subscribed to publicTrades/SEI/USD
22:36:31 [DEBUG] [x10] Subscribed to funding/SEI/USD
22:36:31 [DEBUG] [lighter] Subscribed to trade/90
22:36:31 [DEBUG] [x10] Subscribed to publicTrades/APEX/USD
22:36:31 [DEBUG] [x10] Subscribed to funding/APEX/USD
22:36:31 [DEBUG] [x10] Subscribed to publicTrades/LINEA/USD
22:36:31 [DEBUG] [x10] Subscribed to funding/LINEA/USD
22:36:31 [DEBUG] [x10] Subscribed to publicTrades/AAVE/USD
22:36:31 [DEBUG] [x10] Subscribed to funding/AAVE/USD
22:36:31 [DEBUG] [lighter] Subscribed to order_book/6
22:36:31 [DEBUG] [x10] Subscribed to publicTrades/SUI/USD
22:36:31 [DEBUG] [x10] Subscribed to funding/SUI/USD
22:36:31 [DEBUG] [x10] Subscribed to publicTrades/WLD/USD
22:36:31 [DEBUG] [x10] Subscribed to funding/WLD/USD
22:36:31 [DEBUG] [lighter] Subscribed to order_book/60
22:36:31 [DEBUG] [x10] Subscribed to publicTrades/STRK/USD
22:36:31 [DEBUG] [x10] Subscribed to funding/STRK/USD
22:36:31 [DEBUG] [lighter] Subscribed to order_book/55
22:36:31 [DEBUG] [x10] Subscribed to publicTrades/XRP/USD
22:36:31 [DEBUG] [x10] Subscribed to funding/XRP/USD
22:36:31 [DEBUG] [x10] Subscribed to publicTrades/GRASS/USD
22:36:31 [DEBUG] [x10] Subscribed to funding/GRASS/USD
22:36:31 [DEBUG] [x10] Subscribed to publicTrades/SOL/USD
22:36:31 [DEBUG] [x10] Subscribed to funding/SOL/USD
22:36:31 [DEBUG] [lighter] Subscribed to order_book/15
22:36:31 [DEBUG] [x10] Subscribed to publicTrades/OP/USD
22:36:31 [DEBUG] [x10] Subscribed to funding/OP/USD
22:36:31 [DEBUG] [x10] Subscribed to publicTrades/ZORA/USD
22:36:31 [DEBUG] [x10] Subscribed to funding/ZORA/USD
22:36:31 [DEBUG] [lighter] Subscribed to trade/104
22:36:31 [DEBUG] [x10] Subscribed to publicTrades/CRV/USD
22:36:31 [DEBUG] [x10] Subscribed to funding/CRV/USD
22:36:31 [DEBUG] [lighter] Subscribed to order_book/2
22:36:31 [DEBUG] [x10] Subscribed to publicTrades/NEAR/USD
22:36:31 [DEBUG] [x10] Subscribed to funding/NEAR/USD
22:36:31 [DEBUG] [x10] Subscribed to publicTrades/ZEC/USD
22:36:31 [DEBUG] [x10] Subscribed to funding/ZEC/USD
22:36:31 [DEBUG] [lighter] Subscribed to trade/8
22:36:31 [DEBUG] [x10] Subscribed to publicTrades/BERA/USD
22:36:31 [DEBUG] [x10] Subscribed to funding/BERA/USD
22:36:31 [DEBUG] [x10] Subscribed to publicTrades/1000BONK/USD
22:36:31 [DEBUG] [x10] Subscribed to funding/1000BONK/USD
22:36:32 [DEBUG] [lighter] Subscribed to trade/63
22:36:32 [DEBUG] [x10] Subscribed to publicTrades/DOGE/USD
22:36:32 [DEBUG] [x10] Subscribed to funding/DOGE/USD
22:36:32 [DEBUG] [x10] Subscribed to publicTrades/LINK/USD
22:36:32 [DEBUG] [x10] Subscribed to funding/LINK/USD
22:36:32 [DEBUG] [lighter] Subscribed to trade/17
22:36:32 [DEBUG] [x10] Subscribed to publicTrades/MNT/USD
22:36:32 [DEBUG] [x10] Subscribed to funding/MNT/USD
22:36:32 [DEBUG] [x10] Subscribed to publicTrades/ENA/USD
22:36:32 [DEBUG] [x10] Subscribed to funding/ENA/USD
22:36:32 [DEBUG] [lighter] Subscribed to trade/52
22:36:32 [DEBUG] [x10] Subscribed to publicTrades/XAU/USD
22:36:32 [DEBUG] [x10] Subscribed to funding/XAU/USD
22:36:32 [DEBUG] [x10] Subscribed to publicTrades/VIRTUAL/USD
22:36:32 [DEBUG] [x10] Subscribed to funding/VIRTUAL/USD
22:36:32 [DEBUG] [lighter] Subscribed to trade/53
22:36:32 [DEBUG] [x10] Subscribed to publicTrades/BNB/USD
22:36:32 [DEBUG] [x10] Subscribed to funding/BNB/USD
22:36:32 [DEBUG] [x10] Subscribed to publicTrades/TIA/USD
22:36:32 [DEBUG] [x10] Subscribed to funding/TIA/USD
22:36:32 [DEBUG] [lighter] Subscribed to trade/18
22:36:32 [DEBUG] [x10] Subscribed to publicTrades/FIL/USD
22:36:32 [DEBUG] [x10] Subscribed to funding/FIL/USD
22:36:32 [DEBUG] [x10] Subscribed to publicTrades/DOT/USD
22:36:32 [DEBUG] [x10] Subscribed to funding/DOT/USD
22:36:32 [DEBUG] [lighter] Subscribed to trade/72
22:36:32 [DEBUG] [x10] Subscribed to publicTrades/UNI/USD
22:36:32 [DEBUG] [x10] Subscribed to funding/UNI/USD
22:36:32 [DEBUG] [x10] Subscribed to publicTrades/KAITO/USD
22:36:32 [DEBUG] [x10] Subscribed to funding/KAITO/USD
22:36:32 [DEBUG] [lighter] Subscribed to order_book/1
22:36:32 [DEBUG] [x10] Subscribed to publicTrades/PENGU/USD
22:36:32 [DEBUG] [x10] Subscribed to funding/PENGU/USD
22:36:32 [DEBUG] [x10] Subscribed to publicTrades/MON/USD
22:36:32 [DEBUG] [x10] Subscribed to funding/MON/USD
22:36:32 [DEBUG] [lighter] Subscribed to order_book/32
22:36:32 [DEBUG] [x10] Subscribed to publicTrades/BCH/USD
22:36:32 [DEBUG] [x10] Subscribed to funding/BCH/USD
22:36:32 [DEBUG] [x10] Subscribed to publicTrades/ONDO/USD
22:36:32 [DEBUG] [x10] Subscribed to funding/ONDO/USD
22:36:32 [DEBUG] [lighter] Subscribed to order_book/33
22:36:32 [DEBUG] [x10] Subscribed to publicTrades/JUP/USD
22:36:32 [DEBUG] [x10] Subscribed to funding/JUP/USD
22:36:32 [DEBUG] [x10] Subscribed to publicTrades/MKR/USD
22:36:32 [DEBUG] [x10] Subscribed to funding/MKR/USD
22:36:32 [DEBUG] [lighter] Subscribed to order_book/72
22:36:32 [DEBUG] [x10] Subscribed to publicTrades/PENDLE/USD
22:36:32 [DEBUG] [x10] Subscribed to funding/PENDLE/USD
22:36:32 [DEBUG] [x10] Subscribed to publicTrades/AVAX/USD
22:36:32 [DEBUG] [x10] Subscribed to funding/AVAX/USD
22:36:32 [DEBUG] [lighter] Subscribed to order_book/46
22:36:32 [DEBUG] [x10] Subscribed to publicTrades/TAO/USD
22:36:32 [DEBUG] [x10] Subscribed to funding/TAO/USD
22:36:33 [DEBUG] [x10] Subscribed to publicTrades/XAG/USD
22:36:33 [DEBUG] [x10] Subscribed to funding/XAG/USD
22:36:33 [DEBUG] [lighter] Subscribed to order_book/7
22:36:33 [DEBUG] [x10] Subscribed to publicTrades/AVNT/USD
22:36:33 [DEBUG] [x10] Subscribed to funding/AVNT/USD
22:36:33 [DEBUG] [x10] Subscribed to publicTrades/EDEN/USD
22:36:33 [DEBUG] [x10] Subscribed to funding/EDEN/USD
22:36:33 [DEBUG] [lighter] Subscribed to order_book/25
22:36:33 [DEBUG] [x10] Subscribed to publicTrades/TON/USD
22:36:33 [DEBUG] [x10] Subscribed to funding/TON/USD
22:36:33 [DEBUG] [x10] Subscribed to publicTrades/WIF/USD
22:36:33 [DEBUG] [x10] Subscribed to funding/WIF/USD
22:36:33 [DEBUG] [lighter] Subscribed to trade/47
22:36:33 [DEBUG] ✅ WLFI-USD: X10=$665,026, Lighter=$24,062,423, Total=$24,727,449
22:36:33 [DEBUG] [x10] Subscribed to publicTrades/EIGEN/USD
22:36:33 [DEBUG] [x10] Subscribed to funding/EIGEN/USD
22:36:33 [DEBUG] [x10] Subscribed to publicTrades/ETH/USD
22:36:33 [DEBUG] [x10] Subscribed to funding/ETH/USD
22:36:33 [DEBUG] [lighter] Subscribed to trade/10
22:36:33 [DEBUG] [x10] Subscribed to publicTrades/MEGA/USD
22:36:33 [DEBUG] [x10] Subscribed to funding/MEGA/USD
22:36:33 [DEBUG] [x10] Subscribed to publicTrades/SPX/USD
22:36:33 [DEBUG] [x10] Subscribed to funding/SPX/USD
22:36:33 [DEBUG] [lighter] Subscribed to order_book/92
22:36:33 [DEBUG] [x10] Subscribed to publicTrades/PUMP/USD
22:36:33 [DEBUG] [x10] Subscribed to funding/PUMP/USD
22:36:33 [DEBUG] [x10] Subscribed to publicTrades/LTC/USD
22:36:33 [DEBUG] [x10] Subscribed to funding/LTC/USD
22:36:33 [DEBUG] [lighter] Subscribed to trade/86
22:36:33 [DEBUG] [x10] Subscribed to publicTrades/TRX/USD
22:36:33 [DEBUG] [x10] Subscribed to funding/TRX/USD
22:36:33 [DEBUG] [x10] Subscribed to publicTrades/HYPE/USD
22:36:33 [DEBUG] [x10] Subscribed to funding/HYPE/USD
22:36:33 [DEBUG] [lighter] Subscribed to order_book/3
22:36:33 [DEBUG] [x10] Subscribed to publicTrades/IP/USD
22:36:33 [DEBUG] [x10] Subscribed to funding/IP/USD
22:36:33 [DEBUG] [x10] Subscribed to publicTrades/POPCAT/USD
22:36:33 [DEBUG] [x10] Subscribed to funding/POPCAT/USD
22:36:33 [DEBUG] [lighter] Subscribed to order_book/103
22:36:33 [DEBUG] [x10] Subscribed to publicTrades/USDJPY/USD
22:36:33 [DEBUG] [x10] Subscribed to funding/USDJPY/USD
22:36:33 [DEBUG] [x10] Subscribed to publicTrades/ASTER/USD
22:36:33 [DEBUG] [x10] Subscribed to funding/ASTER/USD
22:36:33 [DEBUG] [lighter] Subscribed to trade/30
22:36:33 [DEBUG] [x10] Subscribed to publicTrades/ARB/USD
22:36:33 [DEBUG] [x10] Subscribed to funding/ARB/USD
22:36:33 [DEBUG] [x10] Subscribed to publicTrades/FARTCOIN/USD
22:36:33 [DEBUG] [x10] Subscribed to funding/FARTCOIN/USD
22:36:33 [DEBUG] [lighter] Subscribed to trade/60
22:36:33 [DEBUG] [x10] Subscribed to publicTrades/ADA/USD
22:36:33 [DEBUG] [x10] Subscribed to funding/ADA/USD
22:36:33 [DEBUG] [x10] Subscribed to publicTrades/1000PEPE/USD
22:36:33 [DEBUG] [x10] Subscribed to funding/1000PEPE/USD
22:36:33 [DEBUG] [lighter] Subscribed to order_book/47
22:36:34 [DEBUG] [x10] Subscribed to publicTrades/RESOLV/USD
22:36:34 [DEBUG] [x10] Subscribed to funding/RESOLV/USD
22:36:34 [DEBUG] [x10] Subscribed to publicTrades/XPL/USD
22:36:34 [DEBUG] [x10] Subscribed to funding/XPL/USD
22:36:34 [DEBUG] [lighter] Subscribed to trade/27
22:36:34 [DEBUG] [x10] Subscribed to publicTrades/S/USD
22:36:34 [DEBUG] [x10] Subscribed to funding/S/USD
22:36:34 [INFO] 🔗 Components Wired: WS -> OI Tracker -> Prediction
22:36:34 [INFO] 🧟 Starte Zombie-Check: Vergleiche DB mit echten Positionen...
22:36:34 [INFO] 🔍 DB meldet 2 offene Trades. Prüfe Exchange...
22:36:34 [DEBUG] Sending GET https://api.starknet.extended.exchange/api/v1/user/positions?
22:36:34 [DEBUG] [lighter] Subscribed to trade/55
22:36:34 [DEBUG] [lighter] Subscribed to trade/1
22:36:34 [DEBUG] [lighter] Subscribed to trade/29
22:36:34 [DEBUG] [lighter] Subscribed to trade/65
22:36:34 [DEBUG] [lighter] Subscribed to order_book/41
22:36:34 [DEBUG] [lighter] Subscribed to order_book/36
22:36:34 [DEBUG] [lighter] Subscribed to trade/31
22:36:34 [DEBUG] [lighter] Subscribed to order_book/30
22:36:34 [DEBUG] [lighter] Subscribed to trade/16
22:36:35 [DEBUG] [lighter] Subscribed to order_book/17
22:36:35 [DEBUG] [lighter] Subscribed to trade/41
22:36:35 [DEBUG] [lighter] Subscribed to order_book/90
22:36:35 [DEBUG] [lighter] Subscribed to order_book/63
22:36:35 [DEBUG] [lighter] Subscribed to order_book/86
22:36:35 [DEBUG] [lighter] Subscribed to order_book/20
22:36:35 [DEBUG] [lighter] Subscribed to trade/11
22:36:35 [INFO] Lighter: Found 0 open positions
22:36:35 [INFO] 🌍 Echte Positionen auf Exchanges: []
22:36:35 [WARNING] ⚠️  ZOMBIE GEFUNDEN: BERA-USD ist in DB offen, aber nicht auf Exchange. Schließe ihn...
22:36:35 [INFO] ✅ Trade BERA-USD closed (PnL: $0.00)
22:36:35 [WARNING] ⚠️  ZOMBIE GEFUNDEN: CRV-USD ist in DB offen, aber nicht auf Exchange. Schließe ihn...
22:36:35 [INFO] ✅ Trade CRV-USD closed (PnL: $0.00)
22:36:35 [INFO] ✅ ParallelExecutionManager: Rollback processor started
22:36:35 [INFO] ✅ ParallelExecutionManager started
22:36:35 [INFO] 📝 Registered task: logic_loop (critical=True)
22:36:35 [INFO] 📝 Registered task: trade_management_loop (critical=True)
22:36:35 [INFO] 📝 Registered task: farm_loop (critical=False)
22:36:35 [INFO] 📝 Registered task: maintenance_loop (critical=False)
22:36:35 [INFO] 📝 Registered task: cleanup_finished_tasks (critical=False)
22:36:35 [INFO] 📝 Registered task: health_reporter (critical=False)
22:36:35 [INFO] 📝 Registered task: connection_watchdog (critical=True)
22:36:35 [INFO] ✅ Signal handlers installed (SIGINT, SIGTERM)
22:36:35 [INFO] ▶️  Started task: logic_loop
22:36:35 [INFO] ▶️  Started task: trade_management_loop
22:36:35 [INFO] ▶️  Started task: farm_loop
22:36:35 [INFO] ▶️  Started task: maintenance_loop
22:36:35 [INFO] ▶️  Started task: cleanup_finished_tasks
22:36:35 [INFO] ▶️  Started task: health_reporter
22:36:35 [INFO] ▶️  Started task: connection_watchdog
22:36:35 [INFO] 🚀 Started 7 tasks
22:36:35 [INFO] ═══════════════════════════════════════════════════════════
22:36:35 [INFO]    BOT V5 RUNNING 24/7 - SUPERVISED | Ctrl+C = Stop   
22:36:35 [INFO] ═══════════════════════════════════════════════════════════
22:36:35 [INFO] 🔄 Rollback processor running...
22:36:35 [INFO] Logic Loop gestartet – REFRESH alle 3s
22:36:35 [INFO] ⚡ Latency Arb Detector initialized (threshold: 1.0s)
22:36:35 [INFO] ❄️ Warming up caches (waiting for WS data)... X10=91, Lit=0
22:36:35 [INFO] 🛡️ Trade Management Loop gestartet
22:36:35 [INFO] 🚜 Farm Mode ACTIVE
22:36:35 [DEBUG] Sending GET https://api.starknet.extended.exchange/api/v1/user/balance
22:36:35 [DEBUG] 📊 X10 Funding Cache refresh (current=91)
22:36:35 [INFO] 🐕 Connection Watchdog gestartet (Timeout: 120s)
22:36:35 [INFO] 🔍 Supervisor loop started
22:36:35 [DEBUG] 📝 Flushed 1 writes
22:36:35 [DEBUG] 📝 Flushed 1 writes in 0.0ms
22:36:35 [DEBUG] Sending GET https://api.starknet.extended.exchange/api/v1/info/markets?
22:36:35 [DEBUG] [lighter] Subscribed to trade/15
22:36:35 [DEBUG] [lighter] Subscribed to trade/25
22:36:35 [DEBUG] [lighter] Subscribed to trade/32
22:36:35 [DEBUG] [lighter] Subscribed to trade/103
22:36:36 [DEBUG] [lighter] Subscribed to trade/76
22:36:36 [DEBUG] [lighter] Subscribed to trade/2
22:36:36 [DEBUG] [lighter] Subscribed to order_book/11
22:36:36 [DEBUG] [lighter] Subscribed to order_book/10
22:36:36 [DEBUG] [lighter] Subscribed to order_book/67
22:36:36 [DEBUG] [lighter] Subscribed to order_book/8
22:36:36 [DEBUG] 📝 Flushed 1 writes
22:36:36 [DEBUG] 📝 Flushed 1 writes in 0.0ms
22:36:36 [DEBUG] [lighter] Subscribed to trade/46
22:36:36 [DEBUG] [lighter] Subscribed to order_book/53
22:36:36 [DEBUG] [lighter] Subscribed to order_book/104
22:36:36 [DEBUG] Lighter Balance: Raw=$300.47, Safe=$285.45
22:36:36 [INFO] 🚜 Opening FARM: AERO-USD APY=42.0%
22:36:36 [DEBUG] Sending GET https://api.starknet.extended.exchange/api/v1/user/positions?
22:36:36 [DEBUG] [lighter] Subscribed to market_stats/all
22:36:36 [DEBUG] [lighter] Subscribed to order_book/27
22:36:36 [DEBUG] ✅ TRUMP-USD: X10=$99,060, Lighter=$351,122, Total=$450,182
22:36:37 [DEBUG] [lighter] Subscribed to trade/6
22:36:37 [INFO]  X10: 91 Märkte geladen, 91 Funding Rates, 78 Preise
22:36:37 [DEBUG] X10: Funding Refresh OK, cache=91
22:36:37 [DEBUG] 📊 Lighter Funding Cache refresh (current=0)
22:36:37 [INFO] Lighter: Found 0 open positions
22:36:37 [DEBUG] ✅ AERO-USD verified: No existing positions on exchanges
22:36:37 [INFO]  Volatility Monitor initialized: Low<3.0%, Normal<10.0%, High<20.0%, Hard Cap<50.0%
22:36:37 [DEBUG] Sending GET https://api.starknet.extended.exchange/api/v1/user/balance
22:36:37 [INFO] 🎲 KellyPositionSizer initialized (Safety=0.25, MaxFraction=0.1)
22:36:37 [INFO] 🎰 KELLY AERO-USD: win_rate=80.0%, kelly_fraction=0.6000, safe_fraction=0.0500, confidence=LOW, samples=0
22:36:37 [INFO] 📊 KELLY SIZE AERO-USD: base=$30.0, kelly_recommended=$14.3, final=$30.0
22:36:37 [INFO] 🚀 Opening AERO-USD: Size=$30.0 (Min=$11.0)
22:36:37 [INFO] 🔄 [PARALLEL] AERO-USD: Lighter POST-ONLY first
22:36:37 [INFO] 🚀 LIGHTER OPEN AERO-USD: side=SELL, size_usd=$30.00, price=$0.677800
22:36:37 [INFO] 🔄 [PARALLEL] AERO-USD: X10 MARKET order
22:36:37 [DEBUG] Create Order Tx Info: {"AccountIndex":60113,"ApiKeyIndex":3,"MarketIndex":65,"ClientOrderIndex":1764538648576,"BaseAmount":446,"Price":67373,"IsAsk":1,"Type":0,"TimeInForce":1,"ReduceOnly":0,"TriggerPrice":0,"OrderExpiry":1766957797988,"ExpiredAt":1764539196988,"Nonce":1836,"Sig":"6F2IWhelyP5Yl5+ne/QA3T+MJEXjj6hB+biTZPya514i7wNNA4PhLnhL8rqahc0TVAD94UIlujpdziJZiCb2SF3MN/YtnNRSl8qMoZi3dFU="}
22:36:38 [DEBUG] Sending GET https://api.starknet.extended.exchange/api/v1/info/markets?
22:36:38 [DEBUG] Lighter: Loaded 389 funding rates
22:36:38 [DEBUG] Lighter: Funding Refresh OK, cache=118
22:36:38 [DEBUG] Create Order Send Tx Response: code=200 message='{"ratelimit": "didn\'t use volume quota"}' tx_hash='ed91b6c7beb91a86c20e5a2c7d9886574bb7bbe8d1d3ceedaadada586a1ec27c3bdff2d9209eee5b' predicted_execution_time_ms=1764538591872 additional_properties={}
22:36:38 [INFO] Lighter Order: ed91b6c7beb91a86c20e5a2c7d9886574bb7bbe8d1d3ceedaadada586a1ec27c3bdff2d9209eee5b
22:36:38 [INFO] 🔍 🚜 FARM Scanning 70 pairs. Open symbols to skip: set()
22:36:38 [DEBUG] Price cache status: X10=70/70, Lighter=70/70
22:36:38 [INFO] 🔍 Scanning 70 pairs. Lighter markets: 118, X10 markets: 91
22:36:38 [INFO] ✅ Found 0 opportunities with predictions (farm_mode=True)
22:36:38 [INFO] ⚠️ Keine Prediction-Opportunities, nutze Fallback mit echten Funding Rates...
22:36:38 [DEBUG] ⛔ Skip AERO-USD: In BLACKLIST
22:36:38 [DEBUG] Skip APT-USD: Spread 0.34% too high
22:36:38 [DEBUG] Skip LINEA-USD: Spread 0.40% too high
22:36:38 [DEBUG] Skip NEAR-USD: Spread 0.31% too high
22:36:38 [INFO] 🔍 DEBUG ZEC-USD: rl=0.00001200, rx=0.00007000, net=-0.00005800, apy=50.8%
22:36:38 [DEBUG] Skip ZEC-USD: Spread 0.39% too high
22:36:38 [INFO] 🔍 DEBUG BERA-USD: rl=-0.00007900, rx=-0.00014500, net=0.00006600, apy=57.8%
22:36:38 [INFO] 💎 BERA-USD | APY: 57.8%
22:36:38 [INFO] 🔍 DEBUG ENA-USD: rl=0.00001200, rx=-0.00005400, net=0.00006600, apy=57.8%
22:36:38 [INFO] 💎 ENA-USD | APY: 57.8%
22:36:38 [DEBUG] ⛔ Skip XAU-USD: TradFi/FX
22:36:38 [DEBUG] Skip JUP-USD: Spread 0.34% too high
22:36:38 [DEBUG] ⛔ Skip XAG-USD: TradFi/FX
22:36:38 [DEBUG] ⛔ Skip MEGA-USD: In BLACKLIST
22:36:38 [DEBUG] ⛔ Skip SPX-USD: TradFi/FX
22:36:38 [INFO] ✅ Found 32 opportunities from 65 valid pairs (farm_mode=True, scanned=70)
22:36:38 [INFO] 🎯 Found 3 opportunities, executing best...
22:36:38 [DEBUG] Sending GET https://api.starknet.extended.exchange/api/v1/user/balance
22:36:39 [INFO] 🔍 Running periodic exchange sync check...
22:36:39 [INFO] 🔍 Starting Exchange Sync Check...
22:36:39 [DEBUG] Sending GET https://api.starknet.extended.exchange/api/v1/user/positions?
22:36:39 [INFO] Lighter: Found 1 open positions
22:36:39 [ERROR] 🚨 DESYNC DETECTED: Positions only on Lighter: {'AERO-USD'}
22:36:39 [ERROR] ⚠️ These are UNHEDGED and create directional risk!
22:36:39 [WARNING] 🔻 Closing orphaned Lighter position: AERO-USD
22:36:39 [ERROR] Failed to close Lighter orphan AERO-USD: '<' not supported between instances of 'float' and 'str'
22:36:39 [DEBUG] Lighter Balance: Raw=$300.46, Safe=$285.44
22:36:39 [INFO] X10: Detected balance = $304.91
22:36:39 [INFO] 🚀 Launching 3 trades (Slots available: 3)
22:36:39 [DEBUG] Sending GET https://api.starknet.extended.exchange/api/v1/user/positions?
22:36:40 [DEBUG] Placing an order: id=2823217127084459342279769819770889518713023670156439112692311643867028994021
22:36:40 [DEBUG] Sending POST https://api.starknet.extended.exchange/api/v1/user/order, headers={<RequestHeader.ACCEPT: 'Accept'>: 'application/json', <RequestHeader.CONTENT_TYPE: 'Content-Type'>: 'application/json', <RequestHeader.USER_AGENT: 'User-Agent'>: 'X10PythonTradingClient/0.0.17', <RequestHeader.API_KEY: 'X-Api-Key'>: 'a1c9207f79f0e57ddc454bf1e16dbe49'}
22:36:40 [DEBUG] ✅ 1000SHIB-USD: X10=$150,055, Lighter=$169,707,698, Total=$169,857,753
22:36:40 [INFO] Lighter: Found 1 open positions
22:36:40 [INFO] 💰 Balance: X10=$304.9 (free=$265.6), Lit=$285.4 (free=$246.1) | DB_Trades=0, Real_Positions=1, Locked=$5/ex
22:36:40 [INFO] 🚀 Launching trade for BERA-USD (APY=57.8%)
22:36:40 [DEBUG] Sending GET https://api.starknet.extended.exchange/api/v1/user/positions?
22:36:41 [INFO]  X10 Order: 1995245595276091392
22:36:41 [INFO] ✅ [PARALLEL] AERO-USD: Both legs filled in 3141ms
22:36:41 [DEBUG] 📝 Trade added to state: AERO-USD
22:36:41 [DEBUG] 🧹 Cleaned task: AERO-USD
22:36:41 [DEBUG] 📝 Flushed 1 writes
22:36:41 [DEBUG] 📝 Flushed 1 writes in 0.0ms
22:36:41 [INFO] 🚀 Launching trade for ENA-USD (APY=57.8%)
22:36:41 [DEBUG] Sending GET https://api.starknet.extended.exchange/api/v1/user/positions?
22:36:41 [INFO] Lighter: Found 1 open positions
22:36:41 [DEBUG] ✅ BERA-USD verified: No existing positions on exchanges
22:36:41 [DEBUG] Sending GET https://api.starknet.extended.exchange/api/v1/user/balance
22:36:41 [DEBUG] Fetching fresh positions (force=False, cache_age=1764538601.6s)
22:36:41 [DEBUG] Sending GET https://api.starknet.extended.exchange/api/v1/user/positions?
22:36:41 [INFO] 🚀 Launching trade for AAVE-USD (APY=47.3%)
22:36:41 [DEBUG] Sending GET https://api.starknet.extended.exchange/api/v1/user/positions?
22:36:42 [INFO] Lighter: Found 1 open positions
22:36:42 [DEBUG] ✅ ENA-USD verified: No existing positions on exchanges
22:36:42 [DEBUG] Skip ENA-USD: Min Req $25.00 > Max Config $20.0
22:36:42 [INFO] Lighter: Found 1 open positions
22:36:42 [INFO] 📊 Positions: X10=1, Lighter=1
22:36:42 [DEBUG] X10 positions: ['AERO-USD']
22:36:42 [DEBUG] Lighter positions: ['AERO-USD']
22:36:42 [INFO] 🔍 DEBUG AERO-USD: entry_time type=<class 'str'>, value=2025-11-30T21:36:41.119683+00:00
22:36:42 [DEBUG] Check AERO-USD: Age=0.9s (Limit=60s)
22:36:42 [INFO] ✅ Launched 3 trade tasks this cycle
22:36:42 [INFO] Lighter: Found 1 open positions
22:36:42 [DEBUG] ✅ AAVE-USD verified: No existing positions on exchanges
22:36:43 [DEBUG] Using cached positions (age: 1.4s)
22:36:43 [INFO] 🔍 DEBUG AERO-USD: entry_time type=<class 'str'>, value=2025-11-30T21:36:41.119683+00:00
22:36:43 [DEBUG] Check AERO-USD: Age=1.9s (Limit=60s)
22:36:43 [DEBUG] Lighter Balance: Raw=$300.46, Safe=$285.44
22:36:43 [INFO] 🎰 KELLY BERA-USD: win_rate=80.0%, kelly_fraction=0.6000, safe_fraction=0.0500, confidence=LOW, samples=0
22:36:43 [INFO] 📊 KELLY SIZE BERA-USD: base=$30.0, kelly_recommended=$14.3, final=$30.0
22:36:43 [DEBUG] Sending GET https://api.starknet.extended.exchange/api/v1/user/balance
22:36:43 [INFO] 🎰 KELLY AAVE-USD: win_rate=80.0%, kelly_fraction=0.6000, safe_fraction=0.0500, confidence=LOW, samples=0
22:36:43 [INFO] 📊 KELLY SIZE AAVE-USD: base=$30.0, kelly_recommended=$14.3, final=$30.0
22:36:43 [INFO] 🚀 Opening BERA-USD: Size=$30.0 (Min=$11.0)
22:36:43 [INFO] 🔄 [PARALLEL] BERA-USD: Lighter POST-ONLY first
22:36:43 [INFO] 🚀 Opening AAVE-USD: Size=$30.0 (Min=$18.9)
22:36:43 [INFO] 🔄 [PARALLEL] AAVE-USD: Lighter POST-ONLY first
22:36:43 [INFO] 🚀 LIGHTER OPEN BERA-USD: side=SELL, size_usd=$30.00, price=$0.884870
22:36:43 [INFO] 🔄 [PARALLEL] BERA-USD: X10 MARKET order
22:36:43 [INFO] 🔄 [PARALLEL] AAVE-USD: X10 MARKET order
22:36:43 [DEBUG] Create Order Tx Info: {"AccountIndex":60113,"ApiKeyIndex":3,"MarketIndex":20,"ClientOrderIndex":1764538620908,"BaseAmount":342,"Price":87956,"IsAsk":1,"Type":0,"TimeInForce":1,"ReduceOnly":0,"TriggerPrice":0,"OrderExpiry":1766957803520,"ExpiredAt":1764539202520,"Nonce":1837,"Sig":"OCNhvdFUVVgW3XYPin9cQCwkmsySIRmjlAUf+iJ+aNg8oGjAKwIueWzDFtAjz+5b1BZw3HhkigzH+2hOKvddGskiPqVjdTBkg/OGn8i3bSE="}
22:36:43 [INFO] 🚀 LIGHTER OPEN AAVE-USD: side=SELL, size_usd=$30.00, price=$179.621000
22:36:43 [DEBUG] Create Order Tx Info: {"AccountIndex":60113,"ApiKeyIndex":3,"MarketIndex":27,"ClientOrderIndex":1764538669712,"BaseAmount":169,"Price":178543,"IsAsk":1,"Type":0,"TimeInForce":1,"ReduceOnly":0,"TriggerPrice":0,"OrderExpiry":1766957803553,"ExpiredAt":1764539202553,"Nonce":1838,"Sig":"JV0/BTAgeWEIRTz9dMlHRtKXRMLBvueTkOTPLjWwMk98X3z0HH2wVjhjpEk92D4Hb6LNskjX+fvSDyLEvnebea+OiMDrDIj4WmMmRjjjZzU="}
22:36:43 [DEBUG] Placing an order: id=3535361863665006428971667371501643116736550955828925659355887946463700893136
22:36:43 [DEBUG] Sending POST https://api.starknet.extended.exchange/api/v1/user/order, headers={<RequestHeader.ACCEPT: 'Accept'>: 'application/json', <RequestHeader.CONTENT_TYPE: 'Content-Type'>: 'application/json', <RequestHeader.USER_AGENT: 'User-Agent'>: 'X10PythonTradingClient/0.0.17', <RequestHeader.API_KEY: 'X-Api-Key'>: 'a1c9207f79f0e57ddc454bf1e16dbe49'}
22:36:43 [DEBUG] Placing an order: id=3441197659576905245346357311659531682378665462620391367239096261889859212776
22:36:43 [DEBUG] Sending POST https://api.starknet.extended.exchange/api/v1/user/order, headers={<RequestHeader.ACCEPT: 'Accept'>: 'application/json', <RequestHeader.CONTENT_TYPE: 'Content-Type'>: 'application/json', <RequestHeader.USER_AGENT: 'User-Agent'>: 'X10PythonTradingClient/0.0.17', <RequestHeader.API_KEY: 'X-Api-Key'>: 'a1c9207f79f0e57ddc454bf1e16dbe49'}
22:36:43 [DEBUG] Create Order Send Tx Response: code=200 message='{"ratelimit": "didn\'t use volume quota"}' tx_hash='2169363ef336e5e51b7b8a61f9b1fe9fececfeec72724c18a7c399c5cee65e38226ff1ec75b46fac' predicted_execution_time_ms=1764538597402 additional_properties={}
22:36:43 [INFO] Lighter Order: 2169363ef336e5e51b7b8a61f9b1fe9fececfeec72724c18a7c399c5cee65e38226ff1ec75b46fac
22:36:43 [DEBUG] Create Order Send Tx Response: code=200 message='{"ratelimit": "didn\'t use volume quota"}' tx_hash='c6da542272f9a92fbedd78db53ab70d94d7f8f3fe17b2781250244bf0cad7802b1b61613cc613e43' predicted_execution_time_ms=1764538597440 additional_properties={}
22:36:43 [INFO] Lighter Order: c6da542272f9a92fbedd78db53ab70d94d7f8f3fe17b2781250244bf0cad7802b1b61613cc613e43
22:36:43 [INFO]  X10 Order: 1995245606587576320
22:36:43 [INFO] ✅ [PARALLEL] BERA-USD: Both legs filled in 312ms
22:36:43 [DEBUG] 📝 Trade added to state: BERA-USD
22:36:43 [DEBUG] 📝 Flushed 1 writes
22:36:43 [DEBUG] 📝 Flushed 1 writes in 0.0ms
22:36:44 [DEBUG] Using cached positions (age: 2.4s)
22:36:44 [INFO] 🔍 DEBUG BERA-USD: entry_time type=<class 'str'>, value=2025-11-30T21:36:43.818615+00:00
22:36:44 [DEBUG] Check BERA-USD: Age=0.2s (Limit=60s)
22:36:44 [INFO] 🔍 DEBUG AERO-USD: entry_time type=<class 'str'>, value=2025-11-30T21:36:41.119683+00:00
22:36:44 [DEBUG] Check AERO-USD: Age=2.9s (Limit=60s)
22:36:44 [DEBUG] ✅ AERO-USD: X10=$176,927, Lighter=$1,260,245, Total=$1,437,172
22:36:44 [INFO]  X10 Order: 1995245610097815552
22:36:44 [INFO] ✅ [PARALLEL] AAVE-USD: Both legs filled in 1140ms
22:36:44 [DEBUG] 📝 Trade added to state: AAVE-USD
22:36:45 [DEBUG] Using cached positions (age: 3.4s)
22:36:45 [INFO] 🔍 DEBUG BERA-USD: entry_time type=<class 'str'>, value=2025-11-30T21:36:43.818615+00:00
22:36:45 [DEBUG] Check BERA-USD: Age=1.2s (Limit=60s)
22:36:45 [INFO] 🔍 DEBUG AERO-USD: entry_time type=<class 'str'>, value=2025-11-30T21:36:41.119683+00:00
22:36:45 [DEBUG] Check AERO-USD: Age=3.9s (Limit=60s)
22:36:45 [INFO] 🔍 DEBUG AAVE-USD: entry_time type=<class 'str'>, value=2025-11-30T21:36:44.652392+00:00
22:36:45 [DEBUG] Check AAVE-USD: Age=0.4s (Limit=60s)
22:36:45 [DEBUG] MAX_OPEN_TRADES (3) reached, waiting...
22:36:45 [DEBUG] 📝 Flushed 1 writes
22:36:45 [DEBUG] 📝 Flushed 1 writes in 0.0ms
22:36:46 [DEBUG] Using cached positions (age: 4.4s)
22:36:46 [INFO] 🔍 DEBUG BERA-USD: entry_time type=<class 'str'>, value=2025-11-30T21:36:43.818615+00:00
22:36:46 [DEBUG] Check BERA-USD: Age=2.2s (Limit=60s)
22:36:46 [INFO] 🔍 DEBUG AERO-USD: entry_time type=<class 'str'>, value=2025-11-30T21:36:41.119683+00:00
22:36:46 [DEBUG] Check AERO-USD: Age=4.9s (Limit=60s)
22:36:46 [INFO] 🔍 DEBUG AAVE-USD: entry_time type=<class 'str'>, value=2025-11-30T21:36:44.652392+00:00
22:36:46 [DEBUG] Check AAVE-USD: Age=1.4s (Limit=60s)
22:36:47 [DEBUG] Fetching fresh positions (force=False, cache_age=5.4s)
22:36:47 [DEBUG] Sending GET https://api.starknet.extended.exchange/api/v1/user/positions?
22:36:47 [INFO] Lighter: Found 3 open positions
22:36:47 [INFO] 📊 Positions: X10=3, Lighter=3
22:36:47 [DEBUG] X10 positions: ['AERO-USD', 'BERA-USD', 'AAVE-USD']
22:36:47 [DEBUG] Lighter positions: ['BERA-USD', 'AAVE-USD', 'AERO-USD']
22:36:47 [INFO] 🔍 DEBUG BERA-USD: entry_time type=<class 'str'>, value=2025-11-30T21:36:43.818615+00:00
22:36:47 [DEBUG] Check BERA-USD: Age=3.6s (Limit=60s)
22:36:47 [INFO] 🔍 DEBUG AERO-USD: entry_time type=<class 'str'>, value=2025-11-30T21:36:41.119683+00:00
22:36:47 [DEBUG] Check AERO-USD: Age=6.3s (Limit=60s)
22:36:47 [INFO] 🔍 DEBUG AAVE-USD: entry_time type=<class 'str'>, value=2025-11-30T21:36:44.652392+00:00
22:36:47 [DEBUG] Check AAVE-USD: Age=2.8s (Limit=60s)
22:36:48 [DEBUG] MAX_OPEN_TRADES (3) reached, waiting...
22:36:48 [DEBUG] Using cached positions (age: 1.4s)
22:36:48 [INFO] 🔍 DEBUG BERA-USD: entry_time type=<class 'str'>, value=2025-11-30T21:36:43.818615+00:00
22:36:48 [DEBUG] Check BERA-USD: Age=4.6s (Limit=60s)
22:36:48 [INFO] 🔍 DEBUG AERO-USD: entry_time type=<class 'str'>, value=2025-11-30T21:36:41.119683+00:00
22:36:48 [DEBUG] Check AERO-USD: Age=7.3s (Limit=60s)
22:36:48 [INFO] 🔍 DEBUG AAVE-USD: entry_time type=<class 'str'>, value=2025-11-30T21:36:44.652392+00:00
22:36:48 [DEBUG] Check AAVE-USD: Age=3.8s (Limit=60s)
22:36:49 [DEBUG] Using cached positions (age: 2.4s)
22:36:49 [INFO] 🔍 DEBUG BERA-USD: entry_time type=<class 'str'>, value=2025-11-30T21:36:43.818615+00:00
22:36:49 [DEBUG] Check BERA-USD: Age=5.6s (Limit=60s)
22:36:49 [INFO] 🔍 DEBUG AERO-USD: entry_time type=<class 'str'>, value=2025-11-30T21:36:41.119683+00:00
22:36:49 [DEBUG] Check AERO-USD: Age=8.3s (Limit=60s)
22:36:49 [INFO] 🔍 DEBUG AAVE-USD: entry_time type=<class 'str'>, value=2025-11-30T21:36:44.652392+00:00
22:36:49 [DEBUG] Check AAVE-USD: Age=4.8s (Limit=60s)
22:36:50 [DEBUG] 💓 [lighter] Ping/Pong OK
22:36:50 [DEBUG] ✅ ZRO-USD: X10=$119,426, Lighter=$563,861, Total=$683,287
22:36:50 [DEBUG] Using cached positions (age: 3.4s)
22:36:50 [INFO] 🔍 DEBUG BERA-USD: entry_time type=<class 'str'>, value=2025-11-30T21:36:43.818615+00:00
22:36:50 [DEBUG] Check BERA-USD: Age=6.6s (Limit=60s)
22:36:50 [INFO] 🔍 DEBUG AERO-USD: entry_time type=<class 'str'>, value=2025-11-30T21:36:41.119683+00:00
22:36:50 [DEBUG] Check AERO-USD: Age=9.3s (Limit=60s)
22:36:50 [INFO] 🔍 DEBUG AAVE-USD: entry_time type=<class 'str'>, value=2025-11-30T21:36:44.652392+00:00
22:36:50 [DEBUG] Check AAVE-USD: Age=5.8s (Limit=60s)
22:36:51 [DEBUG] MAX_OPEN_TRADES (3) reached, waiting...
22:36:51 [DEBUG] Using cached positions (age: 4.4s)
22:36:51 [INFO] 🔍 DEBUG BERA-USD: entry_time type=<class 'str'>, value=2025-11-30T21:36:43.818615+00:00
22:36:51 [DEBUG] Check BERA-USD: Age=7.6s (Limit=60s)
22:36:51 [INFO] 🔍 DEBUG AERO-USD: entry_time type=<class 'str'>, value=2025-11-30T21:36:41.119683+00:00
22:36:51 [DEBUG] Check AERO-USD: Age=10.3s (Limit=60s)
22:36:51 [INFO] 🔍 DEBUG AAVE-USD: entry_time type=<class 'str'>, value=2025-11-30T21:36:44.652392+00:00
22:36:51 [DEBUG] Check AAVE-USD: Age=6.8s (Limit=60s)
22:36:52 [WARNING] [x10] Connection closed: 1011 Ping timeout
22:36:52 [ERROR] [x10] Send error: received 1011 (internal error) Ping timeout; then sent 1011 (internal error) Ping timeout
22:36:52 [DEBUG] 💓 [x10] App-Ping sent
22:36:52 [INFO] 🔄 [x10] Reconnecting in 1.0s (attempt 1)
22:36:52 [DEBUG] Fetching fresh positions (force=False, cache_age=5.4s)
22:36:52 [DEBUG] Sending GET https://api.starknet.extended.exchange/api/v1/user/positions?
22:36:52 [INFO] Lighter: Found 3 open positions
22:36:52 [INFO] 📊 Positions: X10=3, Lighter=3
22:36:52 [DEBUG] X10 positions: ['AERO-USD', 'BERA-USD', 'AAVE-USD']
22:36:52 [DEBUG] Lighter positions: ['BERA-USD', 'AAVE-USD', 'AERO-USD']
22:36:52 [INFO] 🔍 DEBUG BERA-USD: entry_time type=<class 'str'>, value=2025-11-30T21:36:43.818615+00:00
22:36:52 [DEBUG] Check BERA-USD: Age=9.1s (Limit=60s)
22:36:52 [INFO] 🔍 DEBUG AERO-USD: entry_time type=<class 'str'>, value=2025-11-30T21:36:41.119683+00:00
22:36:52 [DEBUG] Check AERO-USD: Age=11.8s (Limit=60s)
22:36:52 [INFO] 🔍 DEBUG AAVE-USD: entry_time type=<class 'str'>, value=2025-11-30T21:36:44.652392+00:00
22:36:52 [DEBUG] Check AAVE-USD: Age=8.2s (Limit=60s)
22:36:53 [DEBUG] Using cached positions (age: 1.4s)
22:36:53 [INFO] 🔍 DEBUG BERA-USD: entry_time type=<class 'str'>, value=2025-11-30T21:36:43.818615+00:00
22:36:53 [DEBUG] Check BERA-USD: Age=10.1s (Limit=60s)
22:36:53 [INFO] 🔍 DEBUG AERO-USD: entry_time type=<class 'str'>, value=2025-11-30T21:36:41.119683+00:00
22:36:53 [DEBUG] Check AERO-USD: Age=12.8s (Limit=60s)
22:36:53 [INFO] 🔍 DEBUG AAVE-USD: entry_time type=<class 'str'>, value=2025-11-30T21:36:44.652392+00:00
22:36:53 [DEBUG] Check AAVE-USD: Age=9.2s (Limit=60s)
22:36:53 [DEBUG] ✅ APT-USD: X10=$165,452, Lighter=$1,323,148, Total=$1,488,600
22:36:54 [INFO] ✅ [x10] Connected to wss://api.starknet.extended.exchange/stream.extended.exchange/v1/account
22:36:54 [DEBUG] [x10] Subscribed to funding/BERA/USD
22:36:54 [DEBUG] [x10] Subscribed to funding/NEAR/USD
22:36:54 [DEBUG] [x10] Subscribed to publicTrades/PUMP/USD
22:36:54 [DEBUG] MAX_OPEN_TRADES (3) reached, waiting...
22:36:54 [DEBUG] [x10] Subscribed to publicTrades/ARB/USD
22:36:54 [DEBUG] [x10] Subscribed to publicTrades/BCH/USD
22:36:54 [DEBUG] [x10] Subscribed to publicTrades/POPCAT/USD
22:36:54 [DEBUG] [x10] Subscribed to publicTrades/ZEC/USD
22:36:54 [DEBUG] [x10] Subscribed to publicTrades/PENGU/USD
22:36:54 [DEBUG] [x10] Subscribed to funding/RESOLV/USD
22:36:54 [DEBUG] Using cached positions (age: 2.4s)
22:36:54 [INFO] 🔍 DEBUG BERA-USD: entry_time type=<class 'str'>, value=2025-11-30T21:36:43.818615+00:00
22:36:54 [DEBUG] Check BERA-USD: Age=11.1s (Limit=60s)
22:36:54 [INFO] 🔍 DEBUG AERO-USD: entry_time type=<class 'str'>, value=2025-11-30T21:36:41.119683+00:00
22:36:54 [DEBUG] Check AERO-USD: Age=13.8s (Limit=60s)
22:36:54 [INFO] 🔍 DEBUG AAVE-USD: entry_time type=<class 'str'>, value=2025-11-30T21:36:44.652392+00:00
22:36:54 [DEBUG] Check AAVE-USD: Age=10.2s (Limit=60s)
22:36:54 [DEBUG] [x10] Subscribed to publicTrades/ZRO/USD
22:36:54 [DEBUG] [x10] Subscribed to publicTrades/BNB/USD
22:36:55 [DEBUG] [x10] Subscribed to publicTrades/OP/USD
22:36:55 [DEBUG] [x10] Subscribed to publicTrades/S/USD
22:36:55 [DEBUG] [x10] Subscribed to publicTrades/ASTER/USD
22:36:55 [DEBUG] [x10] Subscribed to funding/MON/USD
22:36:55 [DEBUG] [x10] Subscribed to funding/1000SHIB/USD
22:36:55 [DEBUG] [x10] Subscribed to funding/1000BONK/USD
22:36:55 [DEBUG] [x10] Subscribed to publicTrades/AVAX/USD
22:36:55 [DEBUG] [x10] Subscribed to publicTrades/XPL/USD
22:36:55 [DEBUG] [x10] Subscribed to publicTrades/MEGA/USD
22:36:55 [DEBUG] Using cached positions (age: 3.4s)
22:36:55 [INFO] 🔍 DEBUG BERA-USD: entry_time type=<class 'str'>, value=2025-11-30T21:36:43.818615+00:00
22:36:55 [DEBUG] Check BERA-USD: Age=12.1s (Limit=60s)
22:36:55 [INFO] 🔍 DEBUG AERO-USD: entry_time type=<class 'str'>, value=2025-11-30T21:36:41.119683+00:00
22:36:55 [DEBUG] Check AERO-USD: Age=14.8s (Limit=60s)
22:36:55 [INFO] 🔍 DEBUG AAVE-USD: entry_time type=<class 'str'>, value=2025-11-30T21:36:44.652392+00:00
22:36:55 [DEBUG] Check AAVE-USD: Age=11.2s (Limit=60s)
22:36:55 [DEBUG] [x10] Subscribed to funding/BCH/USD
22:36:56 [DEBUG] [x10] Subscribed to funding/GRASS/USD
22:36:56 [DEBUG] [x10] Subscribed to funding/ZORA/USD
22:36:56 [DEBUG] [x10] Subscribed to publicTrades/ADA/USD
22:36:56 [DEBUG] [x10] Subscribed to funding/XPL/USD
22:36:56 [DEBUG] [x10] Subscribed to funding/ENA/USD
22:36:56 [DEBUG] [x10] Subscribed to publicTrades/LDO/USD
22:36:56 [DEBUG] [x10] Subscribed to funding/LINK/USD
22:36:56 [DEBUG] [x10] Subscribed to publicTrades/GRASS/USD
22:36:56 [DEBUG] [x10] Subscribed to publicTrades/ETH/USD
22:36:56 [DEBUG] [x10] Subscribed to publicTrades/ONDO/USD
22:36:56 [DEBUG] Using cached positions (age: 4.4s)
22:36:56 [INFO] 🔍 DEBUG BERA-USD: entry_time type=<class 'str'>, value=2025-11-30T21:36:43.818615+00:00
22:36:56 [DEBUG] Check BERA-USD: Age=13.1s (Limit=60s)
22:36:56 [INFO] 🔍 DEBUG AERO-USD: entry_time type=<class 'str'>, value=2025-11-30T21:36:41.119683+00:00
22:36:56 [DEBUG] Check AERO-USD: Age=15.8s (Limit=60s)
22:36:56 [INFO] 🔍 DEBUG AAVE-USD: entry_time type=<class 'str'>, value=2025-11-30T21:36:44.652392+00:00
22:36:56 [DEBUG] Check AAVE-USD: Age=12.2s (Limit=60s)
22:36:56 [DEBUG] [x10] Subscribed to publicTrades/APEX/USD
22:36:57 [DEBUG] [x10] Subscribed to publicTrades/MNT/USD
22:36:57 [DEBUG] [x10] Subscribed to publicTrades/HYPE/USD
22:36:57 [DEBUG] [x10] Subscribed to publicTrades/1000SHIB/USD
22:36:57 [DEBUG] MAX_OPEN_TRADES (3) reached, waiting...
22:36:57 [DEBUG] [x10] Subscribed to funding/PUMP/USD
22:36:57 [DEBUG] [x10] Subscribed to publicTrades/WLFI/USD
22:36:57 [DEBUG] [x10] Subscribed to publicTrades/ENA/USD
22:36:57 [DEBUG] [x10] Subscribed to funding/LDO/USD
22:36:57 [DEBUG] ✅ BTC-USD: X10=$29,217,346, Lighter=$3,171, Total=$29,220,517
22:36:57 [DEBUG] [x10] Subscribed to publicTrades/IP/USD
22:36:57 [DEBUG] [x10] Subscribed to publicTrades/WIF/USD
22:36:57 [DEBUG] Fetching fresh positions (force=False, cache_age=5.4s)
22:36:57 [DEBUG] Sending GET https://api.starknet.extended.exchange/api/v1/user/positions?
22:36:57 [DEBUG] [x10] Subscribed to publicTrades/AVNT/USD
22:36:57 [DEBUG] [x10] Subscribed to publicTrades/1000BONK/USD
22:36:58 [DEBUG] [x10] Subscribed to funding/OP/USD
22:36:58 [DEBUG] [x10] Subscribed to funding/ZEC/USD
22:36:58 [DEBUG] [x10] Subscribed to funding/TON/USD
22:36:58 [INFO] Lighter: Found 3 open positions
22:36:58 [INFO] 📊 Positions: X10=3, Lighter=3
22:36:58 [DEBUG] X10 positions: ['AERO-USD', 'BERA-USD', 'AAVE-USD']
22:36:58 [DEBUG] Lighter positions: ['BERA-USD', 'AAVE-USD', 'AERO-USD']
22:36:58 [INFO] 🔍 DEBUG BERA-USD: entry_time type=<class 'str'>, value=2025-11-30T21:36:43.818615+00:00
22:36:58 [DEBUG] Check BERA-USD: Age=14.5s (Limit=60s)
22:36:58 [INFO] 🔍 DEBUG AERO-USD: entry_time type=<class 'str'>, value=2025-11-30T21:36:41.119683+00:00
22:36:58 [DEBUG] Check AERO-USD: Age=17.2s (Limit=60s)
22:36:58 [INFO] 🔍 DEBUG AAVE-USD: entry_time type=<class 'str'>, value=2025-11-30T21:36:44.652392+00:00
22:36:58 [DEBUG] Check AAVE-USD: Age=13.7s (Limit=60s)
22:36:58 [DEBUG] [x10] Subscribed to funding/FIL/USD
22:36:58 [DEBUG] [x10] Subscribed to funding/PENDLE/USD
22:36:58 [DEBUG] [x10] Subscribed to publicTrades/FIL/USD
22:36:58 [DEBUG] [x10] Subscribed to funding/MKR/USD
22:36:58 [DEBUG] [x10] Subscribed to publicTrades/TAO/USD
22:36:58 [DEBUG] [x10] Subscribed to publicTrades/PENDLE/USD
22:36:58 [DEBUG] [x10] Subscribed to publicTrades/SOL/USD
22:36:59 [DEBUG] [x10] Subscribed to publicTrades/TIA/USD
22:36:59 [DEBUG] [x10] Subscribed to funding/EDEN/USD
22:36:59 [DEBUG] [x10] Subscribed to funding/1000PEPE/USD
22:36:59 [DEBUG] [x10] Subscribed to funding/AVNT/USD
22:36:59 [DEBUG] Using cached positions (age: 1.5s)
22:36:59 [INFO] 🔍 DEBUG BERA-USD: entry_time type=<class 'str'>, value=2025-11-30T21:36:43.818615+00:00
22:36:59 [DEBUG] Check BERA-USD: Age=15.5s (Limit=60s)
22:36:59 [INFO] 🔍 DEBUG AERO-USD: entry_time type=<class 'str'>, value=2025-11-30T21:36:41.119683+00:00
22:36:59 [DEBUG] Check AERO-USD: Age=18.2s (Limit=60s)
22:36:59 [INFO] 🔍 DEBUG AAVE-USD: entry_time type=<class 'str'>, value=2025-11-30T21:36:44.652392+00:00
22:36:59 [DEBUG] Check AAVE-USD: Age=14.7s (Limit=60s)
22:36:59 [DEBUG] [x10] Subscribed to publicTrades/EDEN/USD
22:36:59 [DEBUG] [x10] Subscribed to funding/JUP/USD
22:36:59 [DEBUG] [x10] Subscribed to funding/MNT/USD
22:36:59 [DEBUG] [x10] Subscribed to publicTrades/ZORA/USD
22:36:59 [DEBUG] [x10] Subscribed to publicTrades/SEI/USD
22:36:59 [DEBUG] [x10] Subscribed to publicTrades/VIRTUAL/USD
22:36:59 [DEBUG] [x10] Subscribed to funding/POPCAT/USD
22:37:00 [DEBUG] [x10] Subscribed to publicTrades/RESOLV/USD
22:37:00 [DEBUG] [x10] Subscribed to funding/AAVE/USD
22:37:00 [DEBUG] [x10] Subscribed to publicTrades/MON/USD
22:37:00 [DEBUG] MAX_OPEN_TRADES (3) reached, waiting...
22:37:00 [DEBUG] Using cached positions (age: 2.5s)
22:37:00 [INFO] 🔍 DEBUG BERA-USD: entry_time type=<class 'str'>, value=2025-11-30T21:36:43.818615+00:00
22:37:00 [DEBUG] Check BERA-USD: Age=16.5s (Limit=60s)
22:37:00 [INFO] 🔍 DEBUG AERO-USD: entry_time type=<class 'str'>, value=2025-11-30T21:36:41.119683+00:00
22:37:00 [DEBUG] Check AERO-USD: Age=19.2s (Limit=60s)
22:37:00 [INFO] 🔍 DEBUG AAVE-USD: entry_time type=<class 'str'>, value=2025-11-30T21:36:44.652392+00:00
22:37:00 [DEBUG] Check AAVE-USD: Age=15.7s (Limit=60s)
22:37:00 [DEBUG] [x10] Subscribed to funding/APT/USD
22:37:00 [DEBUG] [x10] Subscribed to funding/CRV/USD
22:37:00 [DEBUG] [x10] Subscribed to funding/MEGA/USD
22:37:00 [DEBUG] [x10] Subscribed to funding/TRUMP/USD
22:37:00 [DEBUG] [x10] Subscribed to publicTrades/SUI/USD
22:37:00 [DEBUG] [x10] Subscribed to publicTrades/MKR/USD
22:37:00 [DEBUG] [x10] Subscribed to funding/ONDO/USD
22:37:01 [DEBUG] [x10] Subscribed to funding/ETH/USD
22:37:01 [DEBUG] [x10] Subscribed to publicTrades/KAITO/USD
22:37:01 [DEBUG] [x10] Subscribed to publicTrades/LINEA/USD
22:37:01 [DEBUG] Using cached positions (age: 3.5s)
22:37:01 [INFO] 🔍 DEBUG BERA-USD: entry_time type=<class 'str'>, value=2025-11-30T21:36:43.818615+00:00
22:37:01 [DEBUG] Check BERA-USD: Age=17.5s (Limit=60s)
22:37:01 [INFO] 🚜 [FARM] Profit Take BERA-USD: Age=17s, Spread=0.033% (sehr niedrig), PnL=$0.00
22:37:01 [INFO]  💸 EXIT BERA-USD: FARM_QUICK_PROFIT | PnL $0.00 (Fees: $0.00)
22:37:01 [INFO]  🔻 CLOSING BERA-USD (Atomic Smart Close)...
22:37:01 [DEBUG] [x10] Subscribed to publicTrades/FARTCOIN/USD
22:37:01 [DEBUG] ✅ SEI-USD: X10=$183,782, Lighter=$9,148,185, Total=$9,331,967
22:37:01 [DEBUG] [x10] Subscribed to funding/DOGE/USD
22:37:01 [DEBUG] [x10] Subscribed to publicTrades/LTC/USD
22:37:01 [DEBUG] [x10] Subscribed to funding/VIRTUAL/USD
22:37:01 [DEBUG] [x10] Subscribed to funding/BTC/USD
22:37:01 [INFO] Lighter: Found 3 open positions
22:37:01 [ERROR] ❌ Lighter close failed for BERA-USD: '<' not supported between instances of 'float' and 'str'
22:37:01 [ERROR] ❌ ABBRUCH: Lighter close für BERA-USD fehlgeschlagen!
22:37:01 [ERROR] ⚠️ X10 wird NICHT geschlossen - MANUELLE INTERVENTION ERFORDERLICH!
22:37:01 [INFO] 🔍 DEBUG AERO-USD: entry_time type=<class 'str'>, value=2025-11-30T21:36:41.119683+00:00
22:37:01 [DEBUG] Check AERO-USD: Age=20.7s (Limit=60s)
22:37:01 [INFO] 🚜 [FARM] Profit Take AERO-USD: Age=20s, Spread=0.026% (sehr niedrig), PnL=$0.00
22:37:01 [INFO]  💸 EXIT AERO-USD: FARM_QUICK_PROFIT | PnL $0.00 (Fees: $0.00)
22:37:01 [INFO]  🔻 CLOSING AERO-USD (Atomic Smart Close)...
22:37:01 [DEBUG] [x10] Subscribed to publicTrades/EIGEN/USD
22:37:01 [DEBUG] [x10] Subscribed to funding/SEI/USD
22:37:01 [DEBUG] [x10] Subscribed to funding/WLFI/USD
22:37:02 [DEBUG] [x10] Subscribed to publicTrades/XRP/USD
22:37:02 [DEBUG] [x10] Subscribed to funding/AVAX/USD
22:37:02 [INFO] Lighter: Found 3 open positions
22:37:02 [ERROR] ❌ Lighter close failed for AERO-USD: '<' not supported between instances of 'float' and 'str'
22:37:02 [ERROR] ❌ ABBRUCH: Lighter close für AERO-USD fehlgeschlagen!
22:37:02 [ERROR] ⚠️ X10 wird NICHT geschlossen - MANUELLE INTERVENTION ERFORDERLICH!
22:37:02 [INFO] 🔍 DEBUG AAVE-USD: entry_time type=<class 'str'>, value=2025-11-30T21:36:44.652392+00:00
22:37:02 [DEBUG] Check AAVE-USD: Age=17.6s (Limit=60s)
22:37:02 [INFO] 🚜 [FARM] Profit Take AAVE-USD: Age=17s, Spread=0.004% (sehr niedrig), PnL=$0.00
22:37:02 [INFO]  💸 EXIT AAVE-USD: FARM_QUICK_PROFIT | PnL $0.00 (Fees: $0.00)
22:37:02 [INFO]  🔻 CLOSING AAVE-USD (Atomic Smart Close)...
22:37:02 [DEBUG] [x10] Subscribed to funding/BNB/USD
22:37:02 [DEBUG] [x10] Subscribed to funding/KAITO/USD
22:37:02 [DEBUG] [x10] Subscribed to publicTrades/TON/USD
22:37:02 [DEBUG] [x10] Subscribed to publicTrades/DOGE/USD
22:37:02 [DEBUG] [x10] Subscribed to publicTrades/XAU/USD
22:37:02 [INFO] Lighter: Found 3 open positions
22:37:02 [ERROR] ❌ Lighter close failed for AAVE-USD: '<' not supported between instances of 'float' and 'str'
22:37:02 [ERROR] ❌ ABBRUCH: Lighter close für AAVE-USD fehlgeschlagen!
22:37:02 [ERROR] ⚠️ X10 wird NICHT geschlossen - MANUELLE INTERVENTION ERFORDERLICH!
22:37:02 [DEBUG] [x10] Subscribed to funding/LINEA/USD
22:37:02 [DEBUG] [x10] Subscribed to funding/XAU/USD
22:37:02 [DEBUG] [x10] Subscribed to publicTrades/USDJPY/USD
22:37:03 [DEBUG] [x10] Subscribed to funding/APEX/USD
22:37:03 [DEBUG] [x10] Subscribed to funding/AERO/USD
22:37:03 [DEBUG] [x10] Subscribed to publicTrades/AAVE/USD
22:37:03 [DEBUG] MAX_OPEN_TRADES (3) reached, waiting...
22:37:03 [DEBUG] [x10] Subscribed to publicTrades/BTC/USD
22:37:03 [DEBUG] [x10] Subscribed to funding/LTC/USD
22:37:03 [DEBUG] [x10] Subscribed to publicTrades/CRV/USD
22:37:03 [DEBUG] [x10] Subscribed to funding/IP/USD
22:37:03 [DEBUG] Fetching fresh positions (force=False, cache_age=5.8s)
22:37:03 [DEBUG] Sending GET https://api.starknet.extended.exchange/api/v1/user/positions?
22:37:03 [DEBUG] [x10] Subscribed to publicTrades/BERA/USD
22:37:03 [DEBUG] [x10] Subscribed to funding/SUI/USD
22:37:03 [DEBUG] [x10] Subscribed to publicTrades/JUP/USD
22:37:03 [DEBUG] [x10] Subscribed to publicTrades/STRK/USD
22:37:04 [DEBUG] [x10] Subscribed to publicTrades/TRUMP/USD
22:37:04 [INFO] Lighter: Found 3 open positions
22:37:04 [INFO] 📊 Positions: X10=3, Lighter=3
22:37:04 [DEBUG] X10 positions: ['AERO-USD', 'BERA-USD', 'AAVE-USD']
22:37:04 [DEBUG] Lighter positions: ['BERA-USD', 'AAVE-USD', 'AERO-USD']
22:37:04 [INFO] 🔍 DEBUG BERA-USD: entry_time type=<class 'str'>, value=2025-11-30T21:36:43.818615+00:00
22:37:04 [DEBUG] Check BERA-USD: Age=20.3s (Limit=60s)
22:37:04 [INFO] 🚜 [FARM] Profit Take BERA-USD: Age=20s, Spread=0.033% (sehr niedrig), PnL=$0.00
22:37:04 [INFO]  💸 EXIT BERA-USD: FARM_QUICK_PROFIT | PnL $0.00 (Fees: $0.00)
22:37:04 [INFO]  🔻 CLOSING BERA-USD (Atomic Smart Close)...
22:37:04 [DEBUG] [x10] Subscribed to publicTrades/SPX/USD
22:37:04 [DEBUG] [x10] Subscribed to publicTrades/APT/USD
22:37:04 [DEBUG] [x10] Subscribed to funding/FARTCOIN/USD
22:37:04 [DEBUG] [x10] Subscribed to funding/HYPE/USD
22:37:04 [DEBUG] [x10] Subscribed to publicTrades/TRX/USD
22:37:04 [INFO] Lighter: Found 3 open positions
22:37:04 [ERROR] ❌ Lighter close failed for BERA-USD: '<' not supported between instances of 'float' and 'str'
22:37:04 [ERROR] ❌ ABBRUCH: Lighter close für BERA-USD fehlgeschlagen!
22:37:04 [ERROR] ⚠️ X10 wird NICHT geschlossen - MANUELLE INTERVENTION ERFORDERLICH!
22:37:04 [INFO] 🔍 DEBUG AERO-USD: entry_time type=<class 'str'>, value=2025-11-30T21:36:41.119683+00:00
22:37:04 [DEBUG] Check AERO-USD: Age=23.5s (Limit=60s)
22:37:04 [INFO] 🚜 [FARM] Profit Take AERO-USD: Age=23s, Spread=0.026% (sehr niedrig), PnL=$0.00
22:37:04 [INFO]  💸 EXIT AERO-USD: FARM_QUICK_PROFIT | PnL $0.00 (Fees: $0.00)
22:37:04 [INFO]  🔻 CLOSING AERO-USD (Atomic Smart Close)...
22:37:04 [DEBUG] [x10] Subscribed to funding/SOL/USD
22:37:04 [DEBUG] [x10] Subscribed to funding/TIA/USD
22:37:04 [DEBUG] [x10] Subscribed to funding/UNI/USD
22:37:04 [DEBUG] [x10] Subscribed to funding/WLD/USD
22:37:05 [DEBUG] [x10] Subscribed to funding/XRP/USD
22:37:05 [INFO] Lighter: Found 3 open positions
22:37:05 [ERROR] ❌ Lighter close failed for AERO-USD: '<' not supported between instances of 'float' and 'str'
22:37:05 [ERROR] ❌ ABBRUCH: Lighter close für AERO-USD fehlgeschlagen!
22:37:05 [ERROR] ⚠️ X10 wird NICHT geschlossen - MANUELLE INTERVENTION ERFORDERLICH!
22:37:05 [INFO] 🔍 DEBUG AAVE-USD: entry_time type=<class 'str'>, value=2025-11-30T21:36:44.652392+00:00
22:37:05 [DEBUG] Check AAVE-USD: Age=20.4s (Limit=60s)
22:37:05 [INFO] 🚜 [FARM] Profit Take AAVE-USD: Age=20s, Spread=0.004% (sehr niedrig), PnL=$0.00
22:37:05 [INFO]  💸 EXIT AAVE-USD: FARM_QUICK_PROFIT | PnL $0.00 (Fees: $0.00)
22:37:05 [INFO]  🔻 CLOSING AAVE-USD (Atomic Smart Close)...
22:37:05 [DEBUG] [x10] Subscribed to publicTrades/NEAR/USD
22:37:05 [DEBUG] ✅ APEX-USD: X10=$87,252, Lighter=$1,030,622, Total=$1,117,873
22:37:05 [DEBUG] [x10] Subscribed to funding/WIF/USD
22:37:05 [DEBUG] [x10] Subscribed to funding/TAO/USD
22:37:05 [DEBUG] [x10] Subscribed to funding/S/USD
22:37:05 [INFO] Lighter: Found 3 open positions
22:37:05 [ERROR] ❌ Lighter close failed for AAVE-USD: '<' not supported between instances of 'float' and 'str'
22:37:05 [ERROR] ❌ ABBRUCH: Lighter close für AAVE-USD fehlgeschlagen!
22:37:05 [ERROR] ⚠️ X10 wird NICHT geschlossen - MANUELLE INTERVENTION ERFORDERLICH!
22:37:05 [DEBUG] [x10] Subscribed to funding/ARB/USD
22:37:05 [DEBUG] 🐕 Watchdog OK: Daten-Alter 2.2s
22:37:05 [DEBUG] [x10] Subscribed to funding/ADA/USD
22:37:05 [DEBUG] [x10] Subscribed to publicTrades/AERO/USD
22:37:05 [DEBUG] [x10] Subscribed to publicTrades/UNI/USD
22:37:05 [DEBUG] [x10] Subscribed to funding/ZRO/USD
22:37:05 [DEBUG] [x10] Subscribed to funding/PENGU/USD
22:37:06 [DEBUG] [x10] Subscribed to funding/TRX/USD
22:37:06 [DEBUG] [x10] Subscribed to funding/STRK/USD
22:37:06 [DEBUG] [x10] Subscribed to funding/XAG/USD
22:37:06 [DEBUG] MAX_OPEN_TRADES (3) reached, waiting...
22:37:06 [DEBUG] [x10] Subscribed to funding/EIGEN/USD
22:37:06 [DEBUG] [x10] Subscribed to publicTrades/WLD/USD
22:37:06 [DEBUG] Using cached positions (age: 2.8s)
22:37:06 [INFO] 🔍 DEBUG BERA-USD: entry_time type=<class 'str'>, value=2025-11-30T21:36:43.818615+00:00
22:37:06 [DEBUG] Check BERA-USD: Age=22.6s (Limit=60s)
22:37:06 [INFO] 🚜 [FARM] Profit Take BERA-USD: Age=22s, Spread=0.033% (sehr niedrig), PnL=$0.00
22:37:06 [INFO]  💸 EXIT BERA-USD: FARM_QUICK_PROFIT | PnL $0.00 (Fees: $0.00)
22:37:06 [INFO]  🔻 CLOSING BERA-USD (Atomic Smart Close)...
22:37:06 [DEBUG] [x10] Subscribed to publicTrades/DOT/USD
22:37:06 [DEBUG] [x10] Subscribed to funding/DOT/USD
22:37:06 [DEBUG] [x10] Subscribed to funding/SPX/USD
22:37:06 [DEBUG] [x10] Subscribed to funding/USDJPY/USD
22:37:06 [DEBUG] [x10] Subscribed to publicTrades/XAG/USD
22:37:06 [INFO] Lighter: Found 3 open positions
22:37:06 [ERROR] ❌ Lighter close failed for BERA-USD: '<' not supported between instances of 'float' and 'str'
22:37:06 [ERROR] ❌ ABBRUCH: Lighter close für BERA-USD fehlgeschlagen!
22:37:06 [ERROR] ⚠️ X10 wird NICHT geschlossen - MANUELLE INTERVENTION ERFORDERLICH!
22:37:06 [INFO] 🔍 DEBUG AERO-USD: entry_time type=<class 'str'>, value=2025-11-30T21:36:41.119683+00:00
22:37:06 [DEBUG] Check AERO-USD: Age=25.8s (Limit=60s)
22:37:06 [INFO] 🚜 [FARM] Profit Take AERO-USD: Age=25s, Spread=0.026% (sehr niedrig), PnL=$0.00
22:37:06 [INFO]  💸 EXIT AERO-USD: FARM_QUICK_PROFIT | PnL $0.00 (Fees: $0.00)
22:37:06 [INFO]  🔻 CLOSING AERO-USD (Atomic Smart Close)...
22:37:06 [DEBUG] [x10] Subscribed to funding/ASTER/USD
22:37:07 [DEBUG] [x10] Subscribed to publicTrades/LINK/USD
22:37:07 [DEBUG] [x10] Subscribed to publicTrades/1000PEPE/USD
22:37:07 [INFO] Lighter: Found 3 open positions
22:37:07 [ERROR] ❌ Lighter close failed for AERO-USD: '<' not supported between instances of 'float' and 'str'
22:37:07 [ERROR] ❌ ABBRUCH: Lighter close für AERO-USD fehlgeschlagen!
22:37:07 [ERROR] ⚠️ X10 wird NICHT geschlossen - MANUELLE INTERVENTION ERFORDERLICH!
22:37:07 [INFO] 🔍 DEBUG AAVE-USD: entry_time type=<class 'str'>, value=2025-11-30T21:36:44.652392+00:00
22:37:07 [DEBUG] Check AAVE-USD: Age=22.7s (Limit=60s)
22:37:07 [INFO] 🚜 [FARM] Profit Take AAVE-USD: Age=22s, Spread=0.004% (sehr niedrig), PnL=$0.00
22:37:07 [INFO]  💸 EXIT AAVE-USD: FARM_QUICK_PROFIT | PnL $0.00 (Fees: $0.00)
22:37:07 [INFO]  🔻 CLOSING AAVE-USD (Atomic Smart Close)...
22:37:07 [INFO] Lighter: Found 3 open positions
22:37:07 [ERROR] ❌ Lighter close failed for AAVE-USD: '<' not supported between instances of 'float' and 'str'
22:37:07 [ERROR] ❌ ABBRUCH: Lighter close für AAVE-USD fehlgeschlagen!
22:37:07 [ERROR] ⚠️ X10 wird NICHT geschlossen - MANUELLE INTERVENTION ERFORDERLICH!
22:37:08 [DEBUG] Fetching fresh positions (force=False, cache_age=5.1s)
22:37:08 [DEBUG] Sending GET https://api.starknet.extended.exchange/api/v1/user/positions?
22:37:09 [INFO] Lighter: Found 3 open positions
22:37:09 [INFO] 📊 Positions: X10=3, Lighter=3
22:37:09 [DEBUG] X10 positions: ['AERO-USD', 'BERA-USD', 'AAVE-USD']
22:37:09 [DEBUG] Lighter positions: ['BERA-USD', 'AAVE-USD', 'AERO-USD']
22:37:09 [INFO] 🔍 DEBUG BERA-USD: entry_time type=<class 'str'>, value=2025-11-30T21:36:43.818615+00:00
22:37:09 [DEBUG] Check BERA-USD: Age=25.4s (Limit=60s)
22:37:09 [INFO] 🚜 [FARM] Profit Take BERA-USD: Age=25s, Spread=0.033% (sehr niedrig), PnL=$0.00
22:37:09 [INFO]  💸 EXIT BERA-USD: FARM_QUICK_PROFIT | PnL $0.00 (Fees: $0.00)
22:37:09 [INFO]  🔻 CLOSING BERA-USD (Atomic Smart Close)...
22:37:09 [DEBUG] MAX_OPEN_TRADES (3) reached, waiting...
22:37:09 [INFO] Lighter: Found 3 open positions
22:37:09 [ERROR] ❌ Lighter close failed for BERA-USD: '<' not supported between instances of 'float' and 'str'
22:37:09 [ERROR] ❌ ABBRUCH: Lighter close für BERA-USD fehlgeschlagen!
22:37:09 [ERROR] ⚠️ X10 wird NICHT geschlossen - MANUELLE INTERVENTION ERFORDERLICH!
22:37:09 [INFO] 🔍 DEBUG AERO-USD: entry_time type=<class 'str'>, value=2025-11-30T21:36:41.119683+00:00
22:37:09 [DEBUG] Check AERO-USD: Age=28.5s (Limit=60s)
22:37:09 [INFO] 🚜 [FARM] Profit Take AERO-USD: Age=28s, Spread=0.026% (sehr niedrig), PnL=$0.00
22:37:09 [INFO]  💸 EXIT AERO-USD: FARM_QUICK_PROFIT | PnL $0.00 (Fees: $0.00)
22:37:09 [INFO]  🔻 CLOSING AERO-USD (Atomic Smart Close)...
22:37:10 [INFO] Lighter: Found 3 open positions
22:37:10 [ERROR] ❌ Lighter close failed for AERO-USD: '<' not supported between instances of 'float' and 'str'
22:37:10 [ERROR] ❌ ABBRUCH: Lighter close für AERO-USD fehlgeschlagen!
22:37:10 [ERROR] ⚠️ X10 wird NICHT geschlossen - MANUELLE INTERVENTION ERFORDERLICH!
22:37:10 [INFO] 🔍 DEBUG AAVE-USD: entry_time type=<class 'str'>, value=2025-11-30T21:36:44.652392+00:00
22:37:10 [DEBUG] Check AAVE-USD: Age=25.5s (Limit=60s)
22:37:10 [INFO] 🚜 [FARM] Profit Take AAVE-USD: Age=25s, Spread=0.004% (sehr niedrig), PnL=$0.00
22:37:10 [INFO]  💸 EXIT AAVE-USD: FARM_QUICK_PROFIT | PnL $0.00 (Fees: $0.00)
22:37:10 [INFO]  🔻 CLOSING AAVE-USD (Atomic Smart Close)...
22:37:10 [DEBUG] 💓 [lighter] Ping/Pong OK
22:37:10 [INFO] Lighter: Found 3 open positions
22:37:10 [ERROR] ❌ Lighter close failed for AAVE-USD: '<' not supported between instances of 'float' and 'str'
22:37:10 [ERROR] ❌ ABBRUCH: Lighter close für AAVE-USD fehlgeschlagen!
22:37:10 [ERROR] ⚠️ X10 wird NICHT geschlossen - MANUELLE INTERVENTION ERFORDERLICH!
22:37:10 [DEBUG] ✅ LINEA-USD: X10=$84,606, Lighter=$84,467,999, Total=$84,552,605
22:37:11 [DEBUG] Using cached positions (age: 2.7s)
22:37:11 [INFO] 🔍 DEBUG BERA-USD: entry_time type=<class 'str'>, value=2025-11-30T21:36:43.818615+00:00
22:37:11 [DEBUG] Check BERA-USD: Age=27.7s (Limit=60s)
22:37:11 [INFO] 🚜 [FARM] Profit Take BERA-USD: Age=27s, Spread=0.033% (sehr niedrig), PnL=$0.00
22:37:11 [INFO]  💸 EXIT BERA-USD: FARM_QUICK_PROFIT | PnL $0.00 (Fees: $0.00)
22:37:11 [INFO]  🔻 CLOSING BERA-USD (Atomic Smart Close)...
22:37:11 [INFO] Lighter: Found 3 open positions
22:37:11 [ERROR] ❌ Lighter close failed for BERA-USD: '<' not supported between instances of 'float' and 'str'
22:37:11 [ERROR] ❌ ABBRUCH: Lighter close für BERA-USD fehlgeschlagen!
22:37:11 [ERROR] ⚠️ X10 wird NICHT geschlossen - MANUELLE INTERVENTION ERFORDERLICH!
22:37:11 [INFO] 🔍 DEBUG AERO-USD: entry_time type=<class 'str'>, value=2025-11-30T21:36:41.119683+00:00
22:37:11 [DEBUG] Check AERO-USD: Age=30.9s (Limit=60s)
22:37:11 [INFO] 🚜 [FARM] Profit Take AERO-USD: Age=30s, Spread=0.026% (sehr niedrig), PnL=$0.00
22:37:11 [INFO]  💸 EXIT AERO-USD: FARM_QUICK_PROFIT | PnL $0.00 (Fees: $0.00)
22:37:11 [INFO]  🔻 CLOSING AERO-USD (Atomic Smart Close)...
22:37:12 [DEBUG] MAX_OPEN_TRADES (3) reached, waiting...
22:37:12 [INFO] Lighter: Found 3 open positions
22:37:12 [ERROR] ❌ Lighter close failed for AERO-USD: '<' not supported between instances of 'float' and 'str'
22:37:12 [ERROR] ❌ ABBRUCH: Lighter close für AERO-USD fehlgeschlagen!
22:37:12 [ERROR] ⚠️ X10 wird NICHT geschlossen - MANUELLE INTERVENTION ERFORDERLICH!
22:37:12 [INFO] 🔍 DEBUG AAVE-USD: entry_time type=<class 'str'>, value=2025-11-30T21:36:44.652392+00:00
22:37:12 [DEBUG] Check AAVE-USD: Age=27.8s (Limit=60s)
22:37:12 [INFO] 🚜 [FARM] Profit Take AAVE-USD: Age=27s, Spread=0.004% (sehr niedrig), PnL=$0.00
22:37:12 [INFO]  💸 EXIT AAVE-USD: FARM_QUICK_PROFIT | PnL $0.00 (Fees: $0.00)
22:37:12 [INFO]  🔻 CLOSING AAVE-USD (Atomic Smart Close)...
22:37:12 [INFO] Lighter: Found 3 open positions
22:37:12 [ERROR] ❌ Lighter close failed for AAVE-USD: '<' not supported between instances of 'float' and 'str'
22:37:12 [ERROR] ❌ ABBRUCH: Lighter close für AAVE-USD fehlgeschlagen!
22:37:12 [ERROR] ⚠️ X10 wird NICHT geschlossen - MANUELLE INTERVENTION ERFORDERLICH!
22:37:13 [DEBUG] Fetching fresh positions (force=False, cache_age=5.0s)
22:37:13 [DEBUG] Sending GET https://api.starknet.extended.exchange/api/v1/user/positions?
22:37:13 [WARNING] 🛑 Received SIGINT, initiating graceful shutdown...
22:37:13 [INFO] 🛑 Shutting down...
22:37:13 [INFO] 🛑 Initiating graceful shutdown...
22:37:13 [INFO] 🔍 Supervisor loop stopped
22:37:13 [INFO] 🛑 Cancelling logic_loop...
22:37:13 [INFO] 🛑 Cancelling trade_management_loop...
22:37:13 [INFO] 🛑 Cancelling farm_loop...
22:37:13 [INFO] 🛑 Cancelling maintenance_loop...
22:37:13 [INFO] 🛑 Cancelling cleanup_finished_tasks...
22:37:13 [INFO] 🛑 Cancelling health_reporter...
22:37:13 [INFO] 🛑 Cancelling connection_watchdog...
22:37:13 [INFO] Logic loop cancelled
22:37:13 [INFO] Connection watchdog cancelled
22:37:13 [ERROR] _GatheringFuture exception was never retrieved
future: <_GatheringFuture finished exception=CancelledError()>
Traceback (most recent call last):
  File "C:\Users\koopm\funding-bot\src\adapters\lighter_adapter.py", line 1154, in fetch_open_positions
    await asyncio.sleep(0.2)
  File "C:\Users\koopm\AppData\Local\Programs\Python\Python311\Lib\asyncio\tasks.py", line 639, in sleep
    return await future
           ^^^^^^^^^^^^
asyncio.exceptions.CancelledError
22:37:14 [DEBUG] ✅ AAVE-USD: X10=$295,033, Lighter=$44,693, Total=$339,727
22:37:14 [INFO] ✅ All tasks stopped
22:37:14 [INFO] 🛑 Rollback processor: Shutdown signal received
22:37:14 [INFO] ✅ ParallelExecutionManager: Stopped
22:37:15 [INFO] 🔌 [x10] WebSocket stopped
22:37:18 [DEBUG] ✅ SUI-USD: X10=$392,692, Lighter=$1,960,961, Total=$2,353,654
22:37:19 [INFO] 🔌 [lighter] WebSocket stopped
22:37:19 [INFO] ✅ WebSocketManager stopped
22:37:19 [INFO] ✅ OpenInterestTracker stopped
22:37:19 [INFO] 🛑 Stopping InMemoryStateManager...
22:37:19 [INFO] 📝 State writer loop stopped
22:37:19 [INFO] ✅ InMemoryStateManager stopped
22:37:19 [INFO] 🔒 Closing database...
22:37:19 [INFO] 🖊️ Database write loop stopped
22:37:19 [INFO] ✅ Database closed
22:37:19 [INFO] ✅ X10 Adapter geschlossen.
22:37:19 [INFO] ✅ Lighter Adapter closed
22:37:19 [INFO] ✅ Bot V5 shutdown complete
