18:13:09 [INFO]  CONFIG VALIDIERUNG abgeschlossen.
18:13:09 [INFO] 🔥 BOT V5 (Architected) STARTING...
18:13:09 [INFO] 🚀 Starting InMemoryStateManager...
18:13:09 [INFO] 📂 Initializing database: data/trades.db
18:13:09 [INFO] ✅ Read pool created: 5 connections
18:13:09 [INFO] ✅ WAL mode enabled
18:13:09 [INFO] 🔄 Running database migrations...
18:13:09 [INFO] ✅ Migrations complete (11 statements)
18:13:09 [INFO] ✅ Database initialized
18:13:09 [INFO] 🖊️ Database write loop started
18:13:09 [INFO] 📂 Loaded 0 trades from database
18:13:09 [INFO] ✅ InMemoryStateManager started (loaded 0 trades)
18:13:09 [INFO] ✅ State Manager started
18:13:09 [INFO]  Telegram Bot disabled (Token/ChatID missing).
18:13:09 [INFO] ✅ Async database initialized
18:13:09 [INFO] 📝 State writer loop started
18:13:09 [DEBUG] ✅ Database schema up to date
18:13:09 [INFO] Initialisiere X10 Adapter...
18:13:09 [INFO]  X10 Account initialisiert.
18:13:09 [INFO] Initialisiere Lighter Adapter...
18:13:09 [INFO] 📊 Loading Market Data via REST...
18:13:09 [DEBUG] Sending GET https://api.starknet.extended.exchange/api/v1/info/markets?
18:13:10 [INFO] ✅ Lighter: Loaded 116 markets
18:13:11 [INFO]  X10: 91 Märkte geladen, 91 Funding Rates, 78 Preise
18:13:11 [INFO] ✅ Markets loaded: X10=91, Lighter=116
18:13:11 [INFO] 📈 Pre-loading Lighter prices...
18:13:11 [DEBUG] Starting new HTTPS connection (1): mainnet.zklighter.elliot.ai:443
18:13:12 [DEBUG] https://mainnet.zklighter.elliot.ai:443 "GET /api/v1/nextNonce?account_index=60113&api_key_index=3 HTTP/1.1" 200 25
18:13:13 [DEBUG] Lighter: Loaded 0 funding rates
18:13:15 [DEBUG] Lighter: Loaded 115 prices via REST
18:13:15 [INFO] ✅ Lighter prices loaded: 115 symbols
18:13:15 [INFO] FundingPredictorV2 initialized with BTC Correlation
18:13:15 [INFO] 启动 OI Tracker für 68 Symbole...
18:13:15 [INFO] ✅ OpenInterestTracker started (interval=30.0s)
18:13:15 [INFO] 🌐 Starting WebSocket Manager...
18:13:15 [INFO] 📊 OI Tracker: Starting cycle 1 (68 symbols)
18:13:15 [INFO] 🔌 [lighter] WebSocket manager started
18:13:15 [INFO] 🔌 [x10] WebSocket manager started
18:13:15 [INFO] ✅ WebSocketManager started
18:13:15 [DEBUG] ✅ ARB-USD: X10=$161,225, Lighter=$0, Total=$161,225
18:13:16 [INFO] ✅ [lighter] Connected to wss://mainnet.zklighter.elliot.ai/stream
18:13:16 [DEBUG] [lighter] Subscribed to order_book/-1
18:13:16 [DEBUG] [lighter] Subscribed to order_book/-1
18:13:16 [DEBUG] [lighter] Subscribed to trade/-1
18:13:16 [INFO] ✅ [x10] Connected to wss://api.starknet.extended.exchange/stream.extended.exchange/v1/account
18:13:16 [DEBUG] [lighter] Subscribed to order_book/-1
18:13:16 [DEBUG] [lighter] Subscribed to trade/-1
18:13:16 [DEBUG] [lighter] Subscribed to order_book/-1
18:13:16 [DEBUG] [lighter] Subscribed to trade/-1
18:13:16 [DEBUG] [lighter] Subscribed to order_book/-1
18:13:16 [DEBUG] [lighter] Subscribed to trade/-1
18:13:16 [DEBUG] [lighter] Subscribed to market_stats/all
18:13:16 [DEBUG] [lighter] Subscribed to order_book/-1
18:13:16 [DEBUG] [lighter] Subscribed to trade/-1
18:13:16 [DEBUG] [lighter] Subscribed to order_book/-1
18:13:16 [DEBUG] [lighter] Subscribed to trade/-1
18:13:16 [DEBUG] [lighter] Subscribed to order_book/-1
18:13:16 [DEBUG] [lighter] Subscribed to trade/-1
18:13:16 [DEBUG] [lighter] Subscribed to trade/-1
18:13:16 [DEBUG] [lighter] Subscribed to order_book/-1
18:13:16 [DEBUG] [lighter] Subscribed to trade/-1
18:13:16 [DEBUG] [lighter] Subscribed to order_book/-1
18:13:16 [DEBUG] [lighter] Subscribed to trade/-1
18:13:16 [DEBUG] [lighter] Subscribed to order_book/-1
18:13:16 [DEBUG] [lighter] Subscribed to trade/-1
18:13:16 [DEBUG] [lighter] Subscribed to order_book/-1
18:13:16 [DEBUG] [lighter] Subscribed to trade/-1
18:13:16 [DEBUG] [lighter] Subscribed to order_book/-1
18:13:16 [DEBUG] [lighter] Subscribed to trade/-1
18:13:16 [DEBUG] [lighter] Subscribed to order_book/-1
18:13:16 [DEBUG] [lighter] Subscribed to trade/-1
18:13:16 [DEBUG] [lighter] Subscribed to order_book/-1
18:13:16 [DEBUG] [lighter] Subscribed to trade/-1
18:13:16 [DEBUG] [lighter] Subscribed to order_book/-1
18:13:16 [DEBUG] [lighter] Subscribed to trade/-1
18:13:16 [DEBUG] [lighter] Subscribed to order_book/-1
18:13:16 [DEBUG] [lighter] Subscribed to trade/-1
18:13:16 [DEBUG] [lighter] Subscribed to order_book/-1
18:13:16 [DEBUG] [lighter] Subscribed to trade/-1
18:13:16 [DEBUG] [lighter] Subscribed to order_book/-1
18:13:16 [DEBUG] [lighter] Subscribed to trade/-1
18:13:16 [DEBUG] [lighter] Subscribed to order_book/-1
18:13:16 [DEBUG] [lighter] Subscribed to trade/-1
18:13:16 [DEBUG] [lighter] Subscribed to order_book/-1
18:13:16 [DEBUG] [lighter] Subscribed to trade/-1
18:13:16 [DEBUG] [lighter] Subscribed to order_book/-1
18:13:16 [DEBUG] [lighter] Subscribed to trade/-1
18:13:16 [DEBUG] [lighter] Subscribed to order_book/-1
18:13:16 [DEBUG] [lighter] Subscribed to trade/-1
18:13:16 [DEBUG] [lighter] Subscribed to order_book/-1
18:13:16 [DEBUG] [lighter] Subscribed to trade/-1
18:13:16 [DEBUG] [lighter] Subscribed to order_book/-1
18:13:16 [DEBUG] [lighter] Subscribed to trade/-1
18:13:16 [DEBUG] [lighter] Subscribed to order_book/-1
18:13:16 [DEBUG] [lighter] Subscribed to trade/-1
18:13:16 [DEBUG] [lighter] Subscribed to order_book/-1
18:13:16 [DEBUG] [lighter] Subscribed to trade/-1
18:13:16 [DEBUG] [lighter] Subscribed to order_book/-1
18:13:16 [DEBUG] [lighter] Subscribed to trade/-1
18:13:16 [DEBUG] [lighter] Subscribed to order_book/-1
18:13:16 [DEBUG] [lighter] Subscribed to trade/-1
18:13:16 [DEBUG] [lighter] Subscribed to order_book/-1
18:13:16 [DEBUG] [lighter] Subscribed to trade/-1
18:13:16 [DEBUG] [lighter] Subscribed to order_book/-1
18:13:16 [DEBUG] [lighter] Subscribed to trade/-1
18:13:16 [DEBUG] [lighter] Subscribed to order_book/-1
18:13:16 [DEBUG] [lighter] Subscribed to trade/-1
18:13:16 [DEBUG] [lighter] Subscribed to order_book/-1
18:13:16 [DEBUG] [lighter] Subscribed to trade/-1
18:13:16 [DEBUG] [x10] Subscribed to publicTrades/ARB/USD
18:13:16 [DEBUG] [x10] Subscribed to funding/ARB/USD
18:13:17 [DEBUG] [x10] Subscribed to publicTrades/USDJPY/USD
18:13:17 [DEBUG] [x10] Subscribed to funding/USDJPY/USD
18:13:17 [DEBUG] [x10] Subscribed to publicTrades/1000SHIB/USD
18:13:17 [DEBUG] [x10] Subscribed to funding/1000SHIB/USD
18:13:17 [DEBUG] [x10] Subscribed to publicTrades/SUI/USD
18:13:17 [DEBUG] [x10] Subscribed to funding/SUI/USD
18:13:17 [DEBUG] [x10] Subscribed to publicTrades/BNB/USD
18:13:17 [DEBUG] [x10] Subscribed to funding/BNB/USD
18:13:17 [DEBUG] [x10] Subscribed to publicTrades/UNI/USD
18:13:17 [DEBUG] [x10] Subscribed to funding/UNI/USD
18:13:17 [DEBUG] [x10] Subscribed to publicTrades/LINK/USD
18:13:17 [DEBUG] [x10] Subscribed to funding/LINK/USD
18:13:17 [DEBUG] [x10] Subscribed to publicTrades/XAG/USD
18:13:17 [DEBUG] [x10] Subscribed to funding/XAG/USD
18:13:17 [DEBUG] [x10] Subscribed to publicTrades/TIA/USD
18:13:17 [DEBUG] [x10] Subscribed to funding/TIA/USD
18:13:17 [DEBUG] [x10] Subscribed to publicTrades/EIGEN/USD
18:13:17 [DEBUG] [x10] Subscribed to funding/EIGEN/USD
18:13:17 [DEBUG] [x10] Subscribed to publicTrades/JUP/USD
18:13:17 [DEBUG] [x10] Subscribed to funding/JUP/USD
18:13:17 [DEBUG] [x10] Subscribed to publicTrades/DOGE/USD
18:13:17 [DEBUG] [x10] Subscribed to funding/DOGE/USD
18:13:17 [DEBUG] [x10] Subscribed to publicTrades/KAITO/USD
18:13:17 [DEBUG] [x10] Subscribed to funding/KAITO/USD
18:13:17 [DEBUG] [x10] Subscribed to publicTrades/LDO/USD
18:13:17 [DEBUG] [x10] Subscribed to funding/LDO/USD
18:13:17 [DEBUG] [x10] Subscribed to publicTrades/ZORA/USD
18:13:17 [DEBUG] [x10] Subscribed to funding/ZORA/USD
18:13:17 [DEBUG] [x10] Subscribed to publicTrades/TRX/USD
18:13:17 [DEBUG] [x10] Subscribed to funding/TRX/USD
18:13:17 [DEBUG] [x10] Subscribed to publicTrades/PENDLE/USD
18:13:17 [DEBUG] [x10] Subscribed to funding/PENDLE/USD
18:13:17 [DEBUG] [x10] Subscribed to publicTrades/AAVE/USD
18:13:17 [DEBUG] [x10] Subscribed to funding/AAVE/USD
18:13:17 [DEBUG] [x10] Subscribed to publicTrades/STRK/USD
18:13:17 [DEBUG] [x10] Subscribed to funding/STRK/USD
18:13:18 [DEBUG] [x10] Subscribed to publicTrades/SOL/USD
18:13:18 [DEBUG] [x10] Subscribed to funding/SOL/USD
18:13:18 [DEBUG] [x10] Subscribed to publicTrades/EDEN/USD
18:13:18 [DEBUG] [x10] Subscribed to funding/EDEN/USD
18:13:18 [DEBUG] [x10] Subscribed to publicTrades/RESOLV/USD
18:13:18 [DEBUG] [x10] Subscribed to funding/RESOLV/USD
18:13:18 [DEBUG] [x10] Subscribed to publicTrades/MKR/USD
18:13:18 [DEBUG] [x10] Subscribed to funding/MKR/USD
18:13:18 [DEBUG] [x10] Subscribed to publicTrades/POPCAT/USD
18:13:18 [DEBUG] [x10] Subscribed to funding/POPCAT/USD
18:13:18 [DEBUG] [x10] Subscribed to publicTrades/ZRO/USD
18:13:18 [DEBUG] [x10] Subscribed to funding/ZRO/USD
18:13:18 [DEBUG] [x10] Subscribed to publicTrades/LTC/USD
18:13:18 [DEBUG] [x10] Subscribed to funding/LTC/USD
18:13:18 [DEBUG] [x10] Subscribed to publicTrades/OP/USD
18:13:18 [DEBUG] [x10] Subscribed to funding/OP/USD
18:13:18 [DEBUG] [x10] Subscribed to publicTrades/BERA/USD
18:13:18 [DEBUG] [x10] Subscribed to funding/BERA/USD
18:13:18 [DEBUG] [x10] Subscribed to publicTrades/1000PEPE/USD
18:13:18 [DEBUG] [x10] Subscribed to funding/1000PEPE/USD
18:13:18 [DEBUG] [x10] Subscribed to publicTrades/AVAX/USD
18:13:18 [DEBUG] [x10] Subscribed to funding/AVAX/USD
18:13:18 [DEBUG] [x10] Subscribed to publicTrades/HYPE/USD
18:13:18 [DEBUG] [x10] Subscribed to funding/HYPE/USD
18:13:18 [DEBUG] [x10] Subscribed to publicTrades/APEX/USD
18:13:18 [DEBUG] [x10] Subscribed to funding/APEX/USD
18:13:18 [DEBUG] [x10] Subscribed to publicTrades/SPX/USD
18:13:18 [DEBUG] [x10] Subscribed to funding/SPX/USD
18:13:18 [DEBUG] [x10] Subscribed to publicTrades/CRV/USD
18:13:18 [DEBUG] [x10] Subscribed to funding/CRV/USD
18:13:18 [DEBUG] [x10] Subscribed to publicTrades/BTC/USD
18:13:18 [DEBUG] [x10] Subscribed to funding/BTC/USD
18:13:18 [DEBUG] [x10] Subscribed to publicTrades/WIF/USD
18:13:18 [DEBUG] [x10] Subscribed to funding/WIF/USD
18:13:18 [DEBUG] [x10] Subscribed to publicTrades/MNT/USD
18:13:18 [DEBUG] [x10] Subscribed to funding/MNT/USD
18:13:19 [DEBUG] [x10] Subscribed to publicTrades/PUMP/USD
18:13:19 [DEBUG] [x10] Subscribed to funding/PUMP/USD
18:13:19 [DEBUG] [x10] Subscribed to publicTrades/SEI/USD
18:13:19 [DEBUG] [x10] Subscribed to funding/SEI/USD
18:13:19 [DEBUG] [x10] Subscribed to publicTrades/TRUMP/USD
18:13:19 [DEBUG] [x10] Subscribed to funding/TRUMP/USD
18:13:19 [DEBUG] [x10] Subscribed to publicTrades/ASTER/USD
18:13:19 [DEBUG] [x10] Subscribed to funding/ASTER/USD
18:13:19 [DEBUG] [x10] Subscribed to publicTrades/BCH/USD
18:13:19 [DEBUG] [x10] Subscribed to funding/BCH/USD
18:13:19 [DEBUG] [x10] Subscribed to publicTrades/ETH/USD
18:13:19 [DEBUG] [x10] Subscribed to funding/ETH/USD
18:13:19 [DEBUG] [x10] Subscribed to publicTrades/TAO/USD
18:13:19 [DEBUG] [x10] Subscribed to funding/TAO/USD
18:13:19 [DEBUG] [x10] Subscribed to publicTrades/ONDO/USD
18:13:19 [DEBUG] [x10] Subscribed to funding/ONDO/USD
18:13:19 [DEBUG] [x10] Subscribed to publicTrades/APT/USD
18:13:19 [DEBUG] [x10] Subscribed to funding/APT/USD
18:13:19 [DEBUG] [x10] Subscribed to publicTrades/GRASS/USD
18:13:19 [DEBUG] [x10] Subscribed to funding/GRASS/USD
18:13:19 [DEBUG] ⚠️ USDJPY-USD: No OI data available
18:13:19 [DEBUG] [x10] Subscribed to publicTrades/NEAR/USD
18:13:19 [DEBUG] [x10] Subscribed to funding/NEAR/USD
18:13:19 [DEBUG] [x10] Subscribed to publicTrades/VIRTUAL/USD
18:13:19 [DEBUG] [x10] Subscribed to funding/VIRTUAL/USD
18:13:19 [DEBUG] [x10] Subscribed to publicTrades/FARTCOIN/USD
18:13:19 [DEBUG] [x10] Subscribed to funding/FARTCOIN/USD
18:13:19 [DEBUG] [x10] Subscribed to publicTrades/MON/USD
18:13:19 [DEBUG] [x10] Subscribed to funding/MON/USD
18:13:19 [DEBUG] [x10] Subscribed to publicTrades/XPL/USD
18:13:19 [DEBUG] [x10] Subscribed to funding/XPL/USD
18:13:19 [DEBUG] [x10] Subscribed to publicTrades/WLFI/USD
18:13:19 [DEBUG] [x10] Subscribed to funding/WLFI/USD
18:13:19 [DEBUG] [x10] Subscribed to publicTrades/ADA/USD
18:13:19 [DEBUG] [x10] Subscribed to funding/ADA/USD
18:13:20 [DEBUG] [x10] Subscribed to publicTrades/FIL/USD
18:13:20 [DEBUG] [x10] Subscribed to funding/FIL/USD
18:13:20 [DEBUG] [x10] Subscribed to publicTrades/DOT/USD
18:13:20 [DEBUG] [x10] Subscribed to funding/DOT/USD
18:13:20 [DEBUG] [x10] Subscribed to publicTrades/WLD/USD
18:13:20 [DEBUG] [x10] Subscribed to funding/WLD/USD
18:13:20 [DEBUG] [x10] Subscribed to publicTrades/S/USD
18:13:20 [DEBUG] [x10] Subscribed to funding/S/USD
18:13:20 [DEBUG] [x10] Subscribed to publicTrades/PENGU/USD
18:13:20 [DEBUG] [x10] Subscribed to funding/PENGU/USD
18:13:20 [DEBUG] [x10] Subscribed to publicTrades/XAU/USD
18:13:20 [DEBUG] [x10] Subscribed to funding/XAU/USD
18:13:20 [DEBUG] [x10] Subscribed to publicTrades/1000BONK/USD
18:13:20 [DEBUG] [x10] Subscribed to funding/1000BONK/USD
18:13:20 [DEBUG] [x10] Subscribed to publicTrades/LINEA/USD
18:13:20 [DEBUG] [x10] Subscribed to funding/LINEA/USD
18:13:20 [DEBUG] [x10] Subscribed to publicTrades/AVNT/USD
18:13:20 [DEBUG] [x10] Subscribed to funding/AVNT/USD
18:13:20 [DEBUG] [x10] Subscribed to publicTrades/IP/USD
18:13:20 [DEBUG] [x10] Subscribed to funding/IP/USD
18:13:20 [DEBUG] [x10] Subscribed to publicTrades/XRP/USD
18:13:20 [DEBUG] [x10] Subscribed to funding/XRP/USD
18:13:20 [DEBUG] [x10] Subscribed to publicTrades/ENA/USD
18:13:20 [DEBUG] [x10] Subscribed to funding/ENA/USD
18:13:20 [DEBUG] [x10] Subscribed to publicTrades/ZEC/USD
18:13:20 [DEBUG] [x10] Subscribed to funding/ZEC/USD
18:13:20 [DEBUG] [x10] Subscribed to publicTrades/TON/USD
18:13:20 [DEBUG] [x10] Subscribed to funding/TON/USD
18:13:20 [INFO] 🔗 Components Wired: WS -> OI Tracker -> Prediction
18:13:20 [INFO] 🧟 Starte Zombie-Check: Vergleiche DB mit echten Positionen...
18:13:20 [INFO] ✅ DB ist sauber (keine offenen Trades).
18:13:20 [INFO] ✅ ParallelExecutionManager: Rollback processor started
18:13:20 [INFO] ✅ ParallelExecutionManager started
18:13:20 [INFO] 📝 Registered task: logic_loop (critical=True)
18:13:20 [INFO] 📝 Registered task: trade_management_loop (critical=True)
18:13:20 [INFO] 📝 Registered task: farm_loop (critical=False)
18:13:20 [INFO] 📝 Registered task: maintenance_loop (critical=False)
18:13:20 [INFO] 📝 Registered task: cleanup_finished_tasks (critical=False)
18:13:20 [INFO] 📝 Registered task: health_reporter (critical=False)
18:13:20 [INFO] 📝 Registered task: connection_watchdog (critical=True)
18:13:20 [INFO] ✅ Signal handlers installed (SIGINT, SIGTERM)
18:13:20 [INFO] ▶️  Started task: logic_loop
18:13:20 [INFO] ▶️  Started task: trade_management_loop
18:13:20 [INFO] ▶️  Started task: farm_loop
18:13:20 [INFO] ▶️  Started task: maintenance_loop
18:13:20 [INFO] ▶️  Started task: cleanup_finished_tasks
18:13:20 [INFO] ▶️  Started task: health_reporter
18:13:20 [INFO] ▶️  Started task: connection_watchdog
18:13:20 [INFO] 🚀 Started 7 tasks
18:13:20 [INFO] ═══════════════════════════════════════════════════════════
18:13:20 [INFO]    BOT V5 RUNNING 24/7 - SUPERVISED | Ctrl+C = Stop   
18:13:20 [INFO] ═══════════════════════════════════════════════════════════
18:13:20 [INFO] 🔄 Rollback processor running...
18:13:20 [INFO] Logic Loop gestartet – REFRESH alle 3s
18:13:20 [INFO] ⚡ Latency Arb Detector initialized (threshold: 1.0s)
18:13:20 [INFO] ❄️ Warming up caches (waiting for WS data)... X10=91, Lit=0
18:13:20 [INFO] 🛡️ Trade Management Loop gestartet
18:13:20 [INFO] 🚜 Farm Mode ACTIVE
18:13:20 [DEBUG] Sending GET https://api.starknet.extended.exchange/api/v1/user/balance
18:13:20 [DEBUG] 📊 X10 Funding Cache refresh (current=91)
18:13:20 [INFO] 🐕 Connection Watchdog gestartet (Timeout: 120s)
18:13:20 [INFO] 🔍 Supervisor loop started
18:13:20 [DEBUG] Sending GET https://api.starknet.extended.exchange/api/v1/info/markets?
18:13:22 [DEBUG] Lighter Balance: Raw=$300.42, Safe=$285.40
18:13:22 [INFO] 🚜 Opening FARM: TIA-USD APY=46.4%
18:13:22 [DEBUG] Sending GET https://api.starknet.extended.exchange/api/v1/user/positions?
18:13:22 [INFO]  X10: 91 Märkte geladen, 91 Funding Rates, 79 Preise
18:13:22 [DEBUG] X10: Funding Refresh OK, cache=91
18:13:22 [DEBUG] 📊 Lighter Funding Cache refresh (current=0)
18:13:23 [DEBUG] Lighter: Loaded 0 funding rates
18:13:23 [INFO] ❄️ Warming up caches (waiting for WS data)... X10=91, Lit=0
18:13:23 [DEBUG] Lighter: Loaded 115 prices via REST
18:13:23 [DEBUG] Lighter: Funding Refresh OK, cache=0
18:13:24 [DEBUG] ✅ SUI-USD: X10=$426,834, Lighter=$0, Total=$426,834
18:13:24 [INFO] Lighter: Found 0 open positions
18:13:24 [DEBUG] ✅ TIA-USD verified: No existing positions on exchanges
18:13:24 [INFO]  Volatility Monitor initialized: Low<3.0%, Normal<10.0%, High<20.0%, Hard Cap<50.0%
18:13:24 [DEBUG] Sending GET https://api.starknet.extended.exchange/api/v1/user/balance
18:13:24 [INFO] 🔍 Running periodic exchange sync check...
18:13:24 [INFO] 🔍 Starting Exchange Sync Check...
18:13:24 [DEBUG] Sending GET https://api.starknet.extended.exchange/api/v1/user/positions?
18:13:25 [INFO] Lighter: Found 0 open positions
18:13:25 [INFO] ✅ Exchanges are SYNCED: 0 paired positions
18:13:25 [DEBUG] Lighter Balance: Raw=$300.42, Safe=$285.40
18:13:25 [INFO] 🎲 KellyPositionSizer initialized (Safety=0.25, MaxFraction=0.1)
18:13:25 [INFO] 🎰 KELLY TIA-USD: win_rate=80.0%, kelly_fraction=0.6000, safe_fraction=0.0500, confidence=LOW, samples=0
18:13:25 [INFO] 📊 KELLY SIZE TIA-USD: base=$30.0, kelly_recommended=$14.3, final=$30.0
18:13:25 [INFO] 🚀 Opening TIA-USD: Size=$30.0 (Min=$11.0)
18:13:25 [INFO] 🔄 [PARALLEL] TIA-USD: Lighter POST-ONLY first
18:13:25 [INFO] 🚀 LIGHTER OPEN TIA-USD: side=SELL, size_usd=$30.00, price=$0.553720
18:13:25 [INFO] 🔄 [PARALLEL] TIA-USD: X10 MARKET order
18:13:25 [ERROR] Lighter Order Error: MarketIndex should not be larger than 254
18:13:25 [DEBUG] Sending GET https://api.starknet.extended.exchange/api/v1/info/markets?
18:13:26 [INFO] ❄️ Warming up caches (waiting for WS data)... X10=91, Lit=0
18:13:27 [DEBUG] ✅ 1000SHIB-USD: X10=$136,865, Lighter=$0, Total=$136,865
18:13:27 [DEBUG] Placing an order: id=1627307961047289084121318452751260804057945418990820720192033265622390169737
18:13:27 [DEBUG] Sending POST https://api.starknet.extended.exchange/api/v1/user/order, headers={<RequestHeader.ACCEPT: 'Accept'>: 'application/json', <RequestHeader.CONTENT_TYPE: 'Content-Type'>: 'application/json', <RequestHeader.USER_AGENT: 'User-Agent'>: 'X10PythonTradingClient/0.0.17', <RequestHeader.API_KEY: 'X-Api-Key'>: 'a1c9207f79f0e57ddc454bf1e16dbe49'}
18:13:28 [INFO]  X10 Order: 1995541742505529344
18:13:28 [ERROR] 🔄 [ROLLBACK] TIA-USD: Lighter failed, queueing X10 rollback
18:13:28 [INFO] 📤 [ROLLBACK] TIA-USD: Queued for background processing
18:13:28 [DEBUG] 🧹 Cleaned task: TIA-USD
18:13:28 [INFO] 🔄 [ROLLBACK] Processing TIA-USD...
18:13:29 [INFO] ❄️ Warming up caches (waiting for WS data)... X10=91, Lit=0
18:13:31 [DEBUG] ✅ BNB-USD: X10=$1,137,482, Lighter=$0, Total=$1,137,482
18:13:31 [DEBUG] Sending GET https://api.starknet.extended.exchange/api/v1/user/positions?
18:13:32 [INFO] → X10 Rollback TIA-USD: size=53.000000, side=BUY
18:13:32 [DEBUG] Sending GET https://api.starknet.extended.exchange/api/v1/user/positions?
18:13:32 [INFO] 🔻 X10 CLOSE TIA-USD: size=53.000000, side=SELL
18:13:32 [DEBUG] Placing an order: id=1317953974511624182535360269733173432118146972606228145335903354936633838225
18:13:32 [DEBUG] Sending POST https://api.starknet.extended.exchange/api/v1/user/order, headers={<RequestHeader.ACCEPT: 'Accept'>: 'application/json', <RequestHeader.CONTENT_TYPE: 'Content-Type'>: 'application/json', <RequestHeader.USER_AGENT: 'User-Agent'>: 'X10PythonTradingClient/0.0.17', <RequestHeader.API_KEY: 'X-Api-Key'>: 'a1c9207f79f0e57ddc454bf1e16dbe49'}
18:13:32 [INFO]  X10 Order: 1995541758747377664
18:13:32 [INFO] ❄️ Warming up caches (waiting for WS data)... X10=91, Lit=0
18:13:34 [DEBUG] Sending GET https://api.starknet.extended.exchange/api/v1/user/positions?
18:13:35 [INFO] ✓ X10 rollback TIA-USD: Success (53.000000 coins)
18:13:35 [INFO] ✅ [ROLLBACK] TIA-USD: Complete (attempt 1)
18:13:35 [INFO] ❄️ Warming up caches (waiting for WS data)... X10=91, Lit=0
18:13:36 [DEBUG] 💓 [lighter] Ping/Pong OK
18:13:37 [DEBUG] ✅ UNI-USD: X10=$156,526, Lighter=$0, Total=$156,526
18:13:38 [WARNING] [x10] Connection closed: 1011 Ping timeout
18:13:38 [ERROR] [x10] Send error: received 1011 (internal error) Ping timeout; then sent 1011 (internal error) Ping timeout
18:13:38 [DEBUG] 💓 [x10] App-Ping sent
18:13:38 [INFO] 🔄 [x10] Reconnecting in 1.0s (attempt 1)
18:13:38 [INFO] ❄️ Warming up caches (waiting for WS data)... X10=91, Lit=0
18:13:40 [INFO] ✅ [x10] Connected to wss://api.starknet.extended.exchange/stream.extended.exchange/v1/account
18:13:40 [DEBUG] [x10] Subscribed to publicTrades/LINK/USD
18:13:40 [DEBUG] [x10] Subscribed to funding/WLFI/USD
18:13:40 [DEBUG] [x10] Subscribed to funding/SEI/USD
18:13:40 [DEBUG] [x10] Subscribed to funding/USDJPY/USD
18:13:40 [DEBUG] [x10] Subscribed to funding/MKR/USD
18:13:40 [DEBUG] [x10] Subscribed to funding/SOL/USD
18:13:40 [DEBUG] [x10] Subscribed to funding/ZEC/USD
18:13:41 [DEBUG] [x10] Subscribed to publicTrades/TRUMP/USD
18:13:41 [DEBUG] [x10] Subscribed to publicTrades/NEAR/USD
18:13:41 [DEBUG] ✅ LINK-USD: X10=$256,185, Lighter=$0, Total=$256,185
18:13:41 [DEBUG] [x10] Subscribed to funding/AVAX/USD
18:13:41 [DEBUG] [x10] Subscribed to funding/CRV/USD
18:13:41 [DEBUG] [x10] Subscribed to funding/DOT/USD
18:13:41 [DEBUG] [x10] Subscribed to funding/HYPE/USD
18:13:41 [DEBUG] [x10] Subscribed to funding/1000SHIB/USD
18:13:41 [DEBUG] [x10] Subscribed to funding/RESOLV/USD
18:13:41 [DEBUG] [x10] Subscribed to publicTrades/SUI/USD
18:13:41 [INFO] ❄️ Warming up caches (waiting for WS data)... X10=91, Lit=0
18:13:41 [DEBUG] [x10] Subscribed to publicTrades/RESOLV/USD
18:13:42 [DEBUG] [x10] Subscribed to funding/EDEN/USD
18:13:42 [DEBUG] [x10] Subscribed to publicTrades/ZEC/USD
18:13:42 [DEBUG] [x10] Subscribed to publicTrades/ONDO/USD
18:13:42 [DEBUG] [x10] Subscribed to funding/1000PEPE/USD
18:13:42 [DEBUG] [x10] Subscribed to funding/DOGE/USD
18:13:42 [DEBUG] [x10] Subscribed to publicTrades/POPCAT/USD
18:13:42 [DEBUG] [x10] Subscribed to funding/SPX/USD
18:13:42 [DEBUG] [x10] Subscribed to publicTrades/DOGE/USD
18:13:42 [DEBUG] [x10] Subscribed to funding/ENA/USD
18:13:42 [DEBUG] [x10] Subscribed to publicTrades/APT/USD
18:13:43 [DEBUG] [x10] Subscribed to funding/BCH/USD
18:13:43 [DEBUG] [x10] Subscribed to funding/EIGEN/USD
18:13:43 [DEBUG] [x10] Subscribed to funding/BERA/USD
18:13:43 [DEBUG] [x10] Subscribed to funding/FARTCOIN/USD
18:13:43 [DEBUG] [x10] Subscribed to publicTrades/XPL/USD
18:13:43 [DEBUG] [x10] Subscribed to funding/ETH/USD
18:13:43 [DEBUG] [x10] Subscribed to funding/UNI/USD
18:13:43 [DEBUG] [x10] Subscribed to funding/POPCAT/USD
18:13:43 [DEBUG] [x10] Subscribed to publicTrades/UNI/USD
18:13:44 [DEBUG] [x10] Subscribed to publicTrades/MNT/USD
18:13:44 [DEBUG] [x10] Subscribed to publicTrades/AVAX/USD
18:13:44 [DEBUG] [x10] Subscribed to publicTrades/WLD/USD
18:13:44 [DEBUG] [x10] Subscribed to publicTrades/ADA/USD
18:13:44 [DEBUG] [x10] Subscribed to publicTrades/EIGEN/USD
18:13:44 [DEBUG] [x10] Subscribed to publicTrades/ARB/USD
18:13:44 [DEBUG] [x10] Subscribed to publicTrades/JUP/USD
18:13:44 [DEBUG] [x10] Subscribed to publicTrades/SOL/USD
18:13:44 [INFO] ❄️ Warming up caches (waiting for WS data)... X10=91, Lit=0
18:13:44 [DEBUG] [x10] Subscribed to funding/LTC/USD
18:13:44 [DEBUG] [x10] Subscribed to funding/ONDO/USD
18:13:44 [DEBUG] ⚠️ XAG-USD: No OI data available
18:13:45 [DEBUG] [x10] Subscribed to funding/APEX/USD
18:13:45 [DEBUG] [x10] Subscribed to funding/JUP/USD
18:13:45 [DEBUG] [x10] Subscribed to publicTrades/MKR/USD
18:13:45 [DEBUG] [x10] Subscribed to funding/LDO/USD
18:13:45 [DEBUG] [x10] Subscribed to publicTrades/FARTCOIN/USD
18:13:45 [DEBUG] [x10] Subscribed to publicTrades/BNB/USD
18:13:45 [DEBUG] [x10] Subscribed to publicTrades/PENGU/USD
18:13:45 [DEBUG] [x10] Subscribed to funding/BNB/USD
18:13:45 [DEBUG] [x10] Subscribed to funding/ZRO/USD
18:13:45 [DEBUG] [x10] Subscribed to publicTrades/LTC/USD
18:13:46 [DEBUG] [x10] Subscribed to funding/LINEA/USD
18:13:46 [DEBUG] [x10] Subscribed to funding/MON/USD
18:13:46 [DEBUG] [x10] Subscribed to funding/TIA/USD
18:13:46 [DEBUG] [x10] Subscribed to funding/VIRTUAL/USD
18:13:46 [DEBUG] [x10] Subscribed to funding/WLD/USD
18:13:46 [DEBUG] [x10] Subscribed to funding/XAG/USD
18:13:46 [DEBUG] [x10] Subscribed to publicTrades/TRX/USD
18:13:46 [DEBUG] [x10] Subscribed to publicTrades/FIL/USD
18:13:46 [DEBUG] [x10] Subscribed to funding/FIL/USD
18:13:46 [DEBUG] [x10] Subscribed to publicTrades/ETH/USD
18:13:47 [DEBUG] [x10] Subscribed to publicTrades/XRP/USD
18:13:47 [DEBUG] [x10] Subscribed to funding/TON/USD
18:13:47 [DEBUG] [x10] Subscribed to funding/ARB/USD
18:13:47 [DEBUG] [x10] Subscribed to publicTrades/IP/USD
18:13:47 [DEBUG] [x10] Subscribed to publicTrades/BCH/USD
18:13:47 [DEBUG] [x10] Subscribed to funding/IP/USD
18:13:47 [DEBUG] [x10] Subscribed to publicTrades/XAG/USD
18:13:47 [DEBUG] [x10] Subscribed to publicTrades/XAU/USD
18:13:47 [INFO] ❄️ Warming up caches (waiting for WS data)... X10=91, Lit=0
18:13:47 [DEBUG] [x10] Subscribed to funding/SUI/USD
18:13:47 [DEBUG] [x10] Subscribed to funding/TAO/USD
18:13:48 [DEBUG] [x10] Subscribed to publicTrades/ASTER/USD
18:13:48 [DEBUG] [x10] Subscribed to publicTrades/TON/USD
18:13:48 [DEBUG] [x10] Subscribed to publicTrades/LDO/USD
18:13:48 [DEBUG] [x10] Subscribed to funding/MNT/USD
18:13:48 [DEBUG] [x10] Subscribed to funding/XAU/USD
18:13:48 [DEBUG] [x10] Subscribed to publicTrades/WIF/USD
18:13:48 [DEBUG] [x10] Subscribed to funding/AAVE/USD
18:13:48 [DEBUG] ✅ TIA-USD: X10=$310,715, Lighter=$0, Total=$310,715
18:13:48 [DEBUG] [x10] Subscribed to publicTrades/HYPE/USD
18:13:48 [DEBUG] [x10] Subscribed to publicTrades/BTC/USD
18:13:48 [DEBUG] [x10] Subscribed to funding/PENDLE/USD
18:13:49 [DEBUG] [x10] Subscribed to funding/BTC/USD
18:13:49 [DEBUG] [x10] Subscribed to publicTrades/DOT/USD
18:13:49 [DEBUG] [x10] Subscribed to publicTrades/SEI/USD
18:13:49 [DEBUG] [x10] Subscribed to funding/TRX/USD
18:13:49 [DEBUG] [x10] Subscribed to publicTrades/EDEN/USD
18:13:49 [DEBUG] [x10] Subscribed to publicTrades/GRASS/USD
18:13:49 [DEBUG] [x10] Subscribed to funding/KAITO/USD
18:13:49 [DEBUG] [x10] Subscribed to funding/PUMP/USD
18:13:49 [DEBUG] [x10] Subscribed to publicTrades/PUMP/USD
18:13:50 [DEBUG] [x10] Subscribed to funding/GRASS/USD
18:13:50 [DEBUG] [x10] Subscribed to funding/WIF/USD
18:13:50 [DEBUG] [x10] Subscribed to funding/STRK/USD
18:13:50 [DEBUG] [x10] Subscribed to funding/APT/USD
18:13:50 [DEBUG] [x10] Subscribed to publicTrades/TIA/USD
18:13:50 [DEBUG] [x10] Subscribed to publicTrades/AAVE/USD
18:13:50 [DEBUG] [x10] Subscribed to funding/XRP/USD
18:13:50 [DEBUG] [x10] Subscribed to funding/S/USD
18:13:50 [DEBUG] [x10] Subscribed to funding/ZORA/USD
18:13:50 [INFO] ❄️ Warming up caches (waiting for WS data)... X10=91, Lit=0
18:13:50 [DEBUG] 🐕 Watchdog OK: Daten-Alter 0.0s
18:13:50 [DEBUG] [x10] Subscribed to funding/NEAR/USD
18:13:51 [DEBUG] [x10] Subscribed to publicTrades/VIRTUAL/USD
18:13:51 [DEBUG] [x10] Subscribed to publicTrades/APEX/USD
18:13:51 [DEBUG] [x10] Subscribed to publicTrades/ZORA/USD
18:13:51 [DEBUG] [x10] Subscribed to publicTrades/KAITO/USD
18:13:51 [DEBUG] [x10] Subscribed to publicTrades/USDJPY/USD
18:13:51 [DEBUG] [x10] Subscribed to publicTrades/OP/USD
18:13:51 [DEBUG] [x10] Subscribed to publicTrades/STRK/USD
18:13:51 [DEBUG] [x10] Subscribed to funding/XPL/USD
18:13:51 [DEBUG] [x10] Subscribed to funding/PENGU/USD
18:13:51 [DEBUG] [x10] Subscribed to funding/LINK/USD
18:13:51 [DEBUG] [x10] Subscribed to publicTrades/LINEA/USD
18:13:52 [DEBUG] [x10] Subscribed to funding/OP/USD
18:13:52 [DEBUG] [x10] Subscribed to publicTrades/S/USD
18:13:52 [DEBUG] [x10] Subscribed to publicTrades/WLFI/USD
18:13:52 [DEBUG] [x10] Subscribed to funding/ADA/USD
18:13:52 [DEBUG] ✅ EIGEN-USD: X10=$125,210, Lighter=$0, Total=$125,210
18:13:52 [DEBUG] [x10] Subscribed to publicTrades/BERA/USD
18:13:52 [DEBUG] [x10] Subscribed to publicTrades/TAO/USD
18:13:52 [DEBUG] [x10] Subscribed to publicTrades/ZRO/USD
18:13:52 [DEBUG] [x10] Subscribed to funding/AVNT/USD
18:13:52 [DEBUG] [x10] Subscribed to publicTrades/1000PEPE/USD
18:13:53 [DEBUG] [x10] Subscribed to funding/1000BONK/USD
18:13:53 [DEBUG] [x10] Subscribed to publicTrades/1000BONK/USD
18:13:53 [DEBUG] [x10] Subscribed to publicTrades/ENA/USD
18:13:53 [DEBUG] [x10] Subscribed to publicTrades/1000SHIB/USD
18:13:53 [DEBUG] [x10] Subscribed to funding/ASTER/USD
18:13:53 [DEBUG] [x10] Subscribed to publicTrades/MON/USD
18:13:53 [DEBUG] [x10] Subscribed to publicTrades/SPX/USD
18:13:53 [DEBUG] [x10] Subscribed to publicTrades/PENDLE/USD
18:13:53 [DEBUG] [x10] Subscribed to publicTrades/AVNT/USD
18:13:53 [INFO] ❄️ Warming up caches (waiting for WS data)... X10=91, Lit=0
18:13:53 [DEBUG] [x10] Subscribed to publicTrades/CRV/USD
18:13:54 [DEBUG] [x10] Subscribed to funding/TRUMP/USD
18:13:55 [DEBUG] 📊 Lighter Funding Cache refresh (current=0)
18:13:55 [DEBUG] Lighter: Loaded 0 funding rates
18:13:56 [DEBUG] 💓 [lighter] Ping/Pong OK
18:13:56 [INFO] ❄️ Warming up caches (waiting for WS data)... X10=91, Lit=0
18:13:57 [DEBUG] Lighter: Loaded 115 prices via REST
18:13:57 [DEBUG] Lighter: Funding Refresh OK, cache=0
18:13:58 [DEBUG] ✅ JUP-USD: X10=$92,551, Lighter=$0, Total=$92,551
18:13:59 [INFO] ❄️ Warming up caches (waiting for WS data)... X10=91, Lit=0
18:14:01 [WARNING] [x10] Connection closed: 1011 Ping timeout
18:14:01 [ERROR] [x10] Send error: received 1011 (internal error) Ping timeout; then sent 1011 (internal error) Ping timeout
18:14:01 [DEBUG] 💓 [x10] App-Ping sent
18:14:01 [INFO] 🔄 [x10] Reconnecting in 1.0s (attempt 1)
18:14:01 [DEBUG] ✅ DOGE-USD: X10=$226,898, Lighter=$0, Total=$226,898
18:14:02 [INFO] 🚜 Farm Mode ACTIVE
18:14:02 [DEBUG] Sending GET https://api.starknet.extended.exchange/api/v1/user/balance
18:14:02 [INFO] ❄️ Warming up caches (waiting for WS data)... X10=91, Lit=0
18:14:03 [INFO] ✅ [x10] Connected to wss://api.starknet.extended.exchange/stream.extended.exchange/v1/account
18:14:03 [DEBUG] [x10] Subscribed to publicTrades/LINK/USD
18:14:03 [DEBUG] [x10] Subscribed to funding/WLFI/USD
18:14:03 [DEBUG] [x10] Subscribed to funding/SEI/USD
18:14:03 [DEBUG] [x10] Subscribed to funding/USDJPY/USD
18:14:03 [DEBUG] [x10] Subscribed to funding/MKR/USD
18:14:03 [DEBUG] [x10] Subscribed to funding/SOL/USD
18:14:04 [DEBUG] [x10] Subscribed to funding/ZEC/USD
18:14:04 [DEBUG] [x10] Subscribed to publicTrades/TRUMP/USD
18:14:04 [DEBUG] [x10] Subscribed to publicTrades/NEAR/USD
18:14:04 [DEBUG] [x10] Subscribed to funding/AVAX/USD
18:14:04 [DEBUG] [x10] Subscribed to funding/CRV/USD
18:14:04 [DEBUG] Lighter Balance: Raw=$300.42, Safe=$285.40
18:14:04 [INFO] 🚜 Opening FARM: KAITO-USD APY=96.4%
18:14:04 [DEBUG] Sending GET https://api.starknet.extended.exchange/api/v1/user/positions?
18:14:04 [DEBUG] [x10] Subscribed to funding/DOT/USD
18:14:04 [DEBUG] [x10] Subscribed to funding/HYPE/USD
18:14:04 [DEBUG] [x10] Subscribed to funding/1000SHIB/USD
18:14:04 [DEBUG] [x10] Subscribed to funding/RESOLV/USD
18:14:04 [DEBUG] [x10] Subscribed to publicTrades/SUI/USD
18:14:05 [DEBUG] [x10] Subscribed to publicTrades/RESOLV/USD
18:14:05 [DEBUG] [x10] Subscribed to funding/EDEN/USD
18:14:05 [INFO] Lighter: Found 0 open positions
18:14:05 [DEBUG] ✅ KAITO-USD verified: No existing positions on exchanges
18:14:05 [DEBUG] Sending GET https://api.starknet.extended.exchange/api/v1/user/balance
18:14:05 [DEBUG] [x10] Subscribed to publicTrades/ZEC/USD
18:14:05 [DEBUG] [x10] Subscribed to publicTrades/ONDO/USD
18:14:05 [INFO] 🎰 KELLY KAITO-USD: win_rate=80.0%, kelly_fraction=0.6000, safe_fraction=0.0500, confidence=LOW, samples=0
18:14:05 [INFO] 📊 KELLY SIZE KAITO-USD: base=$30.0, kelly_recommended=$14.3, final=$30.0
18:14:05 [INFO] 🚀 Opening KAITO-USD: Size=$30.0 (Min=$11.0)
18:14:05 [INFO] 🔄 [PARALLEL] KAITO-USD: Lighter POST-ONLY first
18:14:05 [INFO] 🚀 LIGHTER OPEN KAITO-USD: side=SELL, size_usd=$30.00, price=$0.612730
18:14:05 [INFO] 🔄 [PARALLEL] KAITO-USD: X10 MARKET order
18:14:05 [ERROR] Lighter Order Error: MarketIndex should not be larger than 254
18:14:05 [DEBUG] [x10] Subscribed to funding/1000PEPE/USD
18:14:05 [DEBUG] Placing an order: id=623862497265401276139177195960129381208255524266827863150649646902585175435
18:14:05 [DEBUG] Sending POST https://api.starknet.extended.exchange/api/v1/user/order, headers={<RequestHeader.ACCEPT: 'Accept'>: 'application/json', <RequestHeader.CONTENT_TYPE: 'Content-Type'>: 'application/json', <RequestHeader.USER_AGENT: 'User-Agent'>: 'X10PythonTradingClient/0.0.17', <RequestHeader.API_KEY: 'X-Api-Key'>: 'a1c9207f79f0e57ddc454bf1e16dbe49'}
18:14:05 [DEBUG] [x10] Subscribed to funding/DOGE/USD
18:14:05 [DEBUG] [x10] Subscribed to publicTrades/POPCAT/USD
18:14:05 [DEBUG] [x10] Subscribed to funding/SPX/USD
18:14:05 [DEBUG] ✅ KAITO-USD: X10=$398,471, Lighter=$0, Total=$398,471
18:14:05 [INFO] ❄️ Warming up caches (waiting for WS data)... X10=91, Lit=0
18:14:05 [DEBUG] [x10] Subscribed to publicTrades/DOGE/USD
18:14:05 [DEBUG] [x10] Subscribed to funding/ENA/USD
18:14:06 [DEBUG] [x10] Subscribed to publicTrades/APT/USD
18:14:06 [DEBUG] [x10] Subscribed to funding/BCH/USD
18:14:06 [DEBUG] [x10] Subscribed to funding/EIGEN/USD
18:14:06 [DEBUG] [x10] Subscribed to funding/BERA/USD
18:14:06 [DEBUG] [x10] Subscribed to funding/FARTCOIN/USD
18:14:06 [INFO]  X10 Order: 1995541900283613184
18:14:06 [ERROR] 🔄 [ROLLBACK] KAITO-USD: Lighter failed, queueing X10 rollback
18:14:06 [INFO] 📤 [ROLLBACK] KAITO-USD: Queued for background processing
18:14:06 [DEBUG] 🧹 Cleaned task: KAITO-USD
18:14:06 [INFO] 🔄 [ROLLBACK] Processing KAITO-USD...
18:14:06 [DEBUG] [x10] Subscribed to publicTrades/XPL/USD
18:14:06 [DEBUG] [x10] Subscribed to funding/ETH/USD
18:14:06 [DEBUG] [x10] Subscribed to funding/UNI/USD
18:14:06 [DEBUG] [x10] Subscribed to funding/POPCAT/USD
18:14:07 [DEBUG] [x10] Subscribed to publicTrades/UNI/USD
18:14:07 [DEBUG] [x10] Subscribed to publicTrades/MNT/USD
18:14:07 [DEBUG] [x10] Subscribed to publicTrades/AVAX/USD
18:14:07 [DEBUG] [x10] Subscribed to publicTrades/WLD/USD
18:14:07 [DEBUG] [x10] Subscribed to publicTrades/ADA/USD
18:14:07 [DEBUG] [x10] Subscribed to publicTrades/EIGEN/USD
18:14:07 [DEBUG] [x10] Subscribed to publicTrades/ARB/USD
18:14:07 [DEBUG] [x10] Subscribed to publicTrades/JUP/USD
18:14:07 [DEBUG] [x10] Subscribed to publicTrades/SOL/USD
18:14:08 [DEBUG] [x10] Subscribed to funding/LTC/USD
18:14:08 [DEBUG] [x10] Subscribed to funding/ONDO/USD
18:14:08 [DEBUG] [x10] Subscribed to funding/APEX/USD
18:14:08 [DEBUG] [x10] Subscribed to funding/JUP/USD
18:14:08 [DEBUG] [x10] Subscribed to publicTrades/MKR/USD
18:14:08 [DEBUG] [x10] Subscribed to funding/LDO/USD
18:14:08 [DEBUG] [x10] Subscribed to publicTrades/FARTCOIN/USD
18:14:08 [DEBUG] [x10] Subscribed to publicTrades/BNB/USD
18:14:08 [DEBUG] [x10] Subscribed to publicTrades/PENGU/USD
18:14:08 [INFO] ❄️ Warming up caches (waiting for WS data)... X10=91, Lit=0
18:14:08 [DEBUG] [x10] Subscribed to funding/BNB/USD
18:14:09 [DEBUG] [x10] Subscribed to funding/ZRO/USD
18:14:09 [DEBUG] [x10] Subscribed to publicTrades/LTC/USD
18:14:09 [DEBUG] [x10] Subscribed to funding/LINEA/USD
18:14:09 [DEBUG] [x10] Subscribed to funding/MON/USD
18:14:09 [DEBUG] [x10] Subscribed to funding/TIA/USD
18:14:09 [DEBUG] [x10] Subscribed to funding/VIRTUAL/USD
18:14:09 [DEBUG] Sending GET https://api.starknet.extended.exchange/api/v1/user/positions?
18:14:09 [DEBUG] ✅ LDO-USD: X10=$137,081, Lighter=$0, Total=$137,081
18:14:09 [DEBUG] [x10] Subscribed to funding/WLD/USD
18:14:09 [DEBUG] [x10] Subscribed to funding/XAG/USD
18:14:09 [INFO] → X10 Rollback KAITO-USD: size=48.000000, side=BUY
18:14:09 [DEBUG] Sending GET https://api.starknet.extended.exchange/api/v1/user/positions?
18:14:09 [DEBUG] [x10] Subscribed to publicTrades/TRX/USD
18:14:09 [DEBUG] [x10] Subscribed to publicTrades/FIL/USD
18:14:10 [INFO] 🔻 X10 CLOSE KAITO-USD: size=48.000000, side=SELL
18:14:10 [DEBUG] [x10] Subscribed to funding/FIL/USD
18:14:10 [DEBUG] Placing an order: id=1827848517722452735029996876008860111693128369060317591429134600698799122542
18:14:10 [DEBUG] Sending POST https://api.starknet.extended.exchange/api/v1/user/order, headers={<RequestHeader.ACCEPT: 'Accept'>: 'application/json', <RequestHeader.CONTENT_TYPE: 'Content-Type'>: 'application/json', <RequestHeader.USER_AGENT: 'User-Agent'>: 'X10PythonTradingClient/0.0.17', <RequestHeader.API_KEY: 'X-Api-Key'>: 'a1c9207f79f0e57ddc454bf1e16dbe49'}
18:14:10 [DEBUG] [x10] Subscribed to publicTrades/ETH/USD
18:14:10 [DEBUG] [x10] Subscribed to publicTrades/XRP/USD
18:14:10 [INFO]  X10 Order: 1995541916145598464
18:14:10 [DEBUG] [x10] Subscribed to funding/TON/USD
18:14:10 [DEBUG] [x10] Subscribed to funding/ARB/USD
18:14:10 [DEBUG] [x10] Subscribed to publicTrades/IP/USD
18:14:10 [DEBUG] [x10] Subscribed to publicTrades/BCH/USD
18:14:10 [DEBUG] [x10] Subscribed to funding/IP/USD
18:14:10 [DEBUG] [x10] Subscribed to publicTrades/XAG/USD
18:14:11 [DEBUG] [x10] Subscribed to publicTrades/XAU/USD
18:14:11 [DEBUG] [x10] Subscribed to funding/SUI/USD
18:14:11 [DEBUG] [x10] Subscribed to funding/TAO/USD
18:14:11 [DEBUG] [x10] Subscribed to publicTrades/ASTER/USD
18:14:11 [DEBUG] [x10] Subscribed to publicTrades/TON/USD
18:14:11 [DEBUG] [x10] Subscribed to publicTrades/LDO/USD
18:14:11 [DEBUG] [x10] Subscribed to funding/MNT/USD
18:14:11 [DEBUG] [x10] Subscribed to funding/XAU/USD
18:14:11 [DEBUG] [x10] Subscribed to publicTrades/WIF/USD
18:14:11 [INFO] ❄️ Warming up caches (waiting for WS data)... X10=91, Lit=0
18:14:11 [DEBUG] [x10] Subscribed to funding/AAVE/USD
18:14:12 [DEBUG] [x10] Subscribed to publicTrades/HYPE/USD
18:14:12 [DEBUG] [x10] Subscribed to publicTrades/BTC/USD
18:14:12 [DEBUG] [x10] Subscribed to funding/PENDLE/USD
18:14:12 [DEBUG] Sending GET https://api.starknet.extended.exchange/api/v1/user/positions?
18:14:12 [DEBUG] [x10] Subscribed to funding/BTC/USD
18:14:12 [DEBUG] [x10] Subscribed to publicTrades/DOT/USD
18:14:12 [DEBUG] [x10] Subscribed to publicTrades/SEI/USD
18:14:12 [INFO] ✓ X10 rollback KAITO-USD: Success (48.000000 coins)
18:14:12 [INFO] ✅ [ROLLBACK] KAITO-USD: Complete (attempt 1)
18:14:12 [DEBUG] [x10] Subscribed to funding/TRX/USD
18:14:12 [DEBUG] [x10] Subscribed to publicTrades/EDEN/USD
18:14:12 [DEBUG] [x10] Subscribed to publicTrades/GRASS/USD
18:14:12 [DEBUG] [x10] Subscribed to funding/KAITO/USD
18:14:13 [DEBUG] [x10] Subscribed to funding/PUMP/USD
18:14:13 [DEBUG] [x10] Subscribed to publicTrades/PUMP/USD
18:14:13 [DEBUG] [x10] Subscribed to funding/GRASS/USD
18:14:13 [DEBUG] ✅ ZORA-USD: X10=$165,885, Lighter=$0, Total=$165,885
18:14:13 [DEBUG] [x10] Subscribed to funding/WIF/USD
18:14:13 [DEBUG] [x10] Subscribed to funding/STRK/USD
18:14:13 [DEBUG] [x10] Subscribed to funding/APT/USD
18:14:13 [DEBUG] [x10] Subscribed to publicTrades/TIA/USD
18:14:13 [DEBUG] [x10] Subscribed to publicTrades/AAVE/USD
18:14:13 [DEBUG] [x10] Subscribed to funding/XRP/USD
18:14:13 [DEBUG] [x10] Subscribed to funding/S/USD
18:14:14 [DEBUG] [x10] Subscribed to funding/ZORA/USD
18:14:14 [DEBUG] [x10] Subscribed to funding/NEAR/USD
18:14:14 [DEBUG] [x10] Subscribed to publicTrades/VIRTUAL/USD
18:14:14 [DEBUG] [x10] Subscribed to publicTrades/APEX/USD
18:14:14 [DEBUG] [x10] Subscribed to publicTrades/ZORA/USD
18:14:14 [DEBUG] [x10] Subscribed to publicTrades/KAITO/USD
18:14:14 [DEBUG] [x10] Subscribed to publicTrades/USDJPY/USD
18:14:14 [DEBUG] [x10] Subscribed to publicTrades/OP/USD
18:14:14 [INFO] ❄️ Warming up caches (waiting for WS data)... X10=91, Lit=0
18:14:14 [DEBUG] [x10] Subscribed to publicTrades/STRK/USD
18:14:14 [DEBUG] [x10] Subscribed to funding/XPL/USD
18:14:15 [DEBUG] [x10] Subscribed to funding/PENGU/USD
18:14:15 [DEBUG] [x10] Subscribed to funding/LINK/USD
18:14:15 [DEBUG] [x10] Subscribed to publicTrades/LINEA/USD
18:14:15 [DEBUG] [x10] Subscribed to funding/OP/USD
18:14:15 [DEBUG] [x10] Subscribed to publicTrades/S/USD
18:14:15 [DEBUG] [x10] Subscribed to publicTrades/WLFI/USD
18:14:15 [DEBUG] [x10] Subscribed to funding/ADA/USD
18:14:15 [DEBUG] [x10] Subscribed to publicTrades/BERA/USD
18:14:15 [DEBUG] [x10] Subscribed to publicTrades/TAO/USD
18:14:15 [DEBUG] [x10] Subscribed to publicTrades/ZRO/USD
18:14:16 [DEBUG] [x10] Subscribed to funding/AVNT/USD
18:14:16 [DEBUG] [x10] Subscribed to publicTrades/1000PEPE/USD
18:14:16 [DEBUG] [x10] Subscribed to funding/1000BONK/USD
18:14:16 [DEBUG] [x10] Subscribed to publicTrades/1000BONK/USD
18:14:16 [DEBUG] [x10] Subscribed to publicTrades/ENA/USD
18:14:16 [DEBUG] [x10] Subscribed to publicTrades/1000SHIB/USD
18:14:16 [DEBUG] [x10] Subscribed to funding/ASTER/USD
18:14:16 [DEBUG] [x10] Subscribed to publicTrades/MON/USD
18:14:16 [DEBUG] 💓 [lighter] Ping/Pong OK
18:14:16 [DEBUG] [x10] Subscribed to publicTrades/SPX/USD
18:14:16 [DEBUG] [x10] Subscribed to publicTrades/PENDLE/USD
18:14:17 [DEBUG] [x10] Subscribed to publicTrades/AVNT/USD
18:14:17 [DEBUG] [x10] Subscribed to publicTrades/CRV/USD
18:14:17 [DEBUG] [x10] Subscribed to funding/TRUMP/USD
18:14:17 [INFO] ❄️ Warming up caches (waiting for WS data)... X10=91, Lit=0
18:14:19 [DEBUG] ✅ TRX-USD: X10=$433,605, Lighter=$0, Total=$433,605
18:14:20 [DEBUG] 🐕 Watchdog OK: Daten-Alter 3.0s
18:14:20 [INFO] ❄️ Warming up caches (waiting for WS data)... X10=91, Lit=0
18:14:22 [DEBUG] ✅ PENDLE-USD: X10=$120,160, Lighter=$0, Total=$120,160
18:14:23 [INFO] ❄️ Warming up caches (waiting for WS data)... X10=91, Lit=0
18:14:24 [WARNING] [x10] Connection closed: 1011 Ping timeout
18:14:24 [ERROR] [x10] Send error: received 1011 (internal error) Ping timeout; then sent 1011 (internal error) Ping timeout
18:14:24 [DEBUG] 💓 [x10] App-Ping sent
18:14:24 [INFO] 🔄 [x10] Reconnecting in 1.0s (attempt 1)
18:14:25 [WARNING] 🛑 Received SIGINT, initiating graceful shutdown...
18:14:25 [INFO] 🛑 Shutting down...
18:14:25 [INFO] 🛑 Initiating graceful shutdown...
18:14:25 [INFO] 🔍 Supervisor loop stopped
18:14:25 [INFO] 🛑 Cancelling logic_loop...
18:14:25 [INFO] 🛑 Cancelling trade_management_loop...
18:14:25 [INFO] 🛑 Cancelling farm_loop...
18:14:25 [INFO] 🛑 Cancelling maintenance_loop...
18:14:25 [INFO] 🛑 Cancelling health_reporter...
18:14:25 [INFO] 🛑 Cancelling connection_watchdog...
18:14:25 [INFO] Logic loop cancelled
18:14:25 [INFO] Connection watchdog cancelled
18:14:25 [INFO] ✅ All tasks stopped
18:14:25 [INFO] 🛑 Rollback processor: Shutdown signal received
18:14:25 [INFO] ✅ ParallelExecutionManager: Stopped
18:14:25 [INFO] 🔌 [x10] WebSocket stopped
18:14:26 [INFO] 🔌 [lighter] WebSocket stopped
18:14:26 [INFO] ✅ WebSocketManager stopped
18:14:26 [INFO] ✅ OpenInterestTracker stopped
18:14:26 [INFO] 🛑 Stopping InMemoryStateManager...
18:14:26 [INFO] 📝 State writer loop stopped
18:14:26 [INFO] ✅ InMemoryStateManager stopped
18:14:26 [INFO] 🔒 Closing database...
18:14:26 [INFO] 🖊️ Database write loop stopped
18:14:26 [INFO] ✅ Database closed
18:14:26 [INFO] ✅ X10 Adapter geschlossen.
18:14:26 [INFO] ✅ Lighter Adapter closed
18:14:26 [INFO] ✅ Bot V5 shutdown complete
