20:21:32 [INFO]  CONFIG VALIDIERUNG abgeschlossen.
20:21:32 [INFO] 🔥 BOT V5 (Architected) STARTING...
20:21:32 [INFO] 🚀 Starting InMemoryStateManager...
20:21:32 [INFO] 📂 Initializing database: data/trades.db
20:21:32 [INFO] ✅ Read pool created: 5 connections
20:21:32 [INFO] ✅ WAL mode enabled
20:21:32 [INFO] 🔄 Running database migrations...
20:21:32 [INFO] ✅ Migrations complete (11 statements)
20:21:32 [INFO] ✅ Database initialized
20:21:32 [INFO] 🖊️ Database write loop started
20:21:32 [INFO] 📂 Loaded 2 trades from database
20:21:32 [INFO] ✅ InMemoryStateManager started (loaded 2 trades)
20:21:32 [INFO] ✅ State Manager started
20:21:32 [INFO]  Telegram Bot disabled (Token/ChatID missing).
20:21:32 [INFO] ✅ Async database initialized
20:21:32 [INFO] 📝 State writer loop started
20:21:32 [DEBUG] ✅ Database schema up to date
20:21:32 [INFO] Initialisiere X10 Adapter...
20:21:32 [INFO]  X10 Account initialisiert.
20:21:32 [INFO] Initialisiere Lighter Adapter...
20:21:32 [INFO] 📊 Loading Market Data via REST...
20:21:32 [DEBUG] Sending GET https://api.starknet.extended.exchange/api/v1/info/markets?
20:21:34 [WARNING] ⚠️ Skipping ETH-USD: market_id=None (parsed=-1) invalid or >254
20:21:34 [INFO] ✅ Lighter: Loaded 115 markets (base data)
20:21:34 [DEBUG] Starting new HTTPS connection (1): mainnet.zklighter.elliot.ai:443
20:21:35 [DEBUG] https://mainnet.zklighter.elliot.ai:443 "GET /api/v1/nextNonce?account_index=60113&api_key_index=3 HTTP/1.1" 200 25
20:21:35 [INFO]  X10: 91 Märkte geladen, 91 Funding Rates, 78 Preise
20:21:37 [INFO] ✅ Lighter: Updated 115 markets with size_decimals from API
20:21:37 [INFO] 📊 MARKET ADA-USD: size_decimals=1, price_decimals=5, min_base_amount=10.0
20:21:37 [INFO] 📊 MARKET SEI-USD: size_decimals=1, price_decimals=5, min_base_amount=50.0
20:21:37 [INFO] 📊 MARKET RESOLV-USD: size_decimals=0, price_decimals=6, min_base_amount=40.0
20:21:37 [INFO] 📊 MARKET TIA-USD: size_decimals=1, price_decimals=5, min_base_amount=3.0
20:21:37 [INFO] ✅ Markets loaded: X10=91, Lighter=115
20:21:37 [INFO] 📈 Pre-loading Lighter prices...
20:21:37 [DEBUG] Lighter: Loaded 379 funding rates
20:21:38 [DEBUG] Lighter: Loaded 115 prices via REST
20:21:38 [INFO] ✅ Lighter prices loaded: 115 symbols
20:21:38 [INFO] FundingPredictorV2 initialized with BTC Correlation
20:21:38 [INFO] 启动 OI Tracker für 67 Symbole...
20:21:38 [INFO] ✅ OpenInterestTracker started (interval=30.0s)
20:21:38 [INFO] 🌐 Starting WebSocket Manager...
20:21:38 [INFO] 📊 OI Tracker: Starting cycle 1 (67 symbols)
20:21:38 [INFO] 🔌 [lighter] WebSocket manager started
20:21:38 [INFO] 🔌 [x10] WebSocket manager started
20:21:38 [INFO] 🔌 [lighter] Connecting with kwargs: {'close_timeout': 5.0, 'max_size': 4194304, 'ping_interval': 20.0, 'ping_timeout': 10.0}
20:21:38 [INFO] 🔌 [x10] Connecting with kwargs: {'close_timeout': 5.0, 'max_size': 4194304, 'ping_interval': 15.0, 'additional_headers': {'X-Api-Key': 'a1c9207f79f0e57ddc454bf1e16dbe49', 'User-Agent': 'X10PythonTradingClient/0.4.5'}}
20:21:38 [INFO] ✅ WebSocketManager started
20:21:38 [DEBUG] ✅ WIF-USD: X10=$329,387, Lighter=$2,617,385, Total=$2,946,772
20:21:39 [INFO] ✅ [lighter] Connected to wss://mainnet.zklighter.elliot.ai/stream
20:21:39 [INFO] ✅ [lighter] Keepalive enabled: ping_interval=20.0s, ping_timeout=10.0s
20:21:39 [INFO] [lighter] Resubscribing to 73 channels (paced)...
20:21:39 [INFO] [lighter] Receive loop started (async iterator)
20:21:39 [DEBUG] 💓 [lighter] Heartbeat monitor started (library handles ping/pong)
20:21:39 [DEBUG] [lighter] Subscribed to order_book/32
20:21:39 [DEBUG] [lighter] Subscribed to trade/32
20:21:39 [INFO] ✅ [x10] Connected to wss://api.starknet.extended.exchange/stream.extended.exchange/v1/account
20:21:39 [INFO] ✅ [x10] Keepalive enabled: ping_interval=15.0s, ping_timeout=None (auto-pong)
20:21:39 [INFO] [x10] Receive loop started (async iterator)
20:21:39 [DEBUG] [x10] RAW MSG: {"type":"ORDER","data":{"isSnapshot":true,"orders":[]},"ts":1764703290550,"seq":1}
20:21:39 [DEBUG] 💓 [x10] Heartbeat monitor started (library handles ping/pong)
20:21:39 [DEBUG] [x10] RAW MSG: {"type":"BALANCE","data":{"isSnapshot":true,"balance":{"collateralName":"USD","balance":"301.542424"
20:21:39 [DEBUG] [x10] RAW MSG: {"type":"POSITION","data":{"isSnapshot":true,"positions":[]},"ts":1764703290550,"seq":3}
20:21:39 [DEBUG] [lighter] Subscribed to order_book/47
20:21:39 [DEBUG] [lighter] Subscribed to trade/47
20:21:39 [DEBUG] [lighter] Subscribed to order_book/93
20:21:39 [DEBUG] [lighter] Subscribed to trade/93
20:21:39 [DEBUG] [lighter] Subscribed to order_book/26
20:21:39 [DEBUG] [lighter] Subscribed to trade/26
20:21:39 [DEBUG] [lighter] Resubscribed 10/73 channels
20:21:39 [DEBUG] [lighter] Subscribed to order_book/37
20:21:39 [DEBUG] [lighter] Subscribed to trade/37
20:21:39 [DEBUG] [lighter] Subscribed to order_book/60
20:21:39 [DEBUG] [lighter] Subscribed to trade/60
20:21:39 [DEBUG] [lighter] Subscribed to order_book/28
20:21:39 [DEBUG] [lighter] Subscribed to trade/28
20:21:39 [DEBUG] [lighter] Resubscribed 20/73 channels
20:21:39 [DEBUG] [lighter] Subscribed to order_book/6
20:21:39 [DEBUG] [lighter] Subscribed to trade/6
20:21:39 [DEBUG] [lighter] Subscribed to order_book/76
20:21:39 [DEBUG] [lighter] Subscribed to trade/76
20:21:39 [DEBUG] [lighter] Subscribed to order_book/50
20:21:39 [DEBUG] [lighter] Subscribed to trade/50
20:21:39 [DEBUG] [lighter] Subscribed to order_book/58
20:21:39 [DEBUG] [lighter] Subscribed to trade/58
20:21:39 [DEBUG] [lighter] Resubscribed 30/73 channels
20:21:39 [DEBUG] [lighter] Subscribed to order_book/11
20:21:39 [DEBUG] [lighter] Subscribed to trade/11
20:21:39 [DEBUG] [lighter] Subscribed to order_book/72
20:21:39 [DEBUG] [lighter] Subscribed to trade/72
20:21:39 [DEBUG] [lighter] Subscribed to order_book/53
20:21:39 [DEBUG] [lighter] Subscribed to trade/53
20:21:39 [DEBUG] [lighter] Subscribed to order_book/42
20:21:39 [DEBUG] [lighter] Subscribed to trade/42
20:21:39 [DEBUG] [lighter] Resubscribed 40/73 channels
20:21:39 [DEBUG] [lighter] Subscribed to order_book/33
20:21:39 [DEBUG] [lighter] Subscribed to trade/33
20:21:39 [DEBUG] [lighter] Subscribed to order_book/63
20:21:39 [DEBUG] [lighter] Subscribed to trade/63
20:21:39 [DEBUG] [lighter] Subscribed to order_book/24
20:21:39 [DEBUG] [lighter] Subscribed to trade/24
20:21:39 [DEBUG] [lighter] Subscribed to order_book/103
20:21:39 [DEBUG] [lighter] Subscribed to trade/103
20:21:39 [DEBUG] [lighter] Resubscribed 50/73 channels
20:21:39 [DEBUG] [lighter] Subscribed to order_book/29
20:21:39 [DEBUG] [lighter] Subscribed to trade/29
20:21:39 [DEBUG] [lighter] Subscribed to order_book/98
20:21:39 [DEBUG] [lighter] Subscribed to trade/98
20:21:39 [DEBUG] [lighter] Subscribed to order_book/10
20:21:39 [DEBUG] [lighter] Subscribed to trade/10
20:21:39 [DEBUG] [lighter] Subscribed to order_book/41
20:21:39 [DEBUG] [lighter] Subscribed to trade/41
20:21:39 [DEBUG] [lighter] Subscribed to order_book/45
20:21:39 [DEBUG] [lighter] Subscribed to trade/45
20:21:39 [DEBUG] [lighter] Resubscribed 60/73 channels
20:21:39 [DEBUG] [lighter] Subscribed to order_book/38
20:21:39 [DEBUG] [lighter] Subscribed to trade/38
20:21:39 [DEBUG] [lighter] Subscribed to order_book/83
20:21:39 [DEBUG] [lighter] Subscribed to trade/83
20:21:39 [DEBUG] [lighter] Subscribed to order_book/51
20:21:39 [DEBUG] [lighter] Subscribed to trade/51
20:21:39 [DEBUG] [lighter] Subscribed to order_book/90
20:21:39 [DEBUG] [lighter] Subscribed to trade/90
20:21:39 [DEBUG] [lighter] Resubscribed 70/73 channels
20:21:39 [INFO] [lighter] Resubscribed to 73 channels
20:21:39 [DEBUG] [lighter] Subscribed to order_book/25
20:21:39 [DEBUG] [lighter] Subscribed to trade/25
20:21:39 [DEBUG] [lighter] Subscribed to order_book/46
20:21:39 [DEBUG] [lighter] Subscribed to trade/46
20:21:39 [DEBUG] [lighter] Subscribed to order_book/23
20:21:39 [DEBUG] [lighter] Subscribed to trade/23
20:21:40 [INFO] [x10] Subscribing to 134 channels (paced to allow ping/pong)...
20:21:40 [DEBUG] [x10] Subscribed to publicTrades/WIF/USD
20:21:40 [DEBUG] [x10] Subscribed to funding/WIF/USD
20:21:40 [DEBUG] [x10] Subscribed to publicTrades/APT/USD
20:21:40 [DEBUG] [x10] Subscribed to funding/APT/USD
20:21:40 [DEBUG] [x10] Subscribed to publicTrades/TAO/USD
20:21:40 [DEBUG] [x10] Subscribed to funding/TAO/USD
20:21:40 [DEBUG] [x10] Subscribed to publicTrades/TRUMP/USD
20:21:40 [DEBUG] [x10] Subscribed to funding/TRUMP/USD
20:21:40 [DEBUG] [x10] Subscribed to publicTrades/SUI/USD
20:21:40 [DEBUG] [x10] Subscribed to funding/SUI/USD
20:21:40 [DEBUG] [x10] Subscribed to publicTrades/EIGEN/USD
20:21:40 [DEBUG] [x10] Subscribed to funding/EIGEN/USD
20:21:41 [DEBUG] [x10] Subscribed to publicTrades/1000SHIB/USD
20:21:41 [DEBUG] [x10] Subscribed to funding/1000SHIB/USD
20:21:41 [DEBUG] [x10] Subscribed to publicTrades/FARTCOIN/USD
20:21:41 [DEBUG] [x10] Subscribed to funding/FARTCOIN/USD
20:21:41 [DEBUG] [x10] Subscribed to publicTrades/XAU/USD
20:21:41 [DEBUG] [x10] Subscribed to funding/XAU/USD
20:21:41 [DEBUG] [x10] Subscribed to publicTrades/EDEN/USD
20:21:41 [DEBUG] [x10] Subscribed to funding/EDEN/USD
20:21:41 [DEBUG] [x10] Subscribed to publicTrades/XPL/USD
20:21:42 [INFO] [x10] Resubscribing to 21 channels (paced)...
20:21:42 [DEBUG] [x10] Subscribed to funding/XPL/USD
20:21:42 [DEBUG] [x10] Subscribed to publicTrades/CRV/USD
20:21:42 [DEBUG] [x10] Subscribed to funding/CRV/USD
20:21:42 [DEBUG] [x10] Subscribed to publicTrades/1000PEPE/USD
20:21:42 [DEBUG] [x10] Subscribed to funding/1000PEPE/USD
20:21:42 [DEBUG] [x10] Subscribed to publicTrades/AVNT/USD
20:21:42 [DEBUG] ✅ APT-USD: X10=$131,030, Lighter=$1,297,671, Total=$1,428,701
20:21:42 [DEBUG] [x10] Subscribed to funding/AVNT/USD
20:21:42 [DEBUG] [x10] Subscribed to publicTrades/APEX/USD
20:21:42 [DEBUG] [x10] Subscribed to funding/APEX/USD
20:21:43 [DEBUG] [x10] Subscribed to publicTrades/GRASS/USD
20:21:43 [DEBUG] [x10] Subscribed to funding/GRASS/USD
20:21:43 [DEBUG] [x10] Subscribed to publicTrades/LINK/USD
20:21:43 [DEBUG] [x10] Subscribed to funding/LINK/USD
20:21:43 [DEBUG] [x10] Subscribed to publicTrades/TRX/USD
20:21:43 [DEBUG] [x10] Subscribed to funding/TRX/USD
20:21:43 [DEBUG] [x10] Subscribed to publicTrades/UNI/USD
20:21:43 [DEBUG] [x10] Subscribed to funding/UNI/USD
20:21:43 [DEBUG] [x10] Subscribed to publicTrades/LTC/USD
20:21:44 [DEBUG] [x10] Subscribed to funding/LTC/USD
20:21:44 [DEBUG] [x10] Subscribed to publicTrades/MON/USD
20:21:44 [DEBUG] [x10] Subscribed to funding/MON/USD
20:21:44 [DEBUG] [x10] Subscribed to publicTrades/OP/USD
20:21:44 [DEBUG] [x10] Subscribed to funding/OP/USD
20:21:44 [DEBUG] [x10] Subscribed to publicTrades/SOL/USD
20:21:44 [DEBUG] [x10] Subscribed to funding/SOL/USD
20:21:44 [DEBUG] [x10] Subscribed to publicTrades/BTC/USD
20:21:44 [DEBUG] [x10] Subscribed to funding/BTC/USD
20:21:44 [DEBUG] [x10] Subscribed to publicTrades/TON/USD
20:21:44 [DEBUG] [x10] Subscribed to funding/TON/USD
20:21:44 [DEBUG] [x10] Subscribed to publicTrades/TIA/USD
20:21:45 [DEBUG] [x10] Paused in ping/pong window at 0.9s
20:21:45 [DEBUG] [x10] Resubscribed 3/21 channels
20:21:45 [DEBUG] [x10] Subscribed to funding/TIA/USD
20:21:45 [DEBUG] [x10] Subscribed to publicTrades/ADA/USD
20:21:45 [DEBUG] [x10] Subscribed to funding/ADA/USD
20:21:45 [DEBUG] [x10] Subscribed to publicTrades/DOGE/USD
20:21:45 [DEBUG] [x10] Subscribed to funding/DOGE/USD
20:21:45 [DEBUG] [x10] Subscribed to publicTrades/AVAX/USD
20:21:45 [DEBUG] [x10] Subscribed to funding/AVAX/USD
20:21:45 [DEBUG] [x10] Subscribed to publicTrades/STRK/USD
20:21:45 [DEBUG] [x10] Subscribed to funding/STRK/USD
20:21:46 [DEBUG] [x10] Subscribed to publicTrades/S/USD
20:21:46 [DEBUG] [x10] Subscribed to funding/S/USD
20:21:46 [DEBUG] [x10] Subscribed to publicTrades/IP/USD
20:21:46 [DEBUG] ✅ TAO-USD: X10=$217,420, Lighter=$6,614, Total=$224,034
20:21:46 [DEBUG] [x10] Subscribed to funding/IP/USD
20:21:46 [DEBUG] [x10] Subscribed to publicTrades/AAVE/USD
20:21:46 [DEBUG] [x10] Subscribed to funding/AAVE/USD
20:21:46 [DEBUG] [x10] Subscribed to publicTrades/XRP/USD
20:21:46 [DEBUG] [x10] Subscribed to funding/XRP/USD
20:21:46 [DEBUG] [x10] Subscribed to publicTrades/BERA/USD
20:21:46 [DEBUG] [x10] Resubscribed 6/21 channels
20:21:46 [DEBUG] [x10] Subscribed to funding/BERA/USD
20:21:46 [DEBUG] [x10] Subscribed to publicTrades/1000BONK/USD
20:21:46 [DEBUG] [x10] Subscribed to funding/1000BONK/USD
20:21:47 [DEBUG] [x10] Subscribed to publicTrades/SEI/USD
20:21:47 [DEBUG] [x10] Subscribed to funding/SEI/USD
20:21:47 [DEBUG] [x10] Subscribed to publicTrades/PENGU/USD
20:21:47 [DEBUG] [x10] Subscribed to funding/PENGU/USD
20:21:47 [DEBUG] [x10] Subscribed to publicTrades/XAG/USD
20:21:47 [DEBUG] [x10] Subscribed to funding/XAG/USD
20:21:47 [DEBUG] [x10] Subscribed to publicTrades/JUP/USD
20:21:47 [DEBUG] [x10] Subscribed to funding/JUP/USD
20:21:47 [DEBUG] [x10] Subscribed to publicTrades/PENDLE/USD
20:21:48 [DEBUG] [x10] Subscribed to funding/PENDLE/USD
20:21:48 [DEBUG] [x10] Subscribed to publicTrades/ZRO/USD
20:21:48 [DEBUG] [x10] Subscribed to funding/ZRO/USD
20:21:48 [DEBUG] [x10] Subscribed to publicTrades/MKR/USD
20:21:48 [DEBUG] [x10] Subscribed to funding/MKR/USD
20:21:48 [DEBUG] [x10] Subscribed to publicTrades/WLD/USD
20:21:48 [DEBUG] [x10] Subscribed to funding/WLD/USD
20:21:48 [DEBUG] [x10] Subscribed to publicTrades/LINEA/USD
20:21:48 [DEBUG] [x10] Subscribed to funding/LINEA/USD
20:21:48 [DEBUG] [x10] Resubscribed 9/21 channels
20:21:49 [DEBUG] [x10] Subscribed to publicTrades/ARB/USD
20:21:49 [DEBUG] [x10] Subscribed to funding/ARB/USD
20:21:49 [DEBUG] [x10] Subscribed to publicTrades/BCH/USD
20:21:49 [DEBUG] 💓 [lighter] Alive (uptime=10s, last_msg=0s ago)
20:21:49 [DEBUG] 💓 [x10] Alive (uptime=10s, last_msg=10s ago)
20:21:49 [DEBUG] [x10] Subscribed to funding/BCH/USD
20:21:49 [DEBUG] [x10] Subscribed to publicTrades/DOT/USD
20:21:49 [DEBUG] [x10] Subscribed to funding/DOT/USD
20:21:49 [DEBUG] [x10] Subscribed to publicTrades/WLFI/USD
20:21:49 [DEBUG] [x10] Subscribed to funding/WLFI/USD
20:21:49 [DEBUG] [x10] Subscribed to publicTrades/ZORA/USD
20:21:49 [DEBUG] [x10] Subscribed to funding/ZORA/USD
20:21:49 [DEBUG] [x10] Subscribed to publicTrades/SPX/USD
20:21:49 [DEBUG] [x10] Subscribed to funding/SPX/USD
20:21:50 [DEBUG] ✅ SUI-USD: X10=$904,099, Lighter=$2,046,353, Total=$2,950,452
20:21:50 [DEBUG] [x10] Subscribed to publicTrades/KAITO/USD
20:21:50 [DEBUG] [x10] Subscribed to funding/KAITO/USD
20:21:50 [DEBUG] [x10] Subscribed to publicTrades/MNT/USD
20:21:50 [DEBUG] [x10] Subscribed to funding/MNT/USD
20:21:50 [DEBUG] [x10] Subscribed to publicTrades/HYPE/USD
20:21:50 [DEBUG] [x10] Subscribed to funding/HYPE/USD
20:21:50 [DEBUG] [x10] Resubscribed 12/21 channels
20:21:50 [DEBUG] [x10] Subscribed to publicTrades/FIL/USD
20:21:50 [DEBUG] [x10] Subscribed to funding/FIL/USD
20:21:50 [DEBUG] [x10] Subscribed to publicTrades/ENA/USD
20:21:51 [DEBUG] [x10] Subscribed to funding/ENA/USD
20:21:51 [DEBUG] [x10] Subscribed to publicTrades/USDJPY/USD
20:21:51 [DEBUG] [x10] Subscribed to funding/USDJPY/USD
20:21:51 [DEBUG] [x10] Subscribed to publicTrades/NEAR/USD
20:21:51 [DEBUG] [x10] Subscribed to funding/NEAR/USD
20:21:51 [DEBUG] [x10] Subscribed to publicTrades/VIRTUAL/USD
20:21:51 [DEBUG] [x10] Subscribed to funding/VIRTUAL/USD
20:21:51 [DEBUG] [x10] Subscribed to publicTrades/PUMP/USD
20:21:51 [DEBUG] [x10] Subscribed to funding/PUMP/USD
20:21:52 [DEBUG] [x10] Subscribed to publicTrades/ONDO/USD
20:21:52 [DEBUG] [x10] Subscribed to funding/ONDO/USD
20:21:52 [DEBUG] [x10] Subscribed to publicTrades/ASTER/USD
20:21:52 [DEBUG] [x10] Subscribed to funding/ASTER/USD
20:21:52 [DEBUG] [x10] Subscribed to publicTrades/RESOLV/USD
20:21:52 [DEBUG] [x10] Subscribed to funding/RESOLV/USD
20:21:52 [DEBUG] [x10] Resubscribed 15/21 channels
20:21:52 [DEBUG] [x10] Subscribed to publicTrades/ZEC/USD
20:21:52 [DEBUG] [x10] Subscribed to funding/ZEC/USD
20:21:52 [DEBUG] [x10] Subscribed to publicTrades/BNB/USD
20:21:52 [DEBUG] [x10] Subscribed to funding/BNB/USD
20:21:52 [DEBUG] [x10] Subscribed to publicTrades/LDO/USD
20:21:52 [DEBUG] [x10] Subscribed to funding/LDO/USD
20:21:53 [DEBUG] [x10] Subscribed to publicTrades/POPCAT/USD
20:21:53 [DEBUG] [x10] Subscribed to funding/POPCAT/USD
20:21:53 [INFO] [x10] Subscribed to 67 markets
20:21:53 [INFO] 🔗 Components Wired: WS -> OI Tracker -> Prediction
20:21:53 [INFO] 🧟 Starte Zombie-Check: Vergleiche DB mit echten Positionen...
20:21:53 [INFO] 🔍 DB meldet 2 offene Trades. Prüfe Exchange...
20:21:53 [DEBUG] Sending GET https://api.starknet.extended.exchange/api/v1/user/positions?
20:21:53 [DEBUG] ✅ TRUMP-USD: X10=$174,603, Lighter=$305,964, Total=$480,567
20:21:54 [DEBUG] [x10] Resubscribed 18/21 channels
20:21:54 [INFO] Lighter: Found 0 open positions
20:21:54 [INFO] 🌍 Echte Positionen auf Exchanges: []
20:21:54 [WARNING] ⚠️  ZOMBIE GEFUNDEN: ENA-USD ist in DB offen, aber nicht auf Exchange. Schließe ihn...
20:21:54 [INFO] ✅ Trade ENA-USD closed (PnL: $0.00)
20:21:54 [WARNING] ⚠️  ZOMBIE GEFUNDEN: STRK-USD ist in DB offen, aber nicht auf Exchange. Schließe ihn...
20:21:54 [INFO] ✅ Trade STRK-USD closed (PnL: $0.00)
20:21:54 [INFO] ✅ ParallelExecutionManager: Rollback processor started
20:21:54 [INFO] ✅ ParallelExecutionManager started
20:21:54 [INFO] 📝 Registered task: logic_loop (critical=True)
20:21:54 [INFO] 📝 Registered task: trade_management_loop (critical=True)
20:21:54 [INFO] 📝 Registered task: farm_loop (critical=False)
20:21:54 [INFO] 📝 Registered task: maintenance_loop (critical=False)
20:21:54 [INFO] 📝 Registered task: cleanup_finished_tasks (critical=False)
20:21:54 [INFO] 📝 Registered task: health_reporter (critical=False)
20:21:54 [INFO] 📝 Registered task: connection_watchdog (critical=True)
20:21:54 [INFO] ✅ Signal handlers installed (SIGINT, SIGTERM)
20:21:54 [INFO] ▶️  Started task: logic_loop
20:21:54 [INFO] ▶️  Started task: trade_management_loop
20:21:54 [INFO] ▶️  Started task: farm_loop
20:21:54 [INFO] ▶️  Started task: maintenance_loop
20:21:54 [INFO] ▶️  Started task: cleanup_finished_tasks
20:21:54 [INFO] ▶️  Started task: health_reporter
20:21:54 [INFO] ▶️  Started task: connection_watchdog
20:21:54 [INFO] 🚀 Started 7 tasks
20:21:54 [INFO] ═══════════════════════════════════════════════════════════
20:21:54 [INFO]    BOT V5 RUNNING 24/7 - SUPERVISED | Ctrl+C = Stop   
20:21:54 [INFO] ═══════════════════════════════════════════════════════════
20:21:54 [INFO] 🔄 Rollback processor running...
20:21:54 [INFO] Logic Loop gestartet – REFRESH alle 3s
20:21:54 [INFO] ⚡ Latency Arb Detector initialized (threshold: 1.0s)
20:21:54 [INFO] 🔍 🚜 FARM Scanning 67 pairs. Open symbols to skip: set()
20:21:54 [DEBUG] Price cache status: X10=67/67, Lighter=66/67
20:21:54 [INFO] 🔍 Scanning 67 pairs. Lighter markets: 115, X10 markets: 91
20:21:54 [INFO] 🛡️ Trade Management Loop gestartet
20:21:54 [INFO] 🚜 Farm Mode ACTIVE
20:21:54 [DEBUG] Sending GET https://api.starknet.extended.exchange/api/v1/user/balance
20:21:54 [DEBUG] 📊 X10 Funding Cache refresh (current=91)
20:21:54 [INFO] 🐕 Connection Watchdog gestartet (Timeout: 120s)
20:21:54 [INFO] 🔍 Supervisor loop started
20:21:54 [DEBUG] 📝 Flushed 1 writes
20:21:54 [DEBUG] 📝 Flushed 1 writes in 16.0ms
20:21:54 [DEBUG] Sending GET https://api.starknet.extended.exchange/api/v1/info/markets?
20:21:54 [DEBUG] MKR-USD: Missing prices (X=1663.9, L=None)
20:21:55 [INFO] ✅ Found 0 opportunities with predictions (farm_mode=True)
20:21:55 [INFO] ⚠️ Keine Prediction-Opportunities, nutze Fallback mit echten Funding Rates...
20:21:55 [INFO]  Volatility Monitor initialized: Low<3.0%, Normal<10.0%, High<20.0%, Hard Cap<50.0%
20:21:55 [DEBUG] Skip APT-USD: Spread 0.39% too high
20:21:55 [DEBUG] Skip FARTCOIN-USD: Spread 0.30% too high
20:21:55 [DEBUG] ⛔ Skip XAU-USD: TradFi/FX
20:21:55 [INFO] 🔍 DEBUG CRV-USD: rl=-0.00006700, rx=-0.00013000, net=0.00006300, apy=55.2%
20:21:55 [INFO] 💎 CRV-USD | APY: 55.2%
20:21:55 [INFO] 🔍 DEBUG APEX-USD: rl=0.00001200, rx=-0.00013100, net=0.00014300, apy=125.3%
20:21:55 [DEBUG] Skip APEX-USD: Spread 0.35% too high
20:21:55 [DEBUG] Skip STRK-USD: Spread 0.98% too high
20:21:55 [INFO] 🔍 DEBUG BERA-USD: rl=-0.00015600, rx=-0.00009400, net=-0.00006200, apy=54.3%
20:21:55 [INFO] 💎 BERA-USD | APY: 54.3%
20:21:55 [DEBUG] ⛔ Skip XAG-USD: TradFi/FX
20:21:55 [DEBUG] Skip ZORA-USD: Spread 0.43% too high
20:21:55 [DEBUG] ⛔ Skip SPX-USD: TradFi/FX
20:21:55 [INFO] 🔍 DEBUG ENA-USD: rl=-0.00010200, rx=-0.00001100, net=-0.00009100, apy=79.7%
20:21:55 [INFO] 💎 ENA-USD | APY: 79.7%
20:21:55 [INFO] 🔍 DEBUG RESOLV-USD: rl=-0.00063600, rx=-0.00075200, net=0.00011600, apy=101.6%
20:21:55 [DEBUG] Skip RESOLV-USD: Spread 0.55% too high
20:21:55 [INFO] ✅ Found 33 opportunities from 63 valid pairs (farm_mode=True, scanned=67)
20:21:55 [INFO] 🎯 Found 3 opportunities, executing best...
20:21:55 [DEBUG] Sending GET https://api.starknet.extended.exchange/api/v1/user/balance
20:21:55 [DEBUG] Lighter Balance: Raw=$294.67, Safe=$279.94
20:21:55 [INFO] 🚜 Opening FARM: TAO-USD APY=15.8%
20:21:55 [DEBUG] Sending GET https://api.starknet.extended.exchange/api/v1/user/positions?
20:21:55 [DEBUG] 📝 Flushed 1 writes
20:21:55 [DEBUG] 📝 Flushed 1 writes in 0.0ms
20:21:56 [DEBUG] Lighter Balance: Raw=$294.67, Safe=$279.94
20:21:56 [INFO] X10: Detected balance = $301.54
20:21:56 [INFO] 🚀 Launching 3 trades (Slots available: 3)
20:21:56 [DEBUG] Sending GET https://api.starknet.extended.exchange/api/v1/user/positions?
20:21:56 [INFO] Lighter: Found 0 open positions
20:21:56 [DEBUG] ✅ TAO-USD verified: No existing positions on exchanges
20:21:56 [DEBUG] MIN_NOTIONAL TAO-USD: min_base=0.05000000 coins, price=$285.3780, min_qty_usd=$14.27, min_notional_api=$10.00, final=$15.70
20:21:56 [DEBUG] Sending GET https://api.starknet.extended.exchange/api/v1/user/balance
20:21:56 [INFO] 🎲 KellyPositionSizer initialized (Safety=0.25, MaxFraction=0.1)
20:21:56 [INFO] 🎰 KELLY TAO-USD: win_rate=80.0%, kelly_fraction=0.6000, safe_fraction=0.0500, confidence=LOW, samples=0
20:21:56 [INFO] 📊 KELLY SIZE TAO-USD: base=$30.0, kelly_recommended=$14.0, final=$30.0
20:21:56 [INFO] 🚀 Opening TAO-USD: Size=$30.0 (Min=$30.0)
20:21:56 [INFO] 🔄 [PARALLEL] TAO-USD: Lighter POST-ONLY first
20:21:56 [INFO] 🚀 LIGHTER OPEN TAO-USD: side=SELL, size_usd=$30.00, price=$285.378000
20:21:56 [DEBUG] 🔍 DEBUG: TAO-USD market_id = 13 (raw=13, type=<class 'int'>)
20:21:56 [DEBUG] QUANTIZE TAO-USD: USD=30.00, coins=0.105124, raw=105, lot_size=50, final=100
20:21:56 [INFO] 🔄 [PARALLEL] TAO-USD: X10 MARKET order
20:21:56 [DEBUG] Create Order Tx Info: {"AccountIndex":60113,"ApiKeyIndex":3,"MarketIndex":13,"ClientOrderIndex":1764703370723,"BaseAmount":100,"Price":283665,"IsAsk":1,"Type":0,"TimeInForce":1,"ReduceOnly":0,"TriggerPrice":0,"OrderExpiry":1767122516631,"ExpiredAt":1764703915631,"Nonce":2172,"Sig":"aUNsgK7ywRUe7IUjsTQfnsGn4Rs/wtNpMtBiWkoMPY2Rg5kVTMLkTFQ2VtDFnprIGfNqVUgxvanyI6o6jMUj50S2lDtmL8Sb+gdktjC9gkA="}
20:21:56 [DEBUG] Sending GET https://api.starknet.extended.exchange/api/v1/info/markets?
20:21:56 [INFO]  X10: 91 Märkte geladen, 91 Funding Rates, 82 Preise
20:21:56 [INFO] Lighter: Found 0 open positions
20:21:56 [INFO] 💰 Balance: X10=$301.5 (free=$267.0), Lit=$279.9 (free=$245.4) | DB_Trades=0, Real_Positions=0, Locked=$0/ex
20:21:56 [INFO] 🚀 Launching trade for ENA-USD (APY=79.7%)
20:21:56 [DEBUG] Sending GET https://api.starknet.extended.exchange/api/v1/user/positions?
20:21:56 [DEBUG] X10: Funding Refresh OK, cache=91
20:21:56 [DEBUG] 📊 Lighter Funding Cache refresh (current=115)
20:21:57 [DEBUG] Lighter: Loaded 379 funding rates
20:21:57 [INFO] 🚀 Launching trade for CRV-USD (APY=55.2%)
20:21:57 [DEBUG] Sending GET https://api.starknet.extended.exchange/api/v1/user/positions?
20:21:57 [DEBUG] [x10] Paused in ping/pong window at 13.2s
20:21:57 [DEBUG] [x10] Resubscribed 21/21 channels
20:21:57 [INFO] [x10] Resubscribed to 21 channels
20:21:57 [INFO] Lighter: Found 0 open positions
20:21:57 [DEBUG] ✅ ENA-USD verified: No existing positions on exchanges
20:21:57 [DEBUG] MIN_NOTIONAL ENA-USD: min_base=20.00000000 coins, price=$0.2647, min_qty_usd=$5.29, min_notional_api=$10.00, final=$11.00
20:21:57 [DEBUG] Sending GET https://api.starknet.extended.exchange/api/v1/user/balance
20:21:57 [DEBUG] Create Order Send Tx Response: code=200 message='{"ratelimit": "didn\'t use volume quota"}' tx_hash='3b49c75c7df9a82ca6d3f28ef125ed865cec2670f024adfb551c24e8d57eeec825fa1af7f7126883' predicted_execution_time_ms=1764703309376 additional_properties={}
20:21:57 [INFO] Lighter Order: 3b49c75c7df9a82ca6d3f28ef125ed865cec2670f024adfb551c24e8d57eeec825fa1af7f7126883
20:21:57 [INFO] 🚀 Launching trade for BERA-USD (APY=54.3%)
20:21:57 [DEBUG] Sending GET https://api.starknet.extended.exchange/api/v1/user/positions?
20:21:57 [DEBUG] Lighter: Loaded 115 prices via REST
20:21:57 [DEBUG] Lighter: Funding Refresh OK, cache=115
20:21:58 [INFO] Lighter: Found 0 open positions
20:21:58 [DEBUG] ✅ CRV-USD verified: No existing positions on exchanges
20:21:58 [DEBUG] MIN_NOTIONAL CRV-USD: min_base=20.00000000 coins, price=$0.3942, min_qty_usd=$7.88, min_notional_api=$10.00, final=$11.00
20:21:58 [INFO] ✅ Launched 3 trade tasks this cycle
20:21:58 [INFO] Lighter: Found 1 open positions
20:21:58 [DEBUG] ✅ BERA-USD verified: No existing positions on exchanges
20:21:58 [DEBUG] MIN_NOTIONAL BERA-USD: min_base=3.00000000 coins, price=$0.9132, min_qty_usd=$2.74, min_notional_api=$10.00, final=$11.00
20:21:58 [INFO] 🔍 Running periodic exchange sync check...
20:21:58 [INFO] 🔍 Starting Exchange Sync Check...
20:21:58 [DEBUG] Sending GET https://api.starknet.extended.exchange/api/v1/user/positions?
20:21:58 [DEBUG] Placing an order: id=865210682618352382103952011420405388496156473106331507960514358859156106521
20:21:58 [DEBUG] Sending POST https://api.starknet.extended.exchange/api/v1/user/order, headers={<RequestHeader.ACCEPT: 'Accept'>: 'application/json', <RequestHeader.CONTENT_TYPE: 'Content-Type'>: 'application/json', <RequestHeader.USER_AGENT: 'User-Agent'>: 'X10PythonTradingClient/0.0.17', <RequestHeader.API_KEY: 'X-Api-Key'>: 'a1c9207f79f0e57ddc454bf1e16dbe49'}
20:21:59 [DEBUG] 💓 [x10] Alive (uptime=20s, last_msg=20s ago)
20:21:59 [DEBUG] 💓 [lighter] Alive (uptime=20s, last_msg=0s ago)
20:21:59 [INFO] Lighter: Found 1 open positions
20:21:59 [ERROR] 🚨 DESYNC DETECTED: Positions only on Lighter: {'TAO-USD'}
20:21:59 [ERROR] ⚠️ These are UNHEDGED and create directional risk!
20:21:59 [WARNING] 🔻 Closing orphaned Lighter position: TAO-USD
20:21:59 [INFO] 🔍 DEBUG close_live_position ENTRY: symbol=TAO-USD (type=<class 'str'>)
20:21:59 [INFO] 🔍 DEBUG: original_side=SELL (type=<class 'str'>)
20:21:59 [INFO] 🔍 DEBUG: notional_usd=28.5378 (type=<class 'float'>)
20:21:59 [DEBUG] Lighter Balance: Raw=$294.67, Safe=$279.94
20:21:59 [INFO] 🎰 KELLY ENA-USD: win_rate=80.0%, kelly_fraction=0.6000, safe_fraction=0.0500, confidence=LOW, samples=0
20:21:59 [INFO] 📊 KELLY SIZE ENA-USD: base=$30.0, kelly_recommended=$12.4, final=$30.0
20:21:59 [DEBUG] Sending GET https://api.starknet.extended.exchange/api/v1/user/balance
20:21:59 [INFO] 🎰 KELLY CRV-USD: win_rate=80.0%, kelly_fraction=0.6000, safe_fraction=0.0500, confidence=LOW, samples=0
20:21:59 [INFO] 📊 KELLY SIZE CRV-USD: base=$30.0, kelly_recommended=$12.4, final=$30.0
20:21:59 [DEBUG] Sending GET https://api.starknet.extended.exchange/api/v1/user/balance
20:21:59 [DEBUG] ✅ EIGEN-USD: X10=$140,025, Lighter=$1,885,308, Total=$2,025,334
20:21:59 [INFO] Lighter: Found 1 open positions
20:21:59 [INFO] 🔻 LIGHTER CLOSE TAO-USD: size=-0.100000 coins, side=BUY, price=$285.3780, notional=$28.54
20:21:59 [INFO] 🚀 LIGHTER OPEN TAO-USD: side=BUY, size_usd=$28.54, price=$285.378000
20:21:59 [DEBUG] 🔍 DEBUG: TAO-USD market_id = 13 (raw=13, type=<class 'int'>)
20:21:59 [DEBUG] QUANTIZE TAO-USD: USD=28.54, coins=0.100000, raw=100, lot_size=50, final=100
20:21:59 [DEBUG] Create Order Tx Info: {"AccountIndex":60113,"ApiKeyIndex":3,"MarketIndex":13,"ClientOrderIndex":1764703387377,"BaseAmount":100,"Price":287091,"IsAsk":0,"Type":0,"TimeInForce":1,"ReduceOnly":1,"TriggerPrice":0,"OrderExpiry":1767122519692,"ExpiredAt":1764703918692,"Nonce":2173,"Sig":"FEVdUY24lP00bAFNkiFynyZHDmpTNaz4TjQF4UOuMAxXD4x1HGnPUkvBgc01PhHNnzWchwfYRIx54CtbdB8LRjCWuNVHsuSJY2a6ggZWGX4="}
20:21:59 [INFO] 🎰 KELLY BERA-USD: win_rate=80.0%, kelly_fraction=0.6000, safe_fraction=0.0500, confidence=LOW, samples=0
20:21:59 [INFO] 📊 KELLY SIZE BERA-USD: base=$30.0, kelly_recommended=$12.4, final=$30.0
20:21:59 [INFO] 🚀 Opening ENA-USD: Size=$30.0 (Min=$27.8)
20:21:59 [INFO] 🔄 [PARALLEL] ENA-USD: Lighter POST-ONLY first
20:21:59 [INFO] 🚀 Opening CRV-USD: Size=$30.0 (Min=$11.0)
20:21:59 [INFO] 🔄 [PARALLEL] CRV-USD: Lighter POST-ONLY first
20:21:59 [INFO] 🚀 LIGHTER OPEN ENA-USD: side=SELL, size_usd=$30.00, price=$0.264810
20:21:59 [DEBUG] 🔍 DEBUG: ENA-USD market_id = 29 (raw=29, type=<class 'int'>)
20:21:59 [DEBUG] QUANTIZE ENA-USD: USD=30.00, coins=113.288773, raw=1133, lot_size=200, final=1000
20:21:59 [INFO] 🔄 [PARALLEL] ENA-USD: X10 MARKET order
20:21:59 [INFO] 🚀 Opening BERA-USD: Size=$30.0 (Min=$11.0)
20:21:59 [INFO] 🔄 [PARALLEL] BERA-USD: Lighter POST-ONLY first
20:21:59 [INFO] 🔄 [PARALLEL] CRV-USD: X10 MARKET order
20:21:59 [INFO]  X10 Order: 1995936467227459584
20:21:59 [INFO] 🔄 [PARALLEL] BERA-USD: X10 MARKET order
20:21:59 [INFO] ✅ [PARALLEL] TAO-USD: Both legs filled in 3141ms
20:21:59 [DEBUG] 📝 Trade added to state: TAO-USD
20:21:59 [DEBUG] 🧹 Cleaned task: TAO-USD
20:21:59 [DEBUG] 📝 Flushed 1 writes
20:21:59 [DEBUG] 📝 Flushed 1 writes in 0.0ms
20:21:59 [DEBUG] Create Order Tx Info: {"AccountIndex":60113,"ApiKeyIndex":3,"MarketIndex":29,"ClientOrderIndex":1764703336523,"BaseAmount":1000,"Price":26322,"IsAsk":1,"Type":0,"TimeInForce":1,"ReduceOnly":0,"TriggerPrice":0,"OrderExpiry":1767122519770,"ExpiredAt":1764703918770,"Nonce":2174,"Sig":"xDDI6kkJ9pk1fGZhIwpjcVfMzrOpKQsWjJM4qaZNMBhGzW7yUdlhD0jfo3I5Zgu8biX+TsTLpGw6vzBtbOhe4KkTCLWy/uQmhCaK78OCwhY="}
20:21:59 [INFO] 🚀 LIGHTER OPEN CRV-USD: side=SELL, size_usd=$30.00, price=$0.394170
20:21:59 [DEBUG] 🔍 DEBUG: CRV-USD market_id = 36 (raw=36, type=<class 'int'>)
20:21:59 [DEBUG] QUANTIZE CRV-USD: USD=30.00, coins=76.109293, raw=761, lot_size=200, final=600
20:21:59 [INFO] 🚀 LIGHTER OPEN BERA-USD: side=SELL, size_usd=$30.00, price=$0.913150
20:21:59 [DEBUG] 🔍 DEBUG: BERA-USD market_id = 20 (raw=20, type=<class 'int'>)
20:21:59 [DEBUG] QUANTIZE BERA-USD: USD=30.00, coins=32.853310, raw=329, lot_size=30, final=300
20:21:59 [DEBUG] Placing an order: id=2629266364207503376046716164693173330131578034733229863473646011067535629079
20:21:59 [DEBUG] Sending POST https://api.starknet.extended.exchange/api/v1/user/order, headers={<RequestHeader.ACCEPT: 'Accept'>: 'application/json', <RequestHeader.CONTENT_TYPE: 'Content-Type'>: 'application/json', <RequestHeader.USER_AGENT: 'User-Agent'>: 'X10PythonTradingClient/0.0.17', <RequestHeader.API_KEY: 'X-Api-Key'>: 'a1c9207f79f0e57ddc454bf1e16dbe49'}
20:21:59 [DEBUG] Create Order Tx Info: {"AccountIndex":60113,"ApiKeyIndex":3,"MarketIndex":36,"ClientOrderIndex":1764703397993,"BaseAmount":600,"Price":39180,"IsAsk":1,"Type":0,"TimeInForce":1,"ReduceOnly":0,"TriggerPrice":0,"OrderExpiry":1767122519816,"ExpiredAt":1764703918816,"Nonce":2175,"Sig":"2lJdyafzv4o21BzgBQul3ocOlYUIFznxWyPMBAgFrZPQWKUJNTyzWrr8bufsTh8/AbwJ3GEqqA4XCT+bx6EG8Csz+y3a8uhre7EE/6UVejQ="}
20:21:59 [DEBUG] Create Order Tx Info: {"AccountIndex":60113,"ApiKeyIndex":3,"MarketIndex":20,"ClientOrderIndex":1764703402235,"BaseAmount":300,"Price":90767,"IsAsk":1,"Type":0,"TimeInForce":1,"ReduceOnly":0,"TriggerPrice":0,"OrderExpiry":1767122519834,"ExpiredAt":1764703918834,"Nonce":2176,"Sig":"L7h6F89RhlBby6OGD3j1d04HUufzrXWBz+w9V5zWWm2gKVp2+CfIPaG2g/Gll11z0pkWqIHdsYXoYLjhjHhFbv7UZeuPBB6PiRGitvU3t3k="}
20:21:59 [DEBUG] Placing an order: id=2530250715677954965315442959247696266652278219982986275717501197925704825921
20:21:59 [DEBUG] Sending POST https://api.starknet.extended.exchange/api/v1/user/order, headers={<RequestHeader.ACCEPT: 'Accept'>: 'application/json', <RequestHeader.CONTENT_TYPE: 'Content-Type'>: 'application/json', <RequestHeader.USER_AGENT: 'User-Agent'>: 'X10PythonTradingClient/0.0.17', <RequestHeader.API_KEY: 'X-Api-Key'>: 'a1c9207f79f0e57ddc454bf1e16dbe49'}
20:21:59 [DEBUG] Create Order Send Tx Response: code=200 message='{"ratelimit": "didn\'t use volume quota"}' tx_hash='0e1e5d8649f4615c2e55802c9925bbfb5e59cfe3e4df348b4063855741407faee2b428b25a61f82f' predicted_execution_time_ms=1764703311655 additional_properties={}
20:21:59 [INFO] Lighter Order: 0e1e5d8649f4615c2e55802c9925bbfb5e59cfe3e4df348b4063855741407faee2b428b25a61f82f
20:21:59 [INFO] ✅ Lighter close TAO-USD: Erfolgreich ($28.54)
20:21:59 [INFO] ✅ Closed orphaned Lighter TAO-USD
20:21:59 [WARNING] [x10] Connection closed: 1011 Ping timeout
20:21:59 [INFO] 🔄 [x10] Reconnecting in 1.0s (attempt 1)
20:21:59 [DEBUG] Placing an order: id=286063647670469440300989009469612938157810336285351231861061423480858031414
20:21:59 [DEBUG] Sending POST https://api.starknet.extended.exchange/api/v1/user/order, headers={<RequestHeader.ACCEPT: 'Accept'>: 'application/json', <RequestHeader.CONTENT_TYPE: 'Content-Type'>: 'application/json', <RequestHeader.USER_AGENT: 'User-Agent'>: 'X10PythonTradingClient/0.0.17', <RequestHeader.API_KEY: 'X-Api-Key'>: 'a1c9207f79f0e57ddc454bf1e16dbe49'}
20:22:00 [DEBUG] Create Order Send Tx Response: code=200 message='{"ratelimit": "didn\'t use volume quota"}' tx_hash='aa295019bf6a60712e2d195c9a342cad9ffc8860a391a4fe5f650463e6a3d2219c6aa1bfd8ca40ff' predicted_execution_time_ms=1764703311734 additional_properties={}
20:22:00 [INFO] Lighter Order: aa295019bf6a60712e2d195c9a342cad9ffc8860a391a4fe5f650463e6a3d2219c6aa1bfd8ca40ff
20:22:00 [INFO]  X10 Order: 1995936468523753472
20:22:00 [INFO] ✅ [PARALLEL] ENA-USD: Both legs filled in 312ms
20:22:00 [DEBUG] 📝 Trade added to state: ENA-USD
20:22:00 [DEBUG] Fetching fresh positions (force=False, cache_age=1764703320.7s)
20:22:00 [DEBUG] Sending GET https://api.starknet.extended.exchange/api/v1/user/positions?
20:22:00 [DEBUG] Create Order Send Tx Response: code=200 message='{"ratelimit": "didn\'t use volume quota"}' tx_hash='cbaa0516a42c3c5d235a990c17873e14e0d0b3c55ffa25ae17800429af66cb826c34c29911052556' predicted_execution_time_ms=1764703312519 additional_properties={}
20:22:00 [INFO] Lighter Order: cbaa0516a42c3c5d235a990c17873e14e0d0b3c55ffa25ae17800429af66cb826c34c29911052556
20:22:00 [DEBUG] Create Order Send Tx Response: code=200 message='{"ratelimit": "didn\'t use volume quota"}' tx_hash='4f172fe08f5bbadaa3df939b0b2d7a86df2cb2fd1e952bd094a256bc0fbb3ef418eda67172ae5244' predicted_execution_time_ms=1764703312562 additional_properties={}
20:22:00 [INFO] Lighter Order: 4f172fe08f5bbadaa3df939b0b2d7a86df2cb2fd1e952bd094a256bc0fbb3ef418eda67172ae5244
20:22:00 [INFO]  X10 Order: 1995936472301121536
20:22:00 [INFO] 🔌 [x10] Connecting with kwargs: {'close_timeout': 5.0, 'max_size': 4194304, 'ping_interval': 15.0, 'additional_headers': {'X-Api-Key': 'a1c9207f79f0e57ddc454bf1e16dbe49', 'User-Agent': 'X10PythonTradingClient/0.4.5'}}
20:22:00 [INFO] ✅ [PARALLEL] CRV-USD: Both legs filled in 1203ms
20:22:00 [DEBUG] 📝 Trade added to state: CRV-USD
20:22:00 [DEBUG] 📝 Flushed 1 writes in 15.0ms
20:22:01 [INFO]  X10 Order: 1995936472473837568
20:22:01 [INFO] ✅ [PARALLEL] BERA-USD: Both legs filled in 1250ms
20:22:01 [DEBUG] 📝 Trade added to state: BERA-USD
20:22:01 [INFO] Lighter: Found 1 open positions
20:22:01 [INFO] 📊 Positions: X10=2, Lighter=1
20:22:01 [DEBUG] X10 positions: ['TAO-USD', 'ENA-USD']
20:22:01 [DEBUG] Lighter positions: ['ENA-USD']
20:22:01 [INFO] 🔍 DEBUG ENA-USD: entry_time type=<class 'str'>, value=2025-12-02T19:22:00.065851+00:00
20:22:01 [DEBUG] Check ENA-USD: Age=1.0s (Limit=60s)
20:22:01 [INFO] 🔍 DEBUG TAO-USD: entry_time type=<class 'str'>, value=2025-12-02T19:21:59.762332+00:00
20:22:01 [DEBUG] Check TAO-USD: Age=1.3s (Limit=60s)
20:22:01 [DEBUG] MAX_OPEN_TRADES (3) reached, waiting...
20:22:01 [DEBUG] 📝 Flushed 2 writes
20:22:01 [DEBUG] 📝 Flushed 1 writes in 0.0ms
20:22:02 [INFO] ✅ [x10] Connected to wss://api.starknet.extended.exchange/stream.extended.exchange/v1/account
20:22:02 [INFO] ✅ [x10] Keepalive enabled: ping_interval=15.0s, ping_timeout=None (auto-pong)
20:22:02 [INFO] [x10] Receive loop started (async iterator)
20:22:02 [DEBUG] [x10] RAW MSG: {"type":"ORDER","data":{"isSnapshot":true,"orders":[]},"ts":1764703313403,"seq":1}
20:22:02 [DEBUG] 💓 [x10] Heartbeat monitor started (library handles ping/pong)
20:22:02 [DEBUG] [x10] RAW MSG: {"type":"BALANCE","data":{"isSnapshot":true,"balance":{"collateralName":"USD","balance":"301.516202"
20:22:02 [DEBUG] [x10] RAW MSG: {"type":"POSITION","data":{"isSnapshot":true,"positions":[{"id":1995936468077379584,"accountId":1270
20:22:02 [DEBUG] Using cached positions (age: 1.4s)
20:22:02 [INFO] 🔍 DEBUG ENA-USD: entry_time type=<class 'str'>, value=2025-12-02T19:22:00.065851+00:00
20:22:02 [DEBUG] Check ENA-USD: Age=2.0s (Limit=60s)
20:22:02 [INFO] 🔍 DEBUG TAO-USD: entry_time type=<class 'str'>, value=2025-12-02T19:21:59.762332+00:00
20:22:02 [DEBUG] Check TAO-USD: Age=2.3s (Limit=60s)
20:22:02 [INFO] 🔍 DEBUG CRV-USD: entry_time type=<class 'str'>, value=2025-12-02T19:22:00.965264+00:00
20:22:02 [DEBUG] Check CRV-USD: Age=1.1s (Limit=60s)
20:22:02 [INFO] 🔍 DEBUG BERA-USD: entry_time type=<class 'str'>, value=2025-12-02T19:22:01.003933+00:00
20:22:02 [DEBUG] Check BERA-USD: Age=1.1s (Limit=60s)
20:22:02 [DEBUG] 📝 Flushed 1 writes
20:22:02 [DEBUG] 📝 Flushed 1 writes in 0.0ms
20:22:03 [DEBUG] Using cached positions (age: 2.4s)
20:22:03 [INFO] 🔍 DEBUG ENA-USD: entry_time type=<class 'str'>, value=2025-12-02T19:22:00.065851+00:00
20:22:03 [DEBUG] Check ENA-USD: Age=3.0s (Limit=60s)
20:22:03 [INFO] 🔍 DEBUG TAO-USD: entry_time type=<class 'str'>, value=2025-12-02T19:21:59.762332+00:00
20:22:03 [DEBUG] Check TAO-USD: Age=3.3s (Limit=60s)
20:22:03 [INFO] 🔍 DEBUG CRV-USD: entry_time type=<class 'str'>, value=2025-12-02T19:22:00.965264+00:00
20:22:03 [DEBUG] Check CRV-USD: Age=2.1s (Limit=60s)
20:22:03 [INFO] 🔍 DEBUG BERA-USD: entry_time type=<class 'str'>, value=2025-12-02T19:22:01.003933+00:00
20:22:03 [DEBUG] Check BERA-USD: Age=2.1s (Limit=60s)
20:22:03 [DEBUG] ✅ 1000SHIB-USD: X10=$145,606, Lighter=$159,605,272, Total=$159,750,878
20:22:04 [DEBUG] Using cached positions (age: 3.4s)
20:22:04 [INFO] 🔍 DEBUG ENA-USD: entry_time type=<class 'str'>, value=2025-12-02T19:22:00.065851+00:00
20:22:04 [DEBUG] Check ENA-USD: Age=4.0s (Limit=60s)
20:22:04 [INFO] 🔍 DEBUG TAO-USD: entry_time type=<class 'str'>, value=2025-12-02T19:21:59.762332+00:00
20:22:04 [DEBUG] Check TAO-USD: Age=4.3s (Limit=60s)
20:22:04 [INFO] 🔍 DEBUG CRV-USD: entry_time type=<class 'str'>, value=2025-12-02T19:22:00.965264+00:00
20:22:04 [DEBUG] Check CRV-USD: Age=3.1s (Limit=60s)
20:22:04 [INFO] 🔍 DEBUG BERA-USD: entry_time type=<class 'str'>, value=2025-12-02T19:22:01.003933+00:00
20:22:04 [DEBUG] Check BERA-USD: Age=3.1s (Limit=60s)
20:22:04 [DEBUG] MAX_OPEN_TRADES (3) reached, waiting...
20:22:05 [INFO] [x10] Resubscribing to 134 channels (paced)...
20:22:05 [DEBUG] Using cached positions (age: 4.4s)
20:22:05 [INFO] 🔍 DEBUG ENA-USD: entry_time type=<class 'str'>, value=2025-12-02T19:22:00.065851+00:00
20:22:05 [DEBUG] Check ENA-USD: Age=5.0s (Limit=60s)
20:22:05 [INFO] 🔍 DEBUG TAO-USD: entry_time type=<class 'str'>, value=2025-12-02T19:21:59.762332+00:00
20:22:05 [DEBUG] Check TAO-USD: Age=5.3s (Limit=60s)
20:22:05 [INFO] 🔍 DEBUG CRV-USD: entry_time type=<class 'str'>, value=2025-12-02T19:22:00.965264+00:00
20:22:05 [DEBUG] Check CRV-USD: Age=4.1s (Limit=60s)
20:22:05 [INFO] 🔍 DEBUG BERA-USD: entry_time type=<class 'str'>, value=2025-12-02T19:22:01.003933+00:00
20:22:05 [DEBUG] Check BERA-USD: Age=4.1s (Limit=60s)
20:22:05 [DEBUG] [x10] RAW MSG: {"type":"POSITION","data":{"isSnapshot":false,"positions":[{"id":1995936468077379584,"accountId":127
20:22:05 [DEBUG] [x10] RAW MSG: {"type":"BALANCE","data":{"isSnapshot":false,"balance":{"collateralName":"USD","balance":"301.516202
20:22:06 [DEBUG] Fetching fresh positions (force=False, cache_age=5.4s)
20:22:06 [DEBUG] Sending GET https://api.starknet.extended.exchange/api/v1/user/positions?
20:22:06 [INFO] Lighter: Found 3 open positions
20:22:06 [INFO] 📊 Positions: X10=4, Lighter=3
20:22:06 [DEBUG] X10 positions: ['TAO-USD', 'ENA-USD', 'CRV-USD', 'BERA-USD']
20:22:06 [DEBUG] Lighter positions: ['BERA-USD', 'ENA-USD', 'CRV-USD']
20:22:06 [INFO] 🔍 DEBUG ENA-USD: entry_time type=<class 'str'>, value=2025-12-02T19:22:00.065851+00:00
20:22:06 [DEBUG] Check ENA-USD: Age=6.7s (Limit=60s)
20:22:06 [INFO] 🔍 DEBUG TAO-USD: entry_time type=<class 'str'>, value=2025-12-02T19:21:59.762332+00:00
20:22:06 [DEBUG] Check TAO-USD: Age=7.1s (Limit=60s)
20:22:06 [INFO] 🔍 DEBUG CRV-USD: entry_time type=<class 'str'>, value=2025-12-02T19:22:00.965264+00:00
20:22:06 [DEBUG] Check CRV-USD: Age=5.9s (Limit=60s)
20:22:06 [INFO] 🔍 DEBUG BERA-USD: entry_time type=<class 'str'>, value=2025-12-02T19:22:01.003933+00:00
20:22:06 [DEBUG] Check BERA-USD: Age=5.8s (Limit=60s)
20:22:07 [DEBUG] ✅ FARTCOIN-USD: X10=$312,661, Lighter=$9,565,495, Total=$9,878,157
20:22:07 [DEBUG] MAX_OPEN_TRADES (3) reached, waiting...
20:22:07 [DEBUG] Using cached positions (age: 1.7s)
20:22:07 [INFO] 🔍 DEBUG ENA-USD: entry_time type=<class 'str'>, value=2025-12-02T19:22:00.065851+00:00
20:22:07 [DEBUG] Check ENA-USD: Age=7.8s (Limit=60s)
20:22:07 [INFO] 🔍 DEBUG TAO-USD: entry_time type=<class 'str'>, value=2025-12-02T19:21:59.762332+00:00
20:22:07 [DEBUG] Check TAO-USD: Age=8.1s (Limit=60s)
20:22:07 [INFO] 🔍 DEBUG CRV-USD: entry_time type=<class 'str'>, value=2025-12-02T19:22:00.965264+00:00
20:22:07 [DEBUG] Check CRV-USD: Age=6.9s (Limit=60s)
20:22:07 [INFO] 🔍 DEBUG BERA-USD: entry_time type=<class 'str'>, value=2025-12-02T19:22:01.003933+00:00
20:22:07 [DEBUG] Check BERA-USD: Age=6.8s (Limit=60s)
20:22:07 [DEBUG] [x10] Paused in ping/pong window at 0.9s
20:22:07 [DEBUG] [x10] Resubscribed 3/134 channels
20:22:08 [DEBUG] Using cached positions (age: 2.7s)
20:22:08 [INFO] 🔍 DEBUG ENA-USD: entry_time type=<class 'str'>, value=2025-12-02T19:22:00.065851+00:00
20:22:08 [DEBUG] Check ENA-USD: Age=8.8s (Limit=60s)
20:22:08 [INFO] 🔍 DEBUG TAO-USD: entry_time type=<class 'str'>, value=2025-12-02T19:21:59.762332+00:00
20:22:08 [DEBUG] Check TAO-USD: Age=9.1s (Limit=60s)
20:22:08 [INFO] 🔍 DEBUG CRV-USD: entry_time type=<class 'str'>, value=2025-12-02T19:22:00.965264+00:00
20:22:08 [DEBUG] Check CRV-USD: Age=7.9s (Limit=60s)
20:22:08 [INFO] 🔍 DEBUG BERA-USD: entry_time type=<class 'str'>, value=2025-12-02T19:22:01.003933+00:00
20:22:08 [DEBUG] Check BERA-USD: Age=7.8s (Limit=60s)
20:22:09 [DEBUG] 💓 [lighter] Alive (uptime=30s, last_msg=0s ago)
20:22:09 [DEBUG] [x10] Resubscribed 6/134 channels
20:22:09 [DEBUG] Using cached positions (age: 3.7s)
20:22:09 [INFO] 🔍 DEBUG ENA-USD: entry_time type=<class 'str'>, value=2025-12-02T19:22:00.065851+00:00
20:22:09 [DEBUG] Check ENA-USD: Age=9.8s (Limit=60s)
20:22:09 [INFO] 🔍 DEBUG TAO-USD: entry_time type=<class 'str'>, value=2025-12-02T19:21:59.762332+00:00
20:22:09 [DEBUG] Check TAO-USD: Age=10.1s (Limit=60s)
20:22:09 [INFO] 🔍 DEBUG CRV-USD: entry_time type=<class 'str'>, value=2025-12-02T19:22:00.965264+00:00
20:22:09 [DEBUG] Check CRV-USD: Age=8.9s (Limit=60s)
20:22:09 [INFO] 🔍 DEBUG BERA-USD: entry_time type=<class 'str'>, value=2025-12-02T19:22:01.003933+00:00
20:22:09 [DEBUG] Check BERA-USD: Age=8.8s (Limit=60s)
20:22:10 [DEBUG] MAX_OPEN_TRADES (3) reached, waiting...
20:22:10 [DEBUG] Using cached positions (age: 4.7s)
20:22:10 [INFO] 🔍 DEBUG ENA-USD: entry_time type=<class 'str'>, value=2025-12-02T19:22:00.065851+00:00
20:22:10 [DEBUG] Check ENA-USD: Age=10.8s (Limit=60s)
20:22:10 [INFO] 🔍 DEBUG TAO-USD: entry_time type=<class 'str'>, value=2025-12-02T19:21:59.762332+00:00
20:22:10 [DEBUG] Check TAO-USD: Age=11.1s (Limit=60s)
20:22:10 [INFO] 🔍 DEBUG CRV-USD: entry_time type=<class 'str'>, value=2025-12-02T19:22:00.965264+00:00
20:22:10 [DEBUG] Check CRV-USD: Age=9.9s (Limit=60s)
20:22:10 [INFO] 🔍 DEBUG BERA-USD: entry_time type=<class 'str'>, value=2025-12-02T19:22:01.003933+00:00
20:22:10 [DEBUG] Check BERA-USD: Age=9.8s (Limit=60s)
20:22:10 [DEBUG] ✅ XAU-USD: X10=$3,290,737, Lighter=$1,796, Total=$3,292,533
20:22:11 [DEBUG] [x10] Resubscribed 9/134 channels
20:22:11 [DEBUG] Fetching fresh positions (force=False, cache_age=5.7s)
20:22:11 [DEBUG] Sending GET https://api.starknet.extended.exchange/api/v1/user/positions?
20:22:12 [DEBUG] 💓 [x10] Alive (uptime=10s, last_msg=7s ago)
20:22:12 [INFO] Lighter: Found 3 open positions
20:22:12 [INFO] 📊 Positions: X10=4, Lighter=3
20:22:12 [DEBUG] X10 positions: ['TAO-USD', 'ENA-USD', 'CRV-USD', 'BERA-USD']
20:22:12 [DEBUG] Lighter positions: ['BERA-USD', 'ENA-USD', 'CRV-USD']
20:22:12 [INFO] 🔍 DEBUG ENA-USD: entry_time type=<class 'str'>, value=2025-12-02T19:22:00.065851+00:00
20:22:12 [DEBUG] Check ENA-USD: Age=12.2s (Limit=60s)
20:22:12 [INFO] 🔍 DEBUG TAO-USD: entry_time type=<class 'str'>, value=2025-12-02T19:21:59.762332+00:00
20:22:12 [DEBUG] Check TAO-USD: Age=12.5s (Limit=60s)
20:22:12 [INFO] 🔍 DEBUG CRV-USD: entry_time type=<class 'str'>, value=2025-12-02T19:22:00.965264+00:00
20:22:12 [DEBUG] Check CRV-USD: Age=11.3s (Limit=60s)
20:22:12 [INFO] 🔍 DEBUG BERA-USD: entry_time type=<class 'str'>, value=2025-12-02T19:22:01.003933+00:00
20:22:12 [DEBUG] Check BERA-USD: Age=11.3s (Limit=60s)
20:22:13 [DEBUG] MAX_OPEN_TRADES (3) reached, waiting...
20:22:13 [DEBUG] Using cached positions (age: 1.4s)
20:22:13 [INFO] 🔍 DEBUG ENA-USD: entry_time type=<class 'str'>, value=2025-12-02T19:22:00.065851+00:00
20:22:13 [DEBUG] Check ENA-USD: Age=13.2s (Limit=60s)
20:22:13 [INFO] 🔍 DEBUG TAO-USD: entry_time type=<class 'str'>, value=2025-12-02T19:21:59.762332+00:00
20:22:13 [DEBUG] Check TAO-USD: Age=13.5s (Limit=60s)
20:22:13 [INFO] 🔍 DEBUG CRV-USD: entry_time type=<class 'str'>, value=2025-12-02T19:22:00.965264+00:00
20:22:13 [DEBUG] Check CRV-USD: Age=12.3s (Limit=60s)
20:22:13 [INFO] 🔍 DEBUG BERA-USD: entry_time type=<class 'str'>, value=2025-12-02T19:22:01.003933+00:00
20:22:13 [DEBUG] Check BERA-USD: Age=12.3s (Limit=60s)
20:22:13 [DEBUG] [x10] Resubscribed 12/134 channels
20:22:14 [DEBUG] Using cached positions (age: 2.4s)
20:22:14 [INFO] 🔍 DEBUG ENA-USD: entry_time type=<class 'str'>, value=2025-12-02T19:22:00.065851+00:00
20:22:14 [DEBUG] Check ENA-USD: Age=14.2s (Limit=60s)
20:22:14 [INFO] 🔍 DEBUG TAO-USD: entry_time type=<class 'str'>, value=2025-12-02T19:21:59.762332+00:00
20:22:14 [DEBUG] Check TAO-USD: Age=14.5s (Limit=60s)
20:22:14 [INFO] 🔍 DEBUG CRV-USD: entry_time type=<class 'str'>, value=2025-12-02T19:22:00.965264+00:00
20:22:14 [DEBUG] Check CRV-USD: Age=13.3s (Limit=60s)
20:22:14 [INFO] 🔍 DEBUG BERA-USD: entry_time type=<class 'str'>, value=2025-12-02T19:22:01.003933+00:00
20:22:14 [DEBUG] Check BERA-USD: Age=13.3s (Limit=60s)
20:22:14 [DEBUG] ✅ EDEN-USD: X10=$64,299, Lighter=$6,025,433, Total=$6,089,732
20:22:15 [DEBUG] Using cached positions (age: 3.4s)
20:22:15 [INFO] 🔍 DEBUG ENA-USD: entry_time type=<class 'str'>, value=2025-12-02T19:22:00.065851+00:00
20:22:15 [DEBUG] Check ENA-USD: Age=15.2s (Limit=60s)
20:22:15 [INFO] 🔍 DEBUG TAO-USD: entry_time type=<class 'str'>, value=2025-12-02T19:21:59.762332+00:00
20:22:15 [DEBUG] Check TAO-USD: Age=15.5s (Limit=60s)
20:22:15 [INFO] 🔍 DEBUG CRV-USD: entry_time type=<class 'str'>, value=2025-12-02T19:22:00.965264+00:00
20:22:15 [DEBUG] Check CRV-USD: Age=14.3s (Limit=60s)
20:22:15 [INFO] 🔍 DEBUG BERA-USD: entry_time type=<class 'str'>, value=2025-12-02T19:22:01.003933+00:00
20:22:15 [DEBUG] Check BERA-USD: Age=14.3s (Limit=60s)
20:22:15 [DEBUG] [x10] Resubscribed 15/134 channels
20:22:16 [DEBUG] MAX_OPEN_TRADES (3) reached, waiting...
20:22:16 [DEBUG] Using cached positions (age: 4.4s)
20:22:16 [INFO] 🔍 DEBUG ENA-USD: entry_time type=<class 'str'>, value=2025-12-02T19:22:00.065851+00:00
20:22:16 [DEBUG] Check ENA-USD: Age=16.2s (Limit=60s)
20:22:16 [INFO] 🔍 DEBUG TAO-USD: entry_time type=<class 'str'>, value=2025-12-02T19:21:59.762332+00:00
20:22:16 [DEBUG] Check TAO-USD: Age=16.5s (Limit=60s)
20:22:16 [INFO] 🔍 DEBUG CRV-USD: entry_time type=<class 'str'>, value=2025-12-02T19:22:00.965264+00:00
20:22:16 [DEBUG] Check CRV-USD: Age=15.3s (Limit=60s)
20:22:16 [INFO] 🔍 DEBUG BERA-USD: entry_time type=<class 'str'>, value=2025-12-02T19:22:01.003933+00:00
20:22:16 [DEBUG] Check BERA-USD: Age=15.3s (Limit=60s)
20:22:16 [INFO] 🚜 [FARM] Profit Take BERA-USD: Age=15s, Spread=0.015% (sehr niedrig), PnL=$0.00
20:22:16 [INFO]  💸 EXIT BERA-USD: FARM_QUICK_PROFIT | PnL $0.00 (Fees: $0.00)
20:22:16 [INFO]  🔻 CLOSING BERA-USD (Atomic Smart Close)...
20:22:16 [INFO] Lighter: Found 3 open positions
20:22:16 [INFO] 🔍 DEBUG close_live_position ENTRY: symbol=BERA-USD (type=<class 'str'>)
20:22:16 [INFO] 🔍 DEBUG: original_side=BUY (type=<class 'str'>)
20:22:16 [INFO] 🔍 DEBUG: notional_usd=27.387 (type=<class 'float'>)
20:22:17 [DEBUG] [x10] Resubscribed 18/134 channels
20:22:17 [INFO] Lighter: Found 3 open positions
20:22:17 [INFO] 🔻 LIGHTER CLOSE BERA-USD: size=-30.000000 coins, side=BUY, price=$0.9129, notional=$27.39
20:22:17 [INFO] 🚀 LIGHTER OPEN BERA-USD: side=BUY, size_usd=$27.39, price=$0.912900
20:22:17 [DEBUG] 🔍 DEBUG: BERA-USD market_id = 20 (raw=20, type=<class 'int'>)
20:22:17 [DEBUG] QUANTIZE BERA-USD: USD=27.39, coins=30.000000, raw=300, lot_size=30, final=300
20:22:17 [DEBUG] Create Order Tx Info: {"AccountIndex":60113,"ApiKeyIndex":3,"MarketIndex":20,"ClientOrderIndex":1764703391941,"BaseAmount":300,"Price":91838,"IsAsk":0,"Type":0,"TimeInForce":1,"ReduceOnly":1,"TriggerPrice":0,"OrderExpiry":1767122537410,"ExpiredAt":1764703936410,"Nonce":2177,"Sig":"RACnezExRfCrsFaH8cEIJS6xrvaQ7+7ThqU9D+4bLyfnZrkQjyKZH46/6/muvPqCbSw8S/tcPywtUkfTB8WIQUNnGb7jqrflKU3NBK2dXBw="}
20:22:17 [DEBUG] Create Order Send Tx Response: code=200 message='{"ratelimit": "didn\'t use volume quota"}' tx_hash='fba38005b1e965bf0a05c2006bfed5db2e4c9b3134b1ce7375ae44ce60697a3d77678fdf187080aa' predicted_execution_time_ms=1764703329374 additional_properties={}
20:22:17 [INFO] Lighter Order: fba38005b1e965bf0a05c2006bfed5db2e4c9b3134b1ce7375ae44ce60697a3d77678fdf187080aa
20:22:17 [INFO] ✅ Lighter close BERA-USD: Erfolgreich ($27.39)
20:22:17 [INFO] ✅ Lighter BERA-USD OK, closing X10...
20:22:19 [DEBUG] 💓 [lighter] Alive (uptime=40s, last_msg=0s ago)
20:22:19 [DEBUG] MAX_OPEN_TRADES (3) reached, waiting...
20:22:20 [DEBUG] [x10] Paused in ping/pong window at 13.2s
20:22:20 [DEBUG] [x10] Resubscribed 21/134 channels
20:22:20 [DEBUG] ✅ XPL-USD: X10=$216,027, Lighter=$15,932,665, Total=$16,148,691
20:22:20 [DEBUG] Sending GET https://api.starknet.extended.exchange/api/v1/user/positions?
20:22:20 [INFO] 🔻 Closing X10 BERA-USD: size=32.000000 coins, side=BUY
20:22:20 [DEBUG] Sending GET https://api.starknet.extended.exchange/api/v1/user/positions?
20:22:21 [INFO] 🔻 X10 CLOSE BERA-USD: size=32.000000, side=SELL
20:22:21 [DEBUG] Placing an order: id=3329526851115799448106461442385036071859679453039343927902577126282158962148
20:22:21 [DEBUG] Sending POST https://api.starknet.extended.exchange/api/v1/user/order, headers={<RequestHeader.ACCEPT: 'Accept'>: 'application/json', <RequestHeader.CONTENT_TYPE: 'Content-Type'>: 'application/json', <RequestHeader.USER_AGENT: 'User-Agent'>: 'X10PythonTradingClient/0.0.17', <RequestHeader.API_KEY: 'X-Api-Key'>: 'a1c9207f79f0e57ddc454bf1e16dbe49'}
20:22:22 [DEBUG] 💓 [x10] Alive (uptime=20s, last_msg=17s ago)
20:22:22 [DEBUG] MAX_OPEN_TRADES (3) reached, waiting...
20:22:22 [INFO]  X10 Order: 1995936561635815424
20:22:22 [DEBUG] [x10] RAW MSG: {"type":"BALANCE","data":{"isSnapshot":false,"balance":{"collateralName":"USD","balance":"301.516202
20:22:22 [DEBUG] [x10] RAW MSG: {"type":"ORDER","data":{"isSnapshot":false,"orders":[{"id":1995936561635815424,"accountId":127074,"e
20:22:22 [DEBUG] [x10] RAW MSG: {"type":"TRADE","data":{"isSnapshot":false,"trades":[{"id":1995936562470195200,"accountId":127074,"m
20:22:22 [DEBUG] [x10] RAW MSG: {"type":"POSITION","data":{"isSnapshot":false,"positions":[{"id":1995936473324453888,"accountId":127
20:22:22 [DEBUG] [x10] RAW MSG: {"type":"BALANCE","data":{"isSnapshot":false,"balance":{"collateralName":"USD","balance":"301.490427
20:22:23 [DEBUG] [x10] Paused in ping/pong window at 16.0s
20:22:23 [DEBUG] [x10] Resubscribed 24/134 channels
20:22:24 [DEBUG] ✅ CRV-USD: X10=$278,850, Lighter=$2,518,666, Total=$2,797,516
20:22:24 [DEBUG] Sending GET https://api.starknet.extended.exchange/api/v1/user/positions?
20:22:24 [INFO] ✅ X10 BERA-USD closed (32.000000 coins)
20:22:24 [INFO] ✅ BERA-USD fully closed
20:22:24 [INFO] ✅ Trade BERA-USD closed (PnL: $0.00)
20:22:24 [INFO] ✅ Trade BERA-USD closed (PnL: $0.00)
20:22:24 [DEBUG] 📝 Flushed 1 writes
20:22:24 [DEBUG] 📝 Flushed 1 writes in 0.0ms
20:22:24 [INFO]  💰 PnL BERA-USD: $0.00 (FARM_QUICK_PROFIT)
20:22:24 [ERROR] Kelly Sizer record_trade error for BERA-USD: Format specifier missing precision
20:22:24 [DEBUG] 🐕 Watchdog OK: Daten-Alter 2.4s
20:22:24 [DEBUG] [x10] Resubscribed 27/134 channels
20:22:25 [DEBUG] MAX_OPEN_TRADES (3) reached, waiting...
20:22:25 [DEBUG] 📝 Flushed 1 writes
20:22:25 [DEBUG] 📝 Flushed 1 writes in 0.0ms
20:22:25 [DEBUG] Fetching fresh positions (force=False, cache_age=13.7s)
20:22:25 [DEBUG] Sending GET https://api.starknet.extended.exchange/api/v1/user/positions?
20:22:25 [INFO] Lighter: Found 2 open positions
20:22:25 [INFO] 📊 Positions: X10=3, Lighter=2
20:22:25 [DEBUG] X10 positions: ['TAO-USD', 'ENA-USD', 'CRV-USD']
20:22:25 [DEBUG] Lighter positions: ['ENA-USD', 'CRV-USD']
20:22:25 [INFO] 🔍 DEBUG ENA-USD: entry_time type=<class 'str'>, value=2025-12-02T19:22:00.065851+00:00
20:22:25 [DEBUG] Check ENA-USD: Age=25.9s (Limit=60s)
20:22:25 [INFO] 🔍 DEBUG TAO-USD: entry_time type=<class 'str'>, value=2025-12-02T19:21:59.762332+00:00
20:22:25 [DEBUG] Check TAO-USD: Age=26.2s (Limit=60s)
20:22:25 [INFO] 🔍 DEBUG CRV-USD: entry_time type=<class 'str'>, value=2025-12-02T19:22:00.965264+00:00
20:22:25 [DEBUG] Check CRV-USD: Age=25.0s (Limit=60s)
20:22:26 [DEBUG] [x10] Resubscribed 30/134 channels
20:22:26 [DEBUG] Using cached positions (age: 1.4s)
20:22:26 [INFO] 🔍 DEBUG ENA-USD: entry_time type=<class 'str'>, value=2025-12-02T19:22:00.065851+00:00
20:22:26 [DEBUG] Check ENA-USD: Age=26.9s (Limit=60s)
20:22:26 [INFO] 🔍 DEBUG TAO-USD: entry_time type=<class 'str'>, value=2025-12-02T19:21:59.762332+00:00
20:22:26 [DEBUG] Check TAO-USD: Age=27.2s (Limit=60s)
20:22:26 [INFO] 🔍 DEBUG CRV-USD: entry_time type=<class 'str'>, value=2025-12-02T19:22:00.965264+00:00
20:22:26 [DEBUG] Check CRV-USD: Age=26.0s (Limit=60s)
20:22:27 [DEBUG] ✅ 1000PEPE-USD: X10=$77,205, Lighter=$185,768,971, Total=$185,846,176
20:22:27 [DEBUG] Using cached positions (age: 2.4s)
20:22:27 [INFO] 🔍 DEBUG ENA-USD: entry_time type=<class 'str'>, value=2025-12-02T19:22:00.065851+00:00
20:22:27 [DEBUG] Check ENA-USD: Age=27.9s (Limit=60s)
20:22:27 [INFO] 🔍 DEBUG TAO-USD: entry_time type=<class 'str'>, value=2025-12-02T19:21:59.762332+00:00
20:22:27 [DEBUG] Check TAO-USD: Age=28.2s (Limit=60s)
20:22:27 [INFO] 🔍 DEBUG CRV-USD: entry_time type=<class 'str'>, value=2025-12-02T19:22:00.965264+00:00
20:22:27 [DEBUG] Check CRV-USD: Age=27.0s (Limit=60s)
20:22:28 [DEBUG] MAX_OPEN_TRADES (3) reached, waiting...
20:22:28 [DEBUG] Using cached positions (age: 3.4s)
20:22:28 [INFO] 🔍 DEBUG ENA-USD: entry_time type=<class 'str'>, value=2025-12-02T19:22:00.065851+00:00
20:22:28 [DEBUG] Check ENA-USD: Age=28.9s (Limit=60s)
20:22:28 [INFO] 🔍 DEBUG TAO-USD: entry_time type=<class 'str'>, value=2025-12-02T19:21:59.762332+00:00
20:22:28 [DEBUG] Check TAO-USD: Age=29.2s (Limit=60s)
20:22:28 [INFO] 🔍 DEBUG CRV-USD: entry_time type=<class 'str'>, value=2025-12-02T19:22:00.965264+00:00
20:22:28 [DEBUG] Check CRV-USD: Age=28.0s (Limit=60s)
20:22:29 [DEBUG] 💓 [lighter] Alive (uptime=50s, last_msg=0s ago)
20:22:29 [DEBUG] Using cached positions (age: 4.4s)
20:22:29 [INFO] 🔍 DEBUG ENA-USD: entry_time type=<class 'str'>, value=2025-12-02T19:22:00.065851+00:00
20:22:29 [DEBUG] Check ENA-USD: Age=29.9s (Limit=60s)
20:22:29 [INFO] 🔍 DEBUG TAO-USD: entry_time type=<class 'str'>, value=2025-12-02T19:21:59.762332+00:00
20:22:29 [DEBUG] Check TAO-USD: Age=30.2s (Limit=60s)
20:22:29 [INFO] 🔍 DEBUG CRV-USD: entry_time type=<class 'str'>, value=2025-12-02T19:22:00.965264+00:00
20:22:29 [DEBUG] Check CRV-USD: Age=29.0s (Limit=60s)
20:22:30 [WARNING] [x10] Connection closed: 1011 Ping timeout
20:22:30 [ERROR] [x10] Resubscription error for publicTrades/FIL/USD: received 1011 (internal error) Ping timeout; then sent 1011 (internal error) Ping timeout
20:22:30 [ERROR] [x10] Resubscription error for funding/VIRTUAL/USD: received 1011 (internal error) Ping timeout; then sent 1011 (internal error) Ping timeout
20:22:30 [ERROR] [x10] Resubscription error for funding/ADA/USD: received 1011 (internal error) Ping timeout; then sent 1011 (internal error) Ping timeout
20:22:30 [ERROR] [x10] Resubscription error for publicTrades/STRK/USD: received 1011 (internal error) Ping timeout; then sent 1011 (internal error) Ping timeout
20:22:30 [ERROR] [x10] Resubscription error for funding/PENDLE/USD: received 1011 (internal error) Ping timeout; then sent 1011 (internal error) Ping timeout
20:22:30 [ERROR] [x10] Resubscription error for publicTrades/ZRO/USD: received 1011 (internal error) Ping timeout; then sent 1011 (internal error) Ping timeout
20:22:30 [ERROR] [x10] Resubscription error for publicTrades/PENGU/USD: received 1011 (internal error) Ping timeout; then sent 1011 (internal error) Ping timeout
20:22:30 [ERROR] [x10] Resubscription error for publicTrades/ARB/USD: received 1011 (internal error) Ping timeout; then sent 1011 (internal error) Ping timeout
20:22:30 [ERROR] [x10] Resubscription error for publicTrades/UNI/USD: received 1011 (internal error) Ping timeout; then sent 1011 (internal error) Ping timeout
20:22:30 [ERROR] [x10] Resubscription error for funding/OP/USD: received 1011 (internal error) Ping timeout; then sent 1011 (internal error) Ping timeout
20:22:30 [ERROR] [x10] Resubscription error for publicTrades/TIA/USD: received 1011 (internal error) Ping timeout; then sent 1011 (internal error) Ping timeout
20:22:30 [ERROR] [x10] Resubscription error for funding/USDJPY/USD: received 1011 (internal error) Ping timeout; then sent 1011 (internal error) Ping timeout
20:22:30 [ERROR] [x10] Resubscription error for funding/WIF/USD: received 1011 (internal error) Ping timeout; then sent 1011 (internal error) Ping timeout
20:22:30 [ERROR] [x10] Resubscription error for publicTrades/IP/USD: received 1011 (internal error) Ping timeout; then sent 1011 (internal error) Ping timeout
20:22:30 [ERROR] [x10] Resubscription error for publicTrades/MKR/USD: received 1011 (internal error) Ping timeout; then sent 1011 (internal error) Ping timeout
20:22:30 [ERROR] [x10] Resubscription error for funding/WLFI/USD: received 1011 (internal error) Ping timeout; then sent 1011 (internal error) Ping timeout
20:22:30 [ERROR] [x10] Resubscription error for publicTrades/BTC/USD: received 1011 (internal error) Ping timeout; then sent 1011 (internal error) Ping timeout
20:22:30 [ERROR] [x10] Resubscription error for funding/RESOLV/USD: received 1011 (internal error) Ping timeout; then sent 1011 (internal error) Ping timeout
20:22:30 [ERROR] [x10] Resubscription error for publicTrades/LINEA/USD: received 1011 (internal error) Ping timeout; then sent 1011 (internal error) Ping timeout
20:22:30 [ERROR] [x10] Resubscription error for publicTrades/CRV/USD: received 1011 (internal error) Ping timeout; then sent 1011 (internal error) Ping timeout
20:22:30 [ERROR] [x10] Resubscription error for funding/ONDO/USD: received 1011 (internal error) Ping timeout; then sent 1011 (internal error) Ping timeout
20:22:30 [ERROR] [x10] Resubscription error for funding/WLD/USD: received 1011 (internal error) Ping timeout; then sent 1011 (internal error) Ping timeout
20:22:30 [ERROR] [x10] Resubscription error for funding/SUI/USD: received 1011 (internal error) Ping timeout; then sent 1011 (internal error) Ping timeout
20:22:30 [ERROR] [x10] Resubscription error for publicTrades/SPX/USD: received 1011 (internal error) Ping timeout; then sent 1011 (internal error) Ping timeout
20:22:30 [ERROR] [x10] Resubscription error for funding/1000SHIB/USD: received 1011 (internal error) Ping timeout; then sent 1011 (internal error) Ping timeout
20:22:30 [ERROR] [x10] Resubscription error for funding/FARTCOIN/USD: received 1011 (internal error) Ping timeout; then sent 1011 (internal error) Ping timeout
20:22:30 [ERROR] [x10] Resubscription error for funding/DOT/USD: received 1011 (internal error) Ping timeout; then sent 1011 (internal error) Ping timeout
20:22:30 [ERROR] [x10] Resubscription error for funding/XPL/USD: received 1011 (internal error) Ping timeout; then sent 1011 (internal error) Ping timeout
20:22:30 [ERROR] [x10] Resubscription error for funding/TRX/USD: received 1011 (internal error) Ping timeout; then sent 1011 (internal error) Ping timeout
20:22:30 [ERROR] [x10] Resubscription error for publicTrades/AAVE/USD: received 1011 (internal error) Ping timeout; then sent 1011 (internal error) Ping timeout
20:22:30 [ERROR] [x10] Resubscription error for funding/APT/USD: received 1011 (internal error) Ping timeout; then sent 1011 (internal error) Ping timeout
20:22:30 [ERROR] [x10] Resubscription error for funding/CRV/USD: received 1011 (internal error) Ping timeout; then sent 1011 (internal error) Ping timeout
20:22:30 [ERROR] [x10] Resubscription error for funding/LINEA/USD: received 1011 (internal error) Ping timeout; then sent 1011 (internal error) Ping timeout
20:22:30 [ERROR] [x10] Resubscription error for funding/STRK/USD: received 1011 (internal error) Ping timeout; then sent 1011 (internal error) Ping timeout
20:22:30 [ERROR] [x10] Resubscription error for publicTrades/JUP/USD: received 1011 (internal error) Ping timeout; then sent 1011 (internal error) Ping timeout
20:22:30 [ERROR] [x10] Resubscription error for publicTrades/PENDLE/USD: received 1011 (internal error) Ping timeout; then sent 1011 (internal error) Ping timeout
20:22:30 [ERROR] [x10] Resubscription error for publicTrades/SEI/USD: received 1011 (internal error) Ping timeout; then sent 1011 (internal error) Ping timeout
20:22:30 [ERROR] [x10] Resubscription error for funding/XAU/USD: received 1011 (internal error) Ping timeout; then sent 1011 (internal error) Ping timeout
20:22:30 [ERROR] [x10] Resubscription error for publicTrades/WLFI/USD: received 1011 (internal error) Ping timeout; then sent 1011 (internal error) Ping timeout
20:22:30 [ERROR] [x10] Resubscription error for publicTrades/GRASS/USD: received 1011 (internal error) Ping timeout; then sent 1011 (internal error) Ping timeout
20:22:30 [ERROR] [x10] Resubscription error for funding/LDO/USD: received 1011 (internal error) Ping timeout; then sent 1011 (internal error) Ping timeout
20:22:30 [ERROR] [x10] Resubscription error for funding/ZRO/USD: received 1011 (internal error) Ping timeout; then sent 1011 (internal error) Ping timeout
20:22:30 [ERROR] [x10] Resubscription error for funding/TIA/USD: received 1011 (internal error) Ping timeout; then sent 1011 (internal error) Ping timeout
20:22:30 [ERROR] [x10] Resubscription error for publicTrades/WLD/USD: received 1011 (internal error) Ping timeout; then sent 1011 (internal error) Ping timeout
20:22:30 [ERROR] [x10] Resubscription error for funding/MON/USD: received 1011 (internal error) Ping timeout; then sent 1011 (internal error) Ping timeout
20:22:30 [ERROR] [x10] Resubscription error for publicTrades/ASTER/USD: received 1011 (internal error) Ping timeout; then sent 1011 (internal error) Ping timeout
20:22:30 [ERROR] [x10] Resubscription error for publicTrades/ZEC/USD: received 1011 (internal error) Ping timeout; then sent 1011 (internal error) Ping timeout
20:22:30 [ERROR] [x10] Resubscription error for publicTrades/SOL/USD: received 1011 (internal error) Ping timeout; then sent 1011 (internal error) Ping timeout
20:22:30 [ERROR] [x10] Resubscription error for publicTrades/BERA/USD: received 1011 (internal error) Ping timeout; then sent 1011 (internal error) Ping timeout
20:22:30 [ERROR] [x10] Resubscription error for funding/S/USD: received 1011 (internal error) Ping timeout; then sent 1011 (internal error) Ping timeout
20:22:30 [ERROR] [x10] Resubscription error for funding/GRASS/USD: received 1011 (internal error) Ping timeout; then sent 1011 (internal error) Ping timeout
20:22:30 [ERROR] [x10] Resubscription error for publicTrades/EIGEN/USD: received 1011 (internal error) Ping timeout; then sent 1011 (internal error) Ping timeout
20:22:30 [ERROR] [x10] Resubscription error for funding/ZEC/USD: received 1011 (internal error) Ping timeout; then sent 1011 (internal error) Ping timeout
20:22:30 [ERROR] [x10] Resubscription error for funding/SPX/USD: received 1011 (internal error) Ping timeout; then sent 1011 (internal error) Ping timeout
20:22:30 [ERROR] [x10] Resubscription error for funding/SEI/USD: received 1011 (internal error) Ping timeout; then sent 1011 (internal error) Ping timeout
20:22:30 [ERROR] [x10] Resubscription error for funding/ARB/USD: received 1011 (internal error) Ping timeout; then sent 1011 (internal error) Ping timeout
20:22:30 [ERROR] [x10] Resubscription error for funding/EDEN/USD: received 1011 (internal error) Ping timeout; then sent 1011 (internal error) Ping timeout
20:22:30 [ERROR] [x10] Resubscription error for publicTrades/TRUMP/USD: received 1011 (internal error) Ping timeout; then sent 1011 (internal error) Ping timeout
20:22:30 [ERROR] [x10] Resubscription error for funding/XRP/USD: received 1011 (internal error) Ping timeout; then sent 1011 (internal error) Ping timeout
20:22:30 [ERROR] [x10] Resubscription error for publicTrades/ZORA/USD: received 1011 (internal error) Ping timeout; then sent 1011 (internal error) Ping timeout
20:22:30 [ERROR] [x10] Resubscription error for publicTrades/AVAX/USD: received 1011 (internal error) Ping timeout; then sent 1011 (internal error) Ping timeout
20:22:30 [ERROR] [x10] Resubscription error for publicTrades/ENA/USD: received 1011 (internal error) Ping timeout; then sent 1011 (internal error) Ping timeout
20:22:30 [ERROR] [x10] Resubscription error for publicTrades/HYPE/USD: received 1011 (internal error) Ping timeout; then sent 1011 (internal error) Ping timeout
20:22:30 [ERROR] [x10] Resubscription error for funding/MNT/USD: received 1011 (internal error) Ping timeout; then sent 1011 (internal error) Ping timeout
20:22:30 [ERROR] [x10] Resubscription error for funding/FIL/USD: received 1011 (internal error) Ping timeout; then sent 1011 (internal error) Ping timeout
20:22:30 [ERROR] [x10] Resubscription error for funding/MKR/USD: received 1011 (internal error) Ping timeout; then sent 1011 (internal error) Ping timeout
20:22:30 [ERROR] [x10] Resubscription error for publicTrades/XPL/USD: received 1011 (internal error) Ping timeout; then sent 1011 (internal error) Ping timeout
20:22:30 [ERROR] [x10] Resubscription error for funding/SOL/USD: received 1011 (internal error) Ping timeout; then sent 1011 (internal error) Ping timeout
20:22:30 [ERROR] [x10] Resubscription error for publicTrades/KAITO/USD: received 1011 (internal error) Ping timeout; then sent 1011 (internal error) Ping timeout
20:22:30 [ERROR] [x10] Resubscription error for funding/BTC/USD: received 1011 (internal error) Ping timeout; then sent 1011 (internal error) Ping timeout
20:22:30 [ERROR] [x10] Resubscription error for publicTrades/VIRTUAL/USD: received 1011 (internal error) Ping timeout; then sent 1011 (internal error) Ping timeout
20:22:30 [ERROR] [x10] Resubscription error for funding/JUP/USD: received 1011 (internal error) Ping timeout; then sent 1011 (internal error) Ping timeout
20:22:30 [ERROR] [x10] Resubscription error for publicTrades/TON/USD: received 1011 (internal error) Ping timeout; then sent 1011 (internal error) Ping timeout
20:22:30 [ERROR] [x10] Resubscription error for funding/ZORA/USD: received 1011 (internal error) Ping timeout; then sent 1011 (internal error) Ping timeout
20:22:30 [ERROR] [x10] Resubscription error for publicTrades/XAU/USD: received 1011 (internal error) Ping timeout; then sent 1011 (internal error) Ping timeout
20:22:30 [ERROR] [x10] Resubscription error for publicTrades/LDO/USD: received 1011 (internal error) Ping timeout; then sent 1011 (internal error) Ping timeout
20:22:30 [ERROR] [x10] Resubscription error for publicTrades/S/USD: received 1011 (internal error) Ping timeout; then sent 1011 (internal error) Ping timeout
20:22:30 [ERROR] [x10] Resubscription error for publicTrades/TRX/USD: received 1011 (internal error) Ping timeout; then sent 1011 (internal error) Ping timeout
20:22:30 [ERROR] [x10] Resubscription error for funding/APEX/USD: received 1011 (internal error) Ping timeout; then sent 1011 (internal error) Ping timeout
20:22:30 [ERROR] [x10] Resubscription error for funding/TON/USD: received 1011 (internal error) Ping timeout; then sent 1011 (internal error) Ping timeout
20:22:30 [ERROR] [x10] Resubscription error for funding/AVAX/USD: received 1011 (internal error) Ping timeout; then sent 1011 (internal error) Ping timeout
20:22:30 [ERROR] [x10] Resubscription error for funding/LINK/USD: received 1011 (internal error) Ping timeout; then sent 1011 (internal error) Ping timeout
20:22:30 [ERROR] [x10] Resubscription error for publicTrades/1000SHIB/USD: received 1011 (internal error) Ping timeout; then sent 1011 (internal error) Ping timeout
20:22:30 [ERROR] [x10] Resubscription error for funding/ENA/USD: received 1011 (internal error) Ping timeout; then sent 1011 (internal error) Ping timeout
20:22:30 [ERROR] [x10] Resubscription error for funding/TAO/USD: received 1011 (internal error) Ping timeout; then sent 1011 (internal error) Ping timeout
20:22:30 [ERROR] [x10] Resubscription error for funding/AAVE/USD: received 1011 (internal error) Ping timeout; then sent 1011 (internal error) Ping timeout
20:22:30 [ERROR] [x10] Resubscription error for publicTrades/POPCAT/USD: received 1011 (internal error) Ping timeout; then sent 1011 (internal error) Ping timeout
20:22:30 [ERROR] [x10] Resubscription error for publicTrades/BCH/USD: received 1011 (internal error) Ping timeout; then sent 1011 (internal error) Ping timeout
20:22:30 [ERROR] [x10] Resubscription error for funding/EIGEN/USD: received 1011 (internal error) Ping timeout; then sent 1011 (internal error) Ping timeout
20:22:30 [ERROR] [x10] Resubscription error for publicTrades/APEX/USD: received 1011 (internal error) Ping timeout; then sent 1011 (internal error) Ping timeout
20:22:30 [ERROR] [x10] Resubscription error for publicTrades/1000PEPE/USD: received 1011 (internal error) Ping timeout; then sent 1011 (internal error) Ping timeout
20:22:30 [ERROR] [x10] Resubscription error for publicTrades/SUI/USD: received 1011 (internal error) Ping timeout; then sent 1011 (internal error) Ping timeout
20:22:30 [ERROR] [x10] Resubscription error for publicTrades/PUMP/USD: received 1011 (internal error) Ping timeout; then sent 1011 (internal error) Ping timeout
20:22:30 [ERROR] [x10] Resubscription error for funding/BNB/USD: received 1011 (internal error) Ping timeout; then sent 1011 (internal error) Ping timeout
20:22:30 [ERROR] [x10] Resubscription error for publicTrades/ONDO/USD: received 1011 (internal error) Ping timeout; then sent 1011 (internal error) Ping timeout
20:22:30 [ERROR] [x10] Resubscription error for publicTrades/TAO/USD: received 1011 (internal error) Ping timeout; then sent 1011 (internal error) Ping timeout
20:22:30 [ERROR] [x10] Resubscription error for funding/PUMP/USD: received 1011 (internal error) Ping timeout; then sent 1011 (internal error) Ping timeout
20:22:30 [ERROR] [x10] Resubscription error for publicTrades/WIF/USD: received 1011 (internal error) Ping timeout; then sent 1011 (internal error) Ping timeout
20:22:30 [ERROR] [x10] Resubscription error for funding/IP/USD: received 1011 (internal error) Ping timeout; then sent 1011 (internal error) Ping timeout
20:22:30 [ERROR] [x10] Resubscription error for funding/LTC/USD: received 1011 (internal error) Ping timeout; then sent 1011 (internal error) Ping timeout
20:22:30 [ERROR] [x10] Resubscription error for funding/KAITO/USD: received 1011 (internal error) Ping timeout; then sent 1011 (internal error) Ping timeout
20:22:30 [ERROR] [x10] Resubscription error for publicTrades/MNT/USD: received 1011 (internal error) Ping timeout; then sent 1011 (internal error) Ping timeout
20:22:30 [ERROR] [x10] Resubscription error for funding/XAG/USD: received 1011 (internal error) Ping timeout; then sent 1011 (internal error) Ping timeout
20:22:30 [ERROR] [x10] Resubscription error for publicTrades/DOGE/USD: received 1011 (internal error) Ping timeout; then sent 1011 (internal error) Ping timeout
20:22:30 [INFO] [x10] Resubscribed to 134 channels
20:22:30 [INFO] 🔄 [x10] Reconnecting in 1.0s (attempt 1)
20:22:30 [DEBUG] Fetching fresh positions (force=False, cache_age=5.4s)
20:22:30 [DEBUG] Sending GET https://api.starknet.extended.exchange/api/v1/user/positions?
20:22:31 [DEBUG] MAX_OPEN_TRADES (3) reached, waiting...
20:22:31 [INFO] Lighter: Found 2 open positions
20:22:31 [INFO] 📊 Positions: X10=3, Lighter=2
20:22:31 [DEBUG] X10 positions: ['TAO-USD', 'ENA-USD', 'CRV-USD']
20:22:31 [DEBUG] Lighter positions: ['ENA-USD', 'CRV-USD']
20:22:31 [INFO] 🔍 DEBUG ENA-USD: entry_time type=<class 'str'>, value=2025-12-02T19:22:00.065851+00:00
20:22:31 [DEBUG] Check ENA-USD: Age=31.3s (Limit=60s)
20:22:31 [INFO] 🔍 DEBUG TAO-USD: entry_time type=<class 'str'>, value=2025-12-02T19:21:59.762332+00:00
20:22:31 [DEBUG] Check TAO-USD: Age=31.6s (Limit=60s)
20:22:31 [INFO] 🔍 DEBUG CRV-USD: entry_time type=<class 'str'>, value=2025-12-02T19:22:00.965264+00:00
20:22:31 [DEBUG] Check CRV-USD: Age=30.4s (Limit=60s)
20:22:31 [DEBUG] ✅ AVNT-USD: X10=$69,322, Lighter=$1,740,256, Total=$1,809,579
20:22:31 [INFO] 🔌 [x10] Connecting with kwargs: {'close_timeout': 5.0, 'max_size': 4194304, 'ping_interval': 15.0, 'additional_headers': {'X-Api-Key': 'a1c9207f79f0e57ddc454bf1e16dbe49', 'User-Agent': 'X10PythonTradingClient/0.4.5'}}
20:22:32 [DEBUG] Using cached positions (age: 1.4s)
20:22:32 [INFO] 🔍 DEBUG ENA-USD: entry_time type=<class 'str'>, value=2025-12-02T19:22:00.065851+00:00
20:22:32 [DEBUG] Check ENA-USD: Age=32.3s (Limit=60s)
20:22:32 [INFO] 🔍 DEBUG TAO-USD: entry_time type=<class 'str'>, value=2025-12-02T19:21:59.762332+00:00
20:22:32 [DEBUG] Check TAO-USD: Age=32.6s (Limit=60s)
20:22:32 [INFO] 🔍 DEBUG CRV-USD: entry_time type=<class 'str'>, value=2025-12-02T19:22:00.965264+00:00
20:22:32 [DEBUG] Check CRV-USD: Age=31.4s (Limit=60s)
20:22:32 [INFO] ✅ [x10] Connected to wss://api.starknet.extended.exchange/stream.extended.exchange/v1/account
20:22:32 [INFO] ✅ [x10] Keepalive enabled: ping_interval=15.0s, ping_timeout=None (auto-pong)
20:22:32 [INFO] [x10] Receive loop started (async iterator)
20:22:32 [DEBUG] 💓 [x10] Heartbeat monitor started (library handles ping/pong)
20:22:32 [DEBUG] [x10] RAW MSG: {"type":"ORDER","data":{"isSnapshot":true,"orders":[]},"ts":1764703344086,"seq":1}
20:22:32 [DEBUG] [x10] RAW MSG: {"type":"BALANCE","data":{"isSnapshot":true,"balance":{"collateralName":"USD","balance":"301.490427"
20:22:32 [DEBUG] [x10] RAW MSG: {"type":"POSITION","data":{"isSnapshot":true,"positions":[{"id":1995936468077379584,"accountId":1270
20:22:33 [DEBUG] Using cached positions (age: 2.4s)
20:22:33 [INFO] 🔍 DEBUG ENA-USD: entry_time type=<class 'str'>, value=2025-12-02T19:22:00.065851+00:00
20:22:33 [DEBUG] Check ENA-USD: Age=33.3s (Limit=60s)
20:22:33 [INFO] 🔍 DEBUG TAO-USD: entry_time type=<class 'str'>, value=2025-12-02T19:21:59.762332+00:00
20:22:33 [DEBUG] Check TAO-USD: Age=33.6s (Limit=60s)
20:22:33 [INFO] 🔍 DEBUG CRV-USD: entry_time type=<class 'str'>, value=2025-12-02T19:22:00.965264+00:00
20:22:33 [DEBUG] Check CRV-USD: Age=32.4s (Limit=60s)
20:22:34 [DEBUG] MAX_OPEN_TRADES (3) reached, waiting...
20:22:34 [DEBUG] Using cached positions (age: 3.4s)
20:22:34 [INFO] 🔍 DEBUG ENA-USD: entry_time type=<class 'str'>, value=2025-12-02T19:22:00.065851+00:00
20:22:34 [DEBUG] Check ENA-USD: Age=34.3s (Limit=60s)
20:22:34 [INFO] 🔍 DEBUG TAO-USD: entry_time type=<class 'str'>, value=2025-12-02T19:21:59.762332+00:00
20:22:34 [DEBUG] Check TAO-USD: Age=34.6s (Limit=60s)
20:22:34 [INFO] 🔍 DEBUG CRV-USD: entry_time type=<class 'str'>, value=2025-12-02T19:22:00.965264+00:00
20:22:34 [DEBUG] Check CRV-USD: Age=33.4s (Limit=60s)
20:22:35 [DEBUG] ✅ APEX-USD: X10=$33,925, Lighter=$896,508, Total=$930,433
20:22:35 [DEBUG] Using cached positions (age: 4.4s)
20:22:35 [INFO] 🔍 DEBUG ENA-USD: entry_time type=<class 'str'>, value=2025-12-02T19:22:00.065851+00:00
20:22:35 [DEBUG] Check ENA-USD: Age=35.3s (Limit=60s)
20:22:35 [INFO] 🔍 DEBUG TAO-USD: entry_time type=<class 'str'>, value=2025-12-02T19:21:59.762332+00:00
20:22:35 [DEBUG] Check TAO-USD: Age=35.6s (Limit=60s)
20:22:35 [INFO] 🔍 DEBUG CRV-USD: entry_time type=<class 'str'>, value=2025-12-02T19:22:00.965264+00:00
20:22:35 [DEBUG] Check CRV-USD: Age=34.4s (Limit=60s)
20:22:35 [INFO] 🚜 Farm Mode ACTIVE
20:22:35 [INFO] [x10] Resubscribing to 30 channels (paced)...
20:22:36 [DEBUG] Fetching fresh positions (force=False, cache_age=5.4s)
20:22:36 [DEBUG] Sending GET https://api.starknet.extended.exchange/api/v1/user/positions?
20:22:36 [INFO] Lighter: Found 2 open positions
20:22:36 [INFO] 📊 Positions: X10=3, Lighter=2
20:22:36 [DEBUG] X10 positions: ['TAO-USD', 'ENA-USD', 'CRV-USD']
20:22:36 [DEBUG] Lighter positions: ['ENA-USD', 'CRV-USD']
20:22:36 [INFO] 🔍 DEBUG ENA-USD: entry_time type=<class 'str'>, value=2025-12-02T19:22:00.065851+00:00
20:22:36 [DEBUG] Check ENA-USD: Age=36.8s (Limit=60s)
20:22:36 [INFO] 🔍 DEBUG TAO-USD: entry_time type=<class 'str'>, value=2025-12-02T19:21:59.762332+00:00
20:22:36 [DEBUG] Check TAO-USD: Age=37.1s (Limit=60s)
20:22:36 [INFO] 🔍 DEBUG CRV-USD: entry_time type=<class 'str'>, value=2025-12-02T19:22:00.965264+00:00
20:22:36 [DEBUG] Check CRV-USD: Age=35.9s (Limit=60s)
20:22:37 [DEBUG] MAX_OPEN_TRADES (3) reached, waiting...
20:22:37 [DEBUG] Using cached positions (age: 1.4s)
20:22:37 [INFO] 🔍 DEBUG ENA-USD: entry_time type=<class 'str'>, value=2025-12-02T19:22:00.065851+00:00
20:22:37 [DEBUG] Check ENA-USD: Age=37.8s (Limit=60s)
20:22:37 [INFO] 🔍 DEBUG TAO-USD: entry_time type=<class 'str'>, value=2025-12-02T19:21:59.762332+00:00
20:22:37 [DEBUG] Check TAO-USD: Age=38.1s (Limit=60s)
20:22:37 [INFO] 🔍 DEBUG CRV-USD: entry_time type=<class 'str'>, value=2025-12-02T19:22:00.965264+00:00
20:22:37 [DEBUG] Check CRV-USD: Age=36.9s (Limit=60s)
20:22:38 [DEBUG] [x10] Paused in ping/pong window at 0.9s
20:22:38 [DEBUG] [x10] Resubscribed 3/30 channels
20:22:38 [DEBUG] Using cached positions (age: 2.4s)
20:22:38 [INFO] 🔍 DEBUG ENA-USD: entry_time type=<class 'str'>, value=2025-12-02T19:22:00.065851+00:00
20:22:38 [DEBUG] Check ENA-USD: Age=38.8s (Limit=60s)
20:22:38 [INFO] 🔍 DEBUG TAO-USD: entry_time type=<class 'str'>, value=2025-12-02T19:21:59.762332+00:00
20:22:38 [DEBUG] Check TAO-USD: Age=39.1s (Limit=60s)
20:22:38 [INFO] 🔍 DEBUG CRV-USD: entry_time type=<class 'str'>, value=2025-12-02T19:22:00.965264+00:00
20:22:38 [DEBUG] Check CRV-USD: Age=37.9s (Limit=60s)
20:22:39 [DEBUG] 💓 [lighter] Alive (uptime=60s, last_msg=0s ago)
20:22:39 [DEBUG] [lighter] Responded to JSON ping with pong
20:22:39 [DEBUG] Using cached positions (age: 3.4s)
20:22:39 [INFO] 🔍 DEBUG ENA-USD: entry_time type=<class 'str'>, value=2025-12-02T19:22:00.065851+00:00
20:22:39 [DEBUG] Check ENA-USD: Age=39.8s (Limit=60s)
20:22:39 [INFO] 🔍 DEBUG TAO-USD: entry_time type=<class 'str'>, value=2025-12-02T19:21:59.762332+00:00
20:22:39 [DEBUG] Check TAO-USD: Age=40.1s (Limit=60s)
20:22:39 [INFO] 🔍 DEBUG CRV-USD: entry_time type=<class 'str'>, value=2025-12-02T19:22:00.965264+00:00
20:22:39 [DEBUG] Check CRV-USD: Age=38.9s (Limit=60s)
20:22:40 [DEBUG] MAX_OPEN_TRADES (3) reached, waiting...
20:22:40 [DEBUG] [x10] Resubscribed 6/30 channels
20:22:40 [DEBUG] Using cached positions (age: 4.4s)
20:22:40 [INFO] 🔍 DEBUG ENA-USD: entry_time type=<class 'str'>, value=2025-12-02T19:22:00.065851+00:00
20:22:40 [DEBUG] Check ENA-USD: Age=40.8s (Limit=60s)
20:22:40 [INFO] 🔍 DEBUG TAO-USD: entry_time type=<class 'str'>, value=2025-12-02T19:21:59.762332+00:00
20:22:40 [DEBUG] Check TAO-USD: Age=41.1s (Limit=60s)
20:22:40 [INFO] 🔍 DEBUG CRV-USD: entry_time type=<class 'str'>, value=2025-12-02T19:22:00.965264+00:00
20:22:40 [DEBUG] Check CRV-USD: Age=39.9s (Limit=60s)
20:22:41 [DEBUG] ✅ GRASS-USD: X10=$65,974, Lighter=$1,886,859, Total=$1,952,833
20:22:41 [DEBUG] Fetching fresh positions (force=False, cache_age=5.4s)
20:22:41 [DEBUG] Sending GET https://api.starknet.extended.exchange/api/v1/user/positions?
20:22:42 [INFO] Lighter: Found 2 open positions
20:22:42 [INFO] 📊 Positions: X10=3, Lighter=2
20:22:42 [DEBUG] X10 positions: ['TAO-USD', 'ENA-USD', 'CRV-USD']
20:22:42 [DEBUG] Lighter positions: ['ENA-USD', 'CRV-USD']
20:22:42 [INFO] 🔍 DEBUG ENA-USD: entry_time type=<class 'str'>, value=2025-12-02T19:22:00.065851+00:00
20:22:42 [DEBUG] Check ENA-USD: Age=42.2s (Limit=60s)
20:22:42 [INFO] 🔍 DEBUG TAO-USD: entry_time type=<class 'str'>, value=2025-12-02T19:21:59.762332+00:00
20:22:42 [DEBUG] Check TAO-USD: Age=42.5s (Limit=60s)
20:22:42 [INFO] 🔍 DEBUG CRV-USD: entry_time type=<class 'str'>, value=2025-12-02T19:22:00.965264+00:00
20:22:42 [DEBUG] Check CRV-USD: Age=41.3s (Limit=60s)
20:22:42 [DEBUG] [x10] Resubscribed 9/30 channels
20:22:42 [DEBUG] 💓 [x10] Alive (uptime=10s, last_msg=10s ago)
20:22:43 [DEBUG] MAX_OPEN_TRADES (3) reached, waiting...
20:22:43 [DEBUG] Using cached positions (age: 1.4s)
20:22:43 [INFO] 🔍 DEBUG ENA-USD: entry_time type=<class 'str'>, value=2025-12-02T19:22:00.065851+00:00
20:22:43 [DEBUG] Check ENA-USD: Age=43.2s (Limit=60s)
20:22:43 [INFO] 🔍 DEBUG TAO-USD: entry_time type=<class 'str'>, value=2025-12-02T19:21:59.762332+00:00
20:22:43 [DEBUG] Check TAO-USD: Age=43.5s (Limit=60s)
20:22:43 [INFO] 🔍 DEBUG CRV-USD: entry_time type=<class 'str'>, value=2025-12-02T19:22:00.965264+00:00
20:22:43 [DEBUG] Check CRV-USD: Age=42.3s (Limit=60s)
20:22:44 [DEBUG] [x10] Resubscribed 12/30 channels
20:22:44 [DEBUG] Using cached positions (age: 2.4s)
20:22:44 [INFO] 🔍 DEBUG ENA-USD: entry_time type=<class 'str'>, value=2025-12-02T19:22:00.065851+00:00
20:22:44 [DEBUG] Check ENA-USD: Age=44.2s (Limit=60s)
20:22:44 [INFO] 🔍 DEBUG TAO-USD: entry_time type=<class 'str'>, value=2025-12-02T19:21:59.762332+00:00
20:22:44 [DEBUG] Check TAO-USD: Age=44.5s (Limit=60s)
20:22:44 [INFO] 🔍 DEBUG CRV-USD: entry_time type=<class 'str'>, value=2025-12-02T19:22:00.965264+00:00
20:22:44 [DEBUG] Check CRV-USD: Age=43.3s (Limit=60s)
20:22:44 [DEBUG] ✅ LINK-USD: X10=$370,678, Lighter=$190,462, Total=$561,140
20:22:45 [DEBUG] Using cached positions (age: 3.4s)
20:22:45 [INFO] 🔍 DEBUG ENA-USD: entry_time type=<class 'str'>, value=2025-12-02T19:22:00.065851+00:00
20:22:45 [DEBUG] Check ENA-USD: Age=45.2s (Limit=60s)
20:22:45 [INFO] 🔍 DEBUG TAO-USD: entry_time type=<class 'str'>, value=2025-12-02T19:21:59.762332+00:00
20:22:45 [DEBUG] Check TAO-USD: Age=45.5s (Limit=60s)
20:22:45 [INFO] 🔍 DEBUG CRV-USD: entry_time type=<class 'str'>, value=2025-12-02T19:22:00.965264+00:00
20:22:45 [DEBUG] Check CRV-USD: Age=44.3s (Limit=60s)
20:22:45 [INFO] 🚜 Farm Mode ACTIVE
20:22:46 [DEBUG] [x10] Resubscribed 15/30 channels
20:22:46 [DEBUG] MAX_OPEN_TRADES (3) reached, waiting...
20:22:46 [DEBUG] Using cached positions (age: 4.4s)
20:22:46 [INFO] 🔍 DEBUG ENA-USD: entry_time type=<class 'str'>, value=2025-12-02T19:22:00.065851+00:00
20:22:46 [DEBUG] Check ENA-USD: Age=46.2s (Limit=60s)
20:22:46 [INFO] 🔍 DEBUG TAO-USD: entry_time type=<class 'str'>, value=2025-12-02T19:21:59.762332+00:00
20:22:46 [DEBUG] Check TAO-USD: Age=46.5s (Limit=60s)
20:22:46 [INFO] 🔍 DEBUG CRV-USD: entry_time type=<class 'str'>, value=2025-12-02T19:22:00.965264+00:00
20:22:46 [DEBUG] Check CRV-USD: Age=45.3s (Limit=60s)
20:22:47 [DEBUG] Fetching fresh positions (force=False, cache_age=5.4s)
20:22:47 [DEBUG] Sending GET https://api.starknet.extended.exchange/api/v1/user/positions?
20:22:47 [INFO] Lighter: Found 2 open positions
20:22:47 [INFO] 📊 Positions: X10=3, Lighter=2
20:22:47 [DEBUG] X10 positions: ['TAO-USD', 'ENA-USD', 'CRV-USD']
20:22:47 [DEBUG] Lighter positions: ['ENA-USD', 'CRV-USD']
20:22:47 [INFO] 🔍 DEBUG ENA-USD: entry_time type=<class 'str'>, value=2025-12-02T19:22:00.065851+00:00
20:22:47 [DEBUG] Check ENA-USD: Age=47.6s (Limit=60s)
20:22:47 [INFO] 🔍 DEBUG TAO-USD: entry_time type=<class 'str'>, value=2025-12-02T19:21:59.762332+00:00
20:22:47 [DEBUG] Check TAO-USD: Age=47.9s (Limit=60s)
20:22:47 [INFO] 🔍 DEBUG CRV-USD: entry_time type=<class 'str'>, value=2025-12-02T19:22:00.965264+00:00
20:22:47 [DEBUG] Check CRV-USD: Age=46.7s (Limit=60s)
20:22:47 [DEBUG] [x10] Resubscribed 18/30 channels
20:22:48 [DEBUG] ✅ TRX-USD: X10=$335,411, Lighter=$7,726,127, Total=$8,061,538
20:22:48 [DEBUG] Using cached positions (age: 1.4s)
20:22:48 [INFO] 🔍 DEBUG ENA-USD: entry_time type=<class 'str'>, value=2025-12-02T19:22:00.065851+00:00
20:22:48 [DEBUG] Check ENA-USD: Age=48.6s (Limit=60s)
20:22:48 [INFO] 🔍 DEBUG TAO-USD: entry_time type=<class 'str'>, value=2025-12-02T19:21:59.762332+00:00
20:22:48 [DEBUG] Check TAO-USD: Age=48.9s (Limit=60s)
20:22:48 [INFO] 🔍 DEBUG CRV-USD: entry_time type=<class 'str'>, value=2025-12-02T19:22:00.965264+00:00
20:22:48 [DEBUG] Check CRV-USD: Age=47.7s (Limit=60s)
20:22:49 [DEBUG] 💓 [lighter] Alive (uptime=70s, last_msg=0s ago)
20:22:49 [DEBUG] MAX_OPEN_TRADES (3) reached, waiting...
20:22:49 [DEBUG] Using cached positions (age: 2.4s)
20:22:49 [INFO] 🔍 DEBUG ENA-USD: entry_time type=<class 'str'>, value=2025-12-02T19:22:00.065851+00:00
20:22:49 [DEBUG] Check ENA-USD: Age=49.6s (Limit=60s)
20:22:49 [INFO] 🔍 DEBUG TAO-USD: entry_time type=<class 'str'>, value=2025-12-02T19:21:59.762332+00:00
20:22:49 [DEBUG] Check TAO-USD: Age=49.9s (Limit=60s)
20:22:49 [INFO] 🔍 DEBUG CRV-USD: entry_time type=<class 'str'>, value=2025-12-02T19:22:00.965264+00:00
20:22:49 [DEBUG] Check CRV-USD: Age=48.7s (Limit=60s)
20:22:50 [DEBUG] Using cached positions (age: 3.4s)
20:22:50 [INFO] 🔍 DEBUG ENA-USD: entry_time type=<class 'str'>, value=2025-12-02T19:22:00.065851+00:00
20:22:50 [DEBUG] Check ENA-USD: Age=50.6s (Limit=60s)
20:22:50 [INFO] 🔍 DEBUG TAO-USD: entry_time type=<class 'str'>, value=2025-12-02T19:21:59.762332+00:00
20:22:50 [DEBUG] Check TAO-USD: Age=50.9s (Limit=60s)
20:22:50 [INFO] 🔍 DEBUG CRV-USD: entry_time type=<class 'str'>, value=2025-12-02T19:22:00.965264+00:00
20:22:50 [DEBUG] Check CRV-USD: Age=49.7s (Limit=60s)
20:22:50 [DEBUG] [x10] Paused in ping/pong window at 13.1s
20:22:50 [DEBUG] [x10] Resubscribed 21/30 channels
20:22:51 [DEBUG] Using cached positions (age: 4.4s)
20:22:51 [INFO] 🔍 DEBUG ENA-USD: entry_time type=<class 'str'>, value=2025-12-02T19:22:00.065851+00:00
20:22:51 [DEBUG] Check ENA-USD: Age=51.6s (Limit=60s)
20:22:51 [INFO] 🔍 DEBUG TAO-USD: entry_time type=<class 'str'>, value=2025-12-02T19:21:59.762332+00:00
20:22:51 [DEBUG] Check TAO-USD: Age=51.9s (Limit=60s)
20:22:51 [INFO] 🔍 DEBUG CRV-USD: entry_time type=<class 'str'>, value=2025-12-02T19:22:00.965264+00:00
20:22:51 [DEBUG] Check CRV-USD: Age=50.7s (Limit=60s)
20:22:52 [WARNING] 🛑 Received SIGINT, initiating graceful shutdown...
20:22:52 [INFO] 🛑 Shutting down...
20:22:52 [INFO] 🛑 Initiating graceful shutdown...
20:22:52 [INFO] 🔍 Supervisor loop stopped
20:22:52 [INFO] 🛑 Cancelling logic_loop...
20:22:52 [INFO] 🛑 Cancelling trade_management_loop...
20:22:52 [INFO] 🛑 Cancelling farm_loop...
20:22:52 [INFO] 🛑 Cancelling maintenance_loop...
20:22:52 [INFO] 🛑 Cancelling cleanup_finished_tasks...
20:22:52 [INFO] 🛑 Cancelling health_reporter...
20:22:52 [INFO] 🛑 Cancelling connection_watchdog...
20:22:52 [INFO] Logic loop cancelled
20:22:52 [INFO] Connection watchdog cancelled
20:22:52 [INFO] ✅ All tasks stopped
20:22:52 [INFO] 🛑 Rollback processor: Shutdown signal received
20:22:52 [INFO] ✅ ParallelExecutionManager: Stopped
20:22:52 [DEBUG] ✅ UNI-USD: X10=$217,487, Lighter=$370,698, Total=$588,185
20:22:53 [DEBUG] [x10] Paused in ping/pong window at 16.0s
20:22:53 [DEBUG] [x10] Resubscribed 24/30 channels
20:22:56 [DEBUG] ✅ LTC-USD: X10=$236,954, Lighter=$20,514, Total=$257,468
20:22:57 [ERROR] [x10] Resubscription error for funding/1000PEPE/USD: sent 1000 (OK); then received 1011 (internal error) Ping timeout
20:22:57 [ERROR] [x10] Resubscription error for publicTrades/XAG/USD: sent 1000 (OK); then received 1011 (internal error) Ping timeout
20:22:57 [ERROR] [x10] Resubscription error for funding/UNI/USD: sent 1000 (OK); then received 1011 (internal error) Ping timeout
20:22:57 [ERROR] [x10] Resubscription error for funding/PENGU/USD: sent 1000 (OK); then received 1011 (internal error) Ping timeout
20:22:57 [ERROR] [x10] Resubscription error for funding/BERA/USD: sent 1000 (OK); then received 1011 (internal error) Ping timeout
20:22:57 [ERROR] [x10] Resubscription error for publicTrades/EDEN/USD: sent 1000 (OK); then received 1011 (internal error) Ping timeout
20:22:57 [INFO] [x10] Resubscribed to 30 channels
20:22:57 [INFO] 🔌 [x10] WebSocket stopped
20:22:57 [INFO] 🔌 [lighter] WebSocket stopped
20:22:57 [INFO] ✅ WebSocketManager stopped
20:22:57 [INFO] ✅ OpenInterestTracker stopped
20:22:57 [INFO] 🛑 Stopping InMemoryStateManager...
20:22:57 [INFO] 📝 State writer loop stopped
20:22:57 [INFO] ✅ InMemoryStateManager stopped
20:22:57 [INFO] 🔒 Closing database...
20:22:57 [INFO] 🖊️ Database write loop stopped
20:22:57 [INFO] ✅ Database closed
20:22:57 [INFO] ✅ X10 Adapter geschlossen.
20:22:57 [INFO] ✅ Lighter Adapter closed
20:22:57 [INFO] ✅ Bot V5 shutdown complete
