15:30:54 [INFO]  CONFIG VALIDIERUNG abgeschlossen.
15:30:54 [INFO] 🔥 BOT V5 (Architected) STARTING...
15:30:54 [INFO] 🚀 Starting InMemoryStateManager...
15:30:54 [INFO] 📂 Initializing database: data/trades.db
15:30:54 [DEBUG] executing <function connect.<locals>.connector at 0x000002187ECFFBA0>
15:30:54 [DEBUG] operation <function connect.<locals>.connector at 0x000002187ECFFBA0> completed
15:30:54 [DEBUG] executing functools.partial(<built-in method execute of sqlite3.Connection object at 0x000002187ED41030>, 'PRAGMA foreign_keys=ON', [])
15:30:54 [DEBUG] operation functools.partial(<built-in method execute of sqlite3.Connection object at 0x000002187ED41030>, 'PRAGMA foreign_keys=ON', []) completed
15:30:54 [DEBUG] executing <function connect.<locals>.connector at 0x000002187ECFFF60>
15:30:54 [DEBUG] operation <function connect.<locals>.connector at 0x000002187ECFFF60> completed
15:30:54 [DEBUG] executing functools.partial(<built-in method execute of sqlite3.Connection object at 0x000002187ED41300>, 'PRAGMA foreign_keys=ON', [])
15:30:54 [DEBUG] operation functools.partial(<built-in method execute of sqlite3.Connection object at 0x000002187ED41300>, 'PRAGMA foreign_keys=ON', []) completed
15:30:54 [DEBUG] executing <function connect.<locals>.connector at 0x000002187ED38180>
15:30:54 [DEBUG] operation <function connect.<locals>.connector at 0x000002187ED38180> completed
15:30:54 [DEBUG] executing functools.partial(<built-in method execute of sqlite3.Connection object at 0x000002187ED417B0>, 'PRAGMA foreign_keys=ON', [])
15:30:54 [DEBUG] operation functools.partial(<built-in method execute of sqlite3.Connection object at 0x000002187ED417B0>, 'PRAGMA foreign_keys=ON', []) completed
15:30:54 [DEBUG] executing <function connect.<locals>.connector at 0x000002187ECFF9C0>
15:30:54 [DEBUG] operation <function connect.<locals>.connector at 0x000002187ECFF9C0> completed
15:30:54 [DEBUG] executing functools.partial(<built-in method execute of sqlite3.Connection object at 0x000002187ED41D50>, 'PRAGMA foreign_keys=ON', [])
15:30:54 [DEBUG] operation functools.partial(<built-in method execute of sqlite3.Connection object at 0x000002187ED41D50>, 'PRAGMA foreign_keys=ON', []) completed
15:30:54 [DEBUG] executing <function connect.<locals>.connector at 0x000002187ED38540>
15:30:54 [DEBUG] operation <function connect.<locals>.connector at 0x000002187ED38540> completed
15:30:54 [DEBUG] executing functools.partial(<built-in method execute of sqlite3.Connection object at 0x000002187ED42110>, 'PRAGMA foreign_keys=ON', [])
15:30:54 [DEBUG] operation functools.partial(<built-in method execute of sqlite3.Connection object at 0x000002187ED42110>, 'PRAGMA foreign_keys=ON', []) completed
15:30:54 [INFO] ✅ Read pool created: 5 connections
15:30:54 [DEBUG] executing <function connect.<locals>.connector at 0x000002187ED38360>
15:30:54 [DEBUG] operation <function connect.<locals>.connector at 0x000002187ED38360> completed
15:30:54 [DEBUG] executing functools.partial(<built-in method execute of sqlite3.Connection object at 0x000002187ED423E0>, 'PRAGMA foreign_keys=ON', [])
15:30:54 [DEBUG] operation functools.partial(<built-in method execute of sqlite3.Connection object at 0x000002187ED423E0>, 'PRAGMA foreign_keys=ON', []) completed
15:30:54 [DEBUG] executing functools.partial(<built-in method execute of sqlite3.Connection object at 0x000002187ED423E0>, 'PRAGMA journal_mode=WAL', [])
15:30:54 [DEBUG] operation functools.partial(<built-in method execute of sqlite3.Connection object at 0x000002187ED423E0>, 'PRAGMA journal_mode=WAL', []) completed
15:30:54 [DEBUG] executing functools.partial(<built-in method execute of sqlite3.Connection object at 0x000002187ED423E0>, 'PRAGMA synchronous=NORMAL', [])
15:30:54 [DEBUG] operation functools.partial(<built-in method execute of sqlite3.Connection object at 0x000002187ED423E0>, 'PRAGMA synchronous=NORMAL', []) completed
15:30:54 [INFO] ✅ WAL mode enabled
15:30:54 [INFO] 🔄 Running database migrations...
15:30:54 [DEBUG] executing functools.partial(<built-in method execute of sqlite3.Connection object at 0x000002187ED423E0>, "\n            CREATE TABLE IF NOT EXISTS trades (\n                id INTEGER PRIMARY KEY AUTOINCREMENT,\n                symbol TEXT NOT NULL,\n                side_x10 TEXT NOT NULL,\n                side_lighter TEXT NOT NULL,\n                size_usd REAL NOT NULL,\n                entry_price_x10 REAL,\n                entry_price_lighter REAL,\n                status TEXT DEFAULT 'open',\n                is_farm_trade INTEGER DEFAULT 0,\n                created_at INTEGER NOT NULL,\n                closed_at INTEGER,\n                pnl REAL DEFAULT 0,\n                funding_collected REAL DEFAULT 0,\n                account_label TEXT,\n                x10_order_id TEXT,\n                lighter_order_id TEXT,\n                UNIQUE(symbol, status) ON CONFLICT REPLACE\n            )\n            ", [])
15:30:54 [DEBUG] operation functools.partial(<built-in method execute of sqlite3.Connection object at 0x000002187ED423E0>, "\n            CREATE TABLE IF NOT EXISTS trades (\n                id INTEGER PRIMARY KEY AUTOINCREMENT,\n                symbol TEXT NOT NULL,\n                side_x10 TEXT NOT NULL,\n                side_lighter TEXT NOT NULL,\n                size_usd REAL NOT NULL,\n                entry_price_x10 REAL,\n                entry_price_lighter REAL,\n                status TEXT DEFAULT 'open',\n                is_farm_trade INTEGER DEFAULT 0,\n                created_at INTEGER NOT NULL,\n                closed_at INTEGER,\n                pnl REAL DEFAULT 0,\n                funding_collected REAL DEFAULT 0,\n                account_label TEXT,\n                x10_order_id TEXT,\n                lighter_order_id TEXT,\n                UNIQUE(symbol, status) ON CONFLICT REPLACE\n            )\n            ", []) completed
15:30:54 [DEBUG] executing functools.partial(<built-in method execute of sqlite3.Connection object at 0x000002187ED423E0>, '\n            CREATE INDEX IF NOT EXISTS idx_trades_symbol ON trades(symbol)\n            ', [])
15:30:54 [DEBUG] operation functools.partial(<built-in method execute of sqlite3.Connection object at 0x000002187ED423E0>, '\n            CREATE INDEX IF NOT EXISTS idx_trades_symbol ON trades(symbol)\n            ', []) completed
15:30:54 [DEBUG] executing functools.partial(<built-in method execute of sqlite3.Connection object at 0x000002187ED423E0>, '\n            CREATE INDEX IF NOT EXISTS idx_trades_status ON trades(status)\n            ', [])
15:30:54 [DEBUG] operation functools.partial(<built-in method execute of sqlite3.Connection object at 0x000002187ED423E0>, '\n            CREATE INDEX IF NOT EXISTS idx_trades_status ON trades(status)\n            ', []) completed
15:30:54 [DEBUG] executing functools.partial(<built-in method execute of sqlite3.Connection object at 0x000002187ED423E0>, '\n            CREATE INDEX IF NOT EXISTS idx_trades_created ON trades(created_at)\n            ', [])
15:30:54 [DEBUG] operation functools.partial(<built-in method execute of sqlite3.Connection object at 0x000002187ED423E0>, '\n            CREATE INDEX IF NOT EXISTS idx_trades_created ON trades(created_at)\n            ', []) completed
15:30:54 [DEBUG] executing functools.partial(<built-in method execute of sqlite3.Connection object at 0x000002187ED423E0>, '\n            CREATE TABLE IF NOT EXISTS funding_history (\n                id INTEGER PRIMARY KEY AUTOINCREMENT,\n                symbol TEXT NOT NULL,\n                exchange TEXT NOT NULL,\n                rate REAL NOT NULL,\n                timestamp INTEGER NOT NULL,\n                collected_amount REAL DEFAULT 0\n            )\n            ', [])
15:30:54 [DEBUG] operation functools.partial(<built-in method execute of sqlite3.Connection object at 0x000002187ED423E0>, '\n            CREATE TABLE IF NOT EXISTS funding_history (\n                id INTEGER PRIMARY KEY AUTOINCREMENT,\n                symbol TEXT NOT NULL,\n                exchange TEXT NOT NULL,\n                rate REAL NOT NULL,\n                timestamp INTEGER NOT NULL,\n                collected_amount REAL DEFAULT 0\n            )\n            ', []) completed
15:30:54 [DEBUG] executing functools.partial(<built-in method execute of sqlite3.Connection object at 0x000002187ED423E0>, '\n            CREATE INDEX IF NOT EXISTS idx_funding_symbol_ts \n            ON funding_history(symbol, timestamp)\n            ', [])
15:30:54 [DEBUG] operation functools.partial(<built-in method execute of sqlite3.Connection object at 0x000002187ED423E0>, '\n            CREATE INDEX IF NOT EXISTS idx_funding_symbol_ts \n            ON funding_history(symbol, timestamp)\n            ', []) completed
15:30:54 [DEBUG] executing functools.partial(<built-in method execute of sqlite3.Connection object at 0x000002187ED423E0>, '\n            CREATE TABLE IF NOT EXISTS execution_log (\n                id INTEGER PRIMARY KEY AUTOINCREMENT,\n                symbol TEXT NOT NULL,\n                action TEXT NOT NULL,\n                exchange TEXT NOT NULL,\n                success INTEGER NOT NULL,\n                order_id TEXT,\n                error TEXT,\n                latency_ms REAL,\n                timestamp INTEGER NOT NULL\n            )\n            ', [])
15:30:54 [DEBUG] operation functools.partial(<built-in method execute of sqlite3.Connection object at 0x000002187ED423E0>, '\n            CREATE TABLE IF NOT EXISTS execution_log (\n                id INTEGER PRIMARY KEY AUTOINCREMENT,\n                symbol TEXT NOT NULL,\n                action TEXT NOT NULL,\n                exchange TEXT NOT NULL,\n                success INTEGER NOT NULL,\n                order_id TEXT,\n                error TEXT,\n                latency_ms REAL,\n                timestamp INTEGER NOT NULL\n            )\n            ', []) completed
15:30:54 [DEBUG] executing functools.partial(<built-in method execute of sqlite3.Connection object at 0x000002187ED423E0>, '\n            CREATE TABLE IF NOT EXISTS bot_state (\n                key TEXT PRIMARY KEY,\n                value TEXT NOT NULL,\n                updated_at INTEGER NOT NULL\n            )\n            ', [])
15:30:54 [DEBUG] operation functools.partial(<built-in method execute of sqlite3.Connection object at 0x000002187ED423E0>, '\n            CREATE TABLE IF NOT EXISTS bot_state (\n                key TEXT PRIMARY KEY,\n                value TEXT NOT NULL,\n                updated_at INTEGER NOT NULL\n            )\n            ', []) completed
15:30:54 [DEBUG] executing functools.partial(<built-in method execute of sqlite3.Connection object at 0x000002187ED423E0>, '\n            CREATE TABLE IF NOT EXISTS pnl_snapshots (\n                id INTEGER PRIMARY KEY AUTOINCREMENT,\n                timestamp INTEGER NOT NULL,\n                total_pnl REAL NOT NULL,\n                unrealized_pnl REAL NOT NULL,\n                realized_pnl REAL NOT NULL,\n                funding_pnl REAL NOT NULL,\n                trade_count INTEGER NOT NULL\n            )\n            ', [])
15:30:54 [DEBUG] operation functools.partial(<built-in method execute of sqlite3.Connection object at 0x000002187ED423E0>, '\n            CREATE TABLE IF NOT EXISTS pnl_snapshots (\n                id INTEGER PRIMARY KEY AUTOINCREMENT,\n                timestamp INTEGER NOT NULL,\n                total_pnl REAL NOT NULL,\n                unrealized_pnl REAL NOT NULL,\n                realized_pnl REAL NOT NULL,\n                funding_pnl REAL NOT NULL,\n                trade_count INTEGER NOT NULL\n            )\n            ', []) completed
15:30:54 [DEBUG] executing functools.partial(<built-in method execute of sqlite3.Connection object at 0x000002187ED423E0>, '\n            CREATE INDEX IF NOT EXISTS idx_pnl_ts ON pnl_snapshots(timestamp)\n            ', [])
15:30:54 [DEBUG] operation functools.partial(<built-in method execute of sqlite3.Connection object at 0x000002187ED423E0>, '\n            CREATE INDEX IF NOT EXISTS idx_pnl_ts ON pnl_snapshots(timestamp)\n            ', []) completed
15:30:54 [DEBUG] executing functools.partial(<built-in method execute of sqlite3.Connection object at 0x000002187ED423E0>, '\n            CREATE TABLE IF NOT EXISTS _migrations (\n                id INTEGER PRIMARY KEY,\n                name TEXT NOT NULL,\n                applied_at INTEGER NOT NULL\n            )\n            ', [])
15:30:54 [DEBUG] operation functools.partial(<built-in method execute of sqlite3.Connection object at 0x000002187ED423E0>, '\n            CREATE TABLE IF NOT EXISTS _migrations (\n                id INTEGER PRIMARY KEY,\n                name TEXT NOT NULL,\n                applied_at INTEGER NOT NULL\n            )\n            ', []) completed
15:30:54 [DEBUG] executing functools.partial(<built-in method commit of sqlite3.Connection object at 0x000002187ED423E0>)
15:30:54 [DEBUG] operation functools.partial(<built-in method commit of sqlite3.Connection object at 0x000002187ED423E0>) completed
15:30:54 [INFO] ✅ Migrations complete (11 statements)
15:30:54 [INFO] ✅ Database initialized
15:30:54 [DEBUG] executing functools.partial(<built-in method execute of sqlite3.Connection object at 0x000002187ED41030>, "SELECT * FROM trades WHERE status = 'open' ORDER BY created_at DESC", ())
15:30:54 [INFO] 🖊️ Database write loop started
15:30:54 [DEBUG] operation functools.partial(<built-in method execute of sqlite3.Connection object at 0x000002187ED41030>, "SELECT * FROM trades WHERE status = 'open' ORDER BY created_at DESC", ()) completed
15:30:54 [DEBUG] executing functools.partial(<built-in method fetchall of sqlite3.Cursor object at 0x000002187ECFB3C0>)
15:30:54 [DEBUG] operation functools.partial(<built-in method fetchall of sqlite3.Cursor object at 0x000002187ECFB3C0>) completed
15:30:54 [DEBUG] executing functools.partial(<built-in method close of sqlite3.Cursor object at 0x000002187ECFB3C0>)
15:30:54 [DEBUG] operation functools.partial(<built-in method close of sqlite3.Cursor object at 0x000002187ECFB3C0>) completed
15:30:54 [INFO] 📂 Loaded 4 trades from database
15:30:54 [INFO] ✅ InMemoryStateManager started (loaded 4 trades)
15:30:54 [INFO] ✅ State Manager started
15:30:54 [INFO]  Telegram Bot disabled (Token/ChatID missing).
15:30:54 [INFO] ✅ Async database initialized
15:30:54 [DEBUG] executing <function connect.<locals>.connector at 0x000002187ED38900>
15:30:54 [INFO] 📝 State writer loop started
15:30:54 [DEBUG] operation <function connect.<locals>.connector at 0x000002187ED38900> completed
15:30:54 [DEBUG] executing functools.partial(<built-in method execute of sqlite3.Connection object at 0x000002187ED42C50>, "\n                CREATE TABLE IF NOT EXISTS trade_history (\n                    id INTEGER PRIMARY KEY AUTOINCREMENT,\n                    symbol TEXT NOT NULL,\n                    entry_time TIMESTAMP,\n                    exit_time TIMESTAMP,\n                    hold_duration_hours REAL,\n                    close_reason TEXT,\n                    final_pnl_usd REAL,\n                    funding_pnl_usd REAL,\n                    spread_pnl_usd REAL,\n                    fees_usd REAL,\n                    account_label TEXT DEFAULT 'Main'\n                )\n            ", [])
15:30:54 [DEBUG] operation functools.partial(<built-in method execute of sqlite3.Connection object at 0x000002187ED42C50>, "\n                CREATE TABLE IF NOT EXISTS trade_history (\n                    id INTEGER PRIMARY KEY AUTOINCREMENT,\n                    symbol TEXT NOT NULL,\n                    entry_time TIMESTAMP,\n                    exit_time TIMESTAMP,\n                    hold_duration_hours REAL,\n                    close_reason TEXT,\n                    final_pnl_usd REAL,\n                    funding_pnl_usd REAL,\n                    spread_pnl_usd REAL,\n                    fees_usd REAL,\n                    account_label TEXT DEFAULT 'Main'\n                )\n            ", []) completed
15:30:54 [DEBUG] executing functools.partial(<built-in method commit of sqlite3.Connection object at 0x000002187ED42C50>)
15:30:54 [DEBUG] operation functools.partial(<built-in method commit of sqlite3.Connection object at 0x000002187ED42C50>) completed
15:30:54 [DEBUG] executing functools.partial(<built-in method execute of sqlite3.Connection object at 0x000002187ED42C50>, 'PRAGMA table_info(trade_history)', [])
15:30:54 [DEBUG] operation functools.partial(<built-in method execute of sqlite3.Connection object at 0x000002187ED42C50>, 'PRAGMA table_info(trade_history)', []) completed
15:30:54 [DEBUG] executing functools.partial(<built-in method fetchall of sqlite3.Cursor object at 0x000002187ECFB1C0>)
15:30:54 [DEBUG] operation functools.partial(<built-in method fetchall of sqlite3.Cursor object at 0x000002187ECFB1C0>) completed
15:30:54 [DEBUG] ✅ Database schema up to date
15:30:54 [DEBUG] executing functools.partial(<built-in method close of sqlite3.Connection object at 0x000002187ED42C50>)
15:30:54 [DEBUG] operation functools.partial(<built-in method close of sqlite3.Connection object at 0x000002187ED42C50>) completed
15:30:54 [INFO] Initialisiere X10 Adapter...
15:30:54 [INFO]  X10 Account initialisiert.
15:30:54 [INFO] Initialisiere Lighter Adapter...
15:30:54 [INFO] 📊 Loading Market Data via REST...
15:30:54 [DEBUG] Sending GET https://api.starknet.extended.exchange/api/v1/info/markets?
15:30:54 [INFO] ⚙️ Lighter: Loading markets...
15:30:54 [DEBUG] Starting new HTTPS connection (1): mainnet.zklighter.elliot.ai:443
15:30:55 [DEBUG] https://mainnet.zklighter.elliot.ai:443 "GET /api/v1/nextNonce?account_index=60113&api_key_index=3 HTTP/1.1" 200 25
15:30:57 [INFO]  X10: 91 Märkte geladen, 91 Funding Rates, 78 Preise
15:31:54 [DEBUG] executing functools.partial(<built-in method execute of sqlite3.Connection object at 0x000002187ED41300>, "SELECT * FROM trades WHERE status = 'open' ORDER BY created_at DESC", ())
15:31:54 [ERROR] ⚠️ Market load warning (continuing): 
15:31:54 [INFO] FundingPredictorV2 initialized with BTC Correlation
15:31:54 [INFO] 启动 OI Tracker für 65 Symbole...
15:31:54 [INFO] ✅ OpenInterestTracker started (interval=30.0s)
15:31:54 [INFO] 🌐 Starting WebSocket Manager...
15:31:54 [DEBUG] operation functools.partial(<built-in method execute of sqlite3.Connection object at 0x000002187ED41300>, "SELECT * FROM trades WHERE status = 'open' ORDER BY created_at DESC", ()) completed
15:31:54 [INFO] 📊 OI Tracker: Starting cycle 1 (65 symbols)
15:31:54 [INFO] 🔌 [lighter] WebSocket manager started
15:31:54 [INFO] 🔌 [x10] WebSocket manager started
15:31:54 [DEBUG] executing functools.partial(<built-in method fetchall of sqlite3.Cursor object at 0x000002185D33B740>)
15:31:54 [INFO] ✅ WebSocketManager started
15:31:54 [DEBUG] operation functools.partial(<built-in method fetchall of sqlite3.Cursor object at 0x000002185D33B740>) completed
15:31:54 [DEBUG] executing functools.partial(<built-in method close of sqlite3.Cursor object at 0x000002185D33B740>)
15:31:54 [DEBUG] operation functools.partial(<built-in method close of sqlite3.Cursor object at 0x000002185D33B740>) completed
15:31:55 [DEBUG] ✅ BCH-USD: X10=$0, Lighter=$3,269, Total=$3,269
15:31:55 [INFO] ✅ [lighter] Connected to wss://mainnet.zklighter.elliot.ai/stream
15:31:55 [DEBUG] [lighter] Subscribed to trade/11
15:31:55 [DEBUG] [lighter] Subscribed to order_book/32
15:31:55 [DEBUG] [lighter] Subscribed to trade/32
15:31:55 [INFO] ✅ [x10] Connected to wss://api.starknet.extended.exchange/stream.extended.exchange/v1/account
15:31:55 [DEBUG] [lighter] Subscribed to order_book/67
15:31:55 [DEBUG] [lighter] Subscribed to trade/67
15:31:55 [DEBUG] [lighter] Subscribed to order_book/89
15:31:55 [DEBUG] [lighter] Subscribed to order_book/4
15:31:55 [DEBUG] [lighter] Subscribed to trade/4
15:31:55 [DEBUG] [lighter] Subscribed to order_book/20
15:31:55 [DEBUG] [lighter] Subscribed to order_book/83
15:31:55 [DEBUG] [lighter] Subscribed to trade/83
15:31:55 [DEBUG] [lighter] Subscribed to order_book/39
15:31:55 [DEBUG] [lighter] Subscribed to trade/39
15:31:55 [DEBUG] [lighter] Subscribed to order_book/2
15:31:55 [DEBUG] [lighter] Subscribed to order_book/55
15:31:55 [DEBUG] [lighter] Subscribed to trade/55
15:31:55 [DEBUG] [lighter] Subscribed to order_book/26
15:31:55 [DEBUG] [lighter] Subscribed to trade/26
15:31:55 [DEBUG] [lighter] Subscribed to trade/20
15:31:55 [DEBUG] [lighter] Subscribed to order_book/63
15:31:55 [DEBUG] [lighter] Subscribed to trade/63
15:31:55 [DEBUG] [lighter] Subscribed to order_book/49
15:31:55 [DEBUG] [lighter] Subscribed to trade/49
15:31:56 [DEBUG] [lighter] Subscribed to order_book/34
15:31:56 [DEBUG] [lighter] Subscribed to order_book/6
15:31:56 [DEBUG] [lighter] Subscribed to trade/6
15:31:56 [DEBUG] [lighter] Subscribed to order_book/28
15:31:56 [DEBUG] [lighter] Subscribed to trade/28
15:31:56 [DEBUG] [lighter] Subscribed to order_book/91
15:31:56 [DEBUG] [lighter] Subscribed to order_book/43
15:31:56 [DEBUG] [lighter] Subscribed to trade/43
15:31:56 [DEBUG] [lighter] Subscribed to order_book/41
15:31:56 [DEBUG] [lighter] Subscribed to trade/41
15:31:56 [DEBUG] [lighter] Subscribed to trade/33
15:31:56 [DEBUG] [lighter] Subscribed to order_book/5
15:31:56 [DEBUG] [lighter] Subscribed to trade/5
15:31:56 [DEBUG] [lighter] Subscribed to order_book/103
15:31:56 [DEBUG] [lighter] Subscribed to trade/103
15:31:56 [DEBUG] [lighter] Subscribed to trade/82
15:31:56 [DEBUG] [lighter] Subscribed to order_book/13
15:31:56 [DEBUG] [lighter] Subscribed to trade/13
15:31:56 [DEBUG] [lighter] Subscribed to order_book/42
15:31:56 [DEBUG] [lighter] Subscribed to order_book/45
15:31:56 [DEBUG] [lighter] Subscribed to trade/45
15:31:56 [DEBUG] [lighter] Subscribed to order_book/23
15:31:56 [DEBUG] [lighter] Subscribed to trade/23
15:31:56 [DEBUG] [lighter] Subscribed to order_book/72
15:31:56 [DEBUG] [lighter] Subscribed to trade/72
15:31:56 [DEBUG] [lighter] Subscribed to trade/58
15:31:56 [DEBUG] [lighter] Subscribed to order_book/98
15:31:56 [DEBUG] [lighter] Subscribed to trade/98
15:31:56 [DEBUG] [lighter] Subscribed to trade/94
15:31:56 [DEBUG] [lighter] Subscribed to order_book/90
15:31:56 [DEBUG] [lighter] Subscribed to trade/90
15:31:56 [DEBUG] [lighter] Subscribed to order_book/52
15:31:56 [DEBUG] [lighter] Subscribed to trade/52
15:31:56 [DEBUG] [lighter] Subscribed to order_book/33
15:31:56 [DEBUG] [lighter] Subscribed to order_book/65
15:31:56 [DEBUG] [lighter] Subscribed to trade/65
15:31:56 [DEBUG] [lighter] Subscribed to order_book/18
15:31:56 [DEBUG] [lighter] Subscribed to trade/18
15:31:56 [DEBUG] [lighter] Subscribed to trade/2
15:31:56 [DEBUG] [lighter] Subscribed to order_book/104
15:31:56 [DEBUG] [lighter] Subscribed to trade/104
15:31:56 [DEBUG] [lighter] Subscribed to order_book/1
15:31:56 [DEBUG] [lighter] Subscribed to trade/1
15:31:56 [DEBUG] [lighter] Subscribed to order_book/10
15:31:56 [DEBUG] [lighter] Subscribed to order_book/25
15:31:56 [DEBUG] [lighter] Subscribed to trade/25
15:31:57 [DEBUG] [lighter] Subscribed to order_book/24
15:31:57 [DEBUG] [lighter] Subscribed to trade/24
15:31:57 [DEBUG] [lighter] Subscribed to trade/34
15:31:57 [DEBUG] [lighter] Subscribed to order_book/92
15:31:57 [DEBUG] [lighter] Subscribed to trade/92
15:31:57 [DEBUG] [lighter] Subscribed to order_book/31
15:31:57 [DEBUG] [lighter] Subscribed to trade/31
15:31:57 [DEBUG] [lighter] Subscribed to order_book/93
15:31:57 [DEBUG] [lighter] Subscribed to order_book/35
15:31:57 [DEBUG] [lighter] Subscribed to trade/35
15:31:57 [DEBUG] [lighter] Subscribed to trade/91
15:31:57 [DEBUG] [lighter] Subscribed to order_book/38
15:31:57 [DEBUG] [lighter] Subscribed to trade/38
15:31:57 [DEBUG] [lighter] Subscribed to order_book/29
15:31:57 [DEBUG] [lighter] Subscribed to trade/29
15:31:57 [DEBUG] [lighter] Subscribed to order_book/21
15:31:57 [DEBUG] [lighter] Subscribed to order_book/50
15:31:57 [DEBUG] [lighter] Subscribed to trade/50
15:31:57 [DEBUG] [lighter] Subscribed to order_book/86
15:31:57 [DEBUG] [lighter] Subscribed to trade/86
15:31:57 [DEBUG] [lighter] Subscribed to trade/30
15:31:57 [DEBUG] [lighter] Subscribed to order_book/12
15:31:57 [DEBUG] [lighter] Subscribed to trade/12
15:31:57 [DEBUG] [lighter] Subscribed to order_book/71
15:31:57 [DEBUG] [lighter] Subscribed to trade/71
15:31:57 [DEBUG] [lighter] Subscribed to order_book/82
15:31:57 [DEBUG] [lighter] Subscribed to order_book/15
15:31:57 [DEBUG] [lighter] Subscribed to trade/15
15:31:57 [DEBUG] [lighter] Subscribed to order_book/94
15:31:57 [DEBUG] [lighter] Subscribed to order_book/27
15:31:57 [DEBUG] [lighter] Subscribed to trade/27
15:31:57 [DEBUG] [lighter] Subscribed to order_book/51
15:31:57 [DEBUG] [lighter] Subscribed to trade/51
15:31:57 [DEBUG] [lighter] Subscribed to order_book/8
15:31:57 [DEBUG] [lighter] Subscribed to trade/8
15:31:57 [DEBUG] [lighter] Subscribed to trade/21
15:31:57 [DEBUG] [lighter] Subscribed to order_book/53
15:31:57 [DEBUG] [lighter] Subscribed to trade/53
15:31:57 [DEBUG] [lighter] Subscribed to order_book/3
15:31:57 [DEBUG] [lighter] Subscribed to trade/3
15:31:57 [DEBUG] [lighter] Subscribed to order_book/16
15:31:57 [DEBUG] [lighter] Subscribed to order_book/36
15:31:57 [DEBUG] [lighter] Subscribed to trade/36
15:31:57 [DEBUG] [lighter] Subscribed to order_book/37
15:31:57 [DEBUG] [lighter] Subscribed to trade/37
15:31:57 [DEBUG] [lighter] Subscribed to trade/10
15:31:58 [DEBUG] [lighter] Subscribed to order_book/76
15:31:58 [DEBUG] [lighter] Subscribed to trade/76
15:31:58 [DEBUG] [lighter] Subscribed to order_book/46
15:31:58 [DEBUG] [lighter] Subscribed to trade/46
15:31:58 [DEBUG] [lighter] Subscribed to order_book/11
15:31:58 [DEBUG] [x10] Subscribed to orderbooks/BCH/USD
15:31:58 [DEBUG] [x10] Subscribed to publicTrades/BCH/USD
15:31:58 [DEBUG] [x10] Subscribed to funding/BCH/USD
15:31:58 [DEBUG] [x10] Subscribed to orderbooks/AVAX/USD
15:31:58 [DEBUG] [x10] Subscribed to publicTrades/AVAX/USD
15:31:58 [DEBUG] [x10] Subscribed to funding/AVAX/USD
15:31:58 [DEBUG] [lighter] Subscribed to market_stats/all
15:31:58 [DEBUG] [x10] Subscribed to orderbooks/FARTCOIN/USD
15:31:58 [DEBUG] [x10] Subscribed to publicTrades/FARTCOIN/USD
15:31:58 [DEBUG] [x10] Subscribed to funding/FARTCOIN/USD
15:31:58 [DEBUG] [x10] Subscribed to orderbooks/SOL/USD
15:31:58 [DEBUG] [x10] Subscribed to publicTrades/SOL/USD
15:31:58 [DEBUG] [x10] Subscribed to funding/SOL/USD
15:31:58 [DEBUG] [lighter] Subscribed to trade/9
15:31:58 [DEBUG] [x10] Subscribed to orderbooks/EDEN/USD
15:31:58 [DEBUG] [x10] Subscribed to publicTrades/EDEN/USD
15:31:58 [DEBUG] [x10] Subscribed to funding/EDEN/USD
15:31:58 [DEBUG] [x10] Subscribed to orderbooks/IP/USD
15:31:58 [DEBUG] [x10] Subscribed to publicTrades/IP/USD
15:31:58 [DEBUG] [x10] Subscribed to funding/IP/USD
15:31:58 [DEBUG] [lighter] Subscribed to trade/89
15:31:58 [DEBUG] [x10] Subscribed to orderbooks/BERA/USD
15:31:58 [DEBUG] [x10] Subscribed to publicTrades/BERA/USD
15:31:58 [DEBUG] [x10] Subscribed to funding/BERA/USD
15:31:58 [DEBUG] [x10] Subscribed to orderbooks/SPX/USD
15:31:58 [DEBUG] [x10] Subscribed to publicTrades/SPX/USD
15:31:58 [DEBUG] [x10] Subscribed to funding/SPX/USD
15:31:58 [DEBUG] [lighter] Subscribed to order_book/30
15:31:58 [DEBUG] [x10] Subscribed to orderbooks/DOT/USD
15:31:58 [DEBUG] [x10] Subscribed to publicTrades/DOT/USD
15:31:58 [DEBUG] [x10] Subscribed to funding/DOT/USD
15:31:58 [DEBUG] [x10] Subscribed to orderbooks/NEAR/USD
15:31:58 [DEBUG] [x10] Subscribed to publicTrades/NEAR/USD
15:31:58 [DEBUG] [x10] Subscribed to funding/NEAR/USD
15:31:58 [DEBUG] [lighter] Subscribed to order_book/58
15:31:58 [DEBUG] [x10] Subscribed to orderbooks/MON/USD
15:31:58 [DEBUG] [x10] Subscribed to publicTrades/MON/USD
15:31:58 [DEBUG] [x10] Subscribed to funding/MON/USD
15:31:58 [DEBUG] [x10] Subscribed to orderbooks/KAITO/USD
15:31:58 [DEBUG] [x10] Subscribed to publicTrades/KAITO/USD
15:31:58 [DEBUG] [x10] Subscribed to funding/KAITO/USD
15:31:58 [DEBUG] [lighter] Subscribed to order_book/9
15:31:58 [DEBUG] [x10] Subscribed to orderbooks/AVNT/USD
15:31:58 [DEBUG] [x10] Subscribed to publicTrades/AVNT/USD
15:31:58 [DEBUG] [x10] Subscribed to funding/AVNT/USD
15:31:58 [DEBUG] [x10] Subscribed to orderbooks/UNI/USD
15:31:58 [DEBUG] [x10] Subscribed to publicTrades/UNI/USD
15:31:58 [DEBUG] [x10] Subscribed to funding/UNI/USD
15:31:58 [DEBUG] [lighter] Subscribed to trade/16
15:31:58 [DEBUG] [x10] Subscribed to orderbooks/XAG/USD
15:31:58 [DEBUG] [x10] Subscribed to publicTrades/XAG/USD
15:31:58 [DEBUG] [x10] Subscribed to funding/XAG/USD
15:31:58 [DEBUG] [lighter] Subscribed to trade/93
15:31:58 [DEBUG] [x10] Subscribed to orderbooks/SUI/USD
15:31:58 [DEBUG] [x10] Subscribed to publicTrades/SUI/USD
15:31:58 [DEBUG] [x10] Subscribed to funding/SUI/USD
15:31:58 [DEBUG] [x10] Subscribed to orderbooks/MEGA/USD
15:31:58 [DEBUG] [x10] Subscribed to publicTrades/MEGA/USD
15:31:58 [DEBUG] [x10] Subscribed to funding/MEGA/USD
15:31:58 [DEBUG] [lighter] Subscribed to trade/42
15:31:58 [DEBUG] [x10] Subscribed to orderbooks/SEI/USD
15:31:58 [DEBUG] [x10] Subscribed to publicTrades/SEI/USD
15:31:58 [DEBUG] [x10] Subscribed to funding/SEI/USD
15:31:58 [DEBUG] ✅ AVAX-USD: X10=$494,074, Lighter=$250,726, Total=$744,800
15:31:59 [DEBUG] [x10] Subscribed to orderbooks/TIA/USD
15:31:59 [DEBUG] [x10] Subscribed to publicTrades/TIA/USD
15:31:59 [DEBUG] [x10] Subscribed to funding/TIA/USD
15:31:59 [DEBUG] [x10] Subscribed to orderbooks/1000PEPE/USD
15:31:59 [DEBUG] [x10] Subscribed to publicTrades/1000PEPE/USD
15:31:59 [DEBUG] [x10] Subscribed to funding/1000PEPE/USD
15:31:59 [DEBUG] [x10] Subscribed to orderbooks/ASTER/USD
15:31:59 [DEBUG] [x10] Subscribed to publicTrades/ASTER/USD
15:31:59 [DEBUG] [x10] Subscribed to funding/ASTER/USD
15:31:59 [DEBUG] [x10] Subscribed to orderbooks/ADA/USD
15:31:59 [DEBUG] [x10] Subscribed to publicTrades/ADA/USD
15:31:59 [DEBUG] [x10] Subscribed to funding/ADA/USD
15:31:59 [DEBUG] [x10] Subscribed to orderbooks/OP/USD
15:31:59 [DEBUG] [x10] Subscribed to publicTrades/OP/USD
15:31:59 [DEBUG] [x10] Subscribed to funding/OP/USD
15:31:59 [DEBUG] [x10] Subscribed to orderbooks/JUP/USD
15:31:59 [DEBUG] [x10] Subscribed to publicTrades/JUP/USD
15:31:59 [DEBUG] [x10] Subscribed to funding/JUP/USD
15:31:59 [DEBUG] [x10] Subscribed to orderbooks/MNT/USD
15:31:59 [DEBUG] [x10] Subscribed to publicTrades/MNT/USD
15:31:59 [DEBUG] [x10] Subscribed to funding/MNT/USD
15:31:59 [DEBUG] [x10] Subscribed to orderbooks/EIGEN/USD
15:31:59 [DEBUG] [x10] Subscribed to publicTrades/EIGEN/USD
15:31:59 [DEBUG] [x10] Subscribed to funding/EIGEN/USD
15:31:59 [DEBUG] [x10] Subscribed to orderbooks/WLD/USD
15:31:59 [DEBUG] [x10] Subscribed to publicTrades/WLD/USD
15:31:59 [DEBUG] [x10] Subscribed to funding/WLD/USD
15:31:59 [DEBUG] [x10] Subscribed to orderbooks/MKR/USD
15:31:59 [DEBUG] [x10] Subscribed to publicTrades/MKR/USD
15:31:59 [DEBUG] [x10] Subscribed to funding/MKR/USD
15:31:59 [DEBUG] [x10] Subscribed to orderbooks/TRX/USD
15:31:59 [DEBUG] [x10] Subscribed to publicTrades/TRX/USD
15:31:59 [DEBUG] [x10] Subscribed to funding/TRX/USD
15:31:59 [DEBUG] [x10] Subscribed to orderbooks/VIRTUAL/USD
15:31:59 [DEBUG] [x10] Subscribed to publicTrades/VIRTUAL/USD
15:31:59 [DEBUG] [x10] Subscribed to funding/VIRTUAL/USD
15:31:59 [DEBUG] [x10] Subscribed to orderbooks/WIF/USD
15:31:59 [DEBUG] [x10] Subscribed to publicTrades/WIF/USD
15:31:59 [DEBUG] [x10] Subscribed to funding/WIF/USD
15:31:59 [DEBUG] [x10] Subscribed to orderbooks/FIL/USD
15:31:59 [DEBUG] [x10] Subscribed to publicTrades/FIL/USD
15:31:59 [DEBUG] [x10] Subscribed to funding/FIL/USD
15:31:59 [DEBUG] [x10] Subscribed to orderbooks/TAO/USD
15:31:59 [DEBUG] [x10] Subscribed to publicTrades/TAO/USD
15:31:59 [DEBUG] [x10] Subscribed to funding/TAO/USD
15:31:59 [DEBUG] [x10] Subscribed to orderbooks/PUMP/USD
15:31:59 [DEBUG] [x10] Subscribed to publicTrades/PUMP/USD
15:31:59 [DEBUG] [x10] Subscribed to funding/PUMP/USD
15:31:59 [DEBUG] [x10] Subscribed to orderbooks/POPCAT/USD
15:31:59 [DEBUG] [x10] Subscribed to publicTrades/POPCAT/USD
15:31:59 [DEBUG] [x10] Subscribed to funding/POPCAT/USD
15:31:59 [DEBUG] [x10] Subscribed to orderbooks/ETH/USD
15:31:59 [DEBUG] [x10] Subscribed to publicTrades/ETH/USD
15:31:59 [DEBUG] [x10] Subscribed to funding/ETH/USD
15:31:59 [DEBUG] [x10] Subscribed to orderbooks/WLFI/USD
15:31:59 [DEBUG] [x10] Subscribed to publicTrades/WLFI/USD
15:31:59 [DEBUG] [x10] Subscribed to funding/WLFI/USD
15:31:59 [DEBUG] [x10] Subscribed to orderbooks/USDJPY/USD
15:31:59 [DEBUG] [x10] Subscribed to publicTrades/USDJPY/USD
15:31:59 [DEBUG] [x10] Subscribed to funding/USDJPY/USD
15:31:59 [DEBUG] [x10] Subscribed to orderbooks/ZEC/USD
15:31:59 [DEBUG] [x10] Subscribed to publicTrades/ZEC/USD
15:31:59 [DEBUG] [x10] Subscribed to funding/ZEC/USD
15:32:00 [DEBUG] [x10] Subscribed to orderbooks/GRASS/USD
15:32:00 [DEBUG] [x10] Subscribed to publicTrades/GRASS/USD
15:32:00 [DEBUG] [x10] Subscribed to funding/GRASS/USD
15:32:00 [DEBUG] [x10] Subscribed to orderbooks/AERO/USD
15:32:00 [DEBUG] [x10] Subscribed to publicTrades/AERO/USD
15:32:00 [DEBUG] [x10] Subscribed to funding/AERO/USD
15:32:00 [DEBUG] [x10] Subscribed to orderbooks/1000BONK/USD
15:32:00 [DEBUG] [x10] Subscribed to publicTrades/1000BONK/USD
15:32:00 [DEBUG] [x10] Subscribed to funding/1000BONK/USD
15:32:00 [DEBUG] [x10] Subscribed to orderbooks/STRK/USD
15:32:00 [DEBUG] [x10] Subscribed to publicTrades/STRK/USD
15:32:00 [DEBUG] [x10] Subscribed to funding/STRK/USD
15:32:00 [DEBUG] [x10] Subscribed to orderbooks/BTC/USD
15:32:00 [DEBUG] [x10] Subscribed to publicTrades/BTC/USD
15:32:00 [DEBUG] [x10] Subscribed to funding/BTC/USD
15:32:00 [DEBUG] [x10] Subscribed to orderbooks/BNB/USD
15:32:00 [DEBUG] [x10] Subscribed to publicTrades/BNB/USD
15:32:00 [DEBUG] [x10] Subscribed to funding/BNB/USD
15:32:00 [DEBUG] [x10] Subscribed to orderbooks/HYPE/USD
15:32:00 [DEBUG] [x10] Subscribed to publicTrades/HYPE/USD
15:32:00 [DEBUG] [x10] Subscribed to funding/HYPE/USD
15:32:00 [DEBUG] [x10] Subscribed to orderbooks/XAU/USD
15:32:00 [DEBUG] [x10] Subscribed to publicTrades/XAU/USD
15:32:00 [DEBUG] [x10] Subscribed to funding/XAU/USD
15:32:00 [DEBUG] [x10] Subscribed to orderbooks/APT/USD
15:32:00 [DEBUG] [x10] Subscribed to publicTrades/APT/USD
15:32:00 [DEBUG] [x10] Subscribed to funding/APT/USD
15:32:00 [DEBUG] [x10] Subscribed to orderbooks/LTC/USD
15:32:00 [DEBUG] [x10] Subscribed to publicTrades/LTC/USD
15:32:00 [DEBUG] [x10] Subscribed to funding/LTC/USD
15:32:00 [DEBUG] [x10] Subscribed to orderbooks/ONDO/USD
15:32:00 [DEBUG] [x10] Subscribed to publicTrades/ONDO/USD
15:32:00 [DEBUG] [x10] Subscribed to funding/ONDO/USD
15:32:00 [DEBUG] [x10] Subscribed to orderbooks/ENA/USD
15:32:00 [DEBUG] [x10] Subscribed to publicTrades/ENA/USD
15:32:00 [DEBUG] [x10] Subscribed to funding/ENA/USD
15:32:00 [DEBUG] [x10] Subscribed to orderbooks/ARB/USD
15:32:00 [DEBUG] [x10] Subscribed to publicTrades/ARB/USD
15:32:00 [DEBUG] [x10] Subscribed to funding/ARB/USD
15:32:00 [DEBUG] [x10] Subscribed to orderbooks/APEX/USD
15:32:00 [DEBUG] [x10] Subscribed to publicTrades/APEX/USD
15:32:00 [DEBUG] [x10] Subscribed to funding/APEX/USD
15:32:00 [DEBUG] [x10] Subscribed to orderbooks/TON/USD
15:32:00 [DEBUG] [x10] Subscribed to publicTrades/TON/USD
15:32:00 [DEBUG] [x10] Subscribed to funding/TON/USD
15:32:00 [DEBUG] [x10] Subscribed to orderbooks/XPL/USD
15:32:00 [DEBUG] [x10] Subscribed to publicTrades/XPL/USD
15:32:00 [DEBUG] [x10] Subscribed to funding/XPL/USD
15:32:00 [DEBUG] [x10] Subscribed to orderbooks/TRUMP/USD
15:32:00 [DEBUG] [x10] Subscribed to publicTrades/TRUMP/USD
15:32:00 [DEBUG] [x10] Subscribed to funding/TRUMP/USD
15:32:00 [DEBUG] [x10] Subscribed to orderbooks/AAVE/USD
15:32:00 [DEBUG] [x10] Subscribed to publicTrades/AAVE/USD
15:32:00 [DEBUG] [x10] Subscribed to funding/AAVE/USD
15:32:00 [DEBUG] [x10] Subscribed to orderbooks/RESOLV/USD
15:32:00 [DEBUG] [x10] Subscribed to publicTrades/RESOLV/USD
15:32:00 [DEBUG] [x10] Subscribed to funding/RESOLV/USD
15:32:00 [DEBUG] [x10] Subscribed to orderbooks/LINK/USD
15:32:00 [DEBUG] [x10] Subscribed to publicTrades/LINK/USD
15:32:00 [DEBUG] [x10] Subscribed to funding/LINK/USD
15:32:00 [DEBUG] [x10] Subscribed to orderbooks/ZORA/USD
15:32:00 [DEBUG] [x10] Subscribed to publicTrades/ZORA/USD
15:32:00 [DEBUG] [x10] Subscribed to funding/ZORA/USD
15:32:00 [DEBUG] [x10] Subscribed to orderbooks/DOGE/USD
15:32:00 [DEBUG] [x10] Subscribed to publicTrades/DOGE/USD
15:32:00 [DEBUG] [x10] Subscribed to funding/DOGE/USD
15:32:01 [DEBUG] [x10] Subscribed to orderbooks/CRV/USD
15:32:01 [DEBUG] [x10] Subscribed to publicTrades/CRV/USD
15:32:01 [DEBUG] [x10] Subscribed to funding/CRV/USD
15:32:01 [DEBUG] [x10] Subscribed to orderbooks/PENDLE/USD
15:32:01 [DEBUG] [x10] Subscribed to publicTrades/PENDLE/USD
15:32:01 [DEBUG] [x10] Subscribed to funding/PENDLE/USD
15:32:01 [DEBUG] [x10] Subscribed to orderbooks/LINEA/USD
15:32:01 [DEBUG] [x10] Subscribed to publicTrades/LINEA/USD
15:32:01 [DEBUG] [x10] Subscribed to funding/LINEA/USD
15:32:01 [DEBUG] [x10] Subscribed to orderbooks/LDO/USD
15:32:01 [DEBUG] [x10] Subscribed to publicTrades/LDO/USD
15:32:01 [DEBUG] [x10] Subscribed to funding/LDO/USD
15:32:01 [INFO] 🔗 Components Wired: WS -> OI Tracker -> Prediction
15:32:01 [INFO] ✅ ParallelExecutionManager: Rollback processor started
15:32:01 [INFO] ✅ ParallelExecutionManager started
15:32:01 [INFO] 📝 Registered task: logic_loop (critical=True)
15:32:01 [INFO] 📝 Registered task: trade_management_loop (critical=True)
15:32:01 [INFO] 📝 Registered task: farm_loop (critical=False)
15:32:01 [INFO] 📝 Registered task: maintenance_loop (critical=False)
15:32:01 [INFO] 📝 Registered task: cleanup_finished_tasks (critical=False)
15:32:01 [INFO] 📝 Registered task: health_reporter (critical=False)
15:32:01 [INFO] ✅ Signal handlers installed (SIGINT, SIGTERM)
15:32:01 [INFO] ▶️  Started task: logic_loop
15:32:01 [INFO] ▶️  Started task: trade_management_loop
15:32:01 [INFO] ▶️  Started task: farm_loop
15:32:01 [INFO] ▶️  Started task: maintenance_loop
15:32:01 [INFO] ▶️  Started task: cleanup_finished_tasks
15:32:01 [INFO] ▶️  Started task: health_reporter
15:32:01 [INFO] 🚀 Started 6 tasks
15:32:01 [INFO] ═══════════════════════════════════════════════════════════
15:32:01 [INFO]    BOT V5 RUNNING 24/7 - SUPERVISED | Ctrl+C = Stop   
15:32:01 [INFO] ═══════════════════════════════════════════════════════════
15:32:01 [INFO] 🔄 Rollback processor running...
15:32:01 [INFO] Logic Loop gestartet – REFRESH alle 3s
15:32:01 [DEBUG] MAX_OPEN_TRADES (3) reached, waiting...
15:32:01 [INFO] 🛡️ Trade Management Loop gestartet
15:32:01 [DEBUG] Fetching fresh positions (force=False, cache_age=1764513121.2s)
15:32:01 [DEBUG] 📊 X10 Funding Cache refresh (current=91)
15:32:01 [DEBUG] Sending GET https://api.starknet.extended.exchange/api/v1/info/markets?
15:32:01 [INFO] 🔍 Supervisor loop started
15:32:01 [DEBUG] Sending GET https://api.starknet.extended.exchange/api/v1/user/positions?
15:32:01 [INFO] Lighter: Found 0 open positions
15:32:02 [INFO] 📊 Positions: X10=0, Lighter=0
15:32:02 [INFO]  Volatility Monitor initialized: Low<3.0%, Normal<10.0%, High<20.0%, Hard Cap<50.0%
15:32:02 [DEBUG] ✅ FARTCOIN-USD: X10=$483,319, Lighter=$10,080,555, Total=$10,563,873
15:32:03 [INFO]  X10: 91 Märkte geladen, 91 Funding Rates, 78 Preise
15:32:03 [DEBUG] X10: Funding Refresh OK, cache=91
15:32:03 [DEBUG] 📊 Lighter Funding Cache refresh (current=0)
15:32:03 [DEBUG] Fetching fresh positions (force=False, cache_age=2.1s)
15:32:03 [DEBUG] Sending GET https://api.starknet.extended.exchange/api/v1/user/positions?
15:32:03 [INFO] Lighter: Found 0 open positions
15:32:03 [INFO] 📊 Positions: X10=0, Lighter=0
15:32:04 [DEBUG] MAX_OPEN_TRADES (3) reached, waiting...
15:32:04 [DEBUG] Lighter: Loaded 358 funding rates
15:32:04 [DEBUG] Lighter: Funding Refresh OK, cache=110
15:32:04 [DEBUG] Fetching fresh positions (force=False, cache_age=1.7s)
15:32:04 [DEBUG] Sending GET https://api.starknet.extended.exchange/api/v1/user/positions?
15:32:05 [INFO] Lighter: Found 0 open positions
15:32:05 [INFO] 📊 Positions: X10=0, Lighter=0
15:32:06 [DEBUG] Fetching fresh positions (force=False, cache_age=1.5s)
15:32:06 [DEBUG] Sending GET https://api.starknet.extended.exchange/api/v1/user/positions?
15:32:06 [DEBUG] ✅ SOL-USD: X10=$4,666,090, Lighter=$414,206, Total=$5,080,296
15:32:06 [INFO] Lighter: Found 0 open positions
15:32:06 [INFO] 📊 Positions: X10=0, Lighter=0
15:32:07 [DEBUG] MAX_OPEN_TRADES (3) reached, waiting...
15:32:07 [DEBUG] Fetching fresh positions (force=False, cache_age=1.5s)
15:32:07 [DEBUG] Sending GET https://api.starknet.extended.exchange/api/v1/user/positions?
15:32:08 [INFO] Lighter: Found 0 open positions
15:32:08 [INFO] 📊 Positions: X10=0, Lighter=0
15:32:09 [DEBUG] Fetching fresh positions (force=False, cache_age=1.7s)
15:32:09 [DEBUG] Sending GET https://api.starknet.extended.exchange/api/v1/user/positions?
15:32:10 [INFO] Lighter: Found 0 open positions
15:32:10 [INFO] 📊 Positions: X10=0, Lighter=0
15:32:10 [DEBUG] MAX_OPEN_TRADES (3) reached, waiting...
15:32:10 [DEBUG] ✅ EDEN-USD: X10=$15,066, Lighter=$6,507,624, Total=$6,522,691
15:32:11 [DEBUG] Fetching fresh positions (force=False, cache_age=1.4s)
15:32:11 [DEBUG] Sending GET https://api.starknet.extended.exchange/api/v1/user/positions?
15:32:11 [INFO] Lighter: Found 0 open positions
15:32:11 [INFO] 📊 Positions: X10=0, Lighter=0
15:32:12 [DEBUG] Fetching fresh positions (force=False, cache_age=1.7s)
15:32:12 [DEBUG] Sending GET https://api.starknet.extended.exchange/api/v1/user/positions?
15:32:13 [INFO] Lighter: Found 0 open positions
15:32:13 [INFO] 📊 Positions: X10=0, Lighter=0
15:32:13 [DEBUG] MAX_OPEN_TRADES (3) reached, waiting...
15:32:14 [DEBUG] Fetching fresh positions (force=False, cache_age=1.5s)
15:32:14 [DEBUG] Sending GET https://api.starknet.extended.exchange/api/v1/user/positions?
15:32:14 [INFO] Lighter: Found 0 open positions
15:32:14 [INFO] 📊 Positions: X10=0, Lighter=0
15:32:15 [DEBUG] Fetching fresh positions (force=False, cache_age=1.5s)
15:32:15 [DEBUG] Sending GET https://api.starknet.extended.exchange/api/v1/user/positions?
15:32:15 [DEBUG] ✅ IP-USD: X10=$238,775, Lighter=$394,998, Total=$633,773
15:32:16 [DEBUG] MAX_OPEN_TRADES (3) reached, waiting...
15:32:16 [INFO] Lighter: Found 0 open positions
15:32:16 [INFO] 📊 Positions: X10=0, Lighter=0
15:32:17 [DEBUG] Fetching fresh positions (force=False, cache_age=2.0s)
15:32:17 [DEBUG] Sending GET https://api.starknet.extended.exchange/api/v1/user/positions?
15:32:18 [INFO] Lighter: Found 0 open positions
15:32:18 [INFO] 📊 Positions: X10=0, Lighter=0
15:32:19 [DEBUG] Fetching fresh positions (force=False, cache_age=1.5s)
15:32:19 [DEBUG] Sending GET https://api.starknet.extended.exchange/api/v1/user/positions?
15:32:19 [DEBUG] MAX_OPEN_TRADES (3) reached, waiting...
15:32:19 [WARNING] 🛑 Received SIGINT, initiating graceful shutdown...
15:32:19 [INFO] 🛑 Shutting down...
15:32:19 [INFO] 🛑 Initiating graceful shutdown...
15:32:19 [INFO] 🔍 Supervisor loop stopped
15:32:19 [INFO] 🛑 Cancelling logic_loop...
15:32:19 [INFO] 🛑 Cancelling trade_management_loop...
15:32:19 [INFO] 🛑 Cancelling farm_loop...
15:32:19 [INFO] 🛑 Cancelling maintenance_loop...
15:32:19 [INFO] 🛑 Cancelling cleanup_finished_tasks...
15:32:19 [INFO] 🛑 Cancelling health_reporter...
15:32:19 [INFO] Logic loop cancelled
15:32:19 [ERROR] _GatheringFuture exception was never retrieved
future: <_GatheringFuture finished exception=CancelledError()>
Traceback (most recent call last):
  File "C:\Users\koopm\funding-bot\src\adapters\lighter_adapter.py", line 1055, in fetch_open_positions
    response = await account_api.account(
               ^^^^^^^^^^^^^^^^^^^^^^^^^^
  File "C:\Users\koopm\funding-bot\.venv\Lib\site-packages\pydantic\_internal\_validate_call.py", line 34, in wrapper_function
    return await wrapper(*args, **kwargs)
           ^^^^^^^^^^^^^^^^^^^^^^^^^^^^^^
  File "C:\Users\koopm\funding-bot\.venv\Lib\site-packages\lighter\api\account_api.py", line 114, in account
    response_data = await self.api_client.call_api(
                    ^^^^^^^^^^^^^^^^^^^^^^^^^^^^^^^
  File "C:\Users\koopm\funding-bot\.venv\Lib\site-packages\lighter\api_client.py", line 274, in call_api
    response_data = await self.rest_client.request(
                    ^^^^^^^^^^^^^^^^^^^^^^^^^^^^^^^
  File "C:\Users\koopm\funding-bot\.venv\Lib\site-packages\lighter\rest.py", line 208, in request
    r = await pool_manager.request(**args)
        ^^^^^^^^^^^^^^^^^^^^^^^^^^^^^^^^^^
  File "C:\Users\koopm\funding-bot\.venv\Lib\site-packages\aiohttp\client.py", line 779, in _request
    resp = await handler(req)
           ^^^^^^^^^^^^^^^^^^
  File "C:\Users\koopm\funding-bot\.venv\Lib\site-packages\aiohttp\client.py", line 757, in _connect_and_send_request
    await resp.start(conn)
  File "C:\Users\koopm\funding-bot\.venv\Lib\site-packages\aiohttp\client_reqrep.py", line 539, in start
    message, payload = await protocol.read()  # type: ignore[union-attr]
                       ^^^^^^^^^^^^^^^^^^^^^
  File "C:\Users\koopm\funding-bot\.venv\Lib\site-packages\aiohttp\streams.py", line 680, in read
    await self._waiter
asyncio.exceptions.CancelledError
15:32:19 [DEBUG] ✅ BERA-USD: X10=$183,274, Lighter=$979,032, Total=$1,162,307
15:32:20 [INFO] ✅ All tasks stopped
15:32:20 [INFO] 🛑 Rollback processor: Shutdown signal received
15:32:20 [INFO] ✅ ParallelExecutionManager: Stopped
15:32:20 [INFO] 🔌 [x10] WebSocket stopped
15:32:21 [WARNING] 🛑 Received SIGINT, initiating graceful shutdown...
15:32:23 [DEBUG] ✅ SPX-USD: X10=$155,977, Lighter=$4,169,954, Total=$4,325,931
15:32:25 [WARNING] 🛑 Received SIGINT, initiating graceful shutdown...
15:32:25 [INFO] 🔌 [lighter] WebSocket stopped
15:32:25 [INFO] ✅ WebSocketManager stopped
15:32:25 [INFO] ✅ OpenInterestTracker stopped
15:32:25 [INFO] 🛑 Stopping InMemoryStateManager...
15:32:25 [INFO] 📝 State writer loop stopped
15:32:25 [INFO] ✅ InMemoryStateManager stopped
15:32:25 [INFO] 🔒 Closing database...
15:32:25 [INFO] 🖊️ Database write loop stopped
15:32:25 [DEBUG] executing functools.partial(<built-in method close of sqlite3.Connection object at 0x000002187ED423E0>)
15:32:25 [DEBUG] operation functools.partial(<built-in method close of sqlite3.Connection object at 0x000002187ED423E0>) completed
15:32:25 [DEBUG] executing functools.partial(<built-in method close of sqlite3.Connection object at 0x000002187ED41030>)
15:32:25 [DEBUG] operation functools.partial(<built-in method close of sqlite3.Connection object at 0x000002187ED41030>) completed
15:32:25 [DEBUG] executing functools.partial(<built-in method close of sqlite3.Connection object at 0x000002187ED41300>)
15:32:25 [DEBUG] operation functools.partial(<built-in method close of sqlite3.Connection object at 0x000002187ED41300>) completed
15:32:25 [DEBUG] executing functools.partial(<built-in method close of sqlite3.Connection object at 0x000002187ED417B0>)
15:32:25 [DEBUG] operation functools.partial(<built-in method close of sqlite3.Connection object at 0x000002187ED417B0>) completed
15:32:25 [DEBUG] executing functools.partial(<built-in method close of sqlite3.Connection object at 0x000002187ED41D50>)
15:32:25 [DEBUG] operation functools.partial(<built-in method close of sqlite3.Connection object at 0x000002187ED41D50>) completed
15:32:25 [DEBUG] executing functools.partial(<built-in method close of sqlite3.Connection object at 0x000002187ED42110>)
15:32:25 [DEBUG] operation functools.partial(<built-in method close of sqlite3.Connection object at 0x000002187ED42110>) completed
15:32:25 [INFO] ✅ Database closed
15:32:25 [INFO] ✅ X10 Adapter geschlossen.
15:32:25 [INFO] ✅ Lighter Adapter closed
15:32:25 [INFO] ✅ Bot V5 shutdown complete
