20:37:59 [INFO]  CONFIG VALIDIERUNG abgeschlossen.
20:37:59 [INFO] 🔥 BOT V5 (Architected) STARTING...
20:37:59 [INFO] 🚀 Starting InMemoryStateManager...
20:37:59 [INFO] 📂 Initializing database: data/trades.db
20:37:59 [INFO] ✅ Read pool created: 5 connections
20:37:59 [INFO] ✅ WAL mode enabled
20:37:59 [INFO] 🔄 Running database migrations...
20:37:59 [INFO] ✅ Migrations complete (11 statements)
20:37:59 [INFO] ✅ Database initialized
20:37:59 [INFO] 🖊️ Database write loop started
20:37:59 [INFO] 📂 Loaded 2 trades from database
20:37:59 [INFO] ✅ InMemoryStateManager started (loaded 2 trades)
20:37:59 [INFO] ✅ State Manager started
20:37:59 [INFO]  Telegram Bot disabled (Token/ChatID missing).
20:37:59 [INFO] ✅ Async database initialized
20:37:59 [INFO] 📝 State writer loop started
20:37:59 [DEBUG] ✅ Database schema up to date
20:37:59 [INFO] Initialisiere X10 Adapter...
20:37:59 [INFO]  X10 Account initialisiert.
20:37:59 [INFO] Initialisiere Lighter Adapter...
20:37:59 [INFO] 📊 Loading Market Data via REST...
20:37:59 [DEBUG] Sending GET https://api.starknet.extended.exchange/api/v1/info/markets?
20:38:00 [INFO] ✅ Lighter: Loaded 116 markets (base data)
20:38:00 [DEBUG] Starting new HTTPS connection (1): mainnet.zklighter.elliot.ai:443
20:38:01 [DEBUG] https://mainnet.zklighter.elliot.ai:443 "GET /api/v1/nextNonce?account_index=60113&api_key_index=3 HTTP/1.1" 200 25
20:38:02 [INFO]  X10: 91 Märkte geladen, 91 Funding Rates, 78 Preise
20:38:03 [INFO] ✅ Lighter: Updated 116 markets with size_decimals from API
20:38:03 [INFO] 📊 MARKET ADA-USD: size_decimals=1, price_decimals=5, min_base_amount=10.0
20:38:03 [INFO] 📊 MARKET SEI-USD: size_decimals=1, price_decimals=5, min_base_amount=50.0
20:38:03 [INFO] 📊 MARKET RESOLV-USD: size_decimals=0, price_decimals=6, min_base_amount=40.0
20:38:03 [INFO] 📊 MARKET TIA-USD: size_decimals=1, price_decimals=5, min_base_amount=3.0
20:38:03 [INFO] ✅ Markets loaded: X10=91, Lighter=116
20:38:03 [INFO] 📈 Pre-loading Lighter prices...
20:38:03 [DEBUG] Lighter: Loaded 383 funding rates
20:38:04 [DEBUG] Lighter: Loaded 115 prices via REST
20:38:04 [INFO] ✅ Lighter prices loaded: 115 symbols
20:38:04 [INFO] 🔥 Warming up execution clients (Network Handshake)...
20:38:04 [DEBUG] Sending GET https://api.starknet.extended.exchange/api/v1/info/markets?
20:38:06 [INFO] ✅ Execution clients warmed up & NETWORK READY
20:38:06 [INFO] FundingPredictorV2 initialized with BTC Correlation
20:38:06 [INFO] 启动 OI Tracker für 68 Symbole...
20:38:06 [INFO] ✅ OpenInterestTracker started (interval=15.0s)
20:38:06 [INFO] 🌐 Starting WebSocket Manager...
20:38:06 [INFO] 📊 OI Tracker: Starting cycle 1 (68 symbols)
20:38:06 [INFO] 🔌 [lighter] WebSocket manager started
20:38:06 [INFO] 🔌 [x10_account] WebSocket manager started
20:38:06 [INFO] 🔌 [x10_trades] WebSocket manager started
20:38:06 [INFO] 🔌 [x10_funding] WebSocket manager started
20:38:06 [INFO] 🔌 [lighter] Connecting with kwargs: {'close_timeout': 5.0, 'max_size': 4194304, 'ping_interval': 20.0, 'ping_timeout': 10.0}
20:38:06 [INFO] 🔌 [x10_account] Connecting with kwargs: {'close_timeout': 5.0, 'max_size': 4194304, 'ping_interval': 15.0, 'additional_headers': {'X-Api-Key': 'a1c9207f79f0e57ddc454bf1e16dbe49', 'User-Agent': 'X10PythonTradingClient/0.4.5'}}
20:38:06 [INFO] 🔌 [x10_trades] Connecting with kwargs: {'close_timeout': 5.0, 'max_size': 4194304, 'ping_interval': 15.0, 'additional_headers': {'X-Api-Key': 'a1c9207f79f0e57ddc454bf1e16dbe49', 'User-Agent': 'X10PythonTradingClient/0.4.5'}}
20:38:06 [INFO] 🔌 [x10_funding] Connecting with kwargs: {'close_timeout': 5.0, 'max_size': 4194304, 'ping_interval': 15.0, 'additional_headers': {'X-Api-Key': 'a1c9207f79f0e57ddc454bf1e16dbe49', 'User-Agent': 'X10PythonTradingClient/0.4.5'}}
20:38:06 [INFO] ✅ WebSocketManager started (Lighter + X10 Account/Trades/Funding)
20:38:07 [DEBUG] ✅ KAITO-USD: X10=$441,778, Lighter=$2,115,459, Total=$2,557,237
20:38:07 [INFO] ✅ [x10_account] Connected to wss://api.starknet.extended.exchange/stream.extended.exchange/v1/account
20:38:07 [INFO] ✅ [x10_account] Keepalive enabled: ping_interval=15.0s, ping_timeout=None (auto-pong)
20:38:07 [INFO] [x10_account] Receive loop started (async iterator)
20:38:07 [DEBUG] 💓 [x10_account] Heartbeat started (stale_threshold=180.0s)
20:38:07 [INFO] ✅ [x10_funding] Connected to wss://api.starknet.extended.exchange/stream.extended.exchange/v1/funding
20:38:07 [INFO] ✅ [x10_funding] Keepalive enabled: ping_interval=15.0s, ping_timeout=None (auto-pong)
20:38:07 [INFO] [x10_funding] Receive loop started (async iterator)
20:38:07 [DEBUG] 💓 [x10_funding] Heartbeat started (stale_threshold=300.0s)
20:38:07 [INFO] ✅ [x10_trades] Connected to wss://api.starknet.extended.exchange/stream.extended.exchange/v1/publicTrades
20:38:07 [INFO] ✅ [x10_trades] Keepalive enabled: ping_interval=15.0s, ping_timeout=None (auto-pong)
20:38:07 [INFO] [x10_trades] Receive loop started (async iterator)
20:38:07 [DEBUG] 💓 [x10_trades] Heartbeat started (stale_threshold=300.0s)
20:38:07 [INFO] ✅ [lighter] Connected to wss://mainnet.zklighter.elliot.ai/stream
20:38:07 [INFO] ✅ [lighter] Keepalive enabled: ping_interval=20.0s, ping_timeout=10.0s
20:38:07 [INFO] [lighter] Resubscribing to 83 channels (paced)...
20:38:07 [INFO] [lighter] Receive loop started (async iterator)
20:38:07 [DEBUG] 💓 [lighter] Heartbeat started (stale_threshold=180.0s)
20:38:07 [DEBUG] [lighter] Subscribed to order_book/91
20:38:07 [DEBUG] [lighter] Subscribed to trade/91
20:38:07 [DEBUG] [lighter] Subscribed to order_book/55
20:38:07 [DEBUG] [lighter] Subscribed to trade/55
20:38:08 [DEBUG] [lighter] Subscribed to order_book/17
20:38:08 [DEBUG] [lighter] Subscribed to trade/17
20:38:08 [DEBUG] [lighter] Resubscribed 10/83 channels
20:38:08 [DEBUG] [lighter] Subscribed to order_book/52
20:38:08 [DEBUG] [lighter] Subscribed to trade/52
20:38:08 [DEBUG] [lighter] Subscribed to order_book/38
20:38:08 [DEBUG] [lighter] Subscribed to trade/38
20:38:08 [DEBUG] [lighter] Subscribed to order_book/43
20:38:08 [DEBUG] [lighter] Subscribed to trade/43
20:38:08 [DEBUG] [lighter] Subscribed to order_book/26
20:38:08 [DEBUG] [lighter] Subscribed to trade/26
20:38:08 [DEBUG] [lighter] Subscribed to order_book/15
20:38:08 [DEBUG] [lighter] Subscribed to trade/15
20:38:08 [DEBUG] [lighter] Resubscribed 20/83 channels
20:38:08 [DEBUG] [lighter] Subscribed to order_book/10
20:38:08 [DEBUG] [lighter] Subscribed to trade/10
20:38:08 [DEBUG] [lighter] Subscribed to order_book/67
20:38:08 [DEBUG] [lighter] Subscribed to trade/67
20:38:08 [DEBUG] [lighter] Subscribed to order_book/3
20:38:08 [DEBUG] [lighter] Subscribed to trade/3
20:38:08 [DEBUG] [lighter] Subscribed to order_book/98
20:38:08 [DEBUG] [lighter] Subscribed to trade/98
20:38:08 [DEBUG] [lighter] Subscribed to order_book/29
20:38:08 [DEBUG] [lighter] Subscribed to trade/29
20:38:08 [DEBUG] [lighter] Subscribed to order_book/1
20:38:08 [DEBUG] [lighter] Subscribed to trade/1
20:38:08 [DEBUG] [lighter] Resubscribed 30/83 channels
20:38:08 [DEBUG] [lighter] Subscribed to order_book/21
20:38:08 [DEBUG] [lighter] Subscribed to trade/21
20:38:08 [DEBUG] [lighter] Subscribed to order_book/89
20:38:08 [DEBUG] [lighter] Subscribed to trade/89
20:38:08 [DEBUG] [lighter] Subscribed to order_book/41
20:38:08 [DEBUG] [lighter] Subscribed to trade/41
20:38:08 [DEBUG] [lighter] Subscribed to order_book/18
20:38:08 [DEBUG] [lighter] Subscribed to trade/18
20:38:08 [DEBUG] [lighter] Subscribed to order_book/34
20:38:08 [DEBUG] [lighter] Subscribed to trade/34
20:38:08 [DEBUG] [lighter] Resubscribed 40/83 channels
20:38:08 [DEBUG] [lighter] Subscribed to order_book/76
20:38:08 [DEBUG] [lighter] Subscribed to trade/76
20:38:08 [DEBUG] [lighter] Subscribed to order_book/45
20:38:08 [DEBUG] [lighter] Subscribed to trade/45
20:38:08 [DEBUG] [lighter] Subscribed to order_book/11
20:38:08 [DEBUG] [lighter] Subscribed to trade/11
20:38:08 [DEBUG] [lighter] Subscribed to order_book/39
20:38:08 [DEBUG] [lighter] Subscribed to trade/39
20:38:08 [DEBUG] [lighter] Subscribed to order_book/23
20:38:08 [DEBUG] [lighter] Subscribed to trade/23
20:38:08 [DEBUG] [lighter] Subscribed to order_book/6
20:38:08 [DEBUG] [lighter] Subscribed to trade/6
20:38:08 [DEBUG] [lighter] Resubscribed 50/83 channels
20:38:08 [DEBUG] [lighter] Subscribed to order_book/63
20:38:08 [DEBUG] [lighter] Subscribed to trade/63
20:38:08 [INFO] [x10] Connected to Firehose streams (Trades & Funding) for all markets.
20:38:08 [INFO] 🔗 Components Wired: WS -> OI Tracker -> Prediction
20:38:08 [INFO] 🧟 Starte Zombie-Check: Vergleiche DB mit echten Positionen...
20:38:08 [INFO] 🔍 DB meldet 2 offene Trades. Prüfe Exchange...
20:38:08 [DEBUG] Sending GET https://api.starknet.extended.exchange/api/v1/user/positions?
20:38:08 [DEBUG] [lighter] Resubscribed 60/83 channels
20:38:08 [DEBUG] [lighter] Resubscribed 70/83 channels
20:38:08 [DEBUG] [lighter] Resubscribed 80/83 channels
20:38:08 [INFO] [lighter] Resubscribed to 83 channels
20:38:09 [DEBUG] ✅ HYPE-USD: X10=$3,169,955, Lighter=$1,372,693, Total=$4,542,648
20:38:10 [INFO] Lighter: Found 0 open positions
20:38:10 [INFO] 🌍 Echte Positionen auf Exchanges: []
20:38:10 [WARNING] ⚠️  ZOMBIE GEFUNDEN: BERA-USD ist in DB offen, aber nicht auf Exchange. Schließe ihn...
20:38:10 [INFO] ✅ Trade BERA-USD closed (PnL: $0.00)
20:38:10 [WARNING] ⚠️  ZOMBIE GEFUNDEN: RESOLV-USD ist in DB offen, aber nicht auf Exchange. Schließe ihn...
20:38:10 [INFO] ✅ Trade RESOLV-USD closed (PnL: $0.00)
20:38:10 [INFO] 🧟 Reverse Ghost Check: Suche Positionen auf Exchange ohne DB Entry...
20:38:10 [DEBUG] Sending GET https://api.starknet.extended.exchange/api/v1/user/positions?
20:38:10 [DEBUG] 📝 Flushed 1 writes
20:38:10 [DEBUG] 📝 Flushed 1 writes in 0.0ms
20:38:10 [INFO] Lighter: Found 0 open positions
20:38:10 [INFO] ✅ No orphaned positions found
20:38:10 [INFO] ✅ ParallelExecutionManager: Rollback processor started
20:38:10 [INFO] ✅ ParallelExecutionManager started
20:38:10 [DEBUG] Registered task: logic_loop (priority=HIGH)
20:38:10 [DEBUG] Registered task: trade_management_loop (priority=HIGH)
20:38:10 [DEBUG] Registered task: farm_loop (priority=NORMAL)
20:38:10 [DEBUG] Registered task: maintenance_loop (priority=LOW)
20:38:10 [DEBUG] Registered task: cleanup_finished_tasks (priority=LOW)
20:38:10 [DEBUG] Registered task: health_reporter (priority=LOW)
20:38:10 [DEBUG] Registered task: connection_watchdog (priority=CRITICAL)
20:38:10 [INFO] ═══════════════════════════════════════════════════════════
20:38:10 [INFO]    BOT V5 RUNNING 24/7 - SUPERVISED | Ctrl+C = Stop   
20:38:10 [INFO] ═══════════════════════════════════════════════════════════
20:38:10 [INFO] 🚀 BotEventLoop starting...
20:38:10 [INFO] ▶️ Started task: connection_watchdog
20:38:10 [INFO] ▶️ Started task: logic_loop
20:38:10 [INFO] ▶️ Started task: trade_management_loop
20:38:10 [INFO] ▶️ Started task: farm_loop
20:38:10 [INFO] ▶️ Started task: maintenance_loop
20:38:10 [INFO] ▶️ Started task: cleanup_finished_tasks
20:38:10 [INFO] ▶️ Started task: health_reporter
20:38:10 [INFO] ✅ Started 7 tasks
20:38:10 [INFO] 🔄 Rollback processor running...
20:38:10 [INFO] 🐕 Connection Watchdog gestartet (Timeout: 120s)
20:38:10 [INFO] Logic Loop gestartet – REFRESH alle 3s
20:38:10 [INFO] ⚡ Latency Arb Detector initialized (threshold: 5.0s)
20:38:10 [INFO] 🔍 🚜 FARM Scanning 68 pairs. Open symbols to skip: set()
20:38:10 [DEBUG] Price cache status: X10=68/68, Lighter=67/68
20:38:10 [INFO] 🔍 Scanning 68 pairs. Lighter markets: 116, X10 markets: 91
20:38:10 [INFO] 🛡️ Trade Management Loop gestartet
20:38:10 [INFO] 🚜 Farm Mode ACTIVE
20:38:10 [DEBUG] Sending GET https://api.starknet.extended.exchange/api/v1/user/balance
20:38:10 [DEBUG] 📊 X10 Funding Cache refresh (current=91)
20:38:10 [DEBUG] Sending GET https://api.starknet.extended.exchange/api/v1/info/markets?
20:38:10 [DEBUG] [x10_trades] Firehose stream - no subscription needed
20:38:10 [DEBUG] [x10_funding] Firehose stream - no subscription needed
20:38:11 [DEBUG] MKR-USD: Missing prices (X=1663.9, L=None)
20:38:11 [DEBUG] 📝 Flushed 1 writes
20:38:11 [DEBUG] 📝 Flushed 1 writes in 0.0ms
20:38:11 [DEBUG] ✅ SEI-USD: X10=$145,166, Lighter=$8,462,608, Total=$8,607,774
20:38:11 [INFO] ⚠️ No prediction opportunities, using fallback logic...
20:38:11 [INFO]  Volatility Monitor initialized: Low<3.0%, Normal<10.0%, High<20.0%, Hard Cap<50.0%
20:38:11 [INFO] 🔍 DEBUG ZRO-USD: rl=-0.00005400, rx=0.00001300, net=-0.00006700, apy=58.7%
20:38:11 [INFO] 💎 ZRO-USD | APY: 58.7%
20:38:11 [DEBUG] ⛔ Skip XAG-USD: TradFi/FX
20:38:11 [INFO] 🔍 DEBUG ZEC-USD: rl=0.00001200, rx=0.00011900, net=-0.00010700, apy=93.7%
20:38:11 [DEBUG] Skip ZEC-USD: Spread 0.39% too high
20:38:11 [INFO] 🔍 DEBUG ZORA-USD: rl=-0.00015500, rx=-0.00003800, net=-0.00011700, apy=102.5%
20:38:11 [INFO] 💎 ZORA-USD | APY: 102.5%
20:38:11 [INFO] 🔍 DEBUG RESOLV-USD: rl=0.00001200, rx=-0.00024700, net=0.00025900, apy=226.9%
20:38:11 [DEBUG] Skip RESOLV-USD: Spread 0.39% too high
20:38:11 [DEBUG] ⛔ Skip XAU-USD: TradFi/FX
20:38:11 [DEBUG] ⛔ Skip SPX-USD: TradFi/FX
20:38:11 [DEBUG] Skip GRASS-USD: Spread 0.31% too high
20:38:11 [INFO] 🔍 DEBUG TIA-USD: rl=0.00001200, rx=-0.00006600, net=0.00007800, apy=68.3%
20:38:11 [INFO] 💎 TIA-USD | APY: 68.3%
20:38:11 [INFO] 🔍 DEBUG ENA-USD: rl=-0.00010600, rx=0.00000800, net=-0.00011400, apy=99.9%
20:38:11 [INFO] 💎 ENA-USD | APY: 99.9%
20:38:11 [INFO] ✅ Found 38 opportunities from 64 valid pairs (farm_mode=True, scanned=68)
20:38:11 [INFO] 🎯 Found 3 opportunities, executing best...
20:38:11 [DEBUG] Sending GET https://api.starknet.extended.exchange/api/v1/user/balance
20:38:11 [DEBUG] Lighter Balance: Raw=$293.78, Safe=$279.09
20:38:11 [INFO] 🚜 Opening FARM: HYPE-USD APY=18.4%
20:38:11 [DEBUG] Sending GET https://api.starknet.extended.exchange/api/v1/user/positions?
20:38:12 [DEBUG] Lighter Balance: Raw=$293.78, Safe=$279.09
20:38:12 [INFO] X10: Detected balance = $298.36
20:38:12 [INFO] 🚀 Launching 2 trades (Slots available: 2)
20:38:12 [DEBUG] Sending GET https://api.starknet.extended.exchange/api/v1/user/positions?
20:38:12 [INFO] Lighter: Found 0 open positions
20:38:12 [DEBUG] ✅ HYPE-USD verified: No existing positions on exchanges
20:38:12 [DEBUG] 🧠 HYPE-USD: Prediction conf=0.50, delta=-0.000018
20:38:12 [DEBUG] MIN_NOTIONAL HYPE-USD: min_base=0.50000000 coins, price=$34.2090, min_qty_usd=$17.10, min_notional_api=$10.00, final=$18.81
20:38:12 [DEBUG] Sending GET https://api.starknet.extended.exchange/api/v1/user/balance
20:38:12 [INFO] 🎲 KellyPositionSizer initialized (Safety=0.25, MaxFraction=0.1)
20:38:12 [INFO] 🎰 KELLY HYPE-USD: win_rate=60.0%, kelly_fraction=0.2000, safe_fraction=0.0250, confidence=LOW, samples=0
20:38:12 [INFO] 📊 KELLY SIZE HYPE-USD: base=$30.0, kelly_recommended=$7.0, final=$30.0
20:38:12 [INFO] 🚀 Opening HYPE-USD: Size=$30.0 (Min=$18.8)
20:38:12 [INFO] 🔄 [PARALLEL] HYPE-USD: Lighter POST-ONLY first
20:38:12 [INFO] 🚀 LIGHTER OPEN HYPE-USD: side=SELL, size_usd=$30.00, price=$34.209000
20:38:12 [DEBUG] 🔍 DEBUG: HYPE-USD market_id = 24 (raw=24, type=<class 'int'>)
20:38:12 [DEBUG] QUANTIZE HYPE-USD: USD=30.00, coins=0.876962, raw=88, lot_size=50, final=50
20:38:12 [INFO] 🔄 [PARALLEL] HYPE-USD: X10 MARKET order
20:38:12 [DEBUG] Create Order Tx Info: {"AccountIndex":60113,"ApiKeyIndex":3,"MarketIndex":24,"ClientOrderIndex":1764790701235,"BaseAmount":50,"Price":340037,"IsAsk":1,"Type":0,"TimeInForce":1,"ReduceOnly":0,"TriggerPrice":0,"OrderExpiry":1767209892773,"ExpiredAt":1764791291773,"Nonce":2330,"Sig":"798+o+ioTUaNo/o31cY9P4G500HIVwqawrrRJVxU7lDRg6zq4zmWSgXboB5bG6P/Y1ugVdrC0rKwZjIsVTh4noRZjRhh+p2wgUpmWoagjxU="}
20:38:12 [DEBUG] Sending GET https://api.starknet.extended.exchange/api/v1/info/markets?
20:38:12 [DEBUG] ✅ SOL-USD: X10=$4,124,764, Lighter=$407,077, Total=$4,531,841
20:38:12 [INFO]  X10: 91 Märkte geladen, 91 Funding Rates, 82 Preise
20:38:12 [DEBUG] X10: Funding Refresh OK, cache=91
20:38:12 [DEBUG] 📊 Lighter Funding Cache refresh (current=116)
20:38:13 [DEBUG] Lighter: Loaded 383 funding rates
20:38:13 [DEBUG] Placing an order: id=2715584139333850970771652066926541228934296853712304300626161158318484688176
20:38:13 [DEBUG] Sending POST https://api.starknet.extended.exchange/api/v1/user/order, headers={<RequestHeader.ACCEPT: 'Accept'>: 'application/json', <RequestHeader.CONTENT_TYPE: 'Content-Type'>: 'application/json', <RequestHeader.USER_AGENT: 'User-Agent'>: 'X10PythonTradingClient/0.0.17', <RequestHeader.API_KEY: 'X-Api-Key'>: 'a1c9207f79f0e57ddc454bf1e16dbe49'}
20:38:13 [DEBUG] Create Order Send Tx Response: code=200 message='{"ratelimit": "didn\'t use volume quota"}' tx_hash='3a8e75986051f28f168ede08844ab18291a7468f4e0c82536df3c8655d982f723f48b7a3bbfff016' predicted_execution_time_ms=1764790684522 additional_properties={}
20:38:13 [INFO] Lighter Order: 3a8e75986051f28f168ede08844ab18291a7468f4e0c82536df3c8655d982f723f48b7a3bbfff016
20:38:13 [INFO] Lighter: Found 0 open positions
20:38:13 [INFO] 💰 Balance: X10=$298.4 (free=$263.9), Lit=$279.1 (free=$244.6) | DB_Trades=0, Real_Positions=0, Locked=$0/ex
20:38:13 [INFO] 🚀 Launching trade for ZORA-USD (APY=102.5%)
20:38:13 [DEBUG] Sending GET https://api.starknet.extended.exchange/api/v1/user/positions?
20:38:13 [DEBUG] Lighter: Loaded 115 prices via REST
20:38:13 [DEBUG] Lighter: Funding Refresh OK, cache=116
20:38:13 [DEBUG] 📊 OI→Pred KAITO-USD: OI=$2,557,237, Velocity=0.00, Trend=UNKNOWN
20:38:13 [DEBUG] 📊 OI→Pred HYPE-USD: OI=$4,542,648, Velocity=0.00, Trend=UNKNOWN
20:38:13 [DEBUG] 📊 OI→Pred SEI-USD: OI=$8,607,774, Velocity=0.00, Trend=UNKNOWN
20:38:13 [DEBUG] 📊 OI→Pred SOL-USD: OI=$4,531,841, Velocity=0.00, Trend=UNKNOWN
20:38:13 [INFO] 🔍 Running periodic exchange sync check...
20:38:13 [INFO] 🔍 Starting Exchange Sync Check...
20:38:13 [DEBUG] Sending GET https://api.starknet.extended.exchange/api/v1/user/positions?
20:38:14 [INFO]  X10 Order: 1996302938569900032
20:38:14 [INFO] ✅ [PARALLEL] HYPE-USD: Both legs filled in 1562ms
20:38:14 [DEBUG] 📝 Trade added to state: HYPE-USD
20:38:14 [DEBUG] 🧹 Cleaned task: HYPE-USD
20:38:14 [DEBUG] 📝 Flushed 1 writes
20:38:14 [DEBUG] 📝 Flushed 1 writes in 0.0ms
20:38:14 [INFO] 🚀 Launching trade for ENA-USD (APY=99.9%)
20:38:14 [DEBUG] Sending GET https://api.starknet.extended.exchange/api/v1/user/positions?
20:38:14 [DEBUG] ✅ LDO-USD: X10=$149,451, Lighter=$1,657,026, Total=$1,806,477
20:38:14 [INFO] Lighter: Found 1 open positions
20:38:14 [DEBUG] ✅ ZORA-USD verified: No existing positions on exchanges
20:38:14 [DEBUG] ⚠️ BTC DUMP: Reduced prediction for ZORA-USD by factor 0.5
20:38:14 [DEBUG] 🧠 ZORA-USD: Prediction conf=0.40, delta=0.000097
20:38:14 [DEBUG] MIN_NOTIONAL ZORA-USD: min_base=100.00000000 coins, price=$0.0497, min_qty_usd=$4.97, min_notional_api=$10.00, final=$11.00
20:38:14 [DEBUG] Skip ZORA-USD: Min Req $52.12 > Max Config $50.0
20:38:14 [DEBUG] Fetching fresh positions (force=False, cache_age=1764790694.8s)
20:38:14 [DEBUG] Sending GET https://api.starknet.extended.exchange/api/v1/user/positions?
20:38:14 [INFO] ✅ Launched 2 trade tasks this cycle
20:38:15 [INFO] Lighter: Found 1 open positions
20:38:15 [DEBUG] ✅ ENA-USD verified: No existing positions on exchanges
20:38:15 [DEBUG] 🧠 ENA-USD: Prediction conf=0.50, delta=0.000097
20:38:15 [DEBUG] MIN_NOTIONAL ENA-USD: min_base=20.00000000 coins, price=$0.2875, min_qty_usd=$5.75, min_notional_api=$10.00, final=$11.00
20:38:15 [DEBUG] Sending GET https://api.starknet.extended.exchange/api/v1/user/balance
20:38:15 [INFO] Lighter: Found 1 open positions
20:38:15 [INFO] ✅ Exchanges are SYNCED: 1 paired positions
20:38:15 [DEBUG]    Synced symbols: {'HYPE-USD'}
20:38:15 [INFO] Lighter: Found 1 open positions
20:38:15 [INFO] 📊 Positions: X10=1, Lighter=1
20:38:15 [DEBUG] X10 positions: ['HYPE-USD']
20:38:15 [DEBUG] Lighter positions: ['HYPE-USD']
20:38:15 [INFO] 🔍 DEBUG HYPE-USD: entry_time type=<class 'str'>, value=2025-12-03T19:38:14.321167+00:00
20:38:15 [DEBUG] Check HYPE-USD: Age=1.2s (Limit=2700s)
20:38:16 [DEBUG] Lighter Balance: Raw=$293.77, Safe=$279.08
20:38:16 [INFO] 🎰 KELLY ENA-USD: win_rate=60.0%, kelly_fraction=0.2000, safe_fraction=0.0300, confidence=LOW, samples=0
20:38:16 [INFO] 📊 KELLY SIZE ENA-USD: base=$30.0, kelly_recommended=$8.4, final=$30.2
20:38:16 [INFO] 🚀 Opening ENA-USD: Size=$30.2 (Min=$30.2)
20:38:16 [INFO] 🔄 [PARALLEL] ENA-USD: Lighter POST-ONLY first
20:38:16 [INFO] 🚀 LIGHTER OPEN ENA-USD: side=SELL, size_usd=$30.22, price=$0.287500
20:38:16 [DEBUG] 🔍 DEBUG: ENA-USD market_id = 29 (raw=29, type=<class 'int'>)
20:38:16 [DEBUG] QUANTIZE ENA-USD: USD=30.22, coins=105.107856, raw=1051, lot_size=200, final=1000
20:38:16 [INFO] 🔄 [PARALLEL] ENA-USD: X10 MARKET order
20:38:16 [DEBUG] Create Order Tx Info: {"AccountIndex":60113,"ApiKeyIndex":3,"MarketIndex":29,"ClientOrderIndex":1764790768201,"BaseAmount":1000,"Price":28577,"IsAsk":1,"Type":0,"TimeInForce":1,"ReduceOnly":0,"TriggerPrice":0,"OrderExpiry":1767209896145,"ExpiredAt":1764791295145,"Nonce":2331,"Sig":"XVOqwtNUR6/6nnj19+geZ3SXZqS/OSUjM0NORIM7tZ0Cb4POZxqZNv3gkLW9/n3NPD6Im8dTcdVQWSR4LTStuF3RpeUa+VX5XHEU4XscPCU="}
20:38:16 [DEBUG] Placing an order: id=1852494018799618852181395486040123297783343589508593919042615876616949726793
20:38:16 [DEBUG] Sending POST https://api.starknet.extended.exchange/api/v1/user/order, headers={<RequestHeader.ACCEPT: 'Accept'>: 'application/json', <RequestHeader.CONTENT_TYPE: 'Content-Type'>: 'application/json', <RequestHeader.USER_AGENT: 'User-Agent'>: 'X10PythonTradingClient/0.0.17', <RequestHeader.API_KEY: 'X-Api-Key'>: 'a1c9207f79f0e57ddc454bf1e16dbe49'}
20:38:16 [DEBUG] Create Order Send Tx Response: code=200 message='{"ratelimit": "didn\'t use volume quota"}' tx_hash='509b7282309326c60c65fa84de2bc0036af3e9cf2b4c6177413ade20f2684c9a6c272d15438b5519' predicted_execution_time_ms=1764790687110 additional_properties={}
20:38:16 [INFO] Lighter Order: 509b7282309326c60c65fa84de2bc0036af3e9cf2b4c6177413ade20f2684c9a6c272d15438b5519
20:38:16 [INFO]  X10 Order: 1996302947408457728
20:38:16 [INFO] ✅ [PARALLEL] ENA-USD: Both legs filled in 296ms
20:38:16 [DEBUG] 📝 Trade added to state: ENA-USD
20:38:16 [DEBUG] 📝 Flushed 1 writes
20:38:16 [DEBUG] 📝 Flushed 1 writes in 0.0ms
20:38:16 [DEBUG] Using cached positions (age: 1.7s)
20:38:16 [INFO] 🔍 DEBUG HYPE-USD: entry_time type=<class 'str'>, value=2025-12-03T19:38:14.321167+00:00
20:38:16 [DEBUG] Check HYPE-USD: Age=2.1s (Limit=2700s)
20:38:16 [INFO] 🔍 DEBUG ENA-USD: entry_time type=<class 'str'>, value=2025-12-03T19:38:16.427461+00:00
20:38:16 [DEBUG] Check ENA-USD: Age=0.0s (Limit=2700s)
20:38:17 [DEBUG] Using cached positions (age: 2.7s)
20:38:17 [INFO] 🔍 DEBUG HYPE-USD: entry_time type=<class 'str'>, value=2025-12-03T19:38:14.321167+00:00
20:38:17 [DEBUG] Check HYPE-USD: Age=3.1s (Limit=2700s)
20:38:17 [INFO] 🔍 DEBUG ENA-USD: entry_time type=<class 'str'>, value=2025-12-03T19:38:16.427461+00:00
20:38:17 [DEBUG] Check ENA-USD: Age=1.0s (Limit=2700s)
20:38:17 [DEBUG] 💓 [x10_account] Alive (uptime=10s, last_msg=1s ago, msgs=13)
20:38:17 [INFO] 🔍 🚜 FARM Scanning 68 pairs. Open symbols to skip: {'ENA-USD', 'HYPE-USD'}
20:38:17 [DEBUG] Price cache status: X10=68/68, Lighter=67/68
20:38:17 [INFO] 🔍 Scanning 68 pairs. Lighter markets: 116, X10 markets: 91
20:38:17 [DEBUG] 💓 [x10_trades] Alive (uptime=10s, last_msg=0s ago, msgs=40)
20:38:17 [DEBUG] 💓 [lighter] Alive (uptime=10s, last_msg=0s ago, msgs=12329)
20:38:18 [DEBUG] MKR-USD: Missing prices (X=1663.9, L=None)
20:38:18 [DEBUG] ⚠️ BTC DUMP: Reduced prediction for KAITO-USD by factor 0.5
20:38:18 [DEBUG] ⚠️ BTC DUMP: Reduced prediction for SEI-USD by factor 0.5
20:38:18 [DEBUG] ⚠️ BTC DUMP: Reduced prediction for SOL-USD by factor 0.5
20:38:18 [DEBUG] ⚠️ BTC DUMP: Reduced prediction for LDO-USD by factor 0.5
20:38:18 [DEBUG] ⚠️ BTC DUMP: Reduced prediction for S-USD by factor 0.5
20:38:18 [DEBUG] ⚠️ BTC DUMP: Reduced prediction for ZRO-USD by factor 0.5
20:38:18 [DEBUG] ⚠️ BTC DUMP: Reduced prediction for 1000PEPE-USD by factor 0.5
20:38:18 [DEBUG] ⚠️ BTC DUMP: Reduced prediction for APT-USD by factor 0.5
20:38:18 [DEBUG] ⚠️ BTC DUMP: Reduced prediction for BCH-USD by factor 0.5
20:38:18 [DEBUG] ⚠️ BTC DUMP: Reduced prediction for AVAX-USD by factor 0.5
20:38:18 [DEBUG] ⚠️ BTC DUMP: Reduced prediction for UNI-USD by factor 0.5
20:38:18 [DEBUG] ⚠️ BTC DUMP: Reduced prediction for EIGEN-USD by factor 0.5
20:38:18 [DEBUG] ⚠️ BTC DUMP: Reduced prediction for XAG-USD by factor 0.5
20:38:18 [DEBUG] ⚠️ BTC DUMP: Reduced prediction for ZEC-USD by factor 0.5
20:38:18 [DEBUG] ⚠️ BTC DUMP: Reduced prediction for XRP-USD by factor 0.5
20:38:18 [DEBUG] ⚠️ BTC DUMP: Reduced prediction for PENDLE-USD by factor 0.5
20:38:18 [DEBUG] ⚠️ BTC DUMP: Reduced prediction for ZORA-USD by factor 0.5
20:38:18 [DEBUG] ⚠️ BTC DUMP: Reduced prediction for BERA-USD by factor 0.5
20:38:18 [DEBUG] ⚠️ BTC DUMP: Reduced prediction for SUI-USD by factor 0.5
20:38:18 [DEBUG] ⚠️ BTC DUMP: Reduced prediction for TAO-USD by factor 0.5
20:38:18 [DEBUG] ⚠️ BTC DUMP: Reduced prediction for FIL-USD by factor 0.5
20:38:18 [DEBUG] ⚠️ BTC DUMP: Reduced prediction for STRK-USD by factor 0.5
20:38:18 [DEBUG] ⚠️ BTC DUMP: Reduced prediction for TON-USD by factor 0.5
20:38:18 [DEBUG] ⚠️ BTC DUMP: Reduced prediction for XPL-USD by factor 0.5
20:38:18 [DEBUG] ⚠️ BTC DUMP: Reduced prediction for BNB-USD by factor 0.5
20:38:18 [DEBUG] ⚠️ BTC DUMP: Reduced prediction for LINK-USD by factor 0.5
20:38:18 [DEBUG] ⚠️ BTC DUMP: Reduced prediction for RESOLV-USD by factor 0.5
20:38:18 [DEBUG] ⚠️ BTC DUMP: Reduced prediction for CRV-USD by factor 0.5
20:38:18 [DEBUG] ⚠️ BTC DUMP: Reduced prediction for AVNT-USD by factor 0.5
20:38:18 [DEBUG] ⚠️ BTC DUMP: Reduced prediction for APEX-USD by factor 0.5
20:38:18 [DEBUG] ⚠️ BTC DUMP: Reduced prediction for PENGU-USD by factor 0.5
20:38:18 [DEBUG] ⚠️ BTC DUMP: Reduced prediction for XAU-USD by factor 0.5
20:38:18 [DEBUG] ⚠️ BTC DUMP: Reduced prediction for AAVE-USD by factor 0.5
20:38:18 [DEBUG] ⚠️ BTC DUMP: Reduced prediction for WLFI-USD by factor 0.5
20:38:18 [DEBUG] ⚠️ BTC DUMP: Reduced prediction for LTC-USD by factor 0.5
20:38:18 [DEBUG] ⚠️ BTC DUMP: Reduced prediction for SPX-USD by factor 0.5
20:38:18 [DEBUG] ⚠️ BTC DUMP: Reduced prediction for MKR-USD by factor 0.5
20:38:18 [DEBUG] ⚠️ BTC DUMP: Reduced prediction for ARB-USD by factor 0.5
20:38:18 [DEBUG] ⚠️ BTC DUMP: Reduced prediction for ASTER-USD by factor 0.5
20:38:18 [DEBUG] ⚠️ BTC DUMP: Reduced prediction for WIF-USD by factor 0.5
20:38:18 [DEBUG] ⚠️ BTC DUMP: Reduced prediction for MON-USD by factor 0.5
20:38:18 [DEBUG] ⚠️ BTC DUMP: Reduced prediction for OP-USD by factor 0.5
20:38:18 [DEBUG] ⚠️ BTC DUMP: Reduced prediction for 1000SHIB-USD by factor 0.5
20:38:18 [DEBUG] ⚠️ BTC DUMP: Reduced prediction for GRASS-USD by factor 0.5
20:38:18 [DEBUG] ⚠️ BTC DUMP: Reduced prediction for ONDO-USD by factor 0.5
20:38:18 [DEBUG] ⚠️ BTC DUMP: Reduced prediction for TRX-USD by factor 0.5
20:38:18 [DEBUG] ⚠️ BTC DUMP: Reduced prediction for JUP-USD by factor 0.5
20:38:18 [DEBUG] ⚠️ BTC DUMP: Reduced prediction for TRUMP-USD by factor 0.5
20:38:18 [DEBUG] ⚠️ BTC DUMP: Reduced prediction for NEAR-USD by factor 0.5
20:38:18 [DEBUG] ⚠️ BTC DUMP: Reduced prediction for TIA-USD by factor 0.5
20:38:18 [DEBUG] ⚠️ BTC DUMP: Reduced prediction for DOGE-USD by factor 0.5
20:38:18 [DEBUG] ⚠️ BTC DUMP: Reduced prediction for USDJPY-USD by factor 0.5
20:38:18 [DEBUG] ⚠️ BTC DUMP: Reduced prediction for BTC-USD by factor 0.5
20:38:18 [DEBUG] ⚠️ BTC DUMP: Reduced prediction for FARTCOIN-USD by factor 0.5
20:38:18 [DEBUG] ⚠️ BTC DUMP: Reduced prediction for EDEN-USD by factor 0.5
20:38:18 [DEBUG] ⚠️ BTC DUMP: Reduced prediction for VIRTUAL-USD by factor 0.5
20:38:18 [DEBUG] ⚠️ BTC DUMP: Reduced prediction for 1000BONK-USD by factor 0.5
20:38:18 [DEBUG] ⚠️ BTC DUMP: Reduced prediction for IP-USD by factor 0.5
20:38:18 [DEBUG] ⚠️ BTC DUMP: Reduced prediction for LINEA-USD by factor 0.5
20:38:18 [DEBUG] ⚠️ BTC DUMP: Reduced prediction for PUMP-USD by factor 0.5
20:38:18 [DEBUG] ⚠️ BTC DUMP: Reduced prediction for ETH-USD by factor 0.5
20:38:18 [DEBUG] ⚠️ BTC DUMP: Reduced prediction for DOT-USD by factor 0.5
20:38:18 [DEBUG] ⚠️ BTC DUMP: Reduced prediction for ADA-USD by factor 0.5
20:38:18 [DEBUG] ⚠️ BTC DUMP: Reduced prediction for POPCAT-USD by factor 0.5
20:38:18 [DEBUG] ⚠️ BTC DUMP: Reduced prediction for WLD-USD by factor 0.5
20:38:18 [DEBUG] ⚠️ BTC DUMP: Reduced prediction for MNT-USD by factor 0.5
20:38:18 [INFO] 🧠 Prediction V2: Found 3 ML-ranked opportunities
20:38:18 [INFO] ✅ Returning 3 ML-ranked opportunities
20:38:18 [INFO] 🎯 Found 3 opportunities, executing best...
20:38:18 [DEBUG] Sending GET https://api.starknet.extended.exchange/api/v1/user/balance
20:38:18 [DEBUG] ✅ S-USD: X10=$80,988, Lighter=$7,816,012, Total=$7,897,001
20:38:18 [DEBUG] Using cached positions (age: 3.7s)
20:38:18 [INFO] 🔍 DEBUG HYPE-USD: entry_time type=<class 'str'>, value=2025-12-03T19:38:14.321167+00:00
20:38:18 [DEBUG] Check HYPE-USD: Age=4.1s (Limit=2700s)
20:38:18 [INFO] 🔍 DEBUG ENA-USD: entry_time type=<class 'str'>, value=2025-12-03T19:38:16.427461+00:00
20:38:18 [DEBUG] Check ENA-USD: Age=2.0s (Limit=2700s)
20:38:19 [DEBUG] Lighter Balance: Raw=$293.79, Safe=$279.10
20:38:19 [INFO] X10: Detected balance = $298.38
20:38:19 [INFO] 🚀 Launching 1 trades (Slots available: 1)
20:38:19 [DEBUG] Sending GET https://api.starknet.extended.exchange/api/v1/user/positions?
20:38:19 [DEBUG] Using cached positions (age: 4.7s)
20:38:19 [INFO] 🔍 DEBUG HYPE-USD: entry_time type=<class 'str'>, value=2025-12-03T19:38:14.321167+00:00
20:38:19 [DEBUG] Check HYPE-USD: Age=5.1s (Limit=2700s)
20:38:19 [INFO] 🔍 DEBUG ENA-USD: entry_time type=<class 'str'>, value=2025-12-03T19:38:16.427461+00:00
20:38:19 [DEBUG] Check ENA-USD: Age=3.0s (Limit=2700s)
20:38:20 [INFO] Lighter: Found 2 open positions
20:38:20 [INFO] 💰 Balance: X10=$298.4 (free=$285.8), Lit=$279.1 (free=$266.5) | DB_Trades=2, Real_Positions=2, Locked=$10/ex
20:38:20 [INFO] 🚀 Launching trade for KAITO-USD (APY=78.3%)
20:38:20 [DEBUG] Sending GET https://api.starknet.extended.exchange/api/v1/user/positions?
20:38:20 [DEBUG] ✅ ZRO-USD: X10=$62,472, Lighter=$526,560, Total=$589,033
20:38:20 [DEBUG] Fetching fresh positions (force=False, cache_age=5.7s)
20:38:20 [DEBUG] Sending GET https://api.starknet.extended.exchange/api/v1/user/positions?
20:38:20 [INFO] ✅ Launched 1 trade tasks this cycle
20:38:20 [INFO] Lighter: Found 2 open positions
20:38:20 [DEBUG] ✅ KAITO-USD verified: No existing positions on exchanges
20:38:20 [DEBUG] ⚠️ BTC DUMP: Reduced prediction for KAITO-USD by factor 0.5
20:38:20 [DEBUG] 🧠 KAITO-USD: Prediction conf=0.60, delta=-0.000033
20:38:20 [DEBUG] MIN_NOTIONAL KAITO-USD: min_base=10.00000000 coins, price=$0.6740, min_qty_usd=$6.74, min_notional_api=$10.00, final=$11.00
20:38:20 [DEBUG] Sending GET https://api.starknet.extended.exchange/api/v1/user/balance
20:38:20 [INFO] Lighter: Found 2 open positions
20:38:20 [INFO] 📊 Positions: X10=2, Lighter=2
20:38:20 [DEBUG] X10 positions: ['ENA-USD', 'HYPE-USD']
20:38:20 [DEBUG] Lighter positions: ['HYPE-USD', 'ENA-USD']
20:38:20 [INFO] 🔍 DEBUG HYPE-USD: entry_time type=<class 'str'>, value=2025-12-03T19:38:14.321167+00:00
20:38:20 [DEBUG] Check HYPE-USD: Age=6.6s (Limit=2700s)
20:38:20 [INFO] 🔍 DEBUG ENA-USD: entry_time type=<class 'str'>, value=2025-12-03T19:38:16.427461+00:00
20:38:20 [DEBUG] Check ENA-USD: Age=4.5s (Limit=2700s)
20:38:20 [INFO] 🎰 KELLY KAITO-USD: win_rate=60.0%, kelly_fraction=0.2000, safe_fraction=0.0300, confidence=LOW, samples=0
20:38:20 [INFO] 📊 KELLY SIZE KAITO-USD: base=$30.0, kelly_recommended=$8.4, final=$30.0
20:38:20 [INFO] 🚀 Opening KAITO-USD: Size=$30.0 (Min=$11.0)
20:38:20 [INFO] 🔄 [PARALLEL] KAITO-USD: Lighter POST-ONLY first
20:38:20 [INFO] 🚀 LIGHTER OPEN KAITO-USD: side=SELL, size_usd=$30.00, price=$0.673960
20:38:20 [DEBUG] 🔍 DEBUG: KAITO-USD market_id = 33 (raw=33, type=<class 'int'>)
20:38:20 [DEBUG] QUANTIZE KAITO-USD: USD=30.00, coins=44.513027, raw=445, lot_size=100, final=400
20:38:20 [INFO] 🔄 [PARALLEL] KAITO-USD: X10 MARKET order
20:38:20 [DEBUG] Create Order Tx Info: {"AccountIndex":60113,"ApiKeyIndex":3,"MarketIndex":33,"ClientOrderIndex":1764790764550,"BaseAmount":400,"Price":66991,"IsAsk":1,"Type":0,"TimeInForce":1,"ReduceOnly":0,"TriggerPrice":0,"OrderExpiry":1767209900988,"ExpiredAt":1764791299988,"Nonce":2332,"Sig":"31ObRnO0SsyfHl9Ml+ufCCP943xuxmrZRuTVW4GHCT2vCmLMFHiUEzsn+VeQpBppxr9ve97u0AzPLFoyl1TDtCPaLiEN7Vc1MQQemB4u9gI="}
20:38:21 [DEBUG] Placing an order: id=10153706859847808660373975647780491528603230517256639415108924794367176533
20:38:21 [DEBUG] Sending POST https://api.starknet.extended.exchange/api/v1/user/order, headers={<RequestHeader.ACCEPT: 'Accept'>: 'application/json', <RequestHeader.CONTENT_TYPE: 'Content-Type'>: 'application/json', <RequestHeader.USER_AGENT: 'User-Agent'>: 'X10PythonTradingClient/0.0.17', <RequestHeader.API_KEY: 'X-Api-Key'>: 'a1c9207f79f0e57ddc454bf1e16dbe49'}
20:38:21 [DEBUG] Create Order Send Tx Response: code=200 message='{"ratelimit": "didn\'t use volume quota"}' tx_hash='34a82f6c87d5107e910332881e6bfd5b73cbaeaa4c7b54fad60e88c7f915e613ac90ef79bb1a6af6' predicted_execution_time_ms=1764790691957 additional_properties={}
20:38:21 [INFO] Lighter Order: 34a82f6c87d5107e910332881e6bfd5b73cbaeaa4c7b54fad60e88c7f915e613ac90ef79bb1a6af6
20:38:21 [INFO]  X10 Order: 1996302967712202752
20:38:21 [INFO] ✅ [PARALLEL] KAITO-USD: Both legs filled in 282ms
20:38:21 [DEBUG] 📝 Trade added to state: KAITO-USD
20:38:21 [DEBUG] 📝 Flushed 1 writes
20:38:21 [DEBUG] 📝 Flushed 1 writes in 0.0ms
20:38:21 [DEBUG] ✅ BCH-USD: X10=$0, Lighter=$5,672, Total=$5,672
20:38:21 [DEBUG] Using cached positions (age: 1.5s)
20:38:21 [INFO] 🔍 DEBUG HYPE-USD: entry_time type=<class 'str'>, value=2025-12-03T19:38:14.321167+00:00
20:38:21 [DEBUG] Check HYPE-USD: Age=7.6s (Limit=2700s)
20:38:21 [INFO] 🔍 DEBUG ENA-USD: entry_time type=<class 'str'>, value=2025-12-03T19:38:16.427461+00:00
20:38:21 [DEBUG] Check ENA-USD: Age=5.5s (Limit=2700s)
20:38:21 [INFO] 🔍 DEBUG KAITO-USD: entry_time type=<class 'str'>, value=2025-12-03T19:38:21.269277+00:00
20:38:21 [DEBUG] Check KAITO-USD: Age=0.6s (Limit=2700s)
20:38:22 [DEBUG] Using cached positions (age: 2.5s)
20:38:22 [INFO] 🔍 DEBUG HYPE-USD: entry_time type=<class 'str'>, value=2025-12-03T19:38:14.321167+00:00
20:38:22 [DEBUG] Check HYPE-USD: Age=8.6s (Limit=2700s)
20:38:22 [INFO] 🔍 DEBUG ENA-USD: entry_time type=<class 'str'>, value=2025-12-03T19:38:16.427461+00:00
20:38:22 [DEBUG] Check ENA-USD: Age=6.5s (Limit=2700s)
20:38:22 [INFO] 🔍 DEBUG KAITO-USD: entry_time type=<class 'str'>, value=2025-12-03T19:38:21.269277+00:00
20:38:22 [DEBUG] Check KAITO-USD: Age=1.6s (Limit=2700s)
20:38:23 [DEBUG] MAX_OPEN_TRADES (3) reached, waiting...
20:38:23 [DEBUG] ✅ 1000PEPE-USD: X10=$47,239, Lighter=$244,207,131, Total=$244,254,370
20:38:23 [DEBUG] Using cached positions (age: 3.5s)
20:38:23 [INFO] 🔍 DEBUG HYPE-USD: entry_time type=<class 'str'>, value=2025-12-03T19:38:14.321167+00:00
20:38:23 [DEBUG] Check HYPE-USD: Age=9.6s (Limit=2700s)
20:38:23 [INFO] 🔍 DEBUG ENA-USD: entry_time type=<class 'str'>, value=2025-12-03T19:38:16.427461+00:00
20:38:23 [DEBUG] Check ENA-USD: Age=7.5s (Limit=2700s)
20:38:23 [INFO] 🔍 DEBUG KAITO-USD: entry_time type=<class 'str'>, value=2025-12-03T19:38:21.269277+00:00
20:38:23 [DEBUG] Check KAITO-USD: Age=2.6s (Limit=2700s)
20:38:24 [DEBUG] Using cached positions (age: 4.5s)
20:38:24 [INFO] 🔍 DEBUG HYPE-USD: entry_time type=<class 'str'>, value=2025-12-03T19:38:14.321167+00:00
20:38:24 [DEBUG] Check HYPE-USD: Age=10.6s (Limit=2700s)
20:38:24 [INFO] 🔍 DEBUG ENA-USD: entry_time type=<class 'str'>, value=2025-12-03T19:38:16.427461+00:00
20:38:24 [DEBUG] Check ENA-USD: Age=8.5s (Limit=2700s)
20:38:24 [INFO] 🔍 DEBUG KAITO-USD: entry_time type=<class 'str'>, value=2025-12-03T19:38:21.269277+00:00
20:38:24 [DEBUG] Check KAITO-USD: Age=3.6s (Limit=2700s)
20:38:25 [DEBUG] ✅ APT-USD: X10=$333,682, Lighter=$1,459,379, Total=$1,793,061
20:38:25 [DEBUG] Fetching fresh positions (force=False, cache_age=5.5s)
20:38:25 [DEBUG] Sending GET https://api.starknet.extended.exchange/api/v1/user/positions?
20:38:26 [INFO] Lighter: Found 3 open positions
20:38:26 [INFO] 📊 Positions: X10=3, Lighter=3
20:38:26 [DEBUG] X10 positions: ['ENA-USD', 'HYPE-USD', 'KAITO-USD']
20:38:26 [DEBUG] Lighter positions: ['HYPE-USD', 'ENA-USD', 'KAITO-USD']
20:38:26 [INFO] 🔍 DEBUG HYPE-USD: entry_time type=<class 'str'>, value=2025-12-03T19:38:14.321167+00:00
20:38:26 [DEBUG] Check HYPE-USD: Age=12.0s (Limit=2700s)
20:38:26 [INFO] 🔍 DEBUG ENA-USD: entry_time type=<class 'str'>, value=2025-12-03T19:38:16.427461+00:00
20:38:26 [DEBUG] Check ENA-USD: Age=9.9s (Limit=2700s)
20:38:26 [INFO] 🔍 DEBUG KAITO-USD: entry_time type=<class 'str'>, value=2025-12-03T19:38:21.269277+00:00
20:38:26 [DEBUG] Check KAITO-USD: Age=5.1s (Limit=2700s)
20:38:26 [DEBUG] MAX_OPEN_TRADES (3) reached, waiting...
20:38:27 [DEBUG] Using cached positions (age: 1.5s)
20:38:27 [INFO] 🔍 DEBUG HYPE-USD: entry_time type=<class 'str'>, value=2025-12-03T19:38:14.321167+00:00
20:38:27 [DEBUG] Check HYPE-USD: Age=13.0s (Limit=2700s)
20:38:27 [INFO] 🔍 DEBUG ENA-USD: entry_time type=<class 'str'>, value=2025-12-03T19:38:16.427461+00:00
20:38:27 [DEBUG] Check ENA-USD: Age=10.9s (Limit=2700s)
20:38:27 [INFO] 🔍 DEBUG KAITO-USD: entry_time type=<class 'str'>, value=2025-12-03T19:38:21.269277+00:00
20:38:27 [DEBUG] Check KAITO-USD: Age=6.1s (Limit=2700s)
20:38:27 [DEBUG] 💓 [x10_account] Alive (uptime=20s, last_msg=6s ago, msgs=18)
20:38:27 [DEBUG] 💓 [lighter] Alive (uptime=20s, last_msg=0s ago, msgs=29286)
20:38:27 [DEBUG] 💓 [x10_trades] Alive (uptime=20s, last_msg=0s ago, msgs=114)
20:38:28 [DEBUG] Using cached positions (age: 2.5s)
20:38:28 [INFO] 🔍 DEBUG HYPE-USD: entry_time type=<class 'str'>, value=2025-12-03T19:38:14.321167+00:00
20:38:28 [DEBUG] Check HYPE-USD: Age=14.0s (Limit=2700s)
20:38:28 [INFO] 🔍 DEBUG ENA-USD: entry_time type=<class 'str'>, value=2025-12-03T19:38:16.427461+00:00
20:38:28 [DEBUG] Check ENA-USD: Age=11.9s (Limit=2700s)
20:38:28 [INFO] 🔍 DEBUG KAITO-USD: entry_time type=<class 'str'>, value=2025-12-03T19:38:21.269277+00:00
20:38:28 [DEBUG] Check KAITO-USD: Age=7.1s (Limit=2700s)
20:38:29 [DEBUG] ✅ AVAX-USD: X10=$633,214, Lighter=$283,251, Total=$916,466
20:38:29 [DEBUG] Using cached positions (age: 3.5s)
20:38:29 [INFO] 🔍 DEBUG HYPE-USD: entry_time type=<class 'str'>, value=2025-12-03T19:38:14.321167+00:00
20:38:29 [DEBUG] Check HYPE-USD: Age=15.0s (Limit=2700s)
20:38:29 [INFO] 🚜 [FARM] Profit Take HYPE-USD: Age=15s, Spread=0.025% (sehr niedrig), PnL=$0.00
20:38:29 [INFO]  💸 EXIT HYPE-USD: FARM_QUICK_PROFIT | PnL $0.00 (Fees: $0.00)
20:38:29 [INFO]  🔻 CLOSING HYPE-USD (Atomic Smart Close)...
20:38:29 [DEBUG] MAX_OPEN_TRADES (3) reached, waiting...
20:38:29 [INFO] Lighter: Found 3 open positions
20:38:29 [INFO] 🔍 DEBUG close_live_position ENTRY: symbol=HYPE-USD (type=<class 'str'>)
20:38:29 [INFO] 🔍 DEBUG: original_side=BUY (type=<class 'str'>)
20:38:29 [INFO] 🔍 DEBUG: notional_usd=17.08435 (type=<class 'float'>)
20:38:30 [INFO] Lighter: Found 3 open positions
20:38:30 [INFO] 🔻 LIGHTER CLOSE HYPE-USD: size=-0.500000 coins, side=BUY, price=$34.1687, notional=$17.08
20:38:30 [INFO] 🚀 LIGHTER OPEN HYPE-USD: side=BUY, size_usd=$17.08, price=$34.168700
20:38:30 [DEBUG] 🔍 DEBUG: HYPE-USD market_id = 24 (raw=24, type=<class 'int'>)
20:38:30 [DEBUG] QUANTIZE HYPE-USD: USD=17.08, coins=0.500000, raw=50, lot_size=50, final=50
20:38:30 [DEBUG] Create Order Tx Info: {"AccountIndex":60113,"ApiKeyIndex":3,"MarketIndex":24,"ClientOrderIndex":1764790719646,"BaseAmount":50,"Price":343738,"IsAsk":0,"Type":0,"TimeInForce":1,"ReduceOnly":1,"TriggerPrice":0,"OrderExpiry":1767209910331,"ExpiredAt":1764791309331,"Nonce":2333,"Sig":"fCt9c1YLYEDSxCLrT/vsBY4xN8s+b5b6NYWfFcNnfmz7qAtgK0kKQf9rfzxUbb0zXuHKrSHMjjG7bIQ7U8BcBj/EbZha8XUhbdsz3pv7ilo="}
20:38:30 [DEBUG] Create Order Send Tx Response: code=200 message='{"ratelimit": "didn\'t use volume quota"}' tx_hash='8532c6c0593e13d822ba830cb7b65a47dc33059e26079731675c9710bcfaa55ec2eb92689d280efe' predicted_execution_time_ms=1764790701297 additional_properties={}
20:38:30 [INFO] Lighter Order: 8532c6c0593e13d822ba830cb7b65a47dc33059e26079731675c9710bcfaa55ec2eb92689d280efe
20:38:30 [INFO] ✅ Lighter close HYPE-USD: Erfolgreich ($17.08)
20:38:30 [INFO] ✅ Lighter HYPE-USD OK, closing X10...
20:38:30 [DEBUG] ✅ UNI-USD: X10=$199,546, Lighter=$362,162, Total=$561,708
20:38:32 [DEBUG] MAX_OPEN_TRADES (3) reached, waiting...
20:38:32 [DEBUG] ✅ EIGEN-USD: X10=$152,278, Lighter=$1,961,589, Total=$2,113,867
20:38:33 [DEBUG] Sending GET https://api.starknet.extended.exchange/api/v1/user/positions?
20:38:33 [INFO] 🔻 Closing X10 HYPE-USD: size=0.870000 coins, side=BUY
20:38:33 [DEBUG] Sending GET https://api.starknet.extended.exchange/api/v1/user/positions?
20:38:34 [INFO] 🔻 X10 CLOSE HYPE-USD: size=0.870000, side=SELL
20:38:34 [DEBUG] Placing an order: id=982288455243180540574619279772857787829070365578084823155270321775306095369
20:38:34 [DEBUG] Sending POST https://api.starknet.extended.exchange/api/v1/user/order, headers={<RequestHeader.ACCEPT: 'Accept'>: 'application/json', <RequestHeader.CONTENT_TYPE: 'Content-Type'>: 'application/json', <RequestHeader.USER_AGENT: 'User-Agent'>: 'X10PythonTradingClient/0.0.17', <RequestHeader.API_KEY: 'X-Api-Key'>: 'a1c9207f79f0e57ddc454bf1e16dbe49'}
20:38:34 [DEBUG] ✅ XAG-USD: X10=$0, Lighter=$52,021, Total=$52,021
20:38:34 [INFO]  X10 Order: 1996303022767394816
20:38:35 [DEBUG] MAX_OPEN_TRADES (3) reached, waiting...
20:38:36 [DEBUG] ✅ ZEC-USD: X10=$1,888,668, Lighter=$22,767, Total=$1,911,435
20:38:36 [DEBUG] Sending GET https://api.starknet.extended.exchange/api/v1/user/positions?
20:38:36 [INFO] ✅ X10 HYPE-USD closed (0.870000 coins)
20:38:36 [INFO] ✅ HYPE-USD fully closed
20:38:36 [INFO] ✅ Trade HYPE-USD closed (PnL: $0.00)
20:38:36 [INFO] ✅ Trade HYPE-USD closed (PnL: $0.00)
20:38:36 [DEBUG] 📝 Flushed 1 writes
20:38:36 [DEBUG] 📝 Flushed 1 writes in 15.0ms
20:38:36 [INFO]  💰 PnL HYPE-USD: $0.00 (FARM_QUICK_PROFIT)
20:38:36 [DEBUG] 📊 Trade recorded: HYPE-USD ❌ LOSS $0.00
20:38:36 [INFO] 🔍 DEBUG ENA-USD: entry_time type=<class 'str'>, value=2025-12-03T19:38:16.427461+00:00
20:38:36 [DEBUG] Check ENA-USD: Age=20.2s (Limit=2700s)
20:38:36 [INFO] 🔍 DEBUG KAITO-USD: entry_time type=<class 'str'>, value=2025-12-03T19:38:21.269277+00:00
20:38:36 [DEBUG] Check KAITO-USD: Age=15.4s (Limit=2700s)
20:38:36 [INFO] 🚜 [FARM] Profit Take KAITO-USD: Age=15s, Spread=0.034% (sehr niedrig), PnL=$0.00
20:38:36 [INFO]  💸 EXIT KAITO-USD: FARM_QUICK_PROFIT | PnL $0.00 (Fees: $0.00)
20:38:36 [INFO]  🔻 CLOSING KAITO-USD (Atomic Smart Close)...
20:38:37 [INFO] Lighter: Found 2 open positions
20:38:37 [INFO] 🔍 DEBUG close_live_position ENTRY: symbol=KAITO-USD (type=<class 'str'>)
20:38:37 [INFO] 🔍 DEBUG: original_side=BUY (type=<class 'str'>)
20:38:37 [INFO] 🔍 DEBUG: notional_usd=26.934800000000003 (type=<class 'float'>)
20:38:37 [INFO] Lighter: Found 2 open positions
20:38:37 [INFO] 🔻 LIGHTER CLOSE KAITO-USD: size=-40.000000 coins, side=BUY, price=$0.6730, notional=$26.92
20:38:37 [INFO] 🚀 LIGHTER OPEN KAITO-USD: side=BUY, size_usd=$26.92, price=$0.672970
20:38:37 [DEBUG] 🔍 DEBUG: KAITO-USD market_id = 33 (raw=33, type=<class 'int'>)
20:38:37 [DEBUG] QUANTIZE KAITO-USD: USD=26.92, coins=40.000000, raw=400, lot_size=100, final=400
20:38:37 [DEBUG] Create Order Tx Info: {"AccountIndex":60113,"ApiKeyIndex":3,"MarketIndex":33,"ClientOrderIndex":1764790808780,"BaseAmount":400,"Price":67701,"IsAsk":0,"Type":0,"TimeInForce":1,"ReduceOnly":1,"TriggerPrice":0,"OrderExpiry":1767209917583,"ExpiredAt":1764791316583,"Nonce":2334,"Sig":"PH1n167xd6Oy4Ss2GwXp+NbSW/2EBknK0E5WPdAPOtc1M7sn4TaGd7nc8XTopCppsA0/hrE+ZBxSnbraVxWrNLyWBRlDFj01xvXzSuKEV2E="}
20:38:37 [DEBUG] 📝 Flushed 1 writes
20:38:37 [DEBUG] 📝 Flushed 1 writes in 0.0ms
20:38:37 [DEBUG] 💓 [x10_account] Alive (uptime=30s, last_msg=3s ago, msgs=23)
20:38:37 [DEBUG] Create Order Send Tx Response: code=200 message='{"ratelimit": "didn\'t use volume quota"}' tx_hash='dfb5545074c3362f9c658129fb35b65ec284727210bac1ea42486e33a96eaeaccde9b17b5dfb0523' predicted_execution_time_ms=1764790708549 additional_properties={}
20:38:37 [INFO] Lighter Order: dfb5545074c3362f9c658129fb35b65ec284727210bac1ea42486e33a96eaeaccde9b17b5dfb0523
20:38:37 [INFO] ✅ Lighter close KAITO-USD: Erfolgreich ($26.92)
20:38:37 [INFO] ✅ Lighter KAITO-USD OK, closing X10...
20:38:37 [DEBUG] 💓 [lighter] Alive (uptime=30s, last_msg=0s ago, msgs=47542)
20:38:37 [DEBUG] 💓 [x10_trades] Alive (uptime=30s, last_msg=0s ago, msgs=148)
20:38:38 [INFO] 🔍 🚜 FARM Scanning 68 pairs. Open symbols to skip: {'KAITO-USD', 'ENA-USD'}
20:38:38 [DEBUG] Price cache status: X10=68/68, Lighter=67/68
20:38:38 [INFO] 🔍 Scanning 68 pairs. Lighter markets: 116, X10 markets: 91
20:38:38 [DEBUG] MKR-USD: Missing prices (X=1663.9, L=None)
20:38:38 [DEBUG] ⚠️ BTC DUMP: Reduced prediction for HYPE-USD by factor 0.5
20:38:38 [DEBUG] ⚠️ BTC DUMP: Reduced prediction for SEI-USD by factor 0.5
20:38:38 [DEBUG] ⚠️ BTC DUMP: Reduced prediction for SOL-USD by factor 0.5
20:38:38 [DEBUG] ⚠️ BTC DUMP: Reduced prediction for LDO-USD by factor 0.5
20:38:38 [DEBUG] ⚠️ BTC DUMP: Reduced prediction for S-USD by factor 0.5
20:38:38 [DEBUG] ⚠️ BTC DUMP: Reduced prediction for ZRO-USD by factor 0.5
20:38:38 [DEBUG] ⚠️ BTC DUMP: Reduced prediction for 1000PEPE-USD by factor 0.5
20:38:38 [DEBUG] ⚠️ BTC DUMP: Reduced prediction for APT-USD by factor 0.5
20:38:38 [DEBUG] ⚠️ BTC DUMP: Reduced prediction for BCH-USD by factor 0.5
20:38:38 [DEBUG] ⚠️ BTC DUMP: Reduced prediction for AVAX-USD by factor 0.5
20:38:38 [DEBUG] ⚠️ BTC DUMP: Reduced prediction for UNI-USD by factor 0.5
20:38:38 [DEBUG] ⚠️ BTC DUMP: Reduced prediction for EIGEN-USD by factor 0.5
20:38:38 [DEBUG] ⚠️ BTC DUMP: Reduced prediction for XAG-USD by factor 0.5
20:38:38 [DEBUG] ⚠️ BTC DUMP: Reduced prediction for ZEC-USD by factor 0.5
20:38:38 [DEBUG] ⚠️ BTC DUMP: Reduced prediction for XRP-USD by factor 0.5
20:38:38 [DEBUG] ⚠️ BTC DUMP: Reduced prediction for PENDLE-USD by factor 0.5
20:38:38 [DEBUG] ⚠️ BTC DUMP: Reduced prediction for ZORA-USD by factor 0.5
20:38:38 [DEBUG] ⚠️ BTC DUMP: Reduced prediction for BERA-USD by factor 0.5
20:38:38 [DEBUG] ⚠️ BTC DUMP: Reduced prediction for SUI-USD by factor 0.5
20:38:38 [DEBUG] ⚠️ BTC DUMP: Reduced prediction for TAO-USD by factor 0.5
20:38:38 [DEBUG] ⚠️ BTC DUMP: Reduced prediction for FIL-USD by factor 0.5
20:38:38 [DEBUG] ⚠️ BTC DUMP: Reduced prediction for STRK-USD by factor 0.5
20:38:38 [DEBUG] ⚠️ BTC DUMP: Reduced prediction for TON-USD by factor 0.5
20:38:38 [DEBUG] ⚠️ BTC DUMP: Reduced prediction for XPL-USD by factor 0.5
20:38:38 [DEBUG] ⚠️ BTC DUMP: Reduced prediction for BNB-USD by factor 0.5
20:38:38 [DEBUG] ⚠️ BTC DUMP: Reduced prediction for LINK-USD by factor 0.5
20:38:38 [DEBUG] ⚠️ BTC DUMP: Reduced prediction for RESOLV-USD by factor 0.5
20:38:38 [DEBUG] ⚠️ BTC DUMP: Reduced prediction for CRV-USD by factor 0.5
20:38:38 [DEBUG] ⚠️ BTC DUMP: Reduced prediction for AVNT-USD by factor 0.5
20:38:38 [DEBUG] ⚠️ BTC DUMP: Reduced prediction for APEX-USD by factor 0.5
20:38:38 [DEBUG] ⚠️ BTC DUMP: Reduced prediction for PENGU-USD by factor 0.5
20:38:38 [DEBUG] ⚠️ BTC DUMP: Reduced prediction for XAU-USD by factor 0.5
20:38:38 [DEBUG] ⚠️ BTC DUMP: Reduced prediction for AAVE-USD by factor 0.5
20:38:38 [DEBUG] ⚠️ BTC DUMP: Reduced prediction for WLFI-USD by factor 0.5
20:38:38 [DEBUG] ⚠️ BTC DUMP: Reduced prediction for LTC-USD by factor 0.5
20:38:38 [DEBUG] ⚠️ BTC DUMP: Reduced prediction for SPX-USD by factor 0.5
20:38:38 [DEBUG] ⚠️ BTC DUMP: Reduced prediction for MKR-USD by factor 0.5
20:38:38 [DEBUG] ⚠️ BTC DUMP: Reduced prediction for ARB-USD by factor 0.5
20:38:38 [DEBUG] ⚠️ BTC DUMP: Reduced prediction for ASTER-USD by factor 0.5
20:38:38 [DEBUG] ⚠️ BTC DUMP: Reduced prediction for WIF-USD by factor 0.5
20:38:38 [DEBUG] ⚠️ BTC DUMP: Reduced prediction for MON-USD by factor 0.5
20:38:38 [DEBUG] ⚠️ BTC DUMP: Reduced prediction for OP-USD by factor 0.5
20:38:38 [DEBUG] ⚠️ BTC DUMP: Reduced prediction for 1000SHIB-USD by factor 0.5
20:38:38 [DEBUG] ⚠️ BTC DUMP: Reduced prediction for GRASS-USD by factor 0.5
20:38:38 [DEBUG] ⚠️ BTC DUMP: Reduced prediction for ONDO-USD by factor 0.5
20:38:38 [DEBUG] ⚠️ BTC DUMP: Reduced prediction for TRX-USD by factor 0.5
20:38:38 [DEBUG] ⚠️ BTC DUMP: Reduced prediction for JUP-USD by factor 0.5
20:38:38 [DEBUG] ⚠️ BTC DUMP: Reduced prediction for TRUMP-USD by factor 0.5
20:38:38 [DEBUG] ⚠️ BTC DUMP: Reduced prediction for NEAR-USD by factor 0.5
20:38:38 [DEBUG] ⚠️ BTC DUMP: Reduced prediction for TIA-USD by factor 0.5
20:38:38 [DEBUG] ⚠️ BTC DUMP: Reduced prediction for DOGE-USD by factor 0.5
20:38:38 [DEBUG] ⚠️ BTC DUMP: Reduced prediction for USDJPY-USD by factor 0.5
20:38:38 [DEBUG] ⚠️ BTC DUMP: Reduced prediction for BTC-USD by factor 0.5
20:38:38 [DEBUG] ⚠️ BTC DUMP: Reduced prediction for FARTCOIN-USD by factor 0.5
20:38:38 [DEBUG] ⚠️ BTC DUMP: Reduced prediction for EDEN-USD by factor 0.5
20:38:38 [DEBUG] ⚠️ BTC DUMP: Reduced prediction for VIRTUAL-USD by factor 0.5
20:38:38 [DEBUG] ⚠️ BTC DUMP: Reduced prediction for 1000BONK-USD by factor 0.5
20:38:38 [DEBUG] ⚠️ BTC DUMP: Reduced prediction for IP-USD by factor 0.5
20:38:38 [DEBUG] ⚠️ BTC DUMP: Reduced prediction for LINEA-USD by factor 0.5
20:38:38 [DEBUG] ⚠️ BTC DUMP: Reduced prediction for PUMP-USD by factor 0.5
20:38:38 [DEBUG] ⚠️ BTC DUMP: Reduced prediction for ETH-USD by factor 0.5
20:38:38 [DEBUG] ⚠️ BTC DUMP: Reduced prediction for DOT-USD by factor 0.5
20:38:38 [DEBUG] ⚠️ BTC DUMP: Reduced prediction for ADA-USD by factor 0.5
20:38:38 [DEBUG] ⚠️ BTC DUMP: Reduced prediction for POPCAT-USD by factor 0.5
20:38:38 [DEBUG] ⚠️ BTC DUMP: Reduced prediction for WLD-USD by factor 0.5
20:38:38 [DEBUG] ⚠️ BTC DUMP: Reduced prediction for MNT-USD by factor 0.5
20:38:38 [INFO] 🧠 Prediction V2: Found 2 ML-ranked opportunities
20:38:38 [INFO] ✅ Returning 2 ML-ranked opportunities
20:38:38 [INFO] 🎯 Found 2 opportunities, executing best...
20:38:38 [DEBUG] Sending GET https://api.starknet.extended.exchange/api/v1/user/balance
20:38:39 [DEBUG] ✅ XRP-USD: X10=$449,787, Lighter=$3,964,565, Total=$4,414,352
20:38:39 [DEBUG] Lighter Balance: Raw=$293.89, Safe=$279.19
20:38:39 [INFO] X10: Detected balance = $298.31
20:38:39 [INFO] 🚀 Launching 1 trades (Slots available: 1)
20:38:39 [DEBUG] Sending GET https://api.starknet.extended.exchange/api/v1/user/positions?
20:38:40 [INFO] Lighter: Found 1 open positions
20:38:40 [INFO] 💰 Balance: X10=$298.3 (free=$285.7), Lit=$279.2 (free=$266.6) | DB_Trades=2, Real_Positions=2, Locked=$10/ex
20:38:40 [INFO] 🚀 Launching trade for SOL-USD (APY=19.0%)
20:38:40 [DEBUG] Sending GET https://api.starknet.extended.exchange/api/v1/user/positions?
20:38:40 [DEBUG] 🐕 Watchdog OK: Daten-Alter 2.3s
20:38:40 [DEBUG] 📊 Task health: 7 alive, 0 dead
20:38:40 [DEBUG] Sending GET https://api.starknet.extended.exchange/api/v1/user/positions?
20:38:41 [INFO] 🔻 Closing X10 KAITO-USD: size=44.000000 coins, side=BUY
20:38:41 [DEBUG] Sending GET https://api.starknet.extended.exchange/api/v1/user/positions?
20:38:41 [INFO] ✅ Launched 1 trade tasks this cycle
20:38:41 [INFO] Lighter: Found 1 open positions
20:38:41 [DEBUG] ✅ SOL-USD verified: No existing positions on exchanges
20:38:41 [DEBUG] ⚠️ BTC DUMP: Reduced prediction for SOL-USD by factor 0.5
20:38:41 [DEBUG] 🧠 SOL-USD: Prediction conf=0.60, delta=0.000009
20:38:41 [DEBUG] MIN_NOTIONAL SOL-USD: min_base=0.05000000 coins, price=$140.9740, min_qty_usd=$7.05, min_notional_api=$10.00, final=$11.00
20:38:41 [DEBUG] Sending GET https://api.starknet.extended.exchange/api/v1/user/balance
20:38:41 [INFO] 🔻 X10 CLOSE KAITO-USD: size=44.000000, side=SELL
20:38:41 [DEBUG] Placing an order: id=2394221864088205755038123561172316095569195758827630178222920404831434043330
20:38:41 [DEBUG] Sending POST https://api.starknet.extended.exchange/api/v1/user/order, headers={<RequestHeader.ACCEPT: 'Accept'>: 'application/json', <RequestHeader.CONTENT_TYPE: 'Content-Type'>: 'application/json', <RequestHeader.USER_AGENT: 'User-Agent'>: 'X10PythonTradingClient/0.0.17', <RequestHeader.API_KEY: 'X-Api-Key'>: 'a1c9207f79f0e57ddc454bf1e16dbe49'}
20:38:41 [INFO] 🎰 KELLY SOL-USD: win_rate=0.0%, kelly_fraction=0.0000, safe_fraction=0.0200, confidence=LOW, samples=1
20:38:41 [INFO] 📊 KELLY SIZE SOL-USD: base=$30.0, kelly_recommended=$5.6, final=$30.0
20:38:41 [INFO] 🚀 Opening SOL-USD: Size=$30.0 (Min=$14.8)
20:38:41 [INFO] 🔄 [PARALLEL] SOL-USD: Lighter POST-ONLY first
20:38:41 [INFO] 🚀 LIGHTER OPEN SOL-USD: side=BUY, size_usd=$30.00, price=$140.975000
20:38:41 [DEBUG] 🔍 DEBUG: SOL-USD market_id = 2 (raw=2, type=<class 'int'>)
20:38:41 [DEBUG] QUANTIZE SOL-USD: USD=30.00, coins=0.212804, raw=213, lot_size=50, final=200
20:38:41 [INFO] 🔄 [PARALLEL] SOL-USD: X10 MARKET order
20:38:41 [DEBUG] ✅ PENDLE-USD: X10=$175,770, Lighter=$1,155,375, Total=$1,331,145
20:38:41 [DEBUG] Create Order Tx Info: {"AccountIndex":60113,"ApiKeyIndex":3,"MarketIndex":2,"ClientOrderIndex":1764790760205,"BaseAmount":200,"Price":141821,"IsAsk":0,"Type":0,"TimeInForce":1,"ReduceOnly":0,"TriggerPrice":0,"OrderExpiry":1767209921598,"ExpiredAt":1764791320598,"Nonce":2335,"Sig":"NTynPuMAW01ayA3h5zAcYB0hiyy2ekf+bjga4+fi9wHIPWelHBVpHC7JehGsVkaa3yjGiSCyBg/qk4Ch0a8GWuPq8m2F0JPBHXkGxwlPhCo="}
20:38:41 [DEBUG] Placing an order: id=576363096866058209646257237818438202686422299891244443690249385735219870115
20:38:41 [DEBUG] Sending POST https://api.starknet.extended.exchange/api/v1/user/order, headers={<RequestHeader.ACCEPT: 'Accept'>: 'application/json', <RequestHeader.CONTENT_TYPE: 'Content-Type'>: 'application/json', <RequestHeader.USER_AGENT: 'User-Agent'>: 'X10PythonTradingClient/0.0.17', <RequestHeader.API_KEY: 'X-Api-Key'>: 'a1c9207f79f0e57ddc454bf1e16dbe49'}
20:38:41 [INFO]  X10 Order: 1996303053302263808
20:38:41 [DEBUG] Create Order Send Tx Response: code=200 message='{"ratelimit": "didn\'t use volume quota"}' tx_hash='2d6c269337a9d897fdf5637248adace91d468a74099fc2841bd8f66d4bc6eb1c72c6134d93a74ea8' predicted_execution_time_ms=1764790712563 additional_properties={}
20:38:41 [INFO] Lighter Order: 2d6c269337a9d897fdf5637248adace91d468a74099fc2841bd8f66d4bc6eb1c72c6134d93a74ea8
20:38:42 [INFO]  X10 Order: 1996303057357524992
20:38:42 [INFO] ✅ [PARALLEL] SOL-USD: Both legs filled in 1062ms
20:38:42 [DEBUG] 📝 Trade added to state: SOL-USD
20:38:42 [DEBUG] 📝 Flushed 1 writes
20:38:42 [DEBUG] 📝 Flushed 1 writes in 0.0ms
20:38:43 [DEBUG] ✅ ZORA-USD: X10=$201,385, Lighter=$26,192,853, Total=$26,394,238
20:38:43 [DEBUG] Sending GET https://api.starknet.extended.exchange/api/v1/user/positions?
20:38:43 [INFO] ✅ X10 KAITO-USD closed (44.000000 coins)
20:38:43 [INFO] ✅ KAITO-USD fully closed
20:38:43 [INFO] ✅ Trade KAITO-USD closed (PnL: $0.00)
20:38:43 [INFO] ✅ Trade KAITO-USD closed (PnL: $0.00)
20:38:43 [DEBUG] 📝 Flushed 1 writes
20:38:43 [DEBUG] 📝 Flushed 1 writes in 15.0ms
20:38:43 [INFO]  💰 PnL KAITO-USD: $0.00 (FARM_QUICK_PROFIT)
20:38:43 [DEBUG] 📊 Trade recorded: KAITO-USD ❌ LOSS $0.00
20:38:44 [INFO] 🔍 🚜 FARM Scanning 68 pairs. Open symbols to skip: {'ENA-USD', 'SOL-USD'}
20:38:44 [DEBUG] Price cache status: X10=68/68, Lighter=67/68
20:38:44 [INFO] 🔍 Scanning 68 pairs. Lighter markets: 116, X10 markets: 91
20:38:44 [DEBUG] MKR-USD: Missing prices (X=1663.9, L=None)
20:38:44 [DEBUG] ⚠️ BTC DUMP: Reduced prediction for KAITO-USD by factor 0.5
20:38:44 [DEBUG] ⚠️ BTC DUMP: Reduced prediction for HYPE-USD by factor 0.5
20:38:44 [DEBUG] ⚠️ BTC DUMP: Reduced prediction for SEI-USD by factor 0.5
20:38:44 [DEBUG] ⚠️ BTC DUMP: Reduced prediction for LDO-USD by factor 0.5
20:38:44 [DEBUG] ⚠️ BTC DUMP: Reduced prediction for S-USD by factor 0.5
20:38:44 [DEBUG] ⚠️ BTC DUMP: Reduced prediction for ZRO-USD by factor 0.5
20:38:44 [DEBUG] ⚠️ BTC DUMP: Reduced prediction for 1000PEPE-USD by factor 0.5
20:38:44 [DEBUG] ⚠️ BTC DUMP: Reduced prediction for APT-USD by factor 0.5
20:38:44 [DEBUG] ⚠️ BTC DUMP: Reduced prediction for BCH-USD by factor 0.5
20:38:44 [DEBUG] ⚠️ BTC DUMP: Reduced prediction for AVAX-USD by factor 0.5
20:38:44 [DEBUG] ⚠️ BTC DUMP: Reduced prediction for UNI-USD by factor 0.5
20:38:44 [DEBUG] ⚠️ BTC DUMP: Reduced prediction for EIGEN-USD by factor 0.5
20:38:44 [DEBUG] ⚠️ BTC DUMP: Reduced prediction for XAG-USD by factor 0.5
20:38:44 [DEBUG] ⚠️ BTC DUMP: Reduced prediction for ZEC-USD by factor 0.5
20:38:44 [DEBUG] ⚠️ BTC DUMP: Reduced prediction for XRP-USD by factor 0.5
20:38:44 [DEBUG] ⚠️ BTC DUMP: Reduced prediction for PENDLE-USD by factor 0.5
20:38:44 [DEBUG] ⚠️ BTC DUMP: Reduced prediction for ZORA-USD by factor 0.5
20:38:44 [DEBUG] ⚠️ BTC DUMP: Reduced prediction for BERA-USD by factor 0.5
20:38:44 [DEBUG] ⚠️ BTC DUMP: Reduced prediction for SUI-USD by factor 0.5
20:38:44 [DEBUG] ⚠️ BTC DUMP: Reduced prediction for TAO-USD by factor 0.5
20:38:44 [DEBUG] ⚠️ BTC DUMP: Reduced prediction for FIL-USD by factor 0.5
20:38:44 [DEBUG] ⚠️ BTC DUMP: Reduced prediction for STRK-USD by factor 0.5
20:38:44 [DEBUG] ⚠️ BTC DUMP: Reduced prediction for TON-USD by factor 0.5
20:38:44 [DEBUG] ⚠️ BTC DUMP: Reduced prediction for XPL-USD by factor 0.5
20:38:44 [DEBUG] ⚠️ BTC DUMP: Reduced prediction for BNB-USD by factor 0.5
20:38:44 [DEBUG] ⚠️ BTC DUMP: Reduced prediction for LINK-USD by factor 0.5
20:38:44 [DEBUG] ⚠️ BTC DUMP: Reduced prediction for RESOLV-USD by factor 0.5
20:38:44 [DEBUG] ⚠️ BTC DUMP: Reduced prediction for CRV-USD by factor 0.5
20:38:44 [DEBUG] ⚠️ BTC DUMP: Reduced prediction for AVNT-USD by factor 0.5
20:38:44 [DEBUG] ⚠️ BTC DUMP: Reduced prediction for APEX-USD by factor 0.5
20:38:44 [DEBUG] ⚠️ BTC DUMP: Reduced prediction for PENGU-USD by factor 0.5
20:38:44 [DEBUG] ⚠️ BTC DUMP: Reduced prediction for XAU-USD by factor 0.5
20:38:44 [DEBUG] ⚠️ BTC DUMP: Reduced prediction for AAVE-USD by factor 0.5
20:38:44 [DEBUG] ⚠️ BTC DUMP: Reduced prediction for WLFI-USD by factor 0.5
20:38:44 [DEBUG] ⚠️ BTC DUMP: Reduced prediction for LTC-USD by factor 0.5
20:38:44 [DEBUG] ⚠️ BTC DUMP: Reduced prediction for SPX-USD by factor 0.5
20:38:44 [DEBUG] ⚠️ BTC DUMP: Reduced prediction for MKR-USD by factor 0.5
20:38:44 [DEBUG] ⚠️ BTC DUMP: Reduced prediction for ARB-USD by factor 0.5
20:38:44 [DEBUG] ⚠️ BTC DUMP: Reduced prediction for ASTER-USD by factor 0.5
20:38:44 [DEBUG] ⚠️ BTC DUMP: Reduced prediction for WIF-USD by factor 0.5
20:38:44 [DEBUG] ⚠️ BTC DUMP: Reduced prediction for MON-USD by factor 0.5
20:38:44 [DEBUG] ⚠️ BTC DUMP: Reduced prediction for OP-USD by factor 0.5
20:38:44 [DEBUG] ⚠️ BTC DUMP: Reduced prediction for 1000SHIB-USD by factor 0.5
20:38:44 [DEBUG] ⚠️ BTC DUMP: Reduced prediction for GRASS-USD by factor 0.5
20:38:44 [DEBUG] ⚠️ BTC DUMP: Reduced prediction for ONDO-USD by factor 0.5
20:38:44 [DEBUG] ⚠️ BTC DUMP: Reduced prediction for TRX-USD by factor 0.5
20:38:44 [DEBUG] ⚠️ BTC DUMP: Reduced prediction for JUP-USD by factor 0.5
20:38:44 [DEBUG] ⚠️ BTC DUMP: Reduced prediction for TRUMP-USD by factor 0.5
20:38:44 [DEBUG] ⚠️ BTC DUMP: Reduced prediction for NEAR-USD by factor 0.5
20:38:44 [DEBUG] ⚠️ BTC DUMP: Reduced prediction for TIA-USD by factor 0.5
20:38:44 [DEBUG] ⚠️ BTC DUMP: Reduced prediction for DOGE-USD by factor 0.5
20:38:44 [DEBUG] ⚠️ BTC DUMP: Reduced prediction for USDJPY-USD by factor 0.5
20:38:44 [DEBUG] ⚠️ BTC DUMP: Reduced prediction for BTC-USD by factor 0.5
20:38:44 [DEBUG] ⚠️ BTC DUMP: Reduced prediction for FARTCOIN-USD by factor 0.5
20:38:44 [DEBUG] ⚠️ BTC DUMP: Reduced prediction for EDEN-USD by factor 0.5
20:38:44 [DEBUG] ⚠️ BTC DUMP: Reduced prediction for VIRTUAL-USD by factor 0.5
20:38:44 [DEBUG] ⚠️ BTC DUMP: Reduced prediction for 1000BONK-USD by factor 0.5
20:38:44 [DEBUG] ⚠️ BTC DUMP: Reduced prediction for IP-USD by factor 0.5
20:38:44 [DEBUG] ⚠️ BTC DUMP: Reduced prediction for LINEA-USD by factor 0.5
20:38:44 [DEBUG] ⚠️ BTC DUMP: Reduced prediction for PUMP-USD by factor 0.5
20:38:44 [DEBUG] ⚠️ BTC DUMP: Reduced prediction for ETH-USD by factor 0.5
20:38:44 [DEBUG] ⚠️ BTC DUMP: Reduced prediction for DOT-USD by factor 0.5
20:38:44 [DEBUG] ⚠️ BTC DUMP: Reduced prediction for ADA-USD by factor 0.5
20:38:44 [DEBUG] ⚠️ BTC DUMP: Reduced prediction for POPCAT-USD by factor 0.5
20:38:44 [DEBUG] ⚠️ BTC DUMP: Reduced prediction for WLD-USD by factor 0.5
20:38:44 [DEBUG] ⚠️ BTC DUMP: Reduced prediction for MNT-USD by factor 0.5
20:38:44 [INFO] 🧠 Prediction V2: Found 2 ML-ranked opportunities
20:38:44 [INFO] ✅ Returning 2 ML-ranked opportunities
20:38:44 [INFO] 🎯 Found 2 opportunities, executing best...
20:38:44 [DEBUG] Sending GET https://api.starknet.extended.exchange/api/v1/user/balance
20:38:44 [DEBUG] 📝 Flushed 1 writes
20:38:44 [DEBUG] 📝 Flushed 1 writes in 0.0ms
20:38:44 [DEBUG] Fetching fresh positions (force=False, cache_age=19.0s)
20:38:44 [DEBUG] Sending GET https://api.starknet.extended.exchange/api/v1/user/positions?
20:38:45 [DEBUG] ✅ BERA-USD: X10=$210,985, Lighter=$931,420, Total=$1,142,406
20:38:45 [INFO] Lighter: Found 2 open positions
20:38:45 [INFO] 📊 Positions: X10=2, Lighter=2
20:38:45 [DEBUG] X10 positions: ['ENA-USD', 'SOL-USD']
20:38:45 [DEBUG] Lighter positions: ['SOL-USD', 'ENA-USD']
20:38:45 [INFO] 🔍 DEBUG ENA-USD: entry_time type=<class 'str'>, value=2025-12-03T19:38:16.427461+00:00
20:38:45 [DEBUG] Check ENA-USD: Age=29.0s (Limit=2700s)
20:38:45 [INFO] 🔍 DEBUG SOL-USD: entry_time type=<class 'str'>, value=2025-12-03T19:38:42.648316+00:00
20:38:45 [DEBUG] Check SOL-USD: Age=2.8s (Limit=2700s)
20:38:45 [DEBUG] 📊 OI→Pred KAITO-USD: OI=$2,557,237, Velocity=0.00, Trend=UNKNOWN
20:38:45 [DEBUG] 📊 OI→Pred HYPE-USD: OI=$4,542,648, Velocity=0.00, Trend=UNKNOWN
20:38:45 [DEBUG] 📊 OI→Pred SEI-USD: OI=$8,607,774, Velocity=0.00, Trend=UNKNOWN
20:38:45 [DEBUG] 📊 OI→Pred SOL-USD: OI=$4,531,841, Velocity=0.00, Trend=UNKNOWN
20:38:45 [DEBUG] 📊 OI→Pred LDO-USD: OI=$1,806,477, Velocity=0.00, Trend=UNKNOWN
20:38:45 [DEBUG] 📊 OI→Pred S-USD: OI=$7,897,001, Velocity=0.00, Trend=UNKNOWN
20:38:45 [DEBUG] 📊 OI→Pred ZRO-USD: OI=$589,033, Velocity=0.00, Trend=UNKNOWN
20:38:45 [DEBUG] 📊 OI→Pred BCH-USD: OI=$5,672, Velocity=0.00, Trend=UNKNOWN
20:38:45 [DEBUG] 📊 OI→Pred 1000PEPE-USD: OI=$244,254,370, Velocity=0.00, Trend=UNKNOWN
20:38:45 [DEBUG] 📊 OI→Pred APT-USD: OI=$1,793,061, Velocity=0.00, Trend=UNKNOWN
20:38:45 [DEBUG] 📊 OI→Pred AVAX-USD: OI=$916,466, Velocity=0.00, Trend=UNKNOWN
20:38:45 [DEBUG] 📊 OI→Pred UNI-USD: OI=$561,708, Velocity=0.00, Trend=UNKNOWN
20:38:45 [DEBUG] 📊 OI→Pred EIGEN-USD: OI=$2,113,867, Velocity=0.00, Trend=UNKNOWN
20:38:45 [DEBUG] 📊 OI→Pred XAG-USD: OI=$52,021, Velocity=0.00, Trend=UNKNOWN
20:38:45 [DEBUG] 📊 OI→Pred ZEC-USD: OI=$1,911,435, Velocity=0.00, Trend=UNKNOWN
20:38:45 [DEBUG] 📊 OI→Pred XRP-USD: OI=$4,414,352, Velocity=0.00, Trend=UNKNOWN
20:38:45 [DEBUG] 📊 OI→Pred PENDLE-USD: OI=$1,331,145, Velocity=0.00, Trend=UNKNOWN
20:38:45 [DEBUG] 📊 OI→Pred ZORA-USD: OI=$26,394,238, Velocity=0.00, Trend=UNKNOWN
20:38:45 [DEBUG] 📊 OI→Pred BERA-USD: OI=$1,142,406, Velocity=0.00, Trend=UNKNOWN
20:38:45 [DEBUG] Lighter Balance: Raw=$293.88, Safe=$279.19
20:38:45 [INFO] X10: Detected balance = $298.24
20:38:45 [INFO] 🚀 Launching 1 trades (Slots available: 1)
20:38:45 [DEBUG] Sending GET https://api.starknet.extended.exchange/api/v1/user/positions?
20:38:46 [INFO] Lighter: Found 2 open positions
20:38:46 [INFO] 💰 Balance: X10=$298.2 (free=$285.6), Lit=$279.2 (free=$266.6) | DB_Trades=2, Real_Positions=2, Locked=$10/ex
20:38:46 [INFO] 🚀 Launching trade for KAITO-USD (APY=78.3%)
20:38:46 [DEBUG] Sending GET https://api.starknet.extended.exchange/api/v1/user/positions?
20:38:46 [DEBUG] Using cached positions (age: 1.5s)
20:38:46 [INFO] 🔍 DEBUG ENA-USD: entry_time type=<class 'str'>, value=2025-12-03T19:38:16.427461+00:00
20:38:46 [DEBUG] Check ENA-USD: Age=30.0s (Limit=2700s)
20:38:46 [INFO] 🔍 DEBUG SOL-USD: entry_time type=<class 'str'>, value=2025-12-03T19:38:42.648316+00:00
20:38:46 [DEBUG] Check SOL-USD: Age=3.8s (Limit=2700s)
20:38:46 [INFO] ✅ Launched 1 trade tasks this cycle
20:38:46 [DEBUG] ✅ SUI-USD: X10=$912,139, Lighter=$1,596,705, Total=$2,508,844
20:38:46 [INFO] Lighter: Found 2 open positions
20:38:46 [DEBUG] ✅ KAITO-USD verified: No existing positions on exchanges
20:38:46 [DEBUG] ⚠️ BTC DUMP: Reduced prediction for KAITO-USD by factor 0.5
20:38:46 [DEBUG] 🧠 KAITO-USD: Prediction conf=0.60, delta=-0.000033
20:38:46 [DEBUG] MIN_NOTIONAL KAITO-USD: min_base=10.00000000 coins, price=$0.6725, min_qty_usd=$6.72, min_notional_api=$10.00, final=$11.00
20:38:46 [DEBUG] Sending GET https://api.starknet.extended.exchange/api/v1/user/balance
20:38:47 [INFO] 🎰 KELLY KAITO-USD: win_rate=0.0%, kelly_fraction=0.0000, safe_fraction=0.0200, confidence=LOW, samples=1
20:38:47 [INFO] 📊 KELLY SIZE KAITO-USD: base=$30.0, kelly_recommended=$5.6, final=$30.0
20:38:47 [INFO] 🚀 Opening KAITO-USD: Size=$30.0 (Min=$11.0)
20:38:47 [INFO] 🔄 [PARALLEL] KAITO-USD: Lighter POST-ONLY first
20:38:47 [INFO] 🚀 LIGHTER OPEN KAITO-USD: side=SELL, size_usd=$30.00, price=$0.672500
20:38:47 [DEBUG] 🔍 DEBUG: KAITO-USD market_id = 33 (raw=33, type=<class 'int'>)
20:38:47 [DEBUG] QUANTIZE KAITO-USD: USD=30.00, coins=44.609665, raw=446, lot_size=100, final=400
20:38:47 [INFO] 🔄 [PARALLEL] KAITO-USD: X10 MARKET order
20:38:47 [DEBUG] Create Order Tx Info: {"AccountIndex":60113,"ApiKeyIndex":3,"MarketIndex":33,"ClientOrderIndex":1764790760453,"BaseAmount":400,"Price":66846,"IsAsk":1,"Type":0,"TimeInForce":1,"ReduceOnly":0,"TriggerPrice":0,"OrderExpiry":1767209927145,"ExpiredAt":1764791326145,"Nonce":2336,"Sig":"UtA3dcoSjvpUWs3XfEZzLgSc4qqFtVw143IMJUbKy7n8EUFyjFTdCd0mGBKb4+PT5tXv4SM4JPvL8EIiW9afarn+h6PZ7xurlo+CCTGbB1k="}
20:38:47 [DEBUG] Placing an order: id=283220043799258311836945548833776132616937006363643818282017783878432872070
20:38:47 [DEBUG] Sending POST https://api.starknet.extended.exchange/api/v1/user/order, headers={<RequestHeader.ACCEPT: 'Accept'>: 'application/json', <RequestHeader.CONTENT_TYPE: 'Content-Type'>: 'application/json', <RequestHeader.USER_AGENT: 'User-Agent'>: 'X10PythonTradingClient/0.0.17', <RequestHeader.API_KEY: 'X-Api-Key'>: 'a1c9207f79f0e57ddc454bf1e16dbe49'}
20:38:47 [DEBUG] Using cached positions (age: 2.5s)
20:38:47 [INFO] 🔍 DEBUG ENA-USD: entry_time type=<class 'str'>, value=2025-12-03T19:38:16.427461+00:00
20:38:47 [DEBUG] Check ENA-USD: Age=31.0s (Limit=2700s)
20:38:47 [INFO] 🔍 DEBUG SOL-USD: entry_time type=<class 'str'>, value=2025-12-03T19:38:42.648316+00:00
20:38:47 [DEBUG] Check SOL-USD: Age=4.8s (Limit=2700s)
20:38:47 [DEBUG] Create Order Send Tx Response: code=200 message='{"ratelimit": "didn\'t use volume quota"}' tx_hash='a4ee2d53ba37ed4fcd149a9b4e5661ba6e9822167f4fee7b4ad786ce0fa9002fdb1fd0bba4663fed' predicted_execution_time_ms=1764790718121 additional_properties={}
20:38:47 [INFO] Lighter Order: a4ee2d53ba37ed4fcd149a9b4e5661ba6e9822167f4fee7b4ad786ce0fa9002fdb1fd0bba4663fed
20:38:47 [INFO]  X10 Order: 1996303077432037376
20:38:47 [INFO] ✅ [PARALLEL] KAITO-USD: Both legs filled in 296ms
20:38:47 [DEBUG] 📝 Trade added to state: KAITO-USD
20:38:47 [DEBUG] 📝 Flushed 1 writes
20:38:47 [DEBUG] 📝 Flushed 1 writes in 0.0ms
20:38:47 [DEBUG] 💓 [x10_account] Alive (uptime=40s, last_msg=0s ago, msgs=38)
20:38:47 [DEBUG] 💓 [lighter] Alive (uptime=40s, last_msg=0s ago, msgs=62495)
20:38:47 [DEBUG] 💓 [x10_trades] Alive (uptime=40s, last_msg=0s ago, msgs=171)
20:38:48 [DEBUG] Using cached positions (age: 3.5s)
20:38:48 [INFO] 🔍 DEBUG ENA-USD: entry_time type=<class 'str'>, value=2025-12-03T19:38:16.427461+00:00
20:38:48 [DEBUG] Check ENA-USD: Age=32.0s (Limit=2700s)
20:38:48 [INFO] 🔍 DEBUG KAITO-USD: entry_time type=<class 'str'>, value=2025-12-03T19:38:47.426580+00:00
20:38:48 [DEBUG] Check KAITO-USD: Age=1.0s (Limit=2700s)
20:38:48 [INFO] 🔍 DEBUG SOL-USD: entry_time type=<class 'str'>, value=2025-12-03T19:38:42.648316+00:00
20:38:48 [DEBUG] Check SOL-USD: Age=5.8s (Limit=2700s)
20:38:49 [DEBUG] Using cached positions (age: 4.5s)
20:38:49 [INFO] 🔍 DEBUG ENA-USD: entry_time type=<class 'str'>, value=2025-12-03T19:38:16.427461+00:00
20:38:49 [DEBUG] Check ENA-USD: Age=33.0s (Limit=2700s)
20:38:49 [INFO] 🔍 DEBUG KAITO-USD: entry_time type=<class 'str'>, value=2025-12-03T19:38:47.426580+00:00
20:38:49 [DEBUG] Check KAITO-USD: Age=2.0s (Limit=2700s)
20:38:49 [INFO] 🔍 DEBUG SOL-USD: entry_time type=<class 'str'>, value=2025-12-03T19:38:42.648316+00:00
20:38:49 [DEBUG] Check SOL-USD: Age=6.8s (Limit=2700s)
20:38:49 [DEBUG] MAX_OPEN_TRADES (3) reached, waiting...
20:38:50 [DEBUG] Fetching fresh positions (force=False, cache_age=5.5s)
20:38:50 [DEBUG] Sending GET https://api.starknet.extended.exchange/api/v1/user/positions?
20:38:50 [DEBUG] ✅ TAO-USD: X10=$172,246, Lighter=$10,855, Total=$183,101
20:38:50 [INFO] Lighter: Found 3 open positions
20:38:50 [INFO] 📊 Positions: X10=3, Lighter=3
20:38:50 [DEBUG] X10 positions: ['ENA-USD', 'KAITO-USD', 'SOL-USD']
20:38:50 [DEBUG] Lighter positions: ['SOL-USD', 'ENA-USD', 'KAITO-USD']
20:38:50 [INFO] 🔍 DEBUG ENA-USD: entry_time type=<class 'str'>, value=2025-12-03T19:38:16.427461+00:00
20:38:50 [DEBUG] Check ENA-USD: Age=34.4s (Limit=2700s)
20:38:50 [INFO] 🔍 DEBUG KAITO-USD: entry_time type=<class 'str'>, value=2025-12-03T19:38:47.426580+00:00
20:38:50 [DEBUG] Check KAITO-USD: Age=3.4s (Limit=2700s)
20:38:50 [INFO] 🔍 DEBUG SOL-USD: entry_time type=<class 'str'>, value=2025-12-03T19:38:42.648316+00:00
20:38:50 [DEBUG] Check SOL-USD: Age=8.2s (Limit=2700s)
20:38:51 [INFO] 🚜 Farm Mode ACTIVE
20:38:51 [DEBUG] Using cached positions (age: 1.5s)
20:38:51 [INFO] 🔍 DEBUG ENA-USD: entry_time type=<class 'str'>, value=2025-12-03T19:38:16.427461+00:00
20:38:51 [DEBUG] Check ENA-USD: Age=35.4s (Limit=2700s)
20:38:51 [INFO] 🔍 DEBUG KAITO-USD: entry_time type=<class 'str'>, value=2025-12-03T19:38:47.426580+00:00
20:38:51 [DEBUG] Check KAITO-USD: Age=4.4s (Limit=2700s)
20:38:51 [INFO] 🔍 DEBUG SOL-USD: entry_time type=<class 'str'>, value=2025-12-03T19:38:42.648316+00:00
20:38:51 [DEBUG] Check SOL-USD: Age=9.2s (Limit=2700s)
20:38:52 [DEBUG] ✅ FIL-USD: X10=$0, Lighter=$363,676, Total=$363,676
20:38:52 [DEBUG] MAX_OPEN_TRADES (3) reached, waiting...
20:38:52 [INFO] 🚜 Farm Mode ACTIVE
20:38:52 [DEBUG] Using cached positions (age: 2.5s)
20:38:52 [INFO] 🔍 DEBUG ENA-USD: entry_time type=<class 'str'>, value=2025-12-03T19:38:16.427461+00:00
20:38:52 [DEBUG] Check ENA-USD: Age=36.4s (Limit=2700s)
20:38:52 [INFO] 🔍 DEBUG KAITO-USD: entry_time type=<class 'str'>, value=2025-12-03T19:38:47.426580+00:00
20:38:52 [DEBUG] Check KAITO-USD: Age=5.4s (Limit=2700s)
20:38:52 [INFO] 🔍 DEBUG SOL-USD: entry_time type=<class 'str'>, value=2025-12-03T19:38:42.648316+00:00
20:38:52 [DEBUG] Check SOL-USD: Age=10.2s (Limit=2700s)
20:38:53 [INFO] 🚜 Farm Mode ACTIVE
20:38:53 [DEBUG] Using cached positions (age: 3.5s)
20:38:53 [INFO] 🔍 DEBUG ENA-USD: entry_time type=<class 'str'>, value=2025-12-03T19:38:16.427461+00:00
20:38:53 [DEBUG] Check ENA-USD: Age=37.4s (Limit=2700s)
20:38:53 [INFO] 🔍 DEBUG KAITO-USD: entry_time type=<class 'str'>, value=2025-12-03T19:38:47.426580+00:00
20:38:53 [DEBUG] Check KAITO-USD: Age=6.4s (Limit=2700s)
20:38:53 [INFO] 🔍 DEBUG SOL-USD: entry_time type=<class 'str'>, value=2025-12-03T19:38:42.648316+00:00
20:38:53 [DEBUG] Check SOL-USD: Age=11.2s (Limit=2700s)
20:38:54 [DEBUG] ✅ STRK-USD: X10=$150,034, Lighter=$5,716,465, Total=$5,866,500
20:38:54 [INFO] 🚜 Farm Mode ACTIVE
20:38:54 [DEBUG] Using cached positions (age: 4.5s)
20:38:54 [INFO] 🔍 DEBUG ENA-USD: entry_time type=<class 'str'>, value=2025-12-03T19:38:16.427461+00:00
20:38:54 [DEBUG] Check ENA-USD: Age=38.4s (Limit=2700s)
20:38:54 [INFO] 🔍 DEBUG KAITO-USD: entry_time type=<class 'str'>, value=2025-12-03T19:38:47.426580+00:00
20:38:54 [DEBUG] Check KAITO-USD: Age=7.4s (Limit=2700s)
20:38:54 [INFO] 🔍 DEBUG SOL-USD: entry_time type=<class 'str'>, value=2025-12-03T19:38:42.648316+00:00
20:38:54 [DEBUG] Check SOL-USD: Age=12.2s (Limit=2700s)
20:38:55 [DEBUG] MAX_OPEN_TRADES (3) reached, waiting...
20:38:55 [INFO] 🚜 Farm Mode ACTIVE
20:38:55 [DEBUG] ✅ TON-USD: X10=$157,253, Lighter=$681,189, Total=$838,443
20:38:55 [DEBUG] Fetching fresh positions (force=False, cache_age=5.5s)
20:38:55 [DEBUG] Sending GET https://api.starknet.extended.exchange/api/v1/user/positions?
20:38:56 [INFO] Lighter: Found 3 open positions
20:38:56 [INFO] 📊 Positions: X10=3, Lighter=3
20:38:56 [DEBUG] X10 positions: ['ENA-USD', 'KAITO-USD', 'SOL-USD']
20:38:56 [DEBUG] Lighter positions: ['SOL-USD', 'ENA-USD', 'KAITO-USD']
20:38:56 [INFO] 🔍 DEBUG ENA-USD: entry_time type=<class 'str'>, value=2025-12-03T19:38:16.427461+00:00
20:38:56 [DEBUG] Check ENA-USD: Age=39.9s (Limit=2700s)
20:38:56 [INFO] 🔍 DEBUG KAITO-USD: entry_time type=<class 'str'>, value=2025-12-03T19:38:47.426580+00:00
20:38:56 [DEBUG] Check KAITO-USD: Age=8.9s (Limit=2700s)
20:38:56 [INFO] 🔍 DEBUG SOL-USD: entry_time type=<class 'str'>, value=2025-12-03T19:38:42.648316+00:00
20:38:56 [DEBUG] Check SOL-USD: Age=13.7s (Limit=2700s)
20:38:56 [INFO] 🚜 Farm Mode ACTIVE
20:38:57 [DEBUG] Using cached positions (age: 1.5s)
20:38:57 [INFO] 🔍 DEBUG ENA-USD: entry_time type=<class 'str'>, value=2025-12-03T19:38:16.427461+00:00
20:38:57 [DEBUG] Check ENA-USD: Age=40.9s (Limit=2700s)
20:38:57 [INFO] 🔍 DEBUG KAITO-USD: entry_time type=<class 'str'>, value=2025-12-03T19:38:47.426580+00:00
20:38:57 [DEBUG] Check KAITO-USD: Age=9.9s (Limit=2700s)
20:38:57 [INFO] 🔍 DEBUG SOL-USD: entry_time type=<class 'str'>, value=2025-12-03T19:38:42.648316+00:00
20:38:57 [DEBUG] Check SOL-USD: Age=14.7s (Limit=2700s)
20:38:57 [DEBUG] ✅ XPL-USD: X10=$173,290, Lighter=$17,879,738, Total=$18,053,028
20:38:57 [DEBUG] 💓 [x10_account] Alive (uptime=50s, last_msg=10s ago, msgs=38)
20:38:57 [DEBUG] 💓 [lighter] Alive (uptime=50s, last_msg=0s ago, msgs=75920)
20:38:57 [DEBUG] 💓 [x10_trades] Alive (uptime=50s, last_msg=2s ago, msgs=184)
20:38:58 [DEBUG] Using cached positions (age: 2.5s)
20:38:58 [INFO] 🔍 DEBUG ENA-USD: entry_time type=<class 'str'>, value=2025-12-03T19:38:16.427461+00:00
20:38:58 [DEBUG] Check ENA-USD: Age=41.9s (Limit=2700s)
20:38:58 [INFO] 🔍 DEBUG KAITO-USD: entry_time type=<class 'str'>, value=2025-12-03T19:38:47.426580+00:00
20:38:58 [DEBUG] Check KAITO-USD: Age=10.9s (Limit=2700s)
20:38:58 [INFO] 🔍 DEBUG SOL-USD: entry_time type=<class 'str'>, value=2025-12-03T19:38:42.648316+00:00
20:38:58 [DEBUG] Check SOL-USD: Age=15.7s (Limit=2700s)
20:38:58 [INFO] 🚜 [FARM] Profit Take SOL-USD: Age=15s, Spread=0.011% (sehr niedrig), PnL=$0.00
20:38:58 [INFO]  💸 EXIT SOL-USD: FARM_QUICK_PROFIT | PnL $0.00 (Fees: $0.00)
20:38:58 [INFO]  🔻 CLOSING SOL-USD (Atomic Smart Close)...
20:38:58 [DEBUG] MAX_OPEN_TRADES (3) reached, waiting...
20:38:58 [INFO] Lighter: Found 3 open positions
20:38:58 [INFO] 🔍 DEBUG close_live_position ENTRY: symbol=SOL-USD (type=<class 'str'>)
20:38:58 [INFO] 🔍 DEBUG: original_side=BUY (type=<class 'str'>)
20:38:58 [INFO] 🔍 DEBUG: notional_usd=28.211000000000002 (type=<class 'float'>)
20:38:59 [INFO] 🛑 Initiating shutdown...
20:38:59 [DEBUG] Cancelled task: maintenance_loop
20:38:59 [DEBUG] Cancelled task: cleanup_finished_tasks
20:38:59 [DEBUG] Cancelled task: health_reporter
20:38:59 [DEBUG] Cancelled task: farm_loop
20:38:59 [DEBUG] Cancelled task: logic_loop
20:38:59 [DEBUG] Cancelled task: trade_management_loop
20:38:59 [DEBUG] Cancelled task: connection_watchdog
20:38:59 [INFO] Logic loop cancelled
20:38:59 [INFO] Connection watchdog cancelled
20:38:59 [INFO] 🔌 [x10_trades] WebSocket stopped
20:39:01 [DEBUG] ✅ BNB-USD: X10=$1,341,791, Lighter=$18,673, Total=$1,360,465
20:39:01 [INFO] 🔌 [x10_funding] WebSocket stopped
20:39:03 [DEBUG] ✅ LINK-USD: X10=$362,015, Lighter=$234,111, Total=$596,126
20:39:04 [ERROR] WebSocket stop error: 
20:39:04 [INFO] 🛑 Rollback processor: Shutdown signal received
20:39:04 [INFO] ✅ ParallelExecutionManager: Stopped
20:39:04 [INFO] 🛑 Stopping InMemoryStateManager...
20:39:04 [INFO] 📝 State writer loop stopped
20:39:04 [INFO] ✅ InMemoryStateManager stopped
20:39:04 [INFO] ✅ Shutdown complete
20:39:04 [INFO] 🛑 Shutting down...
20:39:04 [INFO] 🛑 Shutdown requested...
20:39:04 [INFO] ✅ ParallelExecutionManager: Stopped
20:39:04 [INFO] 🔌 [x10_trades] WebSocket stopped
20:39:04 [INFO] 🔌 [x10_funding] WebSocket stopped
20:39:04 [INFO] 🔌 [lighter] WebSocket stopped
20:39:04 [INFO] 🔌 [x10_account] WebSocket stopped
20:39:04 [INFO] ✅ WebSocketManager stopped
20:39:04 [INFO] ✅ OpenInterestTracker stopped
20:39:04 [INFO] 🛑 Stopping InMemoryStateManager...
20:39:04 [INFO] ✅ InMemoryStateManager stopped
20:39:04 [INFO] 🔒 Closing database...
20:39:04 [INFO] 🖊️ Database write loop stopped
20:39:04 [INFO] ✅ Database closed
20:39:04 [INFO] ✅ X10 Adapter geschlossen.
20:39:04 [INFO] ✅ Lighter Adapter closed
20:39:04 [INFO] ✅ Bot V5 shutdown complete
