21:24:37 [INFO]  CONFIG VALIDIERUNG abgeschlossen.
21:24:37 [INFO] 🔥 BOT V5 (Architected) STARTING...
21:24:37 [INFO] 🚀 Starting InMemoryStateManager...
21:24:37 [INFO] 📂 Initializing database: data/trades.db
21:24:37 [INFO] ✅ Read pool created: 5 connections
21:24:37 [INFO] ✅ WAL mode enabled
21:24:37 [INFO] 🔄 Running database migrations...
21:24:37 [INFO] ✅ Migrations complete (11 statements)
21:24:37 [INFO] ✅ Database initialized
21:24:37 [INFO] 🖊️ Database write loop started
21:24:37 [INFO] 📂 Loaded 2 trades from database
21:24:37 [INFO] ✅ InMemoryStateManager started (loaded 2 trades)
21:24:37 [INFO] ✅ State Manager started
21:24:37 [INFO]  Telegram Bot disabled (Token/ChatID missing).
21:24:37 [INFO] ✅ Async database initialized
21:24:37 [INFO] 📝 State writer loop started
21:24:37 [DEBUG] ✅ Database schema up to date
21:24:37 [INFO] Initialisiere X10 Adapter...
21:24:37 [INFO]  X10 Account initialisiert.
21:24:37 [INFO] Initialisiere Lighter Adapter...
21:24:37 [INFO] 📊 Loading Market Data via REST...
21:24:37 [DEBUG] Sending GET https://api.starknet.extended.exchange/api/v1/info/markets?
21:24:39 [WARNING] ⚠️ Skipping ETH-USD: market_id=None (parsed=-1) invalid or >254
21:24:39 [INFO] ✅ Lighter: Loaded 115 markets (base data)
21:24:39 [DEBUG] Starting new HTTPS connection (1): mainnet.zklighter.elliot.ai:443
21:24:40 [DEBUG] https://mainnet.zklighter.elliot.ai:443 "GET /api/v1/nextNonce?account_index=60113&api_key_index=3 HTTP/1.1" 200 25
21:24:40 [INFO]  X10: 91 Märkte geladen, 91 Funding Rates, 78 Preise
21:24:42 [INFO] ✅ Lighter: Updated 115 markets with size_decimals from API
21:24:42 [INFO] 📊 MARKET ADA-USD: size_decimals=1, price_decimals=5, min_base_amount=10.0
21:24:42 [INFO] 📊 MARKET SEI-USD: size_decimals=1, price_decimals=5, min_base_amount=50.0
21:24:42 [INFO] 📊 MARKET RESOLV-USD: size_decimals=0, price_decimals=6, min_base_amount=40.0
21:24:42 [INFO] 📊 MARKET TIA-USD: size_decimals=1, price_decimals=5, min_base_amount=3.0
21:24:42 [INFO] ✅ Markets loaded: X10=91, Lighter=115
21:24:42 [INFO] 📈 Pre-loading Lighter prices...
21:24:42 [DEBUG] Lighter: Loaded 379 funding rates
21:24:43 [DEBUG] Lighter: Loaded 115 prices via REST
21:24:43 [INFO] ✅ Lighter prices loaded: 115 symbols
21:24:43 [INFO] 🔥 Warming up execution clients (Network Handshake)...
21:24:43 [DEBUG] Sending GET https://api.starknet.extended.exchange/api/v1/info/markets?
21:24:45 [INFO] ✅ Execution clients warmed up & NETWORK READY
21:24:45 [INFO] FundingPredictorV2 initialized with BTC Correlation
21:24:45 [INFO] 启动 OI Tracker für 67 Symbole...
21:24:45 [INFO] ✅ OpenInterestTracker started (interval=30.0s)
21:24:45 [INFO] 🌐 Starting WebSocket Manager...
21:24:45 [INFO] 📊 OI Tracker: Starting cycle 1 (67 symbols)
21:24:45 [INFO] 🔌 [lighter] WebSocket manager started
21:24:45 [INFO] 🔌 [x10_account] WebSocket manager started
21:24:45 [INFO] 🔌 [x10_trades] WebSocket manager started
21:24:45 [INFO] 🔌 [x10_funding] WebSocket manager started
21:24:45 [INFO] 🔌 [lighter] Connecting with kwargs: {'close_timeout': 5.0, 'max_size': 4194304, 'ping_interval': 20.0, 'ping_timeout': 10.0}
21:24:45 [INFO] 🔌 [x10_account] Connecting with kwargs: {'close_timeout': 5.0, 'max_size': 4194304, 'ping_interval': 15.0, 'additional_headers': {'X-Api-Key': 'a1c9207f79f0e57ddc454bf1e16dbe49', 'User-Agent': 'X10PythonTradingClient/0.4.5'}}
21:24:45 [INFO] 🔌 [x10_trades] Connecting with kwargs: {'close_timeout': 5.0, 'max_size': 4194304, 'ping_interval': 15.0, 'additional_headers': {'X-Api-Key': 'a1c9207f79f0e57ddc454bf1e16dbe49', 'User-Agent': 'X10PythonTradingClient/0.4.5'}}
21:24:45 [INFO] 🔌 [x10_funding] Connecting with kwargs: {'close_timeout': 5.0, 'max_size': 4194304, 'ping_interval': 15.0, 'additional_headers': {'X-Api-Key': 'a1c9207f79f0e57ddc454bf1e16dbe49', 'User-Agent': 'X10PythonTradingClient/0.4.5'}}
21:24:45 [INFO] ✅ WebSocketManager started (Lighter + X10 Account/Trades/Funding)
21:24:45 [DEBUG] ✅ TRX-USD: X10=$328,484, Lighter=$7,435,713, Total=$7,764,198
21:24:46 [INFO] ✅ [x10_account] Connected to wss://api.starknet.extended.exchange/stream.extended.exchange/v1/account
21:24:46 [INFO] ✅ [x10_account] Keepalive enabled: ping_interval=15.0s, ping_timeout=None (auto-pong)
21:24:46 [INFO] [x10_account] Receive loop started (async iterator)
21:24:46 [DEBUG] 💓 [x10_account] Heartbeat monitor started (library handles ping/pong)
21:24:46 [INFO] ✅ [x10_trades] Connected to wss://api.starknet.extended.exchange/stream.extended.exchange/v1/publicTrades
21:24:46 [INFO] ✅ [x10_trades] Keepalive enabled: ping_interval=15.0s, ping_timeout=None (auto-pong)
21:24:46 [INFO] [x10_trades] Receive loop started (async iterator)
21:24:46 [DEBUG] 💓 [x10_trades] Heartbeat monitor started (library handles ping/pong)
21:24:46 [INFO] ✅ [lighter] Connected to wss://mainnet.zklighter.elliot.ai/stream
21:24:46 [INFO] ✅ [lighter] Keepalive enabled: ping_interval=20.0s, ping_timeout=10.0s
21:24:46 [INFO] [lighter] Resubscribing to 75 channels (paced)...
21:24:46 [INFO] [lighter] Receive loop started (async iterator)
21:24:46 [DEBUG] 💓 [lighter] Heartbeat monitor started (library handles ping/pong)
21:24:46 [DEBUG] [lighter] Subscribed to order_book/1
21:24:46 [DEBUG] [lighter] Subscribed to trade/1
21:24:46 [INFO] ✅ [x10_funding] Connected to wss://api.starknet.extended.exchange/stream.extended.exchange/v1/funding
21:24:46 [INFO] ✅ [x10_funding] Keepalive enabled: ping_interval=15.0s, ping_timeout=None (auto-pong)
21:24:46 [INFO] [x10_funding] Receive loop started (async iterator)
21:24:46 [DEBUG] 💓 [x10_funding] Heartbeat monitor started (library handles ping/pong)
21:24:46 [DEBUG] [lighter] Subscribed to order_book/21
21:24:46 [DEBUG] [lighter] Subscribed to trade/21
21:24:46 [DEBUG] [lighter] Subscribed to order_book/31
21:24:46 [DEBUG] [lighter] Subscribed to trade/31
21:24:46 [DEBUG] [lighter] Subscribed to order_book/29
21:24:46 [DEBUG] [lighter] Subscribed to trade/29
21:24:46 [DEBUG] [lighter] Resubscribed 10/75 channels
21:24:46 [DEBUG] [lighter] Subscribed to order_book/55
21:24:46 [DEBUG] [lighter] Subscribed to trade/55
21:24:46 [DEBUG] [lighter] Subscribed to order_book/15
21:24:46 [DEBUG] [lighter] Subscribed to trade/15
21:24:46 [DEBUG] [lighter] Subscribed to order_book/98
21:24:46 [DEBUG] [lighter] Subscribed to trade/98
21:24:46 [DEBUG] [lighter] Resubscribed 20/75 channels
21:24:46 [DEBUG] [lighter] Subscribed to order_book/35
21:24:46 [DEBUG] [lighter] Subscribed to trade/35
21:24:46 [DEBUG] [lighter] Subscribed to order_book/104
21:24:46 [DEBUG] [lighter] Subscribed to trade/104
21:24:46 [DEBUG] [lighter] Subscribed to order_book/63
21:24:46 [DEBUG] [lighter] Subscribed to trade/63
21:24:46 [DEBUG] [lighter] Resubscribed 30/75 channels
21:24:46 [DEBUG] [lighter] Subscribed to order_book/76
21:24:46 [DEBUG] [lighter] Subscribed to trade/76
21:24:46 [DEBUG] [lighter] Subscribed to order_book/51
21:24:46 [DEBUG] [lighter] Subscribed to trade/51
21:24:46 [DEBUG] [lighter] Subscribed to order_book/92
21:24:46 [DEBUG] [lighter] Subscribed to trade/92
21:24:46 [DEBUG] [lighter] Resubscribed 40/75 channels
21:24:46 [DEBUG] [lighter] Subscribed to order_book/33
21:24:46 [DEBUG] [lighter] Subscribed to trade/33
21:24:46 [DEBUG] [lighter] Subscribed to order_book/49
21:24:46 [DEBUG] [lighter] Subscribed to trade/49
21:24:46 [DEBUG] [lighter] Subscribed to order_book/93
21:24:46 [DEBUG] [lighter] Subscribed to trade/93
21:24:46 [DEBUG] [lighter] Resubscribed 50/75 channels
21:24:46 [DEBUG] [lighter] Subscribed to order_book/18
21:24:46 [DEBUG] [lighter] Subscribed to trade/18
21:24:46 [DEBUG] [lighter] Subscribed to order_book/42
21:24:46 [DEBUG] [lighter] Subscribed to trade/42
21:24:46 [DEBUG] [lighter] Subscribed to order_book/17
21:24:46 [DEBUG] [lighter] Subscribed to trade/17
21:24:46 [DEBUG] [lighter] Subscribed to order_book/45
21:24:46 [DEBUG] [lighter] Subscribed to trade/45
21:24:46 [DEBUG] [lighter] Subscribed to order_book/40
21:24:46 [DEBUG] [lighter] Subscribed to trade/40
21:24:46 [DEBUG] [lighter] Resubscribed 60/75 channels
21:24:46 [DEBUG] [lighter] Subscribed to order_book/13
21:24:46 [DEBUG] [lighter] Subscribed to trade/13
21:24:46 [DEBUG] [lighter] Subscribed to order_book/83
21:24:46 [DEBUG] [lighter] Subscribed to trade/83
21:24:46 [DEBUG] [lighter] Subscribed to order_book/4
21:24:46 [DEBUG] [lighter] Subscribed to trade/4
21:24:46 [DEBUG] [lighter] Subscribed to order_book/71
21:24:46 [DEBUG] [lighter] Subscribed to trade/71
21:24:46 [DEBUG] [lighter] Resubscribed 70/75 channels
21:24:46 [DEBUG] [lighter] Subscribed to order_book/11
21:24:46 [DEBUG] [lighter] Subscribed to trade/11
21:24:46 [INFO] [lighter] Resubscribed to 75 channels
21:24:47 [DEBUG] [lighter] Subscribed to order_book/6
21:24:47 [DEBUG] [lighter] Subscribed to trade/6
21:24:47 [DEBUG] [lighter] Subscribed to order_book/52
21:24:47 [DEBUG] [lighter] Subscribed to trade/52
21:24:47 [DEBUG] [lighter] Subscribed to order_book/43
21:24:47 [DEBUG] [lighter] Subscribed to trade/43
21:24:47 [DEBUG] [lighter] Subscribed to order_book/58
21:24:47 [DEBUG] [lighter] Subscribed to trade/58
21:24:47 [INFO] [x10] Connected to Firehose streams (Trades & Funding) for all markets.
21:24:47 [INFO] 🔗 Components Wired: WS -> OI Tracker -> Prediction
21:24:47 [INFO] 🧟 Starte Zombie-Check: Vergleiche DB mit echten Positionen...
21:24:47 [INFO] 🔍 DB meldet 2 offene Trades. Prüfe Exchange...
21:24:47 [DEBUG] Sending GET https://api.starknet.extended.exchange/api/v1/user/positions?
21:24:48 [INFO] Lighter: Found 0 open positions
21:24:48 [INFO] 🌍 Echte Positionen auf Exchanges: []
21:24:48 [WARNING] ⚠️  ZOMBIE GEFUNDEN: APEX-USD ist in DB offen, aber nicht auf Exchange. Schließe ihn...
21:24:48 [INFO] ✅ Trade APEX-USD closed (PnL: $0.00)
21:24:48 [WARNING] ⚠️  ZOMBIE GEFUNDEN: IP-USD ist in DB offen, aber nicht auf Exchange. Schließe ihn...
21:24:48 [INFO] ✅ Trade IP-USD closed (PnL: $0.00)
21:24:48 [INFO] ✅ ParallelExecutionManager: Rollback processor started
21:24:48 [INFO] ✅ ParallelExecutionManager started
21:24:48 [INFO] 📝 Registered task: logic_loop (critical=True)
21:24:48 [INFO] 📝 Registered task: trade_management_loop (critical=True)
21:24:48 [INFO] 📝 Registered task: farm_loop (critical=False)
21:24:48 [INFO] 📝 Registered task: maintenance_loop (critical=False)
21:24:48 [INFO] 📝 Registered task: cleanup_finished_tasks (critical=False)
21:24:48 [INFO] 📝 Registered task: health_reporter (critical=False)
21:24:48 [INFO] 📝 Registered task: connection_watchdog (critical=True)
21:24:48 [INFO] ✅ Signal handlers installed (SIGINT, SIGTERM)
21:24:48 [INFO] ▶️  Started task: logic_loop
21:24:48 [INFO] ▶️  Started task: trade_management_loop
21:24:48 [INFO] ▶️  Started task: farm_loop
21:24:48 [INFO] ▶️  Started task: maintenance_loop
21:24:48 [INFO] ▶️  Started task: cleanup_finished_tasks
21:24:48 [INFO] ▶️  Started task: health_reporter
21:24:48 [INFO] ▶️  Started task: connection_watchdog
21:24:48 [INFO] 🚀 Started 7 tasks
21:24:48 [INFO] ═══════════════════════════════════════════════════════════
21:24:48 [INFO]    BOT V5 RUNNING 24/7 - SUPERVISED | Ctrl+C = Stop   
21:24:48 [INFO] ═══════════════════════════════════════════════════════════
21:24:48 [INFO] 🔄 Rollback processor running...
21:24:48 [INFO] Logic Loop gestartet – REFRESH alle 3s
21:24:48 [INFO] ⚡ Latency Arb Detector initialized (threshold: 1.0s)
21:24:48 [INFO] 🔍 🚜 FARM Scanning 67 pairs. Open symbols to skip: set()
21:24:48 [DEBUG] Price cache status: X10=67/67, Lighter=66/67
21:24:48 [INFO] 🔍 Scanning 67 pairs. Lighter markets: 115, X10 markets: 91
21:24:48 [INFO] 🛡️ Trade Management Loop gestartet
21:24:48 [INFO] 🚜 Farm Mode ACTIVE
21:24:48 [DEBUG] Sending GET https://api.starknet.extended.exchange/api/v1/user/balance
21:24:48 [DEBUG] 📊 X10 Funding Cache refresh (current=91)
21:24:48 [INFO] 🐕 Connection Watchdog gestartet (Timeout: 120s)
21:24:48 [INFO] 🔍 Supervisor loop started
21:24:48 [DEBUG] 📝 Flushed 1 writes
21:24:48 [DEBUG] 📝 Flushed 1 writes in 0.0ms
21:24:48 [DEBUG] Sending GET https://api.starknet.extended.exchange/api/v1/info/markets?
21:24:48 [DEBUG] MKR-USD: Missing prices (X=1663.9, L=None)
21:24:48 [INFO] ✅ Found 0 opportunities with predictions (farm_mode=True)
21:24:48 [INFO] ⚠️ Keine Prediction-Opportunities, nutze Fallback mit echten Funding Rates...
21:24:48 [INFO]  Volatility Monitor initialized: Low<3.0%, Normal<10.0%, High<20.0%, Hard Cap<50.0%
21:24:48 [DEBUG] Skip APEX-USD: Spread 0.60% too high
21:24:48 [DEBUG] Skip EDEN-USD: Spread 0.71% too high
21:24:48 [DEBUG] Skip TIA-USD: Spread 0.61% too high
21:24:48 [DEBUG] Skip AVNT-USD: Spread 0.30% too high
21:24:48 [DEBUG] Skip IP-USD: Spread 0.47% too high
21:24:48 [DEBUG] Skip MNT-USD: Spread 0.67% too high
21:24:48 [DEBUG] Skip LINEA-USD: Spread 0.30% too high
21:24:48 [DEBUG] ⛔ Skip XAU-USD: TradFi/FX
21:24:48 [DEBUG] Skip KAITO-USD: Spread 0.36% too high
21:24:48 [DEBUG] ⛔ Skip XAG-USD: TradFi/FX
21:24:48 [DEBUG] ⛔ Skip SPX-USD: TradFi/FX
21:24:48 [INFO] ✅ Found 21 opportunities from 63 valid pairs (farm_mode=True, scanned=67)
21:24:48 [INFO] 🎯 Found 3 opportunities, executing best...
21:24:48 [DEBUG] Sending GET https://api.starknet.extended.exchange/api/v1/user/balance
21:24:49 [DEBUG] [x10_trades] Firehose stream - no subscription needed
21:24:49 [DEBUG] [x10_funding] Firehose stream - no subscription needed
21:24:49 [DEBUG] Lighter Balance: Raw=$294.67, Safe=$279.94
21:24:49 [INFO] 🚜 Opening FARM: MON-USD APY=14.0%
21:24:49 [DEBUG] Sending GET https://api.starknet.extended.exchange/api/v1/user/positions?
21:24:49 [DEBUG] Lighter Balance: Raw=$294.67, Safe=$279.94
21:24:49 [INFO] X10: Detected balance = $299.83
21:24:49 [INFO] 🚀 Launching 2 trades (Slots available: 2)
21:24:49 [DEBUG] Sending GET https://api.starknet.extended.exchange/api/v1/user/positions?
21:24:50 [INFO] Lighter: Found 0 open positions
21:24:50 [DEBUG] ✅ MON-USD verified: No existing positions on exchanges
21:24:50 [DEBUG] MIN_NOTIONAL MON-USD: min_base=50.00000000 coins, price=$0.0308, min_qty_usd=$1.54, min_notional_api=$10.00, final=$11.00
21:24:50 [DEBUG] Sending GET https://api.starknet.extended.exchange/api/v1/user/balance
21:24:50 [DEBUG] ✅ MON-USD: X10=$308,494, Lighter=$230,908,477, Total=$231,216,971
21:24:50 [INFO] 🎲 KellyPositionSizer initialized (Safety=0.25, MaxFraction=0.1)
21:24:50 [INFO] 🎰 KELLY MON-USD: win_rate=80.0%, kelly_fraction=0.6000, safe_fraction=0.0500, confidence=LOW, samples=0
21:24:50 [INFO] 📊 KELLY SIZE MON-USD: base=$30.0, kelly_recommended=$14.0, final=$30.0
21:24:50 [INFO] 🚀 Opening MON-USD: Size=$30.0 (Min=$11.0)
21:24:50 [INFO] 🔄 [PARALLEL] MON-USD: Lighter POST-ONLY first
21:24:50 [INFO] 🚀 LIGHTER OPEN MON-USD: side=SELL, size_usd=$30.00, price=$0.030760
21:24:50 [DEBUG] 🔍 DEBUG: MON-USD market_id = 91 (raw=91, type=<class 'int'>)
21:24:50 [DEBUG] QUANTIZE MON-USD: USD=30.00, coins=975.292588, raw=9753, lot_size=500, final=9500
21:24:50 [INFO] 🔄 [PARALLEL] MON-USD: X10 MARKET order
21:24:50 [DEBUG] Create Order Tx Info: {"AccountIndex":60113,"ApiKeyIndex":3,"MarketIndex":91,"ClientOrderIndex":1764707171408,"BaseAmount":9500,"Price":3057,"IsAsk":1,"Type":0,"TimeInForce":1,"ReduceOnly":0,"TriggerPrice":0,"OrderExpiry":1767126290566,"ExpiredAt":1764707689566,"Nonce":2231,"Sig":"7rM6RgkXodpl2ILVwBQzPhn2Ap8XXhuP033aUtMQqM6t04Qd92E3C1lQrVr5HovnQD+Z39v4XTCT1CDW60P0xIw2nRU8FX+m/bEq++XhPzA="}
21:24:50 [DEBUG] 📝 Flushed 1 writes
21:24:50 [DEBUG] 📝 Flushed 1 writes in 0.0ms
21:24:50 [DEBUG] Sending GET https://api.starknet.extended.exchange/api/v1/info/markets?
21:24:50 [INFO] Lighter: Found 0 open positions
21:24:50 [INFO] 💰 Balance: X10=$299.8 (free=$265.3), Lit=$279.9 (free=$245.4) | DB_Trades=0, Real_Positions=0, Locked=$0/ex
21:24:50 [INFO] 🚀 Launching trade for BERA-USD (APY=45.6%)
21:24:50 [DEBUG] Sending GET https://api.starknet.extended.exchange/api/v1/user/positions?
21:24:50 [INFO]  X10: 91 Märkte geladen, 91 Funding Rates, 82 Preise
21:24:50 [DEBUG] X10: Funding Refresh OK, cache=91
21:24:50 [DEBUG] 📊 Lighter Funding Cache refresh (current=115)
21:24:50 [DEBUG] Create Order Send Tx Response: code=200 message='{"ratelimit": "didn\'t use volume quota"}' tx_hash='3d5909600afc2792a5785201d86cceda954c805b876c664de04aa0bbbfc1f8336801960054c4467d' predicted_execution_time_ms=1764707082496 additional_properties={}
21:24:50 [INFO] Lighter Order: 3d5909600afc2792a5785201d86cceda954c805b876c664de04aa0bbbfc1f8336801960054c4467d
21:24:50 [DEBUG] Lighter: Loaded 379 funding rates
21:24:51 [DEBUG] Placing an order: id=506305927024643490868037805890641408766231655440782706029080325683395225281
21:24:51 [DEBUG] Sending POST https://api.starknet.extended.exchange/api/v1/user/order, headers={<RequestHeader.ACCEPT: 'Accept'>: 'application/json', <RequestHeader.CONTENT_TYPE: 'Content-Type'>: 'application/json', <RequestHeader.USER_AGENT: 'User-Agent'>: 'X10PythonTradingClient/0.0.17', <RequestHeader.API_KEY: 'X-Api-Key'>: 'a1c9207f79f0e57ddc454bf1e16dbe49'}
21:24:51 [INFO] 🚀 Launching trade for FARTCOIN-USD (APY=42.0%)
21:24:51 [DEBUG] Sending GET https://api.starknet.extended.exchange/api/v1/user/positions?
21:24:51 [INFO] Lighter: Found 1 open positions
21:24:51 [DEBUG] ✅ BERA-USD verified: No existing positions on exchanges
21:24:51 [DEBUG] MIN_NOTIONAL BERA-USD: min_base=3.00000000 coins, price=$0.9049, min_qty_usd=$2.71, min_notional_api=$10.00, final=$11.00
21:24:51 [DEBUG] Sending GET https://api.starknet.extended.exchange/api/v1/user/balance
21:24:51 [INFO] ✅ Launched 2 trade tasks this cycle
21:24:51 [DEBUG] Lighter: Loaded 115 prices via REST
21:24:51 [DEBUG] Lighter: Funding Refresh OK, cache=115
21:24:51 [INFO] 🎰 KELLY BERA-USD: win_rate=80.0%, kelly_fraction=0.6000, safe_fraction=0.0500, confidence=LOW, samples=0
21:24:51 [INFO] 📊 KELLY SIZE BERA-USD: base=$30.0, kelly_recommended=$12.4, final=$30.0
21:24:51 [INFO] 🚀 Opening BERA-USD: Size=$30.0 (Min=$11.0)
21:24:51 [INFO] 🔄 [PARALLEL] BERA-USD: Lighter POST-ONLY first
21:24:51 [INFO] 🚀 LIGHTER OPEN BERA-USD: side=SELL, size_usd=$30.00, price=$0.902160
21:24:51 [DEBUG] 🔍 DEBUG: BERA-USD market_id = 20 (raw=20, type=<class 'int'>)
21:24:51 [DEBUG] QUANTIZE BERA-USD: USD=30.00, coins=33.253525, raw=333, lot_size=30, final=330
21:24:51 [INFO] 🔄 [PARALLEL] BERA-USD: X10 MARKET order
21:24:51 [DEBUG] Create Order Tx Info: {"AccountIndex":60113,"ApiKeyIndex":3,"MarketIndex":20,"ClientOrderIndex":1764707182931,"BaseAmount":330,"Price":89674,"IsAsk":1,"Type":0,"TimeInForce":1,"ReduceOnly":0,"TriggerPrice":0,"OrderExpiry":1767126291878,"ExpiredAt":1764707690878,"Nonce":2232,"Sig":"7gyoUgeJ7ADzr8+7eSKvNo+I00ChHi5SS2lsD2jmsETeqhhRYnE0XlDUZClRdEEyeQxhdy2dQRgfPQ32n66+IdhPNLFntYi0OTHuVvhX904="}
21:24:51 [DEBUG] Placing an order: id=1992259806137778538200181844397600309807370850484535223316646641812452182364
21:24:51 [DEBUG] Sending POST https://api.starknet.extended.exchange/api/v1/user/order, headers={<RequestHeader.ACCEPT: 'Accept'>: 'application/json', <RequestHeader.CONTENT_TYPE: 'Content-Type'>: 'application/json', <RequestHeader.USER_AGENT: 'User-Agent'>: 'X10PythonTradingClient/0.0.17', <RequestHeader.API_KEY: 'X-Api-Key'>: 'a1c9207f79f0e57ddc454bf1e16dbe49'}
21:24:52 [INFO]  X10 Order: 1995952289537327104
21:24:52 [INFO] ✅ [PARALLEL] MON-USD: Both legs filled in 1547ms
21:24:52 [DEBUG] 📝 Trade added to state: MON-USD
21:24:52 [DEBUG] 🧹 Cleaned task: MON-USD
21:24:52 [DEBUG] 📝 Flushed 1 writes
21:24:52 [DEBUG] 📝 Flushed 1 writes in 0.0ms
21:24:52 [DEBUG] Create Order Send Tx Response: code=200 message='{"ratelimit": "didn\'t use volume quota"}' tx_hash='a27f27325c714665500576684c8985d092986511f34d72b48ef18d5bd63ab09fe03462d190e92187' predicted_execution_time_ms=1764707083810 additional_properties={}
21:24:52 [INFO] Lighter Order: a27f27325c714665500576684c8985d092986511f34d72b48ef18d5bd63ab09fe03462d190e92187
21:24:52 [INFO] 🔍 Running periodic exchange sync check...
21:24:52 [INFO] 🔍 Starting Exchange Sync Check...
21:24:52 [DEBUG] Sending GET https://api.starknet.extended.exchange/api/v1/user/positions?
21:24:52 [DEBUG] Fetching fresh positions (force=False, cache_age=1764707092.6s)
21:24:52 [DEBUG] Sending GET https://api.starknet.extended.exchange/api/v1/user/positions?
21:24:52 [INFO] Lighter: Found 2 open positions
21:24:52 [DEBUG] ✅ FARTCOIN-USD verified: No existing positions on exchanges
21:24:52 [DEBUG] MIN_NOTIONAL FARTCOIN-USD: min_base=20.00000000 coins, price=$0.3416, min_qty_usd=$6.83, min_notional_api=$10.00, final=$11.00
21:24:52 [DEBUG] Sending GET https://api.starknet.extended.exchange/api/v1/user/balance
21:24:52 [INFO]  X10 Order: 1995952292893024256
21:24:52 [INFO] ✅ [PARALLEL] BERA-USD: Both legs filled in 1047ms
21:24:52 [DEBUG] 📝 Trade added to state: BERA-USD
21:24:52 [INFO] Lighter: Found 2 open positions
21:24:52 [INFO] 🔒 Skipping sync check for BERA-USD (Execution in progress)
21:24:53 [INFO] Lighter: Found 2 open positions
21:24:53 [INFO] 📊 Positions: X10=1, Lighter=2
21:24:53 [DEBUG] X10 positions: ['MON-USD']
21:24:53 [DEBUG] Lighter positions: ['BERA-USD', 'MON-USD']
21:24:53 [INFO] 🔍 DEBUG MON-USD: entry_time type=<class 'str'>, value=2025-12-02T20:24:52.112396+00:00
21:24:53 [DEBUG] Check MON-USD: Age=0.9s (Limit=60s)
21:24:53 [DEBUG] Lighter Balance: Raw=$294.66, Safe=$279.92
21:24:53 [INFO] 🎰 KELLY FARTCOIN-USD: win_rate=80.0%, kelly_fraction=0.6000, safe_fraction=0.0500, confidence=LOW, samples=0
21:24:53 [INFO] 📊 KELLY SIZE FARTCOIN-USD: base=$30.0, kelly_recommended=$12.4, final=$30.0
21:24:53 [INFO] 🚀 Opening FARTCOIN-USD: Size=$30.0 (Min=$11.0)
21:24:53 [INFO] 🔄 [PARALLEL] FARTCOIN-USD: Lighter POST-ONLY first
21:24:53 [INFO] 🚀 LIGHTER OPEN FARTCOIN-USD: side=SELL, size_usd=$30.00, price=$0.341620
21:24:53 [DEBUG] 🔍 DEBUG: FARTCOIN-USD market_id = 21 (raw=21, type=<class 'int'>)
21:24:53 [DEBUG] QUANTIZE FARTCOIN-USD: USD=30.00, coins=87.816873, raw=878, lot_size=200, final=800
21:24:53 [INFO] 🔄 [PARALLEL] FARTCOIN-USD: X10 MARKET order
21:24:53 [DEBUG] Create Order Tx Info: {"AccountIndex":60113,"ApiKeyIndex":3,"MarketIndex":21,"ClientOrderIndex":1764707172169,"BaseAmount":800,"Price":33957,"IsAsk":1,"Type":0,"TimeInForce":1,"ReduceOnly":0,"TriggerPrice":0,"OrderExpiry":1767126293934,"ExpiredAt":1764707692934,"Nonce":2233,"Sig":"UoOHlrr95fi70SQdDgfAWMGNf6Rzd+mU8Fah/UEPr210YFUbJBK6QPKOJIcz6wGvbN90+X/c/kMIl+alX1a+wl0Zayl7BKZAHGDKJsaq+A0="}
21:24:53 [DEBUG] Placing an order: id=3545846086953246051517169169376221475426292835982273216439032778022956756767
21:24:53 [DEBUG] Sending POST https://api.starknet.extended.exchange/api/v1/user/order, headers={<RequestHeader.ACCEPT: 'Accept'>: 'application/json', <RequestHeader.CONTENT_TYPE: 'Content-Type'>: 'application/json', <RequestHeader.USER_AGENT: 'User-Agent'>: 'X10PythonTradingClient/0.0.17', <RequestHeader.API_KEY: 'X-Api-Key'>: 'a1c9207f79f0e57ddc454bf1e16dbe49'}
21:24:53 [DEBUG] 📝 Flushed 1 writes
21:24:53 [DEBUG] 📝 Flushed 1 writes in 0.0ms
21:24:54 [DEBUG] Using cached positions (age: 1.5s)
21:24:54 [INFO] 🔍 DEBUG MON-USD: entry_time type=<class 'str'>, value=2025-12-02T20:24:52.112396+00:00
21:24:54 [DEBUG] Check MON-USD: Age=1.9s (Limit=60s)
21:24:54 [INFO] 🔍 DEBUG BERA-USD: entry_time type=<class 'str'>, value=2025-12-02T20:24:52.911966+00:00
21:24:54 [DEBUG] Check BERA-USD: Age=1.1s (Limit=60s)
21:24:54 [INFO]  X10 Order: 1995952298275688448
21:24:54 [DEBUG] ✅ JUP-USD: X10=$224,567, Lighter=$3,590,208, Total=$3,814,775
21:24:54 [DEBUG] Create Order Send Tx Response: code=200 message='{"ratelimit": "didn\'t use volume quota"}' tx_hash='1a0005ee6657997d6b959bc2492008668a7d9570d2166013fee2074eca405f9aa846439e109d04ca' predicted_execution_time_ms=1764707085870 additional_properties={}
21:24:54 [INFO] Lighter Order: 1a0005ee6657997d6b959bc2492008668a7d9570d2166013fee2074eca405f9aa846439e109d04ca
21:24:54 [INFO] ✅ [PARALLEL] FARTCOIN-USD: Both legs filled in 313ms
21:24:54 [DEBUG] 📝 Trade added to state: FARTCOIN-USD
21:24:54 [DEBUG] MAX_OPEN_TRADES (3) reached, waiting...
21:24:55 [DEBUG] Using cached positions (age: 2.4s)
21:24:55 [INFO] 🔍 DEBUG MON-USD: entry_time type=<class 'str'>, value=2025-12-02T20:24:52.112396+00:00
21:24:55 [DEBUG] Check MON-USD: Age=2.9s (Limit=60s)
21:24:55 [INFO] 🔍 DEBUG BERA-USD: entry_time type=<class 'str'>, value=2025-12-02T20:24:52.911966+00:00
21:24:55 [DEBUG] Check BERA-USD: Age=2.1s (Limit=60s)
21:24:55 [INFO] 🔍 DEBUG FARTCOIN-USD: entry_time type=<class 'str'>, value=2025-12-02T20:24:54.211366+00:00
21:24:55 [DEBUG] Check FARTCOIN-USD: Age=0.8s (Limit=60s)
21:24:55 [DEBUG] 📝 Flushed 1 writes
21:24:55 [DEBUG] 📝 Flushed 1 writes in 0.0ms
21:24:56 [DEBUG] Using cached positions (age: 3.5s)
21:24:56 [INFO] 🔍 DEBUG MON-USD: entry_time type=<class 'str'>, value=2025-12-02T20:24:52.112396+00:00
21:24:56 [DEBUG] Check MON-USD: Age=3.9s (Limit=60s)
21:24:56 [INFO] 🔍 DEBUG BERA-USD: entry_time type=<class 'str'>, value=2025-12-02T20:24:52.911966+00:00
21:24:56 [DEBUG] Check BERA-USD: Age=3.1s (Limit=60s)
21:24:56 [INFO] 🔍 DEBUG FARTCOIN-USD: entry_time type=<class 'str'>, value=2025-12-02T20:24:54.211366+00:00
21:24:56 [DEBUG] Check FARTCOIN-USD: Age=1.8s (Limit=60s)
21:24:56 [DEBUG] 💓 [x10_account] Alive (uptime=10s, last_msg=2s ago)
21:24:56 [DEBUG] 💓 [x10_trades] Alive (uptime=10s, last_msg=1s ago)
21:24:56 [DEBUG] 💓 [lighter] Alive (uptime=10s, last_msg=0s ago)
21:24:56 [DEBUG] 💓 [x10_funding] Alive (uptime=10s, waiting for first message)
21:24:57 [DEBUG] Using cached positions (age: 4.5s)
21:24:57 [INFO] 🔍 DEBUG MON-USD: entry_time type=<class 'str'>, value=2025-12-02T20:24:52.112396+00:00
21:24:57 [DEBUG] Check MON-USD: Age=4.9s (Limit=60s)
21:24:57 [INFO] 🔍 DEBUG BERA-USD: entry_time type=<class 'str'>, value=2025-12-02T20:24:52.911966+00:00
21:24:57 [DEBUG] Check BERA-USD: Age=4.1s (Limit=60s)
21:24:57 [INFO] 🔍 DEBUG FARTCOIN-USD: entry_time type=<class 'str'>, value=2025-12-02T20:24:54.211366+00:00
21:24:57 [DEBUG] Check FARTCOIN-USD: Age=2.8s (Limit=60s)
21:24:57 [DEBUG] MAX_OPEN_TRADES (3) reached, waiting...
21:24:57 [DEBUG] ✅ DOGE-USD: X10=$251,257, Lighter=$19,969,620, Total=$20,220,877
21:24:58 [DEBUG] Fetching fresh positions (force=False, cache_age=5.5s)
21:24:58 [DEBUG] Sending GET https://api.starknet.extended.exchange/api/v1/user/positions?
21:24:58 [INFO] Lighter: Found 3 open positions
21:24:58 [INFO] 📊 Positions: X10=3, Lighter=3
21:24:58 [DEBUG] X10 positions: ['FARTCOIN-USD', 'BERA-USD', 'MON-USD']
21:24:58 [DEBUG] Lighter positions: ['BERA-USD', 'FARTCOIN-USD', 'MON-USD']
21:24:58 [INFO] 🔍 DEBUG MON-USD: entry_time type=<class 'str'>, value=2025-12-02T20:24:52.112396+00:00
21:24:58 [DEBUG] Check MON-USD: Age=6.4s (Limit=60s)
21:24:58 [INFO] 🔍 DEBUG BERA-USD: entry_time type=<class 'str'>, value=2025-12-02T20:24:52.911966+00:00
21:24:58 [DEBUG] Check BERA-USD: Age=5.6s (Limit=60s)
21:24:58 [INFO] 🔍 DEBUG FARTCOIN-USD: entry_time type=<class 'str'>, value=2025-12-02T20:24:54.211366+00:00
21:24:58 [DEBUG] Check FARTCOIN-USD: Age=4.3s (Limit=60s)
21:24:59 [DEBUG] Using cached positions (age: 1.5s)
21:24:59 [INFO] 🔍 DEBUG MON-USD: entry_time type=<class 'str'>, value=2025-12-02T20:24:52.112396+00:00
21:24:59 [DEBUG] Check MON-USD: Age=7.4s (Limit=60s)
21:24:59 [INFO] 🔍 DEBUG BERA-USD: entry_time type=<class 'str'>, value=2025-12-02T20:24:52.911966+00:00
21:24:59 [DEBUG] Check BERA-USD: Age=6.6s (Limit=60s)
21:24:59 [INFO] 🔍 DEBUG FARTCOIN-USD: entry_time type=<class 'str'>, value=2025-12-02T20:24:54.211366+00:00
21:24:59 [DEBUG] Check FARTCOIN-USD: Age=5.3s (Limit=60s)
21:25:00 [DEBUG] Using cached positions (age: 2.4s)
21:25:00 [INFO] 🔍 DEBUG MON-USD: entry_time type=<class 'str'>, value=2025-12-02T20:24:52.112396+00:00
21:25:00 [DEBUG] Check MON-USD: Age=8.4s (Limit=60s)
21:25:00 [INFO] 🔍 DEBUG BERA-USD: entry_time type=<class 'str'>, value=2025-12-02T20:24:52.911966+00:00
21:25:00 [DEBUG] Check BERA-USD: Age=7.6s (Limit=60s)
21:25:00 [INFO] 🔍 DEBUG FARTCOIN-USD: entry_time type=<class 'str'>, value=2025-12-02T20:24:54.211366+00:00
21:25:00 [DEBUG] Check FARTCOIN-USD: Age=6.3s (Limit=60s)
21:25:00 [DEBUG] MAX_OPEN_TRADES (3) reached, waiting...
21:25:01 [DEBUG] Using cached positions (age: 3.5s)
21:25:01 [INFO] 🔍 DEBUG MON-USD: entry_time type=<class 'str'>, value=2025-12-02T20:24:52.112396+00:00
21:25:01 [DEBUG] Check MON-USD: Age=9.4s (Limit=60s)
21:25:01 [INFO] 🔍 DEBUG BERA-USD: entry_time type=<class 'str'>, value=2025-12-02T20:24:52.911966+00:00
21:25:01 [DEBUG] Check BERA-USD: Age=8.6s (Limit=60s)
21:25:01 [INFO] 🔍 DEBUG FARTCOIN-USD: entry_time type=<class 'str'>, value=2025-12-02T20:24:54.211366+00:00
21:25:01 [DEBUG] Check FARTCOIN-USD: Age=7.3s (Limit=60s)
21:25:01 [DEBUG] ✅ SUI-USD: X10=$901,829, Lighter=$2,192,191, Total=$3,094,020
21:25:02 [DEBUG] Using cached positions (age: 4.5s)
21:25:02 [INFO] 🔍 DEBUG MON-USD: entry_time type=<class 'str'>, value=2025-12-02T20:24:52.112396+00:00
21:25:02 [DEBUG] Check MON-USD: Age=10.4s (Limit=60s)
21:25:02 [INFO] 🔍 DEBUG BERA-USD: entry_time type=<class 'str'>, value=2025-12-02T20:24:52.911966+00:00
21:25:02 [DEBUG] Check BERA-USD: Age=9.6s (Limit=60s)
21:25:02 [INFO] 🔍 DEBUG FARTCOIN-USD: entry_time type=<class 'str'>, value=2025-12-02T20:24:54.211366+00:00
21:25:02 [DEBUG] Check FARTCOIN-USD: Age=8.3s (Limit=60s)
21:25:03 [DEBUG] Fetching fresh positions (force=False, cache_age=5.5s)
21:25:03 [DEBUG] Sending GET https://api.starknet.extended.exchange/api/v1/user/positions?
21:25:03 [DEBUG] MAX_OPEN_TRADES (3) reached, waiting...
21:25:03 [INFO] Lighter: Found 3 open positions
21:25:03 [INFO] 📊 Positions: X10=3, Lighter=3
21:25:03 [DEBUG] X10 positions: ['FARTCOIN-USD', 'BERA-USD', 'MON-USD']
21:25:03 [DEBUG] Lighter positions: ['BERA-USD', 'FARTCOIN-USD', 'MON-USD']
21:25:03 [INFO] 🔍 DEBUG MON-USD: entry_time type=<class 'str'>, value=2025-12-02T20:24:52.112396+00:00
21:25:03 [DEBUG] Check MON-USD: Age=11.8s (Limit=60s)
21:25:03 [INFO] 🔍 DEBUG BERA-USD: entry_time type=<class 'str'>, value=2025-12-02T20:24:52.911966+00:00
21:25:03 [DEBUG] Check BERA-USD: Age=11.0s (Limit=60s)
21:25:03 [INFO] 🔍 DEBUG FARTCOIN-USD: entry_time type=<class 'str'>, value=2025-12-02T20:24:54.211366+00:00
21:25:03 [DEBUG] Check FARTCOIN-USD: Age=9.7s (Limit=60s)
21:25:04 [DEBUG] Using cached positions (age: 1.5s)
21:25:04 [INFO] 🔍 DEBUG MON-USD: entry_time type=<class 'str'>, value=2025-12-02T20:24:52.112396+00:00
21:25:04 [DEBUG] Check MON-USD: Age=12.8s (Limit=60s)
21:25:04 [INFO] 🔍 DEBUG BERA-USD: entry_time type=<class 'str'>, value=2025-12-02T20:24:52.911966+00:00
21:25:04 [DEBUG] Check BERA-USD: Age=12.1s (Limit=60s)
21:25:04 [INFO] 🔍 DEBUG FARTCOIN-USD: entry_time type=<class 'str'>, value=2025-12-02T20:24:54.211366+00:00
21:25:04 [DEBUG] Check FARTCOIN-USD: Age=10.8s (Limit=60s)
21:25:05 [DEBUG] Using cached positions (age: 2.5s)
21:25:05 [INFO] 🔍 DEBUG MON-USD: entry_time type=<class 'str'>, value=2025-12-02T20:24:52.112396+00:00
21:25:05 [DEBUG] Check MON-USD: Age=13.9s (Limit=60s)
21:25:05 [INFO] 🔍 DEBUG BERA-USD: entry_time type=<class 'str'>, value=2025-12-02T20:24:52.911966+00:00
21:25:05 [DEBUG] Check BERA-USD: Age=13.1s (Limit=60s)
21:25:05 [INFO] 🔍 DEBUG FARTCOIN-USD: entry_time type=<class 'str'>, value=2025-12-02T20:24:54.211366+00:00
21:25:05 [DEBUG] Check FARTCOIN-USD: Age=11.8s (Limit=60s)
21:25:06 [DEBUG] 💓 [x10_account] Alive (uptime=20s, last_msg=12s ago)
21:25:06 [DEBUG] 💓 [lighter] Alive (uptime=20s, last_msg=0s ago)
21:25:06 [DEBUG] 💓 [x10_funding] Alive (uptime=20s, last_msg=5s ago)
21:25:06 [DEBUG] 💓 [x10_trades] Alive (uptime=20s, last_msg=2s ago)
21:25:06 [DEBUG] MAX_OPEN_TRADES (3) reached, waiting...
21:25:06 [DEBUG] Using cached positions (age: 3.5s)
21:25:06 [INFO] 🔍 DEBUG MON-USD: entry_time type=<class 'str'>, value=2025-12-02T20:24:52.112396+00:00
21:25:06 [DEBUG] Check MON-USD: Age=14.8s (Limit=60s)
21:25:06 [INFO] 🔍 DEBUG BERA-USD: entry_time type=<class 'str'>, value=2025-12-02T20:24:52.911966+00:00
21:25:06 [DEBUG] Check BERA-USD: Age=14.0s (Limit=60s)
21:25:06 [INFO] 🔍 DEBUG FARTCOIN-USD: entry_time type=<class 'str'>, value=2025-12-02T20:24:54.211366+00:00
21:25:06 [DEBUG] Check FARTCOIN-USD: Age=12.8s (Limit=60s)
21:25:07 [DEBUG] ✅ SEI-USD: X10=$139,713, Lighter=$8,103,280, Total=$8,242,993
21:25:07 [DEBUG] Using cached positions (age: 4.5s)
21:25:07 [INFO] 🔍 DEBUG MON-USD: entry_time type=<class 'str'>, value=2025-12-02T20:24:52.112396+00:00
21:25:07 [DEBUG] Check MON-USD: Age=15.9s (Limit=60s)
21:25:07 [INFO] 🔍 DEBUG BERA-USD: entry_time type=<class 'str'>, value=2025-12-02T20:24:52.911966+00:00
21:25:07 [DEBUG] Check BERA-USD: Age=15.1s (Limit=60s)
21:25:07 [INFO] 🔍 DEBUG FARTCOIN-USD: entry_time type=<class 'str'>, value=2025-12-02T20:24:54.211366+00:00
21:25:07 [DEBUG] Check FARTCOIN-USD: Age=13.8s (Limit=60s)
21:25:08 [DEBUG] Fetching fresh positions (force=False, cache_age=5.5s)
21:25:08 [DEBUG] Sending GET https://api.starknet.extended.exchange/api/v1/user/positions?
21:25:09 [INFO] Lighter: Found 3 open positions
21:25:09 [INFO] 📊 Positions: X10=3, Lighter=3
21:25:09 [DEBUG] X10 positions: ['FARTCOIN-USD', 'BERA-USD', 'MON-USD']
21:25:09 [DEBUG] Lighter positions: ['BERA-USD', 'FARTCOIN-USD', 'MON-USD']
21:25:09 [INFO] 🔍 DEBUG MON-USD: entry_time type=<class 'str'>, value=2025-12-02T20:24:52.112396+00:00
21:25:09 [DEBUG] Check MON-USD: Age=17.3s (Limit=60s)
21:25:09 [INFO] 🔍 DEBUG BERA-USD: entry_time type=<class 'str'>, value=2025-12-02T20:24:52.911966+00:00
21:25:09 [DEBUG] Check BERA-USD: Age=16.5s (Limit=60s)
21:25:09 [INFO] 🔍 DEBUG FARTCOIN-USD: entry_time type=<class 'str'>, value=2025-12-02T20:24:54.211366+00:00
21:25:09 [DEBUG] Check FARTCOIN-USD: Age=15.2s (Limit=60s)
21:25:09 [DEBUG] MAX_OPEN_TRADES (3) reached, waiting...
21:25:10 [DEBUG] Using cached positions (age: 1.5s)
21:25:10 [INFO] 🔍 DEBUG MON-USD: entry_time type=<class 'str'>, value=2025-12-02T20:24:52.112396+00:00
21:25:10 [DEBUG] Check MON-USD: Age=18.3s (Limit=60s)
21:25:10 [INFO] 🔍 DEBUG BERA-USD: entry_time type=<class 'str'>, value=2025-12-02T20:24:52.911966+00:00
21:25:10 [DEBUG] Check BERA-USD: Age=17.5s (Limit=60s)
21:25:10 [INFO] 🔍 DEBUG FARTCOIN-USD: entry_time type=<class 'str'>, value=2025-12-02T20:24:54.211366+00:00
21:25:10 [DEBUG] Check FARTCOIN-USD: Age=16.2s (Limit=60s)
21:25:11 [DEBUG] ✅ LINK-USD: X10=$376,183, Lighter=$193,474, Total=$569,656
21:25:11 [DEBUG] Using cached positions (age: 2.5s)
21:25:11 [INFO] 🔍 DEBUG MON-USD: entry_time type=<class 'str'>, value=2025-12-02T20:24:52.112396+00:00
21:25:11 [DEBUG] Check MON-USD: Age=19.3s (Limit=60s)
21:25:11 [INFO] 🔍 DEBUG BERA-USD: entry_time type=<class 'str'>, value=2025-12-02T20:24:52.911966+00:00
21:25:11 [DEBUG] Check BERA-USD: Age=18.5s (Limit=60s)
21:25:11 [INFO] 🔍 DEBUG FARTCOIN-USD: entry_time type=<class 'str'>, value=2025-12-02T20:24:54.211366+00:00
21:25:11 [DEBUG] Check FARTCOIN-USD: Age=17.2s (Limit=60s)
21:25:12 [DEBUG] Using cached positions (age: 3.5s)
21:25:12 [INFO] 🔍 DEBUG MON-USD: entry_time type=<class 'str'>, value=2025-12-02T20:24:52.112396+00:00
21:25:12 [DEBUG] Check MON-USD: Age=20.3s (Limit=60s)
21:25:12 [INFO] 🔍 DEBUG BERA-USD: entry_time type=<class 'str'>, value=2025-12-02T20:24:52.911966+00:00
21:25:12 [DEBUG] Check BERA-USD: Age=19.5s (Limit=60s)
21:25:12 [INFO] 🔍 DEBUG FARTCOIN-USD: entry_time type=<class 'str'>, value=2025-12-02T20:24:54.211366+00:00
21:25:12 [DEBUG] Check FARTCOIN-USD: Age=18.2s (Limit=60s)
21:25:12 [DEBUG] MAX_OPEN_TRADES (3) reached, waiting...
21:25:13 [DEBUG] Using cached positions (age: 4.5s)
21:25:13 [INFO] 🔍 DEBUG MON-USD: entry_time type=<class 'str'>, value=2025-12-02T20:24:52.112396+00:00
21:25:13 [DEBUG] Check MON-USD: Age=21.3s (Limit=60s)
21:25:13 [INFO] 🔍 DEBUG BERA-USD: entry_time type=<class 'str'>, value=2025-12-02T20:24:52.911966+00:00
21:25:13 [DEBUG] Check BERA-USD: Age=20.5s (Limit=60s)
21:25:13 [INFO] 🔍 DEBUG FARTCOIN-USD: entry_time type=<class 'str'>, value=2025-12-02T20:24:54.211366+00:00
21:25:13 [DEBUG] Check FARTCOIN-USD: Age=19.2s (Limit=60s)
21:25:14 [DEBUG] Fetching fresh positions (force=False, cache_age=5.5s)
21:25:14 [DEBUG] Sending GET https://api.starknet.extended.exchange/api/v1/user/positions?
21:25:14 [INFO] Lighter: Found 3 open positions
21:25:14 [INFO] 📊 Positions: X10=3, Lighter=3
21:25:14 [DEBUG] X10 positions: ['FARTCOIN-USD', 'BERA-USD', 'MON-USD']
21:25:14 [DEBUG] Lighter positions: ['BERA-USD', 'FARTCOIN-USD', 'MON-USD']
21:25:14 [INFO] 🔍 DEBUG MON-USD: entry_time type=<class 'str'>, value=2025-12-02T20:24:52.112396+00:00
21:25:14 [DEBUG] Check MON-USD: Age=22.8s (Limit=60s)
21:25:14 [INFO] 🔍 DEBUG BERA-USD: entry_time type=<class 'str'>, value=2025-12-02T20:24:52.911966+00:00
21:25:14 [DEBUG] Check BERA-USD: Age=22.0s (Limit=60s)
21:25:14 [INFO] 🔍 DEBUG FARTCOIN-USD: entry_time type=<class 'str'>, value=2025-12-02T20:24:54.211366+00:00
21:25:14 [DEBUG] Check FARTCOIN-USD: Age=20.7s (Limit=60s)
21:25:14 [DEBUG] ✅ UNI-USD: X10=$223,686, Lighter=$375,026, Total=$598,712
21:25:15 [DEBUG] MAX_OPEN_TRADES (3) reached, waiting...
21:25:15 [DEBUG] Using cached positions (age: 1.5s)
21:25:15 [INFO] 🔍 DEBUG MON-USD: entry_time type=<class 'str'>, value=2025-12-02T20:24:52.112396+00:00
21:25:15 [DEBUG] Check MON-USD: Age=23.8s (Limit=60s)
21:25:15 [INFO] 🔍 DEBUG BERA-USD: entry_time type=<class 'str'>, value=2025-12-02T20:24:52.911966+00:00
21:25:15 [DEBUG] Check BERA-USD: Age=23.0s (Limit=60s)
21:25:15 [INFO] 🔍 DEBUG FARTCOIN-USD: entry_time type=<class 'str'>, value=2025-12-02T20:24:54.211366+00:00
21:25:15 [DEBUG] Check FARTCOIN-USD: Age=21.7s (Limit=60s)
21:25:16 [DEBUG] 💓 [x10_account] Alive (uptime=30s, last_msg=22s ago)
21:25:16 [DEBUG] 💓 [x10_trades] Alive (uptime=30s, last_msg=0s ago)
21:25:16 [DEBUG] 💓 [lighter] Alive (uptime=30s, last_msg=0s ago)
21:25:16 [DEBUG] 💓 [x10_funding] Alive (uptime=30s, last_msg=15s ago)
21:25:16 [DEBUG] Using cached positions (age: 2.5s)
21:25:16 [INFO] 🔍 DEBUG MON-USD: entry_time type=<class 'str'>, value=2025-12-02T20:24:52.112396+00:00
21:25:16 [DEBUG] Check MON-USD: Age=24.8s (Limit=60s)
21:25:16 [INFO] 🔍 DEBUG BERA-USD: entry_time type=<class 'str'>, value=2025-12-02T20:24:52.911966+00:00
21:25:16 [DEBUG] Check BERA-USD: Age=24.0s (Limit=60s)
21:25:16 [INFO] 🔍 DEBUG FARTCOIN-USD: entry_time type=<class 'str'>, value=2025-12-02T20:24:54.211366+00:00
21:25:16 [DEBUG] Check FARTCOIN-USD: Age=22.7s (Limit=60s)
21:25:17 [DEBUG] Using cached positions (age: 3.5s)
21:25:17 [INFO] 🔍 DEBUG MON-USD: entry_time type=<class 'str'>, value=2025-12-02T20:24:52.112396+00:00
21:25:17 [DEBUG] Check MON-USD: Age=25.8s (Limit=60s)
21:25:17 [INFO] 🔍 DEBUG BERA-USD: entry_time type=<class 'str'>, value=2025-12-02T20:24:52.911966+00:00
21:25:17 [DEBUG] Check BERA-USD: Age=25.0s (Limit=60s)
21:25:17 [INFO] 🔍 DEBUG FARTCOIN-USD: entry_time type=<class 'str'>, value=2025-12-02T20:24:54.211366+00:00
21:25:17 [DEBUG] Check FARTCOIN-USD: Age=23.7s (Limit=60s)
21:25:18 [DEBUG] 🐕 Watchdog OK: Daten-Alter 3.0s
21:25:18 [DEBUG] MAX_OPEN_TRADES (3) reached, waiting...
21:25:18 [DEBUG] ✅ AVAX-USD: X10=$555,799, Lighter=$289,426, Total=$845,225
21:25:18 [DEBUG] Using cached positions (age: 4.5s)
21:25:18 [INFO] 🔍 DEBUG MON-USD: entry_time type=<class 'str'>, value=2025-12-02T20:24:52.112396+00:00
21:25:18 [DEBUG] Check MON-USD: Age=26.8s (Limit=60s)
21:25:18 [INFO] 🔍 DEBUG BERA-USD: entry_time type=<class 'str'>, value=2025-12-02T20:24:52.911966+00:00
21:25:18 [DEBUG] Check BERA-USD: Age=26.0s (Limit=60s)
21:25:18 [INFO] 🔍 DEBUG FARTCOIN-USD: entry_time type=<class 'str'>, value=2025-12-02T20:24:54.211366+00:00
21:25:18 [DEBUG] Check FARTCOIN-USD: Age=24.7s (Limit=60s)
21:25:19 [DEBUG] Fetching fresh positions (force=False, cache_age=5.5s)
21:25:19 [DEBUG] Sending GET https://api.starknet.extended.exchange/api/v1/user/positions?
21:25:20 [INFO] Lighter: Found 3 open positions
21:25:20 [INFO] 📊 Positions: X10=3, Lighter=3
21:25:20 [DEBUG] X10 positions: ['FARTCOIN-USD', 'BERA-USD', 'MON-USD']
21:25:20 [DEBUG] Lighter positions: ['BERA-USD', 'FARTCOIN-USD', 'MON-USD']
21:25:20 [INFO] 🔍 DEBUG MON-USD: entry_time type=<class 'str'>, value=2025-12-02T20:24:52.112396+00:00
21:25:20 [DEBUG] Check MON-USD: Age=28.2s (Limit=60s)
21:25:20 [INFO] 🔍 DEBUG BERA-USD: entry_time type=<class 'str'>, value=2025-12-02T20:24:52.911966+00:00
21:25:20 [DEBUG] Check BERA-USD: Age=27.4s (Limit=60s)
21:25:20 [INFO] 🔍 DEBUG FARTCOIN-USD: entry_time type=<class 'str'>, value=2025-12-02T20:24:54.211366+00:00
21:25:20 [DEBUG] Check FARTCOIN-USD: Age=26.1s (Limit=60s)
21:25:21 [DEBUG] Using cached positions (age: 1.5s)
21:25:21 [INFO] 🔍 DEBUG MON-USD: entry_time type=<class 'str'>, value=2025-12-02T20:24:52.112396+00:00
21:25:21 [DEBUG] Check MON-USD: Age=29.2s (Limit=60s)
21:25:21 [INFO] 🔍 DEBUG BERA-USD: entry_time type=<class 'str'>, value=2025-12-02T20:24:52.911966+00:00
21:25:21 [DEBUG] Check BERA-USD: Age=28.4s (Limit=60s)
21:25:21 [INFO] 🔍 DEBUG FARTCOIN-USD: entry_time type=<class 'str'>, value=2025-12-02T20:24:54.211366+00:00
21:25:21 [DEBUG] Check FARTCOIN-USD: Age=27.1s (Limit=60s)
21:25:21 [DEBUG] MAX_OPEN_TRADES (3) reached, waiting...
21:25:22 [DEBUG] Using cached positions (age: 2.5s)
21:25:22 [INFO] 🔍 DEBUG MON-USD: entry_time type=<class 'str'>, value=2025-12-02T20:24:52.112396+00:00
21:25:22 [DEBUG] Check MON-USD: Age=30.2s (Limit=60s)
21:25:22 [INFO] 🔍 DEBUG BERA-USD: entry_time type=<class 'str'>, value=2025-12-02T20:24:52.911966+00:00
21:25:22 [DEBUG] Check BERA-USD: Age=29.4s (Limit=60s)
21:25:22 [INFO] 🔍 DEBUG FARTCOIN-USD: entry_time type=<class 'str'>, value=2025-12-02T20:24:54.211366+00:00
21:25:22 [DEBUG] Check FARTCOIN-USD: Age=28.1s (Limit=60s)
21:25:22 [DEBUG] ✅ BNB-USD: X10=$1,463,551, Lighter=$18,305, Total=$1,481,855
21:25:23 [DEBUG] Using cached positions (age: 3.5s)
21:25:23 [INFO] 🔍 DEBUG MON-USD: entry_time type=<class 'str'>, value=2025-12-02T20:24:52.112396+00:00
21:25:23 [DEBUG] Check MON-USD: Age=31.2s (Limit=60s)
21:25:23 [INFO] 🔍 DEBUG BERA-USD: entry_time type=<class 'str'>, value=2025-12-02T20:24:52.911966+00:00
21:25:23 [DEBUG] Check BERA-USD: Age=30.4s (Limit=60s)
21:25:23 [INFO] 🔍 DEBUG FARTCOIN-USD: entry_time type=<class 'str'>, value=2025-12-02T20:24:54.211366+00:00
21:25:23 [DEBUG] Check FARTCOIN-USD: Age=29.1s (Limit=60s)
21:25:24 [DEBUG] Using cached positions (age: 4.5s)
21:25:24 [INFO] 🔍 DEBUG MON-USD: entry_time type=<class 'str'>, value=2025-12-02T20:24:52.112396+00:00
21:25:24 [DEBUG] Check MON-USD: Age=32.2s (Limit=60s)
21:25:24 [INFO] 🔍 DEBUG BERA-USD: entry_time type=<class 'str'>, value=2025-12-02T20:24:52.911966+00:00
21:25:24 [DEBUG] Check BERA-USD: Age=31.4s (Limit=60s)
21:25:24 [INFO] 🔍 DEBUG FARTCOIN-USD: entry_time type=<class 'str'>, value=2025-12-02T20:24:54.211366+00:00
21:25:24 [DEBUG] Check FARTCOIN-USD: Age=30.1s (Limit=60s)
21:25:24 [DEBUG] MAX_OPEN_TRADES (3) reached, waiting...
21:25:25 [DEBUG] Fetching fresh positions (force=False, cache_age=5.5s)
21:25:25 [DEBUG] Sending GET https://api.starknet.extended.exchange/api/v1/user/positions?
21:25:25 [INFO] Lighter: Found 3 open positions
21:25:25 [INFO] 📊 Positions: X10=3, Lighter=3
21:25:25 [DEBUG] X10 positions: ['FARTCOIN-USD', 'BERA-USD', 'MON-USD']
21:25:25 [DEBUG] Lighter positions: ['BERA-USD', 'FARTCOIN-USD', 'MON-USD']
21:25:25 [INFO] 🔍 DEBUG MON-USD: entry_time type=<class 'str'>, value=2025-12-02T20:24:52.112396+00:00
21:25:25 [DEBUG] Check MON-USD: Age=33.7s (Limit=60s)
21:25:25 [INFO] 🔍 DEBUG BERA-USD: entry_time type=<class 'str'>, value=2025-12-02T20:24:52.911966+00:00
21:25:25 [DEBUG] Check BERA-USD: Age=32.9s (Limit=60s)
21:25:25 [INFO] 🔍 DEBUG FARTCOIN-USD: entry_time type=<class 'str'>, value=2025-12-02T20:24:54.211366+00:00
21:25:25 [DEBUG] Check FARTCOIN-USD: Age=31.6s (Limit=60s)
21:25:26 [DEBUG] 💓 [x10_account] Alive (uptime=40s, last_msg=32s ago)
21:25:26 [DEBUG] 💓 [lighter] Alive (uptime=40s, last_msg=0s ago)
21:25:26 [DEBUG] 💓 [x10_trades] Alive (uptime=40s, last_msg=0s ago)
21:25:26 [DEBUG] 💓 [x10_funding] Alive (uptime=40s, last_msg=25s ago)
21:25:26 [DEBUG] Using cached positions (age: 1.4s)
21:25:26 [INFO] 🔍 DEBUG MON-USD: entry_time type=<class 'str'>, value=2025-12-02T20:24:52.112396+00:00
21:25:26 [DEBUG] Check MON-USD: Age=34.6s (Limit=60s)
21:25:26 [INFO] 🔍 DEBUG BERA-USD: entry_time type=<class 'str'>, value=2025-12-02T20:24:52.911966+00:00
21:25:26 [DEBUG] Check BERA-USD: Age=33.8s (Limit=60s)
21:25:26 [INFO] 🔍 DEBUG FARTCOIN-USD: entry_time type=<class 'str'>, value=2025-12-02T20:24:54.211366+00:00
21:25:26 [DEBUG] Check FARTCOIN-USD: Age=32.5s (Limit=60s)
21:25:27 [DEBUG] MAX_OPEN_TRADES (3) reached, waiting...
21:25:27 [DEBUG] Using cached positions (age: 2.5s)
21:25:27 [INFO] 🔍 DEBUG MON-USD: entry_time type=<class 'str'>, value=2025-12-02T20:24:52.112396+00:00
21:25:27 [DEBUG] Check MON-USD: Age=35.7s (Limit=60s)
21:25:27 [INFO] 🔍 DEBUG BERA-USD: entry_time type=<class 'str'>, value=2025-12-02T20:24:52.911966+00:00
21:25:27 [DEBUG] Check BERA-USD: Age=34.9s (Limit=60s)
21:25:27 [INFO] 🔍 DEBUG FARTCOIN-USD: entry_time type=<class 'str'>, value=2025-12-02T20:24:54.211366+00:00
21:25:27 [DEBUG] Check FARTCOIN-USD: Age=33.6s (Limit=60s)
21:25:28 [DEBUG] ✅ WIF-USD: X10=$330,166, Lighter=$2,636,642, Total=$2,966,808
21:25:28 [DEBUG] Using cached positions (age: 3.4s)
21:25:28 [INFO] 🔍 DEBUG MON-USD: entry_time type=<class 'str'>, value=2025-12-02T20:24:52.112396+00:00
21:25:28 [DEBUG] Check MON-USD: Age=36.6s (Limit=60s)
21:25:28 [INFO] 🔍 DEBUG BERA-USD: entry_time type=<class 'str'>, value=2025-12-02T20:24:52.911966+00:00
21:25:28 [DEBUG] Check BERA-USD: Age=35.8s (Limit=60s)
21:25:28 [INFO] 🔍 DEBUG FARTCOIN-USD: entry_time type=<class 'str'>, value=2025-12-02T20:24:54.211366+00:00
21:25:28 [DEBUG] Check FARTCOIN-USD: Age=34.5s (Limit=60s)
21:25:29 [INFO] 🚜 Farm Mode ACTIVE
21:25:29 [DEBUG] Using cached positions (age: 4.4s)
21:25:29 [INFO] 🔍 DEBUG MON-USD: entry_time type=<class 'str'>, value=2025-12-02T20:24:52.112396+00:00
21:25:29 [DEBUG] Check MON-USD: Age=37.6s (Limit=60s)
21:25:29 [INFO] 🔍 DEBUG BERA-USD: entry_time type=<class 'str'>, value=2025-12-02T20:24:52.911966+00:00
21:25:29 [DEBUG] Check BERA-USD: Age=36.8s (Limit=60s)
21:25:29 [INFO] 🔍 DEBUG FARTCOIN-USD: entry_time type=<class 'str'>, value=2025-12-02T20:24:54.211366+00:00
21:25:29 [DEBUG] Check FARTCOIN-USD: Age=35.5s (Limit=60s)
21:25:30 [DEBUG] MAX_OPEN_TRADES (3) reached, waiting...
21:25:30 [DEBUG] Fetching fresh positions (force=False, cache_age=5.4s)
21:25:30 [DEBUG] Sending GET https://api.starknet.extended.exchange/api/v1/user/positions?
21:25:31 [INFO] Lighter: Found 3 open positions
21:25:31 [INFO] 📊 Positions: X10=3, Lighter=3
21:25:31 [DEBUG] X10 positions: ['FARTCOIN-USD', 'BERA-USD', 'MON-USD']
21:25:31 [DEBUG] Lighter positions: ['BERA-USD', 'FARTCOIN-USD', 'MON-USD']
21:25:31 [INFO] 🔍 DEBUG MON-USD: entry_time type=<class 'str'>, value=2025-12-02T20:24:52.112396+00:00
21:25:31 [DEBUG] Check MON-USD: Age=39.1s (Limit=60s)
21:25:31 [INFO] 🔍 DEBUG BERA-USD: entry_time type=<class 'str'>, value=2025-12-02T20:24:52.911966+00:00
21:25:31 [DEBUG] Check BERA-USD: Age=38.3s (Limit=60s)
21:25:31 [INFO] 🔍 DEBUG FARTCOIN-USD: entry_time type=<class 'str'>, value=2025-12-02T20:24:54.211366+00:00
21:25:31 [DEBUG] Check FARTCOIN-USD: Age=37.0s (Limit=60s)
21:25:31 [DEBUG] ✅ HYPE-USD: X10=$5,429,897, Lighter=$1,389,270, Total=$6,819,167
21:25:32 [DEBUG] Using cached positions (age: 1.5s)
21:25:32 [INFO] 🔍 DEBUG MON-USD: entry_time type=<class 'str'>, value=2025-12-02T20:24:52.112396+00:00
21:25:32 [DEBUG] Check MON-USD: Age=40.1s (Limit=60s)
21:25:32 [INFO] 🔍 DEBUG BERA-USD: entry_time type=<class 'str'>, value=2025-12-02T20:24:52.911966+00:00
21:25:32 [DEBUG] Check BERA-USD: Age=39.3s (Limit=60s)
21:25:32 [INFO] 🔍 DEBUG FARTCOIN-USD: entry_time type=<class 'str'>, value=2025-12-02T20:24:54.211366+00:00
21:25:32 [DEBUG] Check FARTCOIN-USD: Age=38.0s (Limit=60s)
21:25:33 [DEBUG] Using cached positions (age: 2.5s)
21:25:33 [INFO] 🔍 DEBUG MON-USD: entry_time type=<class 'str'>, value=2025-12-02T20:24:52.112396+00:00
21:25:33 [DEBUG] Check MON-USD: Age=41.1s (Limit=60s)
21:25:33 [INFO] 🔍 DEBUG BERA-USD: entry_time type=<class 'str'>, value=2025-12-02T20:24:52.911966+00:00
21:25:33 [DEBUG] Check BERA-USD: Age=40.3s (Limit=60s)
21:25:33 [INFO] 🔍 DEBUG FARTCOIN-USD: entry_time type=<class 'str'>, value=2025-12-02T20:24:54.211366+00:00
21:25:33 [DEBUG] Check FARTCOIN-USD: Age=39.0s (Limit=60s)
21:25:33 [DEBUG] MAX_OPEN_TRADES (3) reached, waiting...
21:25:34 [DEBUG] Using cached positions (age: 3.5s)
21:25:34 [INFO] 🔍 DEBUG MON-USD: entry_time type=<class 'str'>, value=2025-12-02T20:24:52.112396+00:00
21:25:34 [DEBUG] Check MON-USD: Age=42.1s (Limit=60s)
21:25:34 [INFO] 🔍 DEBUG BERA-USD: entry_time type=<class 'str'>, value=2025-12-02T20:24:52.911966+00:00
21:25:34 [DEBUG] Check BERA-USD: Age=41.3s (Limit=60s)
21:25:34 [INFO] 🔍 DEBUG FARTCOIN-USD: entry_time type=<class 'str'>, value=2025-12-02T20:24:54.211366+00:00
21:25:34 [DEBUG] Check FARTCOIN-USD: Age=40.0s (Limit=60s)
21:25:34 [INFO] 🚜 Farm Mode ACTIVE
21:25:35 [DEBUG] Using cached positions (age: 4.5s)
21:25:35 [INFO] 🔍 DEBUG MON-USD: entry_time type=<class 'str'>, value=2025-12-02T20:24:52.112396+00:00
21:25:35 [DEBUG] Check MON-USD: Age=43.1s (Limit=60s)
21:25:35 [INFO] 🔍 DEBUG BERA-USD: entry_time type=<class 'str'>, value=2025-12-02T20:24:52.911966+00:00
21:25:35 [DEBUG] Check BERA-USD: Age=42.3s (Limit=60s)
21:25:35 [INFO] 🔍 DEBUG FARTCOIN-USD: entry_time type=<class 'str'>, value=2025-12-02T20:24:54.211366+00:00
21:25:35 [DEBUG] Check FARTCOIN-USD: Age=41.0s (Limit=60s)
21:25:35 [DEBUG] ✅ ZRO-USD: X10=$72,360, Lighter=$521,227, Total=$593,588
21:25:36 [DEBUG] 💓 [x10_account] Alive (uptime=50s, last_msg=42s ago)
21:25:36 [DEBUG] Fetching fresh positions (force=False, cache_age=5.5s)
21:25:36 [DEBUG] Sending GET https://api.starknet.extended.exchange/api/v1/user/positions?
21:25:36 [DEBUG] 💓 [x10_trades] Alive (uptime=50s, last_msg=1s ago)
21:25:36 [DEBUG] 💓 [lighter] Alive (uptime=50s, last_msg=0s ago)
21:25:36 [DEBUG] 💓 [x10_funding] Alive (uptime=50s, last_msg=35s ago)
21:25:36 [DEBUG] MAX_OPEN_TRADES (3) reached, waiting...
21:25:36 [INFO] Lighter: Found 3 open positions
21:25:36 [INFO] 📊 Positions: X10=3, Lighter=3
21:25:36 [DEBUG] X10 positions: ['FARTCOIN-USD', 'BERA-USD', 'MON-USD']
21:25:36 [DEBUG] Lighter positions: ['BERA-USD', 'FARTCOIN-USD', 'MON-USD']
21:25:36 [INFO] 🔍 DEBUG MON-USD: entry_time type=<class 'str'>, value=2025-12-02T20:24:52.112396+00:00
21:25:36 [DEBUG] Check MON-USD: Age=44.6s (Limit=60s)
21:25:36 [INFO] 🔍 DEBUG BERA-USD: entry_time type=<class 'str'>, value=2025-12-02T20:24:52.911966+00:00
21:25:36 [DEBUG] Check BERA-USD: Age=43.8s (Limit=60s)
21:25:36 [INFO] 🔍 DEBUG FARTCOIN-USD: entry_time type=<class 'str'>, value=2025-12-02T20:24:54.211366+00:00
21:25:36 [DEBUG] Check FARTCOIN-USD: Age=42.5s (Limit=60s)
21:25:37 [DEBUG] Using cached positions (age: 1.5s)
21:25:37 [INFO] 🔍 DEBUG MON-USD: entry_time type=<class 'str'>, value=2025-12-02T20:24:52.112396+00:00
21:25:37 [DEBUG] Check MON-USD: Age=45.5s (Limit=60s)
21:25:37 [INFO] 🔍 DEBUG BERA-USD: entry_time type=<class 'str'>, value=2025-12-02T20:24:52.911966+00:00
21:25:37 [DEBUG] Check BERA-USD: Age=44.8s (Limit=60s)
21:25:37 [INFO] 🔍 DEBUG FARTCOIN-USD: entry_time type=<class 'str'>, value=2025-12-02T20:24:54.211366+00:00
21:25:37 [DEBUG] Check FARTCOIN-USD: Age=43.5s (Limit=60s)
21:25:38 [DEBUG] Using cached positions (age: 2.5s)
21:25:38 [INFO] 🔍 DEBUG MON-USD: entry_time type=<class 'str'>, value=2025-12-02T20:24:52.112396+00:00
21:25:38 [DEBUG] Check MON-USD: Age=46.5s (Limit=60s)
21:25:38 [INFO] 🔍 DEBUG BERA-USD: entry_time type=<class 'str'>, value=2025-12-02T20:24:52.911966+00:00
21:25:38 [DEBUG] Check BERA-USD: Age=45.8s (Limit=60s)
21:25:38 [INFO] 🔍 DEBUG FARTCOIN-USD: entry_time type=<class 'str'>, value=2025-12-02T20:24:54.211366+00:00
21:25:38 [DEBUG] Check FARTCOIN-USD: Age=44.5s (Limit=60s)
21:25:39 [DEBUG] ✅ LDO-USD: X10=$134,588, Lighter=$1,754,728, Total=$1,889,316
21:25:39 [INFO] 🚜 Farm Mode ACTIVE
21:25:39 [DEBUG] MAX_OPEN_TRADES (3) reached, waiting...
21:25:39 [DEBUG] Using cached positions (age: 3.5s)
21:25:39 [INFO] 🔍 DEBUG MON-USD: entry_time type=<class 'str'>, value=2025-12-02T20:24:52.112396+00:00
21:25:39 [DEBUG] Check MON-USD: Age=47.5s (Limit=60s)
21:25:39 [INFO] 🚜 [FARM] Profit Take MON-USD: Age=47s, Spread=0.033% (sehr niedrig), PnL=$0.00
21:25:39 [INFO]  💸 EXIT MON-USD: FARM_QUICK_PROFIT | PnL $0.00 (Fees: $0.00)
21:25:39 [INFO]  🔻 CLOSING MON-USD (Atomic Smart Close)...
21:25:40 [INFO] Lighter: Found 3 open positions
21:25:40 [INFO] 🔍 DEBUG close_live_position ENTRY: symbol=MON-USD (type=<class 'str'>)
21:25:40 [INFO] 🔍 DEBUG: original_side=BUY (type=<class 'str'>)
21:25:40 [INFO] 🔍 DEBUG: notional_usd=29.032 (type=<class 'float'>)
21:25:40 [INFO] Lighter: Found 3 open positions
21:25:40 [INFO] 🔻 LIGHTER CLOSE MON-USD: size=-950.000000 coins, side=BUY, price=$0.0306, notional=$29.04
21:25:40 [INFO] 🚀 LIGHTER OPEN MON-USD: side=BUY, size_usd=$29.04, price=$0.030570
21:25:40 [DEBUG] 🔍 DEBUG: MON-USD market_id = 91 (raw=91, type=<class 'int'>)
21:25:40 [DEBUG] QUANTIZE MON-USD: USD=29.04, coins=950.000000, raw=9500, lot_size=500, final=9500
21:25:40 [DEBUG] Create Order Tx Info: {"AccountIndex":60113,"ApiKeyIndex":3,"MarketIndex":91,"ClientOrderIndex":1764707169539,"BaseAmount":9500,"Price":3076,"IsAsk":0,"Type":0,"TimeInForce":1,"ReduceOnly":1,"TriggerPrice":0,"OrderExpiry":1767126340615,"ExpiredAt":1764707739615,"Nonce":2234,"Sig":"EabSvwbQf5yU98XOw98soc5QyrGHrUNl0A2wUvzPjOuKPQjikxKLN6kfhAesbOACHI+LtF2W95xg1l64wr7kAP+6plvykLeJRqInCGm94hg="}
21:25:40 [DEBUG] Create Order Send Tx Response: code=200 message='{"ratelimit": "didn\'t use volume quota"}' tx_hash='330d967a3f601a602438051f30431ce1d7b20f8f453b383476acad377ff97f8ab9fc1e48a37eee93' predicted_execution_time_ms=1764707132545 additional_properties={}
21:25:40 [INFO] Lighter Order: 330d967a3f601a602438051f30431ce1d7b20f8f453b383476acad377ff97f8ab9fc1e48a37eee93
21:25:40 [INFO] ✅ Lighter close MON-USD: Erfolgreich ($29.04)
21:25:40 [INFO] ✅ Lighter MON-USD OK, closing X10...
21:25:42 [DEBUG] MAX_OPEN_TRADES (3) reached, waiting...
21:25:43 [DEBUG] ✅ CRV-USD: X10=$269,368, Lighter=$2,878,489, Total=$3,147,857
21:25:43 [DEBUG] Sending GET https://api.starknet.extended.exchange/api/v1/user/positions?
21:25:44 [INFO] 🔻 Closing X10 MON-USD: size=960.000000 coins, side=BUY
21:25:44 [DEBUG] Sending GET https://api.starknet.extended.exchange/api/v1/user/positions?
21:25:44 [INFO] 🔻 X10 CLOSE MON-USD: size=960.000000, side=SELL
21:25:44 [DEBUG] Placing an order: id=2787945395618272328033578012051619536969293620090580490448742463210207114855
21:25:44 [DEBUG] Sending POST https://api.starknet.extended.exchange/api/v1/user/order, headers={<RequestHeader.ACCEPT: 'Accept'>: 'application/json', <RequestHeader.CONTENT_TYPE: 'Content-Type'>: 'application/json', <RequestHeader.USER_AGENT: 'User-Agent'>: 'X10PythonTradingClient/0.0.17', <RequestHeader.API_KEY: 'X-Api-Key'>: 'a1c9207f79f0e57ddc454bf1e16dbe49'}
21:25:44 [INFO] 🚜 Farm Mode ACTIVE
21:25:45 [INFO]  X10 Order: 1995952513358614528
21:25:45 [DEBUG] MAX_OPEN_TRADES (3) reached, waiting...
21:25:46 [DEBUG] 💓 [x10_account] Alive (uptime=60s, last_msg=1s ago)
21:25:46 [DEBUG] 💓 [x10_trades] Alive (uptime=60s, last_msg=1s ago)
21:25:46 [DEBUG] 💓 [x10_funding] Alive (uptime=60s, last_msg=45s ago)
21:25:46 [DEBUG] 💓 [lighter] Alive (uptime=60s, last_msg=0s ago)
21:25:46 [DEBUG] [lighter] Responded to JSON ping with pong
21:25:47 [DEBUG] Sending GET https://api.starknet.extended.exchange/api/v1/user/positions?
21:25:47 [INFO] ✅ X10 MON-USD closed (960.000000 coins)
21:25:47 [INFO] ✅ MON-USD fully closed
21:25:47 [INFO] ✅ Trade MON-USD closed (PnL: $0.00)
21:25:47 [INFO] ✅ Trade MON-USD closed (PnL: $0.00)
21:25:47 [DEBUG] 📝 Flushed 1 writes
21:25:47 [DEBUG] 📝 Flushed 1 writes in 0.0ms
21:25:47 [INFO]  💰 PnL MON-USD: $0.00 (FARM_QUICK_PROFIT)
21:25:47 [ERROR] Kelly Sizer record_trade error for MON-USD: Format specifier missing precision
21:25:47 [INFO] 🔍 DEBUG BERA-USD: entry_time type=<class 'str'>, value=2025-12-02T20:24:52.911966+00:00
21:25:47 [DEBUG] Check BERA-USD: Age=54.8s (Limit=60s)
21:25:47 [INFO] 🔍 DEBUG FARTCOIN-USD: entry_time type=<class 'str'>, value=2025-12-02T20:24:54.211366+00:00
21:25:47 [DEBUG] Check FARTCOIN-USD: Age=53.5s (Limit=60s)
21:25:48 [DEBUG] 🐕 Watchdog OK: Daten-Alter 3.0s
21:25:48 [INFO] 🔍 🚜 FARM Scanning 67 pairs. Open symbols to skip: {'FARTCOIN-USD', 'BERA-USD'}
21:25:48 [DEBUG] Price cache status: X10=67/67, Lighter=66/67
21:25:48 [INFO] 🔍 Scanning 67 pairs. Lighter markets: 115, X10 markets: 91
21:25:48 [DEBUG] 📝 Flushed 1 writes
21:25:48 [DEBUG] 📝 Flushed 1 writes in 0.0ms
21:25:48 [DEBUG] Fetching fresh positions (force=False, cache_age=12.5s)
21:25:48 [DEBUG] Sending GET https://api.starknet.extended.exchange/api/v1/user/positions?
21:25:48 [DEBUG] MKR-USD: Missing prices (X=1663.9, L=None)
21:25:48 [INFO] ✅ Found 0 opportunities with predictions (farm_mode=True)
21:25:48 [INFO] ⚠️ Keine Prediction-Opportunities, nutze Fallback mit echten Funding Rates...
21:25:48 [INFO]  VOL REGIME: MON-USD UNKNOWN -> LOW (24h Range: 0.67%)
21:25:48 [INFO]  VOL REGIME: JUP-USD UNKNOWN -> LOW (24h Range: 0.00%)
21:25:48 [INFO]  VOL REGIME: DOGE-USD UNKNOWN -> LOW (24h Range: 0.00%)
21:25:48 [INFO]  VOL REGIME: SUI-USD UNKNOWN -> LOW (24h Range: 0.17%)
21:25:48 [INFO]  VOL REGIME: SEI-USD UNKNOWN -> LOW (24h Range: 0.00%)
21:25:48 [INFO]  VOL REGIME: LINK-USD UNKNOWN -> LOW (24h Range: 0.00%)
21:25:48 [INFO]  VOL REGIME: UNI-USD UNKNOWN -> LOW (24h Range: 0.00%)
21:25:48 [INFO]  VOL REGIME: AVAX-USD UNKNOWN -> LOW (24h Range: 0.14%)
21:25:48 [INFO]  VOL REGIME: BNB-USD UNKNOWN -> LOW (24h Range: 0.10%)
21:25:48 [INFO]  VOL REGIME: WIF-USD UNKNOWN -> LOW (24h Range: 0.00%)
21:25:48 [INFO]  VOL REGIME: HYPE-USD UNKNOWN -> LOW (24h Range: 0.06%)
21:25:48 [INFO]  VOL REGIME: ZRO-USD UNKNOWN -> LOW (24h Range: 0.00%)
21:25:48 [INFO]  VOL REGIME: LDO-USD UNKNOWN -> LOW (24h Range: 0.00%)
21:25:48 [INFO]  VOL REGIME: CRV-USD UNKNOWN -> LOW (24h Range: 0.00%)
21:25:48 [INFO]  VOL REGIME: AAVE-USD UNKNOWN -> LOW (24h Range: 0.00%)
21:25:48 [INFO]  VOL REGIME: POPCAT-USD UNKNOWN -> LOW (24h Range: 0.00%)
21:25:49 [INFO]  VOL REGIME: ONDO-USD UNKNOWN -> LOW (24h Range: 0.00%)
21:25:49 [INFO]  VOL REGIME: TON-USD UNKNOWN -> LOW (24h Range: 0.00%)
21:25:49 [INFO]  VOL REGIME: APEX-USD UNKNOWN -> LOW (24h Range: 0.00%)
21:25:49 [INFO]  VOL REGIME: NEAR-USD UNKNOWN -> LOW (24h Range: 0.00%)
21:25:49 [INFO]  VOL REGIME: WLFI-USD UNKNOWN -> LOW (24h Range: 0.00%)
21:25:49 [INFO]  VOL REGIME: VIRTUAL-USD UNKNOWN -> LOW (24h Range: 0.00%)
21:25:49 [INFO]  VOL REGIME: ZORA-USD UNKNOWN -> LOW (24h Range: 0.00%)
21:25:49 [INFO]  VOL REGIME: SOL-USD UNKNOWN -> LOW (24h Range: 0.14%)
21:25:49 [INFO]  VOL REGIME: ADA-USD UNKNOWN -> LOW (24h Range: 0.00%)
21:25:49 [INFO]  VOL REGIME: XRP-USD UNKNOWN -> LOW (24h Range: 0.06%)
21:25:49 [INFO]  VOL REGIME: EDEN-USD UNKNOWN -> LOW (24h Range: 0.12%)
21:25:49 [INFO]  VOL REGIME: PENDLE-USD UNKNOWN -> LOW (24h Range: 0.00%)
21:25:49 [INFO]  VOL REGIME: TIA-USD UNKNOWN -> LOW (24h Range: 0.00%)
21:25:49 [INFO]  VOL REGIME: AVNT-USD UNKNOWN -> LOW (24h Range: 0.00%)
21:25:49 [INFO]  VOL REGIME: ZEC-USD UNKNOWN -> LOW (24h Range: 0.06%)
21:25:49 [INFO]  VOL REGIME: PENGU-USD UNKNOWN -> LOW (24h Range: 0.03%)
21:25:49 [INFO]  VOL REGIME: IP-USD UNKNOWN -> LOW (24h Range: 0.00%)
21:25:49 [DEBUG] 🔄 Skip BERA-USD: Already open (in open_syms)
21:25:49 [INFO]  VOL REGIME: ARB-USD UNKNOWN -> LOW (24h Range: 0.00%)
21:25:49 [INFO]  VOL REGIME: BTC-USD UNKNOWN -> LOW (24h Range: 0.14%)
21:25:49 [DEBUG] 🔄 Skip FARTCOIN-USD: Already open (in open_syms)
21:25:49 [INFO]  VOL REGIME: APT-USD UNKNOWN -> LOW (24h Range: 0.00%)
21:25:49 [INFO]  VOL REGIME: ENA-USD UNKNOWN -> LOW (24h Range: 0.00%)
21:25:49 [INFO]  VOL REGIME: OP-USD UNKNOWN -> LOW (24h Range: 0.00%)
21:25:49 [INFO]  VOL REGIME: TRUMP-USD UNKNOWN -> LOW (24h Range: 0.00%)
21:25:49 [INFO]  VOL REGIME: LTC-USD UNKNOWN -> LOW (24h Range: 0.00%)
21:25:49 [INFO]  VOL REGIME: STRK-USD UNKNOWN -> LOW (24h Range: 0.00%)
21:25:49 [INFO]  VOL REGIME: MNT-USD UNKNOWN -> LOW (24h Range: 0.00%)
21:25:49 [INFO]  VOL REGIME: LINEA-USD UNKNOWN -> LOW (24h Range: 0.00%)
21:25:49 [INFO]  VOL REGIME: RESOLV-USD UNKNOWN -> LOW (24h Range: 0.22%)
21:25:49 [DEBUG] ⛔ Skip XAU-USD: TradFi/FX
21:25:49 [INFO]  VOL REGIME: KAITO-USD UNKNOWN -> LOW (24h Range: 0.00%)
21:25:49 [INFO]  VOL REGIME: EIGEN-USD UNKNOWN -> LOW (24h Range: 0.00%)
21:25:49 [DEBUG] ⛔ Skip XAG-USD: TradFi/FX
21:25:49 [INFO]  VOL REGIME: 1000BONK-USD UNKNOWN -> LOW (24h Range: 0.00%)
21:25:49 [DEBUG] ⛔ Skip SPX-USD: TradFi/FX
21:25:49 [INFO]  VOL REGIME: 1000SHIB-USD UNKNOWN -> LOW (24h Range: 0.00%)
21:25:49 [INFO]  VOL REGIME: PUMP-USD UNKNOWN -> LOW (24h Range: 0.02%)
21:25:49 [INFO]  VOL REGIME: S-USD UNKNOWN -> LOW (24h Range: 0.19%)
21:25:49 [INFO]  VOL REGIME: TAO-USD UNKNOWN -> LOW (24h Range: 0.00%)
21:25:49 [INFO]  VOL REGIME: ASTER-USD UNKNOWN -> LOW (24h Range: 0.02%)
21:25:49 [INFO]  VOL REGIME: 1000PEPE-USD UNKNOWN -> LOW (24h Range: 0.00%)
21:25:49 [INFO]  VOL REGIME: XPL-USD UNKNOWN -> LOW (24h Range: 0.00%)
21:25:49 [INFO]  VOL REGIME: WLD-USD UNKNOWN -> LOW (24h Range: 0.00%)
21:25:49 [INFO]  VOL REGIME: GRASS-USD UNKNOWN -> LOW (24h Range: 0.00%)
21:25:49 [INFO]  VOL REGIME: TRX-USD UNKNOWN -> LOW (24h Range: 0.00%)
21:25:49 [INFO] ✅ Found 28 opportunities from 61 valid pairs (farm_mode=True, scanned=67)
21:25:49 [INFO] 🎯 Found 3 opportunities, executing best...
21:25:49 [DEBUG] Sending GET https://api.starknet.extended.exchange/api/v1/user/balance
21:25:49 [DEBUG] ✅ POPCAT-USD: X10=$147,062, Lighter=$7,045,149, Total=$7,192,211
21:25:49 [INFO] Lighter: Found 2 open positions
21:25:49 [INFO] 📊 Positions: X10=2, Lighter=2
21:25:49 [DEBUG] X10 positions: ['FARTCOIN-USD', 'BERA-USD']
21:25:49 [DEBUG] Lighter positions: ['BERA-USD', 'FARTCOIN-USD']
21:25:49 [INFO] 🔍 DEBUG BERA-USD: entry_time type=<class 'str'>, value=2025-12-02T20:24:52.911966+00:00
21:25:49 [DEBUG] Check BERA-USD: Age=56.3s (Limit=60s)
21:25:49 [INFO] 🔍 DEBUG FARTCOIN-USD: entry_time type=<class 'str'>, value=2025-12-02T20:24:54.211366+00:00
21:25:49 [DEBUG] Check FARTCOIN-USD: Age=55.0s (Limit=60s)
21:25:49 [INFO] 🚜 Farm Mode ACTIVE
21:25:50 [DEBUG] Lighter Balance: Raw=$294.69, Safe=$279.96
21:25:50 [INFO] X10: Detected balance = $299.78
21:25:50 [INFO] 🚀 Launching 1 trades (Slots available: 1)
21:25:50 [DEBUG] Sending GET https://api.starknet.extended.exchange/api/v1/user/positions?
21:25:50 [DEBUG] Using cached positions (age: 1.5s)
21:25:50 [INFO] 🔍 DEBUG BERA-USD: entry_time type=<class 'str'>, value=2025-12-02T20:24:52.911966+00:00
21:25:50 [DEBUG] Check BERA-USD: Age=57.3s (Limit=60s)
21:25:50 [INFO] 🔍 DEBUG FARTCOIN-USD: entry_time type=<class 'str'>, value=2025-12-02T20:24:54.211366+00:00
21:25:50 [DEBUG] Check FARTCOIN-USD: Age=56.0s (Limit=60s)
21:25:50 [INFO] Lighter: Found 2 open positions
21:25:50 [INFO] 💰 Balance: X10=$299.8 (free=$287.2), Lit=$280.0 (free=$267.4) | DB_Trades=2, Real_Positions=2, Locked=$10/ex
21:25:50 [INFO] 🚀 Launching trade for IP-USD (APY=49.9%)
21:25:50 [DEBUG] Sending GET https://api.starknet.extended.exchange/api/v1/user/positions?
21:25:51 [DEBUG] Using cached positions (age: 2.5s)
21:25:51 [INFO] 🔍 DEBUG BERA-USD: entry_time type=<class 'str'>, value=2025-12-02T20:24:52.911966+00:00
21:25:51 [DEBUG] Check BERA-USD: Age=58.3s (Limit=60s)
21:25:51 [INFO] 🔍 DEBUG FARTCOIN-USD: entry_time type=<class 'str'>, value=2025-12-02T20:24:54.211366+00:00
21:25:51 [DEBUG] Check FARTCOIN-USD: Age=57.0s (Limit=60s)
21:25:51 [INFO] ✅ Launched 1 trade tasks this cycle
21:25:51 [INFO] Lighter: Found 2 open positions
21:25:51 [DEBUG] ✅ IP-USD verified: No existing positions on exchanges
21:25:51 [DEBUG] MIN_NOTIONAL IP-USD: min_base=2.00000000 coins, price=$2.3142, min_qty_usd=$4.63, min_notional_api=$10.00, final=$11.00
21:25:51 [DEBUG] Sending GET https://api.starknet.extended.exchange/api/v1/user/balance
21:25:51 [INFO] 🎰 KELLY IP-USD: win_rate=0.0%, kelly_fraction=0.0000, safe_fraction=0.0200, confidence=LOW, samples=1
21:25:51 [INFO] 📊 KELLY SIZE IP-USD: base=$30.0, kelly_recommended=$5.6, final=$30.0
21:25:51 [INFO] 🚀 Opening IP-USD: Size=$30.0 (Min=$24.3)
21:25:51 [INFO] 🔄 [PARALLEL] IP-USD: Lighter POST-ONLY first
21:25:51 [INFO] 🚀 LIGHTER OPEN IP-USD: side=SELL, size_usd=$30.00, price=$2.314200
21:25:51 [DEBUG] 🔍 DEBUG: IP-USD market_id = 34 (raw=34, type=<class 'int'>)
21:25:51 [DEBUG] QUANTIZE IP-USD: USD=30.00, coins=12.963443, raw=1296, lot_size=200, final=1200
21:25:51 [INFO] 🔄 [PARALLEL] IP-USD: X10 MARKET order
21:25:51 [DEBUG] Create Order Tx Info: {"AccountIndex":60113,"ApiKeyIndex":3,"MarketIndex":34,"ClientOrderIndex":1764707188291,"BaseAmount":1200,"Price":23003,"IsAsk":1,"Type":0,"TimeInForce":1,"ReduceOnly":0,"TriggerPrice":0,"OrderExpiry":1767126351692,"ExpiredAt":1764707750692,"Nonce":2235,"Sig":"vtqaTD0/7GvtnE1B7LMZbWTrLnjo8DB3ODaSr5JT3W+AfPuZ/ZJYH3+4iVItHT34JBosCJIJ3Oc6EZG90Q6JkjvV3hqMSbwdori0YCxK4wk="}
21:25:51 [DEBUG] Placing an order: id=2730382034242595627933186309626034585004567005902600504413882468505684417277
21:25:51 [DEBUG] Sending POST https://api.starknet.extended.exchange/api/v1/user/order, headers={<RequestHeader.ACCEPT: 'Accept'>: 'application/json', <RequestHeader.CONTENT_TYPE: 'Content-Type'>: 'application/json', <RequestHeader.USER_AGENT: 'User-Agent'>: 'X10PythonTradingClient/0.0.17', <RequestHeader.API_KEY: 'X-Api-Key'>: 'a1c9207f79f0e57ddc454bf1e16dbe49'}
21:25:51 [DEBUG] Create Order Send Tx Response: code=200 message='{"ratelimit": "didn\'t use volume quota"}' tx_hash='e5c0c05b5c1d9a285437bd04078ee9f7918ce5909bed4119057b1284395259bab947735bae2bde76' predicted_execution_time_ms=1764707143625 additional_properties={}
21:25:51 [INFO] Lighter Order: e5c0c05b5c1d9a285437bd04078ee9f7918ce5909bed4119057b1284395259bab947735bae2bde76
21:25:51 [INFO]  X10 Order: 1995952540617400320
21:25:51 [INFO] ✅ [PARALLEL] IP-USD: Both legs filled in 297ms
21:25:51 [DEBUG] 📝 Trade added to state: IP-USD
21:25:51 [DEBUG] 📝 Flushed 1 writes
21:25:51 [DEBUG] 📝 Flushed 1 writes in 0.0ms
21:25:52 [DEBUG] Using cached positions (age: 3.5s)
21:25:52 [INFO] 🔍 DEBUG IP-USD: entry_time type=<class 'str'>, value=2025-12-02T20:25:51.981725+00:00
21:25:52 [DEBUG] Check IP-USD: Age=0.2s (Limit=60s)
21:25:52 [INFO] 🔍 DEBUG BERA-USD: entry_time type=<class 'str'>, value=2025-12-02T20:24:52.911966+00:00
21:25:52 [DEBUG] Check BERA-USD: Age=59.3s (Limit=60s)
21:25:52 [INFO] 🔍 DEBUG FARTCOIN-USD: entry_time type=<class 'str'>, value=2025-12-02T20:24:54.211366+00:00
21:25:52 [DEBUG] Check FARTCOIN-USD: Age=58.0s (Limit=60s)
21:25:52 [INFO] 🚜 [FARM] Profit Take FARTCOIN-USD: Age=57s, Spread=0.023% (sehr niedrig), PnL=$0.00
21:25:52 [INFO]  💸 EXIT FARTCOIN-USD: FARM_QUICK_PROFIT | PnL $0.00 (Fees: $0.00)
21:25:52 [INFO]  🔻 CLOSING FARTCOIN-USD (Atomic Smart Close)...
21:25:52 [INFO] Lighter: Found 3 open positions
21:25:52 [INFO] 🔍 DEBUG close_live_position ENTRY: symbol=FARTCOIN-USD (type=<class 'str'>)
21:25:52 [INFO] 🔍 DEBUG: original_side=BUY (type=<class 'str'>)
21:25:52 [INFO] 🔍 DEBUG: notional_usd=27.3456 (type=<class 'float'>)
21:25:52 [DEBUG] ✅ AAVE-USD: X10=$276,648, Lighter=$44,484, Total=$321,132
21:25:52 [DEBUG] 📊 X10 Funding Cache refresh (current=91)
21:25:52 [DEBUG] Sending GET https://api.starknet.extended.exchange/api/v1/info/markets?
21:25:53 [INFO] Lighter: Found 3 open positions
21:25:53 [INFO] 🔻 LIGHTER CLOSE FARTCOIN-USD: size=-80.000000 coins, side=BUY, price=$0.3417, notional=$27.34
21:25:53 [INFO] 🚀 LIGHTER OPEN FARTCOIN-USD: side=BUY, size_usd=$27.34, price=$0.341700
21:25:53 [DEBUG] 🔍 DEBUG: FARTCOIN-USD market_id = 21 (raw=21, type=<class 'int'>)
21:25:53 [DEBUG] QUANTIZE FARTCOIN-USD: USD=27.34, coins=80.000000, raw=800, lot_size=200, final=800
21:25:53 [DEBUG] Create Order Tx Info: {"AccountIndex":60113,"ApiKeyIndex":3,"MarketIndex":21,"ClientOrderIndex":1764707250500,"BaseAmount":800,"Price":34376,"IsAsk":0,"Type":0,"TimeInForce":1,"ReduceOnly":1,"TriggerPrice":0,"OrderExpiry":1767126353145,"ExpiredAt":1764707752145,"Nonce":2236,"Sig":"jmNnlRZQYe33KD5K2seQ1ckRf5huUdo14X49zWch5HG+vUOl4CvXPRnnehoQfoYVK9c5owyNODnQztAU27CHoznkYzVs2Ux7HGlJy2xrqHg="}
21:25:53 [DEBUG] Create Order Send Tx Response: code=200 message='{"ratelimit": "didn\'t use volume quota"}' tx_hash='e63cf4606624ccd52bd77eb47d416a44d486ce2a079af9e11c6cfd5e1db9388451d5081639e47b25' predicted_execution_time_ms=1764707145077 additional_properties={}
21:25:53 [INFO] Lighter Order: e63cf4606624ccd52bd77eb47d416a44d486ce2a079af9e11c6cfd5e1db9388451d5081639e47b25
21:25:53 [INFO] ✅ Lighter close FARTCOIN-USD: Erfolgreich ($27.34)
21:25:53 [INFO] ✅ Lighter FARTCOIN-USD OK, closing X10...
21:25:54 [DEBUG] MAX_OPEN_TRADES (3) reached, waiting...
21:25:55 [INFO]  X10: 91 Märkte geladen, 91 Funding Rates, 82 Preise
21:25:55 [DEBUG] X10: Funding Refresh OK, cache=91
21:25:55 [DEBUG] 📊 Lighter Funding Cache refresh (current=115)
21:25:55 [DEBUG] Lighter: Loaded 379 funding rates
21:25:56 [DEBUG] 💓 [x10_account] Alive (uptime=70s, last_msg=4s ago)
21:25:56 [DEBUG] 💓 [x10_trades] Alive (uptime=70s, last_msg=0s ago)
21:25:56 [DEBUG] 💓 [lighter] Alive (uptime=70s, last_msg=0s ago)
21:25:56 [DEBUG] 💓 [x10_funding] Alive (uptime=70s, last_msg=55s ago)
21:25:56 [DEBUG] Lighter: Loaded 115 prices via REST
21:25:56 [DEBUG] Lighter: Funding Refresh OK, cache=115
21:25:56 [DEBUG] Sending GET https://api.starknet.extended.exchange/api/v1/user/positions?
21:25:56 [DEBUG] ✅ APEX-USD: X10=$48,298, Lighter=$905,635, Total=$953,933
21:25:56 [INFO] 🔻 Closing X10 FARTCOIN-USD: size=87.000000 coins, side=BUY
21:25:56 [DEBUG] Sending GET https://api.starknet.extended.exchange/api/v1/user/positions?
21:25:56 [INFO] 🔻 X10 CLOSE FARTCOIN-USD: size=87.000000, side=SELL
21:25:56 [DEBUG] Placing an order: id=2542273627297391583682972834924137481016216549137226786927731852310409166542
21:25:56 [DEBUG] Sending POST https://api.starknet.extended.exchange/api/v1/user/order, headers={<RequestHeader.ACCEPT: 'Accept'>: 'application/json', <RequestHeader.CONTENT_TYPE: 'Content-Type'>: 'application/json', <RequestHeader.USER_AGENT: 'User-Agent'>: 'X10PythonTradingClient/0.0.17', <RequestHeader.API_KEY: 'X-Api-Key'>: 'a1c9207f79f0e57ddc454bf1e16dbe49'}
21:25:57 [DEBUG] MAX_OPEN_TRADES (3) reached, waiting...
21:25:57 [INFO]  X10 Order: 1995952562582691840
21:25:59 [DEBUG] Sending GET https://api.starknet.extended.exchange/api/v1/user/positions?
21:25:59 [INFO] ✅ X10 FARTCOIN-USD closed (87.000000 coins)
21:25:59 [INFO] ✅ FARTCOIN-USD fully closed
21:25:59 [INFO] ✅ Trade FARTCOIN-USD closed (PnL: $0.00)
21:25:59 [INFO] ✅ Trade FARTCOIN-USD closed (PnL: $0.00)
21:25:59 [DEBUG] 📝 Flushed 1 writes
21:25:59 [DEBUG] 📝 Flushed 1 writes in 0.0ms
21:25:59 [INFO]  💰 PnL FARTCOIN-USD: $0.00 (FARM_QUICK_PROFIT)
21:25:59 [ERROR] Kelly Sizer record_trade error for FARTCOIN-USD: Format specifier missing precision
21:25:59 [INFO] 🚜 Farm Mode ACTIVE
21:26:00 [INFO] 🔍 🚜 FARM Scanning 67 pairs. Open symbols to skip: {'BERA-USD', 'IP-USD'}
21:26:00 [DEBUG] Price cache status: X10=67/67, Lighter=66/67
21:26:00 [INFO] 🔍 Scanning 67 pairs. Lighter markets: 115, X10 markets: 91
21:26:00 [DEBUG] ✅ ONDO-USD: X10=$115,578, Lighter=$2,050,611, Total=$2,166,189
21:26:00 [DEBUG] MKR-USD: Missing prices (X=1663.9, L=None)
21:26:00 [DEBUG] 📝 Flushed 1 writes
21:26:00 [DEBUG] 📝 Flushed 1 writes in 0.0ms
21:26:00 [DEBUG] Fetching fresh positions (force=False, cache_age=11.7s)
21:26:00 [DEBUG] Sending GET https://api.starknet.extended.exchange/api/v1/user/positions?
21:26:00 [INFO] ✅ Found 0 opportunities with predictions (farm_mode=True)
21:26:00 [INFO] ⚠️ Keine Prediction-Opportunities, nutze Fallback mit echten Funding Rates...
21:26:00 [DEBUG] Skip ZEC-USD: Spread 0.30% too high
21:26:00 [DEBUG] 🔄 Skip IP-USD: Already open (in open_syms)
21:26:00 [DEBUG] 🔄 Skip BERA-USD: Already open (in open_syms)
21:26:00 [INFO]  VOL REGIME: FARTCOIN-USD UNKNOWN -> LOW (24h Range: 0.28%)
21:26:00 [DEBUG] ⛔ Skip XAU-USD: TradFi/FX
21:26:00 [DEBUG] ⛔ Skip XAG-USD: TradFi/FX
21:26:00 [DEBUG] ⛔ Skip SPX-USD: TradFi/FX
21:26:00 [INFO] ✅ Found 26 opportunities from 61 valid pairs (farm_mode=True, scanned=67)
21:26:00 [INFO] 🎯 Found 3 opportunities, executing best...
21:26:00 [DEBUG] Sending GET https://api.starknet.extended.exchange/api/v1/user/balance
21:26:00 [INFO] Lighter: Found 2 open positions
21:26:00 [INFO] 📊 Positions: X10=2, Lighter=2
21:26:00 [DEBUG] X10 positions: ['IP-USD', 'BERA-USD']
21:26:00 [DEBUG] Lighter positions: ['BERA-USD', 'IP-USD']
21:26:00 [INFO] 🔍 DEBUG IP-USD: entry_time type=<class 'str'>, value=2025-12-02T20:25:51.981725+00:00
21:26:00 [DEBUG] Check IP-USD: Age=9.0s (Limit=60s)
21:26:00 [INFO] 🔍 DEBUG BERA-USD: entry_time type=<class 'str'>, value=2025-12-02T20:24:52.911966+00:00
21:26:00 [DEBUG] Check BERA-USD: Age=68.0s (Limit=60s)
21:26:00 [WARNING] 🚜 [FARM] NOT-AUS: Zwangsschließung für BERA-USD (Zeit abgelaufen: 68s > 60s)
21:26:00 [INFO]  🔻 CLOSING BERA-USD (Atomic Smart Close)...
21:26:01 [INFO] Lighter: Found 2 open positions
21:26:01 [INFO] 🔍 DEBUG close_live_position ENTRY: symbol=BERA-USD (type=<class 'str'>)
21:26:01 [INFO] 🔍 DEBUG: original_side=BUY (type=<class 'str'>)
21:26:01 [INFO] 🔍 DEBUG: notional_usd=29.84718 (type=<class 'float'>)
21:26:01 [INFO] Lighter: Found 2 open positions
21:26:01 [INFO] 🔻 LIGHTER CLOSE BERA-USD: size=-33.000000 coins, side=BUY, price=$0.9045, notional=$29.85
21:26:01 [INFO] 🚀 LIGHTER OPEN BERA-USD: side=BUY, size_usd=$29.85, price=$0.904460
21:26:01 [DEBUG] 🔍 DEBUG: BERA-USD market_id = 20 (raw=20, type=<class 'int'>)
21:26:01 [DEBUG] QUANTIZE BERA-USD: USD=29.85, coins=33.000000, raw=330, lot_size=30, final=330
21:26:01 [DEBUG] Create Order Tx Info: {"AccountIndex":60113,"ApiKeyIndex":3,"MarketIndex":20,"ClientOrderIndex":1764707179484,"BaseAmount":330,"Price":90989,"IsAsk":0,"Type":0,"TimeInForce":1,"ReduceOnly":1,"TriggerPrice":0,"OrderExpiry":1767126361895,"ExpiredAt":1764707760895,"Nonce":2237,"Sig":"whr0eZ0rht7yoDCh+1vy9d9xB+rL6iIH5PBuSitTYBLm/IujHmtCOYwg2cnKW6XyybaT/B6xFY5YR5OAnNPQwQTGO4pVLnTOEXQb4tg3ZlA="}
21:26:02 [DEBUG] Create Order Send Tx Response: code=200 message='{"ratelimit": "didn\'t use volume quota"}' tx_hash='6c577f5047f8d029d449ba490c4914a61ead51fe0809f5b341a41706e278e54fc1ce80ea8efdc1c8' predicted_execution_time_ms=1764707153825 additional_properties={}
21:26:02 [INFO] Lighter Order: 6c577f5047f8d029d449ba490c4914a61ead51fe0809f5b341a41706e278e54fc1ce80ea8efdc1c8
21:26:02 [INFO] ✅ Lighter close BERA-USD: Erfolgreich ($29.85)
21:26:02 [INFO] ✅ Lighter BERA-USD OK, closing X10...
21:26:02 [DEBUG] Lighter Balance: Raw=$294.75, Safe=$280.01
21:26:02 [INFO] X10: Detected balance = $299.56
21:26:02 [INFO] 🚀 Launching 1 trades (Slots available: 1)
21:26:02 [DEBUG] Sending GET https://api.starknet.extended.exchange/api/v1/user/positions?
21:26:02 [INFO] Lighter: Found 1 open positions
21:26:02 [INFO] 💰 Balance: X10=$299.6 (free=$287.0), Lit=$280.0 (free=$267.4) | DB_Trades=2, Real_Positions=2, Locked=$10/ex
21:26:02 [INFO] 🚀 Launching trade for APEX-USD (APY=46.4%)
21:26:02 [DEBUG] Sending GET https://api.starknet.extended.exchange/api/v1/user/positions?
21:26:03 [INFO] ✅ Launched 1 trade tasks this cycle
21:26:03 [INFO] Lighter: Found 1 open positions
21:26:03 [DEBUG] ✅ APEX-USD verified: No existing positions on exchanges
21:26:03 [DEBUG] MIN_NOTIONAL APEX-USD: min_base=5.00000000 coins, price=$0.5964, min_qty_usd=$2.98, min_notional_api=$10.00, final=$11.00
21:26:03 [DEBUG] Sending GET https://api.starknet.extended.exchange/api/v1/user/balance
21:26:03 [INFO] 🎰 KELLY APEX-USD: win_rate=0.0%, kelly_fraction=0.0000, safe_fraction=0.0200, confidence=LOW, samples=2
21:26:03 [INFO] 📊 KELLY SIZE APEX-USD: base=$30.0, kelly_recommended=$5.6, final=$30.0
21:26:03 [INFO] 🚀 Opening APEX-USD: Size=$30.0 (Min=$11.0)
21:26:03 [INFO] 🔄 [PARALLEL] APEX-USD: Lighter POST-ONLY first
21:26:03 [INFO] 🚀 LIGHTER OPEN APEX-USD: side=SELL, size_usd=$30.00, price=$0.596430
21:26:03 [DEBUG] 🔍 DEBUG: APEX-USD market_id = 86 (raw=86, type=<class 'int'>)
21:26:03 [DEBUG] QUANTIZE APEX-USD: USD=30.00, coins=50.299281, raw=503, lot_size=50, final=500
21:26:03 [INFO] 🔄 [PARALLEL] APEX-USD: X10 MARKET order
21:26:03 [DEBUG] Create Order Tx Info: {"AccountIndex":60113,"ApiKeyIndex":3,"MarketIndex":86,"ClientOrderIndex":1764707248933,"BaseAmount":500,"Price":59285,"IsAsk":1,"Type":0,"TimeInForce":1,"ReduceOnly":0,"TriggerPrice":0,"OrderExpiry":1767126363961,"ExpiredAt":1764707762961,"Nonce":2238,"Sig":"HWMH1gzAsUVn+lys6gaY5y+8Y7ojEyYVjAEbnvXGyHK68FQEZlObSS9di9D+T0EFCrGnJt2FSr3bunqQ5SJpvrvqW6aZu6x0JTOKHHquDWo="}
21:26:04 [DEBUG] Placing an order: id=755771651340928018402628743506360142405910555875165891338931287772489061484
21:26:04 [DEBUG] Sending POST https://api.starknet.extended.exchange/api/v1/user/order, headers={<RequestHeader.ACCEPT: 'Accept'>: 'application/json', <RequestHeader.CONTENT_TYPE: 'Content-Type'>: 'application/json', <RequestHeader.USER_AGENT: 'User-Agent'>: 'X10PythonTradingClient/0.0.17', <RequestHeader.API_KEY: 'X-Api-Key'>: 'a1c9207f79f0e57ddc454bf1e16dbe49'}
21:26:04 [DEBUG] ✅ TON-USD: X10=$157,092, Lighter=$639,613, Total=$796,705
21:26:04 [DEBUG] Create Order Send Tx Response: code=200 message='{"ratelimit": "didn\'t use volume quota"}' tx_hash='862defb9f015f7eb63cc9f1fe941e6789778adb51df55500df7c9a493f788f82496712825c18b7c8' predicted_execution_time_ms=1764707155890 additional_properties={}
21:26:04 [INFO] Lighter Order: 862defb9f015f7eb63cc9f1fe941e6789778adb51df55500df7c9a493f788f82496712825c18b7c8
21:26:04 [INFO]  X10 Order: 1995952592149323776
21:26:04 [INFO] ✅ [PARALLEL] APEX-USD: Both legs filled in 344ms
21:26:04 [DEBUG] 📝 Trade added to state: APEX-USD
21:26:04 [DEBUG] 📝 Flushed 1 writes
21:26:04 [DEBUG] 📝 Flushed 1 writes in 0.0ms
21:26:05 [DEBUG] Sending GET https://api.starknet.extended.exchange/api/v1/user/positions?
21:26:05 [INFO] 🔻 Closing X10 BERA-USD: size=33.000000 coins, side=BUY
21:26:05 [DEBUG] Sending GET https://api.starknet.extended.exchange/api/v1/user/positions?
21:26:05 [INFO] 🔻 X10 CLOSE BERA-USD: size=33.000000, side=SELL
21:26:05 [DEBUG] Placing an order: id=2910367146643365170582596408830662550005772717465682640584765753609875743413
21:26:05 [DEBUG] Sending POST https://api.starknet.extended.exchange/api/v1/user/order, headers={<RequestHeader.ACCEPT: 'Accept'>: 'application/json', <RequestHeader.CONTENT_TYPE: 'Content-Type'>: 'application/json', <RequestHeader.USER_AGENT: 'User-Agent'>: 'X10PythonTradingClient/0.0.17', <RequestHeader.API_KEY: 'X-Api-Key'>: 'a1c9207f79f0e57ddc454bf1e16dbe49'}
21:26:05 [INFO]  X10 Order: 1995952599246553088
21:26:06 [DEBUG] 💓 [x10_account] Alive (uptime=80s, last_msg=0s ago)
21:26:06 [DEBUG] 💓 [x10_trades] Alive (uptime=80s, last_msg=0s ago)
21:26:06 [DEBUG] 💓 [x10_funding] Alive (uptime=80s, last_msg=5s ago)
21:26:06 [DEBUG] 💓 [lighter] Alive (uptime=80s, last_msg=0s ago)
21:26:06 [DEBUG] MAX_OPEN_TRADES (3) reached, waiting...
21:26:07 [DEBUG] Sending GET https://api.starknet.extended.exchange/api/v1/user/positions?
21:26:08 [INFO] ✅ X10 BERA-USD closed (33.000000 coins)
21:26:08 [INFO] ✅ BERA-USD fully closed
21:26:08 [INFO] ✅ Trade BERA-USD closed (PnL: $0.00)
21:26:08 [INFO] ✅ Trade BERA-USD closed (PnL: $0.00)
21:26:08 [DEBUG] 📝 Flushed 1 writes
21:26:08 [DEBUG] 📝 Flushed 1 writes in 0.0ms
21:26:08 [INFO]  💰 PnL BERA-USD: $0.00 (FARM_TIME_LIMIT)
21:26:08 [INFO] ✅ BERA-USD zwangsgeschlossen (Farm Time Limit)
21:26:08 [WARNING] 🛑 Received SIGINT, initiating graceful shutdown...
21:26:08 [INFO] 🛑 Shutting down...
21:26:08 [INFO] 🛑 Initiating graceful shutdown...
21:26:08 [INFO] 🔍 Supervisor loop stopped
21:26:08 [INFO] 🛑 Cancelling logic_loop...
21:26:08 [INFO] 🛑 Cancelling trade_management_loop...
21:26:08 [INFO] 🛑 Cancelling farm_loop...
21:26:08 [INFO] 🛑 Cancelling maintenance_loop...
21:26:08 [INFO] 🛑 Cancelling cleanup_finished_tasks...
21:26:08 [INFO] 🛑 Cancelling health_reporter...
21:26:08 [INFO] 🛑 Cancelling connection_watchdog...
21:26:08 [INFO] Logic loop cancelled
21:26:08 [INFO] Connection watchdog cancelled
21:26:08 [INFO] ✅ All tasks stopped
21:26:08 [INFO] 🛑 Rollback processor: Shutdown signal received
21:26:08 [INFO] ✅ ParallelExecutionManager: Stopped
21:26:08 [INFO] 🔌 [x10_trades] WebSocket stopped
21:26:09 [DEBUG] 📝 Flushed 1 writes
21:26:09 [DEBUG] 📝 Flushed 1 writes in 0.0ms
21:26:09 [DEBUG] ✅ NEAR-USD: X10=$367,832, Lighter=$760,072, Total=$1,127,904
21:26:12 [WARNING] 🛑 Received SIGINT, initiating graceful shutdown...
21:26:12 [INFO] 🔌 [x10_account] WebSocket stopped
21:26:13 [DEBUG] ✅ WLFI-USD: X10=$824,979, Lighter=$25,220,720, Total=$26,045,699
21:26:13 [INFO] 🔌 [lighter] WebSocket stopped
21:26:13 [INFO] 🔌 [x10_funding] WebSocket stopped
21:26:13 [INFO] ✅ WebSocketManager stopped
21:26:13 [INFO] ✅ OpenInterestTracker stopped
21:26:13 [INFO] 🛑 Stopping InMemoryStateManager...
21:26:13 [INFO] 📝 State writer loop stopped
21:26:13 [INFO] ✅ InMemoryStateManager stopped
21:26:13 [INFO] 🔒 Closing database...
21:26:13 [INFO] 🖊️ Database write loop stopped
21:26:13 [INFO] ✅ Database closed
21:26:13 [INFO] ✅ X10 Adapter geschlossen.
21:26:13 [INFO] ✅ Lighter Adapter closed
21:26:13 [INFO] ✅ Bot V5 shutdown complete
