13:41:22 [INFO]  CONFIG VALIDIERUNG abgeschlossen.
13:41:22 [INFO] 🔥 BOT V5 (Architected) STARTING...
13:41:22 [INFO] 🚀 Starting InMemoryStateManager...
13:41:22 [INFO] 📂 Initializing database: data/trades.db
13:41:22 [INFO] ✅ Read pool created: 5 connections
13:41:22 [INFO] ✅ WAL mode enabled
13:41:22 [INFO] 🔄 Running database migrations...
13:41:22 [INFO] ✅ Migrations complete (15 statements)
13:41:22 [INFO] ✅ Database initialized
13:41:22 [INFO] 🖊️ Database write loop started
13:41:22 [INFO] 📂 Loaded 3 trades from database
13:41:22 [INFO] ✅ InMemoryStateManager started (loaded 3 trades)
13:41:22 [INFO] ✅ State Manager started
13:41:22 [INFO]  Telegram Bot disabled (Token/ChatID missing).
13:41:22 [INFO] ✅ Async database initialized
13:41:22 [INFO] 📝 State writer loop started
13:41:22 [DEBUG] ✅ Database schema up to date
13:41:22 [INFO] Initialisiere X10 Adapter...
13:41:22 [INFO]  X10 Account initialisiert.
13:41:22 [INFO] Initialisiere Lighter Adapter...
13:41:22 [INFO] 💰 FeeManager initialized (Dynamic Fees: ENABLED)
13:41:22 [DEBUG] FeeManager: Adapters set (X10=True, Lighter=True)
13:41:23 [DEBUG] Lighter REST GET /api/v1/fees returned 404
13:41:23 [DEBUG] Lighter Fee Schedule: No API endpoint available, using config
13:41:23 [DEBUG] Lighter Fees: Using config fallback
13:41:23 [INFO] ✅ X10 Fee Schedule from API: Maker=0.000000, Taker=0.000225
13:41:23 [INFO] ✅ X10 Fees updated: Maker=0.000000, Taker=0.000225 (source=api)
13:41:23 [INFO] ✅ FeeManager started with periodic refresh
13:41:23 [INFO] ✅ FeeManager started
13:41:23 [INFO] 📊 Loading Market Data via REST...
13:41:23 [DEBUG] Sending GET https://api.starknet.extended.exchange/api/v1/info/markets?
13:41:24 [INFO] ✅ Lighter: Loaded 116 markets (base data)
13:41:24 [DEBUG] Starting new HTTPS connection (1): mainnet.zklighter.elliot.ai:443
13:41:25 [DEBUG] https://mainnet.zklighter.elliot.ai:443 "GET /api/v1/nextNonce?account_index=60113&api_key_index=3 HTTP/1.1" 200 25
13:41:26 [INFO]  X10: 91 Märkte geladen, 91 Funding Rates, 78 Preise
13:41:28 [INFO] ✅ Lighter: Updated 116 markets with size_decimals from API
13:41:28 [INFO] 📊 MARKET ADA-USD: size_decimals=1, price_decimals=5, min_base_amount=10.0
13:41:28 [INFO] 📊 MARKET SEI-USD: size_decimals=1, price_decimals=5, min_base_amount=50.0
13:41:28 [INFO] 📊 MARKET RESOLV-USD: size_decimals=0, price_decimals=6, min_base_amount=40.0
13:41:28 [INFO] 📊 MARKET TIA-USD: size_decimals=1, price_decimals=5, min_base_amount=3.0
13:41:28 [INFO] ✅ Markets loaded: X10=91, Lighter=116
13:41:28 [INFO] 📈 Pre-loading Lighter prices...
13:41:29 [DEBUG] Lighter: Loaded 383 funding rates
13:41:31 [DEBUG] Lighter: Loaded 102 prices via REST
13:41:31 [INFO] ✅ Lighter prices loaded: 102 symbols
13:41:31 [INFO] 🔥 Warming up execution clients (Network Handshake)...
13:41:31 [DEBUG] Sending GET https://api.starknet.extended.exchange/api/v1/info/markets?
13:41:33 [INFO] ✅ Execution clients warmed up & NETWORK READY
13:41:33 [INFO] FundingPredictorV2 initialized with BTC Correlation
13:41:33 [INFO] 启动 OI Tracker für 68 Symbole...
13:41:33 [INFO] ✅ OpenInterestTracker started (interval=15.0s)
13:41:33 [INFO] 🌐 Starting WebSocket Manager...
13:41:33 [INFO] 📊 OI Tracker: Starting cycle 1 (68 symbols)
13:41:33 [INFO] 🔌 [lighter] WebSocket manager started
13:41:33 [INFO] 🔌 [x10_account] WebSocket manager started
13:41:33 [INFO] 🔌 [x10_trades] WebSocket manager started
13:41:33 [INFO] 🔌 [x10_funding] WebSocket manager started
13:41:33 [INFO] 🔌 [lighter] Connecting with kwargs: {'close_timeout': 5.0, 'max_size': 4194304, 'ping_interval': 20.0, 'ping_timeout': 10.0}
13:41:33 [INFO] 🔌 [x10_account] Connecting with kwargs: {'close_timeout': 5.0, 'max_size': 4194304, 'ping_interval': 15.0, 'additional_headers': {'X-Api-Key': 'a1c9207f79f0e57ddc454bf1e16dbe49', 'User-Agent': 'X10PythonTradingClient/0.4.5'}}
13:41:33 [INFO] 🔌 [x10_trades] Connecting with kwargs: {'close_timeout': 5.0, 'max_size': 4194304, 'ping_interval': 15.0, 'additional_headers': {'X-Api-Key': 'a1c9207f79f0e57ddc454bf1e16dbe49', 'User-Agent': 'X10PythonTradingClient/0.4.5'}}
13:41:33 [INFO] 🔌 [x10_funding] Connecting with kwargs: {'close_timeout': 5.0, 'max_size': 4194304, 'ping_interval': 15.0, 'additional_headers': {'X-Api-Key': 'a1c9207f79f0e57ddc454bf1e16dbe49', 'User-Agent': 'X10PythonTradingClient/0.4.5'}}
13:41:33 [INFO] ✅ WebSocketManager started (Lighter + X10 Account/Trades/Funding)
13:41:34 [DEBUG] ✅ EDEN-USD: X10=$67,795, Lighter=$5,768,433, Total=$5,836,228
13:41:35 [INFO] ✅ [lighter] Connected to wss://mainnet.zklighter.elliot.ai/stream
13:41:35 [INFO] ✅ [lighter] Keepalive enabled: ping_interval=20.0s, ping_timeout=10.0s
13:41:35 [INFO] [lighter] Resubscribing to 85 channels (paced)...
13:41:35 [INFO] [lighter] Receive loop started (async iterator)
13:41:35 [DEBUG] 💓 [lighter] Heartbeat started (stale_threshold=180.0s)
13:41:35 [DEBUG] [lighter] Subscribed to order_book/9
13:41:35 [DEBUG] [lighter] Subscribed to trade/9
13:41:35 [DEBUG] [lighter] Subscribed to order_book/15
13:41:35 [DEBUG] [lighter] Subscribed to trade/15
13:41:35 [INFO] ✅ [x10_funding] Connected to wss://api.starknet.extended.exchange/stream.extended.exchange/v1/funding
13:41:35 [INFO] ✅ [x10_funding] Keepalive enabled: ping_interval=15.0s, ping_timeout=None (auto-pong)
13:41:35 [INFO] [x10_funding] Receive loop started (async iterator)
13:41:35 [DEBUG] 💓 [x10_funding] Heartbeat started (stale_threshold=300.0s)
13:41:35 [DEBUG] [lighter] Subscribed to order_book/91
13:41:35 [DEBUG] [lighter] Subscribed to trade/91
13:41:35 [INFO] ✅ [x10_trades] Connected to wss://api.starknet.extended.exchange/stream.extended.exchange/v1/publicTrades
13:41:35 [INFO] ✅ [x10_trades] Keepalive enabled: ping_interval=15.0s, ping_timeout=None (auto-pong)
13:41:35 [INFO] [x10_trades] Receive loop started (async iterator)
13:41:35 [DEBUG] 💓 [x10_trades] Heartbeat started (stale_threshold=300.0s)
13:41:35 [DEBUG] [lighter] Subscribed to order_book/13
13:41:35 [DEBUG] [lighter] Subscribed to trade/13
13:41:35 [INFO] ✅ [x10_account] Connected to wss://api.starknet.extended.exchange/stream.extended.exchange/v1/account
13:41:35 [INFO] ✅ [x10_account] Keepalive enabled: ping_interval=15.0s, ping_timeout=None (auto-pong)
13:41:35 [INFO] [x10_account] Receive loop started (async iterator)
13:41:35 [DEBUG] 💓 [x10_account] Heartbeat started (stale_threshold=180.0s)
13:41:35 [DEBUG] [lighter] Subscribed to order_book/76
13:41:35 [DEBUG] [lighter] Subscribed to trade/76
13:41:35 [DEBUG] [lighter] Subscribed to order_book/42
13:41:35 [DEBUG] [lighter] Subscribed to trade/42
13:41:35 [DEBUG] [lighter] Resubscribed 10/85 channels
13:41:35 [DEBUG] [lighter] Subscribed to order_book/103
13:41:35 [DEBUG] [lighter] Subscribed to trade/103
13:41:35 [DEBUG] [lighter] Subscribed to order_book/18
13:41:35 [DEBUG] [lighter] Subscribed to trade/18
13:41:35 [DEBUG] [lighter] Subscribed to order_book/51
13:41:35 [DEBUG] [lighter] Subscribed to trade/51
13:41:35 [DEBUG] [lighter] Resubscribed 20/85 channels
13:41:35 [DEBUG] [lighter] Subscribed to order_book/6
13:41:35 [DEBUG] [lighter] Subscribed to trade/6
13:41:35 [DEBUG] [lighter] Subscribed to order_book/37
13:41:35 [DEBUG] [lighter] Subscribed to trade/37
13:41:35 [DEBUG] [lighter] Subscribed to order_book/47
13:41:35 [DEBUG] [lighter] Subscribed to trade/47
13:41:35 [DEBUG] [lighter] Resubscribed 30/85 channels
13:41:35 [DEBUG] [lighter] Subscribed to order_book/38
13:41:35 [DEBUG] [lighter] Subscribed to trade/38
13:41:35 [DEBUG] [lighter] Subscribed to order_book/31
13:41:35 [DEBUG] [lighter] Subscribed to trade/31
13:41:35 [DEBUG] [lighter] Subscribed to order_book/5
13:41:35 [DEBUG] [lighter] Subscribed to trade/5
13:41:35 [DEBUG] [lighter] Resubscribed 40/85 channels
13:41:35 [DEBUG] [lighter] Subscribed to order_book/86
13:41:35 [DEBUG] [lighter] Subscribed to trade/86
13:41:35 [DEBUG] [lighter] Subscribed to order_book/28
13:41:35 [DEBUG] [lighter] Subscribed to trade/28
13:41:35 [DEBUG] [lighter] Subscribed to order_book/53
13:41:35 [DEBUG] [lighter] Subscribed to trade/53
13:41:35 [DEBUG] [lighter] Resubscribed 50/85 channels
13:41:35 [DEBUG] [lighter] Subscribed to order_book/71
13:41:35 [DEBUG] [lighter] Subscribed to trade/71
13:41:35 [DEBUG] [lighter] Subscribed to order_book/67
13:41:35 [DEBUG] [lighter] Subscribed to trade/67
13:41:35 [DEBUG] [lighter] Subscribed to order_book/23
13:41:35 [DEBUG] [lighter] Subscribed to trade/23
13:41:35 [DEBUG] [lighter] Resubscribed 60/85 channels
13:41:35 [DEBUG] [lighter] Subscribed to order_book/92
13:41:35 [DEBUG] [lighter] Subscribed to trade/92
13:41:35 [DEBUG] [lighter] Subscribed to order_book/8
13:41:35 [DEBUG] [lighter] Subscribed to trade/8
13:41:35 [DEBUG] [lighter] Subscribed to order_book/72
13:41:35 [DEBUG] [lighter] Subscribed to trade/72
13:41:35 [DEBUG] [lighter] Subscribed to order_book/11
13:41:35 [DEBUG] [lighter] Subscribed to trade/11
13:41:35 [DEBUG] [lighter] Resubscribed 70/85 channels
13:41:35 [INFO] [x10] Connected to Firehose streams (Trades & Funding) for all markets.
13:41:35 [INFO] 🔗 Components Wired: WS -> OI Tracker -> Prediction
13:41:35 [INFO] 🧟 Starte Zombie-Check: Vergleiche DB mit echten Positionen...
13:41:35 [INFO] 🔍 DB meldet 3 offene Trades. Prüfe Exchange...
13:41:35 [DEBUG] Sending GET https://api.starknet.extended.exchange/api/v1/user/positions?
13:41:35 [DEBUG] [lighter] Resubscribed 80/85 channels
13:41:35 [INFO] [lighter] Resubscribed to 85 channels
13:41:36 [DEBUG] ✅ DOGE-USD: X10=$197,358, Lighter=$19,139,622, Total=$19,336,980
13:41:37 [INFO] Lighter: Found 0 open positions
13:41:37 [INFO] 🌍 Echte Positionen auf Exchanges: []
13:41:37 [WARNING] ⚠️  ZOMBIE GEFUNDEN: AVNT-USD ist in DB offen, aber nicht auf Exchange. Schließe ihn...
13:41:37 [INFO] ✅ Trade AVNT-USD closed (PnL: $0.00)
13:41:37 [WARNING] ⚠️  ZOMBIE GEFUNDEN: VIRTUAL-USD ist in DB offen, aber nicht auf Exchange. Schließe ihn...
13:41:37 [INFO] ✅ Trade VIRTUAL-USD closed (PnL: $0.00)
13:41:37 [WARNING] ⚠️  ZOMBIE GEFUNDEN: BERA-USD ist in DB offen, aber nicht auf Exchange. Schließe ihn...
13:41:37 [INFO] ✅ Trade BERA-USD closed (PnL: $0.00)
13:41:37 [INFO] 🧟 Reverse Ghost Check: Suche Positionen auf Exchange ohne DB Entry...
13:41:37 [DEBUG] Sending GET https://api.starknet.extended.exchange/api/v1/user/positions?
13:41:37 [DEBUG] 📝 Flushed 1 writes
13:41:37 [DEBUG] 📝 Flushed 1 writes in 0.0ms
13:41:38 [DEBUG] [x10_funding] Firehose stream - no subscription needed
13:41:38 [DEBUG] [x10_trades] Firehose stream - no subscription needed
13:41:38 [DEBUG] ✅ BTC-USD: X10=$25,391,234, Lighter=$3,206, Total=$25,394,440
13:41:38 [DEBUG] 📝 Flushed 1 writes in 0.0ms
13:41:39 [DEBUG] 📝 Flushed 2 writes
13:41:39 [DEBUG] 📝 Flushed 1 writes in 0.0ms
13:41:39 [INFO] Lighter: Found 0 open positions
13:41:39 [INFO] ✅ No orphaned positions found
13:41:39 [INFO] ✅ ParallelExecutionManager: Rollback processor started
13:41:39 [INFO] ✅ ParallelExecutionManager started
13:41:39 [DEBUG] Registered task: logic_loop (priority=HIGH)
13:41:39 [DEBUG] Registered task: trade_management_loop (priority=HIGH)
13:41:39 [DEBUG] Registered task: farm_loop (priority=NORMAL)
13:41:39 [DEBUG] Registered task: maintenance_loop (priority=LOW)
13:41:39 [DEBUG] Registered task: cleanup_finished_tasks (priority=LOW)
13:41:39 [DEBUG] Registered task: health_reporter (priority=LOW)
13:41:39 [DEBUG] Registered task: connection_watchdog (priority=CRITICAL)
13:41:39 [INFO] ═══════════════════════════════════════════════════════════
13:41:39 [INFO]    BOT V5 RUNNING 24/7 - SUPERVISED | Ctrl+C = Stop   
13:41:39 [INFO] ═══════════════════════════════════════════════════════════
13:41:39 [INFO] 🚀 BotEventLoop starting...
13:41:39 [INFO] ▶️ Started task: connection_watchdog
13:41:39 [INFO] ▶️ Started task: logic_loop
13:41:39 [INFO] ▶️ Started task: trade_management_loop
13:41:39 [INFO] ▶️ Started task: farm_loop
13:41:39 [INFO] ▶️ Started task: maintenance_loop
13:41:39 [INFO] ▶️ Started task: cleanup_finished_tasks
13:41:39 [INFO] ▶️ Started task: health_reporter
13:41:39 [INFO] ✅ Started 7 tasks
13:41:39 [INFO] 🔄 Rollback processor running...
13:41:39 [INFO] 🐕 Connection Watchdog gestartet (Timeout: 120s)
13:41:39 [INFO] Logic Loop gestartet – REFRESH alle 3s
13:41:39 [INFO] ⚡ Latency Arb Detector initialized (threshold: 5.0s)
13:41:39 [INFO] 🔍 🚜 FARM Scanning 68 pairs. Open symbols to skip: set()
13:41:39 [DEBUG] Price cache status: X10=68/68, Lighter=67/68
13:41:39 [INFO] 🔍 Scanning 68 pairs. Lighter markets: 116, X10 markets: 91
13:41:39 [INFO] 🛡️ Trade Management Loop gestartet
13:41:39 [INFO] 🚜 Farm Mode ACTIVE
13:41:39 [DEBUG] Sending GET https://api.starknet.extended.exchange/api/v1/user/balance
13:41:39 [DEBUG] 📊 X10 Funding Cache refresh (current=91)
13:41:39 [DEBUG] Sending GET https://api.starknet.extended.exchange/api/v1/info/markets?
13:41:39 [DEBUG] MKR-USD: Missing prices (X=1663.9, L=None)
13:41:39 [INFO] ⚠️ No prediction opportunities, using fallback logic...
13:41:39 [INFO]  Volatility Monitor initialized: Low<3.0%, Normal<10.0%, High<20.0%, Hard Cap<50.0%
13:41:39 [INFO] 🔍 DEBUG DOGE-USD: rl=0.00011700, rx=0.00001300, net=0.00010400, apy=91.1%
13:41:39 [INFO] 💎 DOGE-USD | APY: 91.1%
13:41:39 [INFO] 🔍 DEBUG AAVE-USD: rl=0.00010000, rx=0.00001300, net=0.00008700, apy=76.2%
13:41:39 [DEBUG] Skip AAVE-USD: Spread 0.44% too high
13:41:39 [INFO] 🔍 DEBUG AVNT-USD: rl=0.00001200, rx=-0.00005300, net=0.00006500, apy=56.9%
13:41:39 [INFO] 💎 AVNT-USD | APY: 56.9%
13:41:39 [INFO] 🔍 DEBUG XRP-USD: rl=0.00023800, rx=0.00000100, net=0.00023700, apy=207.6%
13:41:39 [INFO] 💎 XRP-USD | APY: 207.6%
13:41:39 [INFO] 🔍 DEBUG VIRTUAL-USD: rl=0.00001200, rx=-0.00007200, net=0.00008400, apy=73.6%
13:41:39 [INFO] 💎 VIRTUAL-USD | APY: 73.6%
13:41:39 [INFO] 🔍 DEBUG ZEC-USD: rl=0.00040200, rx=0.00001300, net=0.00038900, apy=340.8%
13:41:39 [INFO] 💎 ZEC-USD | APY: 340.8%
13:41:39 [DEBUG] ⛔ Skip XAG-USD: TradFi/FX
13:41:39 [INFO] 🔍 DEBUG KAITO-USD: rl=0.00001200, rx=-0.00004700, net=0.00005900, apy=51.7%
13:41:39 [INFO] 💎 KAITO-USD | APY: 51.7%
13:41:39 [INFO] 🔍 DEBUG TRUMP-USD: rl=0.00001200, rx=-0.00004800, net=0.00006000, apy=52.6%
13:41:39 [INFO] 💎 TRUMP-USD | APY: 52.6%
13:41:39 [INFO] 🔍 DEBUG MON-USD: rl=-0.00009800, rx=-0.00000100, net=-0.00009700, apy=85.0%
13:41:39 [INFO] 💎 MON-USD | APY: 85.0%
13:41:39 [INFO] 🔍 DEBUG LINEA-USD: rl=0.00001200, rx=-0.00006500, net=0.00007700, apy=67.5%
13:41:39 [INFO] 💎 LINEA-USD | APY: 67.5%
13:41:39 [DEBUG] ⛔ Skip SPX-USD: TradFi/FX
13:41:39 [INFO] 🔍 DEBUG RESOLV-USD: rl=-0.00003100, rx=-0.00025900, net=0.00022800, apy=199.7%
13:41:39 [INFO] 💎 RESOLV-USD | APY: 199.7%
13:41:39 [INFO] 🔍 DEBUG PENDLE-USD: rl=0.00010800, rx=0.00001300, net=0.00009500, apy=83.2%
13:41:39 [INFO] 💎 PENDLE-USD | APY: 83.2%
13:41:39 [DEBUG] Skip APEX-USD: Spread 0.74% too high
13:41:39 [INFO] 🔍 DEBUG ZORA-USD: rl=0.00001200, rx=-0.00012700, net=0.00013900, apy=121.8%
13:41:39 [INFO] 💎 ZORA-USD | APY: 121.8%
13:41:39 [DEBUG] ⛔ Skip XAU-USD: TradFi/FX
13:41:39 [INFO] 🔍 DEBUG LINK-USD: rl=0.00007300, rx=0.00001300, net=0.00006000, apy=52.6%
13:41:39 [INFO] 💎 LINK-USD | APY: 52.6%
13:41:39 [INFO] 🔍 DEBUG WLFI-USD: rl=0.00001200, rx=-0.00005100, net=0.00006300, apy=55.2%
13:41:39 [INFO] 💎 WLFI-USD | APY: 55.2%
13:41:39 [INFO] ✅ Found 24 opportunities from 64 valid pairs (farm_mode=True, scanned=68)
13:41:39 [INFO] 🎯 Found 3 opportunities, executing best...
13:41:39 [DEBUG] Sending GET https://api.starknet.extended.exchange/api/v1/user/balance
13:41:40 [DEBUG] ✅ TRX-USD: X10=$490,334, Lighter=$6,699,262, Total=$7,189,596
13:41:41 [DEBUG] Lighter Balance: Raw=$291.13, Safe=$276.58
13:41:41 [INFO] 🚜 Opening FARM: EDEN-USD APY=19.3%
13:41:41 [DEBUG] Sending GET https://api.starknet.extended.exchange/api/v1/user/positions?
13:41:41 [DEBUG] Lighter Balance: Raw=$291.13, Safe=$276.58
13:41:41 [INFO] X10: Detected balance = $298.83
13:41:41 [INFO] 🚀 Launching 2 trades (Slots available: 2)
13:41:41 [DEBUG] Sending GET https://api.starknet.extended.exchange/api/v1/user/positions?
13:41:41 [DEBUG] ✅ AAVE-USD: X10=$497,641, Lighter=$48,074, Total=$545,715
13:41:42 [INFO]  X10: 91 Märkte geladen, 91 Funding Rates, 82 Preise
13:41:42 [DEBUG] X10: Funding Refresh OK, cache=91
13:41:42 [DEBUG] 📊 Lighter Funding Cache refresh (current=116)
13:41:42 [INFO] Lighter: Found 0 open positions
13:41:42 [DEBUG] ✅ EDEN-USD verified: No existing positions on exchanges
13:41:42 [DEBUG] 🧠 EDEN-USD: Prediction conf=0.50, delta=-0.000019
13:41:42 [DEBUG] MIN_NOTIONAL EDEN-USD: min_base=15.00000000 coins, price=$0.0815, min_qty_usd=$1.22, min_notional_api=$10.00, final=$11.00
13:41:42 [DEBUG] Sending GET https://api.starknet.extended.exchange/api/v1/user/balance
13:41:42 [INFO] 🎲 KellyPositionSizer initialized (Safety=0.25, MaxFraction=0.1)
13:41:42 [INFO] 🎰 KELLY EDEN-USD: win_rate=60.0%, kelly_fraction=0.2000, safe_fraction=0.0250, confidence=LOW, samples=0
13:41:42 [INFO] 📊 KELLY SIZE EDEN-USD: base=$30.0, kelly_recommended=$6.9, final=$30.0
13:41:42 [INFO] 🚀 Opening EDEN-USD: Size=$30.0 (Min=$11.0)
13:41:42 [INFO] 🔄 [PARALLEL] EDEN-USD: Lighter POST-ONLY first
13:41:42 [INFO] 🚀 LIGHTER OPEN EDEN-USD: side=SELL, size_usd=$30.00, price=$0.081460
13:41:42 [DEBUG] 🔍 DEBUG: EDEN-USD market_id = 89 (raw=89, type=<class 'int'>)
13:41:42 [DEBUG] QUANTIZE EDEN-USD: USD=30.00, coins=368.278910, raw=3683, lot_size=150, final=3600
13:41:42 [INFO] 🔄 [PARALLEL] EDEN-USD: X10 MARKET order
13:41:42 [DEBUG] Lighter: Loaded 383 funding rates
13:41:42 [DEBUG] Create Order Tx Info: {"AccountIndex":60113,"ApiKeyIndex":3,"MarketIndex":89,"ClientOrderIndex":1764852199417,"BaseAmount":3600,"Price":8097,"IsAsk":1,"Type":0,"TimeInForce":1,"ReduceOnly":0,"TriggerPrice":0,"OrderExpiry":1767271302472,"ExpiredAt":1764852701472,"Nonce":2434,"Sig":"HyEfAaScpW3n/qR5iRMC/U6mpqjG+7FGk7TW6ox6ljh87QUDQ+ElfKlbMfDTnZUpOIrbW8FoHAQOu2rezGOesSnFaND40sKSsbCTaC5YjiU="}
13:41:42 [DEBUG] Sending GET https://api.starknet.extended.exchange/api/v1/info/markets?
13:41:42 [DEBUG] Create Order Send Tx Response: code=200 message='{"ratelimit": "didn\'t use volume quota"}' tx_hash='f6248c8c6f6517abd3cad388a9391ca61358c9c705486272e7a812b911aa0ce82d649b6f765d397f' predicted_execution_time_ms=1764852094762 additional_properties={}
13:41:42 [INFO] Lighter Order: f6248c8c6f6517abd3cad388a9391ca61358c9c705486272e7a812b911aa0ce82d649b6f765d397f
13:41:42 [INFO] Lighter: Found 0 open positions
13:41:42 [INFO] 💰 Balance: X10=$298.8 (free=$264.3), Lit=$276.6 (free=$242.1) | DB_Trades=0, Real_Positions=0, Locked=$0/ex
13:41:42 [INFO] 🚀 Launching trade for ZEC-USD (APY=340.8%)
13:41:42 [DEBUG] Sending GET https://api.starknet.extended.exchange/api/v1/user/positions?
13:41:43 [DEBUG] Placing an order: id=598817564979932150861565975922126759940476231089813292455953241685403756747
13:41:43 [DEBUG] Sending POST https://api.starknet.extended.exchange/api/v1/user/order, headers={<RequestHeader.ACCEPT: 'Accept'>: 'application/json', <RequestHeader.CONTENT_TYPE: 'Content-Type'>: 'application/json', <RequestHeader.USER_AGENT: 'User-Agent'>: 'X10PythonTradingClient/0.0.17', <RequestHeader.API_KEY: 'X-Api-Key'>: 'a1c9207f79f0e57ddc454bf1e16dbe49'}
13:41:43 [INFO] 🚀 Launching trade for XRP-USD (APY=207.6%)
13:41:43 [DEBUG] Sending GET https://api.starknet.extended.exchange/api/v1/user/positions?
13:41:43 [INFO] Lighter: Found 1 open positions
13:41:43 [DEBUG] ✅ ZEC-USD verified: No existing positions on exchanges
13:41:43 [DEBUG] 🧠 ZEC-USD: Prediction conf=0.51, delta=-0.000331
13:41:43 [DEBUG] MIN_NOTIONAL ZEC-USD: min_base=0.10000000 coins, price=$364.1500, min_qty_usd=$36.41, min_notional_api=$10.00, final=$40.06
13:41:43 [DEBUG] Sending GET https://api.starknet.extended.exchange/api/v1/user/balance
13:41:43 [INFO] ✅ Launched 2 trade tasks this cycle
13:41:44 [INFO] Lighter: Found 1 open positions
13:41:44 [DEBUG] ✅ XRP-USD verified: No existing positions on exchanges
13:41:44 [DEBUG] 🧠 XRP-USD: Prediction conf=0.50, delta=-0.000201
13:41:44 [DEBUG] MIN_NOTIONAL XRP-USD: min_base=20.00000000 coins, price=$2.1497, min_qty_usd=$42.99, min_notional_api=$10.00, final=$47.29
13:41:44 [INFO]  X10 Order: 1996560516248932352
13:41:44 [INFO] ✅ [PARALLEL] EDEN-USD: Both legs filled in 1906ms
13:41:44 [DEBUG] 📝 Trade added to state: EDEN-USD
13:41:44 [DEBUG] FeeManager: Using X10 schedule fee: 0.000225 (maker=False, source=api)
13:41:44 [INFO] ✅ OPENED EDEN-USD: $30.00 | Entry Fees (est.): $0.0067
13:41:44 [DEBUG] 📝 Flushed 1 writes
13:41:44 [DEBUG] 📝 Flushed 1 writes in 0.0ms
13:41:44 [DEBUG] Fetching fresh positions (force=False, cache_age=1764852104.6s)
13:41:44 [DEBUG] Sending GET https://api.starknet.extended.exchange/api/v1/user/positions?
13:41:44 [DEBUG] Lighter Balance: Raw=$291.12, Safe=$276.56
13:41:44 [INFO] 🎰 KELLY ZEC-USD: win_rate=60.0%, kelly_fraction=0.2000, safe_fraction=0.0325, confidence=LOW, samples=0
13:41:44 [INFO] 📊 KELLY SIZE ZEC-USD: base=$30.0, kelly_recommended=$8.0, final=$40.1
13:41:44 [DEBUG] Sending GET https://api.starknet.extended.exchange/api/v1/user/balance
13:41:44 [INFO] 🎰 KELLY XRP-USD: win_rate=60.0%, kelly_fraction=0.2000, safe_fraction=0.0325, confidence=LOW, samples=0
13:41:44 [INFO] 📊 KELLY SIZE XRP-USD: base=$30.0, kelly_recommended=$8.0, final=$47.3
13:41:44 [DEBUG] 🧹 Cleaned task: EDEN-USD
13:41:44 [INFO] 🚀 Opening ZEC-USD: Size=$40.1 (Min=$40.1)
13:41:44 [INFO] 🔄 [PARALLEL] ZEC-USD: Lighter POST-ONLY first
13:41:44 [INFO] 🚀 Opening XRP-USD: Size=$47.3 (Min=$47.3)
13:41:44 [INFO] 🔄 [PARALLEL] XRP-USD: Lighter POST-ONLY first
13:41:44 [INFO] 🚀 LIGHTER OPEN ZEC-USD: side=SELL, size_usd=$40.06, price=$364.012000
13:41:44 [DEBUG] 🔍 DEBUG: ZEC-USD market_id = 90 (raw=90, type=<class 'int'>)
13:41:44 [DEBUG] QUANTIZE ZEC-USD: USD=40.06, coins=0.110042, raw=110, lot_size=100, final=100
13:41:44 [INFO] 🔄 [PARALLEL] ZEC-USD: X10 MARKET order
13:41:44 [INFO] 🔄 [PARALLEL] XRP-USD: X10 MARKET order
13:41:44 [DEBUG] Create Order Tx Info: {"AccountIndex":60113,"ApiKeyIndex":3,"MarketIndex":90,"ClientOrderIndex":1764852145657,"BaseAmount":100,"Price":361827,"IsAsk":1,"Type":0,"TimeInForce":1,"ReduceOnly":0,"TriggerPrice":0,"OrderExpiry":1767271304987,"ExpiredAt":1764852703987,"Nonce":2435,"Sig":"k8ZMAuuRxDNKT/lKUgXbYKAJAYrfINVGXi0dvPimD71P+LXpxsFGeh4SD6vUMzzEMkHdtLQ0NbCPHr9IwNwoRsXIQNheMj5+PcZ0zAZ4xm4="}
13:41:44 [DEBUG] Lighter: Loaded 104 prices via REST
13:41:45 [DEBUG] Lighter: Funding Refresh OK, cache=116
13:41:45 [DEBUG] 📊 OI→Pred EDEN-USD: OI=$5,836,228, Velocity=0.00, Trend=UNKNOWN
13:41:45 [DEBUG] 📊 OI→Pred DOGE-USD: OI=$19,336,980, Velocity=0.00, Trend=UNKNOWN
13:41:45 [DEBUG] 📊 OI→Pred BTC-USD: OI=$25,394,440, Velocity=0.00, Trend=UNKNOWN
13:41:45 [DEBUG] 📊 OI→Pred TRX-USD: OI=$7,189,596, Velocity=0.00, Trend=UNKNOWN
13:41:45 [DEBUG] 📊 OI→Pred AAVE-USD: OI=$545,715, Velocity=0.00, Trend=UNKNOWN
13:41:45 [INFO] 🔍 Running periodic exchange sync check...
13:41:45 [INFO] 🔍 Starting Exchange Sync Check...
13:41:45 [DEBUG] 🔒 Skipping sync check for EDEN-USD (recently opened, age=0.6s)
13:41:45 [INFO] 🚀 LIGHTER OPEN XRP-USD: side=SELL, size_usd=$47.29, price=$2.152646
13:41:45 [DEBUG] 🔍 DEBUG: XRP-USD market_id = 7 (raw=7, type=<class 'int'>)
13:41:45 [DEBUG] QUANTIZE XRP-USD: USD=47.29, coins=21.969422, raw=22, lot_size=20, final=20
13:41:45 [DEBUG] Create Order Tx Info: {"AccountIndex":60113,"ApiKeyIndex":3,"MarketIndex":7,"ClientOrderIndex":1764852202896,"BaseAmount":20,"Price":2139730,"IsAsk":1,"Type":0,"TimeInForce":1,"ReduceOnly":0,"TriggerPrice":0,"OrderExpiry":1767271305018,"ExpiredAt":1764852704018,"Nonce":2436,"Sig":"FLJ//CR7Iyk+P6/Cr/GhV/8bDbcw/rNpi5as8MiSqaBBmsSc+1yoYR7X6bETk5ERCoGSoOZffZWz6eOjs+YCkw5JLkeEG2MdLW187CJstn4="}
13:41:45 [DEBUG] Placing an order: id=2969843108199236420713791805836497877517057147408874730786295380933754520803
13:41:45 [DEBUG] Sending POST https://api.starknet.extended.exchange/api/v1/user/order, headers={<RequestHeader.ACCEPT: 'Accept'>: 'application/json', <RequestHeader.CONTENT_TYPE: 'Content-Type'>: 'application/json', <RequestHeader.USER_AGENT: 'User-Agent'>: 'X10PythonTradingClient/0.0.17', <RequestHeader.API_KEY: 'X-Api-Key'>: 'a1c9207f79f0e57ddc454bf1e16dbe49'}
13:41:45 [DEBUG] 💓 [lighter] Alive (uptime=10s, last_msg=0s ago, msgs=10904)
13:41:45 [DEBUG] Sending GET https://api.starknet.extended.exchange/api/v1/user/positions?
13:41:45 [INFO] Lighter: Found 1 open positions
13:41:45 [INFO] 📊 Positions: X10=1, Lighter=1
13:41:45 [DEBUG] X10 positions: ['EDEN-USD']
13:41:45 [DEBUG] Lighter positions: ['EDEN-USD']
13:41:45 [INFO] 🔍 DEBUG EDEN-USD: entry_time type=<class 'str'>, value=2025-12-04T12:41:44.364968+00:00
13:41:45 [DEBUG] Check EDEN-USD: Age=0.8s (Limit=2700s)
13:41:45 [DEBUG] FeeManager: Using X10 schedule fee: 0.0 (maker=True, source=api)
13:41:45 [DEBUG] FeeManager: Using X10 schedule fee: 0.000225 (maker=False, source=api)
13:41:45 [INFO] 🔍 FeeManager Stats: enabled=True, X10(source=api, maker=0.000000, taker=0.000225), Lighter(source=config, maker=0.000000, taker=0.000000)
13:41:45 [DEBUG] FeeManager: Using X10 schedule fee: 0.000225 (maker=False, source=api)
13:41:45 [DEBUG] FeeManager: Using X10 schedule fee: 0.000225 (maker=False, source=api)
13:41:45 [DEBUG] FeeManager: Using X10 schedule fee: 0.000225 (maker=False, source=api)
13:41:45 [DEBUG] FeeManager: Using X10 schedule fee: 0.000225 (maker=False, source=api)
13:41:45 [DEBUG] 💓 [x10_trades] Alive (uptime=10s, last_msg=1s ago, msgs=62)
13:41:45 [DEBUG] Placing an order: id=3561590277948504211847236284164498532772689004917648306731158644218435724917
13:41:45 [DEBUG] Sending POST https://api.starknet.extended.exchange/api/v1/user/order, headers={<RequestHeader.ACCEPT: 'Accept'>: 'application/json', <RequestHeader.CONTENT_TYPE: 'Content-Type'>: 'application/json', <RequestHeader.USER_AGENT: 'User-Agent'>: 'X10PythonTradingClient/0.0.17', <RequestHeader.API_KEY: 'X-Api-Key'>: 'a1c9207f79f0e57ddc454bf1e16dbe49'}
13:41:45 [DEBUG] 💓 [x10_account] Alive (uptime=10s, last_msg=1s ago, msgs=8)
13:41:45 [DEBUG] Create Order Send Tx Response: code=200 message='{"ratelimit": "didn\'t use volume quota"}' tx_hash='d4579f231a1b454568bab0777f887e3c9f11c2a897965e20cb3f9d9c123bb68ba6e1479d2afb84ec' predicted_execution_time_ms=1764852097294 additional_properties={}
13:41:45 [INFO] Lighter Order: d4579f231a1b454568bab0777f887e3c9f11c2a897965e20cb3f9d9c123bb68ba6e1479d2afb84ec
13:41:45 [INFO]  X10 Order: 1996560520392425472
13:41:45 [INFO] ✅ [PARALLEL] ZEC-USD: Both legs filled in 375ms
13:41:45 [DEBUG] 📝 Trade added to state: ZEC-USD
13:41:45 [DEBUG] FeeManager: Using X10 schedule fee: 0.000225 (maker=False, source=api)
13:41:45 [INFO] ✅ OPENED ZEC-USD: $40.06 | Entry Fees (est.): $0.0090
13:41:45 [DEBUG] ✅ OP-USD: X10=$317,695, Lighter=$4,302,338, Total=$4,620,033
13:41:45 [INFO] Lighter: Found 2 open positions
13:41:45 [INFO] 🔒 Skipping sync check for ZEC-USD (Task Active)
13:41:46 [DEBUG] Using cached positions (age: 1.5s)
13:41:46 [INFO] 🔍 DEBUG EDEN-USD: entry_time type=<class 'str'>, value=2025-12-04T12:41:44.364968+00:00
13:41:46 [DEBUG] Check EDEN-USD: Age=1.8s (Limit=2700s)
13:41:46 [DEBUG] FeeManager: Using X10 schedule fee: 0.0 (maker=True, source=api)
13:41:46 [DEBUG] FeeManager: Using X10 schedule fee: 0.000225 (maker=False, source=api)
13:41:46 [INFO] 🔍 FeeManager Stats: enabled=True, X10(source=api, maker=0.000000, taker=0.000225), Lighter(source=config, maker=0.000000, taker=0.000000)
13:41:46 [DEBUG] FeeManager: Using X10 schedule fee: 0.000225 (maker=False, source=api)
13:41:46 [DEBUG] FeeManager: Using X10 schedule fee: 0.000225 (maker=False, source=api)
13:41:46 [DEBUG] FeeManager: Using X10 schedule fee: 0.000225 (maker=False, source=api)
13:41:46 [DEBUG] FeeManager: Using X10 schedule fee: 0.000225 (maker=False, source=api)
13:41:46 [INFO] 🔍 DEBUG ZEC-USD: entry_time type=<class 'str'>, value=2025-12-04T12:41:45.353001+00:00
13:41:46 [DEBUG] Check ZEC-USD: Age=0.8s (Limit=2700s)
13:41:46 [DEBUG] FeeManager: Using X10 schedule fee: 0.0 (maker=True, source=api)
13:41:46 [DEBUG] FeeManager: Using X10 schedule fee: 0.000225 (maker=False, source=api)
13:41:46 [INFO] 🔍 FeeManager Stats: enabled=True, X10(source=api, maker=0.000000, taker=0.000225), Lighter(source=config, maker=0.000000, taker=0.000000)
13:41:46 [DEBUG] FeeManager: Using X10 schedule fee: 0.000225 (maker=False, source=api)
13:41:46 [DEBUG] FeeManager: Using X10 schedule fee: 0.000225 (maker=False, source=api)
13:41:46 [DEBUG] FeeManager: Using X10 schedule fee: 0.000225 (maker=False, source=api)
13:41:46 [DEBUG] FeeManager: Using X10 schedule fee: 0.000225 (maker=False, source=api)
13:41:46 [DEBUG] Create Order Send Tx Response: code=200 message='{"ratelimit": "didn\'t use volume quota"}' tx_hash='4668648d3c9a34186aab5df4cb0f2ac53f725553a925f6d4b171d644a0c2a17837c7a8060a22aee4' predicted_execution_time_ms=1764852098182 additional_properties={}
13:41:46 [INFO] Lighter Order: 4668648d3c9a34186aab5df4cb0f2ac53f725553a925f6d4b171d644a0c2a17837c7a8060a22aee4
13:41:46 [DEBUG] 📝 Flushed 1 writes
13:41:46 [DEBUG] 📝 Flushed 1 writes in 16.0ms
13:41:46 [INFO]  X10 Order: 1996560524717109248
13:41:46 [INFO] ✅ [PARALLEL] XRP-USD: Both legs filled in 1407ms
13:41:46 [DEBUG] 📝 Trade added to state: XRP-USD
13:41:46 [DEBUG] FeeManager: Using X10 schedule fee: 0.000225 (maker=False, source=api)
13:41:46 [INFO] ✅ OPENED XRP-USD: $47.29 | Entry Fees (est.): $0.0106
13:41:46 [DEBUG] MAX_OPEN_TRADES (3) reached, waiting...
13:41:47 [DEBUG] Using cached positions (age: 2.5s)
13:41:47 [INFO] 🔍 DEBUG EDEN-USD: entry_time type=<class 'str'>, value=2025-12-04T12:41:44.364968+00:00
13:41:47 [DEBUG] Check EDEN-USD: Age=2.8s (Limit=2700s)
13:41:47 [DEBUG] FeeManager: Using X10 schedule fee: 0.0 (maker=True, source=api)
13:41:47 [DEBUG] FeeManager: Using X10 schedule fee: 0.000225 (maker=False, source=api)
13:41:47 [INFO] 🔍 FeeManager Stats: enabled=True, X10(source=api, maker=0.000000, taker=0.000225), Lighter(source=config, maker=0.000000, taker=0.000000)
13:41:47 [DEBUG] FeeManager: Using X10 schedule fee: 0.000225 (maker=False, source=api)
13:41:47 [DEBUG] FeeManager: Using X10 schedule fee: 0.000225 (maker=False, source=api)
13:41:47 [DEBUG] FeeManager: Using X10 schedule fee: 0.000225 (maker=False, source=api)
13:41:47 [DEBUG] FeeManager: Using X10 schedule fee: 0.000225 (maker=False, source=api)
13:41:47 [INFO] 🔍 DEBUG ZEC-USD: entry_time type=<class 'str'>, value=2025-12-04T12:41:45.353001+00:00
13:41:47 [DEBUG] Check ZEC-USD: Age=1.8s (Limit=2700s)
13:41:47 [DEBUG] FeeManager: Using X10 schedule fee: 0.0 (maker=True, source=api)
13:41:47 [DEBUG] FeeManager: Using X10 schedule fee: 0.000225 (maker=False, source=api)
13:41:47 [INFO] 🔍 FeeManager Stats: enabled=True, X10(source=api, maker=0.000000, taker=0.000225), Lighter(source=config, maker=0.000000, taker=0.000000)
13:41:47 [DEBUG] FeeManager: Using X10 schedule fee: 0.000225 (maker=False, source=api)
13:41:47 [DEBUG] FeeManager: Using X10 schedule fee: 0.000225 (maker=False, source=api)
13:41:47 [DEBUG] FeeManager: Using X10 schedule fee: 0.000225 (maker=False, source=api)
13:41:47 [DEBUG] FeeManager: Using X10 schedule fee: 0.000225 (maker=False, source=api)
13:41:47 [INFO] 🔍 DEBUG XRP-USD: entry_time type=<class 'str'>, value=2025-12-04T12:41:46.381124+00:00
13:41:47 [DEBUG] Check XRP-USD: Age=0.8s (Limit=2700s)
13:41:47 [DEBUG] FeeManager: Using X10 schedule fee: 0.0 (maker=True, source=api)
13:41:47 [DEBUG] FeeManager: Using X10 schedule fee: 0.000225 (maker=False, source=api)
13:41:47 [INFO] 🔍 FeeManager Stats: enabled=True, X10(source=api, maker=0.000000, taker=0.000225), Lighter(source=config, maker=0.000000, taker=0.000000)
13:41:47 [DEBUG] FeeManager: Using X10 schedule fee: 0.000225 (maker=False, source=api)
13:41:47 [DEBUG] FeeManager: Using X10 schedule fee: 0.000225 (maker=False, source=api)
13:41:47 [DEBUG] FeeManager: Using X10 schedule fee: 0.000225 (maker=False, source=api)
13:41:47 [DEBUG] FeeManager: Using X10 schedule fee: 0.000225 (maker=False, source=api)
13:41:47 [DEBUG] 📝 Flushed 1 writes
13:41:47 [DEBUG] 📝 Flushed 1 writes in 0.0ms
13:41:47 [DEBUG] ✅ BERA-USD: X10=$223,128, Lighter=$982,324, Total=$1,205,453
13:41:48 [DEBUG] Using cached positions (age: 3.5s)
13:41:48 [INFO] 🔍 DEBUG EDEN-USD: entry_time type=<class 'str'>, value=2025-12-04T12:41:44.364968+00:00
13:41:48 [DEBUG] Check EDEN-USD: Age=3.8s (Limit=2700s)
13:41:48 [DEBUG] FeeManager: Using X10 schedule fee: 0.0 (maker=True, source=api)
13:41:48 [DEBUG] FeeManager: Using X10 schedule fee: 0.000225 (maker=False, source=api)
13:41:48 [INFO] 🔍 FeeManager Stats: enabled=True, X10(source=api, maker=0.000000, taker=0.000225), Lighter(source=config, maker=0.000000, taker=0.000000)
13:41:48 [DEBUG] FeeManager: Using X10 schedule fee: 0.000225 (maker=False, source=api)
13:41:48 [DEBUG] FeeManager: Using X10 schedule fee: 0.000225 (maker=False, source=api)
13:41:48 [DEBUG] FeeManager: Using X10 schedule fee: 0.000225 (maker=False, source=api)
13:41:48 [DEBUG] FeeManager: Using X10 schedule fee: 0.000225 (maker=False, source=api)
13:41:48 [INFO] 🔍 DEBUG ZEC-USD: entry_time type=<class 'str'>, value=2025-12-04T12:41:45.353001+00:00
13:41:48 [DEBUG] Check ZEC-USD: Age=2.8s (Limit=2700s)
13:41:48 [DEBUG] FeeManager: Using X10 schedule fee: 0.0 (maker=True, source=api)
13:41:48 [DEBUG] FeeManager: Using X10 schedule fee: 0.000225 (maker=False, source=api)
13:41:48 [INFO] 🔍 FeeManager Stats: enabled=True, X10(source=api, maker=0.000000, taker=0.000225), Lighter(source=config, maker=0.000000, taker=0.000000)
13:41:48 [DEBUG] FeeManager: Using X10 schedule fee: 0.000225 (maker=False, source=api)
13:41:48 [DEBUG] FeeManager: Using X10 schedule fee: 0.000225 (maker=False, source=api)
13:41:48 [DEBUG] FeeManager: Using X10 schedule fee: 0.000225 (maker=False, source=api)
13:41:48 [DEBUG] FeeManager: Using X10 schedule fee: 0.000225 (maker=False, source=api)
13:41:48 [INFO] 🔍 DEBUG XRP-USD: entry_time type=<class 'str'>, value=2025-12-04T12:41:46.381124+00:00
13:41:48 [DEBUG] Check XRP-USD: Age=1.8s (Limit=2700s)
13:41:48 [DEBUG] FeeManager: Using X10 schedule fee: 0.0 (maker=True, source=api)
13:41:48 [DEBUG] FeeManager: Using X10 schedule fee: 0.000225 (maker=False, source=api)
13:41:48 [INFO] 🔍 FeeManager Stats: enabled=True, X10(source=api, maker=0.000000, taker=0.000225), Lighter(source=config, maker=0.000000, taker=0.000000)
13:41:48 [DEBUG] FeeManager: Using X10 schedule fee: 0.000225 (maker=False, source=api)
13:41:48 [DEBUG] FeeManager: Using X10 schedule fee: 0.000225 (maker=False, source=api)
13:41:48 [DEBUG] FeeManager: Using X10 schedule fee: 0.000225 (maker=False, source=api)
13:41:48 [DEBUG] FeeManager: Using X10 schedule fee: 0.000225 (maker=False, source=api)
13:41:48 [DEBUG] ✅ EDEN-USD: X10 entry fee = 0.000225 (order: 1996560516248932352)
13:41:48 [DEBUG] ✅ EDEN-USD: Lighter entry fee = 0.000000 (order: f6248c8c6f6517abd3cad388a9391ca61358c9c705486272e7a812b911aa0ce82d649b6f765d397f)
13:41:48 [INFO] 💰 EDEN-USD: Entry fees updated - X10=0.000225, Lighter=0.000000, Total=$0.0002
13:41:48 [DEBUG] 📝 Flushed 1 writes
13:41:48 [DEBUG] 📝 Flushed 1 writes in 0.0ms
13:41:49 [DEBUG] Using cached positions (age: 4.5s)
13:41:49 [INFO] 🔍 DEBUG EDEN-USD: entry_time type=<class 'str'>, value=2025-12-04T12:41:44.364968+00:00
13:41:49 [DEBUG] Check EDEN-USD: Age=4.8s (Limit=2700s)
13:41:49 [DEBUG] FeeManager: Using X10 schedule fee: 0.0 (maker=True, source=api)
13:41:49 [DEBUG] FeeManager: Using X10 schedule fee: 0.000225 (maker=False, source=api)
13:41:49 [INFO] 🔍 FeeManager Stats: enabled=True, X10(source=api, maker=0.000000, taker=0.000225), Lighter(source=config, maker=0.000000, taker=0.000000)
13:41:49 [DEBUG] FeeManager: Using X10 schedule fee: 0.000225 (maker=False, source=api)
13:41:49 [DEBUG] FeeManager: Using X10 schedule fee: 0.000225 (maker=False, source=api)
13:41:49 [INFO] 🔍 DEBUG ZEC-USD: entry_time type=<class 'str'>, value=2025-12-04T12:41:45.353001+00:00
13:41:49 [DEBUG] Check ZEC-USD: Age=3.8s (Limit=2700s)
13:41:49 [DEBUG] FeeManager: Using X10 schedule fee: 0.0 (maker=True, source=api)
13:41:49 [DEBUG] FeeManager: Using X10 schedule fee: 0.000225 (maker=False, source=api)
13:41:49 [INFO] 🔍 FeeManager Stats: enabled=True, X10(source=api, maker=0.000000, taker=0.000225), Lighter(source=config, maker=0.000000, taker=0.000000)
13:41:49 [DEBUG] FeeManager: Using X10 schedule fee: 0.000225 (maker=False, source=api)
13:41:49 [DEBUG] FeeManager: Using X10 schedule fee: 0.000225 (maker=False, source=api)
13:41:49 [DEBUG] FeeManager: Using X10 schedule fee: 0.000225 (maker=False, source=api)
13:41:49 [DEBUG] FeeManager: Using X10 schedule fee: 0.000225 (maker=False, source=api)
13:41:49 [INFO] 🔍 DEBUG XRP-USD: entry_time type=<class 'str'>, value=2025-12-04T12:41:46.381124+00:00
13:41:49 [DEBUG] Check XRP-USD: Age=2.8s (Limit=2700s)
13:41:49 [DEBUG] FeeManager: Using X10 schedule fee: 0.0 (maker=True, source=api)
13:41:49 [DEBUG] FeeManager: Using X10 schedule fee: 0.000225 (maker=False, source=api)
13:41:49 [INFO] 🔍 FeeManager Stats: enabled=True, X10(source=api, maker=0.000000, taker=0.000225), Lighter(source=config, maker=0.000000, taker=0.000000)
13:41:49 [DEBUG] FeeManager: Using X10 schedule fee: 0.000225 (maker=False, source=api)
13:41:49 [DEBUG] FeeManager: Using X10 schedule fee: 0.000225 (maker=False, source=api)
13:41:49 [DEBUG] FeeManager: Using X10 schedule fee: 0.000225 (maker=False, source=api)
13:41:49 [DEBUG] FeeManager: Using X10 schedule fee: 0.000225 (maker=False, source=api)
13:41:49 [DEBUG] ✅ AVNT-USD: X10=$102,979, Lighter=$2,076,400, Total=$2,179,379
13:41:49 [DEBUG] ✅ ZEC-USD: X10 entry fee = 0.000225 (order: 1996560520392425472)
13:41:49 [DEBUG] ✅ ZEC-USD: Lighter entry fee = 0.000000 (order: d4579f231a1b454568bab0777f887e3c9f11c2a897965e20cb3f9d9c123bb68ba6e1479d2afb84ec)
13:41:49 [INFO] 💰 ZEC-USD: Entry fees updated - X10=0.000225, Lighter=0.000000, Total=$0.0002
13:41:49 [DEBUG] 📝 Flushed 1 writes
13:41:49 [DEBUG] 📝 Flushed 1 writes in 0.0ms
13:41:49 [DEBUG] MAX_OPEN_TRADES (3) reached, waiting...
13:41:50 [DEBUG] Fetching fresh positions (force=False, cache_age=5.5s)
13:41:50 [DEBUG] Sending GET https://api.starknet.extended.exchange/api/v1/user/positions?
13:41:50 [DEBUG] ✅ XRP-USD: X10 entry fee = 0.000225 (order: 1996560524717109248)
13:41:50 [DEBUG] ✅ XRP-USD: Lighter entry fee = 0.000000 (order: 4668648d3c9a34186aab5df4cb0f2ac53f725553a925f6d4b171d644a0c2a17837c7a8060a22aee4)
13:41:50 [INFO] 💰 XRP-USD: Entry fees updated - X10=0.000225, Lighter=0.000000, Total=$0.0002
13:41:50 [DEBUG] 📝 Flushed 1 writes
13:41:50 [DEBUG] 📝 Flushed 1 writes in 0.0ms
13:41:50 [INFO] Lighter: Found 3 open positions
13:41:50 [INFO] 📊 Positions: X10=3, Lighter=3
13:41:50 [DEBUG] X10 positions: ['ZEC-USD', 'EDEN-USD', 'XRP-USD']
13:41:50 [DEBUG] Lighter positions: ['XRP-USD', 'EDEN-USD', 'ZEC-USD']
13:41:50 [INFO] 🔍 DEBUG EDEN-USD: entry_time type=<class 'str'>, value=2025-12-04T12:41:44.364968+00:00
13:41:50 [DEBUG] Check EDEN-USD: Age=6.5s (Limit=2700s)
13:41:50 [DEBUG] FeeManager: Using X10 schedule fee: 0.0 (maker=True, source=api)
13:41:50 [DEBUG] FeeManager: Using X10 schedule fee: 0.000225 (maker=False, source=api)
13:41:50 [INFO] 🔍 FeeManager Stats: enabled=True, X10(source=api, maker=0.000000, taker=0.000225), Lighter(source=config, maker=0.000000, taker=0.000000)
13:41:50 [DEBUG] FeeManager: Using X10 schedule fee: 0.000225 (maker=False, source=api)
13:41:50 [DEBUG] FeeManager: Using X10 schedule fee: 0.000225 (maker=False, source=api)
13:41:50 [INFO] 🔍 DEBUG ZEC-USD: entry_time type=<class 'str'>, value=2025-12-04T12:41:45.353001+00:00
13:41:50 [DEBUG] Check ZEC-USD: Age=5.6s (Limit=2700s)
13:41:50 [DEBUG] FeeManager: Using X10 schedule fee: 0.0 (maker=True, source=api)
13:41:50 [DEBUG] FeeManager: Using X10 schedule fee: 0.000225 (maker=False, source=api)
13:41:50 [INFO] 🔍 FeeManager Stats: enabled=True, X10(source=api, maker=0.000000, taker=0.000225), Lighter(source=config, maker=0.000000, taker=0.000000)
13:41:50 [DEBUG] FeeManager: Using X10 schedule fee: 0.000225 (maker=False, source=api)
13:41:50 [DEBUG] FeeManager: Using X10 schedule fee: 0.000225 (maker=False, source=api)
13:41:50 [INFO] 🔍 DEBUG XRP-USD: entry_time type=<class 'str'>, value=2025-12-04T12:41:46.381124+00:00
13:41:50 [DEBUG] Check XRP-USD: Age=4.5s (Limit=2700s)
13:41:50 [DEBUG] FeeManager: Using X10 schedule fee: 0.0 (maker=True, source=api)
13:41:50 [DEBUG] FeeManager: Using X10 schedule fee: 0.000225 (maker=False, source=api)
13:41:50 [INFO] 🔍 FeeManager Stats: enabled=True, X10(source=api, maker=0.000000, taker=0.000225), Lighter(source=config, maker=0.000000, taker=0.000000)
13:41:50 [DEBUG] FeeManager: Using X10 schedule fee: 0.000225 (maker=False, source=api)
13:41:50 [DEBUG] FeeManager: Using X10 schedule fee: 0.000225 (maker=False, source=api)
13:41:50 [DEBUG] FeeManager: Using X10 schedule fee: 0.000225 (maker=False, source=api)
13:41:50 [DEBUG] FeeManager: Using X10 schedule fee: 0.000225 (maker=False, source=api)
13:41:51 [DEBUG] ✅ VIRTUAL-USD: X10=$134,547, Lighter=$772,556, Total=$907,103
13:41:51 [DEBUG] Using cached positions (age: 1.8s)
13:41:51 [INFO] 🔍 DEBUG EDEN-USD: entry_time type=<class 'str'>, value=2025-12-04T12:41:44.364968+00:00
13:41:51 [DEBUG] Check EDEN-USD: Age=7.5s (Limit=2700s)
13:41:51 [DEBUG] FeeManager: Using X10 schedule fee: 0.0 (maker=True, source=api)
13:41:51 [DEBUG] FeeManager: Using X10 schedule fee: 0.000225 (maker=False, source=api)
13:41:51 [INFO] 🔍 FeeManager Stats: enabled=True, X10(source=api, maker=0.000000, taker=0.000225), Lighter(source=config, maker=0.000000, taker=0.000000)
13:41:51 [DEBUG] FeeManager: Using X10 schedule fee: 0.000225 (maker=False, source=api)
13:41:51 [DEBUG] FeeManager: Using X10 schedule fee: 0.000225 (maker=False, source=api)
13:41:51 [INFO] 🔍 DEBUG ZEC-USD: entry_time type=<class 'str'>, value=2025-12-04T12:41:45.353001+00:00
13:41:51 [DEBUG] Check ZEC-USD: Age=6.6s (Limit=2700s)
13:41:51 [DEBUG] FeeManager: Using X10 schedule fee: 0.0 (maker=True, source=api)
13:41:51 [DEBUG] FeeManager: Using X10 schedule fee: 0.000225 (maker=False, source=api)
13:41:51 [INFO] 🔍 FeeManager Stats: enabled=True, X10(source=api, maker=0.000000, taker=0.000225), Lighter(source=config, maker=0.000000, taker=0.000000)
13:41:51 [DEBUG] FeeManager: Using X10 schedule fee: 0.000225 (maker=False, source=api)
13:41:51 [DEBUG] FeeManager: Using X10 schedule fee: 0.000225 (maker=False, source=api)
13:41:51 [INFO] 🔍 DEBUG XRP-USD: entry_time type=<class 'str'>, value=2025-12-04T12:41:46.381124+00:00
13:41:51 [DEBUG] Check XRP-USD: Age=5.5s (Limit=2700s)
13:41:51 [DEBUG] FeeManager: Using X10 schedule fee: 0.0 (maker=True, source=api)
13:41:51 [DEBUG] FeeManager: Using X10 schedule fee: 0.000225 (maker=False, source=api)
13:41:51 [INFO] 🔍 FeeManager Stats: enabled=True, X10(source=api, maker=0.000000, taker=0.000225), Lighter(source=config, maker=0.000000, taker=0.000000)
13:41:51 [DEBUG] FeeManager: Using X10 schedule fee: 0.000225 (maker=False, source=api)
13:41:51 [DEBUG] FeeManager: Using X10 schedule fee: 0.000225 (maker=False, source=api)
13:41:52 [DEBUG] MAX_OPEN_TRADES (3) reached, waiting...
13:41:52 [DEBUG] ✅ XRP-USD: X10=$597,116, Lighter=$4,669,418, Total=$5,266,534
13:41:52 [DEBUG] Using cached positions (age: 2.8s)
13:41:52 [INFO] 🔍 DEBUG EDEN-USD: entry_time type=<class 'str'>, value=2025-12-04T12:41:44.364968+00:00
13:41:52 [DEBUG] Check EDEN-USD: Age=8.6s (Limit=2700s)
13:41:52 [DEBUG] FeeManager: Using X10 schedule fee: 0.0 (maker=True, source=api)
13:41:52 [DEBUG] FeeManager: Using X10 schedule fee: 0.000225 (maker=False, source=api)
13:41:52 [INFO] 🔍 FeeManager Stats: enabled=True, X10(source=api, maker=0.000000, taker=0.000225), Lighter(source=config, maker=0.000000, taker=0.000000)
13:41:52 [DEBUG] FeeManager: Using X10 schedule fee: 0.000225 (maker=False, source=api)
13:41:52 [DEBUG] FeeManager: Using X10 schedule fee: 0.000225 (maker=False, source=api)
13:41:52 [INFO] 🔍 DEBUG ZEC-USD: entry_time type=<class 'str'>, value=2025-12-04T12:41:45.353001+00:00
13:41:52 [DEBUG] Check ZEC-USD: Age=7.6s (Limit=2700s)
13:41:52 [DEBUG] FeeManager: Using X10 schedule fee: 0.0 (maker=True, source=api)
13:41:52 [DEBUG] FeeManager: Using X10 schedule fee: 0.000225 (maker=False, source=api)
13:41:52 [INFO] 🔍 FeeManager Stats: enabled=True, X10(source=api, maker=0.000000, taker=0.000225), Lighter(source=config, maker=0.000000, taker=0.000000)
13:41:52 [DEBUG] FeeManager: Using X10 schedule fee: 0.000225 (maker=False, source=api)
13:41:52 [DEBUG] FeeManager: Using X10 schedule fee: 0.000225 (maker=False, source=api)
13:41:52 [INFO] 🔍 DEBUG XRP-USD: entry_time type=<class 'str'>, value=2025-12-04T12:41:46.381124+00:00
13:41:52 [DEBUG] Check XRP-USD: Age=6.5s (Limit=2700s)
13:41:52 [DEBUG] FeeManager: Using X10 schedule fee: 0.0 (maker=True, source=api)
13:41:52 [DEBUG] FeeManager: Using X10 schedule fee: 0.000225 (maker=False, source=api)
13:41:52 [INFO] 🔍 FeeManager Stats: enabled=True, X10(source=api, maker=0.000000, taker=0.000225), Lighter(source=config, maker=0.000000, taker=0.000000)
13:41:52 [DEBUG] FeeManager: Using X10 schedule fee: 0.000225 (maker=False, source=api)
13:41:52 [DEBUG] FeeManager: Using X10 schedule fee: 0.000225 (maker=False, source=api)
13:41:53 [DEBUG] Using cached positions (age: 3.8s)
13:41:53 [INFO] 🔍 DEBUG EDEN-USD: entry_time type=<class 'str'>, value=2025-12-04T12:41:44.364968+00:00
13:41:53 [DEBUG] Check EDEN-USD: Age=9.5s (Limit=2700s)
13:41:53 [DEBUG] FeeManager: Using X10 schedule fee: 0.0 (maker=True, source=api)
13:41:53 [DEBUG] FeeManager: Using X10 schedule fee: 0.000225 (maker=False, source=api)
13:41:53 [INFO] 🔍 FeeManager Stats: enabled=True, X10(source=api, maker=0.000000, taker=0.000225), Lighter(source=config, maker=0.000000, taker=0.000000)
13:41:53 [DEBUG] FeeManager: Using X10 schedule fee: 0.000225 (maker=False, source=api)
13:41:53 [DEBUG] FeeManager: Using X10 schedule fee: 0.000225 (maker=False, source=api)
13:41:53 [INFO] 🔍 DEBUG ZEC-USD: entry_time type=<class 'str'>, value=2025-12-04T12:41:45.353001+00:00
13:41:53 [DEBUG] Check ZEC-USD: Age=8.6s (Limit=2700s)
13:41:53 [DEBUG] FeeManager: Using X10 schedule fee: 0.0 (maker=True, source=api)
13:41:53 [DEBUG] FeeManager: Using X10 schedule fee: 0.000225 (maker=False, source=api)
13:41:53 [INFO] 🔍 FeeManager Stats: enabled=True, X10(source=api, maker=0.000000, taker=0.000225), Lighter(source=config, maker=0.000000, taker=0.000000)
13:41:53 [DEBUG] FeeManager: Using X10 schedule fee: 0.000225 (maker=False, source=api)
13:41:53 [DEBUG] FeeManager: Using X10 schedule fee: 0.000225 (maker=False, source=api)
13:41:53 [INFO] 🔍 DEBUG XRP-USD: entry_time type=<class 'str'>, value=2025-12-04T12:41:46.381124+00:00
13:41:53 [DEBUG] Check XRP-USD: Age=7.5s (Limit=2700s)
13:41:53 [DEBUG] FeeManager: Using X10 schedule fee: 0.0 (maker=True, source=api)
13:41:53 [DEBUG] FeeManager: Using X10 schedule fee: 0.000225 (maker=False, source=api)
13:41:53 [INFO] 🔍 FeeManager Stats: enabled=True, X10(source=api, maker=0.000000, taker=0.000225), Lighter(source=config, maker=0.000000, taker=0.000000)
13:41:53 [DEBUG] FeeManager: Using X10 schedule fee: 0.000225 (maker=False, source=api)
13:41:53 [DEBUG] FeeManager: Using X10 schedule fee: 0.000225 (maker=False, source=api)
13:41:54 [DEBUG] Using cached positions (age: 4.8s)
13:41:54 [INFO] 🔍 DEBUG EDEN-USD: entry_time type=<class 'str'>, value=2025-12-04T12:41:44.364968+00:00
13:41:54 [DEBUG] Check EDEN-USD: Age=10.5s (Limit=2700s)
13:41:54 [DEBUG] FeeManager: Using X10 schedule fee: 0.0 (maker=True, source=api)
13:41:54 [DEBUG] FeeManager: Using X10 schedule fee: 0.000225 (maker=False, source=api)
13:41:54 [INFO] 🔍 FeeManager Stats: enabled=True, X10(source=api, maker=0.000000, taker=0.000225), Lighter(source=config, maker=0.000000, taker=0.000000)
13:41:54 [DEBUG] FeeManager: Using X10 schedule fee: 0.000225 (maker=False, source=api)
13:41:54 [DEBUG] FeeManager: Using X10 schedule fee: 0.000225 (maker=False, source=api)
13:41:54 [INFO] 🔍 DEBUG ZEC-USD: entry_time type=<class 'str'>, value=2025-12-04T12:41:45.353001+00:00
13:41:54 [DEBUG] Check ZEC-USD: Age=9.6s (Limit=2700s)
13:41:54 [DEBUG] FeeManager: Using X10 schedule fee: 0.0 (maker=True, source=api)
13:41:54 [DEBUG] FeeManager: Using X10 schedule fee: 0.000225 (maker=False, source=api)
13:41:54 [INFO] 🔍 FeeManager Stats: enabled=True, X10(source=api, maker=0.000000, taker=0.000225), Lighter(source=config, maker=0.000000, taker=0.000000)
13:41:54 [DEBUG] FeeManager: Using X10 schedule fee: 0.000225 (maker=False, source=api)
13:41:54 [DEBUG] FeeManager: Using X10 schedule fee: 0.000225 (maker=False, source=api)
13:41:54 [INFO] 🔍 DEBUG XRP-USD: entry_time type=<class 'str'>, value=2025-12-04T12:41:46.381124+00:00
13:41:54 [DEBUG] Check XRP-USD: Age=8.5s (Limit=2700s)
13:41:54 [DEBUG] FeeManager: Using X10 schedule fee: 0.0 (maker=True, source=api)
13:41:54 [DEBUG] FeeManager: Using X10 schedule fee: 0.000225 (maker=False, source=api)
13:41:54 [INFO] 🔍 FeeManager Stats: enabled=True, X10(source=api, maker=0.000000, taker=0.000225), Lighter(source=config, maker=0.000000, taker=0.000000)
13:41:54 [DEBUG] FeeManager: Using X10 schedule fee: 0.000225 (maker=False, source=api)
13:41:54 [DEBUG] FeeManager: Using X10 schedule fee: 0.000225 (maker=False, source=api)
13:41:55 [DEBUG] 💓 [lighter] Alive (uptime=20s, last_msg=0s ago, msgs=25221)
13:41:55 [DEBUG] 💓 [x10_trades] Alive (uptime=20s, last_msg=0s ago, msgs=99)
13:41:55 [DEBUG] 💓 [x10_account] Alive (uptime=20s, last_msg=9s ago, msgs=18)
13:41:55 [DEBUG] MAX_OPEN_TRADES (3) reached, waiting...
13:41:55 [DEBUG] Fetching fresh positions (force=False, cache_age=5.8s)
13:41:55 [DEBUG] Sending GET https://api.starknet.extended.exchange/api/v1/user/positions?
13:41:56 [INFO] Lighter: Found 3 open positions
13:41:56 [INFO] 📊 Positions: X10=3, Lighter=3
13:41:56 [DEBUG] X10 positions: ['ZEC-USD', 'EDEN-USD', 'XRP-USD']
13:41:56 [DEBUG] Lighter positions: ['XRP-USD', 'EDEN-USD', 'ZEC-USD']
13:41:56 [INFO] 🔍 DEBUG EDEN-USD: entry_time type=<class 'str'>, value=2025-12-04T12:41:44.364968+00:00
13:41:56 [DEBUG] Check EDEN-USD: Age=12.1s (Limit=2700s)
13:41:56 [DEBUG] FeeManager: Using X10 schedule fee: 0.0 (maker=True, source=api)
13:41:56 [DEBUG] FeeManager: Using X10 schedule fee: 0.000225 (maker=False, source=api)
13:41:56 [INFO] 🔍 FeeManager Stats: enabled=True, X10(source=api, maker=0.000000, taker=0.000225), Lighter(source=config, maker=0.000000, taker=0.000000)
13:41:56 [DEBUG] FeeManager: Using X10 schedule fee: 0.000225 (maker=False, source=api)
13:41:56 [DEBUG] FeeManager: Using X10 schedule fee: 0.000225 (maker=False, source=api)
13:41:56 [INFO] 🔍 DEBUG ZEC-USD: entry_time type=<class 'str'>, value=2025-12-04T12:41:45.353001+00:00
13:41:56 [DEBUG] Check ZEC-USD: Age=11.1s (Limit=2700s)
13:41:56 [DEBUG] FeeManager: Using X10 schedule fee: 0.0 (maker=True, source=api)
13:41:56 [DEBUG] FeeManager: Using X10 schedule fee: 0.000225 (maker=False, source=api)
13:41:56 [INFO] 🔍 FeeManager Stats: enabled=True, X10(source=api, maker=0.000000, taker=0.000225), Lighter(source=config, maker=0.000000, taker=0.000000)
13:41:56 [DEBUG] FeeManager: Using X10 schedule fee: 0.000225 (maker=False, source=api)
13:41:56 [DEBUG] FeeManager: Using X10 schedule fee: 0.000225 (maker=False, source=api)
13:41:56 [INFO] 🔍 DEBUG XRP-USD: entry_time type=<class 'str'>, value=2025-12-04T12:41:46.381124+00:00
13:41:56 [DEBUG] Check XRP-USD: Age=10.1s (Limit=2700s)
13:41:56 [DEBUG] FeeManager: Using X10 schedule fee: 0.0 (maker=True, source=api)
13:41:56 [DEBUG] FeeManager: Using X10 schedule fee: 0.000225 (maker=False, source=api)
13:41:56 [INFO] 🔍 FeeManager Stats: enabled=True, X10(source=api, maker=0.000000, taker=0.000225), Lighter(source=config, maker=0.000000, taker=0.000000)
13:41:56 [DEBUG] FeeManager: Using X10 schedule fee: 0.000225 (maker=False, source=api)
13:41:56 [DEBUG] FeeManager: Using X10 schedule fee: 0.000225 (maker=False, source=api)
13:41:56 [DEBUG] ✅ BNB-USD: X10=$1,514,373, Lighter=$17,502, Total=$1,531,875
13:41:57 [DEBUG] Using cached positions (age: 1.5s)
13:41:57 [INFO] 🔍 DEBUG EDEN-USD: entry_time type=<class 'str'>, value=2025-12-04T12:41:44.364968+00:00
13:41:57 [DEBUG] Check EDEN-USD: Age=13.1s (Limit=2700s)
13:41:57 [DEBUG] FeeManager: Using X10 schedule fee: 0.0 (maker=True, source=api)
13:41:57 [DEBUG] FeeManager: Using X10 schedule fee: 0.000225 (maker=False, source=api)
13:41:57 [INFO] 🔍 FeeManager Stats: enabled=True, X10(source=api, maker=0.000000, taker=0.000225), Lighter(source=config, maker=0.000000, taker=0.000000)
13:41:57 [DEBUG] FeeManager: Using X10 schedule fee: 0.000225 (maker=False, source=api)
13:41:57 [DEBUG] FeeManager: Using X10 schedule fee: 0.000225 (maker=False, source=api)
13:41:57 [INFO] 🔍 DEBUG ZEC-USD: entry_time type=<class 'str'>, value=2025-12-04T12:41:45.353001+00:00
13:41:57 [DEBUG] Check ZEC-USD: Age=12.1s (Limit=2700s)
13:41:57 [DEBUG] FeeManager: Using X10 schedule fee: 0.0 (maker=True, source=api)
13:41:57 [DEBUG] FeeManager: Using X10 schedule fee: 0.000225 (maker=False, source=api)
13:41:57 [INFO] 🔍 FeeManager Stats: enabled=True, X10(source=api, maker=0.000000, taker=0.000225), Lighter(source=config, maker=0.000000, taker=0.000000)
13:41:57 [DEBUG] FeeManager: Using X10 schedule fee: 0.000225 (maker=False, source=api)
13:41:57 [DEBUG] FeeManager: Using X10 schedule fee: 0.000225 (maker=False, source=api)
13:41:57 [INFO] 🔍 DEBUG XRP-USD: entry_time type=<class 'str'>, value=2025-12-04T12:41:46.381124+00:00
13:41:57 [DEBUG] Check XRP-USD: Age=11.1s (Limit=2700s)
13:41:57 [DEBUG] FeeManager: Using X10 schedule fee: 0.0 (maker=True, source=api)
13:41:57 [DEBUG] FeeManager: Using X10 schedule fee: 0.000225 (maker=False, source=api)
13:41:57 [INFO] 🔍 FeeManager Stats: enabled=True, X10(source=api, maker=0.000000, taker=0.000225), Lighter(source=config, maker=0.000000, taker=0.000000)
13:41:57 [DEBUG] FeeManager: Using X10 schedule fee: 0.000225 (maker=False, source=api)
13:41:57 [DEBUG] FeeManager: Using X10 schedule fee: 0.000225 (maker=False, source=api)
13:41:58 [DEBUG] ✅ MNT-USD: X10=$210,089, Lighter=$4,171,413, Total=$4,381,502
13:41:58 [DEBUG] Using cached positions (age: 2.5s)
13:41:58 [INFO] 🔍 DEBUG EDEN-USD: entry_time type=<class 'str'>, value=2025-12-04T12:41:44.364968+00:00
13:41:58 [DEBUG] Check EDEN-USD: Age=14.1s (Limit=2700s)
13:41:58 [DEBUG] FeeManager: Using X10 schedule fee: 0.0 (maker=True, source=api)
13:41:58 [DEBUG] FeeManager: Using X10 schedule fee: 0.000225 (maker=False, source=api)
13:41:58 [INFO] 🔍 FeeManager Stats: enabled=True, X10(source=api, maker=0.000000, taker=0.000225), Lighter(source=config, maker=0.000000, taker=0.000000)
13:41:58 [DEBUG] FeeManager: Using X10 schedule fee: 0.000225 (maker=False, source=api)
13:41:58 [DEBUG] FeeManager: Using X10 schedule fee: 0.000225 (maker=False, source=api)
13:41:58 [INFO] 🔍 DEBUG ZEC-USD: entry_time type=<class 'str'>, value=2025-12-04T12:41:45.353001+00:00
13:41:58 [DEBUG] Check ZEC-USD: Age=13.1s (Limit=2700s)
13:41:58 [DEBUG] FeeManager: Using X10 schedule fee: 0.0 (maker=True, source=api)
13:41:58 [DEBUG] FeeManager: Using X10 schedule fee: 0.000225 (maker=False, source=api)
13:41:58 [INFO] 🔍 FeeManager Stats: enabled=True, X10(source=api, maker=0.000000, taker=0.000225), Lighter(source=config, maker=0.000000, taker=0.000000)
13:41:58 [DEBUG] FeeManager: Using X10 schedule fee: 0.000225 (maker=False, source=api)
13:41:58 [DEBUG] FeeManager: Using X10 schedule fee: 0.000225 (maker=False, source=api)
13:41:58 [INFO] 🔍 DEBUG XRP-USD: entry_time type=<class 'str'>, value=2025-12-04T12:41:46.381124+00:00
13:41:58 [DEBUG] Check XRP-USD: Age=12.1s (Limit=2700s)
13:41:58 [DEBUG] FeeManager: Using X10 schedule fee: 0.0 (maker=True, source=api)
13:41:58 [DEBUG] FeeManager: Using X10 schedule fee: 0.000225 (maker=False, source=api)
13:41:58 [INFO] 🔍 FeeManager Stats: enabled=True, X10(source=api, maker=0.000000, taker=0.000225), Lighter(source=config, maker=0.000000, taker=0.000000)
13:41:58 [DEBUG] FeeManager: Using X10 schedule fee: 0.000225 (maker=False, source=api)
13:41:58 [DEBUG] FeeManager: Using X10 schedule fee: 0.000225 (maker=False, source=api)
13:41:58 [DEBUG] MAX_OPEN_TRADES (3) reached, waiting...
13:41:59 [DEBUG] Using cached positions (age: 3.5s)
13:41:59 [INFO] 🔍 DEBUG EDEN-USD: entry_time type=<class 'str'>, value=2025-12-04T12:41:44.364968+00:00
13:41:59 [DEBUG] Check EDEN-USD: Age=15.1s (Limit=2700s)
13:41:59 [DEBUG] FeeManager: Using X10 schedule fee: 0.0 (maker=True, source=api)
13:41:59 [DEBUG] FeeManager: Using X10 schedule fee: 0.000225 (maker=False, source=api)
13:41:59 [INFO] 🔍 FeeManager Stats: enabled=True, X10(source=api, maker=0.000000, taker=0.000225), Lighter(source=config, maker=0.000000, taker=0.000000)
13:41:59 [DEBUG] FeeManager: Using X10 schedule fee: 0.000225 (maker=False, source=api)
13:41:59 [DEBUG] FeeManager: Using X10 schedule fee: 0.000225 (maker=False, source=api)
13:41:59 [INFO] 🚜 [FARM] Profit Take EDEN-USD: Age=15s, Spread=0.000% (sehr niedrig), PnL=$0.00
13:41:59 [DEBUG] FeeManager: Using X10 schedule fee: 0.000225 (maker=False, source=api)
13:41:59 [INFO]  💸 EXIT EDEN-USD: FARM_QUICK_PROFIT | Gross PnL: $0.00 | Entry Fees: $0.0000 | Exit Fees: $0.0000 | Total Fees: $0.0000 | Net PnL: $0.00
13:41:59 [INFO]  🔻 CLOSING EDEN-USD (Atomic Smart Close)...
13:41:59 [INFO] Lighter: Found 3 open positions
13:41:59 [INFO] 🔍 DEBUG close_live_position ENTRY: symbol=EDEN-USD (type=<class 'str'>)
13:41:59 [INFO] 🔍 DEBUG: original_side=BUY (type=<class 'str'>)
13:41:59 [INFO] 🔍 DEBUG: notional_usd=29.3436 (type=<class 'float'>)
13:42:00 [DEBUG] ✅ STRK-USD: X10=$180,521, Lighter=$5,975,362, Total=$6,155,883
13:42:00 [INFO] Lighter: Found 3 open positions
13:42:00 [INFO] 🔻 LIGHTER CLOSE EDEN-USD: size=-360.000000 coins, side=BUY, price=$0.0815, notional=$29.34
13:42:00 [INFO] 🚀 LIGHTER OPEN EDEN-USD: side=BUY, size_usd=$29.34, price=$0.081510
13:42:00 [DEBUG] 🔍 DEBUG: EDEN-USD market_id = 89 (raw=89, type=<class 'int'>)
13:42:00 [DEBUG] QUANTIZE EDEN-USD: USD=29.34, coins=360.000000, raw=3600, lot_size=150, final=3600
13:42:00 [DEBUG] Create Order Tx Info: {"AccountIndex":60113,"ApiKeyIndex":3,"MarketIndex":89,"ClientOrderIndex":1764852194900,"BaseAmount":3600,"Price":8200,"IsAsk":0,"Type":0,"TimeInForce":1,"ReduceOnly":1,"TriggerPrice":0,"OrderExpiry":1767271320534,"ExpiredAt":1764852719534,"Nonce":2437,"Sig":"fHHl5NZtRqxq6RS8Q/IWyYpxA2vtLxmPhukn81CtwgRMyNGhcTU5YK8HX2YSfoVulSoyu6eVW8C8+kTdby6IA5CXRwoJo4yk63Xy5WYLsQQ="}
13:42:00 [DEBUG] Create Order Send Tx Response: code=200 message='{"ratelimit": "didn\'t use volume quota"}' tx_hash='c809e93a1b82a19e5351ff682be8247135d4088545a55af71bfed1b914a5b5d85b53b2f56b65b4ed' predicted_execution_time_ms=1764852112820 additional_properties={}
13:42:00 [INFO] Lighter Order: c809e93a1b82a19e5351ff682be8247135d4088545a55af71bfed1b914a5b5d85b53b2f56b65b4ed
13:42:00 [INFO] ✅ Lighter close EDEN-USD: Erfolgreich ($29.34)
13:42:00 [INFO] ✅ Lighter EDEN-USD OK, closing X10...
13:42:01 [DEBUG] MAX_OPEN_TRADES (3) reached, waiting...
13:42:02 [DEBUG] ✅ ENA-USD: X10=$249,788, Lighter=$20,041,302, Total=$20,291,090
13:42:03 [DEBUG] Sending GET https://api.starknet.extended.exchange/api/v1/user/positions?
13:42:03 [DEBUG] ✅ CRV-USD: X10=$184,784, Lighter=$1,994,294, Total=$2,179,079
13:42:04 [INFO] 🔻 Closing X10 EDEN-USD: size=360.000000 coins, side=BUY
13:42:04 [DEBUG] Sending GET https://api.starknet.extended.exchange/api/v1/user/positions?
13:42:04 [INFO] 🔻 X10 CLOSE EDEN-USD: size=360.000000, side=SELL
13:42:04 [DEBUG] Placing an order: id=3025610791267351005475669263936964561361101237895539184579358029980807373269
13:42:04 [DEBUG] Sending POST https://api.starknet.extended.exchange/api/v1/user/order, headers={<RequestHeader.ACCEPT: 'Accept'>: 'application/json', <RequestHeader.CONTENT_TYPE: 'Content-Type'>: 'application/json', <RequestHeader.USER_AGENT: 'User-Agent'>: 'X10PythonTradingClient/0.0.17', <RequestHeader.API_KEY: 'X-Api-Key'>: 'a1c9207f79f0e57ddc454bf1e16dbe49'}
13:42:04 [DEBUG] MAX_OPEN_TRADES (3) reached, waiting...
13:42:05 [DEBUG] 💓 [lighter] Alive (uptime=30s, last_msg=0s ago, msgs=37540)
13:42:05 [DEBUG] 💓 [x10_funding] Alive (uptime=30s, last_msg=4s ago, msgs=91)
13:42:05 [DEBUG] 💓 [x10_trades] Alive (uptime=30s, last_msg=0s ago, msgs=128)
13:42:05 [DEBUG] 💓 [x10_account] Alive (uptime=30s, last_msg=19s ago, msgs=18)
13:42:05 [INFO]  X10 Order: 1996560605914800128
13:42:07 [DEBUG] ✅ ZEC-USD: X10=$1,749,556, Lighter=$23,888, Total=$1,773,445
13:42:07 [DEBUG] Sending GET https://api.starknet.extended.exchange/api/v1/user/positions?
13:42:07 [DEBUG] MAX_OPEN_TRADES (3) reached, waiting...
13:42:08 [INFO] ✅ X10 EDEN-USD closed (360.000000 coins)
13:42:08 [INFO] ✅ EDEN-USD fully closed
13:42:08 [INFO] ✅ Trade EDEN-USD closed (PnL: $0.00)
13:42:08 [INFO] ✅ Trade EDEN-USD closed (PnL: $0.00)
13:42:08 [DEBUG] 📝 Flushed 1 writes
13:42:08 [DEBUG] 📝 Flushed 1 writes in 16.0ms
13:42:08 [INFO]  💰 PnL EDEN-USD: $0.00 (FARM_QUICK_PROFIT)
13:42:08 [DEBUG] 📊 Trade recorded: EDEN-USD ❌ LOSS $0.00
13:42:08 [INFO] 🔍 DEBUG ZEC-USD: entry_time type=<class 'str'>, value=2025-12-04T12:41:45.353001+00:00
13:42:08 [DEBUG] Check ZEC-USD: Age=22.7s (Limit=2700s)
13:42:08 [DEBUG] FeeManager: Using X10 schedule fee: 0.0 (maker=True, source=api)
13:42:08 [DEBUG] FeeManager: Using X10 schedule fee: 0.000225 (maker=False, source=api)
13:42:08 [INFO] 🔍 FeeManager Stats: enabled=True, X10(source=api, maker=0.000000, taker=0.000225), Lighter(source=config, maker=0.000000, taker=0.000000)
13:42:08 [DEBUG] FeeManager: Using X10 schedule fee: 0.000225 (maker=False, source=api)
13:42:08 [DEBUG] FeeManager: Using X10 schedule fee: 0.000225 (maker=False, source=api)
13:42:08 [INFO] 🔍 DEBUG XRP-USD: entry_time type=<class 'str'>, value=2025-12-04T12:41:46.381124+00:00
13:42:08 [DEBUG] Check XRP-USD: Age=21.7s (Limit=2700s)
13:42:08 [DEBUG] FeeManager: Using X10 schedule fee: 0.0 (maker=True, source=api)
13:42:08 [DEBUG] FeeManager: Using X10 schedule fee: 0.000225 (maker=False, source=api)
13:42:08 [INFO] 🔍 FeeManager Stats: enabled=True, X10(source=api, maker=0.000000, taker=0.000225), Lighter(source=config, maker=0.000000, taker=0.000000)
13:42:08 [DEBUG] FeeManager: Using X10 schedule fee: 0.000225 (maker=False, source=api)
13:42:08 [DEBUG] FeeManager: Using X10 schedule fee: 0.000225 (maker=False, source=api)
13:42:09 [DEBUG] 📝 Flushed 1 writes
13:42:09 [DEBUG] 📝 Flushed 1 writes in 0.0ms
13:42:09 [DEBUG] Fetching fresh positions (force=False, cache_age=13.2s)
13:42:09 [DEBUG] Sending GET https://api.starknet.extended.exchange/api/v1/user/positions?
13:42:09 [DEBUG] ✅ LTC-USD: X10=$209,663, Lighter=$19,342, Total=$229,005
13:42:09 [INFO] Lighter: Found 2 open positions
13:42:09 [INFO] 📊 Positions: X10=2, Lighter=2
13:42:09 [DEBUG] X10 positions: ['ZEC-USD', 'XRP-USD']
13:42:09 [DEBUG] Lighter positions: ['XRP-USD', 'ZEC-USD']
13:42:09 [INFO] 🔍 DEBUG ZEC-USD: entry_time type=<class 'str'>, value=2025-12-04T12:41:45.353001+00:00
13:42:09 [DEBUG] Check ZEC-USD: Age=24.2s (Limit=2700s)
13:42:09 [DEBUG] FeeManager: Using X10 schedule fee: 0.0 (maker=True, source=api)
13:42:09 [DEBUG] FeeManager: Using X10 schedule fee: 0.000225 (maker=False, source=api)
13:42:09 [INFO] 🔍 FeeManager Stats: enabled=True, X10(source=api, maker=0.000000, taker=0.000225), Lighter(source=config, maker=0.000000, taker=0.000000)
13:42:09 [DEBUG] FeeManager: Using X10 schedule fee: 0.000225 (maker=False, source=api)
13:42:09 [DEBUG] FeeManager: Using X10 schedule fee: 0.000225 (maker=False, source=api)
13:42:09 [INFO] 🔍 DEBUG XRP-USD: entry_time type=<class 'str'>, value=2025-12-04T12:41:46.381124+00:00
13:42:09 [DEBUG] Check XRP-USD: Age=23.2s (Limit=2700s)
13:42:09 [DEBUG] FeeManager: Using X10 schedule fee: 0.0 (maker=True, source=api)
13:42:09 [DEBUG] FeeManager: Using X10 schedule fee: 0.000225 (maker=False, source=api)
13:42:09 [INFO] 🔍 FeeManager Stats: enabled=True, X10(source=api, maker=0.000000, taker=0.000225), Lighter(source=config, maker=0.000000, taker=0.000000)
13:42:09 [DEBUG] FeeManager: Using X10 schedule fee: 0.000225 (maker=False, source=api)
13:42:09 [DEBUG] FeeManager: Using X10 schedule fee: 0.000225 (maker=False, source=api)
13:42:09 [DEBUG] 🐕 Watchdog OK: Daten-Alter 1.9s
13:42:09 [DEBUG] 📊 Task health: 7 alive, 0 dead
13:42:10 [DEBUG] Using cached positions (age: 1.5s)
13:42:10 [INFO] 🔍 DEBUG ZEC-USD: entry_time type=<class 'str'>, value=2025-12-04T12:41:45.353001+00:00
13:42:10 [DEBUG] Check ZEC-USD: Age=25.2s (Limit=2700s)
13:42:10 [DEBUG] FeeManager: Using X10 schedule fee: 0.0 (maker=True, source=api)
13:42:10 [DEBUG] FeeManager: Using X10 schedule fee: 0.000225 (maker=False, source=api)
13:42:10 [INFO] 🔍 FeeManager Stats: enabled=True, X10(source=api, maker=0.000000, taker=0.000225), Lighter(source=config, maker=0.000000, taker=0.000000)
13:42:10 [DEBUG] FeeManager: Using X10 schedule fee: 0.000225 (maker=False, source=api)
13:42:10 [DEBUG] FeeManager: Using X10 schedule fee: 0.000225 (maker=False, source=api)
13:42:10 [INFO] 🔍 DEBUG XRP-USD: entry_time type=<class 'str'>, value=2025-12-04T12:41:46.381124+00:00
13:42:10 [DEBUG] Check XRP-USD: Age=24.2s (Limit=2700s)
13:42:10 [DEBUG] FeeManager: Using X10 schedule fee: 0.0 (maker=True, source=api)
13:42:10 [DEBUG] FeeManager: Using X10 schedule fee: 0.000225 (maker=False, source=api)
13:42:10 [INFO] 🔍 FeeManager Stats: enabled=True, X10(source=api, maker=0.000000, taker=0.000225), Lighter(source=config, maker=0.000000, taker=0.000000)
13:42:10 [DEBUG] FeeManager: Using X10 schedule fee: 0.000225 (maker=False, source=api)
13:42:10 [DEBUG] FeeManager: Using X10 schedule fee: 0.000225 (maker=False, source=api)
13:42:10 [INFO] 🔍 🚜 FARM Scanning 68 pairs. Open symbols to skip: {'ZEC-USD', 'XRP-USD'}
13:42:10 [DEBUG] Price cache status: X10=68/68, Lighter=67/68
13:42:10 [INFO] 🔍 Scanning 68 pairs. Lighter markets: 116, X10 markets: 91
13:42:11 [DEBUG] MKR-USD: Missing prices (X=1663.9, L=None)
13:42:11 [INFO] 🧠 Prediction V2: Found 5 ML-ranked opportunities
13:42:11 [INFO] ✅ Returning 5 ML-ranked opportunities
13:42:11 [INFO] 🎯 Found 3 opportunities, executing best...
13:42:11 [DEBUG] Sending GET https://api.starknet.extended.exchange/api/v1/user/balance
13:42:11 [DEBUG] ✅ UNI-USD: X10=$209,086, Lighter=$375,453, Total=$584,539
13:42:11 [DEBUG] Using cached positions (age: 2.5s)
13:42:11 [INFO] 🔍 DEBUG ZEC-USD: entry_time type=<class 'str'>, value=2025-12-04T12:41:45.353001+00:00
13:42:11 [DEBUG] Check ZEC-USD: Age=26.2s (Limit=2700s)
13:42:11 [DEBUG] FeeManager: Using X10 schedule fee: 0.0 (maker=True, source=api)
13:42:11 [DEBUG] FeeManager: Using X10 schedule fee: 0.000225 (maker=False, source=api)
13:42:11 [INFO] 🔍 FeeManager Stats: enabled=True, X10(source=api, maker=0.000000, taker=0.000225), Lighter(source=config, maker=0.000000, taker=0.000000)
13:42:11 [DEBUG] FeeManager: Using X10 schedule fee: 0.000225 (maker=False, source=api)
13:42:11 [DEBUG] FeeManager: Using X10 schedule fee: 0.000225 (maker=False, source=api)
13:42:11 [INFO] 🔍 DEBUG XRP-USD: entry_time type=<class 'str'>, value=2025-12-04T12:41:46.381124+00:00
13:42:11 [DEBUG] Check XRP-USD: Age=25.2s (Limit=2700s)
13:42:11 [DEBUG] FeeManager: Using X10 schedule fee: 0.0 (maker=True, source=api)
13:42:11 [DEBUG] FeeManager: Using X10 schedule fee: 0.000225 (maker=False, source=api)
13:42:11 [INFO] 🔍 FeeManager Stats: enabled=True, X10(source=api, maker=0.000000, taker=0.000225), Lighter(source=config, maker=0.000000, taker=0.000000)
13:42:11 [DEBUG] FeeManager: Using X10 schedule fee: 0.000225 (maker=False, source=api)
13:42:11 [DEBUG] FeeManager: Using X10 schedule fee: 0.000225 (maker=False, source=api)
13:42:12 [DEBUG] Lighter Balance: Raw=$291.18, Safe=$276.62
13:42:12 [INFO] X10: Detected balance = $298.65
13:42:12 [INFO] 🚀 Launching 1 trades (Slots available: 1)
13:42:12 [DEBUG] Sending GET https://api.starknet.extended.exchange/api/v1/user/positions?
13:42:12 [DEBUG] ✅ EDEN-USD: X10 entry fee = 0.000225 (order: 1996560605914800128)
13:42:12 [DEBUG] ✅ EDEN-USD: Lighter entry fee = 0.000000 (order: c809e93a1b82a19e5351ff682be8247135d4088545a55af71bfed1b914a5b5d85b53b2f56b65b4ed)
13:42:12 [INFO] 💰 EDEN-USD: Exit fees updated - X10=0.000225, Lighter=0.000000, Total=$0.0002
13:42:12 [DEBUG] 📝 Flushed 1 writes
13:42:12 [DEBUG] 📝 Flushed 1 writes in 0.0ms
13:42:12 [DEBUG] Using cached positions (age: 3.5s)
13:42:12 [INFO] 🔍 DEBUG ZEC-USD: entry_time type=<class 'str'>, value=2025-12-04T12:41:45.353001+00:00
13:42:12 [DEBUG] Check ZEC-USD: Age=27.2s (Limit=2700s)
13:42:12 [DEBUG] FeeManager: Using X10 schedule fee: 0.0 (maker=True, source=api)
13:42:12 [DEBUG] FeeManager: Using X10 schedule fee: 0.000225 (maker=False, source=api)
13:42:12 [INFO] 🔍 FeeManager Stats: enabled=True, X10(source=api, maker=0.000000, taker=0.000225), Lighter(source=config, maker=0.000000, taker=0.000000)
13:42:12 [DEBUG] FeeManager: Using X10 schedule fee: 0.000225 (maker=False, source=api)
13:42:12 [DEBUG] FeeManager: Using X10 schedule fee: 0.000225 (maker=False, source=api)
13:42:12 [INFO] 🔍 DEBUG XRP-USD: entry_time type=<class 'str'>, value=2025-12-04T12:41:46.381124+00:00
13:42:12 [DEBUG] Check XRP-USD: Age=26.2s (Limit=2700s)
13:42:12 [DEBUG] FeeManager: Using X10 schedule fee: 0.0 (maker=True, source=api)
13:42:12 [DEBUG] FeeManager: Using X10 schedule fee: 0.000225 (maker=False, source=api)
13:42:12 [INFO] 🔍 FeeManager Stats: enabled=True, X10(source=api, maker=0.000000, taker=0.000225), Lighter(source=config, maker=0.000000, taker=0.000000)
13:42:12 [DEBUG] FeeManager: Using X10 schedule fee: 0.000225 (maker=False, source=api)
13:42:12 [DEBUG] FeeManager: Using X10 schedule fee: 0.000225 (maker=False, source=api)
13:42:13 [INFO] Lighter: Found 2 open positions
13:42:13 [INFO] 💰 Balance: X10=$298.6 (free=$286.0), Lit=$276.6 (free=$264.0) | DB_Trades=2, Real_Positions=2, Locked=$10/ex
13:42:13 [INFO] 🚀 Launching trade for DOGE-USD (APY=46.8%)
13:42:13 [DEBUG] Sending GET https://api.starknet.extended.exchange/api/v1/user/positions?
13:42:13 [DEBUG] ✅ FARTCOIN-USD: X10=$423,773, Lighter=$12,788,769, Total=$13,212,541
13:42:13 [INFO] ✅ Launched 1 trade tasks this cycle
13:42:13 [DEBUG] Using cached positions (age: 4.5s)
13:42:13 [INFO] 🔍 DEBUG ZEC-USD: entry_time type=<class 'str'>, value=2025-12-04T12:41:45.353001+00:00
13:42:13 [DEBUG] Check ZEC-USD: Age=28.2s (Limit=2700s)
13:42:13 [DEBUG] FeeManager: Using X10 schedule fee: 0.0 (maker=True, source=api)
13:42:13 [DEBUG] FeeManager: Using X10 schedule fee: 0.000225 (maker=False, source=api)
13:42:13 [INFO] 🔍 FeeManager Stats: enabled=True, X10(source=api, maker=0.000000, taker=0.000225), Lighter(source=config, maker=0.000000, taker=0.000000)
13:42:13 [DEBUG] FeeManager: Using X10 schedule fee: 0.000225 (maker=False, source=api)
13:42:13 [DEBUG] FeeManager: Using X10 schedule fee: 0.000225 (maker=False, source=api)
13:42:13 [INFO] 🔍 DEBUG XRP-USD: entry_time type=<class 'str'>, value=2025-12-04T12:41:46.381124+00:00
13:42:13 [DEBUG] Check XRP-USD: Age=27.2s (Limit=2700s)
13:42:13 [DEBUG] FeeManager: Using X10 schedule fee: 0.0 (maker=True, source=api)
13:42:13 [DEBUG] FeeManager: Using X10 schedule fee: 0.000225 (maker=False, source=api)
13:42:13 [INFO] 🔍 FeeManager Stats: enabled=True, X10(source=api, maker=0.000000, taker=0.000225), Lighter(source=config, maker=0.000000, taker=0.000000)
13:42:13 [DEBUG] FeeManager: Using X10 schedule fee: 0.000225 (maker=False, source=api)
13:42:13 [DEBUG] FeeManager: Using X10 schedule fee: 0.000225 (maker=False, source=api)
13:42:13 [INFO] 🛑 Initiating shutdown...
13:42:13 [DEBUG] Cancelled task: maintenance_loop
13:42:13 [DEBUG] Cancelled task: cleanup_finished_tasks
13:42:13 [DEBUG] Cancelled task: health_reporter
13:42:13 [DEBUG] Cancelled task: farm_loop
13:42:13 [DEBUG] Cancelled task: logic_loop
13:42:13 [DEBUG] Cancelled task: trade_management_loop
13:42:13 [DEBUG] Cancelled task: connection_watchdog
13:42:13 [INFO] Logic loop cancelled
13:42:13 [INFO] Connection watchdog cancelled
13:42:13 [INFO] Lighter: Found 2 open positions
13:42:13 [DEBUG] ✅ DOGE-USD verified: No existing positions on exchanges
13:42:13 [DEBUG] 🧠 DOGE-USD: Prediction conf=0.75, delta=-0.000118
13:42:13 [DEBUG] MIN_NOTIONAL DOGE-USD: min_base=10.00000000 coins, price=$0.1497, min_qty_usd=$1.50, min_notional_api=$10.00, final=$11.00
13:42:13 [DEBUG] Sending GET https://api.starknet.extended.exchange/api/v1/user/balance
13:42:14 [INFO] 🎰 KELLY DOGE-USD: win_rate=0.0%, kelly_fraction=0.0000, safe_fraction=0.0200, confidence=LOW, samples=1
13:42:14 [INFO] 📊 KELLY SIZE DOGE-USD: base=$30.0, kelly_recommended=$5.5, final=$30.0
13:42:14 [INFO] 🚀 Opening DOGE-USD: Size=$30.0 (Min=$15.7)
13:42:14 [INFO] 🔄 [PARALLEL] DOGE-USD: Lighter POST-ONLY first
13:42:14 [INFO] 🚀 LIGHTER OPEN DOGE-USD: side=SELL, size_usd=$30.00, price=$0.149679
13:42:14 [DEBUG] 🔍 DEBUG: DOGE-USD market_id = 3 (raw=3, type=<class 'int'>)
13:42:14 [DEBUG] QUANTIZE DOGE-USD: USD=30.00, coins=200.428918, raw=200, lot_size=10, final=200
13:42:14 [INFO] 🔄 [PARALLEL] DOGE-USD: X10 MARKET order
13:42:14 [DEBUG] Create Order Tx Info: {"AccountIndex":60113,"ApiKeyIndex":3,"MarketIndex":3,"ClientOrderIndex":1764852137618,"BaseAmount":200,"Price":148780,"IsAsk":1,"Type":0,"TimeInForce":1,"ReduceOnly":0,"TriggerPrice":0,"OrderExpiry":1767271334147,"ExpiredAt":1764852733147,"Nonce":2438,"Sig":"arw5cjTUkU6NBaP9EC85+H/DM+ubv/mElIdnmw5U7RW/DlewPe1mL95ZcndAlXsnP8Q4jK1lJBPVv8IBiGZnd7I40jZLWk2e5Z4WWW0/mBM="}
13:42:14 [DEBUG] Placing an order: id=2078680856054434590111564554418205362585759681176138224023131196080491752835
13:42:14 [DEBUG] Sending POST https://api.starknet.extended.exchange/api/v1/user/order, headers={<RequestHeader.ACCEPT: 'Accept'>: 'application/json', <RequestHeader.CONTENT_TYPE: 'Content-Type'>: 'application/json', <RequestHeader.USER_AGENT: 'User-Agent'>: 'X10PythonTradingClient/0.0.17', <RequestHeader.API_KEY: 'X-Api-Key'>: 'a1c9207f79f0e57ddc454bf1e16dbe49'}
13:42:14 [DEBUG] Create Order Send Tx Response: code=200 message='{"ratelimit": "didn\'t use volume quota"}' tx_hash='cff83b734bc2be38c7031e617a51f0d16b5d03f81597fe54d03bdfe24d19f33f75387e3312b39d97' predicted_execution_time_ms=1764852126426 additional_properties={}
13:42:14 [INFO] Lighter Order: cff83b734bc2be38c7031e617a51f0d16b5d03f81597fe54d03bdfe24d19f33f75387e3312b39d97
13:42:14 [INFO]  X10 Order: 1996560642644258816
13:42:14 [INFO] ✅ [PARALLEL] DOGE-USD: Both legs filled in 375ms
13:42:14 [DEBUG] 📝 Trade added to state: DOGE-USD
13:42:14 [DEBUG] FeeManager: Using X10 schedule fee: 0.000225 (maker=False, source=api)
13:42:14 [INFO] ✅ OPENED DOGE-USD: $30.00 | Entry Fees (est.): $0.0067
13:42:14 [DEBUG] 📝 Flushed 1 writes
13:42:14 [DEBUG] 📝 Flushed 1 writes in 0.0ms
13:42:14 [INFO] 🔌 [x10_trades] WebSocket stopped
13:42:14 [INFO] 🔌 [x10_account] WebSocket stopped
13:42:14 [DEBUG] ✅ ASTER-USD: X10=$324,205, Lighter=$13,259,048, Total=$13,583,253
13:42:18 [ERROR] WebSocket stop error: 
13:42:18 [INFO] 🛑 Rollback processor: Shutdown signal received
13:42:18 [INFO] ✅ ParallelExecutionManager: Stopped
13:42:18 [INFO] 🛑 Stopping InMemoryStateManager...
13:42:18 [INFO] 📝 State writer loop stopped
13:42:18 [INFO] ✅ InMemoryStateManager stopped
13:42:18 [INFO] ✅ Shutdown complete
13:42:18 [INFO] 🛑 Shutting down...
13:42:18 [INFO] 🛑 Shutdown requested...
13:42:18 [INFO] ✅ ParallelExecutionManager: Stopped
13:42:18 [INFO] 🔌 [lighter] WebSocket stopped
13:42:18 [INFO] 🔌 [x10_account] WebSocket stopped
13:42:18 [INFO] 🔌 [x10_trades] WebSocket stopped
13:42:18 [INFO] 🔌 [x10_funding] WebSocket stopped
13:42:18 [INFO] ✅ WebSocketManager stopped
13:42:18 [INFO] ✅ OpenInterestTracker stopped
13:42:18 [INFO] 🛑 Stopping InMemoryStateManager...
13:42:18 [INFO] ✅ InMemoryStateManager stopped
13:42:18 [INFO] 🔒 Closing database...
13:42:18 [INFO] 🖊️ Database write loop stopped
13:42:18 [INFO] ✅ Database closed
13:42:18 [INFO] 🛑 FeeManager stopped
13:42:18 [INFO] ✅ X10 Adapter geschlossen.
13:42:18 [INFO] ✅ Lighter Adapter closed
13:42:18 [INFO] ✅ Bot V5 shutdown complete
