14:31:20 [INFO] CONFIG VALIDATION COMPLETED.
14:31:20 [INFO] 🔥 BOT V5 (Architected) STARTING...
14:31:20 [INFO] 🚀 Starting InMemoryStateManager...
14:31:20 [INFO] 📂 Initializing database: data/trades.db
14:31:20 [INFO] ✅ Read pool created: 5 connections
14:31:20 [INFO] ✅ WAL mode enabled
14:31:20 [INFO] 🔄 Running database migrations...
14:31:20 [INFO] ✅ Migrations complete (14 statements)
14:31:20 [INFO] ✅ Database initialized
14:31:20 [INFO] 🖊️ Database write loop started
14:31:20 [DEBUG] Maintenance not due (Last: 1h ago)
14:31:20 [INFO] 📂 Loaded 1 trades from database
14:31:20 [INFO] ✅ InMemoryStateManager started (loaded 1 trades)
14:31:20 [INFO] ✅ State Manager started
14:31:20 [INFO]  Telegram Bot disabled (Token/ChatID missing).
14:31:20 [INFO] ✅ Async database initialized
14:31:20 [INFO] 📝 State writer loop started
14:31:20 [DEBUG] ✅ Database schema up to date
14:31:20 [INFO] Initialisiere X10 Adapter...
14:31:20 [INFO]  X10 Account initialisiert.
14:31:20 [INFO] Initialisiere Lighter Adapter...
14:31:20 [INFO] 💰 Checking exchange balances at startup...
14:31:20 [DEBUG] Sending GET https://api.starknet.extended.exchange/api/v1/user/balance
14:31:22 [INFO] 💰 X10 verfügbare Balance: $243.72 USDC
14:31:22 [DEBUG] Starting new HTTPS connection (1): mainnet.zklighter.elliot.ai:443
14:31:23 [DEBUG] https://mainnet.zklighter.elliot.ai:443 "GET /api/v1/nextNonce?account_index=60113&api_key_index=3 HTTP/1.1" 200 25
14:31:25 [DEBUG] Lighter Balance: Raw=$261.46, Safe=$248.39
14:31:25 [INFO] 💰 STARTUP BALANCE CHECK: X10=$243.72, Lighter=$248.39
14:31:25 [INFO] ✅ Exchange balances OK - Bot can trade!
14:31:25 [INFO] 💰 FeeManager initialized (Dynamic Fees: ENABLED)
14:31:25 [DEBUG] FeeManager: Adapters set (X10=True, Lighter=True)
14:31:26 [INFO] ✅ Lighter Fee Check OK (Using Config): Maker=0.0007, Taker=0.001
14:31:26 [INFO] ✅ Lighter Fees updated: Maker=0.000700, Taker=0.001000 (source=api)
14:31:27 [INFO] ✅ X10 Fee Schedule (REST /api/v1/user/fees): Maker=0.000000, Taker=0.000225
14:31:27 [INFO] ✅ X10 Fees updated: Maker=0.000000, Taker=0.000225 (source=api)
14:31:27 [INFO] ✅ FeeManager started with periodic refresh
14:31:27 [INFO] ✅ FeeManager started
14:31:27 [INFO] 🎲 KellyPositionSizer initialized (Safety=0.25, MaxFraction=0.1)
14:31:27 [WARNING] ⚠️ Kelly: All 6 trades had $0.00 PnL - check PnL recording in close_trade!
14:31:27 [INFO] ✅ Funding Tracker started (updates every 3600s)
14:31:27 [INFO] ✅ FundingTracker started (interval=3600s)
14:31:27 [INFO] 📊 Loading Market Data via REST...
14:31:27 [INFO] 🔄 Funding tracking loop started...
14:31:27 [DEBUG] Sending GET https://api.starknet.extended.exchange/api/v1/info/markets?
14:31:27 [INFO] 📊 Updating funding for 1 open trades...
14:31:27 [DEBUG] Sending GET https://api.starknet.extended.exchange/api/v1/user/positions?
14:31:28 [INFO] Lighter: Found 0 open positions
14:31:28 [INFO] ✅ Funding update complete: 0/1 trades updated, $0.00 collected this cycle ($0.00 lifetime) in 1.8s
14:31:28 [INFO] ✅ Lighter: Loaded 114 markets (base data)
14:31:29 [INFO] ✅ Lighter: Updated 113 markets with size_decimals from API
14:31:29 [INFO] 📊 MARKET ADA-USD: size_decimals=1, price_decimals=5, min_base_amount=10.0
14:31:29 [INFO] 📊 MARKET SEI-USD: size_decimals=1, price_decimals=5, min_base_amount=50.0
14:31:29 [INFO] 📊 MARKET RESOLV-USD: size_decimals=0, price_decimals=6, min_base_amount=40.0
14:31:29 [INFO] 📊 MARKET TIA-USD: size_decimals=1, price_decimals=5, min_base_amount=3.0
14:31:31 [INFO]  X10: 91 Märkte geladen, 91 Funding Rates, 78 Preise
14:31:31 [INFO] ✅ Markets loaded: X10=91, Lighter=114
14:31:31 [INFO] 📈 Pre-loading Lighter prices...
14:31:31 [DEBUG] Lighter: Loaded 380 funding rates
14:31:32 [DEBUG] Lighter: Loaded 115 prices via REST
14:31:32 [INFO] ✅ Lighter prices loaded: 115 symbols
14:31:32 [INFO] 🔥 Warming up execution clients (Network Handshake)...
14:31:32 [DEBUG] Sending GET https://api.starknet.extended.exchange/api/v1/info/markets?
14:31:36 [INFO] ✅ Execution clients warmed up & NETWORK READY
14:31:36 [INFO] FundingPredictorV2 initialized with BTC Correlation
14:31:36 [INFO] 启动 OI Tracker für 65 Symbole...
14:31:36 [INFO] ✅ OpenInterestTracker started (interval=15.0s)
14:31:36 [INFO] 🌐 Starting WebSocket Manager...
14:31:36 [INFO] 📊 OI Tracker: Starting cycle 1 (65 symbols)
14:31:36 [INFO] 🔌 [lighter] WebSocket manager started
14:31:36 [INFO] 🔌 [x10_account] WebSocket manager started
14:31:36 [INFO] 🔌 [x10_trades] WebSocket manager started
14:31:36 [INFO] 🔌 [x10_funding] WebSocket manager started
14:31:36 [INFO] 🔌 [lighter] Connecting with kwargs: {'close_timeout': 5.0, 'max_size': 4194304, 'ping_interval': 20.0, 'ping_timeout': 10.0}
14:31:36 [INFO] 🔌 [x10_account] Connecting with kwargs: {'close_timeout': 5.0, 'max_size': 4194304, 'ping_interval': 15.0, 'additional_headers': {'X-Api-Key': '***MASKED***', 'User-Agent': 'X10PythonTradingClient/0.4.5'}}
14:31:36 [INFO] 🔌 [x10_trades] Connecting with kwargs: {'close_timeout': 5.0, 'max_size': 4194304, 'ping_interval': 15.0, 'additional_headers': {'X-Api-Key': '***MASKED***', 'User-Agent': 'X10PythonTradingClient/0.4.5'}}
14:31:36 [INFO] 🔌 [x10_funding] Connecting with kwargs: {'close_timeout': 5.0, 'max_size': 4194304, 'ping_interval': 15.0, 'additional_headers': {'X-Api-Key': '***MASKED***', 'User-Agent': 'X10PythonTradingClient/0.4.5'}}
14:31:36 [INFO] ✅ WebSocketManager started (Lighter + X10 Account/Trades/Funding)
14:31:37 [DEBUG] ✅ MON-USD: X10=$267,406, Lighter=$221,468,177, Total=$221,735,584
14:31:38 [INFO] ✅ [lighter] Connected to wss://mainnet.zklighter.elliot.ai/stream
14:31:38 [INFO] ✅ [lighter] Keepalive enabled: ping_interval=20.0s, ping_timeout=10.0s
14:31:38 [INFO] [lighter] Resubscribing to 87 channels (paced)...
14:31:38 [INFO] [lighter] Receive loop started (async iterator)
14:31:38 [DEBUG] 💓 [lighter] Heartbeat started (stale_threshold=180.0s)
14:31:38 [DEBUG] [lighter] Subscribed to order_book/82
14:31:38 [DEBUG] [lighter] Subscribed to trade/82
14:31:38 [INFO] ✅ [x10_trades] Connected to wss://api.starknet.extended.exchange/stream.extended.exchange/v1/publicTrades
14:31:38 [INFO] ✅ [x10_trades] Keepalive enabled: ping_interval=15.0s, ping_timeout=None (auto-pong)
14:31:38 [INFO] [x10_trades] Receive loop started (async iterator)
14:31:38 [DEBUG] 💓 [x10_trades] Heartbeat started (stale_threshold=300.0s)
14:31:38 [DEBUG] [lighter] Subscribed to order_book/58
14:31:38 [DEBUG] [lighter] Subscribed to trade/58
14:31:38 [DEBUG] [lighter] Subscribed to order_book/9
14:31:38 [DEBUG] [lighter] Subscribed to trade/9
14:31:38 [INFO] ✅ [x10_funding] Connected to wss://api.starknet.extended.exchange/stream.extended.exchange/v1/funding
14:31:38 [INFO] ✅ [x10_funding] Keepalive enabled: ping_interval=15.0s, ping_timeout=None (auto-pong)
14:31:38 [INFO] [x10_funding] Receive loop started (async iterator)
14:31:38 [DEBUG] 💓 [x10_funding] Heartbeat started (stale_threshold=300.0s)
14:31:38 [INFO] ✅ [x10_account] Connected to wss://api.starknet.extended.exchange/stream.extended.exchange/v1/account
14:31:38 [INFO] ✅ [x10_account] Keepalive enabled: ping_interval=15.0s, ping_timeout=None (auto-pong)
14:31:38 [INFO] [x10_account] Receive loop started (async iterator)
14:31:38 [DEBUG] 💓 [x10_account] Heartbeat started (stale_threshold=180.0s)
14:31:38 [DEBUG] [lighter] Subscribed to order_book/89
14:31:38 [DEBUG] [lighter] Subscribed to trade/89
14:31:38 [DEBUG] [lighter] Subscribed to order_book/60
14:31:38 [DEBUG] [lighter] Subscribed to trade/60
14:31:38 [DEBUG] [lighter] Resubscribed 10/87 channels
14:31:38 [DEBUG] [lighter] Subscribed to order_book/11
14:31:38 [DEBUG] [lighter] Subscribed to trade/11
14:31:38 [DEBUG] [lighter] Subscribed to order_book/67
14:31:38 [DEBUG] [lighter] Subscribed to trade/67
14:31:38 [DEBUG] [lighter] Subscribed to order_book/72
14:31:38 [DEBUG] [lighter] Subscribed to trade/72
14:31:38 [DEBUG] [lighter] Subscribed to order_book/38
14:31:38 [DEBUG] [lighter] Subscribed to trade/38
14:31:38 [DEBUG] [lighter] Resubscribed 20/87 channels
14:31:38 [DEBUG] [lighter] Subscribed to order_book/45
14:31:38 [DEBUG] [lighter] Subscribed to trade/45
14:31:38 [DEBUG] [lighter] Subscribed to order_book/71
14:31:38 [DEBUG] [lighter] Subscribed to trade/71
14:31:38 [DEBUG] [lighter] Subscribed to order_book/34
14:31:38 [DEBUG] [lighter] Subscribed to trade/34
14:31:38 [DEBUG] [lighter] Subscribed to order_book/32
14:31:38 [DEBUG] [lighter] Subscribed to trade/32
14:31:38 [DEBUG] [lighter] Resubscribed 30/87 channels
14:31:38 [DEBUG] [lighter] Subscribed to order_book/18
14:31:38 [DEBUG] [lighter] Subscribed to trade/18
14:31:38 [DEBUG] [lighter] Subscribed to order_book/35
14:31:38 [DEBUG] [lighter] Subscribed to trade/35
14:31:38 [DEBUG] [lighter] Subscribed to order_book/42
14:31:38 [DEBUG] [lighter] Subscribed to trade/42
14:31:38 [DEBUG] [lighter] Subscribed to order_book/12
14:31:38 [DEBUG] [lighter] Subscribed to trade/12
14:31:38 [DEBUG] [lighter] Subscribed to order_book/15
14:31:38 [DEBUG] [lighter] Subscribed to trade/15
14:31:38 [DEBUG] [lighter] Resubscribed 40/87 channels
14:31:38 [DEBUG] [lighter] Subscribed to order_book/50
14:31:38 [DEBUG] [lighter] Subscribed to trade/50
14:31:38 [DEBUG] [lighter] Subscribed to order_book/55
14:31:38 [DEBUG] [lighter] Subscribed to trade/55
14:31:38 [DEBUG] [lighter] Subscribed to order_book/53
14:31:38 [DEBUG] [lighter] Subscribed to trade/53
14:31:38 [DEBUG] [lighter] Resubscribed 50/87 channels
14:31:38 [INFO] [x10] Connected to Firehose streams (Trades & Funding) for all markets.
14:31:38 [INFO] 🔗 Components Wired: WS -> OI Tracker -> Prediction
14:31:38 [INFO] 🧟 Starte Zombie-Check: Vergleiche DB mit echten Positionen...
14:31:38 [INFO] 🔍 DB meldet 1 offene Trades. Prüfe Exchange...
14:31:38 [DEBUG] Sending GET https://api.starknet.extended.exchange/api/v1/user/positions?
14:31:38 [DEBUG] [lighter] Resubscribed 60/87 channels
14:31:38 [DEBUG] [lighter] Resubscribed 70/87 channels
14:31:38 [DEBUG] [lighter] Resubscribed 80/87 channels
14:31:38 [INFO] [lighter] Resubscribed to 87 channels
14:31:39 [DEBUG] ✅ UNI-USD: X10=$168,801, Lighter=$327,224, Total=$496,025
14:31:40 [INFO] Lighter: Found 0 open positions
14:31:40 [INFO] 🌍 Echte Positionen auf Exchanges: []
14:31:40 [WARNING] ⚠️  ZOMBIE GEFUNDEN: ONDO-USD ist in DB offen, aber nicht auf Exchange. Schließe ihn...
14:31:40 [INFO] ✅ Trade ONDO-USD closed (PnL: $0.00)
14:31:40 [INFO] 🧟 Reverse Ghost Check: Suche Positionen auf Exchange ohne DB Entry...
14:31:40 [DEBUG] Sending GET https://api.starknet.extended.exchange/api/v1/user/positions?
14:31:40 [DEBUG] 📝 Flushed 1 writes
14:31:40 [DEBUG] 📝 Flushed 1 writes in 16.0ms
14:31:41 [DEBUG] [x10_trades] Firehose stream - no subscription needed
14:31:41 [DEBUG] [x10_funding] Firehose stream - no subscription needed
14:31:41 [DEBUG] ✅ LDO-USD: X10=$126,894, Lighter=$1,869,259, Total=$1,996,152
14:31:41 [INFO] Lighter: Found 0 open positions
14:31:41 [INFO] ✅ No orphaned positions found
14:31:41 [INFO] ✅ ParallelExecutionManager started
14:31:41 [INFO] ✅ ParallelExecutionManager: Rollback processor started
14:31:41 [INFO] ✅ ParallelExecutionManager started with Circuit Breaker
14:31:41 [INFO] 🌐 Starting Dashboard API at http://0.0.0.0:8080
14:31:41 [INFO] 🔄 Rollback processor running...
14:31:41 [DEBUG] Registered task: logic_loop (priority=HIGH)
14:31:41 [DEBUG] Registered task: trade_management_loop (priority=HIGH)
14:31:41 [DEBUG] Registered task: farm_loop (priority=NORMAL)
14:31:41 [DEBUG] Registered task: maintenance_loop (priority=LOW)
14:31:41 [DEBUG] Registered task: cleanup_finished_tasks (priority=LOW)
14:31:41 [DEBUG] Registered task: health_reporter (priority=LOW)
14:31:41 [DEBUG] Registered task: connection_watchdog (priority=CRITICAL)
14:31:41 [INFO] ═══════════════════════════════════════════════════════════
14:31:41 [INFO]    BOT V5 RUNNING 24/7 - SUPERVISED | Ctrl+C = Stop   
14:31:41 [INFO] ═══════════════════════════════════════════════════════════
14:31:41 [INFO] 🚀 BotEventLoop starting...
14:31:41 [INFO] ▶️ Started task: connection_watchdog
14:31:41 [INFO] ▶️ Started task: logic_loop
14:31:41 [INFO] ▶️ Started task: trade_management_loop
14:31:41 [INFO] ▶️ Started task: farm_loop
14:31:41 [INFO] ▶️ Started task: maintenance_loop
14:31:41 [INFO] ▶️ Started task: cleanup_finished_tasks
14:31:41 [INFO] ▶️ Started task: health_reporter
14:31:41 [INFO] ✅ Started 7 tasks
14:31:41 [INFO] 🐕 Connection Watchdog gestartet (Timeout: 120s)
14:31:41 [INFO] Logic Loop gestartet – REFRESH alle 3s
14:31:41 [INFO] 🔍 RECONCILE: Starting strict sync check...
14:31:41 [INFO] 🛡️ Trade Management Loop gestartet
14:31:41 [DEBUG] 📊 X10 Funding Cache refresh (current=91)
14:31:41 [DEBUG] Sending GET https://api.starknet.extended.exchange/api/v1/info/markets?
14:31:41 [DEBUG] Sending GET https://api.starknet.extended.exchange/api/v1/user/positions?
14:31:42 [INFO] Lighter: Found 0 open positions
14:31:42 [INFO] ✅ RECONCILE: Sync complete.
14:31:42 [INFO] ⚡ Latency Arb Detector initialized (threshold: 5.0s)
14:31:42 [DEBUG] Price cache status: X10=78/65, Lighter=115/65
14:31:42 [DEBUG] 🔍 Scanning 65 pairs. Lighter markets: 114, X10 markets: 91
14:31:42 [DEBUG] MKR-USD: Missing prices (X=1663.9, L=None)
14:31:42 [INFO] ⚠️ No prediction opportunities, using fallback logic...
14:31:42 [INFO]  Volatility Monitor initialized: Low<3.0%, Normal<10.0%, High<20.0%, Hard Cap<50.0%
14:31:42 [DEBUG] ⛔ Skip MON-USD: Expected profit $-0.0500 < $0.05 (breakeven: 57.4h, hold: 4.0h)
14:31:42 [DEBUG] Skip LDO-USD: Spread 0.32% too high
14:31:42 [DEBUG] ⛔ Skip SUI-USD: Expected profit $-0.0300 < $0.05 (breakeven: 98.3h, hold: 4.0h)
14:31:42 [DEBUG] ⛔ Skip KAITO-USD: Expected profit $-0.0500 < $0.05 (breakeven: 44.9h, hold: 4.0h)
14:31:42 [DEBUG] ⛔ Skip WLD-USD: Expected profit $-0.0200 < $0.05 (breakeven: 12.9h, hold: 4.0h)
14:31:42 [DEBUG] ⛔ Skip FARTCOIN-USD: Expected profit $-0.0300 < $0.05 (breakeven: 14.9h, hold: 4.0h)
14:31:42 [DEBUG] ⛔ Skip EIGEN-USD: Expected profit $-0.0400 < $0.05 (breakeven: 92.1h, hold: 4.0h)
14:31:42 [DEBUG] Skip JUP-USD: Spread 0.43% too high
14:31:42 [DEBUG] ⛔ Skip LINEA-USD: Expected profit $-0.0300 < $0.05 (breakeven: 21.4h, hold: 4.0h)
14:31:42 [DEBUG] ⛔ Skip TRX-USD: Expected profit $-0.0200 < $0.05 (breakeven: 25.5h, hold: 4.0h)
14:31:42 [INFO] 💎 ADA-USD | APY: 94.6%
14:31:42 [DEBUG] ⛔ Skip ADA-USD: Expected profit $-0.0700 < $0.05 (breakeven: 17.1h, hold: 4.0h)
14:31:42 [DEBUG] ⛔ Skip APT-USD: Expected profit $-0.0200 < $0.05 (breakeven: 17.0h, hold: 4.0h)
14:31:42 [DEBUG] ⛔ Skip CRV-USD: Expected profit $-0.0300 < $0.05 (breakeven: 36.3h, hold: 4.0h)
14:31:42 [DEBUG] ⛔ Skip LINK-USD: Expected profit $-0.0300 < $0.05 (breakeven: 38.5h, hold: 4.0h)
14:31:42 [INFO] 💎 BERA-USD | APY: 81.5%
14:31:42 [DEBUG] ⛔ Skip BERA-USD: Expected profit $-0.0100 < $0.05 (breakeven: 5.7h, hold: 4.0h)
14:31:42 [DEBUG] ⛔ Skip STRK-USD: Expected profit $-0.0200 < $0.05 (breakeven: 10.1h, hold: 4.0h)
14:31:42 [INFO] 💎 RESOLV-USD | APY: 92.9%
14:31:42 [DEBUG] ⛔ Skip RESOLV-USD: Expected profit $-0.0700 < $0.05 (breakeven: 17.9h, hold: 4.0h)
14:31:42 [DEBUG] Skip APEX-USD: Spread 0.59% too high
14:31:42 [DEBUG] ⛔ Skip ZEC-USD: Expected profit $-0.0200 < $0.05 (breakeven: 32.5h, hold: 4.0h)
14:31:42 [DEBUG] ⛔ Skip MNT-USD: Expected profit $-0.0500 < $0.05 (breakeven: 90.0h, hold: 4.0h)
14:31:42 [DEBUG] ⛔ Skip AVNT-USD: Expected profit $-0.0300 < $0.05 (breakeven: 28.9h, hold: 4.0h)
14:31:42 [INFO] 💎 AVAX-USD | APY: 58.7%
14:31:42 [DEBUG] ⛔ Skip AVAX-USD: Expected profit $-0.0200 < $0.05 (breakeven: 10.6h, hold: 4.0h)
14:31:42 [DEBUG] ⛔ Skip EDEN-USD: Expected profit $-0.0300 < $0.05 (breakeven: 16.9h, hold: 4.0h)
14:31:42 [INFO] 💎 TIA-USD | APY: 127.9%
14:31:42 [DEBUG] ⛔ Skip TIA-USD: Expected profit $-0.0500 < $0.05 (breakeven: 10.7h, hold: 4.0h)
14:31:42 [DEBUG] ⛔ Skip WLFI-USD: Expected profit $-0.0300 < $0.05 (breakeven: 24.0h, hold: 4.0h)
14:31:42 [DEBUG] ⛔ Skip ONDO-USD: Expected profit $-0.0500 < $0.05 (breakeven: 38.7h, hold: 4.0h)
14:31:42 [DEBUG] ⛔ Skip IP-USD: Expected profit $-0.0500 < $0.05 (breakeven: 93.5h, hold: 4.0h)
14:31:42 [DEBUG] ⛔ Skip LTC-USD: Expected profit $-0.0300 < $0.05 (breakeven: 100.6h, hold: 4.0h)
14:31:42 [DEBUG] ⛔ Skip SPX-USD: TradFi/FX
14:31:42 [INFO] 💎 TRUMP-USD | APY: 60.4%
14:31:42 [DEBUG] ⛔ Skip TRUMP-USD: Expected profit $-0.0100 < $0.05 (breakeven: 7.7h, hold: 4.0h)
14:31:42 [INFO] ✅ Found 0 opportunities from 63 valid pairs (farm_mode=False, scanned=65)
14:31:43 [DEBUG] ✅ SUI-USD: X10=$632,621, Lighter=$2,025,948, Total=$2,658,570
14:31:44 [DEBUG] ✅ MKR-USD: X10=$9,283, Lighter=$0, Total=$9,283
14:31:45 [INFO] 🔍 RECONCILE: Starting strict sync check...
14:31:45 [DEBUG] Sending GET https://api.starknet.extended.exchange/api/v1/user/positions?
14:31:45 [INFO]  X10: 91 Märkte geladen, 91 Funding Rates, 81 Preise
14:31:45 [DEBUG] X10: Funding Refresh OK, cache=91
14:31:45 [DEBUG] 📊 Lighter Funding Cache refresh (current=113)
14:31:45 [DEBUG] Lighter: Loaded 380 funding rates
14:31:45 [INFO] Lighter: Found 0 open positions
14:31:45 [INFO] ✅ RECONCILE: Sync complete.
14:31:45 [DEBUG] Price cache status: X10=81/65, Lighter=115/65
14:31:45 [DEBUG] 🔍 Scanning 65 pairs. Lighter markets: 114, X10 markets: 91
14:31:45 [DEBUG] MKR-USD: Missing prices (X=1663.9, L=None)
14:31:46 [INFO] ⚠️ No prediction opportunities, using fallback logic...
14:31:46 [INFO]  VOL REGIME: MON-USD UNKNOWN -> LOW (24h Range: 0.00%)
14:31:46 [DEBUG] ⛔ Skip MON-USD: Expected profit $-0.0600 < $0.05 (breakeven: 66.3h, hold: 4.0h)
14:31:46 [INFO]  VOL REGIME: UNI-USD UNKNOWN -> LOW (24h Range: 0.00%)
14:31:46 [INFO]  VOL REGIME: LDO-USD UNKNOWN -> LOW (24h Range: 0.00%)
14:31:46 [DEBUG] Skip LDO-USD: Spread 0.32% too high
14:31:46 [INFO]  VOL REGIME: SUI-USD UNKNOWN -> LOW (24h Range: 0.03%)
14:31:46 [DEBUG] ⛔ Skip SUI-USD: Expected profit $-0.0400 < $0.05 (breakeven: 124.2h, hold: 4.0h)
14:31:46 [INFO]  VOL REGIME: KAITO-USD UNKNOWN -> LOW (24h Range: 0.00%)
14:31:46 [DEBUG] ⛔ Skip KAITO-USD: Expected profit $-0.0500 < $0.05 (breakeven: 44.9h, hold: 4.0h)
14:31:46 [INFO]  VOL REGIME: WLD-USD UNKNOWN -> LOW (24h Range: 0.00%)
14:31:46 [DEBUG] ⛔ Skip WLD-USD: Expected profit $-0.0200 < $0.05 (breakeven: 12.9h, hold: 4.0h)
14:31:46 [INFO]  VOL REGIME: FARTCOIN-USD UNKNOWN -> LOW (24h Range: 0.07%)
14:31:46 [DEBUG] ⛔ Skip FARTCOIN-USD: Expected profit $-0.0500 < $0.05 (breakeven: 23.6h, hold: 4.0h)
14:31:46 [INFO]  VOL REGIME: EIGEN-USD UNKNOWN -> LOW (24h Range: 0.00%)
14:31:46 [DEBUG] ⛔ Skip EIGEN-USD: Expected profit $-0.0400 < $0.05 (breakeven: 92.1h, hold: 4.0h)
14:31:46 [INFO]  VOL REGIME: POPCAT-USD UNKNOWN -> LOW (24h Range: 0.00%)
14:31:46 [INFO]  VOL REGIME: TAO-USD UNKNOWN -> LOW (24h Range: 0.00%)
14:31:46 [INFO]  VOL REGIME: JUP-USD UNKNOWN -> LOW (24h Range: 0.00%)
14:31:46 [DEBUG] Skip JUP-USD: Spread 0.43% too high
14:31:46 [INFO]  VOL REGIME: LINEA-USD UNKNOWN -> LOW (24h Range: 0.00%)
14:31:46 [DEBUG] ⛔ Skip LINEA-USD: Expected profit $-0.0300 < $0.05 (breakeven: 21.4h, hold: 4.0h)
14:31:46 [INFO]  VOL REGIME: PENGU-USD UNKNOWN -> LOW (24h Range: 0.00%)
14:31:46 [INFO]  VOL REGIME: NEAR-USD UNKNOWN -> LOW (24h Range: 0.00%)
14:31:46 [INFO]  VOL REGIME: ETH-USD UNKNOWN -> LOW (24h Range: 0.00%)
14:31:46 [INFO]  VOL REGIME: 1000SHIB-USD UNKNOWN -> LOW (24h Range: 0.00%)
14:31:46 [INFO]  VOL REGIME: SOL-USD UNKNOWN -> LOW (24h Range: 0.00%)
14:31:46 [INFO]  VOL REGIME: TRX-USD UNKNOWN -> LOW (24h Range: 0.00%)
14:31:46 [DEBUG] ⛔ Skip TRX-USD: Expected profit $-0.0200 < $0.05 (breakeven: 25.5h, hold: 4.0h)
14:31:46 [INFO]  VOL REGIME: ADA-USD UNKNOWN -> LOW (24h Range: 0.13%)
14:31:46 [DEBUG] ⛔ Skip ADA-USD: Expected profit $-0.0400 < $0.05 (breakeven: 10.9h, hold: 4.0h)
14:31:46 [INFO]  VOL REGIME: BNB-USD UNKNOWN -> LOW (24h Range: 0.00%)
14:31:46 [INFO]  VOL REGIME: APT-USD UNKNOWN -> LOW (24h Range: 0.00%)
14:31:46 [DEBUG] ⛔ Skip APT-USD: Expected profit $-0.0200 < $0.05 (breakeven: 17.0h, hold: 4.0h)
14:31:46 [INFO]  VOL REGIME: CRV-USD UNKNOWN -> LOW (24h Range: 0.00%)
14:31:46 [DEBUG] ⛔ Skip CRV-USD: Expected profit $-0.0300 < $0.05 (breakeven: 36.3h, hold: 4.0h)
14:31:46 [INFO]  VOL REGIME: LINK-USD UNKNOWN -> LOW (24h Range: 0.00%)
14:31:46 [DEBUG] ⛔ Skip LINK-USD: Expected profit $-0.0300 < $0.05 (breakeven: 38.5h, hold: 4.0h)
14:31:46 [INFO]  VOL REGIME: ASTER-USD UNKNOWN -> LOW (24h Range: 0.00%)
14:31:46 [INFO]  VOL REGIME: WIF-USD UNKNOWN -> LOW (24h Range: 0.00%)
14:31:46 [INFO]  VOL REGIME: BTC-USD UNKNOWN -> LOW (24h Range: 0.00%)
14:31:46 [INFO]  VOL REGIME: BERA-USD UNKNOWN -> LOW (24h Range: 0.07%)
14:31:46 [DEBUG] ⛔ Skip BERA-USD: Expected profit $-0.0100 < $0.05 (breakeven: 5.2h, hold: 4.0h)
14:31:46 [INFO]  VOL REGIME: AAVE-USD UNKNOWN -> LOW (24h Range: 0.00%)
14:31:46 [INFO]  VOL REGIME: PENDLE-USD UNKNOWN -> LOW (24h Range: 0.00%)
14:31:46 [INFO]  VOL REGIME: STRK-USD UNKNOWN -> LOW (24h Range: 0.00%)
14:31:46 [DEBUG] ⛔ Skip STRK-USD: Expected profit $-0.0200 < $0.05 (breakeven: 10.1h, hold: 4.0h)
14:31:46 [INFO]  VOL REGIME: RESOLV-USD UNKNOWN -> LOW (24h Range: 0.00%)
14:31:46 [DEBUG] ⛔ Skip RESOLV-USD: Expected profit $-0.0300 < $0.05 (breakeven: 9.0h, hold: 4.0h)
14:31:46 [INFO]  VOL REGIME: 1000PEPE-USD UNKNOWN -> LOW (24h Range: 0.00%)
14:31:46 [INFO]  VOL REGIME: APEX-USD UNKNOWN -> LOW (24h Range: 0.00%)
14:31:46 [DEBUG] Skip APEX-USD: Spread 0.59% too high
14:31:46 [INFO]  VOL REGIME: DOGE-USD UNKNOWN -> LOW (24h Range: 0.00%)
14:31:46 [INFO]  VOL REGIME: GRASS-USD UNKNOWN -> LOW (24h Range: 0.00%)
14:31:46 [INFO]  VOL REGIME: XRP-USD UNKNOWN -> LOW (24h Range: 0.00%)
14:31:46 [INFO]  VOL REGIME: VIRTUAL-USD UNKNOWN -> LOW (24h Range: 0.00%)
14:31:46 [INFO]  VOL REGIME: AERO-USD UNKNOWN -> LOW (24h Range: 0.00%)
14:31:46 [INFO]  VOL REGIME: HYPE-USD UNKNOWN -> LOW (24h Range: 0.03%)
14:31:46 [INFO]  VOL REGIME: ENA-USD UNKNOWN -> LOW (24h Range: 0.00%)
14:31:46 [INFO]  VOL REGIME: ZEC-USD UNKNOWN -> LOW (24h Range: 0.00%)
14:31:46 [DEBUG] ⛔ Skip ZEC-USD: Expected profit $-0.0300 < $0.05 (breakeven: 44.3h, hold: 4.0h)
14:31:46 [INFO]  VOL REGIME: MNT-USD UNKNOWN -> LOW (24h Range: 0.00%)
14:31:46 [DEBUG] ⛔ Skip MNT-USD: Expected profit $-0.0500 < $0.05 (breakeven: 90.0h, hold: 4.0h)
14:31:46 [INFO]  VOL REGIME: AVNT-USD UNKNOWN -> LOW (24h Range: 0.00%)
14:31:46 [DEBUG] ⛔ Skip AVNT-USD: Expected profit $-0.0300 < $0.05 (breakeven: 28.9h, hold: 4.0h)
14:31:46 [INFO]  VOL REGIME: AVAX-USD UNKNOWN -> LOW (24h Range: 0.00%)
14:31:46 [DEBUG] ⛔ Skip AVAX-USD: Expected profit $-0.0200 < $0.05 (breakeven: 10.6h, hold: 4.0h)
14:31:46 [INFO]  VOL REGIME: EDEN-USD UNKNOWN -> LOW (24h Range: 0.00%)
14:31:46 [DEBUG] ⛔ Skip EDEN-USD: Expected profit $-0.0300 < $0.05 (breakeven: 16.9h, hold: 4.0h)
14:31:46 [INFO]  VOL REGIME: ZRO-USD UNKNOWN -> LOW (24h Range: 0.00%)
14:31:46 [INFO]  VOL REGIME: TIA-USD UNKNOWN -> LOW (24h Range: 0.00%)
14:31:46 [DEBUG] ⛔ Skip TIA-USD: Expected profit $-0.0500 < $0.05 (breakeven: 10.7h, hold: 4.0h)
14:31:46 [INFO]  VOL REGIME: WLFI-USD UNKNOWN -> LOW (24h Range: 0.00%)
14:31:46 [DEBUG] ⛔ Skip WLFI-USD: Expected profit $-0.0300 < $0.05 (breakeven: 24.0h, hold: 4.0h)
14:31:46 [INFO]  VOL REGIME: ONDO-USD UNKNOWN -> LOW (24h Range: 0.00%)
14:31:46 [DEBUG] ⛔ Skip ONDO-USD: Expected profit $-0.0500 < $0.05 (breakeven: 38.7h, hold: 4.0h)
14:31:46 [INFO]  VOL REGIME: PUMP-USD UNKNOWN -> LOW (24h Range: 0.00%)
14:31:46 [INFO]  VOL REGIME: XPL-USD UNKNOWN -> LOW (24h Range: 0.00%)
14:31:46 [INFO]  VOL REGIME: IP-USD UNKNOWN -> LOW (24h Range: 0.09%)
14:31:46 [DEBUG] ⛔ Skip IP-USD: Expected profit $-0.0300 < $0.05 (breakeven: 51.3h, hold: 4.0h)
14:31:46 [INFO]  VOL REGIME: SEI-USD UNKNOWN -> LOW (24h Range: 0.00%)
14:31:46 [INFO]  VOL REGIME: 1000BONK-USD UNKNOWN -> LOW (24h Range: 0.00%)
14:31:46 [INFO]  VOL REGIME: LTC-USD UNKNOWN -> LOW (24h Range: 0.00%)
14:31:46 [DEBUG] ⛔ Skip LTC-USD: Expected profit $-0.0300 < $0.05 (breakeven: 108.5h, hold: 4.0h)
14:31:46 [DEBUG] ⛔ Skip SPX-USD: TradFi/FX
14:31:46 [INFO]  VOL REGIME: TON-USD UNKNOWN -> LOW (24h Range: 0.00%)
14:31:46 [INFO]  VOL REGIME: TRUMP-USD UNKNOWN -> LOW (24h Range: 0.00%)
14:31:46 [DEBUG] ⛔ Skip TRUMP-USD: Expected profit $-0.0100 < $0.05 (breakeven: 7.7h, hold: 4.0h)
14:31:46 [INFO]  VOL REGIME: ARB-USD UNKNOWN -> LOW (24h Range: 0.00%)
14:31:46 [INFO]  VOL REGIME: OP-USD UNKNOWN -> LOW (24h Range: 0.00%)
14:31:46 [INFO]  VOL REGIME: ZORA-USD UNKNOWN -> LOW (24h Range: 0.00%)
14:31:46 [INFO] ✅ Found 0 opportunities from 63 valid pairs (farm_mode=False, scanned=65)
14:31:46 [DEBUG] Lighter: Loaded 115 prices via REST
14:31:46 [DEBUG] Lighter: Funding Refresh OK, cache=113
14:31:46 [DEBUG] 📊 OI→Pred MON-USD: OI=$221,735,584, Velocity=0.00, Trend=STABLE
14:31:46 [DEBUG] 📊 OI→Pred UNI-USD: OI=$496,025, Velocity=0.00, Trend=STABLE
14:31:46 [DEBUG] 📊 OI→Pred LDO-USD: OI=$1,996,152, Velocity=0.00, Trend=STABLE
14:31:46 [DEBUG] 📊 OI→Pred SUI-USD: OI=$2,658,570, Velocity=0.00, Trend=STABLE
14:31:46 [DEBUG] 📊 OI→Pred MKR-USD: OI=$9,283, Velocity=0.00, Trend=STABLE
14:31:46 [INFO] 🔍 Running periodic exchange sync check...
14:31:46 [INFO] 🔍 Starting Exchange Sync Check...
14:31:46 [DEBUG] Sending GET https://api.starknet.extended.exchange/api/v1/user/positions?
14:31:47 [INFO] Lighter: Found 0 open positions
14:31:47 [INFO] ✅ Exchanges are SYNCED: 0 paired positions
14:31:48 [DEBUG] 💓 [lighter] Alive (uptime=10s, last_msg=0s ago, msgs=9274)
14:31:48 [DEBUG] 💓 [x10_trades] Alive (uptime=10s, last_msg=0s ago, msgs=36)
14:31:48 [DEBUG] 💓 [x10_account] Alive (uptime=10s, last_msg=10s ago, msgs=3)
14:31:48 [DEBUG] ✅ KAITO-USD: X10=$576,519, Lighter=$2,026,408, Total=$2,602,926
14:31:49 [INFO] 🔍 RECONCILE: Starting strict sync check...
14:31:49 [DEBUG] Sending GET https://api.starknet.extended.exchange/api/v1/user/positions?
14:31:49 [INFO] Lighter: Found 0 open positions
14:31:49 [INFO] ✅ RECONCILE: Sync complete.
14:31:49 [DEBUG] Price cache status: X10=81/65, Lighter=115/65
14:31:49 [DEBUG] 🔍 Scanning 65 pairs. Lighter markets: 114, X10 markets: 91
14:31:49 [DEBUG] MKR-USD: Missing prices (X=1663.9, L=None)
14:31:50 [INFO] 🧠 Prediction V2: Found 4 ML-ranked opportunities
14:31:50 [INFO] ✅ Returning 4 ML-ranked opportunities
14:31:50 [INFO] 🎯 Found 3 opportunities, executing best...
14:31:50 [DEBUG] Sending GET https://api.starknet.extended.exchange/api/v1/user/balance
14:31:50 [DEBUG] ✅ WLD-USD: X10=$144,406, Lighter=$2,051,451, Total=$2,195,857
14:31:51 [INFO] 💰 X10 verfügbare Balance: $243.72 USDC
14:31:52 [DEBUG] ✅ FARTCOIN-USD: X10=$404,958, Lighter=$13,280,159, Total=$13,685,117
14:31:52 [DEBUG] Lighter Balance: Raw=$261.46, Safe=$248.39
14:31:52 [INFO] X10: Detected balance = $243.72
14:31:52 [DEBUG] Fetching fresh positions (force=False, cache_age=1765200712.7s)
14:31:52 [DEBUG] Sending GET https://api.starknet.extended.exchange/api/v1/user/positions?
14:31:53 [INFO] Lighter: Found 0 open positions
14:31:53 [INFO] 📊 Positions: X10=0, Lighter=0
14:31:53 [DEBUG] SYNC STATUS: DB=0, Executing=0, RealExchange=0, TotalActive=0
14:31:53 [INFO] 🚀 Launching 3 trades (Slots available: 3, Reserved: 3)
14:31:53 [DEBUG] Sending GET https://api.starknet.extended.exchange/api/v1/user/positions?
14:31:54 [DEBUG] ✅ EIGEN-USD: X10=$216,579, Lighter=$1,505,141, Total=$1,721,719
14:31:54 [INFO] Lighter: Found 0 open positions
14:31:54 [INFO] 💰 Balance: X10=$243.7 (free=$240.7), Lit=$248.4 (free=$245.4) | DB_Trades=0, Real_Positions=0, Locked=$0/ex
14:31:54 [INFO] 🚀 Launching trade for MON-USD (APY=17.5%)
14:31:54 [DEBUG] Sending GET https://api.starknet.extended.exchange/api/v1/user/positions?
14:31:54 [INFO] 🚀 Launching trade for MKR-USD (APY=11.4%)
14:31:54 [DEBUG] Sending GET https://api.starknet.extended.exchange/api/v1/user/positions?
14:31:55 [INFO] 🚀 Launching trade for LDO-USD (APY=7.9%)
14:31:55 [DEBUG] Sending GET https://api.starknet.extended.exchange/api/v1/user/positions?
14:31:55 [INFO] Lighter: Found 0 open positions
14:31:55 [DEBUG] ✅ MON-USD verified: No existing positions on exchanges
14:31:55 [DEBUG] Sending GET https://api.starknet.extended.exchange/api/v1/user/balance
14:31:55 [INFO] ✅ Launched 3 trade tasks this cycle
14:31:55 [INFO] 💰 X10 verfügbare Balance: $243.72 USDC
14:31:55 [DEBUG] 🧠 MON-USD: Prediction conf=0.75, delta=-0.000013
14:31:55 [DEBUG] MIN_NOTIONAL MON-USD: min_base=50.00000000 coins, price=$0.0283, min_qty_usd=$1.41, min_notional_api=$10.00, final=$11.00
14:31:55 [DEBUG] Sending GET https://api.starknet.extended.exchange/api/v1/user/balance
14:31:55 [INFO] Lighter: Found 0 open positions
14:31:55 [DEBUG] ✅ MKR-USD verified: No existing positions on exchanges
14:31:55 [DEBUG] Sending GET https://api.starknet.extended.exchange/api/v1/user/balance
14:31:56 [DEBUG] ✅ POPCAT-USD: X10=$125,069, Lighter=$6,319,656, Total=$6,444,725
14:31:56 [INFO] 💰 X10 verfügbare Balance: $243.72 USDC
14:31:57 [DEBUG] Lighter Balance: Raw=$261.46, Safe=$248.39
14:31:57 [INFO] 🎰 KELLY MON-USD: win_rate=50.0%, kelly_fraction=1.0000, safe_fraction=1.0000, confidence=FIXED_HACK, samples=0
14:31:57 [INFO] 📊 KELLY SIZE MON-USD: $50.0 (kelly-optimized)
14:31:57 [DEBUG] 🔍 Checking liquidity for MON-USD BUY: Need $50.00 (Max Slip: 2.0%)
14:31:57 [INFO] 💰 X10 verfügbare Balance: $243.72 USDC
14:31:57 [DEBUG] 🧠 MKR-USD: Prediction conf=0.75, delta=0.000041
14:31:57 [DEBUG] Sending GET https://api.starknet.extended.exchange/api/v1/user/balance
14:31:57 [INFO] Lighter: Found 0 open positions
14:31:57 [DEBUG] ✅ LDO-USD verified: No existing positions on exchanges
14:31:57 [DEBUG] Sending GET https://api.starknet.extended.exchange/api/v1/user/balance
14:31:57 [DEBUG] 🔍 Orderbook for MON-USD: Bids=20, Asks=20
14:31:57 [INFO] 💰 X10 verfügbare Balance: $243.72 USDC
14:31:57 [INFO] 🎰 KELLY MKR-USD: win_rate=50.0%, kelly_fraction=1.0000, safe_fraction=1.0000, confidence=FIXED_HACK, samples=0
14:31:57 [INFO] 📊 KELLY SIZE MKR-USD: $50.0 (kelly-optimized)
14:31:57 [DEBUG] 🔍 Checking liquidity for MKR-USD BUY: Need $50.00 (Max Slip: 2.0%)
14:31:57 [INFO] 🚀 Opening MON-USD: Size=$50.0 (Min=$11.0)
14:31:57 [INFO] 🛡️ Registered MON-USD in RECENTLY_OPENED_TRADES for 60.0s protection
14:31:57 [DEBUG] Sending GET https://api.starknet.extended.exchange/api/v1/user/orders?
14:31:57 [INFO] 💰 X10 verfügbare Balance: $243.72 USDC
14:31:57 [DEBUG] 🧠 LDO-USD: Prediction conf=0.75, delta=-0.000038
14:31:57 [DEBUG] MIN_NOTIONAL LDO-USD: min_base=5.00000000 coins, price=$0.6004, min_qty_usd=$3.00, min_notional_api=$10.00, final=$11.00
14:31:57 [DEBUG] Sending GET https://api.starknet.extended.exchange/api/v1/user/balance
14:31:57 [DEBUG] 🔍 Orderbook for MKR-USD: Bids=0, Asks=0
14:31:57 [WARNING] ⚠️ Lighter: Empty orderbook side for MKR-USD BUY
14:31:57 [WARNING] 🛑 MKR-USD: Insufficient Lighter liquidity for $50.00
14:31:57 [INFO] ⚖️ Size Alignment MON-USD: 50.00$ -> 49.79$ (1760.000000 Coins) to match both exchanges (X10 Step: 10.0, Lighter Step: 0.0001)
14:31:57 [INFO] 🔄 [MAKER STRATEGY] MON-USD: Placing Lighter Maker Order...
14:31:57 [INFO] 🚀 LIGHTER OPEN MON-USD: side=BUY, size_usd=$49.79, price=$0.028290
14:31:57 [DEBUG] 🔍 DEBUG: MON-USD market_id = 91 (raw=91, type=<class 'int'>)
14:31:57 [INFO] 🛡️ Lighter Maker Price MON-USD BUY: $0.020000
14:31:57 [DEBUG] QUANTIZE MON-USD: Notional=$49.7904 -> RawAmt=2489.520000 -> QuantAmt=2489.520000 (x0.0001) -> BaseInt=24895
14:31:57 [DEBUG] Create Order Tx Info: {"AccountIndex":60113,"ApiKeyIndex":3,"MarketIndex":91,"ClientOrderIndex":1765200720590,"BaseAmount":24895,"Price":2000,"IsAsk":0,"Type":0,"TimeInForce":1,"ReduceOnly":0,"TriggerPrice":0,"OrderExpiry":1767619917882,"ExpiredAt":1765201316882,"Nonce":5345,"Sig":"4MwX12p6da10DvVz87DAyv5yFVw0bhcohNLIWGmnEZJNCLleFMUgIGk5S5Y/SqmoOhsWuWsRGV/vb4MDAxLt1zjRh59HZATzC6Iclshe1nk="}
14:31:57 [INFO] 💰 X10 verfügbare Balance: $243.72 USDC
14:31:57 [INFO] 🎰 KELLY LDO-USD: win_rate=50.0%, kelly_fraction=1.0000, safe_fraction=1.0000, confidence=FIXED_HACK, samples=0
14:31:57 [INFO] 📊 KELLY SIZE LDO-USD: $50.0 (kelly-optimized)
14:31:57 [DEBUG] 🔍 Checking liquidity for LDO-USD SELL: Need $50.00 (Max Slip: 2.0%)
14:31:58 [DEBUG] 💓 [lighter] Alive (uptime=20s, last_msg=0s ago, msgs=20422)
14:31:58 [DEBUG] 💓 [x10_trades] Alive (uptime=20s, last_msg=0s ago, msgs=77)
14:31:58 [DEBUG] 💓 [x10_account] Alive (uptime=20s, last_msg=20s ago, msgs=3)
14:31:58 [DEBUG] Create Order Send Tx Response: code=200 message='{"ratelimit": "didn\'t use volume quota"}' tx_hash='b8323dd0e6f13758b071471ee5c37f24cac5d7d7834c672baabc19271fe82579f1c1d63bdc0a1a72' predicted_execution_time_ms=1765200705285 additional_properties={}
14:31:58 [INFO] Lighter Order: b8323dd0e6f13758b071471ee5c37f24cac5d7d7834c672baabc19271fe82579f1c1d63bdc0a1a72
14:31:58 [INFO] ⏳ [MAKER STRATEGY] MON-USD: Lighter placed (b8323dd0e6f13758b071471ee5c37f24cac5d7d7834c672baabc19271fe82579f1c1d63bdc0a1a72), waiting for fill...
14:31:58 [DEBUG] 🔍 Orderbook for LDO-USD: Bids=20, Asks=20
14:31:58 [INFO] 🚀 Opening LDO-USD: Size=$50.0 (Min=$11.0)
14:31:58 [INFO] 🛡️ Registered LDO-USD in RECENTLY_OPENED_TRADES for 60.0s protection
14:31:58 [DEBUG] Sending GET https://api.starknet.extended.exchange/api/v1/user/orders?
14:31:58 [INFO] ⚖️ Size Alignment LDO-USD: 50.00$ -> 49.83$ (83.000000 Coins) to match both exchanges (X10 Step: 1.0, Lighter Step: 0.0001)
14:31:58 [INFO] 🔄 [MAKER STRATEGY] LDO-USD: Placing Lighter Maker Order...
14:31:58 [INFO] 🚀 LIGHTER OPEN LDO-USD: side=SELL, size_usd=$49.83, price=$0.600410
14:31:58 [DEBUG] 🔍 DEBUG: LDO-USD market_id = 46 (raw=46, type=<class 'int'>)
14:31:58 [INFO] 🛡️ Lighter Maker Price LDO-USD SELL: $0.600000
14:31:58 [DEBUG] QUANTIZE LDO-USD: Notional=$49.83403 -> RawAmt=83.056717 -> QuantAmt=83.056700 (x0.0001) -> BaseInt=831
14:31:58 [DEBUG] Create Order Tx Info: {"AccountIndex":60113,"ApiKeyIndex":3,"MarketIndex":46,"ClientOrderIndex":1765200773621,"BaseAmount":831,"Price":60000,"IsAsk":1,"Type":0,"TimeInForce":1,"ReduceOnly":0,"TriggerPrice":0,"OrderExpiry":1767619918583,"ExpiredAt":1765201317583,"Nonce":5346,"Sig":"gz1sGLKALqp8/xClKF5K/Ja8I45syKrtRAUw4hVW4KEioh6OKw6wZCISwYUOVjGvK5wqCxkfdov5lBzwOI4n4rnC55OfXAxqFrvO6HkPVQg="}
14:31:58 [INFO] Lighter: Found 0 open positions
14:31:58 [DEBUG] 👻 Ghost pending: MON-USD (0.5s)
14:31:58 [DEBUG] Price cache status: X10=81/65, Lighter=115/65
14:31:58 [DEBUG] 🔍 Scanning 65 pairs. Lighter markets: 114, X10 markets: 91
14:31:58 [DEBUG] MKR-USD: Missing prices (X=1663.9, L=None)
14:31:58 [DEBUG] Create Order Send Tx Response: code=200 message='{"ratelimit": "didn\'t use volume quota"}' tx_hash='30618fc612d8ff11d63c09d8aeb7ba4a82c80fb0d385eb1c65f5a5f148ef1d2066a0370169a94192' predicted_execution_time_ms=1765200705999 additional_properties={}
14:31:58 [INFO] Lighter Order: 30618fc612d8ff11d63c09d8aeb7ba4a82c80fb0d385eb1c65f5a5f148ef1d2066a0370169a94192
14:31:58 [INFO] ⏳ [MAKER STRATEGY] LDO-USD: Lighter placed (30618fc612d8ff11d63c09d8aeb7ba4a82c80fb0d385eb1c65f5a5f148ef1d2066a0370169a94192), waiting for fill...
14:31:59 [INFO] 🧠 Prediction V2: Found 4 ML-ranked opportunities
14:31:59 [INFO] ✅ Returning 4 ML-ranked opportunities
14:31:59 [INFO] 🎯 Found 3 opportunities, executing best...
14:31:59 [DEBUG] Sending GET https://api.starknet.extended.exchange/api/v1/user/balance
14:31:59 [INFO] 💰 X10 verfügbare Balance: $243.72 USDC
14:31:59 [INFO] Lighter: Found 1 open positions
14:31:59 [WARNING] 👻 Lighter Ghost Guardian: Injected pending position for MON-USD (Age: 1.2s)
14:31:59 [INFO] Lighter: Found 1 open positions
14:31:59 [WARNING] 👻 Lighter Ghost Guardian: Injected pending position for MON-USD (Age: 1.5s)
14:31:59 [DEBUG] ✅ TAO-USD: X10=$167,371, Lighter=$7,776, Total=$175,146
14:31:59 [INFO] Lighter: Found 1 open positions
14:31:59 [WARNING] 👻 Lighter Ghost Guardian: Injected pending position for MON-USD (Age: 1.7s)
14:31:59 [INFO] ⚖️ HEDGING LDO-USD: Lighter filled 83.100000 coins. Matching on X10...
14:31:59 [INFO] 🚀 X10 EXECUTE LDO-USD BUY: 83.100000 Coins (Basis: COINS=83.1)
14:31:59 [DEBUG] Sending GET https://api.starknet.extended.exchange/api/v1/info/markets?
14:32:00 [DEBUG] Lighter Balance: Raw=$261.46, Safe=$248.39
14:32:00 [INFO] X10: Detected balance = $243.72
14:32:00 [DEBUG] Fetching fresh positions (force=False, cache_age=7.5s)
14:32:00 [DEBUG] Sending GET https://api.starknet.extended.exchange/api/v1/user/positions?
14:32:00 [INFO] Lighter: Found 1 open positions
14:32:00 [WARNING] 👻 Lighter Ghost Guardian: Injected pending position for MON-USD (Age: 2.5s)
14:32:00 [INFO] Lighter: Found 1 open positions
14:32:00 [WARNING] 👻 Lighter Ghost Guardian: Injected pending position for MON-USD (Age: 2.5s)
14:32:00 [INFO] 📊 Positions: X10=0, Lighter=2
14:32:00 [DEBUG] Lighter positions: ['LDO-USD', 'MON-USD']
14:32:00 [WARNING] ⚠️ DESYNC: {'MON-USD', 'LDO-USD'} on exchanges but not in DB
14:32:00 [DEBUG] SYNC STATUS: DB=0, Executing=2, RealExchange=2, TotalActive=2
14:32:00 [INFO] 🚀 Launching 1 trades (Slots available: 1, Reserved: 1)
14:32:00 [DEBUG] Sending GET https://api.starknet.extended.exchange/api/v1/user/positions?
14:32:01 [INFO] Lighter: Found 1 open positions
14:32:01 [INFO] 💰 Balance: X10=$243.7 (free=$207.7), Lit=$248.4 (free=$212.4) | DB_Trades=0, Real_Positions=1, Locked=$12/ex
14:32:01 [INFO] 🚀 Launching trade for MKR-USD (APY=11.4%)
14:32:01 [DEBUG] Sending GET https://api.starknet.extended.exchange/api/v1/user/positions?
14:32:01 [DEBUG] ✅ LINEA-USD: X10=$155,874, Lighter=$99,298,737, Total=$99,454,611
14:32:01 [INFO] Lighter: Found 1 open positions
14:32:02 [INFO] ✅ Launched 1 trade tasks this cycle
14:32:02 [INFO] Lighter: Found 1 open positions
14:32:02 [DEBUG] ✅ MKR-USD verified: No existing positions on exchanges
14:32:02 [DEBUG] Sending GET https://api.starknet.extended.exchange/api/v1/user/balance
14:32:02 [INFO] 💰 X10 verfügbare Balance: $243.72 USDC
14:32:02 [DEBUG] 🧠 MKR-USD: Prediction conf=0.75, delta=0.000041
14:32:02 [DEBUG] Sending GET https://api.starknet.extended.exchange/api/v1/user/balance
14:32:02 [INFO] Lighter: Found 1 open positions
14:32:02 [INFO] 💰 X10 verfügbare Balance: $243.72 USDC
14:32:03 [DEBUG] ✅ JUP-USD: X10=$300,725, Lighter=$3,330,402, Total=$3,631,126
14:32:03 [INFO] Lighter: Found 1 open positions
14:32:03 [DEBUG] Lighter Balance: Raw=$261.47, Safe=$248.40
14:32:03 [INFO] 🎰 KELLY MKR-USD: win_rate=50.0%, kelly_fraction=1.0000, safe_fraction=1.0000, confidence=FIXED_HACK, samples=0
14:32:03 [INFO] 📊 KELLY SIZE MKR-USD: $50.0 (kelly-optimized)
14:32:03 [DEBUG] 🔍 Checking liquidity for MKR-USD BUY: Need $50.00 (Max Slip: 2.0%)
14:32:04 [DEBUG] Placing an order: id=784280903547601596241621923916476349992815703833832304378873700860925561037
14:32:04 [DEBUG] Sending POST https://api.starknet.extended.exchange/api/v1/user/order, headers={<RequestHeader.ACCEPT: 'Accept'>: 'application/json', <RequestHeader.CONTENT_TYPE: 'Content-Type'>: 'application/json', <RequestHeader.USER_AGENT: 'User-Agent'>: 'X10PythonTradingClient/0.0.17', <RequestHeader.API_KEY: 'X-Api-Key'>: '***MASKED***'}
14:32:04 [DEBUG] 🔍 Orderbook for MKR-USD: Bids=0, Asks=0
14:32:04 [WARNING] ⚠️ Lighter: Empty orderbook side for MKR-USD BUY
14:32:04 [WARNING] 🛑 MKR-USD: Insufficient Lighter liquidity for $50.00
14:32:04 [INFO] Lighter: Found 1 open positions
14:32:05 [DEBUG] Price cache status: X10=81/65, Lighter=115/65
14:32:05 [DEBUG] 🔍 Scanning 65 pairs. Lighter markets: 114, X10 markets: 91
14:32:05 [DEBUG] MKR-USD: Missing prices (X=1663.9, L=None)
14:32:05 [DEBUG] ✅ PENGU-USD: X10=$64,324, Lighter=$92,010,125, Total=$92,074,449
14:32:05 [DEBUG] ⚠️ BTC DUMP: Reduced prediction for MON-USD by factor 0.5
14:32:05 [DEBUG] ⚠️ BTC DUMP: Reduced prediction for UNI-USD by factor 0.5
14:32:05 [DEBUG] ⚠️ BTC DUMP: Reduced prediction for LDO-USD by factor 0.5
14:32:05 [DEBUG] ⚠️ BTC DUMP: Reduced prediction for SUI-USD by factor 0.5
14:32:05 [DEBUG] ⚠️ BTC DUMP: Reduced prediction for MKR-USD by factor 0.5
14:32:05 [DEBUG] ⚠️ BTC DUMP: Reduced prediction for KAITO-USD by factor 0.5
14:32:05 [DEBUG] ⚠️ BTC DUMP: Reduced prediction for WLD-USD by factor 0.5
14:32:05 [DEBUG] ⚠️ BTC DUMP: Reduced prediction for FARTCOIN-USD by factor 0.5
14:32:05 [DEBUG] ⚠️ BTC DUMP: Reduced prediction for EIGEN-USD by factor 0.5
14:32:05 [DEBUG] ⚠️ BTC DUMP: Reduced prediction for POPCAT-USD by factor 0.5
14:32:05 [DEBUG] ⚠️ BTC DUMP: Reduced prediction for TAO-USD by factor 0.5
14:32:05 [DEBUG] ⚠️ BTC DUMP: Reduced prediction for JUP-USD by factor 0.5
14:32:05 [DEBUG] ⚠️ BTC DUMP: Reduced prediction for LINEA-USD by factor 0.5
14:32:05 [DEBUG] ⚠️ BTC DUMP: Reduced prediction for PENGU-USD by factor 0.5
14:32:05 [DEBUG] ⚠️ BTC DUMP: Reduced prediction for FIL-USD by factor 0.5
14:32:05 [DEBUG] ⚠️ BTC DUMP: Reduced prediction for NEAR-USD by factor 0.5
14:32:05 [DEBUG] ⚠️ BTC DUMP: Reduced prediction for ETH-USD by factor 0.5
14:32:05 [DEBUG] ⚠️ BTC DUMP: Reduced prediction for 1000SHIB-USD by factor 0.5
14:32:05 [DEBUG] ⚠️ BTC DUMP: Reduced prediction for SOL-USD by factor 0.5
14:32:05 [DEBUG] ⚠️ BTC DUMP: Reduced prediction for TRX-USD by factor 0.5
14:32:05 [DEBUG] ⚠️ BTC DUMP: Reduced prediction for ADA-USD by factor 0.5
14:32:05 [DEBUG] ⚠️ BTC DUMP: Reduced prediction for BNB-USD by factor 0.5
14:32:05 [DEBUG] ⚠️ BTC DUMP: Reduced prediction for APT-USD by factor 0.5
14:32:05 [DEBUG] ⚠️ BTC DUMP: Reduced prediction for CRV-USD by factor 0.5
14:32:05 [DEBUG] ⚠️ BTC DUMP: Reduced prediction for LINK-USD by factor 0.5
14:32:05 [DEBUG] ⚠️ BTC DUMP: Reduced prediction for ASTER-USD by factor 0.5
14:32:05 [DEBUG] ⚠️ BTC DUMP: Reduced prediction for WIF-USD by factor 0.5
14:32:05 [DEBUG] ⚠️ BTC DUMP: Reduced prediction for BTC-USD by factor 0.5
14:32:05 [DEBUG] ⚠️ BTC DUMP: Reduced prediction for BERA-USD by factor 0.5
14:32:05 [DEBUG] ⚠️ BTC DUMP: Reduced prediction for AAVE-USD by factor 0.5
14:32:05 [DEBUG] ⚠️ BTC DUMP: Reduced prediction for PENDLE-USD by factor 0.5
14:32:05 [DEBUG] ⚠️ BTC DUMP: Reduced prediction for STRK-USD by factor 0.5
14:32:05 [DEBUG] ⚠️ BTC DUMP: Reduced prediction for RESOLV-USD by factor 0.5
14:32:05 [DEBUG] ⚠️ BTC DUMP: Reduced prediction for 1000PEPE-USD by factor 0.5
14:32:05 [DEBUG] ⚠️ BTC DUMP: Reduced prediction for APEX-USD by factor 0.5
14:32:05 [DEBUG] ⚠️ BTC DUMP: Reduced prediction for DOGE-USD by factor 0.5
14:32:05 [DEBUG] ⚠️ BTC DUMP: Reduced prediction for GRASS-USD by factor 0.5
14:32:05 [DEBUG] ⚠️ BTC DUMP: Reduced prediction for XRP-USD by factor 0.5
14:32:05 [DEBUG] ⚠️ BTC DUMP: Reduced prediction for VIRTUAL-USD by factor 0.5
14:32:05 [DEBUG] ⚠️ BTC DUMP: Reduced prediction for AERO-USD by factor 0.5
14:32:05 [DEBUG] ⚠️ BTC DUMP: Reduced prediction for HYPE-USD by factor 0.5
14:32:05 [DEBUG] ⚠️ BTC DUMP: Reduced prediction for ENA-USD by factor 0.5
14:32:05 [DEBUG] ⚠️ BTC DUMP: Reduced prediction for ZEC-USD by factor 0.5
14:32:05 [DEBUG] ⚠️ BTC DUMP: Reduced prediction for MNT-USD by factor 0.5
14:32:05 [DEBUG] ⚠️ BTC DUMP: Reduced prediction for AVNT-USD by factor 0.5
14:32:05 [DEBUG] ⚠️ BTC DUMP: Reduced prediction for BCH-USD by factor 0.5
14:32:05 [DEBUG] ⚠️ BTC DUMP: Reduced prediction for AVAX-USD by factor 0.5
14:32:05 [DEBUG] ⚠️ BTC DUMP: Reduced prediction for EDEN-USD by factor 0.5
14:32:05 [DEBUG] ⚠️ BTC DUMP: Reduced prediction for ZRO-USD by factor 0.5
14:32:05 [DEBUG] ⚠️ BTC DUMP: Reduced prediction for DOT-USD by factor 0.5
14:32:05 [DEBUG] ⚠️ BTC DUMP: Reduced prediction for TIA-USD by factor 0.5
14:32:05 [DEBUG] ⚠️ BTC DUMP: Reduced prediction for WLFI-USD by factor 0.5
14:32:05 [DEBUG] ⚠️ BTC DUMP: Reduced prediction for ONDO-USD by factor 0.5
14:32:05 [DEBUG] ⚠️ BTC DUMP: Reduced prediction for PUMP-USD by factor 0.5
14:32:05 [DEBUG] ⚠️ BTC DUMP: Reduced prediction for XPL-USD by factor 0.5
14:32:05 [DEBUG] ⚠️ BTC DUMP: Reduced prediction for IP-USD by factor 0.5
14:32:05 [DEBUG] ⚠️ BTC DUMP: Reduced prediction for SEI-USD by factor 0.5
14:32:05 [DEBUG] ⚠️ BTC DUMP: Reduced prediction for 1000BONK-USD by factor 0.5
14:32:05 [DEBUG] ⚠️ BTC DUMP: Reduced prediction for LTC-USD by factor 0.5
14:32:05 [DEBUG] ⚠️ BTC DUMP: Reduced prediction for SPX-USD by factor 0.5
14:32:05 [DEBUG] ⚠️ BTC DUMP: Reduced prediction for TON-USD by factor 0.5
14:32:05 [DEBUG] ⚠️ BTC DUMP: Reduced prediction for TRUMP-USD by factor 0.5
14:32:05 [DEBUG] ⚠️ BTC DUMP: Reduced prediction for ARB-USD by factor 0.5
14:32:05 [DEBUG] ⚠️ BTC DUMP: Reduced prediction for OP-USD by factor 0.5
14:32:05 [DEBUG] ⚠️ BTC DUMP: Reduced prediction for ZORA-USD by factor 0.5
14:32:05 [INFO] 🧠 Prediction V2: Found 4 ML-ranked opportunities
14:32:05 [INFO] ✅ Returning 4 ML-ranked opportunities
14:32:05 [INFO] 🎯 Found 3 opportunities, executing best...
14:32:05 [DEBUG] Sending GET https://api.starknet.extended.exchange/api/v1/user/balance
14:32:05 [INFO]  X10 Order: 1998022719594659840
14:32:05 [DEBUG] 📝 Trade added to state: LDO-USD
14:32:05 [INFO] ✅ OPENED LDO-USD: $50.00 | Entry Fees (est.): $0.0500
14:32:05 [DEBUG] 📝 Flushed 1 writes
14:32:05 [DEBUG] 📝 Flushed 1 writes in 0.0ms
14:32:05 [INFO] 💰 X10 verfügbare Balance: $243.72 USDC
14:32:05 [INFO] Lighter: Found 1 open positions
14:32:06 [DEBUG] Using cached positions (age: 6.4s)
14:32:06 [DEBUG] Check LDO-USD: Age=0.9s (Limit=14400s)
14:32:06 [DEBUG] 💎 [HODL] LDO-USD: Net PnL $0.0000 < $0.05 - Keeping position open (Hold: 0.0h, Gross: $0.0000)
14:32:06 [DEBUG] Lighter Balance: Raw=$261.47, Safe=$248.40
14:32:06 [INFO] X10: Detected balance = $243.72
14:32:06 [DEBUG] Using cached positions (age: 6.4s)
14:32:06 [WARNING] ⚠️ DESYNC: {'MON-USD'} on exchanges but not in DB
14:32:06 [DEBUG] SYNC STATUS: DB=1, Executing=1, RealExchange=2, TotalActive=2
14:32:06 [INFO] 🚀 Launching 1 trades (Slots available: 1, Reserved: 1)
14:32:06 [DEBUG] Sending GET https://api.starknet.extended.exchange/api/v1/user/positions?
14:32:06 [INFO] Lighter: Found 1 open positions
14:32:07 [DEBUG] ✅ FIL-USD: X10=$0, Lighter=$354,674, Total=$354,674
14:32:07 [INFO] Lighter: Found 1 open positions
14:32:07 [INFO] 💰 Balance: X10=$243.7 (free=$218.2), Lit=$248.4 (free=$222.9) | DB_Trades=1, Real_Positions=1, Locked=$12/ex
14:32:07 [INFO] 🚀 Launching trade for MKR-USD (APY=11.4%)
14:32:07 [DEBUG] Sending GET https://api.starknet.extended.exchange/api/v1/user/positions?
14:32:07 [DEBUG] Using cached positions (age: 7.4s)
14:32:07 [DEBUG] Check LDO-USD: Age=1.9s (Limit=14400s)
14:32:07 [DEBUG] 💎 [HODL] LDO-USD: Net PnL $0.0000 < $0.05 - Keeping position open (Hold: 0.0h, Gross: $0.0000)
14:32:07 [INFO] Lighter: Found 1 open positions
14:32:07 [INFO] ✅ Launched 1 trade tasks this cycle
14:32:08 [DEBUG] 💓 [lighter] Alive (uptime=30s, last_msg=0s ago, msgs=31189)
14:32:08 [DEBUG] 💓 [x10_trades] Alive (uptime=30s, last_msg=2s ago, msgs=113)
14:32:08 [DEBUG] 💓 [x10_funding] Alive (uptime=30s, last_msg=3s ago, msgs=91)
14:32:08 [DEBUG] 💓 [x10_account] Alive (uptime=30s, last_msg=2s ago, msgs=8)
14:32:08 [INFO] Lighter: Found 1 open positions
14:32:08 [DEBUG] ✅ MKR-USD verified: No existing positions on exchanges
14:32:08 [DEBUG] Sending GET https://api.starknet.extended.exchange/api/v1/user/balance
14:32:08 [DEBUG] Using cached positions (age: 8.4s)
14:32:08 [DEBUG] Check LDO-USD: Age=2.9s (Limit=14400s)
14:32:08 [DEBUG] 💎 [HODL] LDO-USD: Net PnL $0.0000 < $0.05 - Keeping position open (Hold: 0.0h, Gross: $0.0000)
14:32:08 [INFO] 💰 X10 verfügbare Balance: $238.72 USDC
14:32:08 [DEBUG] 🧠 MKR-USD: Prediction conf=0.75, delta=0.000041
14:32:08 [DEBUG] Sending GET https://api.starknet.extended.exchange/api/v1/user/balance
14:32:08 [INFO] Lighter: Found 1 open positions
14:32:09 [INFO] 💰 X10 verfügbare Balance: $238.72 USDC
14:32:09 [DEBUG] Using cached positions (age: 9.4s)
14:32:09 [DEBUG] Check LDO-USD: Age=3.9s (Limit=14400s)
14:32:09 [DEBUG] 💎 [HODL] LDO-USD: Net PnL $0.0000 < $0.05 - Keeping position open (Hold: 0.0h, Gross: $0.0000)
14:32:09 [INFO] Lighter: Found 1 open positions
14:32:09 [DEBUG] Lighter Balance: Raw=$261.48, Safe=$248.40
14:32:09 [INFO] 🎰 KELLY MKR-USD: win_rate=50.0%, kelly_fraction=1.0000, safe_fraction=1.0000, confidence=FIXED_HACK, samples=0
14:32:09 [INFO] 📊 KELLY SIZE MKR-USD: $50.0 (kelly-optimized)
14:32:09 [DEBUG] 🔍 Checking liquidity for MKR-USD BUY: Need $50.00 (Max Slip: 2.0%)
14:32:10 [DEBUG] ✅ LDO-USD: X10 entry fee = 0.000225 (order: 1998022719594659840)
14:32:10 [DEBUG] ✅ LDO-USD: Lighter entry fee = 0.000000 (order: 30618fc612d8ff11d63c09d8aeb7ba4a82c80fb0d385eb1c65f5a5f148ef1d2066a0370169a94192)
14:32:10 [INFO] 💰 LDO-USD: Entry fees updated - X10=0.000225, Lighter=0.000000, Total=$0.0002
14:32:10 [DEBUG] 📝 Flushed 1 writes
14:32:10 [DEBUG] 🔍 Orderbook for MKR-USD: Bids=0, Asks=0
14:32:10 [WARNING] ⚠️ Lighter: Empty orderbook side for MKR-USD BUY
14:32:10 [WARNING] 🛑 MKR-USD: Insufficient Lighter liquidity for $50.00
14:32:10 [DEBUG] Fetching fresh positions (force=False, cache_age=10.4s)
14:32:10 [DEBUG] Sending GET https://api.starknet.extended.exchange/api/v1/user/positions?
14:32:10 [INFO] Lighter: Found 1 open positions
14:32:10 [DEBUG] Price cache status: X10=81/65, Lighter=115/65
14:32:10 [DEBUG] 🔍 Scanning 65 pairs. Lighter markets: 114, X10 markets: 91
14:32:10 [DEBUG] ✅ NEAR-USD: X10=$317,035, Lighter=$858,505, Total=$1,175,540
14:32:10 [DEBUG] MKR-USD: Missing prices (X=1663.9, L=None)
14:32:11 [INFO] Lighter: Found 1 open positions
14:32:11 [INFO] 📊 Positions: X10=1, Lighter=1
14:32:11 [DEBUG] X10 positions: ['LDO-USD']
14:32:11 [DEBUG] Lighter positions: ['LDO-USD']
14:32:11 [DEBUG] Check LDO-USD: Age=5.4s (Limit=14400s)
14:32:11 [DEBUG] 💎 [HODL] LDO-USD: Net PnL $0.0000 < $0.05 - Keeping position open (Hold: 0.0h, Gross: $0.0000)
14:32:11 [DEBUG] ⚠️ BTC DUMP: Reduced prediction for MON-USD by factor 0.5
14:32:11 [DEBUG] ⚠️ BTC DUMP: Reduced prediction for UNI-USD by factor 0.5
14:32:11 [DEBUG] ⚠️ BTC DUMP: Reduced prediction for SUI-USD by factor 0.5
14:32:11 [DEBUG] ⚠️ BTC DUMP: Reduced prediction for MKR-USD by factor 0.5
14:32:11 [DEBUG] ⚠️ BTC DUMP: Reduced prediction for KAITO-USD by factor 0.5
14:32:11 [DEBUG] ⚠️ BTC DUMP: Reduced prediction for WLD-USD by factor 0.5
14:32:11 [DEBUG] ⚠️ BTC DUMP: Reduced prediction for FARTCOIN-USD by factor 0.5
14:32:11 [DEBUG] ⚠️ BTC DUMP: Reduced prediction for EIGEN-USD by factor 0.5
14:32:11 [DEBUG] ⚠️ BTC DUMP: Reduced prediction for POPCAT-USD by factor 0.5
14:32:11 [DEBUG] ⚠️ BTC DUMP: Reduced prediction for TAO-USD by factor 0.5
14:32:11 [DEBUG] ⚠️ BTC DUMP: Reduced prediction for JUP-USD by factor 0.5
14:32:11 [DEBUG] ⚠️ BTC DUMP: Reduced prediction for LINEA-USD by factor 0.5
14:32:11 [DEBUG] ⚠️ BTC DUMP: Reduced prediction for PENGU-USD by factor 0.5
14:32:11 [DEBUG] ⚠️ BTC DUMP: Reduced prediction for FIL-USD by factor 0.5
14:32:11 [DEBUG] ⚠️ BTC DUMP: Reduced prediction for NEAR-USD by factor 0.5
14:32:11 [DEBUG] ⚠️ BTC DUMP: Reduced prediction for ETH-USD by factor 0.5
14:32:11 [DEBUG] ⚠️ BTC DUMP: Reduced prediction for 1000SHIB-USD by factor 0.5
14:32:11 [DEBUG] ⚠️ BTC DUMP: Reduced prediction for SOL-USD by factor 0.5
14:32:11 [DEBUG] ⚠️ BTC DUMP: Reduced prediction for TRX-USD by factor 0.5
14:32:11 [DEBUG] ⚠️ BTC DUMP: Reduced prediction for ADA-USD by factor 0.5
14:32:11 [DEBUG] ⚠️ BTC DUMP: Reduced prediction for BNB-USD by factor 0.5
14:32:11 [DEBUG] ⚠️ BTC DUMP: Reduced prediction for APT-USD by factor 0.5
14:32:11 [DEBUG] ⚠️ BTC DUMP: Reduced prediction for CRV-USD by factor 0.5
14:32:11 [DEBUG] ⚠️ BTC DUMP: Reduced prediction for LINK-USD by factor 0.5
14:32:11 [DEBUG] ⚠️ BTC DUMP: Reduced prediction for ASTER-USD by factor 0.5
14:32:11 [DEBUG] ⚠️ BTC DUMP: Reduced prediction for WIF-USD by factor 0.5
14:32:11 [DEBUG] ⚠️ BTC DUMP: Reduced prediction for BTC-USD by factor 0.5
14:32:11 [DEBUG] ⚠️ BTC DUMP: Reduced prediction for BERA-USD by factor 0.5
14:32:11 [DEBUG] ⚠️ BTC DUMP: Reduced prediction for AAVE-USD by factor 0.5
14:32:11 [DEBUG] ⚠️ BTC DUMP: Reduced prediction for PENDLE-USD by factor 0.5
14:32:11 [DEBUG] ⚠️ BTC DUMP: Reduced prediction for STRK-USD by factor 0.5
14:32:11 [DEBUG] ⚠️ BTC DUMP: Reduced prediction for RESOLV-USD by factor 0.5
14:32:11 [DEBUG] ⚠️ BTC DUMP: Reduced prediction for 1000PEPE-USD by factor 0.5
14:32:11 [DEBUG] ⚠️ BTC DUMP: Reduced prediction for APEX-USD by factor 0.5
14:32:11 [DEBUG] ⚠️ BTC DUMP: Reduced prediction for DOGE-USD by factor 0.5
14:32:11 [DEBUG] ⚠️ BTC DUMP: Reduced prediction for GRASS-USD by factor 0.5
14:32:11 [DEBUG] ⚠️ BTC DUMP: Reduced prediction for XRP-USD by factor 0.5
14:32:11 [DEBUG] ⚠️ BTC DUMP: Reduced prediction for VIRTUAL-USD by factor 0.5
14:32:11 [DEBUG] ⚠️ BTC DUMP: Reduced prediction for AERO-USD by factor 0.5
14:32:11 [DEBUG] ⚠️ BTC DUMP: Reduced prediction for HYPE-USD by factor 0.5
14:32:11 [DEBUG] ⚠️ BTC DUMP: Reduced prediction for ENA-USD by factor 0.5
14:32:11 [DEBUG] ⚠️ BTC DUMP: Reduced prediction for ZEC-USD by factor 0.5
14:32:11 [DEBUG] ⚠️ BTC DUMP: Reduced prediction for MNT-USD by factor 0.5
14:32:11 [DEBUG] ⚠️ BTC DUMP: Reduced prediction for AVNT-USD by factor 0.5
14:32:11 [DEBUG] ⚠️ BTC DUMP: Reduced prediction for BCH-USD by factor 0.5
14:32:11 [DEBUG] ⚠️ BTC DUMP: Reduced prediction for AVAX-USD by factor 0.5
14:32:11 [DEBUG] ⚠️ BTC DUMP: Reduced prediction for EDEN-USD by factor 0.5
14:32:11 [DEBUG] ⚠️ BTC DUMP: Reduced prediction for ZRO-USD by factor 0.5
14:32:11 [DEBUG] ⚠️ BTC DUMP: Reduced prediction for DOT-USD by factor 0.5
14:32:11 [DEBUG] ⚠️ BTC DUMP: Reduced prediction for TIA-USD by factor 0.5
14:32:11 [DEBUG] ⚠️ BTC DUMP: Reduced prediction for WLFI-USD by factor 0.5
14:32:11 [DEBUG] ⚠️ BTC DUMP: Reduced prediction for ONDO-USD by factor 0.5
14:32:11 [DEBUG] ⚠️ BTC DUMP: Reduced prediction for PUMP-USD by factor 0.5
14:32:11 [DEBUG] ⚠️ BTC DUMP: Reduced prediction for XPL-USD by factor 0.5
14:32:11 [DEBUG] ⚠️ BTC DUMP: Reduced prediction for IP-USD by factor 0.5
14:32:11 [DEBUG] ⚠️ BTC DUMP: Reduced prediction for SEI-USD by factor 0.5
14:32:11 [DEBUG] ⚠️ BTC DUMP: Reduced prediction for 1000BONK-USD by factor 0.5
14:32:11 [DEBUG] ⚠️ BTC DUMP: Reduced prediction for LTC-USD by factor 0.5
14:32:11 [DEBUG] ⚠️ BTC DUMP: Reduced prediction for SPX-USD by factor 0.5
14:32:11 [DEBUG] ⚠️ BTC DUMP: Reduced prediction for TON-USD by factor 0.5
14:32:11 [DEBUG] ⚠️ BTC DUMP: Reduced prediction for TRUMP-USD by factor 0.5
14:32:11 [DEBUG] ⚠️ BTC DUMP: Reduced prediction for ARB-USD by factor 0.5
14:32:11 [DEBUG] ⚠️ BTC DUMP: Reduced prediction for OP-USD by factor 0.5
14:32:11 [DEBUG] ⚠️ BTC DUMP: Reduced prediction for ZORA-USD by factor 0.5
14:32:11 [INFO] 🧠 Prediction V2: Found 3 ML-ranked opportunities
14:32:11 [INFO] ✅ Returning 3 ML-ranked opportunities
14:32:11 [INFO] 🎯 Found 3 opportunities, executing best...
14:32:11 [DEBUG] Sending GET https://api.starknet.extended.exchange/api/v1/user/balance
14:32:11 [DEBUG] 🐕 Watchdog OK: Daten-Alter 0.6s
14:32:11 [DEBUG] 📊 Task health: 7 alive, 0 dead
14:32:11 [INFO] 💰 X10 verfügbare Balance: $238.72 USDC
14:32:11 [INFO] X10: Detected balance = $238.72
14:32:11 [DEBUG] Using cached positions (age: 1.0s)
14:32:11 [DEBUG] SYNC STATUS: DB=1, Executing=1, RealExchange=1, TotalActive=2
14:32:11 [INFO] 🚀 Launching 1 trades (Slots available: 1, Reserved: 1)
14:32:11 [DEBUG] Sending GET https://api.starknet.extended.exchange/api/v1/user/positions?
14:32:11 [INFO] Lighter: Found 1 open positions
14:32:12 [DEBUG] Using cached positions (age: 1.5s)
14:32:12 [DEBUG] Check LDO-USD: Age=6.4s (Limit=14400s)
14:32:12 [DEBUG] 💎 [HODL] LDO-USD: Net PnL $0.0000 < $0.05 - Keeping position open (Hold: 0.0h, Gross: $0.0000)
14:32:12 [DEBUG] ✅ ETH-USD: X10=$13,013,291, Lighter=$0, Total=$13,013,291
14:32:12 [INFO] Lighter: Found 1 open positions
14:32:12 [INFO] 💰 Balance: X10=$238.7 (free=$213.2), Lit=$248.4 (free=$222.9) | DB_Trades=1, Real_Positions=1, Locked=$12/ex
14:32:12 [INFO] 🚀 Launching trade for MKR-USD (APY=11.4%)
14:32:12 [DEBUG] Sending GET https://api.starknet.extended.exchange/api/v1/user/positions?
14:32:12 [INFO] Lighter: Found 1 open positions
14:32:13 [INFO] ✅ Launched 1 trade tasks this cycle
14:32:13 [DEBUG] Using cached positions (age: 2.5s)
14:32:13 [DEBUG] Check LDO-USD: Age=7.4s (Limit=14400s)
14:32:13 [DEBUG] 💎 [HODL] LDO-USD: Net PnL $0.0000 < $0.05 - Keeping position open (Hold: 0.0h, Gross: $0.0000)
14:32:13 [WARNING] ⏰ [MAKER STRATEGY] MON-USD: Wait timeout! Cancelling Lighter order b8323dd0e6f13758b071471ee5c37f24cac5d7d7834c672baabc19271fe82579f1c1d63bdc0a1a72...
14:32:13 [INFO] 🔍 Lighter: Attempting to resolve Hash b8323dd0e6f13758b071471ee5c37f24cac5d7d7834c672baabc19271fe82579f1c1d63bdc0a1a72 to Order ID for MON-USD...
14:32:13 [INFO] Lighter: Found 1 open positions
14:32:13 [DEBUG] ✅ MKR-USD verified: No existing positions on exchanges
14:32:13 [DEBUG] Sending GET https://api.starknet.extended.exchange/api/v1/user/balance
14:32:13 [INFO] 💰 X10 verfügbare Balance: $238.72 USDC
14:32:13 [DEBUG] ⚠️ BTC DUMP: Reduced prediction for MKR-USD by factor 0.5
14:32:13 [DEBUG] 🧠 MKR-USD: Prediction conf=0.60, delta=0.000017
14:32:13 [DEBUG] Sending GET https://api.starknet.extended.exchange/api/v1/user/balance
14:32:13 [INFO] 💰 X10 verfügbare Balance: $238.72 USDC
14:32:14 [DEBUG] Using cached positions (age: 3.5s)
14:32:14 [DEBUG] Check LDO-USD: Age=8.4s (Limit=14400s)
14:32:14 [DEBUG] 💎 [HODL] LDO-USD: Net PnL $0.0000 < $0.05 - Keeping position open (Hold: 0.0h, Gross: $0.0000)
14:32:14 [DEBUG] ✅ 1000SHIB-USD: X10=$30,876, Lighter=$160,299,427, Total=$160,330,303
14:32:14 [DEBUG] Lighter REST GET /api/v1/orders returned 404
14:32:14 [WARNING] ⚠️ Lighter Cancel: Could not find open order matching hash b8323dd0e6f13758b071471ee5c37f24cac5d7d7834c672baabc19271fe82579f1c1d63bdc0a1a72. Assuming already closed.
14:32:14 [INFO] 🔍 [MAKER STRATEGY] MON-USD: Order status post-cancel: UNKNOWN
14:32:14 [INFO] 🔍 [MAKER STRATEGY] MON-USD: Checking for Ghost Fills (EXTENDED CHECK)...
14:32:14 [DEBUG] Lighter Balance: Raw=$261.48, Safe=$248.40
14:32:14 [INFO] 🎰 KELLY MKR-USD: win_rate=50.0%, kelly_fraction=1.0000, safe_fraction=1.0000, confidence=FIXED_HACK, samples=0
14:32:14 [INFO] 📊 KELLY SIZE MKR-USD: $50.0 (kelly-optimized)
14:32:14 [DEBUG] 🔍 Checking liquidity for MKR-USD BUY: Need $50.00 (Max Slip: 2.0%)
14:32:15 [DEBUG] 🔍 Orderbook for MKR-USD: Bids=0, Asks=0
14:32:15 [WARNING] ⚠️ Lighter: Empty orderbook side for MKR-USD BUY
14:32:15 [WARNING] 🛑 MKR-USD: Insufficient Lighter liquidity for $50.00
14:32:15 [DEBUG] Using cached positions (age: 4.5s)
14:32:15 [DEBUG] Check LDO-USD: Age=9.4s (Limit=14400s)
14:32:15 [DEBUG] 💎 [HODL] LDO-USD: Net PnL $0.0000 < $0.05 - Keeping position open (Hold: 0.0h, Gross: $0.0000)
14:32:16 [DEBUG] Price cache status: X10=81/65, Lighter=115/65
14:32:16 [DEBUG] 🔍 Scanning 65 pairs. Lighter markets: 114, X10 markets: 91
14:32:16 [DEBUG] MKR-USD: Missing prices (X=1663.9, L=None)
14:32:16 [DEBUG] Using cached positions (age: 5.5s)
14:32:16 [DEBUG] Check LDO-USD: Age=10.4s (Limit=14400s)
14:32:16 [DEBUG] 💎 [HODL] LDO-USD: Net PnL $0.0000 < $0.05 - Keeping position open (Hold: 0.0h, Gross: $0.0000)
14:32:16 [DEBUG] ✅ SOL-USD: X10=$5,563,690, Lighter=$338,689, Total=$5,902,380
14:32:16 [INFO] Lighter: Found 1 open positions
14:32:16 [DEBUG] 🔍 MON-USD check 1/30 clean...
14:32:16 [DEBUG] ⚠️ BTC DUMP: Reduced prediction for MON-USD by factor 0.5
14:32:16 [DEBUG] ⚠️ BTC DUMP: Reduced prediction for UNI-USD by factor 0.5
14:32:16 [DEBUG] ⚠️ BTC DUMP: Reduced prediction for SUI-USD by factor 0.5
14:32:16 [DEBUG] ⚠️ BTC DUMP: Reduced prediction for MKR-USD by factor 0.5
14:32:16 [DEBUG] ⚠️ BTC DUMP: Reduced prediction for KAITO-USD by factor 0.5
14:32:16 [DEBUG] ⚠️ BTC DUMP: Reduced prediction for WLD-USD by factor 0.5
14:32:16 [DEBUG] ⚠️ BTC DUMP: Reduced prediction for FARTCOIN-USD by factor 0.5
14:32:16 [DEBUG] ⚠️ BTC DUMP: Reduced prediction for EIGEN-USD by factor 0.5
14:32:16 [DEBUG] ⚠️ BTC DUMP: Reduced prediction for POPCAT-USD by factor 0.5
14:32:16 [DEBUG] ⚠️ BTC DUMP: Reduced prediction for TAO-USD by factor 0.5
14:32:16 [DEBUG] ⚠️ BTC DUMP: Reduced prediction for JUP-USD by factor 0.5
14:32:16 [DEBUG] ⚠️ BTC DUMP: Reduced prediction for LINEA-USD by factor 0.5
14:32:16 [DEBUG] ⚠️ BTC DUMP: Reduced prediction for PENGU-USD by factor 0.5
14:32:16 [DEBUG] ⚠️ BTC DUMP: Reduced prediction for FIL-USD by factor 0.5
14:32:16 [DEBUG] ⚠️ BTC DUMP: Reduced prediction for NEAR-USD by factor 0.5
14:32:16 [DEBUG] ⚠️ BTC DUMP: Reduced prediction for ETH-USD by factor 0.5
14:32:16 [DEBUG] ⚠️ BTC DUMP: Reduced prediction for 1000SHIB-USD by factor 0.5
14:32:16 [DEBUG] ⚠️ BTC DUMP: Reduced prediction for SOL-USD by factor 0.5
14:32:16 [DEBUG] ⚠️ BTC DUMP: Reduced prediction for TRX-USD by factor 0.5
14:32:16 [DEBUG] ⚠️ BTC DUMP: Reduced prediction for ADA-USD by factor 0.5
14:32:16 [DEBUG] ⚠️ BTC DUMP: Reduced prediction for BNB-USD by factor 0.5
14:32:16 [DEBUG] ⚠️ BTC DUMP: Reduced prediction for APT-USD by factor 0.5
14:32:16 [DEBUG] ⚠️ BTC DUMP: Reduced prediction for CRV-USD by factor 0.5
14:32:16 [DEBUG] ⚠️ BTC DUMP: Reduced prediction for LINK-USD by factor 0.5
14:32:16 [DEBUG] ⚠️ BTC DUMP: Reduced prediction for ASTER-USD by factor 0.5
14:32:16 [DEBUG] ⚠️ BTC DUMP: Reduced prediction for WIF-USD by factor 0.5
14:32:16 [DEBUG] ⚠️ BTC DUMP: Reduced prediction for BTC-USD by factor 0.5
14:32:16 [DEBUG] ⚠️ BTC DUMP: Reduced prediction for BERA-USD by factor 0.5
14:32:16 [DEBUG] ⚠️ BTC DUMP: Reduced prediction for AAVE-USD by factor 0.5
14:32:16 [DEBUG] ⚠️ BTC DUMP: Reduced prediction for PENDLE-USD by factor 0.5
14:32:16 [DEBUG] ⚠️ BTC DUMP: Reduced prediction for STRK-USD by factor 0.5
14:32:16 [DEBUG] ⚠️ BTC DUMP: Reduced prediction for RESOLV-USD by factor 0.5
14:32:16 [DEBUG] ⚠️ BTC DUMP: Reduced prediction for 1000PEPE-USD by factor 0.5
14:32:16 [DEBUG] ⚠️ BTC DUMP: Reduced prediction for APEX-USD by factor 0.5
14:32:16 [DEBUG] ⚠️ BTC DUMP: Reduced prediction for DOGE-USD by factor 0.5
14:32:16 [DEBUG] ⚠️ BTC DUMP: Reduced prediction for GRASS-USD by factor 0.5
14:32:16 [DEBUG] ⚠️ BTC DUMP: Reduced prediction for XRP-USD by factor 0.5
14:32:16 [DEBUG] ⚠️ BTC DUMP: Reduced prediction for VIRTUAL-USD by factor 0.5
14:32:16 [DEBUG] ⚠️ BTC DUMP: Reduced prediction for AERO-USD by factor 0.5
14:32:16 [DEBUG] ⚠️ BTC DUMP: Reduced prediction for HYPE-USD by factor 0.5
14:32:16 [DEBUG] ⚠️ BTC DUMP: Reduced prediction for ENA-USD by factor 0.5
14:32:16 [DEBUG] ⚠️ BTC DUMP: Reduced prediction for ZEC-USD by factor 0.5
14:32:16 [DEBUG] ⚠️ BTC DUMP: Reduced prediction for MNT-USD by factor 0.5
14:32:16 [DEBUG] ⚠️ BTC DUMP: Reduced prediction for AVNT-USD by factor 0.5
14:32:16 [DEBUG] ⚠️ BTC DUMP: Reduced prediction for BCH-USD by factor 0.5
14:32:16 [DEBUG] ⚠️ BTC DUMP: Reduced prediction for AVAX-USD by factor 0.5
14:32:16 [DEBUG] ⚠️ BTC DUMP: Reduced prediction for EDEN-USD by factor 0.5
14:32:16 [DEBUG] ⚠️ BTC DUMP: Reduced prediction for ZRO-USD by factor 0.5
14:32:16 [DEBUG] ⚠️ BTC DUMP: Reduced prediction for DOT-USD by factor 0.5
14:32:16 [DEBUG] ⚠️ BTC DUMP: Reduced prediction for TIA-USD by factor 0.5
14:32:16 [DEBUG] ⚠️ BTC DUMP: Reduced prediction for WLFI-USD by factor 0.5
14:32:16 [DEBUG] ⚠️ BTC DUMP: Reduced prediction for ONDO-USD by factor 0.5
14:32:16 [DEBUG] ⚠️ BTC DUMP: Reduced prediction for PUMP-USD by factor 0.5
14:32:16 [DEBUG] ⚠️ BTC DUMP: Reduced prediction for XPL-USD by factor 0.5
14:32:16 [DEBUG] ⚠️ BTC DUMP: Reduced prediction for IP-USD by factor 0.5
14:32:16 [DEBUG] ⚠️ BTC DUMP: Reduced prediction for SEI-USD by factor 0.5
14:32:16 [DEBUG] ⚠️ BTC DUMP: Reduced prediction for 1000BONK-USD by factor 0.5
14:32:16 [DEBUG] ⚠️ BTC DUMP: Reduced prediction for LTC-USD by factor 0.5
14:32:16 [DEBUG] ⚠️ BTC DUMP: Reduced prediction for SPX-USD by factor 0.5
14:32:16 [DEBUG] ⚠️ BTC DUMP: Reduced prediction for TON-USD by factor 0.5
14:32:16 [DEBUG] ⚠️ BTC DUMP: Reduced prediction for TRUMP-USD by factor 0.5
14:32:16 [DEBUG] ⚠️ BTC DUMP: Reduced prediction for ARB-USD by factor 0.5
14:32:16 [DEBUG] ⚠️ BTC DUMP: Reduced prediction for OP-USD by factor 0.5
14:32:16 [DEBUG] ⚠️ BTC DUMP: Reduced prediction for ZORA-USD by factor 0.5
14:32:16 [INFO] 🧠 Prediction V2: Found 3 ML-ranked opportunities
14:32:16 [INFO] ✅ Returning 3 ML-ranked opportunities
14:32:16 [INFO] 🎯 Found 3 opportunities, executing best...
14:32:16 [DEBUG] Sending GET https://api.starknet.extended.exchange/api/v1/user/balance
14:32:16 [INFO] 💰 X10 verfügbare Balance: $238.72 USDC
14:32:17 [DEBUG] Using cached positions (age: 6.5s)
14:32:17 [DEBUG] Check LDO-USD: Age=11.4s (Limit=14400s)
14:32:17 [DEBUG] 💎 [HODL] LDO-USD: Net PnL $0.0000 < $0.05 - Keeping position open (Hold: 0.0h, Gross: $0.0000)
14:32:17 [DEBUG] Lighter Balance: Raw=$261.47, Safe=$248.40
14:32:17 [INFO] X10: Detected balance = $238.72
14:32:17 [DEBUG] Using cached positions (age: 7.0s)
14:32:17 [DEBUG] SYNC STATUS: DB=1, Executing=1, RealExchange=1, TotalActive=2
14:32:17 [INFO] 🚀 Launching 1 trades (Slots available: 1, Reserved: 1)
14:32:17 [DEBUG] Sending GET https://api.starknet.extended.exchange/api/v1/user/positions?
14:32:17 [DEBUG] 📊 OI→Pred MON-USD: OI=$221,735,584, Velocity=0.00, Trend=STABLE
14:32:17 [DEBUG] 📊 OI→Pred UNI-USD: OI=$496,025, Velocity=0.00, Trend=STABLE
14:32:17 [DEBUG] 📊 OI→Pred LDO-USD: OI=$1,996,152, Velocity=0.00, Trend=STABLE
14:32:17 [DEBUG] 📊 OI→Pred SUI-USD: OI=$2,658,570, Velocity=0.00, Trend=STABLE
14:32:17 [DEBUG] 📊 OI→Pred MKR-USD: OI=$9,283, Velocity=0.00, Trend=STABLE
14:32:17 [DEBUG] 📊 OI→Pred KAITO-USD: OI=$2,602,926, Velocity=0.00, Trend=STABLE
14:32:17 [DEBUG] 📊 OI→Pred WLD-USD: OI=$2,195,857, Velocity=0.00, Trend=STABLE
14:32:17 [DEBUG] 📊 OI→Pred FARTCOIN-USD: OI=$13,685,117, Velocity=0.00, Trend=STABLE
14:32:17 [DEBUG] 📊 OI→Pred EIGEN-USD: OI=$1,721,719, Velocity=0.00, Trend=STABLE
14:32:17 [DEBUG] 📊 OI→Pred POPCAT-USD: OI=$6,444,725, Velocity=0.00, Trend=STABLE
14:32:17 [DEBUG] 📊 OI→Pred TAO-USD: OI=$175,146, Velocity=0.00, Trend=STABLE
14:32:17 [DEBUG] 📊 OI→Pred LINEA-USD: OI=$99,454,611, Velocity=0.00, Trend=STABLE
14:32:17 [DEBUG] 📊 OI→Pred JUP-USD: OI=$3,631,126, Velocity=0.00, Trend=STABLE
14:32:17 [DEBUG] 📊 OI→Pred PENGU-USD: OI=$92,074,449, Velocity=0.00, Trend=STABLE
14:32:17 [DEBUG] 📊 OI→Pred FIL-USD: OI=$354,674, Velocity=0.00, Trend=STABLE
14:32:17 [DEBUG] 📊 OI→Pred NEAR-USD: OI=$1,175,540, Velocity=0.00, Trend=STABLE
14:32:17 [DEBUG] 📊 OI→Pred ETH-USD: OI=$13,013,291, Velocity=0.00, Trend=STABLE
14:32:17 [DEBUG] 📊 OI→Pred 1000SHIB-USD: OI=$160,330,303, Velocity=0.00, Trend=STABLE
14:32:17 [DEBUG] 📊 OI→Pred SOL-USD: OI=$5,902,380, Velocity=0.00, Trend=STABLE
14:32:17 [INFO] Lighter: Found 1 open positions
14:32:17 [DEBUG] ✅ TRX-USD: X10=$348,767, Lighter=$7,179,412, Total=$7,528,178
14:32:18 [DEBUG] Using cached positions (age: 7.5s)
14:32:18 [DEBUG] Check LDO-USD: Age=12.4s (Limit=14400s)
14:32:18 [DEBUG] 💎 [HODL] LDO-USD: Net PnL $0.0000 < $0.05 - Keeping position open (Hold: 0.0h, Gross: $0.0000)
14:32:18 [DEBUG] 💓 [lighter] Alive (uptime=40s, last_msg=0s ago, msgs=44694)
14:32:18 [DEBUG] 💓 [x10_trades] Alive (uptime=40s, last_msg=0s ago, msgs=139)
14:32:18 [DEBUG] 💓 [x10_account] Alive (uptime=40s, last_msg=12s ago, msgs=8)
14:32:18 [DEBUG] 💓 [x10_funding] Alive (uptime=40s, last_msg=13s ago, msgs=91)
14:32:18 [INFO] Lighter: Found 1 open positions
14:32:18 [INFO] 💰 Balance: X10=$238.7 (free=$213.2), Lit=$248.4 (free=$222.9) | DB_Trades=1, Real_Positions=1, Locked=$12/ex
14:32:18 [INFO] 🚀 Launching trade for MKR-USD (APY=11.4%)
14:32:18 [DEBUG] Sending GET https://api.starknet.extended.exchange/api/v1/user/positions?
14:32:18 [INFO] ✅ Launched 1 trade tasks this cycle
14:32:19 [DEBUG] Using cached positions (age: 8.5s)
14:32:19 [DEBUG] Check LDO-USD: Age=13.4s (Limit=14400s)
14:32:19 [DEBUG] 💎 [HODL] LDO-USD: Net PnL $0.0000 < $0.05 - Keeping position open (Hold: 0.0h, Gross: $0.0000)
14:32:19 [INFO] Lighter: Found 1 open positions
14:32:19 [DEBUG] ✅ MKR-USD verified: No existing positions on exchanges
14:32:19 [DEBUG] Sending GET https://api.starknet.extended.exchange/api/v1/user/balance
14:32:19 [INFO] 💰 X10 verfügbare Balance: $238.72 USDC
14:32:19 [DEBUG] ⚠️ BTC DUMP: Reduced prediction for MKR-USD by factor 0.5
14:32:19 [DEBUG] 🧠 MKR-USD: Prediction conf=0.60, delta=0.000017
14:32:19 [DEBUG] Sending GET https://api.starknet.extended.exchange/api/v1/user/balance
14:32:19 [INFO] Lighter: Found 1 open positions
14:32:19 [INFO] 💰 X10 verfügbare Balance: $238.72 USDC
14:32:20 [DEBUG] Using cached positions (age: 9.5s)
14:32:20 [DEBUG] Check LDO-USD: Age=14.4s (Limit=14400s)
14:32:20 [DEBUG] 💎 [HODL] LDO-USD: Net PnL $0.0000 < $0.05 - Keeping position open (Hold: 0.0h, Gross: $0.0000)
14:32:20 [DEBUG] Lighter Balance: Raw=$261.48, Safe=$248.40
14:32:20 [INFO] 🎰 KELLY MKR-USD: win_rate=50.0%, kelly_fraction=1.0000, safe_fraction=1.0000, confidence=FIXED_HACK, samples=0
14:32:20 [INFO] 📊 KELLY SIZE MKR-USD: $50.0 (kelly-optimized)
14:32:20 [DEBUG] 🔍 Checking liquidity for MKR-USD BUY: Need $50.00 (Max Slip: 2.0%)
14:32:20 [DEBUG] 🔍 Orderbook for MKR-USD: Bids=0, Asks=0
14:32:20 [WARNING] ⚠️ Lighter: Empty orderbook side for MKR-USD BUY
14:32:20 [WARNING] 🛑 MKR-USD: Insufficient Lighter liquidity for $50.00
14:32:21 [DEBUG] Fetching fresh positions (force=False, cache_age=10.5s)
14:32:21 [DEBUG] Sending GET https://api.starknet.extended.exchange/api/v1/user/positions?
14:32:21 [INFO] Lighter: Found 1 open positions
14:32:21 [INFO] 📊 Positions: X10=1, Lighter=1
14:32:21 [DEBUG] X10 positions: ['LDO-USD']
14:32:21 [DEBUG] Lighter positions: ['LDO-USD']
14:32:21 [DEBUG] Check LDO-USD: Age=16.0s (Limit=14400s)
14:32:21 [DEBUG] 💎 [HODL] LDO-USD: Net PnL $0.0000 < $0.05 - Keeping position open (Hold: 0.0h, Gross: $0.0000)
14:32:21 [DEBUG] ✅ BNB-USD: X10=$1,673,571, Lighter=$16,059, Total=$1,689,630
14:32:21 [DEBUG] Price cache status: X10=81/65, Lighter=115/65
14:32:21 [DEBUG] 🔍 Scanning 65 pairs. Lighter markets: 114, X10 markets: 91
14:32:21 [DEBUG] MKR-USD: Missing prices (X=1663.9, L=None)
14:32:21 [INFO] Lighter: Found 1 open positions
14:32:22 [DEBUG] ⚠️ BTC DUMP: Reduced prediction for MON-USD by factor 0.5
14:32:22 [DEBUG] ⚠️ BTC DUMP: Reduced prediction for UNI-USD by factor 0.5
14:32:22 [DEBUG] ⚠️ BTC DUMP: Reduced prediction for SUI-USD by factor 0.5
14:32:22 [DEBUG] ⚠️ BTC DUMP: Reduced prediction for MKR-USD by factor 0.5
14:32:22 [DEBUG] ⚠️ BTC DUMP: Reduced prediction for KAITO-USD by factor 0.5
14:32:22 [DEBUG] ⚠️ BTC DUMP: Reduced prediction for WLD-USD by factor 0.5
14:32:22 [DEBUG] ⚠️ BTC DUMP: Reduced prediction for FARTCOIN-USD by factor 0.5
14:32:22 [DEBUG] ⚠️ BTC DUMP: Reduced prediction for EIGEN-USD by factor 0.5
14:32:22 [DEBUG] ⚠️ BTC DUMP: Reduced prediction for POPCAT-USD by factor 0.5
14:32:22 [DEBUG] ⚠️ BTC DUMP: Reduced prediction for TAO-USD by factor 0.5
14:32:22 [DEBUG] ⚠️ BTC DUMP: Reduced prediction for JUP-USD by factor 0.5
14:32:22 [DEBUG] ⚠️ BTC DUMP: Reduced prediction for LINEA-USD by factor 0.5
14:32:22 [DEBUG] ⚠️ BTC DUMP: Reduced prediction for PENGU-USD by factor 0.5
14:32:22 [DEBUG] ⚠️ BTC DUMP: Reduced prediction for FIL-USD by factor 0.5
14:32:22 [DEBUG] ⚠️ BTC DUMP: Reduced prediction for NEAR-USD by factor 0.5
14:32:22 [DEBUG] ⚠️ BTC DUMP: Reduced prediction for ETH-USD by factor 0.5
14:32:22 [DEBUG] ⚠️ BTC DUMP: Reduced prediction for 1000SHIB-USD by factor 0.5
14:32:22 [DEBUG] ⚠️ BTC DUMP: Reduced prediction for SOL-USD by factor 0.5
14:32:22 [DEBUG] ⚠️ BTC DUMP: Reduced prediction for TRX-USD by factor 0.5
14:32:22 [DEBUG] ⚠️ BTC DUMP: Reduced prediction for ADA-USD by factor 0.5
14:32:22 [DEBUG] ⚠️ BTC DUMP: Reduced prediction for BNB-USD by factor 0.5
14:32:22 [DEBUG] ⚠️ BTC DUMP: Reduced prediction for APT-USD by factor 0.5
14:32:22 [DEBUG] ⚠️ BTC DUMP: Reduced prediction for CRV-USD by factor 0.5
14:32:22 [DEBUG] ⚠️ BTC DUMP: Reduced prediction for LINK-USD by factor 0.5
14:32:22 [DEBUG] ⚠️ BTC DUMP: Reduced prediction for ASTER-USD by factor 0.5
14:32:22 [DEBUG] ⚠️ BTC DUMP: Reduced prediction for WIF-USD by factor 0.5
14:32:22 [DEBUG] ⚠️ BTC DUMP: Reduced prediction for BTC-USD by factor 0.5
14:32:22 [DEBUG] ⚠️ BTC DUMP: Reduced prediction for BERA-USD by factor 0.5
14:32:22 [DEBUG] ⚠️ BTC DUMP: Reduced prediction for AAVE-USD by factor 0.5
14:32:22 [DEBUG] ⚠️ BTC DUMP: Reduced prediction for PENDLE-USD by factor 0.5
14:32:22 [DEBUG] ⚠️ BTC DUMP: Reduced prediction for STRK-USD by factor 0.5
14:32:22 [DEBUG] ⚠️ BTC DUMP: Reduced prediction for RESOLV-USD by factor 0.5
14:32:22 [DEBUG] ⚠️ BTC DUMP: Reduced prediction for 1000PEPE-USD by factor 0.5
14:32:22 [DEBUG] ⚠️ BTC DUMP: Reduced prediction for APEX-USD by factor 0.5
14:32:22 [DEBUG] ⚠️ BTC DUMP: Reduced prediction for DOGE-USD by factor 0.5
14:32:22 [DEBUG] ⚠️ BTC DUMP: Reduced prediction for GRASS-USD by factor 0.5
14:32:22 [DEBUG] ⚠️ BTC DUMP: Reduced prediction for XRP-USD by factor 0.5
14:32:22 [DEBUG] ⚠️ BTC DUMP: Reduced prediction for VIRTUAL-USD by factor 0.5
14:32:22 [DEBUG] ⚠️ BTC DUMP: Reduced prediction for AERO-USD by factor 0.5
14:32:22 [DEBUG] ⚠️ BTC DUMP: Reduced prediction for HYPE-USD by factor 0.5
14:32:22 [DEBUG] ⚠️ BTC DUMP: Reduced prediction for ENA-USD by factor 0.5
14:32:22 [DEBUG] ⚠️ BTC DUMP: Reduced prediction for ZEC-USD by factor 0.5
14:32:22 [DEBUG] ⚠️ BTC DUMP: Reduced prediction for MNT-USD by factor 0.5
14:32:22 [DEBUG] ⚠️ BTC DUMP: Reduced prediction for AVNT-USD by factor 0.5
14:32:22 [DEBUG] ⚠️ BTC DUMP: Reduced prediction for BCH-USD by factor 0.5
14:32:22 [DEBUG] ⚠️ BTC DUMP: Reduced prediction for AVAX-USD by factor 0.5
14:32:22 [DEBUG] ⚠️ BTC DUMP: Reduced prediction for EDEN-USD by factor 0.5
14:32:22 [DEBUG] ⚠️ BTC DUMP: Reduced prediction for ZRO-USD by factor 0.5
14:32:22 [DEBUG] ⚠️ BTC DUMP: Reduced prediction for DOT-USD by factor 0.5
14:32:22 [DEBUG] ⚠️ BTC DUMP: Reduced prediction for TIA-USD by factor 0.5
14:32:22 [DEBUG] ⚠️ BTC DUMP: Reduced prediction for WLFI-USD by factor 0.5
14:32:22 [DEBUG] ⚠️ BTC DUMP: Reduced prediction for ONDO-USD by factor 0.5
14:32:22 [DEBUG] ⚠️ BTC DUMP: Reduced prediction for PUMP-USD by factor 0.5
14:32:22 [DEBUG] ⚠️ BTC DUMP: Reduced prediction for XPL-USD by factor 0.5
14:32:22 [DEBUG] ⚠️ BTC DUMP: Reduced prediction for IP-USD by factor 0.5
14:32:22 [DEBUG] ⚠️ BTC DUMP: Reduced prediction for SEI-USD by factor 0.5
14:32:22 [DEBUG] ⚠️ BTC DUMP: Reduced prediction for 1000BONK-USD by factor 0.5
14:32:22 [DEBUG] ⚠️ BTC DUMP: Reduced prediction for LTC-USD by factor 0.5
14:32:22 [DEBUG] ⚠️ BTC DUMP: Reduced prediction for SPX-USD by factor 0.5
14:32:22 [DEBUG] ⚠️ BTC DUMP: Reduced prediction for TON-USD by factor 0.5
14:32:22 [DEBUG] ⚠️ BTC DUMP: Reduced prediction for TRUMP-USD by factor 0.5
14:32:22 [DEBUG] ⚠️ BTC DUMP: Reduced prediction for ARB-USD by factor 0.5
14:32:22 [DEBUG] ⚠️ BTC DUMP: Reduced prediction for OP-USD by factor 0.5
14:32:22 [DEBUG] ⚠️ BTC DUMP: Reduced prediction for ZORA-USD by factor 0.5
14:32:22 [INFO] 🧠 Prediction V2: Found 8 ML-ranked opportunities
14:32:22 [INFO] ✅ Returning 8 ML-ranked opportunities
14:32:22 [INFO] 🎯 Found 3 opportunities, executing best...
14:32:22 [DEBUG] Sending GET https://api.starknet.extended.exchange/api/v1/user/balance
14:32:22 [INFO] 💰 X10 verfügbare Balance: $238.72 USDC
14:32:22 [INFO] X10: Detected balance = $238.72
14:32:22 [DEBUG] Using cached positions (age: 1.4s)
14:32:22 [DEBUG] SYNC STATUS: DB=1, Executing=1, RealExchange=1, TotalActive=2
14:32:22 [INFO] 🚀 Launching 1 trades (Slots available: 1, Reserved: 1)
14:32:22 [DEBUG] Sending GET https://api.starknet.extended.exchange/api/v1/user/positions?
14:32:22 [DEBUG] Using cached positions (age: 1.5s)
14:32:22 [DEBUG] Check LDO-USD: Age=17.0s (Limit=14400s)
14:32:22 [DEBUG] 💎 [HODL] LDO-USD: Net PnL $0.0000 < $0.05 - Keeping position open (Hold: 0.0h, Gross: $0.0000)
14:32:23 [INFO] Lighter: Found 1 open positions
14:32:23 [INFO] 💰 Balance: X10=$238.7 (free=$213.2), Lit=$248.4 (free=$222.9) | DB_Trades=1, Real_Positions=1, Locked=$12/ex
14:32:23 [INFO] 🚀 Launching trade for FARTCOIN-USD (APY=42.0%)
14:32:23 [DEBUG] Sending GET https://api.starknet.extended.exchange/api/v1/user/positions?
14:32:23 [DEBUG] ✅ APT-USD: X10=$156,413, Lighter=$1,765,567, Total=$1,921,981
14:32:23 [DEBUG] Using cached positions (age: 2.5s)
14:32:23 [DEBUG] Check LDO-USD: Age=18.0s (Limit=14400s)
14:32:23 [DEBUG] 💎 [HODL] LDO-USD: Net PnL $0.0000 < $0.05 - Keeping position open (Hold: 0.0h, Gross: $0.0000)
14:32:23 [INFO] ✅ Launched 1 trade tasks this cycle
14:32:24 [INFO] Lighter: Found 1 open positions
14:32:24 [DEBUG] ✅ FARTCOIN-USD verified: No existing positions on exchanges
14:32:24 [DEBUG] Sending GET https://api.starknet.extended.exchange/api/v1/user/balance
14:32:24 [INFO] Lighter: Found 1 open positions
14:32:24 [INFO] 💰 X10 verfügbare Balance: $238.72 USDC
14:32:24 [DEBUG] ⚠️ BTC DUMP: Reduced prediction for FARTCOIN-USD by factor 0.5
14:32:24 [DEBUG] 🧠 FARTCOIN-USD: Prediction conf=0.60, delta=-0.000013
14:32:24 [DEBUG] MIN_NOTIONAL FARTCOIN-USD: min_base=20.00000000 coins, price=$0.4013, min_qty_usd=$8.03, min_notional_api=$10.00, final=$11.00
14:32:24 [DEBUG] Sending GET https://api.starknet.extended.exchange/api/v1/user/balance
14:32:24 [DEBUG] Using cached positions (age: 3.5s)
14:32:24 [DEBUG] Check LDO-USD: Age=19.0s (Limit=14400s)
14:32:24 [DEBUG] 💎 [HODL] LDO-USD: Net PnL $0.0000 < $0.05 - Keeping position open (Hold: 0.0h, Gross: $0.0000)
14:32:24 [INFO] 💰 X10 verfügbare Balance: $238.72 USDC
14:32:25 [DEBUG] ✅ CRV-USD: X10=$118,708, Lighter=$1,666,870, Total=$1,785,578
14:32:25 [DEBUG] Lighter Balance: Raw=$261.48, Safe=$248.40
14:32:25 [INFO] 🎰 KELLY FARTCOIN-USD: win_rate=50.0%, kelly_fraction=1.0000, safe_fraction=1.0000, confidence=FIXED_HACK, samples=0
14:32:25 [INFO] 📊 KELLY SIZE FARTCOIN-USD: $50.0 (kelly-optimized)
14:32:25 [DEBUG] 🔍 Checking liquidity for FARTCOIN-USD BUY: Need $50.00 (Max Slip: 2.0%)
14:32:25 [DEBUG] Using cached positions (age: 4.5s)
14:32:25 [DEBUG] Check LDO-USD: Age=20.0s (Limit=14400s)
14:32:25 [DEBUG] 💎 [HODL] LDO-USD: Net PnL $0.0000 < $0.05 - Keeping position open (Hold: 0.0h, Gross: $0.0000)
14:32:25 [DEBUG] 🔍 Orderbook for FARTCOIN-USD: Bids=20, Asks=20
14:32:25 [INFO] 🚀 Opening FARTCOIN-USD: Size=$50.0 (Min=$11.0)
14:32:25 [INFO] 🛡️ Registered FARTCOIN-USD in RECENTLY_OPENED_TRADES for 60.0s protection
14:32:25 [DEBUG] Sending GET https://api.starknet.extended.exchange/api/v1/user/orders?
14:32:26 [INFO] ⚖️ Size Alignment FARTCOIN-USD: 50.00$ -> 49.76$ (124.000000 Coins) to match both exchanges (X10 Step: 1.0, Lighter Step: 0.0001)
14:32:26 [INFO] 🔄 [MAKER STRATEGY] FARTCOIN-USD: Placing Lighter Maker Order...
14:32:26 [INFO] 🚀 LIGHTER OPEN FARTCOIN-USD: side=BUY, size_usd=$49.76, price=$0.401300
14:32:26 [DEBUG] 🔍 DEBUG: FARTCOIN-USD market_id = 21 (raw=21, type=<class 'int'>)
14:32:26 [INFO] 🛡️ Lighter Maker Price FARTCOIN-USD BUY: $0.400000
14:32:26 [DEBUG] QUANTIZE FARTCOIN-USD: Notional=$49.7612 -> RawAmt=124.403000 -> QuantAmt=124.403000 (x0.0001) -> BaseInt=1244
14:32:26 [DEBUG] Create Order Tx Info: {"AccountIndex":60113,"ApiKeyIndex":3,"MarketIndex":21,"ClientOrderIndex":1765200830932,"BaseAmount":1244,"Price":40000,"IsAsk":0,"Type":0,"TimeInForce":1,"ReduceOnly":0,"TriggerPrice":0,"OrderExpiry":1767619946271,"ExpiredAt":1765201345271,"Nonce":5347,"Sig":"dVFLZF36p46H+eb0X9eBkXNkUWFzuX9apRY28m2KMQhesdltR4UodKI5m3a8hBBasJrhARaRdyi4FymtbRh8JWP3yUda1L+v9rabwDs6S2s="}
14:32:26 [DEBUG] Create Order Send Tx Response: code=200 message='{"ratelimit": "didn\'t use volume quota"}' tx_hash='40c1b86409f4b3cb4ba0fffc20f5f6be309ce481237e4cfba9badf21677e84afbef7312799a3ff05' predicted_execution_time_ms=1765200733674 additional_properties={}
14:32:26 [INFO] Lighter Order: 40c1b86409f4b3cb4ba0fffc20f5f6be309ce481237e4cfba9badf21677e84afbef7312799a3ff05
14:32:26 [INFO] ⏳ [MAKER STRATEGY] FARTCOIN-USD: Lighter placed (40c1b86409f4b3cb4ba0fffc20f5f6be309ce481237e4cfba9badf21677e84afbef7312799a3ff05), waiting for fill...
14:32:26 [DEBUG] Using cached positions (age: 5.6s)
14:32:26 [DEBUG] Check LDO-USD: Age=21.0s (Limit=14400s)
14:32:26 [DEBUG] 💎 [HODL] LDO-USD: Net PnL $0.0000 < $0.05 - Keeping position open (Hold: 0.0h, Gross: $0.0000)
14:32:26 [INFO] Lighter: Found 1 open positions
14:32:26 [DEBUG] 👻 Ghost pending: FARTCOIN-USD (0.2s)
14:32:26 [DEBUG] 🔍 MON-USD check 6/30 clean...
14:32:26 [DEBUG] Price cache status: X10=81/65, Lighter=115/65
14:32:26 [DEBUG] 🔍 Scanning 65 pairs. Lighter markets: 114, X10 markets: 91
14:32:26 [DEBUG] MKR-USD: Missing prices (X=1663.9, L=None)
14:32:27 [INFO] Lighter: Found 1 open positions
14:32:27 [DEBUG] 👻 Ghost pending: FARTCOIN-USD (0.5s)
14:32:27 [DEBUG] ✅ LINK-USD: X10=$282,753, Lighter=$203,821, Total=$486,574
14:32:27 [DEBUG] ⚠️ BTC DUMP: Reduced prediction for MON-USD by factor 0.5
14:32:27 [DEBUG] ⚠️ BTC DUMP: Reduced prediction for UNI-USD by factor 0.5
14:32:27 [DEBUG] ⚠️ BTC DUMP: Reduced prediction for SUI-USD by factor 0.5
14:32:27 [DEBUG] ⚠️ BTC DUMP: Reduced prediction for MKR-USD by factor 0.5
14:32:27 [DEBUG] ⚠️ BTC DUMP: Reduced prediction for KAITO-USD by factor 0.5
14:32:27 [DEBUG] ⚠️ BTC DUMP: Reduced prediction for WLD-USD by factor 0.5
14:32:27 [DEBUG] ⚠️ BTC DUMP: Reduced prediction for FARTCOIN-USD by factor 0.5
14:32:27 [DEBUG] ⚠️ BTC DUMP: Reduced prediction for EIGEN-USD by factor 0.5
14:32:27 [DEBUG] ⚠️ BTC DUMP: Reduced prediction for POPCAT-USD by factor 0.5
14:32:27 [DEBUG] ⚠️ BTC DUMP: Reduced prediction for TAO-USD by factor 0.5
14:32:27 [DEBUG] ⚠️ BTC DUMP: Reduced prediction for JUP-USD by factor 0.5
14:32:27 [DEBUG] ⚠️ BTC DUMP: Reduced prediction for LINEA-USD by factor 0.5
14:32:27 [DEBUG] ⚠️ BTC DUMP: Reduced prediction for PENGU-USD by factor 0.5
14:32:27 [DEBUG] ⚠️ BTC DUMP: Reduced prediction for FIL-USD by factor 0.5
14:32:27 [DEBUG] ⚠️ BTC DUMP: Reduced prediction for NEAR-USD by factor 0.5
14:32:27 [DEBUG] ⚠️ BTC DUMP: Reduced prediction for ETH-USD by factor 0.5
14:32:27 [DEBUG] ⚠️ BTC DUMP: Reduced prediction for 1000SHIB-USD by factor 0.5
14:32:27 [DEBUG] ⚠️ BTC DUMP: Reduced prediction for SOL-USD by factor 0.5
14:32:27 [DEBUG] ⚠️ BTC DUMP: Reduced prediction for TRX-USD by factor 0.5
14:32:27 [DEBUG] ⚠️ BTC DUMP: Reduced prediction for ADA-USD by factor 0.5
14:32:27 [DEBUG] ⚠️ BTC DUMP: Reduced prediction for BNB-USD by factor 0.5
14:32:27 [DEBUG] ⚠️ BTC DUMP: Reduced prediction for APT-USD by factor 0.5
14:32:27 [DEBUG] ⚠️ BTC DUMP: Reduced prediction for CRV-USD by factor 0.5
14:32:27 [DEBUG] ⚠️ BTC DUMP: Reduced prediction for LINK-USD by factor 0.5
14:32:27 [DEBUG] ⚠️ BTC DUMP: Reduced prediction for ASTER-USD by factor 0.5
14:32:27 [DEBUG] ⚠️ BTC DUMP: Reduced prediction for WIF-USD by factor 0.5
14:32:27 [DEBUG] ⚠️ BTC DUMP: Reduced prediction for BTC-USD by factor 0.5
14:32:27 [DEBUG] ⚠️ BTC DUMP: Reduced prediction for BERA-USD by factor 0.5
14:32:27 [DEBUG] ⚠️ BTC DUMP: Reduced prediction for AAVE-USD by factor 0.5
14:32:27 [DEBUG] ⚠️ BTC DUMP: Reduced prediction for PENDLE-USD by factor 0.5
14:32:27 [DEBUG] ⚠️ BTC DUMP: Reduced prediction for STRK-USD by factor 0.5
14:32:27 [DEBUG] ⚠️ BTC DUMP: Reduced prediction for RESOLV-USD by factor 0.5
14:32:27 [DEBUG] ⚠️ BTC DUMP: Reduced prediction for 1000PEPE-USD by factor 0.5
14:32:27 [DEBUG] ⚠️ BTC DUMP: Reduced prediction for APEX-USD by factor 0.5
14:32:27 [DEBUG] ⚠️ BTC DUMP: Reduced prediction for DOGE-USD by factor 0.5
14:32:27 [DEBUG] ⚠️ BTC DUMP: Reduced prediction for GRASS-USD by factor 0.5
14:32:27 [DEBUG] ⚠️ BTC DUMP: Reduced prediction for XRP-USD by factor 0.5
14:32:27 [DEBUG] ⚠️ BTC DUMP: Reduced prediction for VIRTUAL-USD by factor 0.5
14:32:27 [INFO] 🧠 Prediction V2: Found 8 ML-ranked opportunities
14:32:27 [INFO] ✅ Returning 8 ML-ranked opportunities
14:32:27 [INFO] 🎯 Found 3 opportunities, executing best...
14:32:27 [DEBUG] Sending GET https://api.starknet.extended.exchange/api/v1/user/balance
14:32:27 [INFO] 🛑 Initiating shutdown...
14:32:27 [INFO] 🔒 SHUTDOWN: Closing all open trades... (Please wait!)
14:32:27 [INFO] 💰 X10 verfügbare Balance: $238.72 USDC
14:32:27 [DEBUG] Using cached positions (age: 6.5s)
14:32:27 [DEBUG] Check LDO-USD: Age=22.0s (Limit=14400s)
14:32:27 [DEBUG] 💎 [HODL] LDO-USD: Net PnL $0.0000 < $0.05 - Keeping position open (Hold: 0.0h, Gross: $0.0000)
14:32:28 [DEBUG] 💓 [lighter] Alive (uptime=50s, last_msg=0s ago, msgs=55572)
14:32:28 [INFO] Lighter: Found 1 open positions
14:32:28 [WARNING] 👻 Lighter Ghost Guardian: Injected pending position for FARTCOIN-USD (Age: 1.5s)
14:32:28 [DEBUG] Sending GET https://api.starknet.extended.exchange/api/v1/user/positions?
14:32:28 [DEBUG] 💓 [x10_trades] Alive (uptime=50s, last_msg=0s ago, msgs=170)
14:32:28 [DEBUG] 💓 [x10_funding] Alive (uptime=50s, last_msg=23s ago, msgs=91)
14:32:28 [DEBUG] 💓 [x10_account] Alive (uptime=50s, last_msg=22s ago, msgs=8)
14:32:28 [INFO] Lighter: Found 1 open positions
14:32:28 [WARNING] 👻 Lighter Ghost Guardian: Injected pending position for FARTCOIN-USD (Age: 1.6s)
14:32:28 [INFO] 🛑 SHUTDOWN: Closing Lighter LDO-USD (-83.1)...
14:32:28 [INFO] 🛑 SHUTDOWN: Closing Lighter FARTCOIN-USD (0.0001)...
14:32:28 [INFO] 🛑 SHUTDOWN: Closing X10 LDO-USD (83.0)...
14:32:28 [INFO] ⏳ Waiting up to 30.0s for 3 close orders...
14:32:28 [INFO] 🔍 DEBUG close_live_position ENTRY: symbol=LDO-USD (type=<class 'str'>)
14:32:28 [INFO] 🔍 DEBUG: original_side=SELL (type=<class 'str'>)
14:32:28 [INFO] 🔍 DEBUG: notional_usd=49.885760999999995 (type=<class 'float'>)
14:32:28 [DEBUG] Sending GET https://api.starknet.extended.exchange/api/v1/user/orders?
14:32:28 [INFO] 🔍 DEBUG close_live_position ENTRY: symbol=FARTCOIN-USD (type=<class 'str'>)
14:32:28 [INFO] 🔍 DEBUG: original_side=BUY (type=<class 'str'>)
14:32:28 [INFO] 🔍 DEBUG: notional_usd=4.0126e-05 (type=<class 'float'>)
14:32:28 [DEBUG] Lighter Balance: Raw=$261.47, Safe=$248.40
14:32:28 [INFO] X10: Detected balance = $238.72
14:32:28 [DEBUG] Using cached positions (age: 7.4s)
14:32:28 [DEBUG] SYNC STATUS: DB=1, Executing=2, RealExchange=1, TotalActive=3
14:32:28 [DEBUG] ⛔ Max trades reached (3/3). Waiting...
14:32:28 [DEBUG] Using cached positions (age: 7.5s)
14:32:28 [DEBUG] Check LDO-USD: Age=23.0s (Limit=14400s)
14:32:28 [DEBUG] 💎 [HODL] LDO-USD: Net PnL $0.0000 < $0.05 - Keeping position open (Hold: 0.0h, Gross: $0.0000)
14:32:28 [DEBUG] ✅ ASTER-USD: X10=$314,472, Lighter=$14,361,320, Total=$14,675,791
14:32:29 [DEBUG] Sending GET https://api.starknet.extended.exchange/api/v1/user/positions?
14:32:29 [INFO] Lighter: Found 1 open positions
14:32:29 [WARNING] 👻 Lighter Ghost Guardian: Injected pending position for FARTCOIN-USD (Age: 2.7s)
14:32:29 [INFO] Lighter: Found 1 open positions
14:32:29 [WARNING] 👻 Lighter Ghost Guardian: Injected pending position for FARTCOIN-USD (Age: 2.9s)
14:32:29 [DEBUG] MIN_NOTIONAL LDO-USD: min_base=5.00000000 coins, price=$0.6003, min_qty_usd=$3.00, min_notional_api=$10.00, final=$11.00
14:32:29 [INFO] 🔻 LIGHTER CLOSE LDO-USD: size=-83.100000 coins, side=BUY, price=$0.6003, notional=$49.89
14:32:29 [INFO] 🚀 LIGHTER OPEN LDO-USD: side=BUY, size_usd=$49.89, price=$0.600310
14:32:29 [DEBUG] 🔍 DEBUG: LDO-USD market_id = 46 (raw=46, type=<class 'int'>)
14:32:29 [DEBUG] QUANTIZE LDO-USD: Notional=$49.885760999999995 -> RawAmt=82.604374 -> QuantAmt=82.604300 (x0.0001) -> BaseInt=826
14:32:29 [DEBUG] Create Order Tx Info: {"AccountIndex":60113,"ApiKeyIndex":3,"MarketIndex":46,"ClientOrderIndex":1765200770199,"BaseAmount":826,"Price":60000,"IsAsk":0,"Type":0,"TimeInForce":1,"ReduceOnly":1,"TriggerPrice":0,"OrderExpiry":1767619949445,"ExpiredAt":1765201348445,"Nonce":5348,"Sig":"YDJthuB0x/QzaTNC6w6evqi3J5y83lTA8zFU5nqPxQ1DkaTu/54NayV6y0KoVgn8agAwnkvSE6N99O2lCfjS0VGXrkbZ4N8r459tNitIWmY="}
14:32:29 [INFO] Lighter: Found 1 open positions
14:32:29 [WARNING] 👻 Lighter Ghost Guardian: Injected pending position for FARTCOIN-USD (Age: 2.9s)
14:32:29 [DEBUG] MIN_NOTIONAL FARTCOIN-USD: min_base=20.00000000 coins, price=$0.4013, min_qty_usd=$8.03, min_notional_api=$10.00, final=$11.00
14:32:29 [WARNING] ⚠️ Skipping close for FARTCOIN-USD: Dust value $0.00 < $11.00. Treating as closed.
14:32:29 [INFO] 🔻 X10 CLOSE LDO-USD: size=83.000000, side=SELL
14:32:29 [DEBUG] Placing an order: id=132945916203815286846139622029880819200410399214722818750569146335103962888
14:32:29 [DEBUG] Sending POST https://api.starknet.extended.exchange/api/v1/user/order, headers={<RequestHeader.ACCEPT: 'Accept'>: 'application/json', <RequestHeader.CONTENT_TYPE: 'Content-Type'>: 'application/json', <RequestHeader.USER_AGENT: 'User-Agent'>: 'X10PythonTradingClient/0.0.17', <RequestHeader.API_KEY: 'X-Api-Key'>: '***MASKED***'}
14:32:29 [DEBUG] Using cached positions (age: 8.6s)
14:32:29 [DEBUG] Check LDO-USD: Age=24.0s (Limit=14400s)
14:32:29 [DEBUG] 💎 [HODL] LDO-USD: Net PnL $0.0000 < $0.05 - Keeping position open (Hold: 0.0h, Gross: $0.0000)
14:32:29 [DEBUG] Create Order Send Tx Response: code=200 message='{"ratelimit": "didn\'t use volume quota"}' tx_hash='c5f301b2f97ee939e453ca81631695950159013596ea26daf40c7974ced3e468568d3df7bd0dd667' predicted_execution_time_ms=1765200736917 additional_properties={}
14:32:29 [INFO] Lighter Order: c5f301b2f97ee939e453ca81631695950159013596ea26daf40c7974ced3e468568d3df7bd0dd667
14:32:29 [INFO] ✅ Lighter close LDO-USD: Erfolgreich ($49.89)
14:32:30 [INFO] Lighter: Found 1 open positions
14:32:30 [DEBUG] Using cached positions (age: 9.5s)
14:32:30 [DEBUG] Check LDO-USD: Age=25.0s (Limit=14400s)
14:32:30 [DEBUG] 💎 [HODL] LDO-USD: Net PnL $0.0000 < $0.05 - Keeping position open (Hold: 0.0h, Gross: $0.0000)
14:32:30 [INFO]  X10 Order: 1998022825193156608
14:32:31 [INFO] Lighter: Found 1 open positions
14:32:31 [INFO] Lighter: Found 1 open positions
14:32:31 [DEBUG] Price cache status: X10=81/65, Lighter=115/65
14:32:31 [DEBUG] 🔍 Scanning 65 pairs. Lighter markets: 114, X10 markets: 91
14:32:31 [DEBUG] MKR-USD: Missing prices (X=1663.9, L=None)
14:32:31 [DEBUG] Fetching fresh positions (force=False, cache_age=10.5s)
14:32:31 [DEBUG] Sending GET https://api.starknet.extended.exchange/api/v1/user/positions?
14:32:31 [INFO] 🧠 Prediction V2: Found 8 ML-ranked opportunities
14:32:31 [INFO] ✅ Returning 8 ML-ranked opportunities
14:32:31 [INFO] 🎯 Found 3 opportunities, executing best...
14:32:31 [DEBUG] Sending GET https://api.starknet.extended.exchange/api/v1/user/balance
14:32:32 [INFO] 💰 X10 verfügbare Balance: $243.69 USDC
14:32:32 [INFO] Lighter: Found 1 open positions
14:32:32 [INFO] 📊 Positions: X10=0, Lighter=1
14:32:32 [DEBUG] Lighter positions: ['LDO-USD']
14:32:32 [DEBUG] Check LDO-USD: Age=26.6s (Limit=14400s)
14:32:32 [DEBUG] 💎 [HODL] LDO-USD: Net PnL $0.0000 < $0.05 - Keeping position open (Hold: 0.0h, Gross: $0.0000)
14:32:32 [INFO] Lighter: Found 1 open positions
14:32:32 [DEBUG] ✅ WIF-USD: X10=$157,378, Lighter=$1,730,337, Total=$1,887,715
14:32:32 [DEBUG] Sending GET https://api.starknet.extended.exchange/api/v1/user/positions?
14:32:32 [DEBUG] Lighter Balance: Raw=$261.45, Safe=$248.38
14:32:32 [INFO] X10: Detected balance = $243.69
14:32:32 [DEBUG] Using cached positions (age: 1.3s)
14:32:32 [DEBUG] SYNC STATUS: DB=1, Executing=2, RealExchange=1, TotalActive=3
14:32:32 [DEBUG] ⛔ Max trades reached (3/3). Waiting...
14:32:33 [INFO] ✅ Position closed (Task 0).
14:32:33 [INFO] ✅ Position closed (Task 1).
14:32:33 [INFO] ✅ Position closed (Task 2).
14:32:33 [DEBUG] Cancelled task: maintenance_loop
14:32:33 [DEBUG] Cancelled task: cleanup_finished_tasks
14:32:33 [DEBUG] Cancelled task: health_reporter
14:32:33 [DEBUG] Cancelled task: farm_loop
14:32:33 [DEBUG] Cancelled task: logic_loop
14:32:33 [DEBUG] Cancelled task: trade_management_loop
14:32:33 [DEBUG] Cancelled task: connection_watchdog
14:32:33 [INFO] Logic loop cancelled
14:32:33 [INFO] Connection watchdog cancelled
14:32:33 [INFO] Lighter: Found 1 open positions
14:32:33 [INFO] 🔌 [x10_trades] WebSocket stopped
14:32:33 [INFO] Lighter: Found 1 open positions
14:32:34 [INFO] Lighter: Found 1 open positions
14:32:34 [DEBUG] ✅ BTC-USD: X10=$24,611,048, Lighter=$2,838, Total=$24,613,886
14:32:35 [DEBUG] [lighter] WebSocket connection closed forcefully (Timeout).
14:32:35 [INFO] 🔌 [lighter] WebSocket stopped
14:32:35 [DEBUG] [x10_account] WebSocket connection closed forcefully (Timeout).
14:32:35 [INFO] 🔌 [x10_account] WebSocket stopped
14:32:35 [DEBUG] [x10_funding] WebSocket connection closed forcefully (Timeout).
14:32:35 [INFO] 🔌 [x10_funding] WebSocket stopped
14:32:35 [INFO] ✅ WebSocketManager stopped
14:32:35 [INFO] ✅ ParallelExecutionManager: Stopped
14:32:35 [INFO] 🛑 Stopping InMemoryStateManager...
14:32:35 [INFO] 📝 State writer loop stopped
14:32:35 [INFO] ✅ InMemoryStateManager stopped
14:32:35 [INFO] ✅ Shutdown complete
14:32:35 [INFO] 🛑 Shutting down...
14:32:35 [INFO] 🛑 Shutdown requested...
14:32:35 [INFO] 🛑 Stopping Dashboard API...
14:32:35 [INFO] ✅ ParallelExecutionManager: Stopped
14:32:35 [INFO] ✅ WebSocketManager stopped
14:32:35 [INFO] ✅ OpenInterestTracker stopped
14:32:35 [INFO] 🛑 Funding tracker: Cancelled
14:32:35 [INFO] ✅ Funding Tracker stopped
14:32:35 [INFO] ✅ FundingTracker stopped
14:32:35 [INFO] 🛑 Stopping InMemoryStateManager...
14:32:35 [INFO] ✅ InMemoryStateManager stopped
14:32:35 [INFO] 🔒 Closing database...
14:32:35 [INFO] 🖊️ Database write loop stopped
14:32:35 [INFO] ✅ Database closed
14:32:35 [INFO] 🛑 FeeManager stopped
14:32:35 [INFO] ✅ X10 Adapter geschlossen.
14:32:35 [INFO] ✅ Lighter Adapter closed
14:32:35 [INFO] ✅ Bot V5 shutdown complete
14:32:35 [DEBUG] Task FARTCOIN-USD cancelled
14:32:35 [DEBUG] Task MON-USD cancelled
