23:02:46 [INFO]  CONFIG VALIDIERUNG abgeschlossen.
23:02:46 [INFO] 🔥 BOT V5 (Architected) STARTING...
23:02:46 [INFO] 🚀 Starting InMemoryStateManager...
23:02:46 [INFO] 📂 Initializing database: data/trades.db
23:02:46 [INFO] ✅ Read pool created: 5 connections
23:02:46 [INFO] ✅ WAL mode enabled
23:02:46 [INFO] 🔄 Running database migrations...
23:02:46 [INFO] ✅ Migrations complete (11 statements)
23:02:46 [INFO] ✅ Database initialized
23:02:46 [INFO] 🖊️ Database write loop started
23:02:46 [INFO] 📂 Loaded 3 trades from database
23:02:46 [INFO] ✅ InMemoryStateManager started (loaded 3 trades)
23:02:46 [INFO] ✅ State Manager started
23:02:46 [INFO]  Telegram Bot disabled (Token/ChatID missing).
23:02:46 [INFO] ✅ Async database initialized
23:02:46 [INFO] 📝 State writer loop started
23:02:46 [DEBUG] ✅ Database schema up to date
23:02:46 [INFO] Initialisiere X10 Adapter...
23:02:46 [INFO]  X10 Account initialisiert.
23:02:46 [INFO] Initialisiere Lighter Adapter...
23:02:46 [INFO] 📊 Loading Market Data via REST...
23:02:46 [DEBUG] Sending GET https://api.starknet.extended.exchange/api/v1/info/markets?
23:02:46 [INFO] ⚙️ Lighter: Loading markets...
23:02:46 [DEBUG] Starting new HTTPS connection (1): mainnet.zklighter.elliot.ai:443
23:02:47 [DEBUG] https://mainnet.zklighter.elliot.ai:443 "GET /api/v1/nextNonce?account_index=60113&api_key_index=3 HTTP/1.1" 200 25
23:02:49 [INFO]  X10: 91 Märkte geladen, 91 Funding Rates, 78 Preise
23:03:44 [INFO] ✅ Lighter: 118/118 markets loaded (100.0%)
23:03:44 [INFO] ✅ Markets loaded: X10=91, Lighter=118
23:03:44 [INFO] FundingPredictorV2 initialized with BTC Correlation
23:03:44 [INFO] 启动 OI Tracker für 70 Symbole...
23:03:44 [INFO] ✅ OpenInterestTracker started (interval=30.0s)
23:03:44 [INFO] 🌐 Starting WebSocket Manager...
23:03:44 [INFO] 📊 OI Tracker: Starting cycle 1 (70 symbols)
23:03:44 [INFO] 🔌 [lighter] WebSocket manager started
23:03:44 [INFO] 🔌 [x10] WebSocket manager started
23:03:44 [INFO] ✅ WebSocketManager started
23:03:44 [DEBUG] ✅ XAG-USD: X10=$0, Lighter=$39,904, Total=$39,904
23:03:45 [INFO] ✅ [lighter] Connected to wss://mainnet.zklighter.elliot.ai/stream
23:03:45 [DEBUG] [lighter] Subscribed to order_book/89
23:03:45 [DEBUG] [lighter] Subscribed to order_book/72
23:03:45 [DEBUG] [lighter] Subscribed to trade/72
23:03:45 [INFO] ✅ [x10] Connected to wss://api.starknet.extended.exchange/stream.extended.exchange/v1/account
23:03:45 [DEBUG] [lighter] Subscribed to order_book/71
23:03:45 [DEBUG] [lighter] Subscribed to trade/71
23:03:45 [DEBUG] [lighter] Subscribed to order_book/2
23:03:45 [DEBUG] [lighter] Subscribed to trade/2
23:03:45 [DEBUG] [lighter] Subscribed to trade/21
23:03:45 [DEBUG] [lighter] Subscribed to order_book/26
23:03:45 [DEBUG] [lighter] Subscribed to trade/26
23:03:45 [DEBUG] [lighter] Subscribed to order_book/1
23:03:45 [DEBUG] [lighter] Subscribed to trade/1
23:03:45 [DEBUG] [lighter] Subscribed to order_book/60
23:03:45 [DEBUG] [lighter] Subscribed to trade/60
23:03:45 [DEBUG] [lighter] Subscribed to order_book/45
23:03:45 [DEBUG] [lighter] Subscribed to order_book/53
23:03:45 [DEBUG] [lighter] Subscribed to trade/53
23:03:45 [DEBUG] [lighter] Subscribed to order_book/3
23:03:45 [DEBUG] [lighter] Subscribed to trade/3
23:03:45 [DEBUG] [lighter] Subscribed to order_book/92
23:03:45 [DEBUG] [lighter] Subscribed to trade/92
23:03:45 [DEBUG] [lighter] Subscribed to trade/89
23:03:45 [DEBUG] [lighter] Subscribed to order_book/103
23:03:45 [DEBUG] [lighter] Subscribed to trade/103
23:03:45 [DEBUG] [lighter] Subscribed to order_book/10
23:03:45 [DEBUG] [lighter] Subscribed to trade/10
23:03:45 [DEBUG] [lighter] Subscribed to order_book/43
23:03:45 [DEBUG] [lighter] Subscribed to trade/43
23:03:45 [DEBUG] [lighter] Subscribed to order_book/30
23:03:45 [DEBUG] [lighter] Subscribed to order_book/52
23:03:45 [DEBUG] [lighter] Subscribed to trade/52
23:03:45 [DEBUG] [lighter] Subscribed to order_book/12
23:03:45 [DEBUG] [lighter] Subscribed to trade/12
23:03:45 [DEBUG] [lighter] Subscribed to order_book/9
23:03:45 [DEBUG] [lighter] Subscribed to trade/9
23:03:45 [DEBUG] [lighter] Subscribed to order_book/32
23:03:45 [DEBUG] [lighter] Subscribed to order_book/27
23:03:45 [DEBUG] [lighter] Subscribed to trade/27
23:03:45 [DEBUG] [lighter] Subscribed to order_book/11
23:03:45 [DEBUG] [lighter] Subscribed to trade/11
23:03:45 [DEBUG] [lighter] Subscribed to order_book/18
23:03:45 [DEBUG] [lighter] Subscribed to trade/18
23:03:45 [DEBUG] [lighter] Subscribed to order_book/31
23:03:45 [DEBUG] [lighter] Subscribed to trade/31
23:03:45 [DEBUG] [lighter] Subscribed to order_book/17
23:03:45 [DEBUG] [lighter] Subscribed to trade/17
23:03:45 [DEBUG] [lighter] Subscribed to order_book/6
23:03:45 [DEBUG] [lighter] Subscribed to trade/6
23:03:45 [DEBUG] [lighter] Subscribed to order_book/51
23:03:45 [DEBUG] [lighter] Subscribed to order_book/15
23:03:45 [DEBUG] [lighter] Subscribed to trade/15
23:03:45 [DEBUG] [lighter] Subscribed to order_book/39
23:03:45 [DEBUG] [lighter] Subscribed to trade/39
23:03:45 [DEBUG] [lighter] Subscribed to order_book/13
23:03:45 [DEBUG] [lighter] Subscribed to trade/13
23:03:45 [DEBUG] [lighter] Subscribed to order_book/90
23:03:45 [DEBUG] [lighter] Subscribed to trade/90
23:03:45 [DEBUG] [lighter] Subscribed to trade/33
23:03:45 [DEBUG] [lighter] Subscribed to order_book/7
23:03:45 [DEBUG] [lighter] Subscribed to trade/7
23:03:45 [DEBUG] [lighter] Subscribed to order_book/98
23:03:45 [DEBUG] [lighter] Subscribed to trade/98
23:03:45 [DEBUG] [lighter] Subscribed to order_book/76
23:03:45 [DEBUG] [lighter] Subscribed to trade/76
23:03:45 [DEBUG] [lighter] Subscribed to order_book/8
23:03:45 [DEBUG] [lighter] Subscribed to trade/8
23:03:45 [DEBUG] [lighter] Subscribed to order_book/82
23:03:45 [DEBUG] [lighter] Subscribed to trade/82
23:03:45 [DEBUG] [lighter] Subscribed to order_book/86
23:03:45 [DEBUG] [lighter] Subscribed to order_book/104
23:03:45 [DEBUG] [lighter] Subscribed to trade/104
23:03:46 [DEBUG] [lighter] Subscribed to order_book/41
23:03:46 [DEBUG] [lighter] Subscribed to trade/41
23:03:46 [DEBUG] [x10] Subscribed to publicTrades/XAG/USD
23:03:46 [DEBUG] [x10] Subscribed to funding/XAG/USD
23:03:46 [DEBUG] [lighter] Subscribed to trade/91
23:03:46 [DEBUG] [x10] Subscribed to publicTrades/MON/USD
23:03:46 [DEBUG] [x10] Subscribed to funding/MON/USD
23:03:46 [DEBUG] [lighter] Subscribed to trade/36
23:03:46 [DEBUG] [x10] Subscribed to publicTrades/ARB/USD
23:03:46 [DEBUG] [x10] Subscribed to funding/ARB/USD
23:03:46 [DEBUG] [x10] Subscribed to publicTrades/HYPE/USD
23:03:46 [DEBUG] [x10] Subscribed to funding/HYPE/USD
23:03:46 [DEBUG] [x10] Subscribed to publicTrades/SPX/USD
23:03:46 [DEBUG] [x10] Subscribed to funding/SPX/USD
23:03:46 [DEBUG] [lighter] Subscribed to order_book/20
23:03:46 [DEBUG] [x10] Subscribed to publicTrades/ETH/USD
23:03:46 [DEBUG] [x10] Subscribed to funding/ETH/USD
23:03:46 [DEBUG] [lighter] Subscribed to trade/46
23:03:46 [DEBUG] [x10] Subscribed to publicTrades/PENGU/USD
23:03:46 [DEBUG] [x10] Subscribed to funding/PENGU/USD
23:03:46 [DEBUG] [x10] Subscribed to publicTrades/AERO/USD
23:03:46 [DEBUG] [x10] Subscribed to funding/AERO/USD
23:03:46 [DEBUG] [lighter] Subscribed to order_book/36
23:03:46 [DEBUG] [x10] Subscribed to publicTrades/MKR/USD
23:03:46 [DEBUG] [x10] Subscribed to funding/MKR/USD
23:03:46 [DEBUG] [x10] Subscribed to publicTrades/CRV/USD
23:03:46 [DEBUG] [x10] Subscribed to funding/CRV/USD
23:03:46 [DEBUG] [lighter] Subscribed to order_book/49
23:03:46 [DEBUG] [x10] Subscribed to publicTrades/ENA/USD
23:03:46 [DEBUG] [x10] Subscribed to funding/ENA/USD
23:03:46 [DEBUG] [x10] Subscribed to publicTrades/PUMP/USD
23:03:46 [DEBUG] [x10] Subscribed to funding/PUMP/USD
23:03:46 [DEBUG] [x10] Subscribed to publicTrades/RESOLV/USD
23:03:46 [DEBUG] [x10] Subscribed to funding/RESOLV/USD
23:03:46 [DEBUG] [lighter] Subscribed to order_book/28
23:03:46 [DEBUG] [x10] Subscribed to publicTrades/UNI/USD
23:03:46 [DEBUG] [x10] Subscribed to funding/UNI/USD
23:03:46 [DEBUG] [lighter] Subscribed to order_book/38
23:03:46 [DEBUG] [x10] Subscribed to publicTrades/FARTCOIN/USD
23:03:46 [DEBUG] [x10] Subscribed to funding/FARTCOIN/USD
23:03:46 [DEBUG] [x10] Subscribed to publicTrades/OP/USD
23:03:46 [DEBUG] [x10] Subscribed to funding/OP/USD
23:03:46 [DEBUG] [x10] Subscribed to publicTrades/EDEN/USD
23:03:46 [DEBUG] [x10] Subscribed to funding/EDEN/USD
23:03:46 [DEBUG] [lighter] Subscribed to trade/37
23:03:46 [DEBUG] [x10] Subscribed to publicTrades/BERA/USD
23:03:46 [DEBUG] [x10] Subscribed to funding/BERA/USD
23:03:47 [DEBUG] [lighter] Subscribed to trade/83
23:03:47 [DEBUG] [x10] Subscribed to publicTrades/BCH/USD
23:03:47 [DEBUG] [x10] Subscribed to funding/BCH/USD
23:03:47 [DEBUG] [x10] Subscribed to publicTrades/ONDO/USD
23:03:47 [DEBUG] [x10] Subscribed to funding/ONDO/USD
23:03:47 [DEBUG] [lighter] Subscribed to order_book/4
23:03:47 [DEBUG] [x10] Subscribed to publicTrades/1000PEPE/USD
23:03:47 [DEBUG] [x10] Subscribed to funding/1000PEPE/USD
23:03:47 [DEBUG] [x10] Subscribed to publicTrades/LDO/USD
23:03:47 [DEBUG] [x10] Subscribed to funding/LDO/USD
23:03:47 [DEBUG] [lighter] Subscribed to order_book/35
23:03:47 [DEBUG] [x10] Subscribed to publicTrades/MEGA/USD
23:03:47 [DEBUG] [x10] Subscribed to funding/MEGA/USD
23:03:47 [DEBUG] [x10] Subscribed to publicTrades/WIF/USD
23:03:47 [DEBUG] [x10] Subscribed to funding/WIF/USD
23:03:47 [DEBUG] [lighter] Subscribed to trade/58
23:03:47 [DEBUG] [x10] Subscribed to publicTrades/KAITO/USD
23:03:47 [DEBUG] [x10] Subscribed to funding/KAITO/USD
23:03:47 [DEBUG] [x10] Subscribed to publicTrades/PENDLE/USD
23:03:47 [DEBUG] [x10] Subscribed to funding/PENDLE/USD
23:03:47 [DEBUG] [lighter] Subscribed to trade/29
23:03:47 [DEBUG] [x10] Subscribed to publicTrades/S/USD
23:03:47 [DEBUG] [x10] Subscribed to funding/S/USD
23:03:47 [DEBUG] [x10] Subscribed to publicTrades/TIA/USD
23:03:47 [DEBUG] [x10] Subscribed to funding/TIA/USD
23:03:47 [DEBUG] [lighter] Subscribed to order_book/23
23:03:47 [DEBUG] [x10] Subscribed to publicTrades/ASTER/USD
23:03:47 [DEBUG] [x10] Subscribed to funding/ASTER/USD
23:03:47 [DEBUG] [x10] Subscribed to publicTrades/SEI/USD
23:03:47 [DEBUG] [x10] Subscribed to funding/SEI/USD
23:03:47 [DEBUG] [lighter] Subscribed to order_book/16
23:03:47 [DEBUG] [x10] Subscribed to publicTrades/APEX/USD
23:03:47 [DEBUG] [x10] Subscribed to funding/APEX/USD
23:03:47 [DEBUG] [x10] Subscribed to publicTrades/MNT/USD
23:03:47 [DEBUG] [x10] Subscribed to funding/MNT/USD
23:03:47 [DEBUG] [lighter] Subscribed to trade/5
23:03:47 [DEBUG] [x10] Subscribed to publicTrades/IP/USD
23:03:47 [DEBUG] [x10] Subscribed to funding/IP/USD
23:03:47 [DEBUG] [x10] Subscribed to publicTrades/POPCAT/USD
23:03:47 [DEBUG] [x10] Subscribed to funding/POPCAT/USD
23:03:47 [DEBUG] [lighter] Subscribed to trade/16
23:03:47 [DEBUG] [x10] Subscribed to publicTrades/EIGEN/USD
23:03:47 [DEBUG] [x10] Subscribed to funding/EIGEN/USD
23:03:47 [DEBUG] [x10] Subscribed to publicTrades/LTC/USD
23:03:47 [DEBUG] [x10] Subscribed to funding/LTC/USD
23:03:47 [DEBUG] [lighter] Subscribed to trade/35
23:03:47 [DEBUG] [x10] Subscribed to publicTrades/SUI/USD
23:03:47 [DEBUG] [x10] Subscribed to funding/SUI/USD
23:03:47 [DEBUG] [x10] Subscribed to publicTrades/BNB/USD
23:03:47 [DEBUG] [x10] Subscribed to funding/BNB/USD
23:03:47 [DEBUG] [lighter] Subscribed to order_book/50
23:03:47 [DEBUG] [x10] Subscribed to publicTrades/WLFI/USD
23:03:47 [DEBUG] [x10] Subscribed to funding/WLFI/USD
23:03:48 [DEBUG] [x10] Subscribed to publicTrades/XPL/USD
23:03:48 [DEBUG] [x10] Subscribed to funding/XPL/USD
23:03:48 [DEBUG] [lighter] Subscribed to trade/49
23:03:48 [DEBUG] [x10] Subscribed to publicTrades/SOL/USD
23:03:48 [DEBUG] [x10] Subscribed to funding/SOL/USD
23:03:48 [DEBUG] [x10] Subscribed to publicTrades/JUP/USD
23:03:48 [DEBUG] [x10] Subscribed to funding/JUP/USD
23:03:48 [DEBUG] [lighter] Subscribed to order_book/67
23:03:48 [DEBUG] [x10] Subscribed to publicTrades/BTC/USD
23:03:48 [DEBUG] [x10] Subscribed to funding/BTC/USD
23:03:48 [DEBUG] [x10] Subscribed to publicTrades/ZRO/USD
23:03:48 [DEBUG] [x10] Subscribed to funding/ZRO/USD
23:03:48 [DEBUG] [lighter] Subscribed to trade/30
23:03:48 [DEBUG] [x10] Subscribed to publicTrades/ZORA/USD
23:03:48 [DEBUG] [x10] Subscribed to funding/ZORA/USD
23:03:48 [DEBUG] [x10] Subscribed to publicTrades/DOGE/USD
23:03:48 [DEBUG] [x10] Subscribed to funding/DOGE/USD
23:03:48 [DEBUG] [lighter] Subscribed to order_book/24
23:03:48 [DEBUG] [x10] Subscribed to publicTrades/XAU/USD
23:03:48 [DEBUG] [x10] Subscribed to funding/XAU/USD
23:03:48 [DEBUG] [x10] Subscribed to publicTrades/FIL/USD
23:03:48 [DEBUG] [x10] Subscribed to funding/FIL/USD
23:03:48 [DEBUG] [lighter] Subscribed to order_book/25
23:03:48 [DEBUG] [x10] Subscribed to publicTrades/NEAR/USD
23:03:48 [DEBUG] [x10] Subscribed to funding/NEAR/USD
23:03:48 [DEBUG] [x10] Subscribed to publicTrades/TRX/USD
23:03:48 [DEBUG] [x10] Subscribed to funding/TRX/USD
23:03:48 [DEBUG] [lighter] Subscribed to trade/63
23:03:48 [DEBUG] [x10] Subscribed to publicTrades/GRASS/USD
23:03:48 [DEBUG] [x10] Subscribed to funding/GRASS/USD
23:03:48 [DEBUG] [x10] Subscribed to publicTrades/TON/USD
23:03:48 [DEBUG] [x10] Subscribed to funding/TON/USD
23:03:48 [DEBUG] [lighter] Subscribed to order_book/5
23:03:48 [DEBUG] ✅ MON-USD: X10=$305,118, Lighter=$239,245,542, Total=$239,550,660
23:03:48 [DEBUG] [x10] Subscribed to publicTrades/AVAX/USD
23:03:48 [DEBUG] [x10] Subscribed to funding/AVAX/USD
23:03:48 [DEBUG] [x10] Subscribed to publicTrades/AAVE/USD
23:03:48 [DEBUG] [x10] Subscribed to funding/AAVE/USD
23:03:48 [DEBUG] [lighter] Subscribed to trade/20
23:03:48 [DEBUG] [x10] Subscribed to publicTrades/DOT/USD
23:03:48 [DEBUG] [x10] Subscribed to funding/DOT/USD
23:03:48 [DEBUG] [x10] Subscribed to publicTrades/1000BONK/USD
23:03:48 [DEBUG] [x10] Subscribed to funding/1000BONK/USD
23:03:48 [DEBUG] [lighter] Subscribed to trade/94
23:03:48 [DEBUG] [x10] Subscribed to publicTrades/APT/USD
23:03:48 [DEBUG] [x10] Subscribed to funding/APT/USD
23:03:48 [DEBUG] [x10] Subscribed to publicTrades/1000SHIB/USD
23:03:48 [DEBUG] [x10] Subscribed to funding/1000SHIB/USD
23:03:48 [DEBUG] [lighter] Subscribed to order_book/91
23:03:48 [DEBUG] [x10] Subscribed to publicTrades/WLD/USD
23:03:48 [DEBUG] [x10] Subscribed to funding/WLD/USD
23:03:48 [DEBUG] [x10] Subscribed to publicTrades/TRUMP/USD
23:03:48 [DEBUG] [x10] Subscribed to funding/TRUMP/USD
23:03:49 [DEBUG] [lighter] Subscribed to market_stats/all
23:03:49 [DEBUG] [x10] Subscribed to publicTrades/ADA/USD
23:03:49 [DEBUG] [x10] Subscribed to funding/ADA/USD
23:03:49 [DEBUG] [x10] Subscribed to publicTrades/TAO/USD
23:03:49 [DEBUG] [x10] Subscribed to funding/TAO/USD
23:03:49 [DEBUG] [lighter] Subscribed to order_book/33
23:03:49 [DEBUG] [x10] Subscribed to publicTrades/ZEC/USD
23:03:49 [DEBUG] [x10] Subscribed to funding/ZEC/USD
23:03:49 [DEBUG] [x10] Subscribed to publicTrades/XRP/USD
23:03:49 [DEBUG] [x10] Subscribed to funding/XRP/USD
23:03:49 [DEBUG] [lighter] Subscribed to trade/50
23:03:49 [DEBUG] [x10] Subscribed to publicTrades/USDJPY/USD
23:03:49 [DEBUG] [x10] Subscribed to funding/USDJPY/USD
23:03:49 [DEBUG] [x10] Subscribed to publicTrades/LINEA/USD
23:03:49 [DEBUG] [x10] Subscribed to funding/LINEA/USD
23:03:49 [DEBUG] [lighter] Subscribed to trade/34
23:03:49 [DEBUG] [x10] Subscribed to publicTrades/LINK/USD
23:03:49 [DEBUG] [x10] Subscribed to funding/LINK/USD
23:03:49 [DEBUG] [x10] Subscribed to publicTrades/AVNT/USD
23:03:49 [DEBUG] [x10] Subscribed to funding/AVNT/USD
23:03:49 [DEBUG] [x10] Subscribed to publicTrades/STRK/USD
23:03:49 [DEBUG] [x10] Subscribed to funding/STRK/USD
23:03:49 [DEBUG] [lighter] Subscribed to order_book/47
23:03:49 [DEBUG] [x10] Subscribed to publicTrades/VIRTUAL/USD
23:03:49 [DEBUG] [x10] Subscribed to funding/VIRTUAL/USD
23:03:49 [INFO] 🔗 Components Wired: WS -> OI Tracker -> Prediction
23:03:49 [INFO] 🧟 Starte Zombie-Check: Vergleiche DB mit echten Positionen...
23:03:49 [INFO] 🔍 DB meldet 3 offene Trades. Prüfe Exchange...
23:03:49 [DEBUG] Sending GET https://api.starknet.extended.exchange/api/v1/user/positions?
23:03:49 [DEBUG] [lighter] Subscribed to order_book/94
23:03:49 [DEBUG] [lighter] Subscribed to trade/55
23:03:49 [DEBUG] [lighter] Subscribed to trade/23
23:03:49 [DEBUG] [lighter] Subscribed to order_book/58
23:03:49 [DEBUG] [lighter] Subscribed to trade/67
23:03:49 [DEBUG] [lighter] Subscribed to order_book/29
23:03:50 [DEBUG] [lighter] Subscribed to trade/51
23:03:50 [DEBUG] [lighter] Subscribed to trade/65
23:03:50 [DEBUG] [lighter] Subscribed to order_book/55
23:03:50 [DEBUG] [lighter] Subscribed to trade/86
23:03:50 [DEBUG] [lighter] Subscribed to trade/24
23:03:50 [DEBUG] [lighter] Subscribed to trade/45
23:03:50 [DEBUG] [lighter] Subscribed to trade/25
23:03:50 [DEBUG] [lighter] Subscribed to order_book/21
23:03:50 [DEBUG] [lighter] Subscribed to order_book/42
23:03:50 [DEBUG] [lighter] Subscribed to trade/47
23:03:50 [INFO] Lighter: Found 0 open positions
23:03:50 [INFO] 🌍 Echte Positionen auf Exchanges: []
23:03:50 [WARNING] ⚠️  ZOMBIE GEFUNDEN: AAVE-USD ist in DB offen, aber nicht auf Exchange. Schließe ihn...
23:03:50 [INFO] ✅ Trade AAVE-USD closed (PnL: $0.00)
23:03:50 [WARNING] ⚠️  ZOMBIE GEFUNDEN: BERA-USD ist in DB offen, aber nicht auf Exchange. Schließe ihn...
23:03:50 [INFO] ✅ Trade BERA-USD closed (PnL: $0.00)
23:03:50 [WARNING] ⚠️  ZOMBIE GEFUNDEN: ADA-USD ist in DB offen, aber nicht auf Exchange. Schließe ihn...
23:03:50 [INFO] ✅ Trade ADA-USD closed (PnL: $0.00)
23:03:50 [INFO] ✅ ParallelExecutionManager: Rollback processor started
23:03:50 [INFO] ✅ ParallelExecutionManager started
23:03:50 [INFO] 📝 Registered task: logic_loop (critical=True)
23:03:50 [INFO] 📝 Registered task: trade_management_loop (critical=True)
23:03:50 [INFO] 📝 Registered task: farm_loop (critical=False)
23:03:50 [INFO] 📝 Registered task: maintenance_loop (critical=False)
23:03:50 [INFO] 📝 Registered task: cleanup_finished_tasks (critical=False)
23:03:50 [INFO] 📝 Registered task: health_reporter (critical=False)
23:03:50 [INFO] 📝 Registered task: connection_watchdog (critical=True)
23:03:50 [INFO] ✅ Signal handlers installed (SIGINT, SIGTERM)
23:03:50 [INFO] ▶️  Started task: logic_loop
23:03:50 [INFO] ▶️  Started task: trade_management_loop
23:03:50 [INFO] ▶️  Started task: farm_loop
23:03:50 [INFO] ▶️  Started task: maintenance_loop
23:03:50 [INFO] ▶️  Started task: cleanup_finished_tasks
23:03:50 [INFO] ▶️  Started task: health_reporter
23:03:50 [INFO] ▶️  Started task: connection_watchdog
23:03:50 [INFO] 🚀 Started 7 tasks
23:03:50 [INFO] ═══════════════════════════════════════════════════════════
23:03:50 [INFO]    BOT V5 RUNNING 24/7 - SUPERVISED | Ctrl+C = Stop   
23:03:50 [INFO] ═══════════════════════════════════════════════════════════
23:03:50 [INFO] 🔄 Rollback processor running...
23:03:50 [INFO] Logic Loop gestartet – REFRESH alle 3s
23:03:50 [INFO] ⚡ Latency Arb Detector initialized (threshold: 1.0s)
23:03:50 [INFO] ❄️ Warming up caches (waiting for WS data)... X10=91, Lit=0
23:03:50 [INFO] 🛡️ Trade Management Loop gestartet
23:03:50 [INFO] 🚜 Farm Mode ACTIVE
23:03:50 [DEBUG] Sending GET https://api.starknet.extended.exchange/api/v1/user/balance
23:03:50 [DEBUG] 📊 X10 Funding Cache refresh (current=91)
23:03:50 [INFO] 🐕 Connection Watchdog gestartet (Timeout: 120s)
23:03:50 [INFO] 🔍 Supervisor loop started
23:03:50 [DEBUG] 📝 Flushed 1 writes
23:03:50 [DEBUG] 📝 Flushed 1 writes in 15.0ms
23:03:50 [DEBUG] [lighter] Subscribed to order_book/83
23:03:51 [DEBUG] Sending GET https://api.starknet.extended.exchange/api/v1/info/markets?
23:03:51 [DEBUG] [lighter] Subscribed to trade/40
23:03:51 [DEBUG] [lighter] Subscribed to order_book/40
23:03:51 [DEBUG] [lighter] Subscribed to order_book/34
23:03:51 [DEBUG] [lighter] Subscribed to order_book/65
23:03:51 [DEBUG] [lighter] Subscribed to order_book/37
23:03:51 [DEBUG] [lighter] Subscribed to trade/93
23:03:51 [DEBUG] [lighter] Subscribed to order_book/63
23:03:51 [DEBUG] [lighter] Subscribed to trade/38
23:03:51 [DEBUG] [lighter] Subscribed to trade/28
23:03:51 [DEBUG] [lighter] Subscribed to trade/4
23:03:51 [DEBUG] 📝 Flushed 1 writes in 0.0ms
23:03:52 [DEBUG] [lighter] Subscribed to order_book/46
23:03:52 [DEBUG] [lighter] Subscribed to trade/32
23:03:52 [DEBUG] Lighter Balance: Raw=$300.59, Safe=$285.56
23:03:52 [INFO] 🚜 Opening FARM: AERO-USD APY=59.6%
23:03:52 [DEBUG] Sending GET https://api.starknet.extended.exchange/api/v1/user/positions?
23:03:52 [DEBUG] [lighter] Subscribed to trade/42
23:03:52 [DEBUG] [lighter] Subscribed to order_book/93
23:03:52 [DEBUG] ✅ SPX-USD: X10=$290,659, Lighter=$4,267,725, Total=$4,558,385
23:03:52 [DEBUG] 📝 Flushed 2 writes
23:03:52 [DEBUG] 📝 Flushed 1 writes in 0.0ms
23:03:53 [INFO]  X10: 91 Märkte geladen, 91 Funding Rates, 78 Preise
23:03:53 [DEBUG] X10: Funding Refresh OK, cache=91
23:03:53 [DEBUG] 📊 Lighter Funding Cache refresh (current=0)
23:03:53 [INFO] Lighter: Found 0 open positions
23:03:53 [DEBUG] ✅ AERO-USD verified: No existing positions on exchanges
23:03:53 [INFO]  Volatility Monitor initialized: Low<3.0%, Normal<10.0%, High<20.0%, Hard Cap<50.0%
23:03:53 [DEBUG] Sending GET https://api.starknet.extended.exchange/api/v1/user/balance
23:03:53 [INFO] 🎲 KellyPositionSizer initialized (Safety=0.25, MaxFraction=0.1)
23:03:53 [INFO] 🎰 KELLY AERO-USD: win_rate=80.0%, kelly_fraction=0.6000, safe_fraction=0.0500, confidence=LOW, samples=0
23:03:53 [INFO] 📊 KELLY SIZE AERO-USD: base=$30.0, kelly_recommended=$14.3, final=$30.0
23:03:53 [INFO] 🚀 Opening AERO-USD: Size=$30.0 (Min=$11.0)
23:03:53 [INFO] 🔄 [PARALLEL] AERO-USD: Lighter POST-ONLY first
23:03:53 [INFO] 🚀 LIGHTER OPEN AERO-USD: side=SELL, size_usd=$30.00, price=$0.679110
23:03:53 [INFO] 🔄 [PARALLEL] AERO-USD: X10 MARKET order
23:03:53 [DEBUG] Create Order Tx Info: {"AccountIndex":60113,"ApiKeyIndex":3,"MarketIndex":65,"ClientOrderIndex":1764540269701,"BaseAmount":445,"Price":67503,"IsAsk":1,"Type":0,"TimeInForce":1,"ReduceOnly":0,"TriggerPrice":0,"OrderExpiry":1766959433410,"ExpiredAt":1764540832410,"Nonce":1844,"Sig":"9enmmWe9wRB1rgIq4KU5tDOGvYKljEcmWN/KQ37K6bi9dHdQeLOtG/XA77yJk9otrqizbfSG9OPPV+oQSKkUSoFG5QfcgP8OmCQ6jJtiQAk="}
23:03:53 [DEBUG] Sending GET https://api.starknet.extended.exchange/api/v1/info/markets?
23:03:53 [DEBUG] Lighter: Loaded 389 funding rates
23:03:53 [DEBUG] Lighter: Funding Refresh OK, cache=118
23:03:53 [DEBUG] Create Order Send Tx Response: code=200 message='{"ratelimit": "didn\'t use volume quota"}' tx_hash='0aa97fc2874cf65ac75577a8d79f6b35034b3be431bd54d78f18e81ff0463f543bf50d2f2237ba1c' predicted_execution_time_ms=1764540227281 additional_properties={}
23:03:53 [INFO] Lighter Order: 0aa97fc2874cf65ac75577a8d79f6b35034b3be431bd54d78f18e81ff0463f543bf50d2f2237ba1c
23:03:53 [INFO] 🔍 🚜 FARM Scanning 70 pairs. Open symbols to skip: set()
23:03:53 [DEBUG] Price cache status: X10=70/70, Lighter=70/70
23:03:53 [INFO] 🔍 Scanning 70 pairs. Lighter markets: 118, X10 markets: 91
23:03:54 [INFO] 🔍 Running periodic exchange sync check...
23:03:54 [INFO] 🔍 Starting Exchange Sync Check...
23:03:54 [DEBUG] Sending GET https://api.starknet.extended.exchange/api/v1/user/positions?
23:03:54 [INFO] ✅ Found 0 opportunities with predictions (farm_mode=True)
23:03:54 [INFO] ⚠️ Keine Prediction-Opportunities, nutze Fallback mit echten Funding Rates...
23:03:54 [DEBUG] ⛔ Skip XAG-USD: TradFi/FX
23:03:54 [DEBUG] ⛔ Skip SPX-USD: TradFi/FX
23:03:54 [DEBUG] Skip PENGU-USD: Spread 0.37% too high
23:03:54 [DEBUG] ⛔ Skip AERO-USD: In BLACKLIST
23:03:54 [INFO] 🔍 DEBUG ENA-USD: rl=0.00000900, rx=-0.00005500, net=0.00006400, apy=56.1%
23:03:54 [INFO] 💎 ENA-USD | APY: 56.1%
23:03:54 [DEBUG] Skip RESOLV-USD: Spread 0.34% too high
23:03:54 [INFO] 🔍 DEBUG UNI-USD: rl=-0.00004700, rx=0.00001300, net=-0.00006000, apy=52.6%
23:03:54 [INFO] 💎 UNI-USD | APY: 52.6%
23:03:54 [DEBUG] ⛔ Skip MEGA-USD: In BLACKLIST
23:03:54 [DEBUG] Skip SEI-USD: Spread 0.35% too high
23:03:54 [DEBUG] ⛔ Skip XAU-USD: TradFi/FX
23:03:54 [INFO] 🔍 DEBUG AAVE-USD: rl=0.00001200, rx=-0.00005500, net=0.00006700, apy=58.7%
23:03:54 [INFO] 💎 AAVE-USD | APY: 58.7%
23:03:54 [DEBUG] Skip VIRTUAL-USD: Spread 0.37% too high
23:03:54 [INFO] ✅ Found 35 opportunities from 65 valid pairs (farm_mode=True, scanned=70)
23:03:54 [INFO] 🎯 Found 3 opportunities, executing best...
23:03:54 [DEBUG] Sending GET https://api.starknet.extended.exchange/api/v1/user/balance
23:03:54 [INFO] Lighter: Found 1 open positions
23:03:54 [ERROR] 🚨 DESYNC DETECTED: Positions only on Lighter: {'AERO-USD'}
23:03:54 [ERROR] ⚠️ These are UNHEDGED and create directional risk!
23:03:54 [WARNING] 🔻 Closing orphaned Lighter position: AERO-USD
23:03:54 [ERROR] Failed to close Lighter orphan AERO-USD: '<' not supported between instances of 'float' and 'str'
23:03:55 [DEBUG] Placing an order: id=627092983272438408900890881084186612513121006524117272317703418104795866479
23:03:55 [DEBUG] Sending POST https://api.starknet.extended.exchange/api/v1/user/order, headers={<RequestHeader.ACCEPT: 'Accept'>: 'application/json', <RequestHeader.CONTENT_TYPE: 'Content-Type'>: 'application/json', <RequestHeader.USER_AGENT: 'User-Agent'>: 'X10PythonTradingClient/0.0.17', <RequestHeader.API_KEY: 'X-Api-Key'>: 'a1c9207f79f0e57ddc454bf1e16dbe49'}
23:03:56 [DEBUG] Lighter Balance: Raw=$300.59, Safe=$285.56
23:03:56 [INFO] X10: Detected balance = $304.51
23:03:56 [INFO] 🚀 Launching 3 trades (Slots available: 3)
23:03:56 [DEBUG] Sending GET https://api.starknet.extended.exchange/api/v1/user/positions?
23:03:56 [DEBUG] ✅ HYPE-USD: X10=$5,294,858, Lighter=$1,468,593, Total=$6,763,450
23:03:56 [INFO]  X10 Order: 1995252454681702400
23:03:56 [INFO] ✅ [PARALLEL] AERO-USD: Both legs filled in 3156ms
23:03:56 [DEBUG] 📝 Trade added to state: AERO-USD
23:03:56 [DEBUG] 🧹 Cleaned task: AERO-USD
23:03:56 [DEBUG] 📝 Flushed 1 writes
23:03:56 [DEBUG] 📝 Flushed 1 writes in 0.0ms
23:03:56 [INFO] Lighter: Found 1 open positions
23:03:56 [INFO] 💰 Balance: X10=$304.5 (free=$296.7), Lit=$285.6 (free=$277.8) | DB_Trades=0, Real_Positions=1, Locked=$5/ex
23:03:56 [INFO] 🚀 Launching trade for AAVE-USD (APY=58.7%)
23:03:56 [DEBUG] Sending GET https://api.starknet.extended.exchange/api/v1/user/positions?
23:03:56 [DEBUG] Fetching fresh positions (force=False, cache_age=1764540237.0s)
23:03:56 [DEBUG] Sending GET https://api.starknet.extended.exchange/api/v1/user/positions?
23:03:57 [INFO] 🚀 Launching trade for ENA-USD (APY=56.1%)
23:03:57 [DEBUG] Sending GET https://api.starknet.extended.exchange/api/v1/user/positions?
23:03:57 [INFO] Lighter: Found 1 open positions
23:03:57 [DEBUG] ✅ AAVE-USD verified: No existing positions on exchanges
23:03:57 [DEBUG] Sending GET https://api.starknet.extended.exchange/api/v1/user/balance
23:03:57 [INFO] Lighter: Found 1 open positions
23:03:57 [INFO] 📊 Positions: X10=1, Lighter=1
23:03:57 [DEBUG] X10 positions: ['AERO-USD']
23:03:57 [DEBUG] Lighter positions: ['AERO-USD']
23:03:57 [INFO] 🔍 DEBUG AERO-USD: entry_time type=<class 'str'>, value=2025-11-30T22:03:56.550937+00:00
23:03:57 [DEBUG] Check AERO-USD: Age=1.1s (Limit=60s)
23:03:57 [INFO] 🎰 KELLY AAVE-USD: win_rate=80.0%, kelly_fraction=0.6000, safe_fraction=0.0500, confidence=LOW, samples=0
23:03:57 [INFO] 📊 KELLY SIZE AAVE-USD: base=$30.0, kelly_recommended=$14.3, final=$30.0
23:03:57 [INFO] 🚀 Opening AAVE-USD: Size=$30.0 (Min=$18.9)
23:03:57 [INFO] 🔄 [PARALLEL] AAVE-USD: Lighter POST-ONLY first
23:03:57 [INFO] 🚀 LIGHTER OPEN AAVE-USD: side=SELL, size_usd=$30.00, price=$179.625000
23:03:57 [INFO] 🔄 [PARALLEL] AAVE-USD: X10 MARKET order
23:03:57 [DEBUG] Create Order Tx Info: {"AccountIndex":60113,"ApiKeyIndex":3,"MarketIndex":27,"ClientOrderIndex":1764540257979,"BaseAmount":169,"Price":178547,"IsAsk":1,"Type":0,"TimeInForce":1,"ReduceOnly":0,"TriggerPrice":0,"OrderExpiry":1766959437678,"ExpiredAt":1764540836678,"Nonce":1845,"Sig":"XtkLnc9y0y99ivBlNgI8TnECUElUbtu8vxuHGuAHGP4lW0pmlsQecRaEzqV6fT4YI8lHdTGlHDe8P1aHdfYbIqBirZcLmvm46pa8iRn7Bnc="}
23:03:57 [INFO] 🚀 Launching trade for UNI-USD (APY=52.6%)
23:03:57 [DEBUG] Placing an order: id=1294710181976236420249295209049918746868618123991921227927888371821897914038
23:03:57 [DEBUG] Sending POST https://api.starknet.extended.exchange/api/v1/user/order, headers={<RequestHeader.ACCEPT: 'Accept'>: 'application/json', <RequestHeader.CONTENT_TYPE: 'Content-Type'>: 'application/json', <RequestHeader.USER_AGENT: 'User-Agent'>: 'X10PythonTradingClient/0.0.17', <RequestHeader.API_KEY: 'X-Api-Key'>: 'a1c9207f79f0e57ddc454bf1e16dbe49'}
23:03:57 [DEBUG] Sending GET https://api.starknet.extended.exchange/api/v1/user/positions?
23:03:57 [INFO] Lighter: Found 1 open positions
23:03:57 [DEBUG] ✅ ENA-USD verified: No existing positions on exchanges
23:03:57 [DEBUG] Skip ENA-USD: Min Req $25.00 > Max Config $20.0
23:03:57 [DEBUG] Create Order Send Tx Response: code=200 message='{"ratelimit": "didn\'t use volume quota"}' tx_hash='be9bd5635380c45c9dd58bf787ba93a7aa8c8fe72778b19719f717251956a5d6b1ad39160d40f989' predicted_execution_time_ms=1764540231547 additional_properties={}
23:03:57 [INFO] Lighter Order: be9bd5635380c45c9dd58bf787ba93a7aa8c8fe72778b19719f717251956a5d6b1ad39160d40f989
23:03:57 [INFO]  X10 Order: 1995252460646862848
23:03:57 [INFO] ✅ [PARALLEL] AAVE-USD: Both legs filled in 312ms
23:03:57 [DEBUG] 📝 Trade added to state: AAVE-USD
23:03:57 [DEBUG] 📝 Flushed 1 writes
23:03:57 [DEBUG] 📝 Flushed 1 writes in 0.0ms
23:03:58 [INFO] ✅ Launched 3 trade tasks this cycle
23:03:58 [INFO] Lighter: Found 2 open positions
23:03:58 [DEBUG] ✅ UNI-USD verified: No existing positions on exchanges
23:03:58 [DEBUG] Sending GET https://api.starknet.extended.exchange/api/v1/user/balance
23:03:58 [DEBUG] Using cached positions (age: 1.7s)
23:03:58 [INFO] 🔍 DEBUG AAVE-USD: entry_time type=<class 'str'>, value=2025-11-30T22:03:57.973768+00:00
23:03:58 [DEBUG] Check AAVE-USD: Age=0.7s (Limit=60s)
23:03:58 [INFO] 🔍 DEBUG AERO-USD: entry_time type=<class 'str'>, value=2025-11-30T22:03:56.550937+00:00
23:03:58 [DEBUG] Check AERO-USD: Age=2.1s (Limit=60s)
23:03:59 [DEBUG] Lighter Balance: Raw=$300.58, Safe=$285.55
23:03:59 [INFO] 🎰 KELLY UNI-USD: win_rate=80.0%, kelly_fraction=0.6000, safe_fraction=0.0500, confidence=LOW, samples=0
23:03:59 [INFO] 📊 KELLY SIZE UNI-USD: base=$30.0, kelly_recommended=$14.3, final=$30.0
23:03:59 [INFO] 🚀 Opening UNI-USD: Size=$30.0 (Min=$11.0)
23:03:59 [INFO] 🔄 [PARALLEL] UNI-USD: Lighter POST-ONLY first
23:03:59 [INFO] 🚀 LIGHTER OPEN UNI-USD: side=SELL, size_usd=$30.00, price=$6.146500
23:03:59 [INFO] 🔄 [PARALLEL] UNI-USD: X10 MARKET order
23:03:59 [DEBUG] Create Order Tx Info: {"AccountIndex":60113,"ApiKeyIndex":3,"MarketIndex":30,"ClientOrderIndex":1764540302987,"BaseAmount":492,"Price":61096,"IsAsk":1,"Type":0,"TimeInForce":1,"ReduceOnly":0,"TriggerPrice":0,"OrderExpiry":1766959439441,"ExpiredAt":1764540838441,"Nonce":1846,"Sig":"7/40MC3Ver5UKwAvdW1/LtyjCNDI9FLZlUUGAZ4Ca8tHF8vEh+k5RwXaKCgQGTmfVZ4wmwpu8o4m/sUzW40c0+MXxG6dZTWpGRZr803hjQo="}
23:03:59 [DEBUG] Placing an order: id=3019119960428965021400508227885038820227419353741813660681973647190535238256
23:03:59 [DEBUG] Sending POST https://api.starknet.extended.exchange/api/v1/user/order, headers={<RequestHeader.ACCEPT: 'Accept'>: 'application/json', <RequestHeader.CONTENT_TYPE: 'Content-Type'>: 'application/json', <RequestHeader.USER_AGENT: 'User-Agent'>: 'X10PythonTradingClient/0.0.17', <RequestHeader.API_KEY: 'X-Api-Key'>: 'a1c9207f79f0e57ddc454bf1e16dbe49'}
23:03:59 [DEBUG] Using cached positions (age: 2.7s)
23:03:59 [INFO] 🔍 DEBUG AAVE-USD: entry_time type=<class 'str'>, value=2025-11-30T22:03:57.973768+00:00
23:03:59 [DEBUG] Check AAVE-USD: Age=1.7s (Limit=60s)
23:03:59 [INFO] 🔍 DEBUG AERO-USD: entry_time type=<class 'str'>, value=2025-11-30T22:03:56.550937+00:00
23:03:59 [DEBUG] Check AERO-USD: Age=3.1s (Limit=60s)
23:03:59 [DEBUG] Create Order Send Tx Response: code=200 message='{"ratelimit": "didn\'t use volume quota"}' tx_hash='400011b12780c9cb30250cde61fe125854ba1cb999f5669fef1652a2b35d44988f04945053625fc2' predicted_execution_time_ms=1764540233309 additional_properties={}
23:03:59 [INFO] Lighter Order: 400011b12780c9cb30250cde61fe125854ba1cb999f5669fef1652a2b35d44988f04945053625fc2
23:03:59 [INFO]  X10 Order: 1995252468045008896
23:03:59 [INFO] ✅ [PARALLEL] UNI-USD: Both legs filled in 297ms
23:03:59 [DEBUG] 📝 Trade added to state: UNI-USD
23:03:59 [DEBUG] 📝 Flushed 1 writes
23:03:59 [DEBUG] 📝 Flushed 1 writes in 0.0ms
23:03:59 [DEBUG] ✅ ARB-USD: X10=$249,731, Lighter=$12,886,081, Total=$13,135,812
23:04:00 [DEBUG] Using cached positions (age: 3.7s)
23:04:00 [INFO] 🔍 DEBUG AAVE-USD: entry_time type=<class 'str'>, value=2025-11-30T22:03:57.973768+00:00
23:04:00 [DEBUG] Check AAVE-USD: Age=2.7s (Limit=60s)
23:04:00 [INFO] 🔍 DEBUG AERO-USD: entry_time type=<class 'str'>, value=2025-11-30T22:03:56.550937+00:00
23:04:00 [DEBUG] Check AERO-USD: Age=4.1s (Limit=60s)
23:04:00 [INFO] 🔍 DEBUG UNI-USD: entry_time type=<class 'str'>, value=2025-11-30T22:03:59.738564+00:00
23:04:00 [DEBUG] Check UNI-USD: Age=0.9s (Limit=60s)
23:04:01 [DEBUG] MAX_OPEN_TRADES (3) reached, waiting...
23:04:01 [DEBUG] Using cached positions (age: 4.7s)
23:04:01 [INFO] 🔍 DEBUG AAVE-USD: entry_time type=<class 'str'>, value=2025-11-30T22:03:57.973768+00:00
23:04:01 [DEBUG] Check AAVE-USD: Age=3.7s (Limit=60s)
23:04:01 [INFO] 🔍 DEBUG AERO-USD: entry_time type=<class 'str'>, value=2025-11-30T22:03:56.550937+00:00
23:04:01 [DEBUG] Check AERO-USD: Age=5.1s (Limit=60s)
23:04:01 [INFO] 🔍 DEBUG UNI-USD: entry_time type=<class 'str'>, value=2025-11-30T22:03:59.738564+00:00
23:04:01 [DEBUG] Check UNI-USD: Age=1.9s (Limit=60s)
23:04:02 [DEBUG] Fetching fresh positions (force=False, cache_age=5.7s)
23:04:02 [DEBUG] Sending GET https://api.starknet.extended.exchange/api/v1/user/positions?
23:04:03 [INFO] Lighter: Found 3 open positions
23:04:03 [INFO] 📊 Positions: X10=3, Lighter=3
23:04:03 [DEBUG] X10 positions: ['AERO-USD', 'AAVE-USD', 'UNI-USD']
23:04:03 [DEBUG] Lighter positions: ['AAVE-USD', 'UNI-USD', 'AERO-USD']
23:04:03 [INFO] 🔍 DEBUG AAVE-USD: entry_time type=<class 'str'>, value=2025-11-30T22:03:57.973768+00:00
23:04:03 [DEBUG] Check AAVE-USD: Age=5.1s (Limit=60s)
23:04:03 [INFO] 🔍 DEBUG AERO-USD: entry_time type=<class 'str'>, value=2025-11-30T22:03:56.550937+00:00
23:04:03 [DEBUG] Check AERO-USD: Age=6.5s (Limit=60s)
23:04:03 [INFO] 🔍 DEBUG UNI-USD: entry_time type=<class 'str'>, value=2025-11-30T22:03:59.738564+00:00
23:04:03 [DEBUG] Check UNI-USD: Age=3.3s (Limit=60s)
23:04:04 [DEBUG] Using cached positions (age: 1.4s)
23:04:04 [INFO] 🔍 DEBUG AAVE-USD: entry_time type=<class 'str'>, value=2025-11-30T22:03:57.973768+00:00
23:04:04 [DEBUG] Check AAVE-USD: Age=6.1s (Limit=60s)
23:04:04 [INFO] 🔍 DEBUG AERO-USD: entry_time type=<class 'str'>, value=2025-11-30T22:03:56.550937+00:00
23:04:04 [DEBUG] Check AERO-USD: Age=7.5s (Limit=60s)
23:04:04 [INFO] 🔍 DEBUG UNI-USD: entry_time type=<class 'str'>, value=2025-11-30T22:03:59.738564+00:00
23:04:04 [DEBUG] Check UNI-USD: Age=4.3s (Limit=60s)
23:04:04 [DEBUG] MAX_OPEN_TRADES (3) reached, waiting...
23:04:05 [DEBUG] Using cached positions (age: 2.5s)
23:04:05 [INFO] 🔍 DEBUG AAVE-USD: entry_time type=<class 'str'>, value=2025-11-30T22:03:57.973768+00:00
23:04:05 [DEBUG] Check AAVE-USD: Age=7.1s (Limit=60s)
23:04:05 [INFO] 🔍 DEBUG AERO-USD: entry_time type=<class 'str'>, value=2025-11-30T22:03:56.550937+00:00
23:04:05 [DEBUG] Check AERO-USD: Age=8.5s (Limit=60s)
23:04:05 [INFO] 🔍 DEBUG UNI-USD: entry_time type=<class 'str'>, value=2025-11-30T22:03:59.738564+00:00
23:04:05 [DEBUG] Check UNI-USD: Age=5.3s (Limit=60s)
23:04:05 [DEBUG] ✅ ETH-USD: X10=$11,254,136, Lighter=$0, Total=$11,254,136
23:04:05 [DEBUG] 💓 [lighter] Ping/Pong OK
23:04:06 [DEBUG] Using cached positions (age: 3.5s)
23:04:06 [INFO] 🔍 DEBUG AAVE-USD: entry_time type=<class 'str'>, value=2025-11-30T22:03:57.973768+00:00
23:04:06 [DEBUG] Check AAVE-USD: Age=8.1s (Limit=60s)
23:04:06 [INFO] 🔍 DEBUG AERO-USD: entry_time type=<class 'str'>, value=2025-11-30T22:03:56.550937+00:00
23:04:06 [DEBUG] Check AERO-USD: Age=9.5s (Limit=60s)
23:04:06 [INFO] 🔍 DEBUG UNI-USD: entry_time type=<class 'str'>, value=2025-11-30T22:03:59.738564+00:00
23:04:06 [DEBUG] Check UNI-USD: Age=6.3s (Limit=60s)
23:04:07 [DEBUG] Using cached positions (age: 4.5s)
23:04:07 [INFO] 🔍 DEBUG AAVE-USD: entry_time type=<class 'str'>, value=2025-11-30T22:03:57.973768+00:00
23:04:07 [DEBUG] Check AAVE-USD: Age=9.1s (Limit=60s)
23:04:07 [INFO] 🔍 DEBUG AERO-USD: entry_time type=<class 'str'>, value=2025-11-30T22:03:56.550937+00:00
23:04:07 [DEBUG] Check AERO-USD: Age=10.5s (Limit=60s)
23:04:07 [INFO] 🔍 DEBUG UNI-USD: entry_time type=<class 'str'>, value=2025-11-30T22:03:59.738564+00:00
23:04:07 [DEBUG] Check UNI-USD: Age=7.3s (Limit=60s)
23:04:07 [DEBUG] MAX_OPEN_TRADES (3) reached, waiting...
23:04:07 [WARNING] [x10] Connection closed: 1011 Ping timeout
23:04:07 [ERROR] [x10] Send error: received 1011 (internal error) Ping timeout; then sent 1011 (internal error) Ping timeout
23:04:07 [DEBUG] 💓 [x10] App-Ping sent
23:04:07 [INFO] 🔄 [x10] Reconnecting in 1.0s (attempt 1)
23:04:08 [DEBUG] Fetching fresh positions (force=False, cache_age=5.5s)
23:04:08 [DEBUG] Sending GET https://api.starknet.extended.exchange/api/v1/user/positions?
23:04:08 [INFO] Lighter: Found 3 open positions
23:04:08 [INFO] 📊 Positions: X10=3, Lighter=3
23:04:08 [DEBUG] X10 positions: ['AERO-USD', 'AAVE-USD', 'UNI-USD']
23:04:08 [DEBUG] Lighter positions: ['AAVE-USD', 'UNI-USD', 'AERO-USD']
23:04:08 [INFO] 🔍 DEBUG AAVE-USD: entry_time type=<class 'str'>, value=2025-11-30T22:03:57.973768+00:00
23:04:08 [DEBUG] Check AAVE-USD: Age=10.6s (Limit=60s)
23:04:08 [INFO] 🔍 DEBUG AERO-USD: entry_time type=<class 'str'>, value=2025-11-30T22:03:56.550937+00:00
23:04:08 [DEBUG] Check AERO-USD: Age=12.0s (Limit=60s)
23:04:08 [INFO] 🔍 DEBUG UNI-USD: entry_time type=<class 'str'>, value=2025-11-30T22:03:59.738564+00:00
23:04:08 [DEBUG] Check UNI-USD: Age=8.8s (Limit=60s)
23:04:09 [DEBUG] ✅ PENGU-USD: X10=$185,963, Lighter=$86,191,329, Total=$86,377,292
23:04:09 [INFO] ✅ [x10] Connected to wss://api.starknet.extended.exchange/stream.extended.exchange/v1/account
23:04:09 [DEBUG] [x10] Subscribed to funding/UNI/USD
23:04:09 [DEBUG] [x10] Subscribed to funding/ADA/USD
23:04:09 [DEBUG] Using cached positions (age: 1.5s)
23:04:09 [INFO] 🔍 DEBUG AAVE-USD: entry_time type=<class 'str'>, value=2025-11-30T22:03:57.973768+00:00
23:04:09 [DEBUG] Check AAVE-USD: Age=11.6s (Limit=60s)
23:04:09 [INFO] 🔍 DEBUG AERO-USD: entry_time type=<class 'str'>, value=2025-11-30T22:03:56.550937+00:00
23:04:09 [DEBUG] Check AERO-USD: Age=13.0s (Limit=60s)
23:04:09 [INFO] 🔍 DEBUG UNI-USD: entry_time type=<class 'str'>, value=2025-11-30T22:03:59.738564+00:00
23:04:09 [DEBUG] Check UNI-USD: Age=9.8s (Limit=60s)
23:04:09 [DEBUG] [x10] Subscribed to funding/EDEN/USD
23:04:09 [DEBUG] [x10] Subscribed to publicTrades/LINK/USD
23:04:09 [DEBUG] [x10] Subscribed to funding/ENA/USD
23:04:09 [DEBUG] [x10] Subscribed to funding/PENGU/USD
23:04:10 [DEBUG] [x10] Subscribed to funding/WLFI/USD
23:04:10 [DEBUG] [x10] Subscribed to funding/FARTCOIN/USD
23:04:10 [DEBUG] [x10] Subscribed to funding/ETH/USD
23:04:10 [DEBUG] MAX_OPEN_TRADES (3) reached, waiting...
23:04:10 [DEBUG] [x10] Subscribed to funding/PUMP/USD
23:04:10 [DEBUG] [x10] Subscribed to funding/POPCAT/USD
23:04:10 [DEBUG] [x10] Subscribed to funding/DOGE/USD
23:04:10 [DEBUG] Using cached positions (age: 2.5s)
23:04:10 [INFO] 🔍 DEBUG AAVE-USD: entry_time type=<class 'str'>, value=2025-11-30T22:03:57.973768+00:00
23:04:10 [DEBUG] Check AAVE-USD: Age=12.6s (Limit=60s)
23:04:10 [INFO] 🔍 DEBUG AERO-USD: entry_time type=<class 'str'>, value=2025-11-30T22:03:56.550937+00:00
23:04:10 [DEBUG] Check AERO-USD: Age=14.0s (Limit=60s)
23:04:10 [INFO] 🔍 DEBUG UNI-USD: entry_time type=<class 'str'>, value=2025-11-30T22:03:59.738564+00:00
23:04:10 [DEBUG] Check UNI-USD: Age=10.8s (Limit=60s)
23:04:10 [DEBUG] [x10] Subscribed to publicTrades/MKR/USD
23:04:10 [DEBUG] [x10] Subscribed to publicTrades/DOGE/USD
23:04:10 [DEBUG] [x10] Subscribed to publicTrades/S/USD
23:04:10 [DEBUG] [x10] Subscribed to publicTrades/XAU/USD
23:04:10 [DEBUG] [x10] Subscribed to publicTrades/USDJPY/USD
23:04:11 [DEBUG] [x10] Subscribed to funding/SEI/USD
23:04:11 [DEBUG] [x10] Subscribed to funding/ASTER/USD
23:04:11 [DEBUG] [x10] Subscribed to funding/ARB/USD
23:04:11 [DEBUG] [x10] Subscribed to funding/LINEA/USD
23:04:11 [DEBUG] [x10] Subscribed to funding/LTC/USD
23:04:11 [DEBUG] [x10] Subscribed to funding/XPL/USD
23:04:11 [DEBUG] Using cached positions (age: 3.5s)
23:04:11 [INFO] 🔍 DEBUG AAVE-USD: entry_time type=<class 'str'>, value=2025-11-30T22:03:57.973768+00:00
23:04:11 [DEBUG] Check AAVE-USD: Age=13.6s (Limit=60s)
23:04:11 [INFO] 🔍 DEBUG AERO-USD: entry_time type=<class 'str'>, value=2025-11-30T22:03:56.550937+00:00
23:04:11 [DEBUG] Check AERO-USD: Age=15.0s (Limit=60s)
23:04:11 [INFO] 🔍 DEBUG UNI-USD: entry_time type=<class 'str'>, value=2025-11-30T22:03:59.738564+00:00
23:04:11 [DEBUG] Check UNI-USD: Age=11.8s (Limit=60s)
23:04:11 [DEBUG] [x10] Subscribed to publicTrades/JUP/USD
23:04:11 [DEBUG] [x10] Subscribed to publicTrades/IP/USD
23:04:11 [DEBUG] [x10] Subscribed to funding/RESOLV/USD
23:04:11 [DEBUG] [x10] Subscribed to funding/MNT/USD
23:04:11 [DEBUG] [x10] Subscribed to publicTrades/PENGU/USD
23:04:12 [DEBUG] [x10] Subscribed to funding/WIF/USD
23:04:12 [DEBUG] [x10] Subscribed to funding/XAG/USD
23:04:12 [DEBUG] [x10] Subscribed to funding/BERA/USD
23:04:12 [DEBUG] [x10] Subscribed to publicTrades/AVNT/USD
23:04:12 [DEBUG] [x10] Subscribed to funding/ONDO/USD
23:04:12 [DEBUG] Using cached positions (age: 4.5s)
23:04:12 [INFO] 🔍 DEBUG AAVE-USD: entry_time type=<class 'str'>, value=2025-11-30T22:03:57.973768+00:00
23:04:12 [DEBUG] Check AAVE-USD: Age=14.6s (Limit=60s)
23:04:12 [INFO] 🔍 DEBUG AERO-USD: entry_time type=<class 'str'>, value=2025-11-30T22:03:56.550937+00:00
23:04:12 [DEBUG] Check AERO-USD: Age=16.0s (Limit=60s)
23:04:12 [INFO] 🚜 [FARM] Profit Take AERO-USD: Age=15s, Spread=0.012% (sehr niedrig), PnL=$0.00
23:04:12 [INFO]  💸 EXIT AERO-USD: FARM_QUICK_PROFIT | PnL $0.00 (Fees: $0.00)
23:04:12 [INFO]  🔻 CLOSING AERO-USD (Atomic Smart Close)...
23:04:12 [DEBUG] [x10] Subscribed to publicTrades/APEX/USD
23:04:12 [DEBUG] [x10] Subscribed to funding/NEAR/USD
23:04:12 [DEBUG] [x10] Subscribed to publicTrades/ZEC/USD
23:04:12 [DEBUG] ✅ MKR-USD: X10=$9,283, Lighter=$0, Total=$9,283
23:04:12 [DEBUG] [x10] Subscribed to funding/PENDLE/USD
23:04:12 [DEBUG] [x10] Subscribed to funding/BCH/USD
23:04:12 [INFO] Lighter: Found 3 open positions
23:04:12 [ERROR] ❌ Lighter close failed for AERO-USD: '<' not supported between instances of 'float' and 'str'
23:04:12 [ERROR] ❌ ABBRUCH: Lighter close für AERO-USD fehlgeschlagen!
23:04:12 [ERROR] ⚠️ X10 wird NICHT geschlossen - MANUELLE INTERVENTION ERFORDERLICH!
23:04:12 [INFO] 🔍 DEBUG UNI-USD: entry_time type=<class 'str'>, value=2025-11-30T22:03:59.738564+00:00
23:04:12 [DEBUG] Check UNI-USD: Age=13.3s (Limit=60s)
23:04:13 [DEBUG] [x10] Subscribed to publicTrades/1000PEPE/USD
23:04:13 [DEBUG] [x10] Subscribed to publicTrades/LTC/USD
23:04:13 [DEBUG] MAX_OPEN_TRADES (3) reached, waiting...
23:04:13 [DEBUG] [x10] Subscribed to publicTrades/AERO/USD
23:04:13 [DEBUG] [x10] Subscribed to publicTrades/BNB/USD
23:04:13 [DEBUG] [x10] Subscribed to publicTrades/ADA/USD
23:04:13 [DEBUG] [x10] Subscribed to funding/BNB/USD
23:04:13 [DEBUG] [x10] Subscribed to funding/LINK/USD
23:04:13 [DEBUG] [x10] Subscribed to publicTrades/ARB/USD
23:04:13 [DEBUG] [x10] Subscribed to publicTrades/HYPE/USD
23:04:13 [DEBUG] [x10] Subscribed to publicTrades/DOT/USD
23:04:13 [DEBUG] [x10] Subscribed to funding/AVAX/USD
23:04:13 [DEBUG] Fetching fresh positions (force=False, cache_age=5.9s)
23:04:13 [DEBUG] Sending GET https://api.starknet.extended.exchange/api/v1/user/positions?
23:04:14 [DEBUG] [x10] Subscribed to publicTrades/ONDO/USD
23:04:14 [DEBUG] [x10] Subscribed to publicTrades/LDO/USD
23:04:14 [DEBUG] [x10] Subscribed to publicTrades/CRV/USD
23:04:14 [DEBUG] [x10] Subscribed to publicTrades/SPX/USD
23:04:14 [INFO] Lighter: Found 3 open positions
23:04:14 [INFO] 📊 Positions: X10=3, Lighter=3
23:04:14 [DEBUG] X10 positions: ['AERO-USD', 'AAVE-USD', 'UNI-USD']
23:04:14 [DEBUG] Lighter positions: ['AAVE-USD', 'UNI-USD', 'AERO-USD']
23:04:14 [INFO] 🔍 DEBUG AAVE-USD: entry_time type=<class 'str'>, value=2025-11-30T22:03:57.973768+00:00
23:04:14 [DEBUG] Check AAVE-USD: Age=16.5s (Limit=60s)
23:04:14 [INFO] 🔍 DEBUG AERO-USD: entry_time type=<class 'str'>, value=2025-11-30T22:03:56.550937+00:00
23:04:14 [DEBUG] Check AERO-USD: Age=17.9s (Limit=60s)
23:04:14 [INFO] 🚜 [FARM] Profit Take AERO-USD: Age=17s, Spread=0.012% (sehr niedrig), PnL=$0.00
23:04:14 [INFO]  💸 EXIT AERO-USD: FARM_QUICK_PROFIT | PnL $0.00 (Fees: $0.00)
23:04:14 [INFO]  🔻 CLOSING AERO-USD (Atomic Smart Close)...
23:04:14 [DEBUG] [x10] Subscribed to funding/SUI/USD
23:04:14 [DEBUG] [x10] Subscribed to publicTrades/ETH/USD
23:04:14 [DEBUG] [x10] Subscribed to funding/XRP/USD
23:04:14 [DEBUG] [x10] Subscribed to publicTrades/NEAR/USD
23:04:14 [DEBUG] [x10] Subscribed to publicTrades/WLFI/USD
23:04:14 [INFO] Lighter: Found 3 open positions
23:04:14 [ERROR] ❌ Lighter close failed for AERO-USD: '<' not supported between instances of 'float' and 'str'
23:04:14 [ERROR] ❌ ABBRUCH: Lighter close für AERO-USD fehlgeschlagen!
23:04:14 [ERROR] ⚠️ X10 wird NICHT geschlossen - MANUELLE INTERVENTION ERFORDERLICH!
23:04:14 [INFO] 🔍 DEBUG UNI-USD: entry_time type=<class 'str'>, value=2025-11-30T22:03:59.738564+00:00
23:04:14 [DEBUG] Check UNI-USD: Age=15.1s (Limit=60s)
23:04:14 [INFO] 🚜 [FARM] Profit Take UNI-USD: Age=15s, Spread=0.014% (sehr niedrig), PnL=$-0.00
23:04:14 [INFO]  💸 EXIT UNI-USD: FARM_QUICK_PROFIT | PnL $-0.00 (Fees: $0.00)
23:04:14 [INFO]  🔻 CLOSING UNI-USD (Atomic Smart Close)...
23:04:14 [DEBUG] [x10] Subscribed to funding/1000BONK/USD
23:04:15 [DEBUG] [x10] Subscribed to funding/BTC/USD
23:04:15 [DEBUG] [x10] Subscribed to funding/1000PEPE/USD
23:04:15 [DEBUG] [x10] Subscribed to funding/SPX/USD
23:04:15 [DEBUG] [x10] Subscribed to publicTrades/BERA/USD
23:04:15 [INFO] Lighter: Found 3 open positions
23:04:15 [ERROR] ❌ Lighter close failed for UNI-USD: '<' not supported between instances of 'float' and 'str'
23:04:15 [ERROR] ❌ ABBRUCH: Lighter close für UNI-USD fehlgeschlagen!
23:04:15 [ERROR] ⚠️ X10 wird NICHT geschlossen - MANUELLE INTERVENTION ERFORDERLICH!
23:04:15 [DEBUG] [x10] Subscribed to funding/1000SHIB/USD
23:04:15 [DEBUG] [x10] Subscribed to publicTrades/ZORA/USD
23:04:15 [DEBUG] [x10] Subscribed to funding/WLD/USD
23:04:15 [DEBUG] [x10] Subscribed to publicTrades/XRP/USD
23:04:15 [DEBUG] [x10] Subscribed to funding/GRASS/USD
23:04:15 [DEBUG] [x10] Subscribed to publicTrades/XPL/USD
23:04:15 [DEBUG] [x10] Subscribed to publicTrades/MNT/USD
23:04:16 [DEBUG] [x10] Subscribed to publicTrades/WLD/USD
23:04:16 [DEBUG] [x10] Subscribed to funding/VIRTUAL/USD
23:04:16 [DEBUG] MAX_OPEN_TRADES (3) reached, waiting...
23:04:16 [DEBUG] [x10] Subscribed to publicTrades/FIL/USD
23:04:16 [DEBUG] Using cached positions (age: 2.3s)
23:04:16 [INFO] 🔍 DEBUG AAVE-USD: entry_time type=<class 'str'>, value=2025-11-30T22:03:57.973768+00:00
23:04:16 [DEBUG] Check AAVE-USD: Age=18.3s (Limit=60s)
23:04:16 [INFO] 🔍 DEBUG AERO-USD: entry_time type=<class 'str'>, value=2025-11-30T22:03:56.550937+00:00
23:04:16 [DEBUG] Check AERO-USD: Age=19.7s (Limit=60s)
23:04:16 [INFO] 🔍 DEBUG UNI-USD: entry_time type=<class 'str'>, value=2025-11-30T22:03:59.738564+00:00
23:04:16 [DEBUG] Check UNI-USD: Age=16.6s (Limit=60s)
23:04:16 [INFO] 🚜 [FARM] Profit Take UNI-USD: Age=16s, Spread=0.014% (sehr niedrig), PnL=$-0.00
23:04:16 [INFO]  💸 EXIT UNI-USD: FARM_QUICK_PROFIT | PnL $-0.00 (Fees: $0.00)
23:04:16 [INFO]  🔻 CLOSING UNI-USD (Atomic Smart Close)...
23:04:16 [DEBUG] [x10] Subscribed to funding/OP/USD
23:04:16 [DEBUG] [x10] Subscribed to publicTrades/TRX/USD
23:04:16 [DEBUG] [x10] Subscribed to publicTrades/BTC/USD
23:04:16 [DEBUG] ✅ CRV-USD: X10=$199,936, Lighter=$2,172,512, Total=$2,372,448
23:04:16 [DEBUG] [x10] Subscribed to funding/XAU/USD
23:04:16 [DEBUG] [x10] Subscribed to publicTrades/EIGEN/USD
23:04:16 [INFO] Lighter: Found 3 open positions
23:04:16 [ERROR] ❌ Lighter close failed for UNI-USD: '<' not supported between instances of 'float' and 'str'
23:04:16 [ERROR] ❌ ABBRUCH: Lighter close für UNI-USD fehlgeschlagen!
23:04:16 [ERROR] ⚠️ X10 wird NICHT geschlossen - MANUELLE INTERVENTION ERFORDERLICH!
23:04:16 [DEBUG] [x10] Subscribed to funding/IP/USD
23:04:16 [DEBUG] [x10] Subscribed to funding/KAITO/USD
23:04:16 [DEBUG] [x10] Subscribed to publicTrades/LINEA/USD
23:04:17 [DEBUG] [x10] Subscribed to funding/USDJPY/USD
23:04:17 [DEBUG] [x10] Subscribed to publicTrades/RESOLV/USD
23:04:17 [DEBUG] [x10] Subscribed to publicTrades/SUI/USD
23:04:17 [DEBUG] [x10] Subscribed to publicTrades/OP/USD
23:04:17 [DEBUG] [x10] Subscribed to publicTrades/POPCAT/USD
23:04:17 [DEBUG] [x10] Subscribed to funding/AAVE/USD
23:04:17 [DEBUG] [x10] Subscribed to publicTrades/TRUMP/USD
23:04:17 [DEBUG] [x10] Subscribed to publicTrades/PUMP/USD
23:04:17 [DEBUG] Using cached positions (age: 3.7s)
23:04:17 [INFO] 🔍 DEBUG AAVE-USD: entry_time type=<class 'str'>, value=2025-11-30T22:03:57.973768+00:00
23:04:17 [DEBUG] Check AAVE-USD: Age=19.8s (Limit=60s)
23:04:17 [INFO] 🔍 DEBUG AERO-USD: entry_time type=<class 'str'>, value=2025-11-30T22:03:56.550937+00:00
23:04:17 [DEBUG] Check AERO-USD: Age=21.2s (Limit=60s)
23:04:17 [INFO] 🔍 DEBUG UNI-USD: entry_time type=<class 'str'>, value=2025-11-30T22:03:59.738564+00:00
23:04:17 [DEBUG] Check UNI-USD: Age=18.0s (Limit=60s)
23:04:17 [INFO] 🚜 [FARM] Profit Take UNI-USD: Age=18s, Spread=0.014% (sehr niedrig), PnL=$-0.00
23:04:17 [INFO]  💸 EXIT UNI-USD: FARM_QUICK_PROFIT | PnL $-0.00 (Fees: $0.00)
23:04:17 [INFO]  🔻 CLOSING UNI-USD (Atomic Smart Close)...
23:04:17 [DEBUG] [x10] Subscribed to publicTrades/MON/USD
23:04:17 [DEBUG] [x10] Subscribed to funding/SOL/USD
23:04:18 [DEBUG] [x10] Subscribed to publicTrades/ZRO/USD
23:04:18 [DEBUG] [x10] Subscribed to publicTrades/VIRTUAL/USD
23:04:18 [INFO] Lighter: Found 3 open positions
23:04:18 [ERROR] ❌ Lighter close failed for UNI-USD: '<' not supported between instances of 'float' and 'str'
23:04:18 [ERROR] ❌ ABBRUCH: Lighter close für UNI-USD fehlgeschlagen!
23:04:18 [ERROR] ⚠️ X10 wird NICHT geschlossen - MANUELLE INTERVENTION ERFORDERLICH!
23:04:18 [DEBUG] [x10] Subscribed to publicTrades/ENA/USD
23:04:18 [DEBUG] [x10] Subscribed to funding/CRV/USD
23:04:18 [DEBUG] [x10] Subscribed to funding/EIGEN/USD
23:04:18 [DEBUG] [x10] Subscribed to funding/MON/USD
23:04:18 [DEBUG] [x10] Subscribed to publicTrades/FARTCOIN/USD
23:04:18 [DEBUG] [x10] Subscribed to funding/HYPE/USD
23:04:18 [DEBUG] [x10] Subscribed to publicTrades/BCH/USD
23:04:18 [DEBUG] [x10] Subscribed to publicTrades/1000BONK/USD
23:04:18 [DEBUG] [x10] Subscribed to funding/ZEC/USD
23:04:19 [DEBUG] [x10] Subscribed to publicTrades/UNI/USD
23:04:19 [DEBUG] [x10] Subscribed to funding/TIA/USD
23:04:19 [DEBUG] Fetching fresh positions (force=False, cache_age=5.2s)
23:04:19 [DEBUG] Sending GET https://api.starknet.extended.exchange/api/v1/user/positions?
23:04:19 [DEBUG] MAX_OPEN_TRADES (3) reached, waiting...
23:04:19 [DEBUG] [x10] Subscribed to publicTrades/ASTER/USD
23:04:19 [DEBUG] [x10] Subscribed to publicTrades/XAG/USD
23:04:19 [DEBUG] [x10] Subscribed to publicTrades/SEI/USD
23:04:19 [DEBUG] [x10] Subscribed to funding/DOT/USD
23:04:19 [DEBUG] [x10] Subscribed to publicTrades/APT/USD
23:04:19 [INFO] Lighter: Found 3 open positions
23:04:19 [INFO] 📊 Positions: X10=3, Lighter=3
23:04:19 [DEBUG] X10 positions: ['AERO-USD', 'AAVE-USD', 'UNI-USD']
23:04:19 [DEBUG] Lighter positions: ['AAVE-USD', 'UNI-USD', 'AERO-USD']
23:04:19 [INFO] 🔍 DEBUG AAVE-USD: entry_time type=<class 'str'>, value=2025-11-30T22:03:57.973768+00:00
23:04:19 [DEBUG] Check AAVE-USD: Age=21.7s (Limit=60s)
23:04:19 [INFO] 🔍 DEBUG AERO-USD: entry_time type=<class 'str'>, value=2025-11-30T22:03:56.550937+00:00
23:04:19 [DEBUG] Check AERO-USD: Age=23.1s (Limit=60s)
23:04:19 [INFO] 🔍 DEBUG UNI-USD: entry_time type=<class 'str'>, value=2025-11-30T22:03:59.738564+00:00
23:04:19 [DEBUG] Check UNI-USD: Age=19.9s (Limit=60s)
23:04:19 [INFO] 🚜 [FARM] Profit Take UNI-USD: Age=19s, Spread=0.007% (sehr niedrig), PnL=$-0.00
23:04:19 [INFO]  💸 EXIT UNI-USD: FARM_QUICK_PROFIT | PnL $-0.00 (Fees: $0.00)
23:04:19 [INFO]  🔻 CLOSING UNI-USD (Atomic Smart Close)...
23:04:19 [DEBUG] [x10] Subscribed to funding/STRK/USD
23:04:19 [DEBUG] [x10] Subscribed to publicTrades/AVAX/USD
23:04:19 [DEBUG] [x10] Subscribed to funding/LDO/USD
23:04:19 [DEBUG] [x10] Subscribed to publicTrades/MEGA/USD
23:04:20 [WARNING] 🛑 Received SIGINT, initiating graceful shutdown...
23:04:20 [INFO] 🛑 Shutting down...
23:04:20 [INFO] 🛑 Initiating graceful shutdown...
23:04:20 [INFO] 🔍 Supervisor loop stopped
23:04:20 [INFO] 🛑 Cancelling logic_loop...
23:04:20 [INFO] 🛑 Cancelling trade_management_loop...
23:04:20 [INFO] 🛑 Cancelling farm_loop...
23:04:20 [INFO] 🛑 Cancelling maintenance_loop...
23:04:20 [INFO] 🛑 Cancelling cleanup_finished_tasks...
23:04:20 [INFO] 🛑 Cancelling health_reporter...
23:04:20 [INFO] 🛑 Cancelling connection_watchdog...
23:04:20 [INFO] Logic loop cancelled
23:04:20 [INFO] Connection watchdog cancelled
23:04:20 [INFO] ✅ All tasks stopped
23:04:20 [INFO] 🛑 Rollback processor: Shutdown signal received
23:04:20 [INFO] ✅ ParallelExecutionManager: Stopped
23:04:20 [DEBUG] ✅ ENA-USD: X10=$187,131, Lighter=$16,131,297, Total=$16,318,428
23:04:24 [WARNING] 🛑 Received SIGINT, initiating graceful shutdown...
23:04:25 [INFO] 🔌 [x10] WebSocket stopped
23:04:25 [INFO] 🔌 [lighter] WebSocket stopped
23:04:25 [INFO] ✅ WebSocketManager stopped
23:04:25 [INFO] ✅ OpenInterestTracker stopped
23:04:25 [INFO] 🛑 Stopping InMemoryStateManager...
23:04:25 [INFO] 📝 State writer loop stopped
23:04:25 [INFO] ✅ InMemoryStateManager stopped
23:04:25 [INFO] 🔒 Closing database...
23:04:25 [INFO] 🖊️ Database write loop stopped
23:04:25 [INFO] ✅ Database closed
23:04:25 [INFO] ✅ X10 Adapter geschlossen.
23:04:25 [INFO] ✅ Lighter Adapter closed
23:04:25 [INFO] ✅ Bot V5 shutdown complete
