19:54:55 [INFO]  CONFIG VALIDIERUNG abgeschlossen.
19:54:55 [INFO] 🔥 BOT V5 (Architected) STARTING...
19:54:55 [INFO] 🚀 Starting InMemoryStateManager...
19:54:55 [INFO] 📂 Initializing database: data/trades.db
19:54:55 [INFO] ✅ Read pool created: 5 connections
19:54:55 [INFO] ✅ WAL mode enabled
19:54:55 [INFO] 🔄 Running database migrations...
19:54:55 [INFO] ✅ Migrations complete (11 statements)
19:54:55 [INFO] ✅ Database initialized
19:54:55 [INFO] 🖊️ Database write loop started
19:54:55 [INFO] 📂 Loaded 3 trades from database
19:54:55 [INFO] ✅ InMemoryStateManager started (loaded 3 trades)
19:54:55 [INFO] ✅ State Manager started
19:54:55 [INFO]  Telegram Bot disabled (Token/ChatID missing).
19:54:55 [INFO] ✅ Async database initialized
19:54:55 [INFO] 📝 State writer loop started
19:54:55 [DEBUG] ✅ Database schema up to date
19:54:55 [INFO] Initialisiere X10 Adapter...
19:54:55 [INFO]  X10 Account initialisiert.
19:54:55 [INFO] Initialisiere Lighter Adapter...
19:54:55 [INFO] 📊 Loading Market Data via REST...
19:54:55 [DEBUG] Sending GET https://api.starknet.extended.exchange/api/v1/info/markets?
19:54:57 [WARNING] ⚠️ Skipping ETH-USD: market_id=None (parsed=-1) invalid or >254
19:54:57 [INFO] ✅ Lighter: Loaded 115 markets (base data)
19:54:57 [DEBUG] Starting new HTTPS connection (1): mainnet.zklighter.elliot.ai:443
19:54:58 [DEBUG] https://mainnet.zklighter.elliot.ai:443 "GET /api/v1/nextNonce?account_index=60113&api_key_index=3 HTTP/1.1" 200 25
19:54:58 [INFO]  X10: 91 Märkte geladen, 91 Funding Rates, 78 Preise
19:54:59 [INFO] ✅ Lighter: Updated 115 markets with size_decimals from API
19:54:59 [INFO] 📊 MARKET ADA-USD: size_decimals=1, price_decimals=5, min_base_amount=10.0
19:54:59 [INFO] 📊 MARKET SEI-USD: size_decimals=1, price_decimals=5, min_base_amount=50.0
19:54:59 [INFO] 📊 MARKET RESOLV-USD: size_decimals=0, price_decimals=6, min_base_amount=40.0
19:54:59 [INFO] 📊 MARKET TIA-USD: size_decimals=1, price_decimals=5, min_base_amount=3.0
19:54:59 [INFO] ✅ Markets loaded: X10=91, Lighter=115
19:54:59 [INFO] 📈 Pre-loading Lighter prices...
19:55:00 [DEBUG] Lighter: Loaded 379 funding rates
19:55:00 [DEBUG] Lighter: Loaded 115 prices via REST
19:55:00 [INFO] ✅ Lighter prices loaded: 115 symbols
19:55:00 [INFO] FundingPredictorV2 initialized with BTC Correlation
19:55:00 [INFO] 启动 OI Tracker für 67 Symbole...
19:55:00 [INFO] ✅ OpenInterestTracker started (interval=30.0s)
19:55:00 [INFO] 🌐 Starting WebSocket Manager...
19:55:00 [INFO] 📊 OI Tracker: Starting cycle 1 (67 symbols)
19:55:00 [INFO] 🔌 [lighter] WebSocket manager started
19:55:00 [INFO] 🔌 [x10] WebSocket manager started
19:55:00 [INFO] 🔌 [lighter] Connecting with kwargs: {'close_timeout': 5.0, 'max_size': 4194304, 'ping_interval': 20.0, 'ping_timeout': 10.0}
19:55:00 [INFO] 🔌 [x10] Connecting with kwargs: {'close_timeout': 5.0, 'max_size': 4194304, 'ping_interval': 19.0, 'additional_headers': {'X-Api-Key': 'a1c9207f79f0e57ddc454bf1e16dbe49', 'User-Agent': 'X10PythonTradingClient/0.4.5'}}
19:55:00 [INFO] ✅ WebSocketManager started
19:55:01 [DEBUG] ✅ XPL-USD: X10=$221,523, Lighter=$16,574,974, Total=$16,796,497
19:55:01 [INFO] ✅ [lighter] Connected to wss://mainnet.zklighter.elliot.ai/stream
19:55:01 [INFO] ✅ [lighter] Keepalive enabled: ping_interval=20.0s, ping_timeout=10.0s
19:55:01 [INFO] [lighter] Resubscribing to 73 channels (paced)...
19:55:01 [INFO] [lighter] Receive loop started (async iterator)
19:55:01 [DEBUG] 💓 [lighter] Heartbeat monitor started (library handles ping/pong)
19:55:01 [DEBUG] [lighter] Subscribed to order_book/93
19:55:01 [DEBUG] [lighter] Subscribed to trade/93
19:55:01 [INFO] ✅ [x10] Connected to wss://api.starknet.extended.exchange/stream.extended.exchange/v1/account
19:55:01 [INFO] ✅ [x10] Keepalive enabled: ping_interval=19.0s, ping_timeout=None (auto-pong)
19:55:02 [INFO] [x10] Receive loop started (async iterator)
19:55:02 [DEBUG] [x10] RAW MSG: {"type":"ORDER","data":{"isSnapshot":true,"orders":[]},"ts":1764701693412,"seq":1}
19:55:02 [DEBUG] 💓 [x10] Heartbeat monitor started (library handles ping/pong)
19:55:02 [DEBUG] [x10] RAW MSG: {"type":"POSITION","data":{"isSnapshot":true,"positions":[]},"ts":1764701693412,"seq":2}
19:55:02 [DEBUG] [x10] RAW MSG: {"type":"BALANCE","data":{"isSnapshot":true,"balance":{"collateralName":"USD","balance":"301.959784"
19:55:02 [DEBUG] [lighter] Subscribed to order_book/32
19:55:02 [DEBUG] [lighter] Subscribed to trade/32
19:55:02 [DEBUG] [lighter] Subscribed to order_book/63
19:55:02 [DEBUG] [lighter] Subscribed to trade/63
19:55:02 [DEBUG] [lighter] Subscribed to order_book/5
19:55:02 [DEBUG] [lighter] Subscribed to trade/5
19:55:02 [DEBUG] [lighter] Subscribed to order_book/38
19:55:02 [DEBUG] [lighter] Subscribed to trade/38
19:55:02 [DEBUG] [lighter] Subscribed to order_book/16
19:55:02 [DEBUG] [lighter] Subscribed to trade/16
19:55:02 [DEBUG] [lighter] Subscribed to order_book/11
19:55:02 [DEBUG] [lighter] Subscribed to trade/11
19:55:02 [DEBUG] [lighter] Subscribed to order_book/45
19:55:02 [DEBUG] [lighter] Subscribed to trade/45
19:55:02 [DEBUG] [lighter] Subscribed to order_book/23
19:55:02 [DEBUG] [lighter] Subscribed to trade/23
19:55:02 [DEBUG] [lighter] Subscribed to order_book/27
19:55:02 [DEBUG] [lighter] Subscribed to trade/27
19:55:02 [DEBUG] [lighter] Subscribed to order_book/29
19:55:02 [DEBUG] [lighter] Subscribed to trade/29
19:55:02 [DEBUG] [lighter] Subscribed to order_book/52
19:55:02 [DEBUG] [lighter] Subscribed to trade/52
19:55:02 [DEBUG] [lighter] Subscribed to order_book/13
19:55:02 [DEBUG] [lighter] Subscribed to trade/13
19:55:02 [DEBUG] [lighter] Subscribed to order_book/40
19:55:02 [DEBUG] [lighter] Subscribed to trade/40
19:55:02 [DEBUG] [lighter] Subscribed to order_book/41
19:55:02 [DEBUG] [lighter] Subscribed to trade/41
19:55:02 [DEBUG] [lighter] Subscribed to order_book/6
19:55:02 [DEBUG] [lighter] Subscribed to trade/6
19:55:02 [DEBUG] [lighter] Subscribed to order_book/60
19:55:02 [DEBUG] [lighter] Subscribed to trade/60
19:55:02 [DEBUG] [lighter] Subscribed to order_book/21
19:55:02 [DEBUG] [lighter] Subscribed to trade/21
19:55:02 [DEBUG] [lighter] Subscribed to order_book/76
19:55:02 [DEBUG] [lighter] Subscribed to trade/76
19:55:02 [DEBUG] [lighter] Subscribed to order_book/51
19:55:02 [DEBUG] [lighter] Subscribed to trade/51
19:55:02 [DEBUG] [lighter] Subscribed to order_book/91
19:55:02 [DEBUG] [lighter] Subscribed to trade/91
19:55:02 [DEBUG] [lighter] Subscribed to order_book/9
19:55:02 [DEBUG] [lighter] Subscribed to trade/9
19:55:02 [DEBUG] [lighter] Subscribed to order_book/90
19:55:02 [DEBUG] [lighter] Subscribed to trade/90
19:55:02 [DEBUG] [lighter] Subscribed to order_book/92
19:55:02 [DEBUG] [lighter] Subscribed to trade/92
19:55:02 [DEBUG] [lighter] Subscribed to order_book/34
19:55:02 [DEBUG] [lighter] Subscribed to trade/34
19:55:02 [DEBUG] [lighter] Subscribed to order_book/72
19:55:02 [DEBUG] [lighter] Subscribed to trade/72
19:55:02 [DEBUG] [lighter] Subscribed to order_book/15
19:55:02 [DEBUG] [lighter] Subscribed to trade/15
19:55:02 [DEBUG] [lighter] Subscribed to order_book/71
19:55:02 [DEBUG] [lighter] Subscribed to trade/71
19:55:02 [DEBUG] [lighter] Subscribed to order_book/18
19:55:02 [DEBUG] [lighter] Subscribed to trade/18
19:55:02 [DEBUG] [lighter] Subscribed to order_book/36
19:55:02 [DEBUG] [lighter] Subscribed to trade/36
19:55:02 [DEBUG] [lighter] Subscribed to order_book/67
19:55:02 [DEBUG] [lighter] Subscribed to trade/67
19:55:02 [INFO] [x10] Subscribing to 134 channels (paced to allow ping/pong)...
19:55:02 [DEBUG] [x10] Subscribed to publicTrades/KAITO/USD
19:55:02 [DEBUG] [x10] Subscribed to funding/KAITO/USD
19:55:02 [DEBUG] [x10] Subscribed to publicTrades/SPX/USD
19:55:02 [DEBUG] [x10] Subscribed to funding/SPX/USD
19:55:02 [DEBUG] [x10] Subscribed to publicTrades/ASTER/USD
19:55:03 [DEBUG] [x10] Subscribed to funding/ASTER/USD
19:55:03 [DEBUG] [x10] Subscribed to publicTrades/1000PEPE/USD
19:55:03 [DEBUG] [x10] Subscribed to funding/1000PEPE/USD
19:55:03 [DEBUG] [x10] Subscribed to publicTrades/BERA/USD
19:55:03 [DEBUG] [x10] Subscribed to funding/BERA/USD
19:55:03 [DEBUG] [x10] Subscribed to publicTrades/APT/USD
19:55:03 [DEBUG] [x10] Subscribed to funding/APT/USD
19:55:03 [DEBUG] [x10] Subscribed to publicTrades/EDEN/USD
19:55:03 [DEBUG] [x10] Subscribed to funding/EDEN/USD
19:55:03 [DEBUG] [x10] Subscribed to publicTrades/XRP/USD
19:55:03 [DEBUG] [x10] Subscribed to funding/XRP/USD
19:55:03 [DEBUG] [x10] Subscribed to publicTrades/AVNT/USD
19:55:03 [DEBUG] [x10] Subscribed to funding/AVNT/USD
19:55:03 [DEBUG] [x10] Subscribed to publicTrades/TRX/USD
19:55:03 [DEBUG] [x10] Subscribed to funding/TRX/USD
19:55:03 [DEBUG] [x10] Subscribed to publicTrades/BTC/USD
19:55:03 [DEBUG] [x10] Subscribed to funding/BTC/USD
19:55:03 [DEBUG] [x10] Subscribed to publicTrades/LTC/USD
19:55:03 [DEBUG] [x10] Subscribed to funding/LTC/USD
19:55:03 [DEBUG] [x10] Subscribed to publicTrades/ZORA/USD
19:55:04 [DEBUG] [x10] Subscribed to funding/ZORA/USD
19:55:04 [DEBUG] [x10] Subscribed to publicTrades/SOL/USD
19:55:04 [DEBUG] [x10] Subscribed to funding/SOL/USD
19:55:04 [DEBUG] [x10] Subscribed to publicTrades/LINK/USD
19:55:04 [DEBUG] [x10] Subscribed to funding/LINK/USD
19:55:04 [DEBUG] [x10] Subscribed to publicTrades/FIL/USD
19:55:04 [DEBUG] [x10] Subscribed to funding/FIL/USD
19:55:04 [DEBUG] [x10] Subscribed to publicTrades/NEAR/USD
19:55:04 [DEBUG] [x10] Subscribed to funding/NEAR/USD
19:55:04 [DEBUG] [x10] Subscribed to publicTrades/BCH/USD
19:55:04 [DEBUG] [x10] Subscribed to funding/BCH/USD
19:55:04 [DEBUG] [x10] Subscribed to publicTrades/MKR/USD
19:55:04 [DEBUG] [x10] Subscribed to funding/MKR/USD
19:55:04 [DEBUG] [x10] Subscribed to publicTrades/ARB/USD
19:55:04 [DEBUG] [x10] Subscribed to funding/ARB/USD
19:55:04 [DEBUG] [x10] Subscribed to publicTrades/LDO/USD
19:55:04 [DEBUG] [x10] Subscribed to funding/LDO/USD
19:55:04 [DEBUG] [x10] Subscribed to publicTrades/UNI/USD
19:55:04 [DEBUG] [x10] Subscribed to funding/UNI/USD
19:55:04 [DEBUG] [x10] Subscribed to publicTrades/DOGE/USD
19:55:04 [DEBUG] [x10] Subscribed to funding/DOGE/USD
19:55:04 [DEBUG] [x10] Subscribed to publicTrades/JUP/USD
19:55:04 [DEBUG] [x10] Subscribed to funding/JUP/USD
19:55:04 [DEBUG] [x10] Subscribed to publicTrades/BNB/USD
19:55:04 [DEBUG] [x10] Subscribed to funding/BNB/USD
19:55:04 [DEBUG] [x10] Subscribed to publicTrades/STRK/USD
19:55:04 [DEBUG] [x10] Subscribed to funding/STRK/USD
19:55:04 [DEBUG] [x10] Subscribed to publicTrades/EIGEN/USD
19:55:04 [DEBUG] [x10] Subscribed to funding/EIGEN/USD
19:55:04 [DEBUG] [x10] Subscribed to publicTrades/HYPE/USD
19:55:05 [DEBUG] [x10] Subscribed to funding/HYPE/USD
19:55:05 [DEBUG] [x10] Subscribed to publicTrades/ADA/USD
19:55:05 [DEBUG] [x10] Subscribed to funding/ADA/USD
19:55:05 [DEBUG] [x10] Subscribed to publicTrades/PENDLE/USD
19:55:05 [DEBUG] [x10] Subscribed to funding/PENDLE/USD
19:55:05 [DEBUG] [x10] Subscribed to publicTrades/TON/USD
19:55:05 [DEBUG] [x10] Subscribed to funding/TON/USD
19:55:05 [DEBUG] [x10] Subscribed to publicTrades/PENGU/USD
19:55:05 [DEBUG] [x10] Subscribed to funding/PENGU/USD
19:55:05 [DEBUG] [x10] Subscribed to publicTrades/OP/USD
19:55:05 [DEBUG] ✅ KAITO-USD: X10=$439,683, Lighter=$1,722,432, Total=$2,162,115
19:55:05 [DEBUG] [x10] Subscribed to funding/OP/USD
19:55:05 [DEBUG] [x10] Subscribed to publicTrades/1000SHIB/USD
19:55:05 [DEBUG] [x10] Subscribed to funding/1000SHIB/USD
19:55:05 [DEBUG] [x10] Subscribed to publicTrades/USDJPY/USD
19:55:05 [DEBUG] [x10] Subscribed to funding/USDJPY/USD
19:55:05 [DEBUG] [x10] Subscribed to publicTrades/APEX/USD
19:55:05 [DEBUG] [x10] Subscribed to funding/APEX/USD
19:55:05 [DEBUG] [x10] Subscribed to publicTrades/XAG/USD
19:55:05 [DEBUG] [x10] Subscribed to funding/XAG/USD
19:55:05 [DEBUG] [x10] Subscribed to publicTrades/SEI/USD
19:55:05 [DEBUG] [x10] Subscribed to funding/SEI/USD
19:55:05 [DEBUG] [x10] Subscribed to publicTrades/MNT/USD
19:55:05 [DEBUG] [x10] Subscribed to funding/MNT/USD
19:55:05 [DEBUG] [x10] Subscribed to publicTrades/WIF/USD
19:55:05 [DEBUG] [x10] Subscribed to funding/WIF/USD
19:55:06 [DEBUG] [x10] Subscribed to publicTrades/ONDO/USD
19:55:06 [DEBUG] [x10] Subscribed to funding/ONDO/USD
19:55:06 [DEBUG] [x10] Subscribed to publicTrades/SUI/USD
19:55:06 [DEBUG] [x10] Subscribed to funding/SUI/USD
19:55:06 [DEBUG] [x10] Subscribed to publicTrades/DOT/USD
19:55:06 [DEBUG] [x10] Subscribed to funding/DOT/USD
19:55:06 [DEBUG] [x10] Subscribed to publicTrades/PUMP/USD
19:55:06 [DEBUG] [x10] Subscribed to funding/PUMP/USD
19:55:06 [DEBUG] [x10] Subscribed to publicTrades/POPCAT/USD
19:55:06 [DEBUG] [x10] Subscribed to funding/POPCAT/USD
19:55:06 [DEBUG] [x10] Subscribed to publicTrades/AAVE/USD
19:55:06 [DEBUG] [x10] Subscribed to funding/AAVE/USD
19:55:06 [DEBUG] [x10] Subscribed to publicTrades/ENA/USD
19:55:06 [DEBUG] [x10] Subscribed to funding/ENA/USD
19:55:06 [DEBUG] [x10] Subscribed to publicTrades/GRASS/USD
19:55:06 [DEBUG] [x10] Subscribed to funding/GRASS/USD
19:55:06 [DEBUG] [x10] Subscribed to publicTrades/TAO/USD
19:55:06 [DEBUG] [x10] Subscribed to funding/TAO/USD
19:55:06 [DEBUG] [x10] Subscribed to publicTrades/S/USD
19:55:06 [DEBUG] [x10] Subscribed to funding/S/USD
19:55:06 [DEBUG] [x10] Subscribed to publicTrades/VIRTUAL/USD
19:55:06 [DEBUG] [x10] Subscribed to funding/VIRTUAL/USD
19:55:06 [DEBUG] [x10] Subscribed to publicTrades/WLD/USD
19:55:06 [DEBUG] [x10] Subscribed to funding/WLD/USD
19:55:06 [DEBUG] [x10] Subscribed to publicTrades/ZRO/USD
19:55:07 [DEBUG] [x10] Subscribed to funding/ZRO/USD
19:55:07 [DEBUG] [x10] Subscribed to publicTrades/FARTCOIN/USD
19:55:07 [DEBUG] [x10] Subscribed to funding/FARTCOIN/USD
19:55:07 [DEBUG] [x10] Subscribed to publicTrades/LINEA/USD
19:55:07 [DEBUG] [x10] Subscribed to funding/LINEA/USD
19:55:07 [DEBUG] [x10] Subscribed to publicTrades/RESOLV/USD
19:55:07 [DEBUG] [x10] Subscribed to funding/RESOLV/USD
19:55:07 [DEBUG] [x10] Subscribed to publicTrades/MON/USD
19:55:07 [DEBUG] [x10] Subscribed to funding/MON/USD
19:55:07 [DEBUG] [x10] Subscribed to publicTrades/AVAX/USD
19:55:07 [DEBUG] [x10] Subscribed to funding/AVAX/USD
19:55:07 [DEBUG] [x10] Subscribed to publicTrades/ZEC/USD
19:55:07 [DEBUG] [x10] Subscribed to funding/ZEC/USD
19:55:07 [DEBUG] [x10] Subscribed to publicTrades/XAU/USD
19:55:07 [DEBUG] [x10] Subscribed to funding/XAU/USD
19:55:07 [DEBUG] [x10] Subscribed to publicTrades/IP/USD
19:55:07 [DEBUG] [x10] Subscribed to funding/IP/USD
19:55:07 [DEBUG] [x10] Subscribed to publicTrades/WLFI/USD
19:55:07 [DEBUG] [x10] Subscribed to funding/WLFI/USD
19:55:07 [DEBUG] [x10] Subscribed to publicTrades/TRUMP/USD
19:55:07 [DEBUG] [x10] Subscribed to funding/TRUMP/USD
19:55:07 [DEBUG] [x10] Subscribed to publicTrades/XPL/USD
19:55:07 [DEBUG] [x10] Subscribed to funding/XPL/USD
19:55:07 [DEBUG] [x10] Subscribed to publicTrades/1000BONK/USD
19:55:07 [DEBUG] [x10] Subscribed to funding/1000BONK/USD
19:55:07 [DEBUG] [x10] Subscribed to publicTrades/CRV/USD
19:55:07 [DEBUG] [x10] Subscribed to funding/CRV/USD
19:55:07 [DEBUG] [x10] Subscribed to publicTrades/TIA/USD
19:55:07 [DEBUG] [x10] Subscribed to funding/TIA/USD
19:55:07 [INFO] [x10] Subscribed to 67 markets
19:55:07 [INFO] 🔗 Components Wired: WS -> OI Tracker -> Prediction
19:55:07 [INFO] 🧟 Starte Zombie-Check: Vergleiche DB mit echten Positionen...
19:55:07 [INFO] 🔍 DB meldet 3 offene Trades. Prüfe Exchange...
19:55:07 [DEBUG] Sending GET https://api.starknet.extended.exchange/api/v1/user/positions?
19:55:09 [INFO] [lighter] Resubscribed to 73 channels
19:55:09 [DEBUG] ✅ SPX-USD: X10=$171,688, Lighter=$4,228,980, Total=$4,400,667
19:55:10 [INFO] Lighter: Found 0 open positions
19:55:10 [INFO] 🌍 Echte Positionen auf Exchanges: []
19:55:10 [WARNING] ⚠️  ZOMBIE GEFUNDEN: CRV-USD ist in DB offen, aber nicht auf Exchange. Schließe ihn...
19:55:10 [INFO] ✅ Trade CRV-USD closed (PnL: $0.00)
19:55:10 [WARNING] ⚠️  ZOMBIE GEFUNDEN: MON-USD ist in DB offen, aber nicht auf Exchange. Schließe ihn...
19:55:10 [INFO] ✅ Trade MON-USD closed (PnL: $0.00)
19:55:10 [WARNING] ⚠️  ZOMBIE GEFUNDEN: APEX-USD ist in DB offen, aber nicht auf Exchange. Schließe ihn...
19:55:10 [INFO] ✅ Trade APEX-USD closed (PnL: $0.00)
19:55:10 [INFO] ✅ ParallelExecutionManager: Rollback processor started
19:55:10 [INFO] ✅ ParallelExecutionManager started
19:55:10 [INFO] 📝 Registered task: logic_loop (critical=True)
19:55:10 [INFO] 📝 Registered task: trade_management_loop (critical=True)
19:55:10 [INFO] 📝 Registered task: farm_loop (critical=False)
19:55:10 [INFO] 📝 Registered task: maintenance_loop (critical=False)
19:55:10 [INFO] 📝 Registered task: cleanup_finished_tasks (critical=False)
19:55:10 [INFO] 📝 Registered task: health_reporter (critical=False)
19:55:10 [INFO] 📝 Registered task: connection_watchdog (critical=True)
19:55:10 [INFO] ✅ Signal handlers installed (SIGINT, SIGTERM)
19:55:10 [INFO] ▶️  Started task: logic_loop
19:55:10 [INFO] ▶️  Started task: trade_management_loop
19:55:10 [INFO] ▶️  Started task: farm_loop
19:55:10 [INFO] ▶️  Started task: maintenance_loop
19:55:10 [INFO] ▶️  Started task: cleanup_finished_tasks
19:55:10 [INFO] ▶️  Started task: health_reporter
19:55:10 [INFO] ▶️  Started task: connection_watchdog
19:55:10 [INFO] 🚀 Started 7 tasks
19:55:10 [INFO] ═══════════════════════════════════════════════════════════
19:55:10 [INFO]    BOT V5 RUNNING 24/7 - SUPERVISED | Ctrl+C = Stop   
19:55:10 [INFO] ═══════════════════════════════════════════════════════════
19:55:10 [INFO] 🔄 Rollback processor running...
19:55:10 [INFO] Logic Loop gestartet – REFRESH alle 3s
19:55:10 [INFO] ⚡ Latency Arb Detector initialized (threshold: 1.0s)
19:55:10 [INFO] 🔍 🚜 FARM Scanning 67 pairs. Open symbols to skip: set()
19:55:10 [DEBUG] Price cache status: X10=67/67, Lighter=66/67
19:55:10 [INFO] 🔍 Scanning 67 pairs. Lighter markets: 115, X10 markets: 91
19:55:10 [INFO] 🛡️ Trade Management Loop gestartet
19:55:10 [INFO] 🚜 Farm Mode ACTIVE
19:55:10 [DEBUG] Sending GET https://api.starknet.extended.exchange/api/v1/user/balance
19:55:10 [DEBUG] 📊 X10 Funding Cache refresh (current=91)
19:55:10 [INFO] 🐕 Connection Watchdog gestartet (Timeout: 120s)
19:55:10 [INFO] 🔍 Supervisor loop started
19:55:10 [DEBUG] 📝 Flushed 1 writes
19:55:10 [DEBUG] 📝 Flushed 1 writes in 0.0ms
19:55:10 [DEBUG] Sending GET https://api.starknet.extended.exchange/api/v1/info/markets?
19:55:10 [DEBUG] MKR-USD: Missing prices (X=1663.9, L=None)
19:55:10 [INFO] ✅ Found 0 opportunities with predictions (farm_mode=True)
19:55:10 [INFO] ⚠️ Keine Prediction-Opportunities, nutze Fallback mit echten Funding Rates...
19:55:10 [INFO]  Volatility Monitor initialized: Low<3.0%, Normal<10.0%, High<20.0%, Hard Cap<50.0%
19:55:10 [DEBUG] ⛔ Skip SPX-USD: TradFi/FX
19:55:10 [INFO] 🔍 DEBUG ZORA-USD: rl=-0.00011800, rx=-0.00005300, net=-0.00006500, apy=56.9%
19:55:10 [INFO] 💎 ZORA-USD | APY: 56.9%
19:55:10 [INFO] 🔍 DEBUG APEX-USD: rl=0.00001200, rx=-0.00009800, net=0.00011000, apy=96.4%
19:55:10 [DEBUG] Skip APEX-USD: Spread 0.36% too high
19:55:10 [DEBUG] ⛔ Skip XAG-USD: TradFi/FX
19:55:10 [INFO] 🔍 DEBUG RESOLV-USD: rl=-0.00050200, rx=-0.00058100, net=0.00007900, apy=69.2%
19:55:10 [DEBUG] Skip RESOLV-USD: Spread 0.37% too high
19:55:10 [DEBUG] ⛔ Skip XAU-USD: TradFi/FX
19:55:10 [INFO] 🔍 DEBUG CRV-USD: rl=-0.00008700, rx=-0.00015100, net=0.00006400, apy=56.1%
19:55:10 [INFO] 💎 CRV-USD | APY: 56.1%
19:55:10 [INFO] ✅ Found 33 opportunities from 63 valid pairs (farm_mode=True, scanned=67)
19:55:10 [INFO] 🎯 Found 3 opportunities, executing best...
19:55:10 [DEBUG] Sending GET https://api.starknet.extended.exchange/api/v1/user/balance
19:55:11 [DEBUG] Lighter Balance: Raw=$295.18, Safe=$280.42
19:55:11 [INFO] 🚜 Opening FARM: KAITO-USD APY=28.0%
19:55:11 [DEBUG] Sending GET https://api.starknet.extended.exchange/api/v1/user/positions?
19:55:11 [DEBUG] Lighter Balance: Raw=$295.18, Safe=$280.42
19:55:11 [INFO] X10: Detected balance = $301.96
19:55:11 [INFO] 🚀 Launching 3 trades (Slots available: 3)
19:55:11 [DEBUG] Sending GET https://api.starknet.extended.exchange/api/v1/user/positions?
19:55:11 [DEBUG] 💓 [lighter] Alive (uptime=10s, last_msg=0s ago)
19:55:11 [DEBUG] 💓 [x10] Alive (uptime=10s, last_msg=10s ago)
19:55:12 [INFO] Lighter: Found 0 open positions
19:55:12 [DEBUG] ✅ KAITO-USD verified: No existing positions on exchanges
19:55:12 [DEBUG] MIN_NOTIONAL KAITO-USD: min_base=10.00000000 coins, price=$0.6760, min_qty_usd=$6.76, min_notional_api=$10.00, final=$11.00
19:55:12 [DEBUG] Sending GET https://api.starknet.extended.exchange/api/v1/user/balance
19:55:12 [INFO] 🎲 KellyPositionSizer initialized (Safety=0.25, MaxFraction=0.1)
19:55:12 [INFO] 🎰 KELLY KAITO-USD: win_rate=80.0%, kelly_fraction=0.6000, safe_fraction=0.0500, confidence=LOW, samples=0
19:55:12 [INFO] 📊 KELLY SIZE KAITO-USD: base=$30.0, kelly_recommended=$14.0, final=$30.0
19:55:12 [INFO] 🚀 Opening KAITO-USD: Size=$30.0 (Min=$11.0)
19:55:12 [INFO] 🔄 [PARALLEL] KAITO-USD: Lighter POST-ONLY first
19:55:12 [INFO] 🚀 LIGHTER OPEN KAITO-USD: side=SELL, size_usd=$30.00, price=$0.675990
19:55:12 [DEBUG] 🔍 DEBUG: KAITO-USD market_id = 33 (raw=33, type=<class 'int'>)
19:55:12 [DEBUG] QUANTIZE KAITO-USD: USD=30.00, coins=44.379355, raw=444, lot_size=100, final=400
19:55:12 [INFO] 🔄 [PARALLEL] KAITO-USD: X10 MARKET order
19:55:12 [DEBUG] Create Order Tx Info: {"AccountIndex":60113,"ApiKeyIndex":3,"MarketIndex":33,"ClientOrderIndex":1764701756926,"BaseAmount":400,"Price":67193,"IsAsk":1,"Type":0,"TimeInForce":1,"ReduceOnly":0,"TriggerPrice":0,"OrderExpiry":1767120912521,"ExpiredAt":1764702311521,"Nonce":2147,"Sig":"/FXk087vrA9qigCsXMS1JgUIPuopDhdiR77jSRs9c9EWD/r2W+kuOSziOZPSHtewMX54NakD8YBP0gPa6pVdCIFZnVROLcWjO2+gKVf2YwQ="}
19:55:12 [DEBUG] 📝 Flushed 1 writes in 0.0ms
19:55:12 [DEBUG] Sending GET https://api.starknet.extended.exchange/api/v1/info/markets?
19:55:12 [INFO] Lighter: Found 0 open positions
19:55:12 [INFO] 💰 Balance: X10=$302.0 (free=$267.5), Lit=$280.4 (free=$245.9) | DB_Trades=0, Real_Positions=0, Locked=$0/ex
19:55:12 [INFO] 🚀 Launching trade for ZORA-USD (APY=56.9%)
19:55:12 [DEBUG] Sending GET https://api.starknet.extended.exchange/api/v1/user/positions?
19:55:12 [INFO]  X10: 91 Märkte geladen, 91 Funding Rates, 82 Preise
19:55:12 [DEBUG] X10: Funding Refresh OK, cache=91
19:55:12 [DEBUG] 📊 Lighter Funding Cache refresh (current=115)
19:55:12 [DEBUG] Create Order Send Tx Response: code=200 message='{"ratelimit": "didn\'t use volume quota"}' tx_hash='4fef4c332b14c5a6c00c9df4da0f8945702ce374954e6902c81cc5aeabcabf6edc3f594c41e83ea6' predicted_execution_time_ms=1764701704503 additional_properties={}
19:55:12 [INFO] Lighter Order: 4fef4c332b14c5a6c00c9df4da0f8945702ce374954e6902c81cc5aeabcabf6edc3f594c41e83ea6
19:55:12 [DEBUG] Lighter: Loaded 379 funding rates
19:55:13 [INFO] 🚀 Launching trade for CRV-USD (APY=56.1%)
19:55:13 [DEBUG] Sending GET https://api.starknet.extended.exchange/api/v1/user/positions?
19:55:13 [INFO] Lighter: Found 1 open positions
19:55:13 [DEBUG] ✅ ZORA-USD verified: No existing positions on exchanges
19:55:13 [DEBUG] MIN_NOTIONAL ZORA-USD: min_base=100.00000000 coins, price=$0.0516, min_qty_usd=$5.16, min_notional_api=$10.00, final=$11.00
19:55:13 [DEBUG] Skip ZORA-USD: Min Req $54.26 > Max Config $50.0
19:55:13 [DEBUG] 📝 Flushed 2 writes
19:55:13 [DEBUG] 📝 Flushed 1 writes in 0.0ms
19:55:13 [INFO] 🚀 Launching trade for AVNT-USD (APY=42.0%)
19:55:13 [DEBUG] Sending GET https://api.starknet.extended.exchange/api/v1/user/positions?
19:55:13 [DEBUG] ✅ 1000PEPE-USD: X10=$77,115, Lighter=$184,079,588, Total=$184,156,703
19:55:13 [INFO] Lighter: Found 1 open positions
19:55:13 [DEBUG] ✅ CRV-USD verified: No existing positions on exchanges
19:55:13 [DEBUG] MIN_NOTIONAL CRV-USD: min_base=20.00000000 coins, price=$0.3974, min_qty_usd=$7.95, min_notional_api=$10.00, final=$11.00
19:55:13 [DEBUG] Sending GET https://api.starknet.extended.exchange/api/v1/user/balance
19:55:13 [DEBUG] Lighter: Loaded 115 prices via REST
19:55:13 [DEBUG] Lighter: Funding Refresh OK, cache=115
19:55:14 [INFO] ✅ Launched 3 trade tasks this cycle
19:55:14 [INFO] Lighter: Found 1 open positions
19:55:14 [DEBUG] ✅ AVNT-USD verified: No existing positions on exchanges
19:55:14 [DEBUG] MIN_NOTIONAL AVNT-USD: min_base=10.00000000 coins, price=$0.3441, min_qty_usd=$3.44, min_notional_api=$10.00, final=$11.00
19:55:14 [DEBUG] Placing an order: id=2648603146316571192611182081254915688611002157705596476330121994258396327045
19:55:14 [DEBUG] Sending POST https://api.starknet.extended.exchange/api/v1/user/order, headers={<RequestHeader.ACCEPT: 'Accept'>: 'application/json', <RequestHeader.CONTENT_TYPE: 'Content-Type'>: 'application/json', <RequestHeader.USER_AGENT: 'User-Agent'>: 'X10PythonTradingClient/0.0.17', <RequestHeader.API_KEY: 'X-Api-Key'>: 'a1c9207f79f0e57ddc454bf1e16dbe49'}
19:55:15 [INFO] 🔍 Running periodic exchange sync check...
19:55:15 [INFO] 🔍 Starting Exchange Sync Check...
19:55:15 [DEBUG] Sending GET https://api.starknet.extended.exchange/api/v1/user/positions?
19:55:15 [INFO]  X10 Order: 1995929738863697920
19:55:15 [INFO] ✅ [PARALLEL] KAITO-USD: Both legs filled in 3046ms
19:55:15 [DEBUG] 📝 Trade added to state: KAITO-USD
19:55:15 [DEBUG] 📝 Flushed 1 writes
19:55:15 [DEBUG] 📝 Flushed 1 writes in 16.0ms
19:55:15 [DEBUG] Lighter Balance: Raw=$295.17, Safe=$280.41
19:55:15 [INFO] 🎰 KELLY CRV-USD: win_rate=80.0%, kelly_fraction=0.6000, safe_fraction=0.0500, confidence=LOW, samples=0
19:55:15 [INFO] 📊 KELLY SIZE CRV-USD: base=$30.0, kelly_recommended=$12.4, final=$30.0
19:55:15 [DEBUG] Sending GET https://api.starknet.extended.exchange/api/v1/user/balance
19:55:15 [DEBUG] [x10] RAW MSG: {"type":"ORDER","data":{"isSnapshot":false,"orders":[{"id":1995929738863697920,"accountId":127074,"e
19:55:15 [DEBUG] [x10] RAW MSG: {"type":"BALANCE","data":{"isSnapshot":false,"balance":{"collateralName":"USD","balance":"301.959784
19:55:15 [DEBUG] [x10] RAW MSG: {"type":"TRADE","data":{"isSnapshot":false,"trades":[{"id":1995929739700736000,"accountId":127074,"m
19:55:15 [DEBUG] [x10] RAW MSG: {"type":"POSITION","data":{"isSnapshot":false,"positions":[{"id":1995929739713314819,"accountId":127
19:55:15 [DEBUG] [x10] RAW MSG: {"type":"BALANCE","data":{"isSnapshot":false,"balance":{"collateralName":"USD","balance":"301.953086
19:55:15 [INFO] Lighter: Found 1 open positions
19:55:15 [ERROR] 🚨 DESYNC DETECTED: Positions only on Lighter: {'KAITO-USD'}
19:55:15 [ERROR] ⚠️ These are UNHEDGED and create directional risk!
19:55:15 [WARNING] 🔻 Closing orphaned Lighter position: KAITO-USD
19:55:15 [INFO] 🔍 DEBUG close_live_position ENTRY: symbol=KAITO-USD (type=<class 'str'>)
19:55:15 [INFO] 🔍 DEBUG: original_side=SELL (type=<class 'str'>)
19:55:15 [INFO] 🔍 DEBUG: notional_usd=27.0548 (type=<class 'float'>)
19:55:16 [INFO] 🎰 KELLY AVNT-USD: win_rate=80.0%, kelly_fraction=0.6000, safe_fraction=0.0500, confidence=LOW, samples=0
19:55:16 [INFO] 📊 KELLY SIZE AVNT-USD: base=$30.0, kelly_recommended=$12.4, final=$30.0
19:55:16 [DEBUG] 🧹 Cleaned task: KAITO-USD
19:55:16 [INFO] 🚀 Opening CRV-USD: Size=$30.0 (Min=$11.0)
19:55:16 [INFO] 🔄 [PARALLEL] CRV-USD: Lighter POST-ONLY first
19:55:16 [INFO] 🚀 Opening AVNT-USD: Size=$30.0 (Min=$11.0)
19:55:16 [INFO] 🔄 [PARALLEL] AVNT-USD: Lighter POST-ONLY first
19:55:16 [INFO] 🚀 LIGHTER OPEN CRV-USD: side=SELL, size_usd=$30.00, price=$0.397390
19:55:16 [DEBUG] 🔍 DEBUG: CRV-USD market_id = 36 (raw=36, type=<class 'int'>)
19:55:16 [DEBUG] QUANTIZE CRV-USD: USD=30.00, coins=75.492589, raw=755, lot_size=200, final=600
19:55:16 [INFO] 🔄 [PARALLEL] CRV-USD: X10 MARKET order
19:55:16 [INFO] 🔄 [PARALLEL] AVNT-USD: X10 MARKET order
19:55:16 [DEBUG] Create Order Tx Info: {"AccountIndex":60113,"ApiKeyIndex":3,"MarketIndex":36,"ClientOrderIndex":1764701792998,"BaseAmount":600,"Price":39500,"IsAsk":1,"Type":0,"TimeInForce":1,"ReduceOnly":0,"TriggerPrice":0,"OrderExpiry":1767120916043,"ExpiredAt":1764702315043,"Nonce":2148,"Sig":"v957TwjDSP+23QmIzSImCJN6fzoRYgM8i1CqlAvcPvf9hdMY0B3aUZ4zdjhOA0zhPVULUt1ZaT7ZOLhxt7oZCcMpGYPIILNoL9KOlvslFTI="}
19:55:16 [INFO] 🚀 LIGHTER OPEN AVNT-USD: side=SELL, size_usd=$30.00, price=$0.344060
19:55:16 [DEBUG] 🔍 DEBUG: AVNT-USD market_id = 82 (raw=82, type=<class 'int'>)
19:55:16 [DEBUG] QUANTIZE AVNT-USD: USD=30.00, coins=87.194094, raw=872, lot_size=100, final=800
19:55:16 [DEBUG] Placing an order: id=2860575320761641191921170084248437100152741991907993500466496113525476694646
19:55:16 [DEBUG] Sending POST https://api.starknet.extended.exchange/api/v1/user/order, headers={<RequestHeader.ACCEPT: 'Accept'>: 'application/json', <RequestHeader.CONTENT_TYPE: 'Content-Type'>: 'application/json', <RequestHeader.USER_AGENT: 'User-Agent'>: 'X10PythonTradingClient/0.0.17', <RequestHeader.API_KEY: 'X-Api-Key'>: 'a1c9207f79f0e57ddc454bf1e16dbe49'}
19:55:16 [DEBUG] Create Order Tx Info: {"AccountIndex":60113,"ApiKeyIndex":3,"MarketIndex":82,"ClientOrderIndex":1764701732208,"BaseAmount":800,"Price":34199,"IsAsk":1,"Type":0,"TimeInForce":1,"ReduceOnly":0,"TriggerPrice":0,"OrderExpiry":1767120916092,"ExpiredAt":1764702315092,"Nonce":2149,"Sig":"fviEEOM/p3TqGsLrekRX5xBssfJcNBjkQM+z9OPLUzkilmYLKWGJf8xb4DQxNX0/5MiB948WvIgEckCiU3M5CCGa5yepW3+N0iKSc8k8Wjk="}
19:55:16 [DEBUG] Placing an order: id=2487116463226073657470771979144743313764528920691688923618558576373025971091
19:55:16 [DEBUG] Sending POST https://api.starknet.extended.exchange/api/v1/user/order, headers={<RequestHeader.ACCEPT: 'Accept'>: 'application/json', <RequestHeader.CONTENT_TYPE: 'Content-Type'>: 'application/json', <RequestHeader.USER_AGENT: 'User-Agent'>: 'X10PythonTradingClient/0.0.17', <RequestHeader.API_KEY: 'X-Api-Key'>: 'a1c9207f79f0e57ddc454bf1e16dbe49'}
19:55:16 [INFO]  X10 Order: 1995929741954408448
19:55:16 [DEBUG] Create Order Send Tx Response: code=200 message='{"ratelimit": "didn\'t use volume quota"}' tx_hash='0e460400833077d02446aca3c596db31aba62e7a65d3330a606c1222c103c11c90b6c3e662afce6c' predicted_execution_time_ms=1764701708019 additional_properties={}
19:55:16 [INFO] Lighter Order: 0e460400833077d02446aca3c596db31aba62e7a65d3330a606c1222c103c11c90b6c3e662afce6c
19:55:16 [INFO] ✅ [PARALLEL] CRV-USD: Both legs filled in 296ms
19:55:16 [DEBUG] 📝 Trade added to state: CRV-USD
19:55:16 [DEBUG] Create Order Send Tx Response: code=200 message='{"ratelimit": "didn\'t use volume quota"}' tx_hash='b6c1af004bffde777c3f6ab5acd2f4fd78c480adbd74cc1d040ad1c83b210c755e291cf7e34f2645' predicted_execution_time_ms=1764701708070 additional_properties={}
19:55:16 [INFO] Lighter Order: b6c1af004bffde777c3f6ab5acd2f4fd78c480adbd74cc1d040ad1c83b210c755e291cf7e34f2645
19:55:16 [INFO] Lighter: Found 1 open positions
19:55:16 [INFO] 🔻 LIGHTER CLOSE KAITO-USD: size=-40.000000 coins, side=BUY, price=$0.6764, notional=$27.05
19:55:16 [INFO] 🚀 LIGHTER OPEN KAITO-USD: side=BUY, size_usd=$27.05, price=$0.676370
19:55:16 [DEBUG] 🔍 DEBUG: KAITO-USD market_id = 33 (raw=33, type=<class 'int'>)
19:55:16 [DEBUG] QUANTIZE KAITO-USD: USD=27.05, coins=40.000000, raw=400, lot_size=100, final=400
19:55:16 [DEBUG] Create Order Tx Info: {"AccountIndex":60113,"ApiKeyIndex":3,"MarketIndex":33,"ClientOrderIndex":1764701790010,"BaseAmount":400,"Price":68043,"IsAsk":0,"Type":0,"TimeInForce":1,"ReduceOnly":1,"TriggerPrice":0,"OrderExpiry":1767120916365,"ExpiredAt":1764702315365,"Nonce":2150,"Sig":"i36iXy/BxlIb+Dn6whSZBUrt+TZXLj9VEKvT34mtDMEA/x8S1a8mZkcfrhNOcFJ7w6T9mw1ME7CXgsGB4rXbXtkcoquqY+AsB80XliUa/Tk="}
19:55:16 [DEBUG] [x10] RAW MSG: {"type":"TRADE","data":{"isSnapshot":false,"trades":[{"id":1995929742791938048,"accountId":127074,"m
19:55:16 [DEBUG] [x10] RAW MSG: {"type":"ORDER","data":{"isSnapshot":false,"orders":[{"id":1995929741954408448,"accountId":127074,"e
19:55:16 [DEBUG] [x10] RAW MSG: {"type":"BALANCE","data":{"isSnapshot":false,"balance":{"collateralName":"USD","balance":"301.953086
19:55:16 [DEBUG] [x10] RAW MSG: {"type":"POSITION","data":{"isSnapshot":false,"positions":[{"id":1995929742812905472,"accountId":127
19:55:16 [DEBUG] [x10] RAW MSG: {"type":"BALANCE","data":{"isSnapshot":false,"balance":{"collateralName":"USD","balance":"301.946388
19:55:16 [DEBUG] Fetching fresh positions (force=False, cache_age=1764701716.5s)
19:55:16 [DEBUG] Sending GET https://api.starknet.extended.exchange/api/v1/user/positions?
19:55:16 [DEBUG] Create Order Send Tx Response: code=200 message='{"ratelimit": "didn\'t use volume quota"}' tx_hash='8f03796dcc6ffcf2c2cd6fba6d58a00f6a0fdd6a25cd15c7bdae4ffa29fcd4e05bc9535d5926aec6' predicted_execution_time_ms=1764701708344 additional_properties={}
19:55:16 [INFO] Lighter Order: 8f03796dcc6ffcf2c2cd6fba6d58a00f6a0fdd6a25cd15c7bdae4ffa29fcd4e05bc9535d5926aec6
19:55:16 [INFO] ✅ Lighter close KAITO-USD: Erfolgreich ($27.05)
19:55:16 [INFO] ✅ Closed orphaned Lighter KAITO-USD
19:55:16 [INFO] Lighter: Found 2 open positions
19:55:16 [INFO] 📊 Positions: X10=2, Lighter=2
19:55:16 [DEBUG] X10 positions: ['KAITO-USD', 'CRV-USD']
19:55:16 [DEBUG] Lighter positions: ['CRV-USD', 'AVNT-USD']
19:55:16 [INFO] 🔍 DEBUG CRV-USD: entry_time type=<class 'str'>, value=2025-12-02T18:55:16.309022+00:00
19:55:16 [DEBUG] Check CRV-USD: Age=0.7s (Limit=60s)
19:55:16 [INFO] 🔍 DEBUG KAITO-USD: entry_time type=<class 'str'>, value=2025-12-02T18:55:15.563732+00:00
19:55:16 [DEBUG] Check KAITO-USD: Age=1.4s (Limit=60s)
19:55:17 [INFO] 🔍 🚜 FARM Scanning 67 pairs. Open symbols to skip: {'KAITO-USD', 'CRV-USD'}
19:55:17 [DEBUG] Price cache status: X10=67/67, Lighter=66/67
19:55:17 [INFO] 🔍 Scanning 67 pairs. Lighter markets: 115, X10 markets: 91
19:55:17 [INFO]  X10 Order: 1995929745606508544
19:55:17 [DEBUG] MKR-USD: Missing prices (X=1663.9, L=None)
19:55:17 [INFO] ✅ [PARALLEL] AVNT-USD: Both legs filled in 1171ms
19:55:17 [DEBUG] 📝 Trade added to state: AVNT-USD
19:55:17 [DEBUG] 📝 Flushed 1 writes in 0.0ms
19:55:17 [DEBUG] [x10] RAW MSG: {"type":"ORDER","data":{"isSnapshot":false,"orders":[{"id":1995929745606508544,"accountId":127074,"e
19:55:17 [DEBUG] [x10] RAW MSG: {"type":"TRADE","data":{"isSnapshot":false,"trades":[{"id":1995929746445176832,"accountId":127074,"m
19:55:17 [DEBUG] [x10] RAW MSG: {"type":"BALANCE","data":{"isSnapshot":false,"balance":{"collateralName":"USD","balance":"301.946388
19:55:17 [DEBUG] [x10] RAW MSG: {"type":"POSITION","data":{"isSnapshot":false,"positions":[{"id":1995929746457755648,"accountId":127
19:55:17 [DEBUG] [x10] RAW MSG: {"type":"BALANCE","data":{"isSnapshot":false,"balance":{"collateralName":"USD","balance":"301.939732
19:55:17 [INFO] ✅ Found 0 opportunities with predictions (farm_mode=True)
19:55:17 [INFO] ⚠️ Keine Prediction-Opportunities, nutze Fallback mit echten Funding Rates...
19:55:17 [DEBUG] 🔄 Skip KAITO-USD: Already open (in open_syms)
19:55:17 [DEBUG] ⛔ Skip SPX-USD: TradFi/FX
19:55:17 [INFO]  VOL REGIME: ASTER-USD UNKNOWN -> LOW (24h Range: 0.00%)
19:55:17 [INFO]  VOL REGIME: 1000PEPE-USD UNKNOWN -> LOW (24h Range: 0.00%)
19:55:17 [INFO]  VOL REGIME: BERA-USD UNKNOWN -> LOW (24h Range: 0.00%)
19:55:17 [INFO]  VOL REGIME: APT-USD UNKNOWN -> LOW (24h Range: 0.00%)
19:55:17 [INFO]  VOL REGIME: EDEN-USD UNKNOWN -> LOW (24h Range: 0.00%)
19:55:17 [INFO]  VOL REGIME: XRP-USD UNKNOWN -> LOW (24h Range: 0.00%)
19:55:17 [INFO]  VOL REGIME: AVNT-USD UNKNOWN -> LOW (24h Range: 0.00%)
19:55:17 [INFO]  VOL REGIME: TRX-USD UNKNOWN -> LOW (24h Range: 0.00%)
19:55:17 [INFO]  VOL REGIME: BTC-USD UNKNOWN -> LOW (24h Range: 0.00%)
19:55:17 [INFO]  VOL REGIME: LTC-USD UNKNOWN -> LOW (24h Range: 0.00%)
19:55:17 [INFO]  VOL REGIME: ZORA-USD UNKNOWN -> LOW (24h Range: 0.00%)
19:55:17 [INFO] 🔍 DEBUG ZORA-USD: rl=-0.00011800, rx=-0.00005100, net=-0.00006700, apy=58.7%
19:55:17 [INFO]  VOL REGIME: SOL-USD UNKNOWN -> LOW (24h Range: 0.00%)
19:55:17 [INFO]  VOL REGIME: LINK-USD UNKNOWN -> LOW (24h Range: 0.00%)
19:55:17 [INFO]  VOL REGIME: NEAR-USD UNKNOWN -> LOW (24h Range: 0.00%)
19:55:17 [INFO]  VOL REGIME: ARB-USD UNKNOWN -> LOW (24h Range: 0.00%)
19:55:17 [INFO]  VOL REGIME: LDO-USD UNKNOWN -> LOW (24h Range: 0.00%)
19:55:17 [INFO]  VOL REGIME: UNI-USD UNKNOWN -> LOW (24h Range: 0.00%)
19:55:17 [INFO]  VOL REGIME: DOGE-USD UNKNOWN -> LOW (24h Range: 0.00%)
19:55:17 [INFO]  VOL REGIME: JUP-USD UNKNOWN -> LOW (24h Range: 0.00%)
19:55:17 [INFO]  VOL REGIME: BNB-USD UNKNOWN -> LOW (24h Range: 0.00%)
19:55:17 [INFO]  VOL REGIME: STRK-USD UNKNOWN -> LOW (24h Range: 0.00%)
19:55:17 [INFO]  VOL REGIME: EIGEN-USD UNKNOWN -> LOW (24h Range: 0.00%)
19:55:17 [INFO]  VOL REGIME: HYPE-USD UNKNOWN -> LOW (24h Range: 0.00%)
19:55:17 [INFO]  VOL REGIME: ADA-USD UNKNOWN -> LOW (24h Range: 0.00%)
19:55:17 [INFO]  VOL REGIME: PENDLE-USD UNKNOWN -> LOW (24h Range: 0.00%)
19:55:17 [INFO]  VOL REGIME: TON-USD UNKNOWN -> LOW (24h Range: 0.00%)
19:55:17 [INFO]  VOL REGIME: PENGU-USD UNKNOWN -> LOW (24h Range: 0.00%)
19:55:17 [INFO]  VOL REGIME: OP-USD UNKNOWN -> LOW (24h Range: 0.00%)
19:55:17 [INFO]  VOL REGIME: 1000SHIB-USD UNKNOWN -> LOW (24h Range: 0.00%)
19:55:17 [INFO]  VOL REGIME: APEX-USD UNKNOWN -> LOW (24h Range: 0.00%)
19:55:17 [INFO] 🔍 DEBUG APEX-USD: rl=0.00001200, rx=-0.00010000, net=0.00011200, apy=98.1%
19:55:17 [INFO] 💎 APEX-USD | APY: 98.1%
19:55:17 [DEBUG] ⛔ Skip XAG-USD: TradFi/FX
19:55:17 [INFO]  VOL REGIME: SEI-USD UNKNOWN -> LOW (24h Range: 0.00%)
19:55:17 [INFO]  VOL REGIME: MNT-USD UNKNOWN -> LOW (24h Range: 0.00%)
19:55:17 [INFO]  VOL REGIME: WIF-USD UNKNOWN -> LOW (24h Range: 0.00%)
19:55:17 [INFO]  VOL REGIME: ONDO-USD UNKNOWN -> LOW (24h Range: 0.00%)
19:55:17 [INFO]  VOL REGIME: SUI-USD UNKNOWN -> LOW (24h Range: 0.00%)
19:55:17 [INFO]  VOL REGIME: PUMP-USD UNKNOWN -> LOW (24h Range: 0.00%)
19:55:17 [INFO]  VOL REGIME: POPCAT-USD UNKNOWN -> LOW (24h Range: 0.00%)
19:55:17 [INFO]  VOL REGIME: AAVE-USD UNKNOWN -> LOW (24h Range: 0.00%)
19:55:17 [INFO]  VOL REGIME: ENA-USD UNKNOWN -> LOW (24h Range: 0.00%)
19:55:17 [INFO]  VOL REGIME: GRASS-USD UNKNOWN -> LOW (24h Range: 0.00%)
19:55:17 [INFO]  VOL REGIME: TAO-USD UNKNOWN -> LOW (24h Range: 0.00%)
19:55:17 [INFO]  VOL REGIME: S-USD UNKNOWN -> LOW (24h Range: 0.00%)
19:55:17 [INFO]  VOL REGIME: VIRTUAL-USD UNKNOWN -> LOW (24h Range: 0.00%)
19:55:17 [INFO]  VOL REGIME: WLD-USD UNKNOWN -> LOW (24h Range: 0.00%)
19:55:17 [INFO]  VOL REGIME: ZRO-USD UNKNOWN -> LOW (24h Range: 0.00%)
19:55:17 [INFO]  VOL REGIME: FARTCOIN-USD UNKNOWN -> LOW (24h Range: 0.00%)
19:55:17 [INFO]  VOL REGIME: LINEA-USD UNKNOWN -> LOW (24h Range: 0.00%)
19:55:17 [INFO]  VOL REGIME: RESOLV-USD UNKNOWN -> LOW (24h Range: 0.00%)
19:55:17 [INFO] 🔍 DEBUG RESOLV-USD: rl=-0.00050200, rx=-0.00058400, net=0.00008200, apy=71.8%
19:55:17 [DEBUG] Skip RESOLV-USD: Spread 0.30% too high
19:55:17 [INFO]  VOL REGIME: MON-USD UNKNOWN -> LOW (24h Range: 0.00%)
19:55:17 [INFO]  VOL REGIME: AVAX-USD UNKNOWN -> LOW (24h Range: 0.00%)
19:55:17 [INFO]  VOL REGIME: ZEC-USD UNKNOWN -> LOW (24h Range: 0.00%)
19:55:17 [DEBUG] ⛔ Skip XAU-USD: TradFi/FX
19:55:17 [INFO]  VOL REGIME: IP-USD UNKNOWN -> LOW (24h Range: 0.00%)
19:55:17 [INFO]  VOL REGIME: WLFI-USD UNKNOWN -> LOW (24h Range: 0.00%)
19:55:17 [INFO]  VOL REGIME: TRUMP-USD UNKNOWN -> LOW (24h Range: 0.00%)
19:55:17 [INFO]  VOL REGIME: XPL-USD UNKNOWN -> LOW (24h Range: 0.00%)
19:55:17 [INFO]  VOL REGIME: 1000BONK-USD UNKNOWN -> LOW (24h Range: 0.00%)
19:55:17 [DEBUG] 🔄 Skip CRV-USD: Already open (in open_syms)
19:55:17 [INFO]  VOL REGIME: TIA-USD UNKNOWN -> LOW (24h Range: 0.00%)
19:55:17 [INFO] ✅ Found 32 opportunities from 61 valid pairs (farm_mode=True, scanned=67)
19:55:17 [INFO] 🎯 Found 3 opportunities, executing best...
19:55:17 [DEBUG] Sending GET https://api.starknet.extended.exchange/api/v1/user/balance
19:55:17 [DEBUG] ✅ ASTER-USD: X10=$363,494, Lighter=$13,728,478, Total=$14,091,972
19:55:17 [INFO] X10: Detected balance = $301.91
19:55:17 [DEBUG] ⛔ Max trades reached (3/3). Waiting...
19:55:17 [DEBUG] [x10] RAW MSG: {"type":"POSITION","data":{"isSnapshot":false,"positions":[{"id":1995929739713314819,"accountId":127
19:55:17 [DEBUG] [x10] RAW MSG: {"type":"BALANCE","data":{"isSnapshot":false,"balance":{"collateralName":"USD","balance":"301.939732
19:55:17 [DEBUG] Using cached positions (age: 1.4s)
19:55:17 [INFO] 🔍 DEBUG CRV-USD: entry_time type=<class 'str'>, value=2025-12-02T18:55:16.309022+00:00
19:55:17 [DEBUG] Check CRV-USD: Age=1.6s (Limit=60s)
19:55:17 [INFO] 🔍 DEBUG KAITO-USD: entry_time type=<class 'str'>, value=2025-12-02T18:55:15.563732+00:00
19:55:17 [DEBUG] Check KAITO-USD: Age=2.4s (Limit=60s)
19:55:17 [INFO] 🔍 DEBUG AVNT-USD: entry_time type=<class 'str'>, value=2025-12-02T18:55:17.187152+00:00
19:55:17 [DEBUG] Check AVNT-USD: Age=0.8s (Limit=60s)
19:55:18 [DEBUG] Using cached positions (age: 2.4s)
19:55:18 [INFO] 🔍 DEBUG CRV-USD: entry_time type=<class 'str'>, value=2025-12-02T18:55:16.309022+00:00
19:55:18 [DEBUG] Check CRV-USD: Age=2.7s (Limit=60s)
19:55:18 [INFO] 🔍 DEBUG KAITO-USD: entry_time type=<class 'str'>, value=2025-12-02T18:55:15.563732+00:00
19:55:18 [DEBUG] Check KAITO-USD: Age=3.4s (Limit=60s)
19:55:18 [INFO] 🔍 DEBUG AVNT-USD: entry_time type=<class 'str'>, value=2025-12-02T18:55:17.187152+00:00
19:55:18 [DEBUG] Check AVNT-USD: Age=1.8s (Limit=60s)
19:55:19 [DEBUG] 📝 Flushed 2 writes
19:55:19 [DEBUG] 📝 Flushed 1 writes in 0.0ms
19:55:19 [DEBUG] Using cached positions (age: 3.4s)
19:55:19 [INFO] 🔍 DEBUG CRV-USD: entry_time type=<class 'str'>, value=2025-12-02T18:55:16.309022+00:00
19:55:19 [DEBUG] Check CRV-USD: Age=3.6s (Limit=60s)
19:55:19 [INFO] 🔍 DEBUG KAITO-USD: entry_time type=<class 'str'>, value=2025-12-02T18:55:15.563732+00:00
19:55:19 [DEBUG] Check KAITO-USD: Age=4.4s (Limit=60s)
19:55:19 [INFO] 🔍 DEBUG AVNT-USD: entry_time type=<class 'str'>, value=2025-12-02T18:55:17.187152+00:00
19:55:19 [DEBUG] Check AVNT-USD: Age=2.8s (Limit=60s)
19:55:20 [DEBUG] MAX_OPEN_TRADES (3) reached, waiting...
19:55:20 [DEBUG] Using cached positions (age: 4.4s)
19:55:20 [INFO] 🔍 DEBUG CRV-USD: entry_time type=<class 'str'>, value=2025-12-02T18:55:16.309022+00:00
19:55:20 [DEBUG] Check CRV-USD: Age=4.6s (Limit=60s)
19:55:20 [INFO] 🔍 DEBUG KAITO-USD: entry_time type=<class 'str'>, value=2025-12-02T18:55:15.563732+00:00
19:55:20 [DEBUG] Check KAITO-USD: Age=5.4s (Limit=60s)
19:55:20 [INFO] 🔍 DEBUG AVNT-USD: entry_time type=<class 'str'>, value=2025-12-02T18:55:17.187152+00:00
19:55:20 [DEBUG] Check AVNT-USD: Age=3.8s (Limit=60s)
19:55:21 [DEBUG] Fetching fresh positions (force=False, cache_age=5.4s)
19:55:21 [DEBUG] 💓 [lighter] Alive (uptime=20s, last_msg=0s ago)
19:55:21 [DEBUG] Sending GET https://api.starknet.extended.exchange/api/v1/user/positions?
19:55:21 [DEBUG] 💓 [x10] Alive (uptime=20s, last_msg=4s ago)
19:55:22 [INFO] Lighter: Found 2 open positions
19:55:22 [INFO] 📊 Positions: X10=3, Lighter=2
19:55:22 [DEBUG] X10 positions: ['KAITO-USD', 'CRV-USD', 'AVNT-USD']
19:55:22 [DEBUG] Lighter positions: ['CRV-USD', 'AVNT-USD']
19:55:22 [INFO] 🔍 DEBUG CRV-USD: entry_time type=<class 'str'>, value=2025-12-02T18:55:16.309022+00:00
19:55:22 [DEBUG] Check CRV-USD: Age=6.1s (Limit=60s)
19:55:22 [INFO] 🔍 DEBUG KAITO-USD: entry_time type=<class 'str'>, value=2025-12-02T18:55:15.563732+00:00
19:55:22 [DEBUG] Check KAITO-USD: Age=6.9s (Limit=60s)
19:55:22 [INFO] 🔍 DEBUG AVNT-USD: entry_time type=<class 'str'>, value=2025-12-02T18:55:17.187152+00:00
19:55:22 [DEBUG] Check AVNT-USD: Age=5.2s (Limit=60s)
19:55:23 [DEBUG] ✅ BERA-USD: X10=$257,634, Lighter=$946,118, Total=$1,203,752
19:55:23 [DEBUG] Using cached positions (age: 1.5s)
19:55:23 [INFO] 🔍 DEBUG CRV-USD: entry_time type=<class 'str'>, value=2025-12-02T18:55:16.309022+00:00
19:55:23 [DEBUG] Check CRV-USD: Age=7.1s (Limit=60s)
19:55:23 [INFO] 🔍 DEBUG KAITO-USD: entry_time type=<class 'str'>, value=2025-12-02T18:55:15.563732+00:00
19:55:23 [DEBUG] Check KAITO-USD: Age=7.9s (Limit=60s)
19:55:23 [INFO] 🔍 DEBUG AVNT-USD: entry_time type=<class 'str'>, value=2025-12-02T18:55:17.187152+00:00
19:55:23 [DEBUG] Check AVNT-USD: Age=6.2s (Limit=60s)
19:55:23 [DEBUG] MAX_OPEN_TRADES (3) reached, waiting...
19:55:24 [WARNING] [x10] Connection closed: 1011 Ping timeout
19:55:24 [INFO] 🔄 [x10] Reconnecting in 1.0s (attempt 1)
19:55:24 [DEBUG] Using cached positions (age: 2.5s)
19:55:24 [INFO] 🔍 DEBUG CRV-USD: entry_time type=<class 'str'>, value=2025-12-02T18:55:16.309022+00:00
19:55:24 [DEBUG] Check CRV-USD: Age=8.1s (Limit=60s)
19:55:24 [INFO] 🔍 DEBUG KAITO-USD: entry_time type=<class 'str'>, value=2025-12-02T18:55:15.563732+00:00
19:55:24 [DEBUG] Check KAITO-USD: Age=8.8s (Limit=60s)
19:55:24 [INFO] 🔍 DEBUG AVNT-USD: entry_time type=<class 'str'>, value=2025-12-02T18:55:17.187152+00:00
19:55:24 [DEBUG] Check AVNT-USD: Age=7.2s (Limit=60s)
19:55:25 [INFO] 🔌 [x10] Connecting with kwargs: {'close_timeout': 5.0, 'max_size': 4194304, 'ping_interval': 19.0, 'additional_headers': {'X-Api-Key': 'a1c9207f79f0e57ddc454bf1e16dbe49', 'User-Agent': 'X10PythonTradingClient/0.4.5'}}
19:55:25 [DEBUG] Using cached positions (age: 3.5s)
19:55:25 [INFO] 🔍 DEBUG CRV-USD: entry_time type=<class 'str'>, value=2025-12-02T18:55:16.309022+00:00
19:55:25 [DEBUG] Check CRV-USD: Age=9.1s (Limit=60s)
19:55:25 [INFO] 🔍 DEBUG KAITO-USD: entry_time type=<class 'str'>, value=2025-12-02T18:55:15.563732+00:00
19:55:25 [DEBUG] Check KAITO-USD: Age=9.8s (Limit=60s)
19:55:25 [INFO] 🔍 DEBUG AVNT-USD: entry_time type=<class 'str'>, value=2025-12-02T18:55:17.187152+00:00
19:55:25 [DEBUG] Check AVNT-USD: Age=8.2s (Limit=60s)
19:55:26 [INFO] ✅ [x10] Connected to wss://api.starknet.extended.exchange/stream.extended.exchange/v1/account
19:55:26 [INFO] ✅ [x10] Keepalive enabled: ping_interval=19.0s, ping_timeout=None (auto-pong)
19:55:26 [INFO] [x10] Resubscribing to 134 channels (paced)...
19:55:26 [INFO] [x10] Receive loop started (async iterator)
19:55:26 [DEBUG] [x10] RAW MSG: {"type":"ORDER","data":{"isSnapshot":true,"orders":[]},"ts":1764701717669,"seq":1}
19:55:26 [DEBUG] 💓 [x10] Heartbeat monitor started (library handles ping/pong)
19:55:26 [DEBUG] [x10] RAW MSG: {"type":"BALANCE","data":{"isSnapshot":true,"balance":{"collateralName":"USD","balance":"301.939732"
19:55:26 [DEBUG] [x10] RAW MSG: {"type":"POSITION","data":{"isSnapshot":true,"positions":[{"id":1995929739713314819,"accountId":1270
19:55:26 [DEBUG] Using cached positions (age: 4.5s)
19:55:26 [INFO] 🔍 DEBUG CRV-USD: entry_time type=<class 'str'>, value=2025-12-02T18:55:16.309022+00:00
19:55:26 [DEBUG] Check CRV-USD: Age=10.1s (Limit=60s)
19:55:26 [INFO] 🔍 DEBUG KAITO-USD: entry_time type=<class 'str'>, value=2025-12-02T18:55:15.563732+00:00
19:55:26 [DEBUG] Check KAITO-USD: Age=10.8s (Limit=60s)
19:55:26 [INFO] 🔍 DEBUG AVNT-USD: entry_time type=<class 'str'>, value=2025-12-02T18:55:17.187152+00:00
19:55:26 [DEBUG] Check AVNT-USD: Age=9.2s (Limit=60s)
19:55:26 [DEBUG] MAX_OPEN_TRADES (3) reached, waiting...
19:55:26 [DEBUG] ✅ APT-USD: X10=$130,915, Lighter=$1,301,703, Total=$1,432,618
19:55:27 [DEBUG] Fetching fresh positions (force=False, cache_age=5.5s)
19:55:27 [DEBUG] Sending GET https://api.starknet.extended.exchange/api/v1/user/positions?
19:55:27 [INFO] Lighter: Found 2 open positions
19:55:27 [INFO] 📊 Positions: X10=3, Lighter=2
19:55:27 [DEBUG] X10 positions: ['KAITO-USD', 'CRV-USD', 'AVNT-USD']
19:55:27 [DEBUG] Lighter positions: ['CRV-USD', 'AVNT-USD']
19:55:27 [INFO] 🔍 DEBUG CRV-USD: entry_time type=<class 'str'>, value=2025-12-02T18:55:16.309022+00:00
19:55:27 [DEBUG] Check CRV-USD: Age=11.6s (Limit=60s)
19:55:27 [INFO] 🔍 DEBUG KAITO-USD: entry_time type=<class 'str'>, value=2025-12-02T18:55:15.563732+00:00
19:55:27 [DEBUG] Check KAITO-USD: Age=12.3s (Limit=60s)
19:55:27 [INFO] 🔍 DEBUG AVNT-USD: entry_time type=<class 'str'>, value=2025-12-02T18:55:17.187152+00:00
19:55:27 [DEBUG] Check AVNT-USD: Age=10.7s (Limit=60s)
19:55:28 [DEBUG] Using cached positions (age: 1.5s)
19:55:28 [INFO] 🔍 DEBUG CRV-USD: entry_time type=<class 'str'>, value=2025-12-02T18:55:16.309022+00:00
19:55:28 [DEBUG] Check CRV-USD: Age=12.6s (Limit=60s)
19:55:28 [INFO] 🔍 DEBUG KAITO-USD: entry_time type=<class 'str'>, value=2025-12-02T18:55:15.563732+00:00
19:55:28 [DEBUG] Check KAITO-USD: Age=13.3s (Limit=60s)
19:55:28 [INFO] 🔍 DEBUG AVNT-USD: entry_time type=<class 'str'>, value=2025-12-02T18:55:17.187152+00:00
19:55:28 [DEBUG] Check AVNT-USD: Age=11.7s (Limit=60s)
19:55:29 [DEBUG] MAX_OPEN_TRADES (3) reached, waiting...
19:55:29 [DEBUG] Using cached positions (age: 2.5s)
19:55:29 [INFO] 🔍 DEBUG CRV-USD: entry_time type=<class 'str'>, value=2025-12-02T18:55:16.309022+00:00
19:55:29 [DEBUG] Check CRV-USD: Age=13.6s (Limit=60s)
19:55:29 [INFO] 🔍 DEBUG KAITO-USD: entry_time type=<class 'str'>, value=2025-12-02T18:55:15.563732+00:00
19:55:29 [DEBUG] Check KAITO-USD: Age=14.3s (Limit=60s)
19:55:29 [INFO] 🔍 DEBUG AVNT-USD: entry_time type=<class 'str'>, value=2025-12-02T18:55:17.187152+00:00
19:55:29 [DEBUG] Check AVNT-USD: Age=12.7s (Limit=60s)
19:55:30 [DEBUG] ✅ EDEN-USD: X10=$63,500, Lighter=$5,999,760, Total=$6,063,260
19:55:30 [DEBUG] Using cached positions (age: 3.5s)
19:55:30 [INFO] 🔍 DEBUG CRV-USD: entry_time type=<class 'str'>, value=2025-12-02T18:55:16.309022+00:00
19:55:30 [DEBUG] Check CRV-USD: Age=14.6s (Limit=60s)
19:55:30 [INFO] 🔍 DEBUG KAITO-USD: entry_time type=<class 'str'>, value=2025-12-02T18:55:15.563732+00:00
19:55:30 [DEBUG] Check KAITO-USD: Age=15.3s (Limit=60s)
19:55:30 [INFO] 🚜 [FARM] Profit Take KAITO-USD: Age=15s, Spread=0.014% (sehr niedrig), PnL=$0.00
19:55:30 [INFO]  💸 EXIT KAITO-USD: FARM_QUICK_PROFIT | PnL $0.00 (Fees: $0.00)
19:55:30 [INFO]  🔻 CLOSING KAITO-USD (Atomic Smart Close)...
19:55:31 [INFO] Lighter: Found 2 open positions
19:55:31 [INFO] ✅ Lighter KAITO-USD: No position to close
19:55:31 [INFO] ✅ Lighter KAITO-USD OK, closing X10...
19:55:31 [DEBUG] 💓 [lighter] Alive (uptime=30s, last_msg=0s ago)
19:55:32 [DEBUG] MAX_OPEN_TRADES (3) reached, waiting...
19:55:34 [DEBUG] Sending GET https://api.starknet.extended.exchange/api/v1/user/positions?
19:55:34 [DEBUG] ✅ AVNT-USD: X10=$69,296, Lighter=$1,743,062, Total=$1,812,358
19:55:34 [INFO] 🔻 Closing X10 KAITO-USD: size=44.000000 coins, side=BUY
19:55:34 [DEBUG] Sending GET https://api.starknet.extended.exchange/api/v1/user/positions?
19:55:34 [DEBUG] [x10] RAW MSG: {"type":"POSITION","data":{"isSnapshot":false,"positions":[{"id":1995929742812905472,"accountId":127
19:55:34 [DEBUG] [x10] RAW MSG: {"type":"BALANCE","data":{"isSnapshot":false,"balance":{"collateralName":"USD","balance":"301.939732
19:55:34 [INFO] 🔻 X10 CLOSE KAITO-USD: size=44.000000, side=SELL
19:55:34 [DEBUG] Placing an order: id=1135982145615530671390170048929270255056921722105044773524920229457011834831
19:55:34 [DEBUG] Sending POST https://api.starknet.extended.exchange/api/v1/user/order, headers={<RequestHeader.ACCEPT: 'Accept'>: 'application/json', <RequestHeader.CONTENT_TYPE: 'Content-Type'>: 'application/json', <RequestHeader.USER_AGENT: 'User-Agent'>: 'X10PythonTradingClient/0.0.17', <RequestHeader.API_KEY: 'X-Api-Key'>: 'a1c9207f79f0e57ddc454bf1e16dbe49'}
19:55:35 [DEBUG] MAX_OPEN_TRADES (3) reached, waiting...
19:55:35 [INFO]  X10 Order: 1995929824178905088
19:55:36 [DEBUG] [x10] RAW MSG: {"type":"TRADE","data":{"isSnapshot":false,"trades":[{"id":1995929825012879360,"accountId":127074,"m
19:55:36 [DEBUG] [x10] RAW MSG: {"type":"ORDER","data":{"isSnapshot":false,"orders":[{"id":1995929824178905088,"accountId":127074,"e
19:55:36 [DEBUG] [x10] RAW MSG: {"type":"BALANCE","data":{"isSnapshot":false,"balance":{"collateralName":"USD","balance":"301.939732
19:55:36 [DEBUG] [x10] RAW MSG: {"type":"POSITION","data":{"isSnapshot":false,"positions":[{"id":1995929739713314819,"accountId":127
19:55:36 [DEBUG] [x10] RAW MSG: {"type":"BALANCE","data":{"isSnapshot":false,"balance":{"collateralName":"USD","balance":"301.919837
19:55:36 [DEBUG] 💓 [x10] Alive (uptime=10s, last_msg=0s ago)
19:55:37 [DEBUG] Sending GET https://api.starknet.extended.exchange/api/v1/user/positions?
19:55:38 [INFO] ✅ X10 KAITO-USD closed (44.000000 coins)
19:55:38 [INFO] ✅ KAITO-USD fully closed
19:55:38 [INFO] ✅ Trade KAITO-USD closed (PnL: $0.00)
19:55:38 [INFO] ✅ Trade KAITO-USD closed (PnL: $0.00)
19:55:38 [DEBUG] 📝 Flushed 1 writes
19:55:38 [DEBUG] 📝 Flushed 1 writes in 0.0ms
19:55:38 [INFO]  💰 PnL KAITO-USD: $0.00 (FARM_QUICK_PROFIT)
19:55:38 [ERROR] Kelly Sizer record_trade error for KAITO-USD: Format specifier missing precision
19:55:38 [INFO] 🔍 DEBUG AVNT-USD: entry_time type=<class 'str'>, value=2025-12-02T18:55:17.187152+00:00
19:55:38 [DEBUG] Check AVNT-USD: Age=21.0s (Limit=60s)
19:55:38 [DEBUG] ✅ XRP-USD: X10=$448,799, Lighter=$3,483,551, Total=$3,932,350
19:55:38 [INFO] 🔍 🚜 FARM Scanning 67 pairs. Open symbols to skip: {'AVNT-USD', 'CRV-USD'}
19:55:38 [DEBUG] Price cache status: X10=67/67, Lighter=66/67
19:55:38 [INFO] 🔍 Scanning 67 pairs. Lighter markets: 115, X10 markets: 91
19:55:38 [DEBUG] MKR-USD: Missing prices (X=1663.9, L=None)
19:55:39 [INFO] ✅ Found 0 opportunities with predictions (farm_mode=True)
19:55:39 [INFO] ⚠️ Keine Prediction-Opportunities, nutze Fallback mit echten Funding Rates...
19:55:39 [INFO]  VOL REGIME: KAITO-USD UNKNOWN -> LOW (24h Range: 0.00%)
19:55:39 [DEBUG] ⛔ Skip SPX-USD: TradFi/FX
19:55:39 [DEBUG] 🔄 Skip AVNT-USD: Already open (in open_syms)
19:55:39 [INFO] 🔍 DEBUG ZORA-USD: rl=-0.00011800, rx=-0.00005100, net=-0.00006700, apy=58.7%
19:55:39 [INFO] 🔍 DEBUG APEX-USD: rl=0.00001200, rx=-0.00010000, net=0.00011200, apy=98.1%
19:55:39 [DEBUG] ⛔ Skip XAG-USD: TradFi/FX
19:55:39 [INFO] 🔍 DEBUG RESOLV-USD: rl=-0.00050200, rx=-0.00058400, net=0.00008200, apy=71.8%
19:55:39 [DEBUG] Skip RESOLV-USD: Spread 0.40% too high
19:55:39 [DEBUG] ⛔ Skip XAU-USD: TradFi/FX
19:55:39 [DEBUG] 🔄 Skip CRV-USD: Already open (in open_syms)
19:55:39 [INFO] ✅ Found 32 opportunities from 61 valid pairs (farm_mode=True, scanned=67)
19:55:39 [INFO] 🎯 Found 3 opportunities, executing best...
19:55:39 [DEBUG] Sending GET https://api.starknet.extended.exchange/api/v1/user/balance
19:55:39 [DEBUG] 📝 Flushed 1 writes
19:55:39 [DEBUG] 📝 Flushed 1 writes in 0.0ms
19:55:39 [DEBUG] Fetching fresh positions (force=False, cache_age=11.8s)
19:55:39 [DEBUG] Sending GET https://api.starknet.extended.exchange/api/v1/user/positions?
19:55:39 [INFO] [x10] Resubscribed to 134 channels
19:55:39 [INFO] Lighter: Found 2 open positions
19:55:39 [INFO] 📊 Positions: X10=2, Lighter=2
19:55:39 [DEBUG] X10 positions: ['CRV-USD', 'AVNT-USD']
19:55:39 [DEBUG] Lighter positions: ['CRV-USD', 'AVNT-USD']
19:55:39 [INFO] 🔍 DEBUG CRV-USD: entry_time type=<class 'str'>, value=2025-12-02T18:55:16.309022+00:00
19:55:39 [DEBUG] Check CRV-USD: Age=23.3s (Limit=60s)
19:55:39 [INFO] 🔍 DEBUG AVNT-USD: entry_time type=<class 'str'>, value=2025-12-02T18:55:17.187152+00:00
19:55:39 [DEBUG] Check AVNT-USD: Age=22.5s (Limit=60s)
19:55:40 [DEBUG] Lighter Balance: Raw=$295.19, Safe=$280.43
19:55:40 [INFO] X10: Detected balance = $301.88
19:55:40 [INFO] 🚀 Launching 1 trades (Slots available: 1)
19:55:40 [DEBUG] Sending GET https://api.starknet.extended.exchange/api/v1/user/positions?
19:55:40 [DEBUG] 🐕 Watchdog OK: Daten-Alter 1.9s
19:55:40 [DEBUG] Using cached positions (age: 1.4s)
19:55:40 [INFO] 🔍 DEBUG CRV-USD: entry_time type=<class 'str'>, value=2025-12-02T18:55:16.309022+00:00
19:55:40 [DEBUG] Check CRV-USD: Age=24.3s (Limit=60s)
19:55:40 [INFO] 🔍 DEBUG AVNT-USD: entry_time type=<class 'str'>, value=2025-12-02T18:55:17.187152+00:00
19:55:40 [DEBUG] Check AVNT-USD: Age=23.4s (Limit=60s)
19:55:40 [INFO] Lighter: Found 2 open positions
19:55:40 [INFO] 💰 Balance: X10=$301.9 (free=$289.3), Lit=$280.4 (free=$267.8) | DB_Trades=2, Real_Positions=2, Locked=$10/ex
19:55:40 [INFO] 🚀 Launching trade for APEX-USD (APY=98.1%)
19:55:40 [DEBUG] Sending GET https://api.starknet.extended.exchange/api/v1/user/positions?
19:55:41 [INFO] ✅ Launched 1 trade tasks this cycle
19:55:41 [INFO] Lighter: Found 2 open positions
19:55:41 [DEBUG] ✅ APEX-USD verified: No existing positions on exchanges
19:55:41 [DEBUG] MIN_NOTIONAL APEX-USD: min_base=5.00000000 coins, price=$0.5890, min_qty_usd=$2.95, min_notional_api=$10.00, final=$11.00
19:55:41 [DEBUG] Sending GET https://api.starknet.extended.exchange/api/v1/user/balance
19:55:41 [DEBUG] Using cached positions (age: 2.4s)
19:55:41 [INFO] 🔍 DEBUG CRV-USD: entry_time type=<class 'str'>, value=2025-12-02T18:55:16.309022+00:00
19:55:41 [DEBUG] Check CRV-USD: Age=25.3s (Limit=60s)
19:55:41 [INFO] 🔍 DEBUG AVNT-USD: entry_time type=<class 'str'>, value=2025-12-02T18:55:17.187152+00:00
19:55:41 [DEBUG] Check AVNT-USD: Age=24.4s (Limit=60s)
19:55:41 [INFO] 🎰 KELLY APEX-USD: win_rate=0.0%, kelly_fraction=0.0000, safe_fraction=0.0200, confidence=LOW, samples=1
19:55:41 [INFO] 📊 KELLY SIZE APEX-USD: base=$30.0, kelly_recommended=$5.6, final=$30.0
19:55:41 [INFO] 🚀 Opening APEX-USD: Size=$30.0 (Min=$11.0)
19:55:41 [INFO] 🔄 [PARALLEL] APEX-USD: Lighter POST-ONLY first
19:55:41 [INFO] 🚀 LIGHTER OPEN APEX-USD: side=SELL, size_usd=$30.00, price=$0.589040
19:55:41 [DEBUG] 🔍 DEBUG: APEX-USD market_id = 86 (raw=86, type=<class 'int'>)
19:55:41 [DEBUG] QUANTIZE APEX-USD: USD=30.00, coins=50.930327, raw=509, lot_size=50, final=500
19:55:41 [INFO] 🔄 [PARALLEL] APEX-USD: X10 MARKET order
19:55:41 [DEBUG] Create Order Tx Info: {"AccountIndex":60113,"ApiKeyIndex":3,"MarketIndex":86,"ClientOrderIndex":1764701820240,"BaseAmount":500,"Price":58550,"IsAsk":1,"Type":0,"TimeInForce":1,"ReduceOnly":0,"TriggerPrice":0,"OrderExpiry":1767120941670,"ExpiredAt":1764702340670,"Nonce":2151,"Sig":"apWUQBjy6kQDXiK9E5Z4WCd8sg0lSM8RFJKwy68z+KaurYZlhQu6ImREUwaZbS2wy1U5CSzE1P8X4AA7xLVPeqZDbBeNybI6qT/Q/lIz5zI="}
19:55:41 [DEBUG] Placing an order: id=1189517129139688378698552020822749657414405407303583803517821266356587332537
19:55:41 [DEBUG] Sending POST https://api.starknet.extended.exchange/api/v1/user/order, headers={<RequestHeader.ACCEPT: 'Accept'>: 'application/json', <RequestHeader.CONTENT_TYPE: 'Content-Type'>: 'application/json', <RequestHeader.USER_AGENT: 'User-Agent'>: 'X10PythonTradingClient/0.0.17', <RequestHeader.API_KEY: 'X-Api-Key'>: 'a1c9207f79f0e57ddc454bf1e16dbe49'}
19:55:41 [DEBUG] Create Order Send Tx Response: code=200 message='{"ratelimit": "didn\'t use volume quota"}' tx_hash='8146b3e7defb453df2cd314dd674cd3564b51c7d6707dade110a6c374d36945c177ec5bce782bd6f' predicted_execution_time_ms=1764701733647 additional_properties={}
19:55:41 [INFO] Lighter Order: 8146b3e7defb453df2cd314dd674cd3564b51c7d6707dade110a6c374d36945c177ec5bce782bd6f
19:55:41 [INFO]  X10 Order: 1995929849490898944
19:55:41 [INFO] ✅ [PARALLEL] APEX-USD: Both legs filled in 312ms
19:55:41 [DEBUG] 📝 Trade added to state: APEX-USD
19:55:41 [DEBUG] 📝 Flushed 1 writes
19:55:41 [DEBUG] 📝 Flushed 1 writes in 0.0ms
19:55:41 [DEBUG] 💓 [lighter] Alive (uptime=40s, last_msg=0s ago)
19:55:42 [DEBUG] [x10] RAW MSG: {"type":"BALANCE","data":{"isSnapshot":false,"balance":{"collateralName":"USD","balance":"301.919837
19:55:42 [DEBUG] [x10] RAW MSG: {"type":"ORDER","data":{"isSnapshot":false,"orders":[{"id":1995929849490898944,"accountId":127074,"e
19:55:42 [DEBUG] [x10] RAW MSG: {"type":"TRADE","data":{"isSnapshot":false,"trades":[{"id":1995929850325504002,"accountId":127074,"m
19:55:42 [DEBUG] [x10] RAW MSG: {"type":"POSITION","data":{"isSnapshot":false,"positions":[{"id":1995929850350665728,"accountId":127
19:55:42 [DEBUG] [x10] RAW MSG: {"type":"BALANCE","data":{"isSnapshot":false,"balance":{"collateralName":"USD","balance":"301.913237
19:55:42 [DEBUG] Using cached positions (age: 3.5s)
19:55:42 [INFO] 🔍 DEBUG CRV-USD: entry_time type=<class 'str'>, value=2025-12-02T18:55:16.309022+00:00
19:55:42 [DEBUG] Check CRV-USD: Age=26.3s (Limit=60s)
19:55:42 [INFO] 🔍 DEBUG APEX-USD: entry_time type=<class 'str'>, value=2025-12-02T18:55:41.952866+00:00
19:55:42 [DEBUG] Check APEX-USD: Age=0.7s (Limit=60s)
19:55:42 [INFO] 🔍 DEBUG AVNT-USD: entry_time type=<class 'str'>, value=2025-12-02T18:55:17.187152+00:00
19:55:42 [DEBUG] Check AVNT-USD: Age=25.5s (Limit=60s)
19:55:43 [DEBUG] Using cached positions (age: 4.4s)
19:55:43 [INFO] 🔍 DEBUG CRV-USD: entry_time type=<class 'str'>, value=2025-12-02T18:55:16.309022+00:00
19:55:43 [DEBUG] Check CRV-USD: Age=27.3s (Limit=60s)
19:55:43 [INFO] 🔍 DEBUG APEX-USD: entry_time type=<class 'str'>, value=2025-12-02T18:55:41.952866+00:00
19:55:43 [DEBUG] Check APEX-USD: Age=1.7s (Limit=60s)
19:55:43 [INFO] 🔍 DEBUG AVNT-USD: entry_time type=<class 'str'>, value=2025-12-02T18:55:17.187152+00:00
19:55:43 [DEBUG] Check AVNT-USD: Age=26.4s (Limit=60s)
19:55:43 [DEBUG] ✅ SOL-USD: X10=$4,870,469, Lighter=$388,052, Total=$5,258,520
19:55:44 [DEBUG] MAX_OPEN_TRADES (3) reached, waiting...
19:55:44 [DEBUG] Fetching fresh positions (force=False, cache_age=5.4s)
19:55:44 [DEBUG] Sending GET https://api.starknet.extended.exchange/api/v1/user/positions?
19:55:45 [INFO] Lighter: Found 3 open positions
19:55:45 [INFO] 📊 Positions: X10=3, Lighter=3
19:55:45 [DEBUG] X10 positions: ['CRV-USD', 'AVNT-USD', 'APEX-USD']
19:55:45 [DEBUG] Lighter positions: ['CRV-USD', 'AVNT-USD', 'APEX-USD']
19:55:45 [INFO] 🔍 DEBUG CRV-USD: entry_time type=<class 'str'>, value=2025-12-02T18:55:16.309022+00:00
19:55:45 [DEBUG] Check CRV-USD: Age=28.8s (Limit=60s)
19:55:45 [INFO] 🔍 DEBUG APEX-USD: entry_time type=<class 'str'>, value=2025-12-02T18:55:41.952866+00:00
19:55:45 [DEBUG] Check APEX-USD: Age=3.2s (Limit=60s)
19:55:45 [INFO] 🔍 DEBUG AVNT-USD: entry_time type=<class 'str'>, value=2025-12-02T18:55:17.187152+00:00
19:55:45 [DEBUG] Check AVNT-USD: Age=27.9s (Limit=60s)
19:55:46 [DEBUG] Using cached positions (age: 1.4s)
19:55:46 [INFO] 🔍 DEBUG CRV-USD: entry_time type=<class 'str'>, value=2025-12-02T18:55:16.309022+00:00
19:55:46 [DEBUG] Check CRV-USD: Age=29.8s (Limit=60s)
19:55:46 [INFO] 🔍 DEBUG APEX-USD: entry_time type=<class 'str'>, value=2025-12-02T18:55:41.952866+00:00
19:55:46 [DEBUG] Check APEX-USD: Age=4.1s (Limit=60s)
19:55:46 [INFO] 🔍 DEBUG AVNT-USD: entry_time type=<class 'str'>, value=2025-12-02T18:55:17.187152+00:00
19:55:46 [DEBUG] Check AVNT-USD: Age=28.9s (Limit=60s)
19:55:46 [DEBUG] 💓 [x10] Alive (uptime=20s, last_msg=4s ago)
19:55:47 [DEBUG] Using cached positions (age: 2.5s)
19:55:47 [INFO] 🔍 DEBUG CRV-USD: entry_time type=<class 'str'>, value=2025-12-02T18:55:16.309022+00:00
19:55:47 [DEBUG] Check CRV-USD: Age=30.8s (Limit=60s)
19:55:47 [INFO] 🔍 DEBUG APEX-USD: entry_time type=<class 'str'>, value=2025-12-02T18:55:41.952866+00:00
19:55:47 [DEBUG] Check APEX-USD: Age=5.1s (Limit=60s)
19:55:47 [INFO] 🔍 DEBUG AVNT-USD: entry_time type=<class 'str'>, value=2025-12-02T18:55:17.187152+00:00
19:55:47 [DEBUG] Check AVNT-USD: Age=29.9s (Limit=60s)
19:55:47 [INFO] 🚜 [FARM] Profit Take AVNT-USD: Age=29s, Spread=0.026% (sehr niedrig), PnL=$0.00
19:55:47 [INFO]  💸 EXIT AVNT-USD: FARM_QUICK_PROFIT | PnL $0.00 (Fees: $0.00)
19:55:47 [INFO]  🔻 CLOSING AVNT-USD (Atomic Smart Close)...
19:55:47 [DEBUG] MAX_OPEN_TRADES (3) reached, waiting...
19:55:47 [WARNING] [x10] Connection closed: 1011 Ping timeout
19:55:47 [INFO] 🔄 [x10] Reconnecting in 1.0s (attempt 1)
19:55:47 [INFO] Lighter: Found 3 open positions
19:55:47 [INFO] 🔍 DEBUG close_live_position ENTRY: symbol=AVNT-USD (type=<class 'str'>)
19:55:47 [INFO] 🔍 DEBUG: original_side=BUY (type=<class 'str'>)
19:55:47 [INFO] 🔍 DEBUG: notional_usd=27.5152 (type=<class 'float'>)
19:55:47 [DEBUG] ✅ ZORA-USD: X10=$197,026, Lighter=$24,595,304, Total=$24,792,330
19:55:47 [INFO] Lighter: Found 3 open positions
19:55:47 [INFO] 🔻 LIGHTER CLOSE AVNT-USD: size=-80.000000 coins, side=BUY, price=$0.3439, notional=$27.52
19:55:47 [INFO] 🚀 LIGHTER OPEN AVNT-USD: side=BUY, size_usd=$27.52, price=$0.343940
19:55:47 [DEBUG] 🔍 DEBUG: AVNT-USD market_id = 82 (raw=82, type=<class 'int'>)
19:55:47 [DEBUG] QUANTIZE AVNT-USD: USD=27.52, coins=80.000000, raw=800, lot_size=100, final=800
19:55:48 [DEBUG] Create Order Tx Info: {"AccountIndex":60113,"ApiKeyIndex":3,"MarketIndex":82,"ClientOrderIndex":1764701830136,"BaseAmount":800,"Price":34601,"IsAsk":0,"Type":0,"TimeInForce":1,"ReduceOnly":1,"TriggerPrice":0,"OrderExpiry":1767120948005,"ExpiredAt":1764702347005,"Nonce":2152,"Sig":"BE83CcLaj7DWWe3zYFrgaMufu34kDxA0OJSb00N9Rh++na8zotHTZtt4+rr3uHrJjbVzHbQ8KZpY2jwWF0pn10tQBK1dDai77OAIb8IMj1E="}
19:55:48 [INFO] 🔌 [x10] Connecting with kwargs: {'close_timeout': 5.0, 'max_size': 4194304, 'ping_interval': 19.0, 'additional_headers': {'X-Api-Key': 'a1c9207f79f0e57ddc454bf1e16dbe49', 'User-Agent': 'X10PythonTradingClient/0.4.5'}}
19:55:48 [DEBUG] Create Order Send Tx Response: code=200 message='{"ratelimit": "didn\'t use volume quota"}' tx_hash='565a5cac86583b02389ed8712efff4470dd9b2f79bc45e644347addd73aec298ede88c4e7127e890' predicted_execution_time_ms=1764701739983 additional_properties={}
19:55:48 [INFO] Lighter Order: 565a5cac86583b02389ed8712efff4470dd9b2f79bc45e644347addd73aec298ede88c4e7127e890
19:55:48 [INFO] ✅ Lighter close AVNT-USD: Erfolgreich ($27.52)
19:55:48 [INFO] ✅ Lighter AVNT-USD OK, closing X10...
19:55:49 [INFO] ✅ [x10] Connected to wss://api.starknet.extended.exchange/stream.extended.exchange/v1/account
19:55:49 [INFO] ✅ [x10] Keepalive enabled: ping_interval=19.0s, ping_timeout=None (auto-pong)
19:55:49 [INFO] [x10] Resubscribing to 134 channels (paced)...
19:55:49 [INFO] [x10] Receive loop started (async iterator)
19:55:49 [DEBUG] 💓 [x10] Heartbeat monitor started (library handles ping/pong)
19:55:49 [DEBUG] [x10] RAW MSG: {"type":"BALANCE","data":{"isSnapshot":true,"balance":{"collateralName":"USD","balance":"301.913237"
19:55:49 [DEBUG] [x10] RAW MSG: {"type":"ORDER","data":{"isSnapshot":true,"orders":[]},"ts":1764701740674,"seq":2}
19:55:49 [DEBUG] [x10] RAW MSG: {"type":"POSITION","data":{"isSnapshot":true,"positions":[{"id":1995929742812905472,"accountId":1270
19:55:50 [DEBUG] MAX_OPEN_TRADES (3) reached, waiting...
19:55:50 [WARNING] 🛑 Received SIGINT, initiating graceful shutdown...
19:55:50 [INFO] 🛑 Shutting down...
19:55:50 [INFO] 🛑 Initiating graceful shutdown...
19:55:50 [INFO] 🔍 Supervisor loop stopped
19:55:50 [INFO] 🛑 Cancelling logic_loop...
19:55:50 [INFO] 🛑 Cancelling trade_management_loop...
19:55:50 [INFO] 🛑 Cancelling farm_loop...
19:55:50 [INFO] 🛑 Cancelling maintenance_loop...
19:55:50 [INFO] 🛑 Cancelling cleanup_finished_tasks...
19:55:50 [INFO] 🛑 Cancelling health_reporter...
19:55:50 [INFO] 🛑 Cancelling connection_watchdog...
19:55:50 [INFO] Logic loop cancelled
19:55:50 [INFO] Connection watchdog cancelled
19:55:50 [INFO] ✅ All tasks stopped
19:55:50 [INFO] 🛑 Rollback processor: Shutdown signal received
19:55:50 [INFO] ✅ ParallelExecutionManager: Stopped
19:55:51 [DEBUG] ✅ TRX-USD: X10=$345,458, Lighter=$7,693,440, Total=$8,038,898
19:55:55 [DEBUG] ✅ BTC-USD: X10=$25,901,205, Lighter=$3,011, Total=$25,904,216
19:55:55 [WARNING] 🛑 Received SIGINT, initiating graceful shutdown...
19:55:55 [INFO] 🔌 [lighter] WebSocket stopped
19:55:55 [INFO] 🔌 [x10] WebSocket stopped
19:55:55 [INFO] ✅ WebSocketManager stopped
19:55:55 [INFO] ✅ OpenInterestTracker stopped
19:55:55 [INFO] 🛑 Stopping InMemoryStateManager...
19:55:55 [INFO] 📝 State writer loop stopped
19:55:55 [INFO] ✅ InMemoryStateManager stopped
19:55:55 [INFO] 🔒 Closing database...
19:55:55 [INFO] 🖊️ Database write loop stopped
19:55:55 [INFO] ✅ Database closed
19:55:55 [INFO] ✅ X10 Adapter geschlossen.
19:55:55 [INFO] ✅ Lighter Adapter closed
19:55:55 [INFO] ✅ Bot V5 shutdown complete
