21:50:37 [INFO]  CONFIG VALIDIERUNG abgeschlossen.
21:50:37 [INFO] 🔥 BOT V5 (Architected) STARTING...
21:50:37 [INFO] 🚀 Starting InMemoryStateManager...
21:50:37 [INFO] 📂 Initializing database: data/trades.db
21:50:37 [INFO] ✅ Read pool created: 5 connections
21:50:37 [INFO] ✅ WAL mode enabled
21:50:37 [INFO] 🔄 Running database migrations...
21:50:37 [INFO] ✅ Migrations complete (11 statements)
21:50:37 [INFO] ✅ Database initialized
21:50:37 [INFO] 🖊️ Database write loop started
21:50:37 [INFO] 📂 Loaded 2 trades from database
21:50:37 [INFO] ✅ InMemoryStateManager started (loaded 2 trades)
21:50:37 [INFO] ✅ State Manager started
21:50:37 [INFO]  Telegram Bot disabled (Token/ChatID missing).
21:50:37 [INFO] ✅ Async database initialized
21:50:37 [INFO] 📝 State writer loop started
21:50:37 [DEBUG] ✅ Database schema up to date
21:50:37 [INFO] Initialisiere X10 Adapter...
21:50:37 [INFO]  X10 Account initialisiert.
21:50:37 [INFO] Initialisiere Lighter Adapter...
21:50:37 [INFO] 📊 Loading Market Data via REST...
21:50:37 [DEBUG] Sending GET https://api.starknet.extended.exchange/api/v1/info/markets?
21:50:37 [INFO] ⚙️ Lighter: Loading markets...
21:50:38 [DEBUG] Starting new HTTPS connection (1): mainnet.zklighter.elliot.ai:443
21:50:39 [DEBUG] https://mainnet.zklighter.elliot.ai:443 "GET /api/v1/nextNonce?account_index=60113&api_key_index=3 HTTP/1.1" 200 25
21:50:41 [INFO]  X10: 91 Märkte geladen, 91 Funding Rates, 78 Preise
21:51:36 [INFO] ✅ Lighter: 118/118 markets loaded (100.0%)
21:51:36 [INFO] ✅ Markets loaded: X10=91, Lighter=118
21:51:36 [INFO] FundingPredictorV2 initialized with BTC Correlation
21:51:36 [INFO] 启动 OI Tracker für 70 Symbole...
21:51:36 [INFO] ✅ OpenInterestTracker started (interval=30.0s)
21:51:36 [INFO] 🌐 Starting WebSocket Manager...
21:51:36 [INFO] 📊 OI Tracker: Starting cycle 1 (70 symbols)
21:51:36 [INFO] 🔌 [lighter] WebSocket manager started
21:51:36 [INFO] 🔌 [x10] WebSocket manager started
21:51:36 [INFO] ✅ WebSocketManager started
21:51:37 [DEBUG] ✅ EDEN-USD: X10=$15,696, Lighter=$6,699,511, Total=$6,715,207
21:51:37 [INFO] ✅ [lighter] Connected to wss://mainnet.zklighter.elliot.ai/stream
21:51:37 [DEBUG] [lighter] Subscribed to order_book/12
21:51:37 [DEBUG] [lighter] Subscribed to order_book/104
21:51:37 [DEBUG] [lighter] Subscribed to trade/104
21:51:37 [DEBUG] [lighter] Subscribed to order_book/45
21:51:37 [DEBUG] [lighter] Subscribed to trade/45
21:51:37 [INFO] ✅ [x10] Connected to wss://api.starknet.extended.exchange/stream.extended.exchange/v1/account
21:51:37 [DEBUG] [lighter] Subscribed to order_book/94
21:51:37 [DEBUG] [lighter] Subscribed to trade/94
21:51:37 [DEBUG] [lighter] Subscribed to order_book/15
21:51:37 [DEBUG] [lighter] Subscribed to trade/15
21:51:37 [DEBUG] [lighter] Subscribed to order_book/3
21:51:37 [DEBUG] [lighter] Subscribed to order_book/60
21:51:37 [DEBUG] [lighter] Subscribed to trade/60
21:51:37 [DEBUG] [lighter] Subscribed to order_book/58
21:51:37 [DEBUG] [lighter] Subscribed to trade/58
21:51:37 [DEBUG] [lighter] Subscribed to order_book/18
21:51:37 [DEBUG] [lighter] Subscribed to trade/18
21:51:37 [DEBUG] [lighter] Subscribed to order_book/1
21:51:37 [DEBUG] [lighter] Subscribed to trade/1
21:51:37 [DEBUG] [lighter] Subscribed to order_book/29
21:51:37 [DEBUG] [lighter] Subscribed to order_book/55
21:51:37 [DEBUG] [lighter] Subscribed to trade/55
21:51:37 [DEBUG] [lighter] Subscribed to order_book/7
21:51:37 [DEBUG] [lighter] Subscribed to trade/7
21:51:37 [DEBUG] [lighter] Subscribed to order_book/93
21:51:37 [DEBUG] [lighter] Subscribed to trade/93
21:51:37 [DEBUG] [lighter] Subscribed to trade/3
21:51:37 [DEBUG] [lighter] Subscribed to order_book/40
21:51:37 [DEBUG] [lighter] Subscribed to trade/40
21:51:37 [DEBUG] [lighter] Subscribed to order_book/67
21:51:37 [DEBUG] [lighter] Subscribed to trade/67
21:51:37 [DEBUG] [lighter] Subscribed to order_book/26
21:51:37 [DEBUG] [lighter] Subscribed to trade/26
21:51:37 [DEBUG] [lighter] Subscribed to trade/63
21:51:37 [DEBUG] [lighter] Subscribed to order_book/90
21:51:37 [DEBUG] [lighter] Subscribed to trade/90
21:51:37 [DEBUG] [lighter] Subscribed to order_book/25
21:51:37 [DEBUG] [lighter] Subscribed to trade/25
21:51:37 [DEBUG] [lighter] Subscribed to order_book/76
21:51:37 [DEBUG] [lighter] Subscribed to trade/76
21:51:37 [DEBUG] [lighter] Subscribed to order_book/9
21:51:37 [DEBUG] [lighter] Subscribed to trade/9
21:51:37 [DEBUG] [lighter] Subscribed to order_book/20
21:51:37 [DEBUG] [lighter] Subscribed to trade/20
21:51:37 [DEBUG] [lighter] Subscribed to order_book/46
21:51:37 [DEBUG] [lighter] Subscribed to order_book/8
21:51:37 [DEBUG] [lighter] Subscribed to trade/8
21:51:37 [DEBUG] [lighter] Subscribed to order_book/4
21:51:37 [DEBUG] [lighter] Subscribed to trade/4
21:51:37 [DEBUG] [lighter] Subscribed to order_book/43
21:51:37 [DEBUG] [lighter] Subscribed to trade/43
21:51:38 [DEBUG] [lighter] Subscribed to order_book/17
21:51:38 [DEBUG] [lighter] Subscribed to trade/17
21:51:38 [DEBUG] [lighter] Subscribed to order_book/30
21:51:38 [DEBUG] [lighter] Subscribed to order_book/23
21:51:38 [DEBUG] [lighter] Subscribed to trade/23
21:51:38 [DEBUG] [lighter] Subscribed to order_book/13
21:51:38 [DEBUG] [lighter] Subscribed to trade/13
21:51:38 [DEBUG] [lighter] Subscribed to order_book/86
21:51:38 [DEBUG] [lighter] Subscribed to trade/86
21:51:38 [DEBUG] [lighter] Subscribed to trade/16
21:51:38 [DEBUG] [lighter] Subscribed to order_book/39
21:51:38 [DEBUG] [lighter] Subscribed to trade/39
21:51:38 [DEBUG] [lighter] Subscribed to order_book/24
21:51:38 [DEBUG] [lighter] Subscribed to trade/24
21:51:38 [DEBUG] [lighter] Subscribed to order_book/32
21:51:38 [DEBUG] [lighter] Subscribed to trade/32
21:51:38 [DEBUG] [lighter] Subscribed to order_book/41
21:51:38 [DEBUG] [lighter] Subscribed to trade/41
21:51:38 [DEBUG] [lighter] Subscribed to order_book/5
21:51:38 [DEBUG] [lighter] Subscribed to trade/5
21:51:38 [DEBUG] [lighter] Subscribed to trade/50
21:51:38 [DEBUG] [lighter] Subscribed to order_book/51
21:51:38 [DEBUG] [lighter] Subscribed to trade/51
21:51:38 [DEBUG] [lighter] Subscribed to order_book/53
21:51:38 [DEBUG] [lighter] Subscribed to trade/53
21:51:38 [DEBUG] [x10] Subscribed to publicTrades/EDEN/USD
21:51:38 [DEBUG] [x10] Subscribed to funding/EDEN/USD
21:51:38 [DEBUG] [lighter] Subscribed to trade/6
21:51:38 [DEBUG] [x10] Subscribed to publicTrades/AAVE/USD
21:51:38 [DEBUG] [x10] Subscribed to funding/AAVE/USD
21:51:38 [DEBUG] [lighter] Subscribed to trade/34
21:51:38 [DEBUG] [x10] Subscribed to publicTrades/WLFI/USD
21:51:38 [DEBUG] [x10] Subscribed to funding/WLFI/USD
21:51:38 [DEBUG] [x10] Subscribed to publicTrades/CRV/USD
21:51:38 [DEBUG] [x10] Subscribed to funding/CRV/USD
21:51:38 [DEBUG] [lighter] Subscribed to trade/46
21:51:38 [DEBUG] [x10] Subscribed to publicTrades/MON/USD
21:51:38 [DEBUG] [x10] Subscribed to funding/MON/USD
21:51:38 [DEBUG] [x10] Subscribed to publicTrades/TON/USD
21:51:38 [DEBUG] [x10] Subscribed to funding/TON/USD
21:51:38 [DEBUG] [lighter] Subscribed to order_book/98
21:51:38 [DEBUG] [x10] Subscribed to publicTrades/ARB/USD
21:51:38 [DEBUG] [x10] Subscribed to funding/ARB/USD
21:51:38 [DEBUG] [x10] Subscribed to publicTrades/KAITO/USD
21:51:38 [DEBUG] [x10] Subscribed to funding/KAITO/USD
21:51:38 [DEBUG] [lighter] Subscribed to trade/83
21:51:38 [DEBUG] [x10] Subscribed to publicTrades/ENA/USD
21:51:38 [DEBUG] [x10] Subscribed to funding/ENA/USD
21:51:38 [DEBUG] [lighter] Subscribed to trade/47
21:51:38 [DEBUG] [x10] Subscribed to publicTrades/SPX/USD
21:51:38 [DEBUG] [x10] Subscribed to funding/SPX/USD
21:51:38 [DEBUG] [x10] Subscribed to publicTrades/FIL/USD
21:51:38 [DEBUG] [x10] Subscribed to funding/FIL/USD
21:51:38 [DEBUG] [lighter] Subscribed to order_book/36
21:51:38 [DEBUG] [x10] Subscribed to publicTrades/MKR/USD
21:51:38 [DEBUG] [x10] Subscribed to funding/MKR/USD
21:51:38 [DEBUG] [x10] Subscribed to publicTrades/MNT/USD
21:51:38 [DEBUG] [x10] Subscribed to funding/MNT/USD
21:51:38 [DEBUG] [lighter] Subscribed to trade/12
21:51:39 [DEBUG] [x10] Subscribed to publicTrades/PENGU/USD
21:51:39 [DEBUG] [x10] Subscribed to funding/PENGU/USD
21:51:39 [DEBUG] [lighter] Subscribed to order_book/72
21:51:39 [DEBUG] [x10] Subscribed to publicTrades/GRASS/USD
21:51:39 [DEBUG] [x10] Subscribed to funding/GRASS/USD
21:51:39 [DEBUG] [x10] Subscribed to publicTrades/IP/USD
21:51:39 [DEBUG] [x10] Subscribed to funding/IP/USD
21:51:39 [DEBUG] [lighter] Subscribed to trade/72
21:51:39 [DEBUG] [x10] Subscribed to publicTrades/NEAR/USD
21:51:39 [DEBUG] [x10] Subscribed to funding/NEAR/USD
21:51:39 [DEBUG] [x10] Subscribed to publicTrades/XAU/USD
21:51:39 [DEBUG] [x10] Subscribed to funding/XAU/USD
21:51:39 [DEBUG] [lighter] Subscribed to trade/103
21:51:39 [DEBUG] [x10] Subscribed to publicTrades/LDO/USD
21:51:39 [DEBUG] [x10] Subscribed to funding/LDO/USD
21:51:39 [DEBUG] [lighter] Subscribed to order_book/28
21:51:39 [DEBUG] [x10] Subscribed to publicTrades/AVNT/USD
21:51:39 [DEBUG] [x10] Subscribed to funding/AVNT/USD
21:51:39 [DEBUG] [x10] Subscribed to publicTrades/SOL/USD
21:51:39 [DEBUG] [x10] Subscribed to funding/SOL/USD
21:51:39 [DEBUG] [lighter] Subscribed to order_book/10
21:51:39 [DEBUG] [x10] Subscribed to publicTrades/SUI/USD
21:51:39 [DEBUG] [x10] Subscribed to funding/SUI/USD
21:51:39 [DEBUG] [x10] Subscribed to publicTrades/PENDLE/USD
21:51:39 [DEBUG] [x10] Subscribed to funding/PENDLE/USD
21:51:39 [DEBUG] [lighter] Subscribed to order_book/34
21:51:39 [DEBUG] [x10] Subscribed to publicTrades/USDJPY/USD
21:51:39 [DEBUG] [x10] Subscribed to funding/USDJPY/USD
21:51:39 [DEBUG] [x10] Subscribed to publicTrades/DOT/USD
21:51:39 [DEBUG] [x10] Subscribed to funding/DOT/USD
21:51:39 [DEBUG] [lighter] Subscribed to trade/28
21:51:39 [DEBUG] [x10] Subscribed to publicTrades/UNI/USD
21:51:39 [DEBUG] [x10] Subscribed to funding/UNI/USD
21:51:39 [DEBUG] [x10] Subscribed to publicTrades/ONDO/USD
21:51:39 [DEBUG] [x10] Subscribed to funding/ONDO/USD
21:51:39 [DEBUG] [lighter] Subscribed to trade/2
21:51:39 [DEBUG] [x10] Subscribed to publicTrades/AERO/USD
21:51:39 [DEBUG] [x10] Subscribed to funding/AERO/USD
21:51:39 [DEBUG] [x10] Subscribed to publicTrades/FARTCOIN/USD
21:51:39 [DEBUG] [x10] Subscribed to funding/FARTCOIN/USD
21:51:39 [DEBUG] [lighter] Subscribed to trade/29
21:51:39 [DEBUG] [x10] Subscribed to publicTrades/EIGEN/USD
21:51:39 [DEBUG] [x10] Subscribed to funding/EIGEN/USD
21:51:40 [DEBUG] [lighter] Subscribed to trade/27
21:51:40 [DEBUG] [x10] Subscribed to publicTrades/DOGE/USD
21:51:40 [DEBUG] [x10] Subscribed to funding/DOGE/USD
21:51:40 [DEBUG] [x10] Subscribed to publicTrades/LTC/USD
21:51:40 [DEBUG] [x10] Subscribed to funding/LTC/USD
21:51:40 [DEBUG] [x10] Subscribed to publicTrades/WLD/USD
21:51:40 [DEBUG] [x10] Subscribed to funding/WLD/USD
21:51:40 [DEBUG] [lighter] Subscribed to trade/52
21:51:40 [DEBUG] [x10] Subscribed to publicTrades/ASTER/USD
21:51:40 [DEBUG] [x10] Subscribed to funding/ASTER/USD
21:51:40 [DEBUG] [lighter] Subscribed to order_book/63
21:51:40 [DEBUG] [x10] Subscribed to publicTrades/XPL/USD
21:51:40 [DEBUG] [x10] Subscribed to funding/XPL/USD
21:51:40 [DEBUG] [x10] Subscribed to publicTrades/APT/USD
21:51:40 [DEBUG] [x10] Subscribed to funding/APT/USD
21:51:40 [DEBUG] [lighter] Subscribed to order_book/71
21:51:40 [DEBUG] [x10] Subscribed to publicTrades/STRK/USD
21:51:40 [DEBUG] [x10] Subscribed to funding/STRK/USD
21:51:40 [DEBUG] [x10] Subscribed to publicTrades/PUMP/USD
21:51:40 [DEBUG] [x10] Subscribed to funding/PUMP/USD
21:51:40 [DEBUG] [lighter] Subscribed to trade/42
21:51:40 [DEBUG] [x10] Subscribed to publicTrades/MEGA/USD
21:51:40 [DEBUG] [x10] Subscribed to funding/MEGA/USD
21:51:40 [DEBUG] [x10] Subscribed to publicTrades/TRUMP/USD
21:51:40 [DEBUG] [x10] Subscribed to funding/TRUMP/USD
21:51:40 [DEBUG] [lighter] Subscribed to trade/11
21:51:40 [DEBUG] [x10] Subscribed to publicTrades/ZRO/USD
21:51:40 [DEBUG] [x10] Subscribed to funding/ZRO/USD
21:51:40 [DEBUG] [x10] Subscribed to publicTrades/BCH/USD
21:51:40 [DEBUG] [x10] Subscribed to funding/BCH/USD
21:51:40 [DEBUG] [lighter] Subscribed to order_book/42
21:51:40 [DEBUG] [x10] Subscribed to publicTrades/1000BONK/USD
21:51:40 [DEBUG] [x10] Subscribed to funding/1000BONK/USD
21:51:40 [DEBUG] [x10] Subscribed to publicTrades/BTC/USD
21:51:40 [DEBUG] [x10] Subscribed to funding/BTC/USD
21:51:40 [DEBUG] [lighter] Subscribed to order_book/37
21:51:40 [DEBUG] [x10] Subscribed to publicTrades/OP/USD
21:51:40 [DEBUG] [x10] Subscribed to funding/OP/USD
21:51:40 [DEBUG] [x10] Subscribed to publicTrades/XRP/USD
21:51:40 [DEBUG] [x10] Subscribed to funding/XRP/USD
21:51:40 [DEBUG] [lighter] Subscribed to order_book/92
21:51:40 [DEBUG] [x10] Subscribed to publicTrades/XAG/USD
21:51:40 [DEBUG] [x10] Subscribed to funding/XAG/USD
21:51:40 [DEBUG] [x10] Subscribed to publicTrades/S/USD
21:51:40 [DEBUG] [x10] Subscribed to funding/S/USD
21:51:40 [DEBUG] ✅ AAVE-USD: X10=$295,574, Lighter=$44,929, Total=$340,503
21:51:40 [DEBUG] [lighter] Subscribed to order_book/52
21:51:40 [DEBUG] [x10] Subscribed to publicTrades/ETH/USD
21:51:40 [DEBUG] [x10] Subscribed to funding/ETH/USD
21:51:40 [DEBUG] [x10] Subscribed to publicTrades/TIA/USD
21:51:40 [DEBUG] [x10] Subscribed to funding/TIA/USD
21:51:40 [DEBUG] [lighter] Subscribed to order_book/21
21:51:41 [DEBUG] [x10] Subscribed to publicTrades/JUP/USD
21:51:41 [DEBUG] [x10] Subscribed to funding/JUP/USD
21:51:41 [DEBUG] [x10] Subscribed to publicTrades/ZEC/USD
21:51:41 [DEBUG] [x10] Subscribed to funding/ZEC/USD
21:51:41 [DEBUG] [lighter] Subscribed to market_stats/all
21:51:41 [DEBUG] [x10] Subscribed to publicTrades/BNB/USD
21:51:41 [DEBUG] [x10] Subscribed to funding/BNB/USD
21:51:41 [DEBUG] [x10] Subscribed to publicTrades/LINEA/USD
21:51:41 [DEBUG] [x10] Subscribed to funding/LINEA/USD
21:51:41 [DEBUG] [lighter] Subscribed to trade/38
21:51:41 [DEBUG] [x10] Subscribed to publicTrades/AVAX/USD
21:51:41 [DEBUG] [x10] Subscribed to funding/AVAX/USD
21:51:41 [DEBUG] [x10] Subscribed to publicTrades/BERA/USD
21:51:41 [DEBUG] [x10] Subscribed to funding/BERA/USD
21:51:41 [DEBUG] [lighter] Subscribed to order_book/47
21:51:41 [DEBUG] [x10] Subscribed to publicTrades/LINK/USD
21:51:41 [DEBUG] [x10] Subscribed to funding/LINK/USD
21:51:41 [DEBUG] [x10] Subscribed to publicTrades/1000PEPE/USD
21:51:41 [DEBUG] [x10] Subscribed to funding/1000PEPE/USD
21:51:41 [DEBUG] [lighter] Subscribed to order_book/103
21:51:41 [DEBUG] [x10] Subscribed to publicTrades/TRX/USD
21:51:41 [DEBUG] [x10] Subscribed to funding/TRX/USD
21:51:41 [DEBUG] [x10] Subscribed to publicTrades/1000SHIB/USD
21:51:41 [DEBUG] [x10] Subscribed to funding/1000SHIB/USD
21:51:41 [DEBUG] [lighter] Subscribed to order_book/65
21:51:41 [DEBUG] [x10] Subscribed to publicTrades/POPCAT/USD
21:51:41 [DEBUG] [x10] Subscribed to funding/POPCAT/USD
21:51:41 [DEBUG] [x10] Subscribed to publicTrades/TAO/USD
21:51:41 [DEBUG] [x10] Subscribed to funding/TAO/USD
21:51:41 [DEBUG] [lighter] Subscribed to trade/49
21:51:41 [DEBUG] [x10] Subscribed to publicTrades/APEX/USD
21:51:41 [DEBUG] [x10] Subscribed to funding/APEX/USD
21:51:41 [DEBUG] [x10] Subscribed to publicTrades/ADA/USD
21:51:41 [DEBUG] [x10] Subscribed to funding/ADA/USD
21:51:41 [DEBUG] [lighter] Subscribed to order_book/11
21:51:41 [DEBUG] [x10] Subscribed to publicTrades/HYPE/USD
21:51:41 [DEBUG] [x10] Subscribed to funding/HYPE/USD
21:51:41 [DEBUG] [x10] Subscribed to publicTrades/SEI/USD
21:51:41 [DEBUG] [x10] Subscribed to funding/SEI/USD
21:51:41 [DEBUG] [lighter] Subscribed to order_book/89
21:51:41 [DEBUG] [x10] Subscribed to publicTrades/VIRTUAL/USD
21:51:41 [DEBUG] [x10] Subscribed to funding/VIRTUAL/USD
21:51:41 [DEBUG] [x10] Subscribed to publicTrades/WIF/USD
21:51:41 [DEBUG] [x10] Subscribed to funding/WIF/USD
21:51:41 [DEBUG] [lighter] Subscribed to order_book/91
21:51:41 [DEBUG] [x10] Subscribed to publicTrades/RESOLV/USD
21:51:41 [DEBUG] [x10] Subscribed to funding/RESOLV/USD
21:51:41 [DEBUG] [x10] Subscribed to publicTrades/ZORA/USD
21:51:41 [DEBUG] [x10] Subscribed to funding/ZORA/USD
21:51:41 [DEBUG] [lighter] Subscribed to trade/33
21:51:41 [INFO] 🔗 Components Wired: WS -> OI Tracker -> Prediction
21:51:41 [INFO] 🧟 Starte Zombie-Check: Vergleiche DB mit echten Positionen...
21:51:41 [INFO] 🔍 DB meldet 2 offene Trades. Prüfe Exchange...
21:51:41 [DEBUG] Sending GET https://api.starknet.extended.exchange/api/v1/user/positions?
21:51:42 [DEBUG] [lighter] Subscribed to order_book/33
21:51:42 [DEBUG] [lighter] Subscribed to order_book/27
21:51:42 [DEBUG] [lighter] Subscribed to trade/36
21:51:42 [DEBUG] [lighter] Subscribed to trade/98
21:51:42 [DEBUG] [lighter] Subscribed to trade/71
21:51:42 [DEBUG] [lighter] Subscribed to order_book/49
21:51:42 [DEBUG] [lighter] Subscribed to order_book/16
21:51:42 [DEBUG] [lighter] Subscribed to trade/30
21:51:42 [DEBUG] [lighter] Subscribed to order_book/50
21:51:42 [DEBUG] [lighter] Subscribed to order_book/82
21:51:42 [DEBUG] [lighter] Subscribed to order_book/31
21:51:43 [DEBUG] [lighter] Subscribed to trade/89
21:51:43 [DEBUG] [lighter] Subscribed to trade/21
21:51:43 [DEBUG] [lighter] Subscribed to trade/65
21:51:43 [DEBUG] [lighter] Subscribed to order_book/6
21:51:43 [DEBUG] [lighter] Subscribed to trade/31
21:51:43 [DEBUG] [lighter] Subscribed to trade/91
21:51:43 [DEBUG] [lighter] Subscribed to trade/92
21:51:43 [INFO] Lighter: Found 0 open positions
21:51:43 [INFO] 🌍 Echte Positionen auf Exchanges: []
21:51:43 [WARNING] ⚠️  ZOMBIE GEFUNDEN: RESOLV-USD ist in DB offen, aber nicht auf Exchange. Schließe ihn...
21:51:43 [INFO] ✅ Trade RESOLV-USD closed (PnL: $0.00)
21:51:43 [WARNING] ⚠️  ZOMBIE GEFUNDEN: OP-USD ist in DB offen, aber nicht auf Exchange. Schließe ihn...
21:51:43 [INFO] ✅ Trade OP-USD closed (PnL: $0.00)
21:51:43 [INFO] ✅ ParallelExecutionManager: Rollback processor started
21:51:43 [INFO] ✅ ParallelExecutionManager started
21:51:43 [INFO] 📝 Registered task: logic_loop (critical=True)
21:51:43 [INFO] 📝 Registered task: trade_management_loop (critical=True)
21:51:43 [INFO] 📝 Registered task: farm_loop (critical=False)
21:51:43 [INFO] 📝 Registered task: maintenance_loop (critical=False)
21:51:43 [INFO] 📝 Registered task: cleanup_finished_tasks (critical=False)
21:51:43 [INFO] 📝 Registered task: health_reporter (critical=False)
21:51:43 [INFO] 📝 Registered task: connection_watchdog (critical=True)
21:51:43 [INFO] ✅ Signal handlers installed (SIGINT, SIGTERM)
21:51:43 [INFO] ▶️  Started task: logic_loop
21:51:43 [INFO] ▶️  Started task: trade_management_loop
21:51:43 [INFO] ▶️  Started task: farm_loop
21:51:43 [INFO] ▶️  Started task: maintenance_loop
21:51:43 [INFO] ▶️  Started task: cleanup_finished_tasks
21:51:43 [INFO] ▶️  Started task: health_reporter
21:51:43 [INFO] ▶️  Started task: connection_watchdog
21:51:43 [INFO] 🚀 Started 7 tasks
21:51:43 [INFO] ═══════════════════════════════════════════════════════════
21:51:43 [INFO]    BOT V5 RUNNING 24/7 - SUPERVISED | Ctrl+C = Stop   
21:51:43 [INFO] ═══════════════════════════════════════════════════════════
21:51:43 [INFO] 🔄 Rollback processor running...
21:51:43 [INFO] Logic Loop gestartet – REFRESH alle 3s
21:51:43 [INFO] ⚡ Latency Arb Detector initialized (threshold: 1.0s)
21:51:43 [INFO] ❄️ Warming up caches (waiting for WS data)... X10=91, Lit=0
21:51:43 [INFO] 🛡️ Trade Management Loop gestartet
21:51:43 [INFO] 🚜 Farm Mode ACTIVE
21:51:43 [DEBUG] Sending GET https://api.starknet.extended.exchange/api/v1/user/balance
21:51:43 [DEBUG] 📊 X10 Funding Cache refresh (current=91)
21:51:43 [INFO] 🐕 Connection Watchdog gestartet (Timeout: 120s)
21:51:43 [INFO] 🔍 Supervisor loop started
21:51:43 [DEBUG] 📝 Flushed 1 writes
21:51:43 [DEBUG] 📝 Flushed 1 writes in 15.0ms
21:51:43 [DEBUG] [lighter] Subscribed to order_book/2
21:51:43 [DEBUG] Sending GET https://api.starknet.extended.exchange/api/v1/info/markets?
21:51:43 [DEBUG] [lighter] Subscribed to order_book/35
21:51:43 [DEBUG] [lighter] Subscribed to order_book/38
21:51:43 [DEBUG] [lighter] Subscribed to trade/10
21:51:44 [DEBUG] [lighter] Subscribed to trade/82
21:51:44 [DEBUG] [lighter] Subscribed to trade/37
21:51:44 [DEBUG] [lighter] Subscribed to order_book/83
21:51:44 [DEBUG] [lighter] Subscribed to trade/35
21:51:44 [DEBUG] ✅ MON-USD: X10=$294,394, Lighter=$239,236,713, Total=$239,531,107
21:51:44 [DEBUG] 📝 Flushed 1 writes
21:51:44 [DEBUG] 📝 Flushed 1 writes in 0.0ms
21:51:44 [DEBUG] Lighter Balance: Raw=$301.32, Safe=$286.25
21:51:44 [INFO] 🚜 Opening FARM: EDEN-USD APY=26.3%
21:51:44 [DEBUG] Sending GET https://api.starknet.extended.exchange/api/v1/user/positions?
21:51:45 [INFO]  X10: 91 Märkte geladen, 91 Funding Rates, 78 Preise
21:51:45 [DEBUG] X10: Funding Refresh OK, cache=91
21:51:45 [DEBUG] 📊 Lighter Funding Cache refresh (current=0)
21:51:45 [INFO] Lighter: Found 0 open positions
21:51:45 [DEBUG] ✅ EDEN-USD verified: No existing positions on exchanges
21:51:45 [INFO]  Volatility Monitor initialized: Low<3.0%, Normal<10.0%, High<20.0%, Hard Cap<50.0%
21:51:45 [DEBUG] Sending GET https://api.starknet.extended.exchange/api/v1/user/balance
21:51:46 [INFO] 🎲 KellyPositionSizer initialized (Safety=0.25, MaxFraction=0.1)
21:51:46 [INFO] 🎰 KELLY EDEN-USD: win_rate=80.0%, kelly_fraction=0.6000, safe_fraction=0.0500, confidence=LOW, samples=0
21:51:46 [INFO] 📊 KELLY SIZE EDEN-USD: base=$30.0, kelly_recommended=$14.3, final=$30.0
21:51:46 [INFO] 🚀 Opening EDEN-USD: Size=$30.0 (Min=$11.0)
21:51:46 [INFO] 🔄 [PARALLEL] EDEN-USD: Lighter POST-ONLY first
21:51:46 [INFO] 🚀 LIGHTER OPEN EDEN-USD: side=SELL, size_usd=$30.00, price=$0.079760
21:51:46 [INFO] 🔄 [PARALLEL] EDEN-USD: X10 MARKET order
21:51:46 [DEBUG] Create Order Tx Info: {"AccountIndex":60113,"ApiKeyIndex":3,"MarketIndex":89,"ClientOrderIndex":1764535982952,"BaseAmount":3784,"Price":7928,"IsAsk":1,"Type":0,"TimeInForce":1,"ReduceOnly":0,"TriggerPrice":0,"OrderExpiry":1766955106115,"ExpiredAt":1764536505115,"Nonce":1826,"Sig":"CWgg8n23KBmkyvv0YWfkFh+SszyaBgqz3f4MqHimdIrQdITut0jbPw6sNQY1LwD60AtKkcmnm1Fuf/SE4yCLAYmSO/FymzZ37UiykdHJzXI="}
21:51:46 [DEBUG] Sending GET https://api.starknet.extended.exchange/api/v1/info/markets?
21:51:46 [DEBUG] Lighter: Loaded 389 funding rates
21:51:46 [DEBUG] Lighter: Funding Refresh OK, cache=118
21:51:46 [DEBUG] Create Order Send Tx Response: code=200 message='{"ratelimit": "didn\'t use volume quota"}' tx_hash='e9cd0905ce3e9f799623de2cb1e6fd790588f525e94d15cb337592dee6f2b5ccdb47f86f3cfd92fa' predicted_execution_time_ms=1764535900027 additional_properties={}
21:51:46 [INFO] Lighter Order: e9cd0905ce3e9f799623de2cb1e6fd790588f525e94d15cb337592dee6f2b5ccdb47f86f3cfd92fa
21:51:46 [INFO] 🔍 🚜 FARM Scanning 70 pairs. Open symbols to skip: set()
21:51:46 [DEBUG] Price cache status: X10=70/70, Lighter=70/70
21:51:46 [INFO] 🔍 Scanning 70 pairs. Lighter markets: 118, X10 markets: 91
21:51:46 [INFO] ✅ Found 0 opportunities with predictions (farm_mode=True)
21:51:46 [INFO] ⚠️ Keine Prediction-Opportunities, nutze Fallback mit echten Funding Rates...
21:51:46 [DEBUG] ⛔ Skip SPX-USD: TradFi/FX
21:51:46 [DEBUG] ⛔ Skip XAU-USD: TradFi/FX
21:51:46 [DEBUG] ⛔ Skip AERO-USD: In BLACKLIST
21:51:46 [DEBUG] ⛔ Skip MEGA-USD: In BLACKLIST
21:51:46 [DEBUG] ⛔ Skip XAG-USD: TradFi/FX
21:51:46 [INFO] 🔍 DEBUG RESOLV-USD: rl=-0.00042800, rx=-0.00033700, net=-0.00009100, apy=79.7%
21:51:46 [INFO] 💎 RESOLV-USD | APY: 79.7%
21:51:46 [INFO] 🔍 DEBUG ZORA-USD: rl=-0.00022600, rx=-0.00015300, net=-0.00007300, apy=63.9%
21:51:46 [INFO] 💎 ZORA-USD | APY: 63.9%
21:51:46 [INFO] ✅ Found 36 opportunities from 65 valid pairs (farm_mode=True, scanned=70)
21:51:46 [INFO] 🎯 Found 3 opportunities, executing best...
21:51:46 [DEBUG] Sending GET https://api.starknet.extended.exchange/api/v1/user/balance
21:51:47 [INFO] 🔍 Running periodic exchange sync check...
21:51:47 [INFO] 🔍 Starting Exchange Sync Check...
21:51:47 [DEBUG] Sending GET https://api.starknet.extended.exchange/api/v1/user/positions?
21:51:47 [DEBUG] Lighter Balance: Raw=$301.30, Safe=$286.24
21:51:48 [INFO] X10: Detected balance = $304.52
21:51:48 [INFO] 🚀 Launching 3 trades (Slots available: 3)
21:51:48 [DEBUG] Sending GET https://api.starknet.extended.exchange/api/v1/user/positions?
21:51:48 [DEBUG] Placing an order: id=548811399817145585712049780440887476646821316600740418844280999095466719092
21:51:48 [DEBUG] Sending POST https://api.starknet.extended.exchange/api/v1/user/order, headers={<RequestHeader.ACCEPT: 'Accept'>: 'application/json', <RequestHeader.CONTENT_TYPE: 'Content-Type'>: 'application/json', <RequestHeader.USER_AGENT: 'User-Agent'>: 'X10PythonTradingClient/0.0.17', <RequestHeader.API_KEY: 'X-Api-Key'>: 'a1c9207f79f0e57ddc454bf1e16dbe49'}
21:51:48 [INFO] Lighter: Found 1 open positions
21:51:48 [ERROR] 🚨 DESYNC DETECTED: Positions only on Lighter: {'EDEN-USD'}
21:51:48 [ERROR] ⚠️ These are UNHEDGED and create directional risk!
21:51:48 [WARNING] 🔻 Closing orphaned Lighter position: EDEN-USD
21:51:48 [ERROR] Failed to close Lighter orphan EDEN-USD: '<' not supported between instances of 'float' and 'str'
21:51:48 [DEBUG] ✅ WLFI-USD: X10=$655,636, Lighter=$24,208,552, Total=$24,864,188
21:51:48 [INFO] Lighter: Found 1 open positions
21:51:48 [INFO] 💰 Balance: X10=$304.5 (free=$265.2), Lit=$286.2 (free=$246.9) | DB_Trades=0, Real_Positions=1, Locked=$5/ex
21:51:48 [INFO] 🚀 Launching trade for RESOLV-USD (APY=79.7%)
21:51:48 [DEBUG] Sending GET https://api.starknet.extended.exchange/api/v1/user/positions?
21:51:49 [INFO] 🚀 Launching trade for ZORA-USD (APY=63.9%)
21:51:49 [DEBUG] Sending GET https://api.starknet.extended.exchange/api/v1/user/positions?
21:51:49 [INFO]  X10 Order: 1995234305245810688
21:51:49 [INFO] ✅ [PARALLEL] EDEN-USD: Both legs filled in 3282ms
21:51:49 [DEBUG] 📝 Trade added to state: EDEN-USD
21:51:49 [DEBUG] 🧹 Cleaned task: EDEN-USD
21:51:49 [DEBUG] 📝 Flushed 1 writes
21:51:49 [DEBUG] 📝 Flushed 1 writes in 0.0ms
21:51:49 [INFO] Lighter: Found 1 open positions
21:51:49 [DEBUG] ✅ RESOLV-USD verified: No existing positions on exchanges
21:51:49 [DEBUG] Sending GET https://api.starknet.extended.exchange/api/v1/user/balance
21:51:49 [DEBUG] Fetching fresh positions (force=False, cache_age=1764535909.7s)
21:51:49 [DEBUG] Sending GET https://api.starknet.extended.exchange/api/v1/user/positions?
21:51:49 [INFO] 🚀 Launching trade for OP-USD (APY=49.9%)
21:51:49 [DEBUG] Sending GET https://api.starknet.extended.exchange/api/v1/user/positions?
21:51:49 [INFO] Lighter: Found 1 open positions
21:51:49 [DEBUG] ✅ ZORA-USD verified: No existing positions on exchanges
21:51:49 [DEBUG] Skip ZORA-USD: Min Req $25.00 > Max Config $20.0
21:51:50 [INFO] Lighter: Found 1 open positions
21:51:50 [INFO] 📊 Positions: X10=1, Lighter=1
21:51:50 [DEBUG] X10 positions: ['EDEN-USD']
21:51:50 [DEBUG] Lighter positions: ['EDEN-USD']
21:51:50 [INFO] 🔍 DEBUG EDEN-USD: entry_time type=<class 'str'>, value=2025-11-30T20:51:49.382297+00:00
21:51:50 [DEBUG] Check EDEN-USD: Age=0.7s (Limit=60s)
21:51:50 [INFO] ✅ Launched 3 trade tasks this cycle
21:51:51 [DEBUG] Using cached positions (age: 1.5s)
21:51:51 [INFO] 🔍 DEBUG EDEN-USD: entry_time type=<class 'str'>, value=2025-11-30T20:51:49.382297+00:00
21:51:51 [DEBUG] Check EDEN-USD: Age=1.7s (Limit=60s)
21:51:51 [DEBUG] Lighter Balance: Raw=$301.32, Safe=$286.25
21:51:51 [INFO] 🎰 KELLY RESOLV-USD: win_rate=80.0%, kelly_fraction=0.6000, safe_fraction=0.0500, confidence=LOW, samples=0
21:51:51 [INFO] 📊 KELLY SIZE RESOLV-USD: base=$30.0, kelly_recommended=$14.3, final=$30.0
21:51:51 [INFO] 🚀 Opening RESOLV-USD: Size=$30.0 (Min=$11.0)
21:51:51 [INFO] 🔄 [PARALLEL] RESOLV-USD: Lighter POST-ONLY first
21:51:51 [INFO] 🚀 LIGHTER OPEN RESOLV-USD: side=SELL, size_usd=$30.00, price=$0.077476
21:51:51 [INFO] 🔄 [PARALLEL] RESOLV-USD: X10 MARKET order
21:51:51 [INFO] Lighter: Found 1 open positions
21:51:51 [DEBUG] ✅ OP-USD verified: No existing positions on exchanges
21:51:51 [DEBUG] Create Order Tx Info: {"AccountIndex":60113,"ApiKeyIndex":3,"MarketIndex":51,"ClientOrderIndex":1764535915377,"BaseAmount":390,"Price":77011,"IsAsk":1,"Type":0,"TimeInForce":1,"ReduceOnly":0,"TriggerPrice":0,"OrderExpiry":1766955111181,"ExpiredAt":1764536510181,"Nonce":1827,"Sig":"sPmw2NhtHG2MBMssGgIei+4AqlGZWByPd7O7BuX7WK2mrfnAFFvdB3BBCGF5ctTAKb6dPRgDF+z7L1GjtsvbtI1YFQ0DwdcW6LDNGJlTglw="}
21:51:51 [DEBUG] Placing an order: id=3373648753365728042055698256147167786065419828185862814670554240701530361763
21:51:51 [DEBUG] Sending POST https://api.starknet.extended.exchange/api/v1/user/order, headers={<RequestHeader.ACCEPT: 'Accept'>: 'application/json', <RequestHeader.CONTENT_TYPE: 'Content-Type'>: 'application/json', <RequestHeader.USER_AGENT: 'User-Agent'>: 'X10PythonTradingClient/0.0.17', <RequestHeader.API_KEY: 'X-Api-Key'>: 'a1c9207f79f0e57ddc454bf1e16dbe49'}
21:51:51 [DEBUG] Sending GET https://api.starknet.extended.exchange/api/v1/user/balance
21:51:51 [DEBUG] Create Order Send Tx Response: code=200 message='{"ratelimit": "didn\'t use volume quota"}' tx_hash='bfa65cd071048e19e2e4eb5ed8b6a12e845897e800600ef297f2ab19747b69518e37bce90358f88c' predicted_execution_time_ms=1764535905091 additional_properties={}
21:51:51 [INFO] Lighter Order: bfa65cd071048e19e2e4eb5ed8b6a12e845897e800600ef297f2ab19747b69518e37bce90358f88c
21:51:51 [INFO]  X10 Order: 1995234314195939328
21:51:51 [INFO] ✅ [PARALLEL] RESOLV-USD: Both legs filled in 344ms
21:51:51 [DEBUG] 📝 Trade added to state: RESOLV-USD
21:51:51 [DEBUG] 📝 Flushed 1 writes
21:51:51 [DEBUG] 📝 Flushed 1 writes in 15.0ms
21:51:51 [INFO] 🎰 KELLY OP-USD: win_rate=80.0%, kelly_fraction=0.6000, safe_fraction=0.0500, confidence=LOW, samples=0
21:51:51 [INFO] 📊 KELLY SIZE OP-USD: base=$30.0, kelly_recommended=$12.7, final=$30.0
21:51:51 [INFO] 🚀 Opening OP-USD: Size=$30.0 (Min=$11.0)
21:51:51 [INFO] 🔄 [PARALLEL] OP-USD: Lighter POST-ONLY first
21:51:51 [INFO] 🚀 LIGHTER OPEN OP-USD: side=SELL, size_usd=$30.00, price=$0.324160
21:51:51 [INFO] 🔄 [PARALLEL] OP-USD: X10 MARKET order
21:51:51 [DEBUG] Create Order Tx Info: {"AccountIndex":60113,"ApiKeyIndex":3,"MarketIndex":55,"ClientOrderIndex":1764535961794,"BaseAmount":932,"Price":32221,"IsAsk":1,"Type":0,"TimeInForce":1,"ReduceOnly":0,"TriggerPrice":0,"OrderExpiry":1766955111537,"ExpiredAt":1764536510537,"Nonce":1828,"Sig":"bUhPvbWkYsgmTChn53mMmV3ZZ3kND5zMXvrXZ73f2pwnwsJl1WbrTzBJZNmvl6xYiYdwwq6C46UPQVM2j/Vi3qz2z6FXPMrwJBL9ZDnN4Uo="}
21:51:51 [DEBUG] Placing an order: id=1634375087436692047468194195229438204087347197791600071527567876722437895019
21:51:51 [DEBUG] Sending POST https://api.starknet.extended.exchange/api/v1/user/order, headers={<RequestHeader.ACCEPT: 'Accept'>: 'application/json', <RequestHeader.CONTENT_TYPE: 'Content-Type'>: 'application/json', <RequestHeader.USER_AGENT: 'User-Agent'>: 'X10PythonTradingClient/0.0.17', <RequestHeader.API_KEY: 'X-Api-Key'>: 'a1c9207f79f0e57ddc454bf1e16dbe49'}
21:51:51 [DEBUG] Create Order Send Tx Response: code=200 message='{"ratelimit": "didn\'t use volume quota"}' tx_hash='c9ab1049dc500464764eac14509e9c259621cdc3550435be361c405c4cf857334b43bee178704aa8' predicted_execution_time_ms=1764535905447 additional_properties={}
21:51:51 [INFO] Lighter Order: c9ab1049dc500464764eac14509e9c259621cdc3550435be361c405c4cf857334b43bee178704aa8
21:51:51 [INFO]  X10 Order: 1995234315634540544
21:51:51 [INFO] ✅ [PARALLEL] OP-USD: Both legs filled in 328ms
21:51:51 [DEBUG] 📝 Trade added to state: OP-USD
21:51:52 [DEBUG] Using cached positions (age: 2.5s)
21:51:52 [INFO] 🔍 DEBUG RESOLV-USD: entry_time type=<class 'str'>, value=2025-11-30T20:51:51.516171+00:00
21:51:52 [DEBUG] Check RESOLV-USD: Age=0.6s (Limit=60s)
21:51:52 [INFO] 🔍 DEBUG OP-USD: entry_time type=<class 'str'>, value=2025-11-30T20:51:51.855759+00:00
21:51:52 [DEBUG] Check OP-USD: Age=0.3s (Limit=60s)
21:51:52 [INFO] 🔍 DEBUG EDEN-USD: entry_time type=<class 'str'>, value=2025-11-30T20:51:49.382297+00:00
21:51:52 [DEBUG] Check EDEN-USD: Age=2.7s (Limit=60s)
21:51:52 [DEBUG] ✅ CRV-USD: X10=$186,316, Lighter=$2,117,398, Total=$2,303,714
21:51:52 [DEBUG] 📝 Flushed 1 writes
21:51:52 [DEBUG] 📝 Flushed 1 writes in 0.0ms
21:51:53 [DEBUG] Using cached positions (age: 3.5s)
21:51:53 [INFO] 🔍 DEBUG RESOLV-USD: entry_time type=<class 'str'>, value=2025-11-30T20:51:51.516171+00:00
21:51:53 [DEBUG] Check RESOLV-USD: Age=1.6s (Limit=60s)
21:51:53 [INFO] 🔍 DEBUG OP-USD: entry_time type=<class 'str'>, value=2025-11-30T20:51:51.855759+00:00
21:51:53 [DEBUG] Check OP-USD: Age=1.3s (Limit=60s)
21:51:53 [INFO] 🔍 DEBUG EDEN-USD: entry_time type=<class 'str'>, value=2025-11-30T20:51:49.382297+00:00
21:51:53 [DEBUG] Check EDEN-USD: Age=3.7s (Limit=60s)
21:51:53 [DEBUG] MAX_OPEN_TRADES (3) reached, waiting...
21:51:54 [DEBUG] Using cached positions (age: 4.5s)
21:51:54 [INFO] 🔍 DEBUG RESOLV-USD: entry_time type=<class 'str'>, value=2025-11-30T20:51:51.516171+00:00
21:51:54 [DEBUG] Check RESOLV-USD: Age=2.6s (Limit=60s)
21:51:54 [INFO] 🔍 DEBUG OP-USD: entry_time type=<class 'str'>, value=2025-11-30T20:51:51.855759+00:00
21:51:54 [DEBUG] Check OP-USD: Age=2.3s (Limit=60s)
21:51:54 [INFO] 🔍 DEBUG EDEN-USD: entry_time type=<class 'str'>, value=2025-11-30T20:51:49.382297+00:00
21:51:54 [DEBUG] Check EDEN-USD: Age=4.7s (Limit=60s)
21:51:55 [DEBUG] Fetching fresh positions (force=False, cache_age=5.5s)
21:51:55 [DEBUG] Sending GET https://api.starknet.extended.exchange/api/v1/user/positions?
21:51:55 [INFO] Lighter: Found 3 open positions
21:51:55 [INFO] 📊 Positions: X10=3, Lighter=3
21:51:55 [DEBUG] X10 positions: ['EDEN-USD', 'RESOLV-USD', 'OP-USD']
21:51:55 [DEBUG] Lighter positions: ['RESOLV-USD', 'OP-USD', 'EDEN-USD']
21:51:55 [INFO] 🔍 DEBUG RESOLV-USD: entry_time type=<class 'str'>, value=2025-11-30T20:51:51.516171+00:00
21:51:55 [DEBUG] Check RESOLV-USD: Age=4.0s (Limit=60s)
21:51:55 [INFO] 🔍 DEBUG OP-USD: entry_time type=<class 'str'>, value=2025-11-30T20:51:51.855759+00:00
21:51:55 [DEBUG] Check OP-USD: Age=3.7s (Limit=60s)
21:51:55 [INFO] 🔍 DEBUG EDEN-USD: entry_time type=<class 'str'>, value=2025-11-30T20:51:49.382297+00:00
21:51:55 [DEBUG] Check EDEN-USD: Age=6.2s (Limit=60s)
21:51:56 [DEBUG] MAX_OPEN_TRADES (3) reached, waiting...
21:51:56 [DEBUG] Using cached positions (age: 1.5s)
21:51:56 [INFO] 🔍 DEBUG RESOLV-USD: entry_time type=<class 'str'>, value=2025-11-30T20:51:51.516171+00:00
21:51:56 [DEBUG] Check RESOLV-USD: Age=5.1s (Limit=60s)
21:51:56 [INFO] 🔍 DEBUG OP-USD: entry_time type=<class 'str'>, value=2025-11-30T20:51:51.855759+00:00
21:51:56 [DEBUG] Check OP-USD: Age=4.7s (Limit=60s)
21:51:56 [INFO] 🔍 DEBUG EDEN-USD: entry_time type=<class 'str'>, value=2025-11-30T20:51:49.382297+00:00
21:51:56 [DEBUG] Check EDEN-USD: Age=7.2s (Limit=60s)
21:51:57 [DEBUG] Using cached positions (age: 2.5s)
21:51:57 [INFO] 🔍 DEBUG RESOLV-USD: entry_time type=<class 'str'>, value=2025-11-30T20:51:51.516171+00:00
21:51:57 [DEBUG] Check RESOLV-USD: Age=6.1s (Limit=60s)
21:51:57 [INFO] 🔍 DEBUG OP-USD: entry_time type=<class 'str'>, value=2025-11-30T20:51:51.855759+00:00
21:51:57 [DEBUG] Check OP-USD: Age=5.7s (Limit=60s)
21:51:57 [INFO] 🔍 DEBUG EDEN-USD: entry_time type=<class 'str'>, value=2025-11-30T20:51:49.382297+00:00
21:51:57 [DEBUG] Check EDEN-USD: Age=8.2s (Limit=60s)
21:51:57 [DEBUG] 💓 [lighter] Ping/Pong OK
21:51:57 [DEBUG] ✅ TON-USD: X10=$136,144, Lighter=$909,557, Total=$1,045,702
21:51:58 [DEBUG] Using cached positions (age: 3.5s)
21:51:58 [INFO] 🔍 DEBUG RESOLV-USD: entry_time type=<class 'str'>, value=2025-11-30T20:51:51.516171+00:00
21:51:58 [DEBUG] Check RESOLV-USD: Age=7.1s (Limit=60s)
21:51:58 [INFO] 🔍 DEBUG OP-USD: entry_time type=<class 'str'>, value=2025-11-30T20:51:51.855759+00:00
21:51:58 [DEBUG] Check OP-USD: Age=6.7s (Limit=60s)
21:51:58 [INFO] 🔍 DEBUG EDEN-USD: entry_time type=<class 'str'>, value=2025-11-30T20:51:49.382297+00:00
21:51:58 [DEBUG] Check EDEN-USD: Age=9.2s (Limit=60s)
21:51:59 [DEBUG] MAX_OPEN_TRADES (3) reached, waiting...
21:51:59 [DEBUG] Using cached positions (age: 4.5s)
21:51:59 [INFO] 🔍 DEBUG RESOLV-USD: entry_time type=<class 'str'>, value=2025-11-30T20:51:51.516171+00:00
21:51:59 [DEBUG] Check RESOLV-USD: Age=8.1s (Limit=60s)
21:51:59 [INFO] 🔍 DEBUG OP-USD: entry_time type=<class 'str'>, value=2025-11-30T20:51:51.855759+00:00
21:51:59 [DEBUG] Check OP-USD: Age=7.7s (Limit=60s)
21:51:59 [INFO] 🔍 DEBUG EDEN-USD: entry_time type=<class 'str'>, value=2025-11-30T20:51:49.382297+00:00
21:51:59 [DEBUG] Check EDEN-USD: Age=10.2s (Limit=60s)
21:51:59 [WARNING] [x10] Connection closed: 1011 Ping timeout
21:51:59 [ERROR] [x10] Send error: received 1011 (internal error) Ping timeout; then sent 1011 (internal error) Ping timeout
21:51:59 [DEBUG] 💓 [x10] App-Ping sent
21:51:59 [INFO] 🔄 [x10] Reconnecting in 1.0s (attempt 1)
21:52:00 [DEBUG] Fetching fresh positions (force=False, cache_age=5.5s)
21:52:00 [DEBUG] Sending GET https://api.starknet.extended.exchange/api/v1/user/positions?
21:52:01 [INFO] Lighter: Found 3 open positions
21:52:01 [INFO] 📊 Positions: X10=3, Lighter=3
21:52:01 [DEBUG] X10 positions: ['EDEN-USD', 'RESOLV-USD', 'OP-USD']
21:52:01 [DEBUG] Lighter positions: ['RESOLV-USD', 'OP-USD', 'EDEN-USD']
21:52:01 [INFO] 🔍 DEBUG RESOLV-USD: entry_time type=<class 'str'>, value=2025-11-30T20:51:51.516171+00:00
21:52:01 [DEBUG] Check RESOLV-USD: Age=9.5s (Limit=60s)
21:52:01 [INFO] 🔍 DEBUG OP-USD: entry_time type=<class 'str'>, value=2025-11-30T20:51:51.855759+00:00
21:52:01 [DEBUG] Check OP-USD: Age=9.2s (Limit=60s)
21:52:01 [INFO] 🔍 DEBUG EDEN-USD: entry_time type=<class 'str'>, value=2025-11-30T20:51:49.382297+00:00
21:52:01 [DEBUG] Check EDEN-USD: Age=11.6s (Limit=60s)
21:52:01 [DEBUG] ✅ ARB-USD: X10=$249,719, Lighter=$8,754,764, Total=$9,004,483
21:52:01 [INFO] ✅ [x10] Connected to wss://api.starknet.extended.exchange/stream.extended.exchange/v1/account
21:52:01 [DEBUG] [x10] Subscribed to publicTrades/AAVE/USD
21:52:01 [DEBUG] [x10] Subscribed to funding/1000SHIB/USD
21:52:01 [DEBUG] [x10] Subscribed to funding/RESOLV/USD
21:52:01 [DEBUG] [x10] Subscribed to funding/VIRTUAL/USD
21:52:02 [DEBUG] Using cached positions (age: 1.4s)
21:52:02 [INFO] 🔍 DEBUG RESOLV-USD: entry_time type=<class 'str'>, value=2025-11-30T20:51:51.516171+00:00
21:52:02 [DEBUG] Check RESOLV-USD: Age=10.5s (Limit=60s)
21:52:02 [INFO] 🔍 DEBUG OP-USD: entry_time type=<class 'str'>, value=2025-11-30T20:51:51.855759+00:00
21:52:02 [DEBUG] Check OP-USD: Age=10.2s (Limit=60s)
21:52:02 [INFO] 🔍 DEBUG EDEN-USD: entry_time type=<class 'str'>, value=2025-11-30T20:51:49.382297+00:00
21:52:02 [DEBUG] Check EDEN-USD: Age=12.6s (Limit=60s)
21:52:02 [DEBUG] [x10] Subscribed to funding/TRUMP/USD
21:52:02 [DEBUG] [x10] Subscribed to publicTrades/CRV/USD
21:52:02 [DEBUG] MAX_OPEN_TRADES (3) reached, waiting...
21:52:02 [DEBUG] [x10] Subscribed to funding/1000PEPE/USD
21:52:02 [DEBUG] [x10] Subscribed to publicTrades/ZORA/USD
21:52:02 [DEBUG] [x10] Subscribed to publicTrades/EDEN/USD
21:52:02 [DEBUG] [x10] Subscribed to funding/EIGEN/USD
21:52:02 [DEBUG] [x10] Subscribed to funding/DOGE/USD
21:52:02 [DEBUG] [x10] Subscribed to publicTrades/SEI/USD
21:52:02 [DEBUG] [x10] Subscribed to publicTrades/HYPE/USD
21:52:02 [DEBUG] [x10] Subscribed to publicTrades/XAG/USD
21:52:02 [DEBUG] [x10] Subscribed to publicTrades/XRP/USD
21:52:03 [DEBUG] Using cached positions (age: 2.4s)
21:52:03 [INFO] 🔍 DEBUG RESOLV-USD: entry_time type=<class 'str'>, value=2025-11-30T20:51:51.516171+00:00
21:52:03 [DEBUG] Check RESOLV-USD: Age=11.5s (Limit=60s)
21:52:03 [INFO] 🔍 DEBUG OP-USD: entry_time type=<class 'str'>, value=2025-11-30T20:51:51.855759+00:00
21:52:03 [DEBUG] Check OP-USD: Age=11.2s (Limit=60s)
21:52:03 [INFO] 🔍 DEBUG EDEN-USD: entry_time type=<class 'str'>, value=2025-11-30T20:51:49.382297+00:00
21:52:03 [DEBUG] Check EDEN-USD: Age=13.6s (Limit=60s)
21:52:03 [DEBUG] [x10] Subscribed to funding/BERA/USD
21:52:03 [DEBUG] [x10] Subscribed to funding/AERO/USD
21:52:03 [DEBUG] [x10] Subscribed to publicTrades/MNT/USD
21:52:03 [DEBUG] [x10] Subscribed to funding/SPX/USD
21:52:03 [DEBUG] [x10] Subscribed to publicTrades/MEGA/USD
21:52:03 [DEBUG] [x10] Subscribed to funding/TRX/USD
21:52:03 [DEBUG] [x10] Subscribed to funding/TAO/USD
21:52:03 [DEBUG] [x10] Subscribed to funding/UNI/USD
21:52:03 [DEBUG] [x10] Subscribed to publicTrades/BCH/USD
21:52:03 [DEBUG] [x10] Subscribed to publicTrades/1000BONK/USD
21:52:03 [DEBUG] [x10] Subscribed to funding/APT/USD
21:52:04 [DEBUG] Using cached positions (age: 3.4s)
21:52:04 [INFO] 🔍 DEBUG RESOLV-USD: entry_time type=<class 'str'>, value=2025-11-30T20:51:51.516171+00:00
21:52:04 [DEBUG] Check RESOLV-USD: Age=12.5s (Limit=60s)
21:52:04 [INFO] 🔍 DEBUG OP-USD: entry_time type=<class 'str'>, value=2025-11-30T20:51:51.855759+00:00
21:52:04 [DEBUG] Check OP-USD: Age=12.2s (Limit=60s)
21:52:04 [INFO] 🔍 DEBUG EDEN-USD: entry_time type=<class 'str'>, value=2025-11-30T20:51:49.382297+00:00
21:52:04 [DEBUG] Check EDEN-USD: Age=14.6s (Limit=60s)
21:52:04 [DEBUG] [x10] Subscribed to publicTrades/BTC/USD
21:52:04 [DEBUG] [x10] Subscribed to funding/ZRO/USD
21:52:04 [DEBUG] [x10] Subscribed to publicTrades/JUP/USD
21:52:04 [DEBUG] [x10] Subscribed to publicTrades/KAITO/USD
21:52:04 [DEBUG] [x10] Subscribed to funding/TON/USD
21:52:04 [DEBUG] [x10] Subscribed to publicTrades/BNB/USD
21:52:04 [DEBUG] [x10] Subscribed to funding/TIA/USD
21:52:04 [DEBUG] [x10] Subscribed to publicTrades/ETH/USD
21:52:04 [DEBUG] [x10] Subscribed to funding/ZEC/USD
21:52:04 [DEBUG] [x10] Subscribed to publicTrades/FARTCOIN/USD
21:52:05 [DEBUG] Using cached positions (age: 4.4s)
21:52:05 [INFO] 🔍 DEBUG RESOLV-USD: entry_time type=<class 'str'>, value=2025-11-30T20:51:51.516171+00:00
21:52:05 [DEBUG] Check RESOLV-USD: Age=13.5s (Limit=60s)
21:52:05 [INFO] 🔍 DEBUG OP-USD: entry_time type=<class 'str'>, value=2025-11-30T20:51:51.855759+00:00
21:52:05 [DEBUG] Check OP-USD: Age=13.2s (Limit=60s)
21:52:05 [INFO] 🔍 DEBUG EDEN-USD: entry_time type=<class 'str'>, value=2025-11-30T20:51:49.382297+00:00
21:52:05 [DEBUG] Check EDEN-USD: Age=15.6s (Limit=60s)
21:52:05 [INFO] 🚜 [FARM] Profit Take EDEN-USD: Age=15s, Spread=0.004% (sehr niedrig), PnL=$0.00
21:52:05 [INFO]  💸 EXIT EDEN-USD: FARM_QUICK_PROFIT | PnL $0.00 (Fees: $0.00)
21:52:05 [INFO]  🔻 CLOSING EDEN-USD (Atomic Smart Close)...
21:52:05 [DEBUG] [x10] Subscribed to publicTrades/WIF/USD
21:52:05 [DEBUG] [x10] Subscribed to publicTrades/PUMP/USD
21:52:05 [DEBUG] MAX_OPEN_TRADES (3) reached, waiting...
21:52:05 [DEBUG] [x10] Subscribed to funding/ENA/USD
21:52:05 [DEBUG] [x10] Subscribed to funding/PUMP/USD
21:52:05 [DEBUG] ✅ KAITO-USD: X10=$444,764, Lighter=$1,967,499, Total=$2,412,263
21:52:05 [DEBUG] [x10] Subscribed to publicTrades/IP/USD
21:52:05 [INFO] Lighter: Found 3 open positions
21:52:05 [ERROR] ❌ Lighter close failed for EDEN-USD: '<' not supported between instances of 'float' and 'str'
21:52:05 [ERROR] ❌ ABBRUCH: Lighter close für EDEN-USD fehlgeschlagen!
21:52:05 [ERROR] ⚠️ X10 wird NICHT geschlossen - MANUELLE INTERVENTION ERFORDERLICH!
21:52:05 [DEBUG] [x10] Subscribed to funding/XPL/USD
21:52:05 [DEBUG] [x10] Subscribed to publicTrades/PENGU/USD
21:52:05 [DEBUG] [x10] Subscribed to funding/ONDO/USD
21:52:05 [DEBUG] [x10] Subscribed to funding/MKR/USD
21:52:05 [DEBUG] [x10] Subscribed to publicTrades/AVAX/USD
21:52:05 [DEBUG] [x10] Subscribed to funding/MNT/USD
21:52:06 [DEBUG] [x10] Subscribed to publicTrades/DOGE/USD
21:52:06 [DEBUG] [x10] Subscribed to publicTrades/MKR/USD
21:52:06 [DEBUG] [x10] Subscribed to funding/STRK/USD
21:52:06 [DEBUG] [x10] Subscribed to publicTrades/AVNT/USD
21:52:06 [DEBUG] [x10] Subscribed to publicTrades/S/USD
21:52:06 [DEBUG] Fetching fresh positions (force=False, cache_age=5.9s)
21:52:06 [DEBUG] Sending GET https://api.starknet.extended.exchange/api/v1/user/positions?
21:52:06 [DEBUG] [x10] Subscribed to publicTrades/GRASS/USD
21:52:06 [DEBUG] [x10] Subscribed to funding/EDEN/USD
21:52:06 [DEBUG] [x10] Subscribed to funding/ETH/USD
21:52:06 [DEBUG] [x10] Subscribed to publicTrades/NEAR/USD
21:52:06 [INFO] Lighter: Found 3 open positions
21:52:06 [DEBUG] [x10] Subscribed to funding/NEAR/USD
21:52:06 [INFO] 📊 Positions: X10=3, Lighter=3
21:52:06 [DEBUG] X10 positions: ['EDEN-USD', 'RESOLV-USD', 'OP-USD']
21:52:06 [DEBUG] Lighter positions: ['RESOLV-USD', 'OP-USD', 'EDEN-USD']
21:52:06 [INFO] 🔍 DEBUG RESOLV-USD: entry_time type=<class 'str'>, value=2025-11-30T20:51:51.516171+00:00
21:52:06 [DEBUG] Check RESOLV-USD: Age=15.4s (Limit=60s)
21:52:06 [INFO] 🔍 DEBUG OP-USD: entry_time type=<class 'str'>, value=2025-11-30T20:51:51.855759+00:00
21:52:06 [DEBUG] Check OP-USD: Age=15.0s (Limit=60s)
21:52:06 [INFO] 🔍 DEBUG EDEN-USD: entry_time type=<class 'str'>, value=2025-11-30T20:51:49.382297+00:00
21:52:06 [DEBUG] Check EDEN-USD: Age=17.5s (Limit=60s)
21:52:06 [INFO] 🚜 [FARM] Profit Take EDEN-USD: Age=17s, Spread=0.004% (sehr niedrig), PnL=$0.00
21:52:06 [INFO]  💸 EXIT EDEN-USD: FARM_QUICK_PROFIT | PnL $0.00 (Fees: $0.00)
21:52:06 [INFO]  🔻 CLOSING EDEN-USD (Atomic Smart Close)...
21:52:06 [DEBUG] [x10] Subscribed to publicTrades/USDJPY/USD
21:52:07 [DEBUG] [x10] Subscribed to funding/USDJPY/USD
21:52:07 [DEBUG] [x10] Subscribed to publicTrades/POPCAT/USD
21:52:07 [DEBUG] [x10] Subscribed to funding/FIL/USD
21:52:07 [INFO] Lighter: Found 3 open positions
21:52:07 [ERROR] ❌ Lighter close failed for EDEN-USD: '<' not supported between instances of 'float' and 'str'
21:52:07 [ERROR] ❌ ABBRUCH: Lighter close für EDEN-USD fehlgeschlagen!
21:52:07 [ERROR] ⚠️ X10 wird NICHT geschlossen - MANUELLE INTERVENTION ERFORDERLICH!
21:52:07 [DEBUG] [x10] Subscribed to publicTrades/1000PEPE/USD
21:52:07 [DEBUG] [x10] Subscribed to publicTrades/PENDLE/USD
21:52:07 [DEBUG] [x10] Subscribed to publicTrades/RESOLV/USD
21:52:07 [DEBUG] [x10] Subscribed to publicTrades/1000SHIB/USD
21:52:07 [DEBUG] [x10] Subscribed to funding/ZORA/USD
21:52:07 [DEBUG] [x10] Subscribed to funding/CRV/USD
21:52:07 [DEBUG] [x10] Subscribed to publicTrades/APEX/USD
21:52:08 [DEBUG] [x10] Subscribed to funding/WIF/USD
21:52:08 [DEBUG] [x10] Subscribed to publicTrades/ZRO/USD
21:52:08 [DEBUG] MAX_OPEN_TRADES (3) reached, waiting...
21:52:08 [DEBUG] [x10] Subscribed to funding/MON/USD
21:52:08 [DEBUG] [x10] Subscribed to publicTrades/ENA/USD
21:52:08 [DEBUG] Using cached positions (age: 1.9s)
21:52:08 [INFO] 🔍 DEBUG RESOLV-USD: entry_time type=<class 'str'>, value=2025-11-30T20:51:51.516171+00:00
21:52:08 [DEBUG] Check RESOLV-USD: Age=16.8s (Limit=60s)
21:52:08 [INFO] 🔍 DEBUG OP-USD: entry_time type=<class 'str'>, value=2025-11-30T20:51:51.855759+00:00
21:52:08 [DEBUG] Check OP-USD: Age=16.5s (Limit=60s)
21:52:08 [INFO] 🔍 DEBUG EDEN-USD: entry_time type=<class 'str'>, value=2025-11-30T20:51:49.382297+00:00
21:52:08 [DEBUG] Check EDEN-USD: Age=19.0s (Limit=60s)
21:52:08 [INFO] 🚜 [FARM] Profit Take EDEN-USD: Age=18s, Spread=0.004% (sehr niedrig), PnL=$0.00
21:52:08 [INFO]  💸 EXIT EDEN-USD: FARM_QUICK_PROFIT | PnL $0.00 (Fees: $0.00)
21:52:08 [INFO]  🔻 CLOSING EDEN-USD (Atomic Smart Close)...
21:52:08 [DEBUG] [x10] Subscribed to publicTrades/AERO/USD
21:52:08 [DEBUG] [x10] Subscribed to publicTrades/XAU/USD
21:52:08 [DEBUG] [x10] Subscribed to publicTrades/STRK/USD
21:52:08 [DEBUG] [x10] Subscribed to funding/LTC/USD
21:52:08 [INFO] Lighter: Found 3 open positions
21:52:08 [ERROR] ❌ Lighter close failed for EDEN-USD: '<' not supported between instances of 'float' and 'str'
21:52:08 [ERROR] ❌ ABBRUCH: Lighter close für EDEN-USD fehlgeschlagen!
21:52:08 [ERROR] ⚠️ X10 wird NICHT geschlossen - MANUELLE INTERVENTION ERFORDERLICH!
21:52:08 [DEBUG] [x10] Subscribed to publicTrades/TON/USD
21:52:08 [DEBUG] [x10] Subscribed to funding/GRASS/USD
21:52:09 [DEBUG] [x10] Subscribed to funding/LDO/USD
21:52:09 [DEBUG] [x10] Subscribed to funding/AVNT/USD
21:52:09 [DEBUG] ✅ ENA-USD: X10=$191,825, Lighter=$16,184,441, Total=$16,376,266
21:52:09 [DEBUG] [x10] Subscribed to funding/XAU/USD
21:52:09 [DEBUG] [x10] Subscribed to funding/IP/USD
21:52:09 [DEBUG] [x10] Subscribed to funding/1000BONK/USD
21:52:09 [DEBUG] [x10] Subscribed to publicTrades/WLD/USD
21:52:09 [DEBUG] [x10] Subscribed to funding/SOL/USD
21:52:09 [DEBUG] [x10] Subscribed to publicTrades/XPL/USD
21:52:09 [DEBUG] [x10] Subscribed to publicTrades/BERA/USD
21:52:09 [DEBUG] Using cached positions (age: 3.3s)
21:52:09 [INFO] 🔍 DEBUG RESOLV-USD: entry_time type=<class 'str'>, value=2025-11-30T20:51:51.516171+00:00
21:52:09 [DEBUG] Check RESOLV-USD: Age=18.3s (Limit=60s)
21:52:09 [INFO] 🔍 DEBUG OP-USD: entry_time type=<class 'str'>, value=2025-11-30T20:51:51.855759+00:00
21:52:09 [DEBUG] Check OP-USD: Age=17.9s (Limit=60s)
21:52:09 [INFO] 🚜 [FARM] Profit Take OP-USD: Age=17s, Spread=0.038% (sehr niedrig), PnL=$0.00
21:52:09 [INFO]  💸 EXIT OP-USD: FARM_QUICK_PROFIT | PnL $0.00 (Fees: $0.00)
21:52:09 [INFO]  🔻 CLOSING OP-USD (Atomic Smart Close)...
21:52:09 [DEBUG] [x10] Subscribed to funding/DOT/USD
21:52:09 [WARNING] 🛑 Received SIGINT, initiating graceful shutdown...
21:52:09 [INFO] 🛑 Shutting down...
21:52:09 [INFO] 🛑 Initiating graceful shutdown...
21:52:09 [INFO] 🔍 Supervisor loop stopped
21:52:09 [INFO] 🛑 Cancelling logic_loop...
21:52:09 [INFO] 🛑 Cancelling trade_management_loop...
21:52:09 [INFO] 🛑 Cancelling farm_loop...
21:52:09 [INFO] 🛑 Cancelling maintenance_loop...
21:52:09 [INFO] 🛑 Cancelling cleanup_finished_tasks...
21:52:09 [INFO] 🛑 Cancelling health_reporter...
21:52:09 [INFO] 🛑 Cancelling connection_watchdog...
21:52:09 [INFO] Logic loop cancelled
21:52:09 [INFO] Connection watchdog cancelled
21:52:09 [INFO] ✅ All tasks stopped
21:52:09 [INFO] 🛑 Rollback processor: Shutdown signal received
21:52:09 [INFO] ✅ ParallelExecutionManager: Stopped
21:52:12 [DEBUG] ✅ SPX-USD: X10=$296,957, Lighter=$4,278,730, Total=$4,575,687
21:52:14 [INFO] 🔌 [x10] WebSocket stopped
21:52:14 [INFO] 🔌 [lighter] WebSocket stopped
21:52:14 [INFO] ✅ WebSocketManager stopped
21:52:14 [INFO] ✅ OpenInterestTracker stopped
21:52:14 [INFO] 🛑 Stopping InMemoryStateManager...
21:52:14 [INFO] 📝 State writer loop stopped
21:52:14 [INFO] ✅ InMemoryStateManager stopped
21:52:14 [INFO] 🔒 Closing database...
21:52:14 [INFO] 🖊️ Database write loop stopped
21:52:14 [INFO] ✅ Database closed
21:52:14 [INFO] ✅ X10 Adapter geschlossen.
21:52:14 [INFO] ✅ Lighter Adapter closed
21:52:14 [INFO] ✅ Bot V5 shutdown complete
