18:32:53 [INFO]  CONFIG VALIDIERUNG abgeschlossen.
18:32:53 [INFO] 🔥 BOT V5 (Architected) STARTING...
18:32:53 [INFO] 🚀 Starting InMemoryStateManager...
18:32:53 [INFO] 📂 Initializing database: data/trades.db
18:32:53 [INFO] ✅ Read pool created: 5 connections
18:32:53 [INFO] ✅ WAL mode enabled
18:32:53 [INFO] 🔄 Running database migrations...
18:32:53 [INFO] ✅ Migrations complete (11 statements)
18:32:53 [INFO] ✅ Database initialized
18:32:53 [INFO] 🖊️ Database write loop started
18:32:53 [INFO] 📂 Loaded 3 trades from database
18:32:53 [INFO] ✅ InMemoryStateManager started (loaded 3 trades)
18:32:53 [INFO] ✅ State Manager started
18:32:53 [INFO]  Telegram Bot disabled (Token/ChatID missing).
18:32:53 [INFO] ✅ Async database initialized
18:32:53 [INFO] 📝 State writer loop started
18:32:53 [DEBUG] ✅ Database schema up to date
18:32:53 [INFO] Initialisiere X10 Adapter...
18:32:53 [INFO]  X10 Account initialisiert.
18:32:53 [INFO] Initialisiere Lighter Adapter...
18:32:53 [INFO] 📊 Loading Market Data via REST...
18:32:53 [DEBUG] Sending GET https://api.starknet.extended.exchange/api/v1/info/markets?
18:32:54 [WARNING] ⚠️ Skipping ETH-USD: market_id=None (parsed=-1) invalid or >254
18:32:54 [INFO] ✅ Lighter: Loaded 115 markets (base data)
18:32:54 [DEBUG] Starting new HTTPS connection (1): mainnet.zklighter.elliot.ai:443
18:32:55 [DEBUG] https://mainnet.zklighter.elliot.ai:443 "GET /api/v1/nextNonce?account_index=60113&api_key_index=3 HTTP/1.1" 200 25
18:32:55 [INFO]  X10: 91 Märkte geladen, 91 Funding Rates, 78 Preise
18:32:57 [INFO] ✅ Lighter: Updated 115 markets with size_decimals from API
18:32:57 [INFO] 📊 MARKET ADA-USD: size_decimals=1, price_decimals=5, min_base_amount=10.0
18:32:57 [INFO] 📊 MARKET SEI-USD: size_decimals=1, price_decimals=5, min_base_amount=50.0
18:32:57 [INFO] 📊 MARKET RESOLV-USD: size_decimals=0, price_decimals=6, min_base_amount=40.0
18:32:57 [INFO] 📊 MARKET TIA-USD: size_decimals=1, price_decimals=5, min_base_amount=3.0
18:32:57 [INFO] ✅ Markets loaded: X10=91, Lighter=115
18:32:57 [INFO] 📈 Pre-loading Lighter prices...
18:32:57 [DEBUG] Lighter: Loaded 379 funding rates
18:32:58 [DEBUG] Lighter: Loaded 115 prices via REST
18:32:58 [INFO] ✅ Lighter prices loaded: 115 symbols
18:32:58 [INFO] FundingPredictorV2 initialized with BTC Correlation
18:32:58 [INFO] 启动 OI Tracker für 67 Symbole...
18:32:58 [INFO] ✅ OpenInterestTracker started (interval=30.0s)
18:32:58 [INFO] 🌐 Starting WebSocket Manager...
18:32:58 [INFO] 📊 OI Tracker: Starting cycle 1 (67 symbols)
18:32:58 [INFO] 🔌 [lighter] WebSocket manager started
18:32:58 [INFO] 🔌 [x10] WebSocket manager started
18:32:58 [INFO] 🔌 [lighter] Connecting with kwargs: {'close_timeout': 5.0, 'max_size': 4194304, 'ping_interval': 20.0, 'ping_timeout': 10.0}
18:32:58 [INFO] 🔌 [x10] Connecting with kwargs: {'close_timeout': 5.0, 'max_size': 4194304, 'additional_headers': {'X-Api-Key': 'a1c9207f79f0e57ddc454bf1e16dbe49', 'User-Agent': 'X10PythonTradingClient/0.4.5'}}
18:32:58 [INFO] ✅ WebSocketManager started
18:32:59 [DEBUG] ✅ ARB-USD: X10=$128,851, Lighter=$8,677,936, Total=$8,806,786
18:32:59 [INFO] ✅ [x10] Connected to wss://api.starknet.extended.exchange/stream.extended.exchange/v1/account
18:32:59 [DEBUG] ✅ [x10] WebSocket library will auto-respond to server pings
18:32:59 [DEBUG] 💓 [x10] Heartbeat monitor started (library handles ping/pong)
18:32:59 [DEBUG] [x10] RAW MSG: {"type":"POSITION","data":{"isSnapshot":true,"positions":[]},"ts":1764696770981,"seq":1}
18:32:59 [DEBUG] [x10] RAW MSG: {"type":"BALANCE","data":{"isSnapshot":true,"balance":{"collateralName":"USD","balance":"303.314407"
18:32:59 [DEBUG] [x10] RAW MSG: {"type":"ORDER","data":{"isSnapshot":true,"orders":[]},"ts":1764696770981,"seq":3}
18:32:59 [INFO] ✅ [lighter] Connected to wss://mainnet.zklighter.elliot.ai/stream
18:32:59 [DEBUG] ✅ [lighter] WebSocket library will auto-respond to server pings
18:32:59 [INFO] [lighter] Resubscribing to 77 channels (paced)...
18:32:59 [DEBUG] 💓 [lighter] Heartbeat monitor started (library handles ping/pong)
18:32:59 [DEBUG] [lighter] Subscribed to order_book/38
18:32:59 [DEBUG] [lighter] Subscribed to trade/38
18:32:59 [DEBUG] [lighter] Subscribed to order_book/3
18:32:59 [DEBUG] [lighter] Subscribed to trade/3
18:32:59 [DEBUG] [lighter] Subscribed to order_book/11
18:32:59 [DEBUG] [lighter] Subscribed to trade/11
18:32:59 [DEBUG] [lighter] Subscribed to order_book/91
18:32:59 [DEBUG] [lighter] Subscribed to trade/91
18:32:59 [DEBUG] [lighter] Subscribed to order_book/9
18:32:59 [DEBUG] [lighter] Subscribed to trade/9
18:32:59 [DEBUG] [lighter] Subscribed to order_book/67
18:32:59 [DEBUG] [lighter] Subscribed to trade/67
18:32:59 [DEBUG] [lighter] Subscribed to order_book/29
18:32:59 [DEBUG] [lighter] Subscribed to trade/29
18:32:59 [DEBUG] [lighter] Subscribed to order_book/90
18:32:59 [DEBUG] [lighter] Subscribed to trade/90
18:32:59 [DEBUG] [lighter] Subscribed to order_book/10
18:32:59 [DEBUG] [lighter] Subscribed to trade/10
18:32:59 [DEBUG] [lighter] Subscribed to order_book/103
18:32:59 [DEBUG] [lighter] Subscribed to trade/103
18:32:59 [DEBUG] [lighter] Subscribed to order_book/98
18:32:59 [DEBUG] [lighter] Subscribed to trade/98
18:32:59 [DEBUG] [lighter] Subscribed to order_book/28
18:32:59 [DEBUG] [lighter] Subscribed to trade/28
18:32:59 [DEBUG] [lighter] Subscribed to order_book/76
18:32:59 [DEBUG] [lighter] Subscribed to trade/76
18:32:59 [DEBUG] [lighter] Subscribed to order_book/30
18:32:59 [DEBUG] [lighter] Subscribed to trade/30
18:33:00 [DEBUG] [lighter] Subscribed to order_book/35
18:33:00 [DEBUG] [lighter] Subscribed to trade/35
18:33:00 [DEBUG] [lighter] Subscribed to order_book/16
18:33:00 [DEBUG] [lighter] Subscribed to trade/16
18:33:00 [DEBUG] [lighter] Subscribed to order_book/55
18:33:00 [DEBUG] [lighter] Subscribed to trade/55
18:33:00 [DEBUG] [lighter] Subscribed to order_book/71
18:33:00 [DEBUG] [lighter] Subscribed to trade/71
18:33:00 [DEBUG] [lighter] Subscribed to order_book/39
18:33:00 [DEBUG] [lighter] Subscribed to trade/39
18:33:00 [DEBUG] [lighter] Subscribed to order_book/58
18:33:00 [DEBUG] [lighter] Subscribed to trade/58
18:33:00 [DEBUG] [lighter] Subscribed to order_book/41
18:33:00 [DEBUG] [lighter] Subscribed to trade/41
18:33:00 [DEBUG] [lighter] Subscribed to order_book/36
18:33:00 [DEBUG] [lighter] Subscribed to trade/36
18:33:00 [DEBUG] [lighter] Subscribed to order_book/33
18:33:00 [DEBUG] [lighter] Subscribed to trade/33
18:33:00 [DEBUG] [lighter] Subscribed to order_book/8
18:33:00 [DEBUG] [lighter] Subscribed to trade/8
18:33:00 [DEBUG] [lighter] Subscribed to order_book/12
18:33:00 [DEBUG] [lighter] Subscribed to trade/12
18:33:00 [DEBUG] [lighter] Subscribed to order_book/93
18:33:00 [DEBUG] [lighter] Subscribed to trade/93
18:33:00 [DEBUG] [lighter] Subscribed to order_book/46
18:33:00 [DEBUG] [lighter] Subscribed to trade/46
18:33:00 [DEBUG] [lighter] Subscribed to order_book/86
18:33:00 [DEBUG] [lighter] Subscribed to trade/86
18:33:00 [DEBUG] [lighter] Subscribed to order_book/43
18:33:00 [DEBUG] [lighter] Subscribed to trade/43
18:33:00 [INFO] [x10] Subscribing to 134 channels (very slow)...
18:33:00 [DEBUG] [x10] Subscribed to publicTrades/ARB/USD
18:33:00 [DEBUG] [x10] Subscribed to funding/ARB/USD
18:33:00 [DEBUG] [x10] Subscribed to publicTrades/JUP/USD
18:33:00 [DEBUG] [x10] Subscribed to funding/JUP/USD
18:33:01 [DEBUG] [x10] Subscribed to publicTrades/PUMP/USD
18:33:01 [DEBUG] [x10] Subscribed to funding/PUMP/USD
18:33:01 [DEBUG] [x10] Subscribed to publicTrades/WLD/USD
18:33:01 [DEBUG] [x10] Subscribed to funding/WLD/USD
18:33:02 [DEBUG] [x10] Subscribed to publicTrades/WIF/USD
18:33:02 [DEBUG] [x10] Subscribed to funding/WIF/USD
18:33:02 [DEBUG] [x10] Subscribed to publicTrades/AAVE/USD
18:33:02 [DEBUG] [x10] Subscribed to funding/AAVE/USD
18:33:02 [DEBUG] ✅ JUP-USD: X10=$233,055, Lighter=$3,659,693, Total=$3,892,748
18:33:03 [DEBUG] [x10] Subscribed to publicTrades/RESOLV/USD
18:33:03 [DEBUG] [x10] Subscribed to funding/RESOLV/USD
18:33:03 [DEBUG] [x10] Subscribed to publicTrades/XAU/USD
18:33:03 [DEBUG] [x10] Subscribed to funding/XAU/USD
18:33:04 [DEBUG] [x10] Subscribed to publicTrades/WLFI/USD
18:33:04 [DEBUG] [x10] Subscribed to funding/WLFI/USD
18:33:04 [DEBUG] [x10] Subscribed to publicTrades/FARTCOIN/USD
18:33:04 [DEBUG] [x10] Subscribed to funding/FARTCOIN/USD
18:33:05 [DEBUG] [x10] Subscribed to publicTrades/STRK/USD
18:33:05 [DEBUG] [x10] Subscribed to funding/STRK/USD
18:33:05 [DEBUG] [x10] Subscribed to publicTrades/HYPE/USD
18:33:05 [DEBUG] [x10] Subscribed to funding/HYPE/USD
18:33:06 [DEBUG] [x10] Subscribed to publicTrades/1000BONK/USD
18:33:06 [DEBUG] [x10] Subscribed to funding/1000BONK/USD
18:33:06 [DEBUG] ✅ PUMP-USD: X10=$548,803, Lighter=$2,578,372,122, Total=$2,578,920,925
18:33:06 [DEBUG] [x10] Subscribed to publicTrades/IP/USD
18:33:06 [DEBUG] [x10] Subscribed to funding/IP/USD
18:33:07 [DEBUG] [x10] Subscribed to publicTrades/PENDLE/USD
18:33:07 [DEBUG] [x10] Subscribed to funding/PENDLE/USD
18:33:07 [DEBUG] [x10] Subscribed to publicTrades/POPCAT/USD
18:33:07 [DEBUG] [x10] Subscribed to funding/POPCAT/USD
18:33:08 [DEBUG] [x10] Subscribed to publicTrades/XRP/USD
18:33:08 [DEBUG] [x10] Subscribed to funding/XRP/USD
18:33:08 [DEBUG] [x10] Subscribed to publicTrades/EIGEN/USD
18:33:08 [DEBUG] [x10] Subscribed to funding/EIGEN/USD
18:33:09 [DEBUG] [x10] Subscribed to publicTrades/APT/USD
18:33:09 [DEBUG] [x10] Subscribed to funding/APT/USD
18:33:09 [DEBUG] 💓 [x10] Alive (uptime=10s, last_msg=10s ago)
18:33:09 [DEBUG] 💓 [lighter] Alive (uptime=10s, last_msg=0s ago)
18:33:09 [DEBUG] [x10] Subscribed to publicTrades/ASTER/USD
18:33:09 [DEBUG] [x10] Subscribed to funding/ASTER/USD
18:33:10 [DEBUG] [x10] Subscribed to publicTrades/1000SHIB/USD
18:33:10 [DEBUG] [x10] Subscribed to funding/1000SHIB/USD
18:33:10 [DEBUG] ✅ WLD-USD: X10=$111,416, Lighter=$1,724,620, Total=$1,836,036
18:33:10 [DEBUG] [x10] Subscribed to publicTrades/SOL/USD
18:33:10 [DEBUG] [x10] Subscribed to funding/SOL/USD
18:33:11 [DEBUG] [x10] Subscribed to publicTrades/PENGU/USD
18:33:11 [DEBUG] [x10] Subscribed to funding/PENGU/USD
18:33:11 [DEBUG] [x10] Subscribed to publicTrades/TAO/USD
18:33:11 [DEBUG] [x10] Subscribed to funding/TAO/USD
18:33:12 [DEBUG] [x10] Subscribed to publicTrades/ZORA/USD
18:33:12 [DEBUG] [x10] Subscribed to funding/ZORA/USD
18:33:12 [DEBUG] [x10] Subscribed to publicTrades/ZRO/USD
18:33:12 [DEBUG] [x10] Subscribed to funding/ZRO/USD
18:33:13 [DEBUG] [x10] Subscribed to publicTrades/BTC/USD
18:33:13 [DEBUG] [x10] Subscribed to funding/BTC/USD
18:33:13 [DEBUG] [x10] Subscribed to publicTrades/EDEN/USD
18:33:13 [DEBUG] [x10] Subscribed to funding/EDEN/USD
18:33:14 [DEBUG] ✅ WIF-USD: X10=$347,873, Lighter=$2,815,749, Total=$3,163,621
18:33:14 [DEBUG] [x10] Subscribed to publicTrades/SPX/USD
18:33:14 [DEBUG] [x10] Subscribed to funding/SPX/USD
18:33:14 [DEBUG] [x10] Subscribed to publicTrades/BNB/USD
18:33:14 [DEBUG] [x10] Subscribed to funding/BNB/USD
18:33:15 [DEBUG] [x10] Subscribed to publicTrades/MNT/USD
18:33:15 [DEBUG] [x10] Subscribed to funding/MNT/USD
18:33:15 [DEBUG] [x10] Subscribed to publicTrades/1000PEPE/USD
18:33:15 [DEBUG] [x10] Subscribed to funding/1000PEPE/USD
18:33:16 [DEBUG] [x10] Subscribed to publicTrades/TRUMP/USD
18:33:16 [DEBUG] [x10] Subscribed to funding/TRUMP/USD
18:33:16 [DEBUG] [x10] Subscribed to publicTrades/AVNT/USD
18:33:16 [DEBUG] [x10] Subscribed to funding/AVNT/USD
18:33:17 [DEBUG] [x10] Subscribed to publicTrades/BERA/USD
18:33:17 [DEBUG] [x10] Subscribed to funding/BERA/USD
18:33:17 [DEBUG] [x10] Subscribed to publicTrades/GRASS/USD
18:33:17 [DEBUG] [x10] Subscribed to funding/GRASS/USD
18:33:18 [INFO] [lighter] Resubscribed to 77 channels
18:33:19 [DEBUG] 💓 [x10] Alive (uptime=20s, last_msg=20s ago)
18:33:19 [DEBUG] 💓 [lighter] Alive (uptime=20s, last_msg=0s ago)
18:33:20 [DEBUG] ✅ AAVE-USD: X10=$401,512, Lighter=$44,352, Total=$445,865
18:33:23 [ERROR] [x10] Subscription error: received 1011 (internal error) Ping timeout; then sent 1011 (internal error) Ping timeout
18:33:23 [WARNING] [x10] Connection closed: 1011 Ping timeout
18:33:23 [ERROR] [x10] Subscription error: received 1011 (internal error) Ping timeout; then sent 1011 (internal error) Ping timeout
18:33:23 [INFO] 🔄 [x10] Reconnecting in 1.0s (attempt 1)
18:33:23 [DEBUG] ✅ RESOLV-USD: X10=$232,963, Lighter=$8,548,854, Total=$8,781,817
18:33:24 [INFO] 🔌 [x10] Connecting with kwargs: {'close_timeout': 5.0, 'max_size': 4194304, 'additional_headers': {'X-Api-Key': 'a1c9207f79f0e57ddc454bf1e16dbe49', 'User-Agent': 'X10PythonTradingClient/0.4.5'}}
18:33:25 [INFO] ✅ [x10] Connected to wss://api.starknet.extended.exchange/stream.extended.exchange/v1/account
18:33:25 [DEBUG] ✅ [x10] WebSocket library will auto-respond to server pings
18:33:25 [INFO] [x10] Resubscribing to 82 channels (paced)...
18:33:25 [DEBUG] 💓 [x10] Heartbeat monitor started (library handles ping/pong)
18:33:25 [DEBUG] [x10] RAW MSG: {"type":"ORDER","data":{"isSnapshot":true,"orders":[]},"ts":1764696796656,"seq":1}
18:33:25 [DEBUG] [x10] RAW MSG: {"type":"POSITION","data":{"isSnapshot":true,"positions":[]},"ts":1764696796656,"seq":2}
18:33:25 [DEBUG] [x10] RAW MSG: {"type":"BALANCE","data":{"isSnapshot":true,"balance":{"collateralName":"USD","balance":"303.314407"
18:33:25 [DEBUG] [x10] Subscribed to publicTrades/MON/USD
18:33:25 [DEBUG] [x10] Subscribed to funding/MON/USD
18:33:26 [DEBUG] [x10] Subscribed to publicTrades/AVAX/USD
18:33:26 [DEBUG] [x10] Subscribed to funding/AVAX/USD
18:33:26 [DEBUG] [x10] Subscribed to publicTrades/TIA/USD
18:33:26 [DEBUG] [x10] Subscribed to funding/TIA/USD
18:33:27 [DEBUG] [x10] Subscribed to publicTrades/ENA/USD
18:33:27 [DEBUG] [x10] Subscribed to funding/ENA/USD
