12:03:00 [INFO]  CONFIG VALIDIERUNG abgeschlossen.
12:03:00 [DEBUG] Using selector: SelectSelector
12:03:00 [INFO] 🔥 BOT V5 (Task Supervised) STARTING...
12:03:00 [INFO] 🚀 Starting InMemoryStateManager...
12:03:00 [INFO] 📂 Initializing database: data/trades.db
12:03:00 [DEBUG] executing <function connect.<locals>.connector at 0x0000013B7F502840>
12:03:00 [DEBUG] operation <function connect.<locals>.connector at 0x0000013B7F502840> completed
12:03:00 [DEBUG] executing functools.partial(<built-in method execute of sqlite3.Connection object at 0x0000013B7F5055D0>, 'PRAGMA foreign_keys=ON', [])
12:03:00 [DEBUG] operation functools.partial(<built-in method execute of sqlite3.Connection object at 0x0000013B7F5055D0>, 'PRAGMA foreign_keys=ON', []) completed
12:03:00 [DEBUG] executing <function connect.<locals>.connector at 0x0000013B7F502C00>
12:03:00 [DEBUG] operation <function connect.<locals>.connector at 0x0000013B7F502C00> completed
12:03:00 [DEBUG] executing functools.partial(<built-in method execute of sqlite3.Connection object at 0x0000013B7F5058A0>, 'PRAGMA foreign_keys=ON', [])
12:03:00 [DEBUG] operation functools.partial(<built-in method execute of sqlite3.Connection object at 0x0000013B7F5058A0>, 'PRAGMA foreign_keys=ON', []) completed
12:03:00 [DEBUG] executing <function connect.<locals>.connector at 0x0000013B7F502DE0>
12:03:00 [DEBUG] operation <function connect.<locals>.connector at 0x0000013B7F502DE0> completed
12:03:00 [DEBUG] executing functools.partial(<built-in method execute of sqlite3.Connection object at 0x0000013B7F505D50>, 'PRAGMA foreign_keys=ON', [])
12:03:00 [DEBUG] operation functools.partial(<built-in method execute of sqlite3.Connection object at 0x0000013B7F505D50>, 'PRAGMA foreign_keys=ON', []) completed
12:03:00 [DEBUG] executing <function connect.<locals>.connector at 0x0000013B7F502660>
12:03:00 [DEBUG] operation <function connect.<locals>.connector at 0x0000013B7F502660> completed
12:03:00 [DEBUG] executing functools.partial(<built-in method execute of sqlite3.Connection object at 0x0000013B7F5062F0>, 'PRAGMA foreign_keys=ON', [])
12:03:00 [DEBUG] operation functools.partial(<built-in method execute of sqlite3.Connection object at 0x0000013B7F5062F0>, 'PRAGMA foreign_keys=ON', []) completed
12:03:00 [DEBUG] executing <function connect.<locals>.connector at 0x0000013B7F5031A0>
12:03:00 [DEBUG] operation <function connect.<locals>.connector at 0x0000013B7F5031A0> completed
12:03:00 [DEBUG] executing functools.partial(<built-in method execute of sqlite3.Connection object at 0x0000013B7F5066B0>, 'PRAGMA foreign_keys=ON', [])
12:03:00 [DEBUG] operation functools.partial(<built-in method execute of sqlite3.Connection object at 0x0000013B7F5066B0>, 'PRAGMA foreign_keys=ON', []) completed
12:03:00 [INFO] ✅ Read pool created: 5 connections
12:03:00 [DEBUG] executing <function connect.<locals>.connector at 0x0000013B7F502FC0>
12:03:00 [DEBUG] operation <function connect.<locals>.connector at 0x0000013B7F502FC0> completed
12:03:00 [DEBUG] executing functools.partial(<built-in method execute of sqlite3.Connection object at 0x0000013B7F506980>, 'PRAGMA foreign_keys=ON', [])
12:03:00 [DEBUG] operation functools.partial(<built-in method execute of sqlite3.Connection object at 0x0000013B7F506980>, 'PRAGMA foreign_keys=ON', []) completed
12:03:00 [DEBUG] executing functools.partial(<built-in method execute of sqlite3.Connection object at 0x0000013B7F506980>, 'PRAGMA journal_mode=WAL', [])
12:03:00 [DEBUG] operation functools.partial(<built-in method execute of sqlite3.Connection object at 0x0000013B7F506980>, 'PRAGMA journal_mode=WAL', []) completed
12:03:00 [DEBUG] executing functools.partial(<built-in method execute of sqlite3.Connection object at 0x0000013B7F506980>, 'PRAGMA synchronous=NORMAL', [])
12:03:00 [DEBUG] operation functools.partial(<built-in method execute of sqlite3.Connection object at 0x0000013B7F506980>, 'PRAGMA synchronous=NORMAL', []) completed
12:03:00 [INFO] ✅ WAL mode enabled
12:03:00 [INFO] 🔄 Running database migrations...
12:03:00 [DEBUG] executing functools.partial(<built-in method execute of sqlite3.Connection object at 0x0000013B7F506980>, "\n            CREATE TABLE IF NOT EXISTS trades (\n                id INTEGER PRIMARY KEY AUTOINCREMENT,\n                symbol TEXT NOT NULL,\n                side_x10 TEXT NOT NULL,\n                side_lighter TEXT NOT NULL,\n                size_usd REAL NOT NULL,\n                entry_price_x10 REAL,\n                entry_price_lighter REAL,\n                status TEXT DEFAULT 'open',\n                is_farm_trade INTEGER DEFAULT 0,\n                created_at INTEGER NOT NULL,\n                closed_at INTEGER,\n                pnl REAL DEFAULT 0,\n                funding_collected REAL DEFAULT 0,\n                account_label TEXT,\n                x10_order_id TEXT,\n                lighter_order_id TEXT,\n                UNIQUE(symbol, status) ON CONFLICT REPLACE\n            )\n            ", [])
12:03:00 [DEBUG] operation functools.partial(<built-in method execute of sqlite3.Connection object at 0x0000013B7F506980>, "\n            CREATE TABLE IF NOT EXISTS trades (\n                id INTEGER PRIMARY KEY AUTOINCREMENT,\n                symbol TEXT NOT NULL,\n                side_x10 TEXT NOT NULL,\n                side_lighter TEXT NOT NULL,\n                size_usd REAL NOT NULL,\n                entry_price_x10 REAL,\n                entry_price_lighter REAL,\n                status TEXT DEFAULT 'open',\n                is_farm_trade INTEGER DEFAULT 0,\n                created_at INTEGER NOT NULL,\n                closed_at INTEGER,\n                pnl REAL DEFAULT 0,\n                funding_collected REAL DEFAULT 0,\n                account_label TEXT,\n                x10_order_id TEXT,\n                lighter_order_id TEXT,\n                UNIQUE(symbol, status) ON CONFLICT REPLACE\n            )\n            ", []) completed
12:03:00 [DEBUG] executing functools.partial(<built-in method execute of sqlite3.Connection object at 0x0000013B7F506980>, '\n            CREATE INDEX IF NOT EXISTS idx_trades_symbol ON trades(symbol)\n            ', [])
12:03:00 [DEBUG] operation functools.partial(<built-in method execute of sqlite3.Connection object at 0x0000013B7F506980>, '\n            CREATE INDEX IF NOT EXISTS idx_trades_symbol ON trades(symbol)\n            ', []) completed
12:03:00 [DEBUG] executing functools.partial(<built-in method execute of sqlite3.Connection object at 0x0000013B7F506980>, '\n            CREATE INDEX IF NOT EXISTS idx_trades_status ON trades(status)\n            ', [])
12:03:00 [DEBUG] operation functools.partial(<built-in method execute of sqlite3.Connection object at 0x0000013B7F506980>, '\n            CREATE INDEX IF NOT EXISTS idx_trades_status ON trades(status)\n            ', []) completed
12:03:00 [DEBUG] executing functools.partial(<built-in method execute of sqlite3.Connection object at 0x0000013B7F506980>, '\n            CREATE INDEX IF NOT EXISTS idx_trades_created ON trades(created_at)\n            ', [])
12:03:00 [DEBUG] operation functools.partial(<built-in method execute of sqlite3.Connection object at 0x0000013B7F506980>, '\n            CREATE INDEX IF NOT EXISTS idx_trades_created ON trades(created_at)\n            ', []) completed
12:03:00 [DEBUG] executing functools.partial(<built-in method execute of sqlite3.Connection object at 0x0000013B7F506980>, '\n            CREATE TABLE IF NOT EXISTS funding_history (\n                id INTEGER PRIMARY KEY AUTOINCREMENT,\n                symbol TEXT NOT NULL,\n                exchange TEXT NOT NULL,\n                rate REAL NOT NULL,\n                timestamp INTEGER NOT NULL,\n                collected_amount REAL DEFAULT 0\n            )\n            ', [])
12:03:00 [DEBUG] operation functools.partial(<built-in method execute of sqlite3.Connection object at 0x0000013B7F506980>, '\n            CREATE TABLE IF NOT EXISTS funding_history (\n                id INTEGER PRIMARY KEY AUTOINCREMENT,\n                symbol TEXT NOT NULL,\n                exchange TEXT NOT NULL,\n                rate REAL NOT NULL,\n                timestamp INTEGER NOT NULL,\n                collected_amount REAL DEFAULT 0\n            )\n            ', []) completed
12:03:00 [DEBUG] executing functools.partial(<built-in method execute of sqlite3.Connection object at 0x0000013B7F506980>, '\n            CREATE INDEX IF NOT EXISTS idx_funding_symbol_ts \n            ON funding_history(symbol, timestamp)\n            ', [])
12:03:00 [DEBUG] operation functools.partial(<built-in method execute of sqlite3.Connection object at 0x0000013B7F506980>, '\n            CREATE INDEX IF NOT EXISTS idx_funding_symbol_ts \n            ON funding_history(symbol, timestamp)\n            ', []) completed
12:03:00 [DEBUG] executing functools.partial(<built-in method execute of sqlite3.Connection object at 0x0000013B7F506980>, '\n            CREATE TABLE IF NOT EXISTS execution_log (\n                id INTEGER PRIMARY KEY AUTOINCREMENT,\n                symbol TEXT NOT NULL,\n                action TEXT NOT NULL,\n                exchange TEXT NOT NULL,\n                success INTEGER NOT NULL,\n                order_id TEXT,\n                error TEXT,\n                latency_ms REAL,\n                timestamp INTEGER NOT NULL\n            )\n            ', [])
12:03:00 [DEBUG] operation functools.partial(<built-in method execute of sqlite3.Connection object at 0x0000013B7F506980>, '\n            CREATE TABLE IF NOT EXISTS execution_log (\n                id INTEGER PRIMARY KEY AUTOINCREMENT,\n                symbol TEXT NOT NULL,\n                action TEXT NOT NULL,\n                exchange TEXT NOT NULL,\n                success INTEGER NOT NULL,\n                order_id TEXT,\n                error TEXT,\n                latency_ms REAL,\n                timestamp INTEGER NOT NULL\n            )\n            ', []) completed
12:03:00 [DEBUG] executing functools.partial(<built-in method execute of sqlite3.Connection object at 0x0000013B7F506980>, '\n            CREATE TABLE IF NOT EXISTS bot_state (\n                key TEXT PRIMARY KEY,\n                value TEXT NOT NULL,\n                updated_at INTEGER NOT NULL\n            )\n            ', [])
12:03:00 [DEBUG] operation functools.partial(<built-in method execute of sqlite3.Connection object at 0x0000013B7F506980>, '\n            CREATE TABLE IF NOT EXISTS bot_state (\n                key TEXT PRIMARY KEY,\n                value TEXT NOT NULL,\n                updated_at INTEGER NOT NULL\n            )\n            ', []) completed
12:03:00 [DEBUG] executing functools.partial(<built-in method execute of sqlite3.Connection object at 0x0000013B7F506980>, '\n            CREATE TABLE IF NOT EXISTS pnl_snapshots (\n                id INTEGER PRIMARY KEY AUTOINCREMENT,\n                timestamp INTEGER NOT NULL,\n                total_pnl REAL NOT NULL,\n                unrealized_pnl REAL NOT NULL,\n                realized_pnl REAL NOT NULL,\n                funding_pnl REAL NOT NULL,\n                trade_count INTEGER NOT NULL\n            )\n            ', [])
12:03:00 [DEBUG] operation functools.partial(<built-in method execute of sqlite3.Connection object at 0x0000013B7F506980>, '\n            CREATE TABLE IF NOT EXISTS pnl_snapshots (\n                id INTEGER PRIMARY KEY AUTOINCREMENT,\n                timestamp INTEGER NOT NULL,\n                total_pnl REAL NOT NULL,\n                unrealized_pnl REAL NOT NULL,\n                realized_pnl REAL NOT NULL,\n                funding_pnl REAL NOT NULL,\n                trade_count INTEGER NOT NULL\n            )\n            ', []) completed
12:03:00 [DEBUG] executing functools.partial(<built-in method execute of sqlite3.Connection object at 0x0000013B7F506980>, '\n            CREATE INDEX IF NOT EXISTS idx_pnl_ts ON pnl_snapshots(timestamp)\n            ', [])
12:03:00 [DEBUG] operation functools.partial(<built-in method execute of sqlite3.Connection object at 0x0000013B7F506980>, '\n            CREATE INDEX IF NOT EXISTS idx_pnl_ts ON pnl_snapshots(timestamp)\n            ', []) completed
12:03:00 [DEBUG] executing functools.partial(<built-in method execute of sqlite3.Connection object at 0x0000013B7F506980>, '\n            CREATE TABLE IF NOT EXISTS _migrations (\n                id INTEGER PRIMARY KEY,\n                name TEXT NOT NULL,\n                applied_at INTEGER NOT NULL\n            )\n            ', [])
12:03:00 [DEBUG] operation functools.partial(<built-in method execute of sqlite3.Connection object at 0x0000013B7F506980>, '\n            CREATE TABLE IF NOT EXISTS _migrations (\n                id INTEGER PRIMARY KEY,\n                name TEXT NOT NULL,\n                applied_at INTEGER NOT NULL\n            )\n            ', []) completed
12:03:00 [DEBUG] executing functools.partial(<built-in method commit of sqlite3.Connection object at 0x0000013B7F506980>)
12:03:00 [DEBUG] operation functools.partial(<built-in method commit of sqlite3.Connection object at 0x0000013B7F506980>) completed
12:03:00 [INFO] ✅ Migrations complete (11 statements)
12:03:00 [INFO] ✅ Database initialized
12:03:00 [DEBUG] executing functools.partial(<built-in method execute of sqlite3.Connection object at 0x0000013B7F5055D0>, "SELECT * FROM trades WHERE status = 'open' ORDER BY created_at DESC", ())
12:03:00 [INFO] 🖊️ Database write loop started
12:03:00 [DEBUG] operation functools.partial(<built-in method execute of sqlite3.Connection object at 0x0000013B7F5055D0>, "SELECT * FROM trades WHERE status = 'open' ORDER BY created_at DESC", ()) completed
12:03:00 [DEBUG] executing functools.partial(<built-in method fetchall of sqlite3.Cursor object at 0x0000013B7F4ED940>)
12:03:00 [DEBUG] operation functools.partial(<built-in method fetchall of sqlite3.Cursor object at 0x0000013B7F4ED940>) completed
12:03:00 [DEBUG] executing functools.partial(<built-in method close of sqlite3.Cursor object at 0x0000013B7F4ED940>)
12:03:00 [DEBUG] operation functools.partial(<built-in method close of sqlite3.Cursor object at 0x0000013B7F4ED940>) completed
12:03:00 [INFO] 📂 Loaded 0 trades from database
12:03:00 [INFO] ✅ InMemoryStateManager started (loaded 0 trades)
12:03:00 [INFO] ✅ State Manager started
12:03:00 [INFO]  Telegram Bot disabled (Token/ChatID missing).
12:03:00 [INFO] ✅ Async database initialized
12:03:00 [DEBUG] executing <function connect.<locals>.connector at 0x0000013B7F502980>
12:03:00 [INFO] 📝 State writer loop started
12:03:00 [DEBUG] operation <function connect.<locals>.connector at 0x0000013B7F502980> completed
12:03:00 [DEBUG] executing functools.partial(<built-in method execute of sqlite3.Connection object at 0x0000013B7F507100>, "\n                CREATE TABLE IF NOT EXISTS trade_history (\n                    id INTEGER PRIMARY KEY AUTOINCREMENT,\n                    symbol TEXT NOT NULL,\n                    entry_time TIMESTAMP,\n                    exit_time TIMESTAMP,\n                    hold_duration_hours REAL,\n                    close_reason TEXT,\n                    final_pnl_usd REAL,\n                    funding_pnl_usd REAL,\n                    spread_pnl_usd REAL,\n                    fees_usd REAL,\n                    account_label TEXT DEFAULT 'Main'\n                )\n            ", [])
12:03:00 [DEBUG] operation functools.partial(<built-in method execute of sqlite3.Connection object at 0x0000013B7F507100>, "\n                CREATE TABLE IF NOT EXISTS trade_history (\n                    id INTEGER PRIMARY KEY AUTOINCREMENT,\n                    symbol TEXT NOT NULL,\n                    entry_time TIMESTAMP,\n                    exit_time TIMESTAMP,\n                    hold_duration_hours REAL,\n                    close_reason TEXT,\n                    final_pnl_usd REAL,\n                    funding_pnl_usd REAL,\n                    spread_pnl_usd REAL,\n                    fees_usd REAL,\n                    account_label TEXT DEFAULT 'Main'\n                )\n            ", []) completed
12:03:00 [DEBUG] executing functools.partial(<built-in method commit of sqlite3.Connection object at 0x0000013B7F507100>)
12:03:00 [DEBUG] operation functools.partial(<built-in method commit of sqlite3.Connection object at 0x0000013B7F507100>) completed
12:03:00 [DEBUG] executing functools.partial(<built-in method execute of sqlite3.Connection object at 0x0000013B7F507100>, 'PRAGMA table_info(trade_history)', [])
12:03:00 [DEBUG] operation functools.partial(<built-in method execute of sqlite3.Connection object at 0x0000013B7F507100>, 'PRAGMA table_info(trade_history)', []) completed
12:03:00 [DEBUG] executing functools.partial(<built-in method fetchall of sqlite3.Cursor object at 0x0000013B7F4EE340>)
12:03:00 [DEBUG] operation functools.partial(<built-in method fetchall of sqlite3.Cursor object at 0x0000013B7F4EE340>) completed
12:03:00 [DEBUG] ✅ Database schema up to date
12:03:00 [DEBUG] executing functools.partial(<built-in method close of sqlite3.Connection object at 0x0000013B7F507100>)
12:03:00 [DEBUG] operation functools.partial(<built-in method close of sqlite3.Connection object at 0x0000013B7F507100>) completed
12:03:00 [INFO] Initialisiere X10 Adapter...
12:03:00 [INFO]  X10 Account initialisiert.
12:03:00 [INFO] Initialisiere Lighter Adapter...
12:03:00 [INFO] 📊 Loading Market Data...
12:03:00 [INFO] 📊 Step 1/5: Loading X10 markets...
12:03:00 [DEBUG] Sending GET https://api.starknet.extended.exchange/api/v1/info/markets?
12:03:02 [INFO]  X10: 91 Märkte geladen, 91 Funding Rates, 78 Preise
12:03:02 [INFO] ✅ X10: 91 markets loaded
12:03:04 [INFO] 📊 Step 2/5: Loading Lighter markets...
12:03:04 [INFO] ⚙️ Lighter: Loading markets...
12:03:04 [DEBUG] Fetching markets from: https://mainnet.zklighter.elliot.ai/api/v1/orderBookDetails
12:03:06 [DEBUG] EDEN-USD: Cached price $0.07
12:03:06 [DEBUG] 1000BONK-USD: Cached price $0.01
12:03:06 [DEBUG] ARB-USD: Cached price $0.22
12:03:06 [DEBUG] NVDA-USD: Cached price $176.40
12:03:06 [DEBUG] WLFI-USD: Cached price $0.16
12:03:06 [DEBUG] SUI-USD: Cached price $1.53
12:03:06 [DEBUG] POPCAT-USD: Cached price $0.11
12:03:06 [DEBUG] PYTH-USD: Cached price $0.07
12:03:06 [DEBUG] IP-USD: Cached price $2.42
12:03:06 [DEBUG] MORPHO-USD: Cached price $1.48
12:03:06 [DEBUG] FIL-USD: Cached price $1.62
12:03:06 [DEBUG] MET-USD: Cached price $0.32
12:03:06 [DEBUG] XMR-USD: Cached price $416.61
12:03:06 [DEBUG] 0G-USD: Cached price $1.17
12:03:06 [DEBUG] USDKRW-USD: Cached price $1466.97
12:03:06 [DEBUG] RESOLV-USD: Cached price $0.07
12:03:06 [DEBUG] SOL-USD: Cached price $136.68
12:03:06 [DEBUG] STBL-USD: Cached price $0.06
12:03:06 [DEBUG] USELESS-USD: Cached price $0.11
12:03:06 [DEBUG] DOGE-USD: Cached price $0.15
12:03:06 [DEBUG] CRO-USD: Cached price $0.11
12:03:06 [DEBUG] WLD-USD: Cached price $0.63
12:03:06 [DEBUG] SKY-USD: Cached price $0.06
12:03:06 [DEBUG] USDJPY-USD: Cached price $155.78
12:03:06 [DEBUG] 2Z-USD: Cached price $0.11
12:03:06 [DEBUG] HYPE-USD: Cached price $33.23
12:03:06 [DEBUG] ZEC-USD: Cached price $448.48
12:03:06 [DEBUG] APT-USD: Cached price $2.01
12:03:06 [DEBUG] MEGA-USD: Cached price $0.33
12:03:06 [DEBUG] TRX-USD: Cached price $0.28
12:03:06 [DEBUG] PROVE-USD: Cached price $0.47
12:03:06 [DEBUG] AAPL-USD: Cached price $278.88
12:03:06 [DEBUG] TON-USD: Cached price $1.56
12:03:06 [DEBUG] S-USD: Cached price $0.11
12:03:06 [DEBUG] GOOGL-USD: Cached price $319.60
12:03:06 [DEBUG] GRASS-USD: Cached price $0.32
12:03:06 [DEBUG] STRK-USD: Cached price $0.13
12:03:06 [DEBUG] LDO-USD: Cached price $0.65
12:03:06 [DEBUG] WIF-USD: Cached price $0.38
12:03:06 [DEBUG] LINK-USD: Cached price $13.04
12:03:06 [DEBUG] NMR-USD: Cached price $11.15
12:03:06 [DEBUG] FARTCOIN-USD: Cached price $0.32
12:03:06 [DEBUG] MNT-USD: Cached price $1.09
12:03:06 [DEBUG] ASTER-USD: Cached price $1.06
12:03:06 [DEBUG] TSLA-USD: Cached price $430.32
12:03:06 [DEBUG] ZORA-USD: Cached price $0.05
12:03:06 [DEBUG] YZY-USD: Cached price $0.36
12:03:06 [DEBUG] KAITO-USD: Cached price $0.71
12:03:06 [DEBUG] BCH-USD: Cached price $539.53
12:03:06 [DEBUG] USDCAD-USD: Cached price $1.40
12:03:06 [DEBUG] MON-USD: Cached price $0.03
12:03:06 [DEBUG] ICP-USD: Cached price $3.99
12:03:06 [DEBUG] 1000SHIB-USD: Cached price $0.01
12:03:06 [DEBUG] FF-USD: Cached price $0.12
12:03:06 [DEBUG] TAO-USD: Cached price $291.88
12:03:06 [DEBUG] AMZN-USD: Cached price $233.08
12:03:06 [DEBUG] PENDLE-USD: Cached price $2.62
12:03:06 [DEBUG] BTC-USD: Cached price $91227.30
12:03:06 [DEBUG] ETH-USD: Cached price $3008.91
12:03:06 [DEBUG] SPX-USD: Cached price $0.68
12:03:06 [DEBUG] PLTR-USD: Cached price $168.63
12:03:06 [DEBUG] AVAX-USD: Cached price $14.08
12:03:06 [DEBUG] LINEA-USD: Cached price $0.01
12:03:06 [DEBUG] POL-USD: Cached price $0.13
12:03:06 [DEBUG] COIN-USD: Cached price $272.90
12:03:06 [DEBUG] XPL-USD: Cached price $0.21
12:03:06 [DEBUG] BERA-USD: Cached price $0.90
12:03:06 [DEBUG] SYRUP-USD: Cached price $0.27
12:03:06 [DEBUG] BNB-USD: Cached price $877.12
12:03:06 [DEBUG] ADA-USD: Cached price $0.42
12:03:06 [DEBUG] AUDUSD-USD: Cached price $0.66
12:03:06 [DEBUG] HBAR-USD: Cached price $0.14
12:03:06 [DEBUG] ETHFI-USD: Cached price $0.80
12:03:06 [DEBUG] META-USD: Cached price $649.44
12:03:06 [DEBUG] MSFT-USD: Cached price $491.00
12:03:06 [DEBUG] NEAR-USD: Cached price $1.84
12:03:06 [DEBUG] PAXG-USD: Cached price $4243.61
12:03:06 [DEBUG] EIGEN-USD: Cached price $0.59
12:03:06 [DEBUG] DOLO-USD: Cached price $0.05
12:03:06 [DEBUG] MYX-USD: Cached price $2.61
12:03:06 [DEBUG] PUMP-USD: Cached price $0.00
12:03:06 [DEBUG] 1000FLOKI-USD: Cached price $0.05
12:03:06 [DEBUG] ZK-USD: Cached price $0.04
12:03:06 [DEBUG] VVV-USD: Cached price $1.03
12:03:06 [DEBUG] EURUSD-USD: Cached price $1.16
12:03:06 [DEBUG] ENA-USD: Cached price $0.28
12:03:06 [DEBUG] AAVE-USD: Cached price $182.41
12:03:06 [DEBUG] CRV-USD: Cached price $0.42
12:03:06 [DEBUG] VIRTUAL-USD: Cached price $0.93
12:03:06 [DEBUG] XRP-USD: Cached price $2.19
12:03:06 [DEBUG] ONDO-USD: Cached price $0.51
12:03:06 [DEBUG] SEI-USD: Cached price $0.14
12:03:06 [DEBUG] NZDUSD-USD: Cached price $0.57
12:03:06 [DEBUG] UNI-USD: Cached price $6.15
12:03:06 [DEBUG] AERO-USD: Cached price $0.68
12:03:06 [DEBUG] HOOD-USD: Cached price $129.22
12:03:06 [DEBUG] 1000PEPE-USD: Cached price $0.00
12:03:06 [DEBUG] AVNT-USD: Cached price $0.38
12:03:06 [DEBUG] CC-USD: Cached price $0.09
12:03:06 [DEBUG] DYDX-USD: Cached price $0.24
12:03:06 [DEBUG] LTC-USD: Cached price $83.96
12:03:06 [DEBUG] JUP-USD: Cached price $0.25
12:03:06 [DEBUG] OP-USD: Cached price $0.32
12:03:06 [DEBUG] 1000TOSHI-USD: Cached price $0.41
12:03:06 [DEBUG] USDCHF-USD: Cached price $0.80
12:03:06 [DEBUG] DOT-USD: Cached price $2.26
12:03:06 [DEBUG] TRUMP-USD: Cached price $6.04
12:03:06 [DEBUG] PENGU-USD: Cached price $0.01
12:03:06 [DEBUG] ZRO-USD: Cached price $1.33
12:03:06 [DEBUG] APEX-USD: Cached price $0.68
12:03:06 [DEBUG] GMX-USD: Cached price $8.73
12:03:06 [DEBUG] XAU-USD: Cached price $4227.98
12:03:06 [DEBUG] XAG-USD: Cached price $56.41
12:03:06 [DEBUG] GBPUSD-USD: Cached price $1.32
12:03:06 [DEBUG] TIA-USD: Cached price $0.67
12:03:06 [INFO] ✅ Lighter: 118 markets loaded (REST API)
12:03:07 [INFO] 📝 State writer loop stopped
12:03:07 [INFO] 🖊️ Database write loop stopped
