19:50:03 [INFO]  CONFIG VALIDIERUNG abgeschlossen.
19:50:03 [INFO] 🔥 BOT V5 (Architected) STARTING...
19:50:03 [INFO] 🚀 Starting InMemoryStateManager...
19:50:03 [INFO] 📂 Initializing database: data/trades.db
19:50:03 [INFO] ✅ Read pool created: 5 connections
19:50:03 [INFO] ✅ WAL mode enabled
19:50:03 [INFO] 🔄 Running database migrations...
19:50:03 [INFO] ✅ Migrations complete (11 statements)
19:50:03 [INFO] ✅ Database initialized
19:50:03 [INFO] 🖊️ Database write loop started
19:50:03 [INFO] 📂 Loaded 3 trades from database
19:50:03 [INFO] ✅ InMemoryStateManager started (loaded 3 trades)
19:50:03 [INFO] ✅ State Manager started
19:50:03 [INFO]  Telegram Bot disabled (Token/ChatID missing).
19:50:03 [INFO] ✅ Async database initialized
19:50:03 [INFO] 📝 State writer loop started
19:50:03 [DEBUG] ✅ Database schema up to date
19:50:03 [INFO] Initialisiere X10 Adapter...
19:50:03 [INFO]  X10 Account initialisiert.
19:50:03 [INFO] Initialisiere Lighter Adapter...
19:50:03 [INFO] 📊 Loading Market Data via REST...
19:50:04 [DEBUG] Sending GET https://api.starknet.extended.exchange/api/v1/info/markets?
19:50:05 [WARNING] ⚠️ Skipping ETH-USD: market_id=None (parsed=-1) invalid or >254
19:50:05 [INFO] ✅ Lighter: Loaded 115 markets (base data)
19:50:05 [DEBUG] Starting new HTTPS connection (1): mainnet.zklighter.elliot.ai:443
19:50:06 [DEBUG] https://mainnet.zklighter.elliot.ai:443 "GET /api/v1/nextNonce?account_index=60113&api_key_index=3 HTTP/1.1" 200 25
19:50:06 [INFO]  X10: 91 Märkte geladen, 91 Funding Rates, 78 Preise
19:50:08 [INFO] ✅ Lighter: Updated 115 markets with size_decimals from API
19:50:08 [INFO] 📊 MARKET ADA-USD: size_decimals=1, price_decimals=5, min_base_amount=10.0
19:50:08 [INFO] 📊 MARKET SEI-USD: size_decimals=1, price_decimals=5, min_base_amount=50.0
19:50:08 [INFO] 📊 MARKET RESOLV-USD: size_decimals=0, price_decimals=6, min_base_amount=40.0
19:50:08 [INFO] 📊 MARKET TIA-USD: size_decimals=1, price_decimals=5, min_base_amount=3.0
19:50:08 [INFO] ✅ Markets loaded: X10=91, Lighter=115
19:50:08 [INFO] 📈 Pre-loading Lighter prices...
19:50:08 [DEBUG] Lighter: Loaded 379 funding rates
19:50:09 [DEBUG] Lighter: Loaded 115 prices via REST
19:50:09 [INFO] ✅ Lighter prices loaded: 115 symbols
19:50:09 [INFO] FundingPredictorV2 initialized with BTC Correlation
19:50:09 [INFO] 启动 OI Tracker für 67 Symbole...
19:50:09 [INFO] ✅ OpenInterestTracker started (interval=30.0s)
19:50:09 [INFO] 🌐 Starting WebSocket Manager...
19:50:09 [INFO] 📊 OI Tracker: Starting cycle 1 (67 symbols)
19:50:09 [INFO] 🔌 [lighter] WebSocket manager started
19:50:09 [INFO] 🔌 [x10] WebSocket manager started
19:50:09 [INFO] 🔌 [lighter] Connecting with kwargs: {'close_timeout': 5.0, 'max_size': 4194304, 'ping_interval': 20.0, 'ping_timeout': 10.0}
19:50:09 [INFO] 🔌 [x10] Connecting with kwargs: {'close_timeout': 5.0, 'max_size': 4194304, 'ping_interval': 10.0, 'ping_timeout': 20.0, 'additional_headers': {'X-Api-Key': 'a1c9207f79f0e57ddc454bf1e16dbe49', 'User-Agent': 'X10PythonTradingClient/0.4.5'}}
19:50:09 [INFO] ✅ WebSocketManager started
19:50:10 [DEBUG] ✅ MON-USD: X10=$297,701, Lighter=$236,793,540, Total=$237,091,240
19:50:10 [INFO] ✅ [lighter] Connected to wss://mainnet.zklighter.elliot.ai/stream
19:50:10 [INFO] ✅ [lighter] Keepalive enabled: ping_interval=20.0s, ping_timeout=10.0s
19:50:10 [INFO] [lighter] Resubscribing to 79 channels (paced)...
19:50:10 [INFO] [lighter] Receive loop started (async iterator)
19:50:10 [DEBUG] 💓 [lighter] Heartbeat monitor started (library handles ping/pong)
19:50:10 [DEBUG] [lighter] Subscribed to order_book/2
19:50:10 [DEBUG] [lighter] Subscribed to trade/2
19:50:10 [DEBUG] [lighter] Subscribed to order_book/76
19:50:10 [DEBUG] [lighter] Subscribed to trade/76
19:50:10 [INFO] ✅ [x10] Connected to wss://api.starknet.extended.exchange/stream.extended.exchange/v1/account
19:50:10 [INFO] ✅ [x10] Keepalive enabled: ping_interval=10.0s, ping_timeout=20.0s
19:50:10 [INFO] [x10] Receive loop started (async iterator)
19:50:10 [DEBUG] 💓 [x10] Heartbeat monitor started (library handles ping/pong)
19:50:10 [DEBUG] [x10] RAW MSG: {"type":"ORDER","data":{"isSnapshot":true,"orders":[]},"ts":1764701401949,"seq":1}
19:50:10 [DEBUG] [lighter] Subscribed to order_book/35
19:50:10 [DEBUG] [lighter] Subscribed to trade/35
19:50:10 [DEBUG] [x10] RAW MSG: {"type":"BALANCE","data":{"isSnapshot":true,"balance":{"collateralName":"USD","balance":"301.710671"
19:50:10 [DEBUG] [x10] RAW MSG: {"type":"POSITION","data":{"isSnapshot":true,"positions":[]},"ts":1764701401949,"seq":3}
19:50:10 [DEBUG] [lighter] Subscribed to order_book/3
19:50:10 [DEBUG] [lighter] Subscribed to trade/3
19:50:10 [DEBUG] [lighter] Subscribed to order_book/90
19:50:10 [DEBUG] [lighter] Subscribed to trade/90
19:50:10 [DEBUG] [lighter] Subscribed to order_book/98
19:50:10 [DEBUG] [lighter] Subscribed to trade/98
19:50:10 [DEBUG] [lighter] Subscribed to order_book/82
19:50:10 [DEBUG] [lighter] Subscribed to trade/82
19:50:10 [DEBUG] [lighter] Subscribed to order_book/8
19:50:10 [DEBUG] [lighter] Subscribed to trade/8
19:50:10 [DEBUG] [lighter] Subscribed to order_book/26
19:50:10 [DEBUG] [lighter] Subscribed to trade/26
19:50:10 [DEBUG] [lighter] Subscribed to order_book/49
19:50:10 [DEBUG] [lighter] Subscribed to trade/49
19:50:10 [DEBUG] [lighter] Subscribed to order_book/50
19:50:10 [DEBUG] [lighter] Subscribed to trade/50
19:50:10 [DEBUG] [lighter] Subscribed to order_book/31
19:50:10 [DEBUG] [lighter] Subscribed to trade/31
19:50:10 [DEBUG] [lighter] Subscribed to order_book/13
19:50:10 [DEBUG] [lighter] Subscribed to trade/13
19:50:10 [DEBUG] [lighter] Subscribed to order_book/28
19:50:10 [DEBUG] [lighter] Subscribed to trade/28
19:50:10 [DEBUG] [lighter] Subscribed to order_book/41
19:50:10 [DEBUG] [lighter] Subscribed to trade/41
19:50:10 [DEBUG] [lighter] Subscribed to order_book/5
19:50:10 [DEBUG] [lighter] Subscribed to trade/5
19:50:10 [DEBUG] [lighter] Subscribed to order_book/36
19:50:10 [DEBUG] [lighter] Subscribed to trade/36
19:50:10 [DEBUG] [lighter] Subscribed to order_book/92
19:50:10 [DEBUG] [lighter] Subscribed to trade/92
19:50:11 [DEBUG] [lighter] Subscribed to order_book/27
19:50:11 [DEBUG] [lighter] Subscribed to trade/27
19:50:11 [DEBUG] [lighter] Subscribed to order_book/67
19:50:11 [DEBUG] [lighter] Subscribed to trade/67
19:50:11 [DEBUG] [lighter] Subscribed to order_book/53
19:50:11 [DEBUG] [lighter] Subscribed to trade/53
19:50:11 [DEBUG] [lighter] Subscribed to order_book/34
19:50:11 [DEBUG] [lighter] Subscribed to trade/34
19:50:11 [DEBUG] [lighter] Subscribed to order_book/52
19:50:11 [DEBUG] [lighter] Subscribed to trade/52
19:50:11 [DEBUG] [lighter] Subscribed to order_book/38
19:50:11 [DEBUG] [lighter] Subscribed to trade/38
19:50:11 [DEBUG] [lighter] Subscribed to order_book/43
19:50:11 [DEBUG] [lighter] Subscribed to trade/43
19:50:11 [DEBUG] [lighter] Subscribed to order_book/55
19:50:11 [DEBUG] [lighter] Subscribed to trade/55
19:50:11 [DEBUG] [lighter] Subscribed to order_book/21
19:50:11 [DEBUG] [lighter] Subscribed to trade/21
19:50:11 [DEBUG] [lighter] Subscribed to order_book/23
19:50:11 [DEBUG] [lighter] Subscribed to trade/23
19:50:11 [INFO] [x10] Subscribing to 134 channels (fast batch)...
19:50:11 [DEBUG] [x10] Subscribed to publicTrades/MON/USD
19:50:11 [DEBUG] [x10] Subscribed to funding/MON/USD
19:50:11 [DEBUG] [x10] Subscribed to publicTrades/TON/USD
19:50:11 [DEBUG] [x10] Subscribed to funding/TON/USD
19:50:11 [DEBUG] [x10] Subscribed to publicTrades/ADA/USD
19:50:11 [DEBUG] [x10] Subscribed to funding/ADA/USD
19:50:11 [DEBUG] [x10] Subscribed to publicTrades/TRUMP/USD
19:50:11 [DEBUG] [x10] Subscribed to funding/TRUMP/USD
19:50:11 [DEBUG] [x10] Subscribed to publicTrades/BCH/USD
19:50:11 [DEBUG] [x10] Subscribed to funding/BCH/USD
19:50:11 [DEBUG] [x10] Subscribed to publicTrades/XAG/USD
19:50:11 [DEBUG] [x10] Subscribed to funding/XAG/USD
19:50:11 [DEBUG] [x10] Subscribed to publicTrades/SPX/USD
19:50:11 [DEBUG] [x10] Subscribed to funding/SPX/USD
19:50:11 [DEBUG] [x10] Subscribed to publicTrades/1000PEPE/USD
19:50:11 [DEBUG] [x10] Subscribed to funding/1000PEPE/USD
19:50:11 [DEBUG] [x10] Subscribed to publicTrades/ASTER/USD
19:50:11 [DEBUG] [x10] Subscribed to funding/ASTER/USD
19:50:11 [DEBUG] [x10] Subscribed to publicTrades/ZRO/USD
19:50:11 [DEBUG] [x10] Subscribed to funding/ZRO/USD
19:50:11 [DEBUG] [x10] Subscribed to publicTrades/BTC/USD
19:50:11 [DEBUG] [x10] Subscribed to funding/BTC/USD
19:50:11 [DEBUG] [x10] Subscribed to publicTrades/APEX/USD
19:50:11 [DEBUG] [x10] Subscribed to funding/APEX/USD
19:50:11 [DEBUG] [x10] Subscribed to publicTrades/EDEN/USD
19:50:11 [DEBUG] [x10] Subscribed to funding/EDEN/USD
19:50:11 [DEBUG] [x10] Subscribed to publicTrades/SEI/USD
19:50:11 [DEBUG] [x10] Subscribed to funding/SEI/USD
19:50:11 [DEBUG] [x10] Subscribed to publicTrades/BERA/USD
19:50:11 [DEBUG] [x10] Subscribed to funding/BERA/USD
19:50:11 [DEBUG] [x10] Subscribed to publicTrades/WLFI/USD
19:50:11 [DEBUG] [x10] Subscribed to funding/WLFI/USD
19:50:11 [DEBUG] [x10] Subscribed to publicTrades/NEAR/USD
19:50:11 [DEBUG] [x10] Subscribed to funding/NEAR/USD
19:50:11 [DEBUG] [x10] Subscribed to publicTrades/MNT/USD
19:50:11 [DEBUG] [x10] Subscribed to funding/MNT/USD
19:50:11 [DEBUG] [x10] Subscribed to publicTrades/PENGU/USD
19:50:11 [DEBUG] [x10] Subscribed to funding/PENGU/USD
19:50:11 [DEBUG] [x10] Subscribed to publicTrades/LDO/USD
19:50:11 [DEBUG] [x10] Subscribed to funding/LDO/USD
19:50:11 [DEBUG] [x10] Subscribed to publicTrades/RESOLV/USD
19:50:11 [DEBUG] [x10] Subscribed to funding/RESOLV/USD
19:50:11 [DEBUG] [x10] Subscribed to publicTrades/PENDLE/USD
19:50:11 [DEBUG] [x10] Subscribed to funding/PENDLE/USD
19:50:11 [DEBUG] [x10] Subscribed to publicTrades/DOT/USD
19:50:11 [DEBUG] [x10] Subscribed to funding/DOT/USD
19:50:11 [DEBUG] [x10] Subscribed to publicTrades/UNI/USD
19:50:11 [DEBUG] [x10] Subscribed to funding/UNI/USD
19:50:11 [DEBUG] [x10] Subscribed to publicTrades/XPL/USD
19:50:11 [DEBUG] [x10] Subscribed to funding/XPL/USD
19:50:11 [DEBUG] [x10] Subscribed to publicTrades/KAITO/USD
19:50:11 [DEBUG] [x10] Subscribed to funding/KAITO/USD
19:50:11 [DEBUG] [x10] Subscribed to publicTrades/ENA/USD
19:50:11 [DEBUG] [x10] Subscribed to funding/ENA/USD
19:50:11 [DEBUG] [x10] Subscribed to publicTrades/SUI/USD
19:50:11 [DEBUG] [x10] Subscribed to funding/SUI/USD
19:50:11 [DEBUG] [x10] Subscribed to publicTrades/HYPE/USD
19:50:11 [DEBUG] [x10] Subscribed to funding/HYPE/USD
19:50:11 [DEBUG] [x10] Subscribed to publicTrades/WLD/USD
19:50:11 [DEBUG] [x10] Subscribed to funding/WLD/USD
19:50:11 [DEBUG] [x10] Subscribed to publicTrades/1000BONK/USD
19:50:11 [DEBUG] [x10] Subscribed to funding/1000BONK/USD
19:50:11 [DEBUG] [x10] Subscribed to publicTrades/XRP/USD
19:50:11 [DEBUG] [x10] Subscribed to funding/XRP/USD
19:50:11 [DEBUG] [x10] Subscribed to publicTrades/BNB/USD
19:50:11 [DEBUG] [x10] Subscribed to funding/BNB/USD
19:50:11 [DEBUG] [x10] Subscribed to publicTrades/PUMP/USD
19:50:11 [DEBUG] [x10] Subscribed to funding/PUMP/USD
19:50:11 [DEBUG] [x10] Subscribed to publicTrades/FIL/USD
19:50:11 [DEBUG] [x10] Subscribed to funding/FIL/USD
19:50:12 [DEBUG] [x10] Subscribed to publicTrades/STRK/USD
19:50:12 [DEBUG] [x10] Subscribed to funding/STRK/USD
19:50:12 [DEBUG] [x10] Subscribed to publicTrades/1000SHIB/USD
19:50:12 [DEBUG] [x10] Subscribed to funding/1000SHIB/USD
19:50:12 [DEBUG] [x10] Subscribed to publicTrades/S/USD
19:50:12 [DEBUG] [x10] Subscribed to funding/S/USD
19:50:12 [DEBUG] [x10] Subscribed to publicTrades/AVAX/USD
19:50:12 [DEBUG] [x10] Subscribed to funding/AVAX/USD
19:50:12 [DEBUG] [x10] Subscribed to publicTrades/SOL/USD
19:50:12 [DEBUG] [x10] Subscribed to funding/SOL/USD
19:50:12 [DEBUG] [x10] Subscribed to publicTrades/LINEA/USD
19:50:12 [DEBUG] [x10] Subscribed to funding/LINEA/USD
19:50:12 [DEBUG] [x10] Subscribed to publicTrades/LTC/USD
19:50:12 [DEBUG] [x10] Subscribed to funding/LTC/USD
19:50:12 [DEBUG] [x10] Subscribed to publicTrades/DOGE/USD
19:50:12 [DEBUG] [x10] Subscribed to funding/DOGE/USD
19:50:12 [DEBUG] [x10] Subscribed to publicTrades/ZEC/USD
19:50:12 [DEBUG] [x10] Subscribed to funding/ZEC/USD
19:50:12 [DEBUG] [x10] Subscribed to publicTrades/USDJPY/USD
19:50:12 [DEBUG] [x10] Subscribed to funding/USDJPY/USD
19:50:12 [DEBUG] [x10] Subscribed to publicTrades/AVNT/USD
19:50:12 [DEBUG] [x10] Subscribed to funding/AVNT/USD
19:50:12 [DEBUG] [x10] Subscribed to publicTrades/LINK/USD
19:50:12 [DEBUG] [x10] Subscribed to funding/LINK/USD
19:50:12 [DEBUG] [x10] Subscribed to publicTrades/JUP/USD
19:50:12 [DEBUG] [x10] Subscribed to funding/JUP/USD
19:50:12 [DEBUG] [x10] Subscribed to publicTrades/EIGEN/USD
19:50:12 [DEBUG] [x10] Subscribed to funding/EIGEN/USD
19:50:12 [DEBUG] [x10] Subscribed to publicTrades/ARB/USD
19:50:12 [DEBUG] [x10] Subscribed to funding/ARB/USD
19:50:12 [DEBUG] [x10] Subscribed to publicTrades/APT/USD
19:50:12 [DEBUG] [x10] Subscribed to funding/APT/USD
19:50:12 [DEBUG] [x10] Subscribed to publicTrades/TAO/USD
19:50:12 [DEBUG] [x10] Subscribed to funding/TAO/USD
19:50:12 [DEBUG] [x10] Subscribed to publicTrades/MKR/USD
19:50:12 [DEBUG] [x10] Subscribed to funding/MKR/USD
19:50:12 [DEBUG] [x10] Subscribed to publicTrades/VIRTUAL/USD
19:50:12 [DEBUG] [x10] Subscribed to funding/VIRTUAL/USD
19:50:12 [DEBUG] [x10] Subscribed to publicTrades/WIF/USD
19:50:12 [DEBUG] [x10] Subscribed to funding/WIF/USD
19:50:12 [DEBUG] [x10] Subscribed to publicTrades/CRV/USD
19:50:12 [DEBUG] [x10] Subscribed to funding/CRV/USD
19:50:12 [DEBUG] [x10] Subscribed to publicTrades/XAU/USD
19:50:12 [DEBUG] [x10] Subscribed to funding/XAU/USD
19:50:12 [DEBUG] [x10] Subscribed to publicTrades/AAVE/USD
19:50:12 [DEBUG] [x10] Subscribed to funding/AAVE/USD
19:50:12 [DEBUG] [x10] Subscribed to publicTrades/TIA/USD
19:50:12 [DEBUG] [x10] Subscribed to funding/TIA/USD
19:50:12 [DEBUG] [x10] Subscribed to publicTrades/ZORA/USD
19:50:12 [DEBUG] [x10] Subscribed to funding/ZORA/USD
19:50:12 [DEBUG] [x10] Subscribed to publicTrades/IP/USD
19:50:12 [DEBUG] [x10] Subscribed to funding/IP/USD
19:50:12 [DEBUG] [x10] Subscribed to publicTrades/GRASS/USD
19:50:12 [DEBUG] [x10] Subscribed to funding/GRASS/USD
19:50:12 [DEBUG] [x10] Subscribed to publicTrades/ONDO/USD
19:50:12 [DEBUG] [x10] Subscribed to funding/ONDO/USD
19:50:12 [DEBUG] [x10] Subscribed to publicTrades/TRX/USD
19:50:12 [DEBUG] [x10] Subscribed to funding/TRX/USD
19:50:12 [DEBUG] [x10] Subscribed to publicTrades/OP/USD
19:50:12 [DEBUG] [x10] Subscribed to funding/OP/USD
19:50:12 [DEBUG] [x10] Subscribed to publicTrades/FARTCOIN/USD
19:50:12 [DEBUG] [x10] Subscribed to funding/FARTCOIN/USD
19:50:12 [DEBUG] [x10] Subscribed to publicTrades/POPCAT/USD
19:50:12 [DEBUG] [x10] Subscribed to funding/POPCAT/USD
19:50:12 [INFO] [x10] Subscribed to 67 markets
19:50:12 [INFO] 🔗 Components Wired: WS -> OI Tracker -> Prediction
19:50:12 [INFO] 🧟 Starte Zombie-Check: Vergleiche DB mit echten Positionen...
19:50:12 [INFO] 🔍 DB meldet 3 offene Trades. Prüfe Exchange...
19:50:12 [DEBUG] Sending GET https://api.starknet.extended.exchange/api/v1/user/positions?
19:50:13 [DEBUG] ✅ TON-USD: X10=$158,214, Lighter=$630,355, Total=$788,569
19:50:15 [INFO] Lighter: Found 1 open positions
19:50:15 [INFO] 🌍 Echte Positionen auf Exchanges: ['APEX-USD']
19:50:15 [WARNING] ⚠️  ZOMBIE GEFUNDEN: AVNT-USD ist in DB offen, aber nicht auf Exchange. Schließe ihn...
19:50:15 [INFO] ✅ Trade AVNT-USD closed (PnL: $0.00)
19:50:15 [WARNING] ⚠️  ZOMBIE GEFUNDEN: RESOLV-USD ist in DB offen, aber nicht auf Exchange. Schließe ihn...
19:50:15 [INFO] ✅ Trade RESOLV-USD closed (PnL: $0.00)
19:50:15 [INFO] ✅ ParallelExecutionManager: Rollback processor started
19:50:15 [INFO] ✅ ParallelExecutionManager started
19:50:15 [INFO] 📝 Registered task: logic_loop (critical=True)
19:50:15 [INFO] 📝 Registered task: trade_management_loop (critical=True)
19:50:15 [INFO] 📝 Registered task: farm_loop (critical=False)
19:50:15 [INFO] 📝 Registered task: maintenance_loop (critical=False)
19:50:15 [INFO] 📝 Registered task: cleanup_finished_tasks (critical=False)
19:50:15 [INFO] 📝 Registered task: health_reporter (critical=False)
19:50:15 [INFO] 📝 Registered task: connection_watchdog (critical=True)
19:50:15 [INFO] ✅ Signal handlers installed (SIGINT, SIGTERM)
19:50:15 [INFO] ▶️  Started task: logic_loop
19:50:15 [INFO] ▶️  Started task: trade_management_loop
19:50:15 [INFO] ▶️  Started task: farm_loop
19:50:15 [INFO] ▶️  Started task: maintenance_loop
19:50:15 [INFO] ▶️  Started task: cleanup_finished_tasks
19:50:15 [INFO] ▶️  Started task: health_reporter
19:50:15 [INFO] ▶️  Started task: connection_watchdog
19:50:15 [INFO] 🚀 Started 7 tasks
19:50:15 [INFO] ═══════════════════════════════════════════════════════════
19:50:15 [INFO]    BOT V5 RUNNING 24/7 - SUPERVISED | Ctrl+C = Stop   
19:50:15 [INFO] ═══════════════════════════════════════════════════════════
19:50:15 [INFO] 🔄 Rollback processor running...
19:50:15 [INFO] Logic Loop gestartet – REFRESH alle 3s
19:50:15 [INFO] ⚡ Latency Arb Detector initialized (threshold: 1.0s)
19:50:15 [INFO] 🔍 🚜 FARM Scanning 67 pairs. Open symbols to skip: {'APEX-USD'}
19:50:15 [DEBUG] Price cache status: X10=67/67, Lighter=66/67
19:50:15 [INFO] 🔍 Scanning 67 pairs. Lighter markets: 115, X10 markets: 91
19:50:15 [INFO] 🛡️ Trade Management Loop gestartet
19:50:15 [DEBUG] Fetching fresh positions (force=False, cache_age=1764701415.1s)
19:50:15 [INFO] 🚜 Farm Mode ACTIVE
19:50:15 [DEBUG] Sending GET https://api.starknet.extended.exchange/api/v1/user/balance
19:50:15 [DEBUG] 📊 X10 Funding Cache refresh (current=91)
19:50:15 [INFO] 🐕 Connection Watchdog gestartet (Timeout: 120s)
19:50:15 [INFO] 🔍 Supervisor loop started
19:50:15 [DEBUG] 📝 Flushed 1 writes
19:50:15 [DEBUG] 📝 Flushed 1 writes in 16.0ms
19:50:15 [DEBUG] Sending GET https://api.starknet.extended.exchange/api/v1/info/markets?
19:50:15 [DEBUG] Sending GET https://api.starknet.extended.exchange/api/v1/user/positions?
19:50:15 [DEBUG] MKR-USD: Missing prices (X=1663.9, L=None)
19:50:15 [INFO] ✅ Found 0 opportunities with predictions (farm_mode=True)
19:50:15 [INFO] ⚠️ Keine Prediction-Opportunities, nutze Fallback mit echten Funding Rates...
19:50:15 [INFO]  Volatility Monitor initialized: Low<3.0%, Normal<10.0%, High<20.0%, Hard Cap<50.0%
19:50:15 [DEBUG] ⛔ Skip XAG-USD: TradFi/FX
19:50:15 [DEBUG] ⛔ Skip SPX-USD: TradFi/FX
19:50:15 [DEBUG] 🔄 Skip APEX-USD: Already open (in open_syms)
19:50:15 [DEBUG] Skip BERA-USD: Spread 0.37% too high
19:50:15 [INFO] 🔍 DEBUG RESOLV-USD: rl=-0.00049400, rx=-0.00056500, net=0.00007100, apy=62.2%
19:50:15 [DEBUG] Skip RESOLV-USD: Spread 0.39% too high
19:50:15 [DEBUG] Skip JUP-USD: Spread 0.45% too high
19:50:15 [INFO] 🔍 DEBUG CRV-USD: rl=-0.00008700, rx=-0.00014900, net=0.00006200, apy=54.3%
19:50:15 [INFO] 💎 CRV-USD | APY: 54.3%
19:50:15 [DEBUG] ⛔ Skip XAU-USD: TradFi/FX
19:50:15 [INFO] 🔍 DEBUG ZORA-USD: rl=-0.00012100, rx=-0.00006000, net=-0.00006100, apy=53.4%
19:50:15 [INFO] 💎 ZORA-USD | APY: 53.4%
19:50:15 [INFO] ✅ Found 29 opportunities from 62 valid pairs (farm_mode=True, scanned=67)
19:50:15 [INFO] 🎯 Found 3 opportunities, executing best...
19:50:15 [DEBUG] Sending GET https://api.starknet.extended.exchange/api/v1/user/balance
19:50:15 [INFO] Lighter: Found 1 open positions
19:50:16 [DEBUG] Lighter Balance: Raw=$295.24, Safe=$280.48
19:50:16 [INFO] 🚜 Opening FARM: MON-USD APY=41.2%
19:50:16 [DEBUG] Sending GET https://api.starknet.extended.exchange/api/v1/user/positions?
19:50:16 [INFO] 📊 Positions: X10=0, Lighter=1
19:50:16 [DEBUG] Lighter positions: ['APEX-USD']
19:50:16 [INFO] 🔍 DEBUG APEX-USD: entry_time type=<class 'str'>, value=2025-12-02T18:50:03.978312+00:00
19:50:16 [DEBUG] Check APEX-USD: Age=12.3s (Limit=60s)
19:50:16 [DEBUG] Lighter Balance: Raw=$295.24, Safe=$280.48
19:50:16 [INFO] X10: Detected balance = $301.71
19:50:16 [INFO] 🚀 Launching 2 trades (Slots available: 2)
19:50:16 [DEBUG] Sending GET https://api.starknet.extended.exchange/api/v1/user/positions?
19:50:16 [INFO] Lighter: Found 1 open positions
19:50:16 [DEBUG] ✅ MON-USD verified: No existing positions on exchanges
19:50:16 [DEBUG] MIN_NOTIONAL MON-USD: min_base=50.00000000 coins, price=$0.0304, min_qty_usd=$1.52, min_notional_api=$10.00, final=$11.00
19:50:16 [DEBUG] Sending GET https://api.starknet.extended.exchange/api/v1/user/balance
19:50:17 [INFO] 🎲 KellyPositionSizer initialized (Safety=0.25, MaxFraction=0.1)
19:50:17 [INFO] 🎰 KELLY MON-USD: win_rate=80.0%, kelly_fraction=0.6000, safe_fraction=0.0500, confidence=LOW, samples=0
19:50:17 [INFO] 📊 KELLY SIZE MON-USD: base=$30.0, kelly_recommended=$14.0, final=$30.0
19:50:17 [INFO] 🚀 Opening MON-USD: Size=$30.0 (Min=$11.0)
19:50:17 [INFO] 🔄 [PARALLEL] MON-USD: Lighter POST-ONLY first
19:50:17 [INFO] 🚀 LIGHTER OPEN MON-USD: side=SELL, size_usd=$30.00, price=$0.030430
19:50:17 [DEBUG] 🔍 DEBUG: MON-USD market_id = 91 (raw=91, type=<class 'int'>)
19:50:17 [DEBUG] QUANTIZE MON-USD: USD=30.00, coins=985.869208, raw=9859, lot_size=500, final=9500
19:50:17 [INFO] 🔄 [PARALLEL] MON-USD: X10 MARKET order
19:50:17 [DEBUG] Create Order Tx Info: {"AccountIndex":60113,"ApiKeyIndex":3,"MarketIndex":91,"ClientOrderIndex":1764701421490,"BaseAmount":9500,"Price":3024,"IsAsk":1,"Type":0,"TimeInForce":1,"ReduceOnly":0,"TriggerPrice":0,"OrderExpiry":1767120617082,"ExpiredAt":1764702016082,"Nonce":2140,"Sig":"LMaV3mbS4KgvXyrCGQQNjJ2S0IEHM26A6PXxmOb0BKoQX8qsFwMDf+bro1mnEMEuwLz37BMx5yw1dkV1kK2cdT/hjPG+zwV6ZZenkZ+XYR4="}
19:50:17 [DEBUG] Sending GET https://api.starknet.extended.exchange/api/v1/info/markets?
19:50:17 [DEBUG] 📝 Flushed 1 writes
19:50:17 [DEBUG] 📝 Flushed 1 writes in 0.0ms
19:50:17 [INFO] Lighter: Found 1 open positions
19:50:17 [INFO] 💰 Balance: X10=$301.7 (free=$262.4), Lit=$280.5 (free=$241.2) | DB_Trades=1, Real_Positions=1, Locked=$5/ex
19:50:17 [INFO] 🚀 Launching trade for CRV-USD (APY=54.3%)
19:50:17 [DEBUG] Sending GET https://api.starknet.extended.exchange/api/v1/user/positions?
19:50:17 [INFO]  X10: 91 Märkte geladen, 91 Funding Rates, 82 Preise
19:50:17 [DEBUG] X10: Funding Refresh OK, cache=91
19:50:17 [DEBUG] 📊 Lighter Funding Cache refresh (current=115)
19:50:17 [DEBUG] Using cached positions (age: 2.1s)
19:50:17 [INFO] 🔍 DEBUG APEX-USD: entry_time type=<class 'str'>, value=2025-12-02T18:50:03.978312+00:00
19:50:17 [DEBUG] Check APEX-USD: Age=13.3s (Limit=60s)
19:50:17 [DEBUG] Create Order Send Tx Response: code=200 message='{"ratelimit": "didn\'t use volume quota"}' tx_hash='8e04956432f27ed154bed0b6d2605e55b318fea364347b6f3fb55cd3c327316f300162bad30afaf7' predicted_execution_time_ms=1764701409066 additional_properties={}
19:50:17 [INFO] Lighter Order: 8e04956432f27ed154bed0b6d2605e55b318fea364347b6f3fb55cd3c327316f300162bad30afaf7
19:50:17 [DEBUG] Lighter: Loaded 379 funding rates
19:50:17 [INFO] 🚀 Launching trade for ZORA-USD (APY=53.4%)
19:50:17 [DEBUG] Sending GET https://api.starknet.extended.exchange/api/v1/user/positions?
19:50:17 [DEBUG] ✅ ADA-USD: X10=$794,592, Lighter=$3,431,176, Total=$4,225,769
19:50:17 [INFO] Lighter: Found 2 open positions
19:50:17 [DEBUG] ✅ CRV-USD verified: No existing positions on exchanges
19:50:17 [DEBUG] MIN_NOTIONAL CRV-USD: min_base=20.00000000 coins, price=$0.3989, min_qty_usd=$7.98, min_notional_api=$10.00, final=$11.00
19:50:17 [DEBUG] Sending GET https://api.starknet.extended.exchange/api/v1/user/balance
19:50:18 [INFO] 🎰 KELLY CRV-USD: win_rate=80.0%, kelly_fraction=0.6000, safe_fraction=0.0500, confidence=LOW, samples=0
19:50:18 [INFO] 📊 KELLY SIZE CRV-USD: base=$30.0, kelly_recommended=$12.4, final=$30.0
19:50:18 [INFO] 🚀 Opening CRV-USD: Size=$30.0 (Min=$11.0)
19:50:18 [INFO] 🔄 [PARALLEL] CRV-USD: Lighter POST-ONLY first
19:50:18 [INFO] 🚀 LIGHTER OPEN CRV-USD: side=SELL, size_usd=$30.00, price=$0.398880
19:50:18 [DEBUG] 🔍 DEBUG: CRV-USD market_id = 36 (raw=36, type=<class 'int'>)
19:50:18 [DEBUG] QUANTIZE CRV-USD: USD=30.00, coins=75.210590, raw=752, lot_size=200, final=600
19:50:18 [INFO] 🔄 [PARALLEL] CRV-USD: X10 MARKET order
19:50:18 [DEBUG] Create Order Tx Info: {"AccountIndex":60113,"ApiKeyIndex":3,"MarketIndex":36,"ClientOrderIndex":1764701487736,"BaseAmount":600,"Price":39648,"IsAsk":1,"Type":0,"TimeInForce":1,"ReduceOnly":0,"TriggerPrice":0,"OrderExpiry":1767120618145,"ExpiredAt":1764702017145,"Nonce":2141,"Sig":"gDfJTCd7iZL/VyTxNkhPPq0FQq1EWqXp8ZhXL30pvWdI8R+NOdgIZUAsJMVTsvi8mcVodtwSNDaVQI+FpKrjUKyfd7VinPJm8a7o65uoOHY="}
19:50:18 [INFO] ✅ Launched 2 trade tasks this cycle
19:50:18 [DEBUG] Sending GET https://api.starknet.extended.exchange/api/v1/info/markets?
19:50:18 [DEBUG] Using cached positions (age: 3.1s)
19:50:18 [INFO] 🔍 DEBUG APEX-USD: entry_time type=<class 'str'>, value=2025-12-02T18:50:03.978312+00:00
19:50:18 [DEBUG] Check APEX-USD: Age=14.3s (Limit=60s)
19:50:18 [INFO] Lighter: Found 2 open positions
19:50:18 [DEBUG] ✅ ZORA-USD verified: No existing positions on exchanges
19:50:18 [DEBUG] MIN_NOTIONAL ZORA-USD: min_base=100.00000000 coins, price=$0.0518, min_qty_usd=$5.18, min_notional_api=$10.00, final=$11.00
19:50:18 [DEBUG] Skip ZORA-USD: Min Req $54.35 > Max Config $50.0
19:50:18 [DEBUG] Lighter: Loaded 115 prices via REST
19:50:18 [DEBUG] Lighter: Funding Refresh OK, cache=115
19:50:19 [DEBUG] Placing an order: id=1926435165122637672711481919463476108606786748125645738155858772994105053234
19:50:19 [DEBUG] Sending POST https://api.starknet.extended.exchange/api/v1/user/order, headers={<RequestHeader.ACCEPT: 'Accept'>: 'application/json', <RequestHeader.CONTENT_TYPE: 'Content-Type'>: 'application/json', <RequestHeader.USER_AGENT: 'User-Agent'>: 'X10PythonTradingClient/0.0.17', <RequestHeader.API_KEY: 'X-Api-Key'>: 'a1c9207f79f0e57ddc454bf1e16dbe49'}
19:50:19 [DEBUG] Create Order Send Tx Response: code=200 message='{"ratelimit": "didn\'t use volume quota"}' tx_hash='4d3c3d83c8d9bfa0e8886d58345148c2c9ac67542187812db0ed888f5bd12238ad68e6325f5f7edc' predicted_execution_time_ms=1764701410938 additional_properties={}
19:50:19 [INFO] Lighter Order: 4d3c3d83c8d9bfa0e8886d58345148c2c9ac67542187812db0ed888f5bd12238ad68e6325f5f7edc
19:50:19 [DEBUG] Using cached positions (age: 4.1s)
19:50:19 [INFO] 🔍 DEBUG APEX-USD: entry_time type=<class 'str'>, value=2025-12-02T18:50:03.978312+00:00
19:50:19 [DEBUG] Check APEX-USD: Age=15.3s (Limit=60s)
19:50:19 [INFO] 🔍 Running periodic exchange sync check...
19:50:19 [INFO] 🔍 Starting Exchange Sync Check...
19:50:19 [DEBUG] Sending GET https://api.starknet.extended.exchange/api/v1/user/positions?
19:50:20 [INFO]  X10 Order: 1995928499681624064
19:50:20 [INFO] ✅ [PARALLEL] MON-USD: Both legs filled in 3047ms
19:50:20 [DEBUG] 📝 Trade added to state: MON-USD
19:50:20 [DEBUG] 🧹 Cleaned task: MON-USD
19:50:20 [DEBUG] 📝 Flushed 1 writes
19:50:20 [DEBUG] 📝 Flushed 1 writes in 0.0ms
19:50:20 [DEBUG] Placing an order: id=3377313379438545327600986948683306495201126356366863060491806583429439086194
19:50:20 [DEBUG] Sending POST https://api.starknet.extended.exchange/api/v1/user/order, headers={<RequestHeader.ACCEPT: 'Accept'>: 'application/json', <RequestHeader.CONTENT_TYPE: 'Content-Type'>: 'application/json', <RequestHeader.USER_AGENT: 'User-Agent'>: 'X10PythonTradingClient/0.0.17', <RequestHeader.API_KEY: 'X-Api-Key'>: 'a1c9207f79f0e57ddc454bf1e16dbe49'}
19:50:20 [DEBUG] Fetching fresh positions (force=False, cache_age=5.1s)
19:50:20 [DEBUG] Sending GET https://api.starknet.extended.exchange/api/v1/user/positions?
19:50:20 [DEBUG] [x10] RAW MSG: {"type":"ORDER","data":{"isSnapshot":false,"orders":[{"id":1995928499681624064,"accountId":127074,"e
19:50:20 [DEBUG] [x10] RAW MSG: {"type":"TRADE","data":{"isSnapshot":false,"trades":[{"id":1995928500518785024,"accountId":127074,"m
19:50:20 [DEBUG] [x10] RAW MSG: {"type":"BALANCE","data":{"isSnapshot":false,"balance":{"collateralName":"USD","balance":"301.710671
19:50:20 [DEBUG] [x10] RAW MSG: {"type":"POSITION","data":{"isSnapshot":false,"positions":[{"id":1995928500535558144,"accountId":127
19:50:20 [DEBUG] [x10] RAW MSG: {"type":"BALANCE","data":{"isSnapshot":false,"balance":{"collateralName":"USD","balance":"301.703984
19:50:20 [INFO]  X10 Order: 1995928500854771712
19:50:20 [INFO] ✅ [PARALLEL] CRV-USD: Both legs filled in 2250ms
19:50:20 [DEBUG] 📝 Trade added to state: CRV-USD
19:50:20 [INFO] Lighter: Found 3 open positions
19:50:20 [ERROR] 🚨 DESYNC DETECTED: Positions only on Lighter: {'MON-USD', 'CRV-USD', 'APEX-USD'}
19:50:20 [ERROR] ⚠️ These are UNHEDGED and create directional risk!
19:50:20 [WARNING] 🔻 Closing orphaned Lighter position: MON-USD
19:50:20 [INFO] 🔍 DEBUG close_live_position ENTRY: symbol=MON-USD (type=<class 'str'>)
19:50:20 [INFO] 🔍 DEBUG: original_side=SELL (type=<class 'str'>)
19:50:20 [INFO] 🔍 DEBUG: notional_usd=29.051 (type=<class 'float'>)
19:50:20 [DEBUG] 💓 [lighter] Alive (uptime=10s, last_msg=0s ago)
19:50:20 [DEBUG] 💓 [x10] Alive (uptime=10s, last_msg=0s ago)
19:50:20 [DEBUG] [x10] RAW MSG: {"type":"ORDER","data":{"isSnapshot":false,"orders":[{"id":1995928500854771712,"accountId":127074,"e
19:50:20 [DEBUG] [x10] RAW MSG: {"type":"BALANCE","data":{"isSnapshot":false,"balance":{"collateralName":"USD","balance":"301.703984
19:50:20 [DEBUG] [x10] RAW MSG: {"type":"TRADE","data":{"isSnapshot":false,"trades":[{"id":1995928501693190144,"accountId":127074,"m
19:50:20 [DEBUG] [x10] RAW MSG: {"type":"POSITION","data":{"isSnapshot":false,"positions":[{"id":1995928501705768960,"accountId":127
19:50:20 [DEBUG] [x10] RAW MSG: {"type":"BALANCE","data":{"isSnapshot":false,"balance":{"collateralName":"USD","balance":"301.697360
19:50:20 [INFO] Lighter: Found 3 open positions
19:50:20 [INFO] 📊 Positions: X10=1, Lighter=3
19:50:20 [DEBUG] X10 positions: ['MON-USD']
19:50:20 [DEBUG] Lighter positions: ['CRV-USD', 'APEX-USD', 'MON-USD']
19:50:20 [INFO] 🔍 DEBUG APEX-USD: entry_time type=<class 'str'>, value=2025-12-02T18:50:03.978312+00:00
19:50:20 [DEBUG] Check APEX-USD: Age=16.7s (Limit=60s)
19:50:20 [INFO] 🔍 DEBUG MON-USD: entry_time type=<class 'str'>, value=2025-12-02T18:50:20.114635+00:00
19:50:20 [DEBUG] Check MON-USD: Age=0.6s (Limit=60s)
19:50:21 [INFO] Lighter: Found 3 open positions
19:50:21 [INFO] 🔻 LIGHTER CLOSE MON-USD: size=-950.000000 coins, side=BUY, price=$0.0306, notional=$29.05
19:50:21 [INFO] 🚀 LIGHTER OPEN MON-USD: side=BUY, size_usd=$29.05, price=$0.030580
19:50:21 [DEBUG] 🔍 DEBUG: MON-USD market_id = 91 (raw=91, type=<class 'int'>)
19:50:21 [DEBUG] QUANTIZE MON-USD: USD=29.05, coins=950.000000, raw=9500, lot_size=500, final=9500
19:50:21 [DEBUG] MAX_OPEN_TRADES (3) reached, waiting...
19:50:21 [DEBUG] Create Order Tx Info: {"AccountIndex":60113,"ApiKeyIndex":3,"MarketIndex":91,"ClientOrderIndex":1764701462318,"BaseAmount":9500,"Price":3077,"IsAsk":0,"Type":0,"TimeInForce":1,"ReduceOnly":1,"TriggerPrice":0,"OrderExpiry":1767120621214,"ExpiredAt":1764702020214,"Nonce":2142,"Sig":"Mcce/tMwBJGUcaMX/tV2HNjNHB6kaeZkC/D0y2McZ6izYhXtC/z/KFwWf5QOCl+7ZXPMc9ZyxR3SmKRuzQcR838BNgi7GdaAz+mLmJQx4hQ="}
19:50:21 [DEBUG] 📝 Flushed 1 writes
19:50:21 [DEBUG] 📝 Flushed 1 writes in 0.0ms
19:50:21 [DEBUG] ✅ TRUMP-USD: X10=$153,601, Lighter=$298,954, Total=$452,555
19:50:21 [DEBUG] Create Order Send Tx Response: code=200 message='{"ratelimit": "didn\'t use volume quota"}' tx_hash='6cadf89e0daf1dd56ea6b5ff7b9284d4be7aaf30e39516dec93cc3d7e51c6410b86c50fec76d36c1' predicted_execution_time_ms=1764701413195 additional_properties={}
19:50:21 [INFO] Lighter Order: 6cadf89e0daf1dd56ea6b5ff7b9284d4be7aaf30e39516dec93cc3d7e51c6410b86c50fec76d36c1
19:50:21 [INFO] ✅ Lighter close MON-USD: Erfolgreich ($29.05)
19:50:21 [INFO] ✅ Closed orphaned Lighter MON-USD
19:50:21 [WARNING] 🔻 Closing orphaned Lighter position: CRV-USD
19:50:21 [INFO] 🔍 DEBUG close_live_position ENTRY: symbol=CRV-USD (type=<class 'str'>)
19:50:21 [INFO] 🔍 DEBUG: original_side=SELL (type=<class 'str'>)
19:50:21 [INFO] 🔍 DEBUG: notional_usd=23.8656 (type=<class 'float'>)
19:50:21 [DEBUG] Using cached positions (age: 1.5s)
19:50:21 [INFO] 🔍 DEBUG APEX-USD: entry_time type=<class 'str'>, value=2025-12-02T18:50:03.978312+00:00
19:50:21 [DEBUG] Check APEX-USD: Age=17.7s (Limit=60s)
19:50:21 [INFO] 🔍 DEBUG MON-USD: entry_time type=<class 'str'>, value=2025-12-02T18:50:20.114635+00:00
19:50:21 [DEBUG] Check MON-USD: Age=1.6s (Limit=60s)
19:50:21 [INFO] 🔍 DEBUG CRV-USD: entry_time type=<class 'str'>, value=2025-12-02T18:50:20.394461+00:00
19:50:21 [DEBUG] Check CRV-USD: Age=1.3s (Limit=60s)
19:50:21 [INFO] Lighter: Found 2 open positions
19:50:21 [INFO] 🔻 LIGHTER CLOSE CRV-USD: size=-60.000000 coins, side=BUY, price=$0.3978, notional=$23.87
19:50:21 [INFO] 🚀 LIGHTER OPEN CRV-USD: side=BUY, size_usd=$23.87, price=$0.397760
19:50:21 [DEBUG] 🔍 DEBUG: CRV-USD market_id = 36 (raw=36, type=<class 'int'>)
19:50:21 [DEBUG] QUANTIZE CRV-USD: USD=23.87, coins=60.000000, raw=600, lot_size=200, final=600
19:50:21 [DEBUG] Create Order Tx Info: {"AccountIndex":60113,"ApiKeyIndex":3,"MarketIndex":36,"ClientOrderIndex":1764701451395,"BaseAmount":600,"Price":40015,"IsAsk":0,"Type":0,"TimeInForce":1,"ReduceOnly":1,"TriggerPrice":0,"OrderExpiry":1767120621959,"ExpiredAt":1764702020959,"Nonce":2143,"Sig":"CElX7Dr31KWridjp+LoI23dZNgCgHTt41weR/ApRN5tBkLJUuftrb0NnVGn0oO3AVrqZPOIE50jGxbX0eagkHNZHYJ8m+3UX617nW5T0UQg="}
19:50:22 [DEBUG] Create Order Send Tx Response: code=200 message='{"ratelimit": "didn\'t use volume quota"}' tx_hash='92364f6eebe68455e3d03c613c8dcc74fdee14114cece7eb1b5fc98736b82d214716b38d5a452027' predicted_execution_time_ms=1764701413944 additional_properties={}
19:50:22 [INFO] Lighter Order: 92364f6eebe68455e3d03c613c8dcc74fdee14114cece7eb1b5fc98736b82d214716b38d5a452027
19:50:22 [INFO] ✅ Lighter close CRV-USD: Erfolgreich ($23.87)
19:50:22 [INFO] ✅ Closed orphaned Lighter CRV-USD
19:50:22 [WARNING] 🔻 Closing orphaned Lighter position: APEX-USD
19:50:22 [INFO] 🔍 DEBUG close_live_position ENTRY: symbol=APEX-USD (type=<class 'str'>)
19:50:22 [INFO] 🔍 DEBUG: original_side=SELL (type=<class 'str'>)
19:50:22 [INFO] 🔍 DEBUG: notional_usd=29.292 (type=<class 'float'>)
19:50:22 [INFO] Lighter: Found 1 open positions
19:50:22 [INFO] 🔻 LIGHTER CLOSE APEX-USD: size=-50.000000 coins, side=BUY, price=$0.5858, notional=$29.29
19:50:22 [INFO] 🚀 LIGHTER OPEN APEX-USD: side=BUY, size_usd=$29.29, price=$0.585840
19:50:22 [DEBUG] 🔍 DEBUG: APEX-USD market_id = 86 (raw=86, type=<class 'int'>)
19:50:22 [DEBUG] QUANTIZE APEX-USD: USD=29.29, coins=50.000000, raw=500, lot_size=50, final=500
19:50:22 [DEBUG] Using cached positions (age: 2.5s)
19:50:22 [INFO] 🔍 DEBUG APEX-USD: entry_time type=<class 'str'>, value=2025-12-02T18:50:03.978312+00:00
19:50:22 [DEBUG] Check APEX-USD: Age=18.7s (Limit=60s)
19:50:22 [INFO] 🔍 DEBUG MON-USD: entry_time type=<class 'str'>, value=2025-12-02T18:50:20.114635+00:00
19:50:22 [DEBUG] Check MON-USD: Age=2.6s (Limit=60s)
19:50:22 [INFO] 🔍 DEBUG CRV-USD: entry_time type=<class 'str'>, value=2025-12-02T18:50:20.394461+00:00
19:50:22 [DEBUG] Check CRV-USD: Age=2.3s (Limit=60s)
19:50:22 [DEBUG] Create Order Tx Info: {"AccountIndex":60113,"ApiKeyIndex":3,"MarketIndex":86,"ClientOrderIndex":1764701455727,"BaseAmount":500,"Price":58936,"IsAsk":0,"Type":0,"TimeInForce":1,"ReduceOnly":1,"TriggerPrice":0,"OrderExpiry":1767120622720,"ExpiredAt":1764702021720,"Nonce":2144,"Sig":"4X118JfAxMeF+URkAnYZV8IrXNoscLQcoZUcWkWkf1puAYI7MM+Kf2wUM74LPdRCMTHU6Wzn3qxn92HlGBla1vPbDV+pUp0+APmLhh7qR3Y="}
19:50:23 [DEBUG] Create Order Send Tx Response: code=200 message='{"ratelimit": "didn\'t use volume quota"}' tx_hash='8e5a2b97eb16567c280930bf7f144d8a24858446025304b20596f95b8694292dae9192ff551478fe' predicted_execution_time_ms=1764701414705 additional_properties={}
19:50:23 [INFO] Lighter Order: 8e5a2b97eb16567c280930bf7f144d8a24858446025304b20596f95b8694292dae9192ff551478fe
19:50:23 [INFO] ✅ Lighter close APEX-USD: Erfolgreich ($29.29)
19:50:23 [INFO] ✅ Closed orphaned Lighter APEX-USD
19:50:23 [DEBUG] Using cached positions (age: 3.5s)
19:50:23 [INFO] 🔍 DEBUG APEX-USD: entry_time type=<class 'str'>, value=2025-12-02T18:50:03.978312+00:00
19:50:23 [DEBUG] Check APEX-USD: Age=19.7s (Limit=60s)
19:50:23 [INFO] 🔍 DEBUG MON-USD: entry_time type=<class 'str'>, value=2025-12-02T18:50:20.114635+00:00
19:50:23 [DEBUG] Check MON-USD: Age=3.6s (Limit=60s)
19:50:23 [INFO] 🔍 DEBUG CRV-USD: entry_time type=<class 'str'>, value=2025-12-02T18:50:20.394461+00:00
19:50:23 [DEBUG] Check CRV-USD: Age=3.3s (Limit=60s)
19:50:24 [DEBUG] MAX_OPEN_TRADES (3) reached, waiting...
19:50:24 [DEBUG] Using cached positions (age: 4.5s)
19:50:24 [INFO] 🔍 DEBUG APEX-USD: entry_time type=<class 'str'>, value=2025-12-02T18:50:03.978312+00:00
19:50:24 [DEBUG] Check APEX-USD: Age=20.7s (Limit=60s)
19:50:24 [INFO] 🔍 DEBUG MON-USD: entry_time type=<class 'str'>, value=2025-12-02T18:50:20.114635+00:00
19:50:24 [DEBUG] Check MON-USD: Age=4.6s (Limit=60s)
19:50:24 [INFO] 🔍 DEBUG CRV-USD: entry_time type=<class 'str'>, value=2025-12-02T18:50:20.394461+00:00
19:50:24 [DEBUG] Check CRV-USD: Age=4.3s (Limit=60s)
19:50:24 [DEBUG] ✅ BCH-USD: X10=$0, Lighter=$2,670, Total=$2,670
19:50:25 [DEBUG] Fetching fresh positions (force=False, cache_age=5.5s)
19:50:25 [DEBUG] Sending GET https://api.starknet.extended.exchange/api/v1/user/positions?
19:50:26 [INFO] Lighter: Found 1 open positions
19:50:26 [INFO] 📊 Positions: X10=2, Lighter=1
19:50:26 [DEBUG] X10 positions: ['MON-USD', 'CRV-USD']
19:50:26 [DEBUG] Lighter positions: ['APEX-USD']
19:50:26 [INFO] 🔍 DEBUG APEX-USD: entry_time type=<class 'str'>, value=2025-12-02T18:50:03.978312+00:00
19:50:26 [DEBUG] Check APEX-USD: Age=22.2s (Limit=60s)
19:50:26 [INFO] 🔍 DEBUG MON-USD: entry_time type=<class 'str'>, value=2025-12-02T18:50:20.114635+00:00
19:50:26 [DEBUG] Check MON-USD: Age=6.1s (Limit=60s)
19:50:26 [INFO] 🔍 DEBUG CRV-USD: entry_time type=<class 'str'>, value=2025-12-02T18:50:20.394461+00:00
19:50:26 [DEBUG] Check CRV-USD: Age=5.8s (Limit=60s)
19:50:27 [DEBUG] Using cached positions (age: 1.5s)
19:50:27 [INFO] 🔍 DEBUG APEX-USD: entry_time type=<class 'str'>, value=2025-12-02T18:50:03.978312+00:00
19:50:27 [DEBUG] Check APEX-USD: Age=23.2s (Limit=60s)
19:50:27 [INFO] 🔍 DEBUG MON-USD: entry_time type=<class 'str'>, value=2025-12-02T18:50:20.114635+00:00
19:50:27 [DEBUG] Check MON-USD: Age=7.0s (Limit=60s)
19:50:27 [INFO] 🔍 DEBUG CRV-USD: entry_time type=<class 'str'>, value=2025-12-02T18:50:20.394461+00:00
19:50:27 [DEBUG] Check CRV-USD: Age=6.8s (Limit=60s)
19:50:27 [DEBUG] MAX_OPEN_TRADES (3) reached, waiting...
19:50:28 [DEBUG] Using cached positions (age: 2.5s)
19:50:28 [INFO] 🔍 DEBUG APEX-USD: entry_time type=<class 'str'>, value=2025-12-02T18:50:03.978312+00:00
19:50:28 [DEBUG] Check APEX-USD: Age=24.2s (Limit=60s)
19:50:28 [INFO] 🔍 DEBUG MON-USD: entry_time type=<class 'str'>, value=2025-12-02T18:50:20.114635+00:00
19:50:28 [DEBUG] Check MON-USD: Age=8.0s (Limit=60s)
19:50:28 [INFO] 🔍 DEBUG CRV-USD: entry_time type=<class 'str'>, value=2025-12-02T18:50:20.394461+00:00
19:50:28 [DEBUG] Check CRV-USD: Age=7.8s (Limit=60s)
19:50:29 [DEBUG] Using cached positions (age: 3.5s)
19:50:29 [INFO] 🔍 DEBUG APEX-USD: entry_time type=<class 'str'>, value=2025-12-02T18:50:03.978312+00:00
19:50:29 [DEBUG] Check APEX-USD: Age=25.2s (Limit=60s)
19:50:29 [INFO] 🔍 DEBUG MON-USD: entry_time type=<class 'str'>, value=2025-12-02T18:50:20.114635+00:00
19:50:29 [DEBUG] Check MON-USD: Age=9.1s (Limit=60s)
19:50:29 [INFO] 🔍 DEBUG CRV-USD: entry_time type=<class 'str'>, value=2025-12-02T18:50:20.394461+00:00
19:50:29 [DEBUG] Check CRV-USD: Age=8.8s (Limit=60s)
19:50:30 [INFO] [lighter] Resubscribed to 79 channels
19:50:30 [DEBUG] Using cached positions (age: 4.5s)
19:50:30 [INFO] 🔍 DEBUG APEX-USD: entry_time type=<class 'str'>, value=2025-12-02T18:50:03.978312+00:00
19:50:30 [DEBUG] Check APEX-USD: Age=26.2s (Limit=60s)
19:50:30 [INFO] 🔍 DEBUG MON-USD: entry_time type=<class 'str'>, value=2025-12-02T18:50:20.114635+00:00
19:50:30 [DEBUG] Check MON-USD: Age=10.0s (Limit=60s)
19:50:30 [INFO] 🔍 DEBUG CRV-USD: entry_time type=<class 'str'>, value=2025-12-02T18:50:20.394461+00:00
19:50:30 [DEBUG] Check CRV-USD: Age=9.8s (Limit=60s)
19:50:30 [DEBUG] MAX_OPEN_TRADES (3) reached, waiting...
19:50:30 [DEBUG] ✅ XAG-USD: X10=$0, Lighter=$60,574, Total=$60,574
19:50:30 [DEBUG] 💓 [lighter] Alive (uptime=20s, last_msg=0s ago)
19:50:30 [DEBUG] 💓 [x10] Alive (uptime=20s, last_msg=10s ago)
19:50:31 [DEBUG] Fetching fresh positions (force=False, cache_age=5.5s)
19:50:31 [DEBUG] Sending GET https://api.starknet.extended.exchange/api/v1/user/positions?
19:50:31 [INFO] Lighter: Found 1 open positions
19:50:31 [INFO] 📊 Positions: X10=2, Lighter=1
19:50:31 [DEBUG] X10 positions: ['MON-USD', 'CRV-USD']
19:50:31 [DEBUG] Lighter positions: ['APEX-USD']
19:50:31 [INFO] 🔍 DEBUG APEX-USD: entry_time type=<class 'str'>, value=2025-12-02T18:50:03.978312+00:00
19:50:31 [DEBUG] Check APEX-USD: Age=27.6s (Limit=60s)
19:50:31 [INFO] 🔍 DEBUG MON-USD: entry_time type=<class 'str'>, value=2025-12-02T18:50:20.114635+00:00
19:50:31 [DEBUG] Check MON-USD: Age=11.5s (Limit=60s)
19:50:31 [INFO] 🔍 DEBUG CRV-USD: entry_time type=<class 'str'>, value=2025-12-02T18:50:20.394461+00:00
19:50:31 [DEBUG] Check CRV-USD: Age=11.2s (Limit=60s)
19:50:32 [DEBUG] Using cached positions (age: 1.4s)
19:50:32 [INFO] 🔍 DEBUG APEX-USD: entry_time type=<class 'str'>, value=2025-12-02T18:50:03.978312+00:00
19:50:32 [DEBUG] Check APEX-USD: Age=28.6s (Limit=60s)
19:50:32 [INFO] 🔍 DEBUG MON-USD: entry_time type=<class 'str'>, value=2025-12-02T18:50:20.114635+00:00
19:50:32 [DEBUG] Check MON-USD: Age=12.5s (Limit=60s)
19:50:32 [INFO] 🔍 DEBUG CRV-USD: entry_time type=<class 'str'>, value=2025-12-02T18:50:20.394461+00:00
19:50:32 [DEBUG] Check CRV-USD: Age=12.2s (Limit=60s)
19:50:33 [DEBUG] MAX_OPEN_TRADES (3) reached, waiting...
19:50:33 [DEBUG] Using cached positions (age: 2.4s)
19:50:33 [INFO] 🔍 DEBUG APEX-USD: entry_time type=<class 'str'>, value=2025-12-02T18:50:03.978312+00:00
19:50:33 [DEBUG] Check APEX-USD: Age=29.6s (Limit=60s)
19:50:33 [INFO] 🔍 DEBUG MON-USD: entry_time type=<class 'str'>, value=2025-12-02T18:50:20.114635+00:00
19:50:33 [DEBUG] Check MON-USD: Age=13.5s (Limit=60s)
19:50:33 [INFO] 🔍 DEBUG CRV-USD: entry_time type=<class 'str'>, value=2025-12-02T18:50:20.394461+00:00
19:50:33 [DEBUG] Check CRV-USD: Age=13.2s (Limit=60s)
19:50:34 [DEBUG] ✅ SPX-USD: X10=$172,173, Lighter=$4,229,919, Total=$4,402,092
19:50:34 [DEBUG] Using cached positions (age: 3.4s)
19:50:34 [INFO] 🔍 DEBUG APEX-USD: entry_time type=<class 'str'>, value=2025-12-02T18:50:03.978312+00:00
19:50:34 [DEBUG] Check APEX-USD: Age=30.6s (Limit=60s)
19:50:34 [INFO] 🔍 DEBUG MON-USD: entry_time type=<class 'str'>, value=2025-12-02T18:50:20.114635+00:00
19:50:34 [DEBUG] Check MON-USD: Age=14.5s (Limit=60s)
19:50:34 [INFO] 🔍 DEBUG CRV-USD: entry_time type=<class 'str'>, value=2025-12-02T18:50:20.394461+00:00
19:50:34 [DEBUG] Check CRV-USD: Age=14.2s (Limit=60s)
19:50:35 [DEBUG] Using cached positions (age: 4.4s)
19:50:35 [INFO] 🔍 DEBUG APEX-USD: entry_time type=<class 'str'>, value=2025-12-02T18:50:03.978312+00:00
19:50:35 [DEBUG] Check APEX-USD: Age=31.6s (Limit=60s)
19:50:35 [INFO] 🔍 DEBUG MON-USD: entry_time type=<class 'str'>, value=2025-12-02T18:50:20.114635+00:00
19:50:35 [DEBUG] Check MON-USD: Age=15.5s (Limit=60s)
19:50:35 [INFO] 🔍 DEBUG CRV-USD: entry_time type=<class 'str'>, value=2025-12-02T18:50:20.394461+00:00
19:50:35 [DEBUG] Check CRV-USD: Age=15.2s (Limit=60s)
19:50:35 [INFO] 🚜 [FARM] Profit Take CRV-USD: Age=15s, Spread=0.002% (sehr niedrig), PnL=$0.00
19:50:35 [INFO]  💸 EXIT CRV-USD: FARM_QUICK_PROFIT | PnL $0.00 (Fees: $0.00)
19:50:35 [INFO]  🔻 CLOSING CRV-USD (Atomic Smart Close)...
19:50:36 [INFO] Lighter: Found 1 open positions
19:50:36 [INFO] ✅ Lighter CRV-USD: No position to close
19:50:36 [INFO] ✅ Lighter CRV-USD OK, closing X10...
19:50:36 [DEBUG] MAX_OPEN_TRADES (3) reached, waiting...
19:50:37 [DEBUG] ✅ 1000PEPE-USD: X10=$77,272, Lighter=$183,992,587, Total=$184,069,859
19:50:39 [DEBUG] Sending GET https://api.starknet.extended.exchange/api/v1/user/positions?
19:50:39 [DEBUG] MAX_OPEN_TRADES (3) reached, waiting...
19:50:39 [INFO] 🔻 Closing X10 CRV-USD: size=74.000000 coins, side=BUY
19:50:39 [DEBUG] Sending GET https://api.starknet.extended.exchange/api/v1/user/positions?
19:50:39 [INFO] 🔻 X10 CLOSE CRV-USD: size=74.000000, side=SELL
19:50:39 [DEBUG] Placing an order: id=172825891694787296302093039761990865616973043652374891033344041297111903339
19:50:39 [DEBUG] Sending POST https://api.starknet.extended.exchange/api/v1/user/order, headers={<RequestHeader.ACCEPT: 'Accept'>: 'application/json', <RequestHeader.CONTENT_TYPE: 'Content-Type'>: 'application/json', <RequestHeader.USER_AGENT: 'User-Agent'>: 'X10PythonTradingClient/0.0.17', <RequestHeader.API_KEY: 'X-Api-Key'>: 'a1c9207f79f0e57ddc454bf1e16dbe49'}
19:50:40 [DEBUG] 💓 [lighter] Alive (uptime=30s, last_msg=0s ago)
19:50:40 [WARNING] [x10] Connection closed: 1011 Ping timeout
19:50:40 [INFO] 🔄 [x10] Reconnecting in 1.0s (attempt 1)
19:50:40 [INFO]  X10 Order: 1995928585764913152
19:50:41 [INFO] 🔌 [x10] Connecting with kwargs: {'close_timeout': 5.0, 'max_size': 4194304, 'ping_interval': 10.0, 'ping_timeout': 20.0, 'additional_headers': {'X-Api-Key': 'a1c9207f79f0e57ddc454bf1e16dbe49', 'User-Agent': 'X10PythonTradingClient/0.4.5'}}
19:50:41 [DEBUG] ✅ ASTER-USD: X10=$363,271, Lighter=$13,728,532, Total=$14,091,804
19:50:42 [DEBUG] MAX_OPEN_TRADES (3) reached, waiting...
19:50:42 [INFO] ✅ [x10] Connected to wss://api.starknet.extended.exchange/stream.extended.exchange/v1/account
19:50:42 [INFO] ✅ [x10] Keepalive enabled: ping_interval=10.0s, ping_timeout=20.0s
19:50:42 [INFO] [x10] Resubscribing to 134 channels (paced)...
19:50:42 [INFO] [x10] Receive loop started (async iterator)
19:50:42 [DEBUG] [x10] RAW MSG: {"type":"BALANCE","data":{"isSnapshot":true,"balance":{"collateralName":"USD","balance":"301.677419"
19:50:42 [DEBUG] 💓 [x10] Heartbeat monitor started (library handles ping/pong)
19:50:42 [DEBUG] [x10] RAW MSG: {"type":"ORDER","data":{"isSnapshot":true,"orders":[]},"ts":1764701433977,"seq":2}
19:50:42 [DEBUG] [x10] RAW MSG: {"type":"POSITION","data":{"isSnapshot":true,"positions":[{"id":1995928500535558144,"accountId":1270
19:50:42 [DEBUG] Sending GET https://api.starknet.extended.exchange/api/v1/user/positions?
19:50:42 [INFO] ✅ X10 CRV-USD closed (74.000000 coins)
19:50:42 [INFO] ✅ CRV-USD fully closed
19:50:42 [INFO] ✅ Trade CRV-USD closed (PnL: $0.00)
19:50:42 [INFO] ✅ Trade CRV-USD closed (PnL: $0.00)
19:50:42 [DEBUG] 📝 Flushed 1 writes
19:50:42 [DEBUG] 📝 Flushed 1 writes in 16.0ms
19:50:42 [INFO]  💰 PnL CRV-USD: $0.00 (FARM_QUICK_PROFIT)
19:50:42 [ERROR] Kelly Sizer record_trade error for CRV-USD: Format specifier missing precision
19:50:43 [DEBUG] Fetching fresh positions (force=False, cache_age=12.7s)
19:50:43 [DEBUG] Sending GET https://api.starknet.extended.exchange/api/v1/user/positions?
19:50:43 [DEBUG] 📝 Flushed 1 writes
19:50:43 [DEBUG] 📝 Flushed 1 writes in 0.0ms
19:50:44 [INFO] Lighter: Found 1 open positions
19:50:44 [INFO] 📊 Positions: X10=1, Lighter=1
19:50:44 [DEBUG] X10 positions: ['MON-USD']
19:50:44 [DEBUG] Lighter positions: ['APEX-USD']
19:50:44 [INFO] 🔍 DEBUG APEX-USD: entry_time type=<class 'str'>, value=2025-12-02T18:50:03.978312+00:00
19:50:44 [DEBUG] Check APEX-USD: Age=40.4s (Limit=60s)
19:50:44 [INFO] 🔍 DEBUG MON-USD: entry_time type=<class 'str'>, value=2025-12-02T18:50:20.114635+00:00
19:50:44 [DEBUG] Check MON-USD: Age=24.2s (Limit=60s)
19:50:45 [DEBUG] 🐕 Watchdog OK: Daten-Alter 2.9s
19:50:45 [INFO] 🔍 🚜 FARM Scanning 67 pairs. Open symbols to skip: {'MON-USD', 'APEX-USD'}
19:50:45 [DEBUG] Price cache status: X10=67/67, Lighter=66/67
19:50:45 [INFO] 🔍 Scanning 67 pairs. Lighter markets: 115, X10 markets: 91
19:50:45 [DEBUG] Using cached positions (age: 1.5s)
19:50:45 [INFO] 🔍 DEBUG APEX-USD: entry_time type=<class 'str'>, value=2025-12-02T18:50:03.978312+00:00
19:50:45 [DEBUG] Check APEX-USD: Age=41.4s (Limit=60s)
19:50:45 [INFO] 🔍 DEBUG MON-USD: entry_time type=<class 'str'>, value=2025-12-02T18:50:20.114635+00:00
19:50:45 [DEBUG] Check MON-USD: Age=25.2s (Limit=60s)
19:50:45 [DEBUG] ✅ ZRO-USD: X10=$72,754, Lighter=$495,428, Total=$568,182
19:50:45 [DEBUG] MKR-USD: Missing prices (X=1663.9, L=None)
19:50:45 [INFO] ✅ Found 0 opportunities with predictions (farm_mode=True)
19:50:45 [INFO] ⚠️ Keine Prediction-Opportunities, nutze Fallback mit echten Funding Rates...
19:50:45 [DEBUG] 🔄 Skip MON-USD: Already open (in open_syms)
19:50:45 [INFO]  VOL REGIME: TON-USD UNKNOWN -> LOW (24h Range: 0.00%)
19:50:45 [INFO]  VOL REGIME: ADA-USD UNKNOWN -> LOW (24h Range: 0.00%)
19:50:45 [INFO]  VOL REGIME: TRUMP-USD UNKNOWN -> LOW (24h Range: 0.00%)
19:50:45 [DEBUG] ⛔ Skip XAG-USD: TradFi/FX
19:50:45 [DEBUG] ⛔ Skip SPX-USD: TradFi/FX
19:50:45 [INFO]  VOL REGIME: 1000PEPE-USD UNKNOWN -> LOW (24h Range: 0.00%)
19:50:45 [INFO]  VOL REGIME: ASTER-USD UNKNOWN -> LOW (24h Range: 0.00%)
19:50:45 [INFO]  VOL REGIME: ZRO-USD UNKNOWN -> LOW (24h Range: 0.00%)
19:50:45 [INFO]  VOL REGIME: BTC-USD UNKNOWN -> LOW (24h Range: 0.00%)
19:50:45 [DEBUG] 🔄 Skip APEX-USD: Already open (in open_syms)
19:50:45 [INFO]  VOL REGIME: EDEN-USD UNKNOWN -> LOW (24h Range: 0.00%)
19:50:45 [INFO]  VOL REGIME: SEI-USD UNKNOWN -> LOW (24h Range: 0.00%)
19:50:45 [INFO]  VOL REGIME: BERA-USD UNKNOWN -> LOW (24h Range: 0.00%)
19:50:45 [INFO]  VOL REGIME: WLFI-USD UNKNOWN -> LOW (24h Range: 0.00%)
19:50:45 [INFO]  VOL REGIME: NEAR-USD UNKNOWN -> LOW (24h Range: 0.00%)
19:50:45 [INFO]  VOL REGIME: MNT-USD UNKNOWN -> LOW (24h Range: 0.00%)
19:50:45 [INFO]  VOL REGIME: PENGU-USD UNKNOWN -> LOW (24h Range: 0.00%)
19:50:45 [INFO]  VOL REGIME: LDO-USD UNKNOWN -> LOW (24h Range: 0.00%)
19:50:45 [INFO]  VOL REGIME: RESOLV-USD UNKNOWN -> LOW (24h Range: 0.00%)
19:50:45 [INFO] 🔍 DEBUG RESOLV-USD: rl=-0.00049400, rx=-0.00056500, net=0.00007100, apy=62.2%
19:50:45 [DEBUG] Skip RESOLV-USD: Spread 0.47% too high
19:50:45 [INFO]  VOL REGIME: PENDLE-USD UNKNOWN -> LOW (24h Range: 0.00%)
19:50:45 [INFO]  VOL REGIME: UNI-USD UNKNOWN -> LOW (24h Range: 0.00%)
19:50:45 [INFO]  VOL REGIME: XPL-USD UNKNOWN -> LOW (24h Range: 0.00%)
19:50:45 [INFO]  VOL REGIME: KAITO-USD UNKNOWN -> LOW (24h Range: 0.00%)
19:50:45 [INFO]  VOL REGIME: ENA-USD UNKNOWN -> LOW (24h Range: 0.00%)
19:50:45 [INFO]  VOL REGIME: SUI-USD UNKNOWN -> LOW (24h Range: 0.00%)
19:50:45 [INFO]  VOL REGIME: HYPE-USD UNKNOWN -> LOW (24h Range: 0.00%)
19:50:45 [INFO]  VOL REGIME: WLD-USD UNKNOWN -> LOW (24h Range: 0.00%)
19:50:45 [INFO]  VOL REGIME: 1000BONK-USD UNKNOWN -> LOW (24h Range: 0.00%)
19:50:45 [INFO]  VOL REGIME: XRP-USD UNKNOWN -> LOW (24h Range: 0.00%)
19:50:45 [INFO]  VOL REGIME: BNB-USD UNKNOWN -> LOW (24h Range: 0.00%)
19:50:45 [INFO]  VOL REGIME: PUMP-USD UNKNOWN -> LOW (24h Range: 0.00%)
19:50:45 [INFO]  VOL REGIME: STRK-USD UNKNOWN -> LOW (24h Range: 0.00%)
19:50:45 [INFO]  VOL REGIME: 1000SHIB-USD UNKNOWN -> LOW (24h Range: 0.00%)
19:50:45 [INFO]  VOL REGIME: S-USD UNKNOWN -> LOW (24h Range: 0.00%)
19:50:45 [INFO]  VOL REGIME: AVAX-USD UNKNOWN -> LOW (24h Range: 0.00%)
19:50:45 [INFO]  VOL REGIME: SOL-USD UNKNOWN -> LOW (24h Range: 0.00%)
19:50:45 [INFO]  VOL REGIME: LINEA-USD UNKNOWN -> LOW (24h Range: 0.00%)
19:50:45 [INFO]  VOL REGIME: LTC-USD UNKNOWN -> LOW (24h Range: 0.00%)
19:50:45 [INFO]  VOL REGIME: DOGE-USD UNKNOWN -> LOW (24h Range: 0.00%)
19:50:45 [INFO]  VOL REGIME: ZEC-USD UNKNOWN -> LOW (24h Range: 0.00%)
19:50:45 [INFO]  VOL REGIME: AVNT-USD UNKNOWN -> LOW (24h Range: 0.00%)
19:50:45 [INFO]  VOL REGIME: LINK-USD UNKNOWN -> LOW (24h Range: 0.00%)
19:50:45 [INFO]  VOL REGIME: JUP-USD UNKNOWN -> LOW (24h Range: 0.00%)
19:50:45 [INFO]  VOL REGIME: EIGEN-USD UNKNOWN -> LOW (24h Range: 0.00%)
19:50:45 [INFO]  VOL REGIME: ARB-USD UNKNOWN -> LOW (24h Range: 0.00%)
19:50:45 [INFO]  VOL REGIME: APT-USD UNKNOWN -> LOW (24h Range: 0.00%)
19:50:45 [INFO]  VOL REGIME: TAO-USD UNKNOWN -> LOW (24h Range: 0.00%)
19:50:45 [INFO]  VOL REGIME: VIRTUAL-USD UNKNOWN -> LOW (24h Range: 0.00%)
19:50:45 [INFO]  VOL REGIME: WIF-USD UNKNOWN -> LOW (24h Range: 0.00%)
19:50:45 [INFO]  VOL REGIME: CRV-USD UNKNOWN -> LOW (24h Range: 0.00%)
19:50:45 [INFO] 🔍 DEBUG CRV-USD: rl=-0.00008700, rx=-0.00014900, net=0.00006200, apy=54.3%
19:50:45 [DEBUG] ⛔ Skip XAU-USD: TradFi/FX
19:50:45 [INFO]  VOL REGIME: AAVE-USD UNKNOWN -> LOW (24h Range: 0.00%)
19:50:45 [INFO]  VOL REGIME: TIA-USD UNKNOWN -> LOW (24h Range: 0.00%)
19:50:45 [INFO]  VOL REGIME: ZORA-USD UNKNOWN -> LOW (24h Range: 0.00%)
19:50:45 [INFO] 🔍 DEBUG ZORA-USD: rl=-0.00012100, rx=-0.00006000, net=-0.00006100, apy=53.4%
19:50:45 [INFO]  VOL REGIME: IP-USD UNKNOWN -> LOW (24h Range: 0.00%)
19:50:45 [INFO]  VOL REGIME: GRASS-USD UNKNOWN -> LOW (24h Range: 0.00%)
19:50:45 [INFO]  VOL REGIME: ONDO-USD UNKNOWN -> LOW (24h Range: 0.00%)
19:50:45 [INFO]  VOL REGIME: TRX-USD UNKNOWN -> LOW (24h Range: 0.00%)
19:50:45 [INFO]  VOL REGIME: OP-USD UNKNOWN -> LOW (24h Range: 0.00%)
19:50:45 [INFO]  VOL REGIME: FARTCOIN-USD UNKNOWN -> LOW (24h Range: 0.00%)
19:50:45 [INFO]  VOL REGIME: POPCAT-USD UNKNOWN -> LOW (24h Range: 0.00%)
19:50:45 [INFO] ✅ Found 30 opportunities from 61 valid pairs (farm_mode=True, scanned=67)
19:50:45 [INFO] 🎯 Found 3 opportunities, executing best...
19:50:45 [DEBUG] Sending GET https://api.starknet.extended.exchange/api/v1/user/balance
19:50:46 [DEBUG] Using cached positions (age: 2.5s)
19:50:46 [INFO] 🔍 DEBUG APEX-USD: entry_time type=<class 'str'>, value=2025-12-02T18:50:03.978312+00:00
19:50:46 [DEBUG] Check APEX-USD: Age=42.4s (Limit=60s)
19:50:46 [INFO] 🔍 DEBUG MON-USD: entry_time type=<class 'str'>, value=2025-12-02T18:50:20.114635+00:00
19:50:46 [DEBUG] Check MON-USD: Age=26.2s (Limit=60s)
19:50:46 [DEBUG] Lighter Balance: Raw=$295.20, Safe=$280.44
19:50:46 [INFO] X10: Detected balance = $301.59
19:50:46 [INFO] 🚀 Launching 1 trades (Slots available: 1)
19:50:46 [DEBUG] Sending GET https://api.starknet.extended.exchange/api/v1/user/positions?
19:50:47 [INFO] Lighter: Found 1 open positions
19:50:47 [INFO] 💰 Balance: X10=$301.6 (free=$289.0), Lit=$280.4 (free=$267.8) | DB_Trades=2, Real_Positions=2, Locked=$10/ex
19:50:47 [INFO] 🚀 Launching trade for CRV-USD (APY=54.3%)
19:50:47 [DEBUG] Sending GET https://api.starknet.extended.exchange/api/v1/user/positions?
19:50:47 [DEBUG] Using cached positions (age: 3.4s)
19:50:47 [INFO] 🔍 DEBUG APEX-USD: entry_time type=<class 'str'>, value=2025-12-02T18:50:03.978312+00:00
19:50:47 [DEBUG] Check APEX-USD: Age=43.4s (Limit=60s)
19:50:47 [INFO] 🔍 DEBUG MON-USD: entry_time type=<class 'str'>, value=2025-12-02T18:50:20.114635+00:00
19:50:47 [DEBUG] Check MON-USD: Age=27.2s (Limit=60s)
19:50:47 [INFO] ✅ Launched 1 trade tasks this cycle
19:50:48 [INFO] Lighter: Found 1 open positions
19:50:48 [DEBUG] ✅ CRV-USD verified: No existing positions on exchanges
19:50:48 [DEBUG] MIN_NOTIONAL CRV-USD: min_base=20.00000000 coins, price=$0.3975, min_qty_usd=$7.95, min_notional_api=$10.00, final=$11.00
19:50:48 [DEBUG] Sending GET https://api.starknet.extended.exchange/api/v1/user/balance
19:50:48 [INFO] 🎰 KELLY CRV-USD: win_rate=0.0%, kelly_fraction=0.0000, safe_fraction=0.0200, confidence=LOW, samples=1
19:50:48 [INFO] 📊 KELLY SIZE CRV-USD: base=$30.0, kelly_recommended=$5.6, final=$30.0
19:50:48 [INFO] 🚀 Opening CRV-USD: Size=$30.0 (Min=$11.0)
19:50:48 [INFO] 🔄 [PARALLEL] CRV-USD: Lighter POST-ONLY first
19:50:48 [INFO] 🚀 LIGHTER OPEN CRV-USD: side=SELL, size_usd=$30.00, price=$0.397460
19:50:48 [DEBUG] 🔍 DEBUG: CRV-USD market_id = 36 (raw=36, type=<class 'int'>)
19:50:48 [DEBUG] QUANTIZE CRV-USD: USD=30.00, coins=75.479294, raw=755, lot_size=200, final=600
19:50:48 [INFO] 🔄 [PARALLEL] CRV-USD: X10 MARKET order
19:50:48 [DEBUG] Create Order Tx Info: {"AccountIndex":60113,"ApiKeyIndex":3,"MarketIndex":36,"ClientOrderIndex":1764701491824,"BaseAmount":600,"Price":39507,"IsAsk":1,"Type":0,"TimeInForce":1,"ReduceOnly":0,"TriggerPrice":0,"OrderExpiry":1767120648286,"ExpiredAt":1764702047286,"Nonce":2145,"Sig":"4S+518t8PpB+DXQa3pijyxdyewnQHyp+tmPVPVGCKYTk5LLdDCA2c9euduOwaGqNkrn1TZcscM8B/yDEN0ElFt4fsjACDhj1vPeGo/8AGj0="}
19:50:48 [DEBUG] Using cached positions (age: 4.5s)
19:50:48 [INFO] 🔍 DEBUG APEX-USD: entry_time type=<class 'str'>, value=2025-12-02T18:50:03.978312+00:00
19:50:48 [DEBUG] Check APEX-USD: Age=44.4s (Limit=60s)
19:50:48 [INFO] 🔍 DEBUG MON-USD: entry_time type=<class 'str'>, value=2025-12-02T18:50:20.114635+00:00
19:50:48 [DEBUG] Check MON-USD: Age=28.2s (Limit=60s)
19:50:48 [DEBUG] Placing an order: id=150163155541077312514391967988721363237253284781953959481541286021976686549
19:50:48 [DEBUG] Sending POST https://api.starknet.extended.exchange/api/v1/user/order, headers={<RequestHeader.ACCEPT: 'Accept'>: 'application/json', <RequestHeader.CONTENT_TYPE: 'Content-Type'>: 'application/json', <RequestHeader.USER_AGENT: 'User-Agent'>: 'X10PythonTradingClient/0.0.17', <RequestHeader.API_KEY: 'X-Api-Key'>: 'a1c9207f79f0e57ddc454bf1e16dbe49'}
19:50:48 [DEBUG] Create Order Send Tx Response: code=200 message='{"ratelimit": "didn\'t use volume quota"}' tx_hash='ed57a523bb2d245868bba581d0b43ee9581075b44e76c4c5019b5cb42eb0ffadbe4f8af3e6c1f829' predicted_execution_time_ms=1764701440273 additional_properties={}
19:50:48 [INFO] Lighter Order: ed57a523bb2d245868bba581d0b43ee9581075b44e76c4c5019b5cb42eb0ffadbe4f8af3e6c1f829
19:50:48 [INFO]  X10 Order: 1995928619105046528
19:50:48 [INFO] ✅ [PARALLEL] CRV-USD: Both legs filled in 313ms
19:50:48 [DEBUG] 📝 Trade added to state: CRV-USD
19:50:48 [DEBUG] 📝 Flushed 1 writes
19:50:48 [DEBUG] 📝 Flushed 1 writes in 15.0ms
19:50:48 [DEBUG] [x10] RAW MSG: {"type":"ORDER","data":{"isSnapshot":false,"orders":[{"id":1995928619105046528,"accountId":127074,"e
19:50:48 [DEBUG] [x10] RAW MSG: {"type":"TRADE","data":{"isSnapshot":false,"trades":[{"id":1995928619943202816,"accountId":127074,"m
19:50:48 [DEBUG] [x10] RAW MSG: {"type":"BALANCE","data":{"isSnapshot":false,"balance":{"collateralName":"USD","balance":"301.677419
19:50:48 [DEBUG] [x10] RAW MSG: {"type":"POSITION","data":{"isSnapshot":false,"positions":[{"id":1995928619964170240,"accountId":127
19:50:48 [DEBUG] [x10] RAW MSG: {"type":"BALANCE","data":{"isSnapshot":false,"balance":{"collateralName":"USD","balance":"301.670809
19:50:49 [DEBUG] Fetching fresh positions (force=False, cache_age=5.4s)
19:50:49 [DEBUG] Sending GET https://api.starknet.extended.exchange/api/v1/user/positions?
19:50:49 [INFO] Lighter: Found 2 open positions
19:50:49 [INFO] 📊 Positions: X10=2, Lighter=2
19:50:49 [DEBUG] X10 positions: ['CRV-USD', 'MON-USD']
19:50:49 [DEBUG] Lighter positions: ['CRV-USD', 'APEX-USD']
19:50:49 [INFO] 🔍 DEBUG APEX-USD: entry_time type=<class 'str'>, value=2025-12-02T18:50:03.978312+00:00
19:50:49 [DEBUG] Check APEX-USD: Age=45.8s (Limit=60s)
19:50:49 [INFO] 🔍 DEBUG MON-USD: entry_time type=<class 'str'>, value=2025-12-02T18:50:20.114635+00:00
19:50:49 [DEBUG] Check MON-USD: Age=29.7s (Limit=60s)
19:50:49 [INFO] 🔍 DEBUG CRV-USD: entry_time type=<class 'str'>, value=2025-12-02T18:50:48.594697+00:00
19:50:49 [DEBUG] Check CRV-USD: Age=1.2s (Limit=60s)
19:50:50 [DEBUG] 💓 [lighter] Alive (uptime=40s, last_msg=0s ago)
19:50:50 [DEBUG] Using cached positions (age: 1.5s)
19:50:50 [INFO] 🔍 DEBUG APEX-USD: entry_time type=<class 'str'>, value=2025-12-02T18:50:03.978312+00:00
19:50:50 [DEBUG] Check APEX-USD: Age=46.8s (Limit=60s)
19:50:50 [INFO] 🔍 DEBUG MON-USD: entry_time type=<class 'str'>, value=2025-12-02T18:50:20.114635+00:00
19:50:50 [DEBUG] Check MON-USD: Age=30.7s (Limit=60s)
19:50:50 [INFO] 🔍 DEBUG CRV-USD: entry_time type=<class 'str'>, value=2025-12-02T18:50:48.594697+00:00
19:50:50 [DEBUG] Check CRV-USD: Age=2.2s (Limit=60s)
19:50:50 [DEBUG] MAX_OPEN_TRADES (3) reached, waiting...
19:50:51 [DEBUG] ✅ BTC-USD: X10=$25,909,732, Lighter=$2,969, Total=$25,912,701
19:50:51 [DEBUG] Using cached positions (age: 2.5s)
19:50:51 [INFO] 🔍 DEBUG APEX-USD: entry_time type=<class 'str'>, value=2025-12-02T18:50:03.978312+00:00
19:50:51 [DEBUG] Check APEX-USD: Age=47.8s (Limit=60s)
19:50:51 [INFO] 🔍 DEBUG MON-USD: entry_time type=<class 'str'>, value=2025-12-02T18:50:20.114635+00:00
19:50:51 [DEBUG] Check MON-USD: Age=31.7s (Limit=60s)
19:50:51 [INFO] 🔍 DEBUG CRV-USD: entry_time type=<class 'str'>, value=2025-12-02T18:50:48.594697+00:00
19:50:51 [DEBUG] Check CRV-USD: Age=3.2s (Limit=60s)
19:50:52 [DEBUG] 💓 [x10] Alive (uptime=10s, last_msg=4s ago)
19:50:52 [DEBUG] Using cached positions (age: 3.5s)
19:50:52 [INFO] 🔍 DEBUG APEX-USD: entry_time type=<class 'str'>, value=2025-12-02T18:50:03.978312+00:00
19:50:52 [DEBUG] Check APEX-USD: Age=48.8s (Limit=60s)
19:50:52 [INFO] 🔍 DEBUG MON-USD: entry_time type=<class 'str'>, value=2025-12-02T18:50:20.114635+00:00
19:50:52 [DEBUG] Check MON-USD: Age=32.7s (Limit=60s)
19:50:52 [INFO] 🔍 DEBUG CRV-USD: entry_time type=<class 'str'>, value=2025-12-02T18:50:48.594697+00:00
19:50:52 [DEBUG] Check CRV-USD: Age=4.2s (Limit=60s)
19:50:53 [DEBUG] Using cached positions (age: 4.5s)
19:50:53 [INFO] 🔍 DEBUG APEX-USD: entry_time type=<class 'str'>, value=2025-12-02T18:50:03.978312+00:00
19:50:53 [DEBUG] Check APEX-USD: Age=49.8s (Limit=60s)
19:50:53 [INFO] 🔍 DEBUG MON-USD: entry_time type=<class 'str'>, value=2025-12-02T18:50:20.114635+00:00
19:50:53 [DEBUG] Check MON-USD: Age=33.7s (Limit=60s)
19:50:53 [INFO] 🔍 DEBUG CRV-USD: entry_time type=<class 'str'>, value=2025-12-02T18:50:48.594697+00:00
19:50:53 [DEBUG] Check CRV-USD: Age=5.2s (Limit=60s)
19:50:53 [DEBUG] MAX_OPEN_TRADES (3) reached, waiting...
19:50:54 [DEBUG] Fetching fresh positions (force=False, cache_age=5.5s)
19:50:54 [DEBUG] Sending GET https://api.starknet.extended.exchange/api/v1/user/positions?
19:50:54 [DEBUG] ✅ APEX-USD: X10=$35,509, Lighter=$884,310, Total=$919,819
19:50:55 [INFO] Lighter: Found 2 open positions
19:50:55 [INFO] 📊 Positions: X10=2, Lighter=2
19:50:55 [DEBUG] X10 positions: ['CRV-USD', 'MON-USD']
19:50:55 [DEBUG] Lighter positions: ['CRV-USD', 'APEX-USD']
19:50:55 [INFO] 🔍 DEBUG APEX-USD: entry_time type=<class 'str'>, value=2025-12-02T18:50:03.978312+00:00
19:50:55 [DEBUG] Check APEX-USD: Age=51.3s (Limit=60s)
19:50:55 [INFO] 🔍 DEBUG MON-USD: entry_time type=<class 'str'>, value=2025-12-02T18:50:20.114635+00:00
19:50:55 [DEBUG] Check MON-USD: Age=35.1s (Limit=60s)
19:50:55 [INFO] 🔍 DEBUG CRV-USD: entry_time type=<class 'str'>, value=2025-12-02T18:50:48.594697+00:00
19:50:55 [DEBUG] Check CRV-USD: Age=6.6s (Limit=60s)
19:50:56 [INFO] 🚜 Farm Mode ACTIVE
19:50:56 [DEBUG] Using cached positions (age: 1.5s)
19:50:56 [INFO] 🔍 DEBUG APEX-USD: entry_time type=<class 'str'>, value=2025-12-02T18:50:03.978312+00:00
19:50:56 [DEBUG] Check APEX-USD: Age=52.3s (Limit=60s)
19:50:56 [INFO] 🔍 DEBUG MON-USD: entry_time type=<class 'str'>, value=2025-12-02T18:50:20.114635+00:00
19:50:56 [DEBUG] Check MON-USD: Age=36.1s (Limit=60s)
19:50:56 [INFO] 🔍 DEBUG CRV-USD: entry_time type=<class 'str'>, value=2025-12-02T18:50:48.594697+00:00
19:50:56 [DEBUG] Check CRV-USD: Age=7.6s (Limit=60s)
19:50:56 [DEBUG] MAX_OPEN_TRADES (3) reached, waiting...
19:50:57 [DEBUG] Using cached positions (age: 2.5s)
19:50:57 [INFO] 🔍 DEBUG APEX-USD: entry_time type=<class 'str'>, value=2025-12-02T18:50:03.978312+00:00
19:50:57 [DEBUG] Check APEX-USD: Age=53.3s (Limit=60s)
19:50:57 [INFO] 🔍 DEBUG MON-USD: entry_time type=<class 'str'>, value=2025-12-02T18:50:20.114635+00:00
19:50:57 [DEBUG] Check MON-USD: Age=37.1s (Limit=60s)
19:50:57 [INFO] 🔍 DEBUG CRV-USD: entry_time type=<class 'str'>, value=2025-12-02T18:50:48.594697+00:00
19:50:57 [DEBUG] Check CRV-USD: Age=8.6s (Limit=60s)
19:50:58 [DEBUG] Using cached positions (age: 3.5s)
19:50:58 [INFO] 🔍 DEBUG APEX-USD: entry_time type=<class 'str'>, value=2025-12-02T18:50:03.978312+00:00
19:50:58 [DEBUG] Check APEX-USD: Age=54.3s (Limit=60s)
19:50:58 [INFO] 🔍 DEBUG MON-USD: entry_time type=<class 'str'>, value=2025-12-02T18:50:20.114635+00:00
19:50:58 [DEBUG] Check MON-USD: Age=38.1s (Limit=60s)
19:50:58 [INFO] 🔍 DEBUG CRV-USD: entry_time type=<class 'str'>, value=2025-12-02T18:50:48.594697+00:00
19:50:58 [DEBUG] Check CRV-USD: Age=9.7s (Limit=60s)
19:50:58 [DEBUG] ✅ EDEN-USD: X10=$63,498, Lighter=$5,991,361, Total=$6,054,859
19:50:59 [DEBUG] Using cached positions (age: 4.5s)
19:50:59 [INFO] 🔍 DEBUG APEX-USD: entry_time type=<class 'str'>, value=2025-12-02T18:50:03.978312+00:00
19:50:59 [DEBUG] Check APEX-USD: Age=55.3s (Limit=60s)
19:50:59 [INFO] 🔍 DEBUG MON-USD: entry_time type=<class 'str'>, value=2025-12-02T18:50:20.114635+00:00
19:50:59 [DEBUG] Check MON-USD: Age=39.1s (Limit=60s)
19:50:59 [INFO] 🔍 DEBUG CRV-USD: entry_time type=<class 'str'>, value=2025-12-02T18:50:48.594697+00:00
19:50:59 [DEBUG] Check CRV-USD: Age=10.6s (Limit=60s)
19:50:59 [DEBUG] MAX_OPEN_TRADES (3) reached, waiting...
19:51:00 [DEBUG] Fetching fresh positions (force=False, cache_age=5.5s)
19:51:00 [DEBUG] Sending GET https://api.starknet.extended.exchange/api/v1/user/positions?
19:51:00 [DEBUG] 💓 [lighter] Alive (uptime=50s, last_msg=0s ago)
19:51:00 [INFO] Lighter: Found 2 open positions
19:51:00 [INFO] 📊 Positions: X10=2, Lighter=2
19:51:00 [DEBUG] X10 positions: ['CRV-USD', 'MON-USD']
19:51:00 [DEBUG] Lighter positions: ['CRV-USD', 'APEX-USD']
19:51:00 [INFO] 🔍 DEBUG APEX-USD: entry_time type=<class 'str'>, value=2025-12-02T18:50:03.978312+00:00
19:51:00 [DEBUG] Check APEX-USD: Age=56.7s (Limit=60s)
19:51:00 [INFO] 🔍 DEBUG MON-USD: entry_time type=<class 'str'>, value=2025-12-02T18:50:20.114635+00:00
19:51:00 [DEBUG] Check MON-USD: Age=40.6s (Limit=60s)
19:51:00 [INFO] 🔍 DEBUG CRV-USD: entry_time type=<class 'str'>, value=2025-12-02T18:50:48.594697+00:00
19:51:00 [DEBUG] Check CRV-USD: Age=12.1s (Limit=60s)
19:51:01 [DEBUG] Using cached positions (age: 1.5s)
19:51:01 [INFO] 🔍 DEBUG APEX-USD: entry_time type=<class 'str'>, value=2025-12-02T18:50:03.978312+00:00
19:51:01 [DEBUG] Check APEX-USD: Age=57.7s (Limit=60s)
19:51:01 [INFO] 🔍 DEBUG MON-USD: entry_time type=<class 'str'>, value=2025-12-02T18:50:20.114635+00:00
19:51:01 [DEBUG] Check MON-USD: Age=41.6s (Limit=60s)
19:51:01 [INFO] 🔍 DEBUG CRV-USD: entry_time type=<class 'str'>, value=2025-12-02T18:50:48.594697+00:00
19:51:01 [DEBUG] Check CRV-USD: Age=13.1s (Limit=60s)
19:51:02 [DEBUG] ✅ SEI-USD: X10=$118,273, Lighter=$7,985,619, Total=$8,103,892
19:51:02 [DEBUG] 💓 [x10] Alive (uptime=20s, last_msg=14s ago)
19:51:02 [DEBUG] Using cached positions (age: 2.5s)
19:51:02 [INFO] 🔍 DEBUG APEX-USD: entry_time type=<class 'str'>, value=2025-12-02T18:50:03.978312+00:00
19:51:02 [DEBUG] Check APEX-USD: Age=58.7s (Limit=60s)
19:51:02 [INFO] 🔍 DEBUG MON-USD: entry_time type=<class 'str'>, value=2025-12-02T18:50:20.114635+00:00
19:51:02 [DEBUG] Check MON-USD: Age=42.6s (Limit=60s)
19:51:02 [INFO] 🔍 DEBUG CRV-USD: entry_time type=<class 'str'>, value=2025-12-02T18:50:48.594697+00:00
19:51:02 [DEBUG] Check CRV-USD: Age=14.1s (Limit=60s)
19:51:02 [DEBUG] MAX_OPEN_TRADES (3) reached, waiting...
19:51:03 [DEBUG] Using cached positions (age: 3.5s)
19:51:03 [INFO] 🔍 DEBUG APEX-USD: entry_time type=<class 'str'>, value=2025-12-02T18:50:03.978312+00:00
19:51:03 [DEBUG] Check APEX-USD: Age=59.8s (Limit=60s)
19:51:03 [INFO] 🔍 DEBUG MON-USD: entry_time type=<class 'str'>, value=2025-12-02T18:50:20.114635+00:00
19:51:03 [DEBUG] Check MON-USD: Age=43.6s (Limit=60s)
19:51:03 [INFO] 🔍 DEBUG CRV-USD: entry_time type=<class 'str'>, value=2025-12-02T18:50:48.594697+00:00
19:51:03 [DEBUG] Check CRV-USD: Age=15.1s (Limit=60s)
19:51:04 [DEBUG] Using cached positions (age: 4.5s)
19:51:04 [INFO] 🔍 DEBUG APEX-USD: entry_time type=<class 'str'>, value=2025-12-02T18:50:03.978312+00:00
19:51:04 [DEBUG] Check APEX-USD: Age=60.7s (Limit=60s)
19:51:04 [WARNING] 🚜 [FARM] NOT-AUS: Zwangsschließung für APEX-USD (Zeit abgelaufen: 60s > 60s)
19:51:04 [INFO]  🔻 CLOSING APEX-USD (Atomic Smart Close)...
19:51:04 [WARNING] [x10] Connection closed: 1011 Ping timeout
19:51:04 [ERROR] [x10] Resubscription error for publicTrades/TRX/USD: received 1011 (internal error) Ping timeout; then sent 1011 (internal error) Ping timeout
19:51:04 [ERROR] [x10] Resubscription error for funding/BTC/USD: received 1011 (internal error) Ping timeout; then sent 1011 (internal error) Ping timeout
19:51:04 [ERROR] [x10] Resubscription error for publicTrades/XPL/USD: received 1011 (internal error) Ping timeout; then sent 1011 (internal error) Ping timeout
19:51:04 [ERROR] [x10] Resubscription error for publicTrades/AAVE/USD: received 1011 (internal error) Ping timeout; then sent 1011 (internal error) Ping timeout
19:51:04 [ERROR] [x10] Resubscription error for publicTrades/DOGE/USD: received 1011 (internal error) Ping timeout; then sent 1011 (internal error) Ping timeout
19:51:04 [ERROR] [x10] Resubscription error for funding/LDO/USD: received 1011 (internal error) Ping timeout; then sent 1011 (internal error) Ping timeout
19:51:04 [ERROR] [x10] Resubscription error for publicTrades/STRK/USD: received 1011 (internal error) Ping timeout; then sent 1011 (internal error) Ping timeout
19:51:04 [ERROR] [x10] Resubscription error for funding/MKR/USD: received 1011 (internal error) Ping timeout; then sent 1011 (internal error) Ping timeout
19:51:04 [ERROR] [x10] Resubscription error for funding/SUI/USD: received 1011 (internal error) Ping timeout; then sent 1011 (internal error) Ping timeout
19:51:04 [ERROR] [x10] Resubscription error for funding/AVAX/USD: received 1011 (internal error) Ping timeout; then sent 1011 (internal error) Ping timeout
19:51:04 [ERROR] [x10] Resubscription error for funding/USDJPY/USD: received 1011 (internal error) Ping timeout; then sent 1011 (internal error) Ping timeout
19:51:04 [ERROR] [x10] Resubscription error for funding/WLFI/USD: received 1011 (internal error) Ping timeout; then sent 1011 (internal error) Ping timeout
19:51:04 [ERROR] [x10] Resubscription error for funding/XRP/USD: received 1011 (internal error) Ping timeout; then sent 1011 (internal error) Ping timeout
19:51:04 [ERROR] [x10] Resubscription error for publicTrades/SPX/USD: received 1011 (internal error) Ping timeout; then sent 1011 (internal error) Ping timeout
19:51:04 [ERROR] [x10] Resubscription error for publicTrades/WLFI/USD: received 1011 (internal error) Ping timeout; then sent 1011 (internal error) Ping timeout
19:51:04 [ERROR] [x10] Resubscription error for publicTrades/ZEC/USD: received 1011 (internal error) Ping timeout; then sent 1011 (internal error) Ping timeout
19:51:04 [ERROR] [x10] Resubscription error for funding/TON/USD: received 1011 (internal error) Ping timeout; then sent 1011 (internal error) Ping timeout
19:51:04 [ERROR] [x10] Resubscription error for funding/ASTER/USD: received 1011 (internal error) Ping timeout; then sent 1011 (internal error) Ping timeout
19:51:04 [ERROR] [x10] Resubscription error for publicTrades/NEAR/USD: received 1011 (internal error) Ping timeout; then sent 1011 (internal error) Ping timeout
19:51:04 [ERROR] [x10] Resubscription error for publicTrades/ENA/USD: received 1011 (internal error) Ping timeout; then sent 1011 (internal error) Ping timeout
19:51:04 [ERROR] [x10] Resubscription error for funding/APT/USD: received 1011 (internal error) Ping timeout; then sent 1011 (internal error) Ping timeout
19:51:04 [ERROR] [x10] Resubscription error for publicTrades/ONDO/USD: received 1011 (internal error) Ping timeout; then sent 1011 (internal error) Ping timeout
19:51:04 [ERROR] [x10] Resubscription error for funding/SOL/USD: received 1011 (internal error) Ping timeout; then sent 1011 (internal error) Ping timeout
19:51:04 [ERROR] [x10] Resubscription error for funding/IP/USD: received 1011 (internal error) Ping timeout; then sent 1011 (internal error) Ping timeout
19:51:04 [ERROR] [x10] Resubscription error for funding/BERA/USD: received 1011 (internal error) Ping timeout; then sent 1011 (internal error) Ping timeout
19:51:04 [ERROR] [x10] Resubscription error for funding/FIL/USD: received 1011 (internal error) Ping timeout; then sent 1011 (internal error) Ping timeout
19:51:04 [ERROR] [x10] Resubscription error for funding/ENA/USD: received 1011 (internal error) Ping timeout; then sent 1011 (internal error) Ping timeout
19:51:04 [ERROR] [x10] Resubscription error for publicTrades/MON/USD: received 1011 (internal error) Ping timeout; then sent 1011 (internal error) Ping timeout
19:51:04 [ERROR] [x10] Resubscription error for funding/TAO/USD: received 1011 (internal error) Ping timeout; then sent 1011 (internal error) Ping timeout
19:51:04 [ERROR] [x10] Resubscription error for funding/SEI/USD: received 1011 (internal error) Ping timeout; then sent 1011 (internal error) Ping timeout
19:51:04 [ERROR] [x10] Resubscription error for publicTrades/1000PEPE/USD: received 1011 (internal error) Ping timeout; then sent 1011 (internal error) Ping timeout
19:51:04 [ERROR] [x10] Resubscription error for publicTrades/BNB/USD: received 1011 (internal error) Ping timeout; then sent 1011 (internal error) Ping timeout
19:51:04 [ERROR] [x10] Resubscription error for publicTrades/LINEA/USD: received 1011 (internal error) Ping timeout; then sent 1011 (internal error) Ping timeout
19:51:04 [ERROR] [x10] Resubscription error for funding/ZEC/USD: received 1011 (internal error) Ping timeout; then sent 1011 (internal error) Ping timeout
19:51:04 [ERROR] [x10] Resubscription error for publicTrades/ARB/USD: received 1011 (internal error) Ping timeout; then sent 1011 (internal error) Ping timeout
19:51:04 [ERROR] [x10] Resubscription error for publicTrades/AVNT/USD: received 1011 (internal error) Ping timeout; then sent 1011 (internal error) Ping timeout
19:51:04 [ERROR] [x10] Resubscription error for publicTrades/APEX/USD: received 1011 (internal error) Ping timeout; then sent 1011 (internal error) Ping timeout
19:51:04 [ERROR] [x10] Resubscription error for publicTrades/SOL/USD: received 1011 (internal error) Ping timeout; then sent 1011 (internal error) Ping timeout
19:51:04 [ERROR] [x10] Resubscription error for funding/CRV/USD: received 1011 (internal error) Ping timeout; then sent 1011 (internal error) Ping timeout
19:51:04 [ERROR] [x10] Resubscription error for funding/TRX/USD: received 1011 (internal error) Ping timeout; then sent 1011 (internal error) Ping timeout
19:51:04 [ERROR] [x10] Resubscription error for publicTrades/1000BONK/USD: received 1011 (internal error) Ping timeout; then sent 1011 (internal error) Ping timeout
19:51:04 [ERROR] [x10] Resubscription error for publicTrades/ZORA/USD: received 1011 (internal error) Ping timeout; then sent 1011 (internal error) Ping timeout
19:51:04 [ERROR] [x10] Resubscription error for funding/DOGE/USD: received 1011 (internal error) Ping timeout; then sent 1011 (internal error) Ping timeout
19:51:04 [ERROR] [x10] Resubscription error for publicTrades/LTC/USD: received 1011 (internal error) Ping timeout; then sent 1011 (internal error) Ping timeout
19:51:04 [ERROR] [x10] Resubscription error for funding/ONDO/USD: received 1011 (internal error) Ping timeout; then sent 1011 (internal error) Ping timeout
19:51:04 [ERROR] [x10] Resubscription error for publicTrades/AVAX/USD: received 1011 (internal error) Ping timeout; then sent 1011 (internal error) Ping timeout
19:51:04 [ERROR] [x10] Resubscription error for publicTrades/EDEN/USD: received 1011 (internal error) Ping timeout; then sent 1011 (internal error) Ping timeout
19:51:04 [ERROR] [x10] Resubscription error for publicTrades/POPCAT/USD: received 1011 (internal error) Ping timeout; then sent 1011 (internal error) Ping timeout
19:51:04 [ERROR] [x10] Resubscription error for funding/RESOLV/USD: received 1011 (internal error) Ping timeout; then sent 1011 (internal error) Ping timeout
19:51:04 [ERROR] [x10] Resubscription error for funding/XAG/USD: received 1011 (internal error) Ping timeout; then sent 1011 (internal error) Ping timeout
19:51:04 [ERROR] [x10] Resubscription error for publicTrades/BCH/USD: received 1011 (internal error) Ping timeout; then sent 1011 (internal error) Ping timeout
19:51:04 [ERROR] [x10] Resubscription error for publicTrades/LDO/USD: received 1011 (internal error) Ping timeout; then sent 1011 (internal error) Ping timeout
19:51:04 [ERROR] [x10] Resubscription error for publicTrades/XRP/USD: received 1011 (internal error) Ping timeout; then sent 1011 (internal error) Ping timeout
19:51:04 [ERROR] [x10] Resubscription error for funding/BNB/USD: received 1011 (internal error) Ping timeout; then sent 1011 (internal error) Ping timeout
19:51:04 [ERROR] [x10] Resubscription error for funding/ADA/USD: received 1011 (internal error) Ping timeout; then sent 1011 (internal error) Ping timeout
19:51:04 [ERROR] [x10] Resubscription error for funding/MNT/USD: received 1011 (internal error) Ping timeout; then sent 1011 (internal error) Ping timeout
19:51:04 [ERROR] [x10] Resubscription error for publicTrades/APT/USD: received 1011 (internal error) Ping timeout; then sent 1011 (internal error) Ping timeout
19:51:04 [ERROR] [x10] Resubscription error for publicTrades/PENDLE/USD: received 1011 (internal error) Ping timeout; then sent 1011 (internal error) Ping timeout
19:51:04 [ERROR] [x10] Resubscription error for publicTrades/PENGU/USD: received 1011 (internal error) Ping timeout; then sent 1011 (internal error) Ping timeout
19:51:04 [ERROR] [x10] Resubscription error for publicTrades/S/USD: received 1011 (internal error) Ping timeout; then sent 1011 (internal error) Ping timeout
19:51:04 [ERROR] [x10] Resubscription error for funding/VIRTUAL/USD: received 1011 (internal error) Ping timeout; then sent 1011 (internal error) Ping timeout
19:51:04 [ERROR] [x10] Resubscription error for publicTrades/PUMP/USD: received 1011 (internal error) Ping timeout; then sent 1011 (internal error) Ping timeout
19:51:04 [ERROR] [x10] Resubscription error for funding/1000SHIB/USD: received 1011 (internal error) Ping timeout; then sent 1011 (internal error) Ping timeout
19:51:04 [ERROR] [x10] Resubscription error for publicTrades/UNI/USD: received 1011 (internal error) Ping timeout; then sent 1011 (internal error) Ping timeout
19:51:04 [INFO] [x10] Resubscribed to 134 channels
19:51:04 [INFO] 🔄 [x10] Reconnecting in 1.0s (attempt 1)
19:51:05 [INFO] Lighter: Found 2 open positions
19:51:05 [INFO] 🔍 DEBUG close_live_position ENTRY: symbol=APEX-USD (type=<class 'str'>)
19:51:05 [INFO] 🔍 DEBUG: original_side=BUY (type=<class 'str'>)
19:51:05 [INFO] 🔍 DEBUG: notional_usd=29.5395 (type=<class 'float'>)
19:51:05 [INFO] Lighter: Found 2 open positions
19:51:05 [INFO] 🔻 LIGHTER CLOSE APEX-USD: size=-50.000000 coins, side=BUY, price=$0.5908, notional=$29.54
19:51:05 [INFO] 🚀 LIGHTER OPEN APEX-USD: side=BUY, size_usd=$29.54, price=$0.590790
19:51:05 [DEBUG] 🔍 DEBUG: APEX-USD market_id = 86 (raw=86, type=<class 'int'>)
19:51:05 [DEBUG] QUANTIZE APEX-USD: USD=29.54, coins=50.000000, raw=500, lot_size=50, final=500
19:51:05 [DEBUG] Create Order Tx Info: {"AccountIndex":60113,"ApiKeyIndex":3,"MarketIndex":86,"ClientOrderIndex":1764701495141,"BaseAmount":500,"Price":59434,"IsAsk":0,"Type":0,"TimeInForce":1,"ReduceOnly":1,"TriggerPrice":0,"OrderExpiry":1767120665646,"ExpiredAt":1764702064646,"Nonce":2146,"Sig":"OAPWJH/s4Pcua/SqG7NA/j1sEFDewGHKte+y8w67pwJJSCNK3p8yLNIuGZAcm73vhDH42xIcMA3onA0c3JrXG7QPaqd8Kc8IRtIE3D5sdl0="}
19:51:05 [DEBUG] MAX_OPEN_TRADES (3) reached, waiting...
19:51:05 [INFO] 🔌 [x10] Connecting with kwargs: {'close_timeout': 5.0, 'max_size': 4194304, 'ping_interval': 10.0, 'ping_timeout': 20.0, 'additional_headers': {'X-Api-Key': 'a1c9207f79f0e57ddc454bf1e16dbe49', 'User-Agent': 'X10PythonTradingClient/0.4.5'}}
19:51:05 [DEBUG] Create Order Send Tx Response: code=200 message='{"ratelimit": "didn\'t use volume quota"}' tx_hash='3abe28baefaf8199e634030ea491e7c642529c38a1e552bd96a1904aa0c6de837ba6f6da286595ea' predicted_execution_time_ms=1764701457653 additional_properties={}
19:51:05 [INFO] Lighter Order: 3abe28baefaf8199e634030ea491e7c642529c38a1e552bd96a1904aa0c6de837ba6f6da286595ea
19:51:05 [INFO] ✅ Lighter close APEX-USD: Erfolgreich ($29.54)
19:51:05 [INFO] ✅ Lighter APEX-USD OK, closing X10...
19:51:06 [INFO] 🚜 Farm Mode ACTIVE
19:51:06 [DEBUG] ✅ BERA-USD: X10=$255,336, Lighter=$933,717, Total=$1,189,053
19:51:06 [INFO] ✅ [x10] Connected to wss://api.starknet.extended.exchange/stream.extended.exchange/v1/account
19:51:06 [INFO] ✅ [x10] Keepalive enabled: ping_interval=10.0s, ping_timeout=20.0s
19:51:06 [INFO] [x10] Resubscribing to 70 channels (paced)...
19:51:06 [INFO] [x10] Receive loop started (async iterator)
19:51:06 [DEBUG] 💓 [x10] Heartbeat monitor started (library handles ping/pong)
19:51:06 [DEBUG] [x10] RAW MSG: {"type":"ORDER","data":{"isSnapshot":true,"orders":[]},"ts":1764701458323,"seq":1}
19:51:06 [DEBUG] [x10] RAW MSG: {"type":"BALANCE","data":{"isSnapshot":true,"balance":{"collateralName":"USD","balance":"301.670809"
19:51:06 [DEBUG] [x10] RAW MSG: {"type":"POSITION","data":{"isSnapshot":true,"positions":[{"id":1995928619964170240,"accountId":1270
19:51:08 [DEBUG] MAX_OPEN_TRADES (3) reached, waiting...
19:51:08 [DEBUG] Sending GET https://api.starknet.extended.exchange/api/v1/user/positions?
19:51:09 [WARNING] 🛑 Received SIGINT, initiating graceful shutdown...
19:51:09 [INFO] 🛑 Shutting down...
19:51:09 [INFO] 🛑 Initiating graceful shutdown...
19:51:09 [INFO] 🔍 Supervisor loop stopped
19:51:09 [INFO] 🛑 Cancelling logic_loop...
19:51:09 [INFO] 🛑 Cancelling trade_management_loop...
19:51:09 [INFO] 🛑 Cancelling farm_loop...
19:51:09 [INFO] 🛑 Cancelling maintenance_loop...
19:51:09 [INFO] 🛑 Cancelling cleanup_finished_tasks...
19:51:09 [INFO] 🛑 Cancelling health_reporter...
19:51:09 [INFO] 🛑 Cancelling connection_watchdog...
19:51:09 [INFO] Logic loop cancelled
19:51:09 [INFO] Connection watchdog cancelled
19:51:09 [INFO] ✅ All tasks stopped
19:51:09 [INFO] 🛑 Rollback processor: Shutdown signal received
19:51:09 [INFO] ✅ ParallelExecutionManager: Stopped
19:51:11 [DEBUG] ✅ NEAR-USD: X10=$292,816, Lighter=$768,767, Total=$1,061,584
19:51:13 [WARNING] 🛑 Received SIGINT, initiating graceful shutdown...
19:51:14 [INFO] 🔌 [lighter] WebSocket stopped
19:51:14 [INFO] 🔌 [x10] WebSocket stopped
19:51:14 [INFO] ✅ WebSocketManager stopped
19:51:14 [INFO] ✅ OpenInterestTracker stopped
19:51:14 [INFO] 🛑 Stopping InMemoryStateManager...
19:51:14 [INFO] 📝 State writer loop stopped
19:51:14 [INFO] ✅ InMemoryStateManager stopped
19:51:14 [INFO] 🔒 Closing database...
19:51:14 [INFO] 🖊️ Database write loop stopped
19:51:14 [INFO] ✅ Database closed
19:51:14 [INFO] ✅ X10 Adapter geschlossen.
19:51:14 [INFO] ✅ Lighter Adapter closed
19:51:14 [INFO] ✅ Bot V5 shutdown complete
