23:12:28 [INFO]  CONFIG VALIDIERUNG abgeschlossen.
23:12:28 [INFO] 🔥 BOT V5 (Architected) STARTING...
23:12:28 [INFO] 🚀 Starting InMemoryStateManager...
23:12:28 [INFO] 📂 Initializing database: data/trades.db
23:12:28 [INFO] ✅ Read pool created: 5 connections
23:12:28 [INFO] ✅ WAL mode enabled
23:12:28 [INFO] 🔄 Running database migrations...
23:12:28 [INFO] ✅ Migrations complete (11 statements)
23:12:28 [INFO] ✅ Database initialized
23:12:28 [INFO] 🖊️ Database write loop started
23:12:28 [INFO] 📂 Loaded 3 trades from database
23:12:28 [INFO] ✅ InMemoryStateManager started (loaded 3 trades)
23:12:28 [INFO] ✅ State Manager started
23:12:28 [INFO]  Telegram Bot disabled (Token/ChatID missing).
23:12:28 [INFO] ✅ Async database initialized
23:12:28 [INFO] 📝 State writer loop started
23:12:28 [DEBUG] ✅ Database schema up to date
23:12:28 [INFO] Initialisiere X10 Adapter...
23:12:28 [INFO]  X10 Account initialisiert.
23:12:28 [INFO] Initialisiere Lighter Adapter...
23:12:28 [INFO] 📊 Loading Market Data via REST...
23:12:28 [DEBUG] Sending GET https://api.starknet.extended.exchange/api/v1/info/markets?
23:12:28 [INFO] ⚙️ Lighter: Loading markets...
23:12:28 [DEBUG] Starting new HTTPS connection (1): mainnet.zklighter.elliot.ai:443
23:12:29 [DEBUG] https://mainnet.zklighter.elliot.ai:443 "GET /api/v1/nextNonce?account_index=60113&api_key_index=3 HTTP/1.1" 200 25
23:12:31 [INFO]  X10: 91 Märkte geladen, 91 Funding Rates, 78 Preise
23:13:26 [INFO] ✅ Lighter: 118/118 markets loaded (100.0%)
23:13:26 [INFO] ✅ Markets loaded: X10=91, Lighter=118
23:13:26 [INFO] FundingPredictorV2 initialized with BTC Correlation
23:13:26 [INFO] 启动 OI Tracker für 70 Symbole...
23:13:26 [INFO] ✅ OpenInterestTracker started (interval=30.0s)
23:13:26 [INFO] 🌐 Starting WebSocket Manager...
23:13:26 [INFO] 📊 OI Tracker: Starting cycle 1 (70 symbols)
23:13:26 [INFO] 🔌 [lighter] WebSocket manager started
23:13:26 [INFO] 🔌 [x10] WebSocket manager started
23:13:26 [INFO] ✅ WebSocketManager started
23:13:27 [DEBUG] ✅ HYPE-USD: X10=$5,295,376, Lighter=$1,468,693, Total=$6,764,070
23:13:27 [INFO] ✅ [lighter] Connected to wss://mainnet.zklighter.elliot.ai/stream
23:13:27 [DEBUG] [lighter] Subscribed to order_book/8
23:13:27 [DEBUG] [lighter] Subscribed to order_book/28
23:13:27 [DEBUG] [lighter] Subscribed to trade/28
23:13:27 [DEBUG] [lighter] Subscribed to order_book/58
23:13:27 [DEBUG] [lighter] Subscribed to trade/58
23:13:27 [INFO] ✅ [x10] Connected to wss://api.starknet.extended.exchange/stream.extended.exchange/v1/account
23:13:27 [DEBUG] [lighter] Subscribed to order_book/91
23:13:27 [DEBUG] [lighter] Subscribed to trade/91
23:13:27 [DEBUG] [lighter] Subscribed to order_book/67
23:13:27 [DEBUG] [lighter] Subscribed to trade/67
23:13:27 [DEBUG] [lighter] Subscribed to order_book/37
23:13:27 [DEBUG] [lighter] Subscribed to trade/37
23:13:27 [DEBUG] [lighter] Subscribed to order_book/7
23:13:27 [DEBUG] [lighter] Subscribed to order_book/25
23:13:27 [DEBUG] [lighter] Subscribed to trade/25
23:13:27 [DEBUG] [lighter] Subscribed to order_book/36
23:13:27 [DEBUG] [lighter] Subscribed to trade/36
23:13:27 [DEBUG] [lighter] Subscribed to order_book/72
23:13:27 [DEBUG] [lighter] Subscribed to trade/72
23:13:27 [DEBUG] [lighter] Subscribed to trade/42
23:13:27 [DEBUG] [lighter] Subscribed to order_book/103
23:13:27 [DEBUG] [lighter] Subscribed to trade/103
23:13:27 [DEBUG] [lighter] Subscribed to order_book/26
23:13:27 [DEBUG] [lighter] Subscribed to trade/26
23:13:27 [DEBUG] [lighter] Subscribed to order_book/10
23:13:27 [DEBUG] [lighter] Subscribed to trade/10
23:13:27 [DEBUG] [lighter] Subscribed to order_book/17
23:13:27 [DEBUG] [lighter] Subscribed to trade/17
23:13:27 [DEBUG] [lighter] Subscribed to order_book/50
23:13:27 [DEBUG] [lighter] Subscribed to trade/50
23:13:27 [DEBUG] [lighter] Subscribed to order_book/39
23:13:27 [DEBUG] [lighter] Subscribed to order_book/27
23:13:27 [DEBUG] [lighter] Subscribed to trade/27
23:13:27 [DEBUG] [lighter] Subscribed to order_book/21
23:13:27 [DEBUG] [lighter] Subscribed to trade/21
23:13:27 [DEBUG] [lighter] Subscribed to order_book/47
23:13:27 [DEBUG] [lighter] Subscribed to trade/47
23:13:27 [DEBUG] [lighter] Subscribed to order_book/1
23:13:28 [DEBUG] [lighter] Subscribed to order_book/60
23:13:28 [DEBUG] [lighter] Subscribed to trade/60
23:13:28 [DEBUG] [lighter] Subscribed to order_book/34
23:13:28 [DEBUG] [lighter] Subscribed to trade/34
23:13:28 [DEBUG] [lighter] Subscribed to order_book/35
23:13:28 [DEBUG] [lighter] Subscribed to trade/35
23:13:28 [DEBUG] [lighter] Subscribed to trade/43
23:13:28 [DEBUG] [lighter] Subscribed to order_book/53
23:13:28 [DEBUG] [lighter] Subscribed to trade/53
23:13:28 [DEBUG] [lighter] Subscribed to order_book/20
23:13:28 [DEBUG] [lighter] Subscribed to trade/20
23:13:28 [DEBUG] [lighter] Subscribed to order_book/94
23:13:28 [DEBUG] [lighter] Subscribed to trade/94
23:13:28 [DEBUG] [lighter] Subscribed to order_book/93
23:13:28 [DEBUG] [lighter] Subscribed to trade/93
23:13:28 [DEBUG] [lighter] Subscribed to market_stats/all
23:13:28 [DEBUG] [lighter] Subscribed to order_book/9
23:13:28 [DEBUG] [lighter] Subscribed to trade/9
23:13:28 [DEBUG] [lighter] Subscribed to order_book/5
23:13:28 [DEBUG] [lighter] Subscribed to trade/5
23:13:28 [DEBUG] [lighter] Subscribed to order_book/46
23:13:28 [DEBUG] [lighter] Subscribed to trade/46
23:13:28 [DEBUG] [lighter] Subscribed to trade/32
23:13:28 [DEBUG] [lighter] Subscribed to order_book/18
23:13:28 [DEBUG] [lighter] Subscribed to trade/18
23:13:28 [DEBUG] [lighter] Subscribed to order_book/41
23:13:28 [DEBUG] [lighter] Subscribed to trade/41
23:13:28 [DEBUG] [lighter] Subscribed to order_book/76
23:13:28 [DEBUG] [lighter] Subscribed to trade/76
23:13:28 [DEBUG] [lighter] Subscribed to order_book/98
23:13:28 [DEBUG] [lighter] Subscribed to trade/98
23:13:28 [DEBUG] [lighter] Subscribed to trade/31
23:13:28 [DEBUG] [lighter] Subscribed to order_book/104
23:13:28 [DEBUG] [lighter] Subscribed to trade/104
23:13:28 [DEBUG] [lighter] Subscribed to order_book/83
23:13:28 [DEBUG] [lighter] Subscribed to trade/83
23:13:28 [DEBUG] [x10] Subscribed to publicTrades/HYPE/USD
23:13:28 [DEBUG] [x10] Subscribed to funding/HYPE/USD
23:13:28 [DEBUG] [lighter] Subscribed to trade/23
23:13:28 [DEBUG] [x10] Subscribed to publicTrades/OP/USD
23:13:28 [DEBUG] [x10] Subscribed to funding/OP/USD
23:13:28 [DEBUG] [lighter] Subscribed to trade/55
23:13:28 [DEBUG] [x10] Subscribed to publicTrades/KAITO/USD
23:13:28 [DEBUG] [x10] Subscribed to funding/KAITO/USD
23:13:28 [DEBUG] [x10] Subscribed to publicTrades/TRX/USD
23:13:28 [DEBUG] [x10] Subscribed to funding/TRX/USD
23:13:28 [DEBUG] [lighter] Subscribed to trade/40
23:13:28 [DEBUG] [x10] Subscribed to publicTrades/EIGEN/USD
23:13:28 [DEBUG] [x10] Subscribed to funding/EIGEN/USD
23:13:28 [DEBUG] [x10] Subscribed to publicTrades/TRUMP/USD
23:13:28 [DEBUG] [x10] Subscribed to funding/TRUMP/USD
23:13:28 [DEBUG] [x10] Subscribed to publicTrades/POPCAT/USD
23:13:28 [DEBUG] [x10] Subscribed to funding/POPCAT/USD
23:13:28 [DEBUG] [lighter] Subscribed to order_book/24
23:13:28 [DEBUG] [x10] Subscribed to publicTrades/MNT/USD
23:13:28 [DEBUG] [x10] Subscribed to funding/MNT/USD
23:13:28 [DEBUG] [x10] Subscribed to publicTrades/XRP/USD
23:13:28 [DEBUG] [x10] Subscribed to funding/XRP/USD
23:13:28 [DEBUG] [lighter] Subscribed to trade/1
23:13:28 [DEBUG] [x10] Subscribed to publicTrades/S/USD
23:13:28 [DEBUG] [x10] Subscribed to funding/S/USD
23:13:29 [DEBUG] [lighter] Subscribed to order_book/30
23:13:29 [DEBUG] [x10] Subscribed to publicTrades/ONDO/USD
23:13:29 [DEBUG] [x10] Subscribed to funding/ONDO/USD
23:13:29 [DEBUG] [x10] Subscribed to publicTrades/APEX/USD
23:13:29 [DEBUG] [x10] Subscribed to funding/APEX/USD
23:13:29 [DEBUG] [lighter] Subscribed to order_book/89
23:13:29 [DEBUG] [x10] Subscribed to publicTrades/TON/USD
23:13:29 [DEBUG] [x10] Subscribed to funding/TON/USD
23:13:29 [DEBUG] [x10] Subscribed to publicTrades/DOGE/USD
23:13:29 [DEBUG] [x10] Subscribed to funding/DOGE/USD
23:13:29 [DEBUG] [lighter] Subscribed to order_book/90
23:13:29 [DEBUG] [x10] Subscribed to publicTrades/GRASS/USD
23:13:29 [DEBUG] [x10] Subscribed to funding/GRASS/USD
23:13:29 [DEBUG] [lighter] Subscribed to order_book/2
23:13:29 [DEBUG] [x10] Subscribed to publicTrades/ENA/USD
23:13:29 [DEBUG] [x10] Subscribed to funding/ENA/USD
23:13:29 [DEBUG] [x10] Subscribed to publicTrades/TAO/USD
23:13:29 [DEBUG] [x10] Subscribed to funding/TAO/USD
23:13:29 [DEBUG] [lighter] Subscribed to trade/3
23:13:29 [DEBUG] [x10] Subscribed to publicTrades/SEI/USD
23:13:29 [DEBUG] [x10] Subscribed to funding/SEI/USD
23:13:29 [DEBUG] [x10] Subscribed to publicTrades/ZEC/USD
23:13:29 [DEBUG] [x10] Subscribed to funding/ZEC/USD
23:13:29 [DEBUG] [lighter] Subscribed to trade/39
23:13:29 [DEBUG] [x10] Subscribed to publicTrades/XAU/USD
23:13:29 [DEBUG] [x10] Subscribed to funding/XAU/USD
23:13:29 [DEBUG] [x10] Subscribed to publicTrades/WLD/USD
23:13:29 [DEBUG] [x10] Subscribed to funding/WLD/USD
23:13:29 [DEBUG] [x10] Subscribed to publicTrades/APT/USD
23:13:29 [DEBUG] [x10] Subscribed to funding/APT/USD
23:13:29 [DEBUG] [lighter] Subscribed to trade/29
23:13:29 [DEBUG] [x10] Subscribed to publicTrades/ADA/USD
23:13:29 [DEBUG] [x10] Subscribed to funding/ADA/USD
23:13:29 [DEBUG] [x10] Subscribed to publicTrades/BTC/USD
23:13:29 [DEBUG] [x10] Subscribed to funding/BTC/USD
23:13:29 [DEBUG] [lighter] Subscribed to trade/13
23:13:29 [DEBUG] [x10] Subscribed to publicTrades/AERO/USD
23:13:29 [DEBUG] [x10] Subscribed to funding/AERO/USD
23:13:29 [DEBUG] [x10] Subscribed to publicTrades/LINK/USD
23:13:29 [DEBUG] [x10] Subscribed to funding/LINK/USD
23:13:29 [DEBUG] [lighter] Subscribed to trade/24
23:13:29 [DEBUG] [x10] Subscribed to publicTrades/PUMP/USD
23:13:29 [DEBUG] [x10] Subscribed to funding/PUMP/USD
23:13:29 [DEBUG] [x10] Subscribed to publicTrades/EDEN/USD
23:13:29 [DEBUG] [x10] Subscribed to funding/EDEN/USD
23:13:29 [DEBUG] [lighter] Subscribed to trade/92
23:13:29 [DEBUG] [x10] Subscribed to publicTrades/RESOLV/USD
23:13:29 [DEBUG] [x10] Subscribed to funding/RESOLV/USD
23:13:30 [DEBUG] [x10] Subscribed to publicTrades/1000PEPE/USD
23:13:30 [DEBUG] [x10] Subscribed to funding/1000PEPE/USD
23:13:30 [DEBUG] [lighter] Subscribed to trade/12
23:13:30 [DEBUG] [x10] Subscribed to publicTrades/AVNT/USD
23:13:30 [DEBUG] [x10] Subscribed to funding/AVNT/USD
23:13:30 [DEBUG] [x10] Subscribed to publicTrades/SPX/USD
23:13:30 [DEBUG] [x10] Subscribed to funding/SPX/USD
23:13:30 [DEBUG] [lighter] Subscribed to order_book/3
23:13:30 [DEBUG] [x10] Subscribed to publicTrades/SUI/USD
23:13:30 [DEBUG] [x10] Subscribed to funding/SUI/USD
23:13:30 [DEBUG] [x10] Subscribed to publicTrades/XPL/USD
23:13:30 [DEBUG] [x10] Subscribed to funding/XPL/USD
23:13:30 [DEBUG] [lighter] Subscribed to trade/89
23:13:30 [DEBUG] [x10] Subscribed to publicTrades/UNI/USD
23:13:30 [DEBUG] [x10] Subscribed to funding/UNI/USD
23:13:30 [DEBUG] [x10] Subscribed to publicTrades/DOT/USD
23:13:30 [DEBUG] [x10] Subscribed to funding/DOT/USD
23:13:30 [DEBUG] [lighter] Subscribed to order_book/23
23:13:30 [DEBUG] [x10] Subscribed to publicTrades/SOL/USD
23:13:30 [DEBUG] [x10] Subscribed to funding/SOL/USD
23:13:30 [DEBUG] [x10] Subscribed to publicTrades/MKR/USD
23:13:30 [DEBUG] [x10] Subscribed to funding/MKR/USD
23:13:30 [DEBUG] [lighter] Subscribed to order_book/82
23:13:30 [DEBUG] [x10] Subscribed to publicTrades/BCH/USD
23:13:30 [DEBUG] [x10] Subscribed to funding/BCH/USD
23:13:30 [DEBUG] [x10] Subscribed to publicTrades/MON/USD
23:13:30 [DEBUG] [x10] Subscribed to funding/MON/USD
23:13:30 [DEBUG] [lighter] Subscribed to order_book/55
23:13:30 [DEBUG] [x10] Subscribed to publicTrades/TIA/USD
23:13:30 [DEBUG] [x10] Subscribed to funding/TIA/USD
23:13:30 [DEBUG] [x10] Subscribed to publicTrades/PENDLE/USD
23:13:30 [DEBUG] [x10] Subscribed to funding/PENDLE/USD
23:13:30 [DEBUG] [lighter] Subscribed to order_book/12
23:13:30 [DEBUG] [x10] Subscribed to publicTrades/BNB/USD
23:13:30 [DEBUG] [x10] Subscribed to funding/BNB/USD
23:13:30 [DEBUG] [x10] Subscribed to publicTrades/CRV/USD
23:13:30 [DEBUG] [x10] Subscribed to funding/CRV/USD
23:13:30 [DEBUG] [lighter] Subscribed to order_book/45
23:13:30 [DEBUG] [x10] Subscribed to publicTrades/WLFI/USD
23:13:30 [DEBUG] [x10] Subscribed to funding/WLFI/USD
23:13:30 [DEBUG] [x10] Subscribed to publicTrades/FIL/USD
23:13:30 [DEBUG] [x10] Subscribed to funding/FIL/USD
23:13:30 [DEBUG] [lighter] Subscribed to trade/49
23:13:30 [DEBUG] [x10] Subscribed to publicTrades/JUP/USD
23:13:30 [DEBUG] [x10] Subscribed to funding/JUP/USD
23:13:30 [DEBUG] [x10] Subscribed to publicTrades/NEAR/USD
23:13:30 [DEBUG] [x10] Subscribed to funding/NEAR/USD
23:13:30 [DEBUG] [lighter] Subscribed to order_book/43
23:13:30 [DEBUG] [x10] Subscribed to publicTrades/1000SHIB/USD
23:13:30 [DEBUG] [x10] Subscribed to funding/1000SHIB/USD
23:13:30 [DEBUG] [x10] Subscribed to publicTrades/ARB/USD
23:13:30 [DEBUG] [x10] Subscribed to funding/ARB/USD
23:13:30 [DEBUG] [lighter] Subscribed to trade/51
23:13:31 [DEBUG] [x10] Subscribed to publicTrades/AAVE/USD
23:13:31 [DEBUG] [x10] Subscribed to funding/AAVE/USD
23:13:31 [DEBUG] [x10] Subscribed to publicTrades/FARTCOIN/USD
23:13:31 [DEBUG] [x10] Subscribed to funding/FARTCOIN/USD
23:13:31 [DEBUG] [lighter] Subscribed to trade/8
23:13:31 [DEBUG] ✅ OP-USD: X10=$454,072, Lighter=$3,320,622, Total=$3,774,693
23:13:31 [DEBUG] [x10] Subscribed to publicTrades/PENGU/USD
23:13:31 [DEBUG] [x10] Subscribed to funding/PENGU/USD
23:13:31 [DEBUG] [x10] Subscribed to publicTrades/ZRO/USD
23:13:31 [DEBUG] [x10] Subscribed to funding/ZRO/USD
23:13:31 [DEBUG] [lighter] Subscribed to trade/82
23:13:31 [DEBUG] [x10] Subscribed to publicTrades/IP/USD
23:13:31 [DEBUG] [x10] Subscribed to funding/IP/USD
23:13:31 [DEBUG] [x10] Subscribed to publicTrades/LTC/USD
23:13:31 [DEBUG] [x10] Subscribed to funding/LTC/USD
23:13:31 [DEBUG] [lighter] Subscribed to trade/16
23:13:31 [DEBUG] [x10] Subscribed to publicTrades/ZORA/USD
23:13:31 [DEBUG] [x10] Subscribed to funding/ZORA/USD
23:13:31 [DEBUG] [x10] Subscribed to publicTrades/BERA/USD
23:13:31 [DEBUG] [x10] Subscribed to funding/BERA/USD
23:13:31 [DEBUG] [lighter] Subscribed to trade/45
23:13:31 [DEBUG] [x10] Subscribed to publicTrades/MEGA/USD
23:13:31 [DEBUG] [x10] Subscribed to funding/MEGA/USD
23:13:31 [DEBUG] [x10] Subscribed to publicTrades/XAG/USD
23:13:31 [DEBUG] [x10] Subscribed to funding/XAG/USD
23:13:31 [DEBUG] [lighter] Subscribed to trade/90
23:13:31 [DEBUG] [x10] Subscribed to publicTrades/AVAX/USD
23:13:31 [DEBUG] [x10] Subscribed to funding/AVAX/USD
23:13:31 [DEBUG] [x10] Subscribed to publicTrades/ETH/USD
23:13:31 [DEBUG] [x10] Subscribed to funding/ETH/USD
23:13:31 [DEBUG] [lighter] Subscribed to order_book/63
23:13:31 [DEBUG] [x10] Subscribed to publicTrades/WIF/USD
23:13:31 [DEBUG] [x10] Subscribed to funding/WIF/USD
23:13:31 [DEBUG] [x10] Subscribed to publicTrades/LDO/USD
23:13:31 [DEBUG] [x10] Subscribed to funding/LDO/USD
23:13:31 [DEBUG] [lighter] Subscribed to order_book/52
23:13:31 [DEBUG] [x10] Subscribed to publicTrades/1000BONK/USD
23:13:31 [DEBUG] [x10] Subscribed to funding/1000BONK/USD
23:13:31 [DEBUG] [x10] Subscribed to publicTrades/VIRTUAL/USD
23:13:31 [DEBUG] [x10] Subscribed to funding/VIRTUAL/USD
23:13:31 [DEBUG] [lighter] Subscribed to order_book/92
23:13:31 [DEBUG] [x10] Subscribed to publicTrades/LINEA/USD
23:13:31 [DEBUG] [x10] Subscribed to funding/LINEA/USD
23:13:31 [DEBUG] [x10] Subscribed to publicTrades/USDJPY/USD
23:13:31 [DEBUG] [x10] Subscribed to funding/USDJPY/USD
23:13:31 [DEBUG] [lighter] Subscribed to order_book/51
23:13:31 [DEBUG] [x10] Subscribed to publicTrades/STRK/USD
23:13:31 [DEBUG] [x10] Subscribed to funding/STRK/USD
23:13:31 [DEBUG] [x10] Subscribed to publicTrades/ASTER/USD
23:13:31 [DEBUG] [x10] Subscribed to funding/ASTER/USD
23:13:31 [DEBUG] [lighter] Subscribed to order_book/15
23:13:31 [INFO] 🔗 Components Wired: WS -> OI Tracker -> Prediction
23:13:31 [INFO] 🧟 Starte Zombie-Check: Vergleiche DB mit echten Positionen...
23:13:31 [INFO] 🔍 DB meldet 3 offene Trades. Prüfe Exchange...
23:13:31 [DEBUG] Sending GET https://api.starknet.extended.exchange/api/v1/user/positions?
23:13:32 [DEBUG] [lighter] Subscribed to order_book/31
23:13:32 [DEBUG] [lighter] Subscribed to order_book/33
23:13:32 [DEBUG] [lighter] Subscribed to trade/4
23:13:32 [DEBUG] [lighter] Subscribed to order_book/13
23:13:32 [DEBUG] [lighter] Subscribed to order_book/38
23:13:32 [DEBUG] [lighter] Subscribed to trade/52
23:13:32 [DEBUG] [lighter] Subscribed to trade/86
23:13:32 [DEBUG] [lighter] Subscribed to order_book/4
23:13:32 [DEBUG] [lighter] Subscribed to order_book/32
23:13:32 [DEBUG] [lighter] Subscribed to order_book/42
23:13:32 [DEBUG] [lighter] Subscribed to order_book/29
23:13:33 [DEBUG] [lighter] Subscribed to trade/6
23:13:33 [DEBUG] [lighter] Subscribed to trade/15
23:13:33 [DEBUG] [lighter] Subscribed to order_book/49
23:13:33 [DEBUG] [lighter] Subscribed to order_book/86
23:13:33 [INFO] Lighter: Found 0 open positions
23:13:33 [INFO] 🌍 Echte Positionen auf Exchanges: []
23:13:33 [WARNING] ⚠️  ZOMBIE GEFUNDEN: UNI-USD ist in DB offen, aber nicht auf Exchange. Schließe ihn...
23:13:33 [INFO] ✅ Trade UNI-USD closed (PnL: $0.00)
23:13:33 [WARNING] ⚠️  ZOMBIE GEFUNDEN: AAVE-USD ist in DB offen, aber nicht auf Exchange. Schließe ihn...
23:13:33 [INFO] ✅ Trade AAVE-USD closed (PnL: $0.00)
23:13:33 [WARNING] ⚠️  ZOMBIE GEFUNDEN: AERO-USD ist in DB offen, aber nicht auf Exchange. Schließe ihn...
23:13:33 [INFO] ✅ Trade AERO-USD closed (PnL: $0.00)
23:13:33 [INFO] ✅ ParallelExecutionManager: Rollback processor started
23:13:33 [INFO] ✅ ParallelExecutionManager started
23:13:33 [INFO] 📝 Registered task: logic_loop (critical=True)
23:13:33 [INFO] 📝 Registered task: trade_management_loop (critical=True)
23:13:33 [INFO] 📝 Registered task: farm_loop (critical=False)
23:13:33 [INFO] 📝 Registered task: maintenance_loop (critical=False)
23:13:33 [INFO] 📝 Registered task: cleanup_finished_tasks (critical=False)
23:13:33 [INFO] 📝 Registered task: health_reporter (critical=False)
23:13:33 [INFO] 📝 Registered task: connection_watchdog (critical=True)
23:13:33 [INFO] ✅ Signal handlers installed (SIGINT, SIGTERM)
23:13:33 [INFO] ▶️  Started task: logic_loop
23:13:33 [INFO] ▶️  Started task: trade_management_loop
23:13:33 [INFO] ▶️  Started task: farm_loop
23:13:33 [INFO] ▶️  Started task: maintenance_loop
23:13:33 [INFO] ▶️  Started task: cleanup_finished_tasks
23:13:33 [INFO] ▶️  Started task: health_reporter
23:13:33 [INFO] ▶️  Started task: connection_watchdog
23:13:33 [INFO] 🚀 Started 7 tasks
23:13:33 [INFO] ═══════════════════════════════════════════════════════════
23:13:33 [INFO]    BOT V5 RUNNING 24/7 - SUPERVISED | Ctrl+C = Stop   
23:13:33 [INFO] ═══════════════════════════════════════════════════════════
23:13:33 [INFO] 🔄 Rollback processor running...
23:13:33 [INFO] Logic Loop gestartet – REFRESH alle 3s
23:13:33 [INFO] ⚡ Latency Arb Detector initialized (threshold: 1.0s)
23:13:33 [INFO] ❄️ Warming up caches (waiting for WS data)... X10=91, Lit=0
23:13:33 [INFO] 🛡️ Trade Management Loop gestartet
23:13:33 [INFO] 🚜 Farm Mode ACTIVE
23:13:33 [DEBUG] Sending GET https://api.starknet.extended.exchange/api/v1/user/balance
23:13:33 [DEBUG] 📊 X10 Funding Cache refresh (current=91)
23:13:33 [INFO] 🐕 Connection Watchdog gestartet (Timeout: 120s)
23:13:33 [INFO] 🔍 Supervisor loop started
23:13:33 [DEBUG] 📝 Flushed 1 writes
23:13:33 [DEBUG] 📝 Flushed 1 writes in 0.0ms
23:13:33 [DEBUG] [lighter] Subscribed to order_book/6
23:13:33 [DEBUG] Sending GET https://api.starknet.extended.exchange/api/v1/info/markets?
23:13:33 [DEBUG] [lighter] Subscribed to trade/65
23:13:33 [DEBUG] [lighter] Subscribed to trade/38
23:13:33 [DEBUG] [lighter] Subscribed to trade/2
23:13:33 [DEBUG] [lighter] Subscribed to order_book/16
23:13:33 [DEBUG] [lighter] Subscribed to trade/11
23:13:34 [DEBUG] [lighter] Subscribed to trade/33
23:13:34 [DEBUG] [lighter] Subscribed to trade/63
23:13:34 [DEBUG] [lighter] Subscribed to order_book/11
23:13:34 [DEBUG] [lighter] Subscribed to trade/30
23:13:34 [DEBUG] [lighter] Subscribed to order_book/40
23:13:34 [DEBUG] 📝 Flushed 1 writes in 0.0ms
23:13:34 [DEBUG] [lighter] Subscribed to order_book/71
23:13:34 [DEBUG] [lighter] Subscribed to trade/71
23:13:34 [DEBUG] Lighter Balance: Raw=$300.37, Safe=$285.35
23:13:34 [INFO] 🚜 Opening FARM: OP-USD APY=14.9%
23:13:34 [DEBUG] Sending GET https://api.starknet.extended.exchange/api/v1/user/positions?
23:13:34 [DEBUG] [lighter] Subscribed to order_book/65
23:13:34 [DEBUG] [lighter] Subscribed to trade/7
23:13:34 [DEBUG] ✅ KAITO-USD: X10=$450,591, Lighter=$1,993,956, Total=$2,444,547
23:13:35 [DEBUG] 📝 Flushed 2 writes
23:13:35 [DEBUG] 📝 Flushed 1 writes in 0.0ms
23:13:35 [INFO]  X10: 91 Märkte geladen, 91 Funding Rates, 78 Preise
23:13:35 [DEBUG] X10: Funding Refresh OK, cache=91
23:13:35 [DEBUG] 📊 Lighter Funding Cache refresh (current=0)
23:13:35 [INFO] Lighter: Found 0 open positions
23:13:35 [DEBUG] ✅ OP-USD verified: No existing positions on exchanges
23:13:35 [INFO]  Volatility Monitor initialized: Low<3.0%, Normal<10.0%, High<20.0%, Hard Cap<50.0%
23:13:35 [DEBUG] Sending GET https://api.starknet.extended.exchange/api/v1/user/balance
23:13:35 [INFO] 🎲 KellyPositionSizer initialized (Safety=0.25, MaxFraction=0.1)
23:13:35 [INFO] 🎰 KELLY OP-USD: win_rate=80.0%, kelly_fraction=0.6000, safe_fraction=0.0500, confidence=LOW, samples=0
23:13:35 [INFO] 📊 KELLY SIZE OP-USD: base=$30.0, kelly_recommended=$14.3, final=$30.0
23:13:35 [INFO] 🚀 Opening OP-USD: Size=$30.0 (Min=$11.0)
23:13:35 [INFO] 🔄 [PARALLEL] OP-USD: Lighter POST-ONLY first
23:13:35 [INFO] 🚀 LIGHTER OPEN OP-USD: side=SELL, size_usd=$30.00, price=$0.326400
23:13:35 [INFO] 🔄 [PARALLEL] OP-USD: X10 MARKET order
23:13:35 [DEBUG] Create Order Tx Info: {"AccountIndex":60113,"ApiKeyIndex":3,"MarketIndex":55,"ClientOrderIndex":1764540891054,"BaseAmount":925,"Price":32444,"IsAsk":1,"Type":0,"TimeInForce":1,"ReduceOnly":0,"TriggerPrice":0,"OrderExpiry":1766960015879,"ExpiredAt":1764541414879,"Nonce":1847,"Sig":"DkmD0OGskkDIpxX64TM6Ld9eUMvmhhmFdhVRi0e6OtedReJtrseDd2p57G8CIsbt/b/kRzOPAgMneGo3s1AhGtzvdNdPyUjl3O32jKAGgR0="}
23:13:35 [DEBUG] Sending GET https://api.starknet.extended.exchange/api/v1/info/markets?
23:13:36 [DEBUG] Lighter: Loaded 389 funding rates
23:13:36 [DEBUG] Lighter: Funding Refresh OK, cache=118
23:13:36 [DEBUG] Create Order Send Tx Response: code=200 message='{"ratelimit": "didn\'t use volume quota"}' tx_hash='f7f6e3f48873eb60018ac8d81448028b48b824cf47d540db251174307499cc8bbf92b61bcae75315' predicted_execution_time_ms=1764540809746 additional_properties={}
23:13:36 [INFO] Lighter Order: f7f6e3f48873eb60018ac8d81448028b48b824cf47d540db251174307499cc8bbf92b61bcae75315
23:13:36 [INFO] 🔍 🚜 FARM Scanning 70 pairs. Open symbols to skip: set()
23:13:36 [DEBUG] Price cache status: X10=70/70, Lighter=70/70
23:13:36 [INFO] 🔍 Scanning 70 pairs. Lighter markets: 118, X10 markets: 91
23:13:36 [INFO] ✅ Found 0 opportunities with predictions (farm_mode=True)
23:13:36 [INFO] ⚠️ Keine Prediction-Opportunities, nutze Fallback mit echten Funding Rates...
23:13:36 [DEBUG] Skip KAITO-USD: Spread 0.30% too high
23:13:36 [INFO] 🔍 DEBUG ENA-USD: rl=0.00000300, rx=-0.00005500, net=0.00005800, apy=50.8%
23:13:36 [INFO] 💎 ENA-USD | APY: 50.8%
23:13:36 [DEBUG] ⛔ Skip XAU-USD: TradFi/FX
23:13:36 [DEBUG] ⛔ Skip AERO-USD: In BLACKLIST
23:13:36 [DEBUG] ⛔ Skip SPX-USD: TradFi/FX
23:13:36 [INFO] 🔍 DEBUG UNI-USD: rl=-0.00005200, rx=0.00001300, net=-0.00006500, apy=56.9%
23:13:36 [INFO] 💎 UNI-USD | APY: 56.9%
23:13:36 [DEBUG] Skip TIA-USD: Spread 0.56% too high
23:13:36 [INFO] 🔍 DEBUG WLFI-USD: rl=-0.00008000, rx=0.00001300, net=-0.00009300, apy=81.5%
23:13:36 [INFO] 💎 WLFI-USD | APY: 81.5%
23:13:36 [DEBUG] Skip JUP-USD: Spread 0.47% too high
23:13:36 [DEBUG] Skip 1000SHIB-USD: Spread 0.36% too high
23:13:36 [INFO] 🔍 DEBUG AAVE-USD: rl=0.00001200, rx=-0.00005600, net=0.00006800, apy=59.6%
23:13:36 [INFO] 💎 AAVE-USD | APY: 59.6%
23:13:36 [DEBUG] ⛔ Skip MEGA-USD: In BLACKLIST
23:13:36 [DEBUG] ⛔ Skip XAG-USD: TradFi/FX
23:13:36 [DEBUG] Skip LINEA-USD: Spread 0.46% too high
23:13:36 [INFO] ✅ Found 32 opportunities from 65 valid pairs (farm_mode=True, scanned=70)
23:13:36 [INFO] 🎯 Found 3 opportunities, executing best...
23:13:36 [DEBUG] Sending GET https://api.starknet.extended.exchange/api/v1/user/balance
23:13:36 [INFO] 🔍 Running periodic exchange sync check...
23:13:36 [INFO] 🔍 Starting Exchange Sync Check...
23:13:36 [DEBUG] Sending GET https://api.starknet.extended.exchange/api/v1/user/positions?
23:13:37 [DEBUG] Lighter Balance: Raw=$300.37, Safe=$285.35
23:13:37 [INFO] X10: Detected balance = $304.71
23:13:37 [INFO] 🚀 Launching 3 trades (Slots available: 3)
23:13:37 [DEBUG] Sending GET https://api.starknet.extended.exchange/api/v1/user/positions?
23:13:38 [DEBUG] Placing an order: id=2098678496754904520220019656335426052605098764358229160507006352695438612377
23:13:38 [DEBUG] Sending POST https://api.starknet.extended.exchange/api/v1/user/order, headers={<RequestHeader.ACCEPT: 'Accept'>: 'application/json', <RequestHeader.CONTENT_TYPE: 'Content-Type'>: 'application/json', <RequestHeader.USER_AGENT: 'User-Agent'>: 'X10PythonTradingClient/0.0.17', <RequestHeader.API_KEY: 'X-Api-Key'>: 'a1c9207f79f0e57ddc454bf1e16dbe49'}
23:13:38 [INFO] Lighter: Found 1 open positions
23:13:38 [ERROR] 🚨 DESYNC DETECTED: Positions only on Lighter: {'OP-USD'}
23:13:38 [ERROR] ⚠️ These are UNHEDGED and create directional risk!
23:13:38 [WARNING] 🔻 Closing orphaned Lighter position: OP-USD
23:13:38 [ERROR] Failed to close Lighter orphan OP-USD: '<' not supported between instances of 'float' and 'str'
23:13:38 [INFO] Lighter: Found 1 open positions
23:13:38 [INFO] 💰 Balance: X10=$304.7 (free=$265.4), Lit=$285.4 (free=$246.1) | DB_Trades=0, Real_Positions=1, Locked=$5/ex
23:13:38 [INFO] 🚀 Launching trade for WLFI-USD (APY=81.5%)
23:13:38 [DEBUG] Sending GET https://api.starknet.extended.exchange/api/v1/user/positions?
23:13:38 [DEBUG] ✅ TRX-USD: X10=$328,477, Lighter=$7,583,786, Total=$7,912,263
23:13:38 [INFO] 🚀 Launching trade for AAVE-USD (APY=59.6%)
23:13:38 [DEBUG] Sending GET https://api.starknet.extended.exchange/api/v1/user/positions?
23:13:39 [INFO]  X10 Order: 1995254897697218560
23:13:39 [INFO] ✅ [PARALLEL] OP-USD: Both legs filled in 3141ms
23:13:39 [DEBUG] 📝 Trade added to state: OP-USD
23:13:39 [DEBUG] 🧹 Cleaned task: OP-USD
23:13:39 [DEBUG] 📝 Flushed 1 writes
23:13:39 [DEBUG] 📝 Flushed 1 writes in 0.0ms
23:13:39 [INFO] Lighter: Found 1 open positions
23:13:39 [DEBUG] ✅ WLFI-USD verified: No existing positions on exchanges
23:13:39 [DEBUG] Sending GET https://api.starknet.extended.exchange/api/v1/user/balance
23:13:39 [DEBUG] Fetching fresh positions (force=False, cache_age=1764540819.4s)
23:13:39 [DEBUG] Sending GET https://api.starknet.extended.exchange/api/v1/user/positions?
23:13:39 [INFO] 🎰 KELLY WLFI-USD: win_rate=80.0%, kelly_fraction=0.6000, safe_fraction=0.0500, confidence=LOW, samples=0
23:13:39 [INFO] 📊 KELLY SIZE WLFI-USD: base=$30.0, kelly_recommended=$14.3, final=$30.0
23:13:39 [INFO] 🚀 Opening WLFI-USD: Size=$30.0 (Min=$16.7)
23:13:39 [INFO] 🔄 [PARALLEL] WLFI-USD: Lighter POST-ONLY first
23:13:39 [INFO] 🔄 [PARALLEL] WLFI-USD: X10 MARKET order
23:13:39 [INFO] 🚀 LIGHTER OPEN WLFI-USD: side=SELL, size_usd=$30.00, price=$0.159510
23:13:39 [DEBUG] Create Order Tx Info: {"AccountIndex":60113,"ApiKeyIndex":3,"MarketIndex":72,"ClientOrderIndex":1764540894380,"BaseAmount":1893,"Price":15855,"IsAsk":1,"Type":0,"TimeInForce":1,"ReduceOnly":0,"TriggerPrice":0,"OrderExpiry":1766960019444,"ExpiredAt":1764541418444,"Nonce":1848,"Sig":"qDve1sQxwS+bmQMIUxsdtPsIj3Aed9HqaH0LajoX+yuok0I7FyXHM0HOlNLYQa3pZJoyCbQePA/Xd5OwxovQUEE1eQswV7vHdJ890Ww4+30="}
23:13:39 [INFO] 🚀 Launching trade for UNI-USD (APY=56.9%)
23:13:39 [DEBUG] Placing an order: id=37811341726298699740845778165446237524162426000904476988149618837334536160
23:13:39 [DEBUG] Sending POST https://api.starknet.extended.exchange/api/v1/user/order, headers={<RequestHeader.ACCEPT: 'Accept'>: 'application/json', <RequestHeader.CONTENT_TYPE: 'Content-Type'>: 'application/json', <RequestHeader.USER_AGENT: 'User-Agent'>: 'X10PythonTradingClient/0.0.17', <RequestHeader.API_KEY: 'X-Api-Key'>: 'a1c9207f79f0e57ddc454bf1e16dbe49'}
23:13:39 [DEBUG] Sending GET https://api.starknet.extended.exchange/api/v1/user/positions?
23:13:39 [INFO] Lighter: Found 1 open positions
23:13:39 [DEBUG] ✅ AAVE-USD verified: No existing positions on exchanges
23:13:39 [DEBUG] Sending GET https://api.starknet.extended.exchange/api/v1/user/balance
23:13:39 [DEBUG] Create Order Send Tx Response: code=200 message='{"ratelimit": "didn\'t use volume quota"}' tx_hash='7aef611e814b85db3e5587bbe13f073e559181e2cf19a18f7de07ec44433acd0ae8fcf4352f3479e' predicted_execution_time_ms=1764540813305 additional_properties={}
23:13:39 [INFO] Lighter Order: 7aef611e814b85db3e5587bbe13f073e559181e2cf19a18f7de07ec44433acd0ae8fcf4352f3479e
23:13:39 [INFO]  X10 Order: 1995254900858081280
23:13:39 [INFO] ✅ [PARALLEL] WLFI-USD: Both legs filled in 329ms
23:13:39 [DEBUG] 📝 Trade added to state: WLFI-USD
23:13:39 [INFO] Lighter: Found 1 open positions
23:13:39 [INFO] 📊 Positions: X10=1, Lighter=1
23:13:39 [DEBUG] X10 positions: ['OP-USD']
23:13:39 [DEBUG] Lighter positions: ['OP-USD']
23:13:39 [INFO] 🔍 DEBUG OP-USD: entry_time type=<class 'str'>, value=2025-11-30T22:13:39.006298+00:00
23:13:39 [DEBUG] Check OP-USD: Age=0.9s (Limit=60s)
23:13:39 [INFO] ✅ Launched 3 trade tasks this cycle
23:13:40 [INFO] Lighter: Found 2 open positions
23:13:40 [DEBUG] ✅ UNI-USD verified: No existing positions on exchanges
23:13:40 [DEBUG] 📝 Flushed 1 writes
23:13:40 [DEBUG] 📝 Flushed 1 writes in 0.0ms
23:13:40 [DEBUG] Using cached positions (age: 1.4s)
23:13:40 [INFO] 🔍 DEBUG OP-USD: entry_time type=<class 'str'>, value=2025-11-30T22:13:39.006298+00:00
23:13:40 [DEBUG] Check OP-USD: Age=1.8s (Limit=60s)
23:13:40 [INFO] 🔍 DEBUG WLFI-USD: entry_time type=<class 'str'>, value=2025-11-30T22:13:39.760932+00:00
23:13:40 [DEBUG] Check WLFI-USD: Age=1.1s (Limit=60s)
23:13:41 [DEBUG] Lighter Balance: Raw=$300.37, Safe=$285.35
23:13:41 [INFO] 🎰 KELLY AAVE-USD: win_rate=80.0%, kelly_fraction=0.6000, safe_fraction=0.0500, confidence=LOW, samples=0
23:13:41 [INFO] 📊 KELLY SIZE AAVE-USD: base=$30.0, kelly_recommended=$12.7, final=$30.0
23:13:41 [DEBUG] Sending GET https://api.starknet.extended.exchange/api/v1/user/balance
23:13:41 [INFO] 🎰 KELLY UNI-USD: win_rate=80.0%, kelly_fraction=0.6000, safe_fraction=0.0500, confidence=LOW, samples=0
23:13:41 [INFO] 📊 KELLY SIZE UNI-USD: base=$30.0, kelly_recommended=$14.3, final=$30.0
23:13:41 [INFO] 🚀 Opening AAVE-USD: Size=$30.0 (Min=$19.0)
23:13:41 [INFO] 🔄 [PARALLEL] AAVE-USD: Lighter POST-ONLY first
23:13:41 [INFO] 🚀 Opening UNI-USD: Size=$30.0 (Min=$11.0)
23:13:41 [INFO] 🔄 [PARALLEL] UNI-USD: Lighter POST-ONLY first
23:13:41 [INFO] 🚀 LIGHTER OPEN AAVE-USD: side=SELL, size_usd=$30.00, price=$180.800000
23:13:41 [INFO] 🔄 [PARALLEL] AAVE-USD: X10 MARKET order
23:13:41 [INFO] 🔄 [PARALLEL] UNI-USD: X10 MARKET order
23:13:41 [DEBUG] Create Order Tx Info: {"AccountIndex":60113,"ApiKeyIndex":3,"MarketIndex":27,"ClientOrderIndex":1764540869956,"BaseAmount":167,"Price":179715,"IsAsk":1,"Type":0,"TimeInForce":1,"ReduceOnly":0,"TriggerPrice":0,"OrderExpiry":1766960021692,"ExpiredAt":1764541420692,"Nonce":1849,"Sig":"aXpY6vKY2UyWRP4SzlYRTqdHH87LSSramnHjQz/qdUDUObjz0OerItHDLPfnDTltbhFLpgRVI2vmmFZ9J6Xm8fihdL6lrfwmSI/bijWJSn0="}
23:13:41 [INFO] 🚀 LIGHTER OPEN UNI-USD: side=SELL, size_usd=$30.00, price=$6.169800
23:13:41 [DEBUG] Create Order Tx Info: {"AccountIndex":60113,"ApiKeyIndex":3,"MarketIndex":30,"ClientOrderIndex":1764540865999,"BaseAmount":490,"Price":61327,"IsAsk":1,"Type":0,"TimeInForce":1,"ReduceOnly":0,"TriggerPrice":0,"OrderExpiry":1766960021723,"ExpiredAt":1764541420723,"Nonce":1850,"Sig":"FkRTIDs8IWluDmjP6pkhDIJc8wdPtN1IoJp9InNYyFDNQ891SnSIMdYecxuoWv+lCydQacYHlDDAIaM6diO+HA8izz46nlqqKRFEDrnozmY="}
23:13:41 [DEBUG] Placing an order: id=1549010970376236614231709794468059860791090912838664136048048936084037309993
23:13:41 [DEBUG] Sending POST https://api.starknet.extended.exchange/api/v1/user/order, headers={<RequestHeader.ACCEPT: 'Accept'>: 'application/json', <RequestHeader.CONTENT_TYPE: 'Content-Type'>: 'application/json', <RequestHeader.USER_AGENT: 'User-Agent'>: 'X10PythonTradingClient/0.0.17', <RequestHeader.API_KEY: 'X-Api-Key'>: 'a1c9207f79f0e57ddc454bf1e16dbe49'}
23:13:41 [DEBUG] Placing an order: id=2780817948927223325162565856472763417988611825634746742765908825923777800591
23:13:41 [DEBUG] Sending POST https://api.starknet.extended.exchange/api/v1/user/order, headers={<RequestHeader.ACCEPT: 'Accept'>: 'application/json', <RequestHeader.CONTENT_TYPE: 'Content-Type'>: 'application/json', <RequestHeader.USER_AGENT: 'User-Agent'>: 'X10PythonTradingClient/0.0.17', <RequestHeader.API_KEY: 'X-Api-Key'>: 'a1c9207f79f0e57ddc454bf1e16dbe49'}
23:13:41 [DEBUG] Using cached positions (age: 2.4s)
23:13:41 [INFO] 🔍 DEBUG OP-USD: entry_time type=<class 'str'>, value=2025-11-30T22:13:39.006298+00:00
23:13:41 [DEBUG] Check OP-USD: Age=2.8s (Limit=60s)
23:13:41 [INFO] 🔍 DEBUG WLFI-USD: entry_time type=<class 'str'>, value=2025-11-30T22:13:39.760932+00:00
23:13:41 [DEBUG] Check WLFI-USD: Age=2.1s (Limit=60s)
23:13:41 [DEBUG] Create Order Send Tx Response: code=200 message='{"ratelimit": "didn\'t use volume quota"}' tx_hash='c04399bc7771291292847ba82b3bbd3a2cedf2090a82b5e664e490ee5f8f60fbc473b16b214149c9' predicted_execution_time_ms=1764540815558 additional_properties={}
23:13:41 [INFO] Lighter Order: c04399bc7771291292847ba82b3bbd3a2cedf2090a82b5e664e490ee5f8f60fbc473b16b214149c9
23:13:41 [INFO]  X10 Order: 1995254910186909696
23:13:41 [INFO] ✅ [PARALLEL] AAVE-USD: Both legs filled in 297ms
23:13:41 [DEBUG] 📝 Trade added to state: AAVE-USD
23:13:41 [DEBUG] 📝 Flushed 1 writes
23:13:41 [DEBUG] 📝 Flushed 1 writes in 0.0ms
23:13:41 [DEBUG] Create Order Send Tx Response: code=200 message='{"ratelimit": "didn\'t use volume quota"}' tx_hash='df5858009dbf9c5a4219e940ec4df3865fdc8e47b5f65b66a4f6511fbe0ba500bce9175a98d9faad' predicted_execution_time_ms=1764540815589 additional_properties={}
23:13:41 [INFO] Lighter Order: df5858009dbf9c5a4219e940ec4df3865fdc8e47b5f65b66a4f6511fbe0ba500bce9175a98d9faad
23:13:42 [DEBUG] ✅ EIGEN-USD: X10=$137,915, Lighter=$1,702,183, Total=$1,840,098
23:13:42 [INFO]  X10 Order: 1995254913660309504
23:13:42 [INFO] ✅ [PARALLEL] UNI-USD: Both legs filled in 1125ms
23:13:42 [DEBUG] 📝 Trade added to state: UNI-USD
23:13:42 [DEBUG] Using cached positions (age: 3.4s)
23:13:42 [INFO] 🔍 DEBUG UNI-USD: entry_time type=<class 'str'>, value=2025-11-30T22:13:42.814647+00:00
23:13:42 [DEBUG] Check UNI-USD: Age=0.0s (Limit=60s)
23:13:42 [INFO] 🔍 DEBUG AAVE-USD: entry_time type=<class 'str'>, value=2025-11-30T22:13:41.983700+00:00
23:13:42 [DEBUG] Check AAVE-USD: Age=0.9s (Limit=60s)
23:13:42 [INFO] 🔍 DEBUG OP-USD: entry_time type=<class 'str'>, value=2025-11-30T22:13:39.006298+00:00
23:13:42 [DEBUG] Check OP-USD: Age=3.8s (Limit=60s)
23:13:42 [INFO] 🔍 DEBUG WLFI-USD: entry_time type=<class 'str'>, value=2025-11-30T22:13:39.760932+00:00
23:13:42 [DEBUG] Check WLFI-USD: Age=3.1s (Limit=60s)
23:13:42 [DEBUG] MAX_OPEN_TRADES (3) reached, waiting...
23:13:43 [DEBUG] 📝 Flushed 1 writes
23:13:43 [DEBUG] 📝 Flushed 1 writes in 0.0ms
23:13:43 [DEBUG] Using cached positions (age: 4.4s)
23:13:43 [INFO] 🔍 DEBUG UNI-USD: entry_time type=<class 'str'>, value=2025-11-30T22:13:42.814647+00:00
23:13:43 [DEBUG] Check UNI-USD: Age=1.0s (Limit=60s)
23:13:43 [INFO] 🔍 DEBUG AAVE-USD: entry_time type=<class 'str'>, value=2025-11-30T22:13:41.983700+00:00
23:13:43 [DEBUG] Check AAVE-USD: Age=1.9s (Limit=60s)
23:13:43 [INFO] 🔍 DEBUG OP-USD: entry_time type=<class 'str'>, value=2025-11-30T22:13:39.006298+00:00
23:13:43 [DEBUG] Check OP-USD: Age=4.8s (Limit=60s)
23:13:43 [INFO] 🔍 DEBUG WLFI-USD: entry_time type=<class 'str'>, value=2025-11-30T22:13:39.760932+00:00
23:13:43 [DEBUG] Check WLFI-USD: Age=4.1s (Limit=60s)
23:13:44 [DEBUG] Fetching fresh positions (force=False, cache_age=5.4s)
23:13:44 [DEBUG] Sending GET https://api.starknet.extended.exchange/api/v1/user/positions?
23:13:45 [INFO] Lighter: Found 4 open positions
23:13:45 [INFO] 📊 Positions: X10=4, Lighter=4
23:13:45 [DEBUG] X10 positions: ['OP-USD', 'WLFI-USD', 'AAVE-USD', 'UNI-USD']
23:13:45 [DEBUG] Lighter positions: ['AAVE-USD', 'UNI-USD', 'OP-USD', 'WLFI-USD']
23:13:45 [INFO] 🔍 DEBUG UNI-USD: entry_time type=<class 'str'>, value=2025-11-30T22:13:42.814647+00:00
23:13:45 [DEBUG] Check UNI-USD: Age=2.5s (Limit=60s)
23:13:45 [INFO] 🔍 DEBUG AAVE-USD: entry_time type=<class 'str'>, value=2025-11-30T22:13:41.983700+00:00
23:13:45 [DEBUG] Check AAVE-USD: Age=3.3s (Limit=60s)
23:13:45 [INFO] 🔍 DEBUG OP-USD: entry_time type=<class 'str'>, value=2025-11-30T22:13:39.006298+00:00
23:13:45 [DEBUG] Check OP-USD: Age=6.3s (Limit=60s)
23:13:45 [INFO] 🔍 DEBUG WLFI-USD: entry_time type=<class 'str'>, value=2025-11-30T22:13:39.760932+00:00
23:13:45 [DEBUG] Check WLFI-USD: Age=5.5s (Limit=60s)
23:13:45 [WARNING] [x10] Connection closed: 1011 Ping timeout
23:13:45 [INFO] 🔄 [x10] Reconnecting in 1.0s (attempt 1)
23:13:45 [DEBUG] MAX_OPEN_TRADES (3) reached, waiting...
23:13:46 [DEBUG] Using cached positions (age: 1.4s)
23:13:46 [INFO] 🔍 DEBUG UNI-USD: entry_time type=<class 'str'>, value=2025-11-30T22:13:42.814647+00:00
23:13:46 [DEBUG] Check UNI-USD: Age=3.5s (Limit=60s)
23:13:46 [INFO] 🔍 DEBUG AAVE-USD: entry_time type=<class 'str'>, value=2025-11-30T22:13:41.983700+00:00
23:13:46 [DEBUG] Check AAVE-USD: Age=4.3s (Limit=60s)
23:13:46 [INFO] 🔍 DEBUG OP-USD: entry_time type=<class 'str'>, value=2025-11-30T22:13:39.006298+00:00
23:13:46 [DEBUG] Check OP-USD: Age=7.3s (Limit=60s)
23:13:46 [INFO] 🔍 DEBUG WLFI-USD: entry_time type=<class 'str'>, value=2025-11-30T22:13:39.760932+00:00
23:13:46 [DEBUG] Check WLFI-USD: Age=6.5s (Limit=60s)
23:13:47 [DEBUG] Using cached positions (age: 2.5s)
23:13:47 [INFO] 🔍 DEBUG UNI-USD: entry_time type=<class 'str'>, value=2025-11-30T22:13:42.814647+00:00
23:13:47 [DEBUG] Check UNI-USD: Age=4.5s (Limit=60s)
23:13:47 [INFO] 🔍 DEBUG AAVE-USD: entry_time type=<class 'str'>, value=2025-11-30T22:13:41.983700+00:00
23:13:47 [DEBUG] Check AAVE-USD: Age=5.3s (Limit=60s)
23:13:47 [INFO] 🔍 DEBUG OP-USD: entry_time type=<class 'str'>, value=2025-11-30T22:13:39.006298+00:00
23:13:47 [DEBUG] Check OP-USD: Age=8.3s (Limit=60s)
23:13:47 [INFO] 🔍 DEBUG WLFI-USD: entry_time type=<class 'str'>, value=2025-11-30T22:13:39.760932+00:00
23:13:47 [DEBUG] Check WLFI-USD: Age=7.5s (Limit=60s)
23:13:47 [INFO] ✅ [x10] Connected to wss://api.starknet.extended.exchange/stream.extended.exchange/v1/account
23:13:47 [DEBUG] [x10] Subscribed to funding/MEGA/USD
23:13:47 [DEBUG] 💓 [lighter] Ping/Pong OK
23:13:47 [DEBUG] [x10] Subscribed to funding/PUMP/USD
23:13:47 [DEBUG] [x10] Subscribed to publicTrades/MKR/USD
23:13:48 [DEBUG] [x10] Subscribed to funding/1000SHIB/USD
23:13:48 [DEBUG] ✅ TRUMP-USD: X10=$99,208, Lighter=$341,910, Total=$441,118
23:13:48 [DEBUG] [x10] Subscribed to funding/ONDO/USD
23:13:48 [DEBUG] [x10] Subscribed to funding/BNB/USD
23:13:48 [DEBUG] Using cached positions (age: 3.4s)
23:13:48 [INFO] 🔍 DEBUG UNI-USD: entry_time type=<class 'str'>, value=2025-11-30T22:13:42.814647+00:00
23:13:48 [DEBUG] Check UNI-USD: Age=5.5s (Limit=60s)
23:13:48 [INFO] 🔍 DEBUG AAVE-USD: entry_time type=<class 'str'>, value=2025-11-30T22:13:41.983700+00:00
23:13:48 [DEBUG] Check AAVE-USD: Age=6.3s (Limit=60s)
23:13:48 [INFO] 🔍 DEBUG OP-USD: entry_time type=<class 'str'>, value=2025-11-30T22:13:39.006298+00:00
23:13:48 [DEBUG] Check OP-USD: Age=9.3s (Limit=60s)
23:13:48 [INFO] 🔍 DEBUG WLFI-USD: entry_time type=<class 'str'>, value=2025-11-30T22:13:39.760932+00:00
23:13:48 [DEBUG] Check WLFI-USD: Age=8.5s (Limit=60s)
23:13:48 [DEBUG] [x10] Subscribed to funding/ZRO/USD
23:13:48 [DEBUG] [x10] Subscribed to publicTrades/LDO/USD
23:13:48 [DEBUG] [x10] Subscribed to funding/ASTER/USD
23:13:48 [DEBUG] [x10] Subscribed to funding/FIL/USD
23:13:48 [DEBUG] [x10] Subscribed to funding/EIGEN/USD
23:13:48 [DEBUG] [x10] Subscribed to publicTrades/XRP/USD
23:13:48 [DEBUG] [x10] Subscribed to funding/1000PEPE/USD
23:13:48 [DEBUG] MAX_OPEN_TRADES (3) reached, waiting...
23:13:49 [DEBUG] [x10] Subscribed to funding/LINK/USD
23:13:49 [DEBUG] [x10] Subscribed to funding/NEAR/USD
23:13:49 [DEBUG] [x10] Subscribed to funding/AAVE/USD
23:13:49 [DEBUG] Using cached positions (age: 4.4s)
23:13:49 [INFO] 🔍 DEBUG UNI-USD: entry_time type=<class 'str'>, value=2025-11-30T22:13:42.814647+00:00
23:13:49 [DEBUG] Check UNI-USD: Age=6.5s (Limit=60s)
23:13:49 [INFO] 🔍 DEBUG AAVE-USD: entry_time type=<class 'str'>, value=2025-11-30T22:13:41.983700+00:00
23:13:49 [DEBUG] Check AAVE-USD: Age=7.3s (Limit=60s)
23:13:49 [INFO] 🔍 DEBUG OP-USD: entry_time type=<class 'str'>, value=2025-11-30T22:13:39.006298+00:00
23:13:49 [DEBUG] Check OP-USD: Age=10.3s (Limit=60s)
23:13:49 [INFO] 🔍 DEBUG WLFI-USD: entry_time type=<class 'str'>, value=2025-11-30T22:13:39.760932+00:00
23:13:49 [DEBUG] Check WLFI-USD: Age=9.5s (Limit=60s)
23:13:49 [DEBUG] [x10] Subscribed to publicTrades/WLFI/USD
23:13:49 [DEBUG] [x10] Subscribed to funding/CRV/USD
23:13:49 [DEBUG] [x10] Subscribed to funding/XAU/USD
23:13:49 [DEBUG] [x10] Subscribed to publicTrades/KAITO/USD
23:13:49 [DEBUG] [x10] Subscribed to funding/UNI/USD
23:13:49 [DEBUG] [x10] Subscribed to publicTrades/XPL/USD
23:13:49 [DEBUG] [x10] Subscribed to publicTrades/ZEC/USD
23:13:49 [DEBUG] [x10] Subscribed to funding/WIF/USD
23:13:50 [DEBUG] [x10] Subscribed to funding/TRUMP/USD
23:13:50 [DEBUG] [x10] Subscribed to publicTrades/1000BONK/USD
23:13:50 [DEBUG] [x10] Subscribed to funding/PENGU/USD
23:13:50 [DEBUG] Fetching fresh positions (force=False, cache_age=5.5s)
23:13:50 [DEBUG] Sending GET https://api.starknet.extended.exchange/api/v1/user/positions?
23:13:50 [DEBUG] [x10] Subscribed to publicTrades/MNT/USD
23:13:50 [DEBUG] [x10] Subscribed to funding/TRX/USD
23:13:50 [DEBUG] [x10] Subscribed to funding/MON/USD
23:13:50 [DEBUG] [x10] Subscribed to publicTrades/ARB/USD
23:13:50 [DEBUG] [x10] Subscribed to funding/WLFI/USD
23:13:50 [INFO] Lighter: Found 4 open positions
23:13:50 [INFO] 📊 Positions: X10=4, Lighter=4
23:13:50 [DEBUG] X10 positions: ['OP-USD', 'WLFI-USD', 'AAVE-USD', 'UNI-USD']
23:13:50 [DEBUG] Lighter positions: ['AAVE-USD', 'UNI-USD', 'OP-USD', 'WLFI-USD']
23:13:50 [INFO] 🔍 DEBUG UNI-USD: entry_time type=<class 'str'>, value=2025-11-30T22:13:42.814647+00:00
23:13:50 [DEBUG] Check UNI-USD: Age=7.9s (Limit=60s)
23:13:50 [INFO] 🔍 DEBUG AAVE-USD: entry_time type=<class 'str'>, value=2025-11-30T22:13:41.983700+00:00
23:13:50 [DEBUG] Check AAVE-USD: Age=8.8s (Limit=60s)
23:13:50 [INFO] 🔍 DEBUG OP-USD: entry_time type=<class 'str'>, value=2025-11-30T22:13:39.006298+00:00
23:13:50 [DEBUG] Check OP-USD: Age=11.7s (Limit=60s)
23:13:50 [INFO] 🔍 DEBUG WLFI-USD: entry_time type=<class 'str'>, value=2025-11-30T22:13:39.760932+00:00
23:13:50 [DEBUG] Check WLFI-USD: Age=11.0s (Limit=60s)
23:13:50 [DEBUG] [x10] Subscribed to publicTrades/TRUMP/USD
23:13:50 [DEBUG] [x10] Subscribed to funding/LTC/USD
23:13:50 [DEBUG] [x10] Subscribed to funding/FARTCOIN/USD
23:13:51 [DEBUG] [x10] Subscribed to publicTrades/OP/USD
23:13:51 [DEBUG] [x10] Subscribed to funding/USDJPY/USD
23:13:51 [DEBUG] [x10] Subscribed to publicTrades/CRV/USD
23:13:51 [DEBUG] [x10] Subscribed to funding/POPCAT/USD
23:13:51 [DEBUG] [x10] Subscribed to publicTrades/NEAR/USD
23:13:51 [DEBUG] [x10] Subscribed to publicTrades/ZORA/USD
23:13:51 [DEBUG] [x10] Subscribed to publicTrades/DOT/USD
23:13:51 [DEBUG] [x10] Subscribed to publicTrades/BTC/USD
23:13:51 [DEBUG] Using cached positions (age: 1.5s)
23:13:51 [INFO] 🔍 DEBUG UNI-USD: entry_time type=<class 'str'>, value=2025-11-30T22:13:42.814647+00:00
23:13:51 [DEBUG] Check UNI-USD: Age=8.9s (Limit=60s)
23:13:51 [INFO] 🔍 DEBUG AAVE-USD: entry_time type=<class 'str'>, value=2025-11-30T22:13:41.983700+00:00
23:13:51 [DEBUG] Check AAVE-USD: Age=9.8s (Limit=60s)
23:13:51 [INFO] 🔍 DEBUG OP-USD: entry_time type=<class 'str'>, value=2025-11-30T22:13:39.006298+00:00
23:13:51 [DEBUG] Check OP-USD: Age=12.7s (Limit=60s)
23:13:51 [INFO] 🔍 DEBUG WLFI-USD: entry_time type=<class 'str'>, value=2025-11-30T22:13:39.760932+00:00
23:13:51 [DEBUG] Check WLFI-USD: Age=12.0s (Limit=60s)
23:13:51 [DEBUG] [x10] Subscribed to publicTrades/SPX/USD
23:13:51 [DEBUG] ✅ POPCAT-USD: X10=$162,534, Lighter=$7,448,012, Total=$7,610,545
23:13:51 [DEBUG] [x10] Subscribed to funding/APEX/USD
23:13:51 [DEBUG] MAX_OPEN_TRADES (3) reached, waiting...
23:13:52 [DEBUG] [x10] Subscribed to publicTrades/APEX/USD
23:13:52 [DEBUG] [x10] Subscribed to funding/WLD/USD
23:13:52 [DEBUG] [x10] Subscribed to publicTrades/1000PEPE/USD
23:13:52 [DEBUG] [x10] Subscribed to funding/TON/USD
23:13:52 [DEBUG] [x10] Subscribed to publicTrades/MON/USD
23:13:52 [DEBUG] [x10] Subscribed to publicTrades/HYPE/USD
23:13:52 [DEBUG] [x10] Subscribed to publicTrades/BCH/USD
23:13:52 [DEBUG] [x10] Subscribed to funding/GRASS/USD
23:13:52 [DEBUG] Using cached positions (age: 2.4s)
23:13:52 [INFO] 🔍 DEBUG UNI-USD: entry_time type=<class 'str'>, value=2025-11-30T22:13:42.814647+00:00
23:13:52 [DEBUG] Check UNI-USD: Age=9.9s (Limit=60s)
23:13:52 [INFO] 🔍 DEBUG AAVE-USD: entry_time type=<class 'str'>, value=2025-11-30T22:13:41.983700+00:00
23:13:52 [DEBUG] Check AAVE-USD: Age=10.8s (Limit=60s)
23:13:52 [INFO] 🔍 DEBUG OP-USD: entry_time type=<class 'str'>, value=2025-11-30T22:13:39.006298+00:00
23:13:52 [DEBUG] Check OP-USD: Age=13.7s (Limit=60s)
23:13:52 [INFO] 🔍 DEBUG WLFI-USD: entry_time type=<class 'str'>, value=2025-11-30T22:13:39.760932+00:00
23:13:52 [DEBUG] Check WLFI-USD: Age=13.0s (Limit=60s)
23:13:52 [DEBUG] [x10] Subscribed to publicTrades/JUP/USD
23:13:52 [DEBUG] [x10] Subscribed to publicTrades/AERO/USD
23:13:52 [DEBUG] [x10] Subscribed to funding/STRK/USD
23:13:53 [DEBUG] [x10] Subscribed to funding/ENA/USD
23:13:53 [DEBUG] [x10] Subscribed to publicTrades/TAO/USD
23:13:53 [DEBUG] [x10] Subscribed to publicTrades/1000SHIB/USD
23:13:53 [DEBUG] [x10] Subscribed to funding/OP/USD
23:13:53 [DEBUG] [x10] Subscribed to publicTrades/ENA/USD
23:13:53 [DEBUG] [x10] Subscribed to funding/BERA/USD
23:13:53 [DEBUG] [x10] Subscribed to funding/S/USD
23:13:53 [DEBUG] [x10] Subscribed to publicTrades/BERA/USD
23:13:53 [DEBUG] Using cached positions (age: 3.4s)
23:13:53 [INFO] 🔍 DEBUG UNI-USD: entry_time type=<class 'str'>, value=2025-11-30T22:13:42.814647+00:00
23:13:53 [DEBUG] Check UNI-USD: Age=10.9s (Limit=60s)
23:13:53 [INFO] 🔍 DEBUG AAVE-USD: entry_time type=<class 'str'>, value=2025-11-30T22:13:41.983700+00:00
23:13:53 [DEBUG] Check AAVE-USD: Age=11.8s (Limit=60s)
23:13:53 [INFO] 🔍 DEBUG OP-USD: entry_time type=<class 'str'>, value=2025-11-30T22:13:39.006298+00:00
23:13:53 [DEBUG] Check OP-USD: Age=14.7s (Limit=60s)
23:13:53 [INFO] 🔍 DEBUG WLFI-USD: entry_time type=<class 'str'>, value=2025-11-30T22:13:39.760932+00:00
23:13:53 [DEBUG] Check WLFI-USD: Age=14.0s (Limit=60s)
23:13:53 [DEBUG] [x10] Subscribed to publicTrades/FIL/USD
23:13:53 [DEBUG] [x10] Subscribed to funding/ADA/USD
23:13:53 [DEBUG] [x10] Subscribed to publicTrades/TON/USD
23:13:54 [DEBUG] [x10] Subscribed to publicTrades/PENDLE/USD
23:13:54 [DEBUG] [x10] Subscribed to publicTrades/EIGEN/USD
23:13:54 [DEBUG] [x10] Subscribed to funding/ZORA/USD
23:13:54 [DEBUG] [x10] Subscribed to publicTrades/POPCAT/USD
23:13:54 [DEBUG] [x10] Subscribed to funding/RESOLV/USD
23:13:54 [DEBUG] [x10] Subscribed to funding/XRP/USD
23:13:54 [DEBUG] [x10] Subscribed to funding/LINEA/USD
23:13:54 [DEBUG] Using cached positions (age: 4.4s)
23:13:54 [INFO] 🔍 DEBUG UNI-USD: entry_time type=<class 'str'>, value=2025-11-30T22:13:42.814647+00:00
23:13:54 [DEBUG] Check UNI-USD: Age=11.9s (Limit=60s)
23:13:54 [INFO] 🔍 DEBUG AAVE-USD: entry_time type=<class 'str'>, value=2025-11-30T22:13:41.983700+00:00
23:13:54 [DEBUG] Check AAVE-USD: Age=12.8s (Limit=60s)
23:13:54 [INFO] 🔍 DEBUG OP-USD: entry_time type=<class 'str'>, value=2025-11-30T22:13:39.006298+00:00
23:13:54 [DEBUG] Check OP-USD: Age=15.7s (Limit=60s)
23:13:54 [INFO] 🔍 DEBUG WLFI-USD: entry_time type=<class 'str'>, value=2025-11-30T22:13:39.760932+00:00
23:13:54 [DEBUG] Check WLFI-USD: Age=15.0s (Limit=60s)
23:13:54 [DEBUG] [x10] Subscribed to publicTrades/EDEN/USD
23:13:54 [DEBUG] [x10] Subscribed to publicTrades/TIA/USD
23:13:54 [DEBUG] [x10] Subscribed to publicTrades/LINEA/USD
23:13:54 [DEBUG] MAX_OPEN_TRADES (3) reached, waiting...
23:13:55 [DEBUG] [x10] Subscribed to publicTrades/STRK/USD
23:13:55 [DEBUG] [x10] Subscribed to publicTrades/SEI/USD
23:13:55 [DEBUG] [x10] Subscribed to funding/1000BONK/USD
23:13:55 [DEBUG] [x10] Subscribed to funding/SPX/USD
23:13:55 [DEBUG] [x10] Subscribed to funding/DOGE/USD
23:13:55 [DEBUG] ✅ MNT-USD: X10=$115,140, Lighter=$3,741,830, Total=$3,856,970
23:13:55 [DEBUG] [x10] Subscribed to publicTrades/BNB/USD
23:13:55 [DEBUG] [x10] Subscribed to funding/XPL/USD
23:13:55 [DEBUG] Fetching fresh positions (force=False, cache_age=5.5s)
23:13:55 [DEBUG] Sending GET https://api.starknet.extended.exchange/api/v1/user/positions?
23:13:55 [DEBUG] [x10] Subscribed to publicTrades/ETH/USD
23:13:55 [DEBUG] [x10] Subscribed to publicTrades/LTC/USD
23:13:56 [DEBUG] [x10] Subscribed to publicTrades/XAU/USD
23:13:56 [DEBUG] [x10] Subscribed to funding/BCH/USD
23:13:56 [INFO] Lighter: Found 4 open positions
23:13:56 [DEBUG] [x10] Subscribed to funding/AVAX/USD
23:13:56 [INFO] 📊 Positions: X10=4, Lighter=4
23:13:56 [DEBUG] X10 positions: ['OP-USD', 'WLFI-USD', 'AAVE-USD', 'UNI-USD']
23:13:56 [DEBUG] Lighter positions: ['AAVE-USD', 'UNI-USD', 'OP-USD', 'WLFI-USD']
23:13:56 [INFO] 🔍 DEBUG UNI-USD: entry_time type=<class 'str'>, value=2025-11-30T22:13:42.814647+00:00
23:13:56 [DEBUG] Check UNI-USD: Age=13.4s (Limit=60s)
23:13:56 [INFO] 🔍 DEBUG AAVE-USD: entry_time type=<class 'str'>, value=2025-11-30T22:13:41.983700+00:00
23:13:56 [DEBUG] Check AAVE-USD: Age=14.2s (Limit=60s)
23:13:56 [INFO] 🔍 DEBUG OP-USD: entry_time type=<class 'str'>, value=2025-11-30T22:13:39.006298+00:00
23:13:56 [DEBUG] Check OP-USD: Age=17.2s (Limit=60s)
23:13:56 [INFO] 🔍 DEBUG WLFI-USD: entry_time type=<class 'str'>, value=2025-11-30T22:13:39.760932+00:00
23:13:56 [DEBUG] Check WLFI-USD: Age=16.4s (Limit=60s)
23:13:56 [DEBUG] [x10] Subscribed to funding/MKR/USD
23:13:56 [DEBUG] [x10] Subscribed to funding/IP/USD
23:13:56 [DEBUG] [x10] Subscribed to funding/APT/USD
23:13:56 [DEBUG] [x10] Subscribed to funding/LDO/USD
23:13:56 [DEBUG] [x10] Subscribed to publicTrades/PENGU/USD
23:13:56 [DEBUG] [x10] Subscribed to funding/MNT/USD
23:13:56 [DEBUG] [x10] Subscribed to funding/ETH/USD
23:13:56 [DEBUG] [x10] Subscribed to funding/HYPE/USD
23:13:57 [DEBUG] [x10] Subscribed to funding/DOT/USD
23:13:57 [DEBUG] [x10] Subscribed to publicTrades/SOL/USD
23:13:57 [DEBUG] Using cached positions (age: 1.5s)
23:13:57 [INFO] 🔍 DEBUG UNI-USD: entry_time type=<class 'str'>, value=2025-11-30T22:13:42.814647+00:00
23:13:57 [DEBUG] Check UNI-USD: Age=14.4s (Limit=60s)
23:13:57 [INFO] 🔍 DEBUG AAVE-USD: entry_time type=<class 'str'>, value=2025-11-30T22:13:41.983700+00:00
23:13:57 [DEBUG] Check AAVE-USD: Age=15.2s (Limit=60s)
23:13:57 [INFO] 🔍 DEBUG OP-USD: entry_time type=<class 'str'>, value=2025-11-30T22:13:39.006298+00:00
23:13:57 [DEBUG] Check OP-USD: Age=18.2s (Limit=60s)
23:13:57 [INFO] 🔍 DEBUG WLFI-USD: entry_time type=<class 'str'>, value=2025-11-30T22:13:39.760932+00:00
23:13:57 [DEBUG] Check WLFI-USD: Age=17.4s (Limit=60s)
23:13:57 [DEBUG] [x10] Subscribed to publicTrades/XAG/USD
23:13:57 [DEBUG] [x10] Subscribed to publicTrades/PUMP/USD
23:13:57 [DEBUG] [x10] Subscribed to funding/ARB/USD
23:13:57 [DEBUG] [x10] Subscribed to funding/AVNT/USD
23:13:57 [DEBUG] [x10] Subscribed to publicTrades/IP/USD
23:13:57 [DEBUG] [x10] Subscribed to funding/SUI/USD
23:13:57 [DEBUG] [x10] Subscribed to publicTrades/WIF/USD
23:13:57 [DEBUG] [x10] Subscribed to publicTrades/SUI/USD
23:13:57 [DEBUG] MAX_OPEN_TRADES (3) reached, waiting...
23:13:57 [DEBUG] [x10] Subscribed to publicTrades/FARTCOIN/USD
23:13:58 [DEBUG] [x10] Subscribed to publicTrades/APT/USD
23:13:58 [DEBUG] [x10] Subscribed to publicTrades/ONDO/USD
23:13:58 [DEBUG] Using cached positions (age: 2.4s)
23:13:58 [INFO] 🔍 DEBUG UNI-USD: entry_time type=<class 'str'>, value=2025-11-30T22:13:42.814647+00:00
23:13:58 [DEBUG] Check UNI-USD: Age=15.4s (Limit=60s)
23:13:58 [INFO] 🔍 DEBUG AAVE-USD: entry_time type=<class 'str'>, value=2025-11-30T22:13:41.983700+00:00
23:13:58 [DEBUG] Check AAVE-USD: Age=16.2s (Limit=60s)
23:13:58 [INFO] 🔍 DEBUG OP-USD: entry_time type=<class 'str'>, value=2025-11-30T22:13:39.006298+00:00
23:13:58 [DEBUG] Check OP-USD: Age=19.2s (Limit=60s)
23:13:58 [INFO] 🔍 DEBUG WLFI-USD: entry_time type=<class 'str'>, value=2025-11-30T22:13:39.760932+00:00
23:13:58 [DEBUG] Check WLFI-USD: Age=18.4s (Limit=60s)
23:13:58 [DEBUG] [x10] Subscribed to publicTrades/TRX/USD
23:13:58 [DEBUG] [x10] Subscribed to publicTrades/AAVE/USD
23:13:58 [DEBUG] [x10] Subscribed to publicTrades/AVNT/USD
23:13:58 [DEBUG] [x10] Subscribed to funding/KAITO/USD
23:13:58 [DEBUG] [x10] Subscribed to publicTrades/AVAX/USD
23:13:58 [DEBUG] [x10] Subscribed to publicTrades/DOGE/USD
23:13:58 [DEBUG] [x10] Subscribed to funding/PENDLE/USD
23:13:58 [DEBUG] [x10] Subscribed to funding/VIRTUAL/USD
23:13:59 [DEBUG] [x10] Subscribed to publicTrades/ASTER/USD
23:13:59 [DEBUG] [x10] Subscribed to publicTrades/WLD/USD
23:13:59 [DEBUG] Using cached positions (age: 3.5s)
23:13:59 [INFO] 🔍 DEBUG UNI-USD: entry_time type=<class 'str'>, value=2025-11-30T22:13:42.814647+00:00
23:13:59 [DEBUG] Check UNI-USD: Age=16.4s (Limit=60s)
23:13:59 [INFO] 🔍 DEBUG AAVE-USD: entry_time type=<class 'str'>, value=2025-11-30T22:13:41.983700+00:00
23:13:59 [DEBUG] Check AAVE-USD: Age=17.2s (Limit=60s)
23:13:59 [INFO] 🔍 DEBUG OP-USD: entry_time type=<class 'str'>, value=2025-11-30T22:13:39.006298+00:00
23:13:59 [DEBUG] Check OP-USD: Age=20.2s (Limit=60s)
23:13:59 [INFO] 🔍 DEBUG WLFI-USD: entry_time type=<class 'str'>, value=2025-11-30T22:13:39.760932+00:00
23:13:59 [DEBUG] Check WLFI-USD: Age=19.4s (Limit=60s)
23:13:59 [DEBUG] [x10] Subscribed to funding/TIA/USD
23:13:59 [DEBUG] [x10] Subscribed to publicTrades/USDJPY/USD
23:13:59 [DEBUG] ✅ XRP-USD: X10=$470,412, Lighter=$4,744,808, Total=$5,215,220
23:13:59 [DEBUG] [x10] Subscribed to publicTrades/MEGA/USD
23:13:59 [DEBUG] [x10] Subscribed to funding/JUP/USD
23:13:59 [DEBUG] [x10] Subscribed to funding/BTC/USD
23:13:59 [DEBUG] [x10] Subscribed to publicTrades/LINK/USD
23:13:59 [DEBUG] [x10] Subscribed to funding/TAO/USD
23:13:59 [DEBUG] [x10] Subscribed to funding/EDEN/USD
23:13:59 [DEBUG] [x10] Subscribed to funding/AERO/USD
23:14:00 [DEBUG] [x10] Subscribed to publicTrades/GRASS/USD
23:14:00 [DEBUG] [x10] Subscribed to funding/SEI/USD
23:14:00 [DEBUG] Using cached positions (age: 4.5s)
23:14:00 [INFO] 🔍 DEBUG UNI-USD: entry_time type=<class 'str'>, value=2025-11-30T22:13:42.814647+00:00
23:14:00 [DEBUG] Check UNI-USD: Age=17.4s (Limit=60s)
23:14:00 [INFO] 🔍 DEBUG AAVE-USD: entry_time type=<class 'str'>, value=2025-11-30T22:13:41.983700+00:00
23:14:00 [DEBUG] Check AAVE-USD: Age=18.2s (Limit=60s)
23:14:00 [INFO] 🔍 DEBUG OP-USD: entry_time type=<class 'str'>, value=2025-11-30T22:13:39.006298+00:00
23:14:00 [DEBUG] Check OP-USD: Age=21.2s (Limit=60s)
23:14:00 [INFO] 🔍 DEBUG WLFI-USD: entry_time type=<class 'str'>, value=2025-11-30T22:13:39.760932+00:00
23:14:00 [DEBUG] Check WLFI-USD: Age=20.4s (Limit=60s)
23:14:00 [DEBUG] [x10] Subscribed to publicTrades/S/USD
23:14:00 [DEBUG] [x10] Subscribed to funding/ZEC/USD
23:14:00 [DEBUG] [x10] Subscribed to publicTrades/RESOLV/USD
23:14:00 [DEBUG] [x10] Subscribed to funding/XAG/USD
23:14:00 [DEBUG] [x10] Subscribed to funding/SOL/USD
23:14:00 [DEBUG] [x10] Subscribed to publicTrades/UNI/USD
23:14:00 [DEBUG] [x10] Subscribed to publicTrades/ZRO/USD
23:14:00 [DEBUG] [x10] Subscribed to publicTrades/ADA/USD
23:14:00 [DEBUG] MAX_OPEN_TRADES (3) reached, waiting...
23:14:01 [DEBUG] [x10] Subscribed to publicTrades/VIRTUAL/USD
23:14:01 [DEBUG] Fetching fresh positions (force=False, cache_age=5.4s)
23:14:01 [DEBUG] Sending GET https://api.starknet.extended.exchange/api/v1/user/positions?
23:14:01 [INFO] Lighter: Found 4 open positions
23:14:01 [INFO] 📊 Positions: X10=4, Lighter=4
23:14:01 [DEBUG] X10 positions: ['OP-USD', 'WLFI-USD', 'AAVE-USD', 'UNI-USD']
23:14:01 [DEBUG] Lighter positions: ['AAVE-USD', 'UNI-USD', 'OP-USD', 'WLFI-USD']
23:14:01 [INFO] 🔍 DEBUG UNI-USD: entry_time type=<class 'str'>, value=2025-11-30T22:13:42.814647+00:00
23:14:01 [DEBUG] Check UNI-USD: Age=18.8s (Limit=60s)
23:14:01 [INFO] 🔍 DEBUG AAVE-USD: entry_time type=<class 'str'>, value=2025-11-30T22:13:41.983700+00:00
23:14:01 [DEBUG] Check AAVE-USD: Age=19.7s (Limit=60s)
23:14:01 [INFO] 🔍 DEBUG OP-USD: entry_time type=<class 'str'>, value=2025-11-30T22:13:39.006298+00:00
23:14:01 [DEBUG] Check OP-USD: Age=22.6s (Limit=60s)
23:14:01 [INFO] 🔍 DEBUG WLFI-USD: entry_time type=<class 'str'>, value=2025-11-30T22:13:39.760932+00:00
23:14:01 [DEBUG] Check WLFI-USD: Age=21.9s (Limit=60s)
23:14:02 [DEBUG] Using cached positions (age: 1.4s)
23:14:02 [INFO] 🔍 DEBUG UNI-USD: entry_time type=<class 'str'>, value=2025-11-30T22:13:42.814647+00:00
23:14:02 [DEBUG] Check UNI-USD: Age=19.8s (Limit=60s)
23:14:02 [INFO] 🔍 DEBUG AAVE-USD: entry_time type=<class 'str'>, value=2025-11-30T22:13:41.983700+00:00
23:14:02 [DEBUG] Check AAVE-USD: Age=20.7s (Limit=60s)
23:14:02 [INFO] 🔍 DEBUG OP-USD: entry_time type=<class 'str'>, value=2025-11-30T22:13:39.006298+00:00
23:14:02 [DEBUG] Check OP-USD: Age=23.6s (Limit=60s)
23:14:02 [INFO] 🔍 DEBUG WLFI-USD: entry_time type=<class 'str'>, value=2025-11-30T22:13:39.760932+00:00
23:14:02 [DEBUG] Check WLFI-USD: Age=22.9s (Limit=60s)
23:14:03 [DEBUG] ✅ ONDO-USD: X10=$83,713, Lighter=$2,534,270, Total=$2,617,983
23:14:03 [DEBUG] 🐕 Watchdog OK: Daten-Alter 2.5s
23:14:03 [DEBUG] Using cached positions (age: 2.4s)
23:14:03 [INFO] 🔍 DEBUG UNI-USD: entry_time type=<class 'str'>, value=2025-11-30T22:13:42.814647+00:00
23:14:03 [DEBUG] Check UNI-USD: Age=20.8s (Limit=60s)
23:14:03 [INFO] 🔍 DEBUG AAVE-USD: entry_time type=<class 'str'>, value=2025-11-30T22:13:41.983700+00:00
23:14:03 [DEBUG] Check AAVE-USD: Age=21.6s (Limit=60s)
23:14:03 [INFO] 🔍 DEBUG OP-USD: entry_time type=<class 'str'>, value=2025-11-30T22:13:39.006298+00:00
23:14:03 [DEBUG] Check OP-USD: Age=24.6s (Limit=60s)
23:14:03 [INFO] 🔍 DEBUG WLFI-USD: entry_time type=<class 'str'>, value=2025-11-30T22:13:39.760932+00:00
23:14:03 [DEBUG] Check WLFI-USD: Age=23.9s (Limit=60s)
23:14:03 [DEBUG] MAX_OPEN_TRADES (3) reached, waiting...
23:14:04 [DEBUG] Using cached positions (age: 3.4s)
23:14:04 [INFO] 🔍 DEBUG UNI-USD: entry_time type=<class 'str'>, value=2025-11-30T22:13:42.814647+00:00
23:14:04 [DEBUG] Check UNI-USD: Age=21.8s (Limit=60s)
23:14:04 [INFO] 🔍 DEBUG AAVE-USD: entry_time type=<class 'str'>, value=2025-11-30T22:13:41.983700+00:00
23:14:04 [DEBUG] Check AAVE-USD: Age=22.6s (Limit=60s)
23:14:04 [INFO] 🔍 DEBUG OP-USD: entry_time type=<class 'str'>, value=2025-11-30T22:13:39.006298+00:00
23:14:04 [DEBUG] Check OP-USD: Age=25.6s (Limit=60s)
23:14:04 [INFO] 🔍 DEBUG WLFI-USD: entry_time type=<class 'str'>, value=2025-11-30T22:13:39.760932+00:00
23:14:04 [DEBUG] Check WLFI-USD: Age=24.9s (Limit=60s)
23:14:05 [DEBUG] Using cached positions (age: 4.4s)
23:14:05 [INFO] 🔍 DEBUG UNI-USD: entry_time type=<class 'str'>, value=2025-11-30T22:13:42.814647+00:00
23:14:05 [DEBUG] Check UNI-USD: Age=22.8s (Limit=60s)
23:14:05 [INFO] 🔍 DEBUG AAVE-USD: entry_time type=<class 'str'>, value=2025-11-30T22:13:41.983700+00:00
23:14:05 [DEBUG] Check AAVE-USD: Age=23.6s (Limit=60s)
23:14:05 [INFO] 🔍 DEBUG OP-USD: entry_time type=<class 'str'>, value=2025-11-30T22:13:39.006298+00:00
23:14:05 [DEBUG] Check OP-USD: Age=26.6s (Limit=60s)
23:14:05 [INFO] 🔍 DEBUG WLFI-USD: entry_time type=<class 'str'>, value=2025-11-30T22:13:39.760932+00:00
23:14:05 [DEBUG] Check WLFI-USD: Age=25.9s (Limit=60s)
23:14:05 [INFO] 🚜 [FARM] Profit Take WLFI-USD: Age=25s, Spread=0.036% (sehr niedrig), PnL=$0.00
23:14:05 [INFO]  💸 EXIT WLFI-USD: FARM_QUICK_PROFIT | PnL $0.00 (Fees: $0.00)
23:14:05 [INFO]  🔻 CLOSING WLFI-USD (Atomic Smart Close)...
23:14:06 [INFO] Lighter: Found 4 open positions
23:14:06 [ERROR] ❌ Lighter close failed for WLFI-USD: '<' not supported between instances of 'float' and 'str'
23:14:06 [ERROR] ❌ ABBRUCH: Lighter close für WLFI-USD fehlgeschlagen!
23:14:06 [ERROR] ⚠️ X10 wird NICHT geschlossen - MANUELLE INTERVENTION ERFORDERLICH!
23:14:06 [DEBUG] MAX_OPEN_TRADES (3) reached, waiting...
23:14:07 [DEBUG] Fetching fresh positions (force=False, cache_age=5.9s)
23:14:07 [DEBUG] Sending GET https://api.starknet.extended.exchange/api/v1/user/positions?
23:14:07 [INFO] Lighter: Found 4 open positions
23:14:07 [INFO] 📊 Positions: X10=4, Lighter=4
23:14:07 [DEBUG] X10 positions: ['OP-USD', 'WLFI-USD', 'AAVE-USD', 'UNI-USD']
23:14:07 [DEBUG] Lighter positions: ['AAVE-USD', 'UNI-USD', 'OP-USD', 'WLFI-USD']
23:14:07 [INFO] 🔍 DEBUG UNI-USD: entry_time type=<class 'str'>, value=2025-11-30T22:13:42.814647+00:00
23:14:07 [DEBUG] Check UNI-USD: Age=24.7s (Limit=60s)
23:14:07 [INFO] 🔍 DEBUG AAVE-USD: entry_time type=<class 'str'>, value=2025-11-30T22:13:41.983700+00:00
23:14:07 [DEBUG] Check AAVE-USD: Age=25.6s (Limit=60s)
23:14:07 [INFO] 🔍 DEBUG OP-USD: entry_time type=<class 'str'>, value=2025-11-30T22:13:39.006298+00:00
23:14:07 [DEBUG] Check OP-USD: Age=28.5s (Limit=60s)
23:14:07 [INFO] 🔍 DEBUG WLFI-USD: entry_time type=<class 'str'>, value=2025-11-30T22:13:39.760932+00:00
23:14:07 [DEBUG] Check WLFI-USD: Age=27.8s (Limit=60s)
23:14:07 [INFO] 🚜 [FARM] Profit Take WLFI-USD: Age=27s, Spread=0.036% (sehr niedrig), PnL=$0.00
23:14:07 [INFO]  💸 EXIT WLFI-USD: FARM_QUICK_PROFIT | PnL $0.00 (Fees: $0.00)
23:14:07 [INFO]  🔻 CLOSING WLFI-USD (Atomic Smart Close)...
23:14:07 [INFO] Lighter: Found 4 open positions
23:14:07 [ERROR] ❌ Lighter close failed for WLFI-USD: '<' not supported between instances of 'float' and 'str'
23:14:07 [ERROR] ❌ ABBRUCH: Lighter close für WLFI-USD fehlgeschlagen!
23:14:07 [ERROR] ⚠️ X10 wird NICHT geschlossen - MANUELLE INTERVENTION ERFORDERLICH!
23:14:08 [DEBUG] 💓 [lighter] Ping/Pong OK
23:14:08 [WARNING] [x10] Connection closed: 1011 Ping timeout
23:14:08 [ERROR] [x10] Send error: received 1011 (internal error) Ping timeout; then sent 1011 (internal error) Ping timeout
23:14:08 [DEBUG] 💓 [x10] App-Ping sent
23:14:08 [INFO] 🔄 [x10] Reconnecting in 1.0s (attempt 1)
23:14:08 [DEBUG] ✅ S-USD: X10=$79,375, Lighter=$7,295,606, Total=$7,374,980
23:14:08 [DEBUG] Using cached positions (age: 1.9s)
23:14:08 [INFO] 🔍 DEBUG UNI-USD: entry_time type=<class 'str'>, value=2025-11-30T22:13:42.814647+00:00
23:14:08 [DEBUG] Check UNI-USD: Age=26.1s (Limit=60s)
23:14:08 [INFO] 🔍 DEBUG AAVE-USD: entry_time type=<class 'str'>, value=2025-11-30T22:13:41.983700+00:00
23:14:08 [DEBUG] Check AAVE-USD: Age=27.0s (Limit=60s)
23:14:08 [INFO] 🔍 DEBUG OP-USD: entry_time type=<class 'str'>, value=2025-11-30T22:13:39.006298+00:00
23:14:08 [DEBUG] Check OP-USD: Age=30.0s (Limit=60s)
23:14:08 [INFO] 🔍 DEBUG WLFI-USD: entry_time type=<class 'str'>, value=2025-11-30T22:13:39.760932+00:00
23:14:08 [DEBUG] Check WLFI-USD: Age=29.2s (Limit=60s)
23:14:08 [INFO] 🚜 [FARM] Profit Take WLFI-USD: Age=29s, Spread=0.036% (sehr niedrig), PnL=$0.00
23:14:08 [INFO]  💸 EXIT WLFI-USD: FARM_QUICK_PROFIT | PnL $0.00 (Fees: $0.00)
23:14:08 [INFO]  🔻 CLOSING WLFI-USD (Atomic Smart Close)...
23:14:09 [INFO] Lighter: Found 4 open positions
23:14:09 [ERROR] ❌ Lighter close failed for WLFI-USD: '<' not supported between instances of 'float' and 'str'
23:14:09 [ERROR] ❌ ABBRUCH: Lighter close für WLFI-USD fehlgeschlagen!
23:14:09 [ERROR] ⚠️ X10 wird NICHT geschlossen - MANUELLE INTERVENTION ERFORDERLICH!
23:14:09 [DEBUG] MAX_OPEN_TRADES (3) reached, waiting...
23:14:10 [DEBUG] Using cached positions (age: 3.3s)
23:14:10 [INFO] 🔍 DEBUG UNI-USD: entry_time type=<class 'str'>, value=2025-11-30T22:13:42.814647+00:00
23:14:10 [DEBUG] Check UNI-USD: Age=27.6s (Limit=60s)
23:14:10 [INFO] 🔍 DEBUG AAVE-USD: entry_time type=<class 'str'>, value=2025-11-30T22:13:41.983700+00:00
23:14:10 [DEBUG] Check AAVE-USD: Age=28.4s (Limit=60s)
23:14:10 [INFO] 🔍 DEBUG OP-USD: entry_time type=<class 'str'>, value=2025-11-30T22:13:39.006298+00:00
23:14:10 [DEBUG] Check OP-USD: Age=31.4s (Limit=60s)
23:14:10 [INFO] 🔍 DEBUG WLFI-USD: entry_time type=<class 'str'>, value=2025-11-30T22:13:39.760932+00:00
23:14:10 [DEBUG] Check WLFI-USD: Age=30.6s (Limit=60s)
23:14:10 [INFO] 🚜 [FARM] Profit Take WLFI-USD: Age=30s, Spread=0.036% (sehr niedrig), PnL=$0.00
23:14:10 [INFO]  💸 EXIT WLFI-USD: FARM_QUICK_PROFIT | PnL $0.00 (Fees: $0.00)
23:14:10 [INFO]  🔻 CLOSING WLFI-USD (Atomic Smart Close)...
23:14:10 [INFO] ✅ [x10] Connected to wss://api.starknet.extended.exchange/stream.extended.exchange/v1/account
23:14:10 [DEBUG] [x10] Subscribed to funding/MEGA/USD
23:14:10 [INFO] Lighter: Found 4 open positions
23:14:10 [ERROR] ❌ Lighter close failed for WLFI-USD: '<' not supported between instances of 'float' and 'str'
23:14:10 [ERROR] ❌ ABBRUCH: Lighter close für WLFI-USD fehlgeschlagen!
23:14:10 [ERROR] ⚠️ X10 wird NICHT geschlossen - MANUELLE INTERVENTION ERFORDERLICH!
23:14:10 [WARNING] 🛑 Received SIGINT, initiating graceful shutdown...
23:14:10 [INFO] 🛑 Shutting down...
23:14:10 [INFO] 🛑 Initiating graceful shutdown...
23:14:10 [INFO] 🔍 Supervisor loop stopped
23:14:10 [INFO] 🛑 Cancelling logic_loop...
23:14:10 [INFO] 🛑 Cancelling trade_management_loop...
23:14:10 [INFO] 🛑 Cancelling farm_loop...
23:14:10 [INFO] 🛑 Cancelling maintenance_loop...
23:14:10 [INFO] 🛑 Cancelling cleanup_finished_tasks...
23:14:10 [INFO] 🛑 Cancelling health_reporter...
23:14:10 [INFO] 🛑 Cancelling connection_watchdog...
23:14:10 [INFO] Logic loop cancelled
23:14:10 [INFO] Connection watchdog cancelled
23:14:10 [INFO] ✅ All tasks stopped
23:14:10 [INFO] 🛑 Rollback processor: Shutdown signal received
23:14:10 [INFO] ✅ ParallelExecutionManager: Stopped
23:14:12 [DEBUG] ✅ APEX-USD: X10=$67,568, Lighter=$1,316,926, Total=$1,384,494
23:14:15 [INFO] 🔌 [x10] WebSocket stopped
23:14:15 [INFO] 🔌 [lighter] WebSocket stopped
23:14:15 [INFO] ✅ WebSocketManager stopped
23:14:15 [INFO] ✅ OpenInterestTracker stopped
23:14:15 [INFO] 🛑 Stopping InMemoryStateManager...
23:14:15 [INFO] 📝 State writer loop stopped
23:14:15 [INFO] ✅ InMemoryStateManager stopped
23:14:15 [INFO] 🔒 Closing database...
23:14:15 [INFO] 🖊️ Database write loop stopped
23:14:15 [INFO] ✅ Database closed
23:14:15 [INFO] ✅ X10 Adapter geschlossen.
23:14:15 [INFO] ✅ Lighter Adapter closed
23:14:15 [INFO] ✅ Bot V5 shutdown complete
