17:44:52 [INFO]  CONFIG VALIDIERUNG abgeschlossen.
17:44:52 [INFO] 🔥 BOT V5 (Architected) STARTING...
17:44:52 [INFO] 🚀 Starting InMemoryStateManager...
17:44:52 [INFO] 📂 Initializing database: data/trades.db
17:44:52 [INFO] ✅ Read pool created: 5 connections
17:44:52 [INFO] ✅ WAL mode enabled
17:44:52 [INFO] 🔄 Running database migrations...
17:44:52 [INFO] ✅ Migrations complete (11 statements)
17:44:52 [INFO] ✅ Database initialized
17:44:52 [INFO] 🖊️ Database write loop started
17:44:52 [INFO] 📂 Loaded 2 trades from database
17:44:52 [INFO] ✅ InMemoryStateManager started (loaded 2 trades)
17:44:52 [INFO] ✅ State Manager started
17:44:52 [INFO]  Telegram Bot disabled (Token/ChatID missing).
17:44:52 [INFO] ✅ Async database initialized
17:44:52 [INFO] 📝 State writer loop started
17:44:52 [DEBUG] ✅ Database schema up to date
17:44:52 [INFO] Initialisiere X10 Adapter...
17:44:52 [INFO]  X10 Account initialisiert.
17:44:52 [INFO] Initialisiere Lighter Adapter...
17:44:52 [INFO] 📊 Loading Market Data via REST...
17:44:52 [DEBUG] Sending GET https://api.starknet.extended.exchange/api/v1/info/markets?
17:44:53 [WARNING] ⚠️ Skipping ETH-USD: market_id=None (parsed=-1) invalid or >254
17:44:53 [INFO] ✅ Lighter: Loaded 115 markets (base data)
17:44:53 [DEBUG] Starting new HTTPS connection (1): mainnet.zklighter.elliot.ai:443
17:44:54 [DEBUG] https://mainnet.zklighter.elliot.ai:443 "GET /api/v1/nextNonce?account_index=60113&api_key_index=3 HTTP/1.1" 200 25
17:44:54 [INFO]  X10: 91 Märkte geladen, 91 Funding Rates, 78 Preise
17:44:56 [INFO] ✅ Lighter: Updated 115 markets with size_decimals from API
17:44:56 [INFO] 📊 MARKET ADA-USD: size_decimals=1, price_decimals=5, min_base_amount=10.0
17:44:56 [INFO] 📊 MARKET SEI-USD: size_decimals=1, price_decimals=5, min_base_amount=50.0
17:44:56 [INFO] 📊 MARKET RESOLV-USD: size_decimals=0, price_decimals=6, min_base_amount=40.0
17:44:56 [INFO] 📊 MARKET TIA-USD: size_decimals=1, price_decimals=5, min_base_amount=3.0
17:44:56 [INFO] ✅ Markets loaded: X10=91, Lighter=115
17:44:56 [INFO] 📈 Pre-loading Lighter prices...
17:44:56 [DEBUG] Lighter: Loaded 379 funding rates
17:44:57 [DEBUG] Lighter: Loaded 115 prices via REST
17:44:57 [INFO] ✅ Lighter prices loaded: 115 symbols
17:44:57 [INFO] FundingPredictorV2 initialized with BTC Correlation
17:44:57 [INFO] 启动 OI Tracker für 67 Symbole...
17:44:57 [INFO] ✅ OpenInterestTracker started (interval=30.0s)
17:44:57 [INFO] 🌐 Starting WebSocket Manager...
17:44:57 [INFO] 📊 OI Tracker: Starting cycle 1 (67 symbols)
17:44:57 [INFO] 🔌 [lighter] WebSocket manager started
17:44:57 [INFO] 🔌 [x10] WebSocket manager started
17:44:57 [INFO] 🔌 [lighter] Connecting with kwargs: {'close_timeout': 5.0, 'max_size': 4194304, 'ping_interval': 20.0, 'ping_timeout': 10.0}
17:44:57 [INFO] 🔌 [x10] Connecting with kwargs: {'close_timeout': 5.0, 'max_size': 4194304, 'ping_interval': 300.0, 'ping_timeout': 30.0, 'additional_headers': {'X-Api-Key': 'a1c9207f79f0e57ddc454bf1e16dbe49', 'User-Agent': 'X10PythonTradingClient/0.4.5'}}
17:44:57 [INFO] ✅ WebSocketManager started
17:44:58 [DEBUG] ✅ ZORA-USD: X10=$226,619, Lighter=$24,697,188, Total=$24,923,807
17:44:58 [INFO] ✅ [lighter] Connected to wss://mainnet.zklighter.elliot.ai/stream
17:44:58 [DEBUG] ✅ [lighter] WebSocket library will auto-respond to server pings
17:44:58 [INFO] [lighter] Resubscribing to 73 channels (paced)...
17:44:58 [DEBUG] 💓 [lighter] Heartbeat monitor started (server handles ping/pong)
17:44:58 [DEBUG] [lighter] Subscribed to order_book/46
17:44:58 [DEBUG] [lighter] Subscribed to trade/46
17:44:58 [INFO] ✅ [x10] Connected to wss://api.starknet.extended.exchange/stream.extended.exchange/v1/account
17:44:58 [DEBUG] ✅ [x10] WebSocket library will auto-respond to server pings
17:44:58 [DEBUG] 💓 [x10] Heartbeat monitor started (server handles ping/pong)
17:44:58 [DEBUG] [lighter] Subscribed to order_book/9
17:44:58 [DEBUG] [lighter] Subscribed to trade/9
17:44:58 [DEBUG] [lighter] Subscribed to order_book/43
17:44:58 [DEBUG] [lighter] Subscribed to trade/43
17:44:58 [DEBUG] [lighter] Subscribed to order_book/71
17:44:58 [DEBUG] [lighter] Subscribed to trade/71
17:44:58 [DEBUG] [lighter] Subscribed to order_book/13
17:44:58 [DEBUG] [lighter] Subscribed to trade/13
17:44:58 [DEBUG] [lighter] Subscribed to order_book/18
17:44:58 [DEBUG] [lighter] Subscribed to trade/18
17:44:58 [DEBUG] [lighter] Subscribed to order_book/1
17:44:58 [DEBUG] [lighter] Subscribed to trade/1
17:44:58 [DEBUG] [lighter] Subscribed to order_book/38
17:44:58 [DEBUG] [lighter] Subscribed to trade/38
17:44:58 [DEBUG] [lighter] Subscribed to order_book/21
17:44:58 [DEBUG] [lighter] Subscribed to trade/21
17:44:58 [DEBUG] [lighter] Subscribed to order_book/103
17:44:58 [DEBUG] [lighter] Subscribed to trade/103
17:44:58 [DEBUG] [lighter] Subscribed to order_book/90
17:44:58 [DEBUG] [lighter] Subscribed to trade/90
17:44:58 [DEBUG] [lighter] Subscribed to order_book/72
17:44:58 [DEBUG] [lighter] Subscribed to trade/72
17:44:58 [DEBUG] [lighter] Subscribed to order_book/7
17:44:58 [DEBUG] [lighter] Subscribed to trade/7
17:44:58 [DEBUG] [lighter] Subscribed to order_book/17
17:44:58 [DEBUG] [lighter] Subscribed to trade/17
17:44:58 [DEBUG] [lighter] Subscribed to order_book/25
17:44:58 [DEBUG] [lighter] Subscribed to trade/25
17:44:58 [DEBUG] [lighter] Subscribed to order_book/98
17:44:58 [DEBUG] [lighter] Subscribed to trade/98
17:44:58 [DEBUG] [lighter] Subscribed to order_book/55
17:44:58 [DEBUG] [lighter] Subscribed to trade/55
17:44:58 [DEBUG] [lighter] Subscribed to order_book/83
17:44:58 [DEBUG] [lighter] Subscribed to trade/83
17:44:58 [DEBUG] [lighter] Subscribed to order_book/23
17:44:58 [DEBUG] [lighter] Subscribed to trade/23
17:44:59 [DEBUG] [lighter] Subscribed to order_book/31
17:44:59 [DEBUG] [lighter] Subscribed to trade/31
17:44:59 [DEBUG] [lighter] Subscribed to order_book/50
17:44:59 [DEBUG] [lighter] Subscribed to trade/50
17:44:59 [DEBUG] [lighter] Subscribed to order_book/10
17:44:59 [DEBUG] [lighter] Subscribed to trade/10
17:44:59 [DEBUG] [lighter] Subscribed to order_book/41
17:44:59 [DEBUG] [lighter] Subscribed to trade/41
17:44:59 [DEBUG] [lighter] Subscribed to order_book/33
17:44:59 [DEBUG] [lighter] Subscribed to trade/33
17:44:59 [DEBUG] [lighter] Subscribed to order_book/29
17:44:59 [DEBUG] [lighter] Subscribed to trade/29
17:44:59 [DEBUG] [lighter] Subscribed to order_book/93
17:44:59 [DEBUG] [lighter] Subscribed to trade/93
17:44:59 [DEBUG] [lighter] Subscribed to order_book/6
17:44:59 [DEBUG] [lighter] Subscribed to trade/6
17:44:59 [DEBUG] [lighter] Subscribed to order_book/42
17:44:59 [DEBUG] [lighter] Subscribed to trade/42
17:44:59 [DEBUG] [lighter] Subscribed to order_book/20
17:44:59 [DEBUG] [lighter] Subscribed to trade/20
17:44:59 [DEBUG] [lighter] Subscribed to order_book/49
17:44:59 [DEBUG] [lighter] Subscribed to trade/49
17:44:59 [DEBUG] [lighter] Subscribed to order_book/36
17:44:59 [DEBUG] [lighter] Subscribed to trade/36
17:44:59 [INFO] [x10] Subscribing to 134 channels (very slow)...
17:44:59 [DEBUG] [x10] Subscribed to publicTrades/ZORA/USD
17:44:59 [DEBUG] [x10] Subscribed to funding/ZORA/USD
17:44:59 [DEBUG] [x10] Subscribed to publicTrades/STRK/USD
17:44:59 [DEBUG] [x10] Subscribed to funding/STRK/USD
17:45:00 [DEBUG] [x10] Subscribed to publicTrades/PENGU/USD
17:45:00 [DEBUG] [x10] Subscribed to funding/PENGU/USD
17:45:00 [DEBUG] [x10] Subscribed to publicTrades/DOGE/USD
17:45:00 [DEBUG] [x10] Subscribed to funding/DOGE/USD
17:45:01 [DEBUG] [x10] Subscribed to publicTrades/HYPE/USD
17:45:01 [DEBUG] [x10] Subscribed to funding/HYPE/USD
17:45:01 [DEBUG] ✅ STRK-USD: X10=$202,379, Lighter=$5,294,436, Total=$5,496,816
17:45:01 [DEBUG] [x10] Subscribed to publicTrades/PENDLE/USD
17:45:01 [DEBUG] [x10] Subscribed to funding/PENDLE/USD
17:45:02 [DEBUG] [x10] Subscribed to publicTrades/ZRO/USD
17:45:02 [DEBUG] [x10] Subscribed to funding/ZRO/USD
17:45:02 [DEBUG] [x10] Subscribed to publicTrades/SOL/USD
17:45:02 [DEBUG] [x10] Subscribed to funding/SOL/USD
17:45:03 [DEBUG] [x10] Subscribed to publicTrades/AVNT/USD
17:45:03 [DEBUG] [x10] Subscribed to funding/AVNT/USD
17:45:03 [DEBUG] [x10] Subscribed to publicTrades/JUP/USD
17:45:03 [DEBUG] [x10] Subscribed to funding/JUP/USD
17:45:04 [DEBUG] [x10] Subscribed to publicTrades/BCH/USD
17:45:04 [DEBUG] [x10] Subscribed to funding/BCH/USD
17:45:04 [DEBUG] [x10] Subscribed to publicTrades/S/USD
17:45:04 [DEBUG] [x10] Subscribed to funding/S/USD
17:45:05 [DEBUG] [x10] Subscribed to publicTrades/LTC/USD
17:45:05 [DEBUG] [x10] Subscribed to funding/LTC/USD
17:45:05 [DEBUG] ✅ PENGU-USD: X10=$229,210, Lighter=$78,036,347, Total=$78,265,557
17:45:05 [DEBUG] [x10] Subscribed to publicTrades/PUMP/USD
17:45:05 [DEBUG] [x10] Subscribed to funding/PUMP/USD
17:45:06 [DEBUG] [x10] Subscribed to publicTrades/MON/USD
17:45:06 [DEBUG] [x10] Subscribed to funding/MON/USD
17:45:06 [DEBUG] [x10] Subscribed to publicTrades/GRASS/USD
17:45:06 [DEBUG] [x10] Subscribed to funding/GRASS/USD
17:45:07 [DEBUG] [x10] Subscribed to publicTrades/LINK/USD
17:45:07 [DEBUG] [x10] Subscribed to funding/LINK/USD
17:45:07 [DEBUG] [x10] Subscribed to publicTrades/SUI/USD
17:45:07 [DEBUG] [x10] Subscribed to funding/SUI/USD
17:45:08 [DEBUG] [x10] Subscribed to publicTrades/UNI/USD
17:45:08 [DEBUG] [x10] Subscribed to funding/UNI/USD
17:45:08 [DEBUG] 💓 [x10] Alive (uptime=10s, last_msg=10s ago)
17:45:08 [DEBUG] [x10] Subscribed to publicTrades/EDEN/USD
17:45:08 [DEBUG] [x10] Subscribed to funding/EDEN/USD
17:45:09 [DEBUG] ✅ DOGE-USD: X10=$267,442, Lighter=$17,978,683, Total=$18,246,125
17:45:09 [DEBUG] [x10] Subscribed to publicTrades/RESOLV/USD
17:45:09 [DEBUG] [x10] Subscribed to funding/RESOLV/USD
17:45:09 [DEBUG] [x10] Subscribed to publicTrades/SEI/USD
17:45:09 [DEBUG] [x10] Subscribed to funding/SEI/USD
17:45:10 [DEBUG] [x10] Subscribed to publicTrades/TON/USD
17:45:10 [DEBUG] [x10] Subscribed to funding/TON/USD
17:45:10 [DEBUG] [x10] Subscribed to publicTrades/MKR/USD
17:45:10 [DEBUG] [x10] Subscribed to funding/MKR/USD
17:45:11 [DEBUG] [x10] Subscribed to publicTrades/XAU/USD
17:45:11 [DEBUG] [x10] Subscribed to funding/XAU/USD
17:45:11 [DEBUG] [x10] Subscribed to publicTrades/WIF/USD
17:45:11 [DEBUG] [x10] Subscribed to funding/WIF/USD
17:45:12 [DEBUG] [x10] Subscribed to publicTrades/TIA/USD
17:45:12 [DEBUG] [x10] Subscribed to funding/TIA/USD
17:45:12 [DEBUG] [x10] Subscribed to publicTrades/MNT/USD
17:45:12 [DEBUG] [x10] Subscribed to funding/MNT/USD
17:45:13 [DEBUG] ✅ HYPE-USD: X10=$5,273,853, Lighter=$1,401,109, Total=$6,674,963
17:45:13 [DEBUG] [x10] Subscribed to publicTrades/DOT/USD
17:45:13 [DEBUG] [x10] Subscribed to funding/DOT/USD
17:45:13 [DEBUG] [x10] Subscribed to publicTrades/LINEA/USD
17:45:13 [DEBUG] [x10] Subscribed to funding/LINEA/USD
17:45:14 [DEBUG] [x10] Subscribed to publicTrades/1000PEPE/USD
17:45:14 [DEBUG] [x10] Subscribed to funding/1000PEPE/USD
17:45:14 [DEBUG] [x10] Subscribed to publicTrades/APEX/USD
17:45:14 [DEBUG] [x10] Subscribed to funding/APEX/USD
17:45:15 [DEBUG] [x10] Subscribed to publicTrades/AAVE/USD
17:45:15 [DEBUG] [x10] Subscribed to funding/AAVE/USD
17:45:15 [DEBUG] [x10] Subscribed to publicTrades/IP/USD
17:45:15 [DEBUG] [x10] Subscribed to funding/IP/USD
17:45:16 [DEBUG] [x10] Subscribed to publicTrades/ADA/USD
17:45:16 [DEBUG] [x10] Subscribed to funding/ADA/USD
17:45:16 [INFO] [lighter] Resubscribed to 73 channels
17:45:16 [DEBUG] [x10] Subscribed to publicTrades/TRUMP/USD
17:45:16 [DEBUG] [x10] Subscribed to funding/TRUMP/USD
17:45:18 [DEBUG] 💓 [x10] Alive (uptime=20s, last_msg=20s ago)
17:45:18 [DEBUG] 💓 [lighter] Ping/Pong OK
17:45:18 [DEBUG] 💓 [lighter] Alive (uptime=20s, last_msg=0s ago)
17:45:18 [DEBUG] ✅ PENDLE-USD: X10=$107,293, Lighter=$1,193,639, Total=$1,300,933
17:45:22 [ERROR] [x10] Subscription error: received 1011 (internal error) Ping timeout; then sent 1011 (internal error) Ping timeout
17:45:22 [WARNING] [x10] Connection closed: 1011 Ping timeout
17:45:22 [ERROR] [x10] Subscription error: received 1011 (internal error) Ping timeout; then sent 1011 (internal error) Ping timeout
17:45:22 [INFO] 🔄 [x10] Reconnecting in 1.0s (attempt 1)
17:45:22 [DEBUG] ✅ ZRO-USD: X10=$68,303, Lighter=$487,556, Total=$555,859
17:45:23 [INFO] 🔌 [x10] Connecting with kwargs: {'close_timeout': 5.0, 'max_size': 4194304, 'ping_interval': 300.0, 'ping_timeout': 30.0, 'additional_headers': {'X-Api-Key': 'a1c9207f79f0e57ddc454bf1e16dbe49', 'User-Agent': 'X10PythonTradingClient/0.4.5'}}
17:45:24 [INFO] ✅ [x10] Connected to wss://api.starknet.extended.exchange/stream.extended.exchange/v1/account
17:45:24 [DEBUG] ✅ [x10] WebSocket library will auto-respond to server pings
17:45:24 [INFO] [x10] Resubscribing to 80 channels (paced)...
17:45:24 [DEBUG] 💓 [x10] Heartbeat monitor started (server handles ping/pong)
17:45:24 [DEBUG] [x10] Subscribed to publicTrades/TAO/USD
17:45:24 [DEBUG] [x10] Subscribed to funding/TAO/USD
17:45:24 [DEBUG] [x10] Subscribed to publicTrades/1000BONK/USD
17:45:24 [DEBUG] [x10] Subscribed to funding/1000BONK/USD
17:45:25 [DEBUG] [x10] Subscribed to publicTrades/BTC/USD
17:45:25 [DEBUG] [x10] Subscribed to funding/BTC/USD
17:45:25 [DEBUG] [x10] Subscribed to publicTrades/ONDO/USD
17:45:25 [DEBUG] [x10] Subscribed to funding/ONDO/USD
17:45:26 [DEBUG] [x10] Subscribed to publicTrades/FARTCOIN/USD
17:45:26 [DEBUG] [x10] Subscribed to funding/FARTCOIN/USD
17:45:26 [DEBUG] ✅ SOL-USD: X10=$4,545,006, Lighter=$396,923, Total=$4,941,929
17:45:26 [DEBUG] [x10] Subscribed to publicTrades/FIL/USD
17:45:26 [DEBUG] [x10] Subscribed to funding/FIL/USD
17:45:27 [DEBUG] [x10] Subscribed to publicTrades/ZEC/USD
17:45:27 [DEBUG] [x10] Subscribed to funding/ZEC/USD
17:45:27 [DEBUG] [x10] Subscribed to publicTrades/WLFI/USD
17:45:27 [DEBUG] [x10] Subscribed to funding/WLFI/USD
17:45:28 [DEBUG] [x10] Subscribed to publicTrades/XRP/USD
17:45:28 [DEBUG] [x10] Subscribed to funding/XRP/USD
17:45:28 [DEBUG] [x10] Subscribed to publicTrades/1000SHIB/USD
17:45:28 [DEBUG] [x10] Subscribed to funding/1000SHIB/USD
17:45:29 [DEBUG] [x10] Subscribed to publicTrades/BNB/USD
17:45:29 [DEBUG] [x10] Subscribed to funding/BNB/USD
17:45:29 [DEBUG] [x10] Subscribed to publicTrades/USDJPY/USD
17:45:29 [DEBUG] [x10] Subscribed to funding/USDJPY/USD
17:45:30 [DEBUG] ✅ AVNT-USD: X10=$70,209, Lighter=$1,735,428, Total=$1,805,637
17:45:30 [DEBUG] [x10] Subscribed to publicTrades/OP/USD
17:45:30 [DEBUG] [x10] Subscribed to funding/OP/USD
17:45:30 [DEBUG] [x10] Subscribed to publicTrades/ASTER/USD
17:45:30 [DEBUG] [x10] Subscribed to funding/ASTER/USD
17:45:31 [DEBUG] [x10] Subscribed to publicTrades/POPCAT/USD
17:45:31 [DEBUG] [x10] Subscribed to funding/POPCAT/USD
17:45:31 [DEBUG] [x10] Subscribed to publicTrades/APT/USD
17:45:31 [DEBUG] [x10] Subscribed to funding/APT/USD
17:45:32 [DEBUG] [x10] Subscribed to publicTrades/ARB/USD
17:45:32 [DEBUG] [x10] Subscribed to funding/ARB/USD
17:45:32 [DEBUG] [x10] Subscribed to publicTrades/NEAR/USD
17:45:32 [DEBUG] [x10] Subscribed to funding/NEAR/USD
17:45:33 [DEBUG] [x10] Subscribed to publicTrades/VIRTUAL/USD
17:45:33 [DEBUG] [x10] Subscribed to funding/VIRTUAL/USD
17:45:33 [DEBUG] [x10] Subscribed to publicTrades/KAITO/USD
17:45:33 [DEBUG] [x10] Subscribed to funding/KAITO/USD
17:45:33 [DEBUG] ✅ JUP-USD: X10=$243,374, Lighter=$3,574,332, Total=$3,817,706
17:45:34 [INFO] 📝 State writer loop stopped
17:45:34 [INFO] 🖊️ Database write loop stopped
