20:53:28 [INFO]  CONFIG VALIDIERUNG abgeschlossen.
20:53:28 [INFO] 🔥 BOT V5 (Architected) STARTING...
20:53:28 [INFO] 🚀 Starting InMemoryStateManager...
20:53:28 [INFO] 📂 Initializing database: data/trades.db
20:53:28 [INFO] ✅ Read pool created: 5 connections
20:53:28 [INFO] ✅ WAL mode enabled
20:53:28 [INFO] 🔄 Running database migrations...
20:53:28 [INFO] ✅ Migrations complete (11 statements)
20:53:28 [INFO] ✅ Database initialized
20:53:28 [INFO] 🖊️ Database write loop started
20:53:28 [INFO] 📂 Loaded 0 trades from database
20:53:28 [INFO] ✅ InMemoryStateManager started (loaded 0 trades)
20:53:28 [INFO] ✅ State Manager started
20:53:28 [INFO]  Telegram Bot disabled (Token/ChatID missing).
20:53:28 [INFO] ✅ Async database initialized
20:53:28 [INFO] 📝 State writer loop started
20:53:28 [DEBUG] ✅ Database schema up to date
20:53:28 [INFO] Initialisiere X10 Adapter...
20:53:28 [INFO]  X10 Account initialisiert.
20:53:28 [INFO] Initialisiere Lighter Adapter...
20:53:28 [INFO] 📊 Loading Market Data via REST...
20:53:28 [DEBUG] Sending GET https://api.starknet.extended.exchange/api/v1/info/markets?
20:53:30 [WARNING] ⚠️ Skipping ETH-USD: market_id=None (parsed=-1) invalid or >254
20:53:30 [INFO] ✅ Lighter: Loaded 115 markets (base data)
20:53:30 [DEBUG] Starting new HTTPS connection (1): mainnet.zklighter.elliot.ai:443
20:53:31 [DEBUG] https://mainnet.zklighter.elliot.ai:443 "GET /api/v1/nextNonce?account_index=60113&api_key_index=3 HTTP/1.1" 200 25
20:53:31 [INFO]  X10: 91 Märkte geladen, 91 Funding Rates, 78 Preise
20:53:32 [INFO] ✅ Lighter: Updated 115 markets with size_decimals from API
20:53:32 [INFO] 📊 MARKET ADA-USD: size_decimals=1, price_decimals=5, min_base_amount=10.0
20:53:32 [INFO] 📊 MARKET SEI-USD: size_decimals=1, price_decimals=5, min_base_amount=50.0
20:53:32 [INFO] 📊 MARKET RESOLV-USD: size_decimals=0, price_decimals=6, min_base_amount=40.0
20:53:32 [INFO] 📊 MARKET TIA-USD: size_decimals=1, price_decimals=5, min_base_amount=3.0
20:53:32 [INFO] ✅ Markets loaded: X10=91, Lighter=115
20:53:32 [INFO] 📈 Pre-loading Lighter prices...
20:53:33 [DEBUG] Lighter: Loaded 379 funding rates
20:53:33 [DEBUG] Lighter: Loaded 115 prices via REST
20:53:33 [INFO] ✅ Lighter prices loaded: 115 symbols
20:53:33 [INFO] FundingPredictorV2 initialized with BTC Correlation
20:53:33 [INFO] 启动 OI Tracker für 67 Symbole...
20:53:33 [INFO] ✅ OpenInterestTracker started (interval=30.0s)
20:53:33 [INFO] 🌐 Starting WebSocket Manager...
20:53:33 [INFO] 📊 OI Tracker: Starting cycle 1 (67 symbols)
20:53:33 [INFO] 🔌 [lighter] WebSocket manager started
20:53:33 [INFO] 🔌 [x10] WebSocket manager started
20:53:33 [INFO] ✅ WebSocketManager started
20:53:34 [DEBUG] ✅ STRK-USD: X10=$152,562, Lighter=$6,117,853, Total=$6,270,416
20:53:34 [INFO] ✅ [lighter] Connected to wss://mainnet.zklighter.elliot.ai/stream
20:53:34 [DEBUG] [lighter] Subscribed to order_book/67
20:53:35 [DEBUG] [lighter] Subscribed to order_book/52
20:53:35 [DEBUG] [lighter] Subscribed to trade/52
20:53:35 [DEBUG] [lighter] Subscribed to order_book/89
20:53:35 [DEBUG] [lighter] Subscribed to trade/89
20:53:35 [INFO] ✅ [x10] Connected to wss://api.starknet.extended.exchange/stream.extended.exchange/v1/account
20:53:35 [DEBUG] [lighter] Subscribed to order_book/13
20:53:35 [DEBUG] [lighter] Subscribed to trade/13
20:53:35 [DEBUG] [lighter] Subscribed to order_book/82
20:53:35 [DEBUG] [lighter] Subscribed to trade/82
20:53:35 [DEBUG] [lighter] Subscribed to trade/28
20:53:35 [DEBUG] [lighter] Subscribed to order_book/8
20:53:35 [DEBUG] [lighter] Subscribed to trade/8
20:53:35 [DEBUG] [lighter] Subscribed to order_book/93
20:53:35 [DEBUG] [lighter] Subscribed to trade/93
20:53:35 [DEBUG] [lighter] Subscribed to order_book/33
20:53:35 [DEBUG] [lighter] Subscribed to trade/33
20:53:35 [DEBUG] [lighter] Subscribed to trade/15
20:53:35 [DEBUG] [lighter] Subscribed to order_book/7
20:53:35 [DEBUG] [lighter] Subscribed to trade/7
20:53:35 [DEBUG] [lighter] Subscribed to order_book/12
20:53:35 [DEBUG] [lighter] Subscribed to trade/12
20:53:35 [DEBUG] [lighter] Subscribed to order_book/83
20:53:35 [DEBUG] [lighter] Subscribed to trade/83
20:53:35 [DEBUG] [lighter] Subscribed to order_book/104
20:53:35 [DEBUG] [lighter] Subscribed to order_book/39
20:53:35 [DEBUG] [lighter] Subscribed to trade/39
20:53:35 [DEBUG] [lighter] Subscribed to order_book/2
20:53:35 [DEBUG] [lighter] Subscribed to trade/2
20:53:35 [DEBUG] [lighter] Subscribed to order_book/24
20:53:35 [DEBUG] [lighter] Subscribed to trade/24
20:53:35 [DEBUG] [lighter] Subscribed to order_book/34
20:53:35 [DEBUG] [lighter] Subscribed to trade/34
20:53:35 [DEBUG] [lighter] Subscribed to trade/20
20:53:35 [DEBUG] [lighter] Subscribed to order_book/26
20:53:35 [DEBUG] [lighter] Subscribed to trade/26
20:53:35 [DEBUG] [lighter] Subscribed to order_book/31
20:53:35 [DEBUG] [lighter] Subscribed to trade/31
20:53:35 [DEBUG] [lighter] Subscribed to order_book/45
20:53:35 [DEBUG] [lighter] Subscribed to trade/45
20:53:35 [DEBUG] [lighter] Subscribed to trade/18
20:53:35 [DEBUG] [lighter] Subscribed to order_book/86
20:53:35 [DEBUG] [lighter] Subscribed to trade/86
20:53:35 [DEBUG] [lighter] Subscribed to order_book/50
20:53:35 [DEBUG] [lighter] Subscribed to trade/50
20:53:35 [DEBUG] [lighter] Subscribed to order_book/98
20:53:35 [DEBUG] [lighter] Subscribed to trade/98
20:53:35 [DEBUG] [lighter] Subscribed to order_book/63
20:53:35 [DEBUG] [lighter] Subscribed to trade/63
20:53:35 [DEBUG] [lighter] Subscribed to trade/37
20:53:35 [DEBUG] [lighter] Subscribed to order_book/40
20:53:35 [DEBUG] [lighter] Subscribed to trade/40
20:53:35 [DEBUG] [lighter] Subscribed to order_book/1
20:53:35 [DEBUG] [lighter] Subscribed to trade/1
20:53:35 [DEBUG] [lighter] Subscribed to order_book/41
20:53:35 [DEBUG] [lighter] Subscribed to trade/41
20:53:35 [DEBUG] [lighter] Subscribed to trade/23
20:53:35 [DEBUG] [lighter] Subscribed to order_book/4
20:53:35 [DEBUG] [lighter] Subscribed to trade/4
20:53:35 [DEBUG] [lighter] Subscribed to order_book/11
20:53:35 [DEBUG] [lighter] Subscribed to trade/11
20:53:35 [DEBUG] [lighter] Subscribed to order_book/17
20:53:35 [DEBUG] [lighter] Subscribed to trade/17
20:53:35 [DEBUG] [lighter] Subscribed to order_book/10
20:53:35 [DEBUG] [lighter] Subscribed to trade/10
20:53:35 [DEBUG] [lighter] Subscribed to trade/51
20:53:35 [DEBUG] [lighter] Subscribed to order_book/27
20:53:35 [DEBUG] [lighter] Subscribed to trade/27
20:53:35 [DEBUG] [lighter] Subscribed to order_book/71
20:53:35 [DEBUG] [lighter] Subscribed to trade/71
20:53:35 [DEBUG] [lighter] Subscribed to order_book/29
20:53:35 [DEBUG] [lighter] Subscribed to trade/29
20:53:35 [DEBUG] [lighter] Subscribed to order_book/23
20:53:35 [DEBUG] [lighter] Subscribed to order_book/46
20:53:35 [DEBUG] [lighter] Subscribed to trade/46
20:53:35 [DEBUG] [lighter] Subscribed to order_book/16
20:53:35 [DEBUG] [lighter] Subscribed to trade/16
20:53:35 [DEBUG] [lighter] Subscribed to order_book/43
20:53:35 [DEBUG] [lighter] Subscribed to trade/43
20:53:35 [DEBUG] [lighter] Subscribed to trade/35
20:53:35 [DEBUG] [x10] Subscribed to publicTrades/STRK/USD
20:53:35 [DEBUG] [x10] Subscribed to funding/STRK/USD
20:53:36 [DEBUG] [x10] Subscribed to publicTrades/FARTCOIN/USD
20:53:36 [DEBUG] [x10] Subscribed to funding/FARTCOIN/USD
20:53:36 [DEBUG] [lighter] Subscribed to trade/32
20:53:36 [DEBUG] [x10] Subscribed to publicTrades/CRV/USD
20:53:36 [DEBUG] [x10] Subscribed to funding/CRV/USD
20:53:36 [DEBUG] [x10] Subscribed to publicTrades/EIGEN/USD
20:53:36 [DEBUG] [x10] Subscribed to funding/EIGEN/USD
20:53:36 [DEBUG] [lighter] Subscribed to trade/5
20:53:36 [DEBUG] [x10] Subscribed to publicTrades/PENGU/USD
20:53:36 [DEBUG] [x10] Subscribed to funding/PENGU/USD
20:53:36 [DEBUG] [lighter] Subscribed to order_book/20
20:53:36 [DEBUG] [x10] Subscribed to publicTrades/SPX/USD
20:53:36 [DEBUG] [x10] Subscribed to funding/SPX/USD
20:53:36 [DEBUG] [x10] Subscribed to publicTrades/ONDO/USD
20:53:36 [DEBUG] [x10] Subscribed to funding/ONDO/USD
20:53:36 [DEBUG] [lighter] Subscribed to order_book/36
20:53:36 [DEBUG] [x10] Subscribed to publicTrades/WIF/USD
20:53:36 [DEBUG] [x10] Subscribed to funding/WIF/USD
20:53:36 [DEBUG] [x10] Subscribed to publicTrades/TIA/USD
20:53:36 [DEBUG] [x10] Subscribed to funding/TIA/USD
20:53:36 [DEBUG] [lighter] Subscribed to trade/53
20:53:36 [DEBUG] [x10] Subscribed to publicTrades/DOGE/USD
20:53:36 [DEBUG] [x10] Subscribed to funding/DOGE/USD
20:53:36 [DEBUG] [lighter] Subscribed to trade/60
20:53:36 [DEBUG] [x10] Subscribed to publicTrades/AVAX/USD
20:53:36 [DEBUG] [x10] Subscribed to funding/AVAX/USD
20:53:36 [DEBUG] [x10] Subscribed to publicTrades/ZEC/USD
20:53:36 [DEBUG] [x10] Subscribed to funding/ZEC/USD
20:53:36 [DEBUG] [lighter] Subscribed to trade/36
20:53:36 [DEBUG] [x10] Subscribed to publicTrades/XAU/USD
20:53:36 [DEBUG] [x10] Subscribed to funding/XAU/USD
20:53:36 [DEBUG] [x10] Subscribed to publicTrades/ZORA/USD
20:53:36 [DEBUG] [x10] Subscribed to funding/ZORA/USD
20:53:36 [DEBUG] [lighter] Subscribed to order_book/42
20:53:36 [DEBUG] [x10] Subscribed to publicTrades/PENDLE/USD
20:53:36 [DEBUG] [x10] Subscribed to funding/PENDLE/USD
20:53:36 [DEBUG] [x10] Subscribed to publicTrades/MON/USD
20:53:36 [DEBUG] [x10] Subscribed to funding/MON/USD
20:53:36 [DEBUG] [lighter] Subscribed to order_book/91
20:53:36 [DEBUG] [x10] Subscribed to publicTrades/1000BONK/USD
20:53:36 [DEBUG] [x10] Subscribed to funding/1000BONK/USD
20:53:36 [DEBUG] [lighter] Subscribed to trade/76
20:53:36 [DEBUG] [x10] Subscribed to publicTrades/FIL/USD
20:53:36 [DEBUG] [x10] Subscribed to funding/FIL/USD
20:53:36 [DEBUG] [x10] Subscribed to publicTrades/BERA/USD
20:53:36 [DEBUG] [x10] Subscribed to funding/BERA/USD
20:53:37 [DEBUG] [x10] Subscribed to publicTrades/RESOLV/USD
20:53:37 [DEBUG] [x10] Subscribed to funding/RESOLV/USD
20:53:37 [DEBUG] [lighter] Subscribed to trade/92
20:53:37 [DEBUG] [x10] Subscribed to publicTrades/LTC/USD
20:53:37 [DEBUG] [x10] Subscribed to funding/LTC/USD
20:53:37 [DEBUG] [lighter] Subscribed to order_book/51
20:53:37 [DEBUG] [x10] Subscribed to publicTrades/SEI/USD
20:53:37 [DEBUG] [x10] Subscribed to funding/SEI/USD
20:53:37 [DEBUG] [x10] Subscribed to publicTrades/MKR/USD
20:53:37 [DEBUG] [x10] Subscribed to funding/MKR/USD
20:53:37 [DEBUG] [lighter] Subscribed to order_book/76
20:53:37 [DEBUG] [x10] Subscribed to publicTrades/BNB/USD
20:53:37 [DEBUG] [x10] Subscribed to funding/BNB/USD
20:53:37 [DEBUG] [x10] Subscribed to publicTrades/LINEA/USD
20:53:37 [DEBUG] [x10] Subscribed to funding/LINEA/USD
20:53:37 [DEBUG] [lighter] Subscribed to order_book/60
20:53:37 [DEBUG] [x10] Subscribed to publicTrades/WLD/USD
20:53:37 [DEBUG] [x10] Subscribed to funding/WLD/USD
20:53:37 [DEBUG] [x10] Subscribed to publicTrades/WLFI/USD
20:53:37 [DEBUG] [x10] Subscribed to funding/WLFI/USD
20:53:37 [DEBUG] [lighter] Subscribed to order_book/92
20:53:37 [DEBUG] [x10] Subscribed to publicTrades/TRUMP/USD
20:53:37 [DEBUG] [x10] Subscribed to funding/TRUMP/USD
20:53:37 [DEBUG] [lighter] Subscribed to trade/55
20:53:37 [DEBUG] [x10] Subscribed to publicTrades/OP/USD
20:53:37 [DEBUG] [x10] Subscribed to funding/OP/USD
20:53:37 [DEBUG] [x10] Subscribed to publicTrades/POPCAT/USD
20:53:37 [DEBUG] [x10] Subscribed to funding/POPCAT/USD
20:53:37 [DEBUG] [lighter] Subscribed to trade/67
20:53:37 [DEBUG] [x10] Subscribed to publicTrades/BCH/USD
20:53:37 [DEBUG] [x10] Subscribed to funding/BCH/USD
20:53:37 [DEBUG] [lighter] Subscribed to order_book/47
20:53:37 [DEBUG] [x10] Subscribed to publicTrades/ZRO/USD
20:53:37 [DEBUG] [x10] Subscribed to funding/ZRO/USD
20:53:37 [DEBUG] [x10] Subscribed to publicTrades/UNI/USD
20:53:37 [DEBUG] [x10] Subscribed to funding/UNI/USD
20:53:37 [DEBUG] [lighter] Subscribed to trade/3
20:53:37 [DEBUG] [x10] Subscribed to publicTrades/GRASS/USD
20:53:37 [DEBUG] [x10] Subscribed to funding/GRASS/USD
20:53:37 [DEBUG] [x10] Subscribed to publicTrades/EDEN/USD
20:53:37 [DEBUG] [x10] Subscribed to funding/EDEN/USD
20:53:37 [DEBUG] [lighter] Subscribed to order_book/35
20:53:37 [DEBUG] [x10] Subscribed to publicTrades/TAO/USD
20:53:37 [DEBUG] [x10] Subscribed to funding/TAO/USD
20:53:37 [DEBUG] [x10] Subscribed to publicTrades/AVNT/USD
20:53:37 [DEBUG] [x10] Subscribed to funding/AVNT/USD
20:53:37 [DEBUG] [lighter] Subscribed to order_book/6
20:53:37 [DEBUG] [x10] Subscribed to publicTrades/LINK/USD
20:53:37 [DEBUG] [x10] Subscribed to funding/LINK/USD
20:53:38 [DEBUG] [x10] Subscribed to publicTrades/XAG/USD
20:53:38 [DEBUG] [x10] Subscribed to funding/XAG/USD
20:53:38 [DEBUG] [lighter] Subscribed to trade/21
20:53:38 [DEBUG] [x10] Subscribed to publicTrades/KAITO/USD
20:53:38 [DEBUG] [x10] Subscribed to funding/KAITO/USD
20:53:38 [DEBUG] [x10] Subscribed to publicTrades/XRP/USD
20:53:38 [DEBUG] [x10] Subscribed to funding/XRP/USD
20:53:38 [DEBUG] [lighter] Subscribed to order_book/30
20:53:38 [DEBUG] [x10] Subscribed to publicTrades/TON/USD
20:53:38 [DEBUG] [x10] Subscribed to funding/TON/USD
20:53:38 [DEBUG] [x10] Subscribed to publicTrades/ASTER/USD
20:53:38 [DEBUG] [x10] Subscribed to funding/ASTER/USD
20:53:38 [DEBUG] [lighter] Subscribed to trade/25
20:53:38 [DEBUG] [x10] Subscribed to publicTrades/ADA/USD
20:53:38 [DEBUG] [x10] Subscribed to funding/ADA/USD
20:53:38 [DEBUG] [x10] Subscribed to publicTrades/SOL/USD
20:53:38 [DEBUG] [x10] Subscribed to funding/SOL/USD
20:53:38 [DEBUG] [lighter] Subscribed to trade/58
20:53:38 [DEBUG] [x10] Subscribed to publicTrades/HYPE/USD
20:53:38 [DEBUG] [x10] Subscribed to funding/HYPE/USD
20:53:38 [DEBUG] [x10] Subscribed to publicTrades/IP/USD
20:53:38 [DEBUG] [x10] Subscribed to funding/IP/USD
20:53:38 [DEBUG] [lighter] Subscribed to order_book/38
20:53:38 [DEBUG] [x10] Subscribed to publicTrades/JUP/USD
20:53:38 [DEBUG] [x10] Subscribed to funding/JUP/USD
20:53:38 [DEBUG] ✅ FARTCOIN-USD: X10=$228,842, Lighter=$7,847,920, Total=$8,076,762
20:53:38 [DEBUG] [x10] Subscribed to publicTrades/APT/USD
20:53:38 [DEBUG] [x10] Subscribed to funding/APT/USD
20:53:38 [DEBUG] [lighter] Subscribed to order_book/49
20:53:38 [DEBUG] [x10] Subscribed to publicTrades/PUMP/USD
20:53:38 [DEBUG] [x10] Subscribed to funding/PUMP/USD
20:53:38 [DEBUG] [x10] Subscribed to publicTrades/APEX/USD
20:53:38 [DEBUG] [x10] Subscribed to funding/APEX/USD
20:53:38 [DEBUG] [lighter] Subscribed to trade/42
20:53:38 [DEBUG] [x10] Subscribed to publicTrades/ARB/USD
20:53:38 [DEBUG] [x10] Subscribed to funding/ARB/USD
20:53:38 [DEBUG] [x10] Subscribed to publicTrades/USDJPY/USD
20:53:38 [DEBUG] [x10] Subscribed to funding/USDJPY/USD
20:53:38 [DEBUG] [lighter] Subscribed to order_book/18
20:53:38 [DEBUG] [x10] Subscribed to publicTrades/MNT/USD
20:53:38 [DEBUG] [x10] Subscribed to funding/MNT/USD
20:53:38 [DEBUG] [x10] Subscribed to publicTrades/S/USD
20:53:38 [DEBUG] [x10] Subscribed to funding/S/USD
20:53:38 [DEBUG] [lighter] Subscribed to trade/30
20:53:38 [DEBUG] [x10] Subscribed to publicTrades/BTC/USD
20:53:38 [DEBUG] [x10] Subscribed to funding/BTC/USD
20:53:38 [DEBUG] [x10] Subscribed to publicTrades/VIRTUAL/USD
20:53:38 [DEBUG] [x10] Subscribed to funding/VIRTUAL/USD
20:53:38 [DEBUG] [lighter] Subscribed to market_stats/all
20:53:38 [DEBUG] [x10] Subscribed to publicTrades/1000PEPE/USD
20:53:38 [DEBUG] [x10] Subscribed to funding/1000PEPE/USD
20:53:39 [DEBUG] [x10] Subscribed to publicTrades/DOT/USD
20:53:39 [DEBUG] [x10] Subscribed to funding/DOT/USD
20:53:39 [DEBUG] [lighter] Subscribed to trade/38
20:53:39 [DEBUG] [x10] Subscribed to publicTrades/1000SHIB/USD
20:53:39 [DEBUG] [x10] Subscribed to funding/1000SHIB/USD
20:53:39 [DEBUG] [x10] Subscribed to publicTrades/NEAR/USD
20:53:39 [DEBUG] [x10] Subscribed to funding/NEAR/USD
20:53:39 [DEBUG] [x10] Subscribed to publicTrades/AAVE/USD
20:53:39 [DEBUG] [x10] Subscribed to funding/AAVE/USD
20:53:39 [DEBUG] [lighter] Subscribed to order_book/103
20:53:39 [DEBUG] [x10] Subscribed to publicTrades/XPL/USD
20:53:39 [DEBUG] [x10] Subscribed to funding/XPL/USD
20:53:39 [DEBUG] [x10] Subscribed to publicTrades/ENA/USD
20:53:39 [DEBUG] [x10] Subscribed to funding/ENA/USD
20:53:39 [DEBUG] [lighter] Subscribed to trade/104
20:53:39 [DEBUG] [x10] Subscribed to publicTrades/LDO/USD
20:53:39 [DEBUG] [x10] Subscribed to funding/LDO/USD
20:53:39 [DEBUG] [x10] Subscribed to publicTrades/SUI/USD
20:53:39 [DEBUG] [x10] Subscribed to funding/SUI/USD
20:53:39 [DEBUG] [lighter] Subscribed to trade/9
20:53:39 [DEBUG] [x10] Subscribed to publicTrades/TRX/USD
20:53:39 [DEBUG] [x10] Subscribed to funding/TRX/USD
20:53:39 [INFO] 🔗 Components Wired: WS -> OI Tracker -> Prediction
20:53:39 [INFO] 🧟 Starte Zombie-Check: Vergleiche DB mit echten Positionen...
20:53:39 [INFO] ✅ DB ist sauber (keine offenen Trades).
20:53:39 [INFO] ✅ ParallelExecutionManager: Rollback processor started
20:53:39 [INFO] ✅ ParallelExecutionManager started
20:53:39 [INFO] 📝 Registered task: logic_loop (critical=True)
20:53:39 [INFO] 📝 Registered task: trade_management_loop (critical=True)
20:53:39 [INFO] 📝 Registered task: farm_loop (critical=False)
20:53:39 [INFO] 📝 Registered task: maintenance_loop (critical=False)
20:53:39 [INFO] 📝 Registered task: cleanup_finished_tasks (critical=False)
20:53:39 [INFO] 📝 Registered task: health_reporter (critical=False)
20:53:39 [INFO] 📝 Registered task: connection_watchdog (critical=True)
20:53:39 [INFO] ✅ Signal handlers installed (SIGINT, SIGTERM)
20:53:39 [INFO] ▶️  Started task: logic_loop
20:53:39 [INFO] ▶️  Started task: trade_management_loop
20:53:39 [INFO] ▶️  Started task: farm_loop
20:53:39 [INFO] ▶️  Started task: maintenance_loop
20:53:39 [INFO] ▶️  Started task: cleanup_finished_tasks
20:53:39 [INFO] ▶️  Started task: health_reporter
20:53:39 [INFO] ▶️  Started task: connection_watchdog
20:53:39 [INFO] 🚀 Started 7 tasks
20:53:39 [INFO] ═══════════════════════════════════════════════════════════
20:53:39 [INFO]    BOT V5 RUNNING 24/7 - SUPERVISED | Ctrl+C = Stop   
20:53:39 [INFO] ═══════════════════════════════════════════════════════════
20:53:39 [DEBUG] [lighter] Subscribed to order_book/37
20:53:39 [INFO] 🔄 Rollback processor running...
20:53:39 [INFO] Logic Loop gestartet – REFRESH alle 3s
20:53:39 [INFO] ⚡ Latency Arb Detector initialized (threshold: 1.0s)
20:53:39 [INFO] 🔍 🚜 FARM Scanning 67 pairs. Open symbols to skip: set()
20:53:39 [DEBUG] Price cache status: X10=67/67, Lighter=66/67
20:53:39 [INFO] 🔍 Scanning 67 pairs. Lighter markets: 115, X10 markets: 91
20:53:39 [INFO] 🛡️ Trade Management Loop gestartet
20:53:39 [INFO] 🚜 Farm Mode ACTIVE
20:53:39 [DEBUG] Sending GET https://api.starknet.extended.exchange/api/v1/user/balance
20:53:39 [DEBUG] 📊 X10 Funding Cache refresh (current=91)
20:53:39 [INFO] 🐕 Connection Watchdog gestartet (Timeout: 120s)
20:53:39 [INFO] 🔍 Supervisor loop started
20:53:39 [DEBUG] Sending GET https://api.starknet.extended.exchange/api/v1/info/markets?
20:53:39 [DEBUG] [lighter] Subscribed to order_book/55
20:53:39 [DEBUG] MKR-USD: Missing prices (X=1663.9, L=None)
20:53:39 [DEBUG] [lighter] Subscribed to order_book/15
20:53:39 [DEBUG] [lighter] Subscribed to order_book/21
20:53:39 [INFO] ✅ Found 0 opportunities with predictions (farm_mode=True)
20:53:39 [INFO] ⚠️ Keine Prediction-Opportunities, nutze Fallback mit echten Funding Rates...
20:53:39 [INFO]  Volatility Monitor initialized: Low<3.0%, Normal<10.0%, High<20.0%, Hard Cap<50.0%
20:53:39 [DEBUG] ⛔ Skip SPX-USD: TradFi/FX
20:53:39 [INFO] 🔍 DEBUG ZEC-USD: rl=0.00002800, rx=0.00013100, net=-0.00010300, apy=90.2%
20:53:39 [INFO] 💎 ZEC-USD | APY: 90.2%
20:53:39 [DEBUG] ⛔ Skip XAU-USD: TradFi/FX
20:53:39 [INFO] 🔍 DEBUG BERA-USD: rl=-0.00009100, rx=-0.00002700, net=-0.00006400, apy=56.1%
20:53:39 [INFO] 💎 BERA-USD | APY: 56.1%
20:53:39 [DEBUG] Skip RESOLV-USD: Spread 0.42% too high
20:53:39 [DEBUG] Skip LINEA-USD: Spread 0.39% too high
20:53:39 [INFO] 🔍 DEBUG WLFI-USD: rl=-0.00010700, rx=-0.00002900, net=-0.00007800, apy=68.3%
20:53:39 [INFO] 💎 WLFI-USD | APY: 68.3%
20:53:39 [DEBUG] Skip ZRO-USD: Spread 0.41% too high
20:53:39 [DEBUG] Skip AVNT-USD: Spread 0.42% too high
20:53:39 [DEBUG] ⛔ Skip XAG-USD: TradFi/FX
20:53:39 [INFO] ✅ Found 25 opportunities from 63 valid pairs (farm_mode=True, scanned=67)
20:53:39 [INFO] 🎯 Found 3 opportunities, executing best...
20:53:39 [DEBUG] Sending GET https://api.starknet.extended.exchange/api/v1/user/balance
20:53:39 [DEBUG] [lighter] Subscribed to trade/90
20:53:39 [DEBUG] [lighter] Subscribed to order_book/3
20:53:40 [DEBUG] [lighter] Subscribed to order_book/53
20:53:40 [DEBUG] [lighter] Subscribed to trade/49
20:53:40 [DEBUG] [lighter] Subscribed to order_book/32
20:53:40 [DEBUG] [lighter] Subscribed to trade/91
20:53:40 [DEBUG] [lighter] Subscribed to trade/47
20:53:40 [DEBUG] [lighter] Subscribed to order_book/72
20:53:40 [DEBUG] [lighter] Subscribed to trade/72
20:53:40 [DEBUG] [lighter] Subscribed to order_book/25
20:53:40 [DEBUG] [lighter] Subscribed to trade/6
20:53:40 [DEBUG] [lighter] Subscribed to order_book/5
20:53:40 [DEBUG] [lighter] Subscribed to order_book/58
20:53:41 [DEBUG] [lighter] Subscribed to order_book/28
20:53:41 [DEBUG] [lighter] Subscribed to order_book/9
20:53:41 [DEBUG] [lighter] Subscribed to order_book/90
20:53:41 [DEBUG] Lighter Balance: Raw=$300.53, Safe=$285.50
20:53:41 [INFO] 🚜 Opening FARM: TIA-USD APY=39.4%
20:53:41 [DEBUG] Sending GET https://api.starknet.extended.exchange/api/v1/user/positions?
20:53:41 [DEBUG] [lighter] Subscribed to trade/103
20:53:41 [DEBUG] Lighter Balance: Raw=$300.53, Safe=$285.50
20:53:41 [INFO] X10: Detected balance = $303.02
20:53:41 [INFO] 🚀 Launching 3 trades (Slots available: 3)
20:53:41 [DEBUG] Sending GET https://api.starknet.extended.exchange/api/v1/user/positions?
20:53:41 [INFO]  X10: 91 Märkte geladen, 91 Funding Rates, 82 Preise
20:53:41 [DEBUG] X10: Funding Refresh OK, cache=91
20:53:41 [DEBUG] 📊 Lighter Funding Cache refresh (current=115)
20:53:41 [DEBUG] Lighter: Loaded 379 funding rates
20:53:42 [INFO] Lighter: Found 0 open positions
20:53:42 [INFO] 💰 Balance: X10=$303.0 (free=$300.0), Lit=$285.5 (free=$282.5) | DB_Trades=0, Real_Positions=0, Locked=$0/ex
20:53:42 [INFO] 🚀 Launching trade for ZEC-USD (APY=90.2%)
20:53:42 [DEBUG] Sending GET https://api.starknet.extended.exchange/api/v1/user/positions?
20:53:42 [DEBUG] Lighter: Loaded 115 prices via REST
20:53:42 [DEBUG] Lighter: Funding Refresh OK, cache=115
20:53:42 [INFO] 🚀 Launching trade for WLFI-USD (APY=68.3%)
20:53:42 [DEBUG] Sending GET https://api.starknet.extended.exchange/api/v1/user/positions?
20:53:42 [DEBUG] ✅ CRV-USD: X10=$175,767, Lighter=$2,225,149, Total=$2,400,916
20:53:43 [INFO] Lighter: Found 0 open positions
20:53:43 [DEBUG] ✅ TIA-USD verified: No existing positions on exchanges
20:53:43 [DEBUG] MIN_NOTIONAL TIA-USD: min_base=3.0 coins, price=$0.5588, min_qty_usd=$1.68, final=$11.00
20:53:43 [DEBUG] Sending GET https://api.starknet.extended.exchange/api/v1/user/balance
20:53:43 [INFO] 🚀 Launching trade for BERA-USD (APY=56.1%)
20:53:43 [DEBUG] Sending GET https://api.starknet.extended.exchange/api/v1/user/positions?
20:53:43 [INFO] 🎲 KellyPositionSizer initialized (Safety=0.25, MaxFraction=0.1)
20:53:43 [INFO] 🎰 KELLY TIA-USD: win_rate=80.0%, kelly_fraction=0.6000, safe_fraction=0.0500, confidence=LOW, samples=0
20:53:43 [INFO] 📊 KELLY SIZE TIA-USD: base=$30.0, kelly_recommended=$14.3, final=$30.0
20:53:43 [INFO] 🚀 Opening TIA-USD: Size=$30.0 (Min=$11.0)
20:53:43 [INFO] 🔄 [PARALLEL] TIA-USD: Lighter POST-ONLY first
20:53:43 [INFO] 🚀 LIGHTER OPEN TIA-USD: side=SELL, size_usd=$30.00, price=$0.558790
20:53:43 [ERROR] 🔍 DEBUG: TIA-USD market_id = 67, type = <class 'int'>
20:53:43 [DEBUG] QUANTIZE TIA-USD: USD=30.00, coins=53.687432, raw=537, lot_size=30, final=510
20:53:43 [INFO] 🔄 [PARALLEL] TIA-USD: X10 MARKET order
20:53:43 [DEBUG] Create Order Tx Info: {"AccountIndex":60113,"ApiKeyIndex":3,"MarketIndex":67,"ClientOrderIndex":1764618898391,"BaseAmount":510,"Price":55543,"IsAsk":1,"Type":0,"TimeInForce":1,"ReduceOnly":0,"TriggerPrice":0,"OrderExpiry":1767038023304,"ExpiredAt":1764619422304,"Nonce":1856,"Sig":"Nuc8Fm5K5VMIkM9cPj7mluSqVUk3nuFRVki1xCzGzxiiX0ftg8LdJahZcMunUaQfgN7ywEdKx/ErX83mvKdmux71/ETAhdvw2wvNcx0epTM="}
20:53:43 [INFO] 🔍 Running periodic exchange sync check...
20:53:43 [INFO] 🔍 Starting Exchange Sync Check...
20:53:43 [DEBUG] Sending GET https://api.starknet.extended.exchange/api/v1/info/markets?
20:53:43 [DEBUG] Sending GET https://api.starknet.extended.exchange/api/v1/user/positions?
20:53:43 [INFO] Lighter: Found 0 open positions
20:53:43 [DEBUG] ✅ WLFI-USD verified: No existing positions on exchanges
20:53:43 [DEBUG] MIN_NOTIONAL WLFI-USD: min_base=25.0 coins, price=$0.1514, min_qty_usd=$3.79, final=$11.00
20:53:43 [DEBUG] Sending GET https://api.starknet.extended.exchange/api/v1/user/balance
20:53:43 [DEBUG] Create Order Send Tx Response: code=200 message='{"ratelimit": "didn\'t use volume quota"}' tx_hash='50e2bcdf3aecf4b8b1403f9419252dad4625440b081e77a83ad83ef31194e48d3dbf9be475c54cbb' predicted_execution_time_ms=1764618816318 additional_properties={}
20:53:43 [INFO] Lighter Order: 50e2bcdf3aecf4b8b1403f9419252dad4625440b081e77a83ad83ef31194e48d3dbf9be475c54cbb
20:53:43 [INFO] ✅ Launched 3 trade tasks this cycle
20:53:43 [INFO] Lighter: Found 0 open positions
20:53:43 [DEBUG] ✅ ZEC-USD verified: No existing positions on exchanges
20:53:43 [DEBUG] MIN_NOTIONAL ZEC-USD: min_base=0.1 coins, price=$336.2210, min_qty_usd=$33.62, final=$36.98
20:53:43 [DEBUG] Skip ZEC-USD: Min Req $36.98 > Max Config $20.0
20:53:44 [INFO] Lighter: Found 1 open positions
20:53:44 [ERROR] 🚨 DESYNC DETECTED: Positions only on Lighter: {'TIA-USD'}
20:53:44 [ERROR] ⚠️ These are UNHEDGED and create directional risk!
20:53:44 [WARNING] 🔻 Closing orphaned Lighter position: TIA-USD
20:53:44 [ERROR] Failed to close Lighter orphan TIA-USD: '<' not supported between instances of 'float' and 'str'
20:53:44 [INFO] Lighter: Found 1 open positions
20:53:44 [DEBUG] ✅ BERA-USD verified: No existing positions on exchanges
20:53:44 [DEBUG] MIN_NOTIONAL BERA-USD: min_base=3.0 coins, price=$0.8926, min_qty_usd=$2.68, final=$11.00
20:53:45 [DEBUG] Lighter Balance: Raw=$300.53, Safe=$285.50
20:53:45 [INFO] 🎰 KELLY WLFI-USD: win_rate=80.0%, kelly_fraction=0.6000, safe_fraction=0.0500, confidence=LOW, samples=0
20:53:45 [INFO] 📊 KELLY SIZE WLFI-USD: base=$30.0, kelly_recommended=$12.7, final=$30.0
20:53:45 [DEBUG] Sending GET https://api.starknet.extended.exchange/api/v1/user/balance
20:53:45 [DEBUG] Placing an order: id=1679643545102940182292723557563195142141186108112075785605709817836440458423
20:53:45 [DEBUG] Sending POST https://api.starknet.extended.exchange/api/v1/user/order, headers={<RequestHeader.ACCEPT: 'Accept'>: 'application/json', <RequestHeader.CONTENT_TYPE: 'Content-Type'>: 'application/json', <RequestHeader.USER_AGENT: 'User-Agent'>: 'X10PythonTradingClient/0.0.17', <RequestHeader.API_KEY: 'X-Api-Key'>: 'a1c9207f79f0e57ddc454bf1e16dbe49'}
20:53:45 [INFO] 🎰 KELLY BERA-USD: win_rate=80.0%, kelly_fraction=0.6000, safe_fraction=0.0500, confidence=LOW, samples=0
20:53:45 [INFO] 📊 KELLY SIZE BERA-USD: base=$30.0, kelly_recommended=$12.7, final=$30.0
20:53:45 [INFO] 🚀 Opening WLFI-USD: Size=$30.0 (Min=$15.9)
20:53:45 [INFO] 🔄 [PARALLEL] WLFI-USD: Lighter POST-ONLY first
20:53:45 [INFO] 🚀 Opening BERA-USD: Size=$30.0 (Min=$11.0)
20:53:45 [INFO] 🔄 [PARALLEL] BERA-USD: Lighter POST-ONLY first
20:53:45 [INFO] 🚀 LIGHTER OPEN WLFI-USD: side=SELL, size_usd=$30.00, price=$0.151400
20:53:45 [ERROR] 🔍 DEBUG: WLFI-USD market_id = 72, type = <class 'int'>
20:53:45 [DEBUG] QUANTIZE WLFI-USD: USD=30.00, coins=198.150594, raw=1982, lot_size=250, final=1750
20:53:45 [INFO] 🔄 [PARALLEL] WLFI-USD: X10 MARKET order
20:53:45 [INFO] 🔄 [PARALLEL] BERA-USD: X10 MARKET order
20:53:45 [DEBUG] Create Order Tx Info: {"AccountIndex":60113,"ApiKeyIndex":3,"MarketIndex":72,"ClientOrderIndex":1764618899799,"BaseAmount":1750,"Price":15049,"IsAsk":1,"Type":0,"TimeInForce":1,"ReduceOnly":0,"TriggerPrice":0,"OrderExpiry":1767038025474,"ExpiredAt":1764619424474,"Nonce":1857,"Sig":"VKkcFYQKWjk4V5/evvR5MfuFLDYzR5jZmxn5uUdvTMrp6pofGX1kJ+wK7Si7Y/75PwmkQGcwrlqg71BeNjzowaysyjbVwfECQFjtcxdQU3s="}
20:53:45 [INFO] 🚀 LIGHTER OPEN BERA-USD: side=SELL, size_usd=$30.00, price=$0.892640
20:53:45 [ERROR] 🔍 DEBUG: BERA-USD market_id = 20, type = <class 'int'>
20:53:45 [DEBUG] QUANTIZE BERA-USD: USD=30.00, coins=33.608174, raw=336, lot_size=30, final=330
20:53:45 [DEBUG] Create Order Tx Info: {"AccountIndex":60113,"ApiKeyIndex":3,"MarketIndex":20,"ClientOrderIndex":1764618886675,"BaseAmount":330,"Price":88728,"IsAsk":1,"Type":0,"TimeInForce":1,"ReduceOnly":0,"TriggerPrice":0,"OrderExpiry":1767038025505,"ExpiredAt":1764619424505,"Nonce":1858,"Sig":"wKu2y0N0rLqvG/TkPADujS/YKprKTkmkNmo2704/ji/8T0YXalNEFb5A2e6AG+Tqwa6HTkaAU4GUsHehovjaSl9I36XxXwmZweAuac5rSH0="}
20:53:45 [DEBUG] Placing an order: id=281206333753314191644661431198352693684745533148525691581171350582048775766
20:53:45 [DEBUG] Sending POST https://api.starknet.extended.exchange/api/v1/user/order, headers={<RequestHeader.ACCEPT: 'Accept'>: 'application/json', <RequestHeader.CONTENT_TYPE: 'Content-Type'>: 'application/json', <RequestHeader.USER_AGENT: 'User-Agent'>: 'X10PythonTradingClient/0.0.17', <RequestHeader.API_KEY: 'X-Api-Key'>: 'a1c9207f79f0e57ddc454bf1e16dbe49'}
20:53:45 [DEBUG] Placing an order: id=2298055313157556127445926238471729453103742980268786027692535234543992234923
20:53:45 [DEBUG] Sending POST https://api.starknet.extended.exchange/api/v1/user/order, headers={<RequestHeader.ACCEPT: 'Accept'>: 'application/json', <RequestHeader.CONTENT_TYPE: 'Content-Type'>: 'application/json', <RequestHeader.USER_AGENT: 'User-Agent'>: 'X10PythonTradingClient/0.0.17', <RequestHeader.API_KEY: 'X-Api-Key'>: 'a1c9207f79f0e57ddc454bf1e16dbe49'}
20:53:45 [DEBUG] Create Order Send Tx Response: code=200 message='{"ratelimit": "didn\'t use volume quota"}' tx_hash='4d8fb040b5795db9b120d2ed5e3b438e365307881660c2a2a5a6e8d9066aeda50bc4c2f17bfdaf7c' predicted_execution_time_ms=1764618818481 additional_properties={}
20:53:45 [INFO] Lighter Order: 4d8fb040b5795db9b120d2ed5e3b438e365307881660c2a2a5a6e8d9066aeda50bc4c2f17bfdaf7c
20:53:45 [DEBUG] Create Order Send Tx Response: code=200 message='{"ratelimit": "didn\'t use volume quota"}' tx_hash='97647cacf5b2cf93a52fcd9bacb8dff987288061c172df5facd3d28a17e791ed68b863a724312b0d' predicted_execution_time_ms=1764618818514 additional_properties={}
20:53:45 [INFO] Lighter Order: 97647cacf5b2cf93a52fcd9bacb8dff987288061c172df5facd3d28a17e791ed68b863a724312b0d
20:53:46 [INFO]  X10 Order: 1995582081208979456
20:53:46 [INFO] ✅ [PARALLEL] TIA-USD: Both legs filled in 3203ms
20:53:46 [DEBUG] 📝 Trade added to state: TIA-USD
20:53:46 [DEBUG] 🧹 Cleaned task: TIA-USD
20:53:46 [DEBUG] 📝 Flushed 1 writes
20:53:46 [DEBUG] 📝 Flushed 1 writes in 16.0ms
20:53:46 [INFO]  X10 Order: 1995582081337675776
20:53:46 [INFO] ✅ [PARALLEL] WLFI-USD: Both legs filled in 1062ms
20:53:46 [DEBUG] 📝 Trade added to state: WLFI-USD
20:53:46 [INFO]  X10 Order: 1995582081740210176
20:53:46 [INFO] ✅ [PARALLEL] BERA-USD: Both legs filled in 1156ms
20:53:46 [DEBUG] 📝 Trade added to state: BERA-USD
20:53:46 [DEBUG] MAX_OPEN_TRADES (3) reached, waiting...
20:53:46 [DEBUG] ✅ EIGEN-USD: X10=$130,075, Lighter=$1,882,428, Total=$2,012,504
20:53:47 [DEBUG] Fetching fresh positions (force=False, cache_age=1764618827.4s)
20:53:47 [DEBUG] Sending GET https://api.starknet.extended.exchange/api/v1/user/positions?
20:53:47 [DEBUG] 📝 Flushed 1 writes in 0.0ms
20:53:47 [INFO] Lighter: Found 3 open positions
20:53:47 [INFO] 📊 Positions: X10=3, Lighter=3
20:53:47 [DEBUG] X10 positions: ['TIA-USD', 'WLFI-USD', 'BERA-USD']
20:53:47 [DEBUG] Lighter positions: ['BERA-USD', 'TIA-USD', 'WLFI-USD']
20:53:47 [INFO] 🔍 DEBUG TIA-USD: entry_time type=<class 'str'>, value=2025-12-01T19:53:46.501030+00:00
20:53:47 [DEBUG] Check TIA-USD: Age=1.4s (Limit=60s)
20:53:47 [INFO] 🔍 DEBUG WLFI-USD: entry_time type=<class 'str'>, value=2025-12-01T19:53:46.525401+00:00
20:53:47 [DEBUG] Check WLFI-USD: Age=1.3s (Limit=60s)
20:53:47 [INFO] 🔍 DEBUG BERA-USD: entry_time type=<class 'str'>, value=2025-12-01T19:53:46.618985+00:00
20:53:47 [DEBUG] Check BERA-USD: Age=1.2s (Limit=60s)
20:53:48 [DEBUG] 📝 Flushed 2 writes
20:53:48 [DEBUG] 📝 Flushed 1 writes in 0.0ms
20:53:48 [DEBUG] Using cached positions (age: 1.5s)
20:53:48 [INFO] 🔍 DEBUG TIA-USD: entry_time type=<class 'str'>, value=2025-12-01T19:53:46.501030+00:00
20:53:48 [DEBUG] Check TIA-USD: Age=2.4s (Limit=60s)
20:53:48 [INFO] 🔍 DEBUG WLFI-USD: entry_time type=<class 'str'>, value=2025-12-01T19:53:46.525401+00:00
20:53:48 [DEBUG] Check WLFI-USD: Age=2.3s (Limit=60s)
20:53:48 [INFO] 🔍 DEBUG BERA-USD: entry_time type=<class 'str'>, value=2025-12-01T19:53:46.618985+00:00
20:53:48 [DEBUG] Check BERA-USD: Age=2.2s (Limit=60s)
20:53:49 [DEBUG] MAX_OPEN_TRADES (3) reached, waiting...
20:53:49 [DEBUG] Using cached positions (age: 2.5s)
20:53:49 [INFO] 🔍 DEBUG TIA-USD: entry_time type=<class 'str'>, value=2025-12-01T19:53:46.501030+00:00
20:53:49 [DEBUG] Check TIA-USD: Age=3.4s (Limit=60s)
20:53:49 [INFO] 🔍 DEBUG WLFI-USD: entry_time type=<class 'str'>, value=2025-12-01T19:53:46.525401+00:00
20:53:49 [DEBUG] Check WLFI-USD: Age=3.3s (Limit=60s)
20:53:49 [INFO] 🔍 DEBUG BERA-USD: entry_time type=<class 'str'>, value=2025-12-01T19:53:46.618985+00:00
20:53:49 [DEBUG] Check BERA-USD: Age=3.2s (Limit=60s)
20:53:50 [DEBUG] ✅ PENGU-USD: X10=$180,016, Lighter=$78,246,031, Total=$78,426,047
20:53:50 [DEBUG] Using cached positions (age: 3.5s)
20:53:50 [INFO] 🔍 DEBUG TIA-USD: entry_time type=<class 'str'>, value=2025-12-01T19:53:46.501030+00:00
20:53:50 [DEBUG] Check TIA-USD: Age=4.4s (Limit=60s)
20:53:50 [INFO] 🔍 DEBUG WLFI-USD: entry_time type=<class 'str'>, value=2025-12-01T19:53:46.525401+00:00
20:53:50 [DEBUG] Check WLFI-USD: Age=4.3s (Limit=60s)
20:53:50 [INFO] 🔍 DEBUG BERA-USD: entry_time type=<class 'str'>, value=2025-12-01T19:53:46.618985+00:00
20:53:50 [DEBUG] Check BERA-USD: Age=4.3s (Limit=60s)
20:53:51 [DEBUG] Using cached positions (age: 4.5s)
20:53:51 [INFO] 🔍 DEBUG TIA-USD: entry_time type=<class 'str'>, value=2025-12-01T19:53:46.501030+00:00
20:53:51 [DEBUG] Check TIA-USD: Age=5.4s (Limit=60s)
20:53:51 [INFO] 🔍 DEBUG WLFI-USD: entry_time type=<class 'str'>, value=2025-12-01T19:53:46.525401+00:00
20:53:51 [DEBUG] Check WLFI-USD: Age=5.3s (Limit=60s)
20:53:51 [INFO] 🔍 DEBUG BERA-USD: entry_time type=<class 'str'>, value=2025-12-01T19:53:46.618985+00:00
20:53:51 [DEBUG] Check BERA-USD: Age=5.2s (Limit=60s)
20:53:52 [DEBUG] MAX_OPEN_TRADES (3) reached, waiting...
20:53:52 [DEBUG] Fetching fresh positions (force=False, cache_age=5.5s)
20:53:52 [DEBUG] Sending GET https://api.starknet.extended.exchange/api/v1/user/positions?
20:53:53 [INFO] Lighter: Found 3 open positions
20:53:53 [INFO] 📊 Positions: X10=3, Lighter=3
20:53:53 [DEBUG] X10 positions: ['TIA-USD', 'WLFI-USD', 'BERA-USD']
20:53:53 [DEBUG] Lighter positions: ['BERA-USD', 'TIA-USD', 'WLFI-USD']
20:53:53 [INFO] 🔍 DEBUG TIA-USD: entry_time type=<class 'str'>, value=2025-12-01T19:53:46.501030+00:00
20:53:53 [DEBUG] Check TIA-USD: Age=6.8s (Limit=60s)
20:53:53 [INFO] 🔍 DEBUG WLFI-USD: entry_time type=<class 'str'>, value=2025-12-01T19:53:46.525401+00:00
20:53:53 [DEBUG] Check WLFI-USD: Age=6.8s (Limit=60s)
20:53:53 [INFO] 🔍 DEBUG BERA-USD: entry_time type=<class 'str'>, value=2025-12-01T19:53:46.618985+00:00
20:53:53 [DEBUG] Check BERA-USD: Age=6.7s (Limit=60s)
20:53:54 [DEBUG] Using cached positions (age: 1.5s)
20:53:54 [INFO] 🔍 DEBUG TIA-USD: entry_time type=<class 'str'>, value=2025-12-01T19:53:46.501030+00:00
20:53:54 [DEBUG] Check TIA-USD: Age=7.8s (Limit=60s)
20:53:54 [INFO] 🔍 DEBUG WLFI-USD: entry_time type=<class 'str'>, value=2025-12-01T19:53:46.525401+00:00
20:53:54 [DEBUG] Check WLFI-USD: Age=7.8s (Limit=60s)
20:53:54 [INFO] 🔍 DEBUG BERA-USD: entry_time type=<class 'str'>, value=2025-12-01T19:53:46.618985+00:00
20:53:54 [DEBUG] Check BERA-USD: Age=7.7s (Limit=60s)
20:53:55 [DEBUG] 💓 [lighter] Ping/Pong OK
20:53:55 [DEBUG] Using cached positions (age: 2.5s)
20:53:55 [INFO] 🔍 DEBUG TIA-USD: entry_time type=<class 'str'>, value=2025-12-01T19:53:46.501030+00:00
20:53:55 [DEBUG] Check TIA-USD: Age=8.8s (Limit=60s)
20:53:55 [INFO] 🔍 DEBUG WLFI-USD: entry_time type=<class 'str'>, value=2025-12-01T19:53:46.525401+00:00
20:53:55 [DEBUG] Check WLFI-USD: Age=8.8s (Limit=60s)
20:53:55 [INFO] 🔍 DEBUG BERA-USD: entry_time type=<class 'str'>, value=2025-12-01T19:53:46.618985+00:00
20:53:55 [DEBUG] Check BERA-USD: Age=8.7s (Limit=60s)
20:53:55 [DEBUG] MAX_OPEN_TRADES (3) reached, waiting...
20:53:56 [DEBUG] ✅ SPX-USD: X10=$165,490, Lighter=$4,075,990, Total=$4,241,480
20:53:56 [DEBUG] Using cached positions (age: 3.5s)
20:53:56 [INFO] 🔍 DEBUG TIA-USD: entry_time type=<class 'str'>, value=2025-12-01T19:53:46.501030+00:00
20:53:56 [DEBUG] Check TIA-USD: Age=9.8s (Limit=60s)
20:53:56 [INFO] 🔍 DEBUG WLFI-USD: entry_time type=<class 'str'>, value=2025-12-01T19:53:46.525401+00:00
20:53:56 [DEBUG] Check WLFI-USD: Age=9.8s (Limit=60s)
20:53:56 [INFO] 🔍 DEBUG BERA-USD: entry_time type=<class 'str'>, value=2025-12-01T19:53:46.618985+00:00
20:53:56 [DEBUG] Check BERA-USD: Age=9.7s (Limit=60s)
20:53:57 [WARNING] [x10] Connection closed: 1011 Ping timeout
20:53:57 [ERROR] [x10] Send error: received 1011 (internal error) Ping timeout; then sent 1011 (internal error) Ping timeout
20:53:57 [DEBUG] 💓 [x10] App-Ping sent
20:53:57 [INFO] 🔄 [x10] Reconnecting in 1.0s (attempt 1)
20:53:57 [DEBUG] Using cached positions (age: 4.5s)
20:53:57 [INFO] 🔍 DEBUG TIA-USD: entry_time type=<class 'str'>, value=2025-12-01T19:53:46.501030+00:00
20:53:57 [DEBUG] Check TIA-USD: Age=10.8s (Limit=60s)
20:53:57 [INFO] 🔍 DEBUG WLFI-USD: entry_time type=<class 'str'>, value=2025-12-01T19:53:46.525401+00:00
20:53:57 [DEBUG] Check WLFI-USD: Age=10.8s (Limit=60s)
20:53:57 [INFO] 🔍 DEBUG BERA-USD: entry_time type=<class 'str'>, value=2025-12-01T19:53:46.618985+00:00
20:53:57 [DEBUG] Check BERA-USD: Age=10.7s (Limit=60s)
20:53:58 [DEBUG] Fetching fresh positions (force=False, cache_age=5.5s)
20:53:58 [DEBUG] Sending GET https://api.starknet.extended.exchange/api/v1/user/positions?
20:53:58 [DEBUG] MAX_OPEN_TRADES (3) reached, waiting...
20:53:58 [INFO] Lighter: Found 3 open positions
20:53:58 [INFO] 📊 Positions: X10=3, Lighter=3
20:53:58 [DEBUG] X10 positions: ['TIA-USD', 'WLFI-USD', 'BERA-USD']
20:53:58 [DEBUG] Lighter positions: ['BERA-USD', 'TIA-USD', 'WLFI-USD']
20:53:58 [INFO] 🔍 DEBUG TIA-USD: entry_time type=<class 'str'>, value=2025-12-01T19:53:46.501030+00:00
20:53:58 [DEBUG] Check TIA-USD: Age=12.3s (Limit=60s)
20:53:58 [INFO] 🔍 DEBUG WLFI-USD: entry_time type=<class 'str'>, value=2025-12-01T19:53:46.525401+00:00
20:53:58 [DEBUG] Check WLFI-USD: Age=12.3s (Limit=60s)
20:53:58 [INFO] 🔍 DEBUG BERA-USD: entry_time type=<class 'str'>, value=2025-12-01T19:53:46.618985+00:00
20:53:58 [DEBUG] Check BERA-USD: Age=12.2s (Limit=60s)
20:53:59 [INFO] ✅ [x10] Connected to wss://api.starknet.extended.exchange/stream.extended.exchange/v1/account
20:53:59 [DEBUG] [x10] Subscribed to funding/ASTER/USD
20:53:59 [DEBUG] [x10] Subscribed to publicTrades/PENGU/USD
20:53:59 [DEBUG] [x10] Subscribed to publicTrades/MNT/USD
20:53:59 [DEBUG] [x10] Subscribed to funding/TAO/USD
20:53:59 [DEBUG] [x10] Subscribed to funding/1000PEPE/USD
20:53:59 [DEBUG] Using cached positions (age: 1.5s)
20:53:59 [INFO] 🔍 DEBUG TIA-USD: entry_time type=<class 'str'>, value=2025-12-01T19:53:46.501030+00:00
20:53:59 [DEBUG] Check TIA-USD: Age=13.3s (Limit=60s)
20:53:59 [INFO] 🔍 DEBUG WLFI-USD: entry_time type=<class 'str'>, value=2025-12-01T19:53:46.525401+00:00
20:53:59 [DEBUG] Check WLFI-USD: Age=13.3s (Limit=60s)
20:53:59 [INFO] 🔍 DEBUG BERA-USD: entry_time type=<class 'str'>, value=2025-12-01T19:53:46.618985+00:00
20:53:59 [DEBUG] Check BERA-USD: Age=13.2s (Limit=60s)
20:53:59 [DEBUG] [x10] Subscribed to funding/1000BONK/USD
20:53:59 [DEBUG] [x10] Subscribed to funding/LINEA/USD
20:53:59 [DEBUG] ✅ ONDO-USD: X10=$110,344, Lighter=$2,480,964, Total=$2,591,308
20:53:59 [DEBUG] [x10] Subscribed to funding/APT/USD
20:54:00 [DEBUG] [x10] Subscribed to funding/FIL/USD
20:54:00 [DEBUG] [x10] Subscribed to publicTrades/MKR/USD
20:54:00 [DEBUG] [x10] Subscribed to publicTrades/KAITO/USD
20:54:00 [DEBUG] [x10] Subscribed to funding/USDJPY/USD
20:54:00 [DEBUG] [x10] Subscribed to funding/TIA/USD
20:54:00 [DEBUG] [x10] Subscribed to publicTrades/ASTER/USD
20:54:00 [DEBUG] [x10] Subscribed to funding/POPCAT/USD
20:54:00 [DEBUG] [x10] Subscribed to funding/VIRTUAL/USD
20:54:00 [DEBUG] Using cached positions (age: 2.4s)
20:54:00 [INFO] 🔍 DEBUG TIA-USD: entry_time type=<class 'str'>, value=2025-12-01T19:53:46.501030+00:00
20:54:00 [DEBUG] Check TIA-USD: Age=14.3s (Limit=60s)
20:54:00 [INFO] 🔍 DEBUG WLFI-USD: entry_time type=<class 'str'>, value=2025-12-01T19:53:46.525401+00:00
20:54:00 [DEBUG] Check WLFI-USD: Age=14.3s (Limit=60s)
20:54:00 [INFO] 🔍 DEBUG BERA-USD: entry_time type=<class 'str'>, value=2025-12-01T19:53:46.618985+00:00
20:54:00 [DEBUG] Check BERA-USD: Age=14.2s (Limit=60s)
20:54:00 [DEBUG] [x10] Subscribed to publicTrades/POPCAT/USD
20:54:00 [DEBUG] [x10] Subscribed to funding/TON/USD
20:54:01 [DEBUG] [x10] Subscribed to publicTrades/JUP/USD
20:54:01 [DEBUG] [x10] Subscribed to publicTrades/PENDLE/USD
20:54:01 [DEBUG] [x10] Subscribed to funding/DOGE/USD
20:54:01 [DEBUG] [x10] Subscribed to funding/BCH/USD
20:54:01 [DEBUG] [x10] Subscribed to publicTrades/APT/USD
20:54:01 [DEBUG] [x10] Subscribed to publicTrades/IP/USD
20:54:01 [DEBUG] [x10] Subscribed to funding/BERA/USD
20:54:01 [DEBUG] [x10] Subscribed to publicTrades/ENA/USD
20:54:01 [DEBUG] MAX_OPEN_TRADES (3) reached, waiting...
20:54:01 [DEBUG] [x10] Subscribed to publicTrades/XPL/USD
20:54:01 [DEBUG] Using cached positions (age: 3.5s)
20:54:01 [INFO] 🔍 DEBUG TIA-USD: entry_time type=<class 'str'>, value=2025-12-01T19:53:46.501030+00:00
20:54:01 [DEBUG] Check TIA-USD: Age=15.3s (Limit=60s)
20:54:01 [INFO] 🔍 DEBUG WLFI-USD: entry_time type=<class 'str'>, value=2025-12-01T19:53:46.525401+00:00
20:54:01 [DEBUG] Check WLFI-USD: Age=15.3s (Limit=60s)
20:54:01 [INFO] 🚜 [FARM] Profit Take WLFI-USD: Age=15s, Spread=0.020% (sehr niedrig), PnL=$0.00
20:54:01 [INFO]  💸 EXIT WLFI-USD: FARM_QUICK_PROFIT | PnL $0.00 (Fees: $0.00)
20:54:01 [INFO]  🔻 CLOSING WLFI-USD (Atomic Smart Close)...
20:54:01 [DEBUG] [x10] Subscribed to publicTrades/EDEN/USD
20:54:01 [DEBUG] [x10] Subscribed to publicTrades/PUMP/USD
20:54:02 [DEBUG] [x10] Subscribed to funding/ARB/USD
20:54:02 [DEBUG] [x10] Subscribed to funding/ENA/USD
20:54:02 [INFO] Lighter: Found 3 open positions
20:54:02 [ERROR] ❌ Lighter close CODE ERROR for WLFI-USD: '<' not supported between instances of 'float' and 'str'
20:54:02 [WARNING] ⚠️ CODE ERROR! Force-closing X10 for WLFI-USD...
20:54:02 [DEBUG] [x10] Subscribed to publicTrades/SPX/USD
20:54:02 [DEBUG] [x10] Subscribed to publicTrades/RESOLV/USD
20:54:02 [DEBUG] [x10] Subscribed to publicTrades/BCH/USD
20:54:02 [DEBUG] [x10] Subscribed to publicTrades/HYPE/USD
20:54:02 [DEBUG] [x10] Subscribed to publicTrades/XAU/USD
20:54:02 [DEBUG] [x10] Subscribed to publicTrades/WLFI/USD
20:54:02 [DEBUG] [x10] Subscribed to funding/KAITO/USD
20:54:02 [DEBUG] [x10] Subscribed to funding/STRK/USD
20:54:03 [DEBUG] [x10] Subscribed to funding/TRUMP/USD
20:54:03 [DEBUG] [x10] Subscribed to funding/LTC/USD
20:54:03 [DEBUG] [x10] Subscribed to publicTrades/BTC/USD
20:54:03 [DEBUG] [x10] Subscribed to publicTrades/XAG/USD
20:54:03 [DEBUG] [x10] Subscribed to publicTrades/SEI/USD
20:54:03 [DEBUG] [x10] Subscribed to funding/LDO/USD
20:54:03 [DEBUG] [x10] Subscribed to funding/PUMP/USD
20:54:03 [DEBUG] [x10] Subscribed to publicTrades/ARB/USD
20:54:03 [DEBUG] ✅ WIF-USD: X10=$256,130, Lighter=$5,200,695, Total=$5,456,825
20:54:03 [DEBUG] [x10] Subscribed to funding/HYPE/USD
20:54:03 [DEBUG] [x10] Subscribed to funding/PENGU/USD
20:54:03 [DEBUG] [x10] Subscribed to funding/DOT/USD
20:54:04 [DEBUG] [x10] Subscribed to funding/WLD/USD
20:54:04 [DEBUG] [x10] Subscribed to publicTrades/AVAX/USD
20:54:04 [DEBUG] [x10] Subscribed to funding/PENDLE/USD
20:54:04 [DEBUG] [x10] Subscribed to funding/BTC/USD
20:54:04 [DEBUG] [x10] Subscribed to publicTrades/USDJPY/USD
20:54:04 [DEBUG] [x10] Subscribed to funding/1000SHIB/USD
20:54:04 [DEBUG] [x10] Subscribed to funding/WIF/USD
20:54:04 [DEBUG] MAX_OPEN_TRADES (3) reached, waiting...
20:54:04 [DEBUG] [x10] Subscribed to funding/ADA/USD
20:54:04 [DEBUG] [x10] Subscribed to funding/JUP/USD
20:54:04 [DEBUG] [x10] Subscribed to funding/FARTCOIN/USD
20:54:04 [DEBUG] [x10] Subscribed to publicTrades/1000BONK/USD
20:54:05 [DEBUG] [x10] Subscribed to funding/ZEC/USD
20:54:05 [DEBUG] [x10] Subscribed to funding/LINK/USD
20:54:05 [DEBUG] Sending GET https://api.starknet.extended.exchange/api/v1/user/positions?
20:54:05 [DEBUG] [x10] Subscribed to funding/XAU/USD
20:54:05 [DEBUG] [x10] Subscribed to publicTrades/DOGE/USD
20:54:05 [DEBUG] [x10] Subscribed to publicTrades/ZRO/USD
20:54:05 [INFO] 🔻 Closing X10 WLFI-USD: size=190.000000 coins, side=BUY
20:54:05 [DEBUG] Sending GET https://api.starknet.extended.exchange/api/v1/user/positions?
20:54:05 [DEBUG] [x10] Subscribed to publicTrades/TRUMP/USD
20:54:05 [DEBUG] [x10] Subscribed to publicTrades/TIA/USD
20:54:05 [DEBUG] [x10] Subscribed to funding/APEX/USD
20:54:05 [INFO] 🔻 X10 CLOSE WLFI-USD: size=190.000000, side=SELL
20:54:05 [DEBUG] Placing an order: id=962558573365737442258570422391759681303234363593106442538685818157520940559
20:54:05 [DEBUG] Sending POST https://api.starknet.extended.exchange/api/v1/user/order, headers={<RequestHeader.ACCEPT: 'Accept'>: 'application/json', <RequestHeader.CONTENT_TYPE: 'Content-Type'>: 'application/json', <RequestHeader.USER_AGENT: 'User-Agent'>: 'X10PythonTradingClient/0.0.17', <RequestHeader.API_KEY: 'X-Api-Key'>: 'a1c9207f79f0e57ddc454bf1e16dbe49'}
20:54:05 [DEBUG] [x10] Subscribed to publicTrades/AAVE/USD
20:54:05 [DEBUG] [x10] Subscribed to funding/S/USD
20:54:06 [DEBUG] [x10] Subscribed to funding/XAG/USD
20:54:06 [DEBUG] [x10] Subscribed to funding/MKR/USD
20:54:06 [DEBUG] [x10] Subscribed to publicTrades/ADA/USD
20:54:06 [DEBUG] [x10] Subscribed to funding/ONDO/USD
20:54:06 [DEBUG] [x10] Subscribed to funding/XPL/USD
20:54:06 [DEBUG] [x10] Subscribed to funding/SUI/USD
20:54:06 [DEBUG] [x10] Subscribed to publicTrades/BERA/USD
20:54:06 [DEBUG] [x10] Subscribed to publicTrades/TRX/USD
20:54:06 [DEBUG] [x10] Subscribed to publicTrades/1000SHIB/USD
20:54:06 [INFO]  X10 Order: 1995582166561861632
20:54:06 [DEBUG] [x10] Subscribed to publicTrades/LDO/USD
20:54:06 [DEBUG] [x10] Subscribed to funding/UNI/USD
20:54:07 [DEBUG] [x10] Subscribed to publicTrades/TON/USD
20:54:07 [DEBUG] [x10] Subscribed to publicTrades/DOT/USD
20:54:07 [DEBUG] [x10] Subscribed to funding/GRASS/USD
20:54:07 [DEBUG] [x10] Subscribed to publicTrades/VIRTUAL/USD
20:54:07 [DEBUG] [x10] Subscribed to funding/EDEN/USD
20:54:07 [DEBUG] ✅ TIA-USD: X10=$275,384, Lighter=$2,477,806, Total=$2,753,190
20:54:07 [DEBUG] [x10] Subscribed to funding/BNB/USD
20:54:07 [DEBUG] [x10] Subscribed to funding/AVAX/USD
20:54:07 [DEBUG] MAX_OPEN_TRADES (3) reached, waiting...
20:54:07 [DEBUG] [x10] Subscribed to publicTrades/UNI/USD
20:54:07 [DEBUG] [x10] Subscribed to funding/SOL/USD
20:54:07 [DEBUG] [x10] Subscribed to publicTrades/FIL/USD
20:54:08 [DEBUG] [x10] Subscribed to publicTrades/GRASS/USD
20:54:08 [DEBUG] [x10] Subscribed to publicTrades/AVNT/USD
20:54:08 [DEBUG] [x10] Subscribed to publicTrades/XRP/USD
20:54:08 [DEBUG] [x10] Subscribed to funding/OP/USD
20:54:08 [DEBUG] [x10] Subscribed to publicTrades/LINK/USD
20:54:08 [DEBUG] [x10] Subscribed to funding/ZRO/USD
20:54:08 [DEBUG] [x10] Subscribed to publicTrades/OP/USD
20:54:08 [DEBUG] [x10] Subscribed to publicTrades/CRV/USD
20:54:08 [DEBUG] [x10] Subscribed to publicTrades/FARTCOIN/USD
20:54:08 [DEBUG] Sending GET https://api.starknet.extended.exchange/api/v1/user/positions?
20:54:08 [DEBUG] [x10] Subscribed to publicTrades/SUI/USD
20:54:08 [DEBUG] [x10] Subscribed to funding/EIGEN/USD
20:54:09 [DEBUG] [x10] Subscribed to funding/TRX/USD
20:54:09 [INFO] ✅ X10 WLFI-USD closed (190.000000 coins)
20:54:09 [INFO] ✅ EMERGENCY X10 close for WLFI-USD
20:54:09 [INFO] 🔍 DEBUG BERA-USD: entry_time type=<class 'str'>, value=2025-12-01T19:53:46.618985+00:00
20:54:09 [DEBUG] Check BERA-USD: Age=22.5s (Limit=60s)
20:54:09 [DEBUG] [x10] Subscribed to funding/SPX/USD
20:54:09 [DEBUG] [x10] Subscribed to funding/RESOLV/USD
20:54:09 [DEBUG] [x10] Subscribed to funding/XRP/USD
20:54:09 [DEBUG] [x10] Subscribed to publicTrades/TAO/USD
20:54:09 [DEBUG] 🐕 Watchdog OK: Daten-Alter 1.7s
20:54:09 [DEBUG] [x10] Subscribed to funding/SEI/USD
20:54:09 [DEBUG] [x10] Subscribed to funding/MON/USD
20:54:09 [DEBUG] [x10] Subscribed to publicTrades/LTC/USD
20:54:09 [DEBUG] [x10] Subscribed to funding/WLFI/USD
20:54:09 [DEBUG] [x10] Subscribed to publicTrades/S/USD
20:54:09 [DEBUG] [x10] Subscribed to publicTrades/STRK/USD
20:54:10 [DEBUG] [x10] Subscribed to publicTrades/ZEC/USD
20:54:10 [DEBUG] Fetching fresh positions (force=False, cache_age=11.8s)
20:54:10 [DEBUG] Sending GET https://api.starknet.extended.exchange/api/v1/user/positions?
20:54:10 [DEBUG] [x10] Subscribed to funding/IP/USD
20:54:10 [DEBUG] [x10] Subscribed to publicTrades/WIF/USD
20:54:10 [DEBUG] [x10] Subscribed to publicTrades/LINEA/USD
20:54:10 [DEBUG] [x10] Subscribed to funding/CRV/USD
20:54:10 [INFO] Lighter: Found 3 open positions
20:54:10 [INFO] 📊 Positions: X10=2, Lighter=3
20:54:10 [DEBUG] X10 positions: ['TIA-USD', 'BERA-USD']
20:54:10 [DEBUG] Lighter positions: ['BERA-USD', 'TIA-USD', 'WLFI-USD']
20:54:10 [INFO] 🔍 DEBUG TIA-USD: entry_time type=<class 'str'>, value=2025-12-01T19:53:46.501030+00:00
20:54:10 [DEBUG] Check TIA-USD: Age=24.0s (Limit=60s)
20:54:10 [INFO] 🔍 DEBUG WLFI-USD: entry_time type=<class 'str'>, value=2025-12-01T19:53:46.525401+00:00
20:54:10 [DEBUG] Check WLFI-USD: Age=24.0s (Limit=60s)
20:54:10 [INFO] 🚜 [FARM] Profit Take WLFI-USD: Age=24s, Spread=0.020% (sehr niedrig), PnL=$-0.00
20:54:10 [INFO]  💸 EXIT WLFI-USD: FARM_QUICK_PROFIT | PnL $-0.00 (Fees: $0.00)
20:54:10 [INFO]  🔻 CLOSING WLFI-USD (Atomic Smart Close)...
20:54:10 [DEBUG] [x10] Subscribed to funding/NEAR/USD
20:54:10 [DEBUG] [x10] Subscribed to publicTrades/ZORA/USD
20:54:10 [DEBUG] MAX_OPEN_TRADES (3) reached, waiting...
20:54:10 [DEBUG] [x10] Subscribed to funding/ZORA/USD
20:54:10 [DEBUG] [x10] Subscribed to publicTrades/WLD/USD
20:54:10 [DEBUG] [x10] Subscribed to publicTrades/APEX/USD
20:54:10 [INFO] Lighter: Found 3 open positions
20:54:10 [ERROR] ❌ Lighter close CODE ERROR for WLFI-USD: '<' not supported between instances of 'float' and 'str'
20:54:10 [WARNING] ⚠️ CODE ERROR! Force-closing X10 for WLFI-USD...
20:54:11 [DEBUG] [x10] Subscribed to publicTrades/NEAR/USD
20:54:11 [DEBUG] [x10] Subscribed to publicTrades/BNB/USD
20:54:11 [DEBUG] [x10] Subscribed to publicTrades/1000PEPE/USD
20:54:11 [DEBUG] ✅ DOGE-USD: X10=$229,357, Lighter=$19,760,501, Total=$19,989,858
20:54:11 [DEBUG] [x10] Subscribed to publicTrades/EIGEN/USD
20:54:11 [DEBUG] [x10] Subscribed to funding/AVNT/USD
20:54:11 [DEBUG] [x10] Subscribed to publicTrades/MON/USD
20:54:11 [DEBUG] [x10] Subscribed to funding/AAVE/USD
20:54:11 [DEBUG] [x10] Subscribed to funding/MNT/USD
20:54:11 [DEBUG] [x10] Subscribed to publicTrades/SOL/USD
20:54:11 [DEBUG] [x10] Subscribed to publicTrades/ONDO/USD
20:54:13 [DEBUG] MAX_OPEN_TRADES (3) reached, waiting...
20:54:13 [DEBUG] Sending GET https://api.starknet.extended.exchange/api/v1/user/positions?
20:54:14 [INFO] ✅ No X10 position to close for WLFI-USD
20:54:14 [INFO] ✅ EMERGENCY X10 close for WLFI-USD
20:54:14 [INFO] 🔍 DEBUG BERA-USD: entry_time type=<class 'str'>, value=2025-12-01T19:53:46.618985+00:00
20:54:14 [DEBUG] Check BERA-USD: Age=27.6s (Limit=60s)
20:54:15 [DEBUG] Fetching fresh positions (force=False, cache_age=5.1s)
20:54:15 [DEBUG] Sending GET https://api.starknet.extended.exchange/api/v1/user/positions?
20:54:15 [DEBUG] 💓 [lighter] Ping/Pong OK
20:54:15 [INFO] Lighter: Found 3 open positions
20:54:15 [INFO] 📊 Positions: X10=2, Lighter=3
20:54:15 [DEBUG] X10 positions: ['TIA-USD', 'BERA-USD']
20:54:15 [DEBUG] Lighter positions: ['BERA-USD', 'TIA-USD', 'WLFI-USD']
20:54:15 [INFO] 🔍 DEBUG TIA-USD: entry_time type=<class 'str'>, value=2025-12-01T19:53:46.501030+00:00
20:54:15 [DEBUG] Check TIA-USD: Age=29.2s (Limit=60s)
20:54:15 [INFO] 🔍 DEBUG WLFI-USD: entry_time type=<class 'str'>, value=2025-12-01T19:53:46.525401+00:00
20:54:15 [DEBUG] Check WLFI-USD: Age=29.1s (Limit=60s)
20:54:15 [INFO] 🔍 DEBUG BERA-USD: entry_time type=<class 'str'>, value=2025-12-01T19:53:46.618985+00:00
20:54:15 [DEBUG] Check BERA-USD: Age=29.0s (Limit=60s)
20:54:16 [WARNING] [x10] Connection closed: 1011 Ping timeout
20:54:16 [INFO] 🔄 [x10] Reconnecting in 1.0s (attempt 1)
20:54:16 [DEBUG] Using cached positions (age: 1.5s)
20:54:16 [INFO] 🔍 DEBUG TIA-USD: entry_time type=<class 'str'>, value=2025-12-01T19:53:46.501030+00:00
20:54:16 [DEBUG] Check TIA-USD: Age=30.2s (Limit=60s)
20:54:16 [INFO] 🔍 DEBUG WLFI-USD: entry_time type=<class 'str'>, value=2025-12-01T19:53:46.525401+00:00
20:54:16 [DEBUG] Check WLFI-USD: Age=30.1s (Limit=60s)
20:54:16 [INFO] 🔍 DEBUG BERA-USD: entry_time type=<class 'str'>, value=2025-12-01T19:53:46.618985+00:00
20:54:16 [DEBUG] Check BERA-USD: Age=30.0s (Limit=60s)
20:54:16 [DEBUG] MAX_OPEN_TRADES (3) reached, waiting...
20:54:16 [DEBUG] ✅ AVAX-USD: X10=$465,979, Lighter=$313,413, Total=$779,392
20:54:17 [DEBUG] Using cached positions (age: 2.5s)
20:54:17 [INFO] 🔍 DEBUG TIA-USD: entry_time type=<class 'str'>, value=2025-12-01T19:53:46.501030+00:00
20:54:17 [DEBUG] Check TIA-USD: Age=31.2s (Limit=60s)
20:54:17 [INFO] 🔍 DEBUG WLFI-USD: entry_time type=<class 'str'>, value=2025-12-01T19:53:46.525401+00:00
20:54:17 [DEBUG] Check WLFI-USD: Age=31.1s (Limit=60s)
20:54:17 [INFO] 🔍 DEBUG BERA-USD: entry_time type=<class 'str'>, value=2025-12-01T19:53:46.618985+00:00
20:54:17 [DEBUG] Check BERA-USD: Age=31.0s (Limit=60s)
20:54:18 [INFO] ✅ [x10] Connected to wss://api.starknet.extended.exchange/stream.extended.exchange/v1/account
20:54:18 [DEBUG] [x10] Subscribed to funding/ASTER/USD
20:54:18 [DEBUG] [x10] Subscribed to publicTrades/PENGU/USD
20:54:18 [DEBUG] [x10] Subscribed to publicTrades/MNT/USD
20:54:18 [DEBUG] [x10] Subscribed to funding/TAO/USD
20:54:18 [DEBUG] [x10] Subscribed to funding/1000PEPE/USD
20:54:18 [DEBUG] Using cached positions (age: 3.5s)
20:54:18 [INFO] 🔍 DEBUG TIA-USD: entry_time type=<class 'str'>, value=2025-12-01T19:53:46.501030+00:00
20:54:18 [DEBUG] Check TIA-USD: Age=32.2s (Limit=60s)
20:54:18 [INFO] 🔍 DEBUG WLFI-USD: entry_time type=<class 'str'>, value=2025-12-01T19:53:46.525401+00:00
20:54:18 [DEBUG] Check WLFI-USD: Age=32.1s (Limit=60s)
20:54:18 [INFO] 🔍 DEBUG BERA-USD: entry_time type=<class 'str'>, value=2025-12-01T19:53:46.618985+00:00
20:54:18 [DEBUG] Check BERA-USD: Age=32.0s (Limit=60s)
20:54:18 [DEBUG] [x10] Subscribed to funding/1000BONK/USD
20:54:18 [DEBUG] [x10] Subscribed to funding/LINEA/USD
20:54:18 [DEBUG] [x10] Subscribed to funding/APT/USD
20:54:19 [DEBUG] [x10] Subscribed to funding/FIL/USD
20:54:19 [DEBUG] [x10] Subscribed to publicTrades/MKR/USD
20:54:19 [DEBUG] [x10] Subscribed to publicTrades/KAITO/USD
20:54:19 [DEBUG] [x10] Subscribed to funding/USDJPY/USD
20:54:19 [DEBUG] [x10] Subscribed to funding/TIA/USD
20:54:19 [DEBUG] [x10] Subscribed to publicTrades/ASTER/USD
20:54:19 [DEBUG] [x10] Subscribed to funding/POPCAT/USD
20:54:19 [DEBUG] Using cached positions (age: 4.5s)
20:54:19 [INFO] 🔍 DEBUG TIA-USD: entry_time type=<class 'str'>, value=2025-12-01T19:53:46.501030+00:00
20:54:19 [DEBUG] Check TIA-USD: Age=33.2s (Limit=60s)
20:54:19 [INFO] 🔍 DEBUG WLFI-USD: entry_time type=<class 'str'>, value=2025-12-01T19:53:46.525401+00:00
20:54:19 [DEBUG] Check WLFI-USD: Age=33.2s (Limit=60s)
20:54:19 [INFO] 🔍 DEBUG BERA-USD: entry_time type=<class 'str'>, value=2025-12-01T19:53:46.618985+00:00
20:54:19 [DEBUG] Check BERA-USD: Age=33.1s (Limit=60s)
20:54:19 [DEBUG] [x10] Subscribed to funding/VIRTUAL/USD
20:54:19 [DEBUG] MAX_OPEN_TRADES (3) reached, waiting...
20:54:19 [DEBUG] [x10] Subscribed to publicTrades/POPCAT/USD
20:54:19 [DEBUG] [x10] Subscribed to funding/TON/USD
20:54:19 [DEBUG] [x10] Subscribed to publicTrades/JUP/USD
20:54:20 [DEBUG] [x10] Subscribed to publicTrades/PENDLE/USD
20:54:20 [DEBUG] [x10] Subscribed to funding/DOGE/USD
20:54:20 [DEBUG] [x10] Subscribed to funding/BCH/USD
20:54:20 [DEBUG] [x10] Subscribed to publicTrades/APT/USD
20:54:20 [DEBUG] [x10] Subscribed to publicTrades/IP/USD
20:54:20 [DEBUG] [x10] Subscribed to funding/BERA/USD
20:54:20 [DEBUG] [x10] Subscribed to publicTrades/ENA/USD
20:54:20 [DEBUG] Fetching fresh positions (force=False, cache_age=5.5s)
20:54:20 [DEBUG] Sending GET https://api.starknet.extended.exchange/api/v1/user/positions?
20:54:20 [DEBUG] ✅ ZEC-USD: X10=$1,092,289, Lighter=$22,958, Total=$1,115,247
20:54:20 [DEBUG] [x10] Subscribed to publicTrades/XPL/USD
20:54:20 [DEBUG] [x10] Subscribed to publicTrades/EDEN/USD
20:54:20 [DEBUG] [x10] Subscribed to publicTrades/PUMP/USD
20:54:21 [DEBUG] [x10] Subscribed to funding/ARB/USD
20:54:21 [INFO] Lighter: Found 3 open positions
20:54:21 [DEBUG] [x10] Subscribed to funding/ENA/USD
20:54:21 [INFO] 📊 Positions: X10=2, Lighter=3
20:54:21 [DEBUG] X10 positions: ['TIA-USD', 'BERA-USD']
20:54:21 [DEBUG] Lighter positions: ['BERA-USD', 'TIA-USD', 'WLFI-USD']
20:54:21 [INFO] 🔍 DEBUG TIA-USD: entry_time type=<class 'str'>, value=2025-12-01T19:53:46.501030+00:00
20:54:21 [DEBUG] Check TIA-USD: Age=34.6s (Limit=60s)
20:54:21 [INFO] 🔍 DEBUG WLFI-USD: entry_time type=<class 'str'>, value=2025-12-01T19:53:46.525401+00:00
20:54:21 [DEBUG] Check WLFI-USD: Age=34.6s (Limit=60s)
20:54:21 [INFO] 🚜 [FARM] Profit Take WLFI-USD: Age=34s, Spread=0.007% (sehr niedrig), PnL=$0.00
20:54:21 [INFO]  💸 EXIT WLFI-USD: FARM_QUICK_PROFIT | PnL $0.00 (Fees: $0.00)
20:54:21 [INFO]  🔻 CLOSING WLFI-USD (Atomic Smart Close)...
20:54:21 [INFO] 🚜 Farm Mode ACTIVE
20:54:21 [DEBUG] [x10] Subscribed to publicTrades/SPX/USD
20:54:21 [DEBUG] [x10] Subscribed to publicTrades/RESOLV/USD
20:54:21 [DEBUG] [x10] Subscribed to publicTrades/BCH/USD
20:54:21 [DEBUG] [x10] Subscribed to publicTrades/XAU/USD
20:54:21 [INFO] Lighter: Found 3 open positions
20:54:21 [ERROR] ❌ Lighter close CODE ERROR for WLFI-USD: '<' not supported between instances of 'float' and 'str'
20:54:21 [WARNING] ⚠️ CODE ERROR! Force-closing X10 for WLFI-USD...
20:54:21 [DEBUG] [x10] Subscribed to publicTrades/WLFI/USD
20:54:21 [DEBUG] [x10] Subscribed to funding/KAITO/USD
20:54:21 [DEBUG] [x10] Subscribed to funding/STRK/USD
20:54:21 [DEBUG] [x10] Subscribed to publicTrades/SOL/USD
20:54:21 [DEBUG] [x10] Subscribed to funding/TRUMP/USD
20:54:22 [DEBUG] [x10] Subscribed to funding/LTC/USD
20:54:22 [DEBUG] [x10] Subscribed to publicTrades/BTC/USD
20:54:22 [DEBUG] [x10] Subscribed to publicTrades/XAG/USD
20:54:22 [DEBUG] [x10] Subscribed to publicTrades/SEI/USD
20:54:22 [DEBUG] [x10] Subscribed to funding/LDO/USD
20:54:22 [DEBUG] [x10] Subscribed to funding/PUMP/USD
20:54:22 [DEBUG] [x10] Subscribed to publicTrades/ARB/USD
20:54:22 [DEBUG] MAX_OPEN_TRADES (3) reached, waiting...
20:54:22 [DEBUG] [x10] Subscribed to funding/HYPE/USD
20:54:22 [DEBUG] [x10] Subscribed to funding/PENGU/USD
20:54:22 [DEBUG] [x10] Subscribed to funding/DOT/USD
20:54:23 [DEBUG] [x10] Subscribed to funding/WLD/USD
20:54:23 [DEBUG] [x10] Subscribed to publicTrades/AVAX/USD
20:54:23 [DEBUG] [x10] Subscribed to funding/PENDLE/USD
20:54:23 [DEBUG] [x10] Subscribed to funding/BTC/USD
20:54:23 [DEBUG] [x10] Subscribed to publicTrades/USDJPY/USD
20:54:23 [DEBUG] [x10] Subscribed to funding/1000SHIB/USD
20:54:23 [DEBUG] [x10] Subscribed to funding/WIF/USD
20:54:23 [DEBUG] [x10] Subscribed to funding/ADA/USD
20:54:23 [DEBUG] [x10] Subscribed to funding/JUP/USD
20:54:23 [DEBUG] [x10] Subscribed to funding/FARTCOIN/USD
20:54:23 [DEBUG] [x10] Subscribed to publicTrades/1000BONK/USD
20:54:24 [DEBUG] [x10] Subscribed to funding/ZEC/USD
20:54:24 [DEBUG] [x10] Subscribed to funding/LINK/USD
20:54:24 [DEBUG] [x10] Subscribed to publicTrades/DOGE/USD
20:54:24 [DEBUG] [x10] Subscribed to funding/XAU/USD
20:54:24 [DEBUG] [x10] Subscribed to publicTrades/ZRO/USD
20:54:24 [DEBUG] ✅ XAU-USD: X10=$4,229,225, Lighter=$1,958, Total=$4,231,183
20:54:24 [DEBUG] [x10] Subscribed to funding/APEX/USD
20:54:24 [DEBUG] Sending GET https://api.starknet.extended.exchange/api/v1/user/positions?
20:54:24 [DEBUG] [x10] Subscribed to publicTrades/TRUMP/USD
20:54:24 [DEBUG] [x10] Subscribed to publicTrades/TIA/USD
20:54:24 [INFO] ✅ No X10 position to close for WLFI-USD
20:54:24 [INFO] ✅ EMERGENCY X10 close for WLFI-USD
20:54:24 [INFO] 🔍 DEBUG BERA-USD: entry_time type=<class 'str'>, value=2025-12-01T19:53:46.618985+00:00
20:54:24 [DEBUG] Check BERA-USD: Age=38.2s (Limit=60s)
20:54:24 [DEBUG] [x10] Subscribed to publicTrades/AAVE/USD
20:54:24 [DEBUG] [x10] Subscribed to funding/S/USD
20:54:24 [DEBUG] [x10] Subscribed to funding/XAG/USD
20:54:25 [DEBUG] [x10] Subscribed to funding/MKR/USD
20:54:25 [DEBUG] [x10] Subscribed to publicTrades/ADA/USD
20:54:25 [DEBUG] [x10] Subscribed to funding/ONDO/USD
20:54:25 [DEBUG] [x10] Subscribed to funding/XPL/USD
20:54:25 [DEBUG] [x10] Subscribed to funding/SUI/USD
20:54:25 [DEBUG] [x10] Subscribed to publicTrades/BERA/USD
20:54:25 [DEBUG] [x10] Subscribed to publicTrades/TRX/USD
20:54:25 [DEBUG] MAX_OPEN_TRADES (3) reached, waiting...
20:54:25 [DEBUG] [x10] Subscribed to publicTrades/1000SHIB/USD
20:54:25 [DEBUG] Fetching fresh positions (force=False, cache_age=5.1s)
20:54:25 [DEBUG] Sending GET https://api.starknet.extended.exchange/api/v1/user/positions?
20:54:25 [DEBUG] [x10] Subscribed to publicTrades/LDO/USD
20:54:25 [DEBUG] [x10] Subscribed to funding/UNI/USD
20:54:26 [DEBUG] [x10] Subscribed to publicTrades/TON/USD
20:54:26 [DEBUG] [x10] Subscribed to publicTrades/DOT/USD
20:54:26 [INFO] Lighter: Found 3 open positions
20:54:26 [INFO] 📊 Positions: X10=2, Lighter=3
20:54:26 [DEBUG] X10 positions: ['TIA-USD', 'BERA-USD']
20:54:26 [DEBUG] Lighter positions: ['BERA-USD', 'TIA-USD', 'WLFI-USD']
20:54:26 [INFO] 🔍 DEBUG TIA-USD: entry_time type=<class 'str'>, value=2025-12-01T19:53:46.501030+00:00
20:54:26 [DEBUG] Check TIA-USD: Age=39.7s (Limit=60s)
20:54:26 [INFO] 🔍 DEBUG WLFI-USD: entry_time type=<class 'str'>, value=2025-12-01T19:53:46.525401+00:00
20:54:26 [DEBUG] Check WLFI-USD: Age=39.7s (Limit=60s)
20:54:26 [INFO] 🚜 [FARM] Profit Take WLFI-USD: Age=39s, Spread=0.020% (sehr niedrig), PnL=$-0.00
20:54:26 [INFO]  💸 EXIT WLFI-USD: FARM_QUICK_PROFIT | PnL $-0.00 (Fees: $0.00)
20:54:26 [INFO]  🔻 CLOSING WLFI-USD (Atomic Smart Close)...
20:54:26 [DEBUG] [x10] Subscribed to funding/GRASS/USD
20:54:26 [DEBUG] [x10] Subscribed to publicTrades/VIRTUAL/USD
20:54:26 [DEBUG] [x10] Subscribed to funding/EDEN/USD
20:54:26 [DEBUG] [x10] Subscribed to funding/BNB/USD
20:54:26 [DEBUG] [x10] Subscribed to funding/AVAX/USD
20:54:26 [INFO] Lighter: Found 3 open positions
20:54:26 [ERROR] ❌ Lighter close CODE ERROR for WLFI-USD: '<' not supported between instances of 'float' and 'str'
20:54:26 [WARNING] ⚠️ CODE ERROR! Force-closing X10 for WLFI-USD...
20:54:26 [DEBUG] [x10] Subscribed to publicTrades/UNI/USD
20:54:26 [DEBUG] [x10] Subscribed to funding/SOL/USD
20:54:26 [DEBUG] [x10] Subscribed to publicTrades/FIL/USD
20:54:26 [DEBUG] [x10] Subscribed to publicTrades/GRASS/USD
20:54:27 [DEBUG] [x10] Subscribed to publicTrades/AVNT/USD
20:54:27 [DEBUG] [x10] Subscribed to publicTrades/XRP/USD
20:54:27 [DEBUG] [x10] Subscribed to funding/OP/USD
20:54:27 [DEBUG] [x10] Subscribed to publicTrades/LINK/USD
20:54:27 [DEBUG] [x10] Subscribed to funding/ZRO/USD
20:54:27 [DEBUG] [x10] Subscribed to publicTrades/OP/USD
20:54:27 [DEBUG] [x10] Subscribed to publicTrades/CRV/USD
20:54:27 [DEBUG] [x10] Subscribed to publicTrades/FARTCOIN/USD
20:54:27 [DEBUG] [x10] Subscribed to publicTrades/SUI/USD
20:54:27 [DEBUG] [x10] Subscribed to funding/EIGEN/USD
20:54:27 [DEBUG] [x10] Subscribed to funding/TRX/USD
20:54:28 [DEBUG] [x10] Subscribed to funding/SPX/USD
20:54:28 [DEBUG] ✅ ZORA-USD: X10=$176,889, Lighter=$21,023,603, Total=$21,200,492
20:54:28 [DEBUG] [x10] Subscribed to funding/RESOLV/USD
20:54:28 [DEBUG] [x10] Subscribed to funding/XRP/USD
20:54:28 [DEBUG] [x10] Subscribed to publicTrades/TAO/USD
20:54:28 [DEBUG] [x10] Subscribed to funding/SEI/USD
20:54:28 [DEBUG] [x10] Subscribed to funding/MON/USD
20:54:28 [DEBUG] [x10] Subscribed to publicTrades/LTC/USD
20:54:28 [DEBUG] MAX_OPEN_TRADES (3) reached, waiting...
20:54:28 [DEBUG] [x10] Subscribed to funding/WLFI/USD
20:54:28 [DEBUG] [x10] Subscribed to publicTrades/S/USD
20:54:28 [DEBUG] [x10] Subscribed to publicTrades/STRK/USD
20:54:29 [DEBUG] [x10] Subscribed to publicTrades/ZEC/USD
20:54:29 [DEBUG] [x10] Subscribed to funding/IP/USD
20:54:29 [DEBUG] [x10] Subscribed to publicTrades/WIF/USD
20:54:29 [DEBUG] [x10] Subscribed to publicTrades/LINEA/USD
20:54:29 [DEBUG] [x10] Subscribed to funding/CRV/USD
20:54:29 [DEBUG] [x10] Subscribed to funding/NEAR/USD
20:54:29 [DEBUG] [x10] Subscribed to publicTrades/ZORA/USD
20:54:29 [DEBUG] Sending GET https://api.starknet.extended.exchange/api/v1/user/positions?
20:54:29 [DEBUG] [x10] Subscribed to funding/ZORA/USD
20:54:29 [DEBUG] [x10] Subscribed to publicTrades/WLD/USD
20:54:29 [DEBUG] [x10] Subscribed to publicTrades/APEX/USD
20:54:29 [INFO] ✅ No X10 position to close for WLFI-USD
20:54:29 [INFO] ✅ EMERGENCY X10 close for WLFI-USD
20:54:29 [INFO] 🔍 DEBUG BERA-USD: entry_time type=<class 'str'>, value=2025-12-01T19:53:46.618985+00:00
20:54:29 [DEBUG] Check BERA-USD: Age=43.3s (Limit=60s)
20:54:29 [DEBUG] [x10] Subscribed to publicTrades/NEAR/USD
20:54:30 [DEBUG] [x10] Subscribed to publicTrades/BNB/USD
20:54:30 [DEBUG] [x10] Subscribed to publicTrades/1000PEPE/USD
20:54:30 [DEBUG] [x10] Subscribed to publicTrades/EIGEN/USD
20:54:30 [DEBUG] [x10] Subscribed to funding/AVNT/USD
20:54:30 [DEBUG] [x10] Subscribed to publicTrades/MON/USD
20:54:30 [DEBUG] [x10] Subscribed to funding/AAVE/USD
20:54:30 [DEBUG] [x10] Subscribed to funding/MNT/USD
20:54:30 [DEBUG] [x10] Subscribed to publicTrades/HYPE/USD
20:54:30 [DEBUG] [x10] Subscribed to publicTrades/ONDO/USD
20:54:30 [DEBUG] Fetching fresh positions (force=False, cache_age=5.2s)
20:54:30 [DEBUG] Sending GET https://api.starknet.extended.exchange/api/v1/user/positions?
20:54:31 [INFO] 🚜 Farm Mode ACTIVE
20:54:31 [INFO] Lighter: Found 3 open positions
20:54:31 [INFO] 📊 Positions: X10=2, Lighter=3
20:54:31 [DEBUG] X10 positions: ['TIA-USD', 'BERA-USD']
20:54:31 [DEBUG] Lighter positions: ['BERA-USD', 'TIA-USD', 'WLFI-USD']
20:54:31 [INFO] 🔍 DEBUG TIA-USD: entry_time type=<class 'str'>, value=2025-12-01T19:53:46.501030+00:00
20:54:31 [DEBUG] Check TIA-USD: Age=44.9s (Limit=60s)
20:54:31 [INFO] 🔍 DEBUG WLFI-USD: entry_time type=<class 'str'>, value=2025-12-01T19:53:46.525401+00:00
20:54:31 [DEBUG] Check WLFI-USD: Age=44.8s (Limit=60s)
20:54:31 [INFO] 🚜 [FARM] Profit Take WLFI-USD: Age=44s, Spread=0.020% (sehr niedrig), PnL=$-0.00
20:54:31 [INFO]  💸 EXIT WLFI-USD: FARM_QUICK_PROFIT | PnL $-0.00 (Fees: $0.00)
20:54:31 [INFO]  🔻 CLOSING WLFI-USD (Atomic Smart Close)...
20:54:31 [DEBUG] MAX_OPEN_TRADES (3) reached, waiting...
20:54:31 [INFO] Lighter: Found 3 open positions
20:54:31 [ERROR] ❌ Lighter close CODE ERROR for WLFI-USD: '<' not supported between instances of 'float' and 'str'
20:54:31 [WARNING] ⚠️ CODE ERROR! Force-closing X10 for WLFI-USD...
20:54:31 [DEBUG] ✅ PENDLE-USD: X10=$117,505, Lighter=$1,107,824, Total=$1,225,328
20:54:34 [DEBUG] MAX_OPEN_TRADES (3) reached, waiting...
20:54:34 [DEBUG] Sending GET https://api.starknet.extended.exchange/api/v1/user/positions?
20:54:35 [INFO] ✅ No X10 position to close for WLFI-USD
20:54:35 [INFO] ✅ EMERGENCY X10 close for WLFI-USD
20:54:35 [INFO] 🔍 DEBUG BERA-USD: entry_time type=<class 'str'>, value=2025-12-01T19:53:46.618985+00:00
20:54:35 [DEBUG] Check BERA-USD: Age=48.4s (Limit=60s)
20:54:35 [DEBUG] 💓 [lighter] Ping/Pong OK
20:54:36 [DEBUG] Fetching fresh positions (force=False, cache_age=5.1s)
20:54:36 [DEBUG] Sending GET https://api.starknet.extended.exchange/api/v1/user/positions?
20:54:36 [INFO] Lighter: Found 3 open positions
20:54:36 [INFO] 📊 Positions: X10=2, Lighter=3
20:54:36 [DEBUG] X10 positions: ['TIA-USD', 'BERA-USD']
20:54:36 [DEBUG] Lighter positions: ['BERA-USD', 'TIA-USD', 'WLFI-USD']
20:54:36 [INFO] 🔍 DEBUG TIA-USD: entry_time type=<class 'str'>, value=2025-12-01T19:53:46.501030+00:00
20:54:36 [DEBUG] Check TIA-USD: Age=50.0s (Limit=60s)
20:54:36 [INFO] 🔍 DEBUG WLFI-USD: entry_time type=<class 'str'>, value=2025-12-01T19:53:46.525401+00:00
20:54:36 [DEBUG] Check WLFI-USD: Age=50.0s (Limit=60s)
20:54:36 [INFO] 🔍 DEBUG BERA-USD: entry_time type=<class 'str'>, value=2025-12-01T19:53:46.618985+00:00
20:54:36 [DEBUG] Check BERA-USD: Age=49.9s (Limit=60s)
20:54:37 [DEBUG] Using cached positions (age: 1.4s)
20:54:37 [INFO] 🔍 DEBUG TIA-USD: entry_time type=<class 'str'>, value=2025-12-01T19:53:46.501030+00:00
20:54:37 [DEBUG] Check TIA-USD: Age=51.0s (Limit=60s)
20:54:37 [INFO] 🔍 DEBUG WLFI-USD: entry_time type=<class 'str'>, value=2025-12-01T19:53:46.525401+00:00
20:54:37 [DEBUG] Check WLFI-USD: Age=51.0s (Limit=60s)
20:54:37 [INFO] 🔍 DEBUG BERA-USD: entry_time type=<class 'str'>, value=2025-12-01T19:53:46.618985+00:00
20:54:37 [DEBUG] Check BERA-USD: Age=50.9s (Limit=60s)
20:54:37 [DEBUG] ✅ MON-USD: X10=$158,674, Lighter=$228,182,115, Total=$228,340,789
20:54:37 [DEBUG] MAX_OPEN_TRADES (3) reached, waiting...
20:54:38 [DEBUG] Using cached positions (age: 2.4s)
20:54:38 [INFO] 🔍 DEBUG TIA-USD: entry_time type=<class 'str'>, value=2025-12-01T19:53:46.501030+00:00
20:54:38 [DEBUG] Check TIA-USD: Age=52.0s (Limit=60s)
20:54:38 [INFO] 🔍 DEBUG WLFI-USD: entry_time type=<class 'str'>, value=2025-12-01T19:53:46.525401+00:00
20:54:38 [DEBUG] Check WLFI-USD: Age=52.0s (Limit=60s)
20:54:38 [INFO] 🔍 DEBUG BERA-USD: entry_time type=<class 'str'>, value=2025-12-01T19:53:46.618985+00:00
20:54:38 [DEBUG] Check BERA-USD: Age=51.9s (Limit=60s)
20:54:39 [WARNING] [x10] Connection closed: 1011 Ping timeout
20:54:39 [ERROR] [x10] Send error: received 1011 (internal error) Ping timeout; then sent 1011 (internal error) Ping timeout
20:54:39 [DEBUG] 💓 [x10] App-Ping sent
20:54:39 [INFO] 🔄 [x10] Reconnecting in 1.0s (attempt 1)
20:54:39 [DEBUG] 🐕 Watchdog OK: Daten-Alter 1.7s
20:54:39 [DEBUG] Using cached positions (age: 3.4s)
20:54:39 [INFO] 🔍 DEBUG TIA-USD: entry_time type=<class 'str'>, value=2025-12-01T19:53:46.501030+00:00
20:54:39 [DEBUG] Check TIA-USD: Age=53.0s (Limit=60s)
20:54:39 [INFO] 🔍 DEBUG WLFI-USD: entry_time type=<class 'str'>, value=2025-12-01T19:53:46.525401+00:00
20:54:39 [DEBUG] Check WLFI-USD: Age=53.0s (Limit=60s)
20:54:39 [INFO] 🔍 DEBUG BERA-USD: entry_time type=<class 'str'>, value=2025-12-01T19:53:46.618985+00:00
20:54:39 [DEBUG] Check BERA-USD: Age=52.9s (Limit=60s)
20:54:40 [DEBUG] Using cached positions (age: 4.5s)
20:54:40 [INFO] 🔍 DEBUG TIA-USD: entry_time type=<class 'str'>, value=2025-12-01T19:53:46.501030+00:00
20:54:40 [DEBUG] Check TIA-USD: Age=54.0s (Limit=60s)
20:54:40 [INFO] 🔍 DEBUG WLFI-USD: entry_time type=<class 'str'>, value=2025-12-01T19:53:46.525401+00:00
20:54:40 [DEBUG] Check WLFI-USD: Age=54.0s (Limit=60s)
20:54:40 [INFO] 🔍 DEBUG BERA-USD: entry_time type=<class 'str'>, value=2025-12-01T19:53:46.618985+00:00
20:54:40 [DEBUG] Check BERA-USD: Age=53.9s (Limit=60s)
20:54:40 [DEBUG] MAX_OPEN_TRADES (3) reached, waiting...
20:54:41 [INFO] 🚜 Farm Mode ACTIVE
20:54:41 [INFO] ✅ [x10] Connected to wss://api.starknet.extended.exchange/stream.extended.exchange/v1/account
20:54:41 [DEBUG] [x10] Subscribed to funding/ASTER/USD
20:54:41 [DEBUG] [x10] Subscribed to publicTrades/PENGU/USD
20:54:41 [DEBUG] ✅ 1000BONK-USD: X10=$26,114, Lighter=$124,419,200, Total=$124,445,314
20:54:41 [DEBUG] [x10] Subscribed to publicTrades/MNT/USD
20:54:41 [DEBUG] Fetching fresh positions (force=False, cache_age=5.5s)
20:54:41 [DEBUG] Sending GET https://api.starknet.extended.exchange/api/v1/user/positions?
20:54:41 [DEBUG] [x10] Subscribed to funding/TAO/USD
20:54:41 [DEBUG] [x10] Subscribed to funding/1000PEPE/USD
20:54:41 [DEBUG] [x10] Subscribed to funding/1000BONK/USD
20:54:41 [DEBUG] [x10] Subscribed to funding/LINEA/USD
20:54:41 [DEBUG] [x10] Subscribed to funding/APT/USD
20:54:41 [INFO] Lighter: Found 3 open positions
20:54:41 [INFO] 📊 Positions: X10=2, Lighter=3
20:54:41 [DEBUG] X10 positions: ['TIA-USD', 'BERA-USD']
20:54:41 [DEBUG] Lighter positions: ['BERA-USD', 'TIA-USD', 'WLFI-USD']
20:54:41 [INFO] 🔍 DEBUG TIA-USD: entry_time type=<class 'str'>, value=2025-12-01T19:53:46.501030+00:00
20:54:41 [DEBUG] Check TIA-USD: Age=55.5s (Limit=60s)
20:54:41 [INFO] 🔍 DEBUG WLFI-USD: entry_time type=<class 'str'>, value=2025-12-01T19:53:46.525401+00:00
20:54:41 [DEBUG] Check WLFI-USD: Age=55.4s (Limit=60s)
20:54:41 [INFO] 🔍 DEBUG BERA-USD: entry_time type=<class 'str'>, value=2025-12-01T19:53:46.618985+00:00
20:54:41 [DEBUG] Check BERA-USD: Age=55.3s (Limit=60s)
20:54:41 [DEBUG] [x10] Subscribed to funding/FIL/USD
20:54:42 [DEBUG] [x10] Subscribed to publicTrades/MKR/USD
20:54:42 [DEBUG] [x10] Subscribed to publicTrades/KAITO/USD
20:54:42 [DEBUG] [x10] Subscribed to funding/USDJPY/USD
20:54:42 [DEBUG] [x10] Subscribed to funding/TIA/USD
20:54:42 [DEBUG] [x10] Subscribed to publicTrades/ASTER/USD
20:54:42 [DEBUG] [x10] Subscribed to funding/POPCAT/USD
20:54:42 [DEBUG] [x10] Subscribed to funding/VIRTUAL/USD
20:54:42 [DEBUG] [x10] Subscribed to publicTrades/POPCAT/USD
20:54:42 [DEBUG] [x10] Subscribed to funding/TON/USD
20:54:42 [DEBUG] Using cached positions (age: 1.4s)
20:54:42 [INFO] 🔍 DEBUG TIA-USD: entry_time type=<class 'str'>, value=2025-12-01T19:53:46.501030+00:00
20:54:42 [DEBUG] Check TIA-USD: Age=56.4s (Limit=60s)
20:54:42 [INFO] 🔍 DEBUG WLFI-USD: entry_time type=<class 'str'>, value=2025-12-01T19:53:46.525401+00:00
20:54:42 [DEBUG] Check WLFI-USD: Age=56.4s (Limit=60s)
20:54:42 [INFO] 🔍 DEBUG BERA-USD: entry_time type=<class 'str'>, value=2025-12-01T19:53:46.618985+00:00
20:54:42 [DEBUG] Check BERA-USD: Age=56.3s (Limit=60s)
20:54:42 [DEBUG] [x10] Subscribed to publicTrades/JUP/USD
20:54:43 [DEBUG] [x10] Subscribed to publicTrades/PENDLE/USD
20:54:43 [DEBUG] [x10] Subscribed to funding/DOGE/USD
20:54:43 [DEBUG] [x10] Subscribed to funding/BCH/USD
20:54:43 [DEBUG] [x10] Subscribed to publicTrades/APT/USD
20:54:43 [DEBUG] [x10] Subscribed to publicTrades/IP/USD
20:54:43 [DEBUG] [x10] Subscribed to funding/BERA/USD
20:54:43 [DEBUG] [x10] Subscribed to publicTrades/ENA/USD
20:54:43 [DEBUG] [x10] Subscribed to publicTrades/XPL/USD
20:54:43 [DEBUG] MAX_OPEN_TRADES (3) reached, waiting...
20:54:43 [DEBUG] [x10] Subscribed to publicTrades/EDEN/USD
20:54:43 [DEBUG] [x10] Subscribed to publicTrades/PUMP/USD
20:54:43 [DEBUG] Using cached positions (age: 2.4s)
20:54:43 [INFO] 🔍 DEBUG TIA-USD: entry_time type=<class 'str'>, value=2025-12-01T19:53:46.501030+00:00
20:54:43 [DEBUG] Check TIA-USD: Age=57.4s (Limit=60s)
20:54:43 [INFO] 🔍 DEBUG WLFI-USD: entry_time type=<class 'str'>, value=2025-12-01T19:53:46.525401+00:00
20:54:43 [DEBUG] Check WLFI-USD: Age=57.4s (Limit=60s)
20:54:43 [INFO] 🔍 DEBUG BERA-USD: entry_time type=<class 'str'>, value=2025-12-01T19:53:46.618985+00:00
20:54:43 [DEBUG] Check BERA-USD: Age=57.3s (Limit=60s)
20:54:43 [DEBUG] [x10] Subscribed to funding/ARB/USD
20:54:44 [DEBUG] 📊 X10 Funding Cache refresh (current=91)
20:54:44 [DEBUG] Sending GET https://api.starknet.extended.exchange/api/v1/info/markets?
20:54:44 [DEBUG] [x10] Subscribed to funding/ENA/USD
20:54:44 [DEBUG] [x10] Subscribed to publicTrades/SPX/USD
20:54:44 [DEBUG] [x10] Subscribed to publicTrades/RESOLV/USD
20:54:44 [DEBUG] [x10] Subscribed to publicTrades/BCH/USD
20:54:44 [DEBUG] [x10] Subscribed to publicTrades/HYPE/USD
20:54:44 [DEBUG] [x10] Subscribed to publicTrades/XAU/USD
20:54:44 [DEBUG] [x10] Subscribed to publicTrades/WLFI/USD
20:54:44 [DEBUG] [x10] Subscribed to funding/KAITO/USD
20:54:44 [DEBUG] [x10] Subscribed to funding/STRK/USD
20:54:44 [DEBUG] [x10] Subscribed to funding/TRUMP/USD
20:54:44 [DEBUG] Using cached positions (age: 3.4s)
20:54:44 [INFO] 🔍 DEBUG TIA-USD: entry_time type=<class 'str'>, value=2025-12-01T19:53:46.501030+00:00
20:54:44 [DEBUG] Check TIA-USD: Age=58.4s (Limit=60s)
20:54:44 [INFO] 🔍 DEBUG WLFI-USD: entry_time type=<class 'str'>, value=2025-12-01T19:53:46.525401+00:00
20:54:44 [DEBUG] Check WLFI-USD: Age=58.4s (Limit=60s)
20:54:44 [INFO] 🔍 DEBUG BERA-USD: entry_time type=<class 'str'>, value=2025-12-01T19:53:46.618985+00:00
20:54:44 [DEBUG] Check BERA-USD: Age=58.3s (Limit=60s)
20:54:45 [DEBUG] [x10] Subscribed to funding/LTC/USD
20:54:45 [DEBUG] [x10] Subscribed to publicTrades/BTC/USD
20:54:45 [DEBUG] ✅ FIL-USD: X10=$0, Lighter=$320,321, Total=$320,321
20:54:45 [DEBUG] [x10] Subscribed to publicTrades/XAG/USD
20:54:45 [DEBUG] [x10] Subscribed to publicTrades/SEI/USD
20:54:45 [DEBUG] [x10] Subscribed to funding/LDO/USD
20:54:45 [DEBUG] [x10] Subscribed to funding/PUMP/USD
20:54:45 [DEBUG] [x10] Subscribed to publicTrades/ARB/USD
20:54:45 [DEBUG] [x10] Subscribed to funding/HYPE/USD
20:54:45 [DEBUG] [x10] Subscribed to funding/PENGU/USD
20:54:45 [DEBUG] [x10] Subscribed to funding/DOT/USD
20:54:45 [DEBUG] Using cached positions (age: 4.4s)
20:54:45 [INFO] 🔍 DEBUG TIA-USD: entry_time type=<class 'str'>, value=2025-12-01T19:53:46.501030+00:00
20:54:45 [DEBUG] Check TIA-USD: Age=59.4s (Limit=60s)
20:54:45 [INFO] 🔍 DEBUG WLFI-USD: entry_time type=<class 'str'>, value=2025-12-01T19:53:46.525401+00:00
20:54:45 [DEBUG] Check WLFI-USD: Age=59.4s (Limit=60s)
20:54:45 [INFO] 🔍 DEBUG BERA-USD: entry_time type=<class 'str'>, value=2025-12-01T19:53:46.618985+00:00
20:54:45 [DEBUG] Check BERA-USD: Age=59.3s (Limit=60s)
20:54:45 [DEBUG] [x10] Subscribed to funding/WLD/USD
20:54:46 [DEBUG] [x10] Subscribed to publicTrades/AVAX/USD
20:54:46 [DEBUG] [x10] Subscribed to funding/PENDLE/USD
20:54:46 [INFO]  X10: 91 Märkte geladen, 91 Funding Rates, 82 Preise
20:54:46 [DEBUG] X10: Funding Refresh OK, cache=91
20:54:46 [DEBUG] 📊 Lighter Funding Cache refresh (current=115)
20:54:46 [DEBUG] [x10] Subscribed to funding/BTC/USD
20:54:46 [DEBUG] [x10] Subscribed to publicTrades/USDJPY/USD
20:54:46 [DEBUG] [x10] Subscribed to funding/1000SHIB/USD
20:54:46 [DEBUG] Lighter: Loaded 379 funding rates
20:54:46 [DEBUG] [x10] Subscribed to funding/WIF/USD
20:54:46 [DEBUG] [x10] Subscribed to funding/ADA/USD
20:54:46 [DEBUG] MAX_OPEN_TRADES (3) reached, waiting...
20:54:46 [DEBUG] [x10] Subscribed to funding/JUP/USD
20:54:46 [DEBUG] [x10] Subscribed to funding/FARTCOIN/USD
20:54:46 [DEBUG] [x10] Subscribed to publicTrades/1000BONK/USD
20:54:46 [DEBUG] Fetching fresh positions (force=False, cache_age=5.5s)
20:54:46 [DEBUG] Sending GET https://api.starknet.extended.exchange/api/v1/user/positions?
20:54:47 [DEBUG] [x10] Subscribed to funding/ZEC/USD
20:54:47 [DEBUG] [x10] Subscribed to funding/LINK/USD
20:54:47 [DEBUG] [x10] Subscribed to publicTrades/DOGE/USD
20:54:47 [DEBUG] [x10] Subscribed to funding/XAU/USD
20:54:47 [DEBUG] [x10] Subscribed to publicTrades/ZRO/USD
20:54:47 [INFO] Lighter: Found 3 open positions
20:54:47 [INFO] 📊 Positions: X10=2, Lighter=3
20:54:47 [DEBUG] X10 positions: ['TIA-USD', 'BERA-USD']
20:54:47 [DEBUG] Lighter positions: ['BERA-USD', 'TIA-USD', 'WLFI-USD']
20:54:47 [INFO] 🔍 DEBUG TIA-USD: entry_time type=<class 'str'>, value=2025-12-01T19:53:46.501030+00:00
20:54:47 [DEBUG] Check TIA-USD: Age=60.9s (Limit=60s)
20:54:47 [WARNING] 🚜 [FARM] NOT-AUS: Zwangsschließung für TIA-USD (Zeit abgelaufen: 60s > 60s)
20:54:47 [INFO]  🔻 CLOSING TIA-USD (Atomic Smart Close)...
20:54:47 [DEBUG] Lighter: Loaded 115 prices via REST
20:54:47 [DEBUG] Lighter: Funding Refresh OK, cache=115
20:54:47 [DEBUG] [x10] Subscribed to funding/APEX/USD
20:54:47 [DEBUG] [x10] Subscribed to publicTrades/TRUMP/USD
20:54:47 [DEBUG] [x10] Subscribed to publicTrades/TIA/USD
20:54:47 [DEBUG] [x10] Subscribed to publicTrades/AAVE/USD
20:54:47 [DEBUG] [x10] Subscribed to funding/S/USD
20:54:47 [INFO] Lighter: Found 3 open positions
20:54:47 [ERROR] ❌ Lighter close CODE ERROR for TIA-USD: '<' not supported between instances of 'float' and 'str'
20:54:47 [WARNING] ⚠️ CODE ERROR! Force-closing X10 for TIA-USD...
20:54:47 [DEBUG] [x10] Subscribed to funding/XAG/USD
20:54:48 [DEBUG] [x10] Subscribed to funding/MKR/USD
20:54:48 [DEBUG] [x10] Subscribed to publicTrades/ADA/USD
20:54:48 [DEBUG] [x10] Subscribed to funding/ONDO/USD
20:54:48 [DEBUG] [x10] Subscribed to funding/XPL/USD
20:54:48 [DEBUG] [x10] Subscribed to funding/SUI/USD
20:54:48 [DEBUG] [x10] Subscribed to publicTrades/BERA/USD
20:54:48 [DEBUG] [x10] Subscribed to publicTrades/TRX/USD
20:54:48 [DEBUG] [x10] Subscribed to publicTrades/1000SHIB/USD
20:54:48 [DEBUG] [x10] Subscribed to publicTrades/LDO/USD
20:54:48 [DEBUG] [x10] Subscribed to funding/UNI/USD
20:54:48 [DEBUG] ✅ BERA-USD: X10=$241,999, Lighter=$1,166,635, Total=$1,408,634
20:54:48 [DEBUG] [x10] Subscribed to publicTrades/TON/USD
20:54:49 [DEBUG] [x10] Subscribed to publicTrades/DOT/USD
20:54:49 [DEBUG] [x10] Subscribed to funding/GRASS/USD
20:54:49 [DEBUG] [x10] Subscribed to publicTrades/VIRTUAL/USD
20:54:49 [DEBUG] [x10] Subscribed to funding/EDEN/USD
20:54:49 [DEBUG] [x10] Subscribed to funding/BNB/USD
20:54:49 [DEBUG] [x10] Subscribed to funding/AVAX/USD
20:54:49 [DEBUG] [x10] Subscribed to publicTrades/UNI/USD
20:54:49 [DEBUG] MAX_OPEN_TRADES (3) reached, waiting...
20:54:49 [DEBUG] [x10] Subscribed to funding/SOL/USD
20:54:49 [DEBUG] [x10] Subscribed to publicTrades/FIL/USD
20:54:49 [DEBUG] [x10] Subscribed to publicTrades/GRASS/USD
20:54:50 [DEBUG] [x10] Subscribed to publicTrades/AVNT/USD
20:54:50 [DEBUG] [x10] Subscribed to publicTrades/XRP/USD
20:54:50 [DEBUG] [x10] Subscribed to funding/OP/USD
20:54:50 [DEBUG] [x10] Subscribed to publicTrades/LINK/USD
20:54:50 [DEBUG] [x10] Subscribed to funding/ZRO/USD
20:54:50 [DEBUG] [x10] Subscribed to publicTrades/OP/USD
20:54:50 [DEBUG] [x10] Subscribed to publicTrades/CRV/USD
20:54:50 [DEBUG] [x10] Subscribed to publicTrades/FARTCOIN/USD
20:54:50 [DEBUG] [x10] Subscribed to publicTrades/SUI/USD
20:54:50 [DEBUG] Sending GET https://api.starknet.extended.exchange/api/v1/user/positions?
20:54:50 [DEBUG] [x10] Subscribed to funding/EIGEN/USD
20:54:51 [DEBUG] [x10] Subscribed to funding/TRX/USD
20:54:51 [DEBUG] [x10] Subscribed to funding/SPX/USD
20:54:51 [INFO] 🔻 Closing X10 TIA-USD: size=53.000000 coins, side=BUY
20:54:51 [DEBUG] Sending GET https://api.starknet.extended.exchange/api/v1/user/positions?
20:54:51 [DEBUG] [x10] Subscribed to funding/RESOLV/USD
20:54:51 [INFO] 🚜 Farm Mode ACTIVE
20:54:51 [DEBUG] [x10] Subscribed to funding/XRP/USD
20:54:51 [INFO] 🔻 X10 CLOSE TIA-USD: size=53.000000, side=SELL
20:54:51 [DEBUG] [x10] Subscribed to publicTrades/TAO/USD
20:54:51 [DEBUG] Placing an order: id=3121266873075007366919682528341472878361751601360784698183377664235921713141
20:54:51 [DEBUG] Sending POST https://api.starknet.extended.exchange/api/v1/user/order, headers={<RequestHeader.ACCEPT: 'Accept'>: 'application/json', <RequestHeader.CONTENT_TYPE: 'Content-Type'>: 'application/json', <RequestHeader.USER_AGENT: 'User-Agent'>: 'X10PythonTradingClient/0.0.17', <RequestHeader.API_KEY: 'X-Api-Key'>: 'a1c9207f79f0e57ddc454bf1e16dbe49'}
20:54:51 [DEBUG] [x10] Subscribed to funding/SEI/USD
20:54:51 [DEBUG] [x10] Subscribed to funding/MON/USD
20:54:51 [DEBUG] [x10] Subscribed to publicTrades/LTC/USD
20:54:51 [DEBUG] [x10] Subscribed to funding/WLFI/USD
20:54:51 [DEBUG] [x10] Subscribed to publicTrades/S/USD
20:54:52 [DEBUG] [x10] Subscribed to publicTrades/STRK/USD
20:54:52 [DEBUG] [x10] Subscribed to publicTrades/ZEC/USD
20:54:52 [DEBUG] [x10] Subscribed to funding/IP/USD
20:54:52 [DEBUG] [x10] Subscribed to publicTrades/WIF/USD
20:54:52 [DEBUG] [x10] Subscribed to publicTrades/LINEA/USD
20:54:52 [INFO]  X10 Order: 1995582357818736640
20:54:52 [DEBUG] [x10] Subscribed to funding/CRV/USD
20:54:52 [DEBUG] [x10] Subscribed to funding/NEAR/USD
20:54:52 [DEBUG] ✅ RESOLV-USD: X10=$266,092, Lighter=$8,753,245, Total=$9,019,337
20:54:52 [DEBUG] [x10] Subscribed to publicTrades/ZORA/USD
20:54:52 [DEBUG] MAX_OPEN_TRADES (3) reached, waiting...
20:54:52 [DEBUG] [x10] Subscribed to funding/ZORA/USD
20:54:52 [DEBUG] [x10] Subscribed to publicTrades/WLD/USD
20:54:52 [DEBUG] [x10] Subscribed to publicTrades/APEX/USD
20:54:53 [DEBUG] [x10] Subscribed to publicTrades/NEAR/USD
20:54:53 [DEBUG] [x10] Subscribed to publicTrades/BNB/USD
20:54:53 [DEBUG] [x10] Subscribed to publicTrades/1000PEPE/USD
20:54:53 [DEBUG] [x10] Subscribed to publicTrades/EIGEN/USD
20:54:53 [DEBUG] [x10] Subscribed to funding/AVNT/USD
20:54:53 [DEBUG] [x10] Subscribed to publicTrades/MON/USD
20:54:53 [DEBUG] [x10] Subscribed to funding/AAVE/USD
20:54:53 [DEBUG] [x10] Subscribed to funding/MNT/USD
20:54:53 [DEBUG] [x10] Subscribed to publicTrades/SOL/USD
20:54:53 [DEBUG] [x10] Subscribed to publicTrades/ONDO/USD
20:54:54 [DEBUG] Sending GET https://api.starknet.extended.exchange/api/v1/user/positions?
20:54:54 [INFO] ✅ X10 TIA-USD closed (53.000000 coins)
20:54:54 [INFO] ✅ EMERGENCY X10 close for TIA-USD
20:54:54 [ERROR] ❌ Zwangsschließung von TIA-USD fehlgeschlagen - Retry im nächsten Cycle
20:54:54 [INFO] 🔍 DEBUG WLFI-USD: entry_time type=<class 'str'>, value=2025-12-01T19:53:46.525401+00:00
20:54:54 [DEBUG] Check WLFI-USD: Age=68.1s (Limit=60s)
20:54:54 [WARNING] 🚜 [FARM] NOT-AUS: Zwangsschließung für WLFI-USD (Zeit abgelaufen: 68s > 60s)
20:54:54 [INFO]  🔻 CLOSING WLFI-USD (Atomic Smart Close)...
20:54:55 [INFO] Lighter: Found 3 open positions
20:54:55 [ERROR] ❌ Lighter close CODE ERROR for WLFI-USD: '<' not supported between instances of 'float' and 'str'
20:54:55 [WARNING] ⚠️ CODE ERROR! Force-closing X10 for WLFI-USD...
20:54:55 [DEBUG] MAX_OPEN_TRADES (3) reached, waiting...
20:54:55 [DEBUG] 💓 [lighter] Ping/Pong OK
20:54:58 [DEBUG] Sending GET https://api.starknet.extended.exchange/api/v1/user/positions?
20:54:58 [INFO] ✅ No X10 position to close for WLFI-USD
20:54:58 [INFO] ✅ EMERGENCY X10 close for WLFI-USD
20:54:58 [ERROR] ❌ Zwangsschließung von WLFI-USD fehlgeschlagen - Retry im nächsten Cycle
20:54:58 [INFO] 🔍 DEBUG BERA-USD: entry_time type=<class 'str'>, value=2025-12-01T19:53:46.618985+00:00
20:54:58 [DEBUG] Check BERA-USD: Age=71.7s (Limit=60s)
20:54:58 [WARNING] 🚜 [FARM] NOT-AUS: Zwangsschließung für BERA-USD (Zeit abgelaufen: 71s > 60s)
20:54:58 [INFO]  🔻 CLOSING BERA-USD (Atomic Smart Close)...
20:54:58 [DEBUG] ✅ LTC-USD: X10=$237,787, Lighter=$28,536, Total=$266,324
20:54:58 [DEBUG] MAX_OPEN_TRADES (3) reached, waiting...
20:54:58 [INFO] Lighter: Found 3 open positions
20:54:58 [ERROR] ❌ Lighter close CODE ERROR for BERA-USD: '<' not supported between instances of 'float' and 'str'
20:54:58 [WARNING] ⚠️ CODE ERROR! Force-closing X10 for BERA-USD...
20:55:01 [INFO] 🚜 Farm Mode ACTIVE
20:55:01 [WARNING] 🛑 Received SIGINT, initiating graceful shutdown...
20:55:01 [INFO] 🛑 Shutting down...
20:55:01 [INFO] 🛑 Initiating graceful shutdown...
20:55:01 [INFO] 🔍 Supervisor loop stopped
20:55:01 [INFO] 🛑 Cancelling logic_loop...
20:55:01 [INFO] 🛑 Cancelling trade_management_loop...
20:55:01 [INFO] 🛑 Cancelling farm_loop...
20:55:01 [INFO] 🛑 Cancelling maintenance_loop...
20:55:01 [INFO] 🛑 Cancelling cleanup_finished_tasks...
20:55:01 [INFO] 🛑 Cancelling health_reporter...
20:55:01 [INFO] 🛑 Cancelling connection_watchdog...
20:55:01 [INFO] Logic loop cancelled
20:55:01 [INFO] Connection watchdog cancelled
20:55:01 [INFO] ✅ All tasks stopped
20:55:01 [INFO] 🛑 Rollback processor: Shutdown signal received
20:55:01 [INFO] ✅ ParallelExecutionManager: Stopped
20:55:02 [DEBUG] ✅ SEI-USD: X10=$80,780, Lighter=$9,415,894, Total=$9,496,673
20:55:02 [INFO] 🔌 [x10] WebSocket stopped
20:55:05 [WARNING] 🛑 Received SIGINT, initiating graceful shutdown...
20:55:05 [DEBUG] ✅ MKR-USD: X10=$9,283, Lighter=$0, Total=$9,283
20:55:06 [INFO] 🔌 [lighter] WebSocket stopped
20:55:06 [INFO] ✅ WebSocketManager stopped
20:55:06 [INFO] ✅ OpenInterestTracker stopped
20:55:06 [INFO] 🛑 Stopping InMemoryStateManager...
20:55:06 [INFO] 📝 State writer loop stopped
20:55:06 [INFO] ✅ InMemoryStateManager stopped
20:55:06 [INFO] 🔒 Closing database...
20:55:06 [INFO] 🖊️ Database write loop stopped
20:55:06 [INFO] ✅ Database closed
20:55:06 [INFO] ✅ X10 Adapter geschlossen.
20:55:06 [INFO] ✅ Lighter Adapter closed
20:55:06 [INFO] ✅ Bot V5 shutdown complete
