15:58:09 [INFO] CONFIG VALIDATION COMPLETED.
15:58:09 [INFO] 🔥 BOT V5 (Architected) STARTING...
15:58:09 [INFO] 🚀 Starting InMemoryStateManager...
15:58:09 [INFO] 📂 Initializing database: data/trades.db
15:58:09 [INFO] ✅ Read pool created: 5 connections
15:58:09 [INFO] ✅ WAL mode enabled
15:58:09 [INFO] 🔄 Running database migrations...
15:58:09 [INFO] ✅ Migrations complete (14 statements)
15:58:09 [INFO] ✅ Database initialized
15:58:09 [INFO] 🖊️ Database write loop started
15:58:09 [DEBUG] Maintenance not due (Last: 2h ago)
15:58:09 [INFO] 📂 Loaded 4 trades from database
15:58:09 [INFO] ✅ InMemoryStateManager started (loaded 4 trades)
15:58:09 [INFO] ✅ State Manager started
15:58:09 [INFO]  Telegram Bot disabled (Token/ChatID missing).
15:58:09 [INFO] ✅ Async database initialized
15:58:09 [INFO] 📝 State writer loop started
15:58:09 [DEBUG] ✅ Database schema up to date
15:58:09 [INFO] Initialisiere X10 Adapter...
15:58:09 [INFO]  X10 Account initialisiert.
15:58:09 [INFO] Initialisiere Lighter Adapter...
15:58:09 [INFO] 💰 Checking exchange balances at startup...
15:58:09 [DEBUG] Sending GET https://api.starknet.extended.exchange/api/v1/user/balance
15:58:10 [INFO] 💰 X10 verfügbare Balance: $237.86 USDC
15:58:10 [INFO] 💰 STARTUP BALANCE CHECK: X10=$237.86, Lighter=$0.00
15:58:10 [WARNING] ⚠️ Lighter balance is $0 - Check Lighter wallet!
15:58:10 [INFO] 💰 FeeManager initialized (Dynamic Fees: ENABLED)
15:58:10 [DEBUG] FeeManager: Adapters set (X10=True, Lighter=True)
15:58:10 [WARNING] Lighter fee refresh failed: API returned no fee data, using fallback
15:58:12 [INFO] ✅ X10 Fee Schedule (REST /api/v1/user/fees): Maker=0.000000, Taker=0.000225
15:58:12 [INFO] ✅ X10 Fees updated: Maker=0.000000, Taker=0.000225 (source=api)
15:58:12 [INFO] ✅ FeeManager started with periodic refresh
15:58:12 [INFO] ✅ FeeManager started
15:58:12 [INFO] 🎲 KellyPositionSizer initialized (Safety=0.25, MaxFraction=0.1)
15:58:12 [WARNING] ⚠️ Kelly: All 30 trades had $0.00 PnL. This is expected for new deployments or if PnL tracking was recently enabled. Proceeding with defaults.
15:58:12 [INFO] ✅ Funding Tracker started (updates every 3600s)
15:58:12 [INFO] ✅ FundingTracker started (interval=3600s)
15:58:12 [INFO] 📊 Loading Market Data via REST...
15:58:12 [INFO] 🔄 Funding tracking loop started...
15:58:12 [DEBUG] Sending GET https://api.starknet.extended.exchange/api/v1/info/markets?
15:58:12 [INFO] 📊 Updating funding for 4 open trades...
15:58:12 [DEBUG] Sending GET https://api.starknet.extended.exchange/api/v1/user/positions?
15:58:15 [DEBUG] Sending GET https://api.starknet.extended.exchange/api/v1/user/positions?
15:58:15 [DEBUG] [X10] 🔄 Deduplicated: X10:fetch_open_positions
15:58:15 [DEBUG] Sending GET https://api.starknet.extended.exchange/api/v1/user/positions?
15:58:15 [DEBUG] Sending GET https://api.starknet.extended.exchange/api/v1/user/positions?
15:58:16 [INFO] ✅ Funding update complete: 0/4 trades updated, $0.00 collected this cycle ($0.00 lifetime) in 3.4s
15:58:17 [INFO] ✅ Lighter: Loaded 114 markets (base data)
15:58:17 [INFO] 📊 MARKET ADA-USD: size_decimals=8, price_decimals=6, min_base_amount=10.0
15:58:17 [INFO] 📊 MARKET SEI-USD: size_decimals=8, price_decimals=6, min_base_amount=50.0
15:58:17 [INFO] 📊 MARKET RESOLV-USD: size_decimals=8, price_decimals=6, min_base_amount=40.0
15:58:17 [INFO] 📊 MARKET TIA-USD: size_decimals=8, price_decimals=6, min_base_amount=3.0
15:58:26 [INFO]  X10: 91 Märkte geladen, 91 Funding Rates, 78 Preise
15:58:26 [INFO] ✅ Markets loaded: X10=91, Lighter=114
15:58:26 [INFO] 📈 Pre-loading Lighter prices...
15:58:26 [INFO] ✅ Lighter prices loaded: 0 symbols
15:58:26 [INFO] 🔥 Warming up execution clients (Network Handshake)...
15:58:26 [WARNING] ⚠️ Warmup warning: Lighter SDK not installed
15:58:26 [INFO] 启动 OI Tracker für 65 Symbole...
15:58:26 [INFO] ✅ OpenInterestTracker started (interval=15.0s)
15:58:26 [INFO] 🌐 Starting WebSocket Manager...
15:58:26 [INFO] 📊 OI Tracker: Starting cycle 1 (65 symbols)
15:58:26 [INFO] 🔌 [lighter] WebSocket manager started
15:58:26 [INFO] 🔌 [x10_account] WebSocket manager started
15:58:26 [INFO] 🔌 [x10_trades] WebSocket manager started
15:58:26 [INFO] 🔌 [x10_funding] WebSocket manager started
15:58:26 [INFO] 🔌 [x10_orderbooks] WebSocket manager started
15:58:26 [INFO] 🔌 [lighter] Connecting with kwargs: {'close_timeout': 5.0, 'max_size': 4194304, 'ping_interval': 20.0, 'ping_timeout': 10.0}
15:58:26 [INFO] 🔌 [x10_account] Connecting with kwargs: {'close_timeout': 5.0, 'max_size': 4194304, 'ping_interval': 15.0, 'additional_headers': {'X-Api-Key': '***MASKED***', 'User-Agent': 'X10PythonTradingClient/0.4.5'}}
15:58:26 [INFO] 🔌 [x10_trades] Connecting with kwargs: {'close_timeout': 5.0, 'max_size': 4194304, 'ping_interval': 15.0, 'additional_headers': {'X-Api-Key': '***MASKED***', 'User-Agent': 'X10PythonTradingClient/0.4.5'}}
15:58:26 [INFO] 🔌 [x10_funding] Connecting with kwargs: {'close_timeout': 5.0, 'max_size': 4194304, 'ping_interval': 15.0, 'additional_headers': {'X-Api-Key': '***MASKED***', 'User-Agent': 'X10PythonTradingClient/0.4.5'}}
15:58:26 [INFO] 🔌 [x10_orderbooks] Connecting with kwargs: {'close_timeout': 5.0, 'max_size': 4194304, 'ping_interval': 15.0, 'additional_headers': {'X-Api-Key': '***MASKED***', 'User-Agent': 'X10PythonTradingClient/0.4.5'}}
15:58:26 [INFO] ✅ WebSocketManager started (Lighter + X10 Account/Trades/Funding)
15:58:26 [DEBUG] ✅ 1000BONK-USD: X10=$55,281, Lighter=$0, Total=$55,281
15:58:27 [INFO] ✅ [x10_funding] Connected to wss://api.starknet.extended.exchange/stream.extended.exchange/v1/funding
15:58:27 [INFO] ✅ [x10_funding] Keepalive enabled: ping_interval=15.0s, ping_timeout=None (auto-pong)
15:58:27 [INFO] [x10_funding] Receive loop started (async iterator)
15:58:27 [DEBUG] 💓 [x10_funding] Heartbeat started (stale_threshold=300.0s)
15:58:27 [INFO] ✅ [x10_trades] Connected to wss://api.starknet.extended.exchange/stream.extended.exchange/v1/publicTrades
15:58:27 [INFO] ✅ [x10_trades] Keepalive enabled: ping_interval=15.0s, ping_timeout=None (auto-pong)
15:58:27 [INFO] [x10_trades] Receive loop started (async iterator)
15:58:27 [DEBUG] 💓 [x10_trades] Heartbeat started (stale_threshold=300.0s)
15:58:27 [INFO] ✅ [x10_orderbooks] Connected to wss://api.starknet.extended.exchange/stream.extended.exchange/v1/orderbooks
15:58:27 [INFO] ✅ [x10_orderbooks] Keepalive enabled: ping_interval=15.0s, ping_timeout=None (auto-pong)
15:58:27 [INFO] [x10_orderbooks] Receive loop started (async iterator)
15:58:27 [DEBUG] 💓 [x10_orderbooks] Heartbeat started (stale_threshold=180.0s)
15:58:28 [INFO] [x10] Connected to Firehose streams (Trades & Funding) for all markets.
15:58:28 [INFO] 🔗 Components Wired: WS -> OI Tracker -> Prediction
15:58:28 [INFO] 🧟 Starte Zombie-Check: Vergleiche DB mit echten Positionen...
15:58:28 [INFO] 🔍 DB meldet 4 offene Trades. Prüfe Exchange...
15:58:28 [DEBUG] Sending GET https://api.starknet.extended.exchange/api/v1/user/positions?
15:58:28 [DEBUG] ✅ TRX-USD: X10=$294,892, Lighter=$0, Total=$294,892
15:58:28 [INFO] ✅ [lighter] Connected to wss://mainnet.zklighter.elliot.ai/stream
15:58:28 [INFO] ✅ [lighter] Keepalive enabled: ping_interval=20.0s, ping_timeout=10.0s
15:58:28 [INFO] [lighter] Resubscribing to 129 channels (paced)...
15:58:28 [INFO] [lighter] Receive loop started (async iterator)
15:58:28 [DEBUG] 💓 [lighter] Heartbeat started (stale_threshold=180.0s)
15:58:28 [DEBUG] [lighter] Resubscribed 10/129 channels
15:58:28 [DEBUG] [lighter] Resubscribed 20/129 channels
15:58:28 [DEBUG] [lighter] Resubscribed 30/129 channels
15:58:28 [INFO] 🌍 Echte Positionen auf Exchanges: []
15:58:28 [WARNING] ⚠️  ZOMBIE GEFUNDEN: TIA-USD ist in DB offen, aber nicht auf Exchange. Schließe ihn...
15:58:28 [INFO] 📝 close_trade_in_state(TIA-USD): PnL=$0.0000, Funding=$0.0000
15:58:28 [INFO] 📝 StateManager.close_trade(TIA-USD): PnL=$0.0000, Funding=$0.0000
15:58:28 [DEBUG] 📝 StateManager.close_trade(TIA-USD): update_trade returned True
15:58:28 [INFO] ✅ Trade TIA-USD closed in state (PnL: $0.0000, Funding: $0.0000)
15:58:28 [WARNING] ⚠️  ZOMBIE GEFUNDEN: EIGEN-USD ist in DB offen, aber nicht auf Exchange. Schließe ihn...
15:58:28 [INFO] 📝 close_trade_in_state(EIGEN-USD): PnL=$0.0000, Funding=$0.0000
15:58:28 [INFO] 📝 StateManager.close_trade(EIGEN-USD): PnL=$0.0000, Funding=$0.0000
15:58:28 [DEBUG] 📝 StateManager.close_trade(EIGEN-USD): update_trade returned True
15:58:28 [INFO] ✅ Trade EIGEN-USD closed in state (PnL: $0.0000, Funding: $0.0000)
15:58:28 [WARNING] ⚠️  ZOMBIE GEFUNDEN: NEAR-USD ist in DB offen, aber nicht auf Exchange. Schließe ihn...
15:58:28 [INFO] 📝 close_trade_in_state(NEAR-USD): PnL=$0.0000, Funding=$0.0000
15:58:28 [INFO] 📝 StateManager.close_trade(NEAR-USD): PnL=$0.0000, Funding=$0.0000
15:58:28 [DEBUG] 📝 StateManager.close_trade(NEAR-USD): update_trade returned True
15:58:28 [INFO] ✅ Trade NEAR-USD closed in state (PnL: $0.0000, Funding: $0.0000)
15:58:28 [WARNING] ⚠️  ZOMBIE GEFUNDEN: MON-USD ist in DB offen, aber nicht auf Exchange. Schließe ihn...
15:58:28 [INFO] 📝 close_trade_in_state(MON-USD): PnL=$0.0000, Funding=$0.0000
15:58:28 [INFO] 📝 StateManager.close_trade(MON-USD): PnL=$0.0000, Funding=$0.0000
15:58:28 [DEBUG] 📝 StateManager.close_trade(MON-USD): update_trade returned True
15:58:28 [INFO] ✅ Trade MON-USD closed in state (PnL: $0.0000, Funding: $0.0000)
15:58:28 [INFO] 🧟 Reverse Ghost Check: Suche Positionen auf Exchange ohne DB Entry...
15:58:28 [DEBUG] [X10] 🔄 Deduplicated: X10:fetch_open_positions
15:58:28 [DEBUG] Sending GET https://api.starknet.extended.exchange/api/v1/user/positions?
15:58:28 [INFO] 📝 DB close_trade(TIA-USD): PnL=$0.0000, Funding=$0.0000
15:58:28 [DEBUG] 📝 DB close_trade(TIA-USD): Execute returned 0
15:58:28 [DEBUG] 📝 Flushed 1 writes
15:58:28 [DEBUG] 📝 Flushed 1 writes in 0.0ms
15:58:28 [DEBUG] [lighter] Resubscribed 40/129 channels
15:58:28 [DEBUG] [lighter] Resubscribed 50/129 channels
15:58:28 [DEBUG] [lighter] Resubscribed 60/129 channels
15:58:29 [DEBUG] [lighter] Resubscribed 70/129 channels
15:58:29 [INFO] ✅ No orphaned positions found
15:58:29 [INFO] ✅ ParallelExecutionManager started
15:58:29 [INFO] ✅ ParallelExecutionManager: Rollback processor started
15:58:29 [INFO] ✅ ParallelExecutionManager started with Circuit Breaker
15:58:29 [INFO] 🌐 Starting Dashboard API at http://0.0.0.0:8080
15:58:29 [INFO] 🔄 Rollback processor running...
15:58:29 [INFO] ✅ [x10_account] Connected to wss://api.starknet.extended.exchange/stream.extended.exchange/v1/account
15:58:29 [INFO] ✅ [x10_account] Keepalive enabled: ping_interval=15.0s, ping_timeout=None (auto-pong)
15:58:29 [DEBUG] Registered task: logic_loop (priority=HIGH)
15:58:29 [DEBUG] Registered task: trade_management_loop (priority=HIGH)
15:58:29 [DEBUG] Registered task: farm_loop (priority=NORMAL)
15:58:29 [DEBUG] Registered task: maintenance_loop (priority=LOW)
15:58:29 [DEBUG] Registered task: cleanup_finished_tasks (priority=LOW)
15:58:29 [DEBUG] Registered task: health_reporter (priority=LOW)
15:58:29 [DEBUG] Registered task: connection_watchdog (priority=CRITICAL)
15:58:29 [INFO] ═══════════════════════════════════════════════════════════
15:58:29 [INFO]    BOT V5 RUNNING 24/7 - SUPERVISED | Ctrl+C = Stop   
15:58:29 [INFO] ═══════════════════════════════════════════════════════════
15:58:29 [INFO] 🚀 BotEventLoop starting...
15:58:29 [INFO] ▶️ Started task: connection_watchdog
15:58:29 [INFO] ▶️ Started task: logic_loop
15:58:29 [INFO] ▶️ Started task: trade_management_loop
15:58:29 [INFO] ▶️ Started task: farm_loop
15:58:29 [INFO] ▶️ Started task: maintenance_loop
15:58:29 [INFO] ▶️ Started task: cleanup_finished_tasks
15:58:29 [INFO] ▶️ Started task: health_reporter
15:58:29 [INFO] ✅ Started 7 tasks
15:58:29 [INFO] [x10_account] Receive loop started (async iterator)
15:58:29 [DEBUG] 💓 [x10_account] Heartbeat started (stale_threshold=180.0s)
15:58:29 [INFO] 🐕 Connection Watchdog gestartet (Timeout: 120s)
15:58:29 [INFO] Logic Loop gestartet – REFRESH alle 3s
15:58:29 [INFO] 🔍 RECONCILE: Starting strict sync check...
15:58:29 [INFO] 🛡️ Trade Management Loop gestartet
15:58:29 [DEBUG] 📊 X10 Funding Cache refresh (current=91)
15:58:29 [DEBUG] Sending GET https://api.starknet.extended.exchange/api/v1/info/markets?
15:58:29 [DEBUG] Sending GET https://api.starknet.extended.exchange/api/v1/user/positions?
15:58:29 [DEBUG] [lighter] Resubscribed 80/129 channels
15:58:29 [DEBUG] [lighter] Resubscribed 90/129 channels
15:58:29 [DEBUG] [lighter] Resubscribed 100/129 channels
15:58:29 [INFO] ✅ RECONCILE: Sync complete.
15:58:29 [INFO] ⚡ Latency Arb Detector initialized (threshold: 5.0s)
15:58:29 [DEBUG] Price cache status: X10=78/65, Lighter=0/65
15:58:29 [DEBUG] 🔍 Scanning 65 pairs. Lighter markets: 114, X10 markets: 91
15:58:29 [DEBUG] [lighter] Resubscribed 110/129 channels
15:58:29 [DEBUG] 1000BONK-USD: Missing rates (L=None, X=1.3e-05)
15:58:29 [DEBUG] 1000BONK-USD: Missing prices (X=0.009537928465, L=None)
15:58:29 [DEBUG] MON-USD: Missing rates (L=None, X=1.2e-05)
15:58:29 [DEBUG] MON-USD: Missing prices (X=0.026278860457, L=None)
15:58:29 [DEBUG] ASTER-USD: Missing rates (L=None, X=-2.1e-05)
15:58:29 [DEBUG] ASTER-USD: Missing prices (X=0.93149301375, L=None)
15:58:29 [DEBUG] PENDLE-USD: Missing rates (L=None, X=1.3e-05)
15:58:29 [DEBUG] PENDLE-USD: Missing prices (X=2.284032869624, L=None)
15:58:29 [DEBUG] LINEA-USD: Missing rates (L=None, X=-8e-06)
15:58:29 [DEBUG] LINEA-USD: Missing prices (X=0.007906440701, L=None)
15:58:29 [DEBUG] EDEN-USD: Missing rates (L=None, X=1.3e-05)
15:58:29 [DEBUG] EDEN-USD: Missing prices (X=0.0730219523305, L=None)
15:58:29 [DEBUG] WLFI-USD: Missing rates (L=None, X=-6.7e-05)
15:58:29 [DEBUG] WLFI-USD: Missing prices (X=0.149448879125, L=None)
15:58:29 [DEBUG] SOL-USD: Missing rates (L=None, X=-4e-06)
15:58:29 [DEBUG] SOL-USD: Missing prices (X=132.1, L=None)
15:58:29 [DEBUG] PENGU-USD: Missing rates (L=None, X=1.3e-05)
15:58:29 [DEBUG] PENGU-USD: Missing prices (X=0.011428414286, L=None)
15:58:29 [DEBUG] TRX-USD: Missing rates (L=None, X=-9e-06)
15:58:29 [DEBUG] TRX-USD: Missing prices (X=0.280267897975, L=None)
15:58:29 [DEBUG] LDO-USD: Missing rates (L=None, X=-1.9e-05)
15:58:29 [DEBUG] LDO-USD: Missing prices (X=0.602045484624, L=None)
15:58:29 [DEBUG] XPL-USD: Missing rates (L=None, X=1.3e-05)
15:58:29 [DEBUG] XPL-USD: Missing prices (X=0.16655, L=None)
15:58:29 [DEBUG] HYPE-USD: Missing rates (L=None, X=1.3e-05)
15:58:29 [DEBUG] HYPE-USD: Missing prices (X=27.958, L=None)
15:58:29 [DEBUG] OP-USD: Missing rates (L=None, X=-3.9e-05)
15:58:29 [DEBUG] OP-USD: Missing prices (X=0.317847616125, L=None)
15:58:29 [DEBUG] AVNT-USD: Missing rates (L=None, X=-4e-05)
15:58:29 [DEBUG] AVNT-USD: Missing prices (X=0.303547723375, L=None)
15:58:29 [DEBUG] BERA-USD: Missing rates (L=None, X=-7.4e-05)
15:58:29 [DEBUG] BERA-USD: Missing prices (X=0.80549395875, L=None)
15:58:29 [DEBUG] ZRO-USD: Missing rates (L=None, X=1.3e-05)
15:58:29 [DEBUG] ZRO-USD: Missing prices (X=1.423110673338, L=None)
15:58:29 [DEBUG] RESOLV-USD: Missing rates (L=None, X=1.3e-05)
15:58:29 [DEBUG] RESOLV-USD: Missing prices (X=0.076714424637, L=None)
15:58:29 [DEBUG] APT-USD: Missing rates (L=None, X=-9e-06)
15:58:29 [DEBUG] APT-USD: Missing prices (X=1.757836816124, L=None)
15:58:29 [DEBUG] 1000PEPE-USD: Missing rates (L=None, X=1.3e-05)
15:58:29 [DEBUG] 1000PEPE-USD: Missing prices (X=0.00461861536, L=None)
15:58:29 [DEBUG] [lighter] Resubscribed 120/129 channels
15:58:29 [DEBUG] SEI-USD: Missing rates (L=None, X=-3.3e-05)
15:58:29 [DEBUG] SEI-USD: Missing prices (X=0.132049009625, L=None)
15:58:29 [DEBUG] BNB-USD: Missing rates (L=None, X=1.3e-05)
15:58:29 [DEBUG] BNB-USD: Missing prices (X=884.24, L=None)
15:58:29 [DEBUG] XRP-USD: Missing rates (L=None, X=1.3e-05)
15:58:29 [DEBUG] XRP-USD: Missing prices (X=2.0525, L=None)
15:58:29 [DEBUG] MNT-USD: Missing rates (L=None, X=1.3e-05)
15:58:29 [DEBUG] MNT-USD: Missing prices (X=1.104241718124, L=None)
15:58:29 [DEBUG] WIF-USD: Missing rates (L=None, X=-1e-06)
15:58:29 [DEBUG] WIF-USD: Missing prices (X=0.387347094875, L=None)
15:58:29 [DEBUG] TIA-USD: Missing rates (L=None, X=-7.8e-05)
15:58:29 [DEBUG] TIA-USD: Missing prices (X=0.590945567874, L=None)
15:58:29 [DEBUG] AAVE-USD: Missing rates (L=None, X=1.3e-05)
15:58:29 [DEBUG] AAVE-USD: Missing prices (X=188.4335867375, L=None)
15:58:29 [DEBUG] DOT-USD: Missing rates (L=None, X=1.3e-05)
15:58:29 [DEBUG] DOT-USD: Missing prices (X=0.0, L=None)
15:58:29 [DEBUG] LINK-USD: Missing rates (L=None, X=1.2e-05)
15:58:29 [DEBUG] LINK-USD: Missing prices (X=13.69739726875, L=None)
15:58:29 [DEBUG] TRUMP-USD: Missing rates (L=None, X=9e-06)
15:58:29 [DEBUG] TRUMP-USD: Missing prices (X=5.76345677375, L=None)
15:58:29 [INFO] [lighter] Resubscribed to 129 channels
15:58:29 [INFO] 📝 DB close_trade(EIGEN-USD): PnL=$0.0000, Funding=$0.0000
15:58:29 [DEBUG] 📝 DB close_trade(EIGEN-USD): Execute returned 0
15:58:29 [INFO] 📝 DB close_trade(NEAR-USD): PnL=$0.0000, Funding=$0.0000
15:58:29 [DEBUG] 📝 Flushed 1 writes in 15.0ms
15:58:29 [DEBUG] PUMP-USD: Missing rates (L=None, X=1.3e-05)
15:58:29 [DEBUG] PUMP-USD: Missing prices (X=0.002971477713, L=None)
15:58:29 [DEBUG] IP-USD: Missing rates (L=None, X=1.3e-05)
15:58:29 [DEBUG] IP-USD: Missing prices (X=2.10348422375, L=None)
15:58:29 [DEBUG] ZORA-USD: Missing rates (L=None, X=2.9e-05)
15:58:29 [DEBUG] ZORA-USD: Missing prices (X=0.049614627887, L=None)
15:58:29 [DEBUG] AERO-USD: Missing rates (L=None, X=-2.9e-05)
15:58:29 [DEBUG] AERO-USD: Missing prices (X=0.645445159125, L=None)
15:58:29 [DEBUG] NEAR-USD: Missing rates (L=None, X=7.6e-05)
15:58:29 [DEBUG] NEAR-USD: Missing prices (X=1.7532, L=None)
15:58:29 [DEBUG] EIGEN-USD: Missing rates (L=None, X=-6.9e-05)
15:58:29 [DEBUG] EIGEN-USD: Missing prices (X=0.477753583154, L=None)
15:58:29 [DEBUG] BCH-USD: Missing rates (L=None, X=1.3e-05)
15:58:29 [DEBUG] BCH-USD: Missing prices (X=0.0, L=None)
15:58:29 [DEBUG] STRK-USD: Missing rates (L=None, X=1.3e-05)
15:58:29 [DEBUG] STRK-USD: Missing prices (X=0.110249173125, L=None)
15:58:29 [DEBUG] CRV-USD: Missing rates (L=None, X=1.3e-05)
15:58:29 [DEBUG] CRV-USD: Missing prices (X=0.39437, L=None)
15:58:29 [DEBUG] SPX-USD: Missing rates (L=None, X=1.3e-05)
15:58:29 [DEBUG] SPX-USD: Missing prices (X=0.634045244625, L=None)
15:58:29 [DEBUG] WLD-USD: Missing rates (L=None, X=1.3e-05)
15:58:29 [DEBUG] WLD-USD: Missing prices (X=0.603745471875, L=None)
15:58:29 [DEBUG] ETH-USD: Missing rates (L=None, X=1.3e-05)
15:58:29 [DEBUG] ETH-USD: Missing prices (X=3111.7, L=None)
15:58:29 [DEBUG] TON-USD: Missing rates (L=None, X=3e-06)
15:58:29 [DEBUG] TON-USD: Missing prices (X=1.616337877375, L=None)
15:58:29 [DEBUG] ARB-USD: Missing rates (L=None, X=3e-06)
15:58:29 [DEBUG] ARB-USD: Missing prices (X=0.2133, L=None)
15:58:29 [DEBUG] POPCAT-USD: Missing rates (L=None, X=1.3e-05)
15:58:29 [DEBUG] POPCAT-USD: Missing prices (X=0.101949235375, L=None)
15:58:29 [DEBUG] TAO-USD: Missing rates (L=None, X=1.3e-05)
15:58:29 [DEBUG] TAO-USD: Missing prices (X=304.7927140375, L=None)
15:58:29 [DEBUG] ADA-USD: Missing rates (L=None, X=1.3e-05)
15:58:29 [DEBUG] ADA-USD: Missing prices (X=0.450746619374, L=None)
15:58:29 [DEBUG] LTC-USD: Missing rates (L=None, X=-6e-06)
15:58:29 [DEBUG] LTC-USD: Missing prices (X=83.6143728875, L=None)
15:58:29 [DEBUG] BTC-USD: Missing rates (L=None, X=2e-06)
15:58:29 [DEBUG] BTC-USD: Missing prices (X=90169.0, L=None)
15:58:29 [DEBUG] VIRTUAL-USD: Missing rates (L=None, X=1.3e-05)
15:58:29 [DEBUG] VIRTUAL-USD: Missing prices (X=0.838043714625, L=None)
15:58:29 [DEBUG] ✅ MON-USD: X10=$188,485, Lighter=$0, Total=$188,485
15:58:29 [DEBUG] FIL-USD: Missing rates (L=None, X=1.3e-05)
15:58:29 [DEBUG] FIL-USD: Missing prices (X=0.0, L=None)
15:58:29 [DEBUG] ENA-USD: Missing rates (L=None, X=-7.6e-05)
15:58:29 [DEBUG] ENA-USD: Missing prices (X=0.26549, L=None)
15:58:29 [DEBUG] MKR-USD: Missing rates (L=None, X=1.3e-05)
15:58:29 [DEBUG] MKR-USD: Missing prices (X=1663.9, L=None)
15:58:29 [DEBUG] KAITO-USD: Missing rates (L=None, X=1.3e-05)
15:58:29 [DEBUG] KAITO-USD: Missing prices (X=0.649345129875, L=None)
15:58:29 [DEBUG] 1000SHIB-USD: Missing rates (L=None, X=-6.7e-05)
15:58:29 [DEBUG] 1000SHIB-USD: Missing prices (X=0.008559435803, L=None)
15:58:29 [DEBUG] DOGE-USD: Missing rates (L=None, X=1.3e-05)
15:58:29 [DEBUG] DOGE-USD: Missing prices (X=0.140623945312, L=None)
15:58:29 [DEBUG] FARTCOIN-USD: Missing rates (L=None, X=1.3e-05)
15:58:29 [DEBUG] FARTCOIN-USD: Missing prices (X=0.360247298125, L=None)
15:58:29 [DEBUG] AVAX-USD: Missing rates (L=None, X=-1.7e-05)
15:58:29 [DEBUG] AVAX-USD: Missing prices (X=13.58139813875, L=None)
15:58:29 [DEBUG] UNI-USD: Missing rates (L=None, X=1.3e-05)
15:58:29 [DEBUG] UNI-USD: Missing prices (X=5.47545893375, L=None)
15:58:29 [DEBUG] ONDO-USD: Missing rates (L=None, X=8e-06)
15:58:29 [DEBUG] ONDO-USD: Missing prices (X=0.480246398125, L=None)
15:58:29 [DEBUG] SUI-USD: Missing rates (L=None, X=3e-06)
15:58:29 [DEBUG] SUI-USD: Missing prices (X=1.598338012374, L=None)
15:58:29 [DEBUG] APEX-USD: Missing rates (L=None, X=-5.4e-05)
15:58:29 [DEBUG] APEX-USD: Missing prices (X=0.534695989749, L=None)
15:58:29 [DEBUG] GRASS-USD: Missing rates (L=None, X=1.3e-05)
15:58:29 [DEBUG] GRASS-USD: Missing prices (X=0.315347634875, L=None)
15:58:29 [DEBUG] ZEC-USD: Missing rates (L=None, X=1.3e-05)
15:58:29 [DEBUG] ZEC-USD: Missing prices (X=424.389, L=None)
15:58:29 [DEBUG] JUP-USD: Missing rates (L=None, X=-7.3e-05)
15:58:29 [DEBUG] JUP-USD: Missing prices (X=0.223748321875, L=None)
15:58:29 [INFO]  Volatility Monitor initialized: Low<3.0%, Normal<10.0%, High<20.0%, Hard Cap<50.0%
15:58:29 [DEBUG] ⛔ Skip SPX-USD: TradFi/FX
15:58:29 [INFO] ✅ Found 0 opportunities from 0 valid pairs (farm_mode=False, scanned=65)
15:58:30 [DEBUG] 📝 DB close_trade(NEAR-USD): Execute returned 0
15:58:30 [INFO] 📝 DB close_trade(MON-USD): PnL=$0.0000, Funding=$0.0000
15:58:30 [DEBUG] 📝 Flushed 1 writes in 0.0ms
15:58:30 [DEBUG] [x10_funding] Firehose stream - no subscription needed
15:58:30 [DEBUG] [x10_trades] Firehose stream - no subscription needed
15:58:31 [DEBUG] ✅ ASTER-USD: X10=$285,817, Lighter=$0, Total=$285,817
15:58:31 [DEBUG] 📝 DB close_trade(MON-USD): Execute returned 0
15:58:31 [DEBUG] 📝 Flushed 3 writes
15:58:31 [DEBUG] 📝 Flushed 1 writes in 0.0ms
15:58:32 [DEBUG] ✅ SOL-USD: X10=$5,091,049, Lighter=$0, Total=$5,091,049
15:58:32 [INFO] 🔍 RECONCILE: Starting strict sync check...
15:58:32 [DEBUG] Sending GET https://api.starknet.extended.exchange/api/v1/user/positions?
15:58:33 [INFO] ✅ RECONCILE: Sync complete.
15:58:33 [DEBUG] Price cache status: X10=81/65, Lighter=0/65
15:58:33 [DEBUG] 🔍 Scanning 65 pairs. Lighter markets: 114, X10 markets: 91
15:58:33 [DEBUG] 1000BONK-USD: Missing rates (L=None, X=1.3e-05)
15:58:33 [DEBUG] 1000BONK-USD: Missing prices (X=0.009537928465, L=None)
15:58:33 [DEBUG] TRX-USD: Missing rates (L=None, X=-9e-06)
15:58:33 [DEBUG] TRX-USD: Missing prices (X=0.280267897975, L=None)
15:58:33 [DEBUG] ASTER-USD: Missing rates (L=None, X=-2.1e-05)
15:58:33 [DEBUG] ASTER-USD: Missing prices (X=0.93149301375, L=None)
15:58:33 [DEBUG] SOL-USD: Missing rates (L=None, X=-4e-06)
15:58:33 [DEBUG] SOL-USD: Missing prices (X=132.1, L=None)
15:58:33 [DEBUG] WLFI-USD: Missing rates (L=None, X=-6.7e-05)
15:58:33 [DEBUG] WLFI-USD: Missing prices (X=0.149448879125, L=None)
15:58:33 [DEBUG] EDEN-USD: Missing rates (L=None, X=1.3e-05)
15:58:33 [DEBUG] EDEN-USD: Missing prices (X=0.0730219523305, L=None)
15:58:33 [DEBUG] LINEA-USD: Missing rates (L=None, X=-8e-06)
15:58:33 [DEBUG] LINEA-USD: Missing prices (X=0.007906440701, L=None)
15:58:33 [DEBUG] PENGU-USD: Missing rates (L=None, X=1.3e-05)
15:58:33 [DEBUG] PENGU-USD: Missing prices (X=0.011428414286, L=None)
15:58:33 [DEBUG] PENDLE-USD: Missing rates (L=None, X=1.3e-05)
15:58:33 [DEBUG] PENDLE-USD: Missing prices (X=2.284032869624, L=None)
15:58:33 [DEBUG] MON-USD: Missing rates (L=None, X=1.2e-05)
15:58:33 [DEBUG] MON-USD: Missing prices (X=0.026278860457, L=None)
15:58:33 [DEBUG] HYPE-USD: Missing rates (L=None, X=1.3e-05)
15:58:33 [DEBUG] HYPE-USD: Missing prices (X=27.958, L=None)
15:58:33 [DEBUG] RESOLV-USD: Missing rates (L=None, X=1.3e-05)
15:58:33 [DEBUG] RESOLV-USD: Missing prices (X=0.076714424637, L=None)
15:58:33 [DEBUG] ZRO-USD: Missing rates (L=None, X=1.3e-05)
15:58:33 [DEBUG] ZRO-USD: Missing prices (X=1.423110673338, L=None)
15:58:33 [DEBUG] BERA-USD: Missing rates (L=None, X=-7.4e-05)
15:58:33 [DEBUG] BERA-USD: Missing prices (X=0.80549395875, L=None)
15:58:33 [DEBUG] AVNT-USD: Missing rates (L=None, X=-4e-05)
15:58:33 [DEBUG] AVNT-USD: Missing prices (X=0.303547723375, L=None)
15:58:33 [DEBUG] APT-USD: Missing rates (L=None, X=-9e-06)
15:58:33 [DEBUG] APT-USD: Missing prices (X=1.757836816124, L=None)
15:58:33 [DEBUG] OP-USD: Missing rates (L=None, X=-3.9e-05)
15:58:33 [DEBUG] OP-USD: Missing prices (X=0.317847616125, L=None)
15:58:33 [DEBUG] LDO-USD: Missing rates (L=None, X=-1.9e-05)
15:58:33 [DEBUG] LDO-USD: Missing prices (X=0.602045484624, L=None)
15:58:33 [DEBUG] 1000PEPE-USD: Missing rates (L=None, X=1.3e-05)
15:58:33 [DEBUG] 1000PEPE-USD: Missing prices (X=0.00461861536, L=None)
15:58:33 [DEBUG] XPL-USD: Missing rates (L=None, X=1.3e-05)
15:58:33 [DEBUG] XPL-USD: Missing prices (X=0.16655, L=None)
15:58:33 [DEBUG] SEI-USD: Missing rates (L=None, X=-3.3e-05)
15:58:33 [DEBUG] SEI-USD: Missing prices (X=0.132049009625, L=None)
15:58:33 [DEBUG] AAVE-USD: Missing rates (L=None, X=1.3e-05)
15:58:33 [DEBUG] AAVE-USD: Missing prices (X=188.4335867375, L=None)
15:58:33 [DEBUG] LINK-USD: Missing rates (L=None, X=1.2e-05)
15:58:33 [DEBUG] LINK-USD: Missing prices (X=13.69739726875, L=None)
15:58:33 [DEBUG] TRUMP-USD: Missing rates (L=None, X=9e-06)
15:58:33 [DEBUG] TRUMP-USD: Missing prices (X=5.76345677375, L=None)
15:58:33 [DEBUG] WIF-USD: Missing rates (L=None, X=-1e-06)
15:58:33 [DEBUG] WIF-USD: Missing prices (X=0.387347094875, L=None)
15:58:33 [DEBUG] MNT-USD: Missing rates (L=None, X=1.3e-05)
15:58:33 [DEBUG] MNT-USD: Missing prices (X=1.104241718124, L=None)
15:58:33 [DEBUG] TIA-USD: Missing rates (L=None, X=-7.8e-05)
15:58:33 [DEBUG] TIA-USD: Missing prices (X=0.590945567874, L=None)
15:58:33 [DEBUG] BNB-USD: Missing rates (L=None, X=1.3e-05)
15:58:33 [DEBUG] BNB-USD: Missing prices (X=884.24, L=None)
15:58:33 [DEBUG] XRP-USD: Missing rates (L=None, X=1.3e-05)
15:58:33 [DEBUG] XRP-USD: Missing prices (X=2.0525, L=None)
15:58:33 [DEBUG] DOT-USD: Missing rates (L=None, X=1.3e-05)
15:58:33 [DEBUG] DOT-USD: Missing prices (X=0.0, L=None)
15:58:33 [DEBUG] PUMP-USD: Missing rates (L=None, X=1.3e-05)
15:58:33 [DEBUG] PUMP-USD: Missing prices (X=0.002971477713, L=None)
15:58:33 [DEBUG] EIGEN-USD: Missing rates (L=None, X=-6.9e-05)
15:58:33 [DEBUG] EIGEN-USD: Missing prices (X=0.477753583154, L=None)
15:58:33 [DEBUG] STRK-USD: Missing rates (L=None, X=1.3e-05)
15:58:33 [DEBUG] STRK-USD: Missing prices (X=0.110249173125, L=None)
15:58:33 [DEBUG] SPX-USD: Missing rates (L=None, X=1.3e-05)
15:58:33 [DEBUG] SPX-USD: Missing prices (X=0.634045244625, L=None)
15:58:33 [DEBUG] IP-USD: Missing rates (L=None, X=1.3e-05)
15:58:33 [DEBUG] IP-USD: Missing prices (X=2.10348422375, L=None)
15:58:33 [DEBUG] AERO-USD: Missing rates (L=None, X=-2.9e-05)
15:58:33 [DEBUG] AERO-USD: Missing prices (X=0.645445159125, L=None)
15:58:33 [DEBUG] ZORA-USD: Missing rates (L=None, X=2.9e-05)
15:58:33 [DEBUG] ZORA-USD: Missing prices (X=0.049614627887, L=None)
15:58:33 [DEBUG] CRV-USD: Missing rates (L=None, X=1.3e-05)
15:58:33 [DEBUG] CRV-USD: Missing prices (X=0.39437, L=None)
15:58:33 [DEBUG] NEAR-USD: Missing rates (L=None, X=7.6e-05)
15:58:33 [DEBUG] NEAR-USD: Missing prices (X=1.7532, L=None)
15:58:33 [DEBUG] BCH-USD: Missing rates (L=None, X=1.3e-05)
15:58:33 [DEBUG] BCH-USD: Missing prices (X=0.0, L=None)
15:58:33 [DEBUG] WLD-USD: Missing rates (L=None, X=1.3e-05)
15:58:33 [DEBUG] WLD-USD: Missing prices (X=0.603745471875, L=None)
15:58:33 [DEBUG] ETH-USD: Missing rates (L=None, X=1.3e-05)
15:58:33 [DEBUG] ETH-USD: Missing prices (X=3111.7, L=None)
15:58:33 [DEBUG] POPCAT-USD: Missing rates (L=None, X=1.3e-05)
15:58:33 [DEBUG] POPCAT-USD: Missing prices (X=0.101949235375, L=None)
15:58:33 [DEBUG] VIRTUAL-USD: Missing rates (L=None, X=1.3e-05)
15:58:33 [DEBUG] VIRTUAL-USD: Missing prices (X=0.838043714625, L=None)
15:58:33 [DEBUG] ADA-USD: Missing rates (L=None, X=1.3e-05)
15:58:33 [DEBUG] ADA-USD: Missing prices (X=0.450746619374, L=None)
15:58:33 [DEBUG] TON-USD: Missing rates (L=None, X=3e-06)
15:58:33 [DEBUG] TON-USD: Missing prices (X=1.616337877375, L=None)
15:58:33 [DEBUG] LTC-USD: Missing rates (L=None, X=-6e-06)
15:58:33 [DEBUG] LTC-USD: Missing prices (X=83.6143728875, L=None)
15:58:33 [DEBUG] TAO-USD: Missing rates (L=None, X=1.3e-05)
15:58:33 [DEBUG] TAO-USD: Missing prices (X=304.7927140375, L=None)
15:58:33 [DEBUG] BTC-USD: Missing rates (L=None, X=2e-06)
15:58:33 [DEBUG] BTC-USD: Missing prices (X=90206.0, L=None)
15:58:33 [DEBUG] ARB-USD: Missing rates (L=None, X=3e-06)
15:58:33 [DEBUG] ARB-USD: Missing prices (X=0.2133, L=None)
15:58:33 [DEBUG] FIL-USD: Missing rates (L=None, X=1.3e-05)
15:58:33 [DEBUG] FIL-USD: Missing prices (X=0.0, L=None)
15:58:33 [DEBUG] MKR-USD: Missing rates (L=None, X=1.3e-05)
15:58:33 [DEBUG] MKR-USD: Missing prices (X=1663.9, L=None)
15:58:33 [DEBUG] UNI-USD: Missing rates (L=None, X=1.3e-05)
15:58:33 [DEBUG] UNI-USD: Missing prices (X=5.47545893375, L=None)
15:58:33 [DEBUG] ONDO-USD: Missing rates (L=None, X=8e-06)
15:58:33 [DEBUG] ONDO-USD: Missing prices (X=0.480246398125, L=None)
15:58:33 [DEBUG] DOGE-USD: Missing rates (L=None, X=1.3e-05)
15:58:33 [DEBUG] DOGE-USD: Missing prices (X=0.140623945312, L=None)
15:58:33 [DEBUG] ENA-USD: Missing rates (L=None, X=-7.6e-05)
15:58:33 [DEBUG] ENA-USD: Missing prices (X=0.26549, L=None)
15:58:33 [DEBUG] FARTCOIN-USD: Missing rates (L=None, X=1.3e-05)
15:58:33 [DEBUG] FARTCOIN-USD: Missing prices (X=0.360247298125, L=None)
15:58:33 [DEBUG] 1000SHIB-USD: Missing rates (L=None, X=-6.7e-05)
15:58:33 [DEBUG] 1000SHIB-USD: Missing prices (X=0.008559435803, L=None)
15:58:33 [DEBUG] AVAX-USD: Missing rates (L=None, X=-1.7e-05)
15:58:33 [DEBUG] AVAX-USD: Missing prices (X=13.58139813875, L=None)
15:58:33 [DEBUG] KAITO-USD: Missing rates (L=None, X=1.3e-05)
15:58:33 [DEBUG] KAITO-USD: Missing prices (X=0.649345129875, L=None)
15:58:33 [DEBUG] SUI-USD: Missing rates (L=None, X=3e-06)
15:58:33 [DEBUG] SUI-USD: Missing prices (X=1.598338012374, L=None)
15:58:33 [DEBUG] APEX-USD: Missing rates (L=None, X=-5.4e-05)
15:58:33 [DEBUG] APEX-USD: Missing prices (X=0.534695989749, L=None)
15:58:33 [DEBUG] ZEC-USD: Missing rates (L=None, X=1.3e-05)
15:58:33 [DEBUG] ZEC-USD: Missing prices (X=424.389, L=None)
15:58:33 [DEBUG] JUP-USD: Missing rates (L=None, X=-7.3e-05)
15:58:33 [DEBUG] JUP-USD: Missing prices (X=0.223748321875, L=None)
15:58:33 [DEBUG] GRASS-USD: Missing rates (L=None, X=1.3e-05)
15:58:33 [DEBUG] GRASS-USD: Missing prices (X=0.315347634875, L=None)
15:58:33 [DEBUG] ⛔ Skip SPX-USD: TradFi/FX
15:58:33 [INFO] ✅ Found 0 opportunities from 0 valid pairs (farm_mode=False, scanned=65)
15:58:36 [DEBUG] ✅ PENGU-USD: X10=$55,772, Lighter=$0, Total=$55,772
15:58:36 [INFO] 🔍 RECONCILE: Starting strict sync check...
15:58:36 [DEBUG] Sending GET https://api.starknet.extended.exchange/api/v1/user/positions?
15:58:37 [INFO] ✅ RECONCILE: Sync complete.
15:58:37 [DEBUG] Price cache status: X10=81/65, Lighter=0/65
15:58:37 [DEBUG] 🔍 Scanning 65 pairs. Lighter markets: 114, X10 markets: 91
15:58:37 [DEBUG] LINEA-USD: Missing rates (L=None, X=-8e-06)
15:58:37 [DEBUG] LINEA-USD: Missing prices (X=0.007906440701, L=None)
15:58:37 [DEBUG] PENGU-USD: Missing rates (L=None, X=1.3e-05)
15:58:37 [DEBUG] PENGU-USD: Missing prices (X=0.011428414286, L=None)
15:58:37 [DEBUG] EDEN-USD: Missing rates (L=None, X=1.3e-05)
15:58:37 [DEBUG] EDEN-USD: Missing prices (X=0.0730219523305, L=None)
15:58:37 [DEBUG] PENDLE-USD: Missing rates (L=None, X=1.3e-05)
15:58:37 [DEBUG] PENDLE-USD: Missing prices (X=2.284032869624, L=None)
15:58:37 [DEBUG] WLFI-USD: Missing rates (L=None, X=-6.7e-05)
15:58:37 [DEBUG] WLFI-USD: Missing prices (X=0.149448879125, L=None)
15:58:37 [DEBUG] 1000BONK-USD: Missing rates (L=None, X=1.3e-05)
15:58:37 [DEBUG] 1000BONK-USD: Missing prices (X=0.009537928465, L=None)
15:58:37 [DEBUG] TRX-USD: Missing rates (L=None, X=-9e-06)
15:58:37 [DEBUG] TRX-USD: Missing prices (X=0.280267897975, L=None)
15:58:37 [DEBUG] ASTER-USD: Missing rates (L=None, X=-2.1e-05)
15:58:37 [DEBUG] ASTER-USD: Missing prices (X=0.93149301375, L=None)
15:58:37 [DEBUG] SOL-USD: Missing rates (L=None, X=-4e-06)
15:58:37 [DEBUG] SOL-USD: Missing prices (X=132.1, L=None)
15:58:37 [DEBUG] MON-USD: Missing rates (L=None, X=1.2e-05)
15:58:37 [DEBUG] MON-USD: Missing prices (X=0.026278860457, L=None)
15:58:37 [DEBUG] LDO-USD: Missing rates (L=None, X=-1.9e-05)
15:58:37 [DEBUG] LDO-USD: Missing prices (X=0.602045484624, L=None)
15:58:37 [DEBUG] 1000PEPE-USD: Missing rates (L=None, X=1.3e-05)
15:58:37 [DEBUG] 1000PEPE-USD: Missing prices (X=0.00461861536, L=None)
15:58:37 [DEBUG] AVNT-USD: Missing rates (L=None, X=-4e-05)
15:58:37 [DEBUG] AVNT-USD: Missing prices (X=0.303547723375, L=None)
15:58:37 [DEBUG] BERA-USD: Missing rates (L=None, X=-7.4e-05)
15:58:37 [DEBUG] BERA-USD: Missing prices (X=0.80549395875, L=None)
15:58:37 [DEBUG] XPL-USD: Missing rates (L=None, X=1.3e-05)
15:58:37 [DEBUG] XPL-USD: Missing prices (X=0.16655, L=None)
15:58:37 [DEBUG] HYPE-USD: Missing rates (L=None, X=1.3e-05)
15:58:37 [DEBUG] RESOLV-USD: Missing rates (L=None, X=1.3e-05)
15:58:37 [DEBUG] RESOLV-USD: Missing prices (X=0.076714424637, L=None)
15:58:37 [DEBUG] OP-USD: Missing rates (L=None, X=-3.9e-05)
15:58:37 [DEBUG] OP-USD: Missing prices (X=0.317847616125, L=None)
15:58:37 [DEBUG] ZRO-USD: Missing rates (L=None, X=1.3e-05)
15:58:37 [DEBUG] ZRO-USD: Missing prices (X=1.423110673338, L=None)
15:58:37 [DEBUG] APT-USD: Missing rates (L=None, X=-9e-06)
15:58:37 [DEBUG] APT-USD: Missing prices (X=1.757836816124, L=None)
15:58:37 [DEBUG] SEI-USD: Missing rates (L=None, X=-3.3e-05)
15:58:37 [DEBUG] SEI-USD: Missing prices (X=0.132049009625, L=None)
15:58:37 [DEBUG] AAVE-USD: Missing rates (L=None, X=1.3e-05)
15:58:37 [DEBUG] AAVE-USD: Missing prices (X=188.4335867375, L=None)
15:58:37 [DEBUG] TIA-USD: Missing rates (L=None, X=-7.8e-05)
15:58:37 [DEBUG] TIA-USD: Missing prices (X=0.590945567874, L=None)
15:58:37 [DEBUG] MNT-USD: Missing rates (L=None, X=1.3e-05)
15:58:37 [DEBUG] MNT-USD: Missing prices (X=1.104241718124, L=None)
15:58:37 [DEBUG] DOT-USD: Missing rates (L=None, X=1.3e-05)
15:58:37 [DEBUG] DOT-USD: Missing prices (X=0.0, L=None)
15:58:37 [DEBUG] LINK-USD: Missing rates (L=None, X=1.2e-05)
15:58:37 [DEBUG] LINK-USD: Missing prices (X=13.69739726875, L=None)
15:58:37 [DEBUG] TRUMP-USD: Missing rates (L=None, X=9e-06)
15:58:37 [DEBUG] TRUMP-USD: Missing prices (X=5.76345677375, L=None)
15:58:37 [DEBUG] XRP-USD: Missing rates (L=None, X=1.3e-05)
15:58:37 [DEBUG] XRP-USD: Missing prices (X=2.0525, L=None)
15:58:37 [DEBUG] WIF-USD: Missing rates (L=None, X=-1e-06)
15:58:37 [DEBUG] WIF-USD: Missing prices (X=0.387347094875, L=None)
15:58:37 [DEBUG] BNB-USD: Missing rates (L=None, X=1.3e-05)
15:58:37 [DEBUG] BNB-USD: Missing prices (X=884.24, L=None)
15:58:37 [DEBUG] PUMP-USD: Missing rates (L=None, X=1.3e-05)
15:58:37 [DEBUG] PUMP-USD: Missing prices (X=0.002971477713, L=None)
15:58:37 [DEBUG] ZORA-USD: Missing rates (L=None, X=2.9e-05)
15:58:37 [DEBUG] ZORA-USD: Missing prices (X=0.049614627887, L=None)
15:58:37 [DEBUG] AERO-USD: Missing rates (L=None, X=-2.9e-05)
15:58:37 [DEBUG] AERO-USD: Missing prices (X=0.645445159125, L=None)
15:58:37 [DEBUG] EIGEN-USD: Missing rates (L=None, X=-6.9e-05)
15:58:37 [DEBUG] EIGEN-USD: Missing prices (X=0.477753583154, L=None)
15:58:37 [DEBUG] BCH-USD: Missing rates (L=None, X=1.3e-05)
15:58:37 [DEBUG] BCH-USD: Missing prices (X=0.0, L=None)
15:58:37 [DEBUG] SPX-USD: Missing rates (L=None, X=1.3e-05)
15:58:37 [DEBUG] SPX-USD: Missing prices (X=0.634045244625, L=None)
15:58:37 [DEBUG] NEAR-USD: Missing rates (L=None, X=7.6e-05)
15:58:37 [DEBUG] NEAR-USD: Missing prices (X=1.7532, L=None)
15:58:37 [DEBUG] IP-USD: Missing rates (L=None, X=1.3e-05)
15:58:37 [DEBUG] IP-USD: Missing prices (X=2.10348422375, L=None)
15:58:37 [DEBUG] CRV-USD: Missing rates (L=None, X=1.3e-05)
15:58:37 [DEBUG] CRV-USD: Missing prices (X=0.39444, L=None)
15:58:37 [DEBUG] STRK-USD: Missing rates (L=None, X=1.3e-05)
15:58:37 [DEBUG] STRK-USD: Missing prices (X=0.110249173125, L=None)
15:58:37 [DEBUG] WLD-USD: Missing rates (L=None, X=1.3e-05)
15:58:37 [DEBUG] WLD-USD: Missing prices (X=0.603745471875, L=None)
15:58:37 [DEBUG] ETH-USD: Missing rates (L=None, X=1.3e-05)
15:58:37 [DEBUG] ETH-USD: Missing prices (X=3112.3, L=None)
15:58:37 [DEBUG] TON-USD: Missing rates (L=None, X=3e-06)
15:58:37 [DEBUG] TON-USD: Missing prices (X=1.616337877375, L=None)
15:58:37 [DEBUG] ARB-USD: Missing rates (L=None, X=3e-06)
15:58:37 [DEBUG] ARB-USD: Missing prices (X=0.2133, L=None)
15:58:37 [DEBUG] POPCAT-USD: Missing rates (L=None, X=1.3e-05)
15:58:37 [DEBUG] POPCAT-USD: Missing prices (X=0.101949235375, L=None)
15:58:37 [DEBUG] TAO-USD: Missing rates (L=None, X=1.3e-05)
15:58:37 [DEBUG] TAO-USD: Missing prices (X=304.7927140375, L=None)
15:58:37 [DEBUG] ADA-USD: Missing rates (L=None, X=1.3e-05)
15:58:37 [DEBUG] ADA-USD: Missing prices (X=0.450746619374, L=None)
15:58:37 [DEBUG] LTC-USD: Missing rates (L=None, X=-6e-06)
15:58:37 [DEBUG] LTC-USD: Missing prices (X=83.6143728875, L=None)
15:58:37 [DEBUG] BTC-USD: Missing rates (L=None, X=2e-06)
15:58:37 [DEBUG] BTC-USD: Missing prices (X=90206.0, L=None)
15:58:37 [DEBUG] VIRTUAL-USD: Missing rates (L=None, X=1.3e-05)
15:58:37 [DEBUG] VIRTUAL-USD: Missing prices (X=0.838043714625, L=None)
15:58:37 [DEBUG] FIL-USD: Missing rates (L=None, X=1.3e-05)
15:58:37 [DEBUG] FIL-USD: Missing prices (X=0.0, L=None)
15:58:37 [DEBUG] MKR-USD: Missing rates (L=None, X=1.3e-05)
15:58:37 [DEBUG] MKR-USD: Missing prices (X=1663.9, L=None)
15:58:37 [DEBUG] ENA-USD: Missing rates (L=None, X=-7.6e-05)
15:58:37 [DEBUG] ENA-USD: Missing prices (X=0.26549, L=None)
15:58:37 [DEBUG] KAITO-USD: Missing rates (L=None, X=1.3e-05)
15:58:37 [DEBUG] KAITO-USD: Missing prices (X=0.649345129875, L=None)
15:58:37 [DEBUG] UNI-USD: Missing rates (L=None, X=1.3e-05)
15:58:37 [DEBUG] UNI-USD: Missing prices (X=5.47545893375, L=None)
15:58:37 [DEBUG] 1000SHIB-USD: Missing rates (L=None, X=-6.7e-05)
15:58:37 [DEBUG] 1000SHIB-USD: Missing prices (X=0.008559435803, L=None)
15:58:37 [DEBUG] DOGE-USD: Missing rates (L=None, X=1.3e-05)
15:58:37 [DEBUG] DOGE-USD: Missing prices (X=0.140623945312, L=None)
15:58:37 [DEBUG] FARTCOIN-USD: Missing rates (L=None, X=1.3e-05)
15:58:37 [DEBUG] FARTCOIN-USD: Missing prices (X=0.36076, L=None)
15:58:37 [DEBUG] AVAX-USD: Missing rates (L=None, X=-1.7e-05)
15:58:37 [DEBUG] AVAX-USD: Missing prices (X=13.58139813875, L=None)
15:58:37 [DEBUG] ONDO-USD: Missing rates (L=None, X=8e-06)
15:58:37 [DEBUG] ONDO-USD: Missing prices (X=0.480246398125, L=None)
15:58:37 [DEBUG] SUI-USD: Missing rates (L=None, X=3e-06)
15:58:37 [DEBUG] SUI-USD: Missing prices (X=1.598338012374, L=None)
15:58:37 [DEBUG] APEX-USD: Missing rates (L=None, X=-5.4e-05)
15:58:37 [DEBUG] APEX-USD: Missing prices (X=0.534695989749, L=None)
15:58:37 [DEBUG] GRASS-USD: Missing rates (L=None, X=1.3e-05)
15:58:37 [DEBUG] GRASS-USD: Missing prices (X=0.315347634875, L=None)
15:58:37 [DEBUG] ZEC-USD: Missing rates (L=None, X=1.3e-05)
15:58:37 [DEBUG] ZEC-USD: Missing prices (X=424.389, L=None)
15:58:37 [DEBUG] JUP-USD: Missing rates (L=None, X=-7.3e-05)
15:58:37 [DEBUG] JUP-USD: Missing prices (X=0.223748321875, L=None)
15:58:37 [DEBUG] ⛔ Skip SPX-USD: TradFi/FX
15:58:37 [INFO] ✅ Found 0 opportunities from 0 valid pairs (farm_mode=False, scanned=65)
15:58:37 [DEBUG] ✅ PENDLE-USD: X10=$120,023, Lighter=$0, Total=$120,023
15:58:37 [DEBUG] 💓 [x10_trades] Alive (uptime=10s, last_msg=0s ago, msgs=20)
15:58:37 [DEBUG] 💓 [x10_orderbooks] Alive (uptime=10s, last_msg=1s ago, msgs=450)
15:58:38 [INFO]  X10: 91 Märkte geladen, 91 Funding Rates, 81 Preise
15:58:38 [DEBUG] 💓 [lighter] Alive (uptime=10s, last_msg=1s ago, msgs=9)
15:58:38 [DEBUG] X10: Funding Refresh OK, cache=91
15:58:38 [DEBUG] 📊 Lighter Funding Cache refresh (current=0)
15:58:38 [DEBUG] Lighter: Funding Refresh OK, cache=0
15:58:38 [INFO] 🔍 Running periodic exchange sync check...
15:58:38 [INFO] 🔍 Starting Exchange Sync Check...
15:58:38 [DEBUG] Sending GET https://api.starknet.extended.exchange/api/v1/user/positions?
15:58:38 [INFO] ✅ Exchanges are SYNCED: 0 paired positions
15:58:39 [DEBUG] 💓 [x10_account] Alive (uptime=10s, last_msg=10s ago, msgs=3)
15:58:39 [DEBUG] ✅ WLFI-USD: X10=$781,930, Lighter=$0, Total=$781,930
15:58:40 [INFO] 🔍 RECONCILE: Starting strict sync check...
15:58:40 [DEBUG] Sending GET https://api.starknet.extended.exchange/api/v1/user/positions?
15:58:40 [DEBUG] ✅ LINEA-USD: X10=$148,184, Lighter=$0, Total=$148,184
15:58:41 [INFO] ✅ RECONCILE: Sync complete.
15:58:41 [DEBUG] Price cache status: X10=81/65, Lighter=0/65
15:58:41 [DEBUG] 🔍 Scanning 65 pairs. Lighter markets: 114, X10 markets: 91
15:58:41 [DEBUG] 1000BONK-USD: Missing rates (L=None, X=1.3e-05)
15:58:41 [DEBUG] 1000BONK-USD: Missing prices (X=0.009537928465, L=None)
15:58:41 [DEBUG] TRX-USD: Missing rates (L=None, X=-9e-06)
15:58:41 [DEBUG] TRX-USD: Missing prices (X=0.280267897975, L=None)
15:58:41 [DEBUG] MON-USD: Missing rates (L=None, X=1.2e-05)
15:58:41 [DEBUG] MON-USD: Missing prices (X=0.026278860457, L=None)
15:58:41 [DEBUG] EDEN-USD: Missing rates (L=None, X=1.3e-05)
15:58:41 [DEBUG] EDEN-USD: Missing prices (X=0.0730219523305, L=None)
15:58:41 [DEBUG] ASTER-USD: Missing rates (L=None, X=-2.1e-05)
15:58:41 [DEBUG] ASTER-USD: Missing prices (X=0.93149301375, L=None)
15:58:41 [DEBUG] PENGU-USD: Missing rates (L=None, X=1.3e-05)
15:58:41 [DEBUG] PENGU-USD: Missing prices (X=0.011428414286, L=None)
15:58:41 [DEBUG] WLFI-USD: Missing rates (L=None, X=-6.7e-05)
15:58:41 [DEBUG] WLFI-USD: Missing prices (X=0.149448879125, L=None)
15:58:41 [DEBUG] LINEA-USD: Missing rates (L=None, X=-8e-06)
15:58:41 [DEBUG] LINEA-USD: Missing prices (X=0.007906440701, L=None)
15:58:41 [DEBUG] PENDLE-USD: Missing rates (L=None, X=1.3e-05)
15:58:41 [DEBUG] PENDLE-USD: Missing prices (X=2.284032869624, L=None)
15:58:41 [DEBUG] SOL-USD: Missing rates (L=None, X=-4e-06)
15:58:41 [DEBUG] SOL-USD: Missing prices (X=132.1, L=None)
15:58:41 [DEBUG] LDO-USD: Missing rates (L=None, X=-1.9e-05)
15:58:41 [DEBUG] LDO-USD: Missing prices (X=0.602045484624, L=None)
15:58:41 [DEBUG] 1000PEPE-USD: Missing rates (L=None, X=1.3e-05)
15:58:41 [DEBUG] 1000PEPE-USD: Missing prices (X=0.00461861536, L=None)
15:58:41 [DEBUG] XPL-USD: Missing rates (L=None, X=1.3e-05)
15:58:41 [DEBUG] XPL-USD: Missing prices (X=0.16655, L=None)
15:58:41 [DEBUG] BERA-USD: Missing rates (L=None, X=-7.4e-05)
15:58:41 [DEBUG] BERA-USD: Missing prices (X=0.80549395875, L=None)
15:58:41 [DEBUG] HYPE-USD: Missing rates (L=None, X=1.3e-05)
15:58:41 [DEBUG] APT-USD: Missing rates (L=None, X=-9e-06)
15:58:41 [DEBUG] APT-USD: Missing prices (X=1.757836816124, L=None)
15:58:41 [DEBUG] ZRO-USD: Missing rates (L=None, X=1.3e-05)
15:58:41 [DEBUG] ZRO-USD: Missing prices (X=1.423110673338, L=None)
15:58:41 [DEBUG] AVNT-USD: Missing rates (L=None, X=-4e-05)
15:58:41 [DEBUG] AVNT-USD: Missing prices (X=0.303547723375, L=None)
15:58:41 [DEBUG] OP-USD: Missing rates (L=None, X=-3.9e-05)
15:58:41 [DEBUG] OP-USD: Missing prices (X=0.317847616125, L=None)
15:58:41 [DEBUG] RESOLV-USD: Missing rates (L=None, X=1.3e-05)
15:58:41 [DEBUG] RESOLV-USD: Missing prices (X=0.076714424637, L=None)
15:58:41 [DEBUG] SEI-USD: Missing rates (L=None, X=-3.3e-05)
15:58:41 [DEBUG] SEI-USD: Missing prices (X=0.132049009625, L=None)
15:58:41 [DEBUG] AAVE-USD: Missing rates (L=None, X=1.3e-05)
15:58:41 [DEBUG] DOT-USD: Missing rates (L=None, X=1.3e-05)
15:58:41 [DEBUG] DOT-USD: Missing prices (X=0.0, L=None)
15:58:41 [DEBUG] MNT-USD: Missing rates (L=None, X=1.3e-05)
15:58:41 [DEBUG] MNT-USD: Missing prices (X=1.104241718124, L=None)
15:58:41 [DEBUG] LINK-USD: Missing rates (L=None, X=1.2e-05)
15:58:41 [DEBUG] LINK-USD: Missing prices (X=13.69739726875, L=None)
15:58:41 [DEBUG] BNB-USD: Missing rates (L=None, X=1.3e-05)
15:58:41 [DEBUG] BNB-USD: Missing prices (X=884.24, L=None)
15:58:41 [DEBUG] WIF-USD: Missing rates (L=None, X=-1e-06)
15:58:41 [DEBUG] WIF-USD: Missing prices (X=0.387347094875, L=None)
15:58:41 [DEBUG] TIA-USD: Missing rates (L=None, X=-7.8e-05)
15:58:41 [DEBUG] TIA-USD: Missing prices (X=0.590945567874, L=None)
15:58:41 [DEBUG] XRP-USD: Missing rates (L=None, X=1.3e-05)
15:58:41 [DEBUG] XRP-USD: Missing prices (X=2.0525, L=None)
15:58:41 [DEBUG] TRUMP-USD: Missing rates (L=None, X=9e-06)
15:58:41 [DEBUG] TRUMP-USD: Missing prices (X=5.76345677375, L=None)
15:58:41 [DEBUG] PUMP-USD: Missing rates (L=None, X=1.3e-05)
15:58:41 [DEBUG] PUMP-USD: Missing prices (X=0.002971477713, L=None)
15:58:41 [DEBUG] EIGEN-USD: Missing rates (L=None, X=-6.9e-05)
15:58:41 [DEBUG] EIGEN-USD: Missing prices (X=0.477753583154, L=None)
15:58:41 [DEBUG] BCH-USD: Missing rates (L=None, X=1.3e-05)
15:58:41 [DEBUG] BCH-USD: Missing prices (X=0.0, L=None)
15:58:41 [DEBUG] AERO-USD: Missing rates (L=None, X=-2.9e-05)
15:58:41 [DEBUG] AERO-USD: Missing prices (X=0.645445159125, L=None)
15:58:41 [DEBUG] STRK-USD: Missing rates (L=None, X=1.3e-05)
15:58:41 [DEBUG] STRK-USD: Missing prices (X=0.110249173125, L=None)
15:58:41 [DEBUG] CRV-USD: Missing rates (L=None, X=1.3e-05)
15:58:41 [DEBUG] CRV-USD: Missing prices (X=0.39444, L=None)
15:58:41 [DEBUG] IP-USD: Missing rates (L=None, X=1.3e-05)
15:58:41 [DEBUG] IP-USD: Missing prices (X=2.10348422375, L=None)
15:58:41 [DEBUG] ZORA-USD: Missing rates (L=None, X=2.9e-05)
15:58:41 [DEBUG] ZORA-USD: Missing prices (X=0.049614627887, L=None)
15:58:41 [DEBUG] NEAR-USD: Missing rates (L=None, X=7.6e-05)
15:58:41 [DEBUG] NEAR-USD: Missing prices (X=1.7532, L=None)
15:58:41 [DEBUG] SPX-USD: Missing rates (L=None, X=1.3e-05)
15:58:41 [DEBUG] SPX-USD: Missing prices (X=0.634045244625, L=None)
15:58:41 [DEBUG] WLD-USD: Missing rates (L=None, X=1.3e-05)
15:58:41 [DEBUG] WLD-USD: Missing prices (X=0.603745471875, L=None)
15:58:41 [DEBUG] ETH-USD: Missing rates (L=None, X=1.3e-05)
15:58:41 [DEBUG] ETH-USD: Missing prices (X=3112.3, L=None)
15:58:41 [DEBUG] ARB-USD: Missing rates (L=None, X=3e-06)
15:58:41 [DEBUG] ARB-USD: Missing prices (X=0.2133, L=None)
15:58:41 [DEBUG] TON-USD: Missing rates (L=None, X=3e-06)
15:58:41 [DEBUG] TON-USD: Missing prices (X=1.616337877375, L=None)
15:58:41 [DEBUG] POPCAT-USD: Missing rates (L=None, X=1.3e-05)
15:58:41 [DEBUG] POPCAT-USD: Missing prices (X=0.101949235375, L=None)
15:58:41 [DEBUG] TAO-USD: Missing rates (L=None, X=1.3e-05)
15:58:41 [DEBUG] TAO-USD: Missing prices (X=304.7927140375, L=None)
15:58:41 [DEBUG] ADA-USD: Missing rates (L=None, X=1.3e-05)
15:58:41 [DEBUG] ADA-USD: Missing prices (X=0.450746619374, L=None)
15:58:41 [DEBUG] LTC-USD: Missing rates (L=None, X=-6e-06)
15:58:41 [DEBUG] LTC-USD: Missing prices (X=83.6143728875, L=None)
15:58:41 [DEBUG] BTC-USD: Missing rates (L=None, X=2e-06)
15:58:41 [DEBUG] BTC-USD: Missing prices (X=90217.0, L=None)
15:58:41 [DEBUG] VIRTUAL-USD: Missing rates (L=None, X=1.3e-05)
15:58:41 [DEBUG] VIRTUAL-USD: Missing prices (X=0.838043714625, L=None)
15:58:41 [DEBUG] FIL-USD: Missing rates (L=None, X=1.3e-05)
15:58:41 [DEBUG] FIL-USD: Missing prices (X=0.0, L=None)
15:58:41 [DEBUG] MKR-USD: Missing rates (L=None, X=1.3e-05)
15:58:41 [DEBUG] MKR-USD: Missing prices (X=1663.9, L=None)
15:58:41 [DEBUG] KAITO-USD: Missing rates (L=None, X=1.3e-05)
15:58:41 [DEBUG] KAITO-USD: Missing prices (X=0.649345129875, L=None)
15:58:41 [DEBUG] UNI-USD: Missing rates (L=None, X=1.3e-05)
15:58:41 [DEBUG] UNI-USD: Missing prices (X=5.47545893375, L=None)
15:58:41 [DEBUG] AVAX-USD: Missing rates (L=None, X=-1.7e-05)
15:58:41 [DEBUG] AVAX-USD: Missing prices (X=13.58139813875, L=None)
15:58:41 [DEBUG] FARTCOIN-USD: Missing rates (L=None, X=1.3e-05)
15:58:41 [DEBUG] ENA-USD: Missing rates (L=None, X=-7.6e-05)
15:58:41 [DEBUG] ENA-USD: Missing prices (X=0.26549, L=None)
15:58:41 [DEBUG] DOGE-USD: Missing rates (L=None, X=1.3e-05)
15:58:41 [DEBUG] DOGE-USD: Missing prices (X=0.140623945312, L=None)
15:58:41 [DEBUG] ONDO-USD: Missing rates (L=None, X=8e-06)
15:58:41 [DEBUG] ONDO-USD: Missing prices (X=0.480246398125, L=None)
15:58:41 [DEBUG] 1000SHIB-USD: Missing rates (L=None, X=-6.7e-05)
15:58:41 [DEBUG] 1000SHIB-USD: Missing prices (X=0.008559435803, L=None)
15:58:41 [DEBUG] SUI-USD: Missing rates (L=None, X=3e-06)
15:58:41 [DEBUG] SUI-USD: Missing prices (X=1.598338012374, L=None)
15:58:41 [DEBUG] APEX-USD: Missing rates (L=None, X=-5.4e-05)
15:58:41 [DEBUG] APEX-USD: Missing prices (X=0.534695989749, L=None)
15:58:41 [DEBUG] GRASS-USD: Missing rates (L=None, X=1.3e-05)
15:58:41 [DEBUG] GRASS-USD: Missing prices (X=0.315347634875, L=None)
15:58:41 [DEBUG] ZEC-USD: Missing rates (L=None, X=1.3e-05)
15:58:41 [DEBUG] ZEC-USD: Missing prices (X=424.389, L=None)
15:58:41 [DEBUG] JUP-USD: Missing rates (L=None, X=-7.3e-05)
15:58:41 [DEBUG] JUP-USD: Missing prices (X=0.223748321875, L=None)
15:58:41 [DEBUG] ⛔ Skip SPX-USD: TradFi/FX
15:58:41 [INFO] ✅ Found 0 opportunities from 0 valid pairs (farm_mode=False, scanned=65)
15:58:42 [DEBUG] ✅ EDEN-USD: X10=$87,856, Lighter=$0, Total=$87,856
15:58:44 [INFO] 🔍 RECONCILE: Starting strict sync check...
15:58:44 [DEBUG] Sending GET https://api.starknet.extended.exchange/api/v1/user/positions?
15:58:45 [INFO] ✅ RECONCILE: Sync complete.
15:58:45 [DEBUG] Price cache status: X10=81/65, Lighter=0/65
15:58:45 [DEBUG] 🔍 Scanning 65 pairs. Lighter markets: 114, X10 markets: 91
15:58:45 [DEBUG] 1000BONK-USD: Missing rates (L=None, X=1.3e-05)
15:58:45 [DEBUG] 1000BONK-USD: Missing prices (X=0.009537928465, L=None)
15:58:45 [DEBUG] TRX-USD: Missing rates (L=None, X=-9e-06)
15:58:45 [DEBUG] TRX-USD: Missing prices (X=0.280267897975, L=None)
15:58:45 [DEBUG] MON-USD: Missing rates (L=None, X=1.2e-05)
15:58:45 [DEBUG] MON-USD: Missing prices (X=0.026278860457, L=None)
15:58:45 [DEBUG] EDEN-USD: Missing rates (L=None, X=1.3e-05)
15:58:45 [DEBUG] EDEN-USD: Missing prices (X=0.0730219523305, L=None)
15:58:45 [DEBUG] ASTER-USD: Missing rates (L=None, X=-2.1e-05)
15:58:45 [DEBUG] ASTER-USD: Missing prices (X=0.93149301375, L=None)
15:58:45 [DEBUG] PENGU-USD: Missing rates (L=None, X=1.3e-05)
15:58:45 [DEBUG] PENGU-USD: Missing prices (X=0.011428414286, L=None)
15:58:45 [DEBUG] WLFI-USD: Missing rates (L=None, X=-6.7e-05)
15:58:45 [DEBUG] WLFI-USD: Missing prices (X=0.149448879125, L=None)
15:58:45 [DEBUG] LINEA-USD: Missing rates (L=None, X=-8e-06)
15:58:45 [DEBUG] LINEA-USD: Missing prices (X=0.007906440701, L=None)
15:58:45 [DEBUG] PENDLE-USD: Missing rates (L=None, X=1.3e-05)
15:58:45 [DEBUG] PENDLE-USD: Missing prices (X=2.284032869624, L=None)
15:58:45 [DEBUG] SOL-USD: Missing rates (L=None, X=-4e-06)
15:58:45 [DEBUG] SOL-USD: Missing prices (X=132.1, L=None)
15:58:45 [DEBUG] LDO-USD: Missing rates (L=None, X=-1.9e-05)
15:58:45 [DEBUG] LDO-USD: Missing prices (X=0.602045484624, L=None)
15:58:45 [DEBUG] 1000PEPE-USD: Missing rates (L=None, X=1.3e-05)
15:58:45 [DEBUG] 1000PEPE-USD: Missing prices (X=0.00461861536, L=None)
15:58:45 [DEBUG] XPL-USD: Missing rates (L=None, X=1.3e-05)
15:58:45 [DEBUG] XPL-USD: Missing prices (X=0.16655, L=None)
15:58:45 [DEBUG] AVNT-USD: Missing rates (L=None, X=-4e-05)
15:58:45 [DEBUG] AVNT-USD: Missing prices (X=0.303547723375, L=None)
15:58:45 [DEBUG] BERA-USD: Missing rates (L=None, X=-7.4e-05)
15:58:45 [DEBUG] BERA-USD: Missing prices (X=0.80549395875, L=None)
15:58:45 [DEBUG] HYPE-USD: Missing rates (L=None, X=1.3e-05)
15:58:45 [DEBUG] RESOLV-USD: Missing rates (L=None, X=1.3e-05)
15:58:45 [DEBUG] RESOLV-USD: Missing prices (X=0.076714424637, L=None)
15:58:45 [DEBUG] OP-USD: Missing rates (L=None, X=-3.9e-05)
15:58:45 [DEBUG] OP-USD: Missing prices (X=0.317847616125, L=None)
15:58:45 [DEBUG] ZRO-USD: Missing rates (L=None, X=1.3e-05)
15:58:45 [DEBUG] ZRO-USD: Missing prices (X=1.423110673338, L=None)
15:58:45 [DEBUG] APT-USD: Missing rates (L=None, X=-9e-06)
15:58:45 [DEBUG] APT-USD: Missing prices (X=1.757836816124, L=None)
15:58:45 [DEBUG] SEI-USD: Missing rates (L=None, X=-3.3e-05)
15:58:45 [DEBUG] SEI-USD: Missing prices (X=0.132049009625, L=None)
15:58:45 [DEBUG] AAVE-USD: Missing rates (L=None, X=1.3e-05)
15:58:45 [DEBUG] DOT-USD: Missing rates (L=None, X=1.3e-05)
15:58:45 [DEBUG] DOT-USD: Missing prices (X=0.0, L=None)
15:58:45 [DEBUG] LINK-USD: Missing rates (L=None, X=1.2e-05)
15:58:45 [DEBUG] LINK-USD: Missing prices (X=13.69739726875, L=None)
15:58:45 [DEBUG] XRP-USD: Missing rates (L=None, X=1.3e-05)
15:58:45 [DEBUG] XRP-USD: Missing prices (X=2.0525, L=None)
15:58:45 [DEBUG] TIA-USD: Missing rates (L=None, X=-7.8e-05)
15:58:45 [DEBUG] TIA-USD: Missing prices (X=0.590945567874, L=None)
15:58:45 [DEBUG] MNT-USD: Missing rates (L=None, X=1.3e-05)
15:58:45 [DEBUG] MNT-USD: Missing prices (X=1.104241718124, L=None)
15:58:45 [DEBUG] WIF-USD: Missing rates (L=None, X=-1e-06)
15:58:45 [DEBUG] WIF-USD: Missing prices (X=0.387347094875, L=None)
15:58:45 [DEBUG] TRUMP-USD: Missing rates (L=None, X=9e-06)
15:58:45 [DEBUG] TRUMP-USD: Missing prices (X=5.76345677375, L=None)
15:58:45 [DEBUG] BNB-USD: Missing rates (L=None, X=1.3e-05)
15:58:45 [DEBUG] PUMP-USD: Missing rates (L=None, X=1.3e-05)
15:58:45 [DEBUG] PUMP-USD: Missing prices (X=0.002971477713, L=None)
15:58:45 [DEBUG] EIGEN-USD: Missing rates (L=None, X=-6.9e-05)
15:58:45 [DEBUG] BCH-USD: Missing rates (L=None, X=1.3e-05)
15:58:45 [DEBUG] BCH-USD: Missing prices (X=0.0, L=None)
15:58:45 [DEBUG] ZORA-USD: Missing rates (L=None, X=2.9e-05)
15:58:45 [DEBUG] ZORA-USD: Missing prices (X=0.049614627887, L=None)
15:58:45 [DEBUG] AERO-USD: Missing rates (L=None, X=-2.9e-05)
15:58:45 [DEBUG] AERO-USD: Missing prices (X=0.645445159125, L=None)
15:58:45 [DEBUG] STRK-USD: Missing rates (L=None, X=1.3e-05)
15:58:45 [DEBUG] STRK-USD: Missing prices (X=0.110249173125, L=None)
15:58:45 [DEBUG] SPX-USD: Missing rates (L=None, X=1.3e-05)
15:58:45 [DEBUG] SPX-USD: Missing prices (X=0.634045244625, L=None)
15:58:45 [DEBUG] NEAR-USD: Missing rates (L=None, X=7.6e-05)
15:58:45 [DEBUG] NEAR-USD: Missing prices (X=1.7532, L=None)
15:58:45 [DEBUG] IP-USD: Missing rates (L=None, X=1.3e-05)
15:58:45 [DEBUG] IP-USD: Missing prices (X=2.10348422375, L=None)
15:58:45 [DEBUG] CRV-USD: Missing rates (L=None, X=1.3e-05)
15:58:45 [DEBUG] CRV-USD: Missing prices (X=0.39444, L=None)
15:58:45 [DEBUG] WLD-USD: Missing rates (L=None, X=1.3e-05)
15:58:45 [DEBUG] WLD-USD: Missing prices (X=0.603745471875, L=None)
15:58:45 [DEBUG] ETH-USD: Missing rates (L=None, X=1.3e-05)
15:58:45 [DEBUG] ETH-USD: Missing prices (X=3112.3, L=None)
15:58:45 [DEBUG] ARB-USD: Missing rates (L=None, X=3e-06)
15:58:45 [DEBUG] ARB-USD: Missing prices (X=0.2133, L=None)
15:58:45 [DEBUG] TON-USD: Missing rates (L=None, X=3e-06)
15:58:45 [DEBUG] TON-USD: Missing prices (X=1.616337877375, L=None)
15:58:45 [DEBUG] POPCAT-USD: Missing rates (L=None, X=1.3e-05)
15:58:45 [DEBUG] POPCAT-USD: Missing prices (X=0.101949235375, L=None)
15:58:45 [DEBUG] TAO-USD: Missing rates (L=None, X=1.3e-05)
15:58:45 [DEBUG] TAO-USD: Missing prices (X=304.7927140375, L=None)
15:58:45 [DEBUG] ADA-USD: Missing rates (L=None, X=1.3e-05)
15:58:45 [DEBUG] ADA-USD: Missing prices (X=0.450746619374, L=None)
15:58:45 [DEBUG] LTC-USD: Missing rates (L=None, X=-6e-06)
15:58:45 [DEBUG] LTC-USD: Missing prices (X=83.6143728875, L=None)
15:58:45 [DEBUG] BTC-USD: Missing rates (L=None, X=2e-06)
15:58:45 [DEBUG] BTC-USD: Missing prices (X=90217.0, L=None)
15:58:45 [DEBUG] VIRTUAL-USD: Missing rates (L=None, X=1.3e-05)
15:58:45 [DEBUG] VIRTUAL-USD: Missing prices (X=0.838043714625, L=None)
15:58:45 [DEBUG] FIL-USD: Missing rates (L=None, X=1.3e-05)
15:58:45 [DEBUG] FIL-USD: Missing prices (X=0.0, L=None)
15:58:45 [DEBUG] MKR-USD: Missing rates (L=None, X=1.3e-05)
15:58:45 [DEBUG] MKR-USD: Missing prices (X=1663.9, L=None)
15:58:45 [DEBUG] FARTCOIN-USD: Missing rates (L=None, X=1.3e-05)
15:58:45 [DEBUG] ENA-USD: Missing rates (L=None, X=-7.6e-05)
15:58:45 [DEBUG] ENA-USD: Missing prices (X=0.26549, L=None)
15:58:45 [DEBUG] KAITO-USD: Missing rates (L=None, X=1.3e-05)
15:58:45 [DEBUG] KAITO-USD: Missing prices (X=0.649345129875, L=None)
15:58:45 [DEBUG] ONDO-USD: Missing rates (L=None, X=8e-06)
15:58:45 [DEBUG] ONDO-USD: Missing prices (X=0.480246398125, L=None)
15:58:45 [DEBUG] AVAX-USD: Missing rates (L=None, X=-1.7e-05)
15:58:45 [DEBUG] AVAX-USD: Missing prices (X=13.58139813875, L=None)
15:58:45 [DEBUG] DOGE-USD: Missing rates (L=None, X=1.3e-05)
15:58:45 [DEBUG] DOGE-USD: Missing prices (X=0.14072, L=None)
15:58:45 [DEBUG] 1000SHIB-USD: Missing rates (L=None, X=-6.7e-05)
15:58:45 [DEBUG] 1000SHIB-USD: Missing prices (X=0.008559435803, L=None)
15:58:45 [DEBUG] UNI-USD: Missing rates (L=None, X=1.3e-05)
15:58:45 [DEBUG] UNI-USD: Missing prices (X=5.47545893375, L=None)
15:58:45 [DEBUG] SUI-USD: Missing rates (L=None, X=3e-06)
15:58:45 [DEBUG] SUI-USD: Missing prices (X=1.598338012374, L=None)
15:58:45 [DEBUG] APEX-USD: Missing rates (L=None, X=-5.4e-05)
15:58:45 [DEBUG] APEX-USD: Missing prices (X=0.534695989749, L=None)
15:58:45 [DEBUG] GRASS-USD: Missing rates (L=None, X=1.3e-05)
15:58:45 [DEBUG] GRASS-USD: Missing prices (X=0.315347634875, L=None)
15:58:45 [DEBUG] ZEC-USD: Missing rates (L=None, X=1.3e-05)
15:58:45 [DEBUG] ZEC-USD: Missing prices (X=424.687, L=None)
15:58:45 [DEBUG] JUP-USD: Missing rates (L=None, X=-7.3e-05)
15:58:45 [DEBUG] JUP-USD: Missing prices (X=0.223748321875, L=None)
15:58:45 [DEBUG] ⛔ Skip SPX-USD: TradFi/FX
15:58:45 [INFO] ✅ Found 0 opportunities from 0 valid pairs (farm_mode=False, scanned=65)
15:58:45 [DEBUG] ✅ LDO-USD: X10=$127,381, Lighter=$0, Total=$127,381
15:58:47 [DEBUG] ✅ 1000PEPE-USD: X10=$282,102, Lighter=$0, Total=$282,102
15:58:47 [DEBUG] 💓 [x10_trades] Alive (uptime=20s, last_msg=1s ago, msgs=28)
15:58:47 [DEBUG] 💓 [x10_orderbooks] Alive (uptime=20s, last_msg=0s ago, msgs=850)
15:58:48 [DEBUG] 💓 [lighter] Alive (uptime=20s, last_msg=1s ago, msgs=21)
15:58:48 [INFO] 🔍 RECONCILE: Starting strict sync check...
15:58:48 [DEBUG] Sending GET https://api.starknet.extended.exchange/api/v1/user/positions?
15:58:48 [INFO] ✅ RECONCILE: Sync complete.
15:58:48 [DEBUG] Price cache status: X10=81/65, Lighter=0/65
15:58:48 [DEBUG] 🔍 Scanning 65 pairs. Lighter markets: 114, X10 markets: 91
15:58:48 [DEBUG] SOL-USD: Missing rates (L=None, X=-4e-06)
15:58:48 [DEBUG] SOL-USD: Missing prices (X=132.1, L=None)
15:58:48 [DEBUG] PENGU-USD: Missing rates (L=None, X=1.3e-05)
15:58:48 [DEBUG] PENGU-USD: Missing prices (X=0.011428414286, L=None)
15:58:48 [DEBUG] LINEA-USD: Missing rates (L=None, X=-8e-06)
15:58:48 [DEBUG] LINEA-USD: Missing prices (X=0.007906440701, L=None)
15:58:48 [DEBUG] EDEN-USD: Missing rates (L=None, X=1.3e-05)
15:58:48 [DEBUG] EDEN-USD: Missing prices (X=0.0730219523305, L=None)
15:58:48 [DEBUG] PENDLE-USD: Missing rates (L=None, X=1.3e-05)
15:58:48 [DEBUG] PENDLE-USD: Missing prices (X=2.284032869624, L=None)
15:58:48 [DEBUG] WLFI-USD: Missing rates (L=None, X=-6.7e-05)
15:58:48 [DEBUG] WLFI-USD: Missing prices (X=0.149448879125, L=None)
15:58:48 [DEBUG] 1000BONK-USD: Missing rates (L=None, X=1.3e-05)
15:58:48 [DEBUG] 1000BONK-USD: Missing prices (X=0.009537928465, L=None)
15:58:48 [DEBUG] TRX-USD: Missing rates (L=None, X=-9e-06)
15:58:48 [DEBUG] TRX-USD: Missing prices (X=0.280267897975, L=None)
15:58:48 [DEBUG] MON-USD: Missing rates (L=None, X=1.2e-05)
15:58:48 [DEBUG] MON-USD: Missing prices (X=0.026278860457, L=None)
15:58:48 [DEBUG] ASTER-USD: Missing rates (L=None, X=-2.1e-05)
15:58:48 [DEBUG] ASTER-USD: Missing prices (X=0.93149301375, L=None)
15:58:48 [DEBUG] ✅ HYPE-USD: X10=$5,624,147, Lighter=$0, Total=$5,624,147
15:58:48 [DEBUG] RESOLV-USD: Missing rates (L=None, X=1.3e-05)
15:58:48 [DEBUG] RESOLV-USD: Missing prices (X=0.076714424637, L=None)
15:58:48 [DEBUG] APT-USD: Missing rates (L=None, X=-9e-06)
15:58:48 [DEBUG] APT-USD: Missing prices (X=1.757836816124, L=None)
15:58:48 [DEBUG] AVNT-USD: Missing rates (L=None, X=-4e-05)
15:58:48 [DEBUG] AVNT-USD: Missing prices (X=0.303547723375, L=None)
15:58:48 [DEBUG] BERA-USD: Missing rates (L=None, X=-7.4e-05)
15:58:48 [DEBUG] BERA-USD: Missing prices (X=0.80549395875, L=None)
15:58:48 [DEBUG] OP-USD: Missing rates (L=None, X=-3.9e-05)
15:58:48 [DEBUG] OP-USD: Missing prices (X=0.317847616125, L=None)
15:58:48 [DEBUG] ZRO-USD: Missing rates (L=None, X=1.3e-05)
15:58:48 [DEBUG] ZRO-USD: Missing prices (X=1.423110673338, L=None)
15:58:48 [DEBUG] LDO-USD: Missing rates (L=None, X=-1.9e-05)
15:58:48 [DEBUG] LDO-USD: Missing prices (X=0.602045484624, L=None)
15:58:48 [DEBUG] XPL-USD: Missing rates (L=None, X=1.3e-05)
15:58:48 [DEBUG] XPL-USD: Missing prices (X=0.16655, L=None)
15:58:48 [DEBUG] HYPE-USD: Missing rates (L=None, X=1.3e-05)
15:58:48 [DEBUG] 1000PEPE-USD: Missing rates (L=None, X=1.3e-05)
15:58:48 [DEBUG] 1000PEPE-USD: Missing prices (X=0.00461861536, L=None)
15:58:48 [DEBUG] SEI-USD: Missing rates (L=None, X=-3.3e-05)
15:58:48 [DEBUG] SEI-USD: Missing prices (X=0.132049009625, L=None)
15:58:48 [DEBUG] AAVE-USD: Missing rates (L=None, X=1.3e-05)
15:58:48 [DEBUG] DOT-USD: Missing rates (L=None, X=1.3e-05)
15:58:48 [DEBUG] DOT-USD: Missing prices (X=0.0, L=None)
15:58:48 [DEBUG] LINK-USD: Missing rates (L=None, X=1.2e-05)
15:58:48 [DEBUG] LINK-USD: Missing prices (X=13.69739726875, L=None)
15:58:48 [DEBUG] WIF-USD: Missing rates (L=None, X=-1e-06)
15:58:48 [DEBUG] WIF-USD: Missing prices (X=0.387347094875, L=None)
15:58:48 [DEBUG] MNT-USD: Missing rates (L=None, X=1.3e-05)
15:58:48 [DEBUG] MNT-USD: Missing prices (X=1.104241718124, L=None)
15:58:48 [DEBUG] TIA-USD: Missing rates (L=None, X=-7.8e-05)
15:58:48 [DEBUG] TIA-USD: Missing prices (X=0.590945567874, L=None)
15:58:48 [DEBUG] TRUMP-USD: Missing rates (L=None, X=9e-06)
15:58:48 [DEBUG] BNB-USD: Missing rates (L=None, X=1.3e-05)
15:58:48 [DEBUG] XRP-USD: Missing rates (L=None, X=1.3e-05)
15:58:49 [DEBUG] XRP-USD: Missing prices (X=2.0525, L=None)
15:58:49 [DEBUG] PUMP-USD: Missing rates (L=None, X=1.3e-05)
15:58:49 [DEBUG] PUMP-USD: Missing prices (X=0.002971477713, L=None)
15:58:49 [DEBUG] EIGEN-USD: Missing rates (L=None, X=-6.9e-05)
15:58:49 [DEBUG] BCH-USD: Missing rates (L=None, X=1.3e-05)
15:58:49 [DEBUG] BCH-USD: Missing prices (X=0.0, L=None)
15:58:49 [DEBUG] STRK-USD: Missing rates (L=None, X=1.3e-05)
15:58:49 [DEBUG] STRK-USD: Missing prices (X=0.110249173125, L=None)
15:58:49 [DEBUG] IP-USD: Missing rates (L=None, X=1.3e-05)
15:58:49 [DEBUG] IP-USD: Missing prices (X=2.10348422375, L=None)
15:58:49 [DEBUG] AERO-USD: Missing rates (L=None, X=-2.9e-05)
15:58:49 [DEBUG] AERO-USD: Missing prices (X=0.645445159125, L=None)
15:58:49 [DEBUG] ZORA-USD: Missing rates (L=None, X=2.9e-05)
15:58:49 [DEBUG] ZORA-USD: Missing prices (X=0.049614627887, L=None)
15:58:49 [DEBUG] SPX-USD: Missing rates (L=None, X=1.3e-05)
15:58:49 [DEBUG] SPX-USD: Missing prices (X=0.63551, L=None)
15:58:49 [DEBUG] CRV-USD: Missing rates (L=None, X=1.3e-05)
15:58:49 [DEBUG] CRV-USD: Missing prices (X=0.39444, L=None)
15:58:49 [DEBUG] NEAR-USD: Missing rates (L=None, X=7.6e-05)
15:58:49 [DEBUG] NEAR-USD: Missing prices (X=1.7532, L=None)
15:58:49 [DEBUG] WLD-USD: Missing rates (L=None, X=1.3e-05)
15:58:49 [DEBUG] WLD-USD: Missing prices (X=0.603745471875, L=None)
15:58:49 [DEBUG] ETH-USD: Missing rates (L=None, X=1.3e-05)
15:58:49 [DEBUG] ETH-USD: Missing prices (X=3112.3, L=None)
15:58:49 [DEBUG] ARB-USD: Missing rates (L=None, X=3e-06)
15:58:49 [DEBUG] ARB-USD: Missing prices (X=0.2133, L=None)
15:58:49 [DEBUG] POPCAT-USD: Missing rates (L=None, X=1.3e-05)
15:58:49 [DEBUG] POPCAT-USD: Missing prices (X=0.101949235375, L=None)
15:58:49 [DEBUG] BTC-USD: Missing rates (L=None, X=2e-06)
15:58:49 [DEBUG] BTC-USD: Missing prices (X=90209.0, L=None)
15:58:49 [DEBUG] LTC-USD: Missing rates (L=None, X=-6e-06)
15:58:49 [DEBUG] LTC-USD: Missing prices (X=83.6143728875, L=None)
15:58:49 [DEBUG] TON-USD: Missing rates (L=None, X=3e-06)
15:58:49 [DEBUG] TON-USD: Missing prices (X=1.616337877375, L=None)
15:58:49 [DEBUG] ADA-USD: Missing rates (L=None, X=1.3e-05)
15:58:49 [DEBUG] ADA-USD: Missing prices (X=0.450746619374, L=None)
15:58:49 [DEBUG] VIRTUAL-USD: Missing rates (L=None, X=1.3e-05)
15:58:49 [DEBUG] VIRTUAL-USD: Missing prices (X=0.838043714625, L=None)
15:58:49 [DEBUG] TAO-USD: Missing rates (L=None, X=1.3e-05)
15:58:49 [DEBUG] TAO-USD: Missing prices (X=304.7927140375, L=None)
15:58:49 [DEBUG] 💓 [x10_account] Alive (uptime=20s, last_msg=20s ago, msgs=3)
15:58:49 [DEBUG] FIL-USD: Missing rates (L=None, X=1.3e-05)
15:58:49 [DEBUG] FIL-USD: Missing prices (X=0.0, L=None)
15:58:49 [DEBUG] MKR-USD: Missing rates (L=None, X=1.3e-05)
15:58:49 [DEBUG] MKR-USD: Missing prices (X=1663.9, L=None)
15:58:49 [DEBUG] ENA-USD: Missing rates (L=None, X=-7.6e-05)
15:58:49 [DEBUG] ENA-USD: Missing prices (X=0.26549, L=None)
15:58:49 [DEBUG] KAITO-USD: Missing rates (L=None, X=1.3e-05)
15:58:49 [DEBUG] KAITO-USD: Missing prices (X=0.649345129875, L=None)
15:58:49 [DEBUG] UNI-USD: Missing rates (L=None, X=1.3e-05)
15:58:49 [DEBUG] UNI-USD: Missing prices (X=5.47545893375, L=None)
15:58:49 [DEBUG] 1000SHIB-USD: Missing rates (L=None, X=-6.7e-05)
15:58:49 [DEBUG] 1000SHIB-USD: Missing prices (X=0.008559435803, L=None)
15:58:49 [DEBUG] DOGE-USD: Missing rates (L=None, X=1.3e-05)
15:58:49 [DEBUG] DOGE-USD: Missing prices (X=0.14072, L=None)
15:58:49 [DEBUG] FARTCOIN-USD: Missing rates (L=None, X=1.3e-05)
15:58:49 [DEBUG] AVAX-USD: Missing rates (L=None, X=-1.7e-05)
15:58:49 [DEBUG] AVAX-USD: Missing prices (X=13.58139813875, L=None)
15:58:49 [DEBUG] ONDO-USD: Missing rates (L=None, X=8e-06)
15:58:49 [DEBUG] ONDO-USD: Missing prices (X=0.480246398125, L=None)
15:58:49 [DEBUG] SUI-USD: Missing rates (L=None, X=3e-06)
15:58:49 [DEBUG] SUI-USD: Missing prices (X=1.598338012374, L=None)
15:58:49 [DEBUG] APEX-USD: Missing rates (L=None, X=-5.4e-05)
15:58:49 [DEBUG] APEX-USD: Missing prices (X=0.534695989749, L=None)
15:58:49 [DEBUG] GRASS-USD: Missing rates (L=None, X=1.3e-05)
15:58:49 [DEBUG] GRASS-USD: Missing prices (X=0.315347634875, L=None)
15:58:49 [DEBUG] ZEC-USD: Missing rates (L=None, X=1.3e-05)
15:58:49 [DEBUG] ZEC-USD: Missing prices (X=424.764, L=None)
15:58:49 [DEBUG] JUP-USD: Missing rates (L=None, X=-7.3e-05)
15:58:49 [DEBUG] JUP-USD: Missing prices (X=0.223748321875, L=None)
15:58:49 [DEBUG] ⛔ Skip SPX-USD: TradFi/FX
15:58:49 [INFO] ✅ Found 0 opportunities from 0 valid pairs (farm_mode=False, scanned=65)
15:58:50 [DEBUG] ✅ XPL-USD: X10=$383,364, Lighter=$0, Total=$383,364
15:58:51 [INFO] 🛑 Initiating shutdown...
15:58:51 [INFO] 🔒 SHUTDOWN: Closing all open trades... (Please wait!)
15:58:51 [DEBUG] Sending GET https://api.starknet.extended.exchange/api/v1/user/positions?
15:58:51 [INFO] ✅ SHUTDOWN: No positions found.
15:58:51 [DEBUG] Cancelled task: maintenance_loop
15:58:51 [DEBUG] Cancelled task: cleanup_finished_tasks
15:58:51 [DEBUG] Cancelled task: health_reporter
15:58:51 [DEBUG] Cancelled task: farm_loop
15:58:51 [DEBUG] Cancelled task: logic_loop
15:58:51 [DEBUG] Cancelled task: trade_management_loop
15:58:51 [DEBUG] Cancelled task: connection_watchdog
15:58:51 [INFO] Logic loop cancelled
15:58:51 [INFO] Connection watchdog cancelled
15:58:51 [DEBUG] ✅ RESOLV-USD: X10=$270,656, Lighter=$0, Total=$270,656
15:58:53 [INFO] 🔌 [x10_trades] WebSocket stopped
15:58:53 [DEBUG] [lighter] WebSocket connection closed forcefully (Timeout).
15:58:53 [INFO] 🔌 [lighter] WebSocket stopped
15:58:53 [DEBUG] [x10_orderbooks] WebSocket connection closed forcefully (Timeout).
15:58:53 [INFO] 🔌 [x10_orderbooks] WebSocket stopped
15:58:53 [DEBUG] [x10_funding] WebSocket connection closed forcefully (Timeout).
15:58:53 [INFO] 🔌 [x10_funding] WebSocket stopped
15:58:53 [DEBUG] [x10_account] WebSocket connection closed forcefully (Timeout).
15:58:53 [INFO] 🔌 [x10_account] WebSocket stopped
15:58:53 [INFO] ✅ WebSocketManager stopped
15:58:53 [INFO] ✅ ParallelExecutionManager: Stopped
15:58:53 [INFO] 🛑 Stopping InMemoryStateManager...
15:58:53 [INFO] 📝 State writer loop stopped
15:58:53 [INFO] ✅ InMemoryStateManager stopped
15:58:53 [INFO] ✅ Shutdown complete
15:58:53 [INFO] 🛑 Shutting down...
15:58:53 [INFO] 🛑 Shutdown requested...
15:58:53 [INFO] 🛑 Stopping Dashboard API...
15:58:53 [INFO] ✅ ParallelExecutionManager: Stopped
15:58:53 [INFO] ✅ WebSocketManager stopped
15:58:53 [INFO] ✅ OpenInterestTracker stopped
15:58:53 [INFO] 🛑 Funding tracker: Cancelled
15:58:53 [INFO] ✅ Funding Tracker stopped
15:58:53 [INFO] ✅ FundingTracker stopped
15:58:53 [INFO] 🛑 Stopping InMemoryStateManager...
15:58:53 [INFO] ✅ InMemoryStateManager stopped
15:58:53 [INFO] 🔒 Closing database...
15:58:53 [INFO] 🖊️ Database write loop stopped
15:58:53 [INFO] ✅ Database closed
15:58:53 [INFO] 🛑 FeeManager stopped
15:58:53 [INFO] 🔌 Closing adapters...
15:58:53 [INFO] 🚨 Executing Internal Graceful Shutdown (pre-adapter-close)...
15:58:53 [WARNING] 🚨 GRACEFUL SHUTDOWN: Closing ALL positions...
15:58:53 [INFO] 1️⃣  Cancelling open orders...
15:58:53 [INFO]    -> Cancelling Lighter orders (Parallel)...
15:58:53 [INFO]    -> Cancelling X10 orders (Parallel)...
15:58:53 [INFO]    -> Executing 205 cancellation tasks...
15:58:53 [DEBUG] Sending GET https://api.starknet.extended.exchange/api/v1/user/orders?
15:58:54 [DEBUG] Sending GET https://api.starknet.extended.exchange/api/v1/user/orders?
15:58:54 [DEBUG] Sending GET https://api.starknet.extended.exchange/api/v1/user/orders?
15:58:54 [DEBUG] Sending GET https://api.starknet.extended.exchange/api/v1/user/orders?
15:58:54 [DEBUG] Sending GET https://api.starknet.extended.exchange/api/v1/user/orders?
15:58:54 [DEBUG] Sending GET https://api.starknet.extended.exchange/api/v1/user/orders?
15:58:54 [DEBUG] Sending GET https://api.starknet.extended.exchange/api/v1/user/orders?
15:58:54 [DEBUG] Sending GET https://api.starknet.extended.exchange/api/v1/user/orders?
15:58:54 [DEBUG] Sending GET https://api.starknet.extended.exchange/api/v1/user/orders?
15:58:54 [DEBUG] Sending GET https://api.starknet.extended.exchange/api/v1/user/orders?
15:58:54 [DEBUG] Sending GET https://api.starknet.extended.exchange/api/v1/user/orders?
15:58:54 [DEBUG] Sending GET https://api.starknet.extended.exchange/api/v1/user/orders?
15:58:54 [DEBUG] Sending GET https://api.starknet.extended.exchange/api/v1/user/orders?
15:58:54 [DEBUG] Sending GET https://api.starknet.extended.exchange/api/v1/user/orders?
15:58:54 [DEBUG] Sending GET https://api.starknet.extended.exchange/api/v1/user/orders?
15:58:54 [DEBUG] Sending GET https://api.starknet.extended.exchange/api/v1/user/orders?
15:58:54 [DEBUG] Sending GET https://api.starknet.extended.exchange/api/v1/user/orders?
15:58:54 [DEBUG] Sending GET https://api.starknet.extended.exchange/api/v1/user/orders?
15:58:55 [DEBUG] Sending GET https://api.starknet.extended.exchange/api/v1/user/orders?
15:58:55 [DEBUG] Sending GET https://api.starknet.extended.exchange/api/v1/user/orders?
15:58:55 [DEBUG] Sending GET https://api.starknet.extended.exchange/api/v1/user/orders?
15:58:55 [DEBUG] Sending GET https://api.starknet.extended.exchange/api/v1/user/orders?
15:58:55 [DEBUG] Sending GET https://api.starknet.extended.exchange/api/v1/user/orders?
15:58:55 [DEBUG] Sending GET https://api.starknet.extended.exchange/api/v1/user/orders?
15:58:55 [DEBUG] Sending GET https://api.starknet.extended.exchange/api/v1/user/orders?
15:58:55 [DEBUG] Sending GET https://api.starknet.extended.exchange/api/v1/user/orders?
15:58:55 [DEBUG] Sending GET https://api.starknet.extended.exchange/api/v1/user/orders?
15:58:55 [DEBUG] Sending GET https://api.starknet.extended.exchange/api/v1/user/orders?
15:58:55 [DEBUG] Sending GET https://api.starknet.extended.exchange/api/v1/user/orders?
15:58:55 [DEBUG] Sending GET https://api.starknet.extended.exchange/api/v1/user/orders?
15:58:55 [DEBUG] Sending GET https://api.starknet.extended.exchange/api/v1/user/orders?
15:58:55 [DEBUG] Sending GET https://api.starknet.extended.exchange/api/v1/user/orders?
15:58:55 [DEBUG] Sending GET https://api.starknet.extended.exchange/api/v1/user/orders?
15:58:55 [DEBUG] Sending GET https://api.starknet.extended.exchange/api/v1/user/orders?
15:58:55 [DEBUG] Sending GET https://api.starknet.extended.exchange/api/v1/user/orders?
15:58:56 [DEBUG] Sending GET https://api.starknet.extended.exchange/api/v1/user/orders?
15:58:56 [DEBUG] Sending GET https://api.starknet.extended.exchange/api/v1/user/orders?
15:58:56 [DEBUG] Sending GET https://api.starknet.extended.exchange/api/v1/user/orders?
15:58:56 [DEBUG] Sending GET https://api.starknet.extended.exchange/api/v1/user/orders?
15:58:56 [DEBUG] Sending GET https://api.starknet.extended.exchange/api/v1/user/orders?
15:58:56 [DEBUG] Sending GET https://api.starknet.extended.exchange/api/v1/user/orders?
15:58:56 [DEBUG] Sending GET https://api.starknet.extended.exchange/api/v1/user/orders?
15:58:56 [DEBUG] Sending GET https://api.starknet.extended.exchange/api/v1/user/orders?
15:58:56 [DEBUG] Sending GET https://api.starknet.extended.exchange/api/v1/user/orders?
15:58:56 [DEBUG] Sending GET https://api.starknet.extended.exchange/api/v1/user/orders?
15:58:56 [DEBUG] Sending GET https://api.starknet.extended.exchange/api/v1/user/orders?
15:58:56 [DEBUG] Sending GET https://api.starknet.extended.exchange/api/v1/user/orders?
15:58:56 [DEBUG] Sending GET https://api.starknet.extended.exchange/api/v1/user/orders?
15:58:56 [DEBUG] Sending GET https://api.starknet.extended.exchange/api/v1/user/orders?
15:58:56 [DEBUG] Sending GET https://api.starknet.extended.exchange/api/v1/user/orders?
15:58:56 [DEBUG] Sending GET https://api.starknet.extended.exchange/api/v1/user/orders?
15:58:57 [DEBUG] Sending GET https://api.starknet.extended.exchange/api/v1/user/orders?
15:58:57 [DEBUG] Sending GET https://api.starknet.extended.exchange/api/v1/user/orders?
15:58:57 [DEBUG] Sending GET https://api.starknet.extended.exchange/api/v1/user/orders?
15:58:57 [DEBUG] Sending GET https://api.starknet.extended.exchange/api/v1/user/orders?
15:58:57 [DEBUG] Sending GET https://api.starknet.extended.exchange/api/v1/user/orders?
15:58:57 [DEBUG] Sending GET https://api.starknet.extended.exchange/api/v1/user/orders?
15:58:57 [DEBUG] Sending GET https://api.starknet.extended.exchange/api/v1/user/orders?
15:58:57 [DEBUG] Sending GET https://api.starknet.extended.exchange/api/v1/user/orders?
15:58:57 [DEBUG] Sending GET https://api.starknet.extended.exchange/api/v1/user/orders?
15:58:57 [DEBUG] Sending GET https://api.starknet.extended.exchange/api/v1/user/orders?
15:58:57 [DEBUG] Sending GET https://api.starknet.extended.exchange/api/v1/user/orders?
15:58:57 [DEBUG] Sending GET https://api.starknet.extended.exchange/api/v1/user/orders?
15:58:57 [DEBUG] Sending GET https://api.starknet.extended.exchange/api/v1/user/orders?
15:58:57 [DEBUG] Sending GET https://api.starknet.extended.exchange/api/v1/user/orders?
15:58:57 [DEBUG] Sending GET https://api.starknet.extended.exchange/api/v1/user/orders?
15:58:57 [DEBUG] Sending GET https://api.starknet.extended.exchange/api/v1/user/orders?
15:58:57 [DEBUG] Sending GET https://api.starknet.extended.exchange/api/v1/user/orders?
15:58:58 [DEBUG] Sending GET https://api.starknet.extended.exchange/api/v1/user/orders?
15:58:58 [DEBUG] Sending GET https://api.starknet.extended.exchange/api/v1/user/orders?
15:58:58 [DEBUG] Sending GET https://api.starknet.extended.exchange/api/v1/user/orders?
15:58:58 [DEBUG] Sending GET https://api.starknet.extended.exchange/api/v1/user/orders?
15:58:58 [DEBUG] Sending GET https://api.starknet.extended.exchange/api/v1/user/orders?
15:58:58 [DEBUG] Sending GET https://api.starknet.extended.exchange/api/v1/user/orders?
15:58:58 [DEBUG] Sending GET https://api.starknet.extended.exchange/api/v1/user/orders?
15:58:58 [DEBUG] Sending GET https://api.starknet.extended.exchange/api/v1/user/orders?
15:58:58 [DEBUG] Sending GET https://api.starknet.extended.exchange/api/v1/user/orders?
15:58:58 [DEBUG] Sending GET https://api.starknet.extended.exchange/api/v1/user/orders?
15:58:58 [DEBUG] Sending GET https://api.starknet.extended.exchange/api/v1/user/orders?
15:58:58 [DEBUG] Sending GET https://api.starknet.extended.exchange/api/v1/user/orders?
15:58:58 [DEBUG] Sending GET https://api.starknet.extended.exchange/api/v1/user/orders?
15:58:58 [DEBUG] Sending GET https://api.starknet.extended.exchange/api/v1/user/orders?
15:58:58 [DEBUG] Sending GET https://api.starknet.extended.exchange/api/v1/user/orders?
15:58:58 [DEBUG] Sending GET https://api.starknet.extended.exchange/api/v1/user/orders?
15:58:59 [DEBUG] Sending GET https://api.starknet.extended.exchange/api/v1/user/orders?
15:58:59 [DEBUG] Sending GET https://api.starknet.extended.exchange/api/v1/user/orders?
15:58:59 [DEBUG] Sending GET https://api.starknet.extended.exchange/api/v1/user/orders?
15:58:59 [DEBUG] Sending GET https://api.starknet.extended.exchange/api/v1/user/orders?
15:58:59 [DEBUG] Sending GET https://api.starknet.extended.exchange/api/v1/user/orders?
15:58:59 [DEBUG] Sending GET https://api.starknet.extended.exchange/api/v1/user/orders?
15:58:59 [DEBUG] Sending GET https://api.starknet.extended.exchange/api/v1/user/orders?
15:59:03 [INFO]    -> Verifying Lighter Orderbook cleanup...
15:59:03 [INFO] 2️⃣  Closing State-Tracked Trades (PnL Recording)...
15:59:03 [INFO] 3️⃣  Scanning Exchanges for Residual Positions...
15:59:03 [INFO]     -> Scan Attempt 1/3...
15:59:03 [DEBUG] Sending GET https://api.starknet.extended.exchange/api/v1/user/positions?
15:59:03 [INFO] ✅ No open positions remaining. Clean shutdown possible.
15:59:03 [INFO] ✅ All positions closed. Bye!
15:59:03 [INFO] ✅ X10 Adapter geschlossen.
15:59:03 [INFO] ✅ Lighter Adapter closed
15:59:03 [INFO] ✅ Bot V5 shutdown complete
15:59:03 [INFO] 🛑 STOPPING BOT: Initiating Graceful Shutdown...
15:59:03 [INFO] 🛑 Stopping Infrastructure...
15:59:03 [INFO] 🛑 Stopping InMemoryStateManager...
15:59:03 [INFO] ✅ InMemoryStateManager stopped
15:59:03 [INFO] 🛑 FeeManager stopped
15:59:03 [INFO] ✅ X10 Adapter geschlossen.
15:59:03 [INFO] ✅ Lighter Adapter closed
