21:00:10 [INFO]  CONFIG VALIDIERUNG abgeschlossen.
21:00:10 [INFO] 🔥 BOT V5 (Architected) STARTING...
21:00:10 [INFO] 🚀 Starting InMemoryStateManager...
21:00:10 [INFO] 📂 Initializing database: data/trades.db
21:00:10 [INFO] ✅ Read pool created: 5 connections
21:00:10 [INFO] ✅ WAL mode enabled
21:00:10 [INFO] 🔄 Running database migrations...
21:00:10 [INFO] ✅ Migrations complete (11 statements)
21:00:10 [INFO] ✅ Database initialized
21:00:10 [INFO] 🖊️ Database write loop started
21:00:10 [INFO] 📂 Loaded 3 trades from database
21:00:10 [INFO] ✅ InMemoryStateManager started (loaded 3 trades)
21:00:10 [INFO] ✅ State Manager started
21:00:10 [INFO]  Telegram Bot disabled (Token/ChatID missing).
21:00:10 [INFO] ✅ Async database initialized
21:00:10 [INFO] 📝 State writer loop started
21:00:10 [DEBUG] ✅ Database schema up to date
21:00:10 [INFO] Initialisiere X10 Adapter...
21:00:10 [INFO]  X10 Account initialisiert.
21:00:10 [INFO] Initialisiere Lighter Adapter...
21:00:10 [INFO] 📊 Loading Market Data via REST...
21:00:10 [DEBUG] Sending GET https://api.starknet.extended.exchange/api/v1/info/markets?
21:00:12 [WARNING] ⚠️ Skipping ETH-USD: market_id=None (parsed=-1) invalid or >254
21:00:12 [INFO] ✅ Lighter: Loaded 115 markets (base data)
21:00:12 [DEBUG] Starting new HTTPS connection (1): mainnet.zklighter.elliot.ai:443
21:00:13 [DEBUG] https://mainnet.zklighter.elliot.ai:443 "GET /api/v1/nextNonce?account_index=60113&api_key_index=3 HTTP/1.1" 200 25
21:00:13 [INFO]  X10: 91 Märkte geladen, 91 Funding Rates, 78 Preise
21:00:15 [INFO] ✅ Lighter: Updated 115 markets with size_decimals from API
21:00:15 [INFO] 📊 MARKET ADA-USD: size_decimals=1, price_decimals=5, min_base_amount=10.0
21:00:15 [INFO] 📊 MARKET SEI-USD: size_decimals=1, price_decimals=5, min_base_amount=50.0
21:00:15 [INFO] 📊 MARKET RESOLV-USD: size_decimals=0, price_decimals=6, min_base_amount=40.0
21:00:15 [INFO] 📊 MARKET TIA-USD: size_decimals=1, price_decimals=5, min_base_amount=3.0
21:00:15 [INFO] ✅ Markets loaded: X10=91, Lighter=115
21:00:15 [INFO] 📈 Pre-loading Lighter prices...
21:00:16 [DEBUG] Lighter: Loaded 379 funding rates
21:00:16 [DEBUG] Lighter: Loaded 115 prices via REST
21:00:16 [INFO] ✅ Lighter prices loaded: 115 symbols
21:00:16 [INFO] FundingPredictorV2 initialized with BTC Correlation
21:00:16 [INFO] 启动 OI Tracker für 67 Symbole...
21:00:16 [INFO] ✅ OpenInterestTracker started (interval=30.0s)
21:00:16 [INFO] 🌐 Starting WebSocket Manager...
21:00:16 [INFO] 📊 OI Tracker: Starting cycle 1 (67 symbols)
21:00:16 [INFO] 🔌 [lighter] WebSocket manager started
21:00:16 [INFO] 🔌 [x10_account] WebSocket manager started
21:00:16 [INFO] 🔌 [x10_trades] WebSocket manager started
21:00:16 [INFO] 🔌 [x10_funding] WebSocket manager started
21:00:16 [INFO] 🔌 [lighter] Connecting with kwargs: {'close_timeout': 5.0, 'max_size': 4194304, 'ping_interval': 20.0, 'ping_timeout': 10.0}
21:00:16 [INFO] 🔌 [x10_account] Connecting with kwargs: {'close_timeout': 5.0, 'max_size': 4194304, 'ping_interval': 15.0, 'additional_headers': {'X-Api-Key': 'a1c9207f79f0e57ddc454bf1e16dbe49', 'User-Agent': 'X10PythonTradingClient/0.4.5'}}
21:00:16 [INFO] 🔌 [x10_trades] Connecting with kwargs: {'close_timeout': 5.0, 'max_size': 4194304, 'ping_interval': 15.0, 'additional_headers': {'X-Api-Key': 'a1c9207f79f0e57ddc454bf1e16dbe49', 'User-Agent': 'X10PythonTradingClient/0.4.5'}}
21:00:16 [INFO] 🔌 [x10_funding] Connecting with kwargs: {'close_timeout': 5.0, 'max_size': 4194304, 'ping_interval': 15.0, 'additional_headers': {'X-Api-Key': 'a1c9207f79f0e57ddc454bf1e16dbe49', 'User-Agent': 'X10PythonTradingClient/0.4.5'}}
21:00:16 [INFO] ✅ WebSocketManager started (Lighter + X10 Account/Trades/Funding)
21:00:17 [DEBUG] ✅ IP-USD: X10=$284,923, Lighter=$388,968, Total=$673,890
21:00:17 [INFO] ✅ [x10_account] Connected to wss://api.starknet.extended.exchange/stream.extended.exchange/v1/account
21:00:17 [INFO] ✅ [x10_account] Keepalive enabled: ping_interval=15.0s, ping_timeout=None (auto-pong)
21:00:17 [INFO] [x10_account] Receive loop started (async iterator)
21:00:17 [DEBUG] [x10_account] RAW MSG: {"type":"ORDER","data":{"isSnapshot":true,"orders":[]},"ts":1764705609203,"seq":1}
21:00:17 [DEBUG] 💓 [x10_account] Heartbeat monitor started (library handles ping/pong)
21:00:17 [DEBUG] [x10_account] RAW MSG: {"type":"POSITION","data":{"isSnapshot":true,"positions":[]},"ts":1764705609203,"seq":2}
21:00:17 [DEBUG] [x10_account] RAW MSG: {"type":"BALANCE","data":{"isSnapshot":true,"balance":{"collateralName":"USD","balance":"300.678588"
21:00:17 [INFO] ✅ [x10_trades] Connected to wss://api.starknet.extended.exchange/stream.extended.exchange/v1/publicTrades
21:00:17 [INFO] ✅ [x10_trades] Keepalive enabled: ping_interval=15.0s, ping_timeout=None (auto-pong)
21:00:17 [INFO] [x10_trades] Receive loop started (async iterator)
21:00:17 [DEBUG] [x10_trades] RAW MSG: {"data":[{"i":1995946077391425542,"m":"BTC-USD","S":"BUY","tT":"TRADE","T":1764705602392,"p":"91876"
21:00:17 [DEBUG] 💓 [x10_trades] Heartbeat monitor started (library handles ping/pong)
21:00:17 [INFO] ✅ [x10_funding] Connected to wss://api.starknet.extended.exchange/stream.extended.exchange/v1/funding
21:00:17 [INFO] ✅ [x10_funding] Keepalive enabled: ping_interval=15.0s, ping_timeout=None (auto-pong)
21:00:17 [INFO] [x10_funding] Receive loop started (async iterator)
21:00:17 [DEBUG] 💓 [x10_funding] Heartbeat monitor started (library handles ping/pong)
21:00:17 [INFO] ✅ [lighter] Connected to wss://mainnet.zklighter.elliot.ai/stream
21:00:17 [INFO] ✅ [lighter] Keepalive enabled: ping_interval=20.0s, ping_timeout=10.0s
21:00:17 [INFO] [lighter] Resubscribing to 81 channels (paced)...
21:00:17 [INFO] [lighter] Receive loop started (async iterator)
21:00:17 [DEBUG] 💓 [lighter] Heartbeat monitor started (library handles ping/pong)
21:00:17 [DEBUG] [lighter] Subscribed to order_book/3
21:00:17 [DEBUG] [lighter] Subscribed to trade/3
21:00:17 [DEBUG] [x10_trades] RAW MSG: {"data":[{"i":1995946106369871874,"m":"BTC-USD","S":"SELL","tT":"TRADE","T":1764705609301,"p":"91884
21:00:17 [DEBUG] [lighter] Subscribed to order_book/8
21:00:17 [DEBUG] [lighter] Subscribed to trade/8
21:00:17 [DEBUG] [lighter] Subscribed to order_book/83
21:00:17 [DEBUG] [lighter] Subscribed to trade/83
21:00:17 [DEBUG] [lighter] Subscribed to order_book/50
21:00:17 [DEBUG] [lighter] Subscribed to trade/50
21:00:17 [DEBUG] [lighter] Resubscribed 10/81 channels
21:00:18 [DEBUG] [lighter] Subscribed to order_book/89
21:00:18 [DEBUG] [lighter] Subscribed to trade/89
21:00:18 [DEBUG] [lighter] Subscribed to order_book/4
21:00:18 [DEBUG] [lighter] Subscribed to trade/4
21:00:18 [DEBUG] [lighter] Subscribed to order_book/52
21:00:18 [DEBUG] [lighter] Subscribed to trade/52
21:00:18 [DEBUG] [lighter] Resubscribed 20/81 channels
21:00:18 [DEBUG] [lighter] Subscribed to order_book/41
21:00:18 [DEBUG] [lighter] Subscribed to trade/41
21:00:18 [DEBUG] [lighter] Subscribed to order_book/93
21:00:18 [DEBUG] [lighter] Subscribed to trade/93
21:00:18 [DEBUG] [x10_trades] RAW MSG: {"data":[{"i":1995946107254870017,"m":"BTC-USD","S":"SELL","tT":"TRADE","T":1764705609512,"p":"91884
21:00:18 [DEBUG] [lighter] Subscribed to order_book/55
21:00:18 [DEBUG] [lighter] Subscribed to trade/55
21:00:18 [DEBUG] [lighter] Subscribed to order_book/29
21:00:18 [DEBUG] [lighter] Subscribed to trade/29
21:00:18 [DEBUG] [lighter] Resubscribed 30/81 channels
21:00:18 [DEBUG] [lighter] Subscribed to order_book/46
21:00:18 [DEBUG] [lighter] Subscribed to trade/46
21:00:18 [DEBUG] [lighter] Subscribed to order_book/1
21:00:18 [DEBUG] [lighter] Subscribed to trade/1
21:00:18 [DEBUG] [lighter] Subscribed to order_book/58
21:00:18 [DEBUG] [lighter] Subscribed to trade/58
21:00:18 [DEBUG] [lighter] Resubscribed 40/81 channels
21:00:18 [DEBUG] [lighter] Subscribed to order_book/11
21:00:18 [DEBUG] [lighter] Subscribed to trade/11
21:00:18 [DEBUG] [lighter] Subscribed to order_book/10
21:00:18 [DEBUG] [lighter] Subscribed to trade/10
21:00:18 [DEBUG] [lighter] Subscribed to order_book/72
21:00:18 [DEBUG] [lighter] Subscribed to trade/72
21:00:18 [DEBUG] [lighter] Resubscribed 50/81 channels
21:00:18 [DEBUG] [lighter] Subscribed to order_book/53
21:00:18 [DEBUG] [lighter] Subscribed to trade/53
21:00:18 [DEBUG] [lighter] Subscribed to order_book/76
21:00:18 [DEBUG] [lighter] Subscribed to trade/76
21:00:18 [DEBUG] [lighter] Subscribed to order_book/30
21:00:18 [DEBUG] [lighter] Subscribed to trade/30
21:00:18 [DEBUG] [lighter] Subscribed to order_book/39
21:00:18 [DEBUG] [lighter] Subscribed to trade/39
21:00:18 [DEBUG] [lighter] Resubscribed 60/81 channels
21:00:18 [DEBUG] [lighter] Subscribed to order_book/92
21:00:18 [DEBUG] [lighter] Subscribed to trade/92
21:00:18 [DEBUG] [lighter] Subscribed to order_book/90
21:00:18 [DEBUG] [lighter] Subscribed to trade/90
21:00:18 [DEBUG] [lighter] Subscribed to order_book/5
21:00:18 [DEBUG] [lighter] Subscribed to trade/5
21:00:18 [DEBUG] [lighter] Resubscribed 70/81 channels
21:00:18 [DEBUG] [lighter] Subscribed to order_book/37
21:00:18 [DEBUG] [lighter] Subscribed to trade/37
21:00:18 [DEBUG] [lighter] Subscribed to order_book/98
21:00:18 [DEBUG] [lighter] Subscribed to trade/98
21:00:18 [DEBUG] [lighter] Subscribed to order_book/25
21:00:18 [DEBUG] [lighter] Subscribed to trade/25
21:00:18 [DEBUG] [lighter] Resubscribed 80/81 channels
21:00:18 [INFO] [lighter] Resubscribed to 81 channels
21:00:18 [INFO] [x10] Connected to Firehose streams (Trades & Funding) for all markets.
21:00:18 [INFO] 🔗 Components Wired: WS -> OI Tracker -> Prediction
21:00:18 [INFO] 🧟 Starte Zombie-Check: Vergleiche DB mit echten Positionen...
21:00:18 [INFO] 🔍 DB meldet 3 offene Trades. Prüfe Exchange...
21:00:18 [DEBUG] Sending GET https://api.starknet.extended.exchange/api/v1/user/positions?
21:00:19 [DEBUG] [x10_trades] RAW MSG: {"data":[{"i":1995946112149622785,"m":"SOL-USD","S":"SELL","tT":"TRADE","T":1764705610679,"p":"140.2
21:00:20 [INFO] Lighter: Found 0 open positions
21:00:20 [INFO] 🌍 Echte Positionen auf Exchanges: []
21:00:20 [WARNING] ⚠️  ZOMBIE GEFUNDEN: ENA-USD ist in DB offen, aber nicht auf Exchange. Schließe ihn...
21:00:20 [INFO] ✅ Trade ENA-USD closed (PnL: $0.00)
21:00:20 [WARNING] ⚠️  ZOMBIE GEFUNDEN: APEX-USD ist in DB offen, aber nicht auf Exchange. Schließe ihn...
21:00:20 [INFO] ✅ Trade APEX-USD closed (PnL: $0.00)
21:00:20 [WARNING] ⚠️  ZOMBIE GEFUNDEN: BERA-USD ist in DB offen, aber nicht auf Exchange. Schließe ihn...
21:00:20 [INFO] ✅ Trade BERA-USD closed (PnL: $0.00)
21:00:20 [INFO] ✅ ParallelExecutionManager: Rollback processor started
21:00:20 [INFO] ✅ ParallelExecutionManager started
21:00:20 [INFO] 📝 Registered task: logic_loop (critical=True)
21:00:20 [INFO] 📝 Registered task: trade_management_loop (critical=True)
21:00:20 [INFO] 📝 Registered task: farm_loop (critical=False)
21:00:20 [INFO] 📝 Registered task: maintenance_loop (critical=False)
21:00:20 [INFO] 📝 Registered task: cleanup_finished_tasks (critical=False)
21:00:20 [INFO] 📝 Registered task: health_reporter (critical=False)
21:00:20 [INFO] 📝 Registered task: connection_watchdog (critical=True)
21:00:20 [INFO] ✅ Signal handlers installed (SIGINT, SIGTERM)
21:00:20 [INFO] ▶️  Started task: logic_loop
21:00:20 [INFO] ▶️  Started task: trade_management_loop
21:00:20 [INFO] ▶️  Started task: farm_loop
21:00:20 [INFO] ▶️  Started task: maintenance_loop
21:00:20 [INFO] ▶️  Started task: cleanup_finished_tasks
21:00:20 [INFO] ▶️  Started task: health_reporter
21:00:20 [INFO] ▶️  Started task: connection_watchdog
21:00:20 [INFO] 🚀 Started 7 tasks
21:00:20 [INFO] ═══════════════════════════════════════════════════════════
21:00:20 [INFO]    BOT V5 RUNNING 24/7 - SUPERVISED | Ctrl+C = Stop   
21:00:20 [INFO] ═══════════════════════════════════════════════════════════
21:00:20 [INFO] 🔄 Rollback processor running...
21:00:20 [INFO] Logic Loop gestartet – REFRESH alle 3s
21:00:20 [INFO] ⚡ Latency Arb Detector initialized (threshold: 1.0s)
21:00:20 [INFO] 🔍 🚜 FARM Scanning 67 pairs. Open symbols to skip: set()
21:00:20 [DEBUG] Price cache status: X10=67/67, Lighter=66/67
21:00:20 [INFO] 🔍 Scanning 67 pairs. Lighter markets: 115, X10 markets: 91
21:00:20 [INFO] 🛡️ Trade Management Loop gestartet
21:00:20 [INFO] 🚜 Farm Mode ACTIVE
21:00:20 [DEBUG] Sending GET https://api.starknet.extended.exchange/api/v1/user/balance
21:00:20 [DEBUG] 📊 X10 Funding Cache refresh (current=91)
21:00:20 [INFO] 🐕 Connection Watchdog gestartet (Timeout: 120s)
21:00:20 [INFO] 🔍 Supervisor loop started
21:00:20 [DEBUG] 📝 Flushed 1 writes
21:00:20 [DEBUG] 📝 Flushed 1 writes in 0.0ms
21:00:20 [DEBUG] Sending GET https://api.starknet.extended.exchange/api/v1/info/markets?
21:00:20 [DEBUG] MKR-USD: Missing prices (X=1663.9, L=None)
21:00:20 [DEBUG] [x10_trades] RAW MSG: {"data":[{"i":1995946116171960321,"m":"BTC-USD","S":"BUY","tT":"TRADE","T":1764705611638,"p":"91885"
21:00:20 [DEBUG] [x10_trades] RAW MSG: {"data":[{"i":1995946116784328704,"m":"BTC-USD","S":"SELL","tT":"TRADE","T":1764705611784,"p":"91884
21:00:20 [INFO] ✅ Found 0 opportunities with predictions (farm_mode=True)
21:00:20 [INFO] ⚠️ Keine Prediction-Opportunities, nutze Fallback mit echten Funding Rates...
21:00:20 [INFO]  Volatility Monitor initialized: Low<3.0%, Normal<10.0%, High<20.0%, Hard Cap<50.0%
21:00:20 [DEBUG] Skip AVNT-USD: Spread 0.43% too high
21:00:20 [INFO] 🔍 DEBUG RESOLV-USD: rl=-0.00082500, rx=-0.00099500, net=0.00017000, apy=148.9%
21:00:20 [INFO] 💎 RESOLV-USD | APY: 148.9%
21:00:20 [DEBUG] ⛔ Skip SPX-USD: TradFi/FX
21:00:20 [INFO] 🔍 DEBUG APEX-USD: rl=0.00001200, rx=-0.00008600, net=0.00009800, apy=85.8%
21:00:20 [INFO] 💎 APEX-USD | APY: 85.8%
21:00:20 [INFO] 🔍 DEBUG BERA-USD: rl=-0.00015100, rx=-0.00008500, net=-0.00006600, apy=57.8%
21:00:20 [DEBUG] Skip BERA-USD: Spread 0.32% too high
21:00:20 [DEBUG] Skip MNT-USD: Spread 0.36% too high
21:00:20 [INFO] 🔍 DEBUG TIA-USD: rl=0.00001200, rx=-0.00004700, net=0.00005900, apy=51.7%
21:00:20 [INFO] 💎 TIA-USD | APY: 51.7%
21:00:20 [DEBUG] ⛔ Skip XAG-USD: TradFi/FX
21:00:20 [INFO] 🔍 DEBUG ENA-USD: rl=-0.00007500, rx=-0.00001200, net=-0.00006300, apy=55.2%
21:00:20 [DEBUG] Skip ENA-USD: Spread 0.35% too high
21:00:20 [DEBUG] ⛔ Skip XAU-USD: TradFi/FX
21:00:20 [INFO] ✅ Found 32 opportunities from 63 valid pairs (farm_mode=True, scanned=67)
21:00:20 [INFO] 🎯 Found 3 opportunities, executing best...
21:00:20 [DEBUG] Sending GET https://api.starknet.extended.exchange/api/v1/user/balance
21:00:20 [DEBUG] [x10_trades] Firehose stream - no subscription needed
21:00:20 [DEBUG] [x10_funding] Firehose stream - no subscription needed
21:00:21 [DEBUG] Lighter Balance: Raw=$294.70, Safe=$279.97
21:00:21 [INFO] 🚜 Opening FARM: IP-USD APY=27.2%
21:00:21 [DEBUG] Sending GET https://api.starknet.extended.exchange/api/v1/user/positions?
21:00:21 [DEBUG] Lighter Balance: Raw=$294.70, Safe=$279.97
21:00:21 [INFO] X10: Detected balance = $300.68
21:00:21 [INFO] 🚀 Launching 3 trades (Slots available: 3)
21:00:21 [DEBUG] Sending GET https://api.starknet.extended.exchange/api/v1/user/positions?
21:00:21 [INFO] Lighter: Found 0 open positions
21:00:21 [DEBUG] ✅ IP-USD verified: No existing positions on exchanges
21:00:21 [DEBUG] MIN_NOTIONAL IP-USD: min_base=2.00000000 coins, price=$2.3324, min_qty_usd=$4.66, min_notional_api=$10.00, final=$11.00
21:00:21 [DEBUG] Sending GET https://api.starknet.extended.exchange/api/v1/user/balance
21:00:21 [DEBUG] [x10_trades] RAW MSG: {"data":[{"i":1995946122618605574,"m":"XPL-USD","S":"SELL","tT":"TRADE","T":1764705613175,"p":"0.188
21:00:21 [DEBUG] [x10_trades] RAW MSG: {"data":[{"i":1995946122618605578,"m":"XPL-USD","S":"SELL","tT":"TRADE","T":1764705613175,"p":"0.188
21:00:22 [INFO] 🎲 KellyPositionSizer initialized (Safety=0.25, MaxFraction=0.1)
21:00:22 [INFO] 🎰 KELLY IP-USD: win_rate=80.0%, kelly_fraction=0.6000, safe_fraction=0.0500, confidence=LOW, samples=0
21:00:22 [INFO] 📊 KELLY SIZE IP-USD: base=$30.0, kelly_recommended=$14.0, final=$30.0
21:00:22 [INFO] 🚀 Opening IP-USD: Size=$30.0 (Min=$24.5)
21:00:22 [INFO] 🔄 [PARALLEL] IP-USD: Lighter POST-ONLY first
21:00:22 [INFO] 🚀 LIGHTER OPEN IP-USD: side=SELL, size_usd=$30.00, price=$2.332400
21:00:22 [DEBUG] 🔍 DEBUG: IP-USD market_id = 34 (raw=34, type=<class 'int'>)
21:00:22 [DEBUG] QUANTIZE IP-USD: USD=30.00, coins=12.862288, raw=1286, lot_size=200, final=1200
21:00:22 [INFO] 🔄 [PARALLEL] IP-USD: X10 MARKET order
21:00:22 [DEBUG] Create Order Tx Info: {"AccountIndex":60113,"ApiKeyIndex":3,"MarketIndex":34,"ClientOrderIndex":1764705706861,"BaseAmount":1200,"Price":23184,"IsAsk":1,"Type":0,"TimeInForce":1,"ReduceOnly":0,"TriggerPrice":0,"OrderExpiry":1767124822051,"ExpiredAt":1764706221051,"Nonce":2204,"Sig":"Haw+tXaW5/975R54nGwk9G8z2BuaMznJtjJEu1Uaunhz4ftX8DP5VtywfaHbM1foV73eAValJwo75GqZWzg/uUECwdiHaiMjIyw3y2uO/Ak="}
21:00:22 [DEBUG] ✅ XRP-USD: X10=$455,278, Lighter=$3,548,830, Total=$4,004,108
21:00:22 [DEBUG] Sending GET https://api.starknet.extended.exchange/api/v1/info/markets?
21:00:22 [INFO] Lighter: Found 0 open positions
21:00:22 [INFO] 💰 Balance: X10=$300.7 (free=$266.2), Lit=$280.0 (free=$245.5) | DB_Trades=0, Real_Positions=0, Locked=$0/ex
21:00:22 [INFO] 🚀 Launching trade for RESOLV-USD (APY=148.9%)
21:00:22 [DEBUG] 📝 Flushed 1 writes in 0.0ms
21:00:22 [DEBUG] Sending GET https://api.starknet.extended.exchange/api/v1/user/positions?
21:00:22 [INFO]  X10: 91 Märkte geladen, 91 Funding Rates, 82 Preise
21:00:22 [DEBUG] X10: Funding Refresh OK, cache=91
21:00:22 [DEBUG] 📊 Lighter Funding Cache refresh (current=115)
21:00:22 [INFO] 🚀 Launching trade for APEX-USD (APY=85.8%)
21:00:22 [DEBUG] Sending GET https://api.starknet.extended.exchange/api/v1/user/positions?
21:00:22 [DEBUG] Lighter: Loaded 379 funding rates
21:00:22 [INFO] Lighter: Found 0 open positions
21:00:22 [DEBUG] ✅ RESOLV-USD verified: No existing positions on exchanges
21:00:22 [DEBUG] MIN_NOTIONAL RESOLV-USD: min_base=40.00000000 coins, price=$0.0739, min_qty_usd=$2.96, min_notional_api=$10.00, final=$11.00
21:00:22 [DEBUG] Sending GET https://api.starknet.extended.exchange/api/v1/user/balance
21:00:23 [DEBUG] Create Order Send Tx Response: code=200 message='{"ratelimit": "didn\'t use volume quota"}' tx_hash='fb464efa5d8ff664a7dd01f22e58e853cf2fccd4534d925ac806c5ceb12e553654d0c6342710db4e' predicted_execution_time_ms=1764705614735 additional_properties={}
21:00:23 [INFO] Lighter Order: fb464efa5d8ff664a7dd01f22e58e853cf2fccd4534d925ac806c5ceb12e553654d0c6342710db4e
21:00:23 [INFO] 🚀 Launching trade for TIA-USD (APY=51.7%)
21:00:23 [DEBUG] Sending GET https://api.starknet.extended.exchange/api/v1/user/positions?
21:00:23 [DEBUG] 📝 Flushed 2 writes
21:00:23 [DEBUG] 📝 Flushed 1 writes in 0.0ms
21:00:23 [INFO] Lighter: Found 0 open positions
21:00:23 [DEBUG] ✅ APEX-USD verified: No existing positions on exchanges
21:00:23 [DEBUG] MIN_NOTIONAL APEX-USD: min_base=5.00000000 coins, price=$0.5932, min_qty_usd=$2.97, min_notional_api=$10.00, final=$11.00
21:00:23 [DEBUG] Lighter: Loaded 115 prices via REST
21:00:23 [DEBUG] Lighter: Funding Refresh OK, cache=115
21:00:23 [INFO] ✅ Launched 3 trade tasks this cycle
21:00:23 [INFO] Lighter: Found 1 open positions
21:00:23 [DEBUG] ✅ TIA-USD verified: No existing positions on exchanges
21:00:23 [DEBUG] MIN_NOTIONAL TIA-USD: min_base=3.00000000 coins, price=$0.6191, min_qty_usd=$1.86, min_notional_api=$10.00, final=$11.00
21:00:24 [INFO] 🔍 Running periodic exchange sync check...
21:00:24 [INFO] 🔍 Starting Exchange Sync Check...
21:00:24 [DEBUG] Sending GET https://api.starknet.extended.exchange/api/v1/user/positions?
21:00:24 [DEBUG] Placing an order: id=760713945420329108045665522646200890664226230186309137278138184417644368116
21:00:24 [DEBUG] Sending POST https://api.starknet.extended.exchange/api/v1/user/order, headers={<RequestHeader.ACCEPT: 'Accept'>: 'application/json', <RequestHeader.CONTENT_TYPE: 'Content-Type'>: 'application/json', <RequestHeader.USER_AGENT: 'User-Agent'>: 'X10PythonTradingClient/0.0.17', <RequestHeader.API_KEY: 'X-Api-Key'>: 'a1c9207f79f0e57ddc454bf1e16dbe49'}
21:00:24 [INFO] Lighter: Found 1 open positions
21:00:24 [INFO] 🔒 Skipping sync check for IP-USD (Execution in progress)
21:00:24 [DEBUG] Lighter Balance: Raw=$294.70, Safe=$279.96
21:00:24 [INFO] 🎰 KELLY RESOLV-USD: win_rate=80.0%, kelly_fraction=0.6000, safe_fraction=0.0500, confidence=LOW, samples=0
21:00:24 [INFO] 📊 KELLY SIZE RESOLV-USD: base=$30.0, kelly_recommended=$12.4, final=$30.0
21:00:24 [DEBUG] Sending GET https://api.starknet.extended.exchange/api/v1/user/balance
21:00:25 [INFO] 🎰 KELLY APEX-USD: win_rate=80.0%, kelly_fraction=0.6000, safe_fraction=0.0500, confidence=LOW, samples=0
21:00:25 [INFO] 📊 KELLY SIZE APEX-USD: base=$30.0, kelly_recommended=$12.4, final=$30.0
21:00:25 [DEBUG] Sending GET https://api.starknet.extended.exchange/api/v1/user/balance
21:00:25 [INFO]  X10 Order: 1995946136862920704
21:00:25 [INFO] ✅ [PARALLEL] IP-USD: Both legs filled in 3172ms
21:00:25 [DEBUG] 📝 Trade added to state: IP-USD
21:00:25 [DEBUG] 📝 Flushed 1 writes
21:00:25 [DEBUG] 📝 Flushed 1 writes in 0.0ms
21:00:25 [INFO] 🎰 KELLY TIA-USD: win_rate=80.0%, kelly_fraction=0.6000, safe_fraction=0.0500, confidence=LOW, samples=0
21:00:25 [INFO] 📊 KELLY SIZE TIA-USD: base=$30.0, kelly_recommended=$12.4, final=$30.0
21:00:25 [INFO] 🚀 Opening RESOLV-USD: Size=$30.0 (Min=$11.0)
21:00:25 [INFO] 🔄 [PARALLEL] RESOLV-USD: Lighter POST-ONLY first
21:00:25 [INFO] 🚀 Opening APEX-USD: Size=$30.0 (Min=$11.0)
21:00:25 [INFO] 🔄 [PARALLEL] APEX-USD: Lighter POST-ONLY first
21:00:25 [INFO] 🚀 LIGHTER OPEN RESOLV-USD: side=SELL, size_usd=$30.00, price=$0.073936
21:00:25 [DEBUG] 🔍 DEBUG: RESOLV-USD market_id = 51 (raw=51, type=<class 'int'>)
21:00:25 [DEBUG] QUANTIZE RESOLV-USD: USD=30.00, coins=405.756330, raw=406, lot_size=40, final=400
21:00:25 [INFO] 🔄 [PARALLEL] RESOLV-USD: X10 MARKET order
21:00:25 [DEBUG] 🧹 Cleaned task: IP-USD
21:00:25 [INFO] 🔄 [PARALLEL] APEX-USD: X10 MARKET order
21:00:25 [INFO] 🚀 Opening TIA-USD: Size=$30.0 (Min=$11.0)
21:00:25 [INFO] 🔄 [PARALLEL] TIA-USD: Lighter POST-ONLY first
21:00:25 [INFO] 🔄 [PARALLEL] TIA-USD: X10 MARKET order
21:00:25 [DEBUG] Create Order Tx Info: {"AccountIndex":60113,"ApiKeyIndex":3,"MarketIndex":51,"ClientOrderIndex":1764705659419,"BaseAmount":400,"Price":73492,"IsAsk":1,"Type":0,"TimeInForce":1,"ReduceOnly":0,"TriggerPrice":0,"OrderExpiry":1767124825348,"ExpiredAt":1764706224348,"Nonce":2205,"Sig":"3ZiiPbdl8ytQqSANDqm4PZ2GHU11Y/s/2ZYdhA6gIBvAhNtgPJUrZnCRCQGnM2/q3QqXFkFGm4eOiUoyra3d1ap+1e9xUsf0JVwnKHiAgxc="}
21:00:25 [INFO] 🚀 LIGHTER OPEN APEX-USD: side=SELL, size_usd=$30.00, price=$0.593230
21:00:25 [DEBUG] 🔍 DEBUG: APEX-USD market_id = 86 (raw=86, type=<class 'int'>)
21:00:25 [DEBUG] QUANTIZE APEX-USD: USD=30.00, coins=50.570605, raw=506, lot_size=50, final=500
21:00:25 [INFO] 🚀 LIGHTER OPEN TIA-USD: side=SELL, size_usd=$30.00, price=$0.619110
21:00:25 [DEBUG] 🔍 DEBUG: TIA-USD market_id = 67 (raw=67, type=<class 'int'>)
21:00:25 [DEBUG] QUANTIZE TIA-USD: USD=30.00, coins=48.456656, raw=485, lot_size=30, final=480
21:00:25 [DEBUG] Placing an order: id=344441036083575734794654094074140057953419182149417734413557515927488958515
21:00:25 [DEBUG] Sending POST https://api.starknet.extended.exchange/api/v1/user/order, headers={<RequestHeader.ACCEPT: 'Accept'>: 'application/json', <RequestHeader.CONTENT_TYPE: 'Content-Type'>: 'application/json', <RequestHeader.USER_AGENT: 'User-Agent'>: 'X10PythonTradingClient/0.0.17', <RequestHeader.API_KEY: 'X-Api-Key'>: 'a1c9207f79f0e57ddc454bf1e16dbe49'}
21:00:25 [DEBUG] [x10_trades] RAW MSG: {"data":[{"i":1995946137646796801,"m":"ENA-USD","S":"BUY","tT":"TRADE","T":1764705616758,"p":"0.2628
21:00:25 [DEBUG] [x10_account] RAW MSG: {"type":"ORDER","data":{"isSnapshot":false,"orders":[{"id":1995946136862920704,"accountId":127074,"e
21:00:25 [DEBUG] [x10_account] RAW MSG: {"type":"BALANCE","data":{"isSnapshot":false,"balance":{"collateralName":"USD","balance":"300.678588
21:00:25 [DEBUG] [x10_account] RAW MSG: {"type":"TRADE","data":{"isSnapshot":false,"trades":[{"id":1995946137697128448,"accountId":127074,"m
21:00:25 [DEBUG] [x10_trades] RAW MSG: {"data":[{"i":1995946137697128448,"m":"IP-USD","S":"BUY","tT":"TRADE","T":1764705616770,"p":"2.3323"
21:00:25 [DEBUG] [x10_account] RAW MSG: {"type":"POSITION","data":{"isSnapshot":false,"positions":[{"id":1995946137709707264,"accountId":127
21:00:25 [DEBUG] [x10_account] RAW MSG: {"type":"BALANCE","data":{"isSnapshot":false,"balance":{"collateralName":"USD","balance":"300.672291
21:00:25 [DEBUG] Create Order Tx Info: {"AccountIndex":60113,"ApiKeyIndex":3,"MarketIndex":86,"ClientOrderIndex":1764705675791,"BaseAmount":500,"Price":58967,"IsAsk":1,"Type":0,"TimeInForce":1,"ReduceOnly":0,"TriggerPrice":0,"OrderExpiry":1767124825395,"ExpiredAt":1764706224395,"Nonce":2206,"Sig":"4v6I+f4A9KzvOMSO1MQZuQsAFB9NIlFxR/fls992jGYpnfW0F4fxf5Rt1ptYumubk5h1orUvyvQ/Y5GVa+5ImfiAey8/i36AmQjJ7bdfbnA="}
21:00:25 [DEBUG] Create Order Tx Info: {"AccountIndex":60113,"ApiKeyIndex":3,"MarketIndex":67,"ClientOrderIndex":1764705699139,"BaseAmount":480,"Price":61539,"IsAsk":1,"Type":0,"TimeInForce":1,"ReduceOnly":0,"TriggerPrice":0,"OrderExpiry":1767124825410,"ExpiredAt":1764706224410,"Nonce":2207,"Sig":"8sFEA+ePHJWVehFCdDXrfUqQ8VueDzQSIi8OLQozMIVEQ6IfLfGsQ7ct0F7O1Pn9p4XBE6IRl0ZCIrwXbYKcaobsqtjmM9kxTK0EMHmaR0I="}
21:00:25 [DEBUG] Placing an order: id=2734679989035991178998948808349286513254360469909485307973626559505648206701
21:00:25 [DEBUG] Sending POST https://api.starknet.extended.exchange/api/v1/user/order, headers={<RequestHeader.ACCEPT: 'Accept'>: 'application/json', <RequestHeader.CONTENT_TYPE: 'Content-Type'>: 'application/json', <RequestHeader.USER_AGENT: 'User-Agent'>: 'X10PythonTradingClient/0.0.17', <RequestHeader.API_KEY: 'X-Api-Key'>: 'a1c9207f79f0e57ddc454bf1e16dbe49'}
21:00:25 [DEBUG] Placing an order: id=505834323867645703979866222681328946024771302451080706840427669890927630308
21:00:25 [DEBUG] Sending POST https://api.starknet.extended.exchange/api/v1/user/order, headers={<RequestHeader.ACCEPT: 'Accept'>: 'application/json', <RequestHeader.CONTENT_TYPE: 'Content-Type'>: 'application/json', <RequestHeader.USER_AGENT: 'User-Agent'>: 'X10PythonTradingClient/0.0.17', <RequestHeader.API_KEY: 'X-Api-Key'>: 'a1c9207f79f0e57ddc454bf1e16dbe49'}
21:00:25 [DEBUG] Create Order Send Tx Response: code=200 message='{"ratelimit": "didn\'t use volume quota"}' tx_hash='de7c0bf5961d53d367a111ff83de546412c8ce70f4a6a738f9b82999d172c8510cd83bedea871d10' predicted_execution_time_ms=1764705617293 additional_properties={}
21:00:25 [INFO] Lighter Order: de7c0bf5961d53d367a111ff83de546412c8ce70f4a6a738f9b82999d172c8510cd83bedea871d10
21:00:25 [INFO]  X10 Order: 1995946138738995200
21:00:25 [INFO] ✅ [PARALLEL] RESOLV-USD: Both legs filled in 297ms
21:00:25 [DEBUG] 📝 Trade added to state: RESOLV-USD
21:00:25 [DEBUG] Create Order Send Tx Response: code=200 message='{"ratelimit": "didn\'t use volume quota"}' tx_hash='c9a3284c1fd9f303c3223ca037eded8c62b65e43fff95c094eec2b90d6179d9e3a2ca6996b688b55' predicted_execution_time_ms=1764705617340 additional_properties={}
21:00:25 [INFO] Lighter Order: c9a3284c1fd9f303c3223ca037eded8c62b65e43fff95c094eec2b90d6179d9e3a2ca6996b688b55
21:00:25 [DEBUG] Create Order Send Tx Response: code=200 message='{"ratelimit": "didn\'t use volume quota"}' tx_hash='6d30d6f204a9c74d5ae90d279085b0a2752ebdb540c457e1e7191437aa4a81158df87660a524d634' predicted_execution_time_ms=1764705617355 additional_properties={}
21:00:25 [INFO] Lighter Order: 6d30d6f204a9c74d5ae90d279085b0a2752ebdb540c457e1e7191437aa4a81158df87660a524d634
21:00:25 [DEBUG] [x10_account] RAW MSG: {"type":"BALANCE","data":{"isSnapshot":false,"balance":{"collateralName":"USD","balance":"300.672291
21:00:25 [DEBUG] [x10_account] RAW MSG: {"type":"ORDER","data":{"isSnapshot":false,"orders":[{"id":1995946138738995200,"accountId":127074,"e
21:00:25 [DEBUG] [x10_account] RAW MSG: {"type":"TRADE","data":{"isSnapshot":false,"trades":[{"id":1995946139571982337,"accountId":127074,"m
21:00:25 [DEBUG] [x10_trades] RAW MSG: {"data":[{"i":1995946139571982337,"m":"RESOLV-USD","S":"BUY","tT":"TRADE","T":1764705617217,"p":"0.0
21:00:25 [DEBUG] [x10_account] RAW MSG: {"type":"POSITION","data":{"isSnapshot":false,"positions":[{"id":1995946139601338368,"accountId":127
21:00:25 [DEBUG] [x10_account] RAW MSG: {"type":"BALANCE","data":{"isSnapshot":false,"balance":{"collateralName":"USD","balance":"300.665639
21:00:26 [DEBUG] Fetching fresh positions (force=False, cache_age=1764705626.1s)
21:00:26 [DEBUG] Sending GET https://api.starknet.extended.exchange/api/v1/user/positions?
21:00:26 [INFO] Lighter: Found 4 open positions
21:00:26 [INFO] 📊 Positions: X10=2, Lighter=4
21:00:26 [DEBUG] X10 positions: ['RESOLV-USD', 'IP-USD']
21:00:26 [DEBUG] Lighter positions: ['IP-USD', 'RESOLV-USD', 'TIA-USD', 'APEX-USD']
21:00:26 [INFO] 🔍 DEBUG IP-USD: entry_time type=<class 'str'>, value=2025-12-02T20:00:25.193226+00:00
21:00:26 [DEBUG] Check IP-USD: Age=1.3s (Limit=60s)
21:00:26 [INFO] 🔍 DEBUG RESOLV-USD: entry_time type=<class 'str'>, value=2025-12-02T20:00:25.640483+00:00
21:00:26 [DEBUG] Check RESOLV-USD: Age=0.9s (Limit=60s)
21:00:26 [INFO]  X10 Order: 1995946142478987264
21:00:26 [INFO] ✅ [PARALLEL] APEX-USD: Both legs filled in 1187ms
21:00:26 [DEBUG] 📝 Trade added to state: APEX-USD
21:00:26 [DEBUG] 📝 Flushed 1 writes in 0.0ms
21:00:26 [DEBUG] ✅ CRV-USD: X10=$270,001, Lighter=$2,893,703, Total=$3,163,704
21:00:26 [INFO]  X10 Order: 1995946142714294272
21:00:26 [INFO] ✅ [PARALLEL] TIA-USD: Both legs filled in 1250ms
21:00:26 [DEBUG] 📝 Trade added to state: TIA-USD
21:00:26 [DEBUG] MAX_OPEN_TRADES (3) reached, waiting...
21:00:26 [DEBUG] [x10_account] RAW MSG: {"type":"BALANCE","data":{"isSnapshot":false,"balance":{"collateralName":"USD","balance":"300.665639
21:00:26 [DEBUG] [x10_account] RAW MSG: {"type":"TRADE","data":{"isSnapshot":false,"trades":[{"id":1995946143317495808,"accountId":127074,"m
21:00:26 [DEBUG] [x10_account] RAW MSG: {"type":"ORDER","data":{"isSnapshot":false,"orders":[{"id":1995946142478987264,"accountId":127074,"e
21:00:26 [DEBUG] [x10_trades] RAW MSG: {"data":[{"i":1995946143317495808,"m":"APEX-USD","S":"BUY","tT":"TRADE","T":1764705618110,"p":"0.594
21:00:26 [DEBUG] [x10_account] RAW MSG: {"type":"POSITION","data":{"isSnapshot":false,"positions":[{"id":1995946143338463232,"accountId":127
21:00:26 [DEBUG] [x10_account] RAW MSG: {"type":"BALANCE","data":{"isSnapshot":false,"balance":{"collateralName":"USD","balance":"300.658949
21:00:26 [DEBUG] [x10_account] RAW MSG: {"type":"ORDER","data":{"isSnapshot":false,"orders":[{"id":1995946142714294272,"accountId":127074,"e
21:00:26 [DEBUG] [x10_account] RAW MSG: {"type":"BALANCE","data":{"isSnapshot":false,"balance":{"collateralName":"USD","balance":"300.658949
21:00:26 [DEBUG] [x10_account] RAW MSG: {"type":"TRADE","data":{"isSnapshot":false,"trades":[{"id":1995946143552376832,"accountId":127074,"m
21:00:26 [DEBUG] [x10_trades] RAW MSG: {"data":[{"i":1995946143552376832,"m":"TIA-USD","S":"BUY","tT":"TRADE","T":1764705618166,"p":"0.6188
21:00:26 [DEBUG] [x10_account] RAW MSG: {"type":"POSITION","data":{"isSnapshot":false,"positions":[{"id":1995946143573344256,"accountId":127
21:00:26 [DEBUG] [x10_account] RAW MSG: {"type":"BALANCE","data":{"isSnapshot":false,"balance":{"collateralName":"USD","balance":"300.652266
21:00:27 [DEBUG] Using cached positions (age: 1.4s)
21:00:27 [INFO] 🔍 DEBUG APEX-USD: entry_time type=<class 'str'>, value=2025-12-02T20:00:26.529331+00:00
21:00:27 [DEBUG] Check APEX-USD: Age=1.0s (Limit=60s)
21:00:27 [INFO] 🔍 DEBUG IP-USD: entry_time type=<class 'str'>, value=2025-12-02T20:00:25.193226+00:00
21:00:27 [DEBUG] Check IP-USD: Age=2.3s (Limit=60s)
21:00:27 [INFO] 🔍 DEBUG RESOLV-USD: entry_time type=<class 'str'>, value=2025-12-02T20:00:25.640483+00:00
21:00:27 [DEBUG] Check RESOLV-USD: Age=1.9s (Limit=60s)
21:00:27 [INFO] 🔍 DEBUG TIA-USD: entry_time type=<class 'str'>, value=2025-12-02T20:00:26.586642+00:00
21:00:27 [DEBUG] Check TIA-USD: Age=0.9s (Limit=60s)
21:00:27 [DEBUG] [x10_trades] RAW MSG: {"data":[{"i":1995946146622607372,"m":"BTC-USD","S":"SELL","tT":"TRADE","T":1764705618898,"p":"91878
21:00:27 [DEBUG] [x10_trades] RAW MSG: {"data":[{"i":1995946147113340930,"m":"BTC-USD","S":"SELL","tT":"TRADE","T":1764705619015,"p":"91875
21:00:27 [DEBUG] 💓 [x10_account] Alive (uptime=10s, last_msg=1s ago)
21:00:27 [DEBUG] [x10_trades] RAW MSG: {"data":[{"i":1995946147977367554,"m":"BTC-USD","S":"SELL","tT":"TRADE","T":1764705619221,"p":"91869
21:00:27 [DEBUG] 💓 [x10_trades] Alive (uptime=10s, last_msg=0s ago)
21:00:27 [DEBUG] 💓 [x10_funding] Alive (uptime=10s, waiting for first message)
21:00:27 [DEBUG] 💓 [lighter] Alive (uptime=10s, last_msg=0s ago)
21:00:28 [DEBUG] [x10_trades] RAW MSG: {"data":[{"i":1995946148757508096,"m":"BTC-USD","S":"BUY","tT":"TRADE","T":1764705619407,"p":"91865"
21:00:28 [DEBUG] Using cached positions (age: 2.4s)
21:00:28 [INFO] 🔍 DEBUG APEX-USD: entry_time type=<class 'str'>, value=2025-12-02T20:00:26.529331+00:00
21:00:28 [DEBUG] Check APEX-USD: Age=2.0s (Limit=60s)
21:00:28 [INFO] 🔍 DEBUG IP-USD: entry_time type=<class 'str'>, value=2025-12-02T20:00:25.193226+00:00
21:00:28 [DEBUG] Check IP-USD: Age=3.3s (Limit=60s)
21:00:28 [INFO] 🔍 DEBUG RESOLV-USD: entry_time type=<class 'str'>, value=2025-12-02T20:00:25.640483+00:00
21:00:28 [DEBUG] Check RESOLV-USD: Age=2.9s (Limit=60s)
21:00:28 [INFO] 🔍 DEBUG TIA-USD: entry_time type=<class 'str'>, value=2025-12-02T20:00:26.586642+00:00
21:00:28 [DEBUG] Check TIA-USD: Age=1.9s (Limit=60s)
21:00:28 [DEBUG] 📝 Flushed 2 writes
21:00:28 [DEBUG] 📝 Flushed 1 writes in 0.0ms
21:00:28 [DEBUG] [x10_trades] RAW MSG: {"data":[{"i":1995946150921768960,"m":"BTC-USD","S":"SELL","tT":"TRADE","T":1764705619923,"p":"91864
21:00:29 [DEBUG] [x10_trades] RAW MSG: {"data":[{"i":1995946154214297601,"m":"BTC-USD","S":"SELL","tT":"TRADE","T":1764705620708,"p":"91864
21:00:29 [DEBUG] Using cached positions (age: 3.4s)
21:00:29 [INFO] 🔍 DEBUG APEX-USD: entry_time type=<class 'str'>, value=2025-12-02T20:00:26.529331+00:00
21:00:29 [DEBUG] Check APEX-USD: Age=3.0s (Limit=60s)
21:00:29 [INFO] 🔍 DEBUG IP-USD: entry_time type=<class 'str'>, value=2025-12-02T20:00:25.193226+00:00
21:00:29 [DEBUG] Check IP-USD: Age=4.3s (Limit=60s)
21:00:29 [INFO] 🔍 DEBUG RESOLV-USD: entry_time type=<class 'str'>, value=2025-12-02T20:00:25.640483+00:00
21:00:29 [DEBUG] Check RESOLV-USD: Age=3.9s (Limit=60s)
21:00:29 [INFO] 🔍 DEBUG TIA-USD: entry_time type=<class 'str'>, value=2025-12-02T20:00:26.586642+00:00
21:00:29 [DEBUG] Check TIA-USD: Age=2.9s (Limit=60s)
21:00:29 [DEBUG] 📝 Flushed 1 writes
21:00:29 [DEBUG] 📝 Flushed 1 writes in 0.0ms
21:00:29 [DEBUG] [x10_trades] RAW MSG: {"data":[{"i":1995946155267067905,"m":"ETH-USD","S":"SELL","tT":"TRADE","T":1764705620959,"p":"3014.
21:00:29 [DEBUG] MAX_OPEN_TRADES (3) reached, waiting...
21:00:30 [DEBUG] ✅ AVNT-USD: X10=$70,288, Lighter=$1,753,194, Total=$1,823,483
21:00:30 [DEBUG] Using cached positions (age: 4.4s)
21:00:30 [INFO] 🔍 DEBUG APEX-USD: entry_time type=<class 'str'>, value=2025-12-02T20:00:26.529331+00:00
21:00:30 [DEBUG] Check APEX-USD: Age=4.0s (Limit=60s)
21:00:30 [INFO] 🔍 DEBUG IP-USD: entry_time type=<class 'str'>, value=2025-12-02T20:00:25.193226+00:00
21:00:30 [DEBUG] Check IP-USD: Age=5.3s (Limit=60s)
21:00:30 [INFO] 🔍 DEBUG RESOLV-USD: entry_time type=<class 'str'>, value=2025-12-02T20:00:25.640483+00:00
21:00:30 [DEBUG] Check RESOLV-USD: Age=4.9s (Limit=60s)
21:00:30 [INFO] 🔍 DEBUG TIA-USD: entry_time type=<class 'str'>, value=2025-12-02T20:00:26.586642+00:00
21:00:30 [DEBUG] Check TIA-USD: Age=3.9s (Limit=60s)
21:00:31 [DEBUG] Fetching fresh positions (force=False, cache_age=5.4s)
21:00:31 [DEBUG] Sending GET https://api.starknet.extended.exchange/api/v1/user/positions?
21:00:31 [DEBUG] [x10_trades] RAW MSG: {"data":[{"i":1995946164242878464,"m":"BTC-USD","S":"SELL","tT":"TRADE","T":1764705623099,"p":"91864
21:00:31 [DEBUG] [x10_trades] RAW MSG: {"data":[{"i":1995946164339347464,"m":"BTC-USD","S":"SELL","tT":"TRADE","T":1764705623122,"p":"91862
21:00:31 [INFO] Lighter: Found 4 open positions
21:00:31 [INFO] 📊 Positions: X10=4, Lighter=4
21:00:31 [DEBUG] X10 positions: ['APEX-USD', 'TIA-USD', 'RESOLV-USD', 'IP-USD']
21:00:31 [DEBUG] Lighter positions: ['IP-USD', 'RESOLV-USD', 'TIA-USD', 'APEX-USD']
21:00:31 [INFO] 🔍 DEBUG APEX-USD: entry_time type=<class 'str'>, value=2025-12-02T20:00:26.529331+00:00
21:00:31 [DEBUG] Check APEX-USD: Age=5.4s (Limit=60s)
21:00:31 [INFO] 🔍 DEBUG IP-USD: entry_time type=<class 'str'>, value=2025-12-02T20:00:25.193226+00:00
21:00:31 [DEBUG] Check IP-USD: Age=6.8s (Limit=60s)
21:00:31 [INFO] 🔍 DEBUG RESOLV-USD: entry_time type=<class 'str'>, value=2025-12-02T20:00:25.640483+00:00
21:00:31 [DEBUG] Check RESOLV-USD: Age=6.3s (Limit=60s)
21:00:31 [INFO] 🔍 DEBUG TIA-USD: entry_time type=<class 'str'>, value=2025-12-02T20:00:26.586642+00:00
21:00:31 [DEBUG] Check TIA-USD: Age=5.4s (Limit=60s)
21:00:32 [DEBUG] [x10_trades] RAW MSG: {"data":[{"i":1995946165715079168,"m":"BTC-USD","S":"SELL","tT":"TRADE","T":1764705623450,"p":"91856
21:00:32 [DEBUG] [x10_trades] RAW MSG: {"data":[{"i":1995946165861879808,"m":"BTC-USD","S":"SELL","tT":"TRADE","T":1764705623485,"p":"91856
21:00:32 [DEBUG] [x10_trades] RAW MSG: {"data":[{"i":1995946165945765889,"m":"BTC-USD","S":"SELL","tT":"TRADE","T":1764705623505,"p":"91856
21:00:32 [DEBUG] [x10_trades] RAW MSG: {"data":[{"i":1995946166008680450,"m":"BTC-USD","S":"SELL","tT":"TRADE","T":1764705623520,"p":"91856
21:00:32 [DEBUG] [x10_trades] RAW MSG: {"data":[{"i":1995946166264532992,"m":"BTC-USD","S":"SELL","tT":"TRADE","T":1764705623581,"p":"91856
21:00:32 [DEBUG] [x10_trades] RAW MSG: {"data":[{"i":1995946166449082368,"m":"BTC-USD","S":"SELL","tT":"TRADE","T":1764705623625,"p":"91856
21:00:32 [DEBUG] [x10_trades] RAW MSG: {"data":[{"i":1995946166495219712,"m":"BTC-USD","S":"SELL","tT":"TRADE","T":1764705623636,"p":"91856
21:00:32 [DEBUG] [x10_trades] RAW MSG: {"data":[{"i":1995946166981758976,"m":"BTC-USD","S":"SELL","tT":"TRADE","T":1764705623752,"p":"91856
21:00:32 [DEBUG] [x10_trades] RAW MSG: {"data":[{"i":1995946166981758981,"m":"BTC-USD","S":"SELL","tT":"TRADE","T":1764705623752,"p":"91856
21:00:32 [DEBUG] MAX_OPEN_TRADES (3) reached, waiting...
21:00:32 [DEBUG] [x10_trades] RAW MSG: {"data":[{"i":1995946169133436928,"m":"BTC-USD","S":"SELL","tT":"TRADE","T":1764705624265,"p":"91856
21:00:32 [DEBUG] Using cached positions (age: 1.4s)
21:00:32 [INFO] 🔍 DEBUG APEX-USD: entry_time type=<class 'str'>, value=2025-12-02T20:00:26.529331+00:00
21:00:32 [DEBUG] Check APEX-USD: Age=6.4s (Limit=60s)
21:00:32 [INFO] 🔍 DEBUG IP-USD: entry_time type=<class 'str'>, value=2025-12-02T20:00:25.193226+00:00
21:00:32 [DEBUG] Check IP-USD: Age=7.8s (Limit=60s)
21:00:32 [INFO] 🔍 DEBUG RESOLV-USD: entry_time type=<class 'str'>, value=2025-12-02T20:00:25.640483+00:00
21:00:32 [DEBUG] Check RESOLV-USD: Age=7.3s (Limit=60s)
21:00:32 [INFO] 🔍 DEBUG TIA-USD: entry_time type=<class 'str'>, value=2025-12-02T20:00:26.586642+00:00
21:00:32 [DEBUG] Check TIA-USD: Age=6.4s (Limit=60s)
21:00:33 [DEBUG] [x10_trades] RAW MSG: {"data":[{"i":1995946170005852160,"m":"BTC-USD","S":"SELL","tT":"TRADE","T":1764705624473,"p":"91856
21:00:33 [DEBUG] [x10_trades] RAW MSG: {"data":[{"i":1995946171134119937,"m":"BTC-USD","S":"SELL","tT":"TRADE","T":1764705624742,"p":"91856
21:00:33 [DEBUG] [x10_trades] RAW MSG: {"data":[{"i":1995946171687768064,"m":"SUI-USD","S":"BUY","tT":"TRADE","T":1764705624874,"p":"1.6052
21:00:33 [DEBUG] [x10_trades] RAW MSG: {"data":[{"i":1995946173042528256,"m":"BTC-USD","S":"SELL","tT":"TRADE","T":1764705625197,"p":"91856
21:00:33 [DEBUG] Using cached positions (age: 2.4s)
21:00:33 [INFO] 🔍 DEBUG APEX-USD: entry_time type=<class 'str'>, value=2025-12-02T20:00:26.529331+00:00
21:00:33 [DEBUG] Check APEX-USD: Age=7.4s (Limit=60s)
21:00:33 [INFO] 🔍 DEBUG IP-USD: entry_time type=<class 'str'>, value=2025-12-02T20:00:25.193226+00:00
21:00:33 [DEBUG] Check IP-USD: Age=8.8s (Limit=60s)
21:00:33 [INFO] 🔍 DEBUG RESOLV-USD: entry_time type=<class 'str'>, value=2025-12-02T20:00:25.640483+00:00
21:00:33 [DEBUG] Check RESOLV-USD: Age=8.3s (Limit=60s)
21:00:33 [INFO] 🔍 DEBUG TIA-USD: entry_time type=<class 'str'>, value=2025-12-02T20:00:26.586642+00:00
21:00:33 [DEBUG] Check TIA-USD: Age=7.4s (Limit=60s)
21:00:34 [DEBUG] ✅ TAO-USD: X10=$218,664, Lighter=$7,001, Total=$225,665
21:00:34 [DEBUG] [x10_trades] RAW MSG: {"data":[{"i":1995946174451814400,"m":"BTC-USD","S":"SELL","tT":"TRADE","T":1764705625533,"p":"91853
21:00:34 [DEBUG] [x10_trades] RAW MSG: {"data":[{"i":1995946174699278337,"m":"BTC-USD","S":"SELL","tT":"TRADE","T":1764705625592,"p":"91853
21:00:34 [DEBUG] [x10_trades] RAW MSG: {"data":[{"i":1995946175135485952,"m":"BTC-USD","S":"SELL","tT":"TRADE","T":1764705625696,"p":"91853
21:00:34 [DEBUG] [x10_trades] RAW MSG: {"data":[{"i":1995946175353589760,"m":"BTC-USD","S":"SELL","tT":"TRADE","T":1764705625748,"p":"91853
21:00:34 [DEBUG] [x10_trades] RAW MSG: {"data":[{"i":1995946175483613184,"m":"BTC-USD","S":"SELL","tT":"TRADE","T":1764705625779,"p":"91853
21:00:34 [DEBUG] [x10_trades] RAW MSG: {"data":[{"i":1995946175596859392,"m":"BTC-USD","S":"SELL","tT":"TRADE","T":1764705625806,"p":"91853
21:00:34 [DEBUG] [x10_trades] RAW MSG: {"data":[{"i":1995946175596859397,"m":"BTC-USD","S":"SELL","tT":"TRADE","T":1764705625806,"p":"91853
21:00:34 [DEBUG] [x10_trades] RAW MSG: {"data":[{"i":1995946175965958154,"m":"BTC-USD","S":"SELL","tT":"TRADE","T":1764705625894,"p":"91853
21:00:34 [DEBUG] [x10_trades] RAW MSG: {"data":[{"i":1995946176154701824,"m":"BTC-USD","S":"SELL","tT":"TRADE","T":1764705625939,"p":"91853
21:00:34 [DEBUG] [x10_trades] RAW MSG: {"data":[{"i":1995946176314085376,"m":"BTC-USD","S":"SELL","tT":"TRADE","T":1764705625977,"p":"91853
21:00:34 [DEBUG] [x10_trades] RAW MSG: {"data":[{"i":1995946176322473984,"m":"BTC-USD","S":"SELL","tT":"TRADE","T":1764705625979,"p":"91853
21:00:34 [DEBUG] [x10_trades] RAW MSG: {"data":[{"i":1995946176540577792,"m":"BTC-USD","S":"SELL","tT":"TRADE","T":1764705626031,"p":"91853
21:00:34 [DEBUG] [x10_trades] RAW MSG: {"data":[{"i":1995946176704155649,"m":"BTC-USD","S":"SELL","tT":"TRADE","T":1764705626070,"p":"91853
21:00:34 [DEBUG] [x10_trades] RAW MSG: {"data":[{"i":1995946176775458816,"m":"BTC-USD","S":"SELL","tT":"TRADE","T":1764705626087,"p":"91853
21:00:34 [DEBUG] [x10_trades] RAW MSG: {"data":[{"i":1995946176796430336,"m":"BTC-USD","S":"SELL","tT":"TRADE","T":1764705626092,"p":"91853
21:00:34 [DEBUG] [x10_trades] RAW MSG: {"data":[{"i":1995946176838373376,"m":"BTC-USD","S":"SELL","tT":"TRADE","T":1764705626102,"p":"91853
21:00:34 [DEBUG] [x10_trades] RAW MSG: {"data":[{"i":1995946177060671489,"m":"BTC-USD","S":"SELL","tT":"TRADE","T":1764705626155,"p":"91853
21:00:34 [DEBUG] [x10_trades] RAW MSG: {"data":[{"i":1995946177152946181,"m":"BTC-USD","S":"SELL","tT":"TRADE","T":1764705626177,"p":"91850
21:00:34 [DEBUG] [x10_trades] RAW MSG: {"data":[{"i":1995946177492684800,"m":"BTC-USD","S":"SELL","tT":"TRADE","T":1764705626258,"p":"91847
21:00:34 [DEBUG] [x10_trades] RAW MSG: {"data":[{"i":1995946177492684808,"m":"BTC-USD","S":"SELL","tT":"TRADE","T":1764705626258,"p":"91845
21:00:34 [DEBUG] [x10_trades] RAW MSG: {"data":[{"i":1995946177584959491,"m":"BTC-USD","S":"SELL","tT":"TRADE","T":1764705626280,"p":"91841
21:00:34 [DEBUG] Using cached positions (age: 3.4s)
21:00:34 [INFO] 🔍 DEBUG APEX-USD: entry_time type=<class 'str'>, value=2025-12-02T20:00:26.529331+00:00
21:00:34 [DEBUG] Check APEX-USD: Age=8.4s (Limit=60s)
21:00:34 [INFO] 🔍 DEBUG IP-USD: entry_time type=<class 'str'>, value=2025-12-02T20:00:25.193226+00:00
21:00:34 [DEBUG] Check IP-USD: Age=9.8s (Limit=60s)
21:00:34 [INFO] 🔍 DEBUG RESOLV-USD: entry_time type=<class 'str'>, value=2025-12-02T20:00:25.640483+00:00
21:00:34 [DEBUG] Check RESOLV-USD: Age=9.3s (Limit=60s)
21:00:34 [INFO] 🔍 DEBUG TIA-USD: entry_time type=<class 'str'>, value=2025-12-02T20:00:26.586642+00:00
21:00:34 [DEBUG] Check TIA-USD: Age=8.4s (Limit=60s)
21:00:35 [DEBUG] [x10_trades] RAW MSG: {"data":[{"i":1995946178121830400,"m":"BTC-USD","S":"SELL","tT":"TRADE","T":1764705626408,"p":"91841
21:00:35 [DEBUG] [x10_trades] RAW MSG: {"data":[{"i":1995946178599981057,"m":"BTC-USD","S":"SELL","tT":"TRADE","T":1764705626522,"p":"91841
21:00:35 [DEBUG] MAX_OPEN_TRADES (3) reached, waiting...
21:00:35 [DEBUG] Using cached positions (age: 4.4s)
21:00:35 [INFO] 🔍 DEBUG APEX-USD: entry_time type=<class 'str'>, value=2025-12-02T20:00:26.529331+00:00
21:00:35 [DEBUG] Check APEX-USD: Age=9.4s (Limit=60s)
21:00:35 [INFO] 🔍 DEBUG IP-USD: entry_time type=<class 'str'>, value=2025-12-02T20:00:25.193226+00:00
21:00:35 [DEBUG] Check IP-USD: Age=10.8s (Limit=60s)
21:00:35 [INFO] 🔍 DEBUG RESOLV-USD: entry_time type=<class 'str'>, value=2025-12-02T20:00:25.640483+00:00
21:00:35 [DEBUG] Check RESOLV-USD: Age=10.3s (Limit=60s)
21:00:35 [INFO] 🔍 DEBUG TIA-USD: entry_time type=<class 'str'>, value=2025-12-02T20:00:26.586642+00:00
21:00:35 [DEBUG] Check TIA-USD: Age=9.4s (Limit=60s)
21:00:36 [DEBUG] [x10_trades] RAW MSG: {"data":[{"i":1995946183977078784,"m":"ETH-USD","S":"SELL","tT":"TRADE","T":1764705627804,"p":"3014.
21:00:36 [DEBUG] Fetching fresh positions (force=False, cache_age=5.5s)
21:00:36 [DEBUG] Sending GET https://api.starknet.extended.exchange/api/v1/user/positions?
21:00:37 [DEBUG] [x10_trades] RAW MSG: {"data":[{"i":1995946186946646016,"m":"BNB-USD","S":"SELL","tT":"TRADE","T":1764705628512,"p":"882.6
21:00:37 [DEBUG] [x10_trades] RAW MSG: {"data":[{"i":1995946188590813184,"m":"BTC-USD","S":"SELL","tT":"TRADE","T":1764705628904,"p":"91841
21:00:37 [DEBUG] [x10_trades] RAW MSG: {"data":[{"i":1995946188624367617,"m":"HYPE-USD","S":"SELL","tT":"TRADE","T":1764705628912,"p":"33.1
21:00:37 [INFO] Lighter: Found 4 open positions
21:00:37 [INFO] 📊 Positions: X10=4, Lighter=4
21:00:37 [DEBUG] X10 positions: ['APEX-USD', 'TIA-USD', 'RESOLV-USD', 'IP-USD']
21:00:37 [DEBUG] Lighter positions: ['IP-USD', 'RESOLV-USD', 'TIA-USD', 'APEX-USD']
21:00:37 [INFO] 🔍 DEBUG APEX-USD: entry_time type=<class 'str'>, value=2025-12-02T20:00:26.529331+00:00
21:00:37 [DEBUG] Check APEX-USD: Age=11.2s (Limit=60s)
21:00:37 [INFO] 🔍 DEBUG IP-USD: entry_time type=<class 'str'>, value=2025-12-02T20:00:25.193226+00:00
21:00:37 [DEBUG] Check IP-USD: Age=12.5s (Limit=60s)
21:00:37 [INFO] 🔍 DEBUG RESOLV-USD: entry_time type=<class 'str'>, value=2025-12-02T20:00:25.640483+00:00
21:00:37 [DEBUG] Check RESOLV-USD: Age=12.1s (Limit=60s)
21:00:37 [INFO] 🔍 DEBUG TIA-USD: entry_time type=<class 'str'>, value=2025-12-02T20:00:26.586642+00:00
21:00:37 [DEBUG] Check TIA-USD: Age=11.1s (Limit=60s)
21:00:37 [DEBUG] 💓 [x10_account] Alive (uptime=20s, last_msg=11s ago)
21:00:37 [DEBUG] 💓 [x10_trades] Alive (uptime=20s, last_msg=0s ago)
21:00:37 [DEBUG] 💓 [x10_funding] Alive (uptime=20s, waiting for first message)
21:00:37 [DEBUG] 💓 [lighter] Alive (uptime=20s, last_msg=0s ago)
21:00:38 [DEBUG] MAX_OPEN_TRADES (3) reached, waiting...
21:00:38 [DEBUG] [x10_trades] RAW MSG: {"data":[{"i":1995946193217130498,"m":"FARTCOIN-USD","S":"SELL","tT":"TRADE","T":1764705630007,"p":"
21:00:38 [DEBUG] [x10_trades] RAW MSG: {"data":[{"i":1995946193221324801,"m":"BTC-USD","S":"SELL","tT":"TRADE","T":1764705630008,"p":"91839
21:00:38 [DEBUG] [x10_trades] RAW MSG: {"data":[{"i":1995946193221324806,"m":"SOL-USD","S":"SELL","tT":"TRADE","T":1764705630008,"p":"140.2
21:00:38 [DEBUG] [x10_trades] RAW MSG: {"data":[{"i":1995946193221324812,"m":"ASTER-USD","S":"SELL","tT":"TRADE","T":1764705630008,"p":"1.0
21:00:38 [DEBUG] [x10_trades] RAW MSG: {"data":[{"i":1995946193225519105,"m":"ETH-USD","S":"SELL","tT":"TRADE","T":1764705630009,"p":"3014.
21:00:38 [DEBUG] [x10_trades] RAW MSG: {"data":[{"i":1995946193225519110,"m":"CRV-USD","S":"BUY","tT":"TRADE","T":1764705630009,"p":"0.3910
21:00:38 [DEBUG] [x10_trades] RAW MSG: {"data":[{"i":1995946193225519115,"m":"HYPE-USD","S":"SELL","tT":"TRADE","T":1764705630009,"p":"33.1
21:00:38 [DEBUG] [x10_trades] RAW MSG: {"data":[{"i":1995946193225519120,"m":"HYPE-USD","S":"SELL","tT":"TRADE","T":1764705630009,"p":"33.1
21:00:38 [DEBUG] [x10_trades] RAW MSG: {"data":[{"i":1995946193229713409,"m":"BTC-USD","S":"SELL","tT":"TRADE","T":1764705630010,"p":"91839
21:00:38 [DEBUG] [x10_trades] RAW MSG: {"data":[{"i":1995946193229713415,"m":"ETH-USD","S":"SELL","tT":"TRADE","T":1764705630010,"p":"3014.
21:00:38 [DEBUG] [x10_trades] RAW MSG: {"data":[{"i":1995946193233907713,"m":"SOL-USD","S":"SELL","tT":"TRADE","T":1764705630011,"p":"140.2
21:00:38 [DEBUG] [x10_trades] RAW MSG: {"data":[{"i":1995946193233907718,"m":"BNB-USD","S":"SELL","tT":"TRADE","T":1764705630011,"p":"882.6
21:00:38 [DEBUG] [x10_trades] RAW MSG: {"data":[{"i":1995946193233907723,"m":"AVAX-USD","S":"SELL","tT":"TRADE","T":1764705630011,"p":"13.6
21:00:38 [DEBUG] [x10_trades] RAW MSG: {"data":[{"i":1995946193233907730,"m":"MON-USD","S":"SELL","tT":"TRADE","T":1764705630011,"p":"0.031
21:00:38 [DEBUG] [x10_trades] RAW MSG: {"data":[{"i":1995946193238102017,"m":"FARTCOIN-USD","S":"SELL","tT":"TRADE","T":1764705630012,"p":"
21:00:38 [DEBUG] [x10_trades] RAW MSG: {"data":[{"i":1995946193238102022,"m":"ETH-USD","S":"SELL","tT":"TRADE","T":1764705630012,"p":"3014.
21:00:38 [DEBUG] [x10_trades] RAW MSG: {"data":[{"i":1995946193238102027,"m":"BTC-USD","S":"BUY","tT":"TRADE","T":1764705630012,"p":"91840"
21:00:38 [DEBUG] [x10_trades] RAW MSG: {"data":[{"i":1995946193422651394,"m":"BTC-USD","S":"SELL","tT":"TRADE","T":1764705630056,"p":"91839
21:00:38 [DEBUG] Using cached positions (age: 1.7s)
21:00:38 [INFO] 🔍 DEBUG APEX-USD: entry_time type=<class 'str'>, value=2025-12-02T20:00:26.529331+00:00
21:00:38 [DEBUG] Check APEX-USD: Age=12.2s (Limit=60s)
21:00:38 [INFO] 🔍 DEBUG IP-USD: entry_time type=<class 'str'>, value=2025-12-02T20:00:25.193226+00:00
21:00:38 [DEBUG] Check IP-USD: Age=13.5s (Limit=60s)
21:00:38 [INFO] 🔍 DEBUG RESOLV-USD: entry_time type=<class 'str'>, value=2025-12-02T20:00:25.640483+00:00
21:00:38 [DEBUG] Check RESOLV-USD: Age=13.1s (Limit=60s)
21:00:38 [INFO] 🔍 DEBUG TIA-USD: entry_time type=<class 'str'>, value=2025-12-02T20:00:26.586642+00:00
21:00:38 [DEBUG] Check TIA-USD: Age=12.1s (Limit=60s)
21:00:39 [DEBUG] [x10_trades] RAW MSG: {"data":[{"i":1995946195544969216,"m":"SOL-USD","S":"BUY","tT":"TRADE","T":1764705630562,"p":"140.25
21:00:39 [DEBUG] Using cached positions (age: 2.7s)
21:00:39 [INFO] 🔍 DEBUG APEX-USD: entry_time type=<class 'str'>, value=2025-12-02T20:00:26.529331+00:00
21:00:39 [DEBUG] Check APEX-USD: Age=13.2s (Limit=60s)
21:00:39 [INFO] 🔍 DEBUG IP-USD: entry_time type=<class 'str'>, value=2025-12-02T20:00:25.193226+00:00
21:00:39 [DEBUG] Check IP-USD: Age=14.5s (Limit=60s)
21:00:39 [INFO] 🔍 DEBUG RESOLV-USD: entry_time type=<class 'str'>, value=2025-12-02T20:00:25.640483+00:00
21:00:39 [DEBUG] Check RESOLV-USD: Age=14.1s (Limit=60s)
21:00:39 [INFO] 🔍 DEBUG TIA-USD: entry_time type=<class 'str'>, value=2025-12-02T20:00:26.586642+00:00
21:00:39 [DEBUG] Check TIA-USD: Age=13.1s (Limit=60s)
21:00:39 [DEBUG] ✅ FARTCOIN-USD: X10=$304,272, Lighter=$9,467,107, Total=$9,771,378
21:00:39 [DEBUG] [x10_trades] RAW MSG: {"data":[{"i":1995946198233518080,"m":"APT-USD","S":"BUY","tT":"TRADE","T":1764705631203,"p":"1.9779
21:00:39 [DEBUG] [x10_trades] RAW MSG: {"data":[{"i":1995946198623588356,"m":"ETH-USD","S":"BUY","tT":"TRADE","T":1764705631296,"p":"3014.3
21:00:40 [DEBUG] [x10_trades] RAW MSG: {"data":[{"i":1995946199659581440,"m":"BTC-USD","S":"SELL","tT":"TRADE","T":1764705631543,"p":"91833
21:00:40 [DEBUG] [x10_trades] RAW MSG: {"data":[{"i":1995946201500880897,"m":"BTC-USD","S":"SELL","tT":"TRADE","T":1764705631982,"p":"91833
21:00:40 [DEBUG] Using cached positions (age: 3.7s)
21:00:40 [INFO] 🔍 DEBUG APEX-USD: entry_time type=<class 'str'>, value=2025-12-02T20:00:26.529331+00:00
21:00:40 [DEBUG] Check APEX-USD: Age=14.2s (Limit=60s)
21:00:40 [INFO] 🔍 DEBUG IP-USD: entry_time type=<class 'str'>, value=2025-12-02T20:00:25.193226+00:00
21:00:40 [DEBUG] Check IP-USD: Age=15.5s (Limit=60s)
21:00:40 [INFO] 🚜 [FARM] Profit Take IP-USD: Age=15s, Spread=0.013% (sehr niedrig), PnL=$0.00
21:00:40 [INFO]  💸 EXIT IP-USD: FARM_QUICK_PROFIT | PnL $0.00 (Fees: $0.00)
21:00:40 [INFO]  🔻 CLOSING IP-USD (Atomic Smart Close)...
21:00:40 [DEBUG] [x10_trades] RAW MSG: {"data":[{"i":1995946202398461952,"m":"BTC-USD","S":"SELL","tT":"TRADE","T":1764705632196,"p":"91831
21:00:40 [DEBUG] [x10_trades] RAW MSG: {"data":[{"i":1995946203124076545,"m":"BNB-USD","S":"SELL","tT":"TRADE","T":1764705632369,"p":"882.4
21:00:40 [DEBUG] [x10_trades] RAW MSG: {"data":[{"i":1995946203140853760,"m":"ETH-USD","S":"SELL","tT":"TRADE","T":1764705632373,"p":"3014.
21:00:41 [INFO] Lighter: Found 4 open positions
21:00:41 [INFO] 🔍 DEBUG close_live_position ENTRY: symbol=IP-USD (type=<class 'str'>)
21:00:41 [INFO] 🔍 DEBUG: original_side=BUY (type=<class 'str'>)
21:00:41 [INFO] 🔍 DEBUG: notional_usd=27.983999999999998 (type=<class 'float'>)
21:00:41 [DEBUG] [x10_trades] RAW MSG: {"data":[{"i":1995946203895828481,"m":"BTC-USD","S":"BUY","tT":"TRADE","T":1764705632553,"p":"91823"
21:00:41 [DEBUG] [x10_trades] RAW MSG: {"data":[{"i":1995946203925188610,"m":"ETH-USD","S":"SELL","tT":"TRADE","T":1764705632560,"p":"3014.
21:00:41 [DEBUG] [x10_trades] RAW MSG: {"data":[{"i":1995946205128953857,"m":"BTC-USD","S":"SELL","tT":"TRADE","T":1764705632847,"p":"91822
21:00:41 [DEBUG] [x10_trades] RAW MSG: {"data":[{"i":1995946205321891840,"m":"BTC-USD","S":"BUY","tT":"TRADE","T":1764705632893,"p":"91823"
21:00:41 [INFO] Lighter: Found 4 open positions
21:00:41 [INFO] 🔻 LIGHTER CLOSE IP-USD: size=-12.000000 coins, side=BUY, price=$2.3320, notional=$27.98
21:00:41 [INFO] 🚀 LIGHTER OPEN IP-USD: side=BUY, size_usd=$27.98, price=$2.332000
21:00:41 [DEBUG] 🔍 DEBUG: IP-USD market_id = 34 (raw=34, type=<class 'int'>)
21:00:41 [DEBUG] QUANTIZE IP-USD: USD=27.98, coins=12.000000, raw=1200, lot_size=200, final=1200
21:00:41 [DEBUG] Create Order Tx Info: {"AccountIndex":60113,"ApiKeyIndex":3,"MarketIndex":34,"ClientOrderIndex":1764705693387,"BaseAmount":1200,"Price":23460,"IsAsk":0,"Type":0,"TimeInForce":1,"ReduceOnly":1,"TriggerPrice":0,"OrderExpiry":1767124841633,"ExpiredAt":1764706240633,"Nonce":2208,"Sig":"kfXyi8ha/wo1wSL6KXoTJ/ixl/FwnystXm+oGivujqP8bPwMbpCfIc+SzsJvKqVjI2BoVIT3Zewp2sGeQJvanbepeUw+rQdSC76Kjf6vxw0="}
21:00:41 [DEBUG] MAX_OPEN_TRADES (3) reached, waiting...
21:00:41 [DEBUG] [x10_trades] RAW MSG: {"data":[{"i":1995946206747955201,"m":"BTC-USD","S":"SELL","tT":"TRADE","T":1764705633233,"p":"91821
21:00:41 [DEBUG] Create Order Send Tx Response: code=200 message='{"ratelimit": "didn\'t use volume quota"}' tx_hash='f245b35e876cd041ca640681dd2390103654f5fbd5399bfb196757e361e229b028b55202bf6d98d9' predicted_execution_time_ms=1764705633576 additional_properties={}
21:00:41 [INFO] Lighter Order: f245b35e876cd041ca640681dd2390103654f5fbd5399bfb196757e361e229b028b55202bf6d98d9
21:00:41 [INFO] ✅ Lighter close IP-USD: Erfolgreich ($27.98)
21:00:41 [INFO] ✅ Lighter IP-USD OK, closing X10...
21:00:41 [DEBUG] [x10_trades] RAW MSG: {"data":[{"i":1995946207062528004,"m":"BTC-USD","S":"SELL","tT":"TRADE","T":1764705633308,"p":"91814
21:00:42 [DEBUG] [x10_trades] RAW MSG: {"data":[{"i":1995946207574233088,"m":"BTC-USD","S":"SELL","tT":"TRADE","T":1764705633430,"p":"91813
21:00:42 [DEBUG] [x10_trades] RAW MSG: {"data":[{"i":1995946208564088832,"m":"BTC-USD","S":"BUY","tT":"TRADE","T":1764705633666,"p":"91809"
21:00:42 [DEBUG] [x10_trades] RAW MSG: {"data":[{"i":1995946211034533890,"m":"BTC-USD","S":"SELL","tT":"TRADE","T":1764705634255,"p":"91808
21:00:43 [DEBUG] ✅ RESOLV-USD: X10=$247,484, Lighter=$8,582,604, Total=$8,830,088
21:00:44 [DEBUG] MAX_OPEN_TRADES (3) reached, waiting...
21:00:44 [DEBUG] Sending GET https://api.starknet.extended.exchange/api/v1/user/positions?
21:00:45 [INFO] 🔻 Closing X10 IP-USD: size=12.000000 coins, side=BUY
21:00:45 [DEBUG] Sending GET https://api.starknet.extended.exchange/api/v1/user/positions?
21:00:45 [DEBUG] [x10_trades] RAW MSG: {"data":[{"i":1995946221386076160,"m":"BTC-USD","S":"SELL","tT":"TRADE","T":1764705636723,"p":"91808
21:00:45 [INFO] 🔻 X10 CLOSE IP-USD: size=12.000000, side=SELL
21:00:45 [DEBUG] Placing an order: id=858841555393219192254891608171284463965909856339084408827729668027684132869
21:00:45 [DEBUG] Sending POST https://api.starknet.extended.exchange/api/v1/user/order, headers={<RequestHeader.ACCEPT: 'Accept'>: 'application/json', <RequestHeader.CONTENT_TYPE: 'Content-Type'>: 'application/json', <RequestHeader.USER_AGENT: 'User-Agent'>: 'X10PythonTradingClient/0.0.17', <RequestHeader.API_KEY: 'X-Api-Key'>: 'a1c9207f79f0e57ddc454bf1e16dbe49'}
21:00:46 [INFO]  X10 Order: 1995946225996935168
21:00:46 [DEBUG] [x10_trades] RAW MSG: {"data":[{"i":1995946226368909312,"m":"BTC-USD","S":"SELL","tT":"TRADE","T":1764705637911,"p":"91808
21:00:46 [DEBUG] [x10_account] RAW MSG: {"type":"ORDER","data":{"isSnapshot":false,"orders":[{"id":1995946225996935168,"accountId":127074,"e
21:00:46 [DEBUG] [x10_account] RAW MSG: {"type":"BALANCE","data":{"isSnapshot":false,"balance":{"collateralName":"USD","balance":"300.652266
21:00:46 [DEBUG] [x10_account] RAW MSG: {"type":"TRADE","data":{"isSnapshot":false,"trades":[{"id":1995946226834477056,"accountId":127074,"m
21:00:46 [DEBUG] [x10_trades] RAW MSG: {"data":[{"i":1995946226834477056,"m":"IP-USD","S":"SELL","tT":"TRADE","T":1764705638022,"p":"2.3284
21:00:46 [DEBUG] [x10_account] RAW MSG: {"type":"POSITION","data":{"isSnapshot":false,"positions":[{"id":1995946137709707264,"accountId":127
21:00:46 [DEBUG] [x10_account] RAW MSG: {"type":"BALANCE","data":{"isSnapshot":false,"balance":{"collateralName":"USD","balance":"300.599180
21:00:47 [DEBUG] [x10_trades] RAW MSG: {"data":[{"i":1995946229074235392,"m":"ETH-USD","S":"BUY","tT":"TRADE","T":1764705638556,"p":"3013.9
21:00:47 [DEBUG] ✅ TRX-USD: X10=$331,108, Lighter=$7,597,653, Total=$7,928,760
21:00:47 [DEBUG] MAX_OPEN_TRADES (3) reached, waiting...
21:00:47 [DEBUG] 💓 [x10_account] Alive (uptime=30s, last_msg=1s ago)
21:00:47 [DEBUG] 💓 [x10_trades] Alive (uptime=30s, last_msg=1s ago)
21:00:47 [DEBUG] 💓 [x10_funding] Alive (uptime=30s, waiting for first message)
21:00:47 [DEBUG] 💓 [lighter] Alive (uptime=30s, last_msg=0s ago)
21:00:47 [DEBUG] [x10_trades] RAW MSG: {"data":[{"i":1995946232417095681,"m":"BTC-USD","S":"SELL","tT":"TRADE","T":1764705639353,"p":"91808
21:00:48 [DEBUG] Sending GET https://api.starknet.extended.exchange/api/v1/user/positions?
21:00:48 [DEBUG] [x10_trades] RAW MSG: {"data":[{"i":1995946234254200832,"m":"BTC-USD","S":"SELL","tT":"TRADE","T":1764705639791,"p":"91808
21:00:48 [INFO] ✅ X10 IP-USD closed (12.000000 coins)
21:00:48 [INFO] ✅ IP-USD fully closed
21:00:48 [INFO] ✅ Trade IP-USD closed (PnL: $0.00)
21:00:48 [INFO] ✅ Trade IP-USD closed (PnL: $0.00)
21:00:48 [DEBUG] 📝 Flushed 1 writes
21:00:48 [DEBUG] 📝 Flushed 1 writes in 0.0ms
21:00:48 [INFO]  💰 PnL IP-USD: $0.00 (FARM_QUICK_PROFIT)
21:00:48 [ERROR] Kelly Sizer record_trade error for IP-USD: Format specifier missing precision
21:00:48 [INFO] 🔍 DEBUG RESOLV-USD: entry_time type=<class 'str'>, value=2025-12-02T20:00:25.640483+00:00
21:00:48 [DEBUG] Check RESOLV-USD: Age=23.1s (Limit=60s)
21:00:48 [INFO] 🔍 DEBUG TIA-USD: entry_time type=<class 'str'>, value=2025-12-02T20:00:26.586642+00:00
21:00:48 [DEBUG] Check TIA-USD: Age=22.1s (Limit=60s)
21:00:48 [INFO] 🚜 [FARM] Profit Take TIA-USD: Age=22s, Spread=0.034% (sehr niedrig), PnL=$0.00
21:00:48 [INFO]  💸 EXIT TIA-USD: FARM_QUICK_PROFIT | PnL $0.00 (Fees: $0.00)
21:00:48 [INFO]  🔻 CLOSING TIA-USD (Atomic Smart Close)...
21:00:49 [DEBUG] [x10_trades] RAW MSG: {"data":[{"i":1995946237131493376,"m":"BTC-USD","S":"BUY","tT":"TRADE","T":1764705640477,"p":"91809"
21:00:49 [INFO] Lighter: Found 3 open positions
21:00:49 [INFO] 🔍 DEBUG close_live_position ENTRY: symbol=TIA-USD (type=<class 'str'>)
21:00:49 [INFO] 🔍 DEBUG: original_side=BUY (type=<class 'str'>)
21:00:49 [INFO] 🔍 DEBUG: notional_usd=29.71248 (type=<class 'float'>)
21:00:49 [INFO] Lighter: Found 3 open positions
21:00:49 [INFO] 🔻 LIGHTER CLOSE TIA-USD: size=-48.000000 coins, side=BUY, price=$0.6190, notional=$29.71
21:00:49 [INFO] 🚀 LIGHTER OPEN TIA-USD: side=BUY, size_usd=$29.71, price=$0.619010
21:00:49 [DEBUG] 🔍 DEBUG: TIA-USD market_id = 67 (raw=67, type=<class 'int'>)
21:00:49 [DEBUG] QUANTIZE TIA-USD: USD=29.71, coins=48.000000, raw=480, lot_size=30, final=480
21:00:49 [DEBUG] Create Order Tx Info: {"AccountIndex":60113,"ApiKeyIndex":3,"MarketIndex":67,"ClientOrderIndex":1764705667554,"BaseAmount":480,"Price":62273,"IsAsk":0,"Type":0,"TimeInForce":1,"ReduceOnly":1,"TriggerPrice":0,"OrderExpiry":1767124849645,"ExpiredAt":1764706248645,"Nonce":2209,"Sig":"hYHmtkQ4c7W1xZr1iOZNAtIMj3hJOn9leZ7aQDX1hmV2gd/TquRfYQM5TFVRHi/+3EeJd+i1U5QfFLnsgp9fFMGY46KX5XSd0JNJBlR+gyk="}
21:00:49 [DEBUG] [x10_trades] RAW MSG: {"data":[{"i":1995946239421583360,"m":"BTC-USD","S":"SELL","tT":"TRADE","T":1764705641023,"p":"91808
21:00:49 [DEBUG] 📝 Flushed 1 writes
21:00:49 [DEBUG] 📝 Flushed 1 writes in 0.0ms
21:00:49 [DEBUG] Create Order Send Tx Response: code=200 message='{"ratelimit": "didn\'t use volume quota"}' tx_hash='4067822111bc1f83ec88e6f25878cac0bd0d575b261fc6e9efa306868f338cd15ca47ab8db689e51' predicted_execution_time_ms=1764705641593 additional_properties={}
21:00:49 [INFO] Lighter Order: 4067822111bc1f83ec88e6f25878cac0bd0d575b261fc6e9efa306868f338cd15ca47ab8db689e51
21:00:49 [INFO] ✅ Lighter close TIA-USD: Erfolgreich ($29.71)
21:00:49 [INFO] ✅ Lighter TIA-USD OK, closing X10...
21:00:50 [DEBUG] [x10_trades] RAW MSG: {"data":[{"i":1995946240927338496,"m":"BTC-USD","S":"SELL","tT":"TRADE","T":1764705641382,"p":"91808
21:00:50 [DEBUG] [x10_trades] RAW MSG: {"data":[{"i":1995946241099304962,"m":"BNB-USD","S":"SELL","tT":"TRADE","T":1764705641423,"p":"882.6
21:00:50 [DEBUG] 🐕 Watchdog OK: Daten-Alter 2.5s
21:00:50 [DEBUG] [x10_trades] RAW MSG: {"data":[{"i":1995946241392906240,"m":"ETH-USD","S":"SELL","tT":"TRADE","T":1764705641493,"p":"3014.
21:00:50 [DEBUG] [x10_trades] RAW MSG: {"data":[{"i":1995946241548095490,"m":"HYPE-USD","S":"SELL","tT":"TRADE","T":1764705641530,"p":"33.1
21:00:50 [DEBUG] [x10_trades] RAW MSG: {"data":[{"i":1995946241917194241,"m":"ETH-USD","S":"SELL","tT":"TRADE","T":1764705641618,"p":"3014.
21:00:50 [DEBUG] [x10_trades] RAW MSG: {"data":[{"i":1995946242030440448,"m":"SOL-USD","S":"BUY","tT":"TRADE","T":1764705641645,"p":"140.24
21:00:50 [DEBUG] MAX_OPEN_TRADES (3) reached, waiting...
21:00:50 [DEBUG] [x10_trades] RAW MSG: {"data":[{"i":1995946244597354496,"m":"ETH-USD","S":"SELL","tT":"TRADE","T":1764705642257,"p":"3014.
21:00:51 [DEBUG] ✅ SPX-USD: X10=$168,998, Lighter=$4,228,076, Total=$4,397,074
21:00:51 [DEBUG] [x10_trades] RAW MSG: {"data":[{"i":1995946245629153281,"m":"BTC-USD","S":"SELL","tT":"TRADE","T":1764705642503,"p":"91808
21:00:51 [DEBUG] [x10_trades] RAW MSG: {"data":[{"i":1995946247206211584,"m":"ETH-USD","S":"BUY","tT":"TRADE","T":1764705642879,"p":"3014.2
21:00:51 [DEBUG] [x10_trades] RAW MSG: {"data":[{"i":1995946247231377408,"m":"ETH-USD","S":"BUY","tT":"TRADE","T":1764705642885,"p":"3014.4
21:00:51 [DEBUG] [x10_trades] RAW MSG: {"data":[{"i":1995946247436898308,"m":"ETH-USD","S":"BUY","tT":"TRADE","T":1764705642934,"p":"3014.7
21:00:52 [DEBUG] Sending GET https://api.starknet.extended.exchange/api/v1/user/positions?
21:00:53 [DEBUG] [x10_trades] RAW MSG: {"data":[{"i":1995946254038732802,"m":"ETH-USD","S":"BUY","tT":"TRADE","T":1764705644508,"p":"3014.9
21:00:53 [INFO] 🔻 Closing X10 TIA-USD: size=48.000000 coins, side=BUY
21:00:53 [DEBUG] Sending GET https://api.starknet.extended.exchange/api/v1/user/positions?
21:00:53 [DEBUG] [x10_trades] RAW MSG: {"data":[{"i":1995946254953091072,"m":"ENA-USD","S":"BUY","tT":"TRADE","T":1764705644726,"p":"0.2625
21:00:53 [INFO] 🔻 X10 CLOSE TIA-USD: size=48.000000, side=SELL
21:00:53 [DEBUG] Placing an order: id=683113846519597078114767337651975825125180263875628971992755508734172536868
21:00:53 [DEBUG] Sending POST https://api.starknet.extended.exchange/api/v1/user/order, headers={<RequestHeader.ACCEPT: 'Accept'>: 'application/json', <RequestHeader.CONTENT_TYPE: 'Content-Type'>: 'application/json', <RequestHeader.USER_AGENT: 'User-Agent'>: 'X10PythonTradingClient/0.0.17', <RequestHeader.API_KEY: 'X-Api-Key'>: 'a1c9207f79f0e57ddc454bf1e16dbe49'}
21:00:53 [DEBUG] MAX_OPEN_TRADES (3) reached, waiting...
21:00:53 [INFO]  X10 Order: 1995946256535580672
21:00:53 [DEBUG] [x10_account] RAW MSG: {"type":"ORDER","data":{"isSnapshot":false,"orders":[{"id":1995946256535580672,"accountId":127074,"e
21:00:53 [DEBUG] [x10_account] RAW MSG: {"type":"BALANCE","data":{"isSnapshot":false,"balance":{"collateralName":"USD","balance":"300.599180
21:00:53 [DEBUG] [x10_account] RAW MSG: {"type":"TRADE","data":{"isSnapshot":false,"trades":[{"id":1995946257373204480,"accountId":127074,"m
21:00:53 [DEBUG] [x10_trades] RAW MSG: {"data":[{"i":1995946257373204480,"m":"TIA-USD","S":"SELL","tT":"TRADE","T":1764705645303,"p":"0.618
21:00:53 [DEBUG] [x10_account] RAW MSG: {"type":"POSITION","data":{"isSnapshot":false,"positions":[{"id":1995946143573344256,"accountId":127
21:00:53 [DEBUG] [x10_account] RAW MSG: {"type":"BALANCE","data":{"isSnapshot":false,"balance":{"collateralName":"USD","balance":"300.578101
21:00:53 [DEBUG] [x10_trades] RAW MSG: {"data":[{"i":1995946257482256386,"m":"APEX-USD","S":"SELL","tT":"TRADE","T":1764705645329,"p":"0.59
21:00:54 [DEBUG] [x10_trades] RAW MSG: {"data":[{"i":1995946259193532416,"m":"BTC-USD","S":"BUY","tT":"TRADE","T":1764705645737,"p":"91809"
21:00:54 [DEBUG] ✅ FIL-USD: X10=$0, Lighter=$310,674, Total=$310,674
21:00:55 [DEBUG] [x10_trades] RAW MSG: {"data":[{"i":1995946263912124417,"m":"ETH-USD","S":"SELL","tT":"TRADE","T":1764705646862,"p":"3014.
21:00:55 [DEBUG] Sending GET https://api.starknet.extended.exchange/api/v1/user/positions?
21:00:55 [INFO] ✅ X10 TIA-USD closed (48.000000 coins)
21:00:55 [INFO] ✅ TIA-USD fully closed
21:00:55 [INFO] ✅ Trade TIA-USD closed (PnL: $0.00)
21:00:55 [INFO] ✅ Trade TIA-USD closed (PnL: $0.00)
21:00:55 [DEBUG] 📝 Flushed 1 writes
21:00:55 [DEBUG] 📝 Flushed 1 writes in 0.0ms
21:00:55 [DEBUG] [x10_trades] RAW MSG: {"data":[{"i":1995946265979916288,"m":"ETH-USD","S":"SELL","tT":"TRADE","T":1764705647355,"p":"3014.
21:00:55 [INFO]  💰 PnL TIA-USD: $0.00 (FARM_QUICK_PROFIT)
21:00:55 [ERROR] Kelly Sizer record_trade error for TIA-USD: Format specifier missing precision
21:00:56 [DEBUG] [x10_trades] RAW MSG: {"data":[{"i":1995946267175292928,"m":"BTC-USD","S":"BUY","tT":"TRADE","T":1764705647640,"p":"91821"
21:00:56 [INFO] 🔍 🚜 FARM Scanning 67 pairs. Open symbols to skip: {'RESOLV-USD', 'APEX-USD'}
21:00:56 [DEBUG] Price cache status: X10=67/67, Lighter=66/67
21:00:56 [INFO] 🔍 Scanning 67 pairs. Lighter markets: 115, X10 markets: 91
21:00:56 [DEBUG] MKR-USD: Missing prices (X=1663.9, L=None)
21:00:56 [DEBUG] [x10_trades] RAW MSG: {"data":[{"i":1995946269440217092,"m":"RESOLV-USD","S":"BUY","tT":"TRADE","T":1764705648180,"p":"0.0
21:00:56 [INFO] ✅ Found 0 opportunities with predictions (farm_mode=True)
21:00:56 [INFO] ⚠️ Keine Prediction-Opportunities, nutze Fallback mit echten Funding Rates...
21:00:56 [INFO]  VOL REGIME: IP-USD UNKNOWN -> LOW (24h Range: 0.04%)
21:00:56 [INFO]  VOL REGIME: AVNT-USD UNKNOWN -> LOW (24h Range: 0.00%)
21:00:56 [INFO]  VOL REGIME: TAO-USD UNKNOWN -> LOW (24h Range: 0.00%)
21:00:56 [INFO]  VOL REGIME: CRV-USD UNKNOWN -> LOW (24h Range: 0.12%)
21:00:56 [INFO]  VOL REGIME: XRP-USD UNKNOWN -> LOW (24h Range: 0.00%)
21:00:56 [INFO]  VOL REGIME: FARTCOIN-USD UNKNOWN -> LOW (24h Range: 0.10%)
21:00:56 [DEBUG] 🔄 Skip RESOLV-USD: Already open (in open_syms)
21:00:56 [INFO]  VOL REGIME: TRX-USD UNKNOWN -> LOW (24h Range: 0.00%)
21:00:56 [DEBUG] ⛔ Skip SPX-USD: TradFi/FX
21:00:56 [INFO]  VOL REGIME: HYPE-USD UNKNOWN -> LOW (24h Range: 0.01%)
21:00:56 [INFO]  VOL REGIME: AAVE-USD UNKNOWN -> LOW (24h Range: 0.00%)
21:00:56 [DEBUG] 🔄 Skip APEX-USD: Already open (in open_syms)
21:00:56 [INFO]  VOL REGIME: AVAX-USD UNKNOWN -> LOW (24h Range: 0.02%)
21:00:56 [INFO]  VOL REGIME: ZRO-USD UNKNOWN -> LOW (24h Range: 0.00%)
21:00:56 [INFO]  VOL REGIME: S-USD UNKNOWN -> LOW (24h Range: 0.00%)
21:00:56 [INFO]  VOL REGIME: SUI-USD UNKNOWN -> LOW (24h Range: 0.02%)
21:00:56 [INFO]  VOL REGIME: SOL-USD UNKNOWN -> LOW (24h Range: 0.01%)
21:00:56 [INFO]  VOL REGIME: PUMP-USD UNKNOWN -> LOW (24h Range: 0.00%)
21:00:56 [INFO]  VOL REGIME: POPCAT-USD UNKNOWN -> LOW (24h Range: 0.00%)
21:00:56 [INFO]  VOL REGIME: BERA-USD UNKNOWN -> LOW (24h Range: 0.00%)
21:00:56 [INFO] 🔍 DEBUG BERA-USD: rl=-0.00015100, rx=-0.00008500, net=-0.00006600, apy=57.8%
21:00:56 [INFO] 💎 BERA-USD | APY: 57.8%
21:00:56 [INFO]  VOL REGIME: TON-USD UNKNOWN -> LOW (24h Range: 0.00%)
21:00:56 [INFO]  VOL REGIME: MON-USD UNKNOWN -> LOW (24h Range: 0.23%)
21:00:56 [DEBUG] Skip MON-USD: Spread 0.67% too high
21:00:56 [INFO]  VOL REGIME: TRUMP-USD UNKNOWN -> LOW (24h Range: 0.00%)
21:00:56 [INFO]  VOL REGIME: MNT-USD UNKNOWN -> LOW (24h Range: 0.00%)
21:00:56 [INFO]  VOL REGIME: 1000BONK-USD UNKNOWN -> LOW (24h Range: 0.00%)
21:00:56 [INFO]  VOL REGIME: EIGEN-USD UNKNOWN -> LOW (24h Range: 0.00%)
21:00:56 [INFO]  VOL REGIME: LTC-USD UNKNOWN -> LOW (24h Range: 0.00%)
21:00:56 [INFO]  VOL REGIME: STRK-USD UNKNOWN -> LOW (24h Range: 0.00%)
21:00:56 [INFO]  VOL REGIME: TIA-USD UNKNOWN -> LOW (24h Range: 0.00%)
21:00:56 [INFO] 🔍 DEBUG TIA-USD: rl=0.00001200, rx=-0.00004700, net=0.00005900, apy=51.7%
21:00:56 [INFO]  VOL REGIME: KAITO-USD UNKNOWN -> LOW (24h Range: 0.00%)
21:00:56 [INFO]  VOL REGIME: APT-USD UNKNOWN -> LOW (24h Range: 0.07%)
21:00:56 [INFO]  VOL REGIME: JUP-USD UNKNOWN -> LOW (24h Range: 0.00%)
21:00:56 [INFO]  VOL REGIME: PENGU-USD UNKNOWN -> LOW (24h Range: 0.00%)
21:00:56 [INFO]  VOL REGIME: SEI-USD UNKNOWN -> LOW (24h Range: 0.00%)
21:00:56 [INFO]  VOL REGIME: XPL-USD UNKNOWN -> LOW (24h Range: 0.00%)
21:00:56 [INFO]  VOL REGIME: WLD-USD UNKNOWN -> LOW (24h Range: 0.00%)
21:00:56 [INFO]  VOL REGIME: ONDO-USD UNKNOWN -> LOW (24h Range: 0.00%)
21:00:56 [INFO]  VOL REGIME: 1000SHIB-USD UNKNOWN -> LOW (24h Range: 0.00%)
21:00:56 [INFO]  VOL REGIME: DOGE-USD UNKNOWN -> LOW (24h Range: 0.00%)
21:00:56 [INFO]  VOL REGIME: LINK-USD UNKNOWN -> LOW (24h Range: 0.00%)
21:00:56 [INFO]  VOL REGIME: ASTER-USD UNKNOWN -> LOW (24h Range: 0.05%)
21:00:56 [INFO]  VOL REGIME: ARB-USD UNKNOWN -> LOW (24h Range: 0.00%)
21:00:56 [INFO]  VOL REGIME: EDEN-USD UNKNOWN -> LOW (24h Range: 0.00%)
21:00:56 [INFO]  VOL REGIME: 1000PEPE-USD UNKNOWN -> LOW (24h Range: 0.00%)
21:00:56 [INFO]  VOL REGIME: GRASS-USD UNKNOWN -> LOW (24h Range: 0.00%)
21:00:56 [INFO]  VOL REGIME: VIRTUAL-USD UNKNOWN -> LOW (24h Range: 0.00%)
21:00:56 [DEBUG] ⛔ Skip XAG-USD: TradFi/FX
21:00:56 [INFO]  VOL REGIME: OP-USD UNKNOWN -> LOW (24h Range: 0.00%)
21:00:56 [INFO]  VOL REGIME: ENA-USD UNKNOWN -> LOW (24h Range: 0.18%)
21:00:56 [INFO] 🔍 DEBUG ENA-USD: rl=-0.00007500, rx=-0.00001200, net=-0.00006300, apy=55.2%
21:00:56 [INFO] 💎 ENA-USD | APY: 55.2%
21:00:56 [INFO]  VOL REGIME: LDO-USD UNKNOWN -> LOW (24h Range: 0.00%)
21:00:56 [INFO]  VOL REGIME: BTC-USD UNKNOWN -> LOW (24h Range: 0.07%)
21:00:56 [INFO]  VOL REGIME: NEAR-USD UNKNOWN -> LOW (24h Range: 0.00%)
21:00:56 [INFO]  VOL REGIME: WLFI-USD UNKNOWN -> LOW (24h Range: 0.00%)
21:00:56 [INFO]  VOL REGIME: ZORA-USD UNKNOWN -> LOW (24h Range: 0.00%)
21:00:56 [INFO]  VOL REGIME: LINEA-USD UNKNOWN -> LOW (24h Range: 0.00%)
21:00:56 [INFO]  VOL REGIME: UNI-USD UNKNOWN -> LOW (24h Range: 0.00%)
21:00:56 [INFO]  VOL REGIME: ADA-USD UNKNOWN -> LOW (24h Range: 0.00%)
21:00:56 [DEBUG] ⛔ Skip XAU-USD: TradFi/FX
21:00:56 [INFO]  VOL REGIME: ZEC-USD UNKNOWN -> LOW (24h Range: 0.00%)
21:00:56 [INFO]  VOL REGIME: WIF-USD UNKNOWN -> LOW (24h Range: 0.00%)
21:00:56 [INFO]  VOL REGIME: PENDLE-USD UNKNOWN -> LOW (24h Range: 0.00%)
21:00:56 [INFO]  VOL REGIME: BNB-USD UNKNOWN -> LOW (24h Range: 0.02%)
21:00:56 [INFO] ✅ Found 33 opportunities from 61 valid pairs (farm_mode=True, scanned=67)
21:00:56 [INFO] 🎯 Found 3 opportunities, executing best...
21:00:56 [DEBUG] Sending GET https://api.starknet.extended.exchange/api/v1/user/balance
21:00:56 [DEBUG] Fetching fresh positions (force=False, cache_age=20.0s)
21:00:56 [DEBUG] 📝 Flushed 1 writes
21:00:56 [DEBUG] 📝 Flushed 1 writes in 0.0ms
21:00:57 [DEBUG] Sending GET https://api.starknet.extended.exchange/api/v1/user/positions?
21:00:57 [INFO] Lighter: Found 2 open positions
21:00:57 [INFO] 📊 Positions: X10=2, Lighter=2
21:00:57 [DEBUG] X10 positions: ['APEX-USD', 'RESOLV-USD']
21:00:57 [DEBUG] Lighter positions: ['RESOLV-USD', 'APEX-USD']
21:00:57 [INFO] 🔍 DEBUG APEX-USD: entry_time type=<class 'str'>, value=2025-12-02T20:00:26.529331+00:00
21:00:57 [DEBUG] Check APEX-USD: Age=30.9s (Limit=60s)
21:00:57 [INFO] 🔍 DEBUG RESOLV-USD: entry_time type=<class 'str'>, value=2025-12-02T20:00:25.640483+00:00
21:00:57 [DEBUG] Check RESOLV-USD: Age=31.8s (Limit=60s)
21:00:57 [INFO] 🚜 [FARM] Profit Take RESOLV-USD: Age=31s, Spread=0.005% (sehr niedrig), PnL=$0.00
21:00:57 [INFO]  💸 EXIT RESOLV-USD: FARM_QUICK_PROFIT | PnL $0.00 (Fees: $0.00)
21:00:57 [INFO]  🔻 CLOSING RESOLV-USD (Atomic Smart Close)...
21:00:57 [DEBUG] [x10_trades] RAW MSG: {"data":[{"i":1995946272623693825,"m":"BTC-USD","S":"BUY","tT":"TRADE","T":1764705648939,"p":"91821"
21:00:57 [DEBUG] 💓 [x10_account] Alive (uptime=40s, last_msg=4s ago)
21:00:57 [DEBUG] 💓 [x10_trades] Alive (uptime=40s, last_msg=0s ago)
21:00:57 [DEBUG] 💓 [x10_funding] Alive (uptime=40s, waiting for first message)
21:00:57 [DEBUG] 💓 [lighter] Alive (uptime=40s, last_msg=0s ago)
21:00:57 [INFO] Lighter: Found 2 open positions
21:00:57 [INFO] 🔍 DEBUG close_live_position ENTRY: symbol=RESOLV-USD (type=<class 'str'>)
21:00:57 [INFO] 🔍 DEBUG: original_side=BUY (type=<class 'str'>)
21:00:57 [INFO] 🔍 DEBUG: notional_usd=29.6064 (type=<class 'float'>)
21:00:57 [DEBUG] Lighter Balance: Raw=$294.51, Safe=$279.78
21:00:57 [INFO] X10: Detected balance = $300.78
21:00:57 [INFO] 🚀 Launching 1 trades (Slots available: 1)
21:00:57 [DEBUG] Sending GET https://api.starknet.extended.exchange/api/v1/user/positions?
21:00:58 [DEBUG] [x10_trades] RAW MSG: {"data":[{"i":1995946275702312960,"m":"ETH-USD","S":"SELL","tT":"TRADE","T":1764705649673,"p":"3014.
21:00:58 [INFO] Lighter: Found 2 open positions
21:00:58 [INFO] 🔻 LIGHTER CLOSE RESOLV-USD: size=-400.000000 coins, side=BUY, price=$0.0740, notional=$29.61
21:00:58 [INFO] 🚀 LIGHTER OPEN RESOLV-USD: side=BUY, size_usd=$29.61, price=$0.074016
21:00:58 [DEBUG] 🔍 DEBUG: RESOLV-USD market_id = 51 (raw=51, type=<class 'int'>)
21:00:58 [DEBUG] QUANTIZE RESOLV-USD: USD=29.61, coins=400.000000, raw=400, lot_size=40, final=400
21:00:58 [DEBUG] Create Order Tx Info: {"AccountIndex":60113,"ApiKeyIndex":3,"MarketIndex":51,"ClientOrderIndex":1764705684872,"BaseAmount":400,"Price":74461,"IsAsk":0,"Type":0,"TimeInForce":1,"ReduceOnly":1,"TriggerPrice":0,"OrderExpiry":1767124858394,"ExpiredAt":1764706257394,"Nonce":2210,"Sig":"XUZLHaAI2hTWWKYEPFocuWwi/f8ITP9PGNaslbdRKnhk9sbcwy83ICfbz+TsyYGZ5CJMsCpqia775gp0jQfsd1PSzsFRMzRQH+QOpW+x5Qw="}
21:00:58 [DEBUG] [x10_trades] RAW MSG: {"data":[{"i":1995946276289515522,"m":"BTC-USD","S":"SELL","tT":"TRADE","T":1764705649813,"p":"91820
21:00:58 [INFO] Lighter: Found 2 open positions
21:00:58 [INFO] 💰 Balance: X10=$300.8 (free=$288.2), Lit=$279.8 (free=$267.2) | DB_Trades=2, Real_Positions=2, Locked=$10/ex
21:00:58 [INFO] 🚀 Launching trade for BERA-USD (APY=57.8%)
21:00:58 [DEBUG] Sending GET https://api.starknet.extended.exchange/api/v1/user/positions?
21:00:58 [DEBUG] Create Order Send Tx Response: code=200 message='{"ratelimit": "didn\'t use volume quota"}' tx_hash='252493a73643411c64b7cd455b57a9856b833c1a664f57a8b365674e15f1e521e4b2385f37cfe606' predicted_execution_time_ms=1764705650340 additional_properties={}
21:00:58 [INFO] Lighter Order: 252493a73643411c64b7cd455b57a9856b833c1a664f57a8b365674e15f1e521e4b2385f37cfe606
21:00:58 [INFO] ✅ Lighter close RESOLV-USD: Erfolgreich ($29.61)
21:00:58 [INFO] ✅ Lighter RESOLV-USD OK, closing X10...
21:00:58 [DEBUG] [x10_trades] RAW MSG: {"data":[{"i":1995946277988208640,"m":"BTC-USD","S":"SELL","tT":"TRADE","T":1764705650218,"p":"91820
21:00:59 [INFO] ✅ Launched 1 trade tasks this cycle
21:00:59 [DEBUG] [x10_trades] RAW MSG: {"data":[{"i":1995946279963725824,"m":"BNB-USD","S":"BUY","tT":"TRADE","T":1764705650689,"p":"882.78
21:00:59 [INFO] Lighter: Found 1 open positions
21:00:59 [DEBUG] ✅ BERA-USD verified: No existing positions on exchanges
21:00:59 [DEBUG] MIN_NOTIONAL BERA-USD: min_base=3.00000000 coins, price=$0.9039, min_qty_usd=$2.71, min_notional_api=$10.00, final=$11.00
21:00:59 [DEBUG] Sending GET https://api.starknet.extended.exchange/api/v1/user/balance
21:00:59 [DEBUG] [x10_trades] RAW MSG: {"data":[{"i":1995946280567705601,"m":"BTC-USD","S":"SELL","tT":"TRADE","T":1764705650833,"p":"91820
21:00:59 [INFO] 🎰 KELLY BERA-USD: win_rate=0.0%, kelly_fraction=0.0000, safe_fraction=0.0200, confidence=LOW, samples=2
21:00:59 [INFO] 📊 KELLY SIZE BERA-USD: base=$30.0, kelly_recommended=$5.6, final=$30.0
21:00:59 [INFO] 🚀 Opening BERA-USD: Size=$30.0 (Min=$11.0)
21:00:59 [INFO] 🔄 [PARALLEL] BERA-USD: Lighter POST-ONLY first
21:00:59 [INFO] 🚀 LIGHTER OPEN BERA-USD: side=SELL, size_usd=$30.00, price=$0.903900
21:00:59 [DEBUG] 🔍 DEBUG: BERA-USD market_id = 20 (raw=20, type=<class 'int'>)
21:00:59 [DEBUG] QUANTIZE BERA-USD: USD=30.00, coins=33.189512, raw=332, lot_size=30, final=330
21:00:59 [INFO] 🔄 [PARALLEL] BERA-USD: X10 MARKET order
21:00:59 [DEBUG] Create Order Tx Info: {"AccountIndex":60113,"ApiKeyIndex":3,"MarketIndex":20,"ClientOrderIndex":1764705694797,"BaseAmount":330,"Price":89847,"IsAsk":1,"Type":0,"TimeInForce":1,"ReduceOnly":0,"TriggerPrice":0,"OrderExpiry":1767124859630,"ExpiredAt":1764706258630,"Nonce":2211,"Sig":"htWpONeqRQ02Kss0xhR4fK1odbNWmAmhfYdaukENNBUFM+aGgb+yI7kobHDjZNUkPrFv7rxMo7KcmJxny5NiDxeom9TrGt2CKqub8k43vko="}
21:00:59 [DEBUG] Placing an order: id=920497292626025128519803567042619933281062145329160322936318223415930773456
21:00:59 [DEBUG] Sending POST https://api.starknet.extended.exchange/api/v1/user/order, headers={<RequestHeader.ACCEPT: 'Accept'>: 'application/json', <RequestHeader.CONTENT_TYPE: 'Content-Type'>: 'application/json', <RequestHeader.USER_AGENT: 'User-Agent'>: 'X10PythonTradingClient/0.0.17', <RequestHeader.API_KEY: 'X-Api-Key'>: 'a1c9207f79f0e57ddc454bf1e16dbe49'}
21:00:59 [DEBUG] Create Order Send Tx Response: code=200 message='{"ratelimit": "didn\'t use volume quota"}' tx_hash='1618cc03aceea8db5f1c320d82d01c37e7b845b9dbdcdd9e5c7327ce9f1c32e16d248efe32f2f230' predicted_execution_time_ms=1764705651573 additional_properties={}
21:00:59 [INFO] Lighter Order: 1618cc03aceea8db5f1c320d82d01c37e7b845b9dbdcdd9e5c7327ce9f1c32e16d248efe32f2f230
21:00:59 [INFO]  X10 Order: 1995946282502684672
21:00:59 [INFO] ✅ [PARALLEL] BERA-USD: Both legs filled in 297ms
21:00:59 [DEBUG] 📝 Trade added to state: BERA-USD
21:00:59 [DEBUG] 📝 Flushed 1 writes
21:00:59 [DEBUG] 📝 Flushed 1 writes in 0.0ms
21:00:59 [DEBUG] [x10_trades] RAW MSG: {"data":[{"i":1995946282794881025,"m":"ETH-USD","S":"SELL","tT":"TRADE","T":1764705651364,"p":"3014.
21:01:00 [DEBUG] [x10_trades] RAW MSG: {"data":[{"i":1995946283101065216,"m":"PUMP-USD","S":"BUY","tT":"TRADE","T":1764705651437,"p":"0.003
21:01:00 [DEBUG] [x10_account] RAW MSG: {"type":"TRADE","data":{"isSnapshot":false,"trades":[{"id":1995946283340140544,"accountId":127074,"m
21:01:00 [DEBUG] [x10_account] RAW MSG: {"type":"BALANCE","data":{"isSnapshot":false,"balance":{"collateralName":"USD","balance":"300.578101
21:01:00 [DEBUG] [x10_account] RAW MSG: {"type":"ORDER","data":{"isSnapshot":false,"orders":[{"id":1995946282502684672,"accountId":127074,"e
21:01:00 [DEBUG] [x10_trades] RAW MSG: {"data":[{"i":1995946283340140544,"m":"BERA-USD","S":"BUY","tT":"TRADE","T":1764705651494,"p":"0.904
21:01:00 [DEBUG] [x10_account] RAW MSG: {"type":"POSITION","data":{"isSnapshot":false,"positions":[{"id":1995946283356913664,"accountId":127
21:01:00 [DEBUG] [x10_account] RAW MSG: {"type":"BALANCE","data":{"isSnapshot":false,"balance":{"collateralName":"USD","balance":"300.571590
21:01:00 [DEBUG] [x10_trades] RAW MSG: {"data":[{"i":1995946283579215874,"m":"BTC-USD","S":"SELL","tT":"TRADE","T":1764705651551,"p":"91820
21:01:00 [DEBUG] ✅ HYPE-USD: X10=$5,531,211, Lighter=$1,412,962, Total=$6,944,173
21:01:00 [DEBUG] [x10_trades] RAW MSG: {"data":[{"i":1995946285638619136,"m":"ETH-USD","S":"SELL","tT":"TRADE","T":1764705652042,"p":"3014.
21:01:00 [DEBUG] [x10_funding] RAW MSG: {"data":{"m":"BTC-USD","f":"-0.000018","T":1764705652318},"ts":1764705652318,"seq":1}
21:01:00 [DEBUG] [x10_funding] RAW MSG: {"data":{"m":"ETH-USD","f":"0.000013","T":1764705652318},"ts":1764705652318,"seq":2}
21:01:00 [DEBUG] [x10_funding] RAW MSG: {"data":{"m":"SOL-USD","f":"0.000007","T":1764705652318},"ts":1764705652318,"seq":3}
21:01:00 [DEBUG] [x10_funding] RAW MSG: {"data":{"m":"DOGE-USD","f":"0.000002","T":1764705652318},"ts":1764705652318,"seq":4}
21:01:00 [DEBUG] [x10_funding] RAW MSG: {"data":{"m":"BNB-USD","f":"0.000013","T":1764705652318},"ts":1764705652318,"seq":5}
21:01:00 [DEBUG] [x10_funding] RAW MSG: {"data":{"m":"XRP-USD","f":"0.000013","T":1764705652318},"ts":1764705652318,"seq":6}
21:01:00 [DEBUG] [x10_funding] RAW MSG: {"data":{"m":"1000PEPE-USD","f":"0.000013","T":1764705652318},"ts":1764705652318,"seq":7}
21:01:00 [DEBUG] [x10_funding] RAW MSG: {"data":{"m":"WIF-USD","f":"0.000013","T":1764705652318},"ts":1764705652318,"seq":8}
21:01:00 [DEBUG] [x10_funding] RAW MSG: {"data":{"m":"NEAR-USD","f":"0.000013","T":1764705652318},"ts":1764705652318,"seq":9}
21:01:00 [DEBUG] [x10_funding] RAW MSG: {"data":{"m":"AVAX-USD","f":"-0.000017","T":1764705652318},"ts":1764705652318,"seq":10}
21:01:00 [DEBUG] [x10_funding] RAW MSG: {"data":{"m":"LTC-USD","f":"-0.000020","T":1764705652318},"ts":1764705652318,"seq":11}
21:01:00 [DEBUG] [x10_funding] RAW MSG: {"data":{"m":"TRX-USD","f":"-0.000030","T":1764705652318},"ts":1764705652318,"seq":12}
21:01:00 [DEBUG] [x10_funding] RAW MSG: {"data":{"m":"ADA-USD","f":"0.000013","T":1764705652318},"ts":1764705652318,"seq":13}
21:01:00 [DEBUG] [x10_funding] RAW MSG: {"data":{"m":"LINK-USD","f":"0.000013","T":1764705652318},"ts":1764705652318,"seq":14}
21:01:00 [DEBUG] [x10_funding] RAW MSG: {"data":{"m":"BCH-USD","f":"0.000013","T":1764705652318},"ts":1764705652318,"seq":15}
21:01:00 [DEBUG] [x10_funding] RAW MSG: {"data":{"m":"MATIC-USD","f":"0.000013","T":1764705652318},"ts":1764705652318,"seq":16}
21:01:00 [DEBUG] [x10_funding] RAW MSG: {"data":{"m":"ARB-USD","f":"0.000013","T":1764705652318},"ts":1764705652318,"seq":17}
21:01:00 [DEBUG] [x10_funding] RAW MSG: {"data":{"m":"WLD-USD","f":"0.000013","T":1764705652318},"ts":1764705652318,"seq":18}
21:01:00 [DEBUG] [x10_funding] RAW MSG: {"data":{"m":"OP-USD","f":"-0.000054","T":1764705652318},"ts":1764705652318,"seq":19}
21:01:00 [DEBUG] [x10_funding] RAW MSG: {"data":{"m":"DOT-USD","f":"0.000013","T":1764705652318},"ts":1764705652319,"seq":20}
21:01:00 [DEBUG] [x10_funding] RAW MSG: {"data":{"m":"ONDO-USD","f":"-0.000001","T":1764705652318},"ts":1764705652319,"seq":21}
21:01:00 [DEBUG] [x10_funding] RAW MSG: {"data":{"m":"SUI-USD","f":"0.000013","T":1764705652318},"ts":1764705652319,"seq":22}
21:01:00 [DEBUG] [x10_funding] RAW MSG: {"data":{"m":"ETC-USD","f":"0.000013","T":1764705652318},"ts":1764705652319,"seq":23}
21:01:00 [DEBUG] [x10_funding] RAW MSG: {"data":{"m":"ATOM-USD","f":"0.000013","T":1764705652318},"ts":1764705652319,"seq":24}
21:01:00 [DEBUG] [x10_funding] RAW MSG: {"data":{"m":"FIL-USD","f":"0.000013","T":1764705652318},"ts":1764705652319,"seq":25}
21:01:00 [DEBUG] [x10_funding] RAW MSG: {"data":{"m":"FTM-USD","f":"0.000013","T":1764705652318},"ts":1764705652319,"seq":26}
21:01:00 [DEBUG] [x10_funding] RAW MSG: {"data":{"m":"PLACE_1-USD","f":"0.000013","T":1764705652318},"ts":1764705652319,"seq":27}
21:01:00 [DEBUG] [x10_funding] RAW MSG: {"data":{"m":"UNI-USD","f":"0.000013","T":1764705652318},"ts":1764705652319,"seq":28}
21:01:00 [DEBUG] [x10_funding] RAW MSG: {"data":{"m":"APT-USD","f":"-0.000058","T":1764705652318},"ts":1764705652319,"seq":29}
21:01:00 [DEBUG] [x10_funding] RAW MSG: {"data":{"m":"JUP-USD","f":"0.000013","T":1764705652318},"ts":1764705652319,"seq":30}
21:01:00 [DEBUG] [x10_funding] RAW MSG: {"data":{"m":"TIA-USD","f":"-0.000047","T":1764705652318},"ts":1764705652319,"seq":31}
21:01:00 [DEBUG] [x10_funding] RAW MSG: {"data":{"m":"PLACE_2-USD","f":"0.000013","T":1764705652318},"ts":1764705652319,"seq":32}
21:01:00 [DEBUG] [x10_funding] RAW MSG: {"data":{"m":"PENDLE-USD","f":"0.000013","T":1764705652318},"ts":1764705652319,"seq":33}
21:01:00 [DEBUG] [x10_funding] RAW MSG: {"data":{"m":"MKR-USD","f":"0.000013","T":1764705652318},"ts":1764705652319,"seq":34}
21:01:00 [DEBUG] [x10_funding] RAW MSG: {"data":{"m":"SEI-USD","f":"0.000013","T":1764705652318},"ts":1764705652319,"seq":35}
21:01:00 [DEBUG] [x10_funding] RAW MSG: {"data":{"m":"POPCAT-USD","f":"0.000004","T":1764705652318},"ts":1764705652319,"seq":36}
21:01:00 [DEBUG] [x10_funding] RAW MSG: {"data":{"m":"GOAT-USD","f":"0.000013","T":1764705652318},"ts":1764705652319,"seq":37}
21:01:00 [DEBUG] [x10_funding] RAW MSG: {"data":{"m":"1000BONK-USD","f":"0.000013","T":1764705652318},"ts":1764705652319,"seq":38}
21:01:00 [DEBUG] [x10_funding] RAW MSG: {"data":{"m":"1000SHIB-USD","f":"0.000013","T":1764705652318},"ts":1764705652322,"seq":39}
21:01:00 [DEBUG] [x10_funding] RAW MSG: {"data":{"m":"MOODENG-USD","f":"-0.000105","T":1764705652318},"ts":1764705652322,"seq":40}
21:01:00 [DEBUG] [x10_funding] RAW MSG: {"data":{"m":"HYPE-USD","f":"0.000013","T":1764705652318},"ts":1764705652322,"seq":41}
21:01:00 [DEBUG] [x10_funding] RAW MSG: {"data":{"m":"PENGU-USD","f":"0.000013","T":1764705652318},"ts":1764705652322,"seq":42}
21:01:00 [DEBUG] [x10_funding] RAW MSG: {"data":{"m":"ENA-USD","f":"-0.000012","T":1764705652318},"ts":1764705652322,"seq":43}
21:01:00 [DEBUG] [x10_funding] RAW MSG: {"data":{"m":"FARTCOIN-USD","f":"-0.000032","T":1764705652318},"ts":1764705652322,"seq":44}
21:01:00 [DEBUG] [x10_funding] RAW MSG: {"data":{"m":"VIRTUAL-USD","f":"0.000002","T":1764705652318},"ts":1764705652322,"seq":45}
21:01:00 [DEBUG] [x10_funding] RAW MSG: {"data":{"m":"AAVE-USD","f":"0.000005","T":1764705652318},"ts":1764705652322,"seq":46}
21:01:00 [DEBUG] [x10_funding] RAW MSG: {"data":{"m":"TRUMP-USD","f":"-0.000021","T":1764705652318},"ts":1764705652322,"seq":47}
21:01:00 [DEBUG] [x10_funding] RAW MSG: {"data":{"m":"MELANIA-USD","f":"0.000013","T":1764705652318},"ts":1764705652322,"seq":48}
21:01:00 [DEBUG] [x10_funding] RAW MSG: {"data":{"m":"S-USD","f":"0.000013","T":1764705652318},"ts":1764705652322,"seq":49}
21:01:00 [DEBUG] [x10_funding] RAW MSG: {"data":{"m":"BERA-USD","f":"-0.000086","T":1764705652318},"ts":1764705652322,"seq":50}
21:01:00 [DEBUG] [x10_funding] RAW MSG: {"data":{"m":"IP-USD","f":"-0.000038","T":1764705652318},"ts":1764705652322,"seq":51}
21:01:00 [DEBUG] [x10_funding] RAW MSG: {"data":{"m":"KAITO-USD","f":"-0.000080","T":1764705652318},"ts":1764705652322,"seq":52}
21:01:00 [DEBUG] [x10_funding] RAW MSG: {"data":{"m":"EUR-USD","f":"-0.000002","T":1764705652318},"ts":1764705652322,"seq":53}
21:01:00 [DEBUG] [x10_funding] RAW MSG: {"data":{"m":"STRK-USD","f":"0.000013","T":1764705652318},"ts":1764705652322,"seq":54}
21:01:00 [DEBUG] [x10_funding] RAW MSG: {"data":{"m":"WAL-USD","f":"0.000013","T":1764705652318},"ts":1764705652322,"seq":55}
21:01:00 [DEBUG] [x10_funding] RAW MSG: {"data":{"m":"INIT-USD","f":"-0.000205","T":1764705652318},"ts":1764705652322,"seq":56}
21:01:00 [DEBUG] [x10_funding] RAW MSG: {"data":{"m":"SPX500m-USD","f":"0.000000","T":1764705652318},"ts":1764705652322,"seq":57}
21:01:00 [DEBUG] [x10_funding] RAW MSG: {"data":{"m":"TECH100m-USD","f":"0.000000","T":1764705652318},"ts":1764705652322,"seq":58}
21:01:00 [DEBUG] [x10_funding] RAW MSG: {"data":{"m":"XBR-USD","f":"0.000000","T":1764705652318},"ts":1764705652322,"seq":59}
21:01:00 [DEBUG] [x10_funding] RAW MSG: {"data":{"m":"XAU-USD","f":"0.000000","T":1764705652318},"ts":1764705652322,"seq":60}
21:01:00 [DEBUG] [x10_funding] RAW MSG: {"data":{"m":"TAO-USD","f":"0.000013","T":1764705652318},"ts":1764705652322,"seq":61}
21:01:00 [DEBUG] [x10_funding] RAW MSG: {"data":{"m":"USDJPY-USD","f":"0.000000","T":1764705652318},"ts":1764705652322,"seq":62}
21:01:00 [DEBUG] [x10_funding] RAW MSG: {"data":{"m":"LDO-USD","f":"-0.000010","T":1764705652318},"ts":1764705652322,"seq":63}
21:01:00 [DEBUG] [x10_funding] RAW MSG: {"data":{"m":"GRASS-USD","f":"0.000013","T":1764705652318},"ts":1764705652322,"seq":64}
21:01:00 [DEBUG] [x10_funding] RAW MSG: {"data":{"m":"TON-USD","f":"0.000009","T":1764705652318},"ts":1764705652322,"seq":65}
21:01:00 [DEBUG] [x10_funding] RAW MSG: {"data":{"m":"RESOLV-USD","f":"-0.001000","T":1764705652318},"ts":1764705652322,"seq":66}
21:01:00 [DEBUG] [x10_funding] RAW MSG: {"data":{"m":"XAG-USD","f":"0.000000","T":1764705652318},"ts":1764705652322,"seq":67}
21:01:00 [DEBUG] [x10_funding] RAW MSG: {"data":{"m":"PUMP-USD","f":"0.000013","T":1764705652318},"ts":1764705652322,"seq":68}
21:01:00 [DEBUG] [x10_funding] RAW MSG: {"data":{"m":"MOG-USD","f":"0.000013","T":1764705652318},"ts":1764705652322,"seq":69}
21:01:00 [DEBUG] [x10_funding] RAW MSG: {"data":{"m":"SPX6900-USD","f":"0.000013","T":1764705652318},"ts":1764705652322,"seq":70}
21:01:00 [DEBUG] [x10_funding] RAW MSG: {"data":{"m":"1000000MOG-USD","f":"0.000013","T":1764705652318},"ts":1764705652322,"seq":71}
21:01:00 [DEBUG] [x10_funding] RAW MSG: {"data":{"m":"SPX-USD","f":"-0.000071","T":1764705652318},"ts":1764705652322,"seq":72}
21:01:00 [DEBUG] [x10_funding] RAW MSG: {"data":{"m":"CRV-USD","f":"-0.000079","T":1764705652318},"ts":1764705652322,"seq":73}
21:01:00 [DEBUG] [x10_funding] RAW MSG: {"data":{"m":"ZORA-USD","f":"0.000013","T":1764705652318},"ts":1764705652322,"seq":74}
21:01:00 [DEBUG] [x10_funding] RAW MSG: {"data":{"m":"XPL-USD","f":"-0.000022","T":1764705652318},"ts":1764705652322,"seq":75}
21:01:00 [DEBUG] [x10_funding] RAW MSG: {"data":{"m":"WLFI-USD","f":"-0.000107","T":1764705652318},"ts":1764705652322,"seq":76}
21:01:00 [DEBUG] [x10_funding] RAW MSG: {"data":{"m":"MNT-USD","f":"-0.000024","T":1764705652318},"ts":1764705652322,"seq":77}
21:01:00 [DEBUG] [x10_funding] RAW MSG: {"data":{"m":"LINEA-USD","f":"-0.000025","T":1764705652318},"ts":1764705652322,"seq":78}
21:01:00 [DEBUG] [x10_funding] RAW MSG: {"data":{"m":"ASTER-USD","f":"0.000013","T":1764705652318},"ts":1764705652323,"seq":79}
21:01:00 [DEBUG] [x10_funding] RAW MSG: {"data":{"m":"EIGEN-USD","f":"0.000013","T":1764705652318},"ts":1764705652323,"seq":80}
21:01:00 [DEBUG] [x10_funding] RAW MSG: {"data":{"m":"AVNT-USD","f":"-0.000077","T":1764705652318},"ts":1764705652323,"seq":81}
21:01:00 [DEBUG] [x10_funding] RAW MSG: {"data":{"m":"AERO-USD","f":"-0.000101","T":1764705652318},"ts":1764705652323,"seq":82}
21:01:00 [DEBUG] [x10_funding] RAW MSG: {"data":{"m":"ZRO-USD","f":"-0.000040","T":1764705652318},"ts":1764705652323,"seq":83}
21:01:01 [INFO] 🚜 Farm Mode ACTIVE
21:01:01 [DEBUG] [x10_funding] RAW MSG: {"data":{"m":"APEX-USD","f":"-0.000082","T":1764705652318},"ts":1764705652323,"seq":84}
21:01:01 [DEBUG] [x10_funding] RAW MSG: {"data":{"m":"EDEN-USD","f":"0.000013","T":1764705652318},"ts":1764705652323,"seq":85}
21:01:01 [DEBUG] [x10_funding] RAW MSG: {"data":{"m":"ZEC-USD","f":"0.000024","T":1764705652318},"ts":1764705652323,"seq":86}
21:01:01 [DEBUG] [x10_funding] RAW MSG: {"data":{"m":"CAKE-USD","f":"0.000013","T":1764705652318},"ts":1764705652323,"seq":87}
21:01:01 [DEBUG] [x10_funding] RAW MSG: {"data":{"m":"4-USD","f":"0.000013","T":1764705652318},"ts":1764705652323,"seq":88}
21:01:01 [DEBUG] [x10_funding] RAW MSG: {"data":{"m":"MON-USD","f":"0.000013","T":1764705652318},"ts":1764705652323,"seq":89}
21:01:01 [DEBUG] [x10_funding] RAW MSG: {"data":{"m":"SNX-USD","f":"0.000013","T":1764705652318},"ts":1764705652323,"seq":90}
21:01:01 [DEBUG] [x10_funding] RAW MSG: {"data":{"m":"MEGA-USD","f":"0.000013","T":1764705652318},"ts":1764705652323,"seq":91}
21:01:01 [DEBUG] Sending GET https://api.starknet.extended.exchange/api/v1/user/positions?
21:01:01 [DEBUG] [x10_trades] RAW MSG: {"data":[{"i":1995946290847944705,"m":"BTC-USD","S":"BUY","tT":"TRADE","T":1764705653284,"p":"91821"
21:01:01 [INFO] 🔻 Closing X10 RESOLV-USD: size=400.000000 coins, side=BUY
21:01:01 [DEBUG] Sending GET https://api.starknet.extended.exchange/api/v1/user/positions?
21:01:01 [DEBUG] [x10_trades] RAW MSG: {"data":[{"i":1995946290940219393,"m":"BTC-USD","S":"BUY","tT":"TRADE","T":1764705653306,"p":"91821"
21:01:01 [DEBUG] [x10_trades] RAW MSG: {"data":[{"i":1995946290944413696,"m":"BTC-USD","S":"BUY","tT":"TRADE","T":1764705653307,"p":"91821"
21:01:01 [DEBUG] [x10_trades] RAW MSG: {"data":[{"i":1995946291003133952,"m":"BTC-USD","S":"BUY","tT":"TRADE","T":1764705653321,"p":"91821"
21:01:01 [DEBUG] [x10_trades] RAW MSG: {"data":[{"i":1995946291003133956,"m":"BTC-USD","S":"BUY","tT":"TRADE","T":1764705653321,"p":"91821"
21:01:02 [DEBUG] [x10_trades] RAW MSG: {"data":[{"i":1995946291661639680,"m":"BTC-USD","S":"SELL","tT":"TRADE","T":1764705653478,"p":"91820
21:01:02 [DEBUG] MAX_OPEN_TRADES (3) reached, waiting...
21:01:02 [INFO] 🔻 X10 CLOSE RESOLV-USD: size=400.000000, side=SELL
21:01:02 [DEBUG] Placing an order: id=2501931506569741009819719906924197175894645999973903779564278133689606314348
21:01:02 [DEBUG] Sending POST https://api.starknet.extended.exchange/api/v1/user/order, headers={<RequestHeader.ACCEPT: 'Accept'>: 'application/json', <RequestHeader.CONTENT_TYPE: 'Content-Type'>: 'application/json', <RequestHeader.USER_AGENT: 'User-Agent'>: 'X10PythonTradingClient/0.0.17', <RequestHeader.API_KEY: 'X-Api-Key'>: 'a1c9207f79f0e57ddc454bf1e16dbe49'}
21:01:02 [INFO]  X10 Order: 1995946293193089024
21:01:02 [DEBUG] [x10_trades] RAW MSG: {"data":[{"i":1995946293339361280,"m":"BTC-USD","S":"SELL","tT":"TRADE","T":1764705653878,"p":"91820
21:01:02 [DEBUG] [x10_account] RAW MSG: {"type":"BALANCE","data":{"isSnapshot":false,"balance":{"collateralName":"USD","balance":"300.571590
21:01:02 [DEBUG] [x10_account] RAW MSG: {"type":"TRADE","data":{"isSnapshot":false,"trades":[{"id":1995946294027227136,"accountId":127074,"m
21:01:02 [DEBUG] [x10_account] RAW MSG: {"type":"ORDER","data":{"isSnapshot":false,"orders":[{"id":1995946293193089024,"accountId":127074,"e
21:01:02 [DEBUG] [x10_trades] RAW MSG: {"data":[{"i":1995946294027227136,"m":"RESOLV-USD","S":"SELL","tT":"TRADE","T":1764705654042,"p":"0.
21:01:02 [DEBUG] [x10_account] RAW MSG: {"type":"POSITION","data":{"isSnapshot":false,"positions":[{"id":1995946139601338368,"accountId":127
21:01:02 [DEBUG] [x10_account] RAW MSG: {"type":"BALANCE","data":{"isSnapshot":false,"balance":{"collateralName":"USD","balance":"300.620925
21:01:02 [DEBUG] [x10_trades] RAW MSG: {"data":[{"i":1995946294492794880,"m":"BNB-USD","S":"SELL","tT":"TRADE","T":1764705654153,"p":"882.7
21:01:02 [WARNING] 🛑 Received SIGINT, initiating graceful shutdown...
21:01:02 [INFO] 🛑 Shutting down...
21:01:02 [INFO] 🛑 Initiating graceful shutdown...
21:01:02 [INFO] 🔍 Supervisor loop stopped
21:01:02 [INFO] 🛑 Cancelling logic_loop...
21:01:02 [INFO] 🛑 Cancelling trade_management_loop...
21:01:02 [INFO] 🛑 Cancelling farm_loop...
21:01:02 [INFO] 🛑 Cancelling maintenance_loop...
21:01:02 [INFO] 🛑 Cancelling cleanup_finished_tasks...
21:01:02 [INFO] 🛑 Cancelling health_reporter...
21:01:02 [INFO] 🛑 Cancelling connection_watchdog...
21:01:02 [INFO] Logic loop cancelled
21:01:02 [INFO] Connection watchdog cancelled
21:01:02 [INFO] ✅ All tasks stopped
21:01:02 [INFO] 🛑 Rollback processor: Shutdown signal received
21:01:02 [INFO] ✅ ParallelExecutionManager: Stopped
21:01:03 [INFO] 🔌 [x10_trades] WebSocket stopped
21:01:04 [DEBUG] ✅ AAVE-USD: X10=$276,670, Lighter=$44,539, Total=$321,209
21:01:07 [INFO] 🔌 [lighter] WebSocket stopped
21:01:07 [INFO] 🔌 [x10_account] WebSocket stopped
21:01:07 [INFO] 🔌 [x10_funding] WebSocket stopped
21:01:07 [INFO] ✅ WebSocketManager stopped
21:01:07 [INFO] ✅ OpenInterestTracker stopped
21:01:07 [INFO] 🛑 Stopping InMemoryStateManager...
21:01:07 [INFO] 📝 State writer loop stopped
21:01:07 [INFO] ✅ InMemoryStateManager stopped
21:01:07 [INFO] 🔒 Closing database...
21:01:07 [INFO] 🖊️ Database write loop stopped
21:01:07 [INFO] ✅ Database closed
21:01:07 [INFO] ✅ X10 Adapter geschlossen.
21:01:07 [INFO] ✅ Lighter Adapter closed
21:01:07 [INFO] ✅ Bot V5 shutdown complete
