20:43:47 [INFO]  CONFIG VALIDIERUNG abgeschlossen.
20:43:47 [INFO] 🔥 BOT V5 (Architected) STARTING...
20:43:47 [INFO] 🚀 Starting InMemoryStateManager...
20:43:47 [INFO] 📂 Initializing database: data/trades.db
20:43:47 [INFO] ✅ Read pool created: 5 connections
20:43:47 [INFO] ✅ WAL mode enabled
20:43:47 [INFO] 🔄 Running database migrations...
20:43:47 [INFO] ✅ Migrations complete (11 statements)
20:43:47 [INFO] ✅ Database initialized
20:43:47 [INFO] 🖊️ Database write loop started
20:43:47 [INFO] 📂 Loaded 3 trades from database
20:43:47 [INFO] ✅ InMemoryStateManager started (loaded 3 trades)
20:43:47 [INFO] ✅ State Manager started
20:43:47 [INFO]  Telegram Bot disabled (Token/ChatID missing).
20:43:47 [INFO] ✅ Async database initialized
20:43:47 [INFO] 📝 State writer loop started
20:43:47 [DEBUG] ✅ Database schema up to date
20:43:47 [INFO] Initialisiere X10 Adapter...
20:43:47 [INFO]  X10 Account initialisiert.
20:43:47 [INFO] Initialisiere Lighter Adapter...
20:43:47 [INFO] 📊 Loading Market Data via REST...
20:43:47 [DEBUG] Sending GET https://api.starknet.extended.exchange/api/v1/info/markets?
20:43:47 [INFO] ⚙️ Lighter: Loading markets...
20:43:47 [DEBUG] Starting new HTTPS connection (1): mainnet.zklighter.elliot.ai:443
20:43:48 [DEBUG] https://mainnet.zklighter.elliot.ai:443 "GET /api/v1/nextNonce?account_index=60113&api_key_index=3 HTTP/1.1" 200 25
20:43:50 [INFO]  X10: 91 Märkte geladen, 91 Funding Rates, 78 Preise
20:44:45 [INFO] ✅ Lighter: 118/118 markets loaded (100.0%)
20:44:45 [INFO] ✅ Markets loaded: X10=91, Lighter=118
20:44:45 [INFO] FundingPredictorV2 initialized with BTC Correlation
20:44:45 [INFO] 启动 OI Tracker für 70 Symbole...
20:44:45 [INFO] ✅ OpenInterestTracker started (interval=30.0s)
20:44:45 [INFO] 🌐 Starting WebSocket Manager...
20:44:45 [INFO] 📊 OI Tracker: Starting cycle 1 (70 symbols)
20:44:45 [INFO] 🔌 [lighter] WebSocket manager started
20:44:45 [INFO] 🔌 [x10] WebSocket manager started
20:44:45 [INFO] ✅ WebSocketManager started
20:44:45 [DEBUG] ✅ WLD-USD: X10=$108,834, Lighter=$2,003,721, Total=$2,112,555
20:44:46 [INFO] ✅ [x10] Connected to wss://api.starknet.extended.exchange/stream.extended.exchange/v1/account
20:44:46 [INFO] ✅ [lighter] Connected to wss://mainnet.zklighter.elliot.ai/stream
20:44:46 [DEBUG] [lighter] Subscribed to order_book/27
20:44:46 [DEBUG] [lighter] Subscribed to order_book/58
20:44:46 [DEBUG] [lighter] Subscribed to trade/58
20:44:46 [DEBUG] [lighter] Subscribed to order_book/72
20:44:46 [DEBUG] [lighter] Subscribed to trade/72
20:44:46 [DEBUG] [lighter] Subscribed to order_book/23
20:44:46 [DEBUG] [lighter] Subscribed to trade/23
20:44:46 [DEBUG] [lighter] Subscribed to order_book/21
20:44:46 [DEBUG] [lighter] Subscribed to order_book/33
20:44:46 [DEBUG] [lighter] Subscribed to trade/33
20:44:46 [DEBUG] [lighter] Subscribed to order_book/55
20:44:46 [DEBUG] [lighter] Subscribed to trade/55
20:44:46 [DEBUG] [lighter] Subscribed to order_book/98
20:44:46 [DEBUG] [lighter] Subscribed to trade/98
20:44:46 [DEBUG] [lighter] Subscribed to order_book/30
20:44:46 [DEBUG] [lighter] Subscribed to order_book/34
20:44:46 [DEBUG] [lighter] Subscribed to trade/34
20:44:46 [DEBUG] [lighter] Subscribed to order_book/92
20:44:46 [DEBUG] [lighter] Subscribed to trade/92
20:44:46 [DEBUG] [lighter] Subscribed to order_book/2
20:44:46 [DEBUG] [lighter] Subscribed to trade/2
20:44:46 [DEBUG] [lighter] Subscribed to order_book/90
20:44:46 [DEBUG] [lighter] Subscribed to order_book/93
20:44:46 [DEBUG] [lighter] Subscribed to trade/93
20:44:46 [DEBUG] [lighter] Subscribed to order_book/76
20:44:46 [DEBUG] [lighter] Subscribed to trade/76
20:44:46 [DEBUG] [lighter] Subscribed to order_book/12
20:44:46 [DEBUG] [lighter] Subscribed to trade/12
20:44:46 [DEBUG] [lighter] Subscribed to order_book/36
20:44:46 [DEBUG] [lighter] Subscribed to order_book/13
20:44:46 [DEBUG] [lighter] Subscribed to trade/13
20:44:46 [DEBUG] [lighter] Subscribed to order_book/103
20:44:46 [DEBUG] [lighter] Subscribed to trade/103
20:44:46 [DEBUG] [lighter] Subscribed to order_book/18
20:44:46 [DEBUG] [lighter] Subscribed to trade/18
20:44:46 [DEBUG] [lighter] Subscribed to order_book/7
20:44:46 [DEBUG] [lighter] Subscribed to order_book/43
20:44:46 [DEBUG] [lighter] Subscribed to trade/43
20:44:46 [DEBUG] [lighter] Subscribed to order_book/26
20:44:46 [DEBUG] [lighter] Subscribed to trade/26
20:44:46 [DEBUG] [lighter] Subscribed to order_book/10
20:44:46 [DEBUG] [lighter] Subscribed to trade/10
20:44:46 [DEBUG] [lighter] Subscribed to trade/21
20:44:46 [DEBUG] [lighter] Subscribed to order_book/49
20:44:46 [DEBUG] [lighter] Subscribed to trade/49
20:44:46 [DEBUG] [lighter] Subscribed to order_book/50
20:44:46 [DEBUG] [lighter] Subscribed to trade/50
20:44:46 [DEBUG] [lighter] Subscribed to order_book/16
20:44:46 [DEBUG] [lighter] Subscribed to trade/16
20:44:46 [DEBUG] [lighter] Subscribed to trade/90
20:44:46 [DEBUG] [lighter] Subscribed to order_book/24
20:44:46 [DEBUG] [lighter] Subscribed to trade/24
20:44:46 [DEBUG] [lighter] Subscribed to order_book/38
20:44:46 [DEBUG] [lighter] Subscribed to trade/38
20:44:46 [DEBUG] [lighter] Subscribed to order_book/86
20:44:46 [DEBUG] [lighter] Subscribed to trade/86
20:44:46 [DEBUG] [lighter] Subscribed to order_book/3
20:44:46 [DEBUG] [lighter] Subscribed to trade/3
20:44:46 [DEBUG] [lighter] Subscribed to trade/46
20:44:46 [DEBUG] [lighter] Subscribed to order_book/8
20:44:46 [DEBUG] [lighter] Subscribed to trade/8
20:44:47 [DEBUG] [lighter] Subscribed to order_book/63
20:44:47 [DEBUG] [lighter] Subscribed to trade/63
20:44:47 [DEBUG] [lighter] Subscribed to order_book/9
20:44:47 [DEBUG] [lighter] Subscribed to trade/9
20:44:47 [DEBUG] [lighter] Subscribed to trade/36
20:44:47 [DEBUG] [lighter] Subscribed to order_book/83
20:44:47 [DEBUG] [lighter] Subscribed to trade/83
20:44:47 [DEBUG] [lighter] Subscribed to order_book/91
20:44:47 [DEBUG] [lighter] Subscribed to trade/91
20:44:47 [DEBUG] [lighter] Subscribed to order_book/53
20:44:47 [DEBUG] [lighter] Subscribed to trade/53
20:44:47 [DEBUG] [lighter] Subscribed to trade/104
20:44:47 [DEBUG] [lighter] Subscribed to order_book/42
20:44:47 [DEBUG] [lighter] Subscribed to trade/42
20:44:47 [DEBUG] [x10] Subscribed to publicTrades/WLD/USD
20:44:47 [DEBUG] [x10] Subscribed to funding/WLD/USD
20:44:47 [DEBUG] [x10] Subscribed to publicTrades/EDEN/USD
20:44:47 [DEBUG] [x10] Subscribed to funding/EDEN/USD
20:44:47 [DEBUG] [lighter] Subscribed to order_book/28
20:44:47 [DEBUG] [x10] Subscribed to publicTrades/UNI/USD
20:44:47 [DEBUG] [x10] Subscribed to funding/UNI/USD
20:44:47 [DEBUG] [lighter] Subscribed to trade/20
20:44:47 [DEBUG] [x10] Subscribed to publicTrades/RESOLV/USD
20:44:47 [DEBUG] [x10] Subscribed to funding/RESOLV/USD
20:44:47 [DEBUG] [x10] Subscribed to publicTrades/1000PEPE/USD
20:44:47 [DEBUG] [x10] Subscribed to funding/1000PEPE/USD
20:44:47 [DEBUG] [lighter] Subscribed to order_book/25
20:44:47 [DEBUG] [x10] Subscribed to publicTrades/PUMP/USD
20:44:47 [DEBUG] [x10] Subscribed to funding/PUMP/USD
20:44:47 [DEBUG] [x10] Subscribed to publicTrades/APT/USD
20:44:47 [DEBUG] [x10] Subscribed to funding/APT/USD
20:44:47 [DEBUG] [lighter] Subscribed to trade/60
20:44:47 [DEBUG] [x10] Subscribed to publicTrades/TIA/USD
20:44:47 [DEBUG] [x10] Subscribed to funding/TIA/USD
20:44:47 [DEBUG] [lighter] Subscribed to trade/17
20:44:47 [DEBUG] [x10] Subscribed to publicTrades/SEI/USD
20:44:47 [DEBUG] [x10] Subscribed to funding/SEI/USD
20:44:47 [DEBUG] [x10] Subscribed to publicTrades/WIF/USD
20:44:47 [DEBUG] [x10] Subscribed to funding/WIF/USD
20:44:47 [DEBUG] [lighter] Subscribed to order_book/6
20:44:47 [DEBUG] [x10] Subscribed to publicTrades/AVNT/USD
20:44:47 [DEBUG] [x10] Subscribed to funding/AVNT/USD
20:44:47 [DEBUG] [x10] Subscribed to publicTrades/1000SHIB/USD
20:44:47 [DEBUG] [x10] Subscribed to funding/1000SHIB/USD
20:44:47 [DEBUG] [lighter] Subscribed to order_book/45
20:44:47 [DEBUG] [x10] Subscribed to publicTrades/XRP/USD
20:44:47 [DEBUG] [x10] Subscribed to funding/XRP/USD
20:44:47 [DEBUG] [x10] Subscribed to publicTrades/LTC/USD
20:44:47 [DEBUG] [x10] Subscribed to funding/LTC/USD
20:44:47 [DEBUG] [x10] Subscribed to publicTrades/ZRO/USD
20:44:47 [DEBUG] [x10] Subscribed to funding/ZRO/USD
20:44:47 [DEBUG] [lighter] Subscribed to order_book/71
20:44:48 [DEBUG] [x10] Subscribed to publicTrades/ZEC/USD
20:44:48 [DEBUG] [x10] Subscribed to funding/ZEC/USD
20:44:48 [DEBUG] [lighter] Subscribed to order_book/15
20:44:48 [DEBUG] [x10] Subscribed to publicTrades/PENDLE/USD
20:44:48 [DEBUG] [x10] Subscribed to funding/PENDLE/USD
20:44:48 [DEBUG] [x10] Subscribed to publicTrades/S/USD
20:44:48 [DEBUG] [x10] Subscribed to funding/S/USD
20:44:48 [DEBUG] [lighter] Subscribed to trade/29
20:44:48 [DEBUG] [x10] Subscribed to publicTrades/BERA/USD
20:44:48 [DEBUG] [x10] Subscribed to funding/BERA/USD
20:44:48 [DEBUG] [x10] Subscribed to publicTrades/FARTCOIN/USD
20:44:48 [DEBUG] [x10] Subscribed to funding/FARTCOIN/USD
20:44:48 [DEBUG] [lighter] Subscribed to order_book/67
20:44:48 [DEBUG] [x10] Subscribed to publicTrades/LDO/USD
20:44:48 [DEBUG] [x10] Subscribed to funding/LDO/USD
20:44:48 [DEBUG] [lighter] Subscribed to trade/41
20:44:48 [DEBUG] [x10] Subscribed to publicTrades/CRV/USD
20:44:48 [DEBUG] [x10] Subscribed to funding/CRV/USD
20:44:48 [DEBUG] [x10] Subscribed to publicTrades/BTC/USD
20:44:48 [DEBUG] [x10] Subscribed to funding/BTC/USD
20:44:48 [DEBUG] [x10] Subscribed to publicTrades/GRASS/USD
20:44:48 [DEBUG] [x10] Subscribed to funding/GRASS/USD
20:44:48 [DEBUG] [lighter] Subscribed to order_book/17
20:44:48 [DEBUG] [x10] Subscribed to publicTrades/MKR/USD
20:44:48 [DEBUG] [x10] Subscribed to funding/MKR/USD
20:44:48 [DEBUG] [lighter] Subscribed to order_book/5
20:44:48 [DEBUG] [x10] Subscribed to publicTrades/AERO/USD
20:44:48 [DEBUG] [x10] Subscribed to funding/AERO/USD
20:44:48 [DEBUG] [x10] Subscribed to publicTrades/AAVE/USD
20:44:48 [DEBUG] [x10] Subscribed to funding/AAVE/USD
20:44:48 [DEBUG] [x10] Subscribed to publicTrades/BNB/USD
20:44:48 [DEBUG] [x10] Subscribed to funding/BNB/USD
20:44:48 [DEBUG] [lighter] Subscribed to order_book/35
20:44:48 [DEBUG] [x10] Subscribed to publicTrades/ETH/USD
20:44:48 [DEBUG] [x10] Subscribed to funding/ETH/USD
20:44:48 [DEBUG] [x10] Subscribed to publicTrades/STRK/USD
20:44:48 [DEBUG] [x10] Subscribed to funding/STRK/USD
20:44:48 [DEBUG] [lighter] Subscribed to trade/67
20:44:48 [DEBUG] [x10] Subscribed to publicTrades/ENA/USD
20:44:48 [DEBUG] [x10] Subscribed to funding/ENA/USD
20:44:48 [DEBUG] [lighter] Subscribed to order_book/29
20:44:48 [DEBUG] [x10] Subscribed to publicTrades/DOT/USD
20:44:48 [DEBUG] [x10] Subscribed to funding/DOT/USD
20:44:48 [DEBUG] [x10] Subscribed to publicTrades/XPL/USD
20:44:48 [DEBUG] [x10] Subscribed to funding/XPL/USD
20:44:48 [DEBUG] [lighter] Subscribed to order_book/82
20:44:48 [DEBUG] [x10] Subscribed to publicTrades/PENGU/USD
20:44:48 [DEBUG] [x10] Subscribed to funding/PENGU/USD
20:44:49 [DEBUG] [x10] Subscribed to publicTrades/MEGA/USD
20:44:49 [DEBUG] [x10] Subscribed to funding/MEGA/USD
20:44:49 [DEBUG] [lighter] Subscribed to order_book/51
20:44:49 [DEBUG] [x10] Subscribed to publicTrades/VIRTUAL/USD
20:44:49 [DEBUG] [x10] Subscribed to funding/VIRTUAL/USD
20:44:49 [DEBUG] [x10] Subscribed to publicTrades/ADA/USD
20:44:49 [DEBUG] [x10] Subscribed to funding/ADA/USD
20:44:49 [DEBUG] [lighter] Subscribed to order_book/11
20:44:49 [DEBUG] [x10] Subscribed to publicTrades/TRUMP/USD
20:44:49 [DEBUG] [x10] Subscribed to funding/TRUMP/USD
20:44:49 [DEBUG] [x10] Subscribed to publicTrades/BCH/USD
20:44:49 [DEBUG] [x10] Subscribed to funding/BCH/USD
20:44:49 [DEBUG] [lighter] Subscribed to order_book/52
20:44:49 [DEBUG] [x10] Subscribed to publicTrades/WLFI/USD
20:44:49 [DEBUG] [x10] Subscribed to funding/WLFI/USD
20:44:49 [DEBUG] [x10] Subscribed to publicTrades/POPCAT/USD
20:44:49 [DEBUG] [x10] Subscribed to funding/POPCAT/USD
20:44:49 [DEBUG] [lighter] Subscribed to trade/47
20:44:49 [DEBUG] [x10] Subscribed to publicTrades/KAITO/USD
20:44:49 [DEBUG] [x10] Subscribed to funding/KAITO/USD
20:44:49 [DEBUG] [x10] Subscribed to publicTrades/OP/USD
20:44:49 [DEBUG] [x10] Subscribed to funding/OP/USD
20:44:49 [DEBUG] [lighter] Subscribed to trade/4
20:44:49 [DEBUG] [x10] Subscribed to publicTrades/USDJPY/USD
20:44:49 [DEBUG] [x10] Subscribed to funding/USDJPY/USD
20:44:49 [DEBUG] [x10] Subscribed to publicTrades/IP/USD
20:44:49 [DEBUG] [x10] Subscribed to funding/IP/USD
20:44:49 [DEBUG] [lighter] Subscribed to trade/15
20:44:49 [DEBUG] [x10] Subscribed to publicTrades/XAU/USD
20:44:49 [DEBUG] [x10] Subscribed to funding/XAU/USD
20:44:49 [DEBUG] [x10] Subscribed to publicTrades/SOL/USD
20:44:49 [DEBUG] [x10] Subscribed to funding/SOL/USD
20:44:49 [DEBUG] ✅ EDEN-USD: X10=$15,038, Lighter=$6,694,887, Total=$6,709,925
20:44:49 [DEBUG] [x10] Subscribed to publicTrades/XAG/USD
20:44:49 [DEBUG] [x10] Subscribed to funding/XAG/USD
20:44:49 [DEBUG] [lighter] Subscribed to trade/71
20:44:49 [DEBUG] [x10] Subscribed to publicTrades/LINEA/USD
20:44:49 [DEBUG] [x10] Subscribed to funding/LINEA/USD
20:44:49 [DEBUG] [x10] Subscribed to publicTrades/TON/USD
20:44:49 [DEBUG] [x10] Subscribed to funding/TON/USD
20:44:49 [DEBUG] [lighter] Subscribed to order_book/4
20:44:49 [DEBUG] [x10] Subscribed to publicTrades/TAO/USD
20:44:49 [DEBUG] [x10] Subscribed to funding/TAO/USD
20:44:49 [DEBUG] [x10] Subscribed to publicTrades/FIL/USD
20:44:49 [DEBUG] [x10] Subscribed to funding/FIL/USD
20:44:49 [DEBUG] [lighter] Subscribed to order_book/46
20:44:49 [DEBUG] [x10] Subscribed to publicTrades/1000BONK/USD
20:44:49 [DEBUG] [x10] Subscribed to funding/1000BONK/USD
20:44:49 [DEBUG] [x10] Subscribed to publicTrades/TRX/USD
20:44:49 [DEBUG] [x10] Subscribed to funding/TRX/USD
20:44:49 [DEBUG] [lighter] Subscribed to order_book/39
20:44:49 [DEBUG] [x10] Subscribed to publicTrades/JUP/USD
20:44:49 [DEBUG] [x10] Subscribed to funding/JUP/USD
20:44:50 [DEBUG] [x10] Subscribed to publicTrades/NEAR/USD
20:44:50 [DEBUG] [x10] Subscribed to funding/NEAR/USD
20:44:50 [DEBUG] [lighter] Subscribed to market_stats/all
20:44:50 [DEBUG] [x10] Subscribed to publicTrades/EIGEN/USD
20:44:50 [DEBUG] [x10] Subscribed to funding/EIGEN/USD
20:44:50 [DEBUG] [x10] Subscribed to publicTrades/ARB/USD
20:44:50 [DEBUG] [x10] Subscribed to funding/ARB/USD
20:44:50 [DEBUG] [lighter] Subscribed to trade/32
20:44:50 [DEBUG] [x10] Subscribed to publicTrades/SUI/USD
20:44:50 [DEBUG] [x10] Subscribed to funding/SUI/USD
20:44:50 [DEBUG] [x10] Subscribed to publicTrades/HYPE/USD
20:44:50 [DEBUG] [x10] Subscribed to funding/HYPE/USD
20:44:50 [DEBUG] [lighter] Subscribed to trade/31
20:44:50 [DEBUG] [x10] Subscribed to publicTrades/ONDO/USD
20:44:50 [DEBUG] [x10] Subscribed to funding/ONDO/USD
20:44:50 [DEBUG] [x10] Subscribed to publicTrades/APEX/USD
20:44:50 [DEBUG] [x10] Subscribed to funding/APEX/USD
20:44:50 [DEBUG] [lighter] Subscribed to order_book/104
20:44:50 [DEBUG] [x10] Subscribed to publicTrades/DOGE/USD
20:44:50 [DEBUG] [x10] Subscribed to funding/DOGE/USD
20:44:50 [DEBUG] [x10] Subscribed to publicTrades/LINK/USD
20:44:50 [DEBUG] [x10] Subscribed to funding/LINK/USD
20:44:50 [DEBUG] [lighter] Subscribed to order_book/31
20:44:50 [DEBUG] [x10] Subscribed to publicTrades/MNT/USD
20:44:50 [DEBUG] [x10] Subscribed to funding/MNT/USD
20:44:50 [DEBUG] [x10] Subscribed to publicTrades/AVAX/USD
20:44:50 [DEBUG] [x10] Subscribed to funding/AVAX/USD
20:44:50 [DEBUG] [lighter] Subscribed to order_book/1
20:44:50 [DEBUG] [x10] Subscribed to publicTrades/ASTER/USD
20:44:50 [DEBUG] [x10] Subscribed to funding/ASTER/USD
20:44:50 [DEBUG] [x10] Subscribed to publicTrades/MON/USD
20:44:50 [DEBUG] [x10] Subscribed to funding/MON/USD
20:44:50 [DEBUG] [lighter] Subscribed to trade/40
20:44:50 [DEBUG] [x10] Subscribed to publicTrades/ZORA/USD
20:44:50 [DEBUG] [x10] Subscribed to funding/ZORA/USD
20:44:50 [DEBUG] [x10] Subscribed to publicTrades/SPX/USD
20:44:50 [DEBUG] [x10] Subscribed to funding/SPX/USD
20:44:50 [DEBUG] [lighter] Subscribed to trade/28
20:44:50 [INFO] 🔗 Components Wired: WS -> OI Tracker -> Prediction
20:44:50 [INFO] 🧟 Starte Zombie-Check: Vergleiche DB mit echten Positionen...
20:44:50 [INFO] 🔍 DB meldet 3 offene Trades. Prüfe Exchange...
20:44:50 [DEBUG] Sending GET https://api.starknet.extended.exchange/api/v1/user/positions?
20:44:50 [DEBUG] [lighter] Subscribed to trade/37
20:44:50 [DEBUG] [lighter] Subscribed to order_book/94
20:44:50 [DEBUG] [lighter] Subscribed to order_book/40
20:44:51 [DEBUG] [lighter] Subscribed to order_book/41
20:44:51 [DEBUG] [lighter] Subscribed to trade/25
20:44:51 [DEBUG] [lighter] Subscribed to trade/5
20:44:51 [DEBUG] [lighter] Subscribed to trade/27
20:44:51 [DEBUG] [lighter] Subscribed to trade/51
20:44:51 [DEBUG] [lighter] Subscribed to trade/7
20:44:51 [DEBUG] [lighter] Subscribed to trade/6
20:44:51 [DEBUG] [lighter] Subscribed to trade/45
20:44:51 [DEBUG] [lighter] Subscribed to trade/35
20:44:51 [DEBUG] [lighter] Subscribed to order_book/37
20:44:51 [DEBUG] [lighter] Subscribed to order_book/60
20:44:52 [DEBUG] [lighter] Subscribed to order_book/65
20:44:52 [DEBUG] [lighter] Subscribed to trade/82
20:44:52 [INFO] Lighter: Found 0 open positions
20:44:52 [INFO] 🌍 Echte Positionen auf Exchanges: []
20:44:52 [WARNING] ⚠️  ZOMBIE GEFUNDEN: BERA-USD ist in DB offen, aber nicht auf Exchange. Schließe ihn...
20:44:52 [INFO] ✅ Trade BERA-USD closed (PnL: $0.00)
20:44:52 [WARNING] ⚠️  ZOMBIE GEFUNDEN: APEX-USD ist in DB offen, aber nicht auf Exchange. Schließe ihn...
20:44:52 [INFO] ✅ Trade APEX-USD closed (PnL: $0.00)
20:44:52 [WARNING] ⚠️  ZOMBIE GEFUNDEN: TIA-USD ist in DB offen, aber nicht auf Exchange. Schließe ihn...
20:44:52 [INFO] ✅ Trade TIA-USD closed (PnL: $0.00)
20:44:52 [INFO] ✅ ParallelExecutionManager: Rollback processor started
20:44:52 [INFO] ✅ ParallelExecutionManager started
20:44:52 [INFO] 📝 Registered task: logic_loop (critical=True)
20:44:52 [INFO] 📝 Registered task: trade_management_loop (critical=True)
20:44:52 [INFO] 📝 Registered task: farm_loop (critical=False)
20:44:52 [INFO] 📝 Registered task: maintenance_loop (critical=False)
20:44:52 [INFO] 📝 Registered task: cleanup_finished_tasks (critical=False)
20:44:52 [INFO] 📝 Registered task: health_reporter (critical=False)
20:44:52 [INFO] 📝 Registered task: connection_watchdog (critical=True)
20:44:52 [INFO] ✅ Signal handlers installed (SIGINT, SIGTERM)
20:44:52 [INFO] ▶️  Started task: logic_loop
20:44:52 [INFO] ▶️  Started task: trade_management_loop
20:44:52 [INFO] ▶️  Started task: farm_loop
20:44:52 [INFO] ▶️  Started task: maintenance_loop
20:44:52 [INFO] ▶️  Started task: cleanup_finished_tasks
20:44:52 [INFO] ▶️  Started task: health_reporter
20:44:52 [INFO] ▶️  Started task: connection_watchdog
20:44:52 [INFO] 🚀 Started 7 tasks
20:44:52 [INFO] ═══════════════════════════════════════════════════════════
20:44:52 [INFO]    BOT V5 RUNNING 24/7 - SUPERVISED | Ctrl+C = Stop   
20:44:52 [INFO] ═══════════════════════════════════════════════════════════
20:44:52 [INFO] 🔄 Rollback processor running...
20:44:52 [INFO] Logic Loop gestartet – REFRESH alle 3s
20:44:52 [INFO] ⚡ Latency Arb Detector initialized (threshold: 1.0s)
20:44:52 [INFO] ❄️ Warming up caches (waiting for WS data)... X10=91, Lit=0
20:44:52 [INFO] 🛡️ Trade Management Loop gestartet
20:44:52 [INFO] 🚜 Farm Mode ACTIVE
20:44:52 [DEBUG] Sending GET https://api.starknet.extended.exchange/api/v1/user/balance
20:44:52 [DEBUG] 📊 X10 Funding Cache refresh (current=91)
20:44:52 [INFO] 🐕 Connection Watchdog gestartet (Timeout: 120s)
20:44:52 [INFO] 🔍 Supervisor loop started
20:44:52 [DEBUG] 📝 Flushed 1 writes
20:44:52 [DEBUG] 📝 Flushed 1 writes in 16.0ms
20:44:52 [DEBUG] Sending GET https://api.starknet.extended.exchange/api/v1/info/markets?
20:44:52 [DEBUG] [lighter] Subscribed to trade/65
20:44:52 [DEBUG] [lighter] Subscribed to trade/1
20:44:52 [DEBUG] [lighter] Subscribed to order_book/20
20:44:52 [DEBUG] [lighter] Subscribed to trade/11
20:44:52 [DEBUG] [lighter] Subscribed to trade/39
20:44:52 [DEBUG] [lighter] Subscribed to trade/94
20:44:52 [DEBUG] [lighter] Subscribed to trade/52
20:44:52 [DEBUG] [lighter] Subscribed to order_book/89
20:44:53 [DEBUG] [lighter] Subscribed to trade/30
20:44:53 [DEBUG] [lighter] Subscribed to order_book/32
20:44:53 [DEBUG] [lighter] Subscribed to trade/89
20:44:53 [DEBUG] [lighter] Subscribed to order_book/47
20:44:53 [DEBUG] ✅ UNI-USD: X10=$211,955, Lighter=$482,028, Total=$693,983
20:44:53 [DEBUG] Lighter Balance: Raw=$301.20, Safe=$286.14
20:44:53 [INFO] 🚜 Opening FARM: WLD-USD APY=21.9%
20:44:53 [DEBUG] Sending GET https://api.starknet.extended.exchange/api/v1/user/positions?
20:44:54 [DEBUG] 📝 Flushed 1 writes in 0.0ms
20:44:54 [INFO]  X10: 91 Märkte geladen, 91 Funding Rates, 78 Preise
20:44:54 [DEBUG] X10: Funding Refresh OK, cache=91
20:44:54 [DEBUG] 📊 Lighter Funding Cache refresh (current=0)
20:44:54 [INFO] Lighter: Found 0 open positions
20:44:54 [DEBUG] ✅ WLD-USD verified: No existing positions on exchanges
20:44:54 [INFO]  Volatility Monitor initialized: Low<3.0%, Normal<10.0%, High<20.0%, Hard Cap<50.0%
20:44:54 [DEBUG] Sending GET https://api.starknet.extended.exchange/api/v1/user/balance
20:44:54 [INFO] 🎲 KellyPositionSizer initialized (Safety=0.25, MaxFraction=0.1)
20:44:54 [INFO] 🎰 KELLY WLD-USD: win_rate=80.0%, kelly_fraction=0.6000, safe_fraction=0.0500, confidence=LOW, samples=0
20:44:54 [INFO] 📊 KELLY SIZE WLD-USD: base=$30.0, kelly_recommended=$14.3, final=$30.0
20:44:54 [INFO] 🚀 Opening WLD-USD: Size=$30.0 (Min=$11.0)
20:44:54 [INFO] 🔄 [PARALLEL] WLD-USD: Lighter POST-ONLY first
20:44:54 [INFO] 🚀 LIGHTER OPEN WLD-USD: side=SELL, size_usd=$30.00, price=$0.636870
20:44:54 [INFO] 🔄 [PARALLEL] WLD-USD: X10 MARKET order
20:44:54 [DEBUG] Create Order Tx Info: {"AccountIndex":60113,"ApiKeyIndex":3,"MarketIndex":6,"ClientOrderIndex":1764531982525,"BaseAmount":474,"Price":63304,"IsAsk":1,"Type":0,"TimeInForce":1,"ReduceOnly":0,"TriggerPrice":0,"OrderExpiry":1766951094633,"ExpiredAt":1764532493633,"Nonce":1812,"Sig":"2geUc4xAYmLes4Hq9Wf02x7klMUh9u5QFmFWBKACCgyxVtse8g5KY25mA4DKtUi7Miuu8OcJhhdYWgQB2ipv7nV5WzM0FkROiPym1FHiwhU="}
20:44:54 [DEBUG] Sending GET https://api.starknet.extended.exchange/api/v1/info/markets?
20:44:54 [DEBUG] Lighter: Loaded 389 funding rates
20:44:54 [DEBUG] Lighter: Funding Refresh OK, cache=118
20:44:54 [DEBUG] Create Order Send Tx Response: code=200 message='{"ratelimit": "didn\'t use volume quota"}' tx_hash='9547d1b268c6b197962531c9b85c4821b0a37cf4bdeccf5b160cabc0eb9ec009cb8958143e2670c4' predicted_execution_time_ms=1764531888580 additional_properties={}
20:44:54 [INFO] Lighter Order: 9547d1b268c6b197962531c9b85c4821b0a37cf4bdeccf5b160cabc0eb9ec009cb8958143e2670c4
20:44:55 [INFO] 🔍 🚜 FARM Scanning 70 pairs. Open symbols to skip: set()
20:44:55 [DEBUG] Price cache status: X10=70/70, Lighter=69/70
20:44:55 [INFO] 🔍 Scanning 70 pairs. Lighter markets: 118, X10 markets: 91
20:44:55 [DEBUG] 📝 Flushed 2 writes
20:44:55 [DEBUG] 📝 Flushed 1 writes in 0.0ms
20:44:55 [DEBUG] MKR-USD: Missing prices (X=1663.9, L=None)
20:44:55 [INFO] ✅ Found 0 opportunities with predictions (farm_mode=True)
20:44:55 [INFO] ⚠️ Keine Prediction-Opportunities, nutze Fallback mit echten Funding Rates...
20:44:55 [DEBUG] ⛔ Skip AERO-USD: In BLACKLIST
20:44:55 [DEBUG] ⛔ Skip MEGA-USD: In BLACKLIST
20:44:55 [INFO] 🔍 DEBUG IP-USD: rl=-0.00007800, rx=-0.00001200, net=-0.00006600, apy=57.8%
20:44:55 [INFO] 💎 IP-USD | APY: 57.8%
20:44:55 [DEBUG] ⛔ Skip XAU-USD: TradFi/FX
20:44:55 [DEBUG] ⛔ Skip XAG-USD: TradFi/FX
20:44:55 [DEBUG] Skip JUP-USD: Spread 0.32% too high
20:44:55 [INFO] 🔍 DEBUG APEX-USD: rl=0.00001200, rx=0.00014800, net=-0.00013600, apy=119.1%
20:44:55 [INFO] 💎 APEX-USD | APY: 119.1%
20:44:55 [DEBUG] ⛔ Skip SPX-USD: TradFi/FX
20:44:55 [INFO] ✅ Found 37 opportunities from 64 valid pairs (farm_mode=True, scanned=70)
20:44:55 [INFO] 🎯 Found 3 opportunities, executing best...
20:44:55 [DEBUG] Sending GET https://api.starknet.extended.exchange/api/v1/user/balance
20:44:55 [INFO] 🔍 Running periodic exchange sync check...
20:44:55 [INFO] 🔍 Starting Exchange Sync Check...
20:44:55 [DEBUG] Sending GET https://api.starknet.extended.exchange/api/v1/user/positions?
20:44:56 [INFO] Lighter: Found 1 open positions
20:44:56 [ERROR] 🚨 DESYNC DETECTED: Positions only on Lighter: {'WLD-USD'}
20:44:56 [ERROR] ⚠️ These are UNHEDGED and create directional risk!
20:44:56 [WARNING] 🔻 Closing orphaned Lighter position: WLD-USD
20:44:56 [ERROR] Failed to close Lighter orphan WLD-USD: '<' not supported between instances of 'float' and 'str'
20:44:56 [DEBUG] Placing an order: id=3147297239537237182170895796464408466737297176851008619933626017156318267524
20:44:56 [DEBUG] Sending POST https://api.starknet.extended.exchange/api/v1/user/order, headers={<RequestHeader.ACCEPT: 'Accept'>: 'application/json', <RequestHeader.CONTENT_TYPE: 'Content-Type'>: 'application/json', <RequestHeader.USER_AGENT: 'User-Agent'>: 'X10PythonTradingClient/0.0.17', <RequestHeader.API_KEY: 'X-Api-Key'>: 'a1c9207f79f0e57ddc454bf1e16dbe49'}
20:44:56 [DEBUG] Lighter Balance: Raw=$301.20, Safe=$286.14
20:44:56 [INFO] X10: Detected balance = $305.48
20:44:56 [INFO] 🚀 Launching 3 trades (Slots available: 3)
20:44:56 [DEBUG] Sending GET https://api.starknet.extended.exchange/api/v1/user/positions?
20:44:57 [DEBUG] ✅ RESOLV-USD: X10=$228,352, Lighter=$7,514,634, Total=$7,742,986
20:44:57 [INFO] Lighter: Found 1 open positions
20:44:57 [INFO] 💰 Balance: X10=$305.5 (free=$266.2), Lit=$286.1 (free=$246.8) | DB_Trades=0, Real_Positions=1, Locked=$5/ex
20:44:57 [INFO] 🚀 Launching trade for APEX-USD (APY=119.1%)
20:44:57 [DEBUG] Sending GET https://api.starknet.extended.exchange/api/v1/user/positions?
20:44:57 [INFO]  X10 Order: 1995217479174586368
20:44:57 [INFO] ✅ [PARALLEL] WLD-USD: Both legs filled in 3031ms
20:44:57 [DEBUG] 📝 Trade added to state: WLD-USD
20:44:57 [DEBUG] 🧹 Cleaned task: WLD-USD
20:44:57 [DEBUG] 📝 Flushed 1 writes
20:44:57 [DEBUG] 📝 Flushed 1 writes in 0.0ms
20:44:57 [INFO] 🚀 Launching trade for IP-USD (APY=57.8%)
20:44:57 [DEBUG] Sending GET https://api.starknet.extended.exchange/api/v1/user/positions?
20:44:58 [INFO] Lighter: Found 1 open positions
20:44:58 [DEBUG] ✅ APEX-USD verified: No existing positions on exchanges
20:44:58 [DEBUG] Sending GET https://api.starknet.extended.exchange/api/v1/user/balance
20:44:58 [DEBUG] Fetching fresh positions (force=False, cache_age=1764531898.2s)
20:44:58 [DEBUG] Sending GET https://api.starknet.extended.exchange/api/v1/user/positions?
20:44:58 [INFO] 🚀 Launching trade for BERA-USD (APY=47.3%)
20:44:58 [DEBUG] Sending GET https://api.starknet.extended.exchange/api/v1/user/positions?
20:44:58 [INFO] Lighter: Found 1 open positions
20:44:58 [INFO] 📊 Positions: X10=1, Lighter=1
20:44:58 [DEBUG] X10 positions: ['WLD-USD']
20:44:58 [DEBUG] Lighter positions: ['WLD-USD']
20:44:58 [INFO] 🔍 DEBUG WLD-USD: entry_time type=<class 'str'>, value=2025-11-30T19:44:57.653134+00:00
20:44:58 [DEBUG] Check WLD-USD: Age=1.0s (Limit=60s)
20:44:58 [INFO] Lighter: Found 1 open positions
20:44:58 [DEBUG] ✅ IP-USD verified: No existing positions on exchanges
20:44:58 [DEBUG] Skip IP-USD: Min Req $25.00 > Max Config $20.0
20:44:58 [INFO] ✅ Launched 3 trade tasks this cycle
20:44:59 [DEBUG] Using cached positions (age: 1.4s)
20:44:59 [INFO] 🔍 DEBUG WLD-USD: entry_time type=<class 'str'>, value=2025-11-30T19:44:57.653134+00:00
20:44:59 [DEBUG] Check WLD-USD: Age=1.9s (Limit=60s)
20:44:59 [INFO] Lighter: Found 1 open positions
20:44:59 [DEBUG] ✅ BERA-USD verified: No existing positions on exchanges
20:44:59 [DEBUG] Lighter Balance: Raw=$301.20, Safe=$286.14
20:44:59 [INFO] 🎰 KELLY APEX-USD: win_rate=80.0%, kelly_fraction=0.6000, safe_fraction=0.0500, confidence=LOW, samples=0
20:44:59 [INFO] 📊 KELLY SIZE APEX-USD: base=$30.0, kelly_recommended=$14.3, final=$30.0
20:44:59 [DEBUG] Sending GET https://api.starknet.extended.exchange/api/v1/user/balance
20:45:00 [INFO] 🎰 KELLY BERA-USD: win_rate=80.0%, kelly_fraction=0.6000, safe_fraction=0.0500, confidence=LOW, samples=0
20:45:00 [INFO] 📊 KELLY SIZE BERA-USD: base=$30.0, kelly_recommended=$14.3, final=$30.0
20:45:00 [INFO] 🚀 Opening APEX-USD: Size=$30.0 (Min=$11.0)
20:45:00 [INFO] 🔄 [PARALLEL] APEX-USD: Lighter POST-ONLY first
20:45:00 [INFO] 🚀 Opening BERA-USD: Size=$30.0 (Min=$11.0)
20:45:00 [INFO] 🔄 [PARALLEL] BERA-USD: Lighter POST-ONLY first
20:45:00 [INFO] 🚀 LIGHTER OPEN APEX-USD: side=SELL, size_usd=$30.00, price=$0.686490
20:45:00 [INFO] 🔄 [PARALLEL] APEX-USD: X10 MARKET order
20:45:00 [INFO] 🔄 [PARALLEL] BERA-USD: X10 MARKET order
20:45:00 [DEBUG] Create Order Tx Info: {"AccountIndex":60113,"ApiKeyIndex":3,"MarketIndex":86,"ClientOrderIndex":1764531960341,"BaseAmount":440,"Price":68237,"IsAsk":1,"Type":0,"TimeInForce":1,"ReduceOnly":0,"TriggerPrice":0,"OrderExpiry":1766951100145,"ExpiredAt":1764532499145,"Nonce":1813,"Sig":"ZsP77tR6LKWUW5cj/P6x6VUOuQDkAY2rNjTU7RBxsVwg5Jv67tMEQJyNaGQcmUjXsGDE332zHEleK6lygfRWkSHX0pSwxdecpNtvXw/yagU="}
20:45:00 [INFO] 🚀 LIGHTER OPEN BERA-USD: side=SELL, size_usd=$30.00, price=$0.883570
20:45:00 [DEBUG] Create Order Tx Info: {"AccountIndex":60113,"ApiKeyIndex":3,"MarketIndex":20,"ClientOrderIndex":1764531922727,"BaseAmount":342,"Price":87826,"IsAsk":1,"Type":0,"TimeInForce":1,"ReduceOnly":0,"TriggerPrice":0,"OrderExpiry":1766951100176,"ExpiredAt":1764532499176,"Nonce":1814,"Sig":"1Yi/Ehif6wRidVGuB4+83IJIT2kmLlm1XCg6at1wy51t4YA2BSZeUTkqZ9XDkeuyweJRWwDSG7uipB+ZZGfw4zE97sCnQkeoCgTnVKacKFs="}
20:45:00 [DEBUG] Placing an order: id=3263126803482176517101090403405437858392863026968087836935614738372869583213
20:45:00 [DEBUG] Sending POST https://api.starknet.extended.exchange/api/v1/user/order, headers={<RequestHeader.ACCEPT: 'Accept'>: 'application/json', <RequestHeader.CONTENT_TYPE: 'Content-Type'>: 'application/json', <RequestHeader.USER_AGENT: 'User-Agent'>: 'X10PythonTradingClient/0.0.17', <RequestHeader.API_KEY: 'X-Api-Key'>: 'a1c9207f79f0e57ddc454bf1e16dbe49'}
20:45:00 [DEBUG] Placing an order: id=1888024859670438630915782625683980114265978921210169798759964017114857531352
20:45:00 [DEBUG] Sending POST https://api.starknet.extended.exchange/api/v1/user/order, headers={<RequestHeader.ACCEPT: 'Accept'>: 'application/json', <RequestHeader.CONTENT_TYPE: 'Content-Type'>: 'application/json', <RequestHeader.USER_AGENT: 'User-Agent'>: 'X10PythonTradingClient/0.0.17', <RequestHeader.API_KEY: 'X-Api-Key'>: 'a1c9207f79f0e57ddc454bf1e16dbe49'}
20:45:00 [DEBUG] Create Order Send Tx Response: code=200 message='{"ratelimit": "didn\'t use volume quota"}' tx_hash='008affd2287d4c9d5454c5814f9b17988e4c02dc042715f48fc4e8d00970ac19267b44309cd38653' predicted_execution_time_ms=1764531894086 additional_properties={}
20:45:00 [INFO] Lighter Order: 008affd2287d4c9d5454c5814f9b17988e4c02dc042715f48fc4e8d00970ac19267b44309cd38653
20:45:00 [INFO]  X10 Order: 1995217490812207104
20:45:00 [INFO] ✅ [PARALLEL] APEX-USD: Both legs filled in 296ms
20:45:00 [DEBUG] 📝 Trade added to state: APEX-USD
20:45:00 [DEBUG] 📝 Flushed 1 writes
20:45:00 [DEBUG] 📝 Flushed 1 writes in 0.0ms
20:45:00 [DEBUG] Create Order Send Tx Response: code=200 message='{"ratelimit": "didn\'t use volume quota"}' tx_hash='34737d3e9a61d5f9e1d8a6fd4258863c6c4923cac6baba302e04e6be68be4ef02608d9ddb557aa86' predicted_execution_time_ms=1764531894122 additional_properties={}
20:45:00 [INFO] Lighter Order: 34737d3e9a61d5f9e1d8a6fd4258863c6c4923cac6baba302e04e6be68be4ef02608d9ddb557aa86
20:45:00 [DEBUG] Using cached positions (age: 2.4s)
20:45:00 [INFO] 🔍 DEBUG APEX-USD: entry_time type=<class 'str'>, value=2025-11-30T19:45:00.427944+00:00
20:45:00 [DEBUG] Check APEX-USD: Age=0.2s (Limit=60s)
20:45:00 [INFO] 🔍 DEBUG WLD-USD: entry_time type=<class 'str'>, value=2025-11-30T19:44:57.653134+00:00
20:45:00 [DEBUG] Check WLD-USD: Age=2.9s (Limit=60s)
20:45:00 [DEBUG] ✅ 1000PEPE-USD: X10=$117,609, Lighter=$208,114,541, Total=$208,232,150
20:45:01 [INFO]  X10 Order: 1995217494256275456
20:45:01 [INFO] ✅ [PARALLEL] BERA-USD: Both legs filled in 1109ms
20:45:01 [DEBUG] 📝 Trade added to state: BERA-USD
20:45:01 [DEBUG] Using cached positions (age: 3.4s)
20:45:01 [INFO] 🔍 DEBUG BERA-USD: entry_time type=<class 'str'>, value=2025-11-30T19:45:01.249442+00:00
20:45:01 [DEBUG] Check BERA-USD: Age=0.3s (Limit=60s)
20:45:01 [INFO] 🔍 DEBUG APEX-USD: entry_time type=<class 'str'>, value=2025-11-30T19:45:00.427944+00:00
20:45:01 [DEBUG] Check APEX-USD: Age=1.2s (Limit=60s)
20:45:01 [INFO] 🔍 DEBUG WLD-USD: entry_time type=<class 'str'>, value=2025-11-30T19:44:57.653134+00:00
20:45:01 [DEBUG] Check WLD-USD: Age=3.9s (Limit=60s)
20:45:01 [DEBUG] MAX_OPEN_TRADES (3) reached, waiting...
20:45:02 [DEBUG] 📝 Flushed 1 writes
20:45:02 [DEBUG] 📝 Flushed 1 writes in 0.0ms
20:45:02 [DEBUG] Using cached positions (age: 4.4s)
20:45:02 [INFO] 🔍 DEBUG BERA-USD: entry_time type=<class 'str'>, value=2025-11-30T19:45:01.249442+00:00
20:45:02 [DEBUG] Check BERA-USD: Age=1.3s (Limit=60s)
20:45:02 [INFO] 🔍 DEBUG APEX-USD: entry_time type=<class 'str'>, value=2025-11-30T19:45:00.427944+00:00
20:45:02 [DEBUG] Check APEX-USD: Age=2.2s (Limit=60s)
20:45:02 [INFO] 🔍 DEBUG WLD-USD: entry_time type=<class 'str'>, value=2025-11-30T19:44:57.653134+00:00
20:45:02 [DEBUG] Check WLD-USD: Age=4.9s (Limit=60s)
20:45:03 [DEBUG] Fetching fresh positions (force=False, cache_age=5.4s)
20:45:03 [DEBUG] Sending GET https://api.starknet.extended.exchange/api/v1/user/positions?
20:45:04 [INFO] Lighter: Found 3 open positions
20:45:04 [INFO] 📊 Positions: X10=3, Lighter=3
20:45:04 [DEBUG] X10 positions: ['WLD-USD', 'APEX-USD', 'BERA-USD']
20:45:04 [DEBUG] Lighter positions: ['WLD-USD', 'BERA-USD', 'APEX-USD']
20:45:04 [INFO] 🔍 DEBUG BERA-USD: entry_time type=<class 'str'>, value=2025-11-30T19:45:01.249442+00:00
20:45:04 [DEBUG] Check BERA-USD: Age=2.8s (Limit=60s)
20:45:04 [INFO] 🔍 DEBUG APEX-USD: entry_time type=<class 'str'>, value=2025-11-30T19:45:00.427944+00:00
20:45:04 [DEBUG] Check APEX-USD: Age=3.6s (Limit=60s)
20:45:04 [INFO] 🔍 DEBUG WLD-USD: entry_time type=<class 'str'>, value=2025-11-30T19:44:57.653134+00:00
20:45:04 [DEBUG] Check WLD-USD: Age=6.4s (Limit=60s)
20:45:04 [DEBUG] MAX_OPEN_TRADES (3) reached, waiting...
20:45:05 [DEBUG] Using cached positions (age: 1.4s)
20:45:05 [INFO] 🔍 DEBUG BERA-USD: entry_time type=<class 'str'>, value=2025-11-30T19:45:01.249442+00:00
20:45:05 [DEBUG] Check BERA-USD: Age=3.8s (Limit=60s)
20:45:05 [INFO] 🔍 DEBUG APEX-USD: entry_time type=<class 'str'>, value=2025-11-30T19:45:00.427944+00:00
20:45:05 [DEBUG] Check APEX-USD: Age=4.6s (Limit=60s)
20:45:05 [INFO] 🔍 DEBUG WLD-USD: entry_time type=<class 'str'>, value=2025-11-30T19:44:57.653134+00:00
20:45:05 [DEBUG] Check WLD-USD: Age=7.4s (Limit=60s)
20:45:06 [DEBUG] Using cached positions (age: 2.4s)
20:45:06 [INFO] 🔍 DEBUG BERA-USD: entry_time type=<class 'str'>, value=2025-11-30T19:45:01.249442+00:00
20:45:06 [DEBUG] Check BERA-USD: Age=4.8s (Limit=60s)
20:45:06 [INFO] 🔍 DEBUG APEX-USD: entry_time type=<class 'str'>, value=2025-11-30T19:45:00.427944+00:00
20:45:06 [DEBUG] Check APEX-USD: Age=5.6s (Limit=60s)
20:45:06 [INFO] 🔍 DEBUG WLD-USD: entry_time type=<class 'str'>, value=2025-11-30T19:44:57.653134+00:00
20:45:06 [DEBUG] Check WLD-USD: Age=8.4s (Limit=60s)
20:45:06 [DEBUG] 💓 [lighter] Ping/Pong OK
20:45:06 [DEBUG] ✅ PUMP-USD: X10=$593,586, Lighter=$2,398,799,051, Total=$2,399,392,637
20:45:07 [DEBUG] Using cached positions (age: 3.4s)
20:45:07 [INFO] 🔍 DEBUG BERA-USD: entry_time type=<class 'str'>, value=2025-11-30T19:45:01.249442+00:00
20:45:07 [DEBUG] Check BERA-USD: Age=5.8s (Limit=60s)
20:45:07 [INFO] 🔍 DEBUG APEX-USD: entry_time type=<class 'str'>, value=2025-11-30T19:45:00.427944+00:00
20:45:07 [DEBUG] Check APEX-USD: Age=6.6s (Limit=60s)
20:45:07 [INFO] 🔍 DEBUG WLD-USD: entry_time type=<class 'str'>, value=2025-11-30T19:44:57.653134+00:00
20:45:07 [DEBUG] Check WLD-USD: Age=9.4s (Limit=60s)
20:45:07 [WARNING] [x10] Connection closed: 1011 Ping timeout
20:45:07 [ERROR] [x10] Send error: received 1011 (internal error) Ping timeout; then sent 1011 (internal error) Ping timeout
20:45:07 [DEBUG] 💓 [x10] App-Ping sent
20:45:07 [INFO] 🔄 [x10] Reconnecting in 1.0s (attempt 1)
20:45:07 [DEBUG] MAX_OPEN_TRADES (3) reached, waiting...
20:45:08 [DEBUG] Using cached positions (age: 4.4s)
20:45:08 [INFO] 🔍 DEBUG BERA-USD: entry_time type=<class 'str'>, value=2025-11-30T19:45:01.249442+00:00
20:45:08 [DEBUG] Check BERA-USD: Age=6.8s (Limit=60s)
20:45:08 [INFO] 🔍 DEBUG APEX-USD: entry_time type=<class 'str'>, value=2025-11-30T19:45:00.427944+00:00
20:45:08 [DEBUG] Check APEX-USD: Age=7.6s (Limit=60s)
20:45:08 [INFO] 🔍 DEBUG WLD-USD: entry_time type=<class 'str'>, value=2025-11-30T19:44:57.653134+00:00
20:45:08 [DEBUG] Check WLD-USD: Age=10.4s (Limit=60s)
20:45:09 [DEBUG] Fetching fresh positions (force=False, cache_age=5.4s)
20:45:09 [DEBUG] Sending GET https://api.starknet.extended.exchange/api/v1/user/positions?
20:45:09 [INFO] ✅ [x10] Connected to wss://api.starknet.extended.exchange/stream.extended.exchange/v1/account
20:45:09 [DEBUG] [x10] Subscribed to funding/ZRO/USD
20:45:09 [DEBUG] [x10] Subscribed to funding/LINEA/USD
20:45:09 [INFO] Lighter: Found 3 open positions
20:45:09 [INFO] 📊 Positions: X10=3, Lighter=3
20:45:09 [DEBUG] X10 positions: ['WLD-USD', 'APEX-USD', 'BERA-USD']
20:45:09 [DEBUG] Lighter positions: ['WLD-USD', 'BERA-USD', 'APEX-USD']
20:45:09 [INFO] 🔍 DEBUG BERA-USD: entry_time type=<class 'str'>, value=2025-11-30T19:45:01.249442+00:00
20:45:09 [DEBUG] Check BERA-USD: Age=8.2s (Limit=60s)
20:45:09 [INFO] 🔍 DEBUG APEX-USD: entry_time type=<class 'str'>, value=2025-11-30T19:45:00.427944+00:00
20:45:09 [DEBUG] Check APEX-USD: Age=9.0s (Limit=60s)
20:45:09 [INFO] 🔍 DEBUG WLD-USD: entry_time type=<class 'str'>, value=2025-11-30T19:44:57.653134+00:00
20:45:09 [DEBUG] Check WLD-USD: Age=11.8s (Limit=60s)
20:45:09 [DEBUG] [x10] Subscribed to funding/SUI/USD
20:45:09 [DEBUG] [x10] Subscribed to funding/AVAX/USD
20:45:09 [DEBUG] [x10] Subscribed to funding/ARB/USD
20:45:09 [DEBUG] [x10] Subscribed to publicTrades/FARTCOIN/USD
20:45:09 [DEBUG] [x10] Subscribed to funding/OP/USD
20:45:09 [DEBUG] [x10] Subscribed to funding/BNB/USD
20:45:10 [DEBUG] [x10] Subscribed to publicTrades/ZORA/USD
20:45:10 [DEBUG] [x10] Subscribed to funding/ETH/USD
20:45:10 [DEBUG] [x10] Subscribed to publicTrades/BCH/USD
20:45:10 [DEBUG] [x10] Subscribed to publicTrades/NEAR/USD
20:45:10 [DEBUG] ✅ APT-USD: X10=$177,972, Lighter=$1,312,318, Total=$1,490,290
20:45:10 [DEBUG] [x10] Subscribed to publicTrades/FIL/USD
20:45:10 [DEBUG] Using cached positions (age: 1.5s)
20:45:10 [INFO] 🔍 DEBUG BERA-USD: entry_time type=<class 'str'>, value=2025-11-30T19:45:01.249442+00:00
20:45:10 [DEBUG] Check BERA-USD: Age=9.2s (Limit=60s)
20:45:10 [INFO] 🔍 DEBUG APEX-USD: entry_time type=<class 'str'>, value=2025-11-30T19:45:00.427944+00:00
20:45:10 [DEBUG] Check APEX-USD: Age=10.0s (Limit=60s)
20:45:10 [INFO] 🔍 DEBUG WLD-USD: entry_time type=<class 'str'>, value=2025-11-30T19:44:57.653134+00:00
20:45:10 [DEBUG] Check WLD-USD: Age=12.8s (Limit=60s)
20:45:10 [DEBUG] [x10] Subscribed to publicTrades/ENA/USD
20:45:10 [DEBUG] [x10] Subscribed to funding/GRASS/USD
20:45:10 [DEBUG] [x10] Subscribed to publicTrades/TIA/USD
20:45:10 [DEBUG] [x10] Subscribed to publicTrades/DOGE/USD
20:45:10 [DEBUG] [x10] Subscribed to publicTrades/AERO/USD
20:45:10 [DEBUG] MAX_OPEN_TRADES (3) reached, waiting...
20:45:10 [DEBUG] [x10] Subscribed to funding/AERO/USD
20:45:11 [DEBUG] [x10] Subscribed to funding/ZEC/USD
20:45:11 [DEBUG] [x10] Subscribed to publicTrades/KAITO/USD
20:45:11 [DEBUG] [x10] Subscribed to funding/S/USD
20:45:11 [DEBUG] [x10] Subscribed to funding/TRUMP/USD
20:45:11 [DEBUG] Using cached positions (age: 2.5s)
20:45:11 [INFO] 🔍 DEBUG BERA-USD: entry_time type=<class 'str'>, value=2025-11-30T19:45:01.249442+00:00
20:45:11 [DEBUG] Check BERA-USD: Age=10.2s (Limit=60s)
20:45:11 [INFO] 🔍 DEBUG APEX-USD: entry_time type=<class 'str'>, value=2025-11-30T19:45:00.427944+00:00
20:45:11 [DEBUG] Check APEX-USD: Age=11.0s (Limit=60s)
20:45:11 [INFO] 🔍 DEBUG WLD-USD: entry_time type=<class 'str'>, value=2025-11-30T19:44:57.653134+00:00
20:45:11 [DEBUG] Check WLD-USD: Age=13.8s (Limit=60s)
20:45:11 [DEBUG] [x10] Subscribed to funding/SEI/USD
20:45:11 [DEBUG] [x10] Subscribed to funding/WLD/USD
20:45:11 [DEBUG] [x10] Subscribed to publicTrades/1000SHIB/USD
20:45:11 [DEBUG] [x10] Subscribed to funding/DOGE/USD
20:45:11 [DEBUG] [x10] Subscribed to funding/WIF/USD
20:45:11 [DEBUG] [x10] Subscribed to publicTrades/TRX/USD
20:45:12 [DEBUG] [x10] Subscribed to publicTrades/RESOLV/USD
20:45:12 [DEBUG] [x10] Subscribed to publicTrades/S/USD
20:45:12 [DEBUG] [x10] Subscribed to funding/MON/USD
20:45:12 [DEBUG] [x10] Subscribed to funding/APT/USD
20:45:12 [DEBUG] [x10] Subscribed to publicTrades/LTC/USD
20:45:12 [DEBUG] Using cached positions (age: 3.5s)
20:45:12 [INFO] 🔍 DEBUG BERA-USD: entry_time type=<class 'str'>, value=2025-11-30T19:45:01.249442+00:00
20:45:12 [DEBUG] Check BERA-USD: Age=11.2s (Limit=60s)
20:45:12 [INFO] 🔍 DEBUG APEX-USD: entry_time type=<class 'str'>, value=2025-11-30T19:45:00.427944+00:00
20:45:12 [DEBUG] Check APEX-USD: Age=12.0s (Limit=60s)
20:45:12 [INFO] 🔍 DEBUG WLD-USD: entry_time type=<class 'str'>, value=2025-11-30T19:44:57.653134+00:00
20:45:12 [DEBUG] Check WLD-USD: Age=14.8s (Limit=60s)
20:45:12 [DEBUG] [x10] Subscribed to publicTrades/MNT/USD
20:45:12 [DEBUG] [x10] Subscribed to publicTrades/MKR/USD
20:45:12 [DEBUG] [x10] Subscribed to funding/XRP/USD
20:45:12 [DEBUG] [x10] Subscribed to publicTrades/XAG/USD
20:45:12 [DEBUG] [x10] Subscribed to funding/XPL/USD
20:45:12 [DEBUG] [x10] Subscribed to funding/ONDO/USD
20:45:13 [DEBUG] [x10] Subscribed to publicTrades/APT/USD
20:45:13 [DEBUG] [x10] Subscribed to publicTrades/XPL/USD
20:45:13 [DEBUG] [x10] Subscribed to funding/LDO/USD
20:45:13 [DEBUG] [x10] Subscribed to funding/SOL/USD
20:45:13 [DEBUG] [x10] Subscribed to publicTrades/HYPE/USD
20:45:13 [DEBUG] Using cached positions (age: 4.5s)
20:45:13 [INFO] 🔍 DEBUG BERA-USD: entry_time type=<class 'str'>, value=2025-11-30T19:45:01.249442+00:00
20:45:13 [DEBUG] Check BERA-USD: Age=12.2s (Limit=60s)
20:45:13 [INFO] 🔍 DEBUG APEX-USD: entry_time type=<class 'str'>, value=2025-11-30T19:45:00.427944+00:00
20:45:13 [DEBUG] Check APEX-USD: Age=13.1s (Limit=60s)
20:45:13 [INFO] 🔍 DEBUG WLD-USD: entry_time type=<class 'str'>, value=2025-11-30T19:44:57.653134+00:00
20:45:13 [DEBUG] Check WLD-USD: Age=15.8s (Limit=60s)
20:45:13 [DEBUG] [x10] Subscribed to publicTrades/EIGEN/USD
20:45:13 [DEBUG] [x10] Subscribed to funding/TIA/USD
20:45:13 [DEBUG] [x10] Subscribed to funding/AAVE/USD
20:45:13 [DEBUG] [x10] Subscribed to funding/KAITO/USD
20:45:13 [DEBUG] [x10] Subscribed to funding/1000BONK/USD
20:45:13 [DEBUG] MAX_OPEN_TRADES (3) reached, waiting...
20:45:14 [DEBUG] [x10] Subscribed to publicTrades/AVAX/USD
20:45:14 [DEBUG] [x10] Subscribed to funding/STRK/USD
20:45:14 [DEBUG] ✅ TIA-USD: X10=$366,868, Lighter=$2,141,708, Total=$2,508,576
20:45:14 [DEBUG] [x10] Subscribed to publicTrades/PENDLE/USD
20:45:14 [DEBUG] [x10] Subscribed to funding/CRV/USD
20:45:14 [DEBUG] [x10] Subscribed to publicTrades/ARB/USD
20:45:14 [DEBUG] Fetching fresh positions (force=False, cache_age=5.5s)
20:45:14 [DEBUG] Sending GET https://api.starknet.extended.exchange/api/v1/user/positions?
20:45:14 [DEBUG] [x10] Subscribed to funding/PENGU/USD
20:45:14 [DEBUG] [x10] Subscribed to funding/LTC/USD
20:45:14 [DEBUG] [x10] Subscribed to funding/MEGA/USD
20:45:14 [DEBUG] [x10] Subscribed to funding/DOT/USD
20:45:14 [DEBUG] [x10] Subscribed to publicTrades/MEGA/USD
20:45:14 [INFO] Lighter: Found 3 open positions
20:45:14 [INFO] 📊 Positions: X10=3, Lighter=3
20:45:14 [DEBUG] X10 positions: ['WLD-USD', 'APEX-USD', 'BERA-USD']
20:45:14 [DEBUG] Lighter positions: ['WLD-USD', 'BERA-USD', 'APEX-USD']
20:45:14 [INFO] 🔍 DEBUG BERA-USD: entry_time type=<class 'str'>, value=2025-11-30T19:45:01.249442+00:00
20:45:14 [DEBUG] Check BERA-USD: Age=13.7s (Limit=60s)
20:45:14 [INFO] 🔍 DEBUG APEX-USD: entry_time type=<class 'str'>, value=2025-11-30T19:45:00.427944+00:00
20:45:14 [DEBUG] Check APEX-USD: Age=14.5s (Limit=60s)
20:45:14 [INFO] 🔍 DEBUG WLD-USD: entry_time type=<class 'str'>, value=2025-11-30T19:44:57.653134+00:00
20:45:14 [DEBUG] Check WLD-USD: Age=17.3s (Limit=60s)
20:45:14 [DEBUG] [x10] Subscribed to publicTrades/JUP/USD
20:45:15 [DEBUG] [x10] Subscribed to funding/HYPE/USD
20:45:15 [DEBUG] [x10] Subscribed to publicTrades/GRASS/USD
20:45:15 [DEBUG] [x10] Subscribed to funding/MNT/USD
20:45:15 [DEBUG] [x10] Subscribed to funding/EDEN/USD
20:45:15 [DEBUG] [x10] Subscribed to publicTrades/PENGU/USD
20:45:15 [DEBUG] [x10] Subscribed to funding/BERA/USD
20:45:15 [DEBUG] [x10] Subscribed to publicTrades/DOT/USD
20:45:15 [DEBUG] [x10] Subscribed to funding/EIGEN/USD
20:45:15 [DEBUG] [x10] Subscribed to funding/ADA/USD
20:45:15 [DEBUG] [x10] Subscribed to funding/UNI/USD
20:45:15 [DEBUG] Using cached positions (age: 1.5s)
20:45:15 [INFO] 🔍 DEBUG BERA-USD: entry_time type=<class 'str'>, value=2025-11-30T19:45:01.249442+00:00
20:45:15 [DEBUG] Check BERA-USD: Age=14.7s (Limit=60s)
20:45:15 [INFO] 🔍 DEBUG APEX-USD: entry_time type=<class 'str'>, value=2025-11-30T19:45:00.427944+00:00
20:45:15 [DEBUG] Check APEX-USD: Age=15.5s (Limit=60s)
20:45:15 [INFO] 🔍 DEBUG WLD-USD: entry_time type=<class 'str'>, value=2025-11-30T19:44:57.653134+00:00
20:45:15 [DEBUG] Check WLD-USD: Age=18.3s (Limit=60s)
20:45:15 [DEBUG] [x10] Subscribed to publicTrades/PUMP/USD
20:45:16 [DEBUG] [x10] Subscribed to publicTrades/ONDO/USD
20:45:16 [DEBUG] [x10] Subscribed to publicTrades/1000BONK/USD
20:45:16 [DEBUG] [x10] Subscribed to publicTrades/ZEC/USD
20:45:16 [DEBUG] [x10] Subscribed to funding/LINK/USD
20:45:16 [DEBUG] [x10] Subscribed to funding/WLFI/USD
20:45:16 [DEBUG] [x10] Subscribed to funding/POPCAT/USD
20:45:16 [DEBUG] [x10] Subscribed to funding/FARTCOIN/USD
20:45:16 [DEBUG] [x10] Subscribed to funding/XAG/USD
20:45:16 [DEBUG] [x10] Subscribed to funding/SPX/USD
20:45:16 [DEBUG] Using cached positions (age: 2.5s)
20:45:16 [INFO] 🔍 DEBUG BERA-USD: entry_time type=<class 'str'>, value=2025-11-30T19:45:01.249442+00:00
20:45:16 [DEBUG] Check BERA-USD: Age=15.7s (Limit=60s)
20:45:16 [INFO] 🔍 DEBUG APEX-USD: entry_time type=<class 'str'>, value=2025-11-30T19:45:00.427944+00:00
20:45:16 [DEBUG] Check APEX-USD: Age=16.5s (Limit=60s)
20:45:16 [INFO] 🔍 DEBUG WLD-USD: entry_time type=<class 'str'>, value=2025-11-30T19:44:57.653134+00:00
20:45:16 [DEBUG] Check WLD-USD: Age=19.3s (Limit=60s)
20:45:16 [DEBUG] MAX_OPEN_TRADES (3) reached, waiting...
20:45:16 [DEBUG] [x10] Subscribed to publicTrades/MON/USD
20:45:17 [DEBUG] [x10] Subscribed to funding/1000PEPE/USD
20:45:17 [DEBUG] [x10] Subscribed to funding/USDJPY/USD
20:45:17 [DEBUG] [x10] Subscribed to publicTrades/CRV/USD
20:45:17 [DEBUG] [x10] Subscribed to publicTrades/EDEN/USD
20:45:17 [DEBUG] [x10] Subscribed to publicTrades/VIRTUAL/USD
20:45:17 [DEBUG] [x10] Subscribed to publicTrades/WIF/USD
20:45:17 [DEBUG] [x10] Subscribed to publicTrades/BERA/USD
20:45:17 [DEBUG] [x10] Subscribed to publicTrades/WLFI/USD
20:45:17 [DEBUG] [x10] Subscribed to publicTrades/SPX/USD
20:45:17 [DEBUG] [x10] Subscribed to publicTrades/ETH/USD
20:45:17 [DEBUG] ✅ SEI-USD: X10=$187,018, Lighter=$8,835,440, Total=$9,022,457
20:45:17 [DEBUG] Using cached positions (age: 3.5s)
20:45:17 [INFO] 🔍 DEBUG BERA-USD: entry_time type=<class 'str'>, value=2025-11-30T19:45:01.249442+00:00
20:45:17 [DEBUG] Check BERA-USD: Age=16.7s (Limit=60s)
20:45:17 [INFO] 🔍 DEBUG APEX-USD: entry_time type=<class 'str'>, value=2025-11-30T19:45:00.427944+00:00
20:45:17 [DEBUG] Check APEX-USD: Age=17.5s (Limit=60s)
20:45:17 [INFO] 🔍 DEBUG WLD-USD: entry_time type=<class 'str'>, value=2025-11-30T19:44:57.653134+00:00
20:45:17 [DEBUG] Check WLD-USD: Age=20.3s (Limit=60s)
20:45:17 [DEBUG] [x10] Subscribed to funding/APEX/USD
20:45:18 [DEBUG] [x10] Subscribed to publicTrades/UNI/USD
20:45:18 [DEBUG] [x10] Subscribed to funding/1000SHIB/USD
20:45:18 [DEBUG] [x10] Subscribed to funding/AVNT/USD
20:45:18 [DEBUG] [x10] Subscribed to publicTrades/BNB/USD
20:45:18 [DEBUG] [x10] Subscribed to publicTrades/AAVE/USD
20:45:18 [DEBUG] [x10] Subscribed to publicTrades/1000PEPE/USD
20:45:18 [DEBUG] [x10] Subscribed to publicTrades/USDJPY/USD
20:45:18 [DEBUG] [x10] Subscribed to publicTrades/ZRO/USD
20:45:18 [DEBUG] [x10] Subscribed to publicTrades/IP/USD
20:45:18 [DEBUG] [x10] Subscribed to funding/BTC/USD
20:45:18 [DEBUG] Using cached positions (age: 4.5s)
20:45:18 [INFO] 🔍 DEBUG BERA-USD: entry_time type=<class 'str'>, value=2025-11-30T19:45:01.249442+00:00
20:45:18 [DEBUG] Check BERA-USD: Age=17.7s (Limit=60s)
20:45:18 [INFO] 🔍 DEBUG APEX-USD: entry_time type=<class 'str'>, value=2025-11-30T19:45:00.427944+00:00
20:45:18 [DEBUG] Check APEX-USD: Age=18.5s (Limit=60s)
20:45:18 [INFO] 🔍 DEBUG WLD-USD: entry_time type=<class 'str'>, value=2025-11-30T19:44:57.653134+00:00
20:45:18 [DEBUG] Check WLD-USD: Age=21.3s (Limit=60s)
20:45:18 [DEBUG] [x10] Subscribed to publicTrades/TON/USD
20:45:19 [DEBUG] [x10] Subscribed to funding/TRX/USD
20:45:19 [DEBUG] [x10] Subscribed to publicTrades/SUI/USD
20:45:19 [DEBUG] [x10] Subscribed to publicTrades/WLD/USD
20:45:19 [DEBUG] [x10] Subscribed to publicTrades/TRUMP/USD
20:45:19 [DEBUG] [x10] Subscribed to funding/ASTER/USD
20:45:19 [DEBUG] [x10] Subscribed to funding/IP/USD
20:45:19 [DEBUG] [x10] Subscribed to funding/PUMP/USD
20:45:19 [DEBUG] [x10] Subscribed to funding/TAO/USD
20:45:19 [DEBUG] [x10] Subscribed to funding/JUP/USD
20:45:19 [DEBUG] Fetching fresh positions (force=False, cache_age=5.5s)
20:45:19 [DEBUG] MAX_OPEN_TRADES (3) reached, waiting...
20:45:19 [DEBUG] Sending GET https://api.starknet.extended.exchange/api/v1/user/positions?
20:45:19 [DEBUG] [x10] Subscribed to funding/VIRTUAL/USD
20:45:20 [DEBUG] [x10] Subscribed to funding/BCH/USD
20:45:20 [DEBUG] [x10] Subscribed to publicTrades/STRK/USD
20:45:20 [DEBUG] [x10] Subscribed to publicTrades/AVNT/USD
20:45:20 [DEBUG] [x10] Subscribed to publicTrades/TAO/USD
20:45:20 [INFO] Lighter: Found 3 open positions
20:45:20 [INFO] 📊 Positions: X10=3, Lighter=3
20:45:20 [DEBUG] X10 positions: ['WLD-USD', 'APEX-USD', 'BERA-USD']
20:45:20 [DEBUG] Lighter positions: ['WLD-USD', 'BERA-USD', 'APEX-USD']
20:45:20 [INFO] 🔍 DEBUG BERA-USD: entry_time type=<class 'str'>, value=2025-11-30T19:45:01.249442+00:00
20:45:20 [DEBUG] Check BERA-USD: Age=19.1s (Limit=60s)
20:45:20 [INFO] 🔍 DEBUG APEX-USD: entry_time type=<class 'str'>, value=2025-11-30T19:45:00.427944+00:00
20:45:20 [DEBUG] Check APEX-USD: Age=19.9s (Limit=60s)
20:45:20 [INFO] 🔍 DEBUG WLD-USD: entry_time type=<class 'str'>, value=2025-11-30T19:44:57.653134+00:00
20:45:20 [DEBUG] Check WLD-USD: Age=22.7s (Limit=60s)
20:45:20 [DEBUG] [x10] Subscribed to publicTrades/SEI/USD
20:45:20 [DEBUG] [x10] Subscribed to funding/ZORA/USD
20:45:20 [DEBUG] [x10] Subscribed to publicTrades/BTC/USD
20:45:20 [DEBUG] [x10] Subscribed to publicTrades/LINK/USD
20:45:20 [DEBUG] [x10] Subscribed to funding/NEAR/USD
20:45:20 [DEBUG] [x10] Subscribed to publicTrades/OP/USD
20:45:20 [DEBUG] [x10] Subscribed to funding/FIL/USD
20:45:21 [DEBUG] [x10] Subscribed to funding/MKR/USD
20:45:21 [DEBUG] [x10] Subscribed to publicTrades/POPCAT/USD
20:45:21 [DEBUG] [x10] Subscribed to publicTrades/ADA/USD
20:45:21 [DEBUG] [x10] Subscribed to publicTrades/XRP/USD
20:45:21 [DEBUG] Using cached positions (age: 1.4s)
20:45:21 [INFO] 🔍 DEBUG BERA-USD: entry_time type=<class 'str'>, value=2025-11-30T19:45:01.249442+00:00
20:45:21 [DEBUG] Check BERA-USD: Age=20.1s (Limit=60s)
20:45:21 [INFO] 🔍 DEBUG APEX-USD: entry_time type=<class 'str'>, value=2025-11-30T19:45:00.427944+00:00
20:45:21 [DEBUG] Check APEX-USD: Age=20.9s (Limit=60s)
20:45:21 [INFO] 🔍 DEBUG WLD-USD: entry_time type=<class 'str'>, value=2025-11-30T19:44:57.653134+00:00
20:45:21 [DEBUG] Check WLD-USD: Age=23.7s (Limit=60s)
20:45:21 [DEBUG] [x10] Subscribed to publicTrades/LDO/USD
20:45:21 [DEBUG] [x10] Subscribed to publicTrades/APEX/USD
20:45:21 [DEBUG] [x10] Subscribed to funding/ENA/USD
20:45:21 [DEBUG] ✅ WIF-USD: X10=$270,552, Lighter=$2,954,496, Total=$3,225,048
20:45:21 [DEBUG] [x10] Subscribed to publicTrades/XAU/USD
20:45:21 [DEBUG] [x10] Subscribed to funding/XAU/USD
20:45:21 [DEBUG] [x10] Subscribed to publicTrades/SOL/USD
20:45:22 [DEBUG] [x10] Subscribed to funding/TON/USD
20:45:22 [DEBUG] [x10] Subscribed to funding/PENDLE/USD
20:45:22 [DEBUG] 🐕 Watchdog OK: Daten-Alter 2.3s
20:45:22 [DEBUG] [x10] Subscribed to publicTrades/ASTER/USD
20:45:22 [DEBUG] [x10] Subscribed to funding/RESOLV/USD
20:45:22 [DEBUG] Using cached positions (age: 2.4s)
20:45:22 [INFO] 🔍 DEBUG BERA-USD: entry_time type=<class 'str'>, value=2025-11-30T19:45:01.249442+00:00
20:45:22 [DEBUG] Check BERA-USD: Age=21.1s (Limit=60s)
20:45:22 [INFO] 🔍 DEBUG APEX-USD: entry_time type=<class 'str'>, value=2025-11-30T19:45:00.427944+00:00
20:45:22 [DEBUG] Check APEX-USD: Age=21.9s (Limit=60s)
20:45:22 [INFO] 🔍 DEBUG WLD-USD: entry_time type=<class 'str'>, value=2025-11-30T19:44:57.653134+00:00
20:45:22 [DEBUG] Check WLD-USD: Age=24.7s (Limit=60s)
20:45:22 [DEBUG] [x10] Subscribed to publicTrades/LINEA/USD
20:45:22 [DEBUG] MAX_OPEN_TRADES (3) reached, waiting...
20:45:23 [DEBUG] Using cached positions (age: 3.4s)
20:45:23 [INFO] 🔍 DEBUG BERA-USD: entry_time type=<class 'str'>, value=2025-11-30T19:45:01.249442+00:00
20:45:23 [DEBUG] Check BERA-USD: Age=22.1s (Limit=60s)
20:45:23 [INFO] 🔍 DEBUG APEX-USD: entry_time type=<class 'str'>, value=2025-11-30T19:45:00.427944+00:00
20:45:23 [DEBUG] Check APEX-USD: Age=22.9s (Limit=60s)
20:45:23 [INFO] 🔍 DEBUG WLD-USD: entry_time type=<class 'str'>, value=2025-11-30T19:44:57.653134+00:00
20:45:23 [DEBUG] Check WLD-USD: Age=25.7s (Limit=60s)
20:45:24 [DEBUG] Using cached positions (age: 4.4s)
20:45:24 [INFO] 🔍 DEBUG BERA-USD: entry_time type=<class 'str'>, value=2025-11-30T19:45:01.249442+00:00
20:45:24 [DEBUG] Check BERA-USD: Age=23.1s (Limit=60s)
20:45:24 [INFO] 🔍 DEBUG APEX-USD: entry_time type=<class 'str'>, value=2025-11-30T19:45:00.427944+00:00
20:45:24 [DEBUG] Check APEX-USD: Age=23.9s (Limit=60s)
20:45:24 [INFO] 🔍 DEBUG WLD-USD: entry_time type=<class 'str'>, value=2025-11-30T19:44:57.653134+00:00
20:45:24 [DEBUG] Check WLD-USD: Age=26.7s (Limit=60s)
20:45:25 [DEBUG] Fetching fresh positions (force=False, cache_age=5.4s)
20:45:25 [DEBUG] Sending GET https://api.starknet.extended.exchange/api/v1/user/positions?
20:45:25 [INFO] Lighter: Found 3 open positions
20:45:25 [INFO] 📊 Positions: X10=3, Lighter=3
20:45:25 [DEBUG] X10 positions: ['WLD-USD', 'APEX-USD', 'BERA-USD']
20:45:25 [DEBUG] Lighter positions: ['WLD-USD', 'BERA-USD', 'APEX-USD']
20:45:25 [INFO] 🔍 DEBUG BERA-USD: entry_time type=<class 'str'>, value=2025-11-30T19:45:01.249442+00:00
20:45:25 [DEBUG] Check BERA-USD: Age=24.5s (Limit=60s)
20:45:25 [INFO] 🔍 DEBUG APEX-USD: entry_time type=<class 'str'>, value=2025-11-30T19:45:00.427944+00:00
20:45:25 [DEBUG] Check APEX-USD: Age=25.4s (Limit=60s)
20:45:25 [INFO] 🔍 DEBUG WLD-USD: entry_time type=<class 'str'>, value=2025-11-30T19:44:57.653134+00:00
20:45:25 [DEBUG] Check WLD-USD: Age=28.1s (Limit=60s)
20:45:25 [DEBUG] MAX_OPEN_TRADES (3) reached, waiting...
20:45:26 [DEBUG] 💓 [lighter] Ping/Pong OK
20:45:26 [DEBUG] Using cached positions (age: 1.5s)
20:45:26 [INFO] 🔍 DEBUG BERA-USD: entry_time type=<class 'str'>, value=2025-11-30T19:45:01.249442+00:00
20:45:26 [DEBUG] Check BERA-USD: Age=25.5s (Limit=60s)
20:45:26 [INFO] 🔍 DEBUG APEX-USD: entry_time type=<class 'str'>, value=2025-11-30T19:45:00.427944+00:00
20:45:26 [DEBUG] Check APEX-USD: Age=26.4s (Limit=60s)
20:45:26 [INFO] 🔍 DEBUG WLD-USD: entry_time type=<class 'str'>, value=2025-11-30T19:44:57.653134+00:00
20:45:26 [DEBUG] Check WLD-USD: Age=29.1s (Limit=60s)
20:45:27 [DEBUG] ✅ AVNT-USD: X10=$185,107, Lighter=$1,852,714, Total=$2,037,821
20:45:27 [DEBUG] Using cached positions (age: 2.5s)
20:45:27 [INFO] 🔍 DEBUG BERA-USD: entry_time type=<class 'str'>, value=2025-11-30T19:45:01.249442+00:00
20:45:27 [DEBUG] Check BERA-USD: Age=26.5s (Limit=60s)
20:45:27 [INFO] 🔍 DEBUG APEX-USD: entry_time type=<class 'str'>, value=2025-11-30T19:45:00.427944+00:00
20:45:27 [DEBUG] Check APEX-USD: Age=27.4s (Limit=60s)
20:45:27 [INFO] 🔍 DEBUG WLD-USD: entry_time type=<class 'str'>, value=2025-11-30T19:44:57.653134+00:00
20:45:27 [DEBUG] Check WLD-USD: Age=30.1s (Limit=60s)
20:45:28 [DEBUG] Using cached positions (age: 3.5s)
20:45:28 [INFO] 🔍 DEBUG BERA-USD: entry_time type=<class 'str'>, value=2025-11-30T19:45:01.249442+00:00
20:45:28 [DEBUG] Check BERA-USD: Age=27.5s (Limit=60s)
20:45:28 [INFO] 🔍 DEBUG APEX-USD: entry_time type=<class 'str'>, value=2025-11-30T19:45:00.427944+00:00
20:45:28 [DEBUG] Check APEX-USD: Age=28.4s (Limit=60s)
20:45:28 [INFO] 🔍 DEBUG WLD-USD: entry_time type=<class 'str'>, value=2025-11-30T19:44:57.653134+00:00
20:45:28 [DEBUG] Check WLD-USD: Age=31.1s (Limit=60s)
20:45:28 [DEBUG] MAX_OPEN_TRADES (3) reached, waiting...
20:45:29 [DEBUG] Using cached positions (age: 4.5s)
20:45:29 [INFO] 🔍 DEBUG BERA-USD: entry_time type=<class 'str'>, value=2025-11-30T19:45:01.249442+00:00
20:45:29 [DEBUG] Check BERA-USD: Age=28.5s (Limit=60s)
20:45:29 [INFO] 🔍 DEBUG APEX-USD: entry_time type=<class 'str'>, value=2025-11-30T19:45:00.427944+00:00
20:45:29 [DEBUG] Check APEX-USD: Age=29.4s (Limit=60s)
20:45:29 [INFO] 🔍 DEBUG WLD-USD: entry_time type=<class 'str'>, value=2025-11-30T19:44:57.653134+00:00
20:45:29 [DEBUG] Check WLD-USD: Age=32.1s (Limit=60s)
20:45:30 [WARNING] [x10] Connection closed: 1011 Ping timeout
20:45:30 [ERROR] [x10] Send error: received 1011 (internal error) Ping timeout; then sent 1011 (internal error) Ping timeout
20:45:30 [DEBUG] 💓 [x10] App-Ping sent
20:45:30 [INFO] 🔄 [x10] Reconnecting in 1.0s (attempt 1)
20:45:30 [DEBUG] Fetching fresh positions (force=False, cache_age=5.5s)
20:45:30 [DEBUG] Sending GET https://api.starknet.extended.exchange/api/v1/user/positions?
20:45:31 [DEBUG] ✅ 1000SHIB-USD: X10=$151,241, Lighter=$170,673,658, Total=$170,824,899
20:45:31 [INFO] Lighter: Found 3 open positions
20:45:31 [INFO] 📊 Positions: X10=3, Lighter=3
20:45:31 [DEBUG] X10 positions: ['WLD-USD', 'APEX-USD', 'BERA-USD']
20:45:31 [DEBUG] Lighter positions: ['WLD-USD', 'BERA-USD', 'APEX-USD']
20:45:31 [INFO] 🔍 DEBUG BERA-USD: entry_time type=<class 'str'>, value=2025-11-30T19:45:01.249442+00:00
20:45:31 [DEBUG] Check BERA-USD: Age=30.0s (Limit=60s)
20:45:31 [INFO] 🔍 DEBUG APEX-USD: entry_time type=<class 'str'>, value=2025-11-30T19:45:00.427944+00:00
20:45:31 [DEBUG] Check APEX-USD: Age=30.8s (Limit=60s)
20:45:31 [INFO] 🔍 DEBUG WLD-USD: entry_time type=<class 'str'>, value=2025-11-30T19:44:57.653134+00:00
20:45:31 [DEBUG] Check WLD-USD: Age=33.6s (Limit=60s)
20:45:31 [DEBUG] MAX_OPEN_TRADES (3) reached, waiting...
20:45:32 [DEBUG] Using cached positions (age: 1.4s)
20:45:32 [INFO] 🔍 DEBUG BERA-USD: entry_time type=<class 'str'>, value=2025-11-30T19:45:01.249442+00:00
20:45:32 [DEBUG] Check BERA-USD: Age=31.0s (Limit=60s)
20:45:32 [INFO] 🚜 [FARM] Profit Take BERA-USD: Age=30s, Spread=0.014% (sehr niedrig), PnL=$0.00
20:45:32 [INFO]  💸 EXIT BERA-USD: FARM_QUICK_PROFIT | PnL $0.00 (Fees: $0.00)
20:45:32 [INFO]  🔻 CLOSING BERA-USD (Atomic Smart Close)...
20:45:32 [INFO] ✅ [x10] Connected to wss://api.starknet.extended.exchange/stream.extended.exchange/v1/account
20:45:32 [DEBUG] [x10] Subscribed to funding/ZRO/USD
20:45:32 [DEBUG] [x10] Subscribed to funding/SUI/USD
20:45:32 [DEBUG] [x10] Subscribed to funding/LINEA/USD
20:45:32 [DEBUG] [x10] Subscribed to funding/AVAX/USD
20:45:32 [DEBUG] [x10] Subscribed to funding/ARB/USD
20:45:32 [INFO] Lighter: Found 3 open positions
20:45:32 [ERROR] ❌ Lighter close failed for BERA-USD: '<' not supported between instances of 'float' and 'str'
20:45:32 [ERROR] ❌ ABBRUCH: Lighter close für BERA-USD fehlgeschlagen!
20:45:32 [ERROR] ⚠️ X10 wird NICHT geschlossen - MANUELLE INTERVENTION ERFORDERLICH!
20:45:32 [INFO] 🔍 DEBUG APEX-USD: entry_time type=<class 'str'>, value=2025-11-30T19:45:00.427944+00:00
20:45:32 [DEBUG] Check APEX-USD: Age=32.2s (Limit=60s)
20:45:32 [INFO] 🔍 DEBUG WLD-USD: entry_time type=<class 'str'>, value=2025-11-30T19:44:57.653134+00:00
20:45:32 [DEBUG] Check WLD-USD: Age=35.0s (Limit=60s)
20:45:32 [DEBUG] [x10] Subscribed to publicTrades/FARTCOIN/USD
20:45:32 [DEBUG] [x10] Subscribed to funding/OP/USD
20:45:32 [DEBUG] [x10] Subscribed to funding/BNB/USD
20:45:33 [DEBUG] [x10] Subscribed to publicTrades/ZORA/USD
20:45:33 [DEBUG] [x10] Subscribed to funding/ETH/USD
20:45:33 [DEBUG] [x10] Subscribed to publicTrades/BCH/USD
20:45:33 [DEBUG] [x10] Subscribed to publicTrades/NEAR/USD
20:45:33 [DEBUG] [x10] Subscribed to publicTrades/FIL/USD
20:45:33 [INFO] 🚜 Farm Mode ACTIVE
20:45:33 [DEBUG] [x10] Subscribed to publicTrades/ENA/USD
20:45:33 [DEBUG] [x10] Subscribed to funding/GRASS/USD
20:45:33 [DEBUG] Using cached positions (age: 2.9s)
20:45:33 [INFO] 🔍 DEBUG BERA-USD: entry_time type=<class 'str'>, value=2025-11-30T19:45:01.249442+00:00
20:45:33 [DEBUG] Check BERA-USD: Age=32.4s (Limit=60s)
20:45:33 [INFO] 🚜 [FARM] Profit Take BERA-USD: Age=32s, Spread=0.014% (sehr niedrig), PnL=$0.00
20:45:33 [INFO]  💸 EXIT BERA-USD: FARM_QUICK_PROFIT | PnL $0.00 (Fees: $0.00)
20:45:33 [INFO]  🔻 CLOSING BERA-USD (Atomic Smart Close)...
20:45:33 [DEBUG] [x10] Subscribed to publicTrades/TIA/USD
20:45:33 [DEBUG] [x10] Subscribed to publicTrades/DOGE/USD
20:45:33 [DEBUG] [x10] Subscribed to publicTrades/AERO/USD
20:45:33 [DEBUG] [x10] Subscribed to funding/AERO/USD
20:45:34 [DEBUG] [x10] Subscribed to funding/ZEC/USD
20:45:34 [INFO] Lighter: Found 3 open positions
20:45:34 [ERROR] ❌ Lighter close failed for BERA-USD: '<' not supported between instances of 'float' and 'str'
20:45:34 [ERROR] ❌ ABBRUCH: Lighter close für BERA-USD fehlgeschlagen!
20:45:34 [ERROR] ⚠️ X10 wird NICHT geschlossen - MANUELLE INTERVENTION ERFORDERLICH!
20:45:34 [INFO] 🔍 DEBUG APEX-USD: entry_time type=<class 'str'>, value=2025-11-30T19:45:00.427944+00:00
20:45:34 [DEBUG] Check APEX-USD: Age=33.7s (Limit=60s)
20:45:34 [INFO] 🔍 DEBUG WLD-USD: entry_time type=<class 'str'>, value=2025-11-30T19:44:57.653134+00:00
20:45:34 [DEBUG] Check WLD-USD: Age=36.5s (Limit=60s)
20:45:34 [DEBUG] [x10] Subscribed to publicTrades/KAITO/USD
20:45:34 [DEBUG] [x10] Subscribed to funding/S/USD
20:45:34 [DEBUG] [x10] Subscribed to funding/TRUMP/USD
20:45:34 [DEBUG] [x10] Subscribed to funding/SEI/USD
20:45:34 [DEBUG] [x10] Subscribed to funding/WLD/USD
20:45:34 [DEBUG] [x10] Subscribed to publicTrades/1000SHIB/USD
20:45:34 [DEBUG] [x10] Subscribed to funding/DOGE/USD
20:45:34 [DEBUG] [x10] Subscribed to funding/WIF/USD
20:45:34 [DEBUG] ✅ XRP-USD: X10=$367,953, Lighter=$5,080,707, Total=$5,448,660
20:45:34 [DEBUG] MAX_OPEN_TRADES (3) reached, waiting...
20:45:34 [DEBUG] [x10] Subscribed to publicTrades/TRX/USD
20:45:35 [DEBUG] [x10] Subscribed to publicTrades/RESOLV/USD
20:45:35 [DEBUG] Using cached positions (age: 4.3s)
20:45:35 [INFO] 🔍 DEBUG BERA-USD: entry_time type=<class 'str'>, value=2025-11-30T19:45:01.249442+00:00
20:45:35 [DEBUG] Check BERA-USD: Age=33.9s (Limit=60s)
20:45:35 [INFO] 🚜 [FARM] Profit Take BERA-USD: Age=33s, Spread=0.014% (sehr niedrig), PnL=$0.00
20:45:35 [INFO]  💸 EXIT BERA-USD: FARM_QUICK_PROFIT | PnL $0.00 (Fees: $0.00)
20:45:35 [INFO]  🔻 CLOSING BERA-USD (Atomic Smart Close)...
20:45:35 [DEBUG] [x10] Subscribed to publicTrades/S/USD
20:45:35 [DEBUG] [x10] Subscribed to funding/MON/USD
20:45:35 [DEBUG] [x10] Subscribed to funding/APT/USD
20:45:35 [DEBUG] [x10] Subscribed to publicTrades/LTC/USD
20:45:35 [DEBUG] [x10] Subscribed to publicTrades/MNT/USD
20:45:35 [INFO] Lighter: Found 3 open positions
20:45:35 [ERROR] ❌ Lighter close failed for BERA-USD: '<' not supported between instances of 'float' and 'str'
20:45:35 [ERROR] ❌ ABBRUCH: Lighter close für BERA-USD fehlgeschlagen!
20:45:35 [ERROR] ⚠️ X10 wird NICHT geschlossen - MANUELLE INTERVENTION ERFORDERLICH!
20:45:35 [INFO] 🔍 DEBUG APEX-USD: entry_time type=<class 'str'>, value=2025-11-30T19:45:00.427944+00:00
20:45:35 [DEBUG] Check APEX-USD: Age=35.1s (Limit=60s)
20:45:35 [INFO] 🔍 DEBUG WLD-USD: entry_time type=<class 'str'>, value=2025-11-30T19:44:57.653134+00:00
20:45:35 [DEBUG] Check WLD-USD: Age=37.9s (Limit=60s)
20:45:35 [DEBUG] [x10] Subscribed to publicTrades/MKR/USD
20:45:35 [DEBUG] [x10] Subscribed to funding/XRP/USD
20:45:35 [DEBUG] [x10] Subscribed to publicTrades/XAG/USD
20:45:35 [DEBUG] [x10] Subscribed to funding/XPL/USD
20:45:35 [DEBUG] [x10] Subscribed to funding/ONDO/USD
20:45:36 [DEBUG] [x10] Subscribed to publicTrades/APT/USD
20:45:36 [DEBUG] [x10] Subscribed to publicTrades/XPL/USD
20:45:36 [DEBUG] [x10] Subscribed to funding/LDO/USD
20:45:36 [DEBUG] [x10] Subscribed to funding/SOL/USD
20:45:36 [DEBUG] [x10] Subscribed to publicTrades/HYPE/USD
20:45:36 [DEBUG] [x10] Subscribed to publicTrades/EIGEN/USD
20:45:36 [DEBUG] Fetching fresh positions (force=False, cache_age=5.8s)
20:45:36 [DEBUG] Sending GET https://api.starknet.extended.exchange/api/v1/user/positions?
20:45:36 [DEBUG] [x10] Subscribed to funding/TIA/USD
20:45:36 [DEBUG] [x10] Subscribed to funding/AAVE/USD
20:45:36 [DEBUG] [x10] Subscribed to funding/KAITO/USD
20:45:36 [DEBUG] [x10] Subscribed to funding/1000BONK/USD
20:45:36 [INFO] Lighter: Found 3 open positions
20:45:36 [INFO] 📊 Positions: X10=3, Lighter=3
20:45:36 [DEBUG] X10 positions: ['WLD-USD', 'APEX-USD', 'BERA-USD']
20:45:36 [DEBUG] Lighter positions: ['WLD-USD', 'BERA-USD', 'APEX-USD']
20:45:36 [INFO] 🔍 DEBUG BERA-USD: entry_time type=<class 'str'>, value=2025-11-30T19:45:01.249442+00:00
20:45:36 [DEBUG] Check BERA-USD: Age=35.7s (Limit=60s)
20:45:36 [INFO] 🚜 [FARM] Profit Take BERA-USD: Age=35s, Spread=0.014% (sehr niedrig), PnL=$0.00
20:45:36 [INFO]  💸 EXIT BERA-USD: FARM_QUICK_PROFIT | PnL $0.00 (Fees: $0.00)
20:45:36 [INFO]  🔻 CLOSING BERA-USD (Atomic Smart Close)...
20:45:36 [DEBUG] [x10] Subscribed to publicTrades/AVAX/USD
20:45:37 [DEBUG] [x10] Subscribed to funding/STRK/USD
20:45:37 [DEBUG] [x10] Subscribed to publicTrades/PENDLE/USD
20:45:37 [DEBUG] [x10] Subscribed to funding/CRV/USD
20:45:37 [DEBUG] [x10] Subscribed to publicTrades/ARB/USD
20:45:37 [INFO] Lighter: Found 3 open positions
20:45:37 [ERROR] ❌ Lighter close failed for BERA-USD: '<' not supported between instances of 'float' and 'str'
20:45:37 [ERROR] ❌ ABBRUCH: Lighter close für BERA-USD fehlgeschlagen!
20:45:37 [ERROR] ⚠️ X10 wird NICHT geschlossen - MANUELLE INTERVENTION ERFORDERLICH!
20:45:37 [INFO] 🔍 DEBUG APEX-USD: entry_time type=<class 'str'>, value=2025-11-30T19:45:00.427944+00:00
20:45:37 [DEBUG] Check APEX-USD: Age=37.0s (Limit=60s)
20:45:37 [INFO] 🔍 DEBUG WLD-USD: entry_time type=<class 'str'>, value=2025-11-30T19:44:57.653134+00:00
20:45:37 [DEBUG] Check WLD-USD: Age=39.8s (Limit=60s)
20:45:37 [DEBUG] [x10] Subscribed to funding/PENGU/USD
20:45:37 [DEBUG] [x10] Subscribed to funding/LTC/USD
20:45:37 [DEBUG] [x10] Subscribed to funding/MEGA/USD
20:45:37 [DEBUG] [x10] Subscribed to funding/DOT/USD
20:45:37 [DEBUG] [x10] Subscribed to publicTrades/MEGA/USD
20:45:37 [DEBUG] MAX_OPEN_TRADES (3) reached, waiting...
20:45:37 [DEBUG] [x10] Subscribed to publicTrades/JUP/USD
20:45:38 [DEBUG] [x10] Subscribed to funding/HYPE/USD
20:45:38 [DEBUG] [x10] Subscribed to publicTrades/GRASS/USD
20:45:38 [DEBUG] [x10] Subscribed to funding/MNT/USD
20:45:38 [DEBUG] [x10] Subscribed to funding/EDEN/USD
20:45:38 [DEBUG] [x10] Subscribed to publicTrades/PENGU/USD
20:45:38 [DEBUG] Using cached positions (age: 1.9s)
20:45:38 [INFO] 🔍 DEBUG BERA-USD: entry_time type=<class 'str'>, value=2025-11-30T19:45:01.249442+00:00
20:45:38 [DEBUG] Check BERA-USD: Age=37.2s (Limit=60s)
20:45:38 [INFO] 🚜 [FARM] Profit Take BERA-USD: Age=37s, Spread=0.014% (sehr niedrig), PnL=$0.00
20:45:38 [INFO]  💸 EXIT BERA-USD: FARM_QUICK_PROFIT | PnL $0.00 (Fees: $0.00)
20:45:38 [INFO]  🔻 CLOSING BERA-USD (Atomic Smart Close)...
20:45:38 [DEBUG] [x10] Subscribed to funding/BERA/USD
20:45:38 [DEBUG] [x10] Subscribed to publicTrades/DOT/USD
20:45:38 [DEBUG] ✅ LTC-USD: X10=$261,847, Lighter=$23,167, Total=$285,015
20:45:38 [DEBUG] [x10] Subscribed to funding/EIGEN/USD
20:45:38 [DEBUG] [x10] Subscribed to funding/ADA/USD
20:45:38 [INFO] Lighter: Found 3 open positions
20:45:38 [ERROR] ❌ Lighter close failed for BERA-USD: '<' not supported between instances of 'float' and 'str'
20:45:38 [ERROR] ❌ ABBRUCH: Lighter close für BERA-USD fehlgeschlagen!
20:45:38 [ERROR] ⚠️ X10 wird NICHT geschlossen - MANUELLE INTERVENTION ERFORDERLICH!
20:45:38 [INFO] 🔍 DEBUG APEX-USD: entry_time type=<class 'str'>, value=2025-11-30T19:45:00.427944+00:00
20:45:38 [DEBUG] Check APEX-USD: Age=38.4s (Limit=60s)
20:45:38 [INFO] 🔍 DEBUG WLD-USD: entry_time type=<class 'str'>, value=2025-11-30T19:44:57.653134+00:00
20:45:38 [DEBUG] Check WLD-USD: Age=41.2s (Limit=60s)
20:45:38 [DEBUG] [x10] Subscribed to funding/UNI/USD
20:45:38 [DEBUG] [x10] Subscribed to publicTrades/PUMP/USD
20:45:39 [DEBUG] [x10] Subscribed to publicTrades/ONDO/USD
20:45:39 [DEBUG] [x10] Subscribed to publicTrades/1000BONK/USD
20:45:39 [DEBUG] [x10] Subscribed to publicTrades/ZEC/USD
20:45:39 [DEBUG] [x10] Subscribed to funding/LINK/USD
20:45:39 [DEBUG] [x10] Subscribed to funding/WLFI/USD
20:45:39 [DEBUG] [x10] Subscribed to funding/POPCAT/USD
20:45:39 [DEBUG] [x10] Subscribed to funding/FARTCOIN/USD
20:45:39 [DEBUG] [x10] Subscribed to funding/XAG/USD
20:45:39 [DEBUG] [x10] Subscribed to funding/SPX/USD
20:45:39 [DEBUG] Using cached positions (age: 3.3s)
20:45:39 [INFO] 🔍 DEBUG BERA-USD: entry_time type=<class 'str'>, value=2025-11-30T19:45:01.249442+00:00
20:45:39 [DEBUG] Check BERA-USD: Age=38.6s (Limit=60s)
20:45:39 [INFO] 🚜 [FARM] Profit Take BERA-USD: Age=38s, Spread=0.009% (sehr niedrig), PnL=$0.00
20:45:39 [INFO]  💸 EXIT BERA-USD: FARM_QUICK_PROFIT | PnL $0.00 (Fees: $0.00)
20:45:39 [INFO]  🔻 CLOSING BERA-USD (Atomic Smart Close)...
20:45:39 [DEBUG] [x10] Subscribed to publicTrades/MON/USD
20:45:39 [DEBUG] [x10] Subscribed to funding/1000PEPE/USD
20:45:40 [DEBUG] [x10] Subscribed to funding/USDJPY/USD
20:45:40 [DEBUG] [x10] Subscribed to publicTrades/CRV/USD
20:45:40 [INFO] Lighter: Found 3 open positions
20:45:40 [ERROR] ❌ Lighter close failed for BERA-USD: '<' not supported between instances of 'float' and 'str'
20:45:40 [ERROR] ❌ ABBRUCH: Lighter close für BERA-USD fehlgeschlagen!
20:45:40 [ERROR] ⚠️ X10 wird NICHT geschlossen - MANUELLE INTERVENTION ERFORDERLICH!
20:45:40 [INFO] 🔍 DEBUG APEX-USD: entry_time type=<class 'str'>, value=2025-11-30T19:45:00.427944+00:00
20:45:40 [DEBUG] Check APEX-USD: Age=39.8s (Limit=60s)
20:45:40 [INFO] 🔍 DEBUG WLD-USD: entry_time type=<class 'str'>, value=2025-11-30T19:44:57.653134+00:00
20:45:40 [DEBUG] Check WLD-USD: Age=42.6s (Limit=60s)
20:45:40 [DEBUG] [x10] Subscribed to publicTrades/EDEN/USD
20:45:40 [DEBUG] [x10] Subscribed to publicTrades/VIRTUAL/USD
20:45:40 [DEBUG] [x10] Subscribed to publicTrades/WIF/USD
20:45:40 [DEBUG] [x10] Subscribed to publicTrades/BERA/USD
20:45:40 [DEBUG] [x10] Subscribed to publicTrades/WLFI/USD
20:45:40 [DEBUG] [x10] Subscribed to publicTrades/SPX/USD
20:45:40 [DEBUG] [x10] Subscribed to publicTrades/ETH/USD
20:45:40 [DEBUG] MAX_OPEN_TRADES (3) reached, waiting...
20:45:40 [DEBUG] [x10] Subscribed to funding/APEX/USD
20:45:41 [DEBUG] [x10] Subscribed to publicTrades/UNI/USD
20:45:41 [DEBUG] [x10] Subscribed to funding/1000SHIB/USD
20:45:41 [DEBUG] Using cached positions (age: 4.7s)
20:45:41 [INFO] 🔍 DEBUG BERA-USD: entry_time type=<class 'str'>, value=2025-11-30T19:45:01.249442+00:00
20:45:41 [DEBUG] Check BERA-USD: Age=40.0s (Limit=60s)
20:45:41 [INFO] 🚜 [FARM] Profit Take BERA-USD: Age=40s, Spread=0.009% (sehr niedrig), PnL=$0.00
20:45:41 [INFO]  💸 EXIT BERA-USD: FARM_QUICK_PROFIT | PnL $0.00 (Fees: $0.00)
20:45:41 [INFO]  🔻 CLOSING BERA-USD (Atomic Smart Close)...
20:45:41 [DEBUG] [x10] Subscribed to funding/AVNT/USD
20:45:41 [DEBUG] [x10] Subscribed to publicTrades/BNB/USD
20:45:41 [DEBUG] [x10] Subscribed to publicTrades/AAVE/USD
20:45:41 [DEBUG] [x10] Subscribed to publicTrades/1000PEPE/USD
20:45:41 [DEBUG] [x10] Subscribed to publicTrades/USDJPY/USD
20:45:41 [INFO] Lighter: Found 3 open positions
20:45:41 [ERROR] ❌ Lighter close failed for BERA-USD: '<' not supported between instances of 'float' and 'str'
20:45:41 [ERROR] ❌ ABBRUCH: Lighter close für BERA-USD fehlgeschlagen!
20:45:41 [ERROR] ⚠️ X10 wird NICHT geschlossen - MANUELLE INTERVENTION ERFORDERLICH!
20:45:41 [INFO] 🔍 DEBUG APEX-USD: entry_time type=<class 'str'>, value=2025-11-30T19:45:00.427944+00:00
20:45:41 [DEBUG] Check APEX-USD: Age=41.3s (Limit=60s)
20:45:41 [INFO] 🔍 DEBUG WLD-USD: entry_time type=<class 'str'>, value=2025-11-30T19:44:57.653134+00:00
20:45:41 [DEBUG] Check WLD-USD: Age=44.1s (Limit=60s)
20:45:41 [DEBUG] [x10] Subscribed to publicTrades/ZRO/USD
20:45:41 [DEBUG] [x10] Subscribed to publicTrades/IP/USD
20:45:41 [DEBUG] [x10] Subscribed to funding/BTC/USD
20:45:42 [DEBUG] [x10] Subscribed to publicTrades/TON/USD
20:45:42 [DEBUG] [x10] Subscribed to funding/TRX/USD
20:45:42 [DEBUG] [x10] Subscribed to publicTrades/SUI/USD
20:45:42 [DEBUG] [x10] Subscribed to publicTrades/WLD/USD
20:45:42 [DEBUG] ✅ ZRO-USD: X10=$103,991, Lighter=$544,093, Total=$648,084
20:45:42 [DEBUG] [x10] Subscribed to publicTrades/TRUMP/USD
20:45:42 [DEBUG] [x10] Subscribed to funding/ASTER/USD
20:45:42 [DEBUG] [x10] Subscribed to funding/IP/USD
20:45:42 [DEBUG] Fetching fresh positions (force=False, cache_age=6.2s)
20:45:42 [DEBUG] [x10] Subscribed to funding/PUMP/USD
20:45:42 [DEBUG] Sending GET https://api.starknet.extended.exchange/api/v1/user/positions?
20:45:42 [DEBUG] [x10] Subscribed to funding/TAO/USD
20:45:42 [DEBUG] [x10] Subscribed to funding/JUP/USD
20:45:42 [DEBUG] [x10] Subscribed to funding/VIRTUAL/USD
20:45:43 [DEBUG] [x10] Subscribed to funding/BCH/USD
20:45:43 [INFO] Lighter: Found 3 open positions
20:45:43 [INFO] 📊 Positions: X10=3, Lighter=3
20:45:43 [DEBUG] X10 positions: ['WLD-USD', 'APEX-USD', 'BERA-USD']
20:45:43 [DEBUG] Lighter positions: ['WLD-USD', 'BERA-USD', 'APEX-USD']
20:45:43 [INFO] 🔍 DEBUG BERA-USD: entry_time type=<class 'str'>, value=2025-11-30T19:45:01.249442+00:00
20:45:43 [DEBUG] Check BERA-USD: Age=41.9s (Limit=60s)
20:45:43 [INFO] 🚜 [FARM] Profit Take BERA-USD: Age=41s, Spread=0.009% (sehr niedrig), PnL=$0.00
20:45:43 [INFO]  💸 EXIT BERA-USD: FARM_QUICK_PROFIT | PnL $0.00 (Fees: $0.00)
20:45:43 [INFO]  🔻 CLOSING BERA-USD (Atomic Smart Close)...
20:45:43 [DEBUG] [x10] Subscribed to publicTrades/STRK/USD
20:45:43 [DEBUG] [x10] Subscribed to publicTrades/AVNT/USD
20:45:43 [DEBUG] [x10] Subscribed to publicTrades/TAO/USD
20:45:43 [INFO] 🚜 Farm Mode ACTIVE
20:45:43 [DEBUG] [x10] Subscribed to publicTrades/SEI/USD
20:45:43 [DEBUG] [x10] Subscribed to funding/ZORA/USD
20:45:43 [INFO] Lighter: Found 3 open positions
20:45:43 [ERROR] ❌ Lighter close failed for BERA-USD: '<' not supported between instances of 'float' and 'str'
20:45:43 [ERROR] ❌ ABBRUCH: Lighter close für BERA-USD fehlgeschlagen!
20:45:43 [ERROR] ⚠️ X10 wird NICHT geschlossen - MANUELLE INTERVENTION ERFORDERLICH!
20:45:43 [INFO] 🔍 DEBUG APEX-USD: entry_time type=<class 'str'>, value=2025-11-30T19:45:00.427944+00:00
20:45:43 [DEBUG] Check APEX-USD: Age=43.2s (Limit=60s)
20:45:43 [INFO] 🔍 DEBUG WLD-USD: entry_time type=<class 'str'>, value=2025-11-30T19:44:57.653134+00:00
20:45:43 [DEBUG] Check WLD-USD: Age=46.0s (Limit=60s)
20:45:43 [DEBUG] [x10] Subscribed to publicTrades/BTC/USD
20:45:43 [DEBUG] [x10] Subscribed to publicTrades/LINK/USD
20:45:43 [DEBUG] [x10] Subscribed to funding/NEAR/USD
20:45:43 [DEBUG] MAX_OPEN_TRADES (3) reached, waiting...
20:45:43 [DEBUG] [x10] Subscribed to publicTrades/OP/USD
20:45:44 [DEBUG] [x10] Subscribed to funding/FIL/USD
20:45:44 [DEBUG] [x10] Subscribed to funding/MKR/USD
20:45:44 [DEBUG] [x10] Subscribed to publicTrades/POPCAT/USD
20:45:44 [DEBUG] [x10] Subscribed to publicTrades/ADA/USD
20:45:44 [DEBUG] [x10] Subscribed to publicTrades/XRP/USD
20:45:44 [DEBUG] [x10] Subscribed to publicTrades/LDO/USD
20:45:44 [DEBUG] [x10] Subscribed to publicTrades/APEX/USD
20:45:44 [DEBUG] Using cached positions (age: 1.9s)
20:45:44 [INFO] 🔍 DEBUG BERA-USD: entry_time type=<class 'str'>, value=2025-11-30T19:45:01.249442+00:00
20:45:44 [DEBUG] Check BERA-USD: Age=43.4s (Limit=60s)
20:45:44 [INFO] 🚜 [FARM] Profit Take BERA-USD: Age=43s, Spread=0.009% (sehr niedrig), PnL=$0.00
20:45:44 [INFO]  💸 EXIT BERA-USD: FARM_QUICK_PROFIT | PnL $0.00 (Fees: $0.00)
20:45:44 [INFO]  🔻 CLOSING BERA-USD (Atomic Smart Close)...
20:45:44 [DEBUG] [x10] Subscribed to funding/ENA/USD
20:45:44 [DEBUG] [x10] Subscribed to publicTrades/XAU/USD
20:45:44 [DEBUG] [x10] Subscribed to funding/XAU/USD
20:45:44 [DEBUG] [x10] Subscribed to publicTrades/SOL/USD
20:45:45 [INFO] Lighter: Found 3 open positions
20:45:45 [ERROR] ❌ Lighter close failed for BERA-USD: '<' not supported between instances of 'float' and 'str'
20:45:45 [ERROR] ❌ ABBRUCH: Lighter close für BERA-USD fehlgeschlagen!
20:45:45 [ERROR] ⚠️ X10 wird NICHT geschlossen - MANUELLE INTERVENTION ERFORDERLICH!
20:45:45 [INFO] 🔍 DEBUG APEX-USD: entry_time type=<class 'str'>, value=2025-11-30T19:45:00.427944+00:00
20:45:45 [DEBUG] Check APEX-USD: Age=44.6s (Limit=60s)
20:45:45 [INFO] 🔍 DEBUG WLD-USD: entry_time type=<class 'str'>, value=2025-11-30T19:44:57.653134+00:00
20:45:45 [DEBUG] Check WLD-USD: Age=47.4s (Limit=60s)
20:45:45 [DEBUG] [x10] Subscribed to funding/TON/USD
20:45:45 [DEBUG] [x10] Subscribed to funding/PENDLE/USD
20:45:45 [DEBUG] [x10] Subscribed to publicTrades/ASTER/USD
20:45:45 [DEBUG] [x10] Subscribed to funding/RESOLV/USD
20:45:45 [DEBUG] [x10] Subscribed to publicTrades/LINEA/USD
20:45:46 [DEBUG] Using cached positions (age: 3.4s)
20:45:46 [INFO] 🔍 DEBUG BERA-USD: entry_time type=<class 'str'>, value=2025-11-30T19:45:01.249442+00:00
20:45:46 [DEBUG] Check BERA-USD: Age=44.8s (Limit=60s)
20:45:46 [INFO] 🚜 [FARM] Profit Take BERA-USD: Age=44s, Spread=0.009% (sehr niedrig), PnL=$0.00
20:45:46 [INFO]  💸 EXIT BERA-USD: FARM_QUICK_PROFIT | PnL $0.00 (Fees: $0.00)
20:45:46 [INFO]  🔻 CLOSING BERA-USD (Atomic Smart Close)...
20:45:46 [INFO] Lighter: Found 3 open positions
20:45:46 [ERROR] ❌ Lighter close failed for BERA-USD: '<' not supported between instances of 'float' and 'str'
20:45:46 [ERROR] ❌ ABBRUCH: Lighter close für BERA-USD fehlgeschlagen!
20:45:46 [ERROR] ⚠️ X10 wird NICHT geschlossen - MANUELLE INTERVENTION ERFORDERLICH!
20:45:46 [INFO] 🔍 DEBUG APEX-USD: entry_time type=<class 'str'>, value=2025-11-30T19:45:00.427944+00:00
20:45:46 [DEBUG] Check APEX-USD: Age=46.1s (Limit=60s)
20:45:46 [INFO] 🔍 DEBUG WLD-USD: entry_time type=<class 'str'>, value=2025-11-30T19:44:57.653134+00:00
20:45:46 [DEBUG] Check WLD-USD: Age=48.9s (Limit=60s)
20:45:46 [DEBUG] MAX_OPEN_TRADES (3) reached, waiting...
20:45:47 [DEBUG] 💓 [lighter] Ping/Pong OK
20:45:47 [DEBUG] Using cached positions (age: 4.8s)
20:45:47 [INFO] 🔍 DEBUG BERA-USD: entry_time type=<class 'str'>, value=2025-11-30T19:45:01.249442+00:00
20:45:47 [DEBUG] Check BERA-USD: Age=46.3s (Limit=60s)
20:45:47 [INFO] 🚜 [FARM] Profit Take BERA-USD: Age=46s, Spread=0.009% (sehr niedrig), PnL=$0.00
20:45:47 [INFO]  💸 EXIT BERA-USD: FARM_QUICK_PROFIT | PnL $0.00 (Fees: $0.00)
20:45:47 [INFO]  🔻 CLOSING BERA-USD (Atomic Smart Close)...
20:45:47 [INFO] Lighter: Found 3 open positions
20:45:47 [ERROR] ❌ Lighter close failed for BERA-USD: '<' not supported between instances of 'float' and 'str'
20:45:47 [ERROR] ❌ ABBRUCH: Lighter close für BERA-USD fehlgeschlagen!
20:45:47 [ERROR] ⚠️ X10 wird NICHT geschlossen - MANUELLE INTERVENTION ERFORDERLICH!
20:45:47 [INFO] 🔍 DEBUG APEX-USD: entry_time type=<class 'str'>, value=2025-11-30T19:45:00.427944+00:00
20:45:47 [DEBUG] Check APEX-USD: Age=47.5s (Limit=60s)
20:45:47 [INFO] 🔍 DEBUG WLD-USD: entry_time type=<class 'str'>, value=2025-11-30T19:44:57.653134+00:00
20:45:47 [DEBUG] Check WLD-USD: Age=50.3s (Limit=60s)
20:45:48 [DEBUG] ✅ ZEC-USD: X10=$1,690,024, Lighter=$20,694, Total=$1,710,717
20:45:48 [DEBUG] Fetching fresh positions (force=False, cache_age=6.2s)
20:45:48 [DEBUG] Sending GET https://api.starknet.extended.exchange/api/v1/user/positions?
20:45:49 [INFO] Lighter: Found 3 open positions
20:45:49 [INFO] 📊 Positions: X10=3, Lighter=3
20:45:49 [DEBUG] X10 positions: ['WLD-USD', 'APEX-USD', 'BERA-USD']
20:45:49 [DEBUG] Lighter positions: ['WLD-USD', 'BERA-USD', 'APEX-USD']
20:45:49 [INFO] 🔍 DEBUG BERA-USD: entry_time type=<class 'str'>, value=2025-11-30T19:45:01.249442+00:00
20:45:49 [DEBUG] Check BERA-USD: Age=48.1s (Limit=60s)
20:45:49 [INFO] 🔍 DEBUG APEX-USD: entry_time type=<class 'str'>, value=2025-11-30T19:45:00.427944+00:00
20:45:49 [DEBUG] Check APEX-USD: Age=49.0s (Limit=60s)
20:45:49 [INFO] 🔍 DEBUG WLD-USD: entry_time type=<class 'str'>, value=2025-11-30T19:44:57.653134+00:00
20:45:49 [DEBUG] Check WLD-USD: Age=51.7s (Limit=60s)
20:45:49 [DEBUG] MAX_OPEN_TRADES (3) reached, waiting...
20:45:50 [DEBUG] Using cached positions (age: 1.4s)
20:45:50 [INFO] 🔍 DEBUG BERA-USD: entry_time type=<class 'str'>, value=2025-11-30T19:45:01.249442+00:00
20:45:50 [DEBUG] Check BERA-USD: Age=49.1s (Limit=60s)
20:45:50 [INFO] 🔍 DEBUG APEX-USD: entry_time type=<class 'str'>, value=2025-11-30T19:45:00.427944+00:00
20:45:50 [DEBUG] Check APEX-USD: Age=50.0s (Limit=60s)
20:45:50 [INFO] 🔍 DEBUG WLD-USD: entry_time type=<class 'str'>, value=2025-11-30T19:44:57.653134+00:00
20:45:50 [DEBUG] Check WLD-USD: Age=52.7s (Limit=60s)
20:45:51 [DEBUG] Using cached positions (age: 2.4s)
20:45:51 [INFO] 🔍 DEBUG BERA-USD: entry_time type=<class 'str'>, value=2025-11-30T19:45:01.249442+00:00
20:45:51 [DEBUG] Check BERA-USD: Age=50.1s (Limit=60s)
20:45:51 [INFO] 🔍 DEBUG APEX-USD: entry_time type=<class 'str'>, value=2025-11-30T19:45:00.427944+00:00
20:45:51 [DEBUG] Check APEX-USD: Age=51.0s (Limit=60s)
20:45:51 [INFO] 🔍 DEBUG WLD-USD: entry_time type=<class 'str'>, value=2025-11-30T19:44:57.653134+00:00
20:45:51 [DEBUG] Check WLD-USD: Age=53.7s (Limit=60s)
20:45:51 [DEBUG] ✅ PENDLE-USD: X10=$149,399, Lighter=$1,166,168, Total=$1,315,567
20:45:52 [DEBUG] 🐕 Watchdog OK: Daten-Alter 2.3s
20:45:52 [DEBUG] Using cached positions (age: 3.4s)
20:45:52 [INFO] 🔍 DEBUG BERA-USD: entry_time type=<class 'str'>, value=2025-11-30T19:45:01.249442+00:00
20:45:52 [DEBUG] Check BERA-USD: Age=51.1s (Limit=60s)
20:45:52 [INFO] 🔍 DEBUG APEX-USD: entry_time type=<class 'str'>, value=2025-11-30T19:45:00.427944+00:00
20:45:52 [DEBUG] Check APEX-USD: Age=52.0s (Limit=60s)
20:45:52 [INFO] 🔍 DEBUG WLD-USD: entry_time type=<class 'str'>, value=2025-11-30T19:44:57.653134+00:00
20:45:52 [DEBUG] Check WLD-USD: Age=54.7s (Limit=60s)
20:45:52 [DEBUG] MAX_OPEN_TRADES (3) reached, waiting...
20:45:53 [WARNING] [x10] Connection closed: 1011 Ping timeout
20:45:53 [ERROR] [x10] Send error: received 1011 (internal error) Ping timeout; then sent 1011 (internal error) Ping timeout
20:45:53 [DEBUG] 💓 [x10] App-Ping sent
20:45:53 [INFO] 🔄 [x10] Reconnecting in 1.0s (attempt 1)
20:45:53 [DEBUG] Using cached positions (age: 4.4s)
20:45:53 [INFO] 🔍 DEBUG BERA-USD: entry_time type=<class 'str'>, value=2025-11-30T19:45:01.249442+00:00
20:45:53 [DEBUG] Check BERA-USD: Age=52.1s (Limit=60s)
20:45:53 [INFO] 🔍 DEBUG APEX-USD: entry_time type=<class 'str'>, value=2025-11-30T19:45:00.427944+00:00
20:45:53 [DEBUG] Check APEX-USD: Age=53.0s (Limit=60s)
20:45:53 [INFO] 🔍 DEBUG WLD-USD: entry_time type=<class 'str'>, value=2025-11-30T19:44:57.653134+00:00
20:45:53 [DEBUG] Check WLD-USD: Age=55.7s (Limit=60s)
20:45:53 [INFO] 🚜 Farm Mode ACTIVE
20:45:54 [DEBUG] Fetching fresh positions (force=False, cache_age=5.4s)
20:45:54 [DEBUG] Sending GET https://api.starknet.extended.exchange/api/v1/user/positions?
20:45:54 [INFO] Lighter: Found 3 open positions
20:45:54 [INFO] 📊 Positions: X10=3, Lighter=3
20:45:54 [DEBUG] X10 positions: ['WLD-USD', 'APEX-USD', 'BERA-USD']
20:45:54 [DEBUG] Lighter positions: ['WLD-USD', 'BERA-USD', 'APEX-USD']
20:45:54 [INFO] 🔍 DEBUG BERA-USD: entry_time type=<class 'str'>, value=2025-11-30T19:45:01.249442+00:00
20:45:54 [DEBUG] Check BERA-USD: Age=53.6s (Limit=60s)
20:45:54 [INFO] 🔍 DEBUG APEX-USD: entry_time type=<class 'str'>, value=2025-11-30T19:45:00.427944+00:00
20:45:54 [DEBUG] Check APEX-USD: Age=54.4s (Limit=60s)
20:45:54 [INFO] 🔍 DEBUG WLD-USD: entry_time type=<class 'str'>, value=2025-11-30T19:44:57.653134+00:00
20:45:54 [DEBUG] Check WLD-USD: Age=57.2s (Limit=60s)
20:45:54 [WARNING] 🛑 Received SIGINT, initiating graceful shutdown...
20:45:54 [INFO] 🛑 Shutting down...
20:45:54 [INFO] 🛑 Initiating graceful shutdown...
20:45:54 [INFO] 🔍 Supervisor loop stopped
20:45:54 [INFO] 🛑 Cancelling logic_loop...
20:45:54 [INFO] 🛑 Cancelling trade_management_loop...
20:45:54 [INFO] 🛑 Cancelling farm_loop...
20:45:54 [INFO] 🛑 Cancelling maintenance_loop...
20:45:54 [INFO] 🛑 Cancelling cleanup_finished_tasks...
20:45:54 [INFO] 🛑 Cancelling health_reporter...
20:45:54 [INFO] 🛑 Cancelling connection_watchdog...
20:45:54 [INFO] Logic loop cancelled
20:45:54 [INFO] Connection watchdog cancelled
20:45:54 [INFO] ✅ All tasks stopped
20:45:54 [INFO] 🛑 Rollback processor: Shutdown signal received
20:45:54 [INFO] ✅ ParallelExecutionManager: Stopped
20:45:54 [INFO] 🔌 [x10] WebSocket stopped
20:45:55 [DEBUG] ✅ S-USD: X10=$83,277, Lighter=$7,391,398, Total=$7,474,674
20:45:59 [DEBUG] ✅ BERA-USD: X10=$191,214, Lighter=$1,060,030, Total=$1,251,244
20:45:59 [INFO] 🔌 [lighter] WebSocket stopped
20:45:59 [INFO] ✅ WebSocketManager stopped
20:45:59 [INFO] ✅ OpenInterestTracker stopped
20:45:59 [INFO] 🛑 Stopping InMemoryStateManager...
20:45:59 [INFO] 📝 State writer loop stopped
20:45:59 [INFO] ✅ InMemoryStateManager stopped
20:45:59 [INFO] 🔒 Closing database...
20:45:59 [INFO] 🖊️ Database write loop stopped
20:45:59 [INFO] ✅ Database closed
20:45:59 [INFO] ✅ X10 Adapter geschlossen.
20:45:59 [INFO] ✅ Lighter Adapter closed
20:45:59 [INFO] ✅ Bot V5 shutdown complete
