20:30:56 [INFO]  CONFIG VALIDIERUNG abgeschlossen.
20:30:56 [INFO] 🔥 BOT V5 (Architected) STARTING...
20:30:56 [INFO] 🚀 Starting InMemoryStateManager...
20:30:56 [INFO] 📂 Initializing database: data/trades.db
20:30:56 [INFO] ✅ Read pool created: 5 connections
20:30:56 [INFO] ✅ WAL mode enabled
20:30:56 [INFO] 🔄 Running database migrations...
20:30:56 [INFO] ✅ Migrations complete (11 statements)
20:30:56 [INFO] ✅ Database initialized
20:30:56 [INFO] 🖊️ Database write loop started
20:30:56 [INFO] 📂 Loaded 3 trades from database
20:30:56 [INFO] ✅ InMemoryStateManager started (loaded 3 trades)
20:30:56 [INFO] ✅ State Manager started
20:30:56 [INFO]  Telegram Bot disabled (Token/ChatID missing).
20:30:56 [INFO] ✅ Async database initialized
20:30:56 [INFO] 📝 State writer loop started
20:30:56 [DEBUG] ✅ Database schema up to date
20:30:56 [INFO] Initialisiere X10 Adapter...
20:30:56 [INFO]  X10 Account initialisiert.
20:30:56 [INFO] Initialisiere Lighter Adapter...
20:30:56 [INFO] 📊 Loading Market Data via REST...
20:30:56 [DEBUG] Sending GET https://api.starknet.extended.exchange/api/v1/info/markets?
20:30:57 [WARNING] ⚠️ Skipping ETH-USD: market_id=None (parsed=-1) invalid or >254
20:30:57 [INFO] ✅ Lighter: Loaded 115 markets (base data)
20:30:57 [DEBUG] Starting new HTTPS connection (1): mainnet.zklighter.elliot.ai:443
20:30:58 [DEBUG] https://mainnet.zklighter.elliot.ai:443 "GET /api/v1/nextNonce?account_index=60113&api_key_index=3 HTTP/1.1" 200 25
20:30:59 [INFO]  X10: 91 Märkte geladen, 91 Funding Rates, 78 Preise
20:31:00 [INFO] ✅ Lighter: Updated 115 markets with size_decimals from API
20:31:00 [INFO] 📊 MARKET ADA-USD: size_decimals=1, price_decimals=5, min_base_amount=10.0
20:31:00 [INFO] 📊 MARKET SEI-USD: size_decimals=1, price_decimals=5, min_base_amount=50.0
20:31:00 [INFO] 📊 MARKET RESOLV-USD: size_decimals=0, price_decimals=6, min_base_amount=40.0
20:31:00 [INFO] 📊 MARKET TIA-USD: size_decimals=1, price_decimals=5, min_base_amount=3.0
20:31:00 [INFO] ✅ Markets loaded: X10=91, Lighter=115
20:31:00 [INFO] 📈 Pre-loading Lighter prices...
20:31:00 [DEBUG] Lighter: Loaded 379 funding rates
20:31:01 [DEBUG] Lighter: Loaded 115 prices via REST
20:31:01 [INFO] ✅ Lighter prices loaded: 115 symbols
20:31:01 [INFO] FundingPredictorV2 initialized with BTC Correlation
20:31:01 [INFO] 启动 OI Tracker für 67 Symbole...
20:31:01 [INFO] ✅ OpenInterestTracker started (interval=30.0s)
20:31:01 [INFO] 🌐 Starting WebSocket Manager...
20:31:01 [INFO] 📊 OI Tracker: Starting cycle 1 (67 symbols)
20:31:01 [INFO] 🔌 [lighter] WebSocket manager started
20:31:01 [INFO] 🔌 [x10_account] WebSocket manager started
20:31:01 [INFO] 🔌 [x10_market] WebSocket manager started
20:31:01 [INFO] 🔌 [lighter] Connecting with kwargs: {'close_timeout': 5.0, 'max_size': 4194304, 'ping_interval': 20.0, 'ping_timeout': 10.0}
20:31:01 [INFO] 🔌 [x10_account] Connecting with kwargs: {'close_timeout': 5.0, 'max_size': 4194304, 'ping_interval': 15.0, 'additional_headers': {'X-Api-Key': 'a1c9207f79f0e57ddc454bf1e16dbe49', 'User-Agent': 'X10PythonTradingClient/0.4.5'}}
20:31:01 [INFO] 🔌 [x10_market] Connecting with kwargs: {'close_timeout': 5.0, 'max_size': 4194304, 'ping_interval': 15.0, 'additional_headers': {'X-Api-Key': 'a1c9207f79f0e57ddc454bf1e16dbe49', 'User-Agent': 'X10PythonTradingClient/0.4.5'}}
20:31:01 [INFO] ✅ WebSocketManager started (Lighter + X10 Account + X10 Market)
20:31:02 [DEBUG] ✅ TAO-USD: X10=$218,362, Lighter=$6,613, Total=$224,974
20:31:02 [INFO] ✅ [lighter] Connected to wss://mainnet.zklighter.elliot.ai/stream
20:31:02 [INFO] ✅ [lighter] Keepalive enabled: ping_interval=20.0s, ping_timeout=10.0s
20:31:02 [INFO] [lighter] Resubscribing to 71 channels (paced)...
20:31:02 [INFO] [lighter] Receive loop started (async iterator)
20:31:02 [DEBUG] 💓 [lighter] Heartbeat monitor started (library handles ping/pong)
20:31:02 [DEBUG] [lighter] Subscribed to order_book/41
20:31:02 [DEBUG] [lighter] Subscribed to trade/41
20:31:02 [DEBUG] [lighter] Subscribed to order_book/58
20:31:02 [DEBUG] [lighter] Subscribed to trade/58
20:31:02 [ERROR] [x10_market] Connection failed: server rejected WebSocket connection: HTTP 404
20:31:02 [ERROR] [x10_market] Connection error: server rejected WebSocket connection: HTTP 404
20:31:02 [INFO] 🔄 [x10_market] Reconnecting in 1.0s (attempt 1)
20:31:02 [DEBUG] [lighter] Subscribed to order_book/76
20:31:02 [DEBUG] [lighter] Subscribed to trade/76
20:31:02 [INFO] ✅ [x10_account] Connected to wss://api.starknet.extended.exchange/stream.extended.exchange/v1/account
20:31:02 [INFO] ✅ [x10_account] Keepalive enabled: ping_interval=15.0s, ping_timeout=None (auto-pong)
20:31:02 [INFO] [x10_account] Receive loop started (async iterator)
20:31:02 [DEBUG] 💓 [x10_account] Heartbeat monitor started (library handles ping/pong)
20:31:02 [DEBUG] [x10_account] RAW MSG: {"type":"POSITION","data":{"isSnapshot":true,"positions":[]},"ts":1764703854182,"seq":1}
20:31:02 [DEBUG] [x10_account] RAW MSG: {"type":"BALANCE","data":{"isSnapshot":true,"balance":{"collateralName":"USD","balance":"301.157705"
20:31:02 [DEBUG] [x10_account] RAW MSG: {"type":"ORDER","data":{"isSnapshot":true,"orders":[]},"ts":1764703854182,"seq":3}
20:31:02 [DEBUG] [lighter] Subscribed to order_book/55
20:31:02 [DEBUG] [lighter] Subscribed to trade/55
20:31:02 [DEBUG] [lighter] Resubscribed 10/71 channels
20:31:02 [DEBUG] [lighter] Subscribed to order_book/2
20:31:02 [DEBUG] [lighter] Subscribed to trade/2
20:31:02 [DEBUG] [lighter] Subscribed to order_book/53
20:31:02 [DEBUG] [lighter] Subscribed to trade/53
20:31:02 [DEBUG] [lighter] Subscribed to order_book/46
20:31:02 [DEBUG] [lighter] Subscribed to trade/46
20:31:02 [DEBUG] [lighter] Resubscribed 20/71 channels
20:31:02 [DEBUG] [lighter] Subscribed to order_book/34
20:31:02 [DEBUG] [lighter] Subscribed to trade/34
20:31:02 [DEBUG] [lighter] Subscribed to order_book/67
20:31:02 [DEBUG] [lighter] Subscribed to trade/67
20:31:02 [DEBUG] [lighter] Subscribed to order_book/103
20:31:02 [DEBUG] [lighter] Subscribed to trade/103
20:31:03 [DEBUG] [lighter] Subscribed to order_book/31
20:31:03 [DEBUG] [lighter] Subscribed to trade/31
20:31:03 [DEBUG] [lighter] Resubscribed 30/71 channels
20:31:03 [DEBUG] [lighter] Subscribed to order_book/51
20:31:03 [DEBUG] [lighter] Subscribed to trade/51
20:31:03 [DEBUG] [lighter] Subscribed to order_book/86
20:31:03 [DEBUG] [lighter] Subscribed to trade/86
20:31:03 [DEBUG] [lighter] Subscribed to order_book/91
20:31:03 [DEBUG] [lighter] Subscribed to trade/91
20:31:03 [DEBUG] [lighter] Resubscribed 40/71 channels
20:31:03 [DEBUG] [lighter] Subscribed to order_book/71
20:31:03 [DEBUG] [lighter] Subscribed to trade/71
20:31:03 [DEBUG] [lighter] Subscribed to order_book/11
20:31:03 [DEBUG] [lighter] Subscribed to trade/11
20:31:03 [DEBUG] [lighter] Subscribed to order_book/47
20:31:03 [DEBUG] [lighter] Subscribed to trade/47
20:31:03 [DEBUG] [lighter] Resubscribed 50/71 channels
20:31:03 [DEBUG] [lighter] Subscribed to order_book/30
20:31:03 [DEBUG] [lighter] Subscribed to trade/30
20:31:03 [DEBUG] [lighter] Subscribed to order_book/21
20:31:03 [DEBUG] [lighter] Subscribed to trade/21
20:31:03 [DEBUG] [lighter] Subscribed to order_book/8
20:31:03 [DEBUG] [lighter] Subscribed to trade/8
20:31:03 [DEBUG] [lighter] Resubscribed 60/71 channels
20:31:03 [DEBUG] [lighter] Subscribed to order_book/12
20:31:03 [DEBUG] [lighter] Subscribed to trade/12
20:31:03 [DEBUG] [lighter] Subscribed to order_book/18
20:31:03 [DEBUG] [lighter] Subscribed to trade/18
20:31:03 [DEBUG] [lighter] Subscribed to order_book/40
20:31:03 [DEBUG] [lighter] Subscribed to trade/40
20:31:03 [DEBUG] [lighter] Resubscribed 70/71 channels
20:31:03 [INFO] [lighter] Resubscribed to 71 channels
20:31:03 [DEBUG] [lighter] Subscribed to order_book/83
20:31:03 [DEBUG] [lighter] Subscribed to trade/83
20:31:03 [DEBUG] [lighter] Subscribed to order_book/10
20:31:03 [DEBUG] [lighter] Subscribed to trade/10
20:31:03 [DEBUG] [lighter] Subscribed to order_book/32
20:31:03 [DEBUG] [lighter] Subscribed to trade/32
20:31:03 [DEBUG] [lighter] Subscribed to order_book/98
20:31:03 [DEBUG] [lighter] Subscribed to trade/98
20:31:03 [DEBUG] [lighter] Subscribed to order_book/52
20:31:03 [DEBUG] [lighter] Subscribed to trade/52
20:31:03 [DEBUG] [lighter] Subscribed to order_book/7
20:31:03 [DEBUG] [lighter] Subscribed to trade/7
20:31:03 [DEBUG] [lighter] Subscribed to order_book/15
20:31:03 [DEBUG] [lighter] Subscribed to trade/15
20:31:03 [DEBUG] [lighter] Subscribed to order_book/20
20:31:03 [DEBUG] [lighter] Subscribed to trade/20
20:31:03 [DEBUG] [lighter] Subscribed to order_book/17
20:31:03 [DEBUG] [lighter] Subscribed to trade/17
20:31:03 [INFO] [x10_market] Subscribing to 134 channels (paced to allow ping/pong)...
20:31:03 [INFO] 🔌 [x10_market] Connecting with kwargs: {'close_timeout': 5.0, 'max_size': 4194304, 'ping_interval': 15.0, 'additional_headers': {'X-Api-Key': 'a1c9207f79f0e57ddc454bf1e16dbe49', 'User-Agent': 'X10PythonTradingClient/0.4.5'}}
20:31:04 [ERROR] [x10_market] Connection failed: server rejected WebSocket connection: HTTP 404
20:31:04 [ERROR] [x10_market] Connection error: server rejected WebSocket connection: HTTP 404
20:31:04 [INFO] 🔄 [x10_market] Reconnecting in 2.0s (attempt 2)
20:31:05 [INFO] [x10_market] Subscribed to 67 markets
20:31:05 [INFO] 🔗 Components Wired: WS -> OI Tracker -> Prediction
20:31:05 [INFO] 🧟 Starte Zombie-Check: Vergleiche DB mit echten Positionen...
20:31:05 [INFO] 🔍 DB meldet 3 offene Trades. Prüfe Exchange...
20:31:05 [DEBUG] Sending GET https://api.starknet.extended.exchange/api/v1/user/positions?
20:31:06 [DEBUG] ✅ KAITO-USD: X10=$435,266, Lighter=$1,707,058, Total=$2,142,324
20:31:06 [INFO] Lighter: Found 0 open positions
20:31:06 [INFO] 🌍 Echte Positionen auf Exchanges: []
20:31:06 [WARNING] ⚠️  ZOMBIE GEFUNDEN: CRV-USD ist in DB offen, aber nicht auf Exchange. Schließe ihn...
20:31:06 [INFO] ✅ Trade CRV-USD closed (PnL: $0.00)
20:31:06 [WARNING] ⚠️  ZOMBIE GEFUNDEN: ENA-USD ist in DB offen, aber nicht auf Exchange. Schließe ihn...
20:31:06 [INFO] ✅ Trade ENA-USD closed (PnL: $0.00)
20:31:06 [WARNING] ⚠️  ZOMBIE GEFUNDEN: TAO-USD ist in DB offen, aber nicht auf Exchange. Schließe ihn...
20:31:06 [INFO] ✅ Trade TAO-USD closed (PnL: $0.00)
20:31:06 [INFO] ✅ ParallelExecutionManager: Rollback processor started
20:31:06 [INFO] ✅ ParallelExecutionManager started
20:31:06 [INFO] 📝 Registered task: logic_loop (critical=True)
20:31:06 [INFO] 📝 Registered task: trade_management_loop (critical=True)
20:31:06 [INFO] 📝 Registered task: farm_loop (critical=False)
20:31:06 [INFO] 📝 Registered task: maintenance_loop (critical=False)
20:31:06 [INFO] 📝 Registered task: cleanup_finished_tasks (critical=False)
20:31:06 [INFO] 📝 Registered task: health_reporter (critical=False)
20:31:06 [INFO] 📝 Registered task: connection_watchdog (critical=True)
20:31:06 [INFO] ✅ Signal handlers installed (SIGINT, SIGTERM)
20:31:06 [INFO] ▶️  Started task: logic_loop
20:31:06 [INFO] ▶️  Started task: trade_management_loop
20:31:06 [INFO] ▶️  Started task: farm_loop
20:31:06 [INFO] ▶️  Started task: maintenance_loop
20:31:06 [INFO] ▶️  Started task: cleanup_finished_tasks
20:31:06 [INFO] ▶️  Started task: health_reporter
20:31:06 [INFO] ▶️  Started task: connection_watchdog
20:31:06 [INFO] 🚀 Started 7 tasks
20:31:06 [INFO] ═══════════════════════════════════════════════════════════
20:31:06 [INFO]    BOT V5 RUNNING 24/7 - SUPERVISED | Ctrl+C = Stop   
20:31:06 [INFO] ═══════════════════════════════════════════════════════════
20:31:06 [INFO] 🔄 Rollback processor running...
20:31:06 [INFO] Logic Loop gestartet – REFRESH alle 3s
20:31:06 [INFO] ⚡ Latency Arb Detector initialized (threshold: 1.0s)
20:31:06 [INFO] 🔍 🚜 FARM Scanning 67 pairs. Open symbols to skip: set()
20:31:06 [DEBUG] Price cache status: X10=67/67, Lighter=66/67
20:31:06 [INFO] 🔍 Scanning 67 pairs. Lighter markets: 115, X10 markets: 91
20:31:06 [INFO] 🛡️ Trade Management Loop gestartet
20:31:06 [INFO] 🚜 Farm Mode ACTIVE
20:31:06 [DEBUG] Sending GET https://api.starknet.extended.exchange/api/v1/user/balance
20:31:06 [DEBUG] 📊 X10 Funding Cache refresh (current=91)
20:31:06 [INFO] 🐕 Connection Watchdog gestartet (Timeout: 120s)
20:31:06 [INFO] 🔍 Supervisor loop started
20:31:06 [DEBUG] 📝 Flushed 1 writes
20:31:06 [DEBUG] 📝 Flushed 1 writes in 0.0ms
20:31:06 [DEBUG] Sending GET https://api.starknet.extended.exchange/api/v1/info/markets?
20:31:06 [DEBUG] MKR-USD: Missing prices (X=1663.9, L=None)
20:31:06 [INFO] 🔌 [x10_market] Connecting with kwargs: {'close_timeout': 5.0, 'max_size': 4194304, 'ping_interval': 15.0, 'additional_headers': {'X-Api-Key': 'a1c9207f79f0e57ddc454bf1e16dbe49', 'User-Agent': 'X10PythonTradingClient/0.4.5'}}
20:31:06 [INFO] ✅ Found 0 opportunities with predictions (farm_mode=True)
20:31:06 [INFO] ⚠️ Keine Prediction-Opportunities, nutze Fallback mit echten Funding Rates...
20:31:06 [INFO]  Volatility Monitor initialized: Low<3.0%, Normal<10.0%, High<20.0%, Hard Cap<50.0%
20:31:06 [DEBUG] ⛔ Skip XAU-USD: TradFi/FX
20:31:06 [DEBUG] ⛔ Skip XAG-USD: TradFi/FX
20:31:06 [DEBUG] ⛔ Skip SPX-USD: TradFi/FX
20:31:06 [INFO] 🔍 DEBUG ENA-USD: rl=-0.00009700, rx=-0.00001000, net=-0.00008700, apy=76.2%
20:31:06 [INFO] 💎 ENA-USD | APY: 76.2%
20:31:06 [DEBUG] Skip LINEA-USD: Spread 0.59% too high
20:31:06 [INFO] 🔍 DEBUG RESOLV-USD: rl=-0.00074400, rx=-0.00084200, net=0.00009800, apy=85.8%
20:31:06 [DEBUG] Skip RESOLV-USD: Spread 0.51% too high
20:31:06 [INFO] 🔍 DEBUG APEX-USD: rl=0.00001200, rx=-0.00010700, net=0.00011900, apy=104.2%
20:31:06 [DEBUG] Skip APEX-USD: Spread 0.43% too high
20:31:06 [INFO] 🔍 DEBUG BERA-USD: rl=-0.00016000, rx=-0.00009100, net=-0.00006900, apy=60.4%
20:31:06 [INFO] 💎 BERA-USD | APY: 60.4%
20:31:06 [INFO] ✅ Found 36 opportunities from 63 valid pairs (farm_mode=True, scanned=67)
20:31:06 [INFO] 🎯 Found 3 opportunities, executing best...
20:31:06 [DEBUG] Sending GET https://api.starknet.extended.exchange/api/v1/user/balance
20:31:07 [DEBUG] 📝 Flushed 1 writes in 0.0ms
20:31:07 [DEBUG] Lighter Balance: Raw=$294.89, Safe=$280.14
20:31:07 [INFO] 🚜 Opening FARM: KAITO-USD APY=18.4%
20:31:07 [DEBUG] Sending GET https://api.starknet.extended.exchange/api/v1/user/positions?
20:31:07 [ERROR] [x10_market] Connection failed: server rejected WebSocket connection: HTTP 404
20:31:07 [ERROR] [x10_market] Connection error: server rejected WebSocket connection: HTTP 404
20:31:07 [INFO] 🔄 [x10_market] Reconnecting in 4.0s (attempt 3)
20:31:07 [DEBUG] Lighter Balance: Raw=$294.89, Safe=$280.14
20:31:07 [INFO] X10: Detected balance = $301.16
20:31:07 [INFO] 🚀 Launching 3 trades (Slots available: 3)
20:31:07 [DEBUG] Sending GET https://api.starknet.extended.exchange/api/v1/user/positions?
20:31:08 [INFO] Lighter: Found 0 open positions
20:31:08 [DEBUG] ✅ KAITO-USD verified: No existing positions on exchanges
20:31:08 [DEBUG] MIN_NOTIONAL KAITO-USD: min_base=10.00000000 coins, price=$0.6717, min_qty_usd=$6.72, min_notional_api=$10.00, final=$11.00
20:31:08 [DEBUG] Sending GET https://api.starknet.extended.exchange/api/v1/user/balance
20:31:08 [INFO] 🎲 KellyPositionSizer initialized (Safety=0.25, MaxFraction=0.1)
20:31:08 [INFO] 🎰 KELLY KAITO-USD: win_rate=80.0%, kelly_fraction=0.6000, safe_fraction=0.0500, confidence=LOW, samples=0
20:31:08 [INFO] 📊 KELLY SIZE KAITO-USD: base=$30.0, kelly_recommended=$14.0, final=$30.0
20:31:08 [INFO] 🚀 Opening KAITO-USD: Size=$30.0 (Min=$11.0)
20:31:08 [INFO] 🔄 [PARALLEL] KAITO-USD: Lighter POST-ONLY first
20:31:08 [INFO] 🚀 LIGHTER OPEN KAITO-USD: side=SELL, size_usd=$30.00, price=$0.671690
20:31:08 [DEBUG] 🔍 DEBUG: KAITO-USD market_id = 33 (raw=33, type=<class 'int'>)
20:31:08 [DEBUG] QUANTIZE KAITO-USD: USD=30.00, coins=44.663461, raw=447, lot_size=100, final=400
20:31:08 [INFO] 🔄 [PARALLEL] KAITO-USD: X10 MARKET order
20:31:08 [DEBUG] Create Order Tx Info: {"AccountIndex":60113,"ApiKeyIndex":3,"MarketIndex":33,"ClientOrderIndex":1764703889498,"BaseAmount":400,"Price":66765,"IsAsk":1,"Type":0,"TimeInForce":1,"ReduceOnly":0,"TriggerPrice":0,"OrderExpiry":1767123068521,"ExpiredAt":1764704467521,"Nonce":2178,"Sig":"Td88yxA6vYi6EwFKREz4gsitnWgBocBCqbdPCEL7RLrjdj+O1EHKLYyTyjibUvJc4DsZ0MVGsa69NNHuDKgjS9h9kl2yhffGw/7h0a+hV1s="}
20:31:08 [DEBUG] 📝 Flushed 2 writes
20:31:08 [DEBUG] 📝 Flushed 1 writes in 0.0ms
20:31:08 [DEBUG] Sending GET https://api.starknet.extended.exchange/api/v1/info/markets?
20:31:08 [INFO]  X10: 91 Märkte geladen, 91 Funding Rates, 82 Preise
20:31:08 [DEBUG] X10: Funding Refresh OK, cache=91
20:31:08 [DEBUG] 📊 Lighter Funding Cache refresh (current=115)
20:31:08 [INFO] Lighter: Found 0 open positions
20:31:08 [INFO] 💰 Balance: X10=$301.2 (free=$266.7), Lit=$280.1 (free=$245.6) | DB_Trades=0, Real_Positions=0, Locked=$0/ex
20:31:08 [INFO] 🚀 Launching trade for ENA-USD (APY=76.2%)
20:31:08 [DEBUG] Sending GET https://api.starknet.extended.exchange/api/v1/user/positions?
20:31:09 [INFO] 🚀 Launching trade for BERA-USD (APY=60.4%)
20:31:09 [DEBUG] Sending GET https://api.starknet.extended.exchange/api/v1/user/positions?
20:31:09 [INFO] Lighter: Found 0 open positions
20:31:09 [DEBUG] ✅ ENA-USD verified: No existing positions on exchanges
20:31:09 [DEBUG] MIN_NOTIONAL ENA-USD: min_base=20.00000000 coins, price=$0.2634, min_qty_usd=$5.27, min_notional_api=$10.00, final=$11.00
20:31:09 [DEBUG] Sending GET https://api.starknet.extended.exchange/api/v1/user/balance
20:31:09 [DEBUG] Create Order Send Tx Response: code=200 message='{"ratelimit": "didn\'t use volume quota"}' tx_hash='d7f8f226254d747a04094c82a63e7199a847c868fc1514ccb46ff30b907420cd85e1fd9fd64a3076' predicted_execution_time_ms=1764703861217 additional_properties={}
20:31:09 [INFO] Lighter Order: d7f8f226254d747a04094c82a63e7199a847c868fc1514ccb46ff30b907420cd85e1fd9fd64a3076
20:31:09 [INFO] 🚀 Launching trade for TRUMP-USD (APY=43.8%)
20:31:09 [DEBUG] Sending GET https://api.starknet.extended.exchange/api/v1/user/positions?
20:31:09 [INFO] Lighter: Found 0 open positions
20:31:09 [DEBUG] ✅ BERA-USD verified: No existing positions on exchanges
20:31:09 [DEBUG] MIN_NOTIONAL BERA-USD: min_base=3.00000000 coins, price=$0.9129, min_qty_usd=$2.74, min_notional_api=$10.00, final=$11.00
20:31:09 [DEBUG] Lighter: Loaded 379 funding rates
20:31:09 [DEBUG] ✅ EIGEN-USD: X10=$139,677, Lighter=$1,906,039, Total=$2,045,716
20:31:10 [INFO] ✅ Launched 3 trade tasks this cycle
20:31:10 [INFO] Lighter: Found 1 open positions
20:31:10 [DEBUG] ✅ TRUMP-USD verified: No existing positions on exchanges
20:31:10 [DEBUG] MIN_NOTIONAL TRUMP-USD: min_base=0.20000000 coins, price=$6.0396, min_qty_usd=$1.21, min_notional_api=$10.00, final=$11.00
20:31:10 [DEBUG] Placing an order: id=930778589556446456891380776385001185591271681083477977240815474354169007077
20:31:10 [DEBUG] Sending POST https://api.starknet.extended.exchange/api/v1/user/order, headers={<RequestHeader.ACCEPT: 'Accept'>: 'application/json', <RequestHeader.CONTENT_TYPE: 'Content-Type'>: 'application/json', <RequestHeader.USER_AGENT: 'User-Agent'>: 'X10PythonTradingClient/0.0.17', <RequestHeader.API_KEY: 'X-Api-Key'>: 'a1c9207f79f0e57ddc454bf1e16dbe49'}
20:31:11 [DEBUG] Lighter: Loaded 115 prices via REST
20:31:11 [DEBUG] Lighter: Funding Refresh OK, cache=115
20:31:11 [DEBUG] Lighter Balance: Raw=$294.88, Safe=$280.14
20:31:11 [INFO] 🎰 KELLY ENA-USD: win_rate=80.0%, kelly_fraction=0.6000, safe_fraction=0.0500, confidence=LOW, samples=0
20:31:11 [INFO] 📊 KELLY SIZE ENA-USD: base=$30.0, kelly_recommended=$12.4, final=$30.0
20:31:11 [DEBUG] Sending GET https://api.starknet.extended.exchange/api/v1/user/balance
20:31:11 [INFO] 🎰 KELLY BERA-USD: win_rate=80.0%, kelly_fraction=0.6000, safe_fraction=0.0500, confidence=LOW, samples=0
20:31:11 [INFO] 📊 KELLY SIZE BERA-USD: base=$30.0, kelly_recommended=$12.4, final=$30.0
20:31:11 [DEBUG] Sending GET https://api.starknet.extended.exchange/api/v1/user/balance
20:31:11 [INFO]  X10 Order: 1995938782389526528
20:31:11 [INFO] ✅ [PARALLEL] KAITO-USD: Both legs filled in 3218ms
20:31:11 [DEBUG] 📝 Trade added to state: KAITO-USD
20:31:11 [DEBUG] 📝 Flushed 1 writes
20:31:11 [DEBUG] 📝 Flushed 1 writes in 16.0ms
20:31:11 [INFO] 🔌 [x10_market] Connecting with kwargs: {'close_timeout': 5.0, 'max_size': 4194304, 'ping_interval': 15.0, 'additional_headers': {'X-Api-Key': 'a1c9207f79f0e57ddc454bf1e16dbe49', 'User-Agent': 'X10PythonTradingClient/0.4.5'}}
20:31:11 [INFO] 🎰 KELLY TRUMP-USD: win_rate=80.0%, kelly_fraction=0.6000, safe_fraction=0.0500, confidence=LOW, samples=0
20:31:11 [INFO] 📊 KELLY SIZE TRUMP-USD: base=$30.0, kelly_recommended=$12.4, final=$30.0
20:31:11 [INFO] 🚀 Opening ENA-USD: Size=$30.0 (Min=$27.6)
20:31:11 [INFO] 🔄 [PARALLEL] ENA-USD: Lighter POST-ONLY first
20:31:11 [INFO] 🚀 Opening BERA-USD: Size=$30.0 (Min=$11.0)
20:31:11 [INFO] 🔄 [PARALLEL] BERA-USD: Lighter POST-ONLY first
20:31:11 [INFO] 🚀 LIGHTER OPEN ENA-USD: side=SELL, size_usd=$30.00, price=$0.263380
20:31:11 [DEBUG] 🔍 DEBUG: ENA-USD market_id = 29 (raw=29, type=<class 'int'>)
20:31:11 [DEBUG] QUANTIZE ENA-USD: USD=30.00, coins=113.903865, raw=1139, lot_size=200, final=1000
20:31:11 [INFO] 🔄 [PARALLEL] ENA-USD: X10 MARKET order
20:31:11 [DEBUG] 🧹 Cleaned task: KAITO-USD
20:31:11 [INFO] 🔄 [PARALLEL] BERA-USD: X10 MARKET order
20:31:11 [INFO] 🚀 Opening TRUMP-USD: Size=$30.0 (Min=$11.0)
20:31:11 [INFO] 🔄 [PARALLEL] TRUMP-USD: Lighter POST-ONLY first
20:31:11 [INFO] 🔄 [PARALLEL] TRUMP-USD: X10 MARKET order
20:31:11 [DEBUG] Create Order Tx Info: {"AccountIndex":60113,"ApiKeyIndex":3,"MarketIndex":29,"ClientOrderIndex":1764703877371,"BaseAmount":1000,"Price":26179,"IsAsk":1,"Type":0,"TimeInForce":1,"ReduceOnly":0,"TriggerPrice":0,"OrderExpiry":1767123071849,"ExpiredAt":1764704470849,"Nonce":2179,"Sig":"PeIxf24IM9iJYZQBSfBkzmG2bLLAUVJN+fC6R1o6SnzKEPm/1MHOUPjnQ3jPalseHVTVhRiJ+xKJ6x+FR40s6CKaJuBhgUf8F1Z7yTmu53U="}
20:31:11 [INFO] 🚀 LIGHTER OPEN BERA-USD: side=SELL, size_usd=$30.00, price=$0.912850
20:31:11 [DEBUG] 🔍 DEBUG: BERA-USD market_id = 20 (raw=20, type=<class 'int'>)
20:31:11 [DEBUG] QUANTIZE BERA-USD: USD=30.00, coins=32.864107, raw=329, lot_size=30, final=300
20:31:11 [INFO] 🚀 LIGHTER OPEN TRUMP-USD: side=SELL, size_usd=$30.00, price=$6.039600
20:31:11 [DEBUG] 🔍 DEBUG: TRUMP-USD market_id = 15 (raw=15, type=<class 'int'>)
20:31:11 [DEBUG] QUANTIZE TRUMP-USD: USD=30.00, coins=4.967216, raw=497, lot_size=20, final=480
20:31:11 [DEBUG] Placing an order: id=2309015342448953201325014083258113243042031270556855167091277643001299528455
20:31:11 [DEBUG] Sending POST https://api.starknet.extended.exchange/api/v1/user/order, headers={<RequestHeader.ACCEPT: 'Accept'>: 'application/json', <RequestHeader.CONTENT_TYPE: 'Content-Type'>: 'application/json', <RequestHeader.USER_AGENT: 'User-Agent'>: 'X10PythonTradingClient/0.0.17', <RequestHeader.API_KEY: 'X-Api-Key'>: 'a1c9207f79f0e57ddc454bf1e16dbe49'}
20:31:11 [DEBUG] Create Order Tx Info: {"AccountIndex":60113,"ApiKeyIndex":3,"MarketIndex":20,"ClientOrderIndex":1764703894815,"BaseAmount":300,"Price":90737,"IsAsk":1,"Type":0,"TimeInForce":1,"ReduceOnly":0,"TriggerPrice":0,"OrderExpiry":1767123071907,"ExpiredAt":1764704470907,"Nonce":2180,"Sig":"Yg5BNkGcDDyzotF6JW1KPoA/MvoZaPm02Ip37z6sWnYrQMlaOJSXSXMkTN6HmAVT1mdCg8XPzAIbd7N7eESBhCQYdbj9WZIfJhaQVjYWgx8="}
20:31:11 [DEBUG] Create Order Tx Info: {"AccountIndex":60113,"ApiKeyIndex":3,"MarketIndex":15,"ClientOrderIndex":1764703964925,"BaseAmount":480,"Price":60033,"IsAsk":1,"Type":0,"TimeInForce":1,"ReduceOnly":0,"TriggerPrice":0,"OrderExpiry":1767123071912,"ExpiredAt":1764704470912,"Nonce":2181,"Sig":"HihWrujP/miuhO4awE9h2PKk/sqKkxZ07SCNitRummR/Tvpkd4nKW8UTW2TCJV60oWHDCO+x67ED3PZMhcRLq/Ko4Oc+L3wsBZMJ58TeFkk="}
20:31:11 [INFO] 🔍 Running periodic exchange sync check...
20:31:11 [INFO] 🔍 Starting Exchange Sync Check...
20:31:11 [DEBUG] [x10_account] RAW MSG: {"type":"BALANCE","data":{"isSnapshot":false,"balance":{"collateralName":"USD","balance":"301.157705
20:31:11 [DEBUG] [x10_account] RAW MSG: {"type":"TRADE","data":{"isSnapshot":false,"trades":[{"id":1995938783228334080,"accountId":127074,"m
20:31:11 [DEBUG] [x10_account] RAW MSG: {"type":"ORDER","data":{"isSnapshot":false,"orders":[{"id":1995938782389526528,"accountId":127074,"e
20:31:11 [DEBUG] [x10_account] RAW MSG: {"type":"POSITION","data":{"isSnapshot":false,"positions":[{"id":1995938783245107200,"accountId":127
20:31:11 [DEBUG] [x10_account] RAW MSG: {"type":"BALANCE","data":{"isSnapshot":false,"balance":{"collateralName":"USD","balance":"301.151065
20:31:12 [DEBUG] Sending GET https://api.starknet.extended.exchange/api/v1/user/positions?
20:31:12 [DEBUG] Placing an order: id=1629335853502005554764349831370844556328001509858721599216540955777236643514
20:31:12 [DEBUG] Sending POST https://api.starknet.extended.exchange/api/v1/user/order, headers={<RequestHeader.ACCEPT: 'Accept'>: 'application/json', <RequestHeader.CONTENT_TYPE: 'Content-Type'>: 'application/json', <RequestHeader.USER_AGENT: 'User-Agent'>: 'X10PythonTradingClient/0.0.17', <RequestHeader.API_KEY: 'X-Api-Key'>: 'a1c9207f79f0e57ddc454bf1e16dbe49'}
20:31:12 [DEBUG] Create Order Send Tx Response: code=200 message='{"ratelimit": "didn\'t use volume quota"}' tx_hash='f569d4eb118a192cc7d37e2025e974ef87eef191384d7c5972af2d6139c0220bad0aa9e012ba3f93' predicted_execution_time_ms=1764703863806 additional_properties={}
20:31:12 [INFO] Lighter Order: f569d4eb118a192cc7d37e2025e974ef87eef191384d7c5972af2d6139c0220bad0aa9e012ba3f93
20:31:12 [DEBUG] Placing an order: id=15681754898262706075485812406202650448174193563735731081901176019039562899
20:31:12 [DEBUG] Sending POST https://api.starknet.extended.exchange/api/v1/user/order, headers={<RequestHeader.ACCEPT: 'Accept'>: 'application/json', <RequestHeader.CONTENT_TYPE: 'Content-Type'>: 'application/json', <RequestHeader.USER_AGENT: 'User-Agent'>: 'X10PythonTradingClient/0.0.17', <RequestHeader.API_KEY: 'X-Api-Key'>: 'a1c9207f79f0e57ddc454bf1e16dbe49'}
20:31:12 [INFO]  X10 Order: 1995938784126296064
20:31:12 [INFO] ✅ [PARALLEL] ENA-USD: Both legs filled in 312ms
20:31:12 [DEBUG] 📝 Trade added to state: ENA-USD
20:31:12 [DEBUG] Create Order Send Tx Response: code=200 message='{"ratelimit": "didn\'t use volume quota"}' tx_hash='9760123cca98df20ba2b9462ef2d06bcee259a1d8c5faf65ba28afb4463eb786d832de46c28da5ea' predicted_execution_time_ms=1764703863868 additional_properties={}
20:31:12 [INFO] Lighter Order: 9760123cca98df20ba2b9462ef2d06bcee259a1d8c5faf65ba28afb4463eb786d832de46c28da5ea
20:31:12 [DEBUG] [x10_account] RAW MSG: {"type":"BALANCE","data":{"isSnapshot":false,"balance":{"collateralName":"USD","balance":"301.151065
20:31:12 [DEBUG] [x10_account] RAW MSG: {"type":"TRADE","data":{"isSnapshot":false,"trades":[{"id":1995938784964775938,"accountId":127074,"m
20:31:12 [DEBUG] [x10_account] RAW MSG: {"type":"ORDER","data":{"isSnapshot":false,"orders":[{"id":1995938784126296064,"accountId":127074,"e
20:31:12 [DEBUG] [x10_account] RAW MSG: {"type":"POSITION","data":{"isSnapshot":false,"positions":[{"id":1995938784985743360,"accountId":127
20:31:12 [DEBUG] [x10_account] RAW MSG: {"type":"BALANCE","data":{"isSnapshot":false,"balance":{"collateralName":"USD","balance":"301.144542
20:31:12 [DEBUG] Fetching fresh positions (force=False, cache_age=1764703872.5s)
20:31:12 [DEBUG] Sending GET https://api.starknet.extended.exchange/api/v1/user/positions?
20:31:12 [DEBUG] 💓 [lighter] Alive (uptime=10s, last_msg=0s ago)
20:31:12 [INFO] Lighter: Found 3 open positions
20:31:12 [ERROR] 🚨 DESYNC DETECTED: Positions only on Lighter: {'BERA-USD', 'ENA-USD'}
20:31:12 [ERROR] ⚠️ These are UNHEDGED and create directional risk!
20:31:12 [WARNING] 🔻 Closing orphaned Lighter position: BERA-USD
20:31:12 [INFO] 🔍 DEBUG close_live_position ENTRY: symbol=BERA-USD (type=<class 'str'>)
20:31:12 [INFO] 🔍 DEBUG: original_side=SELL (type=<class 'str'>)
20:31:12 [INFO] 🔍 DEBUG: notional_usd=27.3861 (type=<class 'float'>)
20:31:12 [ERROR] [x10_market] Connection failed: server rejected WebSocket connection: HTTP 404
20:31:12 [ERROR] [x10_market] Connection error: server rejected WebSocket connection: HTTP 404
20:31:12 [INFO] 🔄 [x10_market] Reconnecting in 8.0s (attempt 4)
20:31:12 [DEBUG] 💓 [x10_account] Alive (uptime=10s, last_msg=0s ago)
20:31:12 [DEBUG] Create Order Send Tx Response: code=200 message='{"ratelimit": "didn\'t use volume quota"}' tx_hash='6b9acccfa9ce8b37eeb017d99792f18eec0378bc8ff530c5135cbe89f013b8e7accacc25871ea348' predicted_execution_time_ms=1764703864640 additional_properties={}
20:31:12 [INFO] Lighter Order: 6b9acccfa9ce8b37eeb017d99792f18eec0378bc8ff530c5135cbe89f013b8e7accacc25871ea348
20:31:12 [INFO] Lighter: Found 3 open positions
20:31:12 [INFO] 📊 Positions: X10=2, Lighter=3
20:31:12 [DEBUG] X10 positions: ['ENA-USD', 'KAITO-USD']
20:31:12 [DEBUG] Lighter positions: ['BERA-USD', 'ENA-USD', 'KAITO-USD']
20:31:12 [INFO] 🔍 DEBUG ENA-USD: entry_time type=<class 'str'>, value=2025-12-02T19:31:12.149224+00:00
20:31:12 [DEBUG] Check ENA-USD: Age=0.8s (Limit=60s)
20:31:12 [INFO] 🔍 DEBUG KAITO-USD: entry_time type=<class 'str'>, value=2025-12-02T19:31:11.737206+00:00
20:31:12 [DEBUG] Check KAITO-USD: Age=1.2s (Limit=60s)
20:31:13 [INFO] 🔍 🚜 FARM Scanning 67 pairs. Open symbols to skip: {'KAITO-USD', 'ENA-USD'}
20:31:13 [DEBUG] Price cache status: X10=67/67, Lighter=66/67
20:31:13 [INFO] 🔍 Scanning 67 pairs. Lighter markets: 115, X10 markets: 91
20:31:13 [INFO]  X10 Order: 1995938788144676864
20:31:13 [INFO] ✅ [PARALLEL] BERA-USD: Both legs filled in 1265ms
20:31:13 [DEBUG] 📝 Trade added to state: BERA-USD
20:31:13 [DEBUG] 📝 Flushed 1 writes in 0.0ms
20:31:13 [INFO]  X10 Order: 1995938788203503616
20:31:13 [INFO] ✅ [PARALLEL] TRUMP-USD: Both legs filled in 1266ms
20:31:13 [DEBUG] 📝 Trade added to state: TRUMP-USD
20:31:13 [DEBUG] MKR-USD: Missing prices (X=1663.9, L=None)
20:31:13 [INFO] Lighter: Found 3 open positions
20:31:13 [INFO] 🔻 LIGHTER CLOSE BERA-USD: size=-30.000000 coins, side=BUY, price=$0.9129, notional=$27.39
20:31:13 [INFO] 🚀 LIGHTER OPEN BERA-USD: side=BUY, size_usd=$27.39, price=$0.912870
20:31:13 [DEBUG] 🔍 DEBUG: BERA-USD market_id = 20 (raw=20, type=<class 'int'>)
20:31:13 [DEBUG] QUANTIZE BERA-USD: USD=27.39, coins=30.000000, raw=300, lot_size=30, final=300
20:31:13 [DEBUG] Create Order Tx Info: {"AccountIndex":60113,"ApiKeyIndex":3,"MarketIndex":20,"ClientOrderIndex":1764703877093,"BaseAmount":300,"Price":91835,"IsAsk":0,"Type":0,"TimeInForce":1,"ReduceOnly":1,"TriggerPrice":0,"OrderExpiry":1767123073230,"ExpiredAt":1764704472230,"Nonce":2182,"Sig":"8FfmnxNt3aWXDTmh7dj3M515IYF4N5L/7fYDdwl89MnQoEm/+VBuS6rHHpV10Lj7bq5q/GTnaTufORettZTDKTN0pqoUAPGgywFhNaVxcCU="}
20:31:13 [DEBUG] [x10_account] RAW MSG: {"type":"BALANCE","data":{"isSnapshot":false,"balance":{"collateralName":"USD","balance":"301.144542
20:31:13 [DEBUG] [x10_account] RAW MSG: {"type":"ORDER","data":{"isSnapshot":false,"orders":[{"id":1995938788144676864,"accountId":127074,"e
20:31:13 [DEBUG] [x10_account] RAW MSG: {"type":"TRADE","data":{"isSnapshot":false,"trades":[{"id":1995938788982919169,"accountId":127074,"m
20:31:13 [DEBUG] [x10_account] RAW MSG: {"type":"POSITION","data":{"isSnapshot":false,"positions":[{"id":1995938788999692288,"accountId":127
20:31:13 [DEBUG] [x10_account] RAW MSG: {"type":"BALANCE","data":{"isSnapshot":false,"balance":{"collateralName":"USD","balance":"301.137965
20:31:13 [DEBUG] [x10_account] RAW MSG: {"type":"BALANCE","data":{"isSnapshot":false,"balance":{"collateralName":"USD","balance":"301.137965
20:31:13 [DEBUG] [x10_account] RAW MSG: {"type":"TRADE","data":{"isSnapshot":false,"trades":[{"id":1995938789037445121,"accountId":127074,"m
20:31:13 [DEBUG] [x10_account] RAW MSG: {"type":"ORDER","data":{"isSnapshot":false,"orders":[{"id":1995938788203503616,"accountId":127074,"e
20:31:13 [DEBUG] [x10_account] RAW MSG: {"type":"POSITION","data":{"isSnapshot":false,"positions":[{"id":1995938789062606848,"accountId":127
20:31:13 [DEBUG] [x10_account] RAW MSG: {"type":"BALANCE","data":{"isSnapshot":false,"balance":{"collateralName":"USD","balance":"301.132528
20:31:13 [INFO] ✅ Found 0 opportunities with predictions (farm_mode=True)
20:31:13 [INFO] ⚠️ Keine Prediction-Opportunities, nutze Fallback mit echten Funding Rates...
20:31:13 [INFO]  VOL REGIME: TAO-USD UNKNOWN -> LOW (24h Range: 0.00%)
20:31:13 [INFO]  VOL REGIME: EIGEN-USD UNKNOWN -> LOW (24h Range: 0.00%)
20:31:13 [INFO]  VOL REGIME: HYPE-USD UNKNOWN -> LOW (24h Range: 0.00%)
20:31:13 [DEBUG] 🔄 Skip KAITO-USD: Already open (in open_syms)
20:31:13 [INFO]  VOL REGIME: WIF-USD UNKNOWN -> LOW (24h Range: 0.00%)
20:31:13 [INFO]  VOL REGIME: JUP-USD UNKNOWN -> LOW (24h Range: 0.00%)
20:31:13 [INFO]  VOL REGIME: WLFI-USD UNKNOWN -> LOW (24h Range: 0.00%)
20:31:13 [INFO]  VOL REGIME: PENDLE-USD UNKNOWN -> LOW (24h Range: 0.00%)
20:31:13 [INFO]  VOL REGIME: BNB-USD UNKNOWN -> LOW (24h Range: 0.00%)
20:31:13 [INFO]  VOL REGIME: 1000PEPE-USD UNKNOWN -> LOW (24h Range: 0.00%)
20:31:13 [INFO]  VOL REGIME: MNT-USD UNKNOWN -> LOW (24h Range: 0.00%)
20:31:13 [INFO]  VOL REGIME: CRV-USD UNKNOWN -> LOW (24h Range: 0.00%)
20:31:13 [DEBUG] ⛔ Skip XAU-USD: TradFi/FX
20:31:13 [INFO]  VOL REGIME: WLD-USD UNKNOWN -> LOW (24h Range: 0.00%)
20:31:13 [INFO]  VOL REGIME: STRK-USD UNKNOWN -> LOW (24h Range: 0.00%)
20:31:13 [INFO]  VOL REGIME: PUMP-USD UNKNOWN -> LOW (24h Range: 0.00%)
20:31:13 [INFO]  VOL REGIME: AVNT-USD UNKNOWN -> LOW (24h Range: 0.00%)
20:31:13 [INFO]  VOL REGIME: ZRO-USD UNKNOWN -> LOW (24h Range: 0.00%)
20:31:13 [INFO]  VOL REGIME: TRX-USD UNKNOWN -> LOW (24h Range: 0.00%)
20:31:13 [INFO]  VOL REGIME: ARB-USD UNKNOWN -> LOW (24h Range: 0.00%)
20:31:13 [INFO]  VOL REGIME: BTC-USD UNKNOWN -> LOW (24h Range: 0.00%)
20:31:13 [INFO]  VOL REGIME: EDEN-USD UNKNOWN -> LOW (24h Range: 0.00%)
20:31:13 [DEBUG] ⛔ Skip XAG-USD: TradFi/FX
20:31:13 [DEBUG] ⛔ Skip SPX-USD: TradFi/FX
20:31:13 [INFO]  VOL REGIME: AAVE-USD UNKNOWN -> LOW (24h Range: 0.00%)
20:31:13 [INFO]  VOL REGIME: AVAX-USD UNKNOWN -> LOW (24h Range: 0.00%)
20:31:13 [INFO]  VOL REGIME: DOGE-USD UNKNOWN -> LOW (24h Range: 0.00%)
20:31:13 [INFO]  VOL REGIME: SUI-USD UNKNOWN -> LOW (24h Range: 0.00%)
20:31:13 [INFO]  VOL REGIME: ONDO-USD UNKNOWN -> LOW (24h Range: 0.00%)
20:31:13 [DEBUG] 🔄 Skip ENA-USD: Already open (in open_syms)
20:31:13 [INFO]  VOL REGIME: ADA-USD UNKNOWN -> LOW (24h Range: 0.00%)
20:31:13 [INFO]  VOL REGIME: ZEC-USD UNKNOWN -> LOW (24h Range: 0.00%)
20:31:13 [INFO]  VOL REGIME: POPCAT-USD UNKNOWN -> LOW (24h Range: 0.00%)
20:31:13 [INFO]  VOL REGIME: LTC-USD UNKNOWN -> LOW (24h Range: 0.00%)
20:31:13 [INFO]  VOL REGIME: VIRTUAL-USD UNKNOWN -> LOW (24h Range: 0.00%)
20:31:13 [INFO]  VOL REGIME: LINEA-USD UNKNOWN -> LOW (24h Range: 0.00%)
20:31:13 [INFO]  VOL REGIME: OP-USD UNKNOWN -> LOW (24h Range: 0.00%)
20:31:13 [INFO]  VOL REGIME: SOL-USD UNKNOWN -> LOW (24h Range: 0.00%)
20:31:13 [INFO]  VOL REGIME: ZORA-USD UNKNOWN -> LOW (24h Range: 0.00%)
20:31:13 [INFO]  VOL REGIME: LDO-USD UNKNOWN -> LOW (24h Range: 0.00%)
20:31:13 [INFO]  VOL REGIME: IP-USD UNKNOWN -> LOW (24h Range: 0.00%)
20:31:13 [INFO]  VOL REGIME: TIA-USD UNKNOWN -> LOW (24h Range: 0.00%)
20:31:13 [INFO]  VOL REGIME: APT-USD UNKNOWN -> LOW (24h Range: 0.00%)
20:31:13 [INFO]  VOL REGIME: RESOLV-USD UNKNOWN -> LOW (24h Range: 0.00%)
20:31:13 [INFO] 🔍 DEBUG RESOLV-USD: rl=-0.00074400, rx=-0.00085300, net=0.00010900, apy=95.5%
20:31:13 [DEBUG] Skip RESOLV-USD: Spread 0.51% too high
20:31:13 [INFO]  VOL REGIME: APEX-USD UNKNOWN -> LOW (24h Range: 0.00%)
20:31:13 [INFO] 🔍 DEBUG APEX-USD: rl=0.00001200, rx=-0.00010100, net=0.00011300, apy=99.0%
20:31:13 [INFO] 💎 APEX-USD | APY: 99.0%
20:31:13 [INFO]  VOL REGIME: MON-USD UNKNOWN -> LOW (24h Range: 0.00%)
20:31:13 [INFO]  VOL REGIME: XPL-USD UNKNOWN -> LOW (24h Range: 0.00%)
20:31:13 [INFO]  VOL REGIME: PENGU-USD UNKNOWN -> LOW (24h Range: 0.00%)
20:31:13 [INFO]  VOL REGIME: UNI-USD UNKNOWN -> LOW (24h Range: 0.00%)
20:31:13 [INFO]  VOL REGIME: FARTCOIN-USD UNKNOWN -> LOW (24h Range: 0.00%)
20:31:13 [INFO]  VOL REGIME: LINK-USD UNKNOWN -> LOW (24h Range: 0.00%)
20:31:13 [INFO]  VOL REGIME: TON-USD UNKNOWN -> LOW (24h Range: 0.00%)
20:31:13 [INFO]  VOL REGIME: 1000BONK-USD UNKNOWN -> LOW (24h Range: 0.00%)
20:31:13 [INFO]  VOL REGIME: S-USD UNKNOWN -> LOW (24h Range: 0.00%)
20:31:13 [INFO]  VOL REGIME: ASTER-USD UNKNOWN -> LOW (24h Range: 0.00%)
20:31:13 [INFO]  VOL REGIME: NEAR-USD UNKNOWN -> LOW (24h Range: 0.00%)
20:31:13 [INFO]  VOL REGIME: SEI-USD UNKNOWN -> LOW (24h Range: 0.00%)
20:31:13 [INFO]  VOL REGIME: GRASS-USD UNKNOWN -> LOW (24h Range: 0.00%)
20:31:13 [INFO]  VOL REGIME: XRP-USD UNKNOWN -> LOW (24h Range: 0.00%)
20:31:13 [INFO]  VOL REGIME: TRUMP-USD UNKNOWN -> LOW (24h Range: 0.00%)
20:31:13 [INFO]  VOL REGIME: BERA-USD UNKNOWN -> LOW (24h Range: 0.00%)
20:31:13 [INFO] 🔍 DEBUG BERA-USD: rl=-0.00016000, rx=-0.00009100, net=-0.00006900, apy=60.4%
20:31:13 [INFO]  VOL REGIME: 1000SHIB-USD UNKNOWN -> LOW (24h Range: 0.00%)
20:31:13 [INFO] ✅ Found 37 opportunities from 61 valid pairs (farm_mode=True, scanned=67)
20:31:13 [INFO] 🎯 Found 3 opportunities, executing best...
20:31:13 [DEBUG] Sending GET https://api.starknet.extended.exchange/api/v1/user/balance
20:31:13 [DEBUG] Create Order Send Tx Response: code=200 message='{"ratelimit": "didn\'t use volume quota"}' tx_hash='e35a06086607bef5106d65e889f97134bc673a86eaf97143ed7148cfe3f91c95135c521ddf7073a1' predicted_execution_time_ms=1764703865189 additional_properties={}
20:31:13 [INFO] Lighter Order: e35a06086607bef5106d65e889f97134bc673a86eaf97143ed7148cfe3f91c95135c521ddf7073a1
20:31:13 [INFO] ✅ Lighter close BERA-USD: Erfolgreich ($27.39)
20:31:13 [INFO] ✅ Closed orphaned Lighter BERA-USD
20:31:13 [WARNING] 🔻 Closing orphaned Lighter position: ENA-USD
20:31:13 [INFO] 🔍 DEBUG close_live_position ENTRY: symbol=ENA-USD (type=<class 'str'>)
20:31:13 [INFO] 🔍 DEBUG: original_side=SELL (type=<class 'str'>)
20:31:13 [INFO] 🔍 DEBUG: notional_usd=26.340000000000003 (type=<class 'float'>)
20:31:13 [DEBUG] ✅ HYPE-USD: X10=$5,521,920, Lighter=$1,431,953, Total=$6,953,873
20:31:13 [DEBUG] Using cached positions (age: 1.5s)
20:31:13 [INFO] 🔍 DEBUG ENA-USD: entry_time type=<class 'str'>, value=2025-12-02T19:31:12.149224+00:00
20:31:13 [DEBUG] Check ENA-USD: Age=1.8s (Limit=60s)
20:31:13 [INFO] 🔍 DEBUG KAITO-USD: entry_time type=<class 'str'>, value=2025-12-02T19:31:11.737206+00:00
20:31:13 [DEBUG] Check KAITO-USD: Age=2.2s (Limit=60s)
20:31:13 [INFO] 🔍 DEBUG BERA-USD: entry_time type=<class 'str'>, value=2025-12-02T19:31:13.109772+00:00
20:31:13 [DEBUG] Check BERA-USD: Age=0.9s (Limit=60s)
20:31:13 [INFO] 🔍 DEBUG TRUMP-USD: entry_time type=<class 'str'>, value=2025-12-02T19:31:13.113771+00:00
20:31:13 [DEBUG] Check TRUMP-USD: Age=0.8s (Limit=60s)
20:31:13 [INFO] Lighter: Found 3 open positions
20:31:13 [INFO] 🔻 LIGHTER CLOSE ENA-USD: size=-100.000000 coins, side=BUY, price=$0.2635, notional=$26.35
20:31:13 [INFO] 🚀 LIGHTER OPEN ENA-USD: side=BUY, size_usd=$26.35, price=$0.263460
20:31:13 [DEBUG] 🔍 DEBUG: ENA-USD market_id = 29 (raw=29, type=<class 'int'>)
20:31:13 [DEBUG] QUANTIZE ENA-USD: USD=26.35, coins=100.000000, raw=1000, lot_size=200, final=1000
20:31:13 [DEBUG] Create Order Tx Info: {"AccountIndex":60113,"ApiKeyIndex":3,"MarketIndex":29,"ClientOrderIndex":1764703947038,"BaseAmount":1000,"Price":26505,"IsAsk":0,"Type":0,"TimeInForce":1,"ReduceOnly":1,"TriggerPrice":0,"OrderExpiry":1767123073974,"ExpiredAt":1764704472974,"Nonce":2183,"Sig":"zEHeXdhGsgF5jPwuLwsd61xL2IB/H5Hnsxax5NSx10+ewXclmT1zR/Xxi9MaRAf6oc2vhMn8G+WcmIwX3e1dOuodAbeGU/ohlOK7LtZRIR8="}
20:31:14 [DEBUG] 📝 Flushed 2 writes
20:31:14 [DEBUG] 📝 Flushed 1 writes in 0.0ms
20:31:14 [DEBUG] Create Order Send Tx Response: code=200 message='{"ratelimit": "didn\'t use volume quota"}' tx_hash='0875adf9fd3676dfdd97b2bf93f0647890c6890841167583bffb0796ede53da6967366d439f3676a' predicted_execution_time_ms=1764703865932 additional_properties={}
20:31:14 [INFO] Lighter Order: 0875adf9fd3676dfdd97b2bf93f0647890c6890841167583bffb0796ede53da6967366d439f3676a
20:31:14 [INFO] ✅ Lighter close ENA-USD: Erfolgreich ($26.35)
20:31:14 [INFO] ✅ Closed orphaned Lighter ENA-USD
20:31:14 [DEBUG] Lighter Balance: Raw=$294.85, Safe=$280.11
20:31:14 [INFO] X10: Detected balance = $301.07
20:31:14 [DEBUG] ⛔ Max trades reached (4/3). Waiting...
20:31:14 [DEBUG] Using cached positions (age: 2.5s)
20:31:14 [INFO] 🔍 DEBUG ENA-USD: entry_time type=<class 'str'>, value=2025-12-02T19:31:12.149224+00:00
20:31:14 [DEBUG] Check ENA-USD: Age=2.8s (Limit=60s)
20:31:14 [INFO] 🔍 DEBUG KAITO-USD: entry_time type=<class 'str'>, value=2025-12-02T19:31:11.737206+00:00
20:31:14 [DEBUG] Check KAITO-USD: Age=3.2s (Limit=60s)
20:31:14 [INFO] 🔍 DEBUG BERA-USD: entry_time type=<class 'str'>, value=2025-12-02T19:31:13.109772+00:00
20:31:14 [DEBUG] Check BERA-USD: Age=1.8s (Limit=60s)
20:31:14 [INFO] 🔍 DEBUG TRUMP-USD: entry_time type=<class 'str'>, value=2025-12-02T19:31:13.113771+00:00
20:31:14 [DEBUG] Check TRUMP-USD: Age=1.8s (Limit=60s)
20:31:15 [DEBUG] 📝 Flushed 1 writes
20:31:15 [DEBUG] 📝 Flushed 1 writes in 0.0ms
20:31:15 [DEBUG] Using cached positions (age: 3.5s)
20:31:15 [INFO] 🔍 DEBUG ENA-USD: entry_time type=<class 'str'>, value=2025-12-02T19:31:12.149224+00:00
20:31:15 [DEBUG] Check ENA-USD: Age=3.8s (Limit=60s)
20:31:15 [INFO] 🔍 DEBUG KAITO-USD: entry_time type=<class 'str'>, value=2025-12-02T19:31:11.737206+00:00
20:31:15 [DEBUG] Check KAITO-USD: Age=4.2s (Limit=60s)
20:31:15 [INFO] 🔍 DEBUG BERA-USD: entry_time type=<class 'str'>, value=2025-12-02T19:31:13.109772+00:00
20:31:15 [DEBUG] Check BERA-USD: Age=2.9s (Limit=60s)
20:31:15 [INFO] 🔍 DEBUG TRUMP-USD: entry_time type=<class 'str'>, value=2025-12-02T19:31:13.113771+00:00
20:31:15 [DEBUG] Check TRUMP-USD: Age=2.8s (Limit=60s)
20:31:16 [DEBUG] Using cached positions (age: 4.5s)
20:31:16 [INFO] 🔍 DEBUG ENA-USD: entry_time type=<class 'str'>, value=2025-12-02T19:31:12.149224+00:00
20:31:16 [DEBUG] Check ENA-USD: Age=4.8s (Limit=60s)
20:31:16 [INFO] 🔍 DEBUG KAITO-USD: entry_time type=<class 'str'>, value=2025-12-02T19:31:11.737206+00:00
20:31:16 [DEBUG] Check KAITO-USD: Age=5.2s (Limit=60s)
20:31:16 [INFO] 🔍 DEBUG BERA-USD: entry_time type=<class 'str'>, value=2025-12-02T19:31:13.109772+00:00
20:31:16 [DEBUG] Check BERA-USD: Age=3.8s (Limit=60s)
20:31:16 [INFO] 🔍 DEBUG TRUMP-USD: entry_time type=<class 'str'>, value=2025-12-02T19:31:13.113771+00:00
20:31:16 [DEBUG] Check TRUMP-USD: Age=3.8s (Limit=60s)
20:31:17 [DEBUG] MAX_OPEN_TRADES (3) reached, waiting...
20:31:17 [DEBUG] ✅ WIF-USD: X10=$328,337, Lighter=$2,664,839, Total=$2,993,175
20:31:17 [DEBUG] Fetching fresh positions (force=False, cache_age=5.5s)
20:31:17 [DEBUG] Sending GET https://api.starknet.extended.exchange/api/v1/user/positions?
20:31:18 [INFO] Lighter: Found 2 open positions
20:31:18 [INFO] 📊 Positions: X10=4, Lighter=2
20:31:18 [DEBUG] X10 positions: ['ENA-USD', 'BERA-USD', 'TRUMP-USD', 'KAITO-USD']
20:31:18 [DEBUG] Lighter positions: ['TRUMP-USD', 'KAITO-USD']
20:31:18 [INFO] 🔍 DEBUG ENA-USD: entry_time type=<class 'str'>, value=2025-12-02T19:31:12.149224+00:00
20:31:18 [DEBUG] Check ENA-USD: Age=6.3s (Limit=60s)
20:31:18 [INFO] 🔍 DEBUG KAITO-USD: entry_time type=<class 'str'>, value=2025-12-02T19:31:11.737206+00:00
20:31:18 [DEBUG] Check KAITO-USD: Age=6.7s (Limit=60s)
20:31:18 [INFO] 🔍 DEBUG BERA-USD: entry_time type=<class 'str'>, value=2025-12-02T19:31:13.109772+00:00
20:31:18 [DEBUG] Check BERA-USD: Age=5.3s (Limit=60s)
20:31:18 [INFO] 🔍 DEBUG TRUMP-USD: entry_time type=<class 'str'>, value=2025-12-02T19:31:13.113771+00:00
20:31:18 [DEBUG] Check TRUMP-USD: Age=5.3s (Limit=60s)
20:31:19 [DEBUG] Using cached positions (age: 1.5s)
20:31:19 [INFO] 🔍 DEBUG ENA-USD: entry_time type=<class 'str'>, value=2025-12-02T19:31:12.149224+00:00
20:31:19 [DEBUG] Check ENA-USD: Age=7.3s (Limit=60s)
20:31:19 [INFO] 🔍 DEBUG KAITO-USD: entry_time type=<class 'str'>, value=2025-12-02T19:31:11.737206+00:00
20:31:19 [DEBUG] Check KAITO-USD: Age=7.7s (Limit=60s)
20:31:19 [INFO] 🔍 DEBUG BERA-USD: entry_time type=<class 'str'>, value=2025-12-02T19:31:13.109772+00:00
20:31:19 [DEBUG] Check BERA-USD: Age=6.3s (Limit=60s)
20:31:19 [INFO] 🔍 DEBUG TRUMP-USD: entry_time type=<class 'str'>, value=2025-12-02T19:31:13.113771+00:00
20:31:19 [DEBUG] Check TRUMP-USD: Age=6.3s (Limit=60s)
20:31:20 [DEBUG] MAX_OPEN_TRADES (3) reached, waiting...
20:31:20 [DEBUG] Using cached positions (age: 2.5s)
20:31:20 [INFO] 🔍 DEBUG ENA-USD: entry_time type=<class 'str'>, value=2025-12-02T19:31:12.149224+00:00
20:31:20 [DEBUG] Check ENA-USD: Age=8.3s (Limit=60s)
20:31:20 [INFO] 🔍 DEBUG KAITO-USD: entry_time type=<class 'str'>, value=2025-12-02T19:31:11.737206+00:00
20:31:20 [DEBUG] Check KAITO-USD: Age=8.7s (Limit=60s)
20:31:20 [INFO] 🔍 DEBUG BERA-USD: entry_time type=<class 'str'>, value=2025-12-02T19:31:13.109772+00:00
20:31:20 [DEBUG] Check BERA-USD: Age=7.3s (Limit=60s)
20:31:20 [INFO] 🔍 DEBUG TRUMP-USD: entry_time type=<class 'str'>, value=2025-12-02T19:31:13.113771+00:00
20:31:20 [DEBUG] Check TRUMP-USD: Age=7.3s (Limit=60s)
20:31:20 [INFO] 🔌 [x10_market] Connecting with kwargs: {'close_timeout': 5.0, 'max_size': 4194304, 'ping_interval': 15.0, 'additional_headers': {'X-Api-Key': 'a1c9207f79f0e57ddc454bf1e16dbe49', 'User-Agent': 'X10PythonTradingClient/0.4.5'}}
20:31:21 [DEBUG] Using cached positions (age: 3.5s)
20:31:21 [INFO] 🔍 DEBUG ENA-USD: entry_time type=<class 'str'>, value=2025-12-02T19:31:12.149224+00:00
20:31:21 [DEBUG] Check ENA-USD: Age=9.3s (Limit=60s)
20:31:21 [INFO] 🔍 DEBUG KAITO-USD: entry_time type=<class 'str'>, value=2025-12-02T19:31:11.737206+00:00
20:31:21 [DEBUG] Check KAITO-USD: Age=9.7s (Limit=60s)
20:31:21 [INFO] 🔍 DEBUG BERA-USD: entry_time type=<class 'str'>, value=2025-12-02T19:31:13.109772+00:00
20:31:21 [DEBUG] Check BERA-USD: Age=8.3s (Limit=60s)
20:31:21 [INFO] 🔍 DEBUG TRUMP-USD: entry_time type=<class 'str'>, value=2025-12-02T19:31:13.113771+00:00
20:31:21 [DEBUG] Check TRUMP-USD: Age=8.3s (Limit=60s)
20:31:21 [ERROR] [x10_market] Connection failed: server rejected WebSocket connection: HTTP 404
20:31:21 [ERROR] [x10_market] Connection error: server rejected WebSocket connection: HTTP 404
20:31:21 [INFO] 🔄 [x10_market] Reconnecting in 16.0s (attempt 5)
20:31:22 [DEBUG] Using cached positions (age: 4.5s)
20:31:22 [INFO] 🔍 DEBUG ENA-USD: entry_time type=<class 'str'>, value=2025-12-02T19:31:12.149224+00:00
20:31:22 [DEBUG] Check ENA-USD: Age=10.3s (Limit=60s)
20:31:22 [INFO] 🔍 DEBUG KAITO-USD: entry_time type=<class 'str'>, value=2025-12-02T19:31:11.737206+00:00
20:31:22 [DEBUG] Check KAITO-USD: Age=10.7s (Limit=60s)
20:31:22 [INFO] 🔍 DEBUG BERA-USD: entry_time type=<class 'str'>, value=2025-12-02T19:31:13.109772+00:00
20:31:22 [DEBUG] Check BERA-USD: Age=9.3s (Limit=60s)
20:31:22 [INFO] 🔍 DEBUG TRUMP-USD: entry_time type=<class 'str'>, value=2025-12-02T19:31:13.113771+00:00
20:31:22 [DEBUG] Check TRUMP-USD: Age=9.3s (Limit=60s)
20:31:22 [DEBUG] 💓 [lighter] Alive (uptime=20s, last_msg=0s ago)
20:31:22 [DEBUG] 💓 [x10_account] Alive (uptime=20s, last_msg=9s ago)
20:31:23 [DEBUG] ✅ JUP-USD: X10=$232,307, Lighter=$3,566,766, Total=$3,799,073
20:31:23 [DEBUG] MAX_OPEN_TRADES (3) reached, waiting...
20:31:23 [DEBUG] Fetching fresh positions (force=False, cache_age=5.5s)
20:31:23 [DEBUG] Sending GET https://api.starknet.extended.exchange/api/v1/user/positions?
20:31:23 [DEBUG] [x10_account] RAW MSG: {"type":"POSITION","data":{"isSnapshot":false,"positions":[{"id":1995938783245107200,"accountId":127
20:31:23 [DEBUG] [x10_account] RAW MSG: {"type":"BALANCE","data":{"isSnapshot":false,"balance":{"collateralName":"USD","balance":"301.132528
20:31:23 [INFO] Lighter: Found 2 open positions
20:31:23 [INFO] 📊 Positions: X10=4, Lighter=2
20:31:23 [DEBUG] X10 positions: ['ENA-USD', 'BERA-USD', 'TRUMP-USD', 'KAITO-USD']
20:31:23 [DEBUG] Lighter positions: ['TRUMP-USD', 'KAITO-USD']
20:31:23 [INFO] 🔍 DEBUG ENA-USD: entry_time type=<class 'str'>, value=2025-12-02T19:31:12.149224+00:00
20:31:23 [DEBUG] Check ENA-USD: Age=11.7s (Limit=60s)
20:31:23 [INFO] 🔍 DEBUG KAITO-USD: entry_time type=<class 'str'>, value=2025-12-02T19:31:11.737206+00:00
20:31:23 [DEBUG] Check KAITO-USD: Age=12.1s (Limit=60s)
20:31:23 [INFO] 🔍 DEBUG BERA-USD: entry_time type=<class 'str'>, value=2025-12-02T19:31:13.109772+00:00
20:31:23 [DEBUG] Check BERA-USD: Age=10.7s (Limit=60s)
20:31:23 [INFO] 🔍 DEBUG TRUMP-USD: entry_time type=<class 'str'>, value=2025-12-02T19:31:13.113771+00:00
20:31:23 [DEBUG] Check TRUMP-USD: Age=10.7s (Limit=60s)
20:31:24 [DEBUG] Using cached positions (age: 1.4s)
20:31:24 [INFO] 🔍 DEBUG ENA-USD: entry_time type=<class 'str'>, value=2025-12-02T19:31:12.149224+00:00
20:31:24 [DEBUG] Check ENA-USD: Age=12.7s (Limit=60s)
20:31:24 [INFO] 🔍 DEBUG KAITO-USD: entry_time type=<class 'str'>, value=2025-12-02T19:31:11.737206+00:00
20:31:24 [DEBUG] Check KAITO-USD: Age=13.1s (Limit=60s)
20:31:24 [INFO] 🔍 DEBUG BERA-USD: entry_time type=<class 'str'>, value=2025-12-02T19:31:13.109772+00:00
20:31:24 [DEBUG] Check BERA-USD: Age=11.7s (Limit=60s)
20:31:24 [INFO] 🔍 DEBUG TRUMP-USD: entry_time type=<class 'str'>, value=2025-12-02T19:31:13.113771+00:00
20:31:24 [DEBUG] Check TRUMP-USD: Age=11.7s (Limit=60s)
20:31:25 [DEBUG] Using cached positions (age: 2.4s)
20:31:25 [INFO] 🔍 DEBUG ENA-USD: entry_time type=<class 'str'>, value=2025-12-02T19:31:12.149224+00:00
20:31:25 [DEBUG] Check ENA-USD: Age=13.7s (Limit=60s)
20:31:25 [INFO] 🔍 DEBUG KAITO-USD: entry_time type=<class 'str'>, value=2025-12-02T19:31:11.737206+00:00
20:31:25 [DEBUG] Check KAITO-USD: Age=14.1s (Limit=60s)
20:31:25 [INFO] 🔍 DEBUG BERA-USD: entry_time type=<class 'str'>, value=2025-12-02T19:31:13.109772+00:00
20:31:25 [DEBUG] Check BERA-USD: Age=12.7s (Limit=60s)
20:31:25 [INFO] 🔍 DEBUG TRUMP-USD: entry_time type=<class 'str'>, value=2025-12-02T19:31:13.113771+00:00
20:31:25 [DEBUG] Check TRUMP-USD: Age=12.7s (Limit=60s)
20:31:26 [DEBUG] MAX_OPEN_TRADES (3) reached, waiting...
20:31:26 [DEBUG] Using cached positions (age: 3.4s)
20:31:26 [INFO] 🔍 DEBUG ENA-USD: entry_time type=<class 'str'>, value=2025-12-02T19:31:12.149224+00:00
20:31:26 [DEBUG] Check ENA-USD: Age=14.7s (Limit=60s)
20:31:26 [INFO] 🔍 DEBUG KAITO-USD: entry_time type=<class 'str'>, value=2025-12-02T19:31:11.737206+00:00
20:31:26 [DEBUG] Check KAITO-USD: Age=15.1s (Limit=60s)
20:31:26 [INFO] 🚜 [FARM] Profit Take KAITO-USD: Age=15s, Spread=0.030% (sehr niedrig), PnL=$0.00
20:31:26 [INFO]  💸 EXIT KAITO-USD: FARM_QUICK_PROFIT | PnL $0.00 (Fees: $0.00)
20:31:26 [INFO]  🔻 CLOSING KAITO-USD (Atomic Smart Close)...
20:31:26 [DEBUG] ✅ WLFI-USD: X10=$830,587, Lighter=$25,342,777, Total=$26,173,363
20:31:27 [INFO] Lighter: Found 2 open positions
20:31:27 [INFO] 🔍 DEBUG close_live_position ENTRY: symbol=KAITO-USD (type=<class 'str'>)
20:31:27 [INFO] 🔍 DEBUG: original_side=BUY (type=<class 'str'>)
20:31:27 [INFO] 🔍 DEBUG: notional_usd=26.842000000000002 (type=<class 'float'>)
20:31:27 [INFO] Lighter: Found 2 open positions
20:31:27 [INFO] 🔻 LIGHTER CLOSE KAITO-USD: size=-40.000000 coins, side=BUY, price=$0.6711, notional=$26.84
20:31:27 [INFO] 🚀 LIGHTER OPEN KAITO-USD: side=BUY, size_usd=$26.84, price=$0.671050
20:31:27 [DEBUG] 🔍 DEBUG: KAITO-USD market_id = 33 (raw=33, type=<class 'int'>)
20:31:27 [DEBUG] QUANTIZE KAITO-USD: USD=26.84, coins=40.000000, raw=400, lot_size=100, final=400
20:31:27 [DEBUG] Create Order Tx Info: {"AccountIndex":60113,"ApiKeyIndex":3,"MarketIndex":33,"ClientOrderIndex":1764703922224,"BaseAmount":400,"Price":67508,"IsAsk":0,"Type":0,"TimeInForce":1,"ReduceOnly":1,"TriggerPrice":0,"OrderExpiry":1767123087771,"ExpiredAt":1764704486771,"Nonce":2184,"Sig":"RCvN1ndn6JBUiltoyu7tAcLmjSCiS3iICEm26B2G5LBSUMt8OpdFUEQyFf34WNJQas1QD/mzv6rDYTSrWcUTNHZncMW662x/+6gnBxa6zi4="}
20:31:28 [DEBUG] Create Order Send Tx Response: code=200 message='{"ratelimit": "didn\'t use volume quota"}' tx_hash='eba60e040c8890bc203c952d98ca46f862156b473a1a5311246d50539299e581a6bc5d0da8f8d4e3' predicted_execution_time_ms=1764703879728 additional_properties={}
20:31:28 [INFO] Lighter Order: eba60e040c8890bc203c952d98ca46f862156b473a1a5311246d50539299e581a6bc5d0da8f8d4e3
20:31:28 [INFO] ✅ Lighter close KAITO-USD: Erfolgreich ($26.84)
20:31:28 [INFO] ✅ Lighter KAITO-USD OK, closing X10...
20:31:29 [DEBUG] MAX_OPEN_TRADES (3) reached, waiting...
20:31:30 [DEBUG] ✅ PENDLE-USD: X10=$106,560, Lighter=$1,202,216, Total=$1,308,776
20:31:31 [DEBUG] Sending GET https://api.starknet.extended.exchange/api/v1/user/positions?
20:31:31 [INFO] 🔻 Closing X10 KAITO-USD: size=44.000000 coins, side=BUY
20:31:31 [DEBUG] Sending GET https://api.starknet.extended.exchange/api/v1/user/positions?
20:31:31 [INFO] 🔻 X10 CLOSE KAITO-USD: size=44.000000, side=SELL
20:31:31 [DEBUG] Placing an order: id=517798200423038342883970029213584488671703785070704544396276460950269529620
20:31:31 [DEBUG] Sending POST https://api.starknet.extended.exchange/api/v1/user/order, headers={<RequestHeader.ACCEPT: 'Accept'>: 'application/json', <RequestHeader.CONTENT_TYPE: 'Content-Type'>: 'application/json', <RequestHeader.USER_AGENT: 'User-Agent'>: 'X10PythonTradingClient/0.0.17', <RequestHeader.API_KEY: 'X-Api-Key'>: 'a1c9207f79f0e57ddc454bf1e16dbe49'}
20:31:32 [DEBUG] MAX_OPEN_TRADES (3) reached, waiting...
20:31:32 [INFO]  X10 Order: 1995938869942263808
20:31:32 [DEBUG] 💓 [lighter] Alive (uptime=30s, last_msg=0s ago)
20:31:32 [DEBUG] 💓 [x10_account] Alive (uptime=30s, last_msg=9s ago)
20:31:32 [DEBUG] [x10_account] RAW MSG: {"type":"BALANCE","data":{"isSnapshot":false,"balance":{"collateralName":"USD","balance":"301.132528
20:31:32 [DEBUG] [x10_account] RAW MSG: {"type":"ORDER","data":{"isSnapshot":false,"orders":[{"id":1995938869942263808,"accountId":127074,"e
20:31:32 [DEBUG] [x10_account] RAW MSG: {"type":"TRADE","data":{"isSnapshot":false,"trades":[{"id":1995938870780235776,"accountId":127074,"m
20:31:32 [DEBUG] [x10_account] RAW MSG: {"type":"POSITION","data":{"isSnapshot":false,"positions":[{"id":1995938783245107200,"accountId":127
20:31:32 [DEBUG] [x10_account] RAW MSG: {"type":"BALANCE","data":{"isSnapshot":false,"balance":{"collateralName":"USD","balance":"301.125888
20:31:34 [DEBUG] ✅ BNB-USD: X10=$1,439,463, Lighter=$18,208, Total=$1,457,671
20:31:34 [DEBUG] Sending GET https://api.starknet.extended.exchange/api/v1/user/positions?
20:31:34 [INFO] ✅ X10 KAITO-USD closed (44.000000 coins)
20:31:34 [INFO] ✅ KAITO-USD fully closed
20:31:34 [INFO] ✅ Trade KAITO-USD closed (PnL: $0.00)
20:31:34 [INFO] ✅ Trade KAITO-USD closed (PnL: $0.00)
20:31:34 [DEBUG] 📝 Flushed 1 writes
20:31:34 [DEBUG] 📝 Flushed 1 writes in 15.0ms
20:31:34 [INFO]  💰 PnL KAITO-USD: $0.00 (FARM_QUICK_PROFIT)
20:31:34 [ERROR] Kelly Sizer record_trade error for KAITO-USD: Format specifier missing precision
20:31:34 [INFO] 🔍 DEBUG BERA-USD: entry_time type=<class 'str'>, value=2025-12-02T19:31:13.109772+00:00
20:31:34 [DEBUG] Check BERA-USD: Age=21.8s (Limit=60s)
20:31:34 [INFO] 🔍 DEBUG TRUMP-USD: entry_time type=<class 'str'>, value=2025-12-02T19:31:13.113771+00:00
20:31:34 [DEBUG] Check TRUMP-USD: Age=21.8s (Limit=60s)
20:31:34 [INFO] 🚜 [FARM] Profit Take TRUMP-USD: Age=21s, Spread=0.015% (sehr niedrig), PnL=$0.00
20:31:34 [INFO]  💸 EXIT TRUMP-USD: FARM_QUICK_PROFIT | PnL $0.00 (Fees: $0.00)
20:31:34 [INFO]  🔻 CLOSING TRUMP-USD (Atomic Smart Close)...
20:31:35 [INFO] Lighter: Found 1 open positions
20:31:35 [INFO] 🔍 DEBUG close_live_position ENTRY: symbol=TRUMP-USD (type=<class 'str'>)
20:31:35 [INFO] 🔍 DEBUG: original_side=BUY (type=<class 'str'>)
20:31:35 [INFO] 🔍 DEBUG: notional_usd=29.003519999999998 (type=<class 'float'>)
20:31:35 [DEBUG] MAX_OPEN_TRADES (3) reached, waiting...
20:31:35 [INFO] Lighter: Found 1 open positions
20:31:35 [INFO] 🔻 LIGHTER CLOSE TRUMP-USD: size=-4.800000 coins, side=BUY, price=$6.0424, notional=$29.00
20:31:35 [INFO] 🚀 LIGHTER OPEN TRUMP-USD: side=BUY, size_usd=$29.00, price=$6.042400
20:31:35 [DEBUG] 🔍 DEBUG: TRUMP-USD market_id = 15 (raw=15, type=<class 'int'>)
20:31:35 [DEBUG] QUANTIZE TRUMP-USD: USD=29.00, coins=4.800000, raw=480, lot_size=20, final=480
20:31:35 [DEBUG] Create Order Tx Info: {"AccountIndex":60113,"ApiKeyIndex":3,"MarketIndex":15,"ClientOrderIndex":1764703925929,"BaseAmount":480,"Price":60787,"IsAsk":0,"Type":0,"TimeInForce":1,"ReduceOnly":1,"TriggerPrice":0,"OrderExpiry":1767123095785,"ExpiredAt":1764704494785,"Nonce":2185,"Sig":"k2kB7aovO20NSZFDIl1y42LnRd5Xc4Yd8y4UAxjeIHw0/7JIZEo4YtDA2b6KXXiMDgPNC8A6wrSkubdHvEVqQgu5x/dBCukHqC5FC5X7dTU="}
20:31:35 [DEBUG] 📝 Flushed 1 writes
20:31:35 [DEBUG] 📝 Flushed 1 writes in 0.0ms
20:31:36 [DEBUG] Create Order Send Tx Response: code=200 message='{"ratelimit": "didn\'t use volume quota"}' tx_hash='0db7abe99affccc0164d422774cb2ab5de12a62da1e369188e4bdf38f4d265ac0c0419031d335468' predicted_execution_time_ms=1764703887742 additional_properties={}
20:31:36 [INFO] Lighter Order: 0db7abe99affccc0164d422774cb2ab5de12a62da1e369188e4bdf38f4d265ac0c0419031d335468
20:31:36 [INFO] ✅ Lighter close TRUMP-USD: Erfolgreich ($29.00)
20:31:36 [INFO] ✅ Lighter TRUMP-USD OK, closing X10...
20:31:36 [DEBUG] 🐕 Watchdog OK: Daten-Alter 1.1s
20:31:37 [INFO] 🔌 [x10_market] Connecting with kwargs: {'close_timeout': 5.0, 'max_size': 4194304, 'ping_interval': 15.0, 'additional_headers': {'X-Api-Key': 'a1c9207f79f0e57ddc454bf1e16dbe49', 'User-Agent': 'X10PythonTradingClient/0.4.5'}}
20:31:38 [DEBUG] ✅ 1000PEPE-USD: X10=$77,085, Lighter=$192,880,334, Total=$192,957,419
20:31:38 [DEBUG] MAX_OPEN_TRADES (3) reached, waiting...
20:31:38 [ERROR] [x10_market] Connection failed: server rejected WebSocket connection: HTTP 404
20:31:38 [ERROR] [x10_market] Connection error: server rejected WebSocket connection: HTTP 404
20:31:38 [INFO] 🔄 [x10_market] Reconnecting in 32.0s (attempt 6)
20:31:39 [DEBUG] Sending GET https://api.starknet.extended.exchange/api/v1/user/positions?
20:31:39 [INFO] 🔻 Closing X10 TRUMP-USD: size=4.000000 coins, side=BUY
20:31:39 [DEBUG] Sending GET https://api.starknet.extended.exchange/api/v1/user/positions?
20:31:39 [INFO] 🔻 X10 CLOSE TRUMP-USD: size=4.000000, side=SELL
20:31:39 [DEBUG] Placing an order: id=124103023957806418431514987678659374227744599991091004852322791406385515611
20:31:39 [DEBUG] Sending POST https://api.starknet.extended.exchange/api/v1/user/order, headers={<RequestHeader.ACCEPT: 'Accept'>: 'application/json', <RequestHeader.CONTENT_TYPE: 'Content-Type'>: 'application/json', <RequestHeader.USER_AGENT: 'User-Agent'>: 'X10PythonTradingClient/0.0.17', <RequestHeader.API_KEY: 'X-Api-Key'>: 'a1c9207f79f0e57ddc454bf1e16dbe49'}
20:31:39 [INFO]  X10 Order: 1995938900333424640
20:31:40 [DEBUG] [x10_account] RAW MSG: {"type":"BALANCE","data":{"isSnapshot":false,"balance":{"collateralName":"USD","balance":"301.125888
20:31:40 [DEBUG] [x10_account] RAW MSG: {"type":"TRADE","data":{"isSnapshot":false,"trades":[{"id":1995938901172162560,"accountId":127074,"m
20:31:40 [DEBUG] [x10_account] RAW MSG: {"type":"ORDER","data":{"isSnapshot":false,"orders":[{"id":1995938900333424640,"accountId":127074,"e
20:31:40 [DEBUG] [x10_account] RAW MSG: {"type":"POSITION","data":{"isSnapshot":false,"positions":[{"id":1995938789062606848,"accountId":127
20:31:40 [DEBUG] [x10_account] RAW MSG: {"type":"BALANCE","data":{"isSnapshot":false,"balance":{"collateralName":"USD","balance":"301.116452
20:31:41 [DEBUG] MAX_OPEN_TRADES (3) reached, waiting...
20:31:41 [DEBUG] Sending GET https://api.starknet.extended.exchange/api/v1/user/positions?
20:31:42 [INFO] ✅ X10 TRUMP-USD closed (4.000000 coins)
20:31:42 [INFO] ✅ TRUMP-USD fully closed
20:31:42 [INFO] ✅ Trade TRUMP-USD closed (PnL: $0.00)
20:31:42 [INFO] ✅ Trade TRUMP-USD closed (PnL: $0.00)
20:31:42 [DEBUG] 📝 Flushed 1 writes
20:31:42 [DEBUG] 📝 Flushed 1 writes in 0.0ms
20:31:42 [INFO]  💰 PnL TRUMP-USD: $0.00 (FARM_QUICK_PROFIT)
20:31:42 [ERROR] Kelly Sizer record_trade error for TRUMP-USD: Format specifier missing precision
20:31:42 [DEBUG] 💓 [lighter] Alive (uptime=40s, last_msg=0s ago)
20:31:42 [DEBUG] 💓 [x10_account] Alive (uptime=40s, last_msg=3s ago)
20:31:42 [WARNING] 🛑 Received SIGINT, initiating graceful shutdown...
20:31:42 [INFO] 🛑 Shutting down...
20:31:42 [INFO] 🛑 Initiating graceful shutdown...
20:31:42 [INFO] 🔍 Supervisor loop stopped
20:31:42 [INFO] 🛑 Cancelling logic_loop...
20:31:42 [INFO] 🛑 Cancelling trade_management_loop...
20:31:42 [INFO] 🛑 Cancelling farm_loop...
20:31:42 [INFO] 🛑 Cancelling maintenance_loop...
20:31:42 [INFO] 🛑 Cancelling cleanup_finished_tasks...
20:31:42 [INFO] 🛑 Cancelling health_reporter...
20:31:42 [INFO] 🛑 Cancelling connection_watchdog...
20:31:42 [INFO] Logic loop cancelled
20:31:42 [INFO] Connection watchdog cancelled
20:31:42 [INFO] ✅ All tasks stopped
20:31:42 [INFO] 🛑 Rollback processor: Shutdown signal received
20:31:42 [INFO] ✅ ParallelExecutionManager: Stopped
20:31:42 [INFO] 🔌 [x10_market] WebSocket stopped
20:31:43 [DEBUG] 📝 Flushed 1 writes
20:31:43 [DEBUG] 📝 Flushed 1 writes in 0.0ms
20:31:43 [DEBUG] ✅ MNT-USD: X10=$59,111, Lighter=$3,151,989, Total=$3,211,101
20:31:47 [DEBUG] ✅ CRV-USD: X10=$276,304, Lighter=$2,535,365, Total=$2,811,669
20:31:47 [INFO] 🔌 [lighter] WebSocket stopped
20:31:47 [INFO] 🔌 [x10_account] WebSocket stopped
20:31:47 [INFO] ✅ WebSocketManager stopped
20:31:47 [INFO] ✅ OpenInterestTracker stopped
20:31:47 [INFO] 🛑 Stopping InMemoryStateManager...
20:31:47 [INFO] 📝 State writer loop stopped
20:31:47 [INFO] ✅ InMemoryStateManager stopped
20:31:47 [INFO] 🔒 Closing database...
20:31:47 [INFO] 🖊️ Database write loop stopped
20:31:47 [INFO] ✅ Database closed
20:31:47 [INFO] ✅ X10 Adapter geschlossen.
20:31:47 [INFO] ✅ Lighter Adapter closed
20:31:47 [INFO] ✅ Bot V5 shutdown complete
