16:53:46 [INFO]  CONFIG VALIDIERUNG abgeschlossen.
16:53:46 [INFO] 🔥 BOT V5 (Architected) STARTING...
16:53:46 [INFO] 🚀 Starting InMemoryStateManager...
16:53:46 [INFO] 📂 Initializing database: data/trades.db
16:53:46 [DEBUG] executing <function connect.<locals>.connector at 0x000001BB4AE73880>
16:53:46 [DEBUG] operation <function connect.<locals>.connector at 0x000001BB4AE73880> completed
16:53:46 [DEBUG] executing functools.partial(<built-in method execute of sqlite3.Connection object at 0x000001BB4AE88F40>, 'PRAGMA foreign_keys=ON', [])
16:53:46 [DEBUG] operation functools.partial(<built-in method execute of sqlite3.Connection object at 0x000001BB4AE88F40>, 'PRAGMA foreign_keys=ON', []) completed
16:53:46 [DEBUG] executing <function connect.<locals>.connector at 0x000001BB4AE73C40>
16:53:46 [DEBUG] operation <function connect.<locals>.connector at 0x000001BB4AE73C40> completed
16:53:46 [DEBUG] executing functools.partial(<built-in method execute of sqlite3.Connection object at 0x000001BB4AE89210>, 'PRAGMA foreign_keys=ON', [])
16:53:46 [DEBUG] operation functools.partial(<built-in method execute of sqlite3.Connection object at 0x000001BB4AE89210>, 'PRAGMA foreign_keys=ON', []) completed
16:53:46 [DEBUG] executing <function connect.<locals>.connector at 0x000001BB4AE73E20>
16:53:46 [DEBUG] operation <function connect.<locals>.connector at 0x000001BB4AE73E20> completed
16:53:46 [DEBUG] executing functools.partial(<built-in method execute of sqlite3.Connection object at 0x000001BB4AE896C0>, 'PRAGMA foreign_keys=ON', [])
16:53:46 [DEBUG] operation functools.partial(<built-in method execute of sqlite3.Connection object at 0x000001BB4AE896C0>, 'PRAGMA foreign_keys=ON', []) completed
16:53:46 [DEBUG] executing <function connect.<locals>.connector at 0x000001BB4AE736A0>
16:53:46 [DEBUG] operation <function connect.<locals>.connector at 0x000001BB4AE736A0> completed
16:53:46 [DEBUG] executing functools.partial(<built-in method execute of sqlite3.Connection object at 0x000001BB4AE89C60>, 'PRAGMA foreign_keys=ON', [])
16:53:46 [DEBUG] operation functools.partial(<built-in method execute of sqlite3.Connection object at 0x000001BB4AE89C60>, 'PRAGMA foreign_keys=ON', []) completed
16:53:46 [DEBUG] executing <function connect.<locals>.connector at 0x000001BB4AE94220>
16:53:46 [DEBUG] operation <function connect.<locals>.connector at 0x000001BB4AE94220> completed
16:53:46 [DEBUG] executing functools.partial(<built-in method execute of sqlite3.Connection object at 0x000001BB4AE8A020>, 'PRAGMA foreign_keys=ON', [])
16:53:46 [DEBUG] operation functools.partial(<built-in method execute of sqlite3.Connection object at 0x000001BB4AE8A020>, 'PRAGMA foreign_keys=ON', []) completed
16:53:46 [INFO] ✅ Read pool created: 5 connections
16:53:46 [DEBUG] executing <function connect.<locals>.connector at 0x000001BB4AE73EC0>
16:53:46 [DEBUG] operation <function connect.<locals>.connector at 0x000001BB4AE73EC0> completed
16:53:46 [DEBUG] executing functools.partial(<built-in method execute of sqlite3.Connection object at 0x000001BB4AE8A2F0>, 'PRAGMA foreign_keys=ON', [])
16:53:46 [DEBUG] operation functools.partial(<built-in method execute of sqlite3.Connection object at 0x000001BB4AE8A2F0>, 'PRAGMA foreign_keys=ON', []) completed
16:53:46 [DEBUG] executing functools.partial(<built-in method execute of sqlite3.Connection object at 0x000001BB4AE8A2F0>, 'PRAGMA journal_mode=WAL', [])
16:53:46 [DEBUG] operation functools.partial(<built-in method execute of sqlite3.Connection object at 0x000001BB4AE8A2F0>, 'PRAGMA journal_mode=WAL', []) completed
16:53:46 [DEBUG] executing functools.partial(<built-in method execute of sqlite3.Connection object at 0x000001BB4AE8A2F0>, 'PRAGMA synchronous=NORMAL', [])
16:53:46 [DEBUG] operation functools.partial(<built-in method execute of sqlite3.Connection object at 0x000001BB4AE8A2F0>, 'PRAGMA synchronous=NORMAL', []) completed
16:53:46 [INFO] ✅ WAL mode enabled
16:53:46 [INFO] 🔄 Running database migrations...
16:53:46 [DEBUG] executing functools.partial(<built-in method execute of sqlite3.Connection object at 0x000001BB4AE8A2F0>, "\n            CREATE TABLE IF NOT EXISTS trades (\n                id INTEGER PRIMARY KEY AUTOINCREMENT,\n                symbol TEXT NOT NULL,\n                side_x10 TEXT NOT NULL,\n                side_lighter TEXT NOT NULL,\n                size_usd REAL NOT NULL,\n                entry_price_x10 REAL,\n                entry_price_lighter REAL,\n                status TEXT DEFAULT 'open',\n                is_farm_trade INTEGER DEFAULT 0,\n                created_at INTEGER NOT NULL,\n                closed_at INTEGER,\n                pnl REAL DEFAULT 0,\n                funding_collected REAL DEFAULT 0,\n                account_label TEXT,\n                x10_order_id TEXT,\n                lighter_order_id TEXT,\n                UNIQUE(symbol, status) ON CONFLICT REPLACE\n            )\n            ", [])
16:53:46 [DEBUG] operation functools.partial(<built-in method execute of sqlite3.Connection object at 0x000001BB4AE8A2F0>, "\n            CREATE TABLE IF NOT EXISTS trades (\n                id INTEGER PRIMARY KEY AUTOINCREMENT,\n                symbol TEXT NOT NULL,\n                side_x10 TEXT NOT NULL,\n                side_lighter TEXT NOT NULL,\n                size_usd REAL NOT NULL,\n                entry_price_x10 REAL,\n                entry_price_lighter REAL,\n                status TEXT DEFAULT 'open',\n                is_farm_trade INTEGER DEFAULT 0,\n                created_at INTEGER NOT NULL,\n                closed_at INTEGER,\n                pnl REAL DEFAULT 0,\n                funding_collected REAL DEFAULT 0,\n                account_label TEXT,\n                x10_order_id TEXT,\n                lighter_order_id TEXT,\n                UNIQUE(symbol, status) ON CONFLICT REPLACE\n            )\n            ", []) completed
16:53:46 [DEBUG] executing functools.partial(<built-in method execute of sqlite3.Connection object at 0x000001BB4AE8A2F0>, '\n            CREATE INDEX IF NOT EXISTS idx_trades_symbol ON trades(symbol)\n            ', [])
16:53:46 [DEBUG] operation functools.partial(<built-in method execute of sqlite3.Connection object at 0x000001BB4AE8A2F0>, '\n            CREATE INDEX IF NOT EXISTS idx_trades_symbol ON trades(symbol)\n            ', []) completed
16:53:46 [DEBUG] executing functools.partial(<built-in method execute of sqlite3.Connection object at 0x000001BB4AE8A2F0>, '\n            CREATE INDEX IF NOT EXISTS idx_trades_status ON trades(status)\n            ', [])
16:53:46 [DEBUG] operation functools.partial(<built-in method execute of sqlite3.Connection object at 0x000001BB4AE8A2F0>, '\n            CREATE INDEX IF NOT EXISTS idx_trades_status ON trades(status)\n            ', []) completed
16:53:46 [DEBUG] executing functools.partial(<built-in method execute of sqlite3.Connection object at 0x000001BB4AE8A2F0>, '\n            CREATE INDEX IF NOT EXISTS idx_trades_created ON trades(created_at)\n            ', [])
16:53:46 [DEBUG] operation functools.partial(<built-in method execute of sqlite3.Connection object at 0x000001BB4AE8A2F0>, '\n            CREATE INDEX IF NOT EXISTS idx_trades_created ON trades(created_at)\n            ', []) completed
16:53:46 [DEBUG] executing functools.partial(<built-in method execute of sqlite3.Connection object at 0x000001BB4AE8A2F0>, '\n            CREATE TABLE IF NOT EXISTS funding_history (\n                id INTEGER PRIMARY KEY AUTOINCREMENT,\n                symbol TEXT NOT NULL,\n                exchange TEXT NOT NULL,\n                rate REAL NOT NULL,\n                timestamp INTEGER NOT NULL,\n                collected_amount REAL DEFAULT 0\n            )\n            ', [])
16:53:46 [DEBUG] operation functools.partial(<built-in method execute of sqlite3.Connection object at 0x000001BB4AE8A2F0>, '\n            CREATE TABLE IF NOT EXISTS funding_history (\n                id INTEGER PRIMARY KEY AUTOINCREMENT,\n                symbol TEXT NOT NULL,\n                exchange TEXT NOT NULL,\n                rate REAL NOT NULL,\n                timestamp INTEGER NOT NULL,\n                collected_amount REAL DEFAULT 0\n            )\n            ', []) completed
16:53:46 [DEBUG] executing functools.partial(<built-in method execute of sqlite3.Connection object at 0x000001BB4AE8A2F0>, '\n            CREATE INDEX IF NOT EXISTS idx_funding_symbol_ts \n            ON funding_history(symbol, timestamp)\n            ', [])
16:53:46 [DEBUG] operation functools.partial(<built-in method execute of sqlite3.Connection object at 0x000001BB4AE8A2F0>, '\n            CREATE INDEX IF NOT EXISTS idx_funding_symbol_ts \n            ON funding_history(symbol, timestamp)\n            ', []) completed
16:53:46 [DEBUG] executing functools.partial(<built-in method execute of sqlite3.Connection object at 0x000001BB4AE8A2F0>, '\n            CREATE TABLE IF NOT EXISTS execution_log (\n                id INTEGER PRIMARY KEY AUTOINCREMENT,\n                symbol TEXT NOT NULL,\n                action TEXT NOT NULL,\n                exchange TEXT NOT NULL,\n                success INTEGER NOT NULL,\n                order_id TEXT,\n                error TEXT,\n                latency_ms REAL,\n                timestamp INTEGER NOT NULL\n            )\n            ', [])
16:53:46 [DEBUG] operation functools.partial(<built-in method execute of sqlite3.Connection object at 0x000001BB4AE8A2F0>, '\n            CREATE TABLE IF NOT EXISTS execution_log (\n                id INTEGER PRIMARY KEY AUTOINCREMENT,\n                symbol TEXT NOT NULL,\n                action TEXT NOT NULL,\n                exchange TEXT NOT NULL,\n                success INTEGER NOT NULL,\n                order_id TEXT,\n                error TEXT,\n                latency_ms REAL,\n                timestamp INTEGER NOT NULL\n            )\n            ', []) completed
16:53:46 [DEBUG] executing functools.partial(<built-in method execute of sqlite3.Connection object at 0x000001BB4AE8A2F0>, '\n            CREATE TABLE IF NOT EXISTS bot_state (\n                key TEXT PRIMARY KEY,\n                value TEXT NOT NULL,\n                updated_at INTEGER NOT NULL\n            )\n            ', [])
16:53:46 [DEBUG] operation functools.partial(<built-in method execute of sqlite3.Connection object at 0x000001BB4AE8A2F0>, '\n            CREATE TABLE IF NOT EXISTS bot_state (\n                key TEXT PRIMARY KEY,\n                value TEXT NOT NULL,\n                updated_at INTEGER NOT NULL\n            )\n            ', []) completed
16:53:46 [DEBUG] executing functools.partial(<built-in method execute of sqlite3.Connection object at 0x000001BB4AE8A2F0>, '\n            CREATE TABLE IF NOT EXISTS pnl_snapshots (\n                id INTEGER PRIMARY KEY AUTOINCREMENT,\n                timestamp INTEGER NOT NULL,\n                total_pnl REAL NOT NULL,\n                unrealized_pnl REAL NOT NULL,\n                realized_pnl REAL NOT NULL,\n                funding_pnl REAL NOT NULL,\n                trade_count INTEGER NOT NULL\n            )\n            ', [])
16:53:46 [DEBUG] operation functools.partial(<built-in method execute of sqlite3.Connection object at 0x000001BB4AE8A2F0>, '\n            CREATE TABLE IF NOT EXISTS pnl_snapshots (\n                id INTEGER PRIMARY KEY AUTOINCREMENT,\n                timestamp INTEGER NOT NULL,\n                total_pnl REAL NOT NULL,\n                unrealized_pnl REAL NOT NULL,\n                realized_pnl REAL NOT NULL,\n                funding_pnl REAL NOT NULL,\n                trade_count INTEGER NOT NULL\n            )\n            ', []) completed
16:53:46 [DEBUG] executing functools.partial(<built-in method execute of sqlite3.Connection object at 0x000001BB4AE8A2F0>, '\n            CREATE INDEX IF NOT EXISTS idx_pnl_ts ON pnl_snapshots(timestamp)\n            ', [])
16:53:46 [DEBUG] operation functools.partial(<built-in method execute of sqlite3.Connection object at 0x000001BB4AE8A2F0>, '\n            CREATE INDEX IF NOT EXISTS idx_pnl_ts ON pnl_snapshots(timestamp)\n            ', []) completed
16:53:46 [DEBUG] executing functools.partial(<built-in method execute of sqlite3.Connection object at 0x000001BB4AE8A2F0>, '\n            CREATE TABLE IF NOT EXISTS _migrations (\n                id INTEGER PRIMARY KEY,\n                name TEXT NOT NULL,\n                applied_at INTEGER NOT NULL\n            )\n            ', [])
16:53:46 [DEBUG] operation functools.partial(<built-in method execute of sqlite3.Connection object at 0x000001BB4AE8A2F0>, '\n            CREATE TABLE IF NOT EXISTS _migrations (\n                id INTEGER PRIMARY KEY,\n                name TEXT NOT NULL,\n                applied_at INTEGER NOT NULL\n            )\n            ', []) completed
16:53:46 [DEBUG] executing functools.partial(<built-in method commit of sqlite3.Connection object at 0x000001BB4AE8A2F0>)
16:53:46 [DEBUG] operation functools.partial(<built-in method commit of sqlite3.Connection object at 0x000001BB4AE8A2F0>) completed
16:53:46 [INFO] ✅ Migrations complete (11 statements)
16:53:46 [INFO] ✅ Database initialized
16:53:46 [DEBUG] executing functools.partial(<built-in method execute of sqlite3.Connection object at 0x000001BB4AE88F40>, "SELECT * FROM trades WHERE status = 'open' ORDER BY created_at DESC", ())
16:53:46 [INFO] 🖊️ Database write loop started
16:53:46 [DEBUG] operation functools.partial(<built-in method execute of sqlite3.Connection object at 0x000001BB4AE88F40>, "SELECT * FROM trades WHERE status = 'open' ORDER BY created_at DESC", ()) completed
16:53:46 [DEBUG] executing functools.partial(<built-in method fetchall of sqlite3.Cursor object at 0x000001BB4AE635C0>)
16:53:46 [DEBUG] operation functools.partial(<built-in method fetchall of sqlite3.Cursor object at 0x000001BB4AE635C0>) completed
16:53:46 [DEBUG] executing functools.partial(<built-in method close of sqlite3.Cursor object at 0x000001BB4AE635C0>)
16:53:46 [DEBUG] operation functools.partial(<built-in method close of sqlite3.Cursor object at 0x000001BB4AE635C0>) completed
16:53:46 [INFO] 📂 Loaded 4 trades from database
16:53:46 [INFO] ✅ InMemoryStateManager started (loaded 4 trades)
16:53:46 [INFO] ✅ State Manager started
16:53:46 [INFO]  Telegram Bot disabled (Token/ChatID missing).
16:53:46 [INFO] ✅ Async database initialized
16:53:46 [DEBUG] executing <function connect.<locals>.connector at 0x000001BB4AE945E0>
16:53:46 [INFO] 📝 State writer loop started
16:53:46 [DEBUG] operation <function connect.<locals>.connector at 0x000001BB4AE945E0> completed
16:53:46 [DEBUG] executing functools.partial(<built-in method execute of sqlite3.Connection object at 0x000001BB4AE8AB60>, "\n                CREATE TABLE IF NOT EXISTS trade_history (\n                    id INTEGER PRIMARY KEY AUTOINCREMENT,\n                    symbol TEXT NOT NULL,\n                    entry_time TIMESTAMP,\n                    exit_time TIMESTAMP,\n                    hold_duration_hours REAL,\n                    close_reason TEXT,\n                    final_pnl_usd REAL,\n                    funding_pnl_usd REAL,\n                    spread_pnl_usd REAL,\n                    fees_usd REAL,\n                    account_label TEXT DEFAULT 'Main'\n                )\n            ", [])
16:53:46 [DEBUG] operation functools.partial(<built-in method execute of sqlite3.Connection object at 0x000001BB4AE8AB60>, "\n                CREATE TABLE IF NOT EXISTS trade_history (\n                    id INTEGER PRIMARY KEY AUTOINCREMENT,\n                    symbol TEXT NOT NULL,\n                    entry_time TIMESTAMP,\n                    exit_time TIMESTAMP,\n                    hold_duration_hours REAL,\n                    close_reason TEXT,\n                    final_pnl_usd REAL,\n                    funding_pnl_usd REAL,\n                    spread_pnl_usd REAL,\n                    fees_usd REAL,\n                    account_label TEXT DEFAULT 'Main'\n                )\n            ", []) completed
16:53:46 [DEBUG] executing functools.partial(<built-in method commit of sqlite3.Connection object at 0x000001BB4AE8AB60>)
16:53:46 [DEBUG] operation functools.partial(<built-in method commit of sqlite3.Connection object at 0x000001BB4AE8AB60>) completed
16:53:46 [DEBUG] executing functools.partial(<built-in method execute of sqlite3.Connection object at 0x000001BB4AE8AB60>, 'PRAGMA table_info(trade_history)', [])
16:53:46 [DEBUG] operation functools.partial(<built-in method execute of sqlite3.Connection object at 0x000001BB4AE8AB60>, 'PRAGMA table_info(trade_history)', []) completed
16:53:46 [DEBUG] executing functools.partial(<built-in method fetchall of sqlite3.Cursor object at 0x000001BB4AE63DC0>)
16:53:46 [DEBUG] operation functools.partial(<built-in method fetchall of sqlite3.Cursor object at 0x000001BB4AE63DC0>) completed
16:53:46 [DEBUG] ✅ Database schema up to date
16:53:46 [DEBUG] executing functools.partial(<built-in method close of sqlite3.Connection object at 0x000001BB4AE8AB60>)
16:53:46 [DEBUG] operation functools.partial(<built-in method close of sqlite3.Connection object at 0x000001BB4AE8AB60>) completed
16:53:46 [INFO] Initialisiere X10 Adapter...
16:53:46 [INFO]  X10 Account initialisiert.
16:53:46 [INFO] Initialisiere Lighter Adapter...
16:53:46 [INFO] 📊 Loading Market Data via REST...
16:53:46 [DEBUG] Sending GET https://api.starknet.extended.exchange/api/v1/info/markets?
16:53:46 [INFO] ⚙️ Lighter: Loading markets...
16:53:46 [DEBUG] Starting new HTTPS connection (1): mainnet.zklighter.elliot.ai:443
16:53:48 [DEBUG] https://mainnet.zklighter.elliot.ai:443 "GET /api/v1/nextNonce?account_index=60113&api_key_index=3 HTTP/1.1" 200 25
16:53:50 [INFO]  X10: 91 Märkte geladen, 91 Funding Rates, 78 Preise
16:54:45 [INFO] ✅ Lighter: 118/118 markets loaded (100.0%)
16:54:45 [INFO] ✅ Markets loaded: X10=91, Lighter=118
16:54:45 [INFO] FundingPredictorV2 initialized with BTC Correlation
16:54:45 [INFO] 启动 OI Tracker für 70 Symbole...
16:54:45 [INFO] ✅ OpenInterestTracker started (interval=30.0s)
16:54:45 [INFO] 🌐 Starting WebSocket Manager...
16:54:45 [INFO] 📊 OI Tracker: Starting cycle 1 (70 symbols)
16:54:45 [INFO] 🔌 [lighter] WebSocket manager started
16:54:45 [INFO] 🔌 [x10] WebSocket manager started
16:54:45 [INFO] ✅ WebSocketManager started
16:54:45 [DEBUG] ✅ EDEN-USD: X10=$15,047, Lighter=$6,634,324, Total=$6,649,371
16:54:46 [INFO] ✅ [x10] Connected to wss://api.starknet.extended.exchange/stream.extended.exchange/v1/account
16:54:46 [INFO] ✅ [lighter] Connected to wss://mainnet.zklighter.elliot.ai/stream
16:54:46 [DEBUG] [lighter] Subscribed to trade/12
16:54:46 [DEBUG] [lighter] Subscribed to order_book/29
16:54:46 [DEBUG] [lighter] Subscribed to trade/29
16:54:46 [DEBUG] [lighter] Subscribed to order_book/18
16:54:46 [DEBUG] [lighter] Subscribed to trade/18
16:54:46 [DEBUG] [lighter] Subscribed to order_book/3
16:54:46 [DEBUG] [lighter] Subscribed to trade/3
16:54:46 [DEBUG] [lighter] Subscribed to market_stats/all
16:54:46 [DEBUG] [lighter] Subscribed to order_book/7
16:54:46 [DEBUG] [lighter] Subscribed to trade/7
16:54:46 [DEBUG] [lighter] Subscribed to trade/58
16:54:46 [DEBUG] [lighter] Subscribed to order_book/8
16:54:46 [DEBUG] [lighter] Subscribed to trade/8
16:54:46 [DEBUG] [lighter] Subscribed to order_book/60
16:54:46 [DEBUG] [lighter] Subscribed to trade/60
16:54:46 [DEBUG] [lighter] Subscribed to order_book/98
16:54:46 [DEBUG] [lighter] Subscribed to trade/98
16:54:46 [DEBUG] [lighter] Subscribed to order_book/36
16:54:46 [DEBUG] [lighter] Subscribed to order_book/40
16:54:46 [DEBUG] [lighter] Subscribed to trade/40
16:54:46 [DEBUG] [lighter] Subscribed to trade/5
16:54:46 [DEBUG] [lighter] Subscribed to order_book/67
16:54:46 [DEBUG] [lighter] Subscribed to trade/67
16:54:46 [DEBUG] [lighter] Subscribed to order_book/30
16:54:46 [DEBUG] [lighter] Subscribed to trade/30
16:54:46 [DEBUG] [lighter] Subscribed to order_book/26
16:54:46 [DEBUG] [lighter] Subscribed to order_book/51
16:54:46 [DEBUG] [lighter] Subscribed to trade/51
16:54:46 [DEBUG] [lighter] Subscribed to order_book/92
16:54:46 [DEBUG] [lighter] Subscribed to trade/92
16:54:46 [DEBUG] [lighter] Subscribed to trade/15
16:54:46 [DEBUG] [lighter] Subscribed to order_book/17
16:54:46 [DEBUG] [lighter] Subscribed to trade/17
16:54:46 [DEBUG] [lighter] Subscribed to order_book/63
16:54:46 [DEBUG] [lighter] Subscribed to trade/63
16:54:46 [DEBUG] [lighter] Subscribed to order_book/49
16:54:46 [DEBUG] [lighter] Subscribed to order_book/43
16:54:46 [DEBUG] [lighter] Subscribed to trade/43
16:54:46 [DEBUG] executing functools.partial(<built-in method execute of sqlite3.Connection object at 0x000001BB4AE89210>, "SELECT * FROM trades WHERE status = 'open' ORDER BY created_at DESC", ())
16:54:46 [DEBUG] [lighter] Subscribed to order_book/83
16:54:46 [DEBUG] [lighter] Subscribed to trade/83
16:54:46 [DEBUG] operation functools.partial(<built-in method execute of sqlite3.Connection object at 0x000001BB4AE89210>, "SELECT * FROM trades WHERE status = 'open' ORDER BY created_at DESC", ()) completed
16:54:46 [DEBUG] executing functools.partial(<built-in method fetchall of sqlite3.Cursor object at 0x000001BB4AEFBAC0>)
16:54:46 [DEBUG] operation functools.partial(<built-in method fetchall of sqlite3.Cursor object at 0x000001BB4AEFBAC0>) completed
16:54:46 [DEBUG] executing functools.partial(<built-in method close of sqlite3.Cursor object at 0x000001BB4AEFBAC0>)
16:54:46 [DEBUG] operation functools.partial(<built-in method close of sqlite3.Cursor object at 0x000001BB4AEFBAC0>) completed
16:54:46 [DEBUG] [lighter] Subscribed to order_book/24
16:54:46 [DEBUG] [lighter] Subscribed to trade/24
16:54:46 [DEBUG] [lighter] Subscribed to order_book/5
16:54:47 [DEBUG] [lighter] Subscribed to order_book/104
16:54:47 [DEBUG] [lighter] Subscribed to trade/104
16:54:47 [DEBUG] [lighter] Subscribed to order_book/94
16:54:47 [DEBUG] [lighter] Subscribed to trade/94
16:54:47 [DEBUG] [lighter] Subscribed to trade/49
16:54:47 [DEBUG] [lighter] Subscribed to order_book/50
16:54:47 [DEBUG] [lighter] Subscribed to trade/50
16:54:47 [DEBUG] [lighter] Subscribed to trade/4
16:54:47 [DEBUG] [lighter] Subscribed to order_book/13
16:54:47 [DEBUG] [lighter] Subscribed to trade/13
16:54:47 [DEBUG] [lighter] Subscribed to order_book/25
16:54:47 [DEBUG] [lighter] Subscribed to trade/25
16:54:47 [DEBUG] [lighter] Subscribed to order_book/89
16:54:47 [DEBUG] [lighter] Subscribed to order_book/35
16:54:47 [DEBUG] [lighter] Subscribed to trade/35
16:54:47 [DEBUG] [lighter] Subscribed to order_book/2
16:54:47 [DEBUG] [lighter] Subscribed to trade/2
16:54:47 [DEBUG] [lighter] Subscribed to trade/86
16:54:47 [DEBUG] [lighter] Subscribed to order_book/32
16:54:47 [DEBUG] [lighter] Subscribed to trade/32
16:54:47 [DEBUG] [lighter] Subscribed to order_book/6
16:54:47 [DEBUG] [lighter] Subscribed to trade/6
16:54:47 [DEBUG] [lighter] Subscribed to order_book/34
16:54:47 [DEBUG] [lighter] Subscribed to order_book/52
16:54:47 [DEBUG] [lighter] Subscribed to trade/52
16:54:47 [DEBUG] [lighter] Subscribed to order_book/31
16:54:47 [DEBUG] [lighter] Subscribed to trade/31
16:54:47 [DEBUG] [lighter] Subscribed to trade/36
16:54:47 [DEBUG] [lighter] Subscribed to order_book/41
16:54:47 [DEBUG] [lighter] Subscribed to trade/41
16:54:47 [DEBUG] [lighter] Subscribed to order_book/28
16:54:47 [DEBUG] [lighter] Subscribed to trade/28
16:54:47 [DEBUG] [lighter] Subscribed to order_book/9
16:54:47 [DEBUG] [lighter] Subscribed to order_book/39
16:54:47 [DEBUG] [lighter] Subscribed to trade/39
16:54:47 [DEBUG] [lighter] Subscribed to order_book/76
16:54:47 [DEBUG] [lighter] Subscribed to trade/76
16:54:47 [DEBUG] [lighter] Subscribed to trade/53
16:54:47 [DEBUG] [lighter] Subscribed to order_book/47
16:54:47 [DEBUG] [lighter] Subscribed to trade/47
16:54:47 [DEBUG] [lighter] Subscribed to order_book/71
16:54:47 [DEBUG] [lighter] Subscribed to trade/71
16:54:47 [DEBUG] [lighter] Subscribed to trade/34
16:54:48 [DEBUG] [lighter] Subscribed to order_book/55
16:54:48 [DEBUG] [lighter] Subscribed to trade/55
16:54:48 [DEBUG] [lighter] Subscribed to order_book/12
16:54:48 [DEBUG] [lighter] Subscribed to order_book/90
16:54:48 [DEBUG] [lighter] Subscribed to trade/90
16:54:48 [DEBUG] [lighter] Subscribed to order_book/91
16:54:48 [DEBUG] [lighter] Subscribed to trade/91
16:54:48 [DEBUG] [lighter] Subscribed to order_book/37
16:54:48 [DEBUG] [lighter] Subscribed to order_book/38
16:54:48 [DEBUG] [lighter] Subscribed to trade/38
16:54:48 [DEBUG] [lighter] Subscribed to order_book/65
16:54:48 [DEBUG] [lighter] Subscribed to trade/65
16:54:48 [DEBUG] [lighter] Subscribed to order_book/23
16:54:48 [DEBUG] [lighter] Subscribed to order_book/42
16:54:48 [DEBUG] [lighter] Subscribed to trade/42
16:54:48 [DEBUG] [lighter] Subscribed to order_book/16
16:54:48 [DEBUG] [lighter] Subscribed to trade/16
16:54:48 [DEBUG] [lighter] Subscribed to order_book/86
16:54:48 [DEBUG] [lighter] Subscribed to order_book/20
16:54:48 [DEBUG] [lighter] Subscribed to trade/20
16:54:48 [DEBUG] [lighter] Subscribed to order_book/45
16:54:48 [DEBUG] [lighter] Subscribed to trade/45
16:54:48 [DEBUG] [lighter] Subscribed to order_book/21
16:54:48 [DEBUG] [lighter] Subscribed to order_book/10
16:54:48 [DEBUG] [lighter] Subscribed to trade/10
16:54:48 [DEBUG] [lighter] Subscribed to order_book/33
16:54:48 [DEBUG] [lighter] Subscribed to trade/33
16:54:48 [DEBUG] [lighter] Subscribed to order_book/15
16:54:48 [DEBUG] [lighter] Subscribed to order_book/103
16:54:48 [DEBUG] [lighter] Subscribed to trade/103
16:54:48 [DEBUG] [lighter] Subscribed to order_book/46
16:54:48 [DEBUG] [lighter] Subscribed to trade/46
16:54:48 [DEBUG] [lighter] Subscribed to order_book/93
16:54:48 [DEBUG] [lighter] Subscribed to trade/93
16:54:48 [DEBUG] [lighter] Subscribed to trade/1
16:54:48 [DEBUG] [lighter] Subscribed to order_book/72
16:54:48 [DEBUG] [lighter] Subscribed to trade/72
16:54:48 [DEBUG] [lighter] Subscribed to order_book/27
16:54:48 [DEBUG] [lighter] Subscribed to trade/27
16:54:48 [DEBUG] [lighter] Subscribed to order_book/11
16:54:48 [DEBUG] [x10] Subscribed to orderbooks/EDEN/USD
16:54:48 [DEBUG] [x10] Subscribed to publicTrades/EDEN/USD
16:54:48 [DEBUG] [x10] Subscribed to funding/EDEN/USD
16:54:48 [DEBUG] [x10] Subscribed to orderbooks/APEX/USD
16:54:48 [DEBUG] [x10] Subscribed to publicTrades/APEX/USD
16:54:48 [DEBUG] [x10] Subscribed to funding/APEX/USD
16:54:48 [DEBUG] [lighter] Subscribed to trade/89
16:54:48 [DEBUG] [x10] Subscribed to orderbooks/AVAX/USD
16:54:48 [DEBUG] [x10] Subscribed to publicTrades/AVAX/USD
16:54:48 [DEBUG] [x10] Subscribed to funding/AVAX/USD
16:54:48 [DEBUG] [x10] Subscribed to orderbooks/FARTCOIN/USD
16:54:48 [DEBUG] [x10] Subscribed to publicTrades/FARTCOIN/USD
16:54:48 [DEBUG] [x10] Subscribed to funding/FARTCOIN/USD
16:54:48 [DEBUG] [lighter] Subscribed to order_book/4
16:54:48 [DEBUG] [x10] Subscribed to orderbooks/1000PEPE/USD
16:54:48 [DEBUG] [x10] Subscribed to publicTrades/1000PEPE/USD
16:54:48 [DEBUG] [x10] Subscribed to funding/1000PEPE/USD
16:54:49 [DEBUG] [x10] Subscribed to orderbooks/BCH/USD
16:54:49 [DEBUG] [x10] Subscribed to publicTrades/BCH/USD
16:54:49 [DEBUG] [x10] Subscribed to funding/BCH/USD
16:54:49 [DEBUG] [lighter] Subscribed to trade/21
16:54:49 [DEBUG] [x10] Subscribed to orderbooks/PENDLE/USD
16:54:49 [DEBUG] [x10] Subscribed to publicTrades/PENDLE/USD
16:54:49 [DEBUG] [x10] Subscribed to funding/PENDLE/USD
16:54:49 [DEBUG] [x10] Subscribed to orderbooks/TRUMP/USD
16:54:49 [DEBUG] [x10] Subscribed to publicTrades/TRUMP/USD
16:54:49 [DEBUG] [x10] Subscribed to funding/TRUMP/USD
16:54:49 [DEBUG] [lighter] Subscribed to trade/11
16:54:49 [DEBUG] [x10] Subscribed to orderbooks/WIF/USD
16:54:49 [DEBUG] [x10] Subscribed to publicTrades/WIF/USD
16:54:49 [DEBUG] [x10] Subscribed to funding/WIF/USD
16:54:49 [DEBUG] [x10] Subscribed to orderbooks/AVNT/USD
16:54:49 [DEBUG] [x10] Subscribed to publicTrades/AVNT/USD
16:54:49 [DEBUG] [x10] Subscribed to funding/AVNT/USD
16:54:49 [DEBUG] [lighter] Subscribed to trade/9
16:54:49 [DEBUG] [x10] Subscribed to orderbooks/TON/USD
16:54:49 [DEBUG] [x10] Subscribed to publicTrades/TON/USD
16:54:49 [DEBUG] [x10] Subscribed to funding/TON/USD
16:54:49 [DEBUG] [x10] Subscribed to orderbooks/JUP/USD
16:54:49 [DEBUG] [x10] Subscribed to publicTrades/JUP/USD
16:54:49 [DEBUG] [x10] Subscribed to funding/JUP/USD
16:54:49 [DEBUG] [lighter] Subscribed to trade/82
16:54:49 [DEBUG] [x10] Subscribed to orderbooks/POPCAT/USD
16:54:49 [DEBUG] [x10] Subscribed to publicTrades/POPCAT/USD
16:54:49 [DEBUG] [x10] Subscribed to funding/POPCAT/USD
16:54:49 [DEBUG] [x10] Subscribed to orderbooks/CRV/USD
16:54:49 [DEBUG] [x10] Subscribed to publicTrades/CRV/USD
16:54:49 [DEBUG] [x10] Subscribed to funding/CRV/USD
16:54:49 [DEBUG] [lighter] Subscribed to trade/26
16:54:49 [DEBUG] [x10] Subscribed to orderbooks/BTC/USD
16:54:49 [DEBUG] [x10] Subscribed to publicTrades/BTC/USD
16:54:49 [DEBUG] [x10] Subscribed to funding/BTC/USD
16:54:49 [DEBUG] [x10] Subscribed to orderbooks/DOT/USD
16:54:49 [DEBUG] [x10] Subscribed to publicTrades/DOT/USD
16:54:49 [DEBUG] [x10] Subscribed to funding/DOT/USD
16:54:49 [DEBUG] [lighter] Subscribed to order_book/82
16:54:49 [DEBUG] ✅ APEX-USD: X10=$64,531, Lighter=$1,001,245, Total=$1,065,776
16:54:49 [DEBUG] [x10] Subscribed to orderbooks/EIGEN/USD
16:54:49 [DEBUG] [x10] Subscribed to publicTrades/EIGEN/USD
16:54:49 [DEBUG] [x10] Subscribed to funding/EIGEN/USD
16:54:49 [DEBUG] [x10] Subscribed to orderbooks/ZORA/USD
16:54:49 [DEBUG] [x10] Subscribed to publicTrades/ZORA/USD
16:54:49 [DEBUG] [x10] Subscribed to funding/ZORA/USD
16:54:49 [DEBUG] [lighter] Subscribed to trade/37
16:54:49 [DEBUG] [x10] Subscribed to orderbooks/IP/USD
16:54:49 [DEBUG] [x10] Subscribed to publicTrades/IP/USD
16:54:49 [DEBUG] [x10] Subscribed to funding/IP/USD
16:54:49 [DEBUG] [x10] Subscribed to orderbooks/ENA/USD
16:54:49 [DEBUG] [x10] Subscribed to publicTrades/ENA/USD
16:54:49 [DEBUG] [x10] Subscribed to funding/ENA/USD
16:54:49 [DEBUG] [lighter] Subscribed to trade/23
16:54:49 [DEBUG] [x10] Subscribed to orderbooks/1000BONK/USD
16:54:49 [DEBUG] [x10] Subscribed to publicTrades/1000BONK/USD
16:54:49 [DEBUG] [x10] Subscribed to funding/1000BONK/USD
16:54:49 [DEBUG] [x10] Subscribed to orderbooks/DOGE/USD
16:54:49 [DEBUG] [x10] Subscribed to publicTrades/DOGE/USD
16:54:49 [DEBUG] [x10] Subscribed to funding/DOGE/USD
16:54:49 [DEBUG] [lighter] Subscribed to order_book/1
16:54:49 [DEBUG] [x10] Subscribed to orderbooks/XRP/USD
16:54:49 [DEBUG] [x10] Subscribed to publicTrades/XRP/USD
16:54:49 [DEBUG] [x10] Subscribed to funding/XRP/USD
16:54:49 [DEBUG] [x10] Subscribed to orderbooks/LINK/USD
16:54:49 [DEBUG] [x10] Subscribed to publicTrades/LINK/USD
16:54:49 [DEBUG] [x10] Subscribed to funding/LINK/USD
16:54:49 [DEBUG] [lighter] Subscribed to order_book/53
16:54:49 [DEBUG] [x10] Subscribed to orderbooks/ZRO/USD
16:54:49 [DEBUG] [x10] Subscribed to publicTrades/ZRO/USD
16:54:49 [DEBUG] [x10] Subscribed to funding/ZRO/USD
16:54:49 [DEBUG] [x10] Subscribed to orderbooks/USDJPY/USD
16:54:49 [DEBUG] [x10] Subscribed to publicTrades/USDJPY/USD
16:54:49 [DEBUG] [x10] Subscribed to funding/USDJPY/USD
16:54:49 [DEBUG] [lighter] Subscribed to order_book/58
16:54:50 [DEBUG] [x10] Subscribed to orderbooks/S/USD
16:54:50 [DEBUG] [x10] Subscribed to publicTrades/S/USD
16:54:50 [DEBUG] [x10] Subscribed to funding/S/USD
16:54:50 [DEBUG] [x10] Subscribed to orderbooks/TIA/USD
16:54:50 [DEBUG] [x10] Subscribed to publicTrades/TIA/USD
16:54:50 [DEBUG] [x10] Subscribed to funding/TIA/USD
16:54:50 [DEBUG] [x10] Subscribed to orderbooks/UNI/USD
16:54:50 [DEBUG] [x10] Subscribed to publicTrades/UNI/USD
16:54:50 [DEBUG] [x10] Subscribed to funding/UNI/USD
16:54:50 [DEBUG] [x10] Subscribed to orderbooks/RESOLV/USD
16:54:50 [DEBUG] [x10] Subscribed to publicTrades/RESOLV/USD
16:54:50 [DEBUG] [x10] Subscribed to funding/RESOLV/USD
16:54:50 [DEBUG] [x10] Subscribed to orderbooks/ETH/USD
16:54:50 [DEBUG] [x10] Subscribed to publicTrades/ETH/USD
16:54:50 [DEBUG] [x10] Subscribed to funding/ETH/USD
16:54:50 [DEBUG] [x10] Subscribed to orderbooks/XAU/USD
16:54:50 [DEBUG] [x10] Subscribed to publicTrades/XAU/USD
16:54:50 [DEBUG] [x10] Subscribed to funding/XAU/USD
16:54:50 [DEBUG] [x10] Subscribed to orderbooks/1000SHIB/USD
16:54:50 [DEBUG] [x10] Subscribed to publicTrades/1000SHIB/USD
16:54:50 [DEBUG] [x10] Subscribed to funding/1000SHIB/USD
16:54:50 [DEBUG] [x10] Subscribed to orderbooks/MNT/USD
16:54:50 [DEBUG] [x10] Subscribed to publicTrades/MNT/USD
16:54:50 [DEBUG] [x10] Subscribed to funding/MNT/USD
16:54:50 [DEBUG] [x10] Subscribed to orderbooks/TRX/USD
16:54:50 [DEBUG] [x10] Subscribed to publicTrades/TRX/USD
16:54:50 [DEBUG] [x10] Subscribed to funding/TRX/USD
16:54:50 [DEBUG] [x10] Subscribed to orderbooks/ASTER/USD
16:54:50 [DEBUG] [x10] Subscribed to publicTrades/ASTER/USD
16:54:50 [DEBUG] [x10] Subscribed to funding/ASTER/USD
16:54:50 [DEBUG] [x10] Subscribed to orderbooks/HYPE/USD
16:54:50 [DEBUG] [x10] Subscribed to publicTrades/HYPE/USD
16:54:50 [DEBUG] [x10] Subscribed to funding/HYPE/USD
16:54:50 [DEBUG] [x10] Subscribed to orderbooks/STRK/USD
16:54:50 [DEBUG] [x10] Subscribed to publicTrades/STRK/USD
16:54:50 [DEBUG] [x10] Subscribed to funding/STRK/USD
16:54:50 [DEBUG] [x10] Subscribed to orderbooks/MEGA/USD
16:54:50 [DEBUG] [x10] Subscribed to publicTrades/MEGA/USD
16:54:50 [DEBUG] [x10] Subscribed to funding/MEGA/USD
16:54:50 [DEBUG] [x10] Subscribed to orderbooks/ARB/USD
16:54:50 [DEBUG] [x10] Subscribed to publicTrades/ARB/USD
16:54:50 [DEBUG] [x10] Subscribed to funding/ARB/USD
16:54:50 [DEBUG] [x10] Subscribed to orderbooks/TAO/USD
16:54:50 [DEBUG] [x10] Subscribed to publicTrades/TAO/USD
16:54:50 [DEBUG] [x10] Subscribed to funding/TAO/USD
16:54:50 [DEBUG] [x10] Subscribed to orderbooks/BNB/USD
16:54:50 [DEBUG] [x10] Subscribed to publicTrades/BNB/USD
16:54:50 [DEBUG] [x10] Subscribed to funding/BNB/USD
16:54:50 [DEBUG] [x10] Subscribed to orderbooks/LTC/USD
16:54:50 [DEBUG] [x10] Subscribed to publicTrades/LTC/USD
16:54:50 [DEBUG] [x10] Subscribed to funding/LTC/USD
16:54:50 [DEBUG] [x10] Subscribed to orderbooks/SOL/USD
16:54:50 [DEBUG] [x10] Subscribed to publicTrades/SOL/USD
16:54:50 [DEBUG] [x10] Subscribed to funding/SOL/USD
16:54:50 [DEBUG] [x10] Subscribed to orderbooks/SEI/USD
16:54:50 [DEBUG] [x10] Subscribed to publicTrades/SEI/USD
16:54:50 [DEBUG] [x10] Subscribed to funding/SEI/USD
16:54:50 [DEBUG] [x10] Subscribed to orderbooks/WLD/USD
16:54:50 [DEBUG] [x10] Subscribed to publicTrades/WLD/USD
16:54:50 [DEBUG] [x10] Subscribed to funding/WLD/USD
16:54:50 [DEBUG] [x10] Subscribed to orderbooks/GRASS/USD
16:54:50 [DEBUG] [x10] Subscribed to publicTrades/GRASS/USD
16:54:50 [DEBUG] [x10] Subscribed to funding/GRASS/USD
16:54:51 [DEBUG] [x10] Subscribed to orderbooks/APT/USD
16:54:51 [DEBUG] [x10] Subscribed to publicTrades/APT/USD
16:54:51 [DEBUG] [x10] Subscribed to funding/APT/USD
16:54:51 [DEBUG] [x10] Subscribed to orderbooks/VIRTUAL/USD
16:54:51 [DEBUG] [x10] Subscribed to publicTrades/VIRTUAL/USD
16:54:51 [DEBUG] [x10] Subscribed to funding/VIRTUAL/USD
16:54:51 [DEBUG] [x10] Subscribed to orderbooks/MKR/USD
16:54:51 [DEBUG] [x10] Subscribed to publicTrades/MKR/USD
16:54:51 [DEBUG] [x10] Subscribed to funding/MKR/USD
16:54:51 [DEBUG] [x10] Subscribed to orderbooks/ADA/USD
16:54:51 [DEBUG] [x10] Subscribed to publicTrades/ADA/USD
16:54:51 [DEBUG] [x10] Subscribed to funding/ADA/USD
16:54:51 [DEBUG] [x10] Subscribed to orderbooks/LINEA/USD
16:54:51 [DEBUG] [x10] Subscribed to publicTrades/LINEA/USD
16:54:51 [DEBUG] [x10] Subscribed to funding/LINEA/USD
16:54:51 [DEBUG] [x10] Subscribed to orderbooks/PENGU/USD
16:54:51 [DEBUG] [x10] Subscribed to publicTrades/PENGU/USD
16:54:51 [DEBUG] [x10] Subscribed to funding/PENGU/USD
16:54:51 [DEBUG] [x10] Subscribed to orderbooks/XPL/USD
16:54:51 [DEBUG] [x10] Subscribed to publicTrades/XPL/USD
16:54:51 [DEBUG] [x10] Subscribed to funding/XPL/USD
16:54:51 [DEBUG] [x10] Subscribed to orderbooks/OP/USD
16:54:51 [DEBUG] [x10] Subscribed to publicTrades/OP/USD
16:54:51 [DEBUG] [x10] Subscribed to funding/OP/USD
16:54:51 [DEBUG] [x10] Subscribed to orderbooks/ZEC/USD
16:54:51 [DEBUG] [x10] Subscribed to publicTrades/ZEC/USD
16:54:51 [DEBUG] [x10] Subscribed to funding/ZEC/USD
16:54:51 [DEBUG] [x10] Subscribed to orderbooks/MON/USD
16:54:51 [DEBUG] [x10] Subscribed to publicTrades/MON/USD
16:54:51 [DEBUG] [x10] Subscribed to funding/MON/USD
16:54:51 [DEBUG] [x10] Subscribed to orderbooks/ONDO/USD
16:54:51 [DEBUG] [x10] Subscribed to publicTrades/ONDO/USD
16:54:51 [DEBUG] [x10] Subscribed to funding/ONDO/USD
16:54:51 [DEBUG] [x10] Subscribed to orderbooks/AERO/USD
16:54:51 [DEBUG] [x10] Subscribed to publicTrades/AERO/USD
16:54:51 [DEBUG] [x10] Subscribed to funding/AERO/USD
16:54:51 [DEBUG] [x10] Subscribed to orderbooks/SPX/USD
16:54:51 [DEBUG] [x10] Subscribed to publicTrades/SPX/USD
16:54:51 [DEBUG] [x10] Subscribed to funding/SPX/USD
16:54:51 [DEBUG] [x10] Subscribed to orderbooks/SUI/USD
16:54:51 [DEBUG] [x10] Subscribed to publicTrades/SUI/USD
16:54:51 [DEBUG] [x10] Subscribed to funding/SUI/USD
16:54:51 [DEBUG] [x10] Subscribed to orderbooks/BERA/USD
16:54:51 [DEBUG] [x10] Subscribed to publicTrades/BERA/USD
16:54:51 [DEBUG] [x10] Subscribed to funding/BERA/USD
16:54:51 [DEBUG] [x10] Subscribed to orderbooks/PUMP/USD
16:54:51 [DEBUG] [x10] Subscribed to publicTrades/PUMP/USD
16:54:51 [DEBUG] [x10] Subscribed to funding/PUMP/USD
16:54:51 [DEBUG] [x10] Subscribed to orderbooks/NEAR/USD
16:54:51 [DEBUG] [x10] Subscribed to publicTrades/NEAR/USD
16:54:51 [DEBUG] [x10] Subscribed to funding/NEAR/USD
16:54:51 [DEBUG] [x10] Subscribed to orderbooks/KAITO/USD
16:54:51 [DEBUG] [x10] Subscribed to publicTrades/KAITO/USD
16:54:51 [DEBUG] [x10] Subscribed to funding/KAITO/USD
16:54:51 [DEBUG] [x10] Subscribed to orderbooks/FIL/USD
16:54:51 [DEBUG] [x10] Subscribed to publicTrades/FIL/USD
16:54:51 [DEBUG] [x10] Subscribed to funding/FIL/USD
16:54:51 [DEBUG] [x10] Subscribed to orderbooks/LDO/USD
16:54:51 [DEBUG] [x10] Subscribed to publicTrades/LDO/USD
16:54:51 [DEBUG] [x10] Subscribed to funding/LDO/USD
16:54:51 [DEBUG] [x10] Subscribed to orderbooks/XAG/USD
16:54:51 [DEBUG] [x10] Subscribed to publicTrades/XAG/USD
16:54:51 [DEBUG] [x10] Subscribed to funding/XAG/USD
16:54:52 [DEBUG] [x10] Subscribed to orderbooks/WLFI/USD
16:54:52 [DEBUG] [x10] Subscribed to publicTrades/WLFI/USD
16:54:52 [DEBUG] [x10] Subscribed to funding/WLFI/USD
16:54:52 [DEBUG] [x10] Subscribed to orderbooks/AAVE/USD
16:54:52 [DEBUG] [x10] Subscribed to publicTrades/AAVE/USD
16:54:52 [DEBUG] [x10] Subscribed to funding/AAVE/USD
16:54:52 [INFO] 🔗 Components Wired: WS -> OI Tracker -> Prediction
16:54:52 [INFO] 🧟 Starte Zombie-Check: Vergleiche DB mit echten Positionen...
16:54:52 [INFO] 🔍 DB meldet 4 offene Trades. Prüfe Exchange...
16:54:52 [DEBUG] Sending GET https://api.starknet.extended.exchange/api/v1/user/positions?
16:54:53 [DEBUG] ✅ AVAX-USD: X10=$492,172, Lighter=$251,112, Total=$743,284
16:54:53 [INFO] Lighter: Found 0 open positions
16:54:53 [INFO] 🌍 Echte Positionen auf Exchanges: []
16:54:53 [WARNING] ⚠️  ZOMBIE GEFUNDEN: LINEA-USD ist in DB offen, aber nicht auf Exchange. Schließe ihn...
16:54:53 [INFO] ✅ Trade LINEA-USD closed (PnL: $0.00)
16:54:53 [WARNING] ⚠️  ZOMBIE GEFUNDEN: JUP-USD ist in DB offen, aber nicht auf Exchange. Schließe ihn...
16:54:53 [INFO] ✅ Trade JUP-USD closed (PnL: $0.00)
16:54:53 [WARNING] ⚠️  ZOMBIE GEFUNDEN: STRK-USD ist in DB offen, aber nicht auf Exchange. Schließe ihn...
16:54:53 [INFO] ✅ Trade STRK-USD closed (PnL: $0.00)
16:54:53 [WARNING] ⚠️  ZOMBIE GEFUNDEN: BERA-USD ist in DB offen, aber nicht auf Exchange. Schließe ihn...
16:54:53 [INFO] ✅ Trade BERA-USD closed (PnL: $0.00)
16:54:53 [INFO] ✅ ParallelExecutionManager: Rollback processor started
16:54:53 [INFO] ✅ ParallelExecutionManager started
16:54:53 [INFO] 📝 Registered task: logic_loop (critical=True)
16:54:53 [INFO] 📝 Registered task: trade_management_loop (critical=True)
16:54:53 [INFO] 📝 Registered task: farm_loop (critical=False)
16:54:53 [INFO] 📝 Registered task: maintenance_loop (critical=False)
16:54:53 [INFO] 📝 Registered task: cleanup_finished_tasks (critical=False)
16:54:53 [INFO] 📝 Registered task: health_reporter (critical=False)
16:54:53 [INFO] ✅ Signal handlers installed (SIGINT, SIGTERM)
16:54:53 [INFO] ▶️  Started task: logic_loop
16:54:53 [INFO] ▶️  Started task: trade_management_loop
16:54:53 [INFO] ▶️  Started task: farm_loop
16:54:53 [INFO] ▶️  Started task: maintenance_loop
16:54:53 [INFO] ▶️  Started task: cleanup_finished_tasks
16:54:53 [INFO] ▶️  Started task: health_reporter
16:54:53 [INFO] 🚀 Started 6 tasks
16:54:53 [INFO] ═══════════════════════════════════════════════════════════
16:54:53 [INFO]    BOT V5 RUNNING 24/7 - SUPERVISED | Ctrl+C = Stop   
16:54:53 [INFO] ═══════════════════════════════════════════════════════════
16:54:53 [INFO] 🔄 Rollback processor running...
16:54:53 [INFO] Logic Loop gestartet – REFRESH alle 3s
16:54:53 [INFO] ⚡ Latency Arb Detector initialized (threshold: 3.0s)
16:54:53 [INFO] 🔍 💎 ARB Scanning 70 pairs. Open symbols to skip: set()
16:54:53 [DEBUG] Price cache status: X10=70/70, Lighter=69/70
16:54:53 [INFO] 🔍 Scanning 70 pairs. Lighter markets: 118, X10 markets: 91
16:54:53 [INFO] 🛡️ Trade Management Loop gestartet
16:54:53 [DEBUG] 📊 X10 Funding Cache refresh (current=91)
16:54:53 [DEBUG] Sending GET https://api.starknet.extended.exchange/api/v1/info/markets?
16:54:53 [INFO] 🔍 Supervisor loop started
16:54:53 [DEBUG] executing functools.partial(<built-in method execute of sqlite3.Connection object at 0x000001BB4AE8A2F0>, "\n            UPDATE trades \n            SET status = 'closed', \n                closed_at = ?, \n                pnl = ?,\n                funding_collected = ?\n            WHERE symbol = ?  AND status = 'open'\n        ", (1764518093869, 0, 0, 'LINEA-USD'))
16:54:53 [DEBUG] operation functools.partial(<built-in method execute of sqlite3.Connection object at 0x000001BB4AE8A2F0>, "\n            UPDATE trades \n            SET status = 'closed', \n                closed_at = ?, \n                pnl = ?,\n                funding_collected = ?\n            WHERE symbol = ?  AND status = 'open'\n        ", (1764518093869, 0, 0, 'LINEA-USD')) completed
16:54:53 [DEBUG] executing functools.partial(<built-in method commit of sqlite3.Connection object at 0x000001BB4AE8A2F0>)
16:54:53 [DEBUG] 📝 Flushed 1 writes
16:54:53 [DEBUG] operation functools.partial(<built-in method commit of sqlite3.Connection object at 0x000001BB4AE8A2F0>) completed
16:54:53 [DEBUG] 📝 Flushed 1 writes in 16.0ms
16:54:53 [DEBUG] EDEN-USD: Missing rates (L=None, X=1.3e-05)
16:54:53 [DEBUG] APEX-USD: Missing rates (L=None, X=1.3e-05)
16:54:53 [DEBUG] AVAX-USD: Missing rates (L=None, X=1.3e-05)
16:54:53 [DEBUG] FARTCOIN-USD: Missing rates (L=None, X=1.3e-05)
16:54:53 [DEBUG] 1000PEPE-USD: Missing rates (L=None, X=1.3e-05)
16:54:53 [DEBUG] BCH-USD: Missing rates (L=None, X=1.3e-05)
16:54:53 [DEBUG] TRUMP-USD: Missing rates (L=None, X=1.3e-05)
16:54:53 [DEBUG] AVNT-USD: Missing rates (L=None, X=1.3e-05)
16:54:53 [DEBUG] WIF-USD: Missing rates (L=None, X=7e-06)
16:54:53 [DEBUG] PENDLE-USD: Missing rates (L=None, X=1.3e-05)
16:54:53 [DEBUG] TON-USD: Missing rates (L=None, X=-7e-06)
16:54:53 [DEBUG] JUP-USD: Missing rates (L=None, X=1.3e-05)
16:54:53 [DEBUG] POPCAT-USD: Missing rates (L=None, X=1.3e-05)
16:54:53 [DEBUG] DOT-USD: Missing rates (L=None, X=1.3e-05)
16:54:53 [DEBUG] ENA-USD: Missing rates (L=None, X=-1.3e-05)
16:54:53 [DEBUG] EIGEN-USD: Missing rates (L=None, X=1.3e-05)
16:54:53 [DEBUG] ZORA-USD: Missing rates (L=None, X=-0.000312)
16:54:53 [DEBUG] IP-USD: Missing rates (L=None, X=1.3e-05)
16:54:53 [DEBUG] CRV-USD: Missing rates (L=None, X=1.3e-05)
16:54:53 [DEBUG] BTC-USD: Missing rates (L=None, X=1.3e-05)
16:54:53 [DEBUG] 1000BONK-USD: Missing rates (L=None, X=1.3e-05)
16:54:53 [DEBUG] DOGE-USD: Missing rates (L=None, X=1.3e-05)
16:54:53 [DEBUG] XRP-USD: Missing rates (L=None, X=1.3e-05)
16:54:53 [DEBUG] USDJPY-USD: Missing rates (L=None, X=0.0)
16:54:53 [DEBUG] RESOLV-USD: Missing rates (L=None, X=-0.000101)
16:54:53 [DEBUG] S-USD: Missing rates (L=None, X=-2.6e-05)
16:54:53 [DEBUG] TIA-USD: Missing rates (L=None, X=-0.000115)
16:54:53 [DEBUG] UNI-USD: Missing rates (L=None, X=-1e-05)
16:54:53 [DEBUG] LINK-USD: Missing rates (L=None, X=-3e-05)
16:54:53 [DEBUG] ZRO-USD: Missing rates (L=None, X=-6.6e-05)
16:54:54 [DEBUG] ETH-USD: Missing rates (L=None, X=1.3e-05)
16:54:54 [DEBUG] XAU-USD: Missing rates (L=None, X=0.0)
16:54:54 [DEBUG] 1000SHIB-USD: Missing rates (L=None, X=1e-06)
16:54:54 [DEBUG] ASTER-USD: Missing rates (L=None, X=1.3e-05)
16:54:54 [DEBUG] ARB-USD: Missing rates (L=None, X=1.3e-05)
16:54:54 [DEBUG] HYPE-USD: Missing rates (L=None, X=1.3e-05)
16:54:54 [DEBUG] STRK-USD: Missing rates (L=None, X=-5e-05)
16:54:54 [DEBUG] MEGA-USD: Missing rates (L=None, X=-3e-06)
16:54:54 [DEBUG] MNT-USD: Missing rates (L=None, X=1.3e-05)
16:54:54 [DEBUG] TRX-USD: Missing rates (L=None, X=1.3e-05)
16:54:54 [DEBUG] TAO-USD: Missing rates (L=None, X=1.3e-05)
16:54:54 [DEBUG] BNB-USD: Missing rates (L=None, X=7e-06)
16:54:54 [DEBUG] LTC-USD: Missing rates (L=None, X=1.3e-05)
16:54:54 [DEBUG] WLD-USD: Missing rates (L=None, X=-2e-05)
16:54:54 [DEBUG] MKR-USD: Missing rates (L=None, X=1.3e-05)
16:54:54 [DEBUG] MKR-USD: Missing prices (X=1663.9, L=None)
16:54:54 [DEBUG] GRASS-USD: Missing rates (L=None, X=-1e-05)
16:54:54 [DEBUG] APT-USD: Missing rates (L=None, X=-0.0001)
16:54:54 [DEBUG] VIRTUAL-USD: Missing rates (L=None, X=1.3e-05)
16:54:54 [DEBUG] SOL-USD: Missing rates (L=None, X=1.3e-05)
16:54:54 [DEBUG] SEI-USD: Missing rates (L=None, X=1.3e-05)
16:54:54 [DEBUG] ADA-USD: Missing rates (L=None, X=1.3e-05)
16:54:54 [DEBUG] LINEA-USD: Missing rates (L=None, X=-7.2e-05)
16:54:54 [DEBUG] ZEC-USD: Missing rates (L=None, X=1.3e-05)
16:54:54 [DEBUG] SPX-USD: Missing rates (L=None, X=-0.000112)
16:54:54 [DEBUG] MON-USD: Missing rates (L=None, X=1.3e-05)
16:54:54 [DEBUG] ONDO-USD: Missing rates (L=None, X=1.3e-05)
16:54:54 [DEBUG] AERO-USD: Missing rates (L=None, X=-0.000146)
16:54:54 [DEBUG] PENGU-USD: Missing rates (L=None, X=1.3e-05)
16:54:54 [DEBUG] XPL-USD: Missing rates (L=None, X=1.3e-05)
16:54:54 [DEBUG] OP-USD: Missing rates (L=None, X=-3.3e-05)
16:54:54 [DEBUG] SUI-USD: Missing rates (L=None, X=1.3e-05)
16:54:54 [DEBUG] BERA-USD: Missing rates (L=None, X=-7.5e-05)
16:54:54 [DEBUG] PUMP-USD: Missing rates (L=None, X=1.3e-05)
16:54:54 [DEBUG] XAG-USD: Missing rates (L=None, X=0.0)
16:54:54 [DEBUG] WLFI-USD: Missing rates (L=None, X=-4.1e-05)
16:54:54 [DEBUG] AAVE-USD: Missing rates (L=None, X=-1.8e-05)
16:54:54 [DEBUG] NEAR-USD: Missing rates (L=None, X=1.1e-05)
16:54:54 [DEBUG] KAITO-USD: Missing rates (L=None, X=-1.8e-05)
16:54:54 [DEBUG] FIL-USD: Missing rates (L=None, X=1.3e-05)
16:54:54 [DEBUG] LDO-USD: Missing rates (L=None, X=-1.2e-05)
16:54:54 [INFO] ✅ Found 0 opportunities with predictions (farm_mode=False)
16:54:54 [INFO] ⚠️ Keine Prediction-Opportunities, nutze Fallback mit echten Funding Rates...
16:54:54 [DEBUG] ⛔ Skip XAU-USD: TradFi/FX
16:54:54 [DEBUG] ⛔ Skip MEGA-USD: In BLACKLIST
16:54:54 [DEBUG] ⛔ Skip AERO-USD: In BLACKLIST
16:54:54 [DEBUG] ⛔ Skip SPX-USD: TradFi/FX
16:54:54 [DEBUG] ⛔ Skip XAG-USD: TradFi/FX
16:54:54 [INFO] ✅ Found 0 opportunities from 0 valid pairs (farm_mode=False, scanned=70)
16:54:54 [DEBUG] executing functools.partial(<built-in method execute of sqlite3.Connection object at 0x000001BB4AE8A2F0>, "\n            UPDATE trades \n            SET status = 'closed', \n                closed_at = ?, \n                pnl = ?,\n                funding_collected = ?\n            WHERE symbol = ?  AND status = 'open'\n        ", (1764518094865, 0, 0, 'JUP-USD'))
16:54:54 [DEBUG] operation functools.partial(<built-in method execute of sqlite3.Connection object at 0x000001BB4AE8A2F0>, "\n            UPDATE trades \n            SET status = 'closed', \n                closed_at = ?, \n                pnl = ?,\n                funding_collected = ?\n            WHERE symbol = ?  AND status = 'open'\n        ", (1764518094865, 0, 0, 'JUP-USD')) completed
16:54:54 [DEBUG] executing functools.partial(<built-in method commit of sqlite3.Connection object at 0x000001BB4AE8A2F0>)
16:54:54 [DEBUG] operation functools.partial(<built-in method commit of sqlite3.Connection object at 0x000001BB4AE8A2F0>) completed
16:54:54 [DEBUG] 📝 Flushed 1 writes in 0.0ms
16:54:55 [DEBUG] executing functools.partial(<built-in method execute of sqlite3.Connection object at 0x000001BB4AE8A2F0>, "\n            UPDATE trades \n            SET status = 'closed', \n                closed_at = ?, \n                pnl = ?,\n                funding_collected = ?\n            WHERE symbol = ?  AND status = 'open'\n        ", (1764518094866, 0, 0, 'STRK-USD'))
16:54:55 [DEBUG] operation functools.partial(<built-in method execute of sqlite3.Connection object at 0x000001BB4AE8A2F0>, "\n            UPDATE trades \n            SET status = 'closed', \n                closed_at = ?, \n                pnl = ?,\n                funding_collected = ?\n            WHERE symbol = ?  AND status = 'open'\n        ", (1764518094866, 0, 0, 'STRK-USD')) completed
16:54:55 [DEBUG] executing functools.partial(<built-in method commit of sqlite3.Connection object at 0x000001BB4AE8A2F0>)
16:54:55 [DEBUG] operation functools.partial(<built-in method commit of sqlite3.Connection object at 0x000001BB4AE8A2F0>) completed
16:54:55 [DEBUG] 📝 Flushed 1 writes in 0.0ms
16:54:55 [INFO]  X10: 91 Märkte geladen, 91 Funding Rates, 82 Preise
16:54:55 [DEBUG] X10: Funding Refresh OK, cache=91
16:54:55 [DEBUG] 📊 Lighter Funding Cache refresh (current=0)
16:54:56 [DEBUG] Lighter: Loaded 389 funding rates
16:54:56 [DEBUG] Lighter: Funding Refresh OK, cache=118
16:54:56 [DEBUG] executing functools.partial(<built-in method execute of sqlite3.Connection object at 0x000001BB4AE8A2F0>, "\n            UPDATE trades \n            SET status = 'closed', \n                closed_at = ?, \n                pnl = ?,\n                funding_collected = ?\n            WHERE symbol = ?  AND status = 'open'\n        ", (1764518095887, 0, 0, 'BERA-USD'))
16:54:56 [DEBUG] operation functools.partial(<built-in method execute of sqlite3.Connection object at 0x000001BB4AE8A2F0>, "\n            UPDATE trades \n            SET status = 'closed', \n                closed_at = ?, \n                pnl = ?,\n                funding_collected = ?\n            WHERE symbol = ?  AND status = 'open'\n        ", (1764518095887, 0, 0, 'BERA-USD')) completed
16:54:56 [DEBUG] executing functools.partial(<built-in method commit of sqlite3.Connection object at 0x000001BB4AE8A2F0>)
16:54:56 [DEBUG] 📝 Flushed 3 writes
16:54:56 [DEBUG] operation functools.partial(<built-in method commit of sqlite3.Connection object at 0x000001BB4AE8A2F0>) completed
16:54:56 [DEBUG] 📝 Flushed 1 writes in 0.0ms
16:54:57 [DEBUG] ✅ FARTCOIN-USD: X10=$476,735, Lighter=$10,185,781, Total=$10,662,517
16:54:57 [INFO] 🔍 💎 ARB Scanning 70 pairs. Open symbols to skip: set()
16:54:57 [DEBUG] Price cache status: X10=70/70, Lighter=69/70
16:54:57 [INFO] 🔍 Scanning 70 pairs. Lighter markets: 118, X10 markets: 91
16:54:57 [DEBUG] MKR-USD: Missing prices (X=1663.9, L=None)
16:54:57 [INFO] ✅ Found 0 opportunities with predictions (farm_mode=False)
16:54:57 [INFO] ⚠️ Keine Prediction-Opportunities, nutze Fallback mit echten Funding Rates...
16:54:57 [INFO]  Volatility Monitor initialized: Low<3.0%, Normal<10.0%, High<20.0%, Hard Cap<50.0%
16:54:57 [INFO] Rebate discount EDEN-USD: -8.00% APY -> threshold 5.00%
16:54:57 [INFO] Rebate discount APEX-USD: -8.00% APY -> threshold 5.00%
16:54:57 [INFO] Rebate discount AVAX-USD: -8.00% APY -> threshold 5.00%
16:54:57 [INFO] Rebate discount FARTCOIN-USD: -8.00% APY -> threshold 5.00%
16:54:57 [INFO] Rebate discount 1000PEPE-USD: -8.00% APY -> threshold 5.00%
16:54:57 [INFO] Rebate discount PENDLE-USD: -8.00% APY -> threshold 5.00%
16:54:57 [INFO] Rebate discount TRUMP-USD: -8.00% APY -> threshold 5.00%
16:54:57 [INFO] Rebate discount WIF-USD: -8.00% APY -> threshold 5.00%
16:54:57 [INFO] Rebate discount AVNT-USD: -8.00% APY -> threshold 5.00%
16:54:57 [INFO] Rebate discount TON-USD: -8.00% APY -> threshold 5.00%
16:54:57 [INFO] Rebate discount JUP-USD: -8.00% APY -> threshold 5.00%
16:54:57 [INFO] Rebate discount POPCAT-USD: -8.00% APY -> threshold 5.00%
16:54:57 [INFO] Rebate discount CRV-USD: -8.00% APY -> threshold 5.00%
16:54:57 [INFO] Rebate discount BTC-USD: -8.00% APY -> threshold 5.00%
16:54:57 [INFO] Rebate discount EIGEN-USD: -8.00% APY -> threshold 5.00%
16:54:57 [INFO] Rebate discount ZORA-USD: -8.00% APY -> threshold 5.00%
16:54:57 [INFO] Rebate discount IP-USD: -8.00% APY -> threshold 5.00%
16:54:57 [INFO] Rebate discount ENA-USD: -8.00% APY -> threshold 5.00%
16:54:57 [INFO] Rebate discount 1000BONK-USD: -8.00% APY -> threshold 5.00%
16:54:57 [INFO] Rebate discount DOGE-USD: -8.00% APY -> threshold 5.00%
16:54:57 [INFO] Rebate discount XRP-USD: -8.00% APY -> threshold 5.00%
16:54:57 [INFO] Rebate discount LINK-USD: -8.00% APY -> threshold 5.00%
16:54:57 [INFO] Rebate discount ZRO-USD: -8.00% APY -> threshold 5.00%
16:54:57 [INFO] Rebate discount S-USD: -8.00% APY -> threshold 5.00%
16:54:57 [INFO] 🔍 DEBUG TIA-USD: rl=0.00001200, rx=-0.00011400, net=0.00012600, apy=110.4%
16:54:57 [INFO] Rebate discount TIA-USD: -8.00% APY -> threshold 5.00%
16:54:57 [INFO] 💎 TIA-USD | APY: 110.4%
16:54:57 [INFO] Rebate discount UNI-USD: -8.00% APY -> threshold 5.00%
16:54:57 [INFO] 🔍 DEBUG RESOLV-USD: rl=-0.00018000, rx=-0.00009900, net=-0.00008100, apy=71.0%
16:54:57 [INFO] Rebate discount RESOLV-USD: -8.00% APY -> threshold 5.00%
16:54:57 [INFO] 💎 RESOLV-USD | APY: 71.0%
16:54:57 [INFO] Rebate discount ETH-USD: -8.00% APY -> threshold 5.00%
16:54:57 [DEBUG] ⛔ Skip XAU-USD: TradFi/FX
16:54:57 [INFO] Rebate discount 1000SHIB-USD: -8.00% APY -> threshold 5.00%
16:54:57 [INFO] Rebate discount MNT-USD: -8.00% APY -> threshold 5.00%
16:54:57 [INFO] Rebate discount TRX-USD: -8.00% APY -> threshold 5.00%
16:54:57 [INFO] Rebate discount ASTER-USD: -8.00% APY -> threshold 5.00%
16:54:57 [INFO] Rebate discount HYPE-USD: -8.00% APY -> threshold 5.00%
16:54:57 [INFO] Rebate discount STRK-USD: -8.00% APY -> threshold 5.00%
16:54:57 [DEBUG] ⛔ Skip MEGA-USD: In BLACKLIST
16:54:57 [INFO] Rebate discount ARB-USD: -8.00% APY -> threshold 5.00%
16:54:57 [INFO] Rebate discount TAO-USD: -8.00% APY -> threshold 5.00%
16:54:57 [INFO] Rebate discount BNB-USD: -8.00% APY -> threshold 5.00%
16:54:57 [INFO] Rebate discount LTC-USD: -8.00% APY -> threshold 5.00%
16:54:57 [INFO] Rebate discount SOL-USD: -8.00% APY -> threshold 5.00%
16:54:57 [INFO] Rebate discount SEI-USD: -8.00% APY -> threshold 5.00%
16:54:57 [DEBUG] Skip SEI-USD: Spread 0.36% too high
16:54:57 [INFO] Rebate discount WLD-USD: -8.00% APY -> threshold 5.00%
16:54:57 [INFO] Rebate discount GRASS-USD: -8.00% APY -> threshold 5.00%
16:54:57 [INFO] 🔍 DEBUG APT-USD: rl=-0.00016700, rx=-0.00009900, net=-0.00006800, apy=59.6%
16:54:57 [INFO] Rebate discount APT-USD: -8.00% APY -> threshold 5.00%
16:54:57 [INFO] 💎 APT-USD | APY: 59.6%
16:54:57 [INFO] Rebate discount VIRTUAL-USD: -8.00% APY -> threshold 5.00%
16:54:57 [INFO] Rebate discount ADA-USD: -8.00% APY -> threshold 5.00%
16:54:57 [INFO] Rebate discount LINEA-USD: -8.00% APY -> threshold 5.00%
16:54:57 [INFO] Rebate discount PENGU-USD: -8.00% APY -> threshold 5.00%
16:54:57 [INFO] Rebate discount XPL-USD: -8.00% APY -> threshold 5.00%
16:54:57 [INFO] Rebate discount OP-USD: -8.00% APY -> threshold 5.00%
16:54:57 [INFO] Rebate discount ZEC-USD: -8.00% APY -> threshold 5.00%
16:54:57 [INFO] Rebate discount MON-USD: -8.00% APY -> threshold 5.00%
16:54:57 [INFO] Rebate discount ONDO-USD: -8.00% APY -> threshold 5.00%
16:54:57 [DEBUG] ⛔ Skip AERO-USD: In BLACKLIST
16:54:57 [DEBUG] ⛔ Skip SPX-USD: TradFi/FX
16:54:57 [INFO] Rebate discount SUI-USD: -8.00% APY -> threshold 5.00%
16:54:57 [INFO] Rebate discount BERA-USD: -8.00% APY -> threshold 5.00%
16:54:57 [INFO] Rebate discount PUMP-USD: -8.00% APY -> threshold 5.00%
16:54:57 [INFO] Rebate discount NEAR-USD: -8.00% APY -> threshold 5.00%
16:54:57 [INFO] Rebate discount KAITO-USD: -8.00% APY -> threshold 5.00%
16:54:57 [INFO] Rebate discount LDO-USD: -8.00% APY -> threshold 5.00%
16:54:57 [DEBUG] ⛔ Skip XAG-USD: TradFi/FX
16:54:57 [INFO] Rebate discount WLFI-USD: -8.00% APY -> threshold 5.00%
16:54:57 [INFO] Rebate discount AAVE-USD: -8.00% APY -> threshold 5.00%
16:54:57 [INFO] ✅ Found 32 opportunities from 64 valid pairs (farm_mode=False, scanned=70)
16:54:57 [INFO] 🎯 Found 3 opportunities, executing best...
16:54:57 [DEBUG] Sending GET https://api.starknet.extended.exchange/api/v1/user/balance
16:54:58 [DEBUG] Lighter Balance: Raw=$302.21, Safe=$287.10
16:54:58 [INFO] X10: Detected balance = $305.97
16:54:58 [DEBUG] Sending GET https://api.starknet.extended.exchange/api/v1/user/positions?
16:54:59 [INFO] Lighter: Found 0 open positions
16:54:59 [INFO] 💰 Balance: X10=$306.0 (free=$303.0), Lit=$287.1 (free=$284.1) | DB_Trades=0, Real_Positions=0, Locked=$0/ex
16:54:59 [INFO] 🚀 Launching trade for TIA-USD (APY=110.4%)
16:54:59 [DEBUG] Sending GET https://api.starknet.extended.exchange/api/v1/user/balance
16:54:59 [INFO] 🎲 KellyPositionSizer initialized (Safety=0.25, MaxFraction=0.1)
16:54:59 [INFO] 🎰 KELLY TIA-USD: win_rate=80.0%, kelly_fraction=0.6000, safe_fraction=0.0500, confidence=LOW, samples=0
16:54:59 [INFO] 📊 KELLY SIZE TIA-USD: $14.4 (kelly-optimized)
16:54:59 [INFO] 🚀 Opening TIA-USD: Size=$14.4 (Min=$11.0)
16:54:59 [INFO] 🔄 [PARALLEL] TIA-USD: Lighter POST-ONLY first
16:54:59 [INFO] 🚀 LIGHTER OPEN TIA-USD: side=SELL, size_usd=$14.36, price=$0.655500
16:54:59 [DEBUG] Create Order Tx Info: {"AccountIndex":60113,"ApiKeyIndex":3,"MarketIndex":67,"ClientOrderIndex":1764518116704,"BaseAmount":221,"Price":65156,"IsAsk":1,"Type":0,"TimeInForce":1,"ReduceOnly":0,"TriggerPrice":0,"OrderExpiry":1766937299820,"ExpiredAt":1764518698820,"Nonce":1750,"Sig":"lV3FQyNf1RhfxT5dZrGousvY0aDGSC8xeTbRJ2cFXCA5wBS348ngcHSUY9UPi2mtQwFZT0VWY96UDD+WOMVqNvv2y9Bs3H4P41bEK/9jhTQ="}
16:54:59 [INFO] 🔄 [PARALLEL] TIA-USD: X10 MARKET order
16:54:59 [DEBUG] Sending GET https://api.starknet.extended.exchange/api/v1/info/markets?
16:55:00 [INFO] 🚀 Launching trade for RESOLV-USD (APY=71.0%)
16:55:00 [DEBUG] Sending GET https://api.starknet.extended.exchange/api/v1/user/balance
16:55:00 [DEBUG] Create Order Send Tx Response: code=200 message='{"ratelimit": "didn\'t use volume quota"}' tx_hash='3ca023fb221e7b9c613e327fb529a642a1105beab9e2ae0c2bd0376328d5029b5f395666f78e0fa3' predicted_execution_time_ms=1764518093890 additional_properties={}
16:55:00 [INFO] Lighter Order: 3ca023fb221e7b9c613e327fb529a642a1105beab9e2ae0c2bd0376328d5029b5f395666f78e0fa3
16:55:00 [INFO] 🎰 KELLY RESOLV-USD: win_rate=80.0%, kelly_fraction=0.6000, safe_fraction=0.0500, confidence=LOW, samples=0
16:55:00 [INFO] 📊 KELLY SIZE RESOLV-USD: $13.6 (kelly-optimized)
16:55:00 [INFO] 🚀 Opening RESOLV-USD: Size=$13.6 (Min=$11.0)
16:55:00 [INFO] 🔄 [PARALLEL] RESOLV-USD: Lighter POST-ONLY first
16:55:00 [INFO] 🚀 LIGHTER OPEN RESOLV-USD: side=SELL, size_usd=$13.60, price=$0.075014
16:55:00 [DEBUG] Create Order Tx Info: {"AccountIndex":60113,"ApiKeyIndex":3,"MarketIndex":51,"ClientOrderIndex":1764518181261,"BaseAmount":183,"Price":74563,"IsAsk":1,"Type":0,"TimeInForce":1,"ReduceOnly":0,"TriggerPrice":0,"OrderExpiry":1766937300303,"ExpiredAt":1764518699303,"Nonce":1751,"Sig":"2/re11r86V762eA0JWbauenRrgrJYGNQfXdU5OWZ5nYbXU9Iad7fO8R007tVZspzzx42AVVZNQCe8akM4dj1sG5Vcr/+rT5BF1Pf8AQMzjM="}
16:55:00 [INFO] 🔄 [PARALLEL] RESOLV-USD: X10 MARKET order
16:55:00 [DEBUG] Sending GET https://api.starknet.extended.exchange/api/v1/info/markets?
16:55:00 [INFO] 🚀 Launching trade for APT-USD (APY=59.6%)
16:55:00 [DEBUG] Sending GET https://api.starknet.extended.exchange/api/v1/user/balance
16:55:00 [DEBUG] Create Order Send Tx Response: code=200 message='{"ratelimit": "didn\'t use volume quota"}' tx_hash='6597beedfa9aacc297c07afa14d2e09ea442a54e0ec9a41d3707bcd5f662c642cca7b728d18e3069' predicted_execution_time_ms=1764518094366 additional_properties={}
16:55:00 [INFO] Lighter Order: 6597beedfa9aacc297c07afa14d2e09ea442a54e0ec9a41d3707bcd5f662c642cca7b728d18e3069
16:55:00 [DEBUG] ✅ 1000PEPE-USD: X10=$121,592, Lighter=$211,496,115, Total=$211,617,707
16:55:01 [INFO] ✅ Launched 3 trade tasks this cycle
16:55:01 [DEBUG] Lighter Balance: Raw=$302.19, Safe=$287.08
16:55:01 [INFO] 🎰 KELLY APT-USD: win_rate=80.0%, kelly_fraction=0.6000, safe_fraction=0.0500, confidence=LOW, samples=0
16:55:01 [INFO] 📊 KELLY SIZE APT-USD: $12.9 (kelly-optimized)
16:55:01 [INFO] 🚀 Opening APT-USD: Size=$12.9 (Min=$11.0)
16:55:01 [INFO] 🔄 [PARALLEL] APT-USD: Lighter POST-ONLY first
16:55:01 [INFO] 🚀 LIGHTER OPEN APT-USD: side=SELL, size_usd=$12.89, price=$2.021000
16:55:01 [DEBUG] Create Order Tx Info: {"AccountIndex":60113,"ApiKeyIndex":3,"MarketIndex":31,"ClientOrderIndex":1764518106391,"BaseAmount":642,"Price":20088,"IsAsk":1,"Type":0,"TimeInForce":1,"ReduceOnly":0,"TriggerPrice":0,"OrderExpiry":1766937301559,"ExpiredAt":1764518700559,"Nonce":1752,"Sig":"NKKE4ZftUnSrUkriEJZLKl5r7Q+15CFSkuBoSncBM4qSgddZ4znVDALYHi+GlpOTM1HBH3hVHIvkNK1a+Mig5rTp7gLlpsYQAApToYE6ggU="}
16:55:01 [INFO] 🔄 [PARALLEL] APT-USD: X10 MARKET order
16:55:01 [DEBUG] Sending GET https://api.starknet.extended.exchange/api/v1/info/markets?
16:55:01 [DEBUG] Create Order Send Tx Response: code=200 message='{"ratelimit": "didn\'t use volume quota"}' tx_hash='0517dc9c85975111fbbc603b6ec8303164de4e8472d0c33c8cdea9a17a799f67782cfee5f0ea1c22' predicted_execution_time_ms=1764518095624 additional_properties={}
16:55:01 [INFO] Lighter Order: 0517dc9c85975111fbbc603b6ec8303164de4e8472d0c33c8cdea9a17a799f67782cfee5f0ea1c22
16:55:01 [DEBUG] Placing an order: id=2510740757994182731943248894745908081672307903311888900926190909605790540295
16:55:01 [DEBUG] Sending POST https://api.starknet.extended.exchange/api/v1/user/order, headers={<RequestHeader.ACCEPT: 'Accept'>: 'application/json', <RequestHeader.CONTENT_TYPE: 'Content-Type'>: 'application/json', <RequestHeader.USER_AGENT: 'User-Agent'>: 'X10PythonTradingClient/0.0.17', <RequestHeader.API_KEY: 'X-Api-Key'>: 'a1c9207f79f0e57ddc454bf1e16dbe49'}
16:55:02 [DEBUG] Placing an order: id=97650059734919042021232535283686704520834799578538547395999397364340263271
16:55:02 [DEBUG] Sending POST https://api.starknet.extended.exchange/api/v1/user/order, headers={<RequestHeader.ACCEPT: 'Accept'>: 'application/json', <RequestHeader.CONTENT_TYPE: 'Content-Type'>: 'application/json', <RequestHeader.USER_AGENT: 'User-Agent'>: 'X10PythonTradingClient/0.0.17', <RequestHeader.API_KEY: 'X-Api-Key'>: 'a1c9207f79f0e57ddc454bf1e16dbe49'}
16:55:02 [INFO]  X10 Order: 1995159620607864832
16:55:02 [INFO] ✅ [PARALLEL] TIA-USD: Both legs filled in 3172ms
16:55:02 [DEBUG] 📝 Trade added to state: TIA-USD
16:55:02 [DEBUG] executing functools.partial(<built-in method execute of sqlite3.Connection object at 0x000001BB4AE8A2F0>, '\n            INSERT INTO trades (\n                symbol, side_x10, side_lighter, size_usd,\n                entry_price_x10, entry_price_lighter, status,\n                is_farm_trade, created_at, account_label,\n                x10_order_id, lighter_order_id\n            ) VALUES (?, ?, ?, ?, ?, ?, ?, ?, ?, ?, ?, ?)\n        ', ('TIA-USD', 'BUY', 'SELL', 0, 0.654976198, 0.65465, 'open', 0, 1764518102982, 'Main/Main', None, None))
16:55:02 [DEBUG] operation functools.partial(<built-in method execute of sqlite3.Connection object at 0x000001BB4AE8A2F0>, '\n            INSERT INTO trades (\n                symbol, side_x10, side_lighter, size_usd,\n                entry_price_x10, entry_price_lighter, status,\n                is_farm_trade, created_at, account_label,\n                x10_order_id, lighter_order_id\n            ) VALUES (?, ?, ?, ?, ?, ?, ?, ?, ?, ?, ?, ?)\n        ', ('TIA-USD', 'BUY', 'SELL', 0, 0.654976198, 0.65465, 'open', 0, 1764518102982, 'Main/Main', None, None)) completed
16:55:02 [DEBUG] executing functools.partial(<built-in method commit of sqlite3.Connection object at 0x000001BB4AE8A2F0>)
16:55:02 [DEBUG] 📝 Flushed 1 writes
16:55:02 [DEBUG] operation functools.partial(<built-in method commit of sqlite3.Connection object at 0x000001BB4AE8A2F0>) completed
16:55:02 [DEBUG] 📝 Flushed 1 writes in 0.0ms
16:55:03 [INFO]  X10 Order: 1995159622855581696
16:55:03 [INFO] ✅ [PARALLEL] RESOLV-USD: Both legs filled in 3219ms
16:55:03 [DEBUG] 📝 Trade added to state: RESOLV-USD
16:55:03 [DEBUG] Placing an order: id=1063876272738220982101033717203976646449185190193438117713389707164967881847
16:55:03 [DEBUG] Sending POST https://api.starknet.extended.exchange/api/v1/user/order, headers={<RequestHeader.ACCEPT: 'Accept'>: 'application/json', <RequestHeader.CONTENT_TYPE: 'Content-Type'>: 'application/json', <RequestHeader.USER_AGENT: 'User-Agent'>: 'X10PythonTradingClient/0.0.17', <RequestHeader.API_KEY: 'X-Api-Key'>: 'a1c9207f79f0e57ddc454bf1e16dbe49'}
16:55:03 [DEBUG] Fetching fresh positions (force=False, cache_age=1764518103.9s)
16:55:03 [DEBUG] Sending GET https://api.starknet.extended.exchange/api/v1/user/positions?
16:55:03 [INFO]  X10 Order: 1995159624756084736
16:55:03 [INFO] ✅ [PARALLEL] APT-USD: Both legs filled in 2422ms
16:55:03 [DEBUG] 📝 Trade added to state: APT-USD
16:55:03 [DEBUG] executing functools.partial(<built-in method execute of sqlite3.Connection object at 0x000001BB4AE8A2F0>, '\n            INSERT INTO trades (\n                symbol, side_x10, side_lighter, size_usd,\n                entry_price_x10, entry_price_lighter, status,\n                is_farm_trade, created_at, account_label,\n                x10_order_id, lighter_order_id\n            ) VALUES (?, ?, ?, ?, ?, ?, ?, ?, ?, ?, ?, ?)\n        ', ('RESOLV-USD', 'BUY', 'SELL', 0, 0.0751180046, 0.074885, 'open', 0, 1764518103972, 'Main/Main', None, None))
16:55:03 [DEBUG] operation functools.partial(<built-in method execute of sqlite3.Connection object at 0x000001BB4AE8A2F0>, '\n            INSERT INTO trades (\n                symbol, side_x10, side_lighter, size_usd,\n                entry_price_x10, entry_price_lighter, status,\n                is_farm_trade, created_at, account_label,\n                x10_order_id, lighter_order_id\n            ) VALUES (?, ?, ?, ?, ?, ?, ?, ?, ?, ?, ?, ?)\n        ', ('RESOLV-USD', 'BUY', 'SELL', 0, 0.0751180046, 0.074885, 'open', 0, 1764518103972, 'Main/Main', None, None)) completed
16:55:03 [DEBUG] executing functools.partial(<built-in method commit of sqlite3.Connection object at 0x000001BB4AE8A2F0>)
16:55:03 [DEBUG] operation functools.partial(<built-in method commit of sqlite3.Connection object at 0x000001BB4AE8A2F0>) completed
16:55:03 [DEBUG] 📝 Flushed 1 writes in 0.0ms
16:55:04 [DEBUG] MAX_OPEN_TRADES (3) reached, waiting...
16:55:04 [INFO] Lighter: Found 3 open positions
16:55:04 [INFO] 📊 Positions: X10=2, Lighter=3
16:55:04 [DEBUG] X10 positions: ['TIA-USD', 'RESOLV-USD']
16:55:04 [DEBUG] Lighter positions: ['APT-USD', 'RESOLV-USD', 'TIA-USD']
16:55:05 [DEBUG] Using cached positions (age: 1.7s)
16:55:05 [DEBUG] executing functools.partial(<built-in method execute of sqlite3.Connection object at 0x000001BB4AE8A2F0>, '\n            INSERT INTO trades (\n                symbol, side_x10, side_lighter, size_usd,\n                entry_price_x10, entry_price_lighter, status,\n                is_farm_trade, created_at, account_label,\n                x10_order_id, lighter_order_id\n            ) VALUES (?, ?, ?, ?, ?, ?, ?, ?, ?, ?, ?, ?)\n        ', ('APT-USD', 'BUY', 'SELL', 0, 2.020680823999, 2.021, 'open', 0, 1764518103974, 'Main/Main', None, None))
16:55:05 [DEBUG] operation functools.partial(<built-in method execute of sqlite3.Connection object at 0x000001BB4AE8A2F0>, '\n            INSERT INTO trades (\n                symbol, side_x10, side_lighter, size_usd,\n                entry_price_x10, entry_price_lighter, status,\n                is_farm_trade, created_at, account_label,\n                x10_order_id, lighter_order_id\n            ) VALUES (?, ?, ?, ?, ?, ?, ?, ?, ?, ?, ?, ?)\n        ', ('APT-USD', 'BUY', 'SELL', 0, 2.020680823999, 2.021, 'open', 0, 1764518103974, 'Main/Main', None, None)) completed
16:55:05 [DEBUG] executing functools.partial(<built-in method commit of sqlite3.Connection object at 0x000001BB4AE8A2F0>)
16:55:05 [DEBUG] 📝 Flushed 2 writes
16:55:05 [DEBUG] operation functools.partial(<built-in method commit of sqlite3.Connection object at 0x000001BB4AE8A2F0>) completed
16:55:05 [DEBUG] 📝 Flushed 1 writes in 0.0ms
16:55:06 [DEBUG] ✅ BCH-USD: X10=$0, Lighter=$3,261, Total=$3,261
16:55:06 [DEBUG] Using cached positions (age: 2.7s)
16:55:07 [DEBUG] MAX_OPEN_TRADES (3) reached, waiting...
16:55:07 [DEBUG] Using cached positions (age: 3.7s)
16:55:08 [DEBUG] Using cached positions (age: 4.7s)
16:55:09 [DEBUG] Fetching fresh positions (force=False, cache_age=5.7s)
16:55:09 [DEBUG] Sending GET https://api.starknet.extended.exchange/api/v1/user/positions?
16:55:09 [INFO] Lighter: Found 3 open positions
16:55:09 [INFO] 📊 Positions: X10=3, Lighter=3
16:55:09 [DEBUG] X10 positions: ['TIA-USD', 'RESOLV-USD', 'APT-USD']
16:55:09 [DEBUG] Lighter positions: ['APT-USD', 'RESOLV-USD', 'TIA-USD']
16:55:10 [DEBUG] ✅ PENDLE-USD: X10=$152,662, Lighter=$1,167,639, Total=$1,320,301
16:55:10 [DEBUG] MAX_OPEN_TRADES (3) reached, waiting...
16:55:10 [DEBUG] Using cached positions (age: 1.4s)
16:55:11 [DEBUG] Using cached positions (age: 2.4s)
16:55:12 [DEBUG] Using cached positions (age: 3.4s)
16:55:13 [DEBUG] MAX_OPEN_TRADES (3) reached, waiting...
16:55:13 [DEBUG] ✅ TRUMP-USD: X10=$110,056, Lighter=$437,612, Total=$547,668
16:55:13 [DEBUG] Using cached positions (age: 4.4s)
16:55:14 [DEBUG] Fetching fresh positions (force=False, cache_age=5.4s)
16:55:14 [DEBUG] Sending GET https://api.starknet.extended.exchange/api/v1/user/positions?
16:55:15 [INFO] Lighter: Found 3 open positions
16:55:15 [INFO] 📊 Positions: X10=3, Lighter=3
16:55:15 [DEBUG] X10 positions: ['TIA-USD', 'RESOLV-USD', 'APT-USD']
16:55:15 [DEBUG] Lighter positions: ['APT-USD', 'RESOLV-USD', 'TIA-USD']
16:55:16 [DEBUG] MAX_OPEN_TRADES (3) reached, waiting...
16:55:16 [WARNING] [x10] Connection closed: 1011 Ping timeout
16:55:16 [INFO] 🔄 [x10] Reconnecting in 1.0s (attempt 1)
16:55:16 [DEBUG] Using cached positions (age: 1.5s)
16:55:17 [DEBUG] Using cached positions (age: 2.5s)
16:55:17 [DEBUG] ✅ WIF-USD: X10=$229,917, Lighter=$4,742,522, Total=$4,972,438
16:55:18 [INFO] ✅ [x10] Connected to wss://api.starknet.extended.exchange/stream.extended.exchange/v1/account
16:55:18 [DEBUG] [x10] Subscribed to orderbooks/AERO/USD
16:55:18 [DEBUG] [x10] Subscribed to orderbooks/1000PEPE/USD
16:55:18 [DEBUG] [x10] Subscribed to funding/LTC/USD
16:55:18 [DEBUG] [x10] Subscribed to publicTrades/ENA/USD
16:55:18 [DEBUG] Using cached positions (age: 3.5s)
16:55:18 [DEBUG] [x10] Subscribed to orderbooks/TIA/USD
16:55:18 [DEBUG] [x10] Subscribed to publicTrades/EIGEN/USD
16:55:18 [DEBUG] [x10] Subscribed to publicTrades/MEGA/USD
16:55:18 [DEBUG] [x10] Subscribed to orderbooks/XRP/USD
16:55:18 [DEBUG] [x10] Subscribed to funding/FIL/USD
16:55:18 [DEBUG] [x10] Subscribed to publicTrades/CRV/USD
16:55:18 [DEBUG] [x10] Subscribed to orderbooks/XAU/USD
16:55:19 [DEBUG] MAX_OPEN_TRADES (3) reached, waiting...
16:55:19 [DEBUG] [x10] Subscribed to publicTrades/XAU/USD
16:55:19 [DEBUG] [x10] Subscribed to funding/SEI/USD
16:55:19 [DEBUG] [x10] Subscribed to publicTrades/MKR/USD
16:55:19 [DEBUG] [x10] Subscribed to publicTrades/AAVE/USD
16:55:19 [DEBUG] Using cached positions (age: 4.5s)
16:55:19 [DEBUG] [x10] Subscribed to publicTrades/APEX/USD
16:55:19 [DEBUG] [x10] Subscribed to funding/HYPE/USD
16:55:19 [DEBUG] [x10] Subscribed to orderbooks/PENDLE/USD
16:55:19 [DEBUG] [x10] Subscribed to funding/OP/USD
16:55:19 [DEBUG] [x10] Subscribed to orderbooks/NEAR/USD
16:55:19 [DEBUG] [x10] Subscribed to orderbooks/1000SHIB/USD
16:55:20 [DEBUG] [x10] Subscribed to orderbooks/SEI/USD
16:55:20 [DEBUG] [x10] Subscribed to orderbooks/AAVE/USD
16:55:20 [DEBUG] [x10] Subscribed to funding/JUP/USD
16:55:20 [DEBUG] [x10] Subscribed to publicTrades/BCH/USD
16:55:20 [DEBUG] [x10] Subscribed to publicTrades/WLD/USD
16:55:20 [DEBUG] Fetching fresh positions (force=False, cache_age=5.5s)
16:55:20 [DEBUG] Sending GET https://api.starknet.extended.exchange/api/v1/user/positions?
16:55:20 [DEBUG] [x10] Subscribed to funding/BCH/USD
16:55:20 [DEBUG] [x10] Subscribed to orderbooks/CRV/USD
16:55:20 [DEBUG] [x10] Subscribed to orderbooks/BNB/USD
16:55:20 [DEBUG] [x10] Subscribed to orderbooks/IP/USD
16:55:20 [DEBUG] [x10] Subscribed to publicTrades/JUP/USD
16:55:20 [INFO] Lighter: Found 3 open positions
16:55:20 [INFO] 📊 Positions: X10=3, Lighter=3
16:55:20 [DEBUG] X10 positions: ['TIA-USD', 'RESOLV-USD', 'APT-USD']
16:55:20 [DEBUG] Lighter positions: ['APT-USD', 'RESOLV-USD', 'TIA-USD']
16:55:20 [DEBUG] [x10] Subscribed to funding/RESOLV/USD
16:55:21 [DEBUG] [x10] Subscribed to funding/AAVE/USD
16:55:21 [DEBUG] [x10] Subscribed to publicTrades/DOGE/USD
16:55:21 [DEBUG] [x10] Subscribed to orderbooks/LINK/USD
16:55:21 [DEBUG] ✅ AVNT-USD: X10=$216,574, Lighter=$1,872,794, Total=$2,089,369
16:55:21 [DEBUG] [x10] Subscribed to orderbooks/MKR/USD
16:55:21 [DEBUG] [x10] Subscribed to orderbooks/ONDO/USD
16:55:21 [DEBUG] [x10] Subscribed to funding/S/USD
16:55:21 [DEBUG] [x10] Subscribed to funding/UNI/USD
16:55:21 [DEBUG] [x10] Subscribed to publicTrades/BNB/USD
16:55:21 [DEBUG] [x10] Subscribed to publicTrades/PUMP/USD
16:55:21 [DEBUG] Using cached positions (age: 1.4s)
16:55:21 [DEBUG] [x10] Subscribed to orderbooks/TON/USD
16:55:21 [DEBUG] [x10] Subscribed to publicTrades/S/USD
16:55:22 [DEBUG] MAX_OPEN_TRADES (3) reached, waiting...
16:55:22 [DEBUG] [x10] Subscribed to funding/SUI/USD
16:55:22 [DEBUG] [x10] Subscribed to orderbooks/FARTCOIN/USD
16:55:22 [DEBUG] [x10] Subscribed to publicTrades/XPL/USD
16:55:22 [DEBUG] [x10] Subscribed to publicTrades/HYPE/USD
16:55:22 [DEBUG] [x10] Subscribed to publicTrades/PENGU/USD
16:55:22 [DEBUG] [x10] Subscribed to funding/ADA/USD
16:55:22 [DEBUG] [x10] Subscribed to orderbooks/LTC/USD
16:55:22 [DEBUG] [x10] Subscribed to funding/POPCAT/USD
16:55:22 [DEBUG] Using cached positions (age: 2.4s)
16:55:22 [DEBUG] [x10] Subscribed to publicTrades/SUI/USD
16:55:22 [DEBUG] [x10] Subscribed to orderbooks/LDO/USD
16:55:23 [DEBUG] [x10] Subscribed to publicTrades/GRASS/USD
16:55:23 [DEBUG] [x10] Subscribed to publicTrades/ADA/USD
16:55:23 [DEBUG] [x10] Subscribed to publicTrades/SEI/USD
16:55:23 [DEBUG] [x10] Subscribed to publicTrades/LTC/USD
16:55:23 [DEBUG] [x10] Subscribed to orderbooks/MNT/USD
16:55:23 [DEBUG] [x10] Subscribed to orderbooks/OP/USD
16:55:23 [DEBUG] [x10] Subscribed to publicTrades/MON/USD
16:55:23 [DEBUG] [x10] Subscribed to funding/VIRTUAL/USD
16:55:23 [DEBUG] [x10] Subscribed to funding/1000SHIB/USD
16:55:23 [DEBUG] Using cached positions (age: 3.4s)
16:55:23 [DEBUG] [x10] Subscribed to publicTrades/STRK/USD
16:55:23 [DEBUG] [x10] Subscribed to publicTrades/1000BONK/USD
16:55:24 [DEBUG] [x10] Subscribed to orderbooks/STRK/USD
16:55:24 [DEBUG] [x10] Subscribed to orderbooks/WLD/USD
16:55:24 [DEBUG] [x10] Subscribed to funding/TIA/USD
16:55:24 [DEBUG] [x10] Subscribed to publicTrades/PENDLE/USD
16:55:24 [DEBUG] [x10] Subscribed to funding/ENA/USD
16:55:24 [DEBUG] [x10] Subscribed to publicTrades/1000SHIB/USD
16:55:24 [DEBUG] [x10] Subscribed to publicTrades/SOL/USD
16:55:24 [DEBUG] [x10] Subscribed to orderbooks/ENA/USD
16:55:24 [DEBUG] [x10] Subscribed to funding/GRASS/USD
16:55:24 [DEBUG] Using cached positions (age: 4.4s)
16:55:24 [DEBUG] [x10] Subscribed to publicTrades/LDO/USD
16:55:25 [DEBUG] MAX_OPEN_TRADES (3) reached, waiting...
16:55:25 [DEBUG] [x10] Subscribed to funding/MEGA/USD
16:55:25 [DEBUG] [x10] Subscribed to orderbooks/JUP/USD
16:55:25 [DEBUG] [x10] Subscribed to funding/AVAX/USD
16:55:25 [DEBUG] [x10] Subscribed to funding/DOT/USD
16:55:25 [DEBUG] [x10] Subscribed to orderbooks/PENGU/USD
16:55:25 [DEBUG] [x10] Subscribed to funding/XPL/USD
16:55:25 [DEBUG] [x10] Subscribed to funding/LDO/USD
16:55:25 [DEBUG] [x10] Subscribed to publicTrades/EDEN/USD
16:55:25 [DEBUG] [x10] Subscribed to funding/LINK/USD
16:55:25 [DEBUG] Fetching fresh positions (force=False, cache_age=5.4s)
16:55:25 [DEBUG] Sending GET https://api.starknet.extended.exchange/api/v1/user/positions?
16:55:25 [DEBUG] [x10] Subscribed to funding/XAU/USD
16:55:26 [DEBUG] [x10] Subscribed to publicTrades/ETH/USD
16:55:26 [DEBUG] [x10] Subscribed to publicTrades/TON/USD
16:55:26 [DEBUG] [x10] Subscribed to orderbooks/SOL/USD
16:55:26 [INFO] Lighter: Found 3 open positions
16:55:26 [INFO] 📊 Positions: X10=3, Lighter=3
16:55:26 [DEBUG] X10 positions: ['TIA-USD', 'RESOLV-USD', 'APT-USD']
16:55:26 [DEBUG] Lighter positions: ['APT-USD', 'RESOLV-USD', 'TIA-USD']
16:55:26 [DEBUG] [x10] Subscribed to funding/KAITO/USD
16:55:26 [DEBUG] [x10] Subscribed to publicTrades/WLFI/USD
16:55:26 [DEBUG] [x10] Subscribed to orderbooks/MEGA/USD
16:55:26 [DEBUG] [x10] Subscribed to funding/XRP/USD
16:55:26 [DEBUG] [x10] Subscribed to publicTrades/USDJPY/USD
16:55:26 [DEBUG] [x10] Subscribed to orderbooks/WIF/USD
16:55:26 [DEBUG] [x10] Subscribed to publicTrades/FARTCOIN/USD
16:55:26 [DEBUG] [x10] Subscribed to funding/APEX/USD
16:55:27 [DEBUG] ✅ TON-USD: X10=$139,224, Lighter=$947,242, Total=$1,086,466
16:55:27 [DEBUG] [x10] Subscribed to orderbooks/TRUMP/USD
16:55:27 [DEBUG] [x10] Subscribed to publicTrades/AERO/USD
16:55:27 [DEBUG] [x10] Subscribed to funding/PUMP/USD
16:55:27 [DEBUG] Using cached positions (age: 1.4s)
16:55:27 [DEBUG] [x10] Subscribed to orderbooks/ASTER/USD
16:55:27 [DEBUG] [x10] Subscribed to orderbooks/TAO/USD
16:55:27 [DEBUG] [x10] Subscribed to funding/LINEA/USD
16:55:27 [DEBUG] [x10] Subscribed to funding/AVNT/USD
16:55:27 [DEBUG] [x10] Subscribed to orderbooks/APEX/USD
16:55:27 [DEBUG] [x10] Subscribed to orderbooks/MON/USD
16:55:27 [DEBUG] [x10] Subscribed to funding/EDEN/USD
16:55:28 [DEBUG] [x10] Subscribed to publicTrades/1000PEPE/USD
16:55:28 [DEBUG] MAX_OPEN_TRADES (3) reached, waiting...
16:55:28 [DEBUG] [x10] Subscribed to publicTrades/VIRTUAL/USD
16:55:28 [DEBUG] [x10] Subscribed to funding/WLFI/USD
16:55:28 [DEBUG] Using cached positions (age: 2.4s)
16:55:28 [DEBUG] [x10] Subscribed to publicTrades/LINK/USD
16:55:28 [DEBUG] [x10] Subscribed to publicTrades/ARB/USD
16:55:28 [DEBUG] [x10] Subscribed to orderbooks/AVNT/USD
16:55:28 [DEBUG] [x10] Subscribed to orderbooks/LINEA/USD
16:55:28 [DEBUG] [x10] Subscribed to funding/MON/USD
16:55:28 [DEBUG] [x10] Subscribed to funding/ONDO/USD
16:55:28 [DEBUG] [x10] Subscribed to funding/1000PEPE/USD
16:55:28 [DEBUG] [x10] Subscribed to funding/EIGEN/USD
16:55:29 [DEBUG] [x10] Subscribed to funding/CRV/USD
16:55:29 [DEBUG] [x10] Subscribed to orderbooks/UNI/USD
16:55:29 [DEBUG] [x10] Subscribed to funding/XAG/USD
16:55:29 [DEBUG] Using cached positions (age: 3.4s)
16:55:29 [DEBUG] [x10] Subscribed to orderbooks/RESOLV/USD
16:55:29 [DEBUG] [x10] Subscribed to publicTrades/BERA/USD
16:55:29 [DEBUG] [x10] Subscribed to orderbooks/APT/USD
16:55:29 [DEBUG] [x10] Subscribed to funding/1000BONK/USD
16:55:29 [DEBUG] [x10] Subscribed to publicTrades/WIF/USD
16:55:29 [DEBUG] [x10] Subscribed to publicTrades/ZORA/USD
16:55:29 [DEBUG] [x10] Subscribed to funding/WIF/USD
16:55:29 [DEBUG] [x10] Subscribed to funding/PENDLE/USD
16:55:30 [DEBUG] [x10] Subscribed to orderbooks/ZORA/USD
16:55:30 [DEBUG] [x10] Subscribed to orderbooks/GRASS/USD
16:55:30 [DEBUG] [x10] Subscribed to orderbooks/ZRO/USD
16:55:30 [DEBUG] Using cached positions (age: 4.4s)
16:55:30 [DEBUG] [x10] Subscribed to publicTrades/MNT/USD
16:55:30 [DEBUG] [x10] Subscribed to funding/MNT/USD
16:55:30 [DEBUG] [x10] Subscribed to publicTrades/KAITO/USD
16:55:30 [DEBUG] [x10] Subscribed to funding/FARTCOIN/USD
16:55:30 [DEBUG] [x10] Subscribed to orderbooks/TRX/USD
16:55:30 [DEBUG] ✅ JUP-USD: X10=$146,474, Lighter=$4,239,763, Total=$4,386,236
16:55:30 [DEBUG] [x10] Subscribed to funding/ETH/USD
16:55:30 [DEBUG] [x10] Subscribed to funding/ASTER/USD
16:55:31 [DEBUG] [x10] Subscribed to publicTrades/TRX/USD
16:55:31 [DEBUG] MAX_OPEN_TRADES (3) reached, waiting...
16:55:31 [DEBUG] [x10] Subscribed to orderbooks/ZEC/USD
16:55:31 [DEBUG] [x10] Subscribed to orderbooks/XPL/USD
16:55:31 [DEBUG] Fetching fresh positions (force=False, cache_age=5.4s)
16:55:31 [DEBUG] [x10] Subscribed to publicTrades/APT/USD
16:55:31 [DEBUG] Sending GET https://api.starknet.extended.exchange/api/v1/user/positions?
16:55:31 [DEBUG] [x10] Subscribed to orderbooks/BCH/USD
16:55:31 [DEBUG] [x10] Subscribed to orderbooks/VIRTUAL/USD
16:55:31 [DEBUG] [x10] Subscribed to publicTrades/UNI/USD
16:55:31 [DEBUG] [x10] Subscribed to funding/APT/USD
16:55:31 [INFO] Lighter: Found 3 open positions
16:55:31 [INFO] 📊 Positions: X10=3, Lighter=3
16:55:31 [DEBUG] X10 positions: ['TIA-USD', 'RESOLV-USD', 'APT-USD']
16:55:31 [DEBUG] Lighter positions: ['APT-USD', 'RESOLV-USD', 'TIA-USD']
16:55:31 [DEBUG] [x10] Subscribed to publicTrades/SPX/USD
16:55:31 [DEBUG] [x10] Subscribed to publicTrades/TAO/USD
16:55:31 [DEBUG] [x10] Subscribed to publicTrades/ZRO/USD
16:55:32 [DEBUG] [x10] Subscribed to funding/BNB/USD
16:55:32 [DEBUG] [x10] Subscribed to orderbooks/1000BONK/USD
16:55:32 [DEBUG] [x10] Subscribed to publicTrades/AVNT/USD
16:55:32 [DEBUG] [x10] Subscribed to publicTrades/POPCAT/USD
16:55:32 [DEBUG] [x10] Subscribed to publicTrades/BTC/USD
16:55:32 [DEBUG] [x10] Subscribed to funding/MKR/USD
16:55:32 [DEBUG] [x10] Subscribed to funding/TRX/USD
16:55:32 [DEBUG] [x10] Subscribed to publicTrades/TIA/USD
16:55:32 [DEBUG] Using cached positions (age: 1.5s)
16:55:32 [DEBUG] [x10] Subscribed to publicTrades/ZEC/USD
16:55:32 [DEBUG] [x10] Subscribed to orderbooks/AVAX/USD
16:55:32 [DEBUG] [x10] Subscribed to orderbooks/ETH/USD
16:55:33 [DEBUG] [x10] Subscribed to orderbooks/POPCAT/USD
16:55:33 [DEBUG] [x10] Subscribed to funding/AERO/USD
16:55:33 [DEBUG] [x10] Subscribed to publicTrades/XAG/USD
16:55:33 [DEBUG] [x10] Subscribed to publicTrades/RESOLV/USD
16:55:33 [DEBUG] [x10] Subscribed to orderbooks/S/USD
16:55:33 [DEBUG] [x10] Subscribed to funding/TAO/USD
16:55:33 [DEBUG] [x10] Subscribed to funding/IP/USD
16:55:33 [DEBUG] Using cached positions (age: 2.5s)
16:55:33 [DEBUG] [x10] Subscribed to orderbooks/FIL/USD
16:55:33 [DEBUG] [x10] Subscribed to publicTrades/DOT/USD
16:55:33 [DEBUG] [x10] Subscribed to publicTrades/NEAR/USD
16:55:34 [DEBUG] [x10] Subscribed to funding/BTC/USD
16:55:34 [DEBUG] MAX_OPEN_TRADES (3) reached, waiting...
16:55:34 [DEBUG] ✅ POPCAT-USD: X10=$181,852, Lighter=$10,444,922, Total=$10,626,775
16:55:34 [DEBUG] Using cached positions (age: 3.5s)
16:55:35 [DEBUG] Using cached positions (age: 4.5s)
16:55:36 [WARNING] [x10] Connection closed: 1011 Ping timeout
16:55:36 [ERROR] [x10] Subscription error: received 1011 (internal error) Ping timeout; then sent 1011 (internal error) Ping timeout
16:55:36 [ERROR] [x10] Subscription error: received 1011 (internal error) Ping timeout; then sent 1011 (internal error) Ping timeout
16:55:36 [DEBUG] Fetching fresh positions (force=False, cache_age=5.5s)
16:55:36 [DEBUG] Sending GET https://api.starknet.extended.exchange/api/v1/user/positions?
16:55:36 [ERROR] [x10] Subscription error: received 1011 (internal error) Ping timeout; then sent 1011 (internal error) Ping timeout
16:55:36 [ERROR] [x10] Subscription error: received 1011 (internal error) Ping timeout; then sent 1011 (internal error) Ping timeout
16:55:37 [ERROR] [x10] Subscription error: received 1011 (internal error) Ping timeout; then sent 1011 (internal error) Ping timeout
16:55:37 [DEBUG] MAX_OPEN_TRADES (3) reached, waiting...
16:55:37 [ERROR] [x10] Subscription error: received 1011 (internal error) Ping timeout; then sent 1011 (internal error) Ping timeout
16:55:37 [INFO] Lighter: Found 3 open positions
16:55:37 [INFO] 📊 Positions: X10=3, Lighter=3
16:55:37 [DEBUG] X10 positions: ['TIA-USD', 'RESOLV-USD', 'APT-USD']
16:55:37 [DEBUG] Lighter positions: ['APT-USD', 'RESOLV-USD', 'TIA-USD']
16:55:37 [ERROR] [x10] Subscription error: received 1011 (internal error) Ping timeout; then sent 1011 (internal error) Ping timeout
16:55:37 [ERROR] [x10] Subscription error: received 1011 (internal error) Ping timeout; then sent 1011 (internal error) Ping timeout
16:55:37 [ERROR] [x10] Subscription error: received 1011 (internal error) Ping timeout; then sent 1011 (internal error) Ping timeout
16:55:37 [ERROR] [x10] Subscription error: received 1011 (internal error) Ping timeout; then sent 1011 (internal error) Ping timeout
16:55:37 [ERROR] [x10] Subscription error: received 1011 (internal error) Ping timeout; then sent 1011 (internal error) Ping timeout
16:55:37 [ERROR] [x10] Subscription error: received 1011 (internal error) Ping timeout; then sent 1011 (internal error) Ping timeout
16:55:37 [ERROR] [x10] Subscription error: received 1011 (internal error) Ping timeout; then sent 1011 (internal error) Ping timeout
16:55:37 [ERROR] [x10] Subscription error: received 1011 (internal error) Ping timeout; then sent 1011 (internal error) Ping timeout
16:55:37 [ERROR] [x10] Subscription error: received 1011 (internal error) Ping timeout; then sent 1011 (internal error) Ping timeout
16:55:38 [ERROR] [x10] Subscription error: received 1011 (internal error) Ping timeout; then sent 1011 (internal error) Ping timeout
16:55:38 [ERROR] [x10] Subscription error: received 1011 (internal error) Ping timeout; then sent 1011 (internal error) Ping timeout
16:55:38 [DEBUG] Using cached positions (age: 1.4s)
16:55:38 [ERROR] [x10] Subscription error: received 1011 (internal error) Ping timeout; then sent 1011 (internal error) Ping timeout
16:55:38 [DEBUG] ✅ CRV-USD: X10=$211,212, Lighter=$2,264,953, Total=$2,476,165
16:55:38 [ERROR] [x10] Subscription error: received 1011 (internal error) Ping timeout; then sent 1011 (internal error) Ping timeout
16:55:38 [WARNING] 🛑 Received SIGINT, initiating graceful shutdown...
16:55:38 [INFO] 🛑 Shutting down...
16:55:38 [INFO] 🛑 Initiating graceful shutdown...
16:55:38 [INFO] 🔍 Supervisor loop stopped
16:55:38 [INFO] 🛑 Cancelling logic_loop...
16:55:38 [INFO] 🛑 Cancelling trade_management_loop...
16:55:38 [INFO] 🛑 Cancelling farm_loop...
16:55:38 [INFO] 🛑 Cancelling maintenance_loop...
16:55:38 [INFO] 🛑 Cancelling cleanup_finished_tasks...
16:55:38 [INFO] 🛑 Cancelling health_reporter...
16:55:38 [INFO] Logic loop cancelled
16:55:38 [INFO] ✅ All tasks stopped
16:55:38 [INFO] 🛑 Rollback processor: Shutdown signal received
16:55:38 [INFO] ✅ ParallelExecutionManager: Stopped
16:55:38 [INFO] 🔌 [x10] WebSocket stopped
16:55:40 [WARNING] 🛑 Received SIGINT, initiating graceful shutdown...
16:55:41 [WARNING] 🛑 Received SIGINT, initiating graceful shutdown...
16:55:42 [DEBUG] ✅ BTC-USD: X10=$29,397,316, Lighter=$3,210, Total=$29,400,526
16:55:43 [INFO] 🔌 [lighter] WebSocket stopped
16:55:43 [INFO] ✅ WebSocketManager stopped
16:55:43 [INFO] ✅ OpenInterestTracker stopped
16:55:43 [INFO] 🛑 Stopping InMemoryStateManager...
16:55:43 [INFO] 📝 State writer loop stopped
16:55:43 [INFO] ✅ InMemoryStateManager stopped
16:55:43 [INFO] 🔒 Closing database...
16:55:43 [INFO] 🖊️ Database write loop stopped
16:55:43 [DEBUG] executing functools.partial(<built-in method close of sqlite3.Connection object at 0x000001BB4AE8A2F0>)
16:55:43 [DEBUG] operation functools.partial(<built-in method close of sqlite3.Connection object at 0x000001BB4AE8A2F0>) completed
16:55:43 [DEBUG] executing functools.partial(<built-in method close of sqlite3.Connection object at 0x000001BB4AE88F40>)
16:55:43 [DEBUG] operation functools.partial(<built-in method close of sqlite3.Connection object at 0x000001BB4AE88F40>) completed
16:55:43 [DEBUG] executing functools.partial(<built-in method close of sqlite3.Connection object at 0x000001BB4AE89210>)
16:55:43 [DEBUG] operation functools.partial(<built-in method close of sqlite3.Connection object at 0x000001BB4AE89210>) completed
16:55:43 [DEBUG] executing functools.partial(<built-in method close of sqlite3.Connection object at 0x000001BB4AE896C0>)
16:55:43 [DEBUG] operation functools.partial(<built-in method close of sqlite3.Connection object at 0x000001BB4AE896C0>) completed
16:55:43 [DEBUG] executing functools.partial(<built-in method close of sqlite3.Connection object at 0x000001BB4AE89C60>)
16:55:43 [DEBUG] operation functools.partial(<built-in method close of sqlite3.Connection object at 0x000001BB4AE89C60>) completed
16:55:43 [DEBUG] executing functools.partial(<built-in method close of sqlite3.Connection object at 0x000001BB4AE8A020>)
16:55:43 [DEBUG] operation functools.partial(<built-in method close of sqlite3.Connection object at 0x000001BB4AE8A020>) completed
16:55:43 [INFO] ✅ Database closed
16:55:43 [INFO] ✅ X10 Adapter geschlossen.
16:55:43 [INFO] ✅ Lighter Adapter closed
16:55:43 [INFO] ✅ Bot V5 shutdown complete
