18:18:48 [INFO]  CONFIG VALIDIERUNG abgeschlossen.
18:18:48 [INFO] 🔥 BOT V5 (Architected) STARTING...
18:18:48 [INFO] 🚀 Starting InMemoryStateManager...
18:18:48 [INFO] 📂 Initializing database: data/trades.db
18:18:48 [INFO] ✅ Read pool created: 5 connections
18:18:48 [INFO] ✅ WAL mode enabled
18:18:48 [INFO] 🔄 Running database migrations...
18:18:48 [INFO] ✅ Migrations complete (11 statements)
18:18:48 [INFO] ✅ Database initialized
18:18:48 [INFO] 🖊️ Database write loop started
18:18:48 [INFO] 📂 Loaded 0 trades from database
18:18:48 [INFO] ✅ InMemoryStateManager started (loaded 0 trades)
18:18:48 [INFO] ✅ State Manager started
18:18:48 [INFO]  Telegram Bot disabled (Token/ChatID missing).
18:18:48 [INFO] ✅ Async database initialized
18:18:48 [INFO] 📝 State writer loop started
18:18:48 [DEBUG] ✅ Database schema up to date
18:18:48 [INFO] Initialisiere X10 Adapter...
18:18:48 [INFO]  X10 Account initialisiert.
18:18:48 [INFO] Initialisiere Lighter Adapter...
18:18:48 [INFO] 📊 Loading Market Data via REST...
18:18:48 [DEBUG] Sending GET https://api.starknet.extended.exchange/api/v1/info/markets?
18:18:49 [INFO] ✅ Lighter: Loaded 116 markets
18:18:50 [INFO]  X10: 91 Märkte geladen, 91 Funding Rates, 78 Preise
18:18:50 [INFO] ✅ Markets loaded: X10=91, Lighter=116
18:18:50 [INFO] 📈 Pre-loading Lighter prices...
18:18:50 [DEBUG] Starting new HTTPS connection (1): mainnet.zklighter.elliot.ai:443
18:18:51 [DEBUG] https://mainnet.zklighter.elliot.ai:443 "GET /api/v1/nextNonce?account_index=60113&api_key_index=3 HTTP/1.1" 200 25
18:18:53 [DEBUG] Lighter: Loaded 0 funding rates
18:18:54 [DEBUG] Lighter: Loaded 115 prices via REST
18:18:54 [INFO] ✅ Lighter prices loaded: 115 symbols
18:18:54 [INFO] FundingPredictorV2 initialized with BTC Correlation
18:18:54 [INFO] 启动 OI Tracker für 68 Symbole...
18:18:54 [INFO] ✅ OpenInterestTracker started (interval=30.0s)
18:18:54 [INFO] 🌐 Starting WebSocket Manager...
18:18:54 [INFO] 📊 OI Tracker: Starting cycle 1 (68 symbols)
18:18:54 [INFO] 🔌 [lighter] WebSocket manager started
18:18:54 [INFO] 🔌 [x10] WebSocket manager started
18:18:54 [INFO] ✅ WebSocketManager started
18:18:55 [DEBUG] ✅ SUI-USD: X10=$406,440, Lighter=$0, Total=$406,440
18:18:55 [INFO] ✅ [lighter] Connected to wss://mainnet.zklighter.elliot.ai/stream
18:18:55 [DEBUG] [lighter] Subscribed to trade/-1
18:18:55 [DEBUG] [lighter] Subscribed to order_book/-1
18:18:55 [DEBUG] [lighter] Subscribed to trade/-1
18:18:55 [INFO] ✅ [x10] Connected to wss://api.starknet.extended.exchange/stream.extended.exchange/v1/account
18:18:55 [DEBUG] [lighter] Subscribed to order_book/-1
18:18:55 [DEBUG] [lighter] Subscribed to trade/-1
18:18:55 [DEBUG] [lighter] Subscribed to order_book/-1
18:18:55 [DEBUG] [lighter] Subscribed to trade/-1
18:18:55 [DEBUG] [lighter] Subscribed to market_stats/all
18:18:55 [DEBUG] [lighter] Subscribed to order_book/-1
18:18:55 [DEBUG] [lighter] Subscribed to trade/-1
18:18:55 [DEBUG] [lighter] Subscribed to order_book/-1
18:18:55 [DEBUG] [lighter] Subscribed to trade/-1
18:18:55 [DEBUG] [lighter] Subscribed to order_book/-1
18:18:55 [DEBUG] [lighter] Subscribed to trade/-1
18:18:55 [DEBUG] [lighter] Subscribed to order_book/-1
18:18:55 [DEBUG] [lighter] Subscribed to order_book/-1
18:18:55 [DEBUG] [lighter] Subscribed to trade/-1
18:18:55 [DEBUG] [lighter] Subscribed to order_book/-1
18:18:55 [DEBUG] [lighter] Subscribed to trade/-1
18:18:55 [DEBUG] [lighter] Subscribed to order_book/-1
18:18:55 [DEBUG] [lighter] Subscribed to trade/-1
18:18:55 [DEBUG] [lighter] Subscribed to order_book/-1
18:18:55 [DEBUG] [lighter] Subscribed to trade/-1
18:18:55 [DEBUG] [lighter] Subscribed to order_book/-1
18:18:55 [DEBUG] [lighter] Subscribed to trade/-1
18:18:55 [DEBUG] [lighter] Subscribed to order_book/-1
18:18:55 [DEBUG] [lighter] Subscribed to trade/-1
18:18:55 [DEBUG] [lighter] Subscribed to order_book/-1
18:18:55 [DEBUG] [lighter] Subscribed to trade/-1
18:18:55 [DEBUG] [lighter] Subscribed to order_book/-1
18:18:55 [DEBUG] [lighter] Subscribed to trade/-1
18:18:55 [DEBUG] [lighter] Subscribed to order_book/-1
18:18:55 [DEBUG] [lighter] Subscribed to trade/-1
18:18:55 [DEBUG] [lighter] Subscribed to order_book/-1
18:18:55 [DEBUG] [lighter] Subscribed to trade/-1
18:18:55 [DEBUG] [lighter] Subscribed to order_book/-1
18:18:55 [DEBUG] [lighter] Subscribed to trade/-1
18:18:55 [DEBUG] [lighter] Subscribed to order_book/-1
18:18:55 [DEBUG] [lighter] Subscribed to trade/-1
18:18:56 [DEBUG] [lighter] Subscribed to order_book/-1
18:18:56 [DEBUG] [lighter] Subscribed to trade/-1
18:18:56 [DEBUG] [lighter] Subscribed to order_book/-1
18:18:56 [DEBUG] [lighter] Subscribed to trade/-1
18:18:56 [DEBUG] [lighter] Subscribed to order_book/-1
18:18:56 [DEBUG] [lighter] Subscribed to trade/-1
18:18:56 [DEBUG] [lighter] Subscribed to order_book/-1
18:18:56 [DEBUG] [lighter] Subscribed to trade/-1
18:18:56 [DEBUG] [lighter] Subscribed to order_book/-1
18:18:56 [DEBUG] [lighter] Subscribed to trade/-1
18:18:56 [DEBUG] [lighter] Subscribed to order_book/-1
18:18:56 [DEBUG] [lighter] Subscribed to trade/-1
18:18:56 [DEBUG] [lighter] Subscribed to order_book/-1
18:18:56 [DEBUG] [lighter] Subscribed to trade/-1
18:18:56 [DEBUG] [lighter] Subscribed to order_book/-1
18:18:56 [DEBUG] [lighter] Subscribed to trade/-1
18:18:56 [DEBUG] [lighter] Subscribed to order_book/-1
18:18:56 [DEBUG] [lighter] Subscribed to trade/-1
18:18:56 [DEBUG] [lighter] Subscribed to order_book/-1
18:18:56 [DEBUG] [lighter] Subscribed to trade/-1
18:18:56 [DEBUG] [lighter] Subscribed to order_book/-1
18:18:56 [DEBUG] [lighter] Subscribed to trade/-1
18:18:56 [DEBUG] [lighter] Subscribed to order_book/-1
18:18:56 [DEBUG] [lighter] Subscribed to trade/-1
18:18:56 [DEBUG] [lighter] Subscribed to order_book/-1
18:18:56 [DEBUG] [lighter] Subscribed to trade/-1
18:18:56 [DEBUG] [lighter] Subscribed to order_book/-1
18:18:56 [DEBUG] [lighter] Subscribed to trade/-1
18:18:56 [DEBUG] [x10] Subscribed to publicTrades/SUI/USD
18:18:56 [DEBUG] [x10] Subscribed to funding/SUI/USD
18:18:56 [DEBUG] [x10] Subscribed to publicTrades/APT/USD
18:18:56 [DEBUG] [x10] Subscribed to funding/APT/USD
18:18:56 [DEBUG] [x10] Subscribed to publicTrades/ONDO/USD
18:18:56 [DEBUG] [x10] Subscribed to funding/ONDO/USD
18:18:56 [DEBUG] [x10] Subscribed to publicTrades/S/USD
18:18:56 [DEBUG] [x10] Subscribed to funding/S/USD
18:18:56 [DEBUG] [x10] Subscribed to publicTrades/1000SHIB/USD
18:18:56 [DEBUG] [x10] Subscribed to funding/1000SHIB/USD
18:18:56 [DEBUG] [x10] Subscribed to publicTrades/1000PEPE/USD
18:18:56 [DEBUG] [x10] Subscribed to funding/1000PEPE/USD
18:18:56 [DEBUG] [x10] Subscribed to publicTrades/IP/USD
18:18:56 [DEBUG] [x10] Subscribed to funding/IP/USD
18:18:56 [DEBUG] [x10] Subscribed to publicTrades/SOL/USD
18:18:56 [DEBUG] [x10] Subscribed to funding/SOL/USD
18:18:56 [DEBUG] [x10] Subscribed to publicTrades/EDEN/USD
18:18:56 [DEBUG] [x10] Subscribed to funding/EDEN/USD
18:18:56 [DEBUG] [x10] Subscribed to publicTrades/EIGEN/USD
18:18:56 [DEBUG] [x10] Subscribed to funding/EIGEN/USD
18:18:56 [DEBUG] [x10] Subscribed to publicTrades/ZRO/USD
18:18:56 [DEBUG] [x10] Subscribed to funding/ZRO/USD
18:18:56 [DEBUG] [x10] Subscribed to publicTrades/XRP/USD
18:18:56 [DEBUG] [x10] Subscribed to funding/XRP/USD
18:18:57 [DEBUG] [x10] Subscribed to publicTrades/WLFI/USD
18:18:57 [DEBUG] [x10] Subscribed to funding/WLFI/USD
18:18:57 [DEBUG] [x10] Subscribed to publicTrades/SPX/USD
18:18:57 [DEBUG] [x10] Subscribed to funding/SPX/USD
18:18:57 [DEBUG] [x10] Subscribed to publicTrades/TON/USD
18:18:57 [DEBUG] [x10] Subscribed to funding/TON/USD
18:18:57 [DEBUG] [x10] Subscribed to publicTrades/ENA/USD
18:18:57 [DEBUG] [x10] Subscribed to funding/ENA/USD
18:18:57 [DEBUG] [x10] Subscribed to publicTrades/BTC/USD
18:18:57 [DEBUG] [x10] Subscribed to funding/BTC/USD
18:18:57 [DEBUG] [x10] Subscribed to publicTrades/ZEC/USD
18:18:57 [DEBUG] [x10] Subscribed to funding/ZEC/USD
18:18:57 [DEBUG] [x10] Subscribed to publicTrades/XAU/USD
18:18:57 [DEBUG] [x10] Subscribed to funding/XAU/USD
18:18:57 [DEBUG] [x10] Subscribed to publicTrades/ETH/USD
18:18:57 [DEBUG] [x10] Subscribed to funding/ETH/USD
18:18:57 [DEBUG] [x10] Subscribed to publicTrades/LINEA/USD
18:18:57 [DEBUG] [x10] Subscribed to funding/LINEA/USD
18:18:57 [DEBUG] [x10] Subscribed to publicTrades/PENGU/USD
18:18:57 [DEBUG] [x10] Subscribed to funding/PENGU/USD
18:18:57 [DEBUG] [x10] Subscribed to publicTrades/NEAR/USD
18:18:57 [DEBUG] [x10] Subscribed to funding/NEAR/USD
18:18:57 [DEBUG] [x10] Subscribed to publicTrades/WLD/USD
18:18:57 [DEBUG] [x10] Subscribed to funding/WLD/USD
18:18:57 [DEBUG] [x10] Subscribed to publicTrades/AVNT/USD
18:18:57 [DEBUG] [x10] Subscribed to funding/AVNT/USD
18:18:57 [DEBUG] [x10] Subscribed to publicTrades/DOT/USD
18:18:57 [DEBUG] [x10] Subscribed to funding/DOT/USD
18:18:57 [DEBUG] [x10] Subscribed to publicTrades/TRUMP/USD
18:18:57 [DEBUG] [x10] Subscribed to funding/TRUMP/USD
18:18:57 [DEBUG] [x10] Subscribed to publicTrades/PUMP/USD
18:18:57 [DEBUG] [x10] Subscribed to funding/PUMP/USD
18:18:57 [DEBUG] [x10] Subscribed to publicTrades/JUP/USD
18:18:57 [DEBUG] [x10] Subscribed to funding/JUP/USD
18:18:57 [DEBUG] [x10] Subscribed to publicTrades/RESOLV/USD
18:18:57 [DEBUG] [x10] Subscribed to funding/RESOLV/USD
18:18:57 [DEBUG] [x10] Subscribed to publicTrades/POPCAT/USD
18:18:57 [DEBUG] [x10] Subscribed to funding/POPCAT/USD
18:18:58 [DEBUG] [x10] Subscribed to publicTrades/STRK/USD
18:18:58 [DEBUG] [x10] Subscribed to funding/STRK/USD
18:18:58 [DEBUG] [x10] Subscribed to publicTrades/1000BONK/USD
18:18:58 [DEBUG] [x10] Subscribed to funding/1000BONK/USD
18:18:58 [DEBUG] [x10] Subscribed to publicTrades/MNT/USD
18:18:58 [DEBUG] [x10] Subscribed to funding/MNT/USD
18:18:58 [DEBUG] [x10] Subscribed to publicTrades/CRV/USD
18:18:58 [DEBUG] [x10] Subscribed to funding/CRV/USD
18:18:58 [DEBUG] [x10] Subscribed to publicTrades/LDO/USD
18:18:58 [DEBUG] [x10] Subscribed to funding/LDO/USD
18:18:58 [DEBUG] [x10] Subscribed to publicTrades/AAVE/USD
18:18:58 [DEBUG] [x10] Subscribed to funding/AAVE/USD
18:18:58 [DEBUG] [x10] Subscribed to publicTrades/XPL/USD
18:18:58 [DEBUG] [x10] Subscribed to funding/XPL/USD
18:18:58 [DEBUG] [x10] Subscribed to publicTrades/TAO/USD
18:18:58 [DEBUG] [x10] Subscribed to funding/TAO/USD
18:18:58 [DEBUG] [x10] Subscribed to publicTrades/AVAX/USD
18:18:58 [DEBUG] [x10] Subscribed to funding/AVAX/USD
18:18:58 [DEBUG] [x10] Subscribed to publicTrades/HYPE/USD
18:18:58 [DEBUG] [x10] Subscribed to funding/HYPE/USD
18:18:58 [DEBUG] [x10] Subscribed to publicTrades/PENDLE/USD
18:18:58 [DEBUG] [x10] Subscribed to funding/PENDLE/USD
18:18:58 [DEBUG] [x10] Subscribed to publicTrades/MKR/USD
18:18:58 [DEBUG] [x10] Subscribed to funding/MKR/USD
18:18:58 [DEBUG] [x10] Subscribed to publicTrades/ZORA/USD
18:18:58 [DEBUG] [x10] Subscribed to funding/ZORA/USD
18:18:58 [DEBUG] [x10] Subscribed to publicTrades/GRASS/USD
18:18:58 [DEBUG] [x10] Subscribed to funding/GRASS/USD
18:18:58 [DEBUG] [x10] Subscribed to publicTrades/BERA/USD
18:18:58 [DEBUG] [x10] Subscribed to funding/BERA/USD
18:18:58 [DEBUG] [x10] Subscribed to publicTrades/KAITO/USD
18:18:58 [DEBUG] [x10] Subscribed to funding/KAITO/USD
18:18:58 [DEBUG] [x10] Subscribed to publicTrades/XAG/USD
18:18:58 [DEBUG] [x10] Subscribed to funding/XAG/USD
18:18:58 [DEBUG] [x10] Subscribed to publicTrades/BNB/USD
18:18:58 [DEBUG] [x10] Subscribed to funding/BNB/USD
18:18:58 [DEBUG] ✅ TRX-USD: X10=$433,014, Lighter=$0, Total=$433,014
18:18:58 [DEBUG] [x10] Subscribed to publicTrades/FIL/USD
18:18:58 [DEBUG] [x10] Subscribed to funding/FIL/USD
18:18:59 [DEBUG] [x10] Subscribed to publicTrades/LINK/USD
18:18:59 [DEBUG] [x10] Subscribed to funding/LINK/USD
18:18:59 [DEBUG] [x10] Subscribed to publicTrades/FARTCOIN/USD
18:18:59 [DEBUG] [x10] Subscribed to funding/FARTCOIN/USD
18:18:59 [DEBUG] [x10] Subscribed to publicTrades/LTC/USD
18:18:59 [DEBUG] [x10] Subscribed to funding/LTC/USD
18:18:59 [DEBUG] [x10] Subscribed to publicTrades/MON/USD
18:18:59 [DEBUG] [x10] Subscribed to funding/MON/USD
18:18:59 [DEBUG] [x10] Subscribed to publicTrades/ASTER/USD
18:18:59 [DEBUG] [x10] Subscribed to funding/ASTER/USD
18:18:59 [DEBUG] [x10] Subscribed to publicTrades/TIA/USD
18:18:59 [DEBUG] [x10] Subscribed to funding/TIA/USD
18:18:59 [DEBUG] [x10] Subscribed to publicTrades/VIRTUAL/USD
18:18:59 [DEBUG] [x10] Subscribed to funding/VIRTUAL/USD
18:18:59 [DEBUG] [x10] Subscribed to publicTrades/DOGE/USD
18:18:59 [DEBUG] [x10] Subscribed to funding/DOGE/USD
18:18:59 [DEBUG] [x10] Subscribed to publicTrades/SEI/USD
18:18:59 [DEBUG] [x10] Subscribed to funding/SEI/USD
18:18:59 [DEBUG] [x10] Subscribed to publicTrades/WIF/USD
18:18:59 [DEBUG] [x10] Subscribed to funding/WIF/USD
18:18:59 [DEBUG] [x10] Subscribed to publicTrades/ADA/USD
18:18:59 [DEBUG] [x10] Subscribed to funding/ADA/USD
18:18:59 [DEBUG] [x10] Subscribed to publicTrades/USDJPY/USD
18:18:59 [DEBUG] [x10] Subscribed to funding/USDJPY/USD
18:18:59 [DEBUG] [x10] Subscribed to publicTrades/BCH/USD
18:18:59 [DEBUG] [x10] Subscribed to funding/BCH/USD
18:18:59 [DEBUG] [x10] Subscribed to publicTrades/UNI/USD
18:18:59 [DEBUG] [x10] Subscribed to funding/UNI/USD
18:18:59 [DEBUG] [x10] Subscribed to publicTrades/ARB/USD
18:18:59 [DEBUG] [x10] Subscribed to funding/ARB/USD
18:18:59 [DEBUG] [x10] Subscribed to publicTrades/OP/USD
18:18:59 [DEBUG] [x10] Subscribed to funding/OP/USD
18:18:59 [DEBUG] [x10] Subscribed to publicTrades/TRX/USD
18:18:59 [DEBUG] [x10] Subscribed to funding/TRX/USD
18:18:59 [DEBUG] [x10] Subscribed to publicTrades/APEX/USD
18:18:59 [DEBUG] [x10] Subscribed to funding/APEX/USD
18:18:59 [INFO] 🔗 Components Wired: WS -> OI Tracker -> Prediction
18:18:59 [INFO] 🧟 Starte Zombie-Check: Vergleiche DB mit echten Positionen...
18:18:59 [INFO] ✅ DB ist sauber (keine offenen Trades).
18:18:59 [INFO] ✅ ParallelExecutionManager: Rollback processor started
18:18:59 [INFO] ✅ ParallelExecutionManager started
18:18:59 [INFO] 📝 Registered task: logic_loop (critical=True)
18:18:59 [INFO] 📝 Registered task: trade_management_loop (critical=True)
18:18:59 [INFO] 📝 Registered task: farm_loop (critical=False)
18:18:59 [INFO] 📝 Registered task: maintenance_loop (critical=False)
18:18:59 [INFO] 📝 Registered task: cleanup_finished_tasks (critical=False)
18:18:59 [INFO] 📝 Registered task: health_reporter (critical=False)
18:18:59 [INFO] 📝 Registered task: connection_watchdog (critical=True)
18:19:00 [INFO] ✅ Signal handlers installed (SIGINT, SIGTERM)
18:19:00 [INFO] ▶️  Started task: logic_loop
18:19:00 [INFO] ▶️  Started task: trade_management_loop
18:19:00 [INFO] ▶️  Started task: farm_loop
18:19:00 [INFO] ▶️  Started task: maintenance_loop
18:19:00 [INFO] ▶️  Started task: cleanup_finished_tasks
18:19:00 [INFO] ▶️  Started task: health_reporter
18:19:00 [INFO] ▶️  Started task: connection_watchdog
18:19:00 [INFO] 🚀 Started 7 tasks
18:19:00 [INFO] ═══════════════════════════════════════════════════════════
18:19:00 [INFO]    BOT V5 RUNNING 24/7 - SUPERVISED | Ctrl+C = Stop   
18:19:00 [INFO] ═══════════════════════════════════════════════════════════
18:19:00 [INFO] 🔄 Rollback processor running...
18:19:00 [INFO] Logic Loop gestartet – REFRESH alle 3s
18:19:00 [INFO] ⚡ Latency Arb Detector initialized (threshold: 1.0s)
18:19:00 [INFO] ❄️ Warming up caches (waiting for WS data)... X10=91, Lit=0
18:19:00 [INFO] 🛡️ Trade Management Loop gestartet
18:19:00 [INFO] 🚜 Farm Mode ACTIVE
18:19:00 [DEBUG] Sending GET https://api.starknet.extended.exchange/api/v1/user/balance
18:19:00 [DEBUG] 📊 X10 Funding Cache refresh (current=91)
18:19:00 [INFO] 🐕 Connection Watchdog gestartet (Timeout: 120s)
18:19:00 [INFO] 🔍 Supervisor loop started
18:19:00 [DEBUG] Sending GET https://api.starknet.extended.exchange/api/v1/info/markets?
18:19:02 [INFO]  X10: 91 Märkte geladen, 91 Funding Rates, 78 Preise
18:19:02 [DEBUG] X10: Funding Refresh OK, cache=91
18:19:02 [DEBUG] 📊 Lighter Funding Cache refresh (current=0)
18:19:03 [INFO] ❄️ Warming up caches (waiting for WS data)... X10=91, Lit=0
18:19:03 [DEBUG] ✅ APT-USD: X10=$127,207, Lighter=$0, Total=$127,207
18:19:03 [DEBUG] Lighter: Loaded 0 funding rates
18:19:05 [DEBUG] Lighter: Loaded 115 prices via REST
18:19:05 [DEBUG] Lighter: Funding Refresh OK, cache=0
18:19:05 [INFO] 🔍 Running periodic exchange sync check...
18:19:05 [INFO] 🔍 Starting Exchange Sync Check...
18:19:05 [DEBUG] Sending GET https://api.starknet.extended.exchange/api/v1/user/positions?
18:19:06 [INFO] ❄️ Warming up caches (waiting for WS data)... X10=91, Lit=0
18:19:06 [INFO] Lighter: Found 0 open positions
18:19:06 [INFO] ✅ Exchanges are SYNCED: 0 paired positions
18:19:07 [DEBUG] ✅ S-USD: X10=$69,632, Lighter=$0, Total=$69,632
18:19:07 [DEBUG] Lighter Balance: Raw=$300.42, Safe=$285.40
18:19:07 [INFO] 🚜 Opening FARM: APT-USD APY=27.2%
18:19:07 [DEBUG] Sending GET https://api.starknet.extended.exchange/api/v1/user/positions?
18:19:08 [INFO] Lighter: Found 0 open positions
18:19:08 [DEBUG] ✅ APT-USD verified: No existing positions on exchanges
18:19:08 [INFO]  Volatility Monitor initialized: Low<3.0%, Normal<10.0%, High<20.0%, Hard Cap<50.0%
18:19:08 [DEBUG] Sending GET https://api.starknet.extended.exchange/api/v1/user/balance
18:19:08 [INFO] 🎲 KellyPositionSizer initialized (Safety=0.25, MaxFraction=0.1)
18:19:08 [INFO] 🎰 KELLY APT-USD: win_rate=80.0%, kelly_fraction=0.6000, safe_fraction=0.0500, confidence=LOW, samples=0
18:19:08 [INFO] 📊 KELLY SIZE APT-USD: base=$30.0, kelly_recommended=$14.3, final=$30.0
18:19:08 [INFO] 🚀 Opening APT-USD: Size=$30.0 (Min=$11.0)
18:19:08 [INFO] 🔄 [PARALLEL] APT-USD: Lighter POST-ONLY first
18:19:08 [INFO] 🚀 LIGHTER OPEN APT-USD: side=SELL, size_usd=$30.00, price=$1.830000
18:19:08 [INFO] 🔄 [PARALLEL] APT-USD: X10 MARKET order
18:19:08 [ERROR] Lighter Order Error: MarketIndex should not be larger than 254
18:19:08 [DEBUG] Sending GET https://api.starknet.extended.exchange/api/v1/info/markets?
18:19:09 [INFO] ❄️ Warming up caches (waiting for WS data)... X10=91, Lit=0
18:19:10 [DEBUG] Placing an order: id=1673995597668380331477915793906033144436491219927359700300060891169994972807
18:19:10 [DEBUG] Sending POST https://api.starknet.extended.exchange/api/v1/user/order, headers={<RequestHeader.ACCEPT: 'Accept'>: 'application/json', <RequestHeader.CONTENT_TYPE: 'Content-Type'>: 'application/json', <RequestHeader.USER_AGENT: 'User-Agent'>: 'X10PythonTradingClient/0.0.17', <RequestHeader.API_KEY: 'X-Api-Key'>: 'a1c9207f79f0e57ddc454bf1e16dbe49'}
18:19:10 [DEBUG] ✅ ONDO-USD: X10=$110,251, Lighter=$0, Total=$110,251
18:19:11 [INFO]  X10 Order: 1995543180830339072
18:19:11 [ERROR] 🔄 [ROLLBACK] APT-USD: Lighter failed, queueing X10 rollback
18:19:11 [INFO] 📤 [ROLLBACK] APT-USD: Queued for background processing
18:19:11 [DEBUG] 🧹 Cleaned task: APT-USD
18:19:11 [INFO] 🔄 [ROLLBACK] Processing APT-USD...
18:19:12 [INFO] ❄️ Warming up caches (waiting for WS data)... X10=91, Lit=0
18:19:14 [DEBUG] Sending GET https://api.starknet.extended.exchange/api/v1/user/positions?
18:19:15 [INFO] ❄️ Warming up caches (waiting for WS data)... X10=91, Lit=0
18:19:15 [INFO] → X10 Rollback APT-USD: size=16.200000, side=BUY
18:19:15 [DEBUG] Sending GET https://api.starknet.extended.exchange/api/v1/user/positions?
18:19:15 [INFO] 🔻 X10 CLOSE APT-USD: size=16.200000, side=SELL
18:19:15 [DEBUG] Placing an order: id=281286181917149428352157530591662169037180742940627514049311125864904401723
18:19:15 [DEBUG] Sending POST https://api.starknet.extended.exchange/api/v1/user/order, headers={<RequestHeader.ACCEPT: 'Accept'>: 'application/json', <RequestHeader.CONTENT_TYPE: 'Content-Type'>: 'application/json', <RequestHeader.USER_AGENT: 'User-Agent'>: 'X10PythonTradingClient/0.0.17', <RequestHeader.API_KEY: 'X-Api-Key'>: 'a1c9207f79f0e57ddc454bf1e16dbe49'}
18:19:15 [INFO]  X10 Order: 1995543196809691136
18:19:15 [DEBUG] 💓 [lighter] Ping/Pong OK
18:19:15 [WARNING] [x10] Connection closed: 1011 Ping timeout
18:19:15 [ERROR] [x10] Send error: received 1011 (internal error) Ping timeout; then sent 1011 (internal error) Ping timeout
18:19:15 [DEBUG] 💓 [x10] App-Ping sent
18:19:15 [INFO] 🔄 [x10] Reconnecting in 1.0s (attempt 1)
18:19:16 [DEBUG] ✅ 1000SHIB-USD: X10=$136,268, Lighter=$0, Total=$136,268
18:19:17 [DEBUG] Sending GET https://api.starknet.extended.exchange/api/v1/user/positions?
18:19:17 [INFO] ✅ [x10] Connected to wss://api.starknet.extended.exchange/stream.extended.exchange/v1/account
18:19:17 [DEBUG] [x10] Subscribed to funding/DOGE/USD
18:19:17 [INFO] ✓ X10 rollback APT-USD: Success (16.200000 coins)
18:19:17 [INFO] ✅ [ROLLBACK] APT-USD: Complete (attempt 1)
18:19:17 [DEBUG] [x10] Subscribed to funding/EIGEN/USD
18:19:18 [INFO] ❄️ Warming up caches (waiting for WS data)... X10=91, Lit=0
18:19:18 [DEBUG] [x10] Subscribed to funding/DOT/USD
18:19:18 [DEBUG] [x10] Subscribed to publicTrades/TIA/USD
18:19:18 [DEBUG] [x10] Subscribed to funding/SEI/USD
18:19:18 [DEBUG] [x10] Subscribed to publicTrades/ADA/USD
18:19:18 [DEBUG] [x10] Subscribed to publicTrades/BCH/USD
18:19:18 [DEBUG] [x10] Subscribed to funding/AVNT/USD
18:19:18 [DEBUG] [x10] Subscribed to funding/ENA/USD
18:19:18 [DEBUG] [x10] Subscribed to publicTrades/EIGEN/USD
18:19:18 [DEBUG] [x10] Subscribed to funding/UNI/USD
18:19:18 [DEBUG] [x10] Subscribed to funding/RESOLV/USD
18:19:19 [DEBUG] [x10] Subscribed to publicTrades/XAG/USD
18:19:19 [DEBUG] [x10] Subscribed to funding/ASTER/USD
18:19:19 [DEBUG] [x10] Subscribed to funding/NEAR/USD
18:19:19 [DEBUG] [x10] Subscribed to publicTrades/KAITO/USD
18:19:19 [DEBUG] [x10] Subscribed to publicTrades/POPCAT/USD
18:19:19 [DEBUG] [x10] Subscribed to funding/ONDO/USD
18:19:19 [DEBUG] [x10] Subscribed to publicTrades/SPX/USD
18:19:19 [DEBUG] [x10] Subscribed to publicTrades/AVNT/USD
18:19:19 [DEBUG] [x10] Subscribed to publicTrades/1000SHIB/USD
18:19:19 [DEBUG] [x10] Subscribed to funding/TON/USD
18:19:20 [DEBUG] [x10] Subscribed to publicTrades/NEAR/USD
18:19:20 [DEBUG] [x10] Subscribed to funding/BERA/USD
18:19:20 [DEBUG] [x10] Subscribed to funding/IP/USD
18:19:20 [DEBUG] [x10] Subscribed to funding/WLFI/USD
18:19:20 [DEBUG] ✅ 1000PEPE-USD: X10=$113,417, Lighter=$0, Total=$113,417
18:19:20 [DEBUG] [x10] Subscribed to publicTrades/FIL/USD
18:19:20 [DEBUG] [x10] Subscribed to publicTrades/ASTER/USD
18:19:20 [DEBUG] [x10] Subscribed to publicTrades/APEX/USD
18:19:20 [DEBUG] [x10] Subscribed to publicTrades/PENDLE/USD
18:19:20 [DEBUG] [x10] Subscribed to funding/MKR/USD
18:19:20 [DEBUG] [x10] Subscribed to funding/LDO/USD
18:19:21 [INFO] ❄️ Warming up caches (waiting for WS data)... X10=91, Lit=0
18:19:21 [DEBUG] [x10] Subscribed to publicTrades/ONDO/USD
18:19:21 [DEBUG] [x10] Subscribed to publicTrades/TAO/USD
18:19:21 [DEBUG] [x10] Subscribed to funding/OP/USD
18:19:21 [DEBUG] [x10] Subscribed to publicTrades/AVAX/USD
18:19:21 [DEBUG] [x10] Subscribed to funding/FARTCOIN/USD
18:19:21 [DEBUG] [x10] Subscribed to publicTrades/CRV/USD
18:19:21 [DEBUG] [x10] Subscribed to publicTrades/PENGU/USD
18:19:21 [DEBUG] [x10] Subscribed to publicTrades/PUMP/USD
18:19:21 [DEBUG] [x10] Subscribed to funding/WLD/USD
18:19:22 [DEBUG] [x10] Subscribed to funding/ZEC/USD
18:19:22 [DEBUG] [x10] Subscribed to publicTrades/LTC/USD
18:19:22 [DEBUG] [x10] Subscribed to funding/SUI/USD
18:19:22 [DEBUG] [x10] Subscribed to funding/PENDLE/USD
18:19:22 [DEBUG] [x10] Subscribed to funding/ADA/USD
18:19:22 [DEBUG] [x10] Subscribed to publicTrades/GRASS/USD
18:19:22 [DEBUG] [x10] Subscribed to funding/XRP/USD
18:19:22 [DEBUG] [x10] Subscribed to publicTrades/RESOLV/USD
18:19:22 [DEBUG] [x10] Subscribed to funding/VIRTUAL/USD
18:19:22 [DEBUG] [x10] Subscribed to publicTrades/TRUMP/USD
18:19:23 [DEBUG] [x10] Subscribed to funding/SOL/USD
18:19:23 [DEBUG] [x10] Subscribed to publicTrades/XRP/USD
18:19:23 [DEBUG] [x10] Subscribed to funding/LINK/USD
18:19:23 [DEBUG] [x10] Subscribed to publicTrades/TRX/USD
18:19:23 [DEBUG] [x10] Subscribed to funding/XPL/USD
18:19:23 [DEBUG] [x10] Subscribed to funding/ETH/USD
18:19:23 [DEBUG] [x10] Subscribed to publicTrades/S/USD
18:19:23 [DEBUG] [x10] Subscribed to funding/PENGU/USD
18:19:23 [DEBUG] [x10] Subscribed to funding/USDJPY/USD
18:19:23 [DEBUG] [x10] Subscribed to publicTrades/BNB/USD
18:19:24 [INFO] ❄️ Warming up caches (waiting for WS data)... X10=91, Lit=0
18:19:24 [DEBUG] [x10] Subscribed to publicTrades/OP/USD
18:19:24 [DEBUG] [x10] Subscribed to funding/XAG/USD
18:19:24 [DEBUG] [x10] Subscribed to publicTrades/USDJPY/USD
18:19:24 [DEBUG] ✅ IP-USD: X10=$250,196, Lighter=$0, Total=$250,196
18:19:24 [DEBUG] [x10] Subscribed to funding/FIL/USD
18:19:24 [DEBUG] [x10] Subscribed to publicTrades/MNT/USD
18:19:24 [DEBUG] [x10] Subscribed to funding/LTC/USD
18:19:24 [DEBUG] [x10] Subscribed to publicTrades/MKR/USD
18:19:24 [DEBUG] [x10] Subscribed to publicTrades/EDEN/USD
18:19:24 [DEBUG] [x10] Subscribed to publicTrades/ZEC/USD
18:19:24 [DEBUG] [x10] Subscribed to publicTrades/XPL/USD
18:19:25 [DEBUG] [x10] Subscribed to funding/APT/USD
18:19:25 [DEBUG] [x10] Subscribed to publicTrades/APT/USD
18:19:25 [DEBUG] [x10] Subscribed to funding/APEX/USD
18:19:25 [DEBUG] [x10] Subscribed to publicTrades/UNI/USD
18:19:25 [DEBUG] [x10] Subscribed to publicTrades/DOGE/USD
18:19:25 [DEBUG] [x10] Subscribed to publicTrades/AAVE/USD
18:19:25 [DEBUG] [x10] Subscribed to funding/1000BONK/USD
18:19:25 [DEBUG] [x10] Subscribed to publicTrades/BERA/USD
18:19:25 [DEBUG] [x10] Subscribed to funding/BTC/USD
18:19:25 [DEBUG] [x10] Subscribed to funding/BNB/USD
18:19:26 [DEBUG] [x10] Subscribed to funding/TAO/USD
18:19:26 [DEBUG] [x10] Subscribed to publicTrades/DOT/USD
18:19:26 [DEBUG] [x10] Subscribed to funding/XAU/USD
18:19:26 [DEBUG] [x10] Subscribed to funding/GRASS/USD
18:19:26 [DEBUG] [x10] Subscribed to funding/1000SHIB/USD
18:19:26 [DEBUG] [x10] Subscribed to funding/TRUMP/USD
18:19:26 [DEBUG] [x10] Subscribed to publicTrades/STRK/USD
18:19:26 [DEBUG] [x10] Subscribed to funding/SPX/USD
18:19:26 [DEBUG] [x10] Subscribed to publicTrades/XAU/USD
18:19:27 [DEBUG] [x10] Subscribed to funding/JUP/USD
18:19:27 [INFO] ❄️ Warming up caches (waiting for WS data)... X10=91, Lit=0
18:19:27 [DEBUG] [x10] Subscribed to publicTrades/FARTCOIN/USD
18:19:27 [DEBUG] [x10] Subscribed to publicTrades/VIRTUAL/USD
18:19:27 [DEBUG] [x10] Subscribed to funding/TRX/USD
18:19:27 [DEBUG] [x10] Subscribed to funding/ARB/USD
18:19:27 [DEBUG] [x10] Subscribed to funding/ZRO/USD
18:19:27 [DEBUG] [x10] Subscribed to publicTrades/TON/USD
18:19:27 [DEBUG] [x10] Subscribed to publicTrades/IP/USD
18:19:27 [DEBUG] [x10] Subscribed to publicTrades/ZRO/USD
18:19:27 [DEBUG] [x10] Subscribed to publicTrades/ARB/USD
18:19:28 [DEBUG] [x10] Subscribed to funding/PUMP/USD
18:19:28 [DEBUG] ✅ SOL-USD: X10=$3,709,115, Lighter=$0, Total=$3,709,115
18:19:28 [DEBUG] [x10] Subscribed to funding/LINEA/USD
18:19:28 [DEBUG] [x10] Subscribed to publicTrades/LINEA/USD
18:19:28 [DEBUG] [x10] Subscribed to publicTrades/BTC/USD
18:19:28 [DEBUG] [x10] Subscribed to publicTrades/SEI/USD
18:19:28 [DEBUG] [x10] Subscribed to funding/POPCAT/USD
18:19:28 [DEBUG] [x10] Subscribed to funding/ZORA/USD
18:19:28 [DEBUG] [x10] Subscribed to publicTrades/LINK/USD
18:19:28 [DEBUG] [x10] Subscribed to funding/S/USD
18:19:28 [DEBUG] [x10] Subscribed to funding/BCH/USD
18:19:29 [DEBUG] [x10] Subscribed to funding/AAVE/USD
18:19:29 [DEBUG] [x10] Subscribed to funding/MON/USD
18:19:29 [DEBUG] [x10] Subscribed to publicTrades/MON/USD
18:19:29 [DEBUG] [x10] Subscribed to publicTrades/LDO/USD
18:19:29 [DEBUG] [x10] Subscribed to funding/AVAX/USD
18:19:29 [DEBUG] [x10] Subscribed to publicTrades/SOL/USD
18:19:29 [DEBUG] [x10] Subscribed to publicTrades/WIF/USD
18:19:29 [DEBUG] [x10] Subscribed to funding/HYPE/USD
18:19:29 [DEBUG] [x10] Subscribed to funding/1000PEPE/USD
18:19:30 [DEBUG] 🐕 Watchdog OK: Daten-Alter 3.0s
18:19:30 [DEBUG] [x10] Subscribed to funding/KAITO/USD
18:19:30 [INFO] ❄️ Warming up caches (waiting for WS data)... X10=91, Lit=0
18:19:30 [DEBUG] [x10] Subscribed to funding/CRV/USD
18:19:30 [DEBUG] [x10] Subscribed to publicTrades/ENA/USD
18:19:30 [DEBUG] [x10] Subscribed to funding/MNT/USD
18:19:30 [DEBUG] [x10] Subscribed to publicTrades/WLD/USD
18:19:30 [DEBUG] [x10] Subscribed to publicTrades/SUI/USD
18:19:30 [DEBUG] [x10] Subscribed to publicTrades/WLFI/USD
18:19:30 [DEBUG] [x10] Subscribed to publicTrades/1000BONK/USD
18:19:30 [DEBUG] [x10] Subscribed to funding/EDEN/USD
18:19:30 [DEBUG] [x10] Subscribed to publicTrades/HYPE/USD
18:19:31 [DEBUG] [x10] Subscribed to publicTrades/1000PEPE/USD
18:19:31 [DEBUG] [x10] Subscribed to publicTrades/ZORA/USD
18:19:31 [DEBUG] [x10] Subscribed to funding/WIF/USD
18:19:31 [DEBUG] [x10] Subscribed to publicTrades/ETH/USD
18:19:31 [DEBUG] [x10] Subscribed to funding/STRK/USD
18:19:31 [DEBUG] [x10] Subscribed to publicTrades/JUP/USD
18:19:31 [DEBUG] [x10] Subscribed to funding/TIA/USD
18:19:31 [DEBUG] ✅ EDEN-USD: X10=$14,771, Lighter=$0, Total=$14,771
18:19:33 [INFO] ❄️ Warming up caches (waiting for WS data)... X10=91, Lit=0
18:19:35 [DEBUG] 💓 [lighter] Ping/Pong OK
18:19:36 [INFO] ❄️ Warming up caches (waiting for WS data)... X10=91, Lit=0
18:19:36 [DEBUG] 📊 Lighter Funding Cache refresh (current=0)
18:19:36 [DEBUG] Lighter: Loaded 0 funding rates
18:19:37 [DEBUG] ✅ EIGEN-USD: X10=$124,651, Lighter=$0, Total=$124,651
18:19:37 [DEBUG] Lighter: Loaded 115 prices via REST
18:19:37 [DEBUG] Lighter: Funding Refresh OK, cache=0
18:19:38 [WARNING] [x10] Connection closed: 1011 Ping timeout
18:19:38 [ERROR] [x10] Send error: received 1011 (internal error) Ping timeout; then sent 1011 (internal error) Ping timeout
18:19:38 [DEBUG] 💓 [x10] App-Ping sent
18:19:38 [INFO] 🔄 [x10] Reconnecting in 1.0s (attempt 1)
18:19:39 [INFO] ❄️ Warming up caches (waiting for WS data)... X10=91, Lit=0
18:19:40 [INFO] ✅ [x10] Connected to wss://api.starknet.extended.exchange/stream.extended.exchange/v1/account
18:19:40 [DEBUG] [x10] Subscribed to funding/DOGE/USD
18:19:41 [DEBUG] [x10] Subscribed to funding/EIGEN/USD
18:19:41 [DEBUG] [x10] Subscribed to funding/DOT/USD
18:19:41 [DEBUG] [x10] Subscribed to publicTrades/TIA/USD
18:19:41 [DEBUG] [x10] Subscribed to funding/SEI/USD
18:19:41 [DEBUG] ✅ ZRO-USD: X10=$88,075, Lighter=$0, Total=$88,075
18:19:41 [DEBUG] [x10] Subscribed to publicTrades/ADA/USD
18:19:41 [DEBUG] [x10] Subscribed to publicTrades/BCH/USD
18:19:41 [DEBUG] [x10] Subscribed to funding/AVNT/USD
18:19:41 [DEBUG] [x10] Subscribed to funding/ENA/USD
18:19:41 [DEBUG] [x10] Subscribed to publicTrades/EIGEN/USD
18:19:41 [DEBUG] [x10] Subscribed to funding/UNI/USD
18:19:42 [INFO] ❄️ Warming up caches (waiting for WS data)... X10=91, Lit=0
18:19:42 [DEBUG] [x10] Subscribed to funding/RESOLV/USD
18:19:42 [DEBUG] [x10] Subscribed to publicTrades/XAG/USD
18:19:42 [DEBUG] [x10] Subscribed to funding/ASTER/USD
18:19:42 [DEBUG] [x10] Subscribed to funding/NEAR/USD
18:19:42 [DEBUG] [x10] Subscribed to publicTrades/KAITO/USD
18:19:42 [DEBUG] [x10] Subscribed to publicTrades/POPCAT/USD
18:19:42 [DEBUG] [x10] Subscribed to funding/ONDO/USD
18:19:42 [DEBUG] [x10] Subscribed to publicTrades/SPX/USD
18:19:42 [DEBUG] [x10] Subscribed to publicTrades/AVNT/USD
18:19:42 [DEBUG] [x10] Subscribed to publicTrades/1000SHIB/USD
18:19:43 [DEBUG] [x10] Subscribed to funding/TON/USD
18:19:43 [DEBUG] [x10] Subscribed to publicTrades/NEAR/USD
18:19:43 [DEBUG] [x10] Subscribed to funding/BERA/USD
18:19:43 [DEBUG] [x10] Subscribed to funding/IP/USD
18:19:43 [DEBUG] [x10] Subscribed to funding/WLFI/USD
18:19:43 [DEBUG] [x10] Subscribed to publicTrades/FIL/USD
18:19:43 [DEBUG] [x10] Subscribed to publicTrades/ASTER/USD
18:19:43 [DEBUG] [x10] Subscribed to publicTrades/APEX/USD
18:19:43 [DEBUG] [x10] Subscribed to publicTrades/PENDLE/USD
18:19:44 [DEBUG] [x10] Subscribed to funding/MKR/USD
18:19:44 [DEBUG] [x10] Subscribed to funding/LDO/USD
18:19:44 [DEBUG] [x10] Subscribed to publicTrades/ONDO/USD
18:19:44 [DEBUG] [x10] Subscribed to publicTrades/TAO/USD
18:19:44 [DEBUG] [x10] Subscribed to funding/OP/USD
18:19:44 [DEBUG] [x10] Subscribed to publicTrades/AVAX/USD
18:19:44 [DEBUG] [x10] Subscribed to funding/FARTCOIN/USD
18:19:44 [DEBUG] [x10] Subscribed to publicTrades/CRV/USD
18:19:44 [DEBUG] [x10] Subscribed to publicTrades/PENGU/USD
18:19:44 [DEBUG] [x10] Subscribed to publicTrades/PUMP/USD
18:19:45 [DEBUG] [x10] Subscribed to funding/WLD/USD
18:19:45 [INFO] ❄️ Warming up caches (waiting for WS data)... X10=91, Lit=0
18:19:45 [DEBUG] ✅ XRP-USD: X10=$528,645, Lighter=$0, Total=$528,645
18:19:45 [DEBUG] [x10] Subscribed to funding/ZEC/USD
18:19:45 [DEBUG] [x10] Subscribed to publicTrades/LTC/USD
18:19:45 [DEBUG] [x10] Subscribed to funding/SUI/USD
18:19:45 [DEBUG] [x10] Subscribed to funding/PENDLE/USD
18:19:45 [DEBUG] [x10] Subscribed to funding/ADA/USD
18:19:45 [DEBUG] [x10] Subscribed to publicTrades/GRASS/USD
18:19:45 [DEBUG] [x10] Subscribed to funding/XRP/USD
18:19:45 [DEBUG] [x10] Subscribed to publicTrades/RESOLV/USD
18:19:45 [DEBUG] [x10] Subscribed to funding/VIRTUAL/USD
18:19:45 [DEBUG] [x10] Subscribed to publicTrades/TRUMP/USD
18:19:46 [DEBUG] [x10] Subscribed to funding/SOL/USD
18:19:46 [DEBUG] [x10] Subscribed to publicTrades/XRP/USD
18:19:46 [DEBUG] [x10] Subscribed to funding/LINK/USD
18:19:46 [DEBUG] [x10] Subscribed to publicTrades/TRX/USD
18:19:46 [DEBUG] [x10] Subscribed to funding/XPL/USD
18:19:46 [DEBUG] [x10] Subscribed to funding/ETH/USD
18:19:46 [DEBUG] [x10] Subscribed to publicTrades/S/USD
18:19:46 [DEBUG] [x10] Subscribed to funding/PENGU/USD
18:19:46 [DEBUG] [x10] Subscribed to funding/USDJPY/USD
18:19:47 [DEBUG] [x10] Subscribed to publicTrades/BNB/USD
18:19:47 [DEBUG] [x10] Subscribed to publicTrades/OP/USD
18:19:47 [DEBUG] [x10] Subscribed to funding/XAG/USD
18:19:47 [DEBUG] [x10] Subscribed to publicTrades/USDJPY/USD
18:19:47 [DEBUG] [x10] Subscribed to funding/FIL/USD
18:19:47 [DEBUG] [x10] Subscribed to funding/LTC/USD
18:19:47 [DEBUG] [x10] Subscribed to publicTrades/MNT/USD
18:19:47 [DEBUG] [x10] Subscribed to publicTrades/MKR/USD
18:19:47 [INFO] 🚜 Farm Mode ACTIVE
18:19:47 [DEBUG] Sending GET https://api.starknet.extended.exchange/api/v1/user/balance
18:19:47 [DEBUG] [x10] Subscribed to publicTrades/EDEN/USD
18:19:47 [DEBUG] [x10] Subscribed to publicTrades/ZEC/USD
18:19:48 [INFO] ❄️ Warming up caches (waiting for WS data)... X10=91, Lit=0
18:19:48 [DEBUG] [x10] Subscribed to publicTrades/XPL/USD
18:19:48 [DEBUG] [x10] Subscribed to funding/APT/USD
18:19:48 [DEBUG] [x10] Subscribed to publicTrades/APT/USD
18:19:48 [DEBUG] [x10] Subscribed to funding/APEX/USD
18:19:48 [DEBUG] [x10] Subscribed to publicTrades/UNI/USD
18:19:48 [DEBUG] [x10] Subscribed to publicTrades/DOGE/USD
18:19:48 [DEBUG] [x10] Subscribed to publicTrades/AAVE/USD
18:19:48 [DEBUG] [x10] Subscribed to funding/1000BONK/USD
18:19:48 [DEBUG] [x10] Subscribed to publicTrades/BERA/USD
18:19:48 [DEBUG] ✅ WLFI-USD: X10=$646,917, Lighter=$0, Total=$646,917
18:19:48 [DEBUG] [x10] Subscribed to funding/BTC/USD
18:19:49 [DEBUG] [x10] Subscribed to funding/BNB/USD
18:19:49 [DEBUG] [x10] Subscribed to funding/TAO/USD
18:19:49 [DEBUG] [x10] Subscribed to publicTrades/DOT/USD
18:19:49 [DEBUG] [x10] Subscribed to funding/XAU/USD
18:19:49 [DEBUG] [x10] Subscribed to funding/GRASS/USD
18:19:49 [DEBUG] Lighter Balance: Raw=$300.42, Safe=$285.40
18:19:49 [INFO] 🚜 Opening FARM: IP-USD APY=117.4%
18:19:49 [DEBUG] Sending GET https://api.starknet.extended.exchange/api/v1/user/positions?
18:19:49 [DEBUG] [x10] Subscribed to funding/1000SHIB/USD
18:19:49 [DEBUG] [x10] Subscribed to funding/TRUMP/USD
18:19:49 [DEBUG] [x10] Subscribed to publicTrades/STRK/USD
18:19:49 [DEBUG] [x10] Subscribed to funding/SPX/USD
18:19:50 [DEBUG] [x10] Subscribed to publicTrades/XAU/USD
18:19:50 [DEBUG] [x10] Subscribed to funding/JUP/USD
18:19:50 [DEBUG] [x10] Subscribed to publicTrades/FARTCOIN/USD
18:19:50 [INFO] Lighter: Found 0 open positions
18:19:50 [DEBUG] ✅ IP-USD verified: No existing positions on exchanges
18:19:50 [DEBUG] Skip IP-USD: Min Req $23.15 > Max Config $20.0
18:19:50 [DEBUG] 🧹 Cleaned task: IP-USD
18:19:50 [DEBUG] [x10] Subscribed to publicTrades/VIRTUAL/USD
18:19:50 [DEBUG] [x10] Subscribed to funding/TRX/USD
18:19:50 [DEBUG] [x10] Subscribed to funding/ARB/USD
18:19:50 [DEBUG] [x10] Subscribed to funding/ZRO/USD
18:19:50 [DEBUG] [x10] Subscribed to publicTrades/TON/USD
18:19:50 [DEBUG] [x10] Subscribed to publicTrades/IP/USD
18:19:50 [DEBUG] [x10] Subscribed to publicTrades/ZRO/USD
18:19:51 [INFO] ❄️ Warming up caches (waiting for WS data)... X10=91, Lit=0
18:19:51 [DEBUG] [x10] Subscribed to publicTrades/ARB/USD
18:19:51 [DEBUG] [x10] Subscribed to funding/PUMP/USD
18:19:51 [DEBUG] [x10] Subscribed to funding/LINEA/USD
18:19:51 [DEBUG] [x10] Subscribed to publicTrades/LINEA/USD
18:19:51 [DEBUG] [x10] Subscribed to publicTrades/BTC/USD
18:19:51 [DEBUG] [x10] Subscribed to publicTrades/SEI/USD
18:19:51 [DEBUG] [x10] Subscribed to funding/POPCAT/USD
18:19:51 [DEBUG] [x10] Subscribed to funding/ZORA/USD
18:19:51 [DEBUG] [x10] Subscribed to funding/BCH/USD
18:19:52 [DEBUG] [x10] Subscribed to funding/S/USD
18:19:52 [DEBUG] [x10] Subscribed to funding/AAVE/USD
18:19:52 [DEBUG] [x10] Subscribed to funding/MON/USD
18:19:52 [DEBUG] [x10] Subscribed to publicTrades/MON/USD
18:19:52 [DEBUG] [x10] Subscribed to publicTrades/LDO/USD
18:19:52 [DEBUG] [x10] Subscribed to funding/AVAX/USD
18:19:52 [DEBUG] ✅ SPX-USD: X10=$169,177, Lighter=$0, Total=$169,177
18:19:52 [DEBUG] [x10] Subscribed to publicTrades/SOL/USD
18:19:52 [DEBUG] [x10] Subscribed to publicTrades/WIF/USD
18:19:52 [DEBUG] [x10] Subscribed to publicTrades/JUP/USD
18:19:52 [DEBUG] [x10] Subscribed to funding/HYPE/USD
18:19:53 [DEBUG] [x10] Subscribed to funding/1000PEPE/USD
18:19:53 [DEBUG] [x10] Subscribed to funding/KAITO/USD
18:19:53 [DEBUG] [x10] Subscribed to funding/CRV/USD
18:19:53 [DEBUG] [x10] Subscribed to publicTrades/ENA/USD
18:19:53 [DEBUG] [x10] Subscribed to funding/MNT/USD
18:19:53 [DEBUG] [x10] Subscribed to publicTrades/WLD/USD
18:19:53 [DEBUG] [x10] Subscribed to publicTrades/SUI/USD
18:19:53 [DEBUG] [x10] Subscribed to publicTrades/WLFI/USD
18:19:53 [DEBUG] [x10] Subscribed to publicTrades/1000BONK/USD
18:19:53 [DEBUG] [x10] Subscribed to funding/EDEN/USD
18:19:54 [INFO] ❄️ Warming up caches (waiting for WS data)... X10=91, Lit=0
18:19:54 [DEBUG] [x10] Subscribed to publicTrades/HYPE/USD
18:19:54 [DEBUG] [x10] Subscribed to publicTrades/1000PEPE/USD
18:19:54 [DEBUG] [x10] Subscribed to publicTrades/ZORA/USD
18:19:54 [DEBUG] [x10] Subscribed to funding/WIF/USD
18:19:54 [DEBUG] [x10] Subscribed to publicTrades/ETH/USD
18:19:54 [DEBUG] [x10] Subscribed to funding/STRK/USD
18:19:54 [DEBUG] [x10] Subscribed to publicTrades/LINK/USD
18:19:54 [DEBUG] [x10] Subscribed to funding/TIA/USD
18:19:56 [DEBUG] 💓 [lighter] Ping/Pong OK
18:19:57 [INFO] ❄️ Warming up caches (waiting for WS data)... X10=91, Lit=0
18:19:58 [DEBUG] ✅ TON-USD: X10=$88,508, Lighter=$0, Total=$88,508
18:20:00 [DEBUG] 🐕 Watchdog OK: Daten-Alter 3.0s
18:20:00 [INFO] ❄️ Warming up caches (waiting for WS data)... X10=91, Lit=0
18:20:01 [WARNING] [x10] Connection closed: 1011 Ping timeout
18:20:01 [ERROR] [x10] Send error: received 1011 (internal error) Ping timeout; then sent 1011 (internal error) Ping timeout
18:20:01 [DEBUG] 💓 [x10] App-Ping sent
18:20:01 [INFO] 🔄 [x10] Reconnecting in 1.0s (attempt 1)
18:20:02 [DEBUG] ✅ ENA-USD: X10=$180,815, Lighter=$0, Total=$180,815
18:20:03 [INFO] ❄️ Warming up caches (waiting for WS data)... X10=91, Lit=0
18:20:03 [INFO] ✅ [x10] Connected to wss://api.starknet.extended.exchange/stream.extended.exchange/v1/account
18:20:03 [DEBUG] [x10] Subscribed to funding/DOGE/USD
18:20:04 [DEBUG] [x10] Subscribed to funding/EIGEN/USD
18:20:04 [DEBUG] [x10] Subscribed to funding/DOT/USD
18:20:04 [DEBUG] [x10] Subscribed to publicTrades/TIA/USD
18:20:04 [DEBUG] [x10] Subscribed to funding/SEI/USD
18:20:04 [DEBUG] [x10] Subscribed to publicTrades/ADA/USD
18:20:04 [DEBUG] [x10] Subscribed to publicTrades/BCH/USD
18:20:04 [DEBUG] [x10] Subscribed to funding/AVNT/USD
18:20:04 [DEBUG] [x10] Subscribed to funding/ENA/USD
18:20:04 [DEBUG] [x10] Subscribed to publicTrades/EIGEN/USD
18:20:04 [DEBUG] [x10] Subscribed to funding/UNI/USD
18:20:05 [DEBUG] [x10] Subscribed to funding/RESOLV/USD
18:20:05 [DEBUG] [x10] Subscribed to publicTrades/XAG/USD
18:20:05 [DEBUG] [x10] Subscribed to funding/ASTER/USD
18:20:05 [DEBUG] [x10] Subscribed to funding/NEAR/USD
18:20:05 [DEBUG] [x10] Subscribed to publicTrades/KAITO/USD
18:20:05 [DEBUG] [x10] Subscribed to publicTrades/POPCAT/USD
18:20:05 [DEBUG] [x10] Subscribed to funding/ONDO/USD
18:20:05 [DEBUG] [x10] Subscribed to publicTrades/SPX/USD
18:20:05 [DEBUG] ✅ BTC-USD: X10=$22,728,729, Lighter=$0, Total=$22,728,729
18:20:05 [DEBUG] [x10] Subscribed to publicTrades/AVNT/USD
18:20:06 [DEBUG] [x10] Subscribed to publicTrades/1000SHIB/USD
18:20:06 [INFO] ❄️ Warming up caches (waiting for WS data)... X10=91, Lit=0
18:20:06 [DEBUG] [x10] Subscribed to funding/TON/USD
18:20:06 [DEBUG] [x10] Subscribed to publicTrades/NEAR/USD
18:20:06 [DEBUG] [x10] Subscribed to funding/BERA/USD
18:20:06 [DEBUG] [x10] Subscribed to funding/IP/USD
18:20:06 [DEBUG] [x10] Subscribed to funding/WLFI/USD
18:20:06 [DEBUG] [x10] Subscribed to publicTrades/FIL/USD
18:20:06 [DEBUG] [x10] Subscribed to publicTrades/ASTER/USD
18:20:06 [DEBUG] [x10] Subscribed to publicTrades/APEX/USD
18:20:06 [DEBUG] [x10] Subscribed to publicTrades/PENDLE/USD
18:20:07 [DEBUG] [x10] Subscribed to funding/MKR/USD
18:20:07 [DEBUG] [x10] Subscribed to funding/LDO/USD
18:20:07 [DEBUG] [x10] Subscribed to publicTrades/ONDO/USD
18:20:07 [DEBUG] [x10] Subscribed to publicTrades/TAO/USD
18:20:07 [DEBUG] [x10] Subscribed to funding/OP/USD
18:20:07 [DEBUG] [x10] Subscribed to publicTrades/AVAX/USD
18:20:07 [DEBUG] [x10] Subscribed to funding/FARTCOIN/USD
18:20:07 [DEBUG] [x10] Subscribed to publicTrades/CRV/USD
18:20:07 [DEBUG] [x10] Subscribed to publicTrades/PENGU/USD
18:20:07 [DEBUG] [x10] Subscribed to publicTrades/PUMP/USD
18:20:08 [DEBUG] [x10] Subscribed to funding/WLD/USD
18:20:08 [DEBUG] [x10] Subscribed to funding/ZEC/USD
18:20:08 [DEBUG] [x10] Subscribed to publicTrades/LTC/USD
18:20:08 [DEBUG] [x10] Subscribed to funding/SUI/USD
18:20:08 [DEBUG] 📊 X10 Funding Cache refresh (current=91)
18:20:08 [DEBUG] Sending GET https://api.starknet.extended.exchange/api/v1/info/markets?
18:20:08 [DEBUG] [x10] Subscribed to funding/PENDLE/USD
18:20:08 [DEBUG] [x10] Subscribed to funding/ADA/USD
18:20:08 [DEBUG] [x10] Subscribed to publicTrades/GRASS/USD
18:20:08 [DEBUG] [x10] Subscribed to funding/XRP/USD
18:20:08 [DEBUG] [x10] Subscribed to publicTrades/RESOLV/USD
18:20:08 [DEBUG] [x10] Subscribed to funding/VIRTUAL/USD
18:20:09 [DEBUG] [x10] Subscribed to publicTrades/TRUMP/USD
18:20:09 [INFO] ❄️ Warming up caches (waiting for WS data)... X10=91, Lit=0
18:20:09 [DEBUG] [x10] Subscribed to funding/SOL/USD
18:20:09 [DEBUG] [x10] Subscribed to publicTrades/XRP/USD
18:20:09 [DEBUG] [x10] Subscribed to funding/LINK/USD
18:20:09 [DEBUG] [x10] Subscribed to publicTrades/TRX/USD
18:20:09 [DEBUG] [x10] Subscribed to funding/XPL/USD
18:20:09 [DEBUG] [x10] Subscribed to funding/ETH/USD
18:20:09 [DEBUG] ✅ ZEC-USD: X10=$1,042,900, Lighter=$0, Total=$1,042,900
18:20:09 [DEBUG] [x10] Subscribed to publicTrades/S/USD
18:20:09 [DEBUG] [x10] Subscribed to funding/PENGU/USD
18:20:09 [DEBUG] [x10] Subscribed to funding/USDJPY/USD
18:20:10 [DEBUG] [x10] Subscribed to publicTrades/BNB/USD
18:20:10 [DEBUG] [x10] Subscribed to publicTrades/OP/USD
18:20:10 [DEBUG] [x10] Subscribed to funding/XAG/USD
18:20:10 [DEBUG] [x10] Subscribed to publicTrades/USDJPY/USD
18:20:10 [DEBUG] [x10] Subscribed to funding/FIL/USD
18:20:10 [INFO]  X10: 91 Märkte geladen, 91 Funding Rates, 78 Preise
18:20:10 [DEBUG] X10: Funding Refresh OK, cache=91
18:20:10 [DEBUG] 📊 Lighter Funding Cache refresh (current=0)
18:20:10 [DEBUG] [x10] Subscribed to publicTrades/MNT/USD
18:20:10 [DEBUG] [x10] Subscribed to funding/LTC/USD
18:20:10 [DEBUG] [x10] Subscribed to publicTrades/MKR/USD
18:20:10 [DEBUG] Lighter: Loaded 0 funding rates
18:20:10 [DEBUG] [x10] Subscribed to publicTrades/EDEN/USD
18:20:10 [DEBUG] [x10] Subscribed to publicTrades/ZEC/USD
18:20:11 [DEBUG] [x10] Subscribed to publicTrades/XPL/USD
18:20:11 [DEBUG] [x10] Subscribed to funding/APT/USD
18:20:11 [DEBUG] [x10] Subscribed to publicTrades/APT/USD
18:20:11 [DEBUG] [x10] Subscribed to funding/APEX/USD
18:20:11 [DEBUG] [x10] Subscribed to publicTrades/UNI/USD
18:20:11 [DEBUG] Lighter: Loaded 115 prices via REST
18:20:11 [DEBUG] Lighter: Funding Refresh OK, cache=0
18:20:11 [DEBUG] [x10] Subscribed to publicTrades/DOGE/USD
18:20:11 [DEBUG] [x10] Subscribed to publicTrades/AAVE/USD
18:20:11 [DEBUG] [x10] Subscribed to funding/1000BONK/USD
18:20:11 [DEBUG] [x10] Subscribed to publicTrades/BERA/USD
18:20:11 [DEBUG] [x10] Subscribed to funding/BTC/USD
18:20:12 [DEBUG] [x10] Subscribed to funding/BNB/USD
18:20:12 [INFO] ❄️ Warming up caches (waiting for WS data)... X10=91, Lit=0
18:20:12 [DEBUG] [x10] Subscribed to funding/TAO/USD
18:20:12 [DEBUG] [x10] Subscribed to publicTrades/DOT/USD
18:20:12 [DEBUG] [x10] Subscribed to funding/XAU/USD
18:20:12 [DEBUG] [x10] Subscribed to funding/GRASS/USD
18:20:12 [DEBUG] [x10] Subscribed to funding/1000SHIB/USD
18:20:12 [DEBUG] [x10] Subscribed to funding/TRUMP/USD
18:20:12 [DEBUG] [x10] Subscribed to publicTrades/STRK/USD
18:20:12 [DEBUG] [x10] Subscribed to funding/SPX/USD
18:20:12 [DEBUG] [x10] Subscribed to publicTrades/XAU/USD
18:20:13 [DEBUG] [x10] Subscribed to funding/JUP/USD
18:20:13 [DEBUG] [x10] Subscribed to publicTrades/FARTCOIN/USD
18:20:13 [DEBUG] [x10] Subscribed to publicTrades/VIRTUAL/USD
18:20:13 [DEBUG] ✅ XAU-USD: X10=$3,772,762, Lighter=$0, Total=$3,772,762
18:20:13 [DEBUG] [x10] Subscribed to funding/TRX/USD
18:20:13 [DEBUG] [x10] Subscribed to funding/ARB/USD
18:20:13 [DEBUG] [x10] Subscribed to funding/ZRO/USD
18:20:13 [DEBUG] [x10] Subscribed to publicTrades/TON/USD
18:20:13 [DEBUG] [x10] Subscribed to publicTrades/IP/USD
18:20:13 [DEBUG] [x10] Subscribed to publicTrades/ZRO/USD
18:20:13 [DEBUG] [x10] Subscribed to publicTrades/ARB/USD
18:20:14 [DEBUG] [x10] Subscribed to funding/PUMP/USD
18:20:14 [DEBUG] [x10] Subscribed to funding/LINEA/USD
18:20:14 [DEBUG] [x10] Subscribed to publicTrades/LINEA/USD
18:20:14 [DEBUG] [x10] Subscribed to publicTrades/BTC/USD
18:20:14 [DEBUG] [x10] Subscribed to publicTrades/SEI/USD
18:20:14 [DEBUG] [x10] Subscribed to funding/POPCAT/USD
18:20:14 [DEBUG] [x10] Subscribed to funding/ZORA/USD
18:20:14 [DEBUG] [x10] Subscribed to funding/BCH/USD
18:20:14 [DEBUG] [x10] Subscribed to funding/S/USD
18:20:14 [DEBUG] [x10] Subscribed to publicTrades/LINK/USD
18:20:15 [INFO] ❄️ Warming up caches (waiting for WS data)... X10=91, Lit=0
18:20:15 [DEBUG] [x10] Subscribed to funding/AAVE/USD
18:20:15 [DEBUG] [x10] Subscribed to funding/MON/USD
18:20:15 [DEBUG] [x10] Subscribed to publicTrades/MON/USD
18:20:15 [DEBUG] [x10] Subscribed to publicTrades/LDO/USD
18:20:15 [DEBUG] [x10] Subscribed to funding/AVAX/USD
18:20:15 [DEBUG] [x10] Subscribed to publicTrades/SOL/USD
18:20:15 [DEBUG] [x10] Subscribed to publicTrades/WIF/USD
18:20:15 [DEBUG] [x10] Subscribed to funding/HYPE/USD
18:20:15 [DEBUG] [x10] Subscribed to funding/1000PEPE/USD
18:20:15 [DEBUG] [x10] Subscribed to funding/KAITO/USD
18:20:16 [DEBUG] [x10] Subscribed to funding/CRV/USD
18:20:16 [DEBUG] [x10] Subscribed to publicTrades/ENA/USD
18:20:16 [DEBUG] [x10] Subscribed to funding/MNT/USD
18:20:16 [DEBUG] [x10] Subscribed to publicTrades/WLD/USD
18:20:16 [DEBUG] [x10] Subscribed to publicTrades/SUI/USD
18:20:16 [DEBUG] 💓 [lighter] Ping/Pong OK
18:20:16 [DEBUG] [x10] Subscribed to publicTrades/WLFI/USD
18:20:16 [DEBUG] [x10] Subscribed to publicTrades/1000BONK/USD
18:20:16 [DEBUG] [x10] Subscribed to funding/EDEN/USD
18:20:16 [DEBUG] [x10] Subscribed to publicTrades/HYPE/USD
18:20:16 [DEBUG] [x10] Subscribed to publicTrades/1000PEPE/USD
18:20:17 [DEBUG] [x10] Subscribed to publicTrades/ZORA/USD
18:20:17 [DEBUG] [x10] Subscribed to funding/WIF/USD
18:20:17 [DEBUG] [x10] Subscribed to publicTrades/ETH/USD
18:20:17 [DEBUG] [x10] Subscribed to funding/STRK/USD
18:20:17 [DEBUG] [x10] Subscribed to publicTrades/JUP/USD
18:20:17 [DEBUG] [x10] Subscribed to funding/TIA/USD
18:20:18 [INFO] ❄️ Warming up caches (waiting for WS data)... X10=91, Lit=0
18:20:19 [DEBUG] ✅ ETH-USD: X10=$11,150,636, Lighter=$0, Total=$11,150,636
18:20:21 [INFO] ❄️ Warming up caches (waiting for WS data)... X10=91, Lit=0
18:20:22 [DEBUG] ✅ LINEA-USD: X10=$51,904, Lighter=$0, Total=$51,904
18:20:24 [INFO] ❄️ Warming up caches (waiting for WS data)... X10=91, Lit=0
18:20:24 [WARNING] [x10] Connection closed: 1011 Ping timeout
18:20:24 [ERROR] [x10] Send error: received 1011 (internal error) Ping timeout; then sent 1011 (internal error) Ping timeout
18:20:24 [DEBUG] 💓 [x10] App-Ping sent
18:20:24 [INFO] 🔄 [x10] Reconnecting in 1.0s (attempt 1)
18:20:26 [DEBUG] ✅ PENGU-USD: X10=$180,475, Lighter=$0, Total=$180,475
18:20:26 [INFO] ✅ [x10] Connected to wss://api.starknet.extended.exchange/stream.extended.exchange/v1/account
18:20:26 [DEBUG] [x10] Subscribed to funding/DOGE/USD
18:20:27 [INFO] ❄️ Warming up caches (waiting for WS data)... X10=91, Lit=0
18:20:27 [DEBUG] [x10] Subscribed to funding/EIGEN/USD
18:20:27 [DEBUG] [x10] Subscribed to funding/DOT/USD
18:20:27 [DEBUG] [x10] Subscribed to publicTrades/TIA/USD
18:20:27 [DEBUG] [x10] Subscribed to funding/SEI/USD
18:20:27 [DEBUG] [x10] Subscribed to publicTrades/ADA/USD
18:20:27 [DEBUG] [x10] Subscribed to publicTrades/BCH/USD
18:20:27 [DEBUG] [x10] Subscribed to funding/AVNT/USD
18:20:27 [DEBUG] [x10] Subscribed to funding/ENA/USD
18:20:27 [DEBUG] [x10] Subscribed to publicTrades/EIGEN/USD
18:20:28 [DEBUG] [x10] Subscribed to funding/UNI/USD
18:20:28 [DEBUG] [x10] Subscribed to funding/RESOLV/USD
18:20:28 [DEBUG] [x10] Subscribed to publicTrades/XAG/USD
18:20:28 [DEBUG] [x10] Subscribed to funding/ASTER/USD
18:20:28 [DEBUG] [x10] Subscribed to funding/NEAR/USD
18:20:28 [DEBUG] [x10] Subscribed to publicTrades/KAITO/USD
18:20:28 [DEBUG] [x10] Subscribed to publicTrades/POPCAT/USD
18:20:28 [DEBUG] [x10] Subscribed to funding/ONDO/USD
18:20:28 [DEBUG] [x10] Subscribed to publicTrades/SPX/USD
18:20:28 [DEBUG] [x10] Subscribed to publicTrades/AVNT/USD
18:20:29 [DEBUG] [x10] Subscribed to publicTrades/1000SHIB/USD
18:20:29 [DEBUG] [x10] Subscribed to funding/TON/USD
18:20:29 [DEBUG] [x10] Subscribed to publicTrades/NEAR/USD
18:20:29 [DEBUG] [x10] Subscribed to funding/BERA/USD
18:20:29 [DEBUG] [x10] Subscribed to funding/IP/USD
18:20:29 [DEBUG] [x10] Subscribed to funding/WLFI/USD
18:20:29 [INFO] 🚜 Farm Mode ACTIVE
18:20:29 [DEBUG] Sending GET https://api.starknet.extended.exchange/api/v1/user/balance
18:20:29 [DEBUG] [x10] Subscribed to publicTrades/FIL/USD
18:20:29 [DEBUG] [x10] Subscribed to publicTrades/ASTER/USD
18:20:29 [DEBUG] [x10] Subscribed to publicTrades/APEX/USD
18:20:30 [DEBUG] [x10] Subscribed to publicTrades/PENDLE/USD
18:20:30 [DEBUG] 🐕 Watchdog OK: Daten-Alter 3.0s
18:20:30 [INFO] ❄️ Warming up caches (waiting for WS data)... X10=91, Lit=0
18:20:30 [DEBUG] [x10] Subscribed to funding/MKR/USD
18:20:30 [DEBUG] [x10] Subscribed to funding/LDO/USD
18:20:30 [DEBUG] [x10] Subscribed to publicTrades/ONDO/USD
18:20:30 [DEBUG] ✅ NEAR-USD: X10=$256,073, Lighter=$0, Total=$256,073
18:20:30 [DEBUG] [x10] Subscribed to publicTrades/TAO/USD
18:20:30 [WARNING] 🛑 Received SIGINT, initiating graceful shutdown...
18:20:30 [INFO] 🛑 Shutting down...
18:20:30 [INFO] 🛑 Initiating graceful shutdown...
18:20:30 [DEBUG] [x10] Subscribed to funding/OP/USD
18:20:30 [INFO] 🔍 Supervisor loop stopped
18:20:30 [INFO] 🛑 Cancelling logic_loop...
18:20:30 [INFO] 🛑 Cancelling trade_management_loop...
18:20:30 [INFO] 🛑 Cancelling farm_loop...
18:20:30 [INFO] 🛑 Cancelling maintenance_loop...
18:20:30 [INFO] 🛑 Cancelling cleanup_finished_tasks...
18:20:30 [INFO] 🛑 Cancelling health_reporter...
18:20:30 [INFO] 🛑 Cancelling connection_watchdog...
18:20:30 [INFO] Logic loop cancelled
18:20:30 [INFO] Connection watchdog cancelled
18:20:30 [INFO] ✅ All tasks stopped
18:20:30 [INFO] 🛑 Rollback processor: Shutdown signal received
18:20:30 [INFO] ✅ ParallelExecutionManager: Stopped
18:20:30 [INFO] 🔌 [lighter] WebSocket stopped
18:20:33 [WARNING] 🛑 Received SIGINT, initiating graceful shutdown...
18:20:34 [DEBUG] ✅ WLD-USD: X10=$91,293, Lighter=$0, Total=$91,293
18:20:35 [INFO] 🔌 [x10] WebSocket stopped
18:20:35 [INFO] ✅ WebSocketManager stopped
18:20:35 [INFO] ✅ OpenInterestTracker stopped
18:20:35 [INFO] 🛑 Stopping InMemoryStateManager...
18:20:35 [INFO] 📝 State writer loop stopped
18:20:35 [INFO] ✅ InMemoryStateManager stopped
18:20:35 [INFO] 🔒 Closing database...
18:20:35 [INFO] 🖊️ Database write loop stopped
18:20:35 [INFO] ✅ Database closed
18:20:35 [INFO] ✅ X10 Adapter geschlossen.
18:20:35 [INFO] ✅ Lighter Adapter closed
18:20:35 [INFO] ✅ Bot V5 shutdown complete
