13:26:03 [INFO] CONFIG VALIDATION COMPLETED.
13:26:03 [INFO] 🔥 BOT V5 (Architected) STARTING...
13:26:03 [INFO] 🚀 Starting InMemoryStateManager...
13:26:03 [INFO] 📂 Initializing database: data/trades.db
13:26:03 [INFO] ✅ Read pool created: 5 connections
13:26:03 [INFO] ✅ WAL mode enabled
13:26:03 [INFO] 🔄 Running database migrations...
13:26:03 [INFO] ✅ Migrations complete (14 statements)
13:26:03 [INFO] ✅ Database initialized
13:26:03 [INFO] 🖊️ Database write loop started
13:26:03 [INFO] 🧹 Running database maintenance...
13:26:03 [INFO] 🧹 Executing VACUUM...
13:26:03 [INFO] 📂 Loaded 0 trades from database
13:26:03 [INFO] ✅ InMemoryStateManager started (loaded 0 trades)
13:26:03 [INFO] ✅ State Manager started
13:26:03 [INFO]  Telegram Bot disabled (Token/ChatID missing).
13:26:03 [INFO] ✅ Async database initialized
13:26:03 [INFO] 📝 State writer loop started
13:26:03 [INFO] ✅ Database maintenance complete
13:26:03 [DEBUG] ✅ Database schema up to date
13:26:03 [INFO] Initialisiere X10 Adapter...
13:26:03 [INFO]  X10 Account initialisiert.
13:26:03 [INFO] Initialisiere Lighter Adapter...
13:26:03 [INFO] 💰 Checking exchange balances at startup...
13:26:03 [DEBUG] Sending GET https://api.starknet.extended.exchange/api/v1/user/balance
13:26:04 [INFO] 💰 X10 verfügbare Balance: $240.53 USDC
13:26:04 [DEBUG] Starting new HTTPS connection (1): mainnet.zklighter.elliot.ai:443
13:26:05 [DEBUG] https://mainnet.zklighter.elliot.ai:443 "GET /api/v1/nextNonce?account_index=60113&api_key_index=3 HTTP/1.1" 200 25
13:26:08 [DEBUG] Lighter Balance: Raw=$260.69, Safe=$247.66
13:26:08 [INFO] 💰 STARTUP BALANCE CHECK: X10=$240.53, Lighter=$247.66
13:26:08 [INFO] ✅ Exchange balances OK - Bot can trade!
13:26:08 [INFO] 💰 FeeManager initialized (Dynamic Fees: ENABLED)
13:26:08 [DEBUG] FeeManager: Adapters set (X10=True, Lighter=True)
13:26:08 [INFO] ✅ Lighter Fee Check OK (Using Config): Maker=0.0007, Taker=0.001
13:26:08 [INFO] ✅ Lighter Fees updated: Maker=0.000700, Taker=0.001000 (source=api)
13:26:09 [INFO] ✅ X10 Fee Schedule (REST /api/v1/user/fees): Maker=0.000000, Taker=0.000225
13:26:09 [INFO] ✅ X10 Fees updated: Maker=0.000000, Taker=0.000225 (source=api)
13:26:09 [INFO] ✅ FeeManager started with periodic refresh
13:26:09 [INFO] ✅ FeeManager started
13:26:09 [INFO] 🎲 KellyPositionSizer initialized (Safety=0.25, MaxFraction=0.1)
13:26:09 [INFO] 📂 Kelly: No historical trades found in DB
13:26:09 [INFO] ✅ Funding Tracker started (updates every 3600s)
13:26:09 [INFO] ✅ FundingTracker started (interval=3600s)
13:26:09 [INFO] 📊 Loading Market Data via REST...
13:26:09 [INFO] 🔄 Funding tracking loop started...
13:26:09 [DEBUG] Sending GET https://api.starknet.extended.exchange/api/v1/info/markets?
13:26:09 [INFO] 📊 No open trades to track
13:26:11 [INFO] ✅ Lighter: Loaded 114 markets (base data)
13:26:11 [INFO] ✅ Lighter: Updated 113 markets with size_decimals from API
13:26:11 [INFO] 📊 MARKET ADA-USD: size_decimals=1, price_decimals=5, min_base_amount=10.0
13:26:11 [INFO] 📊 MARKET SEI-USD: size_decimals=1, price_decimals=5, min_base_amount=50.0
13:26:11 [INFO] 📊 MARKET RESOLV-USD: size_decimals=0, price_decimals=6, min_base_amount=40.0
13:26:11 [INFO] 📊 MARKET TIA-USD: size_decimals=1, price_decimals=5, min_base_amount=3.0
13:26:13 [INFO]  X10: 91 Märkte geladen, 91 Funding Rates, 78 Preise
13:26:13 [INFO] ✅ Markets loaded: X10=91, Lighter=114
13:26:13 [INFO] 📈 Pre-loading Lighter prices...
13:26:14 [DEBUG] Lighter: Loaded 380 funding rates
13:26:15 [DEBUG] Lighter: Loaded 115 prices via REST
13:26:15 [INFO] ✅ Lighter prices loaded: 115 symbols
13:26:15 [INFO] 🔥 Warming up execution clients (Network Handshake)...
13:26:15 [DEBUG] Sending GET https://api.starknet.extended.exchange/api/v1/info/markets?
13:26:19 [INFO] ✅ Execution clients warmed up & NETWORK READY
13:26:19 [INFO] FundingPredictorV2 initialized with BTC Correlation
13:26:19 [INFO] 启动 OI Tracker für 65 Symbole...
13:26:19 [INFO] ✅ OpenInterestTracker started (interval=15.0s)
13:26:19 [INFO] 🌐 Starting WebSocket Manager...
13:26:19 [INFO] 📊 OI Tracker: Starting cycle 1 (65 symbols)
13:26:19 [INFO] 🔌 [lighter] WebSocket manager started
13:26:19 [INFO] 🔌 [x10_account] WebSocket manager started
13:26:19 [INFO] 🔌 [x10_trades] WebSocket manager started
13:26:19 [INFO] 🔌 [x10_funding] WebSocket manager started
13:26:19 [INFO] 🔌 [lighter] Connecting with kwargs: {'close_timeout': 5.0, 'max_size': 4194304, 'ping_interval': 20.0, 'ping_timeout': 10.0}
13:26:19 [INFO] 🔌 [x10_account] Connecting with kwargs: {'close_timeout': 5.0, 'max_size': 4194304, 'ping_interval': 15.0, 'additional_headers': {'X-Api-Key': '***MASKED***', 'User-Agent': 'X10PythonTradingClient/0.4.5'}}
13:26:19 [INFO] 🔌 [x10_trades] Connecting with kwargs: {'close_timeout': 5.0, 'max_size': 4194304, 'ping_interval': 15.0, 'additional_headers': {'X-Api-Key': '***MASKED***', 'User-Agent': 'X10PythonTradingClient/0.4.5'}}
13:26:19 [INFO] 🔌 [x10_funding] Connecting with kwargs: {'close_timeout': 5.0, 'max_size': 4194304, 'ping_interval': 15.0, 'additional_headers': {'X-Api-Key': '***MASKED***', 'User-Agent': 'X10PythonTradingClient/0.4.5'}}
13:26:19 [INFO] ✅ WebSocketManager started (Lighter + X10 Account/Trades/Funding)
13:26:20 [DEBUG] ✅ BERA-USD: X10=$220,368, Lighter=$1,034,564, Total=$1,254,931
13:26:20 [INFO] ✅ [x10_funding] Connected to wss://api.starknet.extended.exchange/stream.extended.exchange/v1/funding
13:26:20 [INFO] ✅ [x10_funding] Keepalive enabled: ping_interval=15.0s, ping_timeout=None (auto-pong)
13:26:20 [INFO] [x10_funding] Receive loop started (async iterator)
13:26:20 [DEBUG] 💓 [x10_funding] Heartbeat started (stale_threshold=300.0s)
13:26:20 [INFO] ✅ [x10_account] Connected to wss://api.starknet.extended.exchange/stream.extended.exchange/v1/account
13:26:20 [INFO] ✅ [x10_account] Keepalive enabled: ping_interval=15.0s, ping_timeout=None (auto-pong)
13:26:20 [INFO] [x10_account] Receive loop started (async iterator)
13:26:20 [DEBUG] 💓 [x10_account] Heartbeat started (stale_threshold=180.0s)
13:26:20 [INFO] ✅ [x10_trades] Connected to wss://api.starknet.extended.exchange/stream.extended.exchange/v1/publicTrades
13:26:20 [INFO] ✅ [x10_trades] Keepalive enabled: ping_interval=15.0s, ping_timeout=None (auto-pong)
13:26:20 [INFO] [x10_trades] Receive loop started (async iterator)
13:26:20 [DEBUG] 💓 [x10_trades] Heartbeat started (stale_threshold=300.0s)
13:26:20 [INFO] ✅ [lighter] Connected to wss://mainnet.zklighter.elliot.ai/stream
13:26:20 [INFO] ✅ [lighter] Keepalive enabled: ping_interval=20.0s, ping_timeout=10.0s
13:26:20 [INFO] [lighter] Resubscribing to 91 channels (paced)...
13:26:20 [INFO] [lighter] Receive loop started (async iterator)
13:26:20 [DEBUG] 💓 [lighter] Heartbeat started (stale_threshold=180.0s)
13:26:20 [DEBUG] [lighter] Subscribed to order_book/13
13:26:20 [DEBUG] [lighter] Subscribed to trade/13
13:26:20 [DEBUG] [lighter] Subscribed to order_book/1
13:26:20 [DEBUG] [lighter] Subscribed to trade/1
13:26:21 [DEBUG] [lighter] Subscribed to order_book/38
13:26:21 [DEBUG] [lighter] Subscribed to trade/38
13:26:21 [DEBUG] [lighter] Resubscribed 10/91 channels
13:26:21 [DEBUG] [lighter] Subscribed to order_book/8
13:26:21 [DEBUG] [lighter] Subscribed to trade/8
13:26:21 [DEBUG] [lighter] Subscribed to order_book/6
13:26:21 [DEBUG] [lighter] Subscribed to trade/6
13:26:21 [DEBUG] [lighter] Subscribed to order_book/76
13:26:21 [DEBUG] [lighter] Subscribed to trade/76
13:26:21 [DEBUG] [lighter] Subscribed to order_book/34
13:26:21 [DEBUG] [lighter] Subscribed to trade/34
13:26:21 [DEBUG] [lighter] Resubscribed 20/91 channels
13:26:21 [DEBUG] [lighter] Subscribed to order_book/72
13:26:21 [DEBUG] [lighter] Subscribed to trade/72
13:26:21 [DEBUG] [lighter] Subscribed to order_book/31
13:26:21 [DEBUG] [lighter] Subscribed to trade/31
13:26:21 [DEBUG] [lighter] Subscribed to order_book/7
13:26:21 [DEBUG] [lighter] Subscribed to trade/7
13:26:21 [DEBUG] [lighter] Resubscribed 30/91 channels
13:26:21 [DEBUG] [lighter] Subscribed to order_book/25
13:26:21 [DEBUG] [lighter] Subscribed to trade/25
13:26:21 [DEBUG] [lighter] Subscribed to order_book/91
13:26:21 [DEBUG] [lighter] Subscribed to trade/91
13:26:21 [DEBUG] [lighter] Subscribed to order_book/55
13:26:21 [DEBUG] [lighter] Subscribed to trade/55
13:26:21 [DEBUG] [lighter] Resubscribed 40/91 channels
13:26:21 [DEBUG] [lighter] Subscribed to order_book/47
13:26:21 [DEBUG] [lighter] Subscribed to trade/47
13:26:21 [DEBUG] [lighter] Subscribed to order_book/52
13:26:21 [DEBUG] [lighter] Subscribed to trade/52
13:26:21 [DEBUG] [lighter] Subscribed to order_book/45
13:26:21 [DEBUG] [lighter] Subscribed to trade/45
13:26:21 [DEBUG] [lighter] Subscribed to order_book/32
13:26:21 [DEBUG] [lighter] Subscribed to trade/32
13:26:21 [DEBUG] [lighter] Resubscribed 50/91 channels
13:26:21 [DEBUG] [lighter] Subscribed to order_book/43
13:26:21 [DEBUG] [lighter] Subscribed to trade/43
13:26:21 [DEBUG] [lighter] Subscribed to order_book/27
13:26:21 [DEBUG] [lighter] Subscribed to trade/27
13:26:21 [INFO] [x10] Connected to Firehose streams (Trades & Funding) for all markets.
13:26:21 [INFO] 🔗 Components Wired: WS -> OI Tracker -> Prediction
13:26:21 [INFO] 🧟 Starte Zombie-Check: Vergleiche DB mit echten Positionen...
13:26:21 [INFO] ✅ DB ist sauber (keine offenen Trades).
13:26:21 [INFO] 🧟 Reverse Ghost Check: Suche Positionen auf Exchange ohne DB Entry...
13:26:21 [DEBUG] Sending GET https://api.starknet.extended.exchange/api/v1/user/positions?
13:26:21 [DEBUG] [lighter] Resubscribed 60/91 channels
13:26:21 [DEBUG] [lighter] Resubscribed 70/91 channels
13:26:21 [DEBUG] [lighter] Resubscribed 80/91 channels
13:26:21 [DEBUG] [lighter] Resubscribed 90/91 channels
13:26:21 [INFO] [lighter] Resubscribed to 91 channels
13:26:22 [DEBUG] ✅ SOL-USD: X10=$5,480,045, Lighter=$337,617, Total=$5,817,662
13:26:23 [INFO] Lighter: Found 3 open positions
13:26:23 [WARNING] 🚨 Found 3 ORPHANED positions: {'ZEC-USD', 'JUP-USD', 'APT-USD'}
13:26:23 [WARNING] 🧹 Cleaning orphaned position: ZEC-USD
13:26:23 [INFO] X10 ZEC-USD: size=0.1, closing as BUY
13:26:23 [DEBUG] Sending GET https://api.starknet.extended.exchange/api/v1/user/orders?
13:26:23 [DEBUG] [x10_funding] Firehose stream - no subscription needed
13:26:23 [DEBUG] [x10_trades] Firehose stream - no subscription needed
13:26:24 [DEBUG] ✅ SUI-USD: X10=$629,323, Lighter=$2,026,085, Total=$2,655,408
13:26:24 [DEBUG] Sending GET https://api.starknet.extended.exchange/api/v1/user/positions?
13:26:24 [ERROR] ❌ X10 ZEC-USD: Value too low to close: $38.26 < $40.17
13:26:24 [INFO] Lighter ZEC-USD: size=-0.1, closing as SELL, notional=$38.25
13:26:24 [INFO] 🔍 DEBUG close_live_position ENTRY: symbol=ZEC-USD (type=<class 'str'>)
13:26:24 [INFO] 🔍 DEBUG: original_side=SELL (type=<class 'str'>)
13:26:24 [INFO] 🔍 DEBUG: notional_usd=38.249900000000004 (type=<class 'float'>)
13:26:25 [INFO] Lighter: Found 3 open positions
13:26:25 [DEBUG] MIN_NOTIONAL ZEC-USD: min_base=0.10000000 coins, price=$382.4990, min_qty_usd=$38.25, min_notional_api=$10.00, final=$42.07
13:26:25 [ERROR] ❌ Cannot close ZEC-USD: Notional $38.25 < Min $42.07
13:26:25 [INFO] ✅ Closed orphaned ZEC-USD
13:26:25 [WARNING] 🧹 Cleaning orphaned position: JUP-USD
13:26:25 [INFO] X10 JUP-USD: size=48.0, closing as BUY
13:26:25 [DEBUG] Sending GET https://api.starknet.extended.exchange/api/v1/user/orders?
13:26:25 [DEBUG] ✅ MNT-USD: X10=$106,739, Lighter=$3,163,967, Total=$3,270,707
13:26:26 [DEBUG] Sending GET https://api.starknet.extended.exchange/api/v1/user/positions?
13:26:26 [INFO] ✅ X10 JUP-USD already closed
13:26:26 [INFO] Lighter JUP-USD: size=-45.0, closing as SELL, notional=$10.24
13:26:26 [INFO] 🔍 DEBUG close_live_position ENTRY: symbol=JUP-USD (type=<class 'str'>)
13:26:26 [INFO] 🔍 DEBUG: original_side=SELL (type=<class 'str'>)
13:26:26 [INFO] 🔍 DEBUG: notional_usd=10.23975 (type=<class 'float'>)
13:26:26 [INFO] Lighter: Found 3 open positions
13:26:26 [DEBUG] MIN_NOTIONAL JUP-USD: min_base=15.00000000 coins, price=$0.2276, min_qty_usd=$3.41, min_notional_api=$10.00, final=$11.00
13:26:26 [ERROR] ❌ Cannot close JUP-USD: Notional $10.24 < Min $11.00
13:26:26 [INFO] ✅ Closed orphaned JUP-USD
13:26:26 [WARNING] 🧹 Cleaning orphaned position: APT-USD
13:26:26 [INFO] Lighter APT-USD: size=-6.0, closing as SELL, notional=$10.55
13:26:26 [INFO] 🔍 DEBUG close_live_position ENTRY: symbol=APT-USD (type=<class 'str'>)
13:26:26 [INFO] 🔍 DEBUG: original_side=SELL (type=<class 'str'>)
13:26:26 [INFO] 🔍 DEBUG: notional_usd=10.551 (type=<class 'float'>)
13:26:27 [INFO] Lighter: Found 3 open positions
13:26:27 [DEBUG] MIN_NOTIONAL APT-USD: min_base=2.00000000 coins, price=$1.7585, min_qty_usd=$3.52, min_notional_api=$10.00, final=$11.00
13:26:27 [ERROR] ❌ Cannot close APT-USD: Notional $10.55 < Min $11.00
13:26:27 [INFO] ✅ Closed orphaned APT-USD
13:26:27 [INFO] ✅ ParallelExecutionManager started
13:26:27 [INFO] ✅ ParallelExecutionManager: Rollback processor started
13:26:27 [INFO] ✅ ParallelExecutionManager started with Circuit Breaker
13:26:27 [INFO] 🌐 Starting Dashboard API at http://0.0.0.0:8080
13:26:27 [INFO] 🔄 Rollback processor running...
13:26:27 [DEBUG] Registered task: logic_loop (priority=HIGH)
13:26:27 [DEBUG] Registered task: trade_management_loop (priority=HIGH)
13:26:27 [DEBUG] Registered task: farm_loop (priority=NORMAL)
13:26:27 [DEBUG] Registered task: maintenance_loop (priority=LOW)
13:26:27 [DEBUG] Registered task: cleanup_finished_tasks (priority=LOW)
13:26:27 [DEBUG] Registered task: health_reporter (priority=LOW)
13:26:27 [DEBUG] Registered task: connection_watchdog (priority=CRITICAL)
13:26:27 [INFO] ═══════════════════════════════════════════════════════════
13:26:27 [INFO]    BOT V5 RUNNING 24/7 - SUPERVISED | Ctrl+C = Stop   
13:26:27 [INFO] ═══════════════════════════════════════════════════════════
13:26:27 [INFO] 🚀 BotEventLoop starting...
13:26:27 [INFO] ▶️ Started task: connection_watchdog
13:26:27 [INFO] ▶️ Started task: logic_loop
13:26:27 [INFO] ▶️ Started task: trade_management_loop
13:26:27 [INFO] ▶️ Started task: farm_loop
13:26:27 [INFO] ▶️ Started task: maintenance_loop
13:26:27 [INFO] ▶️ Started task: cleanup_finished_tasks
13:26:27 [INFO] ▶️ Started task: health_reporter
13:26:27 [INFO] ✅ Started 7 tasks
13:26:27 [INFO] 🐕 Connection Watchdog gestartet (Timeout: 120s)
13:26:27 [INFO] Logic Loop gestartet – REFRESH alle 3s
13:26:27 [INFO] ⚡ Latency Arb Detector initialized (threshold: 5.0s)
13:26:27 [DEBUG] Price cache status: X10=78/65, Lighter=115/65
13:26:27 [DEBUG] 🔍 Scanning 65 pairs. Lighter markets: 114, X10 markets: 91
13:26:27 [INFO] 🛡️ Trade Management Loop gestartet
13:26:27 [DEBUG] 📊 X10 Funding Cache refresh (current=91)
13:26:27 [DEBUG] Sending GET https://api.starknet.extended.exchange/api/v1/info/markets?
13:26:27 [DEBUG] MKR-USD: Missing prices (X=1663.9, L=None)
13:26:27 [INFO] ⚠️ No prediction opportunities, using fallback logic...
13:26:27 [INFO]  Volatility Monitor initialized: Low<3.0%, Normal<10.0%, High<20.0%, Hard Cap<50.0%
13:26:27 [DEBUG] ⛔ Skip BERA-USD: Expected profit $-0.0300 < $0.05 (breakeven: 22.7h, hold: 4.0h)
13:26:27 [DEBUG] ⛔ Skip SOL-USD: Expected profit $-0.0300 < $0.05 (breakeven: 60.7h, hold: 4.0h)
13:26:27 [DEBUG] Skip APEX-USD: Spread 0.56% too high
13:26:27 [DEBUG] ⛔ Skip ZEC-USD: Expected profit $-0.0400 < $0.05 (breakeven: 37.1h, hold: 4.0h)
13:26:27 [INFO] 💎 FARTCOIN-USD | APY: 56.9%
13:26:27 [DEBUG] ⛔ Skip FARTCOIN-USD: Expected profit $-0.0400 < $0.05 (breakeven: 13.3h, hold: 4.0h)
13:26:27 [DEBUG] ⛔ Skip JUP-USD: Expected profit $-0.0600 < $0.05 (breakeven: 58.3h, hold: 4.0h)
13:26:27 [DEBUG] ⛔ Skip AVAX-USD: Expected profit $-0.0500 < $0.05 (breakeven: 28.7h, hold: 4.0h)
13:26:27 [DEBUG] ⛔ Skip TRUMP-USD: Expected profit $-0.0500 < $0.05 (breakeven: 18.3h, hold: 4.0h)
13:26:27 [INFO] 💎 ADA-USD | APY: 56.9%
13:26:27 [DEBUG] ⛔ Skip ADA-USD: Expected profit $-0.0300 < $0.05 (breakeven: 10.4h, hold: 4.0h)
13:26:27 [DEBUG] ⛔ Skip STRK-USD: Expected profit $-0.0900 < $0.05 (breakeven: 201.4h, hold: 4.0h)
13:26:27 [DEBUG] ⛔ Skip KAITO-USD: Expected profit $-0.0300 < $0.05 (breakeven: 15.4h, hold: 4.0h)
13:26:27 [DEBUG] Skip RESOLV-USD: Spread 0.40% too high
13:26:27 [DEBUG] ⛔ Skip SPX-USD: TradFi/FX
13:26:27 [INFO] 💎 ONDO-USD | APY: 78.8%
13:26:27 [DEBUG] ⛔ Skip ONDO-USD: Expected profit $-0.0300 < $0.05 (breakeven: 9.7h, hold: 4.0h)
13:26:27 [DEBUG] ⛔ Skip WLD-USD: Expected profit $-0.0300 < $0.05 (breakeven: 42.1h, hold: 4.0h)
13:26:27 [DEBUG] Skip LINEA-USD: Spread 0.32% too high
13:26:27 [DEBUG] ⛔ Skip WLFI-USD: Expected profit $-0.0200 < $0.05 (breakeven: 13.2h, hold: 4.0h)
13:26:27 [DEBUG] ⛔ Skip APT-USD: Expected profit $-0.0200 < $0.05 (breakeven: 12.5h, hold: 4.0h)
13:26:27 [DEBUG] ⛔ Skip XRP-USD: Expected profit $-0.0300 < $0.05 (breakeven: 56.1h, hold: 4.0h)
13:26:27 [DEBUG] ⛔ Skip MON-USD: Expected profit $-0.0300 < $0.05 (breakeven: 24.6h, hold: 4.0h)
13:26:27 [DEBUG] ⛔ Skip PUMP-USD: Expected profit $-0.0600 < $0.05 (breakeven: 51.0h, hold: 4.0h)
13:26:27 [INFO] ✅ Found 0 opportunities from 63 valid pairs (farm_mode=False, scanned=65)
13:26:28 [DEBUG] ✅ CRV-USD: X10=$118,203, Lighter=$1,674,166, Total=$1,792,368
