13:49:50 [INFO]  CONFIG VALIDIERUNG abgeschlossen.
13:49:50 [INFO] 🔥 BOT V5 (Architected) STARTING...
13:49:50 [INFO] 🚀 Starting InMemoryStateManager...
13:49:50 [INFO] 📂 Initializing database: data/trades.db
13:49:50 [INFO] ✅ Read pool created: 5 connections
13:49:50 [INFO] ✅ WAL mode enabled
13:49:50 [INFO] 🔄 Running database migrations...
13:49:50 [INFO] ✅ Migrations complete (11 statements)
13:49:50 [INFO] ✅ Database initialized
13:49:50 [INFO] 🖊️ Database write loop started
13:49:50 [INFO] 📂 Loaded 1 trades from database
13:49:50 [INFO] ✅ InMemoryStateManager started (loaded 1 trades)
13:49:50 [INFO] ✅ State Manager started
13:49:50 [INFO]  Telegram Bot disabled (Token/ChatID missing).
13:49:50 [INFO] ✅ Async database initialized
13:49:50 [INFO] 📝 State writer loop started
13:49:50 [DEBUG] ✅ Database schema up to date
13:49:50 [INFO] Initialisiere X10 Adapter...
13:49:50 [INFO]  X10 Account initialisiert.
13:49:50 [INFO] Initialisiere Lighter Adapter...
13:49:50 [INFO] 📊 Loading Market Data via REST...
13:49:50 [DEBUG] Sending GET https://api.starknet.extended.exchange/api/v1/info/markets?
13:49:51 [WARNING] ⚠️ Skipping ETH-USD: market_id=None (parsed=-1) invalid or >254
13:49:51 [INFO] ✅ Lighter: Loaded 115 markets (base data)
13:49:51 [DEBUG] Starting new HTTPS connection (1): mainnet.zklighter.elliot.ai:443
13:49:53 [DEBUG] https://mainnet.zklighter.elliot.ai:443 "GET /api/v1/nextNonce?account_index=60113&api_key_index=3 HTTP/1.1" 200 25
13:49:53 [INFO]  X10: 91 Märkte geladen, 91 Funding Rates, 78 Preise
13:49:55 [INFO] ✅ Lighter: Updated 115 markets with size_decimals from API
13:49:55 [INFO] 📊 MARKET ADA-USD: size_decimals=1, price_decimals=5, min_base_amount=10.0
13:49:55 [INFO] 📊 MARKET SEI-USD: size_decimals=1, price_decimals=5, min_base_amount=50.0
13:49:55 [INFO] 📊 MARKET RESOLV-USD: size_decimals=0, price_decimals=6, min_base_amount=40.0
13:49:55 [INFO] 📊 MARKET TIA-USD: size_decimals=1, price_decimals=5, min_base_amount=3.0
13:49:55 [INFO] ✅ Markets loaded: X10=91, Lighter=115
13:49:55 [INFO] 📈 Pre-loading Lighter prices...
13:49:55 [DEBUG] Lighter: Loaded 379 funding rates
13:49:56 [DEBUG] Lighter: Loaded 115 prices via REST
13:49:56 [INFO] ✅ Lighter prices loaded: 115 symbols
13:49:56 [INFO] FundingPredictorV2 initialized with BTC Correlation
13:49:56 [INFO] 启动 OI Tracker für 67 Symbole...
13:49:56 [INFO] ✅ OpenInterestTracker started (interval=30.0s)
13:49:56 [INFO] 🌐 Starting WebSocket Manager...
13:49:56 [INFO] 📊 OI Tracker: Starting cycle 1 (67 symbols)
13:49:56 [INFO] 🔌 [lighter] WebSocket manager started
13:49:56 [INFO] 🔌 [x10] WebSocket manager started
13:49:56 [INFO] ✅ WebSocketManager started
13:49:57 [DEBUG] ✅ PENGU-USD: X10=$194,002, Lighter=$79,161,221, Total=$79,355,223
13:49:58 [INFO] ✅ [lighter] Connected to wss://mainnet.zklighter.elliot.ai/stream
13:49:58 [DEBUG] [lighter] Subscribed to trade/18
13:49:58 [DEBUG] [lighter] Subscribed to order_book/10
13:49:58 [DEBUG] [lighter] Subscribed to trade/10
13:49:58 [DEBUG] [lighter] Subscribed to order_book/26
13:49:58 [DEBUG] [lighter] Subscribed to trade/26
13:49:58 [INFO] ✅ [x10] Connected to wss://api.starknet.extended.exchange/stream.extended.exchange/v1/account
13:49:58 [DEBUG] [lighter] Subscribed to order_book/28
13:49:58 [DEBUG] [lighter] Subscribed to trade/28
13:49:58 [DEBUG] [lighter] Subscribed to order_book/71
13:49:58 [DEBUG] [lighter] Subscribed to trade/71
13:49:58 [DEBUG] [lighter] Subscribed to trade/58
13:49:58 [DEBUG] [lighter] Subscribed to order_book/67
13:49:58 [DEBUG] [lighter] Subscribed to trade/67
13:49:58 [DEBUG] [lighter] Subscribed to order_book/1
13:49:58 [DEBUG] [lighter] Subscribed to trade/1
13:49:58 [DEBUG] [lighter] Subscribed to order_book/104
13:49:58 [DEBUG] [lighter] Subscribed to trade/104
13:49:58 [DEBUG] [lighter] Subscribed to order_book/9
13:49:58 [DEBUG] [lighter] Subscribed to order_book/20
13:49:58 [DEBUG] [lighter] Subscribed to trade/20
13:49:58 [DEBUG] [lighter] Subscribed to order_book/12
13:49:58 [DEBUG] [lighter] Subscribed to trade/12
13:49:58 [DEBUG] [lighter] Subscribed to order_book/93
13:49:58 [DEBUG] [lighter] Subscribed to trade/93
13:49:58 [DEBUG] [lighter] Subscribed to order_book/49
13:49:58 [DEBUG] [lighter] Subscribed to order_book/46
13:49:58 [DEBUG] [lighter] Subscribed to trade/46
13:49:58 [DEBUG] [lighter] Subscribed to order_book/16
13:49:58 [DEBUG] [lighter] Subscribed to trade/16
13:49:58 [DEBUG] [lighter] Subscribed to order_book/15
13:49:58 [DEBUG] [lighter] Subscribed to trade/15
13:49:58 [DEBUG] [lighter] Subscribed to order_book/33
13:49:58 [DEBUG] [lighter] Subscribed to order_book/35
13:49:58 [DEBUG] [lighter] Subscribed to trade/35
13:49:58 [DEBUG] [lighter] Subscribed to order_book/36
13:49:58 [DEBUG] [lighter] Subscribed to trade/36
13:49:58 [DEBUG] [lighter] Subscribed to order_book/11
13:49:58 [DEBUG] [lighter] Subscribed to trade/11
13:49:58 [DEBUG] [lighter] Subscribed to trade/92
13:49:58 [DEBUG] [lighter] Subscribed to order_book/6
13:49:58 [DEBUG] [lighter] Subscribed to trade/6
13:49:58 [DEBUG] [lighter] Subscribed to order_book/7
13:49:58 [DEBUG] [lighter] Subscribed to trade/7
13:49:58 [DEBUG] 💓 [x10] App-Ping sent (interval: 10.0s)
13:49:58 [DEBUG] [lighter] Subscribed to order_book/76
13:49:58 [DEBUG] [lighter] Subscribed to trade/76
13:49:58 [DEBUG] [lighter] Subscribed to order_book/55
13:49:58 [DEBUG] [lighter] Subscribed to order_book/13
13:49:58 [DEBUG] [lighter] Subscribed to trade/13
13:49:58 [DEBUG] [lighter] Subscribed to order_book/32
13:49:58 [DEBUG] [lighter] Subscribed to trade/32
13:49:58 [DEBUG] [lighter] Subscribed to order_book/90
13:49:58 [DEBUG] [lighter] Subscribed to trade/90
13:49:58 [DEBUG] [lighter] Subscribed to trade/17
13:49:58 [DEBUG] [lighter] Subscribed to order_book/86
13:49:58 [DEBUG] [lighter] Subscribed to trade/86
13:49:58 [DEBUG] [lighter] Subscribed to order_book/72
13:49:58 [DEBUG] [lighter] Subscribed to trade/72
13:49:58 [DEBUG] [lighter] Subscribed to order_book/52
13:49:58 [DEBUG] [lighter] Subscribed to trade/52
13:49:58 [DEBUG] [lighter] Subscribed to trade/89
13:49:58 [DEBUG] [x10] Subscribed to publicTrades/PENGU/USD
13:49:58 [DEBUG] [x10] Subscribed to funding/PENGU/USD
13:49:58 [DEBUG] [x10] Subscribed to publicTrades/S/USD
13:49:58 [DEBUG] [x10] Subscribed to funding/S/USD
13:49:58 [DEBUG] [lighter] Subscribed to order_book/38
13:49:58 [DEBUG] [x10] Subscribed to publicTrades/LINK/USD
13:49:58 [DEBUG] [x10] Subscribed to funding/LINK/USD
13:49:58 [DEBUG] [x10] Subscribed to publicTrades/EDEN/USD
13:49:58 [DEBUG] [x10] Subscribed to funding/EDEN/USD
13:49:58 [DEBUG] [lighter] Subscribed to trade/4
13:49:59 [DEBUG] [x10] Subscribed to publicTrades/VIRTUAL/USD
13:49:59 [DEBUG] [x10] Subscribed to funding/VIRTUAL/USD
13:49:59 [DEBUG] [lighter] Subscribed to order_book/63
13:49:59 [DEBUG] [x10] Subscribed to publicTrades/IP/USD
13:49:59 [DEBUG] [x10] Subscribed to funding/IP/USD
13:49:59 [DEBUG] [x10] Subscribed to publicTrades/1000SHIB/USD
13:49:59 [DEBUG] [x10] Subscribed to funding/1000SHIB/USD
13:49:59 [DEBUG] [lighter] Subscribed to trade/5
13:49:59 [DEBUG] [x10] Subscribed to publicTrades/ZRO/USD
13:49:59 [DEBUG] [x10] Subscribed to funding/ZRO/USD
13:49:59 [DEBUG] [x10] Subscribed to publicTrades/OP/USD
13:49:59 [DEBUG] [x10] Subscribed to funding/OP/USD
13:49:59 [DEBUG] [lighter] Subscribed to trade/83
13:49:59 [DEBUG] [x10] Subscribed to publicTrades/SOL/USD
13:49:59 [DEBUG] [x10] Subscribed to funding/SOL/USD
13:49:59 [DEBUG] [x10] Subscribed to publicTrades/HYPE/USD
13:49:59 [DEBUG] [x10] Subscribed to funding/HYPE/USD
13:49:59 [DEBUG] [lighter] Subscribed to trade/9
13:49:59 [DEBUG] [x10] Subscribed to publicTrades/KAITO/USD
13:49:59 [DEBUG] [x10] Subscribed to funding/KAITO/USD
13:49:59 [DEBUG] [lighter] Subscribed to order_book/89
13:49:59 [DEBUG] [x10] Subscribed to publicTrades/ENA/USD
13:49:59 [DEBUG] [x10] Subscribed to funding/ENA/USD
13:49:59 [DEBUG] [x10] Subscribed to publicTrades/MNT/USD
13:49:59 [DEBUG] [x10] Subscribed to funding/MNT/USD
13:49:59 [DEBUG] [lighter] Subscribed to order_book/29
13:49:59 [DEBUG] [x10] Subscribed to publicTrades/PENDLE/USD
13:49:59 [DEBUG] [x10] Subscribed to funding/PENDLE/USD
13:49:59 [DEBUG] [x10] Subscribed to publicTrades/EIGEN/USD
13:49:59 [DEBUG] [x10] Subscribed to funding/EIGEN/USD
13:49:59 [DEBUG] [lighter] Subscribed to trade/29
13:49:59 [DEBUG] [x10] Subscribed to publicTrades/ZORA/USD
13:49:59 [DEBUG] [x10] Subscribed to funding/ZORA/USD
13:49:59 [DEBUG] [lighter] Subscribed to trade/53
13:49:59 [DEBUG] [x10] Subscribed to publicTrades/FIL/USD
13:49:59 [DEBUG] [x10] Subscribed to funding/FIL/USD
13:49:59 [DEBUG] [x10] Subscribed to publicTrades/ONDO/USD
13:49:59 [DEBUG] [x10] Subscribed to funding/ONDO/USD
13:49:59 [DEBUG] [lighter] Subscribed to trade/3
13:49:59 [DEBUG] [x10] Subscribed to publicTrades/AVNT/USD
13:49:59 [DEBUG] [x10] Subscribed to funding/AVNT/USD
13:49:59 [DEBUG] [x10] Subscribed to publicTrades/1000PEPE/USD
13:49:59 [DEBUG] [x10] Subscribed to funding/1000PEPE/USD
13:50:00 [DEBUG] [lighter] Subscribed to trade/82
13:50:00 [DEBUG] [x10] Subscribed to publicTrades/AAVE/USD
13:50:00 [DEBUG] [x10] Subscribed to funding/AAVE/USD
13:50:00 [DEBUG] [x10] Subscribed to publicTrades/RESOLV/USD
13:50:00 [DEBUG] [x10] Subscribed to funding/RESOLV/USD
13:50:00 [DEBUG] [x10] Subscribed to publicTrades/AVAX/USD
13:50:00 [DEBUG] [x10] Subscribed to funding/AVAX/USD
13:50:00 [DEBUG] [lighter] Subscribed to trade/37
13:50:00 [DEBUG] [x10] Subscribed to publicTrades/BNB/USD
13:50:00 [DEBUG] [x10] Subscribed to funding/BNB/USD
13:50:00 [DEBUG] [x10] Subscribed to publicTrades/UNI/USD
13:50:00 [DEBUG] [x10] Subscribed to funding/UNI/USD
13:50:00 [DEBUG] [lighter] Subscribed to order_book/34
13:50:00 [DEBUG] [x10] Subscribed to publicTrades/POPCAT/USD
13:50:00 [DEBUG] [x10] Subscribed to funding/POPCAT/USD
13:50:00 [DEBUG] [lighter] Subscribed to trade/34
13:50:00 [DEBUG] [x10] Subscribed to publicTrades/1000BONK/USD
13:50:00 [DEBUG] [x10] Subscribed to funding/1000BONK/USD
13:50:00 [DEBUG] [x10] Subscribed to publicTrades/ASTER/USD
13:50:00 [DEBUG] [x10] Subscribed to funding/ASTER/USD
13:50:00 [DEBUG] [x10] Subscribed to publicTrades/ADA/USD
13:50:00 [DEBUG] [x10] Subscribed to funding/ADA/USD
13:50:00 [DEBUG] [lighter] Subscribed to trade/27
13:50:00 [DEBUG] [x10] Subscribed to publicTrades/XAU/USD
13:50:00 [DEBUG] [x10] Subscribed to funding/XAU/USD
13:50:00 [DEBUG] [x10] Subscribed to publicTrades/SPX/USD
13:50:00 [DEBUG] [x10] Subscribed to funding/SPX/USD
13:50:00 [DEBUG] [lighter] Subscribed to trade/39
13:50:00 [DEBUG] [x10] Subscribed to publicTrades/MON/USD
13:50:00 [DEBUG] [x10] Subscribed to funding/MON/USD
13:50:00 [DEBUG] [x10] Subscribed to publicTrades/ARB/USD
13:50:00 [DEBUG] [x10] Subscribed to funding/ARB/USD
13:50:00 [DEBUG] [lighter] Subscribed to order_book/8
13:50:00 [DEBUG] [x10] Subscribed to publicTrades/APT/USD
13:50:00 [DEBUG] [x10] Subscribed to funding/APT/USD
13:50:00 [DEBUG] [x10] Subscribed to publicTrades/WIF/USD
13:50:00 [DEBUG] [x10] Subscribed to funding/WIF/USD
13:50:00 [DEBUG] [lighter] Subscribed to trade/42
13:50:00 [DEBUG] [x10] Subscribed to publicTrades/TRX/USD
13:50:00 [DEBUG] [x10] Subscribed to funding/TRX/USD
13:50:00 [DEBUG] [x10] Subscribed to publicTrades/PUMP/USD
13:50:00 [DEBUG] [x10] Subscribed to funding/PUMP/USD
13:50:00 [DEBUG] [lighter] Subscribed to order_book/60
13:50:00 [DEBUG] [x10] Subscribed to publicTrades/FARTCOIN/USD
13:50:00 [DEBUG] [x10] Subscribed to funding/FARTCOIN/USD
13:50:00 [DEBUG] [x10] Subscribed to publicTrades/DOGE/USD
13:50:00 [DEBUG] [x10] Subscribed to funding/DOGE/USD
13:50:00 [DEBUG] [lighter] Subscribed to order_book/31
13:50:00 [DEBUG] [x10] Subscribed to publicTrades/USDJPY/USD
13:50:00 [DEBUG] [x10] Subscribed to funding/USDJPY/USD
13:50:00 [DEBUG] [x10] Subscribed to publicTrades/BCH/USD
13:50:00 [DEBUG] [x10] Subscribed to funding/BCH/USD
13:50:00 [DEBUG] [lighter] Subscribed to order_book/30
13:50:01 [DEBUG] [x10] Subscribed to publicTrades/NEAR/USD
13:50:01 [DEBUG] [x10] Subscribed to funding/NEAR/USD
13:50:01 [DEBUG] [x10] Subscribed to publicTrades/JUP/USD
13:50:01 [DEBUG] [x10] Subscribed to funding/JUP/USD
13:50:01 [DEBUG] [lighter] Subscribed to order_book/21
13:50:01 [DEBUG] [x10] Subscribed to publicTrades/MKR/USD
13:50:01 [DEBUG] [x10] Subscribed to funding/MKR/USD
13:50:01 [DEBUG] [x10] Subscribed to publicTrades/XPL/USD
13:50:01 [DEBUG] [x10] Subscribed to funding/XPL/USD
13:50:01 [DEBUG] [lighter] Subscribed to trade/41
13:50:01 [DEBUG] [x10] Subscribed to publicTrades/TIA/USD
13:50:01 [DEBUG] [x10] Subscribed to funding/TIA/USD
13:50:01 [DEBUG] [x10] Subscribed to publicTrades/BTC/USD
13:50:01 [DEBUG] [x10] Subscribed to funding/BTC/USD
13:50:01 [DEBUG] [lighter] Subscribed to order_book/51
13:50:01 [DEBUG] [x10] Subscribed to publicTrades/STRK/USD
13:50:01 [DEBUG] [x10] Subscribed to funding/STRK/USD
13:50:01 [DEBUG] [x10] Subscribed to publicTrades/BERA/USD
13:50:01 [DEBUG] [x10] Subscribed to funding/BERA/USD
13:50:01 [DEBUG] [lighter] Subscribed to order_book/82
13:50:01 [DEBUG] [x10] Subscribed to publicTrades/TON/USD
13:50:01 [DEBUG] [x10] Subscribed to funding/TON/USD
13:50:01 [DEBUG] ✅ S-USD: X10=$122,854, Lighter=$6,969,947, Total=$7,092,801
13:50:01 [DEBUG] [x10] Subscribed to publicTrades/XAG/USD
13:50:01 [DEBUG] [x10] Subscribed to funding/XAG/USD
13:50:01 [DEBUG] [lighter] Subscribed to order_book/3
13:50:01 [DEBUG] [x10] Subscribed to publicTrades/LDO/USD
13:50:01 [DEBUG] [x10] Subscribed to funding/LDO/USD
13:50:01 [DEBUG] [x10] Subscribed to publicTrades/SUI/USD
13:50:01 [DEBUG] [x10] Subscribed to funding/SUI/USD
13:50:01 [DEBUG] [lighter] Subscribed to order_book/37
13:50:01 [DEBUG] [x10] Subscribed to publicTrades/TRUMP/USD
13:50:01 [DEBUG] [x10] Subscribed to funding/TRUMP/USD
13:50:01 [DEBUG] [x10] Subscribed to publicTrades/LTC/USD
13:50:01 [DEBUG] [x10] Subscribed to funding/LTC/USD
13:50:01 [DEBUG] [lighter] Subscribed to trade/23
13:50:01 [DEBUG] [x10] Subscribed to publicTrades/CRV/USD
13:50:01 [DEBUG] [x10] Subscribed to funding/CRV/USD
13:50:01 [DEBUG] [x10] Subscribed to publicTrades/DOT/USD
13:50:01 [DEBUG] [x10] Subscribed to funding/DOT/USD
13:50:01 [DEBUG] [lighter] Subscribed to order_book/98
13:50:01 [DEBUG] [x10] Subscribed to publicTrades/WLD/USD
13:50:01 [DEBUG] [x10] Subscribed to funding/WLD/USD
13:50:01 [DEBUG] [x10] Subscribed to publicTrades/XRP/USD
13:50:01 [DEBUG] [x10] Subscribed to funding/XRP/USD
13:50:01 [DEBUG] [lighter] Subscribed to order_book/24
13:50:01 [DEBUG] [x10] Subscribed to publicTrades/LINEA/USD
13:50:01 [DEBUG] [x10] Subscribed to funding/LINEA/USD
13:50:01 [DEBUG] [x10] Subscribed to publicTrades/TAO/USD
13:50:01 [DEBUG] [x10] Subscribed to funding/TAO/USD
13:50:01 [DEBUG] [lighter] Subscribed to order_book/43
13:50:01 [DEBUG] [x10] Subscribed to publicTrades/SEI/USD
13:50:01 [DEBUG] [x10] Subscribed to funding/SEI/USD
13:50:02 [DEBUG] [x10] Subscribed to publicTrades/ZEC/USD
13:50:02 [DEBUG] [x10] Subscribed to funding/ZEC/USD
13:50:02 [DEBUG] [lighter] Subscribed to order_book/27
13:50:02 [DEBUG] [x10] Subscribed to publicTrades/APEX/USD
13:50:02 [DEBUG] [x10] Subscribed to funding/APEX/USD
13:50:02 [DEBUG] [x10] Subscribed to publicTrades/WLFI/USD
13:50:02 [DEBUG] [x10] Subscribed to funding/WLFI/USD
13:50:02 [DEBUG] [lighter] Subscribed to trade/25
13:50:02 [DEBUG] [x10] Subscribed to publicTrades/GRASS/USD
13:50:02 [DEBUG] [x10] Subscribed to funding/GRASS/USD
13:50:02 [INFO] 🔗 Components Wired: WS -> OI Tracker -> Prediction
13:50:02 [INFO] 🧟 Starte Zombie-Check: Vergleiche DB mit echten Positionen...
13:50:02 [INFO] 🔍 DB meldet 1 offene Trades. Prüfe Exchange...
13:50:02 [DEBUG] Sending GET https://api.starknet.extended.exchange/api/v1/user/positions?
13:50:02 [DEBUG] [lighter] Subscribed to trade/2
13:50:02 [DEBUG] [lighter] Subscribed to order_book/47
13:50:02 [DEBUG] [lighter] Subscribed to order_book/83
13:50:02 [DEBUG] [lighter] Subscribed to order_book/18
13:50:02 [DEBUG] [lighter] Subscribed to trade/38
13:50:02 [DEBUG] [lighter] Subscribed to trade/60
13:50:02 [DEBUG] [lighter] Subscribed to order_book/40
13:50:02 [DEBUG] [lighter] Subscribed to trade/8
13:50:02 [DEBUG] [lighter] Subscribed to order_book/45
13:50:03 [DEBUG] [lighter] Subscribed to order_book/42
13:50:03 [DEBUG] [lighter] Subscribed to trade/91
13:50:03 [DEBUG] [lighter] Subscribed to order_book/25
13:50:03 [DEBUG] [lighter] Subscribed to trade/40
13:50:03 [DEBUG] [lighter] Subscribed to trade/49
13:50:03 [DEBUG] [lighter] Subscribed to order_book/2
13:50:03 [DEBUG] [lighter] Subscribed to trade/43
13:50:03 [DEBUG] [lighter] Subscribed to trade/33
13:50:03 [DEBUG] [lighter] Subscribed to order_book/17
13:50:03 [DEBUG] [lighter] Subscribed to trade/51
13:50:03 [DEBUG] [lighter] Subscribed to trade/63
13:50:03 [INFO] Lighter: Found 0 open positions
13:50:03 [INFO] 🌍 Echte Positionen auf Exchanges: []
13:50:03 [WARNING] ⚠️  ZOMBIE GEFUNDEN: LINEA-USD ist in DB offen, aber nicht auf Exchange. Schließe ihn...
13:50:03 [INFO] ✅ Trade LINEA-USD closed (PnL: $0.00)
13:50:03 [INFO] ✅ ParallelExecutionManager: Rollback processor started
13:50:03 [INFO] ✅ ParallelExecutionManager started
13:50:03 [INFO] 📝 Registered task: logic_loop (critical=True)
13:50:03 [INFO] 📝 Registered task: trade_management_loop (critical=True)
13:50:03 [INFO] 📝 Registered task: farm_loop (critical=False)
13:50:03 [INFO] 📝 Registered task: maintenance_loop (critical=False)
13:50:03 [INFO] 📝 Registered task: cleanup_finished_tasks (critical=False)
13:50:03 [INFO] 📝 Registered task: health_reporter (critical=False)
13:50:03 [INFO] 📝 Registered task: connection_watchdog (critical=True)
13:50:03 [INFO] ✅ Signal handlers installed (SIGINT, SIGTERM)
13:50:03 [INFO] ▶️  Started task: logic_loop
13:50:03 [INFO] ▶️  Started task: trade_management_loop
13:50:03 [INFO] ▶️  Started task: farm_loop
13:50:03 [INFO] ▶️  Started task: maintenance_loop
13:50:03 [INFO] ▶️  Started task: cleanup_finished_tasks
13:50:03 [INFO] ▶️  Started task: health_reporter
13:50:03 [INFO] ▶️  Started task: connection_watchdog
13:50:03 [INFO] 🚀 Started 7 tasks
13:50:03 [INFO] ═══════════════════════════════════════════════════════════
13:50:03 [INFO]    BOT V5 RUNNING 24/7 - SUPERVISED | Ctrl+C = Stop   
13:50:03 [INFO] ═══════════════════════════════════════════════════════════
13:50:03 [INFO] 🔄 Rollback processor running...
13:50:03 [INFO] Logic Loop gestartet – REFRESH alle 3s
13:50:03 [INFO] ⚡ Latency Arb Detector initialized (threshold: 1.0s)
13:50:03 [INFO] 🔍 🚜 FARM Scanning 67 pairs. Open symbols to skip: set()
13:50:03 [DEBUG] Price cache status: X10=67/67, Lighter=66/67
13:50:03 [INFO] 🔍 Scanning 67 pairs. Lighter markets: 115, X10 markets: 91
13:50:03 [INFO] 🛡️ Trade Management Loop gestartet
13:50:03 [INFO] 🚜 Farm Mode ACTIVE
13:50:03 [DEBUG] Sending GET https://api.starknet.extended.exchange/api/v1/user/balance
13:50:03 [DEBUG] 📊 X10 Funding Cache refresh (current=91)
13:50:03 [INFO] 🐕 Connection Watchdog gestartet (Timeout: 120s)
13:50:03 [INFO] 🔍 Supervisor loop started
13:50:03 [DEBUG] 📝 Flushed 1 writes
13:50:04 [DEBUG] 📝 Flushed 1 writes in 16.0ms
13:50:04 [DEBUG] Sending GET https://api.starknet.extended.exchange/api/v1/info/markets?
13:50:04 [DEBUG] [lighter] Subscribed to order_book/39
13:50:04 [DEBUG] [lighter] Subscribed to trade/47
13:50:04 [DEBUG] MKR-USD: Missing prices (X=1663.9, L=None)
13:50:04 [DEBUG] [lighter] Subscribed to trade/45
13:50:04 [INFO] ✅ Found 0 opportunities with predictions (farm_mode=True)
13:50:04 [INFO] ⚠️ Keine Prediction-Opportunities, nutze Fallback mit echten Funding Rates...
13:50:04 [INFO]  Volatility Monitor initialized: Low<3.0%, Normal<10.0%, High<20.0%, Hard Cap<50.0%
13:50:04 [DEBUG] Skip VIRTUAL-USD: Spread 0.33% too high
13:50:04 [DEBUG] Skip ZORA-USD: Spread 0.48% too high
13:50:04 [DEBUG] Skip RESOLV-USD: Spread 0.48% too high
13:50:04 [INFO] 🔍 DEBUG AVAX-USD: rl=0.00000900, rx=-0.00008400, net=0.00009300, apy=81.5%
13:50:04 [INFO] 💎 AVAX-USD | APY: 81.5%
13:50:04 [INFO] 🔍 DEBUG POPCAT-USD: rl=0.00001200, rx=-0.00006000, net=0.00007200, apy=63.1%
13:50:04 [INFO] 💎 POPCAT-USD | APY: 63.1%
13:50:04 [DEBUG] ⛔ Skip XAU-USD: TradFi/FX
13:50:04 [DEBUG] ⛔ Skip SPX-USD: TradFi/FX
13:50:04 [DEBUG] ⛔ Skip XAG-USD: TradFi/FX
13:50:04 [INFO] 🔍 DEBUG LINEA-USD: rl=-0.00002800, rx=-0.00010800, net=0.00008000, apy=70.1%
13:50:04 [INFO] 💎 LINEA-USD | APY: 70.1%
13:50:04 [INFO] 🔍 DEBUG APEX-USD: rl=0.00001200, rx=-0.00006000, net=0.00007200, apy=63.1%
13:50:04 [INFO] 💎 APEX-USD | APY: 63.1%
13:50:04 [INFO] ✅ Found 33 opportunities from 63 valid pairs (farm_mode=True, scanned=67)
13:50:04 [INFO] 🎯 Found 3 opportunities, executing best...
13:50:04 [DEBUG] Sending GET https://api.starknet.extended.exchange/api/v1/user/balance
13:50:04 [DEBUG] [lighter] Subscribed to trade/50
13:50:04 [DEBUG] [lighter] Subscribed to trade/98
13:50:04 [DEBUG] [lighter] Subscribed to order_book/5
13:50:04 [DEBUG] [lighter] Subscribed to order_book/92
13:50:04 [DEBUG] [lighter] Subscribed to order_book/4
13:50:04 [DEBUG] [lighter] Subscribed to order_book/53
13:50:04 [DEBUG] [lighter] Subscribed to order_book/58
13:50:05 [DEBUG] [lighter] Subscribed to order_book/23
13:50:05 [DEBUG] [lighter] Subscribed to market_stats/all
13:50:05 [DEBUG] Lighter Balance: Raw=$298.55, Safe=$283.62
13:50:05 [INFO] 🚜 Opening FARM: PENGU-USD APY=15.8%
13:50:05 [DEBUG] Sending GET https://api.starknet.extended.exchange/api/v1/user/positions?
13:50:05 [DEBUG] [lighter] Subscribed to order_book/50
13:50:05 [DEBUG] [lighter] Subscribed to trade/31
13:50:05 [DEBUG] [lighter] Subscribed to trade/30
13:50:05 [DEBUG] [lighter] Subscribed to order_book/91
13:50:05 [INFO] X10: Detected balance = $301.76
13:50:05 [INFO] 🚀 Launching 3 trades (Slots available: 3)
13:50:05 [DEBUG] Sending GET https://api.starknet.extended.exchange/api/v1/user/positions?
13:50:05 [DEBUG] [lighter] Subscribed to trade/21
13:50:05 [DEBUG] [lighter] Subscribed to trade/24
13:50:05 [DEBUG] [lighter] Subscribed to order_book/41
13:50:05 [DEBUG] [lighter] Subscribed to trade/55
13:50:05 [DEBUG] [lighter] Subscribed to trade/103
13:50:06 [INFO] Lighter: Found 0 open positions
13:50:06 [DEBUG] ✅ PENGU-USD verified: No existing positions on exchanges
13:50:06 [DEBUG] MIN_NOTIONAL PENGU-USD: min_base=200.00000000 coins, price=$0.0100, min_qty_usd=$2.00, min_notional_api=$10.00, final=$11.00
13:50:06 [DEBUG] Sending GET https://api.starknet.extended.exchange/api/v1/user/balance
13:50:06 [DEBUG] [lighter] Subscribed to order_book/103
13:50:06 [DEBUG] ✅ LINK-USD: X10=$300,649, Lighter=$218,395, Total=$519,043
13:50:06 [INFO] 🎲 KellyPositionSizer initialized (Safety=0.25, MaxFraction=0.1)
13:50:06 [INFO] 🎰 KELLY PENGU-USD: win_rate=80.0%, kelly_fraction=0.6000, safe_fraction=0.0500, confidence=LOW, samples=0
13:50:06 [INFO] 📊 KELLY SIZE PENGU-USD: base=$30.0, kelly_recommended=$14.2, final=$30.0
13:50:06 [INFO] 🚀 Opening PENGU-USD: Size=$30.0 (Min=$11.0)
13:50:06 [INFO] 🔄 [PARALLEL] PENGU-USD: Lighter POST-ONLY first
13:50:06 [INFO] 🚀 LIGHTER OPEN PENGU-USD: side=SELL, size_usd=$30.00, price=$0.009990
13:50:06 [DEBUG] 🔍 DEBUG: PENGU-USD market_id = 47 (raw=47, type=<class 'int'>)
13:50:06 [DEBUG] QUANTIZE PENGU-USD: USD=30.00, coins=3003.003003, raw=3003, lot_size=200, final=3000
13:50:06 [INFO] 🔄 [PARALLEL] PENGU-USD: X10 MARKET order
13:50:06 [DEBUG] Create Order Tx Info: {"AccountIndex":60113,"ApiKeyIndex":3,"MarketIndex":47,"ClientOrderIndex":1764679828876,"BaseAmount":3000,"Price":9930,"IsAsk":1,"Type":0,"TimeInForce":1,"ReduceOnly":0,"TriggerPrice":0,"OrderExpiry":1767099006334,"ExpiredAt":1764680405334,"Nonce":1920,"Sig":"T5dgjusduv1sDbZm/m5AMKTW71w69WRCKffOZwWmexwuqzfYBLcQPZAs/sid3KMAh0bFdCTJFPQbdaHN40aBCBwH+EdyGfCtSSIqYQODaVw="}
13:50:06 [DEBUG] Sending GET https://api.starknet.extended.exchange/api/v1/info/markets?
13:50:06 [INFO]  X10: 91 Märkte geladen, 91 Funding Rates, 82 Preise
13:50:06 [DEBUG] X10: Funding Refresh OK, cache=91
13:50:06 [DEBUG] 📊 Lighter Funding Cache refresh (current=115)
13:50:06 [DEBUG] Create Order Send Tx Response: code=200 message='{"ratelimit": "didn\'t use volume quota"}' tx_hash='4016d8c299df9e6434cb361f32a238c2b733306c39b9ddd5b78c069fee7d6d22bf4e465bdb1d854c' predicted_execution_time_ms=1764679798639 additional_properties={}
13:50:06 [INFO] Lighter Order: 4016d8c299df9e6434cb361f32a238c2b733306c39b9ddd5b78c069fee7d6d22bf4e465bdb1d854c
13:50:07 [DEBUG] Lighter: Loaded 379 funding rates
13:50:07 [INFO] Lighter: Found 1 open positions
13:50:07 [INFO] 💰 Balance: X10=$301.8 (free=$262.5), Lit=$283.6 (free=$244.3) | DB_Trades=0, Real_Positions=1, Locked=$5/ex
13:50:07 [INFO] 🚀 Launching trade for AVAX-USD (APY=81.5%)
13:50:07 [DEBUG] Sending GET https://api.starknet.extended.exchange/api/v1/user/positions?
13:50:08 [INFO] 🚀 Launching trade for LINEA-USD (APY=70.1%)
13:50:08 [DEBUG] Sending GET https://api.starknet.extended.exchange/api/v1/user/positions?
13:50:08 [DEBUG] Lighter: Loaded 115 prices via REST
13:50:08 [DEBUG] Lighter: Funding Refresh OK, cache=115
13:50:08 [INFO] Lighter: Found 1 open positions
13:50:08 [DEBUG] ✅ AVAX-USD verified: No existing positions on exchanges
13:50:08 [DEBUG] MIN_NOTIONAL AVAX-USD: min_base=0.50000000 coins, price=$12.8855, min_qty_usd=$6.44, min_notional_api=$10.00, final=$11.00
13:50:08 [DEBUG] Sending GET https://api.starknet.extended.exchange/api/v1/user/balance
13:50:08 [INFO] 🚀 Launching trade for POPCAT-USD (APY=63.1%)
13:50:08 [DEBUG] Sending GET https://api.starknet.extended.exchange/api/v1/user/positions?
13:50:08 [DEBUG] 💓 [x10] App-Ping sent (interval: 10.0s)
13:50:08 [DEBUG] Placing an order: id=3016993580403278497325146496277459356588689626085277907753162234055811686916
13:50:08 [DEBUG] Sending POST https://api.starknet.extended.exchange/api/v1/user/order, headers={<RequestHeader.ACCEPT: 'Accept'>: 'application/json', <RequestHeader.CONTENT_TYPE: 'Content-Type'>: 'application/json', <RequestHeader.USER_AGENT: 'User-Agent'>: 'X10PythonTradingClient/0.0.17', <RequestHeader.API_KEY: 'X-Api-Key'>: 'a1c9207f79f0e57ddc454bf1e16dbe49'}
13:50:08 [INFO] Lighter: Found 1 open positions
13:50:08 [DEBUG] ✅ LINEA-USD verified: No existing positions on exchanges
13:50:08 [DEBUG] MIN_NOTIONAL LINEA-USD: min_base=100.00000000 coins, price=$0.0090, min_qty_usd=$0.90, min_notional_api=$10.00, final=$11.00
13:50:08 [INFO] 🔍 Running periodic exchange sync check...
13:50:08 [INFO] 🔍 Starting Exchange Sync Check...
13:50:08 [DEBUG] Sending GET https://api.starknet.extended.exchange/api/v1/user/positions?
13:50:09 [INFO] ✅ Launched 3 trade tasks this cycle
13:50:09 [DEBUG] Lighter Balance: Raw=$298.53, Safe=$283.61
13:50:09 [INFO] 🎰 KELLY AVAX-USD: win_rate=80.0%, kelly_fraction=0.6000, safe_fraction=0.0500, confidence=LOW, samples=0
13:50:09 [INFO] 📊 KELLY SIZE AVAX-USD: base=$30.0, kelly_recommended=$12.6, final=$30.0
13:50:09 [DEBUG] Sending GET https://api.starknet.extended.exchange/api/v1/user/balance
13:50:09 [INFO] Lighter: Found 1 open positions
13:50:09 [DEBUG] ✅ POPCAT-USD verified: No existing positions on exchanges
13:50:09 [DEBUG] MIN_NOTIONAL POPCAT-USD: min_base=40.00000000 coins, price=$0.0973, min_qty_usd=$3.89, min_notional_api=$10.00, final=$11.00
13:50:09 [INFO] 🎰 KELLY LINEA-USD: win_rate=80.0%, kelly_fraction=0.6000, safe_fraction=0.0500, confidence=LOW, samples=0
13:50:09 [INFO] 📊 KELLY SIZE LINEA-USD: base=$30.0, kelly_recommended=$12.6, final=$30.0
13:50:09 [INFO] 🚀 Opening AVAX-USD: Size=$30.0 (Min=$13.5)
13:50:09 [INFO] 🔄 [PARALLEL] AVAX-USD: Lighter POST-ONLY first
13:50:09 [DEBUG] Sending GET https://api.starknet.extended.exchange/api/v1/user/balance
13:50:09 [INFO] 🚀 LIGHTER OPEN AVAX-USD: side=SELL, size_usd=$30.00, price=$12.885500
13:50:09 [DEBUG] 🔍 DEBUG: AVAX-USD market_id = 9 (raw=9, type=<class 'int'>)
13:50:09 [DEBUG] QUANTIZE AVAX-USD: USD=30.00, coins=2.328198, raw=233, lot_size=50, final=200
13:50:09 [INFO] 🔄 [PARALLEL] AVAX-USD: X10 MARKET order
13:50:09 [DEBUG] Create Order Tx Info: {"AccountIndex":60113,"ApiKeyIndex":3,"MarketIndex":9,"ClientOrderIndex":1764679854824,"BaseAmount":200,"Price":128081,"IsAsk":1,"Type":0,"TimeInForce":1,"ReduceOnly":0,"TriggerPrice":0,"OrderExpiry":1767099009739,"ExpiredAt":1764680408739,"Nonce":1921,"Sig":"sVb2VKu0OzPTczO/6qVqhZmialosD7amh8QsC8wxh8t3L6cAaV1MEoS9HYvuLMf/GodnIck9PwldGC5+K6qSrjUutjpb5xV8ac6lXgO/zQc="}
13:50:09 [INFO] Lighter: Found 1 open positions
13:50:09 [ERROR] 🚨 DESYNC DETECTED: Positions only on Lighter: {'PENGU-USD'}
13:50:09 [ERROR] ⚠️ These are UNHEDGED and create directional risk!
13:50:09 [WARNING] 🔻 Closing orphaned Lighter position: PENGU-USD
13:50:09 [INFO] 🔍 DEBUG close_live_position ENTRY: symbol=PENGU-USD (type=<class 'str'>)
13:50:09 [INFO] 🔍 DEBUG: original_side=SELL (type=<class 'str'>)
13:50:09 [INFO] 🔍 DEBUG: notional_usd=29.988 (type=<class 'float'>)
13:50:09 [DEBUG] Placing an order: id=223874106737992971570218936127561296593138756896294474618774889132372697426
13:50:09 [DEBUG] Sending POST https://api.starknet.extended.exchange/api/v1/user/order, headers={<RequestHeader.ACCEPT: 'Accept'>: 'application/json', <RequestHeader.CONTENT_TYPE: 'Content-Type'>: 'application/json', <RequestHeader.USER_AGENT: 'User-Agent'>: 'X10PythonTradingClient/0.0.17', <RequestHeader.API_KEY: 'X-Api-Key'>: 'a1c9207f79f0e57ddc454bf1e16dbe49'}
13:50:09 [DEBUG] ✅ EDEN-USD: X10=$84,581, Lighter=$5,941,522, Total=$6,026,103
13:50:10 [INFO] 🎰 KELLY POPCAT-USD: win_rate=80.0%, kelly_fraction=0.6000, safe_fraction=0.0500, confidence=LOW, samples=0
13:50:10 [INFO] 📊 KELLY SIZE POPCAT-USD: base=$30.0, kelly_recommended=$11.0, final=$30.0
13:50:10 [INFO] 🚀 Opening LINEA-USD: Size=$30.0 (Min=$11.0)
13:50:10 [INFO] 🔄 [PARALLEL] LINEA-USD: Lighter POST-ONLY first
13:50:10 [INFO] 🚀 Opening POPCAT-USD: Size=$30.0 (Min=$11.0)
13:50:10 [INFO] 🔄 [PARALLEL] POPCAT-USD: Lighter POST-ONLY first
13:50:10 [INFO] 🚀 LIGHTER OPEN LINEA-USD: side=SELL, size_usd=$30.00, price=$0.008954
13:50:10 [DEBUG] 🔍 DEBUG: LINEA-USD market_id = 76 (raw=76, type=<class 'int'>)
13:50:10 [DEBUG] QUANTIZE LINEA-USD: USD=30.00, coins=3350.457896, raw=3350, lot_size=100, final=3300
13:50:10 [INFO] 🔄 [PARALLEL] LINEA-USD: X10 MARKET order
13:50:10 [INFO] 🔄 [PARALLEL] POPCAT-USD: X10 MARKET order
13:50:10 [DEBUG] Create Order Send Tx Response: code=200 message='{"ratelimit": "didn\'t use volume quota"}' tx_hash='0c94b49cfc3703c532b57f7079fbbe5d539f5107aa01cc8af12671278c6b819f817aa85fd8763294' predicted_execution_time_ms=1764679802030 additional_properties={}
13:50:10 [INFO] Lighter Order: 0c94b49cfc3703c532b57f7079fbbe5d539f5107aa01cc8af12671278c6b819f817aa85fd8763294
13:50:10 [DEBUG] Create Order Tx Info: {"AccountIndex":60113,"ApiKeyIndex":3,"MarketIndex":76,"ClientOrderIndex":1764679858425,"BaseAmount":3300,"Price":8900,"IsAsk":1,"Type":0,"TimeInForce":1,"ReduceOnly":0,"TriggerPrice":0,"OrderExpiry":1767099010055,"ExpiredAt":1764680409055,"Nonce":1922,"Sig":"it6SQ1HVzllwPC5DZxUauT7V69IcO7WqxS2W9XqCjgJPc7F4YL1ZbyLCZa/bKk8wDUf1lHw1/5gXfT3tze/K7GcEBx9WtANrM6kZgB7HTQY="}
13:50:10 [INFO] 🚀 LIGHTER OPEN POPCAT-USD: side=SELL, size_usd=$30.00, price=$0.097290
13:50:10 [DEBUG] 🔍 DEBUG: POPCAT-USD market_id = 23 (raw=23, type=<class 'int'>)
13:50:10 [DEBUG] QUANTIZE POPCAT-USD: USD=30.00, coins=308.356460, raw=3084, lot_size=400, final=2800
13:50:10 [DEBUG] Create Order Tx Info: {"AccountIndex":60113,"ApiKeyIndex":3,"MarketIndex":23,"ClientOrderIndex":1764679875096,"BaseAmount":2800,"Price":9670,"IsAsk":1,"Type":0,"TimeInForce":1,"ReduceOnly":0,"TriggerPrice":0,"OrderExpiry":1767099010108,"ExpiredAt":1764680409108,"Nonce":1923,"Sig":"VdpUTqxVBYboaMr/E6azaOq6WBrksIxq8nJeZoj7axOM7dZWQOhKHTTH8GfY6Q/9qeZv0QF5fvL7oPxnNfFUoV2+5X9dSTntchny+iOxy34="}
13:50:10 [DEBUG] Placing an order: id=3080366716281964177486169631397628709706466069077218512623537808462323713002
13:50:10 [DEBUG] Sending POST https://api.starknet.extended.exchange/api/v1/user/order, headers={<RequestHeader.ACCEPT: 'Accept'>: 'application/json', <RequestHeader.CONTENT_TYPE: 'Content-Type'>: 'application/json', <RequestHeader.USER_AGENT: 'User-Agent'>: 'X10PythonTradingClient/0.0.17', <RequestHeader.API_KEY: 'X-Api-Key'>: 'a1c9207f79f0e57ddc454bf1e16dbe49'}
13:50:10 [INFO]  X10 Order: 1995837862121467904
13:50:10 [INFO] ✅ [PARALLEL] PENGU-USD: Both legs filled in 3875ms
13:50:10 [DEBUG] 📝 Trade added to state: PENGU-USD
13:50:10 [DEBUG] 🧹 Cleaned task: PENGU-USD
13:50:10 [DEBUG] 📝 Flushed 1 writes
13:50:10 [DEBUG] 📝 Flushed 1 writes in 0.0ms
13:50:10 [DEBUG] Placing an order: id=3400652699420899184224043210959015000071652930832503860071041238552628006528
13:50:10 [DEBUG] Sending POST https://api.starknet.extended.exchange/api/v1/user/order, headers={<RequestHeader.ACCEPT: 'Accept'>: 'application/json', <RequestHeader.CONTENT_TYPE: 'Content-Type'>: 'application/json', <RequestHeader.USER_AGENT: 'User-Agent'>: 'X10PythonTradingClient/0.0.17', <RequestHeader.API_KEY: 'X-Api-Key'>: 'a1c9207f79f0e57ddc454bf1e16dbe49'}
13:50:10 [INFO] Lighter: Found 1 open positions
13:50:10 [INFO] 🔻 LIGHTER CLOSE PENGU-USD: size=-3000.000000 coins, side=BUY, price=$0.0100, notional=$29.99
13:50:10 [INFO] 🚀 LIGHTER OPEN PENGU-USD: side=BUY, size_usd=$29.99, price=$0.009996
13:50:10 [DEBUG] 🔍 DEBUG: PENGU-USD market_id = 47 (raw=47, type=<class 'int'>)
13:50:10 [DEBUG] QUANTIZE PENGU-USD: USD=29.99, coins=3000.000000, raw=3000, lot_size=200, final=3000
13:50:10 [DEBUG] Create Order Tx Info: {"AccountIndex":60113,"ApiKeyIndex":3,"MarketIndex":47,"ClientOrderIndex":1764679900050,"BaseAmount":3000,"Price":10056,"IsAsk":0,"Type":0,"TimeInForce":1,"ReduceOnly":1,"TriggerPrice":0,"OrderExpiry":1767099010302,"ExpiredAt":1764680409302,"Nonce":1924,"Sig":"s7CjuaXGb6djn610wneYlZ7ZpaoyWqlTdDvKtqf9b1GGTiL/gZifVYasZunT/vRx0mziIF23wda/CI696FtRFPjor4nr7D4FbxZlSrjxoBc="}
13:50:10 [DEBUG] Create Order Send Tx Response: code=200 message='{"ratelimit": "didn\'t use volume quota"}' tx_hash='4d27081b66c89827a35777162c3b65329413a76173da5d6206a6396ef6de904ae4ae657fc3dce816' predicted_execution_time_ms=1764679802384 additional_properties={}
13:50:10 [INFO] Lighter Order: 4d27081b66c89827a35777162c3b65329413a76173da5d6206a6396ef6de904ae4ae657fc3dce816
13:50:10 [DEBUG] Create Order Send Tx Response: code=200 message='{"ratelimit": "didn\'t use volume quota"}' tx_hash='89f27790a73e31564e5371e75926694b4185d29060b737c708fe9a2628fd3b89e0c7f91fee7161c4' predicted_execution_time_ms=1764679802428 additional_properties={}
13:50:10 [INFO] Lighter Order: 89f27790a73e31564e5371e75926694b4185d29060b737c708fe9a2628fd3b89e0c7f91fee7161c4
13:50:10 [INFO]  X10 Order: 1995837863573704704
13:50:10 [INFO] ✅ [PARALLEL] POPCAT-USD: Both legs filled in 500ms
13:50:10 [DEBUG] 📝 Trade added to state: POPCAT-USD
13:50:10 [DEBUG] Create Order Send Tx Response: code=200 message='{"ratelimit": "didn\'t use volume quota"}' tx_hash='66a0aa45d0fbdab2d67fc2ae64bd67685c4b72ecd0463b6010cf95375eb5ba967b749bcf37100d87' predicted_execution_time_ms=1764679802600 additional_properties={}
13:50:10 [INFO] Lighter Order: 66a0aa45d0fbdab2d67fc2ae64bd67685c4b72ecd0463b6010cf95375eb5ba967b749bcf37100d87
13:50:10 [INFO] ✅ Lighter close PENGU-USD: Erfolgreich ($29.99)
13:50:10 [INFO] ✅ Closed orphaned Lighter PENGU-USD
13:50:10 [DEBUG] Fetching fresh positions (force=False, cache_age=1764679811.0s)
13:50:10 [DEBUG] Sending GET https://api.starknet.extended.exchange/api/v1/user/positions?
13:50:11 [INFO]  X10 Order: 1995837865879330816
13:50:11 [INFO] ✅ [PARALLEL] AVAX-USD: Both legs filled in 1344ms
13:50:11 [DEBUG] 📝 Trade added to state: AVAX-USD
13:50:11 [INFO]  X10 Order: 1995837867045818368
13:50:11 [INFO] ✅ [PARALLEL] LINEA-USD: Both legs filled in 1328ms
13:50:11 [DEBUG] 📝 Trade added to state: LINEA-USD
13:50:11 [DEBUG] 📝 Flushed 1 writes in 0.0ms
13:50:11 [INFO] Lighter: Found 4 open positions
13:50:11 [INFO] 📊 Positions: X10=3, Lighter=4
13:50:11 [DEBUG] X10 positions: ['PENGU-USD', 'POPCAT-USD', 'AVAX-USD']
13:50:11 [DEBUG] Lighter positions: ['AVAX-USD', 'POPCAT-USD', 'PENGU-USD', 'LINEA-USD']
13:50:11 [INFO] 🔍 DEBUG PENGU-USD: entry_time type=<class 'str'>, value=2025-12-02T12:50:10.194285+00:00
13:50:11 [DEBUG] Check PENGU-USD: Age=1.3s (Limit=60s)
13:50:11 [INFO] 🔍 DEBUG POPCAT-USD: entry_time type=<class 'str'>, value=2025-12-02T12:50:10.532651+00:00
13:50:11 [DEBUG] Check POPCAT-USD: Age=1.0s (Limit=60s)
13:50:12 [DEBUG] MAX_OPEN_TRADES (3) reached, waiting...
13:50:12 [DEBUG] Using cached positions (age: 1.5s)
13:50:12 [INFO] 🔍 DEBUG LINEA-USD: entry_time type=<class 'str'>, value=2025-12-02T12:50:11.353171+00:00
13:50:12 [DEBUG] Check LINEA-USD: Age=1.1s (Limit=60s)
13:50:12 [INFO] 🔍 DEBUG PENGU-USD: entry_time type=<class 'str'>, value=2025-12-02T12:50:10.194285+00:00
13:50:12 [DEBUG] Check PENGU-USD: Age=2.3s (Limit=60s)
13:50:12 [INFO] 🔍 DEBUG POPCAT-USD: entry_time type=<class 'str'>, value=2025-12-02T12:50:10.532651+00:00
13:50:12 [DEBUG] Check POPCAT-USD: Age=2.0s (Limit=60s)
13:50:12 [INFO] 🔍 DEBUG AVAX-USD: entry_time type=<class 'str'>, value=2025-12-02T12:50:11.067559+00:00
13:50:12 [DEBUG] Check AVAX-USD: Age=1.4s (Limit=60s)
13:50:13 [DEBUG] 📝 Flushed 1 writes in 0.0ms
13:50:13 [DEBUG] Using cached positions (age: 2.5s)
13:50:13 [INFO] 🔍 DEBUG LINEA-USD: entry_time type=<class 'str'>, value=2025-12-02T12:50:11.353171+00:00
13:50:13 [DEBUG] Check LINEA-USD: Age=2.1s (Limit=60s)
13:50:13 [INFO] 🔍 DEBUG PENGU-USD: entry_time type=<class 'str'>, value=2025-12-02T12:50:10.194285+00:00
13:50:13 [DEBUG] Check PENGU-USD: Age=3.3s (Limit=60s)
13:50:13 [INFO] 🔍 DEBUG POPCAT-USD: entry_time type=<class 'str'>, value=2025-12-02T12:50:10.532651+00:00
13:50:13 [DEBUG] Check POPCAT-USD: Age=3.0s (Limit=60s)
13:50:13 [INFO] 🔍 DEBUG AVAX-USD: entry_time type=<class 'str'>, value=2025-12-02T12:50:11.067559+00:00
13:50:13 [DEBUG] Check AVAX-USD: Age=2.4s (Limit=60s)
13:50:13 [DEBUG] ✅ VIRTUAL-USD: X10=$91,187, Lighter=$853,139, Total=$944,326
13:50:14 [DEBUG] 📝 Flushed 3 writes
13:50:14 [DEBUG] 📝 Flushed 1 writes in 0.0ms
13:50:14 [DEBUG] Using cached positions (age: 3.5s)
13:50:14 [INFO] 🔍 DEBUG LINEA-USD: entry_time type=<class 'str'>, value=2025-12-02T12:50:11.353171+00:00
13:50:14 [DEBUG] Check LINEA-USD: Age=3.1s (Limit=60s)
13:50:14 [INFO] 🔍 DEBUG PENGU-USD: entry_time type=<class 'str'>, value=2025-12-02T12:50:10.194285+00:00
13:50:14 [DEBUG] Check PENGU-USD: Age=4.3s (Limit=60s)
13:50:14 [INFO] 🔍 DEBUG POPCAT-USD: entry_time type=<class 'str'>, value=2025-12-02T12:50:10.532651+00:00
13:50:14 [DEBUG] Check POPCAT-USD: Age=4.0s (Limit=60s)
13:50:14 [INFO] 🔍 DEBUG AVAX-USD: entry_time type=<class 'str'>, value=2025-12-02T12:50:11.067559+00:00
13:50:14 [DEBUG] Check AVAX-USD: Age=3.4s (Limit=60s)
13:50:15 [DEBUG] MAX_OPEN_TRADES (3) reached, waiting...
13:50:15 [DEBUG] Using cached positions (age: 4.5s)
13:50:15 [INFO] 🔍 DEBUG LINEA-USD: entry_time type=<class 'str'>, value=2025-12-02T12:50:11.353171+00:00
13:50:15 [DEBUG] Check LINEA-USD: Age=4.2s (Limit=60s)
13:50:15 [INFO] 🔍 DEBUG PENGU-USD: entry_time type=<class 'str'>, value=2025-12-02T12:50:10.194285+00:00
13:50:15 [DEBUG] Check PENGU-USD: Age=5.3s (Limit=60s)
13:50:15 [INFO] 🔍 DEBUG POPCAT-USD: entry_time type=<class 'str'>, value=2025-12-02T12:50:10.532651+00:00
13:50:15 [DEBUG] Check POPCAT-USD: Age=5.0s (Limit=60s)
13:50:15 [INFO] 🔍 DEBUG AVAX-USD: entry_time type=<class 'str'>, value=2025-12-02T12:50:11.067559+00:00
13:50:15 [DEBUG] Check AVAX-USD: Age=4.4s (Limit=60s)
13:50:16 [DEBUG] Fetching fresh positions (force=False, cache_age=5.5s)
13:50:16 [DEBUG] Sending GET https://api.starknet.extended.exchange/api/v1/user/positions?
13:50:17 [INFO] Lighter: Found 3 open positions
13:50:17 [INFO] 📊 Positions: X10=4, Lighter=3
13:50:17 [DEBUG] X10 positions: ['PENGU-USD', 'POPCAT-USD', 'AVAX-USD', 'LINEA-USD']
13:50:17 [DEBUG] Lighter positions: ['AVAX-USD', 'POPCAT-USD', 'LINEA-USD']
13:50:17 [INFO] 🔍 DEBUG LINEA-USD: entry_time type=<class 'str'>, value=2025-12-02T12:50:11.353171+00:00
13:50:17 [DEBUG] Check LINEA-USD: Age=5.7s (Limit=60s)
13:50:17 [INFO] 🔍 DEBUG PENGU-USD: entry_time type=<class 'str'>, value=2025-12-02T12:50:10.194285+00:00
13:50:17 [DEBUG] Check PENGU-USD: Age=6.8s (Limit=60s)
13:50:17 [INFO] 🔍 DEBUG POPCAT-USD: entry_time type=<class 'str'>, value=2025-12-02T12:50:10.532651+00:00
13:50:17 [DEBUG] Check POPCAT-USD: Age=6.5s (Limit=60s)
13:50:17 [INFO] 🔍 DEBUG AVAX-USD: entry_time type=<class 'str'>, value=2025-12-02T12:50:11.067559+00:00
13:50:17 [DEBUG] Check AVAX-USD: Age=5.9s (Limit=60s)
13:50:18 [DEBUG] MAX_OPEN_TRADES (3) reached, waiting...
13:50:18 [DEBUG] Using cached positions (age: 1.5s)
13:50:18 [INFO] 🔍 DEBUG LINEA-USD: entry_time type=<class 'str'>, value=2025-12-02T12:50:11.353171+00:00
13:50:18 [DEBUG] Check LINEA-USD: Age=6.7s (Limit=60s)
13:50:18 [INFO] 🔍 DEBUG PENGU-USD: entry_time type=<class 'str'>, value=2025-12-02T12:50:10.194285+00:00
13:50:18 [DEBUG] Check PENGU-USD: Age=7.8s (Limit=60s)
13:50:18 [INFO] 🔍 DEBUG POPCAT-USD: entry_time type=<class 'str'>, value=2025-12-02T12:50:10.532651+00:00
13:50:18 [DEBUG] Check POPCAT-USD: Age=7.5s (Limit=60s)
13:50:18 [INFO] 🔍 DEBUG AVAX-USD: entry_time type=<class 'str'>, value=2025-12-02T12:50:11.067559+00:00
13:50:18 [DEBUG] Check AVAX-USD: Age=6.9s (Limit=60s)
13:50:18 [DEBUG] 💓 [lighter] Ping/Pong OK
13:50:19 [DEBUG] Using cached positions (age: 2.5s)
13:50:19 [INFO] 🔍 DEBUG LINEA-USD: entry_time type=<class 'str'>, value=2025-12-02T12:50:11.353171+00:00
13:50:19 [DEBUG] Check LINEA-USD: Age=7.7s (Limit=60s)
13:50:19 [INFO] 🔍 DEBUG PENGU-USD: entry_time type=<class 'str'>, value=2025-12-02T12:50:10.194285+00:00
13:50:19 [DEBUG] Check PENGU-USD: Age=8.8s (Limit=60s)
13:50:19 [INFO] 🔍 DEBUG POPCAT-USD: entry_time type=<class 'str'>, value=2025-12-02T12:50:10.532651+00:00
13:50:19 [DEBUG] Check POPCAT-USD: Age=8.5s (Limit=60s)
13:50:19 [INFO] 🔍 DEBUG AVAX-USD: entry_time type=<class 'str'>, value=2025-12-02T12:50:11.067559+00:00
13:50:19 [DEBUG] Check AVAX-USD: Age=7.9s (Limit=60s)
13:50:19 [WARNING] [x10] Connection closed: 1011 Ping timeout
13:50:19 [ERROR] [x10] Send error: received 1011 (internal error) Ping timeout; then sent 1011 (internal error) Ping timeout
13:50:19 [DEBUG] 💓 [x10] App-Ping sent (interval: 10.0s)
13:50:19 [INFO] 🔄 [x10] Reconnecting in 1.0s (attempt 1)
13:50:19 [DEBUG] ✅ IP-USD: X10=$219,964, Lighter=$454,721, Total=$674,685
13:50:20 [DEBUG] Using cached positions (age: 3.5s)
13:50:20 [INFO] 🔍 DEBUG LINEA-USD: entry_time type=<class 'str'>, value=2025-12-02T12:50:11.353171+00:00
13:50:20 [DEBUG] Check LINEA-USD: Age=8.7s (Limit=60s)
13:50:20 [INFO] 🔍 DEBUG PENGU-USD: entry_time type=<class 'str'>, value=2025-12-02T12:50:10.194285+00:00
13:50:20 [DEBUG] Check PENGU-USD: Age=9.8s (Limit=60s)
13:50:20 [INFO] 🔍 DEBUG POPCAT-USD: entry_time type=<class 'str'>, value=2025-12-02T12:50:10.532651+00:00
13:50:20 [DEBUG] Check POPCAT-USD: Age=9.5s (Limit=60s)
13:50:20 [INFO] 🔍 DEBUG AVAX-USD: entry_time type=<class 'str'>, value=2025-12-02T12:50:11.067559+00:00
13:50:20 [DEBUG] Check AVAX-USD: Age=8.9s (Limit=60s)
13:50:21 [DEBUG] Using cached positions (age: 4.5s)
13:50:21 [INFO] 🔍 DEBUG LINEA-USD: entry_time type=<class 'str'>, value=2025-12-02T12:50:11.353171+00:00
13:50:21 [DEBUG] Check LINEA-USD: Age=9.7s (Limit=60s)
13:50:21 [INFO] 🔍 DEBUG PENGU-USD: entry_time type=<class 'str'>, value=2025-12-02T12:50:10.194285+00:00
13:50:21 [DEBUG] Check PENGU-USD: Age=10.8s (Limit=60s)
13:50:21 [INFO] 🔍 DEBUG POPCAT-USD: entry_time type=<class 'str'>, value=2025-12-02T12:50:10.532651+00:00
13:50:21 [DEBUG] Check POPCAT-USD: Age=10.5s (Limit=60s)
13:50:21 [INFO] 🔍 DEBUG AVAX-USD: entry_time type=<class 'str'>, value=2025-12-02T12:50:11.067559+00:00
13:50:21 [DEBUG] Check AVAX-USD: Age=9.9s (Limit=60s)
13:50:21 [DEBUG] MAX_OPEN_TRADES (3) reached, waiting...
13:50:21 [INFO] ✅ [x10] Connected to wss://api.starknet.extended.exchange/stream.extended.exchange/v1/account
13:50:21 [DEBUG] [x10] Subscribed to funding/IP/USD
13:50:21 [DEBUG] [x10] Subscribed to funding/LINEA/USD
13:50:21 [DEBUG] [x10] Subscribed to publicTrades/LINK/USD
13:50:21 [DEBUG] [x10] Subscribed to publicTrades/1000BONK/USD
13:50:21 [DEBUG] [x10] Subscribed to publicTrades/APEX/USD
13:50:21 [DEBUG] [x10] Subscribed to funding/SPX/USD
13:50:21 [DEBUG] 💓 [x10] App-Ping sent (interval: 10.0s)
13:50:21 [DEBUG] [x10] Subscribed to publicTrades/ZRO/USD
13:50:21 [DEBUG] [x10] Subscribed to funding/BCH/USD
13:50:22 [DEBUG] Fetching fresh positions (force=False, cache_age=5.5s)
13:50:22 [DEBUG] Sending GET https://api.starknet.extended.exchange/api/v1/user/positions?
13:50:22 [DEBUG] [x10] Subscribed to publicTrades/AVAX/USD
13:50:22 [DEBUG] [x10] Subscribed to publicTrades/LINEA/USD
13:50:22 [DEBUG] [x10] Subscribed to funding/ENA/USD
13:50:22 [DEBUG] [x10] Subscribed to publicTrades/POPCAT/USD
13:50:22 [DEBUG] [x10] Subscribed to funding/SOL/USD
13:50:22 [INFO] Lighter: Found 3 open positions
13:50:22 [INFO] 📊 Positions: X10=4, Lighter=3
13:50:22 [DEBUG] X10 positions: ['PENGU-USD', 'POPCAT-USD', 'AVAX-USD', 'LINEA-USD']
13:50:22 [DEBUG] Lighter positions: ['AVAX-USD', 'POPCAT-USD', 'LINEA-USD']
13:50:22 [INFO] 🔍 DEBUG LINEA-USD: entry_time type=<class 'str'>, value=2025-12-02T12:50:11.353171+00:00
13:50:22 [DEBUG] Check LINEA-USD: Age=11.2s (Limit=60s)
13:50:22 [INFO] 🔍 DEBUG PENGU-USD: entry_time type=<class 'str'>, value=2025-12-02T12:50:10.194285+00:00
13:50:22 [DEBUG] Check PENGU-USD: Age=12.3s (Limit=60s)
13:50:22 [INFO] 🔍 DEBUG POPCAT-USD: entry_time type=<class 'str'>, value=2025-12-02T12:50:10.532651+00:00
13:50:22 [DEBUG] Check POPCAT-USD: Age=12.0s (Limit=60s)
13:50:22 [INFO] 🔍 DEBUG AVAX-USD: entry_time type=<class 'str'>, value=2025-12-02T12:50:11.067559+00:00
13:50:22 [DEBUG] Check AVAX-USD: Age=11.5s (Limit=60s)
13:50:22 [DEBUG] [x10] Subscribed to publicTrades/TRUMP/USD
13:50:22 [DEBUG] [x10] Subscribed to funding/AVNT/USD
13:50:22 [DEBUG] [x10] Subscribed to publicTrades/SUI/USD
13:50:22 [DEBUG] [x10] Subscribed to funding/LINK/USD
13:50:22 [DEBUG] [x10] Subscribed to funding/AAVE/USD
13:50:23 [DEBUG] [x10] Subscribed to publicTrades/WLFI/USD
13:50:23 [DEBUG] [x10] Subscribed to publicTrades/FIL/USD
13:50:23 [DEBUG] [x10] Subscribed to publicTrades/XAG/USD
13:50:23 [DEBUG] [x10] Subscribed to funding/S/USD
13:50:23 [DEBUG] ✅ 1000SHIB-USD: X10=$137,677, Lighter=$167,223,406, Total=$167,361,083
13:50:23 [DEBUG] [x10] Subscribed to publicTrades/XAU/USD
13:50:23 [DEBUG] Using cached positions (age: 1.5s)
13:50:23 [INFO] 🔍 DEBUG LINEA-USD: entry_time type=<class 'str'>, value=2025-12-02T12:50:11.353171+00:00
13:50:23 [DEBUG] Check LINEA-USD: Age=12.2s (Limit=60s)
13:50:23 [INFO] 🔍 DEBUG PENGU-USD: entry_time type=<class 'str'>, value=2025-12-02T12:50:10.194285+00:00
13:50:23 [DEBUG] Check PENGU-USD: Age=13.3s (Limit=60s)
13:50:23 [INFO] 🔍 DEBUG POPCAT-USD: entry_time type=<class 'str'>, value=2025-12-02T12:50:10.532651+00:00
13:50:23 [DEBUG] Check POPCAT-USD: Age=13.0s (Limit=60s)
13:50:23 [INFO] 🔍 DEBUG AVAX-USD: entry_time type=<class 'str'>, value=2025-12-02T12:50:11.067559+00:00
13:50:23 [DEBUG] Check AVAX-USD: Age=12.5s (Limit=60s)
13:50:23 [DEBUG] [x10] Subscribed to publicTrades/STRK/USD
13:50:23 [DEBUG] [x10] Subscribed to funding/1000PEPE/USD
13:50:23 [DEBUG] [x10] Subscribed to funding/POPCAT/USD
13:50:23 [DEBUG] [x10] Subscribed to publicTrades/PUMP/USD
13:50:23 [DEBUG] [x10] Subscribed to funding/CRV/USD
13:50:24 [DEBUG] MAX_OPEN_TRADES (3) reached, waiting...
13:50:24 [DEBUG] [x10] Subscribed to funding/PENGU/USD
13:50:24 [DEBUG] [x10] Subscribed to funding/USDJPY/USD
13:50:24 [DEBUG] [x10] Subscribed to funding/LDO/USD
13:50:24 [DEBUG] [x10] Subscribed to funding/TRUMP/USD
13:50:24 [DEBUG] [x10] Subscribed to funding/TON/USD
13:50:24 [DEBUG] [x10] Subscribed to funding/PUMP/USD
13:50:24 [DEBUG] Using cached positions (age: 2.5s)
13:50:24 [INFO] 🔍 DEBUG LINEA-USD: entry_time type=<class 'str'>, value=2025-12-02T12:50:11.353171+00:00
13:50:24 [DEBUG] Check LINEA-USD: Age=13.2s (Limit=60s)
13:50:24 [INFO] 🔍 DEBUG PENGU-USD: entry_time type=<class 'str'>, value=2025-12-02T12:50:10.194285+00:00
13:50:24 [DEBUG] Check PENGU-USD: Age=14.3s (Limit=60s)
13:50:24 [INFO] 🔍 DEBUG POPCAT-USD: entry_time type=<class 'str'>, value=2025-12-02T12:50:10.532651+00:00
13:50:24 [DEBUG] Check POPCAT-USD: Age=14.0s (Limit=60s)
13:50:24 [INFO] 🔍 DEBUG AVAX-USD: entry_time type=<class 'str'>, value=2025-12-02T12:50:11.067559+00:00
13:50:24 [DEBUG] Check AVAX-USD: Age=13.5s (Limit=60s)
13:50:24 [DEBUG] [x10] Subscribed to publicTrades/XRP/USD
13:50:24 [DEBUG] [x10] Subscribed to publicTrades/ZORA/USD
13:50:24 [DEBUG] [x10] Subscribed to funding/ADA/USD
13:50:24 [DEBUG] [x10] Subscribed to publicTrades/AAVE/USD
13:50:24 [DEBUG] [x10] Subscribed to funding/AVAX/USD
13:50:25 [DEBUG] [x10] Subscribed to funding/XPL/USD
13:50:25 [DEBUG] [x10] Subscribed to publicTrades/EDEN/USD
13:50:25 [DEBUG] [x10] Subscribed to funding/WLFI/USD
13:50:25 [DEBUG] [x10] Subscribed to publicTrades/TRX/USD
13:50:25 [DEBUG] [x10] Subscribed to funding/APEX/USD
13:50:25 [DEBUG] Using cached positions (age: 3.5s)
13:50:25 [INFO] 🔍 DEBUG LINEA-USD: entry_time type=<class 'str'>, value=2025-12-02T12:50:11.353171+00:00
13:50:25 [DEBUG] Check LINEA-USD: Age=14.2s (Limit=60s)
13:50:25 [INFO] 🔍 DEBUG PENGU-USD: entry_time type=<class 'str'>, value=2025-12-02T12:50:10.194285+00:00
13:50:25 [DEBUG] Check PENGU-USD: Age=15.3s (Limit=60s)
13:50:25 [INFO] 🔍 DEBUG POPCAT-USD: entry_time type=<class 'str'>, value=2025-12-02T12:50:10.532651+00:00
13:50:25 [DEBUG] Check POPCAT-USD: Age=15.0s (Limit=60s)
13:50:25 [INFO] 🔍 DEBUG AVAX-USD: entry_time type=<class 'str'>, value=2025-12-02T12:50:11.067559+00:00
13:50:25 [DEBUG] Check AVAX-USD: Age=14.4s (Limit=60s)
13:50:25 [DEBUG] [x10] Subscribed to funding/FARTCOIN/USD
13:50:25 [DEBUG] [x10] Subscribed to funding/ARB/USD
13:50:25 [DEBUG] [x10] Subscribed to funding/BERA/USD
13:50:25 [DEBUG] [x10] Subscribed to publicTrades/1000SHIB/USD
13:50:25 [DEBUG] [x10] Subscribed to publicTrades/AVNT/USD
13:50:26 [DEBUG] [x10] Subscribed to funding/BNB/USD
13:50:26 [DEBUG] [x10] Subscribed to publicTrades/SEI/USD
13:50:26 [DEBUG] [x10] Subscribed to funding/MKR/USD
13:50:26 [DEBUG] [x10] Subscribed to funding/SEI/USD
13:50:26 [DEBUG] [x10] Subscribed to publicTrades/S/USD
13:50:26 [DEBUG] [x10] Subscribed to funding/OP/USD
13:50:26 [DEBUG] Using cached positions (age: 4.5s)
13:50:26 [INFO] 🔍 DEBUG LINEA-USD: entry_time type=<class 'str'>, value=2025-12-02T12:50:11.353171+00:00
13:50:26 [DEBUG] Check LINEA-USD: Age=15.2s (Limit=60s)
13:50:26 [INFO] 🔍 DEBUG PENGU-USD: entry_time type=<class 'str'>, value=2025-12-02T12:50:10.194285+00:00
13:50:26 [DEBUG] Check PENGU-USD: Age=16.3s (Limit=60s)
13:50:26 [INFO] 🔍 DEBUG POPCAT-USD: entry_time type=<class 'str'>, value=2025-12-02T12:50:10.532651+00:00
13:50:26 [DEBUG] Check POPCAT-USD: Age=16.0s (Limit=60s)
13:50:26 [INFO] 🔍 DEBUG AVAX-USD: entry_time type=<class 'str'>, value=2025-12-02T12:50:11.067559+00:00
13:50:26 [DEBUG] Check AVAX-USD: Age=15.5s (Limit=60s)
13:50:26 [INFO] 🚜 [FARM] Profit Take AVAX-USD: Age=15s, Spread=0.014% (sehr niedrig), PnL=$0.00
13:50:26 [INFO]  💸 EXIT AVAX-USD: FARM_QUICK_PROFIT | PnL $0.00 (Fees: $0.00)
13:50:26 [INFO]  🔻 CLOSING AVAX-USD (Atomic Smart Close)...
13:50:26 [DEBUG] [x10] Subscribed to publicTrades/SOL/USD
13:50:26 [DEBUG] [x10] Subscribed to publicTrades/DOT/USD
13:50:26 [DEBUG] [x10] Subscribed to funding/DOGE/USD
13:50:26 [DEBUG] [x10] Subscribed to publicTrades/OP/USD
13:50:26 [DEBUG] [x10] Subscribed to publicTrades/WIF/USD
13:50:27 [DEBUG] MAX_OPEN_TRADES (3) reached, waiting...
13:50:27 [INFO] Lighter: Found 3 open positions
13:50:27 [INFO] 🔍 DEBUG close_live_position ENTRY: symbol=AVAX-USD (type=<class 'str'>)
13:50:27 [INFO] 🔍 DEBUG: original_side=BUY (type=<class 'str'>)
13:50:27 [INFO] 🔍 DEBUG: notional_usd=25.7916 (type=<class 'float'>)
13:50:27 [DEBUG] [x10] Subscribed to publicTrades/JUP/USD
13:50:27 [DEBUG] [x10] Subscribed to publicTrades/ADA/USD
13:50:27 [DEBUG] ✅ ZRO-USD: X10=$53,481, Lighter=$498,809, Total=$552,291
13:50:27 [DEBUG] [x10] Subscribed to publicTrades/ENA/USD
13:50:27 [DEBUG] [x10] Subscribed to publicTrades/RESOLV/USD
13:50:27 [DEBUG] [x10] Subscribed to funding/JUP/USD
13:50:27 [DEBUG] [x10] Subscribed to publicTrades/WLD/USD
13:50:27 [INFO] Lighter: Found 3 open positions
13:50:27 [INFO] 🔻 LIGHTER CLOSE AVAX-USD: size=-2.000000 coins, side=BUY, price=$12.8958, notional=$25.79
13:50:27 [INFO] 🚀 LIGHTER OPEN AVAX-USD: side=BUY, size_usd=$25.79, price=$12.895800
13:50:27 [DEBUG] 🔍 DEBUG: AVAX-USD market_id = 9 (raw=9, type=<class 'int'>)
13:50:27 [DEBUG] QUANTIZE AVAX-USD: USD=25.79, coins=2.000000, raw=200, lot_size=50, final=200
13:50:27 [DEBUG] Create Order Tx Info: {"AccountIndex":60113,"ApiKeyIndex":3,"MarketIndex":9,"ClientOrderIndex":1764679851530,"BaseAmount":200,"Price":129732,"IsAsk":0,"Type":0,"TimeInForce":1,"ReduceOnly":1,"TriggerPrice":0,"OrderExpiry":1767099027598,"ExpiredAt":1764680426598,"Nonce":1925,"Sig":"zqyEWFrE+IZGfe8Xq6mKb2qSYKEce6fZVMPLrJbdOnxxGWfCnzSidfnx1gywBB2vgyR8w2WLFKzjhvgLb+1QHQJZ4nhMx0ofPubLk+rP6Bk="}
13:50:27 [DEBUG] [x10] Subscribed to publicTrades/ZEC/USD
13:50:27 [DEBUG] [x10] Subscribed to publicTrades/KAITO/USD
13:50:27 [DEBUG] [x10] Subscribed to publicTrades/ARB/USD
13:50:27 [DEBUG] [x10] Subscribed to publicTrades/XPL/USD
13:50:27 [DEBUG] Create Order Send Tx Response: code=200 message='{"ratelimit": "didn\'t use volume quota"}' tx_hash='b5b7eaacb05549521e10eab28449e8c025c810ca670448e5f9d02f7e5b54788ed24936aa7a984b81' predicted_execution_time_ms=1764679819906 additional_properties={}
13:50:27 [INFO] Lighter Order: b5b7eaacb05549521e10eab28449e8c025c810ca670448e5f9d02f7e5b54788ed24936aa7a984b81
13:50:27 [INFO] ✅ Lighter close AVAX-USD: Erfolgreich ($25.79)
13:50:27 [INFO] ✅ Lighter AVAX-USD OK, closing X10...
13:50:27 [DEBUG] [x10] Subscribed to funding/XAU/USD
13:50:28 [DEBUG] [x10] Subscribed to funding/BTC/USD
13:50:28 [DEBUG] [x10] Subscribed to funding/FIL/USD
13:50:28 [DEBUG] [x10] Subscribed to publicTrades/MNT/USD
13:50:28 [DEBUG] [x10] Subscribed to publicTrades/APT/USD
13:50:28 [DEBUG] [x10] Subscribed to funding/RESOLV/USD
13:50:28 [DEBUG] [x10] Subscribed to funding/WLD/USD
13:50:28 [DEBUG] [x10] Subscribed to funding/TRX/USD
13:50:28 [DEBUG] [x10] Subscribed to funding/ZRO/USD
13:50:28 [DEBUG] [x10] Subscribed to publicTrades/BERA/USD
13:50:28 [DEBUG] [x10] Subscribed to funding/ONDO/USD
13:50:29 [DEBUG] [x10] Subscribed to funding/MNT/USD
13:50:29 [DEBUG] [x10] Subscribed to funding/1000SHIB/USD
13:50:29 [DEBUG] [x10] Subscribed to publicTrades/LDO/USD
13:50:29 [DEBUG] [x10] Subscribed to publicTrades/TON/USD
13:50:29 [DEBUG] [x10] Subscribed to funding/NEAR/USD
13:50:29 [DEBUG] [x10] Subscribed to publicTrades/USDJPY/USD
13:50:29 [DEBUG] [x10] Subscribed to publicTrades/VIRTUAL/USD
13:50:29 [DEBUG] [x10] Subscribed to publicTrades/SPX/USD
13:50:29 [DEBUG] [x10] Subscribed to funding/XAG/USD
13:50:29 [DEBUG] [x10] Subscribed to funding/HYPE/USD
13:50:29 [DEBUG] [x10] Subscribed to publicTrades/BTC/USD
13:50:30 [DEBUG] MAX_OPEN_TRADES (3) reached, waiting...
13:50:30 [DEBUG] [x10] Subscribed to publicTrades/TAO/USD
13:50:30 [DEBUG] [x10] Subscribed to funding/EDEN/USD
13:50:30 [DEBUG] [x10] Subscribed to publicTrades/MON/USD
13:50:30 [DEBUG] [x10] Subscribed to publicTrades/TIA/USD
13:50:30 [DEBUG] [x10] Subscribed to publicTrades/FARTCOIN/USD
13:50:30 [DEBUG] [x10] Subscribed to publicTrades/1000PEPE/USD
13:50:30 [DEBUG] [x10] Subscribed to funding/KAITO/USD
13:50:30 [DEBUG] [x10] Subscribed to publicTrades/LTC/USD
13:50:30 [DEBUG] [x10] Subscribed to funding/ASTER/USD
13:50:30 [DEBUG] Sending GET https://api.starknet.extended.exchange/api/v1/user/positions?
13:50:30 [DEBUG] [x10] Subscribed to funding/ZORA/USD
13:50:31 [DEBUG] ✅ OP-USD: X10=$388,371, Lighter=$5,084,536, Total=$5,472,907
13:50:31 [DEBUG] [x10] Subscribed to funding/MON/USD
13:50:31 [DEBUG] [x10] Subscribed to funding/TAO/USD
13:50:31 [INFO] 🔻 Closing X10 AVAX-USD: size=2.300000 coins, side=BUY
13:50:31 [DEBUG] Sending GET https://api.starknet.extended.exchange/api/v1/user/positions?
13:50:31 [DEBUG] [x10] Subscribed to publicTrades/GRASS/USD
13:50:31 [DEBUG] [x10] Subscribed to funding/SUI/USD
13:50:31 [DEBUG] [x10] Subscribed to publicTrades/NEAR/USD
13:50:31 [DEBUG] [x10] Subscribed to funding/DOT/USD
13:50:31 [INFO] 🔻 X10 CLOSE AVAX-USD: size=2.300000, side=SELL
13:50:31 [DEBUG] Placing an order: id=2370062738066754989105415011793934522966436288215152116095912061986835463547
13:50:31 [DEBUG] Sending POST https://api.starknet.extended.exchange/api/v1/user/order, headers={<RequestHeader.ACCEPT: 'Accept'>: 'application/json', <RequestHeader.CONTENT_TYPE: 'Content-Type'>: 'application/json', <RequestHeader.USER_AGENT: 'User-Agent'>: 'X10PythonTradingClient/0.0.17', <RequestHeader.API_KEY: 'X-Api-Key'>: 'a1c9207f79f0e57ddc454bf1e16dbe49'}
13:50:31 [DEBUG] [x10] Subscribed to funding/TIA/USD
13:50:31 [DEBUG] [x10] Subscribed to publicTrades/ASTER/USD
13:50:31 [DEBUG] 💓 [x10] App-Ping sent (interval: 10.0s)
13:50:31 [DEBUG] [x10] Subscribed to publicTrades/CRV/USD
13:50:31 [DEBUG] [x10] Subscribed to publicTrades/ONDO/USD
13:50:32 [DEBUG] [x10] Subscribed to funding/WIF/USD
13:50:32 [DEBUG] [x10] Subscribed to funding/1000BONK/USD
13:50:32 [DEBUG] [x10] Subscribed to funding/LTC/USD
13:50:32 [DEBUG] [x10] Subscribed to funding/PENDLE/USD
13:50:32 [DEBUG] [x10] Subscribed to funding/VIRTUAL/USD
13:50:32 [DEBUG] [x10] Subscribed to funding/UNI/USD
13:50:32 [DEBUG] [x10] Subscribed to publicTrades/UNI/USD
13:50:32 [DEBUG] [x10] Subscribed to funding/XRP/USD
13:50:32 [DEBUG] [x10] Subscribed to publicTrades/PENDLE/USD
13:50:32 [DEBUG] [x10] Subscribed to publicTrades/PENGU/USD
13:50:32 [INFO]  X10 Order: 1995837957289820160
13:50:32 [DEBUG] [x10] Subscribed to funding/ZEC/USD
13:50:33 [DEBUG] MAX_OPEN_TRADES (3) reached, waiting...
13:50:33 [DEBUG] [x10] Subscribed to publicTrades/EIGEN/USD
13:50:33 [DEBUG] [x10] Subscribed to publicTrades/MKR/USD
13:50:33 [DEBUG] [x10] Subscribed to publicTrades/BCH/USD
13:50:33 [DEBUG] [x10] Subscribed to funding/EIGEN/USD
13:50:33 [DEBUG] [x10] Subscribed to publicTrades/HYPE/USD
13:50:33 [DEBUG] [x10] Subscribed to publicTrades/BNB/USD
13:50:33 [DEBUG] [x10] Subscribed to publicTrades/DOGE/USD
13:50:33 [DEBUG] [x10] Subscribed to funding/STRK/USD
13:50:33 [DEBUG] [x10] Subscribed to publicTrades/IP/USD
13:50:33 [DEBUG] [x10] Subscribed to funding/APT/USD
13:50:33 [DEBUG] 🐕 Watchdog OK: Daten-Alter 1.0s
13:50:33 [DEBUG] [x10] Subscribed to funding/GRASS/USD
13:50:34 [DEBUG] ✅ SOL-USD: X10=$4,450,792, Lighter=$387,966, Total=$4,838,758
13:50:34 [DEBUG] Sending GET https://api.starknet.extended.exchange/api/v1/user/positions?
13:50:35 [INFO] ✅ X10 AVAX-USD closed (2.300000 coins)
13:50:35 [INFO] ✅ AVAX-USD fully closed
13:50:35 [INFO] ✅ Trade AVAX-USD closed (PnL: $0.00)
13:50:35 [INFO] ✅ Trade AVAX-USD closed (PnL: $0.00)
13:50:35 [DEBUG] 📝 Flushed 1 writes
13:50:35 [DEBUG] 📝 Flushed 1 writes in 0.0ms
13:50:35 [INFO]  💰 PnL AVAX-USD: $0.00 (FARM_QUICK_PROFIT)
13:50:35 [ERROR] Kelly Sizer record_trade error for AVAX-USD: Format specifier missing precision
13:50:36 [DEBUG] MAX_OPEN_TRADES (3) reached, waiting...
13:50:36 [DEBUG] Fetching fresh positions (force=False, cache_age=14.2s)
13:50:36 [DEBUG] Sending GET https://api.starknet.extended.exchange/api/v1/user/positions?
13:50:36 [INFO] Lighter: Found 2 open positions
13:50:36 [INFO] 📊 Positions: X10=3, Lighter=2
13:50:36 [DEBUG] X10 positions: ['PENGU-USD', 'POPCAT-USD', 'LINEA-USD']
13:50:36 [DEBUG] Lighter positions: ['POPCAT-USD', 'LINEA-USD']
13:50:36 [INFO] 🔍 DEBUG LINEA-USD: entry_time type=<class 'str'>, value=2025-12-02T12:50:11.353171+00:00
13:50:36 [DEBUG] Check LINEA-USD: Age=25.4s (Limit=60s)
13:50:36 [INFO] 🔍 DEBUG PENGU-USD: entry_time type=<class 'str'>, value=2025-12-02T12:50:10.194285+00:00
13:50:36 [DEBUG] Check PENGU-USD: Age=26.5s (Limit=60s)
13:50:36 [INFO] 🔍 DEBUG POPCAT-USD: entry_time type=<class 'str'>, value=2025-12-02T12:50:10.532651+00:00
13:50:36 [DEBUG] Check POPCAT-USD: Age=26.2s (Limit=60s)
13:50:37 [DEBUG] 📝 Flushed 1 writes
13:50:37 [DEBUG] 📝 Flushed 1 writes in 0.0ms
13:50:37 [DEBUG] Using cached positions (age: 1.5s)
13:50:37 [INFO] 🔍 DEBUG LINEA-USD: entry_time type=<class 'str'>, value=2025-12-02T12:50:11.353171+00:00
13:50:37 [DEBUG] Check LINEA-USD: Age=26.4s (Limit=60s)
13:50:37 [INFO] 🔍 DEBUG PENGU-USD: entry_time type=<class 'str'>, value=2025-12-02T12:50:10.194285+00:00
13:50:37 [DEBUG] Check PENGU-USD: Age=27.5s (Limit=60s)
13:50:37 [INFO] 🔍 DEBUG POPCAT-USD: entry_time type=<class 'str'>, value=2025-12-02T12:50:10.532651+00:00
13:50:37 [DEBUG] Check POPCAT-USD: Age=27.2s (Limit=60s)
13:50:38 [DEBUG] 💓 [lighter] Ping/Pong OK
13:50:38 [DEBUG] Using cached positions (age: 2.6s)
13:50:38 [INFO] 🔍 DEBUG LINEA-USD: entry_time type=<class 'str'>, value=2025-12-02T12:50:11.353171+00:00
13:50:38 [DEBUG] Check LINEA-USD: Age=27.4s (Limit=60s)
13:50:38 [INFO] 🔍 DEBUG PENGU-USD: entry_time type=<class 'str'>, value=2025-12-02T12:50:10.194285+00:00
13:50:38 [DEBUG] Check PENGU-USD: Age=28.6s (Limit=60s)
13:50:38 [INFO] 🔍 DEBUG POPCAT-USD: entry_time type=<class 'str'>, value=2025-12-02T12:50:10.532651+00:00
13:50:38 [DEBUG] Check POPCAT-USD: Age=28.2s (Limit=60s)
13:50:39 [DEBUG] MAX_OPEN_TRADES (3) reached, waiting...
13:50:39 [DEBUG] Using cached positions (age: 3.5s)
13:50:39 [INFO] 🔍 DEBUG LINEA-USD: entry_time type=<class 'str'>, value=2025-12-02T12:50:11.353171+00:00
13:50:39 [DEBUG] Check LINEA-USD: Age=28.4s (Limit=60s)
13:50:39 [INFO] 🔍 DEBUG PENGU-USD: entry_time type=<class 'str'>, value=2025-12-02T12:50:10.194285+00:00
13:50:39 [DEBUG] Check PENGU-USD: Age=29.6s (Limit=60s)
13:50:39 [INFO] 🔍 DEBUG POPCAT-USD: entry_time type=<class 'str'>, value=2025-12-02T12:50:10.532651+00:00
13:50:39 [DEBUG] Check POPCAT-USD: Age=29.2s (Limit=60s)
13:50:40 [WARNING] [lighter] Connection closed: 1006 
13:50:40 [INFO] 🔄 [lighter] Reconnecting in 1.0s (attempt 1)
13:50:40 [DEBUG] ✅ HYPE-USD: X10=$5,076,956, Lighter=$1,416,824, Total=$6,493,780
13:50:40 [DEBUG] Using cached positions (age: 4.6s)
13:50:40 [INFO] 🔍 DEBUG LINEA-USD: entry_time type=<class 'str'>, value=2025-12-02T12:50:11.353171+00:00
13:50:40 [DEBUG] Check LINEA-USD: Age=29.4s (Limit=60s)
13:50:40 [INFO] 🔍 DEBUG PENGU-USD: entry_time type=<class 'str'>, value=2025-12-02T12:50:10.194285+00:00
13:50:40 [DEBUG] Check PENGU-USD: Age=30.6s (Limit=60s)
13:50:40 [INFO] 🔍 DEBUG POPCAT-USD: entry_time type=<class 'str'>, value=2025-12-02T12:50:10.532651+00:00
13:50:40 [DEBUG] Check POPCAT-USD: Age=30.2s (Limit=60s)
13:50:41 [DEBUG] Fetching fresh positions (force=False, cache_age=5.6s)
13:50:41 [DEBUG] Sending GET https://api.starknet.extended.exchange/api/v1/user/positions?
13:50:42 [DEBUG] MAX_OPEN_TRADES (3) reached, waiting...
13:50:42 [INFO] ✅ [lighter] Connected to wss://mainnet.zklighter.elliot.ai/stream
13:50:42 [DEBUG] [lighter] Subscribed to trade/58
13:50:42 [WARNING] [x10] Connection closed: 1011 Ping timeout
13:50:42 [ERROR] [x10] Send error: received 1011 (internal error) Ping timeout; then sent 1011 (internal error) Ping timeout
13:50:42 [DEBUG] 💓 [x10] App-Ping sent (interval: 10.0s)
13:50:42 [INFO] 🔄 [x10] Reconnecting in 1.0s (attempt 1)
13:50:42 [INFO] Lighter: Found 2 open positions
13:50:42 [INFO] 📊 Positions: X10=3, Lighter=2
13:50:42 [DEBUG] X10 positions: ['PENGU-USD', 'POPCAT-USD', 'LINEA-USD']
13:50:42 [DEBUG] Lighter positions: ['POPCAT-USD', 'LINEA-USD']
13:50:42 [INFO] 🔍 DEBUG LINEA-USD: entry_time type=<class 'str'>, value=2025-12-02T12:50:11.353171+00:00
13:50:42 [DEBUG] Check LINEA-USD: Age=30.9s (Limit=60s)
13:50:42 [INFO] 🔍 DEBUG PENGU-USD: entry_time type=<class 'str'>, value=2025-12-02T12:50:10.194285+00:00
13:50:42 [DEBUG] Check PENGU-USD: Age=32.1s (Limit=60s)
13:50:42 [INFO] 🔍 DEBUG POPCAT-USD: entry_time type=<class 'str'>, value=2025-12-02T12:50:10.532651+00:00
13:50:42 [DEBUG] Check POPCAT-USD: Age=31.8s (Limit=60s)
13:50:42 [DEBUG] [lighter] Subscribed to trade/20
13:50:42 [DEBUG] [lighter] Subscribed to order_book/90
13:50:42 [DEBUG] [lighter] Subscribed to order_book/9
13:50:42 [DEBUG] [lighter] Subscribed to order_book/33
13:50:42 [DEBUG] [lighter] Subscribed to order_book/20
13:50:42 [DEBUG] [lighter] Subscribed to trade/92
13:50:43 [DEBUG] [lighter] Subscribed to trade/67
13:50:43 [DEBUG] [lighter] Subscribed to trade/6
13:50:43 [DEBUG] [lighter] Subscribed to order_book/55
13:50:43 [DEBUG] Using cached positions (age: 1.5s)
13:50:43 [INFO] 🔍 DEBUG LINEA-USD: entry_time type=<class 'str'>, value=2025-12-02T12:50:11.353171+00:00
13:50:43 [DEBUG] Check LINEA-USD: Age=31.9s (Limit=60s)
13:50:43 [INFO] 🔍 DEBUG PENGU-USD: entry_time type=<class 'str'>, value=2025-12-02T12:50:10.194285+00:00
13:50:43 [DEBUG] Check PENGU-USD: Age=33.1s (Limit=60s)
13:50:43 [INFO] 🔍 DEBUG POPCAT-USD: entry_time type=<class 'str'>, value=2025-12-02T12:50:10.532651+00:00
13:50:43 [DEBUG] Check POPCAT-USD: Age=32.8s (Limit=60s)
13:50:43 [DEBUG] [lighter] Subscribed to trade/17
13:50:43 [DEBUG] [lighter] Subscribed to order_book/72
13:50:43 [DEBUG] [lighter] Subscribed to trade/89
13:50:43 [DEBUG] [lighter] Subscribed to trade/4
13:50:43 [DEBUG] [lighter] Subscribed to trade/9
13:50:43 [DEBUG] [lighter] Subscribed to order_book/12
13:50:43 [DEBUG] [lighter] Subscribed to order_book/29
13:50:44 [DEBUG] [lighter] Subscribed to trade/29
13:50:44 [DEBUG] [lighter] Subscribed to trade/53
13:50:44 [DEBUG] [lighter] Subscribed to order_book/26
13:50:44 [DEBUG] Using cached positions (age: 2.5s)
13:50:44 [INFO] 🔍 DEBUG LINEA-USD: entry_time type=<class 'str'>, value=2025-12-02T12:50:11.353171+00:00
13:50:44 [DEBUG] Check LINEA-USD: Age=32.9s (Limit=60s)
13:50:44 [INFO] 🔍 DEBUG PENGU-USD: entry_time type=<class 'str'>, value=2025-12-02T12:50:10.194285+00:00
13:50:44 [DEBUG] Check PENGU-USD: Age=34.1s (Limit=60s)
13:50:44 [INFO] 🔍 DEBUG POPCAT-USD: entry_time type=<class 'str'>, value=2025-12-02T12:50:10.532651+00:00
13:50:44 [DEBUG] Check POPCAT-USD: Age=33.8s (Limit=60s)
13:50:44 [DEBUG] [lighter] Subscribed to trade/35
13:50:44 [DEBUG] [lighter] Subscribed to trade/10
13:50:44 [DEBUG] ✅ KAITO-USD: X10=$420,941, Lighter=$1,738,052, Total=$2,158,993
13:50:44 [INFO] ✅ [x10] Connected to wss://api.starknet.extended.exchange/stream.extended.exchange/v1/account
13:50:44 [DEBUG] [x10] Subscribed to funding/IP/USD
13:50:44 [DEBUG] [lighter] Subscribed to trade/3
13:50:44 [DEBUG] [x10] Subscribed to funding/LINEA/USD
13:50:44 [DEBUG] [lighter] Subscribed to trade/37
13:50:44 [DEBUG] [x10] Subscribed to publicTrades/LINK/USD
13:50:44 [DEBUG] [lighter] Subscribed to trade/27
13:50:44 [DEBUG] [x10] Subscribed to publicTrades/1000BONK/USD
13:50:44 [DEBUG] [lighter] Subscribed to trade/39
13:50:44 [DEBUG] [x10] Subscribed to publicTrades/APEX/USD
13:50:44 [DEBUG] [lighter] Subscribed to order_book/1
13:50:44 [DEBUG] [x10] Subscribed to funding/SPX/USD
13:50:45 [DEBUG] 💓 [x10] App-Ping sent (interval: 10.0s)
13:50:45 [DEBUG] [lighter] Subscribed to order_book/8
13:50:45 [DEBUG] MAX_OPEN_TRADES (3) reached, waiting...
13:50:45 [DEBUG] [x10] Subscribed to funding/BCH/USD
13:50:45 [DEBUG] [lighter] Subscribed to trade/42
13:50:45 [INFO] 🚜 Farm Mode ACTIVE
13:50:45 [DEBUG] [x10] Subscribed to publicTrades/ZRO/USD
13:50:45 [DEBUG] [lighter] Subscribed to order_book/7
13:50:45 [DEBUG] [x10] Subscribed to publicTrades/AVAX/USD
13:50:45 [DEBUG] Using cached positions (age: 3.5s)
13:50:45 [INFO] 🔍 DEBUG LINEA-USD: entry_time type=<class 'str'>, value=2025-12-02T12:50:11.353171+00:00
13:50:45 [DEBUG] Check LINEA-USD: Age=33.9s (Limit=60s)
13:50:45 [INFO] 🔍 DEBUG PENGU-USD: entry_time type=<class 'str'>, value=2025-12-02T12:50:10.194285+00:00
13:50:45 [DEBUG] Check PENGU-USD: Age=35.1s (Limit=60s)
13:50:45 [INFO] 🔍 DEBUG POPCAT-USD: entry_time type=<class 'str'>, value=2025-12-02T12:50:10.532651+00:00
13:50:45 [DEBUG] Check POPCAT-USD: Age=34.8s (Limit=60s)
13:50:45 [DEBUG] [lighter] Subscribed to trade/41
13:50:45 [DEBUG] [x10] Subscribed to publicTrades/LINEA/USD
13:50:45 [DEBUG] [lighter] Subscribed to order_book/51
13:50:45 [DEBUG] [x10] Subscribed to funding/ENA/USD
13:50:45 [DEBUG] [lighter] Subscribed to order_book/11
13:50:45 [DEBUG] [x10] Subscribed to publicTrades/POPCAT/USD
13:50:45 [DEBUG] [lighter] Subscribed to order_book/37
13:50:45 [DEBUG] [x10] Subscribed to funding/SOL/USD
13:50:45 [DEBUG] [lighter] Subscribed to trade/1
13:50:45 [DEBUG] [x10] Subscribed to publicTrades/TRUMP/USD
13:50:45 [DEBUG] [lighter] Subscribed to trade/23
13:50:45 [DEBUG] [x10] Subscribed to funding/AVNT/USD
13:50:45 [DEBUG] [lighter] Subscribed to trade/93
13:50:45 [DEBUG] [x10] Subscribed to publicTrades/SUI/USD
13:50:45 [DEBUG] [lighter] Subscribed to order_book/43
13:50:46 [DEBUG] [x10] Subscribed to funding/AAVE/USD
13:50:46 [DEBUG] [lighter] Subscribed to order_book/76
13:50:46 [DEBUG] [x10] Subscribed to funding/LINK/USD
13:50:46 [DEBUG] [lighter] Subscribed to trade/25
13:50:46 [DEBUG] [x10] Subscribed to publicTrades/WLFI/USD
13:50:46 [DEBUG] [lighter] Subscribed to order_book/83
13:50:46 [DEBUG] Using cached positions (age: 4.5s)
13:50:46 [INFO] 🔍 DEBUG LINEA-USD: entry_time type=<class 'str'>, value=2025-12-02T12:50:11.353171+00:00
13:50:46 [DEBUG] Check LINEA-USD: Age=34.9s (Limit=60s)
13:50:46 [INFO] 🔍 DEBUG PENGU-USD: entry_time type=<class 'str'>, value=2025-12-02T12:50:10.194285+00:00
13:50:46 [DEBUG] Check PENGU-USD: Age=36.1s (Limit=60s)
13:50:46 [INFO] 🔍 DEBUG POPCAT-USD: entry_time type=<class 'str'>, value=2025-12-02T12:50:10.532651+00:00
13:50:46 [DEBUG] Check POPCAT-USD: Age=35.8s (Limit=60s)
13:50:46 [DEBUG] [x10] Subscribed to publicTrades/FIL/USD
13:50:46 [DEBUG] [lighter] Subscribed to trade/38
13:50:46 [DEBUG] [x10] Subscribed to publicTrades/XAG/USD
13:50:46 [DEBUG] [lighter] Subscribed to trade/60
13:50:46 [DEBUG] [x10] Subscribed to funding/S/USD
13:50:46 [DEBUG] [lighter] Subscribed to trade/90
13:50:46 [DEBUG] [x10] Subscribed to publicTrades/XAU/USD
13:50:46 [DEBUG] [lighter] Subscribed to trade/104
13:50:46 [DEBUG] [x10] Subscribed to publicTrades/STRK/USD
13:50:46 [DEBUG] [lighter] Subscribed to order_book/45
13:50:46 [DEBUG] [x10] Subscribed to funding/1000PEPE/USD
13:50:46 [DEBUG] [lighter] Subscribed to order_book/52
13:50:46 [DEBUG] [x10] Subscribed to funding/POPCAT/USD
13:50:46 [DEBUG] [lighter] Subscribed to trade/91
13:50:46 [DEBUG] [x10] Subscribed to publicTrades/PUMP/USD
13:50:47 [DEBUG] [lighter] Subscribed to trade/40
13:50:47 [DEBUG] [x10] Subscribed to funding/CRV/USD
13:50:47 [DEBUG] [lighter] Subscribed to trade/49
13:50:47 [DEBUG] [x10] Subscribed to funding/PENGU/USD
13:50:47 [DEBUG] [lighter] Subscribed to order_book/17
13:50:47 [DEBUG] [x10] Subscribed to funding/USDJPY/USD
13:50:47 [DEBUG] Fetching fresh positions (force=False, cache_age=5.5s)
13:50:47 [DEBUG] [lighter] Subscribed to trade/63
13:50:47 [DEBUG] Sending GET https://api.starknet.extended.exchange/api/v1/user/positions?
13:50:47 [DEBUG] [x10] Subscribed to funding/LDO/USD
13:50:47 [DEBUG] [lighter] Subscribed to trade/7
13:50:47 [DEBUG] [x10] Subscribed to funding/TRUMP/USD
13:50:47 [DEBUG] [lighter] Subscribed to trade/50
13:50:47 [DEBUG] [x10] Subscribed to funding/TON/USD
13:50:47 [DEBUG] [lighter] Subscribed to order_book/6
13:50:47 [DEBUG] [x10] Subscribed to funding/PUMP/USD
13:50:47 [DEBUG] [lighter] Subscribed to trade/12
13:50:47 [DEBUG] [x10] Subscribed to publicTrades/XRP/USD
13:50:47 [DEBUG] [lighter] Subscribed to order_book/92
13:50:47 [DEBUG] [x10] Subscribed to publicTrades/ZORA/USD
13:50:47 [INFO] Lighter: Found 2 open positions
13:50:47 [INFO] 📊 Positions: X10=3, Lighter=2
13:50:47 [DEBUG] X10 positions: ['PENGU-USD', 'POPCAT-USD', 'LINEA-USD']
13:50:47 [DEBUG] Lighter positions: ['POPCAT-USD', 'LINEA-USD']
13:50:47 [INFO] 🔍 DEBUG LINEA-USD: entry_time type=<class 'str'>, value=2025-12-02T12:50:11.353171+00:00
13:50:47 [DEBUG] Check LINEA-USD: Age=36.5s (Limit=60s)
13:50:47 [INFO] 🔍 DEBUG PENGU-USD: entry_time type=<class 'str'>, value=2025-12-02T12:50:10.194285+00:00
13:50:47 [DEBUG] Check PENGU-USD: Age=37.6s (Limit=60s)
13:50:47 [INFO] 🔍 DEBUG POPCAT-USD: entry_time type=<class 'str'>, value=2025-12-02T12:50:10.532651+00:00
13:50:47 [DEBUG] Check POPCAT-USD: Age=37.3s (Limit=60s)
13:50:47 [DEBUG] [lighter] Subscribed to order_book/58
13:50:47 [DEBUG] [x10] Subscribed to funding/ADA/USD
13:50:47 [DEBUG] [lighter] Subscribed to order_book/93
13:50:48 [DEBUG] [x10] Subscribed to publicTrades/AAVE/USD
13:50:48 [DEBUG] MAX_OPEN_TRADES (3) reached, waiting...
13:50:48 [DEBUG] [lighter] Subscribed to trade/30
13:50:48 [DEBUG] [x10] Subscribed to funding/AVAX/USD
13:50:48 [DEBUG] [lighter] Subscribed to order_book/91
13:50:48 [DEBUG] [x10] Subscribed to funding/XPL/USD
13:50:48 [DEBUG] [lighter] Subscribed to order_book/86
13:50:48 [DEBUG] ✅ ENA-USD: X10=$230,907, Lighter=$19,421,183, Total=$19,652,090
13:50:48 [DEBUG] [x10] Subscribed to publicTrades/EDEN/USD
13:50:48 [DEBUG] [lighter] Subscribed to trade/28
13:50:48 [DEBUG] [x10] Subscribed to funding/WLFI/USD
13:50:48 [DEBUG] [lighter] Subscribed to order_book/41
13:50:48 [DEBUG] [x10] Subscribed to publicTrades/TRX/USD
13:50:48 [DEBUG] [lighter] Subscribed to trade/103
13:50:48 [DEBUG] [x10] Subscribed to funding/APEX/USD
13:50:48 [DEBUG] [lighter] Subscribed to trade/18
13:50:48 [DEBUG] [x10] Subscribed to funding/FARTCOIN/USD
13:50:48 [DEBUG] [lighter] Subscribed to order_book/49
13:50:48 [DEBUG] [x10] Subscribed to funding/ARB/USD
13:50:48 [DEBUG] [lighter] Subscribed to trade/26
13:50:48 [DEBUG] Using cached positions (age: 1.5s)
13:50:48 [INFO] 🔍 DEBUG LINEA-USD: entry_time type=<class 'str'>, value=2025-12-02T12:50:11.353171+00:00
13:50:48 [DEBUG] Check LINEA-USD: Age=37.5s (Limit=60s)
13:50:48 [INFO] 🔍 DEBUG PENGU-USD: entry_time type=<class 'str'>, value=2025-12-02T12:50:10.194285+00:00
13:50:48 [DEBUG] Check PENGU-USD: Age=38.6s (Limit=60s)
13:50:48 [INFO] 🔍 DEBUG POPCAT-USD: entry_time type=<class 'str'>, value=2025-12-02T12:50:10.532651+00:00
13:50:48 [DEBUG] Check POPCAT-USD: Age=38.3s (Limit=60s)
13:50:48 [DEBUG] [x10] Subscribed to funding/BERA/USD
13:50:48 [DEBUG] [lighter] Subscribed to order_book/38
13:50:48 [DEBUG] [x10] Subscribed to publicTrades/1000SHIB/USD
13:50:48 [DEBUG] [lighter] Subscribed to order_book/63
13:50:49 [DEBUG] [x10] Subscribed to publicTrades/AVNT/USD
13:50:49 [DEBUG] [lighter] Subscribed to trade/5
13:50:49 [DEBUG] [x10] Subscribed to funding/BNB/USD
13:50:49 [DEBUG] [lighter] Subscribed to order_book/16
13:50:49 [DEBUG] [x10] Subscribed to publicTrades/SEI/USD
13:50:49 [DEBUG] [lighter] Subscribed to trade/83
13:50:49 [DEBUG] [x10] Subscribed to funding/MKR/USD
13:50:49 [DEBUG] [lighter] Subscribed to order_book/36
13:50:49 [DEBUG] [x10] Subscribed to funding/SEI/USD
13:50:49 [DEBUG] [lighter] Subscribed to order_book/89
13:50:49 [DEBUG] [x10] Subscribed to publicTrades/S/USD
13:50:49 [DEBUG] [lighter] Subscribed to trade/76
13:50:49 [DEBUG] [x10] Subscribed to funding/OP/USD
13:50:49 [DEBUG] [lighter] Subscribed to order_book/28
13:50:49 [DEBUG] [x10] Subscribed to publicTrades/SOL/USD
13:50:49 [DEBUG] [lighter] Subscribed to order_book/10
13:50:49 [DEBUG] [x10] Subscribed to publicTrades/DOT/USD
13:50:49 [DEBUG] Using cached positions (age: 2.5s)
13:50:49 [INFO] 🔍 DEBUG LINEA-USD: entry_time type=<class 'str'>, value=2025-12-02T12:50:11.353171+00:00
13:50:49 [DEBUG] Check LINEA-USD: Age=38.5s (Limit=60s)
13:50:49 [INFO] 🔍 DEBUG PENGU-USD: entry_time type=<class 'str'>, value=2025-12-02T12:50:10.194285+00:00
13:50:49 [DEBUG] Check PENGU-USD: Age=39.6s (Limit=60s)
13:50:49 [INFO] 🔍 DEBUG POPCAT-USD: entry_time type=<class 'str'>, value=2025-12-02T12:50:10.532651+00:00
13:50:49 [DEBUG] Check POPCAT-USD: Age=39.3s (Limit=60s)
13:50:49 [DEBUG] [lighter] Subscribed to trade/13
13:50:49 [DEBUG] [x10] Subscribed to funding/DOGE/USD
13:50:49 [DEBUG] [lighter] Subscribed to trade/82
13:50:49 [DEBUG] [x10] Subscribed to publicTrades/OP/USD
13:50:50 [DEBUG] [lighter] Subscribed to trade/32
13:50:50 [DEBUG] [x10] Subscribed to publicTrades/WIF/USD
13:50:50 [DEBUG] [lighter] Subscribed to order_book/34
13:50:50 [DEBUG] [x10] Subscribed to publicTrades/ADA/USD
13:50:50 [DEBUG] [lighter] Subscribed to trade/34
13:50:50 [DEBUG] [x10] Subscribed to publicTrades/ENA/USD
13:50:50 [DEBUG] [lighter] Subscribed to order_book/67
13:50:50 [DEBUG] [x10] Subscribed to publicTrades/RESOLV/USD
13:50:50 [DEBUG] [lighter] Subscribed to trade/71
13:50:50 [DEBUG] [x10] Subscribed to funding/JUP/USD
13:50:50 [DEBUG] [lighter] Subscribed to order_book/60
13:50:50 [DEBUG] [x10] Subscribed to publicTrades/WLD/USD
13:50:50 [DEBUG] [lighter] Subscribed to order_book/31
13:50:50 [DEBUG] [x10] Subscribed to publicTrades/ZEC/USD
13:50:50 [DEBUG] [lighter] Subscribed to order_book/30
13:50:50 [DEBUG] [x10] Subscribed to publicTrades/KAITO/USD
13:50:50 [DEBUG] [lighter] Subscribed to order_book/21
13:50:50 [DEBUG] Using cached positions (age: 3.5s)
13:50:50 [INFO] 🔍 DEBUG LINEA-USD: entry_time type=<class 'str'>, value=2025-12-02T12:50:11.353171+00:00
13:50:50 [DEBUG] Check LINEA-USD: Age=39.5s (Limit=60s)
13:50:50 [INFO] 🔍 DEBUG PENGU-USD: entry_time type=<class 'str'>, value=2025-12-02T12:50:10.194285+00:00
13:50:50 [DEBUG] Check PENGU-USD: Age=40.6s (Limit=60s)
13:50:50 [INFO] 🔍 DEBUG POPCAT-USD: entry_time type=<class 'str'>, value=2025-12-02T12:50:10.532651+00:00
13:50:50 [DEBUG] Check POPCAT-USD: Age=40.3s (Limit=60s)
13:50:50 [DEBUG] [x10] Subscribed to publicTrades/ARB/USD
13:50:50 [DEBUG] [lighter] Subscribed to order_book/82
13:50:50 [DEBUG] [x10] Subscribed to publicTrades/XPL/USD
13:50:50 [DEBUG] [lighter] Subscribed to trade/72
13:50:51 [DEBUG] [x10] Subscribed to funding/XAU/USD
13:50:51 [DEBUG] MAX_OPEN_TRADES (3) reached, waiting...
13:50:51 [DEBUG] [lighter] Subscribed to trade/86
13:50:51 [DEBUG] [x10] Subscribed to funding/BTC/USD
13:50:51 [DEBUG] [lighter] Subscribed to order_book/3
13:50:51 [DEBUG] [x10] Subscribed to funding/FIL/USD
13:50:51 [DEBUG] [lighter] Subscribed to order_book/98
13:50:51 [DEBUG] [x10] Subscribed to publicTrades/MNT/USD
13:50:51 [DEBUG] [lighter] Subscribed to order_book/71
13:50:51 [DEBUG] [x10] Subscribed to publicTrades/APT/USD
13:50:51 [DEBUG] [lighter] Subscribed to order_book/24
13:50:51 [DEBUG] [x10] Subscribed to funding/RESOLV/USD
13:50:51 [DEBUG] [lighter] Subscribed to order_book/27
13:50:51 [DEBUG] [x10] Subscribed to funding/WLD/USD
13:50:51 [DEBUG] [lighter] Subscribed to order_book/15
13:50:51 [DEBUG] [x10] Subscribed to funding/TRX/USD
13:50:51 [DEBUG] [lighter] Subscribed to trade/11
13:50:51 [DEBUG] [x10] Subscribed to funding/ZRO/USD
13:50:51 [DEBUG] Using cached positions (age: 4.5s)
13:50:51 [INFO] 🔍 DEBUG LINEA-USD: entry_time type=<class 'str'>, value=2025-12-02T12:50:11.353171+00:00
13:50:51 [DEBUG] Check LINEA-USD: Age=40.5s (Limit=60s)
13:50:51 [INFO] 🔍 DEBUG PENGU-USD: entry_time type=<class 'str'>, value=2025-12-02T12:50:10.194285+00:00
13:50:51 [DEBUG] Check PENGU-USD: Age=41.6s (Limit=60s)
13:50:51 [INFO] 🔍 DEBUG POPCAT-USD: entry_time type=<class 'str'>, value=2025-12-02T12:50:10.532651+00:00
13:50:51 [DEBUG] Check POPCAT-USD: Age=41.3s (Limit=60s)
13:50:51 [DEBUG] [lighter] Subscribed to trade/36
13:50:51 [DEBUG] [x10] Subscribed to publicTrades/BERA/USD
13:50:51 [DEBUG] [lighter] Subscribed to order_book/104
13:50:51 [DEBUG] [x10] Subscribed to funding/ONDO/USD
13:50:52 [DEBUG] [lighter] Subscribed to trade/52
13:50:52 [DEBUG] ✅ MNT-USD: X10=$126,740, Lighter=$3,149,772, Total=$3,276,512
13:50:52 [DEBUG] [x10] Subscribed to funding/MNT/USD
13:50:52 [DEBUG] [lighter] Subscribed to trade/2
13:50:52 [DEBUG] [x10] Subscribed to funding/1000SHIB/USD
13:50:52 [DEBUG] [lighter] Subscribed to order_book/47
13:50:52 [DEBUG] [x10] Subscribed to publicTrades/LDO/USD
13:50:52 [DEBUG] [lighter] Subscribed to order_book/18
13:50:52 [DEBUG] [x10] Subscribed to publicTrades/TON/USD
13:50:52 [DEBUG] [lighter] Subscribed to order_book/40
13:50:52 [DEBUG] [x10] Subscribed to funding/NEAR/USD
13:50:52 [DEBUG] [lighter] Subscribed to trade/8
13:50:52 [DEBUG] [x10] Subscribed to publicTrades/USDJPY/USD
13:50:52 [DEBUG] [lighter] Subscribed to trade/15
13:50:52 [DEBUG] [x10] Subscribed to publicTrades/IP/USD
13:50:52 [DEBUG] [lighter] Subscribed to order_book/42
13:50:52 [DEBUG] [x10] Subscribed to publicTrades/VIRTUAL/USD
13:50:52 [DEBUG] [lighter] Subscribed to order_book/25
13:50:52 [DEBUG] Fetching fresh positions (force=False, cache_age=5.5s)
13:50:52 [DEBUG] Sending GET https://api.starknet.extended.exchange/api/v1/user/positions?
13:50:52 [DEBUG] [x10] Subscribed to publicTrades/SPX/USD
13:50:52 [DEBUG] [lighter] Subscribed to order_book/13
13:50:52 [DEBUG] [x10] Subscribed to funding/XAG/USD
13:50:52 [DEBUG] [lighter] Subscribed to order_book/2
13:50:53 [DEBUG] [x10] Subscribed to funding/HYPE/USD
13:50:53 [DEBUG] [lighter] Subscribed to trade/43
13:50:53 [DEBUG] [x10] Subscribed to publicTrades/BTC/USD
13:50:53 [DEBUG] [lighter] Subscribed to trade/33
13:50:53 [DEBUG] [x10] Subscribed to publicTrades/TAO/USD
13:50:53 [DEBUG] [lighter] Subscribed to trade/51
13:50:53 [DEBUG] [x10] Subscribed to funding/EDEN/USD
13:50:53 [INFO] Lighter: Found 2 open positions
13:50:53 [INFO] 📊 Positions: X10=3, Lighter=2
13:50:53 [DEBUG] X10 positions: ['PENGU-USD', 'POPCAT-USD', 'LINEA-USD']
13:50:53 [DEBUG] Lighter positions: ['POPCAT-USD', 'LINEA-USD']
13:50:53 [INFO] 🔍 DEBUG LINEA-USD: entry_time type=<class 'str'>, value=2025-12-02T12:50:11.353171+00:00
13:50:53 [DEBUG] Check LINEA-USD: Age=42.0s (Limit=60s)
13:50:53 [INFO] 🔍 DEBUG PENGU-USD: entry_time type=<class 'str'>, value=2025-12-02T12:50:10.194285+00:00
13:50:53 [DEBUG] Check PENGU-USD: Age=43.1s (Limit=60s)
13:50:53 [INFO] 🔍 DEBUG POPCAT-USD: entry_time type=<class 'str'>, value=2025-12-02T12:50:10.532651+00:00
13:50:53 [DEBUG] Check POPCAT-USD: Age=42.8s (Limit=60s)
13:50:53 [DEBUG] [lighter] Subscribed to order_book/39
13:50:53 [DEBUG] [x10] Subscribed to publicTrades/MON/USD
13:50:53 [DEBUG] [lighter] Subscribed to order_book/32
13:50:53 [DEBUG] [x10] Subscribed to publicTrades/TIA/USD
13:50:53 [DEBUG] [lighter] Subscribed to order_book/46
13:50:53 [DEBUG] [x10] Subscribed to publicTrades/FARTCOIN/USD
13:50:53 [DEBUG] [lighter] Subscribed to trade/47
13:50:53 [DEBUG] [x10] Subscribed to publicTrades/1000PEPE/USD
13:50:53 [DEBUG] [lighter] Subscribed to trade/45
13:50:53 [DEBUG] [x10] Subscribed to funding/KAITO/USD
13:50:53 [DEBUG] [lighter] Subscribed to trade/98
13:50:53 [DEBUG] [x10] Subscribed to publicTrades/LTC/USD
13:50:53 [DEBUG] [lighter] Subscribed to order_book/5
13:50:53 [DEBUG] [x10] Subscribed to funding/ASTER/USD
13:50:54 [DEBUG] [lighter] Subscribed to order_book/4
13:50:54 [DEBUG] MAX_OPEN_TRADES (3) reached, waiting...
13:50:54 [DEBUG] [x10] Subscribed to funding/ZORA/USD
13:50:54 [DEBUG] [lighter] Subscribed to order_book/53
13:50:54 [DEBUG] [x10] Subscribed to funding/MON/USD
13:50:54 [DEBUG] [lighter] Subscribed to order_book/35
13:50:54 [DEBUG] [x10] Subscribed to funding/TAO/USD
13:50:54 [DEBUG] [lighter] Subscribed to order_book/23
13:50:54 [DEBUG] Using cached positions (age: 1.5s)
13:50:54 [INFO] 🔍 DEBUG LINEA-USD: entry_time type=<class 'str'>, value=2025-12-02T12:50:11.353171+00:00
13:50:54 [DEBUG] Check LINEA-USD: Age=43.0s (Limit=60s)
13:50:54 [INFO] 🔍 DEBUG PENGU-USD: entry_time type=<class 'str'>, value=2025-12-02T12:50:10.194285+00:00
13:50:54 [DEBUG] Check PENGU-USD: Age=44.1s (Limit=60s)
13:50:54 [INFO] 🔍 DEBUG POPCAT-USD: entry_time type=<class 'str'>, value=2025-12-02T12:50:10.532651+00:00
13:50:54 [DEBUG] Check POPCAT-USD: Age=43.8s (Limit=60s)
13:50:54 [DEBUG] [x10] Subscribed to publicTrades/GRASS/USD
13:50:54 [DEBUG] [lighter] Subscribed to trade/46
13:50:54 [DEBUG] [x10] Subscribed to funding/SUI/USD
13:50:54 [DEBUG] [lighter] Subscribed to market_stats/all
13:50:54 [DEBUG] [x10] Subscribed to publicTrades/NEAR/USD
13:50:54 [DEBUG] [lighter] Subscribed to order_book/50
13:50:54 [DEBUG] [x10] Subscribed to funding/DOT/USD
13:50:54 [DEBUG] [lighter] Subscribed to trade/31
13:50:54 [DEBUG] [x10] Subscribed to funding/TIA/USD
13:50:54 [DEBUG] [lighter] Subscribed to trade/16
13:50:54 [DEBUG] [x10] Subscribed to publicTrades/ASTER/USD
13:50:54 [DEBUG] [lighter] Subscribed to trade/21
13:50:54 [DEBUG] [x10] Subscribed to publicTrades/CRV/USD
13:50:54 [DEBUG] [lighter] Subscribed to trade/24
13:50:55 [DEBUG] [x10] Subscribed to publicTrades/ONDO/USD
13:50:55 [DEBUG] 💓 [x10] App-Ping sent (interval: 10.0s)
13:50:55 [DEBUG] [lighter] Subscribed to trade/55
13:50:55 [DEBUG] [x10] Subscribed to funding/WIF/USD
13:50:55 [DEBUG] [lighter] Subscribed to order_book/103
13:50:55 [INFO] 🚜 Farm Mode ACTIVE
13:50:55 [DEBUG] [x10] Subscribed to funding/1000BONK/USD
13:50:55 [DEBUG] [x10] Subscribed to funding/LTC/USD
13:50:55 [DEBUG] Using cached positions (age: 2.5s)
13:50:55 [INFO] 🔍 DEBUG LINEA-USD: entry_time type=<class 'str'>, value=2025-12-02T12:50:11.353171+00:00
13:50:55 [DEBUG] Check LINEA-USD: Age=44.0s (Limit=60s)
13:50:55 [INFO] 🔍 DEBUG PENGU-USD: entry_time type=<class 'str'>, value=2025-12-02T12:50:10.194285+00:00
13:50:55 [DEBUG] Check PENGU-USD: Age=45.1s (Limit=60s)
13:50:55 [INFO] 🔍 DEBUG POPCAT-USD: entry_time type=<class 'str'>, value=2025-12-02T12:50:10.532651+00:00
13:50:55 [DEBUG] Check POPCAT-USD: Age=44.8s (Limit=60s)
13:50:55 [DEBUG] [x10] Subscribed to funding/PENDLE/USD
13:50:55 [DEBUG] [x10] Subscribed to funding/VIRTUAL/USD
13:50:55 [DEBUG] [x10] Subscribed to funding/UNI/USD
13:50:55 [WARNING] 🛑 Received SIGINT, initiating graceful shutdown...
13:50:55 [INFO] 🛑 Shutting down...
13:50:55 [INFO] 🛑 Initiating graceful shutdown...
13:50:55 [INFO] 🔍 Supervisor loop stopped
13:50:55 [INFO] 🛑 Cancelling logic_loop...
13:50:55 [INFO] 🛑 Cancelling trade_management_loop...
13:50:55 [INFO] 🛑 Cancelling farm_loop...
13:50:55 [INFO] 🛑 Cancelling maintenance_loop...
13:50:55 [INFO] 🛑 Cancelling cleanup_finished_tasks...
13:50:55 [INFO] 🛑 Cancelling health_reporter...
13:50:55 [INFO] 🛑 Cancelling connection_watchdog...
13:50:55 [INFO] Logic loop cancelled
13:50:55 [INFO] Connection watchdog cancelled
13:50:55 [INFO] ✅ All tasks stopped
13:50:55 [INFO] 🛑 Rollback processor: Shutdown signal received
13:50:55 [INFO] ✅ ParallelExecutionManager: Stopped
13:50:55 [INFO] ✅ WebSocketManager stopped
13:50:55 [INFO] ✅ OpenInterestTracker stopped
13:50:55 [INFO] 🛑 Stopping InMemoryStateManager...
13:50:55 [DEBUG] [x10] Subscribed to publicTrades/UNI/USD
13:50:55 [INFO] 📝 State writer loop stopped
13:50:55 [INFO] ✅ InMemoryStateManager stopped
13:50:55 [INFO] 🔒 Closing database...
13:50:55 [INFO] 🖊️ Database write loop stopped
13:50:55 [INFO] ✅ Database closed
13:50:55 [INFO] ✅ X10 Adapter geschlossen.
13:50:55 [INFO] ✅ Lighter Adapter closed
13:50:55 [INFO] ✅ Bot V5 shutdown complete
13:50:55 [ERROR] unhandled exception during asyncio.run() shutdown
task: <Task finished name='ws_lighter_connect' coro=<ManagedWebSocket._connection_loop() done, defined at C:\Users\koopm\funding-bot\src\websocket_manager.py:179> exception=AttributeError('STOPPED')>
Traceback (most recent call last):
  File "C:\Users\koopm\funding-bot\src\websocket_manager.py", line 246, in _connection_loop
    self._state = WSState.STOPPED
                  ^^^^^^^^^^^^^^^
  File "C:\Users\koopm\AppData\Local\Programs\Python\Python311\Lib\enum.py", line 767, in __getattr__
    raise AttributeError(name) from None
AttributeError: STOPPED
13:50:55 [ERROR] unhandled exception during asyncio.run() shutdown
task: <Task finished name='ws_x10_connect' coro=<ManagedWebSocket._connection_loop() done, defined at C:\Users\koopm\funding-bot\src\websocket_manager.py:179> exception=AttributeError('STOPPED')>
Traceback (most recent call last):
  File "C:\Users\koopm\funding-bot\src\websocket_manager.py", line 246, in _connection_loop
    self._state = WSState.STOPPED
                  ^^^^^^^^^^^^^^^
  File "C:\Users\koopm\AppData\Local\Programs\Python\Python311\Lib\enum.py", line 767, in __getattr__
    raise AttributeError(name) from None
AttributeError: STOPPED
