13:53:00 [INFO]  CONFIG VALIDIERUNG abgeschlossen.
13:53:00 [INFO] 🔥 BOT V5 (Architected) STARTING...
13:53:00 [INFO] 🚀 Starting InMemoryStateManager...
13:53:00 [INFO] 📂 Initializing database: data/trades.db
13:53:00 [INFO] ✅ Read pool created: 5 connections
13:53:00 [INFO] ✅ WAL mode enabled
13:53:00 [INFO] 🔄 Running database migrations...
13:53:00 [INFO] ✅ Migrations complete (15 statements)
13:53:00 [INFO] ✅ Database initialized
13:53:00 [INFO] 🖊️ Database write loop started
13:53:00 [INFO] 📂 Loaded 3 trades from database
13:53:00 [INFO] ✅ InMemoryStateManager started (loaded 3 trades)
13:53:00 [INFO] ✅ State Manager started
13:53:00 [INFO]  Telegram Bot disabled (Token/ChatID missing).
13:53:00 [INFO] ✅ Async database initialized
13:53:00 [INFO] 📝 State writer loop started
13:53:00 [DEBUG] ✅ Database schema up to date
13:53:00 [INFO] Initialisiere X10 Adapter...
13:53:00 [INFO]  X10 Account initialisiert.
13:53:00 [INFO] Initialisiere Lighter Adapter...
13:53:00 [INFO] 💰 FeeManager initialized (Dynamic Fees: ENABLED)
13:53:00 [DEBUG] FeeManager: Adapters set (X10=True, Lighter=True)
13:53:00 [INFO] ✅ Lighter Fees updated: Maker=0.000000, Taker=0.000000 (source=config)
13:53:01 [INFO] ✅ X10 Fee Schedule from API: Maker=0.000000, Taker=0.000225
13:53:01 [INFO] ✅ X10 Fees updated: Maker=0.000000, Taker=0.000225 (source=api)
13:53:01 [INFO] ✅ FeeManager started with periodic refresh
13:53:01 [INFO] ✅ FeeManager started
13:53:01 [INFO] 📊 Loading Market Data via REST...
13:53:01 [DEBUG] Sending GET https://api.starknet.extended.exchange/api/v1/info/markets?
13:53:03 [INFO] ✅ Lighter: Loaded 116 markets (base data)
13:53:03 [DEBUG] Starting new HTTPS connection (1): mainnet.zklighter.elliot.ai:443
13:53:05 [DEBUG] https://mainnet.zklighter.elliot.ai:443 "GET /api/v1/nextNonce?account_index=60113&api_key_index=3 HTTP/1.1" 200 25
13:53:05 [INFO]  X10: 91 Märkte geladen, 91 Funding Rates, 78 Preise
13:53:07 [INFO] ✅ Lighter: Updated 116 markets with size_decimals from API
13:53:07 [INFO] 📊 MARKET ADA-USD: size_decimals=1, price_decimals=5, min_base_amount=10.0
13:53:07 [INFO] 📊 MARKET SEI-USD: size_decimals=1, price_decimals=5, min_base_amount=50.0
13:53:07 [INFO] 📊 MARKET RESOLV-USD: size_decimals=0, price_decimals=6, min_base_amount=40.0
13:53:07 [INFO] 📊 MARKET TIA-USD: size_decimals=1, price_decimals=5, min_base_amount=3.0
13:53:07 [INFO] ✅ Markets loaded: X10=91, Lighter=116
13:53:07 [INFO] 📈 Pre-loading Lighter prices...
13:53:07 [DEBUG] Lighter: Loaded 383 funding rates
13:53:08 [DEBUG] Lighter: Loaded 115 prices via REST
13:53:08 [INFO] ✅ Lighter prices loaded: 115 symbols
13:53:08 [INFO] 🔥 Warming up execution clients (Network Handshake)...
13:53:08 [DEBUG] Sending GET https://api.starknet.extended.exchange/api/v1/info/markets?
13:53:10 [INFO] ✅ Execution clients warmed up & NETWORK READY
13:53:10 [INFO] FundingPredictorV2 initialized with BTC Correlation
13:53:10 [INFO] 启动 OI Tracker für 68 Symbole...
13:53:10 [INFO] ✅ OpenInterestTracker started (interval=15.0s)
13:53:10 [INFO] 🌐 Starting WebSocket Manager...
13:53:10 [INFO] 📊 OI Tracker: Starting cycle 1 (68 symbols)
13:53:10 [INFO] 🔌 [lighter] WebSocket manager started
13:53:10 [INFO] 🔌 [x10_account] WebSocket manager started
13:53:10 [INFO] 🔌 [x10_trades] WebSocket manager started
13:53:10 [INFO] 🔌 [x10_funding] WebSocket manager started
13:53:10 [INFO] 🔌 [lighter] Connecting with kwargs: {'close_timeout': 5.0, 'max_size': 4194304, 'ping_interval': 20.0, 'ping_timeout': 10.0}
13:53:10 [INFO] 🔌 [x10_account] Connecting with kwargs: {'close_timeout': 5.0, 'max_size': 4194304, 'ping_interval': 15.0, 'additional_headers': {'X-Api-Key': 'a1c9207f79f0e57ddc454bf1e16dbe49', 'User-Agent': 'X10PythonTradingClient/0.4.5'}}
13:53:10 [INFO] 🔌 [x10_trades] Connecting with kwargs: {'close_timeout': 5.0, 'max_size': 4194304, 'ping_interval': 15.0, 'additional_headers': {'X-Api-Key': 'a1c9207f79f0e57ddc454bf1e16dbe49', 'User-Agent': 'X10PythonTradingClient/0.4.5'}}
13:53:10 [INFO] 🔌 [x10_funding] Connecting with kwargs: {'close_timeout': 5.0, 'max_size': 4194304, 'ping_interval': 15.0, 'additional_headers': {'X-Api-Key': 'a1c9207f79f0e57ddc454bf1e16dbe49', 'User-Agent': 'X10PythonTradingClient/0.4.5'}}
13:53:10 [INFO] ✅ WebSocketManager started (Lighter + X10 Account/Trades/Funding)
13:53:11 [DEBUG] ✅ ONDO-USD: X10=$92,220, Lighter=$1,920,081, Total=$2,012,301
13:53:12 [INFO] ✅ [x10_account] Connected to wss://api.starknet.extended.exchange/stream.extended.exchange/v1/account
13:53:12 [INFO] ✅ [x10_account] Keepalive enabled: ping_interval=15.0s, ping_timeout=None (auto-pong)
13:53:12 [INFO] [x10_account] Receive loop started (async iterator)
13:53:12 [DEBUG] 💓 [x10_account] Heartbeat started (stale_threshold=180.0s)
13:53:12 [INFO] ✅ [x10_funding] Connected to wss://api.starknet.extended.exchange/stream.extended.exchange/v1/funding
13:53:12 [INFO] ✅ [x10_funding] Keepalive enabled: ping_interval=15.0s, ping_timeout=None (auto-pong)
13:53:12 [INFO] [x10_funding] Receive loop started (async iterator)
13:53:12 [DEBUG] 💓 [x10_funding] Heartbeat started (stale_threshold=300.0s)
13:53:12 [INFO] ✅ [x10_trades] Connected to wss://api.starknet.extended.exchange/stream.extended.exchange/v1/publicTrades
13:53:12 [INFO] ✅ [x10_trades] Keepalive enabled: ping_interval=15.0s, ping_timeout=None (auto-pong)
13:53:12 [INFO] [x10_trades] Receive loop started (async iterator)
13:53:12 [DEBUG] 💓 [x10_trades] Heartbeat started (stale_threshold=300.0s)
13:53:12 [INFO] ✅ [lighter] Connected to wss://mainnet.zklighter.elliot.ai/stream
13:53:12 [INFO] ✅ [lighter] Keepalive enabled: ping_interval=20.0s, ping_timeout=10.0s
13:53:12 [INFO] [lighter] Resubscribing to 89 channels (paced)...
13:53:12 [INFO] [lighter] Receive loop started (async iterator)
13:53:12 [DEBUG] 💓 [lighter] Heartbeat started (stale_threshold=180.0s)
13:53:12 [DEBUG] [lighter] Subscribed to order_book/30
13:53:12 [DEBUG] [lighter] Subscribed to trade/30
13:53:12 [DEBUG] [lighter] Subscribed to order_book/83
13:53:12 [DEBUG] [lighter] Subscribed to trade/83
13:53:12 [DEBUG] [lighter] Subscribed to order_book/67
13:53:12 [DEBUG] [lighter] Subscribed to trade/67
13:53:12 [DEBUG] [lighter] Resubscribed 10/89 channels
13:53:12 [DEBUG] [lighter] Subscribed to order_book/11
13:53:12 [DEBUG] [lighter] Subscribed to trade/11
13:53:12 [DEBUG] [lighter] Subscribed to order_book/45
13:53:12 [DEBUG] [lighter] Subscribed to trade/45
13:53:12 [DEBUG] [lighter] Subscribed to order_book/63
13:53:12 [DEBUG] [lighter] Subscribed to trade/63
13:53:12 [DEBUG] [lighter] Resubscribed 20/89 channels
13:53:12 [DEBUG] [lighter] Subscribed to order_book/8
13:53:12 [DEBUG] [lighter] Subscribed to trade/8
13:53:12 [DEBUG] [lighter] Subscribed to order_book/26
13:53:12 [DEBUG] [lighter] Subscribed to trade/26
13:53:12 [DEBUG] [lighter] Subscribed to order_book/86
13:53:12 [DEBUG] [lighter] Subscribed to trade/86
13:53:12 [DEBUG] [lighter] Resubscribed 30/89 channels
13:53:12 [DEBUG] [lighter] Subscribed to order_book/37
13:53:12 [DEBUG] [lighter] Subscribed to trade/37
13:53:12 [DEBUG] [lighter] Subscribed to order_book/76
13:53:12 [DEBUG] [lighter] Subscribed to trade/76
13:53:12 [DEBUG] [lighter] Subscribed to order_book/89
13:53:12 [DEBUG] [lighter] Subscribed to trade/89
13:53:12 [DEBUG] [lighter] Subscribed to order_book/42
13:53:12 [DEBUG] [lighter] Subscribed to trade/42
13:53:12 [DEBUG] [lighter] Resubscribed 40/89 channels
13:53:12 [DEBUG] [lighter] Subscribed to order_book/40
13:53:12 [DEBUG] [lighter] Subscribed to trade/40
13:53:12 [DEBUG] [lighter] Subscribed to order_book/12
13:53:12 [DEBUG] [lighter] Subscribed to trade/12
13:53:12 [DEBUG] [lighter] Subscribed to order_book/24
13:53:12 [DEBUG] [lighter] Subscribed to trade/24
13:53:12 [DEBUG] [lighter] Resubscribed 50/89 channels
13:53:12 [DEBUG] [lighter] Subscribed to order_book/5
13:53:12 [DEBUG] [lighter] Subscribed to trade/5
13:53:12 [DEBUG] [lighter] Subscribed to order_book/71
13:53:12 [DEBUG] [lighter] Subscribed to trade/71
13:53:12 [DEBUG] [lighter] Subscribed to order_book/9
13:53:12 [DEBUG] [lighter] Subscribed to trade/9
13:53:12 [DEBUG] [lighter] Subscribed to order_book/60
13:53:12 [DEBUG] [lighter] Subscribed to trade/60
13:53:12 [DEBUG] [lighter] Resubscribed 60/89 channels
13:53:12 [DEBUG] [lighter] Subscribed to order_book/35
13:53:12 [DEBUG] [lighter] Subscribed to trade/35
13:53:12 [DEBUG] [lighter] Subscribed to order_book/10
13:53:12 [DEBUG] [lighter] Subscribed to trade/10
13:53:12 [DEBUG] [lighter] Subscribed to order_book/23
13:53:12 [DEBUG] [lighter] Subscribed to trade/23
13:53:12 [INFO] [x10] Connected to Firehose streams (Trades & Funding) for all markets.
13:53:12 [INFO] 🔗 Components Wired: WS -> OI Tracker -> Prediction
13:53:12 [INFO] 🧟 Starte Zombie-Check: Vergleiche DB mit echten Positionen...
13:53:12 [INFO] 🔍 DB meldet 3 offene Trades. Prüfe Exchange...
13:53:12 [DEBUG] Sending GET https://api.starknet.extended.exchange/api/v1/user/positions?
13:53:12 [DEBUG] [lighter] Resubscribed 70/89 channels
13:53:13 [DEBUG] [lighter] Resubscribed 80/89 channels
13:53:13 [INFO] [lighter] Resubscribed to 89 channels
13:53:13 [DEBUG] ✅ TRX-USD: X10=$490,495, Lighter=$6,770,380, Total=$7,260,875
13:53:14 [INFO] Lighter: Found 0 open positions
13:53:14 [INFO] 🌍 Echte Positionen auf Exchanges: []
13:53:14 [WARNING] ⚠️  ZOMBIE GEFUNDEN: RESOLV-USD ist in DB offen, aber nicht auf Exchange. Schließe ihn...
13:53:14 [INFO] ✅ Trade RESOLV-USD closed (PnL: $0.00)
13:53:14 [WARNING] ⚠️  ZOMBIE GEFUNDEN: ZEC-USD ist in DB offen, aber nicht auf Exchange. Schließe ihn...
13:53:14 [INFO] ✅ Trade ZEC-USD closed (PnL: $0.00)
13:53:14 [WARNING] ⚠️  ZOMBIE GEFUNDEN: LINEA-USD ist in DB offen, aber nicht auf Exchange. Schließe ihn...
13:53:14 [INFO] ✅ Trade LINEA-USD closed (PnL: $0.00)
13:53:14 [INFO] 🧟 Reverse Ghost Check: Suche Positionen auf Exchange ohne DB Entry...
13:53:14 [DEBUG] Sending GET https://api.starknet.extended.exchange/api/v1/user/positions?
13:53:14 [DEBUG] 📝 Flushed 1 writes
13:53:14 [DEBUG] 📝 Flushed 1 writes in 15.0ms
13:53:15 [DEBUG] [x10_trades] Firehose stream - no subscription needed
13:53:15 [DEBUG] [x10_funding] Firehose stream - no subscription needed
13:53:15 [DEBUG] ✅ WLFI-USD: X10=$814,361, Lighter=$27,393,042, Total=$28,207,402
13:53:15 [DEBUG] 📝 Flushed 1 writes in 0.0ms
13:53:16 [DEBUG] 📝 Flushed 2 writes
13:53:16 [DEBUG] 📝 Flushed 1 writes in 0.0ms
13:53:16 [INFO] Lighter: Found 0 open positions
13:53:16 [INFO] ✅ No orphaned positions found
13:53:16 [INFO] ✅ ParallelExecutionManager: Rollback processor started
13:53:16 [INFO] ✅ ParallelExecutionManager started
13:53:16 [DEBUG] Registered task: logic_loop (priority=HIGH)
13:53:16 [DEBUG] Registered task: trade_management_loop (priority=HIGH)
13:53:16 [DEBUG] Registered task: farm_loop (priority=NORMAL)
13:53:16 [DEBUG] Registered task: maintenance_loop (priority=LOW)
13:53:16 [DEBUG] Registered task: cleanup_finished_tasks (priority=LOW)
13:53:16 [DEBUG] Registered task: health_reporter (priority=LOW)
13:53:16 [DEBUG] Registered task: connection_watchdog (priority=CRITICAL)
13:53:16 [INFO] ═══════════════════════════════════════════════════════════
13:53:16 [INFO]    BOT V5 RUNNING 24/7 - SUPERVISED | Ctrl+C = Stop   
13:53:16 [INFO] ═══════════════════════════════════════════════════════════
13:53:16 [INFO] 🚀 BotEventLoop starting...
13:53:16 [INFO] ▶️ Started task: connection_watchdog
13:53:16 [INFO] ▶️ Started task: logic_loop
13:53:16 [INFO] ▶️ Started task: trade_management_loop
13:53:16 [INFO] ▶️ Started task: farm_loop
13:53:16 [INFO] ▶️ Started task: maintenance_loop
13:53:16 [INFO] ▶️ Started task: cleanup_finished_tasks
13:53:16 [INFO] ▶️ Started task: health_reporter
13:53:16 [INFO] ✅ Started 7 tasks
13:53:16 [INFO] 🔄 Rollback processor running...
13:53:16 [INFO] 🐕 Connection Watchdog gestartet (Timeout: 120s)
13:53:16 [INFO] Logic Loop gestartet – REFRESH alle 3s
13:53:16 [INFO] ⚡ Latency Arb Detector initialized (threshold: 5.0s)
13:53:16 [INFO] 🔍 🚜 FARM Scanning 68 pairs. Open symbols to skip: set()
13:53:16 [DEBUG] Price cache status: X10=68/68, Lighter=67/68
13:53:16 [INFO] 🔍 Scanning 68 pairs. Lighter markets: 116, X10 markets: 91
13:53:16 [INFO] 🛡️ Trade Management Loop gestartet
13:53:16 [INFO] 🚜 Farm Mode ACTIVE
13:53:16 [DEBUG] Sending GET https://api.starknet.extended.exchange/api/v1/user/balance
13:53:16 [DEBUG] 📊 X10 Funding Cache refresh (current=91)
13:53:16 [DEBUG] Sending GET https://api.starknet.extended.exchange/api/v1/info/markets?
13:53:17 [DEBUG] MKR-USD: Missing prices (X=1663.9, L=None)
13:53:17 [INFO] ⚠️ No prediction opportunities, using fallback logic...
13:53:17 [INFO]  Volatility Monitor initialized: Low<3.0%, Normal<10.0%, High<20.0%, Hard Cap<50.0%
13:53:17 [INFO] 🔍 DEBUG KAITO-USD: rl=0.00001200, rx=-0.00005200, net=0.00006400, apy=56.1%
13:53:17 [INFO] 💎 KAITO-USD | APY: 56.1%
13:53:17 [INFO] 🔍 DEBUG TRUMP-USD: rl=0.00001200, rx=-0.00004600, net=0.00005800, apy=50.8%
13:53:17 [INFO] 💎 TRUMP-USD | APY: 50.8%
13:53:17 [INFO] 🔍 DEBUG MON-USD: rl=-0.00009000, rx=0.00000600, net=-0.00009600, apy=84.1%
13:53:17 [INFO] 💎 MON-USD | APY: 84.1%
13:53:17 [INFO] 🔍 DEBUG ZORA-USD: rl=0.00001200, rx=-0.00012300, net=0.00013500, apy=118.3%
13:53:17 [INFO] 💎 ZORA-USD | APY: 118.3%
13:53:17 [INFO] 🔍 DEBUG AVNT-USD: rl=0.00001200, rx=-0.00004800, net=0.00006000, apy=52.6%
13:53:17 [INFO] 💎 AVNT-USD | APY: 52.6%
13:53:17 [INFO] 🔍 DEBUG RESOLV-USD: rl=-0.00007600, rx=-0.00026200, net=0.00018600, apy=162.9%
13:53:17 [INFO] 💎 RESOLV-USD | APY: 162.9%
13:53:17 [INFO] 🔍 DEBUG VIRTUAL-USD: rl=0.00001200, rx=-0.00007100, net=0.00008300, apy=72.7%
13:53:17 [INFO] 💎 VIRTUAL-USD | APY: 72.7%
13:53:17 [INFO] 🔍 DEBUG AAVE-USD: rl=0.00007500, rx=0.00001300, net=0.00006200, apy=54.3%
13:53:17 [INFO] 💎 AAVE-USD | APY: 54.3%
13:53:17 [DEBUG] ⛔ Skip XAU-USD: TradFi/FX
13:53:17 [INFO] 🔍 DEBUG XRP-USD: rl=0.00016100, rx=0.00001200, net=0.00014900, apy=130.5%
13:53:17 [INFO] 💎 XRP-USD | APY: 130.5%
13:53:17 [DEBUG] ⛔ Skip XAG-USD: TradFi/FX
13:53:17 [INFO] 🔍 DEBUG ZEC-USD: rl=0.00029100, rx=0.00001300, net=0.00027800, apy=243.5%
13:53:17 [INFO] 💎 ZEC-USD | APY: 243.5%
13:53:17 [DEBUG] Skip APEX-USD: Spread 0.36% too high
13:53:17 [INFO] 🔍 DEBUG LINEA-USD: rl=0.00001200, rx=-0.00006500, net=0.00007700, apy=67.5%
13:53:17 [INFO] 💎 LINEA-USD | APY: 67.5%
13:53:17 [DEBUG] ⛔ Skip SPX-USD: TradFi/FX
13:53:17 [INFO] ✅ Found 27 opportunities from 64 valid pairs (farm_mode=True, scanned=68)
13:53:17 [INFO] 🎯 Found 3 opportunities, executing best...
13:53:17 [DEBUG] Sending GET https://api.starknet.extended.exchange/api/v1/user/balance
13:53:17 [DEBUG] ✅ STRK-USD: X10=$181,542, Lighter=$5,948,032, Total=$6,129,574
13:53:17 [DEBUG] Lighter Balance: Raw=$291.19, Safe=$276.63
13:53:17 [INFO] 🚜 Opening FARM: WLFI-USD APY=45.6%
13:53:17 [DEBUG] Sending GET https://api.starknet.extended.exchange/api/v1/user/positions?
13:53:18 [DEBUG] Lighter Balance: Raw=$291.19, Safe=$276.63
13:53:18 [INFO] X10: Detected balance = $298.60
13:53:18 [INFO] 🚀 Launching 2 trades (Slots available: 2)
13:53:18 [DEBUG] Sending GET https://api.starknet.extended.exchange/api/v1/user/positions?
13:53:18 [INFO] Lighter: Found 0 open positions
13:53:18 [DEBUG] ✅ WLFI-USD verified: No existing positions on exchanges
13:53:18 [DEBUG] 🧠 WLFI-USD: Prediction conf=0.50, delta=-0.000044
13:53:18 [DEBUG] MIN_NOTIONAL WLFI-USD: min_base=25.00000000 coins, price=$0.1572, min_qty_usd=$3.93, min_notional_api=$10.00, final=$11.00
13:53:18 [DEBUG] Sending GET https://api.starknet.extended.exchange/api/v1/user/balance
13:53:18 [DEBUG] ✅ BNB-USD: X10=$1,514,886, Lighter=$17,472, Total=$1,532,358
13:53:19 [INFO] 🎲 KellyPositionSizer initialized (Safety=0.25, MaxFraction=0.1)
13:53:19 [INFO] 🎰 KELLY WLFI-USD: win_rate=60.0%, kelly_fraction=0.2000, safe_fraction=0.0275, confidence=LOW, samples=0
13:53:19 [INFO] 📊 KELLY SIZE WLFI-USD: base=$30.0, kelly_recommended=$7.6, final=$30.0
13:53:19 [INFO] 🚀 Opening WLFI-USD: Size=$30.0 (Min=$16.5)
13:53:19 [INFO] 🔄 [PARALLEL] WLFI-USD: Lighter POST-ONLY first
13:53:19 [INFO] 🚀 LIGHTER OPEN WLFI-USD: side=SELL, size_usd=$30.00, price=$0.157230
13:53:19 [DEBUG] 🔍 DEBUG: WLFI-USD market_id = 72 (raw=72, type=<class 'int'>)
13:53:19 [DEBUG] QUANTIZE WLFI-USD: USD=30.00, coins=190.803282, raw=1908, lot_size=250, final=1750
13:53:19 [INFO] 🔄 [PARALLEL] WLFI-USD: X10 MARKET order
13:53:19 [DEBUG] Create Order Tx Info: {"AccountIndex":60113,"ApiKeyIndex":3,"MarketIndex":72,"ClientOrderIndex":1764852822610,"BaseAmount":1750,"Price":15628,"IsAsk":1,"Type":0,"TimeInForce":1,"ReduceOnly":0,"TriggerPrice":0,"OrderExpiry":1767271999022,"ExpiredAt":1764853398022,"Nonce":2443,"Sig":"tElQmJGb/cPIV5N1HJqhWH2cwCPxa6nqJY1g8sfvWpR6jdFqtp2HNHiD/96pvvH5m8s4vfQzNjSXZTFS4KYAQf7lhmpdfQTLkszr6s4t3X0="}
13:53:19 [DEBUG] Sending GET https://api.starknet.extended.exchange/api/v1/info/markets?
13:53:19 [INFO] Lighter: Found 0 open positions
13:53:19 [INFO] 💰 Balance: X10=$298.6 (free=$264.1), Lit=$276.6 (free=$242.1) | DB_Trades=0, Real_Positions=0, Locked=$0/ex
13:53:19 [INFO] 🚀 Launching trade for ZEC-USD (APY=243.5%)
13:53:19 [DEBUG] Sending GET https://api.starknet.extended.exchange/api/v1/user/positions?
13:53:19 [INFO]  X10: 91 Märkte geladen, 91 Funding Rates, 82 Preise
13:53:19 [DEBUG] X10: Funding Refresh OK, cache=91
13:53:19 [DEBUG] 📊 Lighter Funding Cache refresh (current=116)
13:53:19 [DEBUG] Create Order Send Tx Response: code=200 message='{"ratelimit": "didn\'t use volume quota"}' tx_hash='63511fd095e73daa55462537490b72106a0ca664db1c3db7aef96625875c382aebf52dedf1b7088f' predicted_execution_time_ms=1764852791324 additional_properties={}
13:53:19 [INFO] Lighter Order: 63511fd095e73daa55462537490b72106a0ca664db1c3db7aef96625875c382aebf52dedf1b7088f
13:53:19 [DEBUG] Lighter: Loaded 383 funding rates
13:53:19 [INFO] 🚀 Launching trade for RESOLV-USD (APY=162.9%)
13:53:19 [DEBUG] Sending GET https://api.starknet.extended.exchange/api/v1/user/positions?
13:53:19 [DEBUG] Placing an order: id=1981933685579312267931271883018676303009154927939191954113858583766314551349
13:53:19 [DEBUG] Sending POST https://api.starknet.extended.exchange/api/v1/user/order, headers={<RequestHeader.ACCEPT: 'Accept'>: 'application/json', <RequestHeader.CONTENT_TYPE: 'Content-Type'>: 'application/json', <RequestHeader.USER_AGENT: 'User-Agent'>: 'X10PythonTradingClient/0.0.17', <RequestHeader.API_KEY: 'X-Api-Key'>: 'a1c9207f79f0e57ddc454bf1e16dbe49'}
13:53:19 [INFO] Lighter: Found 1 open positions
13:53:19 [DEBUG] ✅ ZEC-USD verified: No existing positions on exchanges
13:53:19 [DEBUG] 🧠 ZEC-USD: Prediction conf=0.50, delta=-0.000236
13:53:19 [DEBUG] MIN_NOTIONAL ZEC-USD: min_base=0.10000000 coins, price=$364.5100, min_qty_usd=$36.45, min_notional_api=$10.00, final=$40.10
13:53:19 [DEBUG] Sending GET https://api.starknet.extended.exchange/api/v1/user/balance
13:53:20 [INFO] ✅ Launched 2 trade tasks this cycle
13:53:20 [INFO] Lighter: Found 1 open positions
13:53:20 [DEBUG] ✅ RESOLV-USD verified: No existing positions on exchanges
13:53:20 [DEBUG] 🧠 RESOLV-USD: Prediction conf=0.50, delta=-0.000158
13:53:20 [DEBUG] MIN_NOTIONAL RESOLV-USD: min_base=40.00000000 coins, price=$0.0773, min_qty_usd=$3.09, min_notional_api=$10.00, final=$11.00
13:53:20 [DEBUG] Lighter: Loaded 115 prices via REST
13:53:20 [DEBUG] Lighter: Funding Refresh OK, cache=116
13:53:20 [DEBUG] 📊 OI→Pred ONDO-USD: OI=$2,012,301, Velocity=0.00, Trend=UNKNOWN
13:53:20 [DEBUG] 📊 OI→Pred TRX-USD: OI=$7,260,875, Velocity=0.00, Trend=UNKNOWN
13:53:20 [DEBUG] 📊 OI→Pred WLFI-USD: OI=$28,207,402, Velocity=0.00, Trend=UNKNOWN
13:53:20 [DEBUG] 📊 OI→Pred STRK-USD: OI=$6,129,574, Velocity=0.00, Trend=UNKNOWN
13:53:20 [DEBUG] 📊 OI→Pred BNB-USD: OI=$1,532,358, Velocity=0.00, Trend=UNKNOWN
13:53:20 [INFO] 🔍 Running periodic exchange sync check...
13:53:20 [INFO] 🔍 Starting Exchange Sync Check...
13:53:20 [DEBUG] Sending GET https://api.starknet.extended.exchange/api/v1/user/positions?
13:53:20 [INFO]  X10 Order: 1996563437836582912
13:53:20 [INFO] ✅ [PARALLEL] WLFI-USD: Both legs filled in 1937ms
13:53:20 [DEBUG] 📝 Trade added to state: WLFI-USD
13:53:20 [DEBUG] FeeManager: Using X10 schedule fee: 0.000225 (maker=False, source=api)
13:53:20 [INFO] ✅ OPENED WLFI-USD: $30.00 | Entry Fees (est.): $0.0067
13:53:20 [DEBUG] 📝 Flushed 1 writes
13:53:20 [DEBUG] 📝 Flushed 1 writes in 0.0ms
13:53:21 [DEBUG] Lighter Balance: Raw=$291.18, Safe=$276.62
13:53:21 [INFO] 🎰 KELLY ZEC-USD: win_rate=60.0%, kelly_fraction=0.2000, safe_fraction=0.0325, confidence=LOW, samples=0
13:53:21 [INFO] 📊 KELLY SIZE ZEC-USD: base=$30.0, kelly_recommended=$8.0, final=$40.1
13:53:21 [DEBUG] Sending GET https://api.starknet.extended.exchange/api/v1/user/balance
13:53:21 [INFO] 🎰 KELLY RESOLV-USD: win_rate=60.0%, kelly_fraction=0.2000, safe_fraction=0.0325, confidence=LOW, samples=0
13:53:21 [INFO] 📊 KELLY SIZE RESOLV-USD: base=$30.0, kelly_recommended=$8.0, final=$30.0
13:53:21 [DEBUG] 🧹 Cleaned task: WLFI-USD
13:53:21 [INFO] 🚀 Opening ZEC-USD: Size=$40.1 (Min=$40.1)
13:53:21 [INFO] 🔄 [PARALLEL] ZEC-USD: Lighter POST-ONLY first
13:53:21 [INFO] 🚀 Opening RESOLV-USD: Size=$30.0 (Min=$11.0)
13:53:21 [INFO] 🔄 [PARALLEL] RESOLV-USD: Lighter POST-ONLY first
13:53:21 [INFO] 🚀 LIGHTER OPEN ZEC-USD: side=SELL, size_usd=$40.10, price=$364.510000
13:53:21 [DEBUG] 🔍 DEBUG: ZEC-USD market_id = 90 (raw=90, type=<class 'int'>)
13:53:21 [DEBUG] QUANTIZE ZEC-USD: USD=40.10, coins=0.110000, raw=110, lot_size=100, final=100
13:53:21 [INFO] 🔄 [PARALLEL] ZEC-USD: X10 MARKET order
13:53:21 [INFO] 🔄 [PARALLEL] RESOLV-USD: X10 MARKET order
13:53:21 [DEBUG] Create Order Tx Info: {"AccountIndex":60113,"ApiKeyIndex":3,"MarketIndex":90,"ClientOrderIndex":1764852882428,"BaseAmount":100,"Price":362322,"IsAsk":1,"Type":0,"TimeInForce":1,"ReduceOnly":0,"TriggerPrice":0,"OrderExpiry":1767272001432,"ExpiredAt":1764853400432,"Nonce":2444,"Sig":"cUF4iE5zjrdk4DcDWu6gx5vix8bh2buk5V7yc1uokUHpHDz3QF9fDfQR1lDNSKCSFPDP5a45vN7c0ZXEAVlSKtVJWDKsRPj5F8526gzgflM="}
13:53:21 [INFO] 🚀 LIGHTER OPEN RESOLV-USD: side=SELL, size_usd=$30.00, price=$0.077344
13:53:21 [DEBUG] 🔍 DEBUG: RESOLV-USD market_id = 51 (raw=51, type=<class 'int'>)
13:53:21 [DEBUG] QUANTIZE RESOLV-USD: USD=30.00, coins=387.877534, raw=388, lot_size=40, final=360
13:53:21 [DEBUG] Create Order Tx Info: {"AccountIndex":60113,"ApiKeyIndex":3,"MarketIndex":51,"ClientOrderIndex":1764852828627,"BaseAmount":360,"Price":76879,"IsAsk":1,"Type":0,"TimeInForce":1,"ReduceOnly":0,"TriggerPrice":0,"OrderExpiry":1767272001456,"ExpiredAt":1764853400456,"Nonce":2445,"Sig":"yRcCkI4o3R85oind+5M+1QL4RaxUP/KZ1HAQPHtEHWiZASk7OWG3NO67y8MbSGQgILkSm5gJ9hbI6dozcDzfcQdCHue2K8kexBaRgTdo8kU="}
13:53:21 [DEBUG] Placing an order: id=959250066862079641794219583939485091846678008976635720410887991102949759113
13:53:21 [DEBUG] Sending POST https://api.starknet.extended.exchange/api/v1/user/order, headers={<RequestHeader.ACCEPT: 'Accept'>: 'application/json', <RequestHeader.CONTENT_TYPE: 'Content-Type'>: 'application/json', <RequestHeader.USER_AGENT: 'User-Agent'>: 'X10PythonTradingClient/0.0.17', <RequestHeader.API_KEY: 'X-Api-Key'>: 'a1c9207f79f0e57ddc454bf1e16dbe49'}
13:53:21 [DEBUG] Placing an order: id=1589154915134668688897150838897237889374334600452694847624192442074427666624
13:53:21 [DEBUG] Sending POST https://api.starknet.extended.exchange/api/v1/user/order, headers={<RequestHeader.ACCEPT: 'Accept'>: 'application/json', <RequestHeader.CONTENT_TYPE: 'Content-Type'>: 'application/json', <RequestHeader.USER_AGENT: 'User-Agent'>: 'X10PythonTradingClient/0.0.17', <RequestHeader.API_KEY: 'X-Api-Key'>: 'a1c9207f79f0e57ddc454bf1e16dbe49'}
13:53:21 [INFO] Lighter: Found 1 open positions
13:53:21 [ERROR] 🚨 DESYNC DETECTED: Positions only on Lighter: ['WLFI-USD']
13:53:21 [ERROR] ⚠️ These are UNHEDGED and create directional risk!
13:53:21 [WARNING] 🔻 Closing orphaned Lighter position: WLFI-USD
13:53:21 [INFO] 🔍 DEBUG close_live_position ENTRY: symbol=WLFI-USD (type=<class 'str'>)
13:53:21 [INFO] 🔍 DEBUG: original_side=SELL (type=<class 'str'>)
13:53:21 [INFO] 🔍 DEBUG: notional_usd=27.5275 (type=<class 'float'>)
13:53:21 [DEBUG] Create Order Send Tx Response: code=200 message='{"ratelimit": "didn\'t use volume quota"}' tx_hash='f904bc8ced633564eafc5e363184edf246f0bc411a3c371bd1450d508641a1523eb566a789478b84' predicted_execution_time_ms=1764852793710 additional_properties={}
13:53:21 [INFO] Lighter Order: f904bc8ced633564eafc5e363184edf246f0bc411a3c371bd1450d508641a1523eb566a789478b84
13:53:21 [DEBUG] Fetching fresh positions (force=False, cache_age=1764852801.8s)
13:53:21 [DEBUG] Sending GET https://api.starknet.extended.exchange/api/v1/user/positions?
13:53:21 [INFO]  X10 Order: 1996563441372762112
13:53:21 [INFO] ✅ [PARALLEL] ZEC-USD: Both legs filled in 375ms
13:53:21 [DEBUG] 📝 Trade added to state: ZEC-USD
13:53:21 [DEBUG] FeeManager: Using X10 schedule fee: 0.000225 (maker=False, source=api)
13:53:21 [INFO] ✅ OPENED ZEC-USD: $40.10 | Entry Fees (est.): $0.0090
13:53:22 [DEBUG] 💓 [x10_account] Alive (uptime=10s, last_msg=0s ago, msgs=13)
13:53:22 [INFO] Lighter: Found 2 open positions
13:53:22 [INFO] 🔻 LIGHTER CLOSE WLFI-USD: size=-175.000000 coins, side=BUY, price=$0.1573, notional=$27.53
13:53:22 [INFO] 🚀 LIGHTER OPEN WLFI-USD: side=BUY, size_usd=$27.53, price=$0.157310
13:53:22 [DEBUG] 🔍 DEBUG: WLFI-USD market_id = 72 (raw=72, type=<class 'int'>)
13:53:22 [DEBUG] QUANTIZE WLFI-USD: USD=27.53, coins=175.000000, raw=1750, lot_size=250, final=1750
13:53:22 [DEBUG] Create Order Tx Info: {"AccountIndex":60113,"ApiKeyIndex":3,"MarketIndex":72,"ClientOrderIndex":1764852839646,"BaseAmount":1750,"Price":15826,"IsAsk":0,"Type":0,"TimeInForce":1,"ReduceOnly":1,"TriggerPrice":0,"OrderExpiry":1767272002127,"ExpiredAt":1764853401127,"Nonce":2446,"Sig":"JG3/zodFFbIGNfF5VCwIacbESHuuW4hw2wnC2WTh35esUtKjrfuvNZYXX/Hthc/NYpPXyvgPHS+8RcHkqxK5mYfPyiK3gUdVPL6ab0dRRkM="}
13:53:22 [DEBUG] 💓 [x10_trades] Alive (uptime=10s, last_msg=0s ago, msgs=25)
13:53:22 [DEBUG] 💓 [lighter] Alive (uptime=10s, last_msg=0s ago, msgs=10209)
13:53:22 [INFO] Lighter: Found 2 open positions
13:53:22 [INFO] 📊 Positions: X10=2, Lighter=2
13:53:22 [DEBUG] X10 positions: ['ZEC-USD', 'WLFI-USD']
13:53:22 [DEBUG] Lighter positions: ['WLFI-USD', 'ZEC-USD']
13:53:22 [INFO] 🔍 DEBUG WLFI-USD: entry_time type=<class 'str'>, value=2025-12-04T12:53:20.946050+00:00
13:53:22 [DEBUG] Check WLFI-USD: Age=1.3s (Limit=2700s)
13:53:22 [DEBUG] FeeManager: Using X10 schedule fee: 0.0 (maker=True, source=api)
13:53:22 [DEBUG] FeeManager: Using X10 schedule fee: 0.000225 (maker=False, source=api)
13:53:22 [INFO] 🔍 FeeManager Stats: enabled=True, X10(source=api, maker=0.000000, taker=0.000225), Lighter(source=config, maker=0.000000, taker=0.000000)
13:53:22 [DEBUG] FeeManager: Using X10 schedule fee: 0.000225 (maker=False, source=api)
13:53:22 [DEBUG] FeeManager: Using X10 schedule fee: 0.000225 (maker=False, source=api)
13:53:22 [DEBUG] FeeManager: Using X10 schedule fee: 0.000225 (maker=False, source=api)
13:53:22 [DEBUG] FeeManager: Using X10 schedule fee: 0.000225 (maker=False, source=api)
13:53:22 [DEBUG] Starting new HTTPS connection (1): mainnet.zklighter.elliot.ai:443
13:53:23 [DEBUG] https://mainnet.zklighter.elliot.ai:443 "GET /api/v1/nextNonce?account_index=60113&api_key_index=3 HTTP/1.1" 200 25
13:53:23 [INFO]  X10 Order: 1996563445349494784
13:53:23 [DEBUG] ✅ KAITO-USD: X10=$407,365, Lighter=$1,737,619, Total=$2,144,984
13:53:23 [DEBUG] Create Order Send Tx Response: code=200 message='{"ratelimit": "didn\'t use volume quota"}' tx_hash='b66cc94194b5d127c92f7bf85dc51fe52cddff860b665251e4ad32903d102cc230a230cb6c2d7f24' predicted_execution_time_ms=1764852794640 additional_properties={}
13:53:23 [INFO] Lighter Order: b66cc94194b5d127c92f7bf85dc51fe52cddff860b665251e4ad32903d102cc230a230cb6c2d7f24
13:53:23 [INFO] 🔍 🚜 FARM Scanning 68 pairs. Open symbols to skip: {'ZEC-USD', 'WLFI-USD'}
13:53:23 [DEBUG] Price cache status: X10=68/68, Lighter=67/68
13:53:23 [INFO] 🔍 Scanning 68 pairs. Lighter markets: 116, X10 markets: 91
13:53:23 [DEBUG] Using cached positions (age: 1.9s)
13:53:23 [INFO] 🔍 DEBUG ZEC-USD: entry_time type=<class 'str'>, value=2025-12-04T12:53:21.780016+00:00
13:53:23 [DEBUG] Check ZEC-USD: Age=1.9s (Limit=2700s)
13:53:23 [DEBUG] FeeManager: Using X10 schedule fee: 0.0 (maker=True, source=api)
13:53:23 [DEBUG] FeeManager: Using X10 schedule fee: 0.000225 (maker=False, source=api)
13:53:23 [INFO] 🔍 FeeManager Stats: enabled=True, X10(source=api, maker=0.000000, taker=0.000225), Lighter(source=config, maker=0.000000, taker=0.000000)
13:53:23 [DEBUG] FeeManager: Using X10 schedule fee: 0.000225 (maker=False, source=api)
13:53:23 [DEBUG] FeeManager: Using X10 schedule fee: 0.000225 (maker=False, source=api)
13:53:23 [DEBUG] FeeManager: Using X10 schedule fee: 0.000225 (maker=False, source=api)
13:53:23 [DEBUG] FeeManager: Using X10 schedule fee: 0.000225 (maker=False, source=api)
13:53:23 [INFO] 🔍 DEBUG WLFI-USD: entry_time type=<class 'str'>, value=2025-12-04T12:53:20.946050+00:00
13:53:23 [DEBUG] Check WLFI-USD: Age=2.7s (Limit=2700s)
13:53:23 [DEBUG] FeeManager: Using X10 schedule fee: 0.0 (maker=True, source=api)
13:53:23 [DEBUG] FeeManager: Using X10 schedule fee: 0.000225 (maker=False, source=api)
13:53:23 [INFO] 🔍 FeeManager Stats: enabled=True, X10(source=api, maker=0.000000, taker=0.000225), Lighter(source=config, maker=0.000000, taker=0.000000)
13:53:23 [DEBUG] FeeManager: Using X10 schedule fee: 0.000225 (maker=False, source=api)
13:53:23 [DEBUG] FeeManager: Using X10 schedule fee: 0.000225 (maker=False, source=api)
13:53:23 [DEBUG] FeeManager: Using X10 schedule fee: 0.000225 (maker=False, source=api)
13:53:23 [DEBUG] FeeManager: Using X10 schedule fee: 0.000225 (maker=False, source=api)
13:53:23 [INFO] ✅ [PARALLEL] RESOLV-USD: Both legs filled in 2281ms
13:53:23 [DEBUG] 📝 Trade added to state: RESOLV-USD
13:53:23 [DEBUG] FeeManager: Using X10 schedule fee: 0.000225 (maker=False, source=api)
13:53:23 [INFO] ✅ OPENED RESOLV-USD: $30.00 | Entry Fees (est.): $0.0067
13:53:23 [DEBUG] 📝 Flushed 1 writes
13:53:23 [DEBUG] 📝 Flushed 1 writes in 16.0ms
13:53:23 [DEBUG] Create Order Tx Info: {"AccountIndex":60113,"ApiKeyIndex":3,"MarketIndex":72,"ClientOrderIndex":1764852880881,"BaseAmount":1750,"Price":15826,"IsAsk":0,"Type":0,"TimeInForce":1,"ReduceOnly":1,"TriggerPrice":0,"OrderExpiry":1767272003846,"ExpiredAt":1764853402846,"Nonce":2446,"Sig":"vdJqB8m2tHaSUG8qgvQskFCtpSXvB2aDSsXJXcUA8ZP+qNk3JgjRAzM+8VfeYVMXdvSQy4OE1EBluMP+ocDF+218SGU/26HyDjQHt/iHPmg="}
13:53:23 [DEBUG] MKR-USD: Missing prices (X=1663.9, L=None)
13:53:24 [DEBUG] ⚠️ BTC DUMP: Reduced prediction for ONDO-USD by factor 0.5
13:53:24 [DEBUG] ⚠️ BTC DUMP: Reduced prediction for TRX-USD by factor 0.5
13:53:24 [DEBUG] ⚠️ BTC DUMP: Reduced prediction for STRK-USD by factor 0.5
13:53:24 [DEBUG] ⚠️ BTC DUMP: Reduced prediction for BNB-USD by factor 0.5
13:53:24 [DEBUG] ⚠️ BTC DUMP: Reduced prediction for KAITO-USD by factor 0.5
13:53:24 [DEBUG] ⚠️ BTC DUMP: Reduced prediction for EIGEN-USD by factor 0.5
13:53:24 [DEBUG] ⚠️ BTC DUMP: Reduced prediction for ENA-USD by factor 0.5
13:53:24 [DEBUG] ⚠️ BTC DUMP: Reduced prediction for TRUMP-USD by factor 0.5
13:53:24 [DEBUG] ⚠️ BTC DUMP: Reduced prediction for ARB-USD by factor 0.5
13:53:24 [DEBUG] ⚠️ BTC DUMP: Reduced prediction for IP-USD by factor 0.5
13:53:24 [DEBUG] ⚠️ BTC DUMP: Reduced prediction for GRASS-USD by factor 0.5
13:53:24 [DEBUG] ⚠️ BTC DUMP: Reduced prediction for MON-USD by factor 0.5
13:53:24 [DEBUG] ⚠️ BTC DUMP: Reduced prediction for PENGU-USD by factor 0.5
13:53:24 [DEBUG] ⚠️ BTC DUMP: Reduced prediction for 1000BONK-USD by factor 0.5
13:53:24 [DEBUG] ⚠️ BTC DUMP: Reduced prediction for 1000PEPE-USD by factor 0.5
13:53:24 [DEBUG] ⚠️ BTC DUMP: Reduced prediction for ZORA-USD by factor 0.5
13:53:24 [DEBUG] ⚠️ BTC DUMP: Reduced prediction for BTC-USD by factor 0.5
13:53:24 [DEBUG] ⚠️ BTC DUMP: Reduced prediction for TAO-USD by factor 0.5
13:53:24 [DEBUG] ⚠️ BTC DUMP: Reduced prediction for FARTCOIN-USD by factor 0.5
13:53:24 [DEBUG] ⚠️ BTC DUMP: Reduced prediction for SOL-USD by factor 0.5
13:53:24 [DEBUG] ⚠️ BTC DUMP: Reduced prediction for OP-USD by factor 0.5
13:53:24 [DEBUG] ⚠️ BTC DUMP: Reduced prediction for SUI-USD by factor 0.5
13:53:24 [DEBUG] ⚠️ BTC DUMP: Reduced prediction for BCH-USD by factor 0.5
13:53:24 [DEBUG] ⚠️ BTC DUMP: Reduced prediction for AVNT-USD by factor 0.5
13:53:24 [DEBUG] ⚠️ BTC DUMP: Reduced prediction for RESOLV-USD by factor 0.5
13:53:24 [DEBUG] ⚠️ BTC DUMP: Reduced prediction for 1000SHIB-USD by factor 0.5
13:53:24 [DEBUG] ⚠️ BTC DUMP: Reduced prediction for VIRTUAL-USD by factor 0.5
13:53:24 [DEBUG] ⚠️ BTC DUMP: Reduced prediction for ADA-USD by factor 0.5
13:53:24 [DEBUG] ⚠️ BTC DUMP: Reduced prediction for BERA-USD by factor 0.5
13:53:24 [DEBUG] ⚠️ BTC DUMP: Reduced prediction for LDO-USD by factor 0.5
13:53:24 [DEBUG] ⚠️ BTC DUMP: Reduced prediction for WLD-USD by factor 0.5
13:53:24 [DEBUG] ⚠️ BTC DUMP: Reduced prediction for CRV-USD by factor 0.5
13:53:24 [DEBUG] ⚠️ BTC DUMP: Reduced prediction for AAVE-USD by factor 0.5
13:53:24 [DEBUG] ⚠️ BTC DUMP: Reduced prediction for XAU-USD by factor 0.5
13:53:24 [DEBUG] ⚠️ BTC DUMP: Reduced prediction for APT-USD by factor 0.5
13:53:24 [DEBUG] ⚠️ BTC DUMP: Reduced prediction for FIL-USD by factor 0.5
13:53:24 [DEBUG] ⚠️ BTC DUMP: Reduced prediction for XRP-USD by factor 0.5
13:53:24 [DEBUG] ⚠️ BTC DUMP: Reduced prediction for XAG-USD by factor 0.5
13:53:24 [DEBUG] ⚠️ BTC DUMP: Reduced prediction for DOGE-USD by factor 0.5
13:53:24 [DEBUG] ⚠️ BTC DUMP: Reduced prediction for MKR-USD by factor 0.5
13:53:24 [DEBUG] ⚠️ BTC DUMP: Reduced prediction for SEI-USD by factor 0.5
13:53:24 [DEBUG] ⚠️ BTC DUMP: Reduced prediction for UNI-USD by factor 0.5
13:53:24 [DEBUG] ⚠️ BTC DUMP: Reduced prediction for ASTER-USD by factor 0.5
13:53:24 [DEBUG] ⚠️ BTC DUMP: Reduced prediction for TIA-USD by factor 0.5
13:53:24 [DEBUG] ⚠️ BTC DUMP: Reduced prediction for DOT-USD by factor 0.5
13:53:24 [DEBUG] ⚠️ BTC DUMP: Reduced prediction for PUMP-USD by factor 0.5
13:53:24 [DEBUG] ⚠️ BTC DUMP: Reduced prediction for MNT-USD by factor 0.5
13:53:24 [DEBUG] ⚠️ BTC DUMP: Reduced prediction for LINK-USD by factor 0.5
13:53:24 [DEBUG] ⚠️ BTC DUMP: Reduced prediction for JUP-USD by factor 0.5
13:53:24 [DEBUG] ⚠️ BTC DUMP: Reduced prediction for APEX-USD by factor 0.5
13:53:24 [DEBUG] ⚠️ BTC DUMP: Reduced prediction for PENDLE-USD by factor 0.5
13:53:24 [DEBUG] ⚠️ BTC DUMP: Reduced prediction for LINEA-USD by factor 0.5
13:53:24 [DEBUG] ⚠️ BTC DUMP: Reduced prediction for EDEN-USD by factor 0.5
13:53:24 [DEBUG] ⚠️ BTC DUMP: Reduced prediction for SPX-USD by factor 0.5
13:53:24 [DEBUG] ⚠️ BTC DUMP: Reduced prediction for S-USD by factor 0.5
13:53:24 [DEBUG] ⚠️ BTC DUMP: Reduced prediction for TON-USD by factor 0.5
13:53:24 [DEBUG] ⚠️ BTC DUMP: Reduced prediction for ETH-USD by factor 0.5
13:53:24 [DEBUG] ⚠️ BTC DUMP: Reduced prediction for HYPE-USD by factor 0.5
13:53:24 [DEBUG] ⚠️ BTC DUMP: Reduced prediction for WIF-USD by factor 0.5
13:53:24 [DEBUG] ⚠️ BTC DUMP: Reduced prediction for XPL-USD by factor 0.5
13:53:24 [DEBUG] ⚠️ BTC DUMP: Reduced prediction for AVAX-USD by factor 0.5
13:53:24 [DEBUG] ⚠️ BTC DUMP: Reduced prediction for ZRO-USD by factor 0.5
13:53:24 [DEBUG] ⚠️ BTC DUMP: Reduced prediction for LTC-USD by factor 0.5
13:53:24 [DEBUG] ⚠️ BTC DUMP: Reduced prediction for NEAR-USD by factor 0.5
13:53:24 [DEBUG] ⚠️ BTC DUMP: Reduced prediction for POPCAT-USD by factor 0.5
13:53:24 [INFO] 🧠 Prediction V2: Found 4 ML-ranked opportunities
13:53:24 [INFO] ✅ Returning 4 ML-ranked opportunities
13:53:24 [INFO] 🎯 Found 3 opportunities, executing best...
13:53:24 [DEBUG] Sending GET https://api.starknet.extended.exchange/api/v1/user/balance
13:53:24 [DEBUG] Create Order Send Tx Response: code=200 message='{"ratelimit": "didn\'t use volume quota"}' tx_hash='91b8492f0f0310dda1e3df04bf419235743fadf7c10d73c70b03b0f9ee215e7d4891f602321f025d' predicted_execution_time_ms=1764852796119 additional_properties={}
13:53:24 [INFO] Lighter Order: 91b8492f0f0310dda1e3df04bf419235743fadf7c10d73c70b03b0f9ee215e7d4891f602321f025d
13:53:24 [INFO] ✅ Lighter close WLFI-USD: Erfolgreich ($27.53)
13:53:24 [INFO] ✅ Closed orphaned Lighter WLFI-USD
13:53:24 [DEBUG] Using cached positions (age: 2.9s)
13:53:24 [INFO] 🔍 DEBUG RESOLV-USD: entry_time type=<class 'str'>, value=2025-12-04T12:53:23.700142+00:00
13:53:24 [DEBUG] Check RESOLV-USD: Age=1.0s (Limit=2700s)
13:53:24 [DEBUG] FeeManager: Using X10 schedule fee: 0.0 (maker=True, source=api)
13:53:24 [DEBUG] FeeManager: Using X10 schedule fee: 0.000225 (maker=False, source=api)
13:53:24 [INFO] 🔍 FeeManager Stats: enabled=True, X10(source=api, maker=0.000000, taker=0.000225), Lighter(source=config, maker=0.000000, taker=0.000000)
13:53:24 [DEBUG] FeeManager: Using X10 schedule fee: 0.000225 (maker=False, source=api)
13:53:24 [DEBUG] FeeManager: Using X10 schedule fee: 0.000225 (maker=False, source=api)
13:53:24 [DEBUG] FeeManager: Using X10 schedule fee: 0.000225 (maker=False, source=api)
13:53:24 [DEBUG] FeeManager: Using X10 schedule fee: 0.000225 (maker=False, source=api)
13:53:24 [INFO] 🔍 DEBUG ZEC-USD: entry_time type=<class 'str'>, value=2025-12-04T12:53:21.780016+00:00
13:53:24 [DEBUG] Check ZEC-USD: Age=2.9s (Limit=2700s)
13:53:24 [DEBUG] FeeManager: Using X10 schedule fee: 0.0 (maker=True, source=api)
13:53:24 [DEBUG] FeeManager: Using X10 schedule fee: 0.000225 (maker=False, source=api)
13:53:24 [INFO] 🔍 FeeManager Stats: enabled=True, X10(source=api, maker=0.000000, taker=0.000225), Lighter(source=config, maker=0.000000, taker=0.000000)
13:53:24 [DEBUG] FeeManager: Using X10 schedule fee: 0.000225 (maker=False, source=api)
13:53:24 [DEBUG] FeeManager: Using X10 schedule fee: 0.000225 (maker=False, source=api)
13:53:24 [DEBUG] FeeManager: Using X10 schedule fee: 0.000225 (maker=False, source=api)
13:53:24 [DEBUG] FeeManager: Using X10 schedule fee: 0.000225 (maker=False, source=api)
13:53:24 [INFO] 🔍 DEBUG WLFI-USD: entry_time type=<class 'str'>, value=2025-12-04T12:53:20.946050+00:00
13:53:24 [DEBUG] Check WLFI-USD: Age=3.8s (Limit=2700s)
13:53:24 [DEBUG] FeeManager: Using X10 schedule fee: 0.0 (maker=True, source=api)
13:53:24 [DEBUG] FeeManager: Using X10 schedule fee: 0.000225 (maker=False, source=api)
13:53:24 [INFO] 🔍 FeeManager Stats: enabled=True, X10(source=api, maker=0.000000, taker=0.000225), Lighter(source=config, maker=0.000000, taker=0.000000)
13:53:24 [DEBUG] FeeManager: Using X10 schedule fee: 0.000225 (maker=False, source=api)
13:53:24 [DEBUG] FeeManager: Using X10 schedule fee: 0.000225 (maker=False, source=api)
13:53:24 [DEBUG] FeeManager: Using X10 schedule fee: 0.000225 (maker=False, source=api)
13:53:24 [DEBUG] FeeManager: Using X10 schedule fee: 0.000225 (maker=False, source=api)
13:53:24 [DEBUG] 📝 Flushed 1 writes
13:53:24 [DEBUG] 📝 Flushed 1 writes in 0.0ms
13:53:25 [DEBUG] Lighter Balance: Raw=$291.14, Safe=$276.58
13:53:25 [INFO] X10: Detected balance = $298.66
13:53:25 [DEBUG] ⛔ Max trades reached (3/3). Waiting...
13:53:25 [DEBUG] ✅ WLFI-USD: X10 entry fee = 0.000225 (order: 1996563437836582912)
13:53:25 [DEBUG] ✅ WLFI-USD: Lighter entry fee = 0.000000 (order: 63511fd095e73daa55462537490b72106a0ca664db1c3db7aef96625875c382aebf52dedf1b7088f)
13:53:25 [INFO] 💰 WLFI-USD: Entry fees updated - X10=0.000225, Lighter=0.000000, Total=$0.0002
13:53:25 [DEBUG] ✅ USDJPY-USD: X10=$0, Lighter=$52,554, Total=$52,554
13:53:25 [DEBUG] Using cached positions (age: 3.9s)
13:53:25 [INFO] 🔍 DEBUG RESOLV-USD: entry_time type=<class 'str'>, value=2025-12-04T12:53:23.700142+00:00
13:53:25 [DEBUG] Check RESOLV-USD: Age=2.0s (Limit=2700s)
13:53:25 [DEBUG] FeeManager: Using X10 schedule fee: 0.0 (maker=True, source=api)
13:53:25 [DEBUG] FeeManager: Using X10 schedule fee: 0.000225 (maker=False, source=api)
13:53:25 [INFO] 🔍 FeeManager Stats: enabled=True, X10(source=api, maker=0.000000, taker=0.000225), Lighter(source=config, maker=0.000000, taker=0.000000)
13:53:25 [DEBUG] FeeManager: Using X10 schedule fee: 0.000225 (maker=False, source=api)
13:53:25 [DEBUG] FeeManager: Using X10 schedule fee: 0.000225 (maker=False, source=api)
13:53:25 [DEBUG] FeeManager: Using X10 schedule fee: 0.000225 (maker=False, source=api)
13:53:25 [DEBUG] FeeManager: Using X10 schedule fee: 0.000225 (maker=False, source=api)
13:53:25 [INFO] 🔍 DEBUG ZEC-USD: entry_time type=<class 'str'>, value=2025-12-04T12:53:21.780016+00:00
13:53:25 [DEBUG] Check ZEC-USD: Age=3.9s (Limit=2700s)
13:53:25 [DEBUG] FeeManager: Using X10 schedule fee: 0.0 (maker=True, source=api)
13:53:25 [DEBUG] FeeManager: Using X10 schedule fee: 0.000225 (maker=False, source=api)
13:53:25 [INFO] 🔍 FeeManager Stats: enabled=True, X10(source=api, maker=0.000000, taker=0.000225), Lighter(source=config, maker=0.000000, taker=0.000000)
13:53:25 [DEBUG] FeeManager: Using X10 schedule fee: 0.000225 (maker=False, source=api)
13:53:25 [DEBUG] FeeManager: Using X10 schedule fee: 0.000225 (maker=False, source=api)
13:53:25 [DEBUG] FeeManager: Using X10 schedule fee: 0.000225 (maker=False, source=api)
13:53:25 [DEBUG] FeeManager: Using X10 schedule fee: 0.000225 (maker=False, source=api)
13:53:25 [INFO] 🔍 DEBUG WLFI-USD: entry_time type=<class 'str'>, value=2025-12-04T12:53:20.946050+00:00
13:53:25 [DEBUG] Check WLFI-USD: Age=4.8s (Limit=2700s)
13:53:25 [DEBUG] FeeManager: Using X10 schedule fee: 0.0 (maker=True, source=api)
13:53:25 [DEBUG] FeeManager: Using X10 schedule fee: 0.000225 (maker=False, source=api)
13:53:25 [INFO] 🔍 FeeManager Stats: enabled=True, X10(source=api, maker=0.000000, taker=0.000225), Lighter(source=config, maker=0.000000, taker=0.000000)
13:53:25 [DEBUG] FeeManager: Using X10 schedule fee: 0.000225 (maker=False, source=api)
13:53:25 [DEBUG] FeeManager: Using X10 schedule fee: 0.000225 (maker=False, source=api)
13:53:26 [DEBUG] ✅ ZEC-USD: X10 entry fee = 0.000225 (order: 1996563441372762112)
13:53:26 [DEBUG] ✅ ZEC-USD: Lighter entry fee = 0.000000 (order: f904bc8ced633564eafc5e363184edf246f0bc411a3c371bd1450d508641a1523eb566a789478b84)
13:53:26 [INFO] 💰 ZEC-USD: Entry fees updated - X10=0.000225, Lighter=0.000000, Total=$0.0002
13:53:26 [DEBUG] 📝 Flushed 2 writes
13:53:26 [DEBUG] 📝 Flushed 1 writes in 0.0ms
13:53:26 [DEBUG] Using cached positions (age: 4.9s)
13:53:26 [INFO] 🔍 DEBUG RESOLV-USD: entry_time type=<class 'str'>, value=2025-12-04T12:53:23.700142+00:00
13:53:26 [DEBUG] Check RESOLV-USD: Age=3.0s (Limit=2700s)
13:53:26 [DEBUG] FeeManager: Using X10 schedule fee: 0.0 (maker=True, source=api)
13:53:26 [DEBUG] FeeManager: Using X10 schedule fee: 0.000225 (maker=False, source=api)
13:53:26 [INFO] 🔍 FeeManager Stats: enabled=True, X10(source=api, maker=0.000000, taker=0.000225), Lighter(source=config, maker=0.000000, taker=0.000000)
13:53:26 [DEBUG] FeeManager: Using X10 schedule fee: 0.000225 (maker=False, source=api)
13:53:26 [DEBUG] FeeManager: Using X10 schedule fee: 0.000225 (maker=False, source=api)
13:53:26 [DEBUG] FeeManager: Using X10 schedule fee: 0.000225 (maker=False, source=api)
13:53:26 [DEBUG] FeeManager: Using X10 schedule fee: 0.000225 (maker=False, source=api)
13:53:26 [INFO] 🔍 DEBUG ZEC-USD: entry_time type=<class 'str'>, value=2025-12-04T12:53:21.780016+00:00
13:53:26 [DEBUG] Check ZEC-USD: Age=4.9s (Limit=2700s)
13:53:26 [DEBUG] FeeManager: Using X10 schedule fee: 0.0 (maker=True, source=api)
13:53:26 [DEBUG] FeeManager: Using X10 schedule fee: 0.000225 (maker=False, source=api)
13:53:26 [INFO] 🔍 FeeManager Stats: enabled=True, X10(source=api, maker=0.000000, taker=0.000225), Lighter(source=config, maker=0.000000, taker=0.000000)
13:53:26 [DEBUG] FeeManager: Using X10 schedule fee: 0.000225 (maker=False, source=api)
13:53:26 [DEBUG] FeeManager: Using X10 schedule fee: 0.000225 (maker=False, source=api)
13:53:26 [INFO] 🔍 DEBUG WLFI-USD: entry_time type=<class 'str'>, value=2025-12-04T12:53:20.946050+00:00
13:53:26 [DEBUG] Check WLFI-USD: Age=5.7s (Limit=2700s)
13:53:26 [DEBUG] FeeManager: Using X10 schedule fee: 0.0 (maker=True, source=api)
13:53:26 [DEBUG] FeeManager: Using X10 schedule fee: 0.000225 (maker=False, source=api)
13:53:26 [INFO] 🔍 FeeManager Stats: enabled=True, X10(source=api, maker=0.000000, taker=0.000225), Lighter(source=config, maker=0.000000, taker=0.000000)
13:53:26 [DEBUG] FeeManager: Using X10 schedule fee: 0.000225 (maker=False, source=api)
13:53:26 [DEBUG] FeeManager: Using X10 schedule fee: 0.000225 (maker=False, source=api)
13:53:27 [DEBUG] 📝 Flushed 1 writes in 0.0ms
13:53:27 [DEBUG] ✅ EIGEN-USD: X10=$147,975, Lighter=$1,775,678, Total=$1,923,653
13:53:27 [DEBUG] Fetching fresh positions (force=False, cache_age=5.9s)
13:53:27 [DEBUG] Sending GET https://api.starknet.extended.exchange/api/v1/user/positions?
13:53:27 [DEBUG] ✅ RESOLV-USD: X10 entry fee = 0.000225 (order: 1996563445349494784)
13:53:27 [DEBUG] ✅ RESOLV-USD: Lighter entry fee = 0.000000 (order: b66cc94194b5d127c92f7bf85dc51fe52cddff860b665251e4ad32903d102cc230a230cb6c2d7f24)
13:53:27 [INFO] 💰 RESOLV-USD: Entry fees updated - X10=0.000225, Lighter=0.000000, Total=$0.0002
13:53:27 [DEBUG] 📝 Flushed 1 writes
13:53:28 [INFO] Lighter: Found 2 open positions
13:53:28 [INFO] 📊 Positions: X10=3, Lighter=2
13:53:28 [DEBUG] X10 positions: ['RESOLV-USD', 'ZEC-USD', 'WLFI-USD']
13:53:28 [DEBUG] Lighter positions: ['RESOLV-USD', 'ZEC-USD']
13:53:28 [INFO] 🔍 DEBUG RESOLV-USD: entry_time type=<class 'str'>, value=2025-12-04T12:53:23.700142+00:00
13:53:28 [DEBUG] Check RESOLV-USD: Age=4.5s (Limit=2700s)
13:53:28 [DEBUG] FeeManager: Using X10 schedule fee: 0.0 (maker=True, source=api)
13:53:28 [DEBUG] FeeManager: Using X10 schedule fee: 0.000225 (maker=False, source=api)
13:53:28 [INFO] 🔍 FeeManager Stats: enabled=True, X10(source=api, maker=0.000000, taker=0.000225), Lighter(source=config, maker=0.000000, taker=0.000000)
13:53:28 [DEBUG] FeeManager: Using X10 schedule fee: 0.000225 (maker=False, source=api)
13:53:28 [DEBUG] FeeManager: Using X10 schedule fee: 0.000225 (maker=False, source=api)
13:53:28 [DEBUG] FeeManager: Using X10 schedule fee: 0.000225 (maker=False, source=api)
13:53:28 [DEBUG] FeeManager: Using X10 schedule fee: 0.000225 (maker=False, source=api)
13:53:28 [INFO] 🔍 DEBUG ZEC-USD: entry_time type=<class 'str'>, value=2025-12-04T12:53:21.780016+00:00
13:53:28 [DEBUG] Check ZEC-USD: Age=6.4s (Limit=2700s)
13:53:28 [DEBUG] FeeManager: Using X10 schedule fee: 0.0 (maker=True, source=api)
13:53:28 [DEBUG] FeeManager: Using X10 schedule fee: 0.000225 (maker=False, source=api)
13:53:28 [INFO] 🔍 FeeManager Stats: enabled=True, X10(source=api, maker=0.000000, taker=0.000225), Lighter(source=config, maker=0.000000, taker=0.000000)
13:53:28 [DEBUG] FeeManager: Using X10 schedule fee: 0.000225 (maker=False, source=api)
13:53:28 [DEBUG] FeeManager: Using X10 schedule fee: 0.000225 (maker=False, source=api)
13:53:28 [INFO] 🔍 DEBUG WLFI-USD: entry_time type=<class 'str'>, value=2025-12-04T12:53:20.946050+00:00
13:53:28 [DEBUG] Check WLFI-USD: Age=7.2s (Limit=2700s)
13:53:28 [DEBUG] FeeManager: Using X10 schedule fee: 0.0 (maker=True, source=api)
13:53:28 [DEBUG] FeeManager: Using X10 schedule fee: 0.000225 (maker=False, source=api)
13:53:28 [INFO] 🔍 FeeManager Stats: enabled=True, X10(source=api, maker=0.000000, taker=0.000225), Lighter(source=config, maker=0.000000, taker=0.000000)
13:53:28 [DEBUG] FeeManager: Using X10 schedule fee: 0.000225 (maker=False, source=api)
13:53:28 [DEBUG] FeeManager: Using X10 schedule fee: 0.000225 (maker=False, source=api)
13:53:28 [DEBUG] MAX_OPEN_TRADES (3) reached, waiting...
13:53:28 [DEBUG] 📝 Flushed 1 writes in 0.0ms
13:53:29 [DEBUG] ✅ ENA-USD: X10=$237,584, Lighter=$20,016,434, Total=$20,254,017
13:53:29 [DEBUG] Using cached positions (age: 1.5s)
13:53:29 [INFO] 🔍 DEBUG RESOLV-USD: entry_time type=<class 'str'>, value=2025-12-04T12:53:23.700142+00:00
13:53:29 [DEBUG] Check RESOLV-USD: Age=5.5s (Limit=2700s)
13:53:29 [DEBUG] FeeManager: Using X10 schedule fee: 0.0 (maker=True, source=api)
13:53:29 [DEBUG] FeeManager: Using X10 schedule fee: 0.000225 (maker=False, source=api)
13:53:29 [INFO] 🔍 FeeManager Stats: enabled=True, X10(source=api, maker=0.000000, taker=0.000225), Lighter(source=config, maker=0.000000, taker=0.000000)
13:53:29 [DEBUG] FeeManager: Using X10 schedule fee: 0.000225 (maker=False, source=api)
13:53:29 [DEBUG] FeeManager: Using X10 schedule fee: 0.000225 (maker=False, source=api)
13:53:29 [INFO] 🔍 DEBUG ZEC-USD: entry_time type=<class 'str'>, value=2025-12-04T12:53:21.780016+00:00
13:53:29 [DEBUG] Check ZEC-USD: Age=7.4s (Limit=2700s)
13:53:29 [DEBUG] FeeManager: Using X10 schedule fee: 0.0 (maker=True, source=api)
13:53:29 [DEBUG] FeeManager: Using X10 schedule fee: 0.000225 (maker=False, source=api)
13:53:29 [INFO] 🔍 FeeManager Stats: enabled=True, X10(source=api, maker=0.000000, taker=0.000225), Lighter(source=config, maker=0.000000, taker=0.000000)
13:53:29 [DEBUG] FeeManager: Using X10 schedule fee: 0.000225 (maker=False, source=api)
13:53:29 [DEBUG] FeeManager: Using X10 schedule fee: 0.000225 (maker=False, source=api)
13:53:29 [INFO] 🔍 DEBUG WLFI-USD: entry_time type=<class 'str'>, value=2025-12-04T12:53:20.946050+00:00
13:53:29 [DEBUG] Check WLFI-USD: Age=8.2s (Limit=2700s)
13:53:29 [DEBUG] FeeManager: Using X10 schedule fee: 0.0 (maker=True, source=api)
13:53:29 [DEBUG] FeeManager: Using X10 schedule fee: 0.000225 (maker=False, source=api)
13:53:29 [INFO] 🔍 FeeManager Stats: enabled=True, X10(source=api, maker=0.000000, taker=0.000225), Lighter(source=config, maker=0.000000, taker=0.000000)
13:53:29 [DEBUG] FeeManager: Using X10 schedule fee: 0.000225 (maker=False, source=api)
13:53:29 [DEBUG] FeeManager: Using X10 schedule fee: 0.000225 (maker=False, source=api)
13:53:30 [DEBUG] Using cached positions (age: 2.5s)
13:53:30 [INFO] 🔍 DEBUG RESOLV-USD: entry_time type=<class 'str'>, value=2025-12-04T12:53:23.700142+00:00
13:53:30 [DEBUG] Check RESOLV-USD: Age=6.5s (Limit=2700s)
13:53:30 [DEBUG] FeeManager: Using X10 schedule fee: 0.0 (maker=True, source=api)
13:53:30 [DEBUG] FeeManager: Using X10 schedule fee: 0.000225 (maker=False, source=api)
13:53:30 [INFO] 🔍 FeeManager Stats: enabled=True, X10(source=api, maker=0.000000, taker=0.000225), Lighter(source=config, maker=0.000000, taker=0.000000)
13:53:30 [DEBUG] FeeManager: Using X10 schedule fee: 0.000225 (maker=False, source=api)
13:53:30 [DEBUG] FeeManager: Using X10 schedule fee: 0.000225 (maker=False, source=api)
13:53:30 [INFO] 🔍 DEBUG ZEC-USD: entry_time type=<class 'str'>, value=2025-12-04T12:53:21.780016+00:00
13:53:30 [DEBUG] Check ZEC-USD: Age=8.4s (Limit=2700s)
13:53:30 [DEBUG] FeeManager: Using X10 schedule fee: 0.0 (maker=True, source=api)
13:53:30 [DEBUG] FeeManager: Using X10 schedule fee: 0.000225 (maker=False, source=api)
13:53:30 [INFO] 🔍 FeeManager Stats: enabled=True, X10(source=api, maker=0.000000, taker=0.000225), Lighter(source=config, maker=0.000000, taker=0.000000)
13:53:30 [DEBUG] FeeManager: Using X10 schedule fee: 0.000225 (maker=False, source=api)
13:53:30 [DEBUG] FeeManager: Using X10 schedule fee: 0.000225 (maker=False, source=api)
13:53:30 [INFO] 🔍 DEBUG WLFI-USD: entry_time type=<class 'str'>, value=2025-12-04T12:53:20.946050+00:00
13:53:30 [DEBUG] Check WLFI-USD: Age=9.3s (Limit=2700s)
13:53:30 [DEBUG] FeeManager: Using X10 schedule fee: 0.0 (maker=True, source=api)
13:53:30 [DEBUG] FeeManager: Using X10 schedule fee: 0.000225 (maker=False, source=api)
13:53:30 [INFO] 🔍 FeeManager Stats: enabled=True, X10(source=api, maker=0.000000, taker=0.000225), Lighter(source=config, maker=0.000000, taker=0.000000)
13:53:30 [DEBUG] FeeManager: Using X10 schedule fee: 0.000225 (maker=False, source=api)
13:53:30 [DEBUG] FeeManager: Using X10 schedule fee: 0.000225 (maker=False, source=api)
13:53:30 [DEBUG] ✅ TRUMP-USD: X10=$257,046, Lighter=$273,554, Total=$530,600
13:53:31 [DEBUG] Using cached positions (age: 3.5s)
13:53:31 [INFO] 🔍 DEBUG RESOLV-USD: entry_time type=<class 'str'>, value=2025-12-04T12:53:23.700142+00:00
13:53:31 [DEBUG] Check RESOLV-USD: Age=7.5s (Limit=2700s)
13:53:31 [DEBUG] FeeManager: Using X10 schedule fee: 0.0 (maker=True, source=api)
13:53:31 [DEBUG] FeeManager: Using X10 schedule fee: 0.000225 (maker=False, source=api)
13:53:31 [INFO] 🔍 FeeManager Stats: enabled=True, X10(source=api, maker=0.000000, taker=0.000225), Lighter(source=config, maker=0.000000, taker=0.000000)
13:53:31 [DEBUG] FeeManager: Using X10 schedule fee: 0.000225 (maker=False, source=api)
13:53:31 [DEBUG] FeeManager: Using X10 schedule fee: 0.000225 (maker=False, source=api)
13:53:31 [INFO] 🔍 DEBUG ZEC-USD: entry_time type=<class 'str'>, value=2025-12-04T12:53:21.780016+00:00
13:53:31 [DEBUG] Check ZEC-USD: Age=9.4s (Limit=2700s)
13:53:31 [DEBUG] FeeManager: Using X10 schedule fee: 0.0 (maker=True, source=api)
13:53:31 [DEBUG] FeeManager: Using X10 schedule fee: 0.000225 (maker=False, source=api)
13:53:31 [INFO] 🔍 FeeManager Stats: enabled=True, X10(source=api, maker=0.000000, taker=0.000225), Lighter(source=config, maker=0.000000, taker=0.000000)
13:53:31 [DEBUG] FeeManager: Using X10 schedule fee: 0.000225 (maker=False, source=api)
13:53:31 [DEBUG] FeeManager: Using X10 schedule fee: 0.000225 (maker=False, source=api)
13:53:31 [INFO] 🔍 DEBUG WLFI-USD: entry_time type=<class 'str'>, value=2025-12-04T12:53:20.946050+00:00
13:53:31 [DEBUG] Check WLFI-USD: Age=10.3s (Limit=2700s)
13:53:31 [DEBUG] FeeManager: Using X10 schedule fee: 0.0 (maker=True, source=api)
13:53:31 [DEBUG] FeeManager: Using X10 schedule fee: 0.000225 (maker=False, source=api)
13:53:31 [INFO] 🔍 FeeManager Stats: enabled=True, X10(source=api, maker=0.000000, taker=0.000225), Lighter(source=config, maker=0.000000, taker=0.000000)
13:53:31 [DEBUG] FeeManager: Using X10 schedule fee: 0.000225 (maker=False, source=api)
13:53:31 [DEBUG] FeeManager: Using X10 schedule fee: 0.000225 (maker=False, source=api)
13:53:31 [DEBUG] MAX_OPEN_TRADES (3) reached, waiting...
13:53:32 [DEBUG] 💓 [x10_account] Alive (uptime=20s, last_msg=8s ago, msgs=18)
13:53:32 [DEBUG] 💓 [x10_trades] Alive (uptime=20s, last_msg=0s ago, msgs=44)
13:53:32 [DEBUG] 💓 [lighter] Alive (uptime=20s, last_msg=0s ago, msgs=22733)
13:53:32 [DEBUG] Using cached positions (age: 4.5s)
13:53:32 [INFO] 🔍 DEBUG RESOLV-USD: entry_time type=<class 'str'>, value=2025-12-04T12:53:23.700142+00:00
13:53:32 [DEBUG] Check RESOLV-USD: Age=8.5s (Limit=2700s)
13:53:32 [DEBUG] FeeManager: Using X10 schedule fee: 0.0 (maker=True, source=api)
13:53:32 [DEBUG] FeeManager: Using X10 schedule fee: 0.000225 (maker=False, source=api)
13:53:32 [INFO] 🔍 FeeManager Stats: enabled=True, X10(source=api, maker=0.000000, taker=0.000225), Lighter(source=config, maker=0.000000, taker=0.000000)
13:53:32 [DEBUG] FeeManager: Using X10 schedule fee: 0.000225 (maker=False, source=api)
13:53:32 [DEBUG] FeeManager: Using X10 schedule fee: 0.000225 (maker=False, source=api)
13:53:32 [INFO] 🔍 DEBUG ZEC-USD: entry_time type=<class 'str'>, value=2025-12-04T12:53:21.780016+00:00
13:53:32 [DEBUG] Check ZEC-USD: Age=10.4s (Limit=2700s)
13:53:32 [DEBUG] FeeManager: Using X10 schedule fee: 0.0 (maker=True, source=api)
13:53:32 [DEBUG] FeeManager: Using X10 schedule fee: 0.000225 (maker=False, source=api)
13:53:32 [INFO] 🔍 FeeManager Stats: enabled=True, X10(source=api, maker=0.000000, taker=0.000225), Lighter(source=config, maker=0.000000, taker=0.000000)
13:53:32 [DEBUG] FeeManager: Using X10 schedule fee: 0.000225 (maker=False, source=api)
13:53:32 [DEBUG] FeeManager: Using X10 schedule fee: 0.000225 (maker=False, source=api)
13:53:32 [INFO] 🔍 DEBUG WLFI-USD: entry_time type=<class 'str'>, value=2025-12-04T12:53:20.946050+00:00
13:53:32 [DEBUG] Check WLFI-USD: Age=11.3s (Limit=2700s)
13:53:32 [DEBUG] FeeManager: Using X10 schedule fee: 0.0 (maker=True, source=api)
13:53:32 [DEBUG] FeeManager: Using X10 schedule fee: 0.000225 (maker=False, source=api)
13:53:32 [INFO] 🔍 FeeManager Stats: enabled=True, X10(source=api, maker=0.000000, taker=0.000225), Lighter(source=config, maker=0.000000, taker=0.000000)
13:53:32 [DEBUG] FeeManager: Using X10 schedule fee: 0.000225 (maker=False, source=api)
13:53:32 [DEBUG] FeeManager: Using X10 schedule fee: 0.000225 (maker=False, source=api)
13:53:33 [DEBUG] Fetching fresh positions (force=False, cache_age=5.5s)
13:53:33 [DEBUG] Sending GET https://api.starknet.extended.exchange/api/v1/user/positions?
13:53:33 [INFO] Lighter: Found 2 open positions
13:53:33 [INFO] 📊 Positions: X10=3, Lighter=2
13:53:33 [DEBUG] X10 positions: ['RESOLV-USD', 'ZEC-USD', 'WLFI-USD']
13:53:33 [DEBUG] Lighter positions: ['RESOLV-USD', 'ZEC-USD']
13:53:33 [INFO] 🔍 DEBUG RESOLV-USD: entry_time type=<class 'str'>, value=2025-12-04T12:53:23.700142+00:00
13:53:33 [DEBUG] Check RESOLV-USD: Age=10.0s (Limit=2700s)
13:53:33 [DEBUG] FeeManager: Using X10 schedule fee: 0.0 (maker=True, source=api)
13:53:33 [DEBUG] FeeManager: Using X10 schedule fee: 0.000225 (maker=False, source=api)
13:53:33 [INFO] 🔍 FeeManager Stats: enabled=True, X10(source=api, maker=0.000000, taker=0.000225), Lighter(source=config, maker=0.000000, taker=0.000000)
13:53:33 [DEBUG] FeeManager: Using X10 schedule fee: 0.000225 (maker=False, source=api)
13:53:33 [DEBUG] FeeManager: Using X10 schedule fee: 0.000225 (maker=False, source=api)
13:53:33 [INFO] 🔍 DEBUG ZEC-USD: entry_time type=<class 'str'>, value=2025-12-04T12:53:21.780016+00:00
13:53:33 [DEBUG] Check ZEC-USD: Age=11.9s (Limit=2700s)
13:53:33 [DEBUG] FeeManager: Using X10 schedule fee: 0.0 (maker=True, source=api)
13:53:33 [DEBUG] FeeManager: Using X10 schedule fee: 0.000225 (maker=False, source=api)
13:53:33 [INFO] 🔍 FeeManager Stats: enabled=True, X10(source=api, maker=0.000000, taker=0.000225), Lighter(source=config, maker=0.000000, taker=0.000000)
13:53:33 [DEBUG] FeeManager: Using X10 schedule fee: 0.000225 (maker=False, source=api)
13:53:33 [DEBUG] FeeManager: Using X10 schedule fee: 0.000225 (maker=False, source=api)
13:53:33 [INFO] 🔍 DEBUG WLFI-USD: entry_time type=<class 'str'>, value=2025-12-04T12:53:20.946050+00:00
13:53:33 [DEBUG] Check WLFI-USD: Age=12.8s (Limit=2700s)
13:53:33 [DEBUG] FeeManager: Using X10 schedule fee: 0.0 (maker=True, source=api)
13:53:33 [DEBUG] FeeManager: Using X10 schedule fee: 0.000225 (maker=False, source=api)
13:53:33 [INFO] 🔍 FeeManager Stats: enabled=True, X10(source=api, maker=0.000000, taker=0.000225), Lighter(source=config, maker=0.000000, taker=0.000000)
13:53:33 [DEBUG] FeeManager: Using X10 schedule fee: 0.000225 (maker=False, source=api)
13:53:33 [DEBUG] FeeManager: Using X10 schedule fee: 0.000225 (maker=False, source=api)
13:53:34 [DEBUG] MAX_OPEN_TRADES (3) reached, waiting...
13:53:34 [INFO] 🛑 Initiating shutdown...
13:53:34 [DEBUG] Cancelled task: maintenance_loop
13:53:34 [DEBUG] Cancelled task: cleanup_finished_tasks
13:53:34 [DEBUG] Cancelled task: health_reporter
13:53:34 [DEBUG] Cancelled task: farm_loop
13:53:34 [DEBUG] Cancelled task: logic_loop
13:53:34 [DEBUG] Cancelled task: trade_management_loop
13:53:34 [DEBUG] Cancelled task: connection_watchdog
13:53:34 [INFO] Logic loop cancelled
13:53:34 [INFO] Connection watchdog cancelled
13:53:34 [DEBUG] ✅ ARB-USD: X10=$150,232, Lighter=$8,871,582, Total=$9,021,814
13:53:36 [INFO] 🔌 [x10_trades] WebSocket stopped
13:53:36 [DEBUG] ✅ IP-USD: X10=$273,277, Lighter=$373,216, Total=$646,493
13:53:38 [DEBUG] ✅ GRASS-USD: X10=$47,222, Lighter=$1,855,830, Total=$1,903,052
13:53:39 [ERROR] WebSocket stop error: 
13:53:39 [INFO] 🛑 Rollback processor: Shutdown signal received
13:53:39 [INFO] ✅ ParallelExecutionManager: Stopped
13:53:39 [INFO] 🛑 Stopping InMemoryStateManager...
13:53:39 [INFO] 📝 State writer loop stopped
13:53:39 [INFO] ✅ InMemoryStateManager stopped
13:53:39 [INFO] ✅ Shutdown complete
13:53:39 [INFO] 🛑 Shutting down...
13:53:39 [INFO] 🛑 Shutdown requested...
13:53:39 [INFO] ✅ ParallelExecutionManager: Stopped
13:53:39 [INFO] 🔌 [x10_account] WebSocket stopped
13:53:39 [INFO] 🔌 [x10_trades] WebSocket stopped
13:53:39 [INFO] 🔌 [lighter] WebSocket stopped
13:53:39 [INFO] 🔌 [x10_funding] WebSocket stopped
13:53:39 [INFO] ✅ WebSocketManager stopped
13:53:39 [INFO] ✅ OpenInterestTracker stopped
13:53:39 [INFO] 🛑 Stopping InMemoryStateManager...
13:53:39 [INFO] ✅ InMemoryStateManager stopped
13:53:39 [INFO] 🔒 Closing database...
13:53:39 [INFO] 🖊️ Database write loop stopped
13:53:39 [INFO] ✅ Database closed
13:53:39 [INFO] 🛑 FeeManager stopped
13:53:39 [INFO] ✅ X10 Adapter geschlossen.
13:53:39 [INFO] ✅ Lighter Adapter closed
13:53:39 [INFO] ✅ Bot V5 shutdown complete
