21:00:24 [INFO]  CONFIG VALIDIERUNG abgeschlossen.
21:00:24 [INFO] 🔥 BOT V5 (Architected) STARTING...
21:00:24 [INFO] 🚀 Starting InMemoryStateManager...
21:00:24 [INFO] 📂 Initializing database: data/trades.db
21:00:24 [INFO] ✅ Read pool created: 5 connections
21:00:24 [INFO] ✅ WAL mode enabled
21:00:24 [INFO] 🔄 Running database migrations...
21:00:24 [INFO] ✅ Migrations complete (11 statements)
21:00:24 [INFO] ✅ Database initialized
21:00:24 [INFO] 🖊️ Database write loop started
21:00:24 [INFO] 📂 Loaded 3 trades from database
21:00:24 [INFO] ✅ InMemoryStateManager started (loaded 3 trades)
21:00:24 [INFO] ✅ State Manager started
21:00:24 [INFO]  Telegram Bot disabled (Token/ChatID missing).
21:00:24 [INFO] ✅ Async database initialized
21:00:24 [INFO] 📝 State writer loop started
21:00:24 [DEBUG] ✅ Database schema up to date
21:00:24 [INFO] Initialisiere X10 Adapter...
21:00:24 [INFO]  X10 Account initialisiert.
21:00:24 [INFO] Initialisiere Lighter Adapter...
21:00:24 [INFO] 📊 Loading Market Data via REST...
21:00:24 [DEBUG] Sending GET https://api.starknet.extended.exchange/api/v1/info/markets?
21:00:25 [INFO] ✅ Lighter: Loaded 116 markets (base data)
21:00:25 [DEBUG] Starting new HTTPS connection (1): mainnet.zklighter.elliot.ai:443
21:00:26 [DEBUG] https://mainnet.zklighter.elliot.ai:443 "GET /api/v1/nextNonce?account_index=60113&api_key_index=3 HTTP/1.1" 200 25
21:00:27 [INFO]  X10: 91 Märkte geladen, 91 Funding Rates, 78 Preise
21:00:28 [INFO] ✅ Lighter: Updated 116 markets with size_decimals from API
21:00:28 [INFO] 📊 MARKET ADA-USD: size_decimals=1, price_decimals=5, min_base_amount=10.0
21:00:28 [INFO] 📊 MARKET SEI-USD: size_decimals=1, price_decimals=5, min_base_amount=50.0
21:00:28 [INFO] 📊 MARKET RESOLV-USD: size_decimals=0, price_decimals=6, min_base_amount=40.0
21:00:28 [INFO] 📊 MARKET TIA-USD: size_decimals=1, price_decimals=5, min_base_amount=3.0
21:00:28 [INFO] ✅ Markets loaded: X10=91, Lighter=116
21:00:28 [INFO] 📈 Pre-loading Lighter prices...
21:00:28 [DEBUG] Lighter: Loaded 383 funding rates
21:00:29 [DEBUG] Lighter: Loaded 115 prices via REST
21:00:29 [INFO] ✅ Lighter prices loaded: 115 symbols
21:00:29 [INFO] 🔥 Warming up execution clients (Network Handshake)...
21:00:29 [DEBUG] Sending GET https://api.starknet.extended.exchange/api/v1/info/markets?
21:00:31 [INFO] ✅ Execution clients warmed up & NETWORK READY
21:00:31 [INFO] FundingPredictorV2 initialized with BTC Correlation
21:00:31 [INFO] 启动 OI Tracker für 68 Symbole...
21:00:31 [INFO] ✅ OpenInterestTracker started (interval=15.0s)
21:00:31 [INFO] 🌐 Starting WebSocket Manager...
21:00:31 [INFO] 📊 OI Tracker: Starting cycle 1 (68 symbols)
21:00:31 [INFO] 🔌 [lighter] WebSocket manager started
21:00:31 [INFO] 🔌 [x10_account] WebSocket manager started
21:00:31 [INFO] 🔌 [x10_trades] WebSocket manager started
21:00:31 [INFO] 🔌 [x10_funding] WebSocket manager started
21:00:31 [INFO] 🔌 [lighter] Connecting with kwargs: {'close_timeout': 5.0, 'max_size': 4194304, 'ping_interval': 20.0, 'ping_timeout': 10.0}
21:00:31 [INFO] 🔌 [x10_account] Connecting with kwargs: {'close_timeout': 5.0, 'max_size': 4194304, 'ping_interval': 15.0, 'additional_headers': {'X-Api-Key': 'a1c9207f79f0e57ddc454bf1e16dbe49', 'User-Agent': 'X10PythonTradingClient/0.4.5'}}
21:00:31 [INFO] 🔌 [x10_trades] Connecting with kwargs: {'close_timeout': 5.0, 'max_size': 4194304, 'ping_interval': 15.0, 'additional_headers': {'X-Api-Key': 'a1c9207f79f0e57ddc454bf1e16dbe49', 'User-Agent': 'X10PythonTradingClient/0.4.5'}}
21:00:31 [INFO] 🔌 [x10_funding] Connecting with kwargs: {'close_timeout': 5.0, 'max_size': 4194304, 'ping_interval': 15.0, 'additional_headers': {'X-Api-Key': 'a1c9207f79f0e57ddc454bf1e16dbe49', 'User-Agent': 'X10PythonTradingClient/0.4.5'}}
21:00:31 [INFO] ✅ WebSocketManager started (Lighter + X10 Account/Trades/Funding)
21:00:32 [DEBUG] ✅ MKR-USD: X10=$9,283, Lighter=$0, Total=$9,283
21:00:32 [INFO] ✅ [x10_trades] Connected to wss://api.starknet.extended.exchange/stream.extended.exchange/v1/publicTrades
21:00:32 [INFO] ✅ [x10_trades] Keepalive enabled: ping_interval=15.0s, ping_timeout=None (auto-pong)
21:00:32 [INFO] [x10_trades] Receive loop started (async iterator)
21:00:32 [DEBUG] 💓 [x10_trades] Heartbeat started (stale_threshold=300.0s)
21:00:33 [INFO] ✅ [x10_account] Connected to wss://api.starknet.extended.exchange/stream.extended.exchange/v1/account
21:00:33 [INFO] ✅ [x10_account] Keepalive enabled: ping_interval=15.0s, ping_timeout=None (auto-pong)
21:00:33 [INFO] [x10_account] Receive loop started (async iterator)
21:00:33 [DEBUG] 💓 [x10_account] Heartbeat started (stale_threshold=180.0s)
21:00:33 [INFO] ✅ [x10_funding] Connected to wss://api.starknet.extended.exchange/stream.extended.exchange/v1/funding
21:00:33 [INFO] ✅ [x10_funding] Keepalive enabled: ping_interval=15.0s, ping_timeout=None (auto-pong)
21:00:33 [INFO] [x10_funding] Receive loop started (async iterator)
21:00:33 [DEBUG] 💓 [x10_funding] Heartbeat started (stale_threshold=300.0s)
21:00:33 [INFO] ✅ [lighter] Connected to wss://mainnet.zklighter.elliot.ai/stream
21:00:33 [INFO] ✅ [lighter] Keepalive enabled: ping_interval=20.0s, ping_timeout=10.0s
21:00:33 [INFO] [lighter] Resubscribing to 77 channels (paced)...
21:00:33 [INFO] [lighter] Receive loop started (async iterator)
21:00:33 [DEBUG] 💓 [lighter] Heartbeat started (stale_threshold=180.0s)
21:00:33 [DEBUG] [lighter] Subscribed to order_book/82
21:00:33 [DEBUG] [lighter] Subscribed to trade/82
21:00:33 [DEBUG] [lighter] Subscribed to order_book/40
21:00:33 [DEBUG] [lighter] Subscribed to trade/40
21:00:33 [DEBUG] [lighter] Subscribed to order_book/6
21:00:33 [DEBUG] [lighter] Subscribed to trade/6
21:00:33 [DEBUG] [lighter] Resubscribed 10/77 channels
21:00:33 [DEBUG] [lighter] Subscribed to order_book/92
21:00:33 [DEBUG] [lighter] Subscribed to trade/92
21:00:33 [DEBUG] [lighter] Subscribed to order_book/11
21:00:33 [DEBUG] [lighter] Subscribed to trade/11
21:00:33 [DEBUG] [lighter] Subscribed to order_book/35
21:00:33 [DEBUG] [lighter] Subscribed to trade/35
21:00:33 [DEBUG] [lighter] Resubscribed 20/77 channels
21:00:33 [DEBUG] [lighter] Subscribed to order_book/63
21:00:33 [DEBUG] [lighter] Subscribed to trade/63
21:00:33 [DEBUG] [lighter] Subscribed to order_book/18
21:00:33 [DEBUG] [lighter] Subscribed to trade/18
21:00:33 [DEBUG] [lighter] Subscribed to order_book/71
21:00:33 [DEBUG] [lighter] Subscribed to trade/71
21:00:33 [DEBUG] [lighter] Subscribed to order_book/45
21:00:33 [DEBUG] [lighter] Subscribed to trade/45
21:00:33 [DEBUG] [lighter] Resubscribed 30/77 channels
21:00:33 [DEBUG] [lighter] Subscribed to order_book/58
21:00:33 [DEBUG] [lighter] Subscribed to trade/58
21:00:33 [DEBUG] [lighter] Subscribed to order_book/90
21:00:33 [DEBUG] [lighter] Subscribed to trade/90
21:00:33 [DEBUG] [lighter] Subscribed to order_book/30
21:00:33 [DEBUG] [lighter] Subscribed to trade/30
21:00:33 [DEBUG] [lighter] Resubscribed 40/77 channels
21:00:33 [DEBUG] [lighter] Subscribed to order_book/13
21:00:33 [DEBUG] [lighter] Subscribed to trade/13
21:00:33 [DEBUG] [lighter] Subscribed to order_book/12
21:00:33 [DEBUG] [lighter] Subscribed to trade/12
21:00:33 [DEBUG] [lighter] Subscribed to order_book/60
21:00:33 [DEBUG] [lighter] Subscribed to trade/60
21:00:33 [DEBUG] [lighter] Resubscribed 50/77 channels
21:00:33 [DEBUG] [lighter] Subscribed to order_book/42
21:00:33 [DEBUG] [lighter] Subscribed to trade/42
21:00:33 [DEBUG] [lighter] Subscribed to order_book/49
21:00:33 [DEBUG] [lighter] Subscribed to trade/49
21:00:33 [DEBUG] [lighter] Subscribed to order_book/15
21:00:33 [DEBUG] [lighter] Subscribed to trade/15
21:00:33 [DEBUG] [lighter] Resubscribed 60/77 channels
21:00:33 [DEBUG] [lighter] Subscribed to order_book/50
21:00:33 [DEBUG] [lighter] Subscribed to trade/50
21:00:33 [DEBUG] [lighter] Subscribed to order_book/9
21:00:33 [DEBUG] [lighter] Subscribed to trade/9
21:00:33 [DEBUG] [lighter] Subscribed to order_book/25
21:00:33 [DEBUG] [lighter] Subscribed to trade/25
21:00:33 [DEBUG] [lighter] Resubscribed 70/77 channels
21:00:33 [INFO] [lighter] Resubscribed to 77 channels
21:00:33 [DEBUG] [lighter] Subscribed to order_book/23
21:00:33 [DEBUG] [lighter] Subscribed to trade/23
21:00:33 [DEBUG] [lighter] Subscribed to order_book/10
21:00:33 [DEBUG] [lighter] Subscribed to trade/10
21:00:33 [DEBUG] [lighter] Subscribed to order_book/89
21:00:33 [DEBUG] [lighter] Subscribed to trade/89
21:00:33 [DEBUG] [lighter] Subscribed to order_book/86
21:00:33 [DEBUG] [lighter] Subscribed to trade/86
21:00:33 [DEBUG] [lighter] Subscribed to order_book/51
21:00:33 [DEBUG] [lighter] Subscribed to trade/51
21:00:33 [DEBUG] [lighter] Subscribed to order_book/5
21:00:33 [DEBUG] [lighter] Subscribed to trade/5
21:00:33 [DEBUG] [lighter] Subscribed to order_book/32
21:00:33 [DEBUG] [lighter] Subscribed to trade/32
21:00:33 [INFO] [x10] Connected to Firehose streams (Trades & Funding) for all markets.
21:00:33 [INFO] 🔗 Components Wired: WS -> OI Tracker -> Prediction
21:00:33 [INFO] 🧟 Starte Zombie-Check: Vergleiche DB mit echten Positionen...
21:00:33 [INFO] 🔍 DB meldet 3 offene Trades. Prüfe Exchange...
21:00:33 [DEBUG] Sending GET https://api.starknet.extended.exchange/api/v1/user/positions?
21:00:34 [DEBUG] ✅ ASTER-USD: X10=$333,318, Lighter=$13,215,561, Total=$13,548,879
21:00:35 [INFO] Lighter: Found 0 open positions
21:00:35 [INFO] 🌍 Echte Positionen auf Exchanges: []
21:00:35 [WARNING] ⚠️  ZOMBIE GEFUNDEN: KAITO-USD ist in DB offen, aber nicht auf Exchange. Schließe ihn...
21:00:35 [INFO] ✅ Trade KAITO-USD closed (PnL: $0.00)
21:00:35 [WARNING] ⚠️  ZOMBIE GEFUNDEN: SOL-USD ist in DB offen, aber nicht auf Exchange. Schließe ihn...
21:00:35 [INFO] ✅ Trade SOL-USD closed (PnL: $0.00)
21:00:35 [WARNING] ⚠️  ZOMBIE GEFUNDEN: ENA-USD ist in DB offen, aber nicht auf Exchange. Schließe ihn...
21:00:35 [INFO] ✅ Trade ENA-USD closed (PnL: $0.00)
21:00:35 [INFO] 🧟 Reverse Ghost Check: Suche Positionen auf Exchange ohne DB Entry...
21:00:35 [DEBUG] Sending GET https://api.starknet.extended.exchange/api/v1/user/positions?
21:00:35 [DEBUG] 📝 Flushed 1 writes
21:00:35 [DEBUG] 📝 Flushed 1 writes in 16.0ms
21:00:35 [DEBUG] [x10_trades] Firehose stream - no subscription needed
21:00:36 [DEBUG] [x10_funding] Firehose stream - no subscription needed
21:00:36 [INFO] Lighter: Found 0 open positions
21:00:36 [INFO] ✅ No orphaned positions found
21:00:36 [INFO] ✅ ParallelExecutionManager: Rollback processor started
21:00:36 [INFO] ✅ ParallelExecutionManager started
21:00:36 [DEBUG] Registered task: logic_loop (priority=HIGH)
21:00:36 [DEBUG] Registered task: trade_management_loop (priority=HIGH)
21:00:36 [DEBUG] Registered task: farm_loop (priority=NORMAL)
21:00:36 [DEBUG] Registered task: maintenance_loop (priority=LOW)
21:00:36 [DEBUG] Registered task: cleanup_finished_tasks (priority=LOW)
21:00:36 [DEBUG] Registered task: health_reporter (priority=LOW)
21:00:36 [DEBUG] Registered task: connection_watchdog (priority=CRITICAL)
21:00:36 [INFO] ═══════════════════════════════════════════════════════════
21:00:36 [INFO]    BOT V5 RUNNING 24/7 - SUPERVISED | Ctrl+C = Stop   
21:00:36 [INFO] ═══════════════════════════════════════════════════════════
21:00:36 [INFO] 🚀 BotEventLoop starting...
21:00:36 [INFO] ▶️ Started task: connection_watchdog
21:00:36 [INFO] ▶️ Started task: logic_loop
21:00:36 [INFO] ▶️ Started task: trade_management_loop
21:00:36 [INFO] ▶️ Started task: farm_loop
21:00:36 [INFO] ▶️ Started task: maintenance_loop
21:00:36 [INFO] ▶️ Started task: cleanup_finished_tasks
21:00:36 [INFO] ▶️ Started task: health_reporter
21:00:36 [INFO] ✅ Started 7 tasks
21:00:36 [INFO] 🔄 Rollback processor running...
21:00:36 [INFO] 🐕 Connection Watchdog gestartet (Timeout: 120s)
21:00:36 [INFO] Logic Loop gestartet – REFRESH alle 3s
21:00:36 [INFO] ⚡ Latency Arb Detector initialized (threshold: 5.0s)
21:00:36 [INFO] 🔍 🚜 FARM Scanning 68 pairs. Open symbols to skip: set()
21:00:36 [DEBUG] Price cache status: X10=68/68, Lighter=67/68
21:00:36 [INFO] 🔍 Scanning 68 pairs. Lighter markets: 116, X10 markets: 91
21:00:36 [INFO] 🛡️ Trade Management Loop gestartet
21:00:36 [INFO] 🚜 Farm Mode ACTIVE
21:00:36 [DEBUG] Sending GET https://api.starknet.extended.exchange/api/v1/user/balance
21:00:36 [DEBUG] 📊 X10 Funding Cache refresh (current=91)
21:00:36 [DEBUG] MKR-USD: Missing prices (X=1663.9, L=None)
21:00:36 [DEBUG] Sending GET https://api.starknet.extended.exchange/api/v1/info/markets?
21:00:36 [INFO] ⚠️ No prediction opportunities, using fallback logic...
21:00:36 [INFO]  Volatility Monitor initialized: Low<3.0%, Normal<10.0%, High<20.0%, Hard Cap<50.0%
21:00:36 [DEBUG] Skip JUP-USD: Spread 0.37% too high
21:00:36 [DEBUG] Skip STRK-USD: Spread 0.33% too high
21:00:36 [DEBUG] Skip CRV-USD: Spread 0.54% too high
21:00:36 [INFO] 🔍 DEBUG ENA-USD: rl=-0.00009700, rx=-0.00001200, net=-0.00008500, apy=74.5%
21:00:36 [INFO] 💎 ENA-USD | APY: 74.5%
21:00:36 [DEBUG] ⛔ Skip XAG-USD: TradFi/FX
21:00:36 [DEBUG] Skip 1000SHIB-USD: Spread 0.49% too high
21:00:36 [DEBUG] Skip LINEA-USD: Spread 0.63% too high
21:00:36 [DEBUG] Skip PENGU-USD: Spread 0.32% too high
21:00:36 [INFO] 🔍 DEBUG ZORA-USD: rl=-0.00014300, rx=-0.00005500, net=-0.00008800, apy=77.1%
21:00:36 [INFO] 💎 ZORA-USD | APY: 77.1%
21:00:36 [INFO] 🔍 DEBUG TIA-USD: rl=0.00001200, rx=-0.00005500, net=0.00006700, apy=58.7%
21:00:36 [DEBUG] Skip TIA-USD: Spread 0.47% too high
21:00:36 [DEBUG] Skip AVNT-USD: Spread 0.34% too high
21:00:36 [DEBUG] ⛔ Skip XAU-USD: TradFi/FX
21:00:36 [INFO] 🔍 DEBUG ZEC-USD: rl=0.00001200, rx=0.00010400, net=-0.00009200, apy=80.6%
21:00:36 [INFO] 💎 ZEC-USD | APY: 80.6%
21:00:36 [INFO] 🔍 DEBUG ZRO-USD: rl=-0.00005600, rx=0.00001300, net=-0.00006900, apy=60.4%
21:00:36 [INFO] 💎 ZRO-USD | APY: 60.4%
21:00:36 [DEBUG] ⛔ Skip SPX-USD: TradFi/FX
21:00:36 [INFO] 🔍 DEBUG NEAR-USD: rl=-0.00004700, rx=0.00001300, net=-0.00006000, apy=52.6%
21:00:36 [INFO] 💎 NEAR-USD | APY: 52.6%
21:00:36 [DEBUG] Skip EDEN-USD: Spread 0.43% too high
21:00:36 [INFO] 🔍 DEBUG RESOLV-USD: rl=0.00001200, rx=-0.00016500, net=0.00017700, apy=155.1%
21:00:36 [INFO] 💎 RESOLV-USD | APY: 155.1%
21:00:36 [INFO] ✅ Found 30 opportunities from 64 valid pairs (farm_mode=True, scanned=68)
21:00:36 [INFO] 🎯 Found 3 opportunities, executing best...
21:00:36 [DEBUG] Sending GET https://api.starknet.extended.exchange/api/v1/user/balance
21:00:36 [DEBUG] ✅ KAITO-USD: X10=$443,847, Lighter=$1,831,865, Total=$2,275,712
21:00:37 [DEBUG] Lighter Balance: Raw=$293.84, Safe=$279.15
21:00:37 [INFO] 🚜 Opening FARM: JUP-USD APY=21.0%
21:00:37 [DEBUG] Sending GET https://api.starknet.extended.exchange/api/v1/user/positions?
21:00:37 [DEBUG] 📝 Flushed 1 writes in 0.0ms
21:00:37 [DEBUG] Lighter Balance: Raw=$293.84, Safe=$279.15
21:00:37 [INFO] X10: Detected balance = $298.16
21:00:37 [INFO] 🚀 Launching 2 trades (Slots available: 2)
21:00:37 [DEBUG] Sending GET https://api.starknet.extended.exchange/api/v1/user/positions?
21:00:37 [INFO] Lighter: Found 0 open positions
21:00:37 [DEBUG] ✅ JUP-USD verified: No existing positions on exchanges
21:00:37 [DEBUG] 🧠 JUP-USD: Prediction conf=0.50, delta=0.000020
21:00:37 [DEBUG] MIN_NOTIONAL JUP-USD: min_base=15.00000000 coins, price=$0.2517, min_qty_usd=$3.78, min_notional_api=$10.00, final=$11.00
21:00:37 [DEBUG] Sending GET https://api.starknet.extended.exchange/api/v1/user/balance
21:00:38 [INFO]  X10: 91 Märkte geladen, 91 Funding Rates, 82 Preise
21:00:38 [DEBUG] X10: Funding Refresh OK, cache=91
21:00:38 [DEBUG] 📊 Lighter Funding Cache refresh (current=116)
21:00:38 [DEBUG] 📝 Flushed 2 writes
21:00:38 [DEBUG] 📝 Flushed 1 writes in 0.0ms
21:00:38 [INFO] Lighter: Found 0 open positions
21:00:38 [DEBUG] Lighter: Loaded 383 funding rates
21:00:38 [INFO] 🎲 KellyPositionSizer initialized (Safety=0.25, MaxFraction=0.1)
21:00:38 [INFO] 🎰 KELLY JUP-USD: win_rate=60.0%, kelly_fraction=0.2000, safe_fraction=0.0250, confidence=LOW, samples=0
21:00:38 [INFO] 📊 KELLY SIZE JUP-USD: base=$30.0, kelly_recommended=$7.0, final=$30.0
21:00:38 [INFO] 💰 Balance: X10=$298.2 (free=$295.2), Lit=$279.1 (free=$276.1) | DB_Trades=0, Real_Positions=0, Locked=$0/ex
21:00:38 [INFO] 🚀 Launching trade for RESOLV-USD (APY=155.1%)
21:00:38 [INFO] 🚀 Opening JUP-USD: Size=$30.0 (Min=$11.0)
21:00:38 [INFO] 🔄 [PARALLEL] JUP-USD: Lighter POST-ONLY first
21:00:38 [DEBUG] Sending GET https://api.starknet.extended.exchange/api/v1/user/positions?
21:00:38 [INFO] 🚀 LIGHTER OPEN JUP-USD: side=SELL, size_usd=$30.00, price=$0.251670
21:00:38 [DEBUG] 🔍 DEBUG: JUP-USD market_id = 26 (raw=26, type=<class 'int'>)
21:00:38 [DEBUG] QUANTIZE JUP-USD: USD=30.00, coins=119.203719, raw=1192, lot_size=150, final=1050
21:00:38 [INFO] 🔄 [PARALLEL] JUP-USD: X10 MARKET order
21:00:38 [DEBUG] Create Order Tx Info: {"AccountIndex":60113,"ApiKeyIndex":3,"MarketIndex":26,"ClientOrderIndex":1764792108504,"BaseAmount":1050,"Price":25015,"IsAsk":1,"Type":0,"TimeInForce":1,"ReduceOnly":0,"TriggerPrice":0,"OrderExpiry":1767211238855,"ExpiredAt":1764792637855,"Nonce":2337,"Sig":"qX3aGHtHKgQggdjhco6zoYaF92NMCBpvA107R4LetYJlT/vfBqwCNCt+L0sa662OXmo92rTqlECDnhYyeFMzoWII3/d2cG0IrmasQcPgPzc="}
21:00:38 [DEBUG] Sending GET https://api.starknet.extended.exchange/api/v1/info/markets?
21:00:39 [DEBUG] Create Order Send Tx Response: code=200 message='{"ratelimit": "didn\'t use volume quota"}' tx_hash='28b724a0088773812fb988f61c85f899ce58d3babb8c12b2cdd1e5a77ed9c89d280227d743ed4304' predicted_execution_time_ms=1764792029809 additional_properties={}
21:00:39 [INFO] Lighter Order: 28b724a0088773812fb988f61c85f899ce58d3babb8c12b2cdd1e5a77ed9c89d280227d743ed4304
21:00:39 [INFO] 🚀 Launching trade for ZEC-USD (APY=80.6%)
21:00:39 [DEBUG] Sending GET https://api.starknet.extended.exchange/api/v1/user/positions?
21:00:39 [DEBUG] Placing an order: id=1520982952491492877518912830182334502251277572300689306995179017596786916715
21:00:39 [DEBUG] Sending POST https://api.starknet.extended.exchange/api/v1/user/order, headers={<RequestHeader.ACCEPT: 'Accept'>: 'application/json', <RequestHeader.CONTENT_TYPE: 'Content-Type'>: 'application/json', <RequestHeader.USER_AGENT: 'User-Agent'>: 'X10PythonTradingClient/0.0.17', <RequestHeader.API_KEY: 'X-Api-Key'>: 'a1c9207f79f0e57ddc454bf1e16dbe49'}
21:00:39 [DEBUG] ✅ JUP-USD: X10=$173,242, Lighter=$3,450,216, Total=$3,623,458
21:00:39 [DEBUG] Lighter: Loaded 115 prices via REST
21:00:39 [DEBUG] Lighter: Funding Refresh OK, cache=116
21:00:39 [DEBUG] 📊 OI→Pred MKR-USD: OI=$9,283, Velocity=0.00, Trend=UNKNOWN
21:00:39 [DEBUG] 📊 OI→Pred ASTER-USD: OI=$13,548,879, Velocity=0.00, Trend=UNKNOWN
21:00:39 [DEBUG] 📊 OI→Pred KAITO-USD: OI=$2,275,712, Velocity=0.00, Trend=UNKNOWN
21:00:39 [DEBUG] 📊 OI→Pred JUP-USD: OI=$3,623,458, Velocity=0.00, Trend=UNKNOWN
21:00:39 [INFO] 🔍 Running periodic exchange sync check...
21:00:39 [INFO] 🔍 Starting Exchange Sync Check...
21:00:39 [DEBUG] Sending GET https://api.starknet.extended.exchange/api/v1/user/positions?
21:00:39 [INFO] Lighter: Found 1 open positions
21:00:39 [DEBUG] ✅ RESOLV-USD verified: No existing positions on exchanges
21:00:39 [DEBUG] 🧠 RESOLV-USD: Prediction conf=0.50, delta=-0.000150
21:00:39 [DEBUG] MIN_NOTIONAL RESOLV-USD: min_base=40.00000000 coins, price=$0.0773, min_qty_usd=$3.09, min_notional_api=$10.00, final=$11.00
21:00:39 [DEBUG] Sending GET https://api.starknet.extended.exchange/api/v1/user/balance
21:00:39 [INFO] ✅ Launched 2 trade tasks this cycle
21:00:40 [INFO] Lighter: Found 1 open positions
21:00:40 [INFO] 🔒 Skipping sync check for JUP-USD (Execution in progress)
21:00:40 [INFO] Lighter: Found 1 open positions
21:00:40 [DEBUG] ✅ ZEC-USD verified: No existing positions on exchanges
21:00:40 [DEBUG] 🧠 ZEC-USD: Prediction conf=0.50, delta=0.000078
21:00:40 [DEBUG] MIN_NOTIONAL ZEC-USD: min_base=0.10000000 coins, price=$366.5890, min_qty_usd=$36.66, min_notional_api=$10.00, final=$40.32
21:00:40 [INFO]  X10 Order: 1996308584678842368
21:00:40 [INFO] ✅ [PARALLEL] JUP-USD: Both legs filled in 1640ms
21:00:40 [DEBUG] 📝 Trade added to state: JUP-USD
21:00:40 [DEBUG] 📝 Flushed 1 writes
21:00:40 [DEBUG] 📝 Flushed 1 writes in 0.0ms
21:00:41 [DEBUG] Fetching fresh positions (force=False, cache_age=1764792041.1s)
21:00:41 [DEBUG] Sending GET https://api.starknet.extended.exchange/api/v1/user/positions?
21:00:41 [DEBUG] ✅ ONDO-USD: X10=$96,262, Lighter=$3,047,180, Total=$3,143,442
21:00:41 [DEBUG] Lighter Balance: Raw=$293.83, Safe=$279.14
21:00:41 [INFO] 🎰 KELLY RESOLV-USD: win_rate=60.0%, kelly_fraction=0.2000, safe_fraction=0.0325, confidence=LOW, samples=0
21:00:41 [INFO] 📊 KELLY SIZE RESOLV-USD: base=$30.0, kelly_recommended=$8.0, final=$30.0
21:00:41 [DEBUG] Sending GET https://api.starknet.extended.exchange/api/v1/user/balance
21:00:41 [INFO] Lighter: Found 1 open positions
21:00:41 [INFO] 📊 Positions: X10=1, Lighter=1
21:00:41 [DEBUG] X10 positions: ['JUP-USD']
21:00:41 [DEBUG] Lighter positions: ['JUP-USD']
21:00:41 [INFO] 🔍 DEBUG JUP-USD: entry_time type=<class 'str'>, value=2025-12-03T20:00:40.473705+00:00
21:00:41 [DEBUG] Check JUP-USD: Age=1.1s (Limit=2700s)
21:00:41 [DEBUG] FeeManager error, using config fallback: 'FeeManager' object has no attribute '_enabled'
21:00:41 [INFO] 🎰 KELLY ZEC-USD: win_rate=60.0%, kelly_fraction=0.2000, safe_fraction=0.0300, confidence=LOW, samples=0
21:00:41 [INFO] 📊 KELLY SIZE ZEC-USD: base=$30.0, kelly_recommended=$7.4, final=$40.3
21:00:41 [DEBUG] 🧹 Cleaned task: JUP-USD
21:00:41 [INFO] 🚀 Opening RESOLV-USD: Size=$30.0 (Min=$11.0)
21:00:41 [INFO] 🔄 [PARALLEL] RESOLV-USD: Lighter POST-ONLY first
21:00:41 [INFO] 🚀 Opening ZEC-USD: Size=$40.3 (Min=$40.3)
21:00:41 [INFO] 🔄 [PARALLEL] ZEC-USD: Lighter POST-ONLY first
21:00:41 [INFO] 🚀 LIGHTER OPEN RESOLV-USD: side=SELL, size_usd=$30.00, price=$0.077299
21:00:41 [DEBUG] 🔍 DEBUG: RESOLV-USD market_id = 51 (raw=51, type=<class 'int'>)
21:00:41 [DEBUG] QUANTIZE RESOLV-USD: USD=30.00, coins=388.103339, raw=388, lot_size=40, final=360
21:00:41 [INFO] 🔄 [PARALLEL] RESOLV-USD: X10 MARKET order
21:00:41 [INFO] 🔄 [PARALLEL] ZEC-USD: X10 MARKET order
21:00:41 [DEBUG] Create Order Tx Info: {"AccountIndex":60113,"ApiKeyIndex":3,"MarketIndex":51,"ClientOrderIndex":1764792051021,"BaseAmount":360,"Price":76835,"IsAsk":1,"Type":0,"TimeInForce":1,"ReduceOnly":0,"TriggerPrice":0,"OrderExpiry":1767211241614,"ExpiredAt":1764792640614,"Nonce":2338,"Sig":"yjGgxOJbFc4iEYOJiu4obDf18BOe3j3gV/eRqKDcziQpCneC6sCCDh2HTc8iKDOG0V5K9Z/UxXbKwgQ/y7EBKRMK3cy3dLnLRtsoKNMTzz8="}
21:00:41 [INFO] 🚀 LIGHTER OPEN ZEC-USD: side=SELL, size_usd=$40.32, price=$364.859000
21:00:41 [DEBUG] 🔍 DEBUG: ZEC-USD market_id = 90 (raw=90, type=<class 'int'>)
21:00:41 [DEBUG] QUANTIZE ZEC-USD: USD=40.32, coins=0.110522, raw=111, lot_size=100, final=100
21:00:41 [DEBUG] Create Order Tx Info: {"AccountIndex":60113,"ApiKeyIndex":3,"MarketIndex":90,"ClientOrderIndex":1764792090861,"BaseAmount":100,"Price":362669,"IsAsk":1,"Type":0,"TimeInForce":1,"ReduceOnly":0,"TriggerPrice":0,"OrderExpiry":1767211241650,"ExpiredAt":1764792640650,"Nonce":2339,"Sig":"8cz0mHeaCqCrX84GIXfoc8SoRSv2etDjvCCsveJ+33oA/fiCjuVnPfKiGJO70eQBv4mjxMXSYBefQNd9IT4fmbAgcQL4sCTuzRDZceIGZg8="}
21:00:41 [DEBUG] Placing an order: id=3046026527771618121601437933089581008215982912619689790848520662547348985499
21:00:41 [DEBUG] Sending POST https://api.starknet.extended.exchange/api/v1/user/order, headers={<RequestHeader.ACCEPT: 'Accept'>: 'application/json', <RequestHeader.CONTENT_TYPE: 'Content-Type'>: 'application/json', <RequestHeader.USER_AGENT: 'User-Agent'>: 'X10PythonTradingClient/0.0.17', <RequestHeader.API_KEY: 'X-Api-Key'>: 'a1c9207f79f0e57ddc454bf1e16dbe49'}
21:00:41 [DEBUG] Placing an order: id=485277696149458669343494666037398388987102626363743639228235624222855873588
21:00:41 [DEBUG] Sending POST https://api.starknet.extended.exchange/api/v1/user/order, headers={<RequestHeader.ACCEPT: 'Accept'>: 'application/json', <RequestHeader.CONTENT_TYPE: 'Content-Type'>: 'application/json', <RequestHeader.USER_AGENT: 'User-Agent'>: 'X10PythonTradingClient/0.0.17', <RequestHeader.API_KEY: 'X-Api-Key'>: 'a1c9207f79f0e57ddc454bf1e16dbe49'}
21:00:41 [DEBUG] Create Order Send Tx Response: code=200 message='{"ratelimit": "didn\'t use volume quota"}' tx_hash='d9967e6fe2a5e330ff042d3d84efa9d35fc87c12e76d7f8287c2a713d3bab7d3b3bd11b566840cc1' predicted_execution_time_ms=1764792032564 additional_properties={}
21:00:41 [INFO] Lighter Order: d9967e6fe2a5e330ff042d3d84efa9d35fc87c12e76d7f8287c2a713d3bab7d3b3bd11b566840cc1
21:00:41 [INFO]  X10 Order: 1996308590693490688
21:00:41 [INFO] ✅ [PARALLEL] RESOLV-USD: Both legs filled in 297ms
21:00:41 [DEBUG] 📝 Trade added to state: RESOLV-USD
21:00:41 [DEBUG] 📝 Flushed 1 writes
21:00:41 [DEBUG] 📝 Flushed 1 writes in 16.0ms
21:00:41 [DEBUG] Create Order Send Tx Response: code=200 message='{"ratelimit": "didn\'t use volume quota"}' tx_hash='9623f200ba8c6aab6ba303c73796b770af77a6576b3dbe6aa65d9da67034b58797de64079a813e8c' predicted_execution_time_ms=1764792032604 additional_properties={}
21:00:41 [INFO] Lighter Order: 9623f200ba8c6aab6ba303c73796b770af77a6576b3dbe6aa65d9da67034b58797de64079a813e8c
21:00:42 [DEBUG] Using cached positions (age: 1.5s)
21:00:42 [INFO] 🔍 DEBUG JUP-USD: entry_time type=<class 'str'>, value=2025-12-03T20:00:40.473705+00:00
21:00:42 [DEBUG] Check JUP-USD: Age=2.1s (Limit=2700s)
21:00:42 [DEBUG] FeeManager error, using config fallback: 'FeeManager' object has no attribute '_enabled'
21:00:42 [INFO] 🔍 DEBUG RESOLV-USD: entry_time type=<class 'str'>, value=2025-12-03T20:00:41.908136+00:00
21:00:42 [DEBUG] Check RESOLV-USD: Age=0.7s (Limit=2700s)
21:00:42 [DEBUG] FeeManager error, using config fallback: 'FeeManager' object has no attribute '_enabled'
21:00:42 [INFO]  X10 Order: 1996308594177409024
21:00:42 [INFO] ✅ [PARALLEL] ZEC-USD: Both legs filled in 1141ms
21:00:42 [DEBUG] 📝 Trade added to state: ZEC-USD
21:00:42 [DEBUG] MAX_OPEN_TRADES (3) reached, waiting...
21:00:42 [DEBUG] 💓 [x10_trades] Alive (uptime=10s, last_msg=0s ago, msgs=25)
21:00:43 [DEBUG] 💓 [lighter] Alive (uptime=10s, last_msg=0s ago, msgs=14558)
21:00:43 [DEBUG] 💓 [x10_account] Alive (uptime=10s, last_msg=0s ago, msgs=18)
21:00:43 [DEBUG] Using cached positions (age: 2.5s)
21:00:43 [INFO] 🔍 DEBUG JUP-USD: entry_time type=<class 'str'>, value=2025-12-03T20:00:40.473705+00:00
21:00:43 [DEBUG] Check JUP-USD: Age=3.1s (Limit=2700s)
21:00:43 [DEBUG] FeeManager error, using config fallback: 'FeeManager' object has no attribute '_enabled'
21:00:43 [INFO] 🔍 DEBUG RESOLV-USD: entry_time type=<class 'str'>, value=2025-12-03T20:00:41.908136+00:00
21:00:43 [DEBUG] Check RESOLV-USD: Age=1.7s (Limit=2700s)
21:00:43 [DEBUG] FeeManager error, using config fallback: 'FeeManager' object has no attribute '_enabled'
21:00:43 [INFO] 🔍 DEBUG ZEC-USD: entry_time type=<class 'str'>, value=2025-12-03T20:00:42.739877+00:00
21:00:43 [DEBUG] Check ZEC-USD: Age=0.8s (Limit=2700s)
21:00:43 [DEBUG] FeeManager error, using config fallback: 'FeeManager' object has no attribute '_enabled'
21:00:43 [DEBUG] 📝 Flushed 1 writes
21:00:43 [DEBUG] 📝 Flushed 1 writes in 0.0ms
21:00:44 [DEBUG] Using cached positions (age: 3.5s)
21:00:44 [INFO] 🔍 DEBUG JUP-USD: entry_time type=<class 'str'>, value=2025-12-03T20:00:40.473705+00:00
21:00:44 [DEBUG] Check JUP-USD: Age=4.1s (Limit=2700s)
21:00:44 [DEBUG] FeeManager error, using config fallback: 'FeeManager' object has no attribute '_enabled'
21:00:44 [INFO] 🔍 DEBUG RESOLV-USD: entry_time type=<class 'str'>, value=2025-12-03T20:00:41.908136+00:00
21:00:44 [DEBUG] Check RESOLV-USD: Age=2.7s (Limit=2700s)
21:00:44 [DEBUG] FeeManager error, using config fallback: 'FeeManager' object has no attribute '_enabled'
21:00:44 [INFO] 🔍 DEBUG ZEC-USD: entry_time type=<class 'str'>, value=2025-12-03T20:00:42.739877+00:00
21:00:44 [DEBUG] Check ZEC-USD: Age=1.8s (Limit=2700s)
21:00:44 [DEBUG] FeeManager error, using config fallback: 'FeeManager' object has no attribute '_enabled'
21:00:44 [DEBUG] ✅ LDO-USD: X10=$149,573, Lighter=$1,764,682, Total=$1,914,255
21:00:45 [DEBUG] Using cached positions (age: 4.5s)
21:00:45 [INFO] 🔍 DEBUG JUP-USD: entry_time type=<class 'str'>, value=2025-12-03T20:00:40.473705+00:00
21:00:45 [DEBUG] Check JUP-USD: Age=5.1s (Limit=2700s)
21:00:45 [DEBUG] FeeManager error, using config fallback: 'FeeManager' object has no attribute '_enabled'
21:00:45 [INFO] 🔍 DEBUG RESOLV-USD: entry_time type=<class 'str'>, value=2025-12-03T20:00:41.908136+00:00
21:00:45 [DEBUG] Check RESOLV-USD: Age=3.7s (Limit=2700s)
21:00:45 [DEBUG] FeeManager error, using config fallback: 'FeeManager' object has no attribute '_enabled'
21:00:45 [INFO] 🔍 DEBUG ZEC-USD: entry_time type=<class 'str'>, value=2025-12-03T20:00:42.739877+00:00
21:00:45 [DEBUG] Check ZEC-USD: Age=2.8s (Limit=2700s)
21:00:45 [DEBUG] FeeManager error, using config fallback: 'FeeManager' object has no attribute '_enabled'
21:00:45 [DEBUG] MAX_OPEN_TRADES (3) reached, waiting...
21:00:46 [DEBUG] Fetching fresh positions (force=False, cache_age=5.5s)
21:00:46 [DEBUG] Sending GET https://api.starknet.extended.exchange/api/v1/user/positions?
21:00:46 [DEBUG] ✅ ADA-USD: X10=$366,158, Lighter=$2,926,730, Total=$3,292,888
21:00:47 [INFO] Lighter: Found 3 open positions
21:00:47 [INFO] 📊 Positions: X10=3, Lighter=3
21:00:47 [DEBUG] X10 positions: ['JUP-USD', 'RESOLV-USD', 'ZEC-USD']
21:00:47 [DEBUG] Lighter positions: ['JUP-USD', 'RESOLV-USD', 'ZEC-USD']
21:00:47 [INFO] 🔍 DEBUG JUP-USD: entry_time type=<class 'str'>, value=2025-12-03T20:00:40.473705+00:00
21:00:47 [DEBUG] Check JUP-USD: Age=6.6s (Limit=2700s)
21:00:47 [DEBUG] FeeManager error, using config fallback: 'FeeManager' object has no attribute '_enabled'
21:00:47 [INFO] 🔍 DEBUG RESOLV-USD: entry_time type=<class 'str'>, value=2025-12-03T20:00:41.908136+00:00
21:00:47 [DEBUG] Check RESOLV-USD: Age=5.1s (Limit=2700s)
21:00:47 [DEBUG] FeeManager error, using config fallback: 'FeeManager' object has no attribute '_enabled'
21:00:47 [INFO] 🔍 DEBUG ZEC-USD: entry_time type=<class 'str'>, value=2025-12-03T20:00:42.739877+00:00
21:00:47 [DEBUG] Check ZEC-USD: Age=4.3s (Limit=2700s)
21:00:47 [DEBUG] FeeManager error, using config fallback: 'FeeManager' object has no attribute '_enabled'
21:00:48 [DEBUG] Using cached positions (age: 1.5s)
21:00:48 [INFO] 🔍 DEBUG JUP-USD: entry_time type=<class 'str'>, value=2025-12-03T20:00:40.473705+00:00
21:00:48 [DEBUG] Check JUP-USD: Age=7.6s (Limit=2700s)
21:00:48 [DEBUG] FeeManager error, using config fallback: 'FeeManager' object has no attribute '_enabled'
21:00:48 [INFO] 🔍 DEBUG RESOLV-USD: entry_time type=<class 'str'>, value=2025-12-03T20:00:41.908136+00:00
21:00:48 [DEBUG] Check RESOLV-USD: Age=6.1s (Limit=2700s)
21:00:48 [DEBUG] FeeManager error, using config fallback: 'FeeManager' object has no attribute '_enabled'
21:00:48 [INFO] 🔍 DEBUG ZEC-USD: entry_time type=<class 'str'>, value=2025-12-03T20:00:42.739877+00:00
21:00:48 [DEBUG] Check ZEC-USD: Age=5.3s (Limit=2700s)
21:00:48 [DEBUG] FeeManager error, using config fallback: 'FeeManager' object has no attribute '_enabled'
21:00:48 [DEBUG] ✅ DOGE-USD: X10=$209,681, Lighter=$18,561,478, Total=$18,771,159
21:00:48 [DEBUG] MAX_OPEN_TRADES (3) reached, waiting...
21:00:49 [DEBUG] Using cached positions (age: 2.5s)
21:00:49 [INFO] 🔍 DEBUG JUP-USD: entry_time type=<class 'str'>, value=2025-12-03T20:00:40.473705+00:00
21:00:49 [DEBUG] Check JUP-USD: Age=8.6s (Limit=2700s)
21:00:49 [DEBUG] FeeManager error, using config fallback: 'FeeManager' object has no attribute '_enabled'
21:00:49 [INFO] 🔍 DEBUG RESOLV-USD: entry_time type=<class 'str'>, value=2025-12-03T20:00:41.908136+00:00
21:00:49 [DEBUG] Check RESOLV-USD: Age=7.1s (Limit=2700s)
21:00:49 [DEBUG] FeeManager error, using config fallback: 'FeeManager' object has no attribute '_enabled'
21:00:49 [INFO] 🔍 DEBUG ZEC-USD: entry_time type=<class 'str'>, value=2025-12-03T20:00:42.739877+00:00
21:00:49 [DEBUG] Check ZEC-USD: Age=6.3s (Limit=2700s)
21:00:49 [DEBUG] FeeManager error, using config fallback: 'FeeManager' object has no attribute '_enabled'
21:00:50 [DEBUG] Using cached positions (age: 3.5s)
21:00:50 [INFO] 🔍 DEBUG JUP-USD: entry_time type=<class 'str'>, value=2025-12-03T20:00:40.473705+00:00
21:00:50 [DEBUG] Check JUP-USD: Age=9.6s (Limit=2700s)
21:00:50 [DEBUG] FeeManager error, using config fallback: 'FeeManager' object has no attribute '_enabled'
21:00:50 [INFO] 🔍 DEBUG RESOLV-USD: entry_time type=<class 'str'>, value=2025-12-03T20:00:41.908136+00:00
21:00:50 [DEBUG] Check RESOLV-USD: Age=8.1s (Limit=2700s)
21:00:50 [DEBUG] FeeManager error, using config fallback: 'FeeManager' object has no attribute '_enabled'
21:00:50 [INFO] 🔍 DEBUG ZEC-USD: entry_time type=<class 'str'>, value=2025-12-03T20:00:42.739877+00:00
21:00:50 [DEBUG] Check ZEC-USD: Age=7.3s (Limit=2700s)
21:00:50 [DEBUG] FeeManager error, using config fallback: 'FeeManager' object has no attribute '_enabled'
21:00:50 [DEBUG] ✅ IP-USD: X10=$315,964, Lighter=$392,683, Total=$708,647
21:00:51 [DEBUG] Using cached positions (age: 4.5s)
21:00:51 [INFO] 🔍 DEBUG JUP-USD: entry_time type=<class 'str'>, value=2025-12-03T20:00:40.473705+00:00
21:00:51 [DEBUG] Check JUP-USD: Age=10.6s (Limit=2700s)
21:00:51 [DEBUG] FeeManager error, using config fallback: 'FeeManager' object has no attribute '_enabled'
21:00:51 [INFO] 🔍 DEBUG RESOLV-USD: entry_time type=<class 'str'>, value=2025-12-03T20:00:41.908136+00:00
21:00:51 [DEBUG] Check RESOLV-USD: Age=9.1s (Limit=2700s)
21:00:51 [DEBUG] FeeManager error, using config fallback: 'FeeManager' object has no attribute '_enabled'
21:00:51 [INFO] 🔍 DEBUG ZEC-USD: entry_time type=<class 'str'>, value=2025-12-03T20:00:42.739877+00:00
21:00:51 [DEBUG] Check ZEC-USD: Age=8.3s (Limit=2700s)
21:00:51 [DEBUG] FeeManager error, using config fallback: 'FeeManager' object has no attribute '_enabled'
21:00:51 [DEBUG] MAX_OPEN_TRADES (3) reached, waiting...
21:00:51 [DEBUG] ✅ FARTCOIN-USD: X10=$461,981, Lighter=$13,529,489, Total=$13,991,469
21:00:52 [DEBUG] Fetching fresh positions (force=False, cache_age=5.4s)
21:00:52 [DEBUG] Sending GET https://api.starknet.extended.exchange/api/v1/user/positions?
21:00:52 [INFO] Lighter: Found 3 open positions
21:00:52 [INFO] 📊 Positions: X10=3, Lighter=3
21:00:52 [DEBUG] X10 positions: ['JUP-USD', 'RESOLV-USD', 'ZEC-USD']
21:00:52 [DEBUG] Lighter positions: ['JUP-USD', 'RESOLV-USD', 'ZEC-USD']
21:00:52 [INFO] 🔍 DEBUG JUP-USD: entry_time type=<class 'str'>, value=2025-12-03T20:00:40.473705+00:00
21:00:52 [DEBUG] Check JUP-USD: Age=12.0s (Limit=2700s)
21:00:52 [DEBUG] FeeManager error, using config fallback: 'FeeManager' object has no attribute '_enabled'
21:00:52 [INFO] 🔍 DEBUG RESOLV-USD: entry_time type=<class 'str'>, value=2025-12-03T20:00:41.908136+00:00
21:00:52 [DEBUG] Check RESOLV-USD: Age=10.6s (Limit=2700s)
21:00:52 [DEBUG] FeeManager error, using config fallback: 'FeeManager' object has no attribute '_enabled'
21:00:52 [INFO] 🔍 DEBUG ZEC-USD: entry_time type=<class 'str'>, value=2025-12-03T20:00:42.739877+00:00
21:00:52 [DEBUG] Check ZEC-USD: Age=9.8s (Limit=2700s)
21:00:52 [DEBUG] FeeManager error, using config fallback: 'FeeManager' object has no attribute '_enabled'
21:00:52 [DEBUG] 💓 [x10_trades] Alive (uptime=20s, last_msg=0s ago, msgs=68)
21:00:53 [DEBUG] 💓 [lighter] Alive (uptime=20s, last_msg=0s ago, msgs=29101)
21:00:53 [DEBUG] 💓 [x10_account] Alive (uptime=20s, last_msg=1s ago, msgs=20)
21:00:53 [DEBUG] Using cached positions (age: 1.5s)
21:00:53 [INFO] 🔍 DEBUG JUP-USD: entry_time type=<class 'str'>, value=2025-12-03T20:00:40.473705+00:00
21:00:53 [DEBUG] Check JUP-USD: Age=13.0s (Limit=2700s)
21:00:53 [DEBUG] FeeManager error, using config fallback: 'FeeManager' object has no attribute '_enabled'
21:00:53 [INFO] 🔍 DEBUG RESOLV-USD: entry_time type=<class 'str'>, value=2025-12-03T20:00:41.908136+00:00
21:00:53 [DEBUG] Check RESOLV-USD: Age=11.6s (Limit=2700s)
21:00:53 [DEBUG] FeeManager error, using config fallback: 'FeeManager' object has no attribute '_enabled'
21:00:53 [INFO] 🔍 DEBUG ZEC-USD: entry_time type=<class 'str'>, value=2025-12-03T20:00:42.739877+00:00
21:00:53 [DEBUG] Check ZEC-USD: Age=10.8s (Limit=2700s)
21:00:53 [DEBUG] FeeManager error, using config fallback: 'FeeManager' object has no attribute '_enabled'
21:00:54 [DEBUG] Using cached positions (age: 2.5s)
21:00:54 [INFO] 🔍 DEBUG JUP-USD: entry_time type=<class 'str'>, value=2025-12-03T20:00:40.473705+00:00
21:00:54 [DEBUG] Check JUP-USD: Age=14.0s (Limit=2700s)
21:00:54 [DEBUG] FeeManager error, using config fallback: 'FeeManager' object has no attribute '_enabled'
21:00:54 [INFO] 🔍 DEBUG RESOLV-USD: entry_time type=<class 'str'>, value=2025-12-03T20:00:41.908136+00:00
21:00:54 [DEBUG] Check RESOLV-USD: Age=12.6s (Limit=2700s)
21:00:54 [DEBUG] FeeManager error, using config fallback: 'FeeManager' object has no attribute '_enabled'
21:00:54 [INFO] 🔍 DEBUG ZEC-USD: entry_time type=<class 'str'>, value=2025-12-03T20:00:42.739877+00:00
21:00:54 [DEBUG] Check ZEC-USD: Age=11.8s (Limit=2700s)
21:00:54 [DEBUG] FeeManager error, using config fallback: 'FeeManager' object has no attribute '_enabled'
21:00:54 [DEBUG] MAX_OPEN_TRADES (3) reached, waiting...
21:00:55 [DEBUG] Using cached positions (age: 3.5s)
21:00:55 [INFO] 🔍 DEBUG JUP-USD: entry_time type=<class 'str'>, value=2025-12-03T20:00:40.473705+00:00
21:00:55 [DEBUG] Check JUP-USD: Age=15.0s (Limit=2700s)
21:00:55 [DEBUG] FeeManager error, using config fallback: 'FeeManager' object has no attribute '_enabled'
21:00:55 [INFO] 🔍 DEBUG RESOLV-USD: entry_time type=<class 'str'>, value=2025-12-03T20:00:41.908136+00:00
21:00:55 [DEBUG] Check RESOLV-USD: Age=13.6s (Limit=2700s)
21:00:55 [DEBUG] FeeManager error, using config fallback: 'FeeManager' object has no attribute '_enabled'
21:00:55 [INFO] 🔍 DEBUG ZEC-USD: entry_time type=<class 'str'>, value=2025-12-03T20:00:42.739877+00:00
21:00:55 [DEBUG] Check ZEC-USD: Age=12.8s (Limit=2700s)
21:00:55 [DEBUG] FeeManager error, using config fallback: 'FeeManager' object has no attribute '_enabled'
21:00:55 [DEBUG] ✅ STRK-USD: X10=$151,902, Lighter=$5,733,468, Total=$5,885,369
21:00:56 [DEBUG] Using cached positions (age: 4.5s)
21:00:56 [INFO] 🔍 DEBUG JUP-USD: entry_time type=<class 'str'>, value=2025-12-03T20:00:40.473705+00:00
21:00:56 [DEBUG] Check JUP-USD: Age=16.0s (Limit=2700s)
21:00:56 [DEBUG] FeeManager error, using config fallback: 'FeeManager' object has no attribute '_enabled'
21:00:56 [INFO] 🔍 DEBUG RESOLV-USD: entry_time type=<class 'str'>, value=2025-12-03T20:00:41.908136+00:00
21:00:56 [DEBUG] Check RESOLV-USD: Age=14.6s (Limit=2700s)
21:00:56 [DEBUG] FeeManager error, using config fallback: 'FeeManager' object has no attribute '_enabled'
21:00:56 [INFO] 🔍 DEBUG ZEC-USD: entry_time type=<class 'str'>, value=2025-12-03T20:00:42.739877+00:00
21:00:56 [DEBUG] Check ZEC-USD: Age=13.8s (Limit=2700s)
21:00:56 [DEBUG] FeeManager error, using config fallback: 'FeeManager' object has no attribute '_enabled'
21:00:57 [DEBUG] ✅ USDJPY-USD: X10=$0, Lighter=$54,810, Total=$54,810
21:00:57 [DEBUG] Fetching fresh positions (force=False, cache_age=5.5s)
21:00:57 [DEBUG] Sending GET https://api.starknet.extended.exchange/api/v1/user/positions?
21:00:57 [DEBUG] MAX_OPEN_TRADES (3) reached, waiting...
21:00:57 [INFO] Lighter: Found 3 open positions
21:00:57 [INFO] 📊 Positions: X10=3, Lighter=3
21:00:57 [DEBUG] X10 positions: ['JUP-USD', 'RESOLV-USD', 'ZEC-USD']
21:00:57 [DEBUG] Lighter positions: ['JUP-USD', 'RESOLV-USD', 'ZEC-USD']
21:00:57 [INFO] 🔍 DEBUG JUP-USD: entry_time type=<class 'str'>, value=2025-12-03T20:00:40.473705+00:00
21:00:57 [DEBUG] Check JUP-USD: Age=17.5s (Limit=2700s)
21:00:57 [DEBUG] FeeManager error, using config fallback: 'FeeManager' object has no attribute '_enabled'
21:00:57 [INFO] 🔍 DEBUG RESOLV-USD: entry_time type=<class 'str'>, value=2025-12-03T20:00:41.908136+00:00
21:00:57 [DEBUG] Check RESOLV-USD: Age=16.0s (Limit=2700s)
21:00:57 [DEBUG] FeeManager error, using config fallback: 'FeeManager' object has no attribute '_enabled'
21:00:57 [INFO] 🔍 DEBUG ZEC-USD: entry_time type=<class 'str'>, value=2025-12-03T20:00:42.739877+00:00
21:00:57 [DEBUG] Check ZEC-USD: Age=15.2s (Limit=2700s)
21:00:57 [DEBUG] FeeManager error, using config fallback: 'FeeManager' object has no attribute '_enabled'
21:00:58 [DEBUG] Using cached positions (age: 1.5s)
21:00:58 [INFO] 🔍 DEBUG JUP-USD: entry_time type=<class 'str'>, value=2025-12-03T20:00:40.473705+00:00
21:00:58 [DEBUG] Check JUP-USD: Age=18.5s (Limit=2700s)
21:00:58 [DEBUG] FeeManager error, using config fallback: 'FeeManager' object has no attribute '_enabled'
21:00:58 [INFO] 🔍 DEBUG RESOLV-USD: entry_time type=<class 'str'>, value=2025-12-03T20:00:41.908136+00:00
21:00:58 [DEBUG] Check RESOLV-USD: Age=17.0s (Limit=2700s)
21:00:58 [DEBUG] FeeManager error, using config fallback: 'FeeManager' object has no attribute '_enabled'
21:00:58 [INFO] 🔍 DEBUG ZEC-USD: entry_time type=<class 'str'>, value=2025-12-03T20:00:42.739877+00:00
21:00:58 [DEBUG] Check ZEC-USD: Age=16.2s (Limit=2700s)
21:00:58 [DEBUG] FeeManager error, using config fallback: 'FeeManager' object has no attribute '_enabled'
21:00:59 [DEBUG] ✅ BERA-USD: X10=$213,978, Lighter=$931,103, Total=$1,145,081
21:00:59 [DEBUG] Using cached positions (age: 2.5s)
21:00:59 [INFO] 🔍 DEBUG JUP-USD: entry_time type=<class 'str'>, value=2025-12-03T20:00:40.473705+00:00
21:00:59 [DEBUG] Check JUP-USD: Age=19.5s (Limit=2700s)
21:00:59 [DEBUG] FeeManager error, using config fallback: 'FeeManager' object has no attribute '_enabled'
21:00:59 [INFO] 🔍 DEBUG RESOLV-USD: entry_time type=<class 'str'>, value=2025-12-03T20:00:41.908136+00:00
21:00:59 [DEBUG] Check RESOLV-USD: Age=18.0s (Limit=2700s)
21:00:59 [DEBUG] FeeManager error, using config fallback: 'FeeManager' object has no attribute '_enabled'
21:00:59 [INFO] 🔍 DEBUG ZEC-USD: entry_time type=<class 'str'>, value=2025-12-03T20:00:42.739877+00:00
21:00:59 [DEBUG] Check ZEC-USD: Age=17.2s (Limit=2700s)
21:00:59 [DEBUG] FeeManager error, using config fallback: 'FeeManager' object has no attribute '_enabled'
21:01:00 [DEBUG] MAX_OPEN_TRADES (3) reached, waiting...
21:01:00 [DEBUG] Using cached positions (age: 3.5s)
21:01:00 [INFO] 🔍 DEBUG JUP-USD: entry_time type=<class 'str'>, value=2025-12-03T20:00:40.473705+00:00
21:01:00 [DEBUG] Check JUP-USD: Age=20.5s (Limit=2700s)
21:01:00 [DEBUG] FeeManager error, using config fallback: 'FeeManager' object has no attribute '_enabled'
21:01:00 [INFO] 🔍 DEBUG RESOLV-USD: entry_time type=<class 'str'>, value=2025-12-03T20:00:41.908136+00:00
21:01:00 [DEBUG] Check RESOLV-USD: Age=19.0s (Limit=2700s)
21:01:00 [DEBUG] FeeManager error, using config fallback: 'FeeManager' object has no attribute '_enabled'
21:01:00 [INFO] 🔍 DEBUG ZEC-USD: entry_time type=<class 'str'>, value=2025-12-03T20:00:42.739877+00:00
21:01:00 [DEBUG] Check ZEC-USD: Age=18.2s (Limit=2700s)
21:01:00 [DEBUG] FeeManager error, using config fallback: 'FeeManager' object has no attribute '_enabled'
21:01:00 [DEBUG] ✅ PENDLE-USD: X10=$176,307, Lighter=$1,158,807, Total=$1,335,114
21:01:01 [DEBUG] Using cached positions (age: 4.5s)
21:01:01 [INFO] 🔍 DEBUG JUP-USD: entry_time type=<class 'str'>, value=2025-12-03T20:00:40.473705+00:00
21:01:01 [DEBUG] Check JUP-USD: Age=21.5s (Limit=2700s)
21:01:01 [DEBUG] FeeManager error, using config fallback: 'FeeManager' object has no attribute '_enabled'
21:01:01 [INFO] 🔍 DEBUG RESOLV-USD: entry_time type=<class 'str'>, value=2025-12-03T20:00:41.908136+00:00
21:01:01 [DEBUG] Check RESOLV-USD: Age=20.0s (Limit=2700s)
21:01:01 [DEBUG] FeeManager error, using config fallback: 'FeeManager' object has no attribute '_enabled'
21:01:01 [INFO] 🔍 DEBUG ZEC-USD: entry_time type=<class 'str'>, value=2025-12-03T20:00:42.739877+00:00
21:01:01 [DEBUG] Check ZEC-USD: Age=19.2s (Limit=2700s)
21:01:01 [DEBUG] FeeManager error, using config fallback: 'FeeManager' object has no attribute '_enabled'
21:01:02 [DEBUG] ✅ WLFI-USD: X10=$835,370, Lighter=$27,973,821, Total=$28,809,191
21:01:02 [DEBUG] Fetching fresh positions (force=False, cache_age=5.5s)
21:01:02 [DEBUG] 💓 [x10_trades] Alive (uptime=30s, last_msg=0s ago, msgs=132)
21:01:02 [DEBUG] Sending GET https://api.starknet.extended.exchange/api/v1/user/positions?
21:01:03 [DEBUG] 💓 [x10_account] Alive (uptime=30s, last_msg=11s ago, msgs=20)
21:01:03 [DEBUG] 💓 [x10_funding] Alive (uptime=30s, last_msg=1s ago, msgs=91)
21:01:03 [DEBUG] 💓 [lighter] Alive (uptime=30s, last_msg=0s ago, msgs=44441)
21:01:03 [INFO] Lighter: Found 3 open positions
21:01:03 [INFO] 📊 Positions: X10=3, Lighter=3
21:01:03 [DEBUG] X10 positions: ['JUP-USD', 'RESOLV-USD', 'ZEC-USD']
21:01:03 [DEBUG] Lighter positions: ['JUP-USD', 'RESOLV-USD', 'ZEC-USD']
21:01:03 [INFO] 🔍 DEBUG JUP-USD: entry_time type=<class 'str'>, value=2025-12-03T20:00:40.473705+00:00
21:01:03 [DEBUG] Check JUP-USD: Age=22.9s (Limit=2700s)
21:01:03 [DEBUG] FeeManager error, using config fallback: 'FeeManager' object has no attribute '_enabled'
21:01:03 [INFO] 🔍 DEBUG RESOLV-USD: entry_time type=<class 'str'>, value=2025-12-03T20:00:41.908136+00:00
21:01:03 [DEBUG] Check RESOLV-USD: Age=21.5s (Limit=2700s)
21:01:03 [DEBUG] FeeManager error, using config fallback: 'FeeManager' object has no attribute '_enabled'
21:01:03 [INFO] 🔍 DEBUG ZEC-USD: entry_time type=<class 'str'>, value=2025-12-03T20:00:42.739877+00:00
21:01:03 [DEBUG] Check ZEC-USD: Age=20.7s (Limit=2700s)
21:01:03 [DEBUG] FeeManager error, using config fallback: 'FeeManager' object has no attribute '_enabled'
21:01:03 [DEBUG] MAX_OPEN_TRADES (3) reached, waiting...
21:01:04 [DEBUG] Using cached positions (age: 1.4s)
21:01:04 [INFO] 🔍 DEBUG JUP-USD: entry_time type=<class 'str'>, value=2025-12-03T20:00:40.473705+00:00
21:01:04 [DEBUG] Check JUP-USD: Age=23.9s (Limit=2700s)
21:01:04 [DEBUG] FeeManager error, using config fallback: 'FeeManager' object has no attribute '_enabled'
21:01:04 [INFO] 🔍 DEBUG RESOLV-USD: entry_time type=<class 'str'>, value=2025-12-03T20:00:41.908136+00:00
21:01:04 [DEBUG] Check RESOLV-USD: Age=22.5s (Limit=2700s)
21:01:04 [DEBUG] FeeManager error, using config fallback: 'FeeManager' object has no attribute '_enabled'
21:01:04 [INFO] 🔍 DEBUG ZEC-USD: entry_time type=<class 'str'>, value=2025-12-03T20:00:42.739877+00:00
21:01:04 [DEBUG] Check ZEC-USD: Age=21.6s (Limit=2700s)
21:01:04 [DEBUG] FeeManager error, using config fallback: 'FeeManager' object has no attribute '_enabled'
21:01:05 [DEBUG] Using cached positions (age: 2.4s)
21:01:05 [INFO] 🔍 DEBUG JUP-USD: entry_time type=<class 'str'>, value=2025-12-03T20:00:40.473705+00:00
21:01:05 [DEBUG] Check JUP-USD: Age=24.9s (Limit=2700s)
21:01:05 [DEBUG] FeeManager error, using config fallback: 'FeeManager' object has no attribute '_enabled'
21:01:05 [INFO] 🔍 DEBUG RESOLV-USD: entry_time type=<class 'str'>, value=2025-12-03T20:00:41.908136+00:00
21:01:05 [DEBUG] Check RESOLV-USD: Age=23.5s (Limit=2700s)
21:01:05 [DEBUG] FeeManager error, using config fallback: 'FeeManager' object has no attribute '_enabled'
21:01:05 [INFO] 🔍 DEBUG ZEC-USD: entry_time type=<class 'str'>, value=2025-12-03T20:00:42.739877+00:00
21:01:05 [DEBUG] Check ZEC-USD: Age=22.6s (Limit=2700s)
21:01:05 [DEBUG] FeeManager error, using config fallback: 'FeeManager' object has no attribute '_enabled'
21:01:06 [DEBUG] 🐕 Watchdog OK: Daten-Alter 2.3s
21:01:06 [DEBUG] 📊 Task health: 7 alive, 0 dead
21:01:06 [DEBUG] Using cached positions (age: 3.4s)
21:01:06 [INFO] 🔍 DEBUG JUP-USD: entry_time type=<class 'str'>, value=2025-12-03T20:00:40.473705+00:00
21:01:06 [DEBUG] Check JUP-USD: Age=25.9s (Limit=2700s)
21:01:06 [DEBUG] FeeManager error, using config fallback: 'FeeManager' object has no attribute '_enabled'
21:01:06 [INFO] 🔍 DEBUG RESOLV-USD: entry_time type=<class 'str'>, value=2025-12-03T20:00:41.908136+00:00
21:01:06 [DEBUG] Check RESOLV-USD: Age=24.5s (Limit=2700s)
21:01:06 [DEBUG] FeeManager error, using config fallback: 'FeeManager' object has no attribute '_enabled'
21:01:06 [INFO] 🔍 DEBUG ZEC-USD: entry_time type=<class 'str'>, value=2025-12-03T20:00:42.739877+00:00
21:01:06 [DEBUG] Check ZEC-USD: Age=23.6s (Limit=2700s)
21:01:06 [DEBUG] FeeManager error, using config fallback: 'FeeManager' object has no attribute '_enabled'
21:01:06 [DEBUG] ✅ CRV-USD: X10=$202,635, Lighter=$2,403,387, Total=$2,606,023
21:01:06 [DEBUG] MAX_OPEN_TRADES (3) reached, waiting...
21:01:07 [DEBUG] Using cached positions (age: 4.4s)
21:01:07 [INFO] 🔍 DEBUG JUP-USD: entry_time type=<class 'str'>, value=2025-12-03T20:00:40.473705+00:00
21:01:07 [DEBUG] Check JUP-USD: Age=26.9s (Limit=2700s)
21:01:07 [DEBUG] FeeManager error, using config fallback: 'FeeManager' object has no attribute '_enabled'
21:01:07 [INFO] 🔍 DEBUG RESOLV-USD: entry_time type=<class 'str'>, value=2025-12-03T20:00:41.908136+00:00
21:01:07 [DEBUG] Check RESOLV-USD: Age=25.5s (Limit=2700s)
21:01:07 [DEBUG] FeeManager error, using config fallback: 'FeeManager' object has no attribute '_enabled'
21:01:07 [INFO] 🔍 DEBUG ZEC-USD: entry_time type=<class 'str'>, value=2025-12-03T20:00:42.739877+00:00
21:01:07 [DEBUG] Check ZEC-USD: Age=24.7s (Limit=2700s)
21:01:07 [DEBUG] FeeManager error, using config fallback: 'FeeManager' object has no attribute '_enabled'
21:01:08 [DEBUG] ✅ ENA-USD: X10=$217,947, Lighter=$20,322,151, Total=$20,540,098
21:01:08 [DEBUG] Fetching fresh positions (force=False, cache_age=5.4s)
21:01:08 [DEBUG] Sending GET https://api.starknet.extended.exchange/api/v1/user/positions?
21:01:08 [INFO] Lighter: Found 3 open positions
21:01:08 [INFO] 📊 Positions: X10=3, Lighter=3
21:01:08 [DEBUG] X10 positions: ['JUP-USD', 'RESOLV-USD', 'ZEC-USD']
21:01:08 [DEBUG] Lighter positions: ['JUP-USD', 'RESOLV-USD', 'ZEC-USD']
21:01:08 [INFO] 🔍 DEBUG JUP-USD: entry_time type=<class 'str'>, value=2025-12-03T20:00:40.473705+00:00
21:01:08 [DEBUG] Check JUP-USD: Age=28.4s (Limit=2700s)
21:01:08 [DEBUG] FeeManager error, using config fallback: 'FeeManager' object has no attribute '_enabled'
21:01:08 [INFO] 🔍 DEBUG RESOLV-USD: entry_time type=<class 'str'>, value=2025-12-03T20:00:41.908136+00:00
21:01:08 [DEBUG] Check RESOLV-USD: Age=26.9s (Limit=2700s)
21:01:08 [DEBUG] FeeManager error, using config fallback: 'FeeManager' object has no attribute '_enabled'
21:01:08 [INFO] 🔍 DEBUG ZEC-USD: entry_time type=<class 'str'>, value=2025-12-03T20:00:42.739877+00:00
21:01:08 [DEBUG] Check ZEC-USD: Age=26.1s (Limit=2700s)
21:01:08 [DEBUG] FeeManager error, using config fallback: 'FeeManager' object has no attribute '_enabled'
21:01:08 [INFO] 🚜 [FARM] Profit Take ZEC-USD: Age=26s, Spread=0.010% (sehr niedrig), PnL=$0.00
21:01:08 [INFO]  💸 EXIT ZEC-USD: FARM_QUICK_PROFIT | Gross PnL: $0.00 | Fees: $0.00 | Net PnL: $0.00
21:01:08 [INFO]  🔻 CLOSING ZEC-USD (Atomic Smart Close)...
21:01:09 [INFO] Lighter: Found 3 open positions
21:01:09 [INFO] 🔍 DEBUG close_live_position ENTRY: symbol=ZEC-USD (type=<class 'str'>)
21:01:09 [INFO] 🔍 DEBUG: original_side=BUY (type=<class 'str'>)
21:01:09 [INFO] 🔍 DEBUG: notional_usd=36.085300000000004 (type=<class 'float'>)
21:01:09 [INFO] Lighter: Found 3 open positions
21:01:09 [INFO] 🔻 LIGHTER CLOSE ZEC-USD: size=-0.100000 coins, side=BUY, price=$360.8530, notional=$36.09
21:01:09 [INFO] 🚀 LIGHTER OPEN ZEC-USD: side=BUY, size_usd=$36.09, price=$360.853000
21:01:09 [DEBUG] 🔍 DEBUG: ZEC-USD market_id = 90 (raw=90, type=<class 'int'>)
21:01:09 [DEBUG] QUANTIZE ZEC-USD: USD=36.09, coins=0.100000, raw=100, lot_size=100, final=100
21:01:09 [DEBUG] Create Order Tx Info: {"AccountIndex":60113,"ApiKeyIndex":3,"MarketIndex":90,"ClientOrderIndex":1764792095590,"BaseAmount":100,"Price":363019,"IsAsk":0,"Type":0,"TimeInForce":1,"ReduceOnly":1,"TriggerPrice":0,"OrderExpiry":1767211269754,"ExpiredAt":1764792668754,"Nonce":2340,"Sig":"x/1IgC9CFxNzjnX1wkUi7prwsls6bENNiu4J7nG8Tzi8/znfecRnAxeVNEr/cuY3zdIj78/GEEckrGqUlWyLfYg2bkaEtPcFPK+SzO4lAzo="}
21:01:09 [DEBUG] MAX_OPEN_TRADES (3) reached, waiting...
21:01:09 [DEBUG] ✅ TRX-USD: X10=$390,248, Lighter=$7,366,535, Total=$7,756,784
21:01:10 [DEBUG] Create Order Send Tx Response: code=200 message='{"ratelimit": "didn\'t use volume quota"}' tx_hash='beaab2e04dc11a5cc1603e52d94724de85704ee9bbc90ac7c188a14c54edf2821e25db6596d769b0' predicted_execution_time_ms=1764792060704 additional_properties={}
21:01:10 [INFO] Lighter Order: beaab2e04dc11a5cc1603e52d94724de85704ee9bbc90ac7c188a14c54edf2821e25db6596d769b0
21:01:10 [INFO] ✅ Lighter close ZEC-USD: Erfolgreich ($36.09)
21:01:10 [INFO] ✅ Lighter ZEC-USD OK, closing X10...
21:01:10 [DEBUG] 📊 OI→Pred MKR-USD: OI=$9,283, Velocity=0.00, Trend=UNKNOWN
21:01:10 [DEBUG] 📊 OI→Pred ASTER-USD: OI=$13,548,879, Velocity=0.00, Trend=UNKNOWN
21:01:10 [DEBUG] 📊 OI→Pred KAITO-USD: OI=$2,275,712, Velocity=0.00, Trend=UNKNOWN
21:01:10 [DEBUG] 📊 OI→Pred JUP-USD: OI=$3,623,458, Velocity=0.00, Trend=UNKNOWN
21:01:10 [DEBUG] 📊 OI→Pred ONDO-USD: OI=$3,143,442, Velocity=0.00, Trend=UNKNOWN
21:01:10 [DEBUG] 📊 OI→Pred LDO-USD: OI=$1,914,255, Velocity=0.00, Trend=UNKNOWN
21:01:10 [DEBUG] 📊 OI→Pred ADA-USD: OI=$3,292,888, Velocity=0.00, Trend=UNKNOWN
21:01:10 [DEBUG] 📊 OI→Pred DOGE-USD: OI=$18,771,159, Velocity=0.00, Trend=UNKNOWN
21:01:10 [DEBUG] 📊 OI→Pred IP-USD: OI=$708,647, Velocity=0.00, Trend=UNKNOWN
21:01:10 [DEBUG] 📊 OI→Pred FARTCOIN-USD: OI=$13,991,469, Velocity=0.00, Trend=UNKNOWN
21:01:10 [DEBUG] 📊 OI→Pred STRK-USD: OI=$5,885,369, Velocity=0.00, Trend=UNKNOWN
21:01:10 [DEBUG] 📊 OI→Pred USDJPY-USD: OI=$54,810, Velocity=0.00, Trend=UNKNOWN
21:01:10 [DEBUG] 📊 OI→Pred BERA-USD: OI=$1,145,081, Velocity=0.00, Trend=UNKNOWN
21:01:10 [DEBUG] 📊 OI→Pred PENDLE-USD: OI=$1,335,114, Velocity=0.00, Trend=UNKNOWN
21:01:10 [DEBUG] 📊 OI→Pred WLFI-USD: OI=$28,809,191, Velocity=0.00, Trend=UNKNOWN
21:01:10 [DEBUG] 📊 OI→Pred CRV-USD: OI=$2,606,023, Velocity=0.00, Trend=UNKNOWN
21:01:10 [DEBUG] 📊 OI→Pred ENA-USD: OI=$20,540,098, Velocity=0.00, Trend=UNKNOWN
21:01:10 [DEBUG] 📊 OI→Pred TRX-USD: OI=$7,756,784, Velocity=0.00, Trend=UNKNOWN
21:01:11 [DEBUG] ✅ XRP-USD: X10=$450,263, Lighter=$3,953,719, Total=$4,403,982
21:01:12 [INFO] 🛑 Initiating shutdown...
21:01:12 [DEBUG] Cancelled task: maintenance_loop
21:01:12 [DEBUG] Cancelled task: cleanup_finished_tasks
21:01:12 [DEBUG] Cancelled task: health_reporter
21:01:12 [DEBUG] Cancelled task: farm_loop
21:01:12 [DEBUG] Cancelled task: logic_loop
21:01:12 [DEBUG] Cancelled task: trade_management_loop
21:01:12 [DEBUG] Cancelled task: connection_watchdog
21:01:12 [INFO] Logic loop cancelled
21:01:12 [INFO] Connection watchdog cancelled
21:01:13 [INFO] 🔌 [x10_trades] WebSocket stopped
21:01:13 [DEBUG] ✅ XAG-USD: X10=$0, Lighter=$51,599, Total=$51,599
21:01:17 [ERROR] WebSocket stop error: 
21:01:17 [INFO] 🛑 Rollback processor: Shutdown signal received
21:01:17 [INFO] ✅ ParallelExecutionManager: Stopped
21:01:17 [INFO] 🛑 Stopping InMemoryStateManager...
21:01:17 [INFO] 📝 State writer loop stopped
21:01:17 [INFO] ✅ InMemoryStateManager stopped
21:01:17 [INFO] ✅ Shutdown complete
21:01:17 [INFO] 🛑 Shutting down...
21:01:17 [INFO] 🛑 Shutdown requested...
21:01:17 [INFO] ✅ ParallelExecutionManager: Stopped
21:01:17 [INFO] 🔌 [lighter] WebSocket stopped
21:01:17 [INFO] 🔌 [x10_trades] WebSocket stopped
21:01:17 [INFO] 🔌 [x10_account] WebSocket stopped
21:01:17 [INFO] 🔌 [x10_funding] WebSocket stopped
21:01:17 [INFO] ✅ WebSocketManager stopped
21:01:17 [INFO] ✅ OpenInterestTracker stopped
21:01:17 [INFO] 🛑 Stopping InMemoryStateManager...
21:01:17 [INFO] ✅ InMemoryStateManager stopped
21:01:17 [INFO] 🔒 Closing database...
21:01:17 [INFO] 🖊️ Database write loop stopped
21:01:17 [INFO] ✅ Database closed
21:01:17 [DEBUG] FeeManager stop error: 'FeeManager' object has no attribute '_refresh_task'
21:01:17 [INFO] ✅ X10 Adapter geschlossen.
21:01:17 [INFO] ✅ Lighter Adapter closed
21:01:17 [INFO] ✅ Bot V5 shutdown complete
