14:20:02 [INFO]  CONFIG VALIDIERUNG abgeschlossen.
14:20:02 [INFO] 🔥 BOT V5 (Architected) STARTING...
14:20:02 [INFO] 🚀 Starting InMemoryStateManager...
14:20:02 [INFO] 📂 Initializing database: data/trades.db
14:20:02 [DEBUG] executing <function connect.<locals>.connector at 0x000001FD7926F6A0>
14:20:02 [DEBUG] operation <function connect.<locals>.connector at 0x000001FD7926F6A0> completed
14:20:02 [DEBUG] executing functools.partial(<built-in method execute of sqlite3.Connection object at 0x000001FD79288F40>, 'PRAGMA foreign_keys=ON', [])
14:20:02 [DEBUG] operation functools.partial(<built-in method execute of sqlite3.Connection object at 0x000001FD79288F40>, 'PRAGMA foreign_keys=ON', []) completed
14:20:02 [DEBUG] executing <function connect.<locals>.connector at 0x000001FD7926FA60>
14:20:02 [DEBUG] operation <function connect.<locals>.connector at 0x000001FD7926FA60> completed
14:20:02 [DEBUG] executing functools.partial(<built-in method execute of sqlite3.Connection object at 0x000001FD79289210>, 'PRAGMA foreign_keys=ON', [])
14:20:02 [DEBUG] operation functools.partial(<built-in method execute of sqlite3.Connection object at 0x000001FD79289210>, 'PRAGMA foreign_keys=ON', []) completed
14:20:02 [DEBUG] executing <function connect.<locals>.connector at 0x000001FD7926FC40>
14:20:02 [DEBUG] operation <function connect.<locals>.connector at 0x000001FD7926FC40> completed
14:20:02 [DEBUG] executing functools.partial(<built-in method execute of sqlite3.Connection object at 0x000001FD792896C0>, 'PRAGMA foreign_keys=ON', [])
14:20:02 [DEBUG] operation functools.partial(<built-in method execute of sqlite3.Connection object at 0x000001FD792896C0>, 'PRAGMA foreign_keys=ON', []) completed
14:20:02 [DEBUG] executing <function connect.<locals>.connector at 0x000001FD7926F4C0>
14:20:02 [DEBUG] operation <function connect.<locals>.connector at 0x000001FD7926F4C0> completed
14:20:02 [DEBUG] executing functools.partial(<built-in method execute of sqlite3.Connection object at 0x000001FD79289C60>, 'PRAGMA foreign_keys=ON', [])
14:20:02 [DEBUG] operation functools.partial(<built-in method execute of sqlite3.Connection object at 0x000001FD79289C60>, 'PRAGMA foreign_keys=ON', []) completed
14:20:02 [DEBUG] executing <function connect.<locals>.connector at 0x000001FD7926FEC0>
14:20:02 [DEBUG] operation <function connect.<locals>.connector at 0x000001FD7926FEC0> completed
14:20:02 [DEBUG] executing functools.partial(<built-in method execute of sqlite3.Connection object at 0x000001FD7928A020>, 'PRAGMA foreign_keys=ON', [])
14:20:02 [DEBUG] operation functools.partial(<built-in method execute of sqlite3.Connection object at 0x000001FD7928A020>, 'PRAGMA foreign_keys=ON', []) completed
14:20:02 [INFO] ✅ Read pool created: 5 connections
14:20:02 [DEBUG] executing <function connect.<locals>.connector at 0x000001FD7926FE20>
14:20:02 [DEBUG] operation <function connect.<locals>.connector at 0x000001FD7926FE20> completed
14:20:02 [DEBUG] executing functools.partial(<built-in method execute of sqlite3.Connection object at 0x000001FD7928A2F0>, 'PRAGMA foreign_keys=ON', [])
14:20:02 [DEBUG] operation functools.partial(<built-in method execute of sqlite3.Connection object at 0x000001FD7928A2F0>, 'PRAGMA foreign_keys=ON', []) completed
14:20:02 [DEBUG] executing functools.partial(<built-in method execute of sqlite3.Connection object at 0x000001FD7928A2F0>, 'PRAGMA journal_mode=WAL', [])
14:20:02 [DEBUG] operation functools.partial(<built-in method execute of sqlite3.Connection object at 0x000001FD7928A2F0>, 'PRAGMA journal_mode=WAL', []) completed
14:20:02 [DEBUG] executing functools.partial(<built-in method execute of sqlite3.Connection object at 0x000001FD7928A2F0>, 'PRAGMA synchronous=NORMAL', [])
14:20:02 [DEBUG] operation functools.partial(<built-in method execute of sqlite3.Connection object at 0x000001FD7928A2F0>, 'PRAGMA synchronous=NORMAL', []) completed
14:20:02 [INFO] ✅ WAL mode enabled
14:20:02 [INFO] 🔄 Running database migrations...
14:20:02 [DEBUG] executing functools.partial(<built-in method execute of sqlite3.Connection object at 0x000001FD7928A2F0>, "\n            CREATE TABLE IF NOT EXISTS trades (\n                id INTEGER PRIMARY KEY AUTOINCREMENT,\n                symbol TEXT NOT NULL,\n                side_x10 TEXT NOT NULL,\n                side_lighter TEXT NOT NULL,\n                size_usd REAL NOT NULL,\n                entry_price_x10 REAL,\n                entry_price_lighter REAL,\n                status TEXT DEFAULT 'open',\n                is_farm_trade INTEGER DEFAULT 0,\n                created_at INTEGER NOT NULL,\n                closed_at INTEGER,\n                pnl REAL DEFAULT 0,\n                funding_collected REAL DEFAULT 0,\n                account_label TEXT,\n                x10_order_id TEXT,\n                lighter_order_id TEXT,\n                UNIQUE(symbol, status) ON CONFLICT REPLACE\n            )\n            ", [])
14:20:02 [DEBUG] operation functools.partial(<built-in method execute of sqlite3.Connection object at 0x000001FD7928A2F0>, "\n            CREATE TABLE IF NOT EXISTS trades (\n                id INTEGER PRIMARY KEY AUTOINCREMENT,\n                symbol TEXT NOT NULL,\n                side_x10 TEXT NOT NULL,\n                side_lighter TEXT NOT NULL,\n                size_usd REAL NOT NULL,\n                entry_price_x10 REAL,\n                entry_price_lighter REAL,\n                status TEXT DEFAULT 'open',\n                is_farm_trade INTEGER DEFAULT 0,\n                created_at INTEGER NOT NULL,\n                closed_at INTEGER,\n                pnl REAL DEFAULT 0,\n                funding_collected REAL DEFAULT 0,\n                account_label TEXT,\n                x10_order_id TEXT,\n                lighter_order_id TEXT,\n                UNIQUE(symbol, status) ON CONFLICT REPLACE\n            )\n            ", []) completed
14:20:02 [DEBUG] executing functools.partial(<built-in method execute of sqlite3.Connection object at 0x000001FD7928A2F0>, '\n            CREATE INDEX IF NOT EXISTS idx_trades_symbol ON trades(symbol)\n            ', [])
14:20:02 [DEBUG] operation functools.partial(<built-in method execute of sqlite3.Connection object at 0x000001FD7928A2F0>, '\n            CREATE INDEX IF NOT EXISTS idx_trades_symbol ON trades(symbol)\n            ', []) completed
14:20:02 [DEBUG] executing functools.partial(<built-in method execute of sqlite3.Connection object at 0x000001FD7928A2F0>, '\n            CREATE INDEX IF NOT EXISTS idx_trades_status ON trades(status)\n            ', [])
14:20:02 [DEBUG] operation functools.partial(<built-in method execute of sqlite3.Connection object at 0x000001FD7928A2F0>, '\n            CREATE INDEX IF NOT EXISTS idx_trades_status ON trades(status)\n            ', []) completed
14:20:02 [DEBUG] executing functools.partial(<built-in method execute of sqlite3.Connection object at 0x000001FD7928A2F0>, '\n            CREATE INDEX IF NOT EXISTS idx_trades_created ON trades(created_at)\n            ', [])
14:20:02 [DEBUG] operation functools.partial(<built-in method execute of sqlite3.Connection object at 0x000001FD7928A2F0>, '\n            CREATE INDEX IF NOT EXISTS idx_trades_created ON trades(created_at)\n            ', []) completed
14:20:02 [DEBUG] executing functools.partial(<built-in method execute of sqlite3.Connection object at 0x000001FD7928A2F0>, '\n            CREATE TABLE IF NOT EXISTS funding_history (\n                id INTEGER PRIMARY KEY AUTOINCREMENT,\n                symbol TEXT NOT NULL,\n                exchange TEXT NOT NULL,\n                rate REAL NOT NULL,\n                timestamp INTEGER NOT NULL,\n                collected_amount REAL DEFAULT 0\n            )\n            ', [])
14:20:02 [DEBUG] operation functools.partial(<built-in method execute of sqlite3.Connection object at 0x000001FD7928A2F0>, '\n            CREATE TABLE IF NOT EXISTS funding_history (\n                id INTEGER PRIMARY KEY AUTOINCREMENT,\n                symbol TEXT NOT NULL,\n                exchange TEXT NOT NULL,\n                rate REAL NOT NULL,\n                timestamp INTEGER NOT NULL,\n                collected_amount REAL DEFAULT 0\n            )\n            ', []) completed
14:20:02 [DEBUG] executing functools.partial(<built-in method execute of sqlite3.Connection object at 0x000001FD7928A2F0>, '\n            CREATE INDEX IF NOT EXISTS idx_funding_symbol_ts \n            ON funding_history(symbol, timestamp)\n            ', [])
14:20:02 [DEBUG] operation functools.partial(<built-in method execute of sqlite3.Connection object at 0x000001FD7928A2F0>, '\n            CREATE INDEX IF NOT EXISTS idx_funding_symbol_ts \n            ON funding_history(symbol, timestamp)\n            ', []) completed
14:20:02 [DEBUG] executing functools.partial(<built-in method execute of sqlite3.Connection object at 0x000001FD7928A2F0>, '\n            CREATE TABLE IF NOT EXISTS execution_log (\n                id INTEGER PRIMARY KEY AUTOINCREMENT,\n                symbol TEXT NOT NULL,\n                action TEXT NOT NULL,\n                exchange TEXT NOT NULL,\n                success INTEGER NOT NULL,\n                order_id TEXT,\n                error TEXT,\n                latency_ms REAL,\n                timestamp INTEGER NOT NULL\n            )\n            ', [])
14:20:02 [DEBUG] operation functools.partial(<built-in method execute of sqlite3.Connection object at 0x000001FD7928A2F0>, '\n            CREATE TABLE IF NOT EXISTS execution_log (\n                id INTEGER PRIMARY KEY AUTOINCREMENT,\n                symbol TEXT NOT NULL,\n                action TEXT NOT NULL,\n                exchange TEXT NOT NULL,\n                success INTEGER NOT NULL,\n                order_id TEXT,\n                error TEXT,\n                latency_ms REAL,\n                timestamp INTEGER NOT NULL\n            )\n            ', []) completed
14:20:02 [DEBUG] executing functools.partial(<built-in method execute of sqlite3.Connection object at 0x000001FD7928A2F0>, '\n            CREATE TABLE IF NOT EXISTS bot_state (\n                key TEXT PRIMARY KEY,\n                value TEXT NOT NULL,\n                updated_at INTEGER NOT NULL\n            )\n            ', [])
14:20:02 [DEBUG] operation functools.partial(<built-in method execute of sqlite3.Connection object at 0x000001FD7928A2F0>, '\n            CREATE TABLE IF NOT EXISTS bot_state (\n                key TEXT PRIMARY KEY,\n                value TEXT NOT NULL,\n                updated_at INTEGER NOT NULL\n            )\n            ', []) completed
14:20:02 [DEBUG] executing functools.partial(<built-in method execute of sqlite3.Connection object at 0x000001FD7928A2F0>, '\n            CREATE TABLE IF NOT EXISTS pnl_snapshots (\n                id INTEGER PRIMARY KEY AUTOINCREMENT,\n                timestamp INTEGER NOT NULL,\n                total_pnl REAL NOT NULL,\n                unrealized_pnl REAL NOT NULL,\n                realized_pnl REAL NOT NULL,\n                funding_pnl REAL NOT NULL,\n                trade_count INTEGER NOT NULL\n            )\n            ', [])
14:20:02 [DEBUG] operation functools.partial(<built-in method execute of sqlite3.Connection object at 0x000001FD7928A2F0>, '\n            CREATE TABLE IF NOT EXISTS pnl_snapshots (\n                id INTEGER PRIMARY KEY AUTOINCREMENT,\n                timestamp INTEGER NOT NULL,\n                total_pnl REAL NOT NULL,\n                unrealized_pnl REAL NOT NULL,\n                realized_pnl REAL NOT NULL,\n                funding_pnl REAL NOT NULL,\n                trade_count INTEGER NOT NULL\n            )\n            ', []) completed
14:20:02 [DEBUG] executing functools.partial(<built-in method execute of sqlite3.Connection object at 0x000001FD7928A2F0>, '\n            CREATE INDEX IF NOT EXISTS idx_pnl_ts ON pnl_snapshots(timestamp)\n            ', [])
14:20:02 [DEBUG] operation functools.partial(<built-in method execute of sqlite3.Connection object at 0x000001FD7928A2F0>, '\n            CREATE INDEX IF NOT EXISTS idx_pnl_ts ON pnl_snapshots(timestamp)\n            ', []) completed
14:20:02 [DEBUG] executing functools.partial(<built-in method execute of sqlite3.Connection object at 0x000001FD7928A2F0>, '\n            CREATE TABLE IF NOT EXISTS _migrations (\n                id INTEGER PRIMARY KEY,\n                name TEXT NOT NULL,\n                applied_at INTEGER NOT NULL\n            )\n            ', [])
14:20:02 [DEBUG] operation functools.partial(<built-in method execute of sqlite3.Connection object at 0x000001FD7928A2F0>, '\n            CREATE TABLE IF NOT EXISTS _migrations (\n                id INTEGER PRIMARY KEY,\n                name TEXT NOT NULL,\n                applied_at INTEGER NOT NULL\n            )\n            ', []) completed
14:20:02 [DEBUG] executing functools.partial(<built-in method commit of sqlite3.Connection object at 0x000001FD7928A2F0>)
14:20:02 [DEBUG] operation functools.partial(<built-in method commit of sqlite3.Connection object at 0x000001FD7928A2F0>) completed
14:20:02 [INFO] ✅ Migrations complete (11 statements)
14:20:02 [INFO] ✅ Database initialized
14:20:02 [DEBUG] executing functools.partial(<built-in method execute of sqlite3.Connection object at 0x000001FD79288F40>, "SELECT * FROM trades WHERE status = 'open' ORDER BY created_at DESC", ())
14:20:02 [INFO] 🖊️ Database write loop started
14:20:02 [DEBUG] operation functools.partial(<built-in method execute of sqlite3.Connection object at 0x000001FD79288F40>, "SELECT * FROM trades WHERE status = 'open' ORDER BY created_at DESC", ()) completed
14:20:02 [DEBUG] executing functools.partial(<built-in method fetchall of sqlite3.Cursor object at 0x000001FD792672C0>)
14:20:02 [DEBUG] operation functools.partial(<built-in method fetchall of sqlite3.Cursor object at 0x000001FD792672C0>) completed
14:20:02 [DEBUG] executing functools.partial(<built-in method close of sqlite3.Cursor object at 0x000001FD792672C0>)
14:20:02 [DEBUG] operation functools.partial(<built-in method close of sqlite3.Cursor object at 0x000001FD792672C0>) completed
14:20:02 [INFO] 📂 Loaded 4 trades from database
14:20:02 [INFO] ✅ InMemoryStateManager started (loaded 4 trades)
14:20:02 [INFO] ✅ State Manager started
14:20:02 [INFO]  Telegram Bot disabled (Token/ChatID missing).
14:20:02 [INFO] ✅ Async database initialized
14:20:02 [DEBUG] executing <function connect.<locals>.connector at 0x000001FD79290400>
14:20:02 [INFO] 📝 State writer loop started
14:20:02 [DEBUG] operation <function connect.<locals>.connector at 0x000001FD79290400> completed
14:20:02 [DEBUG] executing functools.partial(<built-in method execute of sqlite3.Connection object at 0x000001FD7928AB60>, "\n                CREATE TABLE IF NOT EXISTS trade_history (\n                    id INTEGER PRIMARY KEY AUTOINCREMENT,\n                    symbol TEXT NOT NULL,\n                    entry_time TIMESTAMP,\n                    exit_time TIMESTAMP,\n                    hold_duration_hours REAL,\n                    close_reason TEXT,\n                    final_pnl_usd REAL,\n                    funding_pnl_usd REAL,\n                    spread_pnl_usd REAL,\n                    fees_usd REAL,\n                    account_label TEXT DEFAULT 'Main'\n                )\n            ", [])
14:20:02 [DEBUG] operation functools.partial(<built-in method execute of sqlite3.Connection object at 0x000001FD7928AB60>, "\n                CREATE TABLE IF NOT EXISTS trade_history (\n                    id INTEGER PRIMARY KEY AUTOINCREMENT,\n                    symbol TEXT NOT NULL,\n                    entry_time TIMESTAMP,\n                    exit_time TIMESTAMP,\n                    hold_duration_hours REAL,\n                    close_reason TEXT,\n                    final_pnl_usd REAL,\n                    funding_pnl_usd REAL,\n                    spread_pnl_usd REAL,\n                    fees_usd REAL,\n                    account_label TEXT DEFAULT 'Main'\n                )\n            ", []) completed
14:20:02 [DEBUG] executing functools.partial(<built-in method commit of sqlite3.Connection object at 0x000001FD7928AB60>)
14:20:02 [DEBUG] operation functools.partial(<built-in method commit of sqlite3.Connection object at 0x000001FD7928AB60>) completed
14:20:02 [DEBUG] executing functools.partial(<built-in method execute of sqlite3.Connection object at 0x000001FD7928AB60>, 'PRAGMA table_info(trade_history)', [])
14:20:02 [DEBUG] operation functools.partial(<built-in method execute of sqlite3.Connection object at 0x000001FD7928AB60>, 'PRAGMA table_info(trade_history)', []) completed
14:20:02 [DEBUG] executing functools.partial(<built-in method fetchall of sqlite3.Cursor object at 0x000001FD792670C0>)
14:20:02 [DEBUG] operation functools.partial(<built-in method fetchall of sqlite3.Cursor object at 0x000001FD792670C0>) completed
14:20:02 [DEBUG] ✅ Database schema up to date
14:20:02 [DEBUG] executing functools.partial(<built-in method close of sqlite3.Connection object at 0x000001FD7928AB60>)
14:20:02 [DEBUG] operation functools.partial(<built-in method close of sqlite3.Connection object at 0x000001FD7928AB60>) completed
14:20:02 [INFO] Initialisiere X10 Adapter...
14:20:02 [INFO]  X10 Account initialisiert.
14:20:02 [INFO] Initialisiere Lighter Adapter...
14:20:02 [INFO] 📊 Loading Market Data via REST...
14:20:02 [DEBUG] Sending GET https://api.starknet.extended.exchange/api/v1/info/markets?
14:20:02 [INFO] ⚙️ Lighter: Loading markets...
14:20:02 [DEBUG] Starting new HTTPS connection (1): mainnet.zklighter.elliot.ai:443
14:20:03 [DEBUG] https://mainnet.zklighter.elliot.ai:443 "GET /api/v1/nextNonce?account_index=60113&api_key_index=3 HTTP/1.1" 200 25
14:20:09 [INFO]  X10: 91 Märkte geladen, 91 Funding Rates, 78 Preise
14:21:00 [INFO] ✅ Lighter: 118/118 markets loaded (100.0%)
14:21:00 [INFO] ✅ Markets loaded: X10=91, Lighter=118
14:21:00 [INFO] FundingPredictorV2 initialized with BTC Correlation
14:21:00 [INFO] 启动 OI Tracker für 70 Symbole...
14:21:00 [INFO] ✅ OpenInterestTracker started (interval=30.0s)
14:21:00 [INFO] 🌐 Starting WebSocket Manager...
14:21:00 [INFO] 📊 OI Tracker: Starting cycle 1 (70 symbols)
14:21:00 [INFO] 🔌 [lighter] WebSocket manager started
14:21:00 [INFO] 🔌 [x10] WebSocket manager started
14:21:00 [INFO] ✅ WebSocketManager started
14:21:01 [DEBUG] ✅ LINEA-USD: X10=$71,329, Lighter=$83,082,154, Total=$83,153,483
14:21:01 [INFO] ✅ [lighter] Connected to wss://mainnet.zklighter.elliot.ai/stream
14:21:01 [DEBUG] [lighter] Subscribed to trade/49
14:21:01 [DEBUG] [lighter] Subscribed to order_book/50
14:21:01 [DEBUG] [lighter] Subscribed to trade/50
14:21:01 [INFO] ✅ [x10] Connected to wss://api.starknet.extended.exchange/stream.extended.exchange/v1/account
14:21:02 [DEBUG] [lighter] Subscribed to order_book/51
14:21:02 [DEBUG] [lighter] Subscribed to trade/51
14:21:02 [DEBUG] [lighter] Subscribed to trade/17
14:21:02 [DEBUG] [lighter] Subscribed to order_book/26
14:21:02 [DEBUG] [lighter] Subscribed to trade/26
14:21:02 [DEBUG] [lighter] Subscribed to order_book/4
14:21:02 [DEBUG] [lighter] Subscribed to order_book/24
14:21:02 [DEBUG] [lighter] Subscribed to trade/24
14:21:02 [DEBUG] [lighter] Subscribed to order_book/42
14:21:02 [DEBUG] [lighter] Subscribed to trade/42
14:21:02 [DEBUG] [lighter] Subscribed to market_stats/all
14:21:02 [DEBUG] [lighter] Subscribed to order_book/71
14:21:02 [DEBUG] [lighter] Subscribed to trade/71
14:21:02 [DEBUG] [lighter] Subscribed to order_book/23
14:21:02 [DEBUG] [lighter] Subscribed to trade/23
14:21:02 [DEBUG] [lighter] Subscribed to trade/4
14:21:02 [DEBUG] [lighter] Subscribed to order_book/43
14:21:02 [DEBUG] [lighter] Subscribed to trade/43
14:21:02 [DEBUG] [lighter] Subscribed to order_book/36
14:21:02 [DEBUG] [lighter] Subscribed to trade/36
14:21:02 [DEBUG] [lighter] Subscribed to trade/53
14:21:02 [DEBUG] [lighter] Subscribed to order_book/25
14:21:02 [DEBUG] [lighter] Subscribed to trade/25
14:21:02 [DEBUG] [lighter] Subscribed to order_book/35
14:21:02 [DEBUG] [lighter] Subscribed to trade/35
14:21:02 [DEBUG] [lighter] Subscribed to trade/93
14:21:02 [DEBUG] [lighter] Subscribed to order_book/38
14:21:02 [DEBUG] [lighter] Subscribed to trade/38
14:21:02 [DEBUG] [lighter] Subscribed to order_book/33
14:21:02 [DEBUG] [lighter] Subscribed to trade/33
14:21:02 [DEBUG] [lighter] Subscribed to order_book/37
14:21:02 [DEBUG] [lighter] Subscribed to order_book/83
14:21:02 [DEBUG] [lighter] Subscribed to trade/83
14:21:02 [DEBUG] executing functools.partial(<built-in method execute of sqlite3.Connection object at 0x000001FD79289210>, "SELECT * FROM trades WHERE status = 'open' ORDER BY created_at DESC", ())
14:21:02 [DEBUG] [lighter] Subscribed to order_book/52
14:21:02 [DEBUG] [lighter] Subscribed to trade/52
14:21:02 [DEBUG] [lighter] Subscribed to order_book/13
14:21:02 [DEBUG] operation functools.partial(<built-in method execute of sqlite3.Connection object at 0x000001FD79289210>, "SELECT * FROM trades WHERE status = 'open' ORDER BY created_at DESC", ()) completed
14:21:02 [DEBUG] executing functools.partial(<built-in method fetchall of sqlite3.Cursor object at 0x000001FD7F918CC0>)
14:21:02 [DEBUG] operation functools.partial(<built-in method fetchall of sqlite3.Cursor object at 0x000001FD7F918CC0>) completed
14:21:02 [DEBUG] executing functools.partial(<built-in method close of sqlite3.Cursor object at 0x000001FD7F918CC0>)
14:21:02 [DEBUG] operation functools.partial(<built-in method close of sqlite3.Cursor object at 0x000001FD7F918CC0>) completed
14:21:02 [DEBUG] [lighter] Subscribed to order_book/8
14:21:02 [DEBUG] [lighter] Subscribed to trade/8
14:21:02 [DEBUG] [lighter] Subscribed to order_book/41
14:21:02 [DEBUG] [lighter] Subscribed to trade/41
14:21:02 [DEBUG] [lighter] Subscribed to trade/5
14:21:02 [DEBUG] [lighter] Subscribed to order_book/6
14:21:02 [DEBUG] [lighter] Subscribed to trade/6
14:21:02 [DEBUG] [lighter] Subscribed to trade/2
14:21:03 [DEBUG] [lighter] Subscribed to order_book/60
14:21:03 [DEBUG] [lighter] Subscribed to trade/60
14:21:03 [DEBUG] [lighter] Subscribed to order_book/7
14:21:03 [DEBUG] [lighter] Subscribed to trade/7
14:21:03 [DEBUG] [lighter] Subscribed to order_book/91
14:21:03 [DEBUG] [lighter] Subscribed to order_book/90
14:21:03 [DEBUG] [lighter] Subscribed to trade/90
14:21:03 [DEBUG] [lighter] Subscribed to order_book/10
14:21:03 [DEBUG] [lighter] Subscribed to trade/10
14:21:03 [DEBUG] [lighter] Subscribed to trade/92
14:21:03 [DEBUG] [lighter] Subscribed to order_book/94
14:21:03 [DEBUG] [lighter] Subscribed to trade/94
14:21:03 [DEBUG] [lighter] Subscribed to order_book/3
14:21:03 [DEBUG] [lighter] Subscribed to trade/3
14:21:03 [DEBUG] [lighter] Subscribed to trade/67
14:21:03 [DEBUG] [lighter] Subscribed to order_book/65
14:21:03 [DEBUG] [lighter] Subscribed to trade/65
14:21:03 [DEBUG] [lighter] Subscribed to order_book/86
14:21:03 [DEBUG] [lighter] Subscribed to trade/86
14:21:03 [DEBUG] [lighter] Subscribed to order_book/92
14:21:03 [DEBUG] [lighter] Subscribed to order_book/89
14:21:03 [DEBUG] [lighter] Subscribed to trade/89
14:21:03 [DEBUG] [lighter] Subscribed to order_book/93
14:21:03 [DEBUG] [lighter] Subscribed to order_book/20
14:21:03 [DEBUG] [lighter] Subscribed to trade/20
14:21:03 [DEBUG] [lighter] Subscribed to order_book/98
14:21:03 [DEBUG] [lighter] Subscribed to trade/98
14:21:03 [DEBUG] [lighter] Subscribed to order_book/32
14:21:03 [DEBUG] [lighter] Subscribed to order_book/29
14:21:03 [DEBUG] [lighter] Subscribed to trade/29
14:21:03 [DEBUG] [lighter] Subscribed to order_book/21
14:21:03 [DEBUG] [lighter] Subscribed to trade/21
14:21:03 [DEBUG] [lighter] Subscribed to order_book/18
14:21:03 [DEBUG] [lighter] Subscribed to trade/18
14:21:03 [DEBUG] [lighter] Subscribed to order_book/2
14:21:03 [DEBUG] [lighter] Subscribed to order_book/39
14:21:03 [DEBUG] [lighter] Subscribed to trade/39
14:21:03 [DEBUG] [lighter] Subscribed to trade/15
14:21:03 [DEBUG] [lighter] Subscribed to order_book/27
14:21:03 [DEBUG] [lighter] Subscribed to trade/27
14:21:03 [DEBUG] [lighter] Subscribed to order_book/72
14:21:03 [DEBUG] [lighter] Subscribed to trade/72
14:21:03 [DEBUG] [lighter] Subscribed to order_book/82
14:21:03 [DEBUG] [lighter] Subscribed to trade/82
14:21:03 [DEBUG] [lighter] Subscribed to trade/91
14:21:04 [DEBUG] [lighter] Subscribed to order_book/45
14:21:04 [DEBUG] [lighter] Subscribed to trade/45
14:21:04 [DEBUG] [lighter] Subscribed to order_book/76
14:21:04 [DEBUG] [lighter] Subscribed to order_book/46
14:21:04 [DEBUG] [lighter] Subscribed to trade/46
14:21:04 [DEBUG] [lighter] Subscribed to order_book/30
14:21:04 [DEBUG] [lighter] Subscribed to trade/30
14:21:04 [DEBUG] [lighter] Subscribed to order_book/5
14:21:04 [DEBUG] [lighter] Subscribed to order_book/47
14:21:04 [DEBUG] [lighter] Subscribed to trade/47
14:21:04 [DEBUG] [lighter] Subscribed to order_book/31
14:21:04 [DEBUG] [lighter] Subscribed to trade/31
14:21:04 [DEBUG] [lighter] Subscribed to order_book/12
14:21:04 [DEBUG] [lighter] Subscribed to trade/12
14:21:04 [DEBUG] [lighter] Subscribed to order_book/104
14:21:04 [DEBUG] [lighter] Subscribed to order_book/28
14:21:04 [DEBUG] [lighter] Subscribed to trade/28
14:21:04 [DEBUG] [lighter] Subscribed to order_book/11
14:21:04 [DEBUG] [lighter] Subscribed to trade/11
14:21:04 [DEBUG] [lighter] Subscribed to trade/104
14:21:04 [DEBUG] [lighter] Subscribed to order_book/1
14:21:04 [DEBUG] [lighter] Subscribed to trade/1
14:21:04 [DEBUG] [lighter] Subscribed to order_book/34
14:21:04 [DEBUG] [lighter] Subscribed to trade/34
14:21:04 [DEBUG] [lighter] Subscribed to trade/63
14:21:04 [DEBUG] [lighter] Subscribed to order_book/55
14:21:04 [DEBUG] [lighter] Subscribed to trade/55
14:21:04 [DEBUG] [lighter] Subscribed to order_book/49
14:21:04 [DEBUG] [lighter] Subscribed to order_book/9
14:21:04 [DEBUG] [lighter] Subscribed to trade/9
14:21:04 [DEBUG] [lighter] Subscribed to order_book/40
14:21:04 [DEBUG] [lighter] Subscribed to trade/40
14:21:04 [DEBUG] [lighter] Subscribed to trade/76
14:21:04 [DEBUG] [lighter] Subscribed to order_book/16
14:21:04 [DEBUG] [lighter] Subscribed to trade/16
14:21:04 [DEBUG] [lighter] Subscribed to order_book/103
14:21:04 [DEBUG] [lighter] Subscribed to trade/103
14:21:04 [DEBUG] [lighter] Subscribed to order_book/53
14:21:04 [DEBUG] [x10] Subscribed to orderbooks/LINEA/USD
14:21:04 [DEBUG] [x10] Subscribed to publicTrades/LINEA/USD
14:21:04 [DEBUG] [x10] Subscribed to funding/LINEA/USD
14:21:04 [DEBUG] [x10] Subscribed to orderbooks/SEI/USD
14:21:04 [DEBUG] [x10] Subscribed to publicTrades/SEI/USD
14:21:04 [DEBUG] [x10] Subscribed to funding/SEI/USD
14:21:04 [DEBUG] [lighter] Subscribed to trade/58
14:21:04 [DEBUG] [x10] Subscribed to orderbooks/STRK/USD
14:21:04 [DEBUG] [x10] Subscribed to publicTrades/STRK/USD
14:21:04 [DEBUG] [x10] Subscribed to funding/STRK/USD
14:21:05 [DEBUG] [x10] Subscribed to orderbooks/XAG/USD
14:21:05 [DEBUG] [x10] Subscribed to publicTrades/XAG/USD
14:21:05 [DEBUG] [x10] Subscribed to funding/XAG/USD
14:21:05 [DEBUG] [lighter] Subscribed to order_book/63
14:21:05 [DEBUG] [x10] Subscribed to orderbooks/XAU/USD
14:21:05 [DEBUG] [x10] Subscribed to publicTrades/XAU/USD
14:21:05 [DEBUG] [x10] Subscribed to funding/XAU/USD
14:21:05 [DEBUG] [x10] Subscribed to orderbooks/MNT/USD
14:21:05 [DEBUG] [x10] Subscribed to publicTrades/MNT/USD
14:21:05 [DEBUG] [x10] Subscribed to funding/MNT/USD
14:21:05 [DEBUG] [lighter] Subscribed to order_book/17
14:21:05 [DEBUG] [x10] Subscribed to orderbooks/BCH/USD
14:21:05 [DEBUG] [x10] Subscribed to publicTrades/BCH/USD
14:21:05 [DEBUG] [x10] Subscribed to funding/BCH/USD
14:21:05 [DEBUG] [x10] Subscribed to orderbooks/TIA/USD
14:21:05 [DEBUG] [x10] Subscribed to publicTrades/TIA/USD
14:21:05 [DEBUG] [x10] Subscribed to funding/TIA/USD
14:21:05 [DEBUG] [lighter] Subscribed to order_book/15
14:21:05 [DEBUG] [x10] Subscribed to orderbooks/TRUMP/USD
14:21:05 [DEBUG] [x10] Subscribed to publicTrades/TRUMP/USD
14:21:05 [DEBUG] [x10] Subscribed to funding/TRUMP/USD
14:21:05 [DEBUG] [lighter] Subscribed to trade/37
14:21:05 [DEBUG] [x10] Subscribed to orderbooks/SOL/USD
14:21:05 [DEBUG] [x10] Subscribed to publicTrades/SOL/USD
14:21:05 [DEBUG] [x10] Subscribed to funding/SOL/USD
14:21:05 [DEBUG] [x10] Subscribed to orderbooks/ETH/USD
14:21:05 [DEBUG] [x10] Subscribed to publicTrades/ETH/USD
14:21:05 [DEBUG] [x10] Subscribed to funding/ETH/USD
14:21:05 [DEBUG] [lighter] Subscribed to order_book/58
14:21:05 [DEBUG] ✅ SEI-USD: X10=$183,410, Lighter=$8,986,672, Total=$9,170,082
14:21:05 [DEBUG] [x10] Subscribed to orderbooks/1000SHIB/USD
14:21:05 [DEBUG] [x10] Subscribed to publicTrades/1000SHIB/USD
14:21:05 [DEBUG] [x10] Subscribed to funding/1000SHIB/USD
14:21:05 [DEBUG] [x10] Subscribed to orderbooks/ZORA/USD
14:21:05 [DEBUG] [x10] Subscribed to publicTrades/ZORA/USD
14:21:05 [DEBUG] [x10] Subscribed to funding/ZORA/USD
14:21:05 [DEBUG] [lighter] Subscribed to trade/32
14:21:05 [DEBUG] [x10] Subscribed to orderbooks/MON/USD
14:21:05 [DEBUG] [x10] Subscribed to publicTrades/MON/USD
14:21:05 [DEBUG] [x10] Subscribed to funding/MON/USD
14:21:05 [DEBUG] [x10] Subscribed to orderbooks/PENDLE/USD
14:21:05 [DEBUG] [x10] Subscribed to publicTrades/PENDLE/USD
14:21:05 [DEBUG] [x10] Subscribed to funding/PENDLE/USD
14:21:05 [DEBUG] [lighter] Subscribed to order_book/67
14:21:05 [DEBUG] [x10] Subscribed to orderbooks/1000PEPE/USD
14:21:05 [DEBUG] [x10] Subscribed to publicTrades/1000PEPE/USD
14:21:05 [DEBUG] [x10] Subscribed to funding/1000PEPE/USD
14:21:05 [DEBUG] [x10] Subscribed to orderbooks/WIF/USD
14:21:05 [DEBUG] [x10] Subscribed to publicTrades/WIF/USD
14:21:05 [DEBUG] [x10] Subscribed to funding/WIF/USD
14:21:05 [DEBUG] [lighter] Subscribed to trade/13
14:21:05 [DEBUG] [x10] Subscribed to orderbooks/EIGEN/USD
14:21:05 [DEBUG] [x10] Subscribed to publicTrades/EIGEN/USD
14:21:05 [DEBUG] [x10] Subscribed to funding/EIGEN/USD
14:21:05 [DEBUG] [x10] Subscribed to orderbooks/TAO/USD
14:21:05 [DEBUG] [x10] Subscribed to publicTrades/TAO/USD
14:21:05 [DEBUG] [x10] Subscribed to funding/TAO/USD
14:21:05 [DEBUG] [x10] Subscribed to orderbooks/ARB/USD
14:21:05 [DEBUG] [x10] Subscribed to publicTrades/ARB/USD
14:21:05 [DEBUG] [x10] Subscribed to funding/ARB/USD
14:21:05 [DEBUG] [x10] Subscribed to orderbooks/RESOLV/USD
14:21:05 [DEBUG] [x10] Subscribed to publicTrades/RESOLV/USD
14:21:05 [DEBUG] [x10] Subscribed to funding/RESOLV/USD
14:21:05 [DEBUG] [x10] Subscribed to orderbooks/JUP/USD
14:21:05 [DEBUG] [x10] Subscribed to publicTrades/JUP/USD
14:21:05 [DEBUG] [x10] Subscribed to funding/JUP/USD
14:21:05 [DEBUG] [x10] Subscribed to orderbooks/HYPE/USD
14:21:05 [DEBUG] [x10] Subscribed to publicTrades/HYPE/USD
14:21:05 [DEBUG] [x10] Subscribed to funding/HYPE/USD
14:21:06 [DEBUG] [x10] Subscribed to orderbooks/SPX/USD
14:21:06 [DEBUG] [x10] Subscribed to publicTrades/SPX/USD
14:21:06 [DEBUG] [x10] Subscribed to funding/SPX/USD
14:21:06 [DEBUG] [x10] Subscribed to orderbooks/XPL/USD
14:21:06 [DEBUG] [x10] Subscribed to publicTrades/XPL/USD
14:21:06 [DEBUG] [x10] Subscribed to funding/XPL/USD
14:21:06 [DEBUG] [x10] Subscribed to orderbooks/POPCAT/USD
14:21:06 [DEBUG] [x10] Subscribed to publicTrades/POPCAT/USD
14:21:06 [DEBUG] [x10] Subscribed to funding/POPCAT/USD
14:21:06 [DEBUG] [x10] Subscribed to orderbooks/TRX/USD
14:21:06 [DEBUG] [x10] Subscribed to publicTrades/TRX/USD
14:21:06 [DEBUG] [x10] Subscribed to funding/TRX/USD
14:21:06 [DEBUG] [x10] Subscribed to orderbooks/CRV/USD
14:21:06 [DEBUG] [x10] Subscribed to publicTrades/CRV/USD
14:21:06 [DEBUG] [x10] Subscribed to funding/CRV/USD
14:21:06 [DEBUG] [x10] Subscribed to orderbooks/BNB/USD
14:21:06 [DEBUG] [x10] Subscribed to publicTrades/BNB/USD
14:21:06 [DEBUG] [x10] Subscribed to funding/BNB/USD
14:21:06 [DEBUG] [x10] Subscribed to orderbooks/LTC/USD
14:21:06 [DEBUG] [x10] Subscribed to publicTrades/LTC/USD
14:21:06 [DEBUG] [x10] Subscribed to funding/LTC/USD
14:21:06 [DEBUG] [x10] Subscribed to orderbooks/ONDO/USD
14:21:06 [DEBUG] [x10] Subscribed to publicTrades/ONDO/USD
14:21:06 [DEBUG] [x10] Subscribed to funding/ONDO/USD
14:21:06 [DEBUG] [x10] Subscribed to orderbooks/KAITO/USD
14:21:06 [DEBUG] [x10] Subscribed to publicTrades/KAITO/USD
14:21:06 [DEBUG] [x10] Subscribed to funding/KAITO/USD
14:21:06 [DEBUG] [x10] Subscribed to orderbooks/ASTER/USD
14:21:06 [DEBUG] [x10] Subscribed to publicTrades/ASTER/USD
14:21:06 [DEBUG] [x10] Subscribed to funding/ASTER/USD
14:21:06 [DEBUG] [x10] Subscribed to orderbooks/GRASS/USD
14:21:06 [DEBUG] [x10] Subscribed to publicTrades/GRASS/USD
14:21:06 [DEBUG] [x10] Subscribed to funding/GRASS/USD
14:21:06 [DEBUG] [x10] Subscribed to orderbooks/LINK/USD
14:21:06 [DEBUG] [x10] Subscribed to publicTrades/LINK/USD
14:21:06 [DEBUG] [x10] Subscribed to funding/LINK/USD
14:21:06 [DEBUG] [x10] Subscribed to orderbooks/VIRTUAL/USD
14:21:06 [DEBUG] [x10] Subscribed to publicTrades/VIRTUAL/USD
14:21:06 [DEBUG] [x10] Subscribed to funding/VIRTUAL/USD
14:21:06 [DEBUG] [x10] Subscribed to orderbooks/WLD/USD
14:21:06 [DEBUG] [x10] Subscribed to publicTrades/WLD/USD
14:21:06 [DEBUG] [x10] Subscribed to funding/WLD/USD
14:21:06 [DEBUG] [x10] Subscribed to orderbooks/ZRO/USD
14:21:06 [DEBUG] [x10] Subscribed to publicTrades/ZRO/USD
14:21:06 [DEBUG] [x10] Subscribed to funding/ZRO/USD
14:21:06 [DEBUG] [x10] Subscribed to orderbooks/XRP/USD
14:21:06 [DEBUG] [x10] Subscribed to publicTrades/XRP/USD
14:21:06 [DEBUG] [x10] Subscribed to funding/XRP/USD
14:21:06 [DEBUG] [x10] Subscribed to orderbooks/ZEC/USD
14:21:06 [DEBUG] [x10] Subscribed to publicTrades/ZEC/USD
14:21:06 [DEBUG] [x10] Subscribed to funding/ZEC/USD
14:21:06 [DEBUG] [x10] Subscribed to orderbooks/NEAR/USD
14:21:06 [DEBUG] [x10] Subscribed to publicTrades/NEAR/USD
14:21:06 [DEBUG] [x10] Subscribed to funding/NEAR/USD
14:21:06 [DEBUG] [x10] Subscribed to orderbooks/MEGA/USD
14:21:06 [DEBUG] [x10] Subscribed to publicTrades/MEGA/USD
14:21:06 [DEBUG] [x10] Subscribed to funding/MEGA/USD
14:21:06 [DEBUG] [x10] Subscribed to orderbooks/DOGE/USD
14:21:06 [DEBUG] [x10] Subscribed to publicTrades/DOGE/USD
14:21:06 [DEBUG] [x10] Subscribed to funding/DOGE/USD
14:21:06 [DEBUG] [x10] Subscribed to orderbooks/AERO/USD
14:21:06 [DEBUG] [x10] Subscribed to publicTrades/AERO/USD
14:21:06 [DEBUG] [x10] Subscribed to funding/AERO/USD
14:21:07 [DEBUG] [x10] Subscribed to orderbooks/APEX/USD
14:21:07 [DEBUG] [x10] Subscribed to publicTrades/APEX/USD
14:21:07 [DEBUG] [x10] Subscribed to funding/APEX/USD
14:21:07 [DEBUG] [x10] Subscribed to orderbooks/EDEN/USD
14:21:07 [DEBUG] [x10] Subscribed to publicTrades/EDEN/USD
14:21:07 [DEBUG] [x10] Subscribed to funding/EDEN/USD
14:21:07 [DEBUG] [x10] Subscribed to orderbooks/BERA/USD
14:21:07 [DEBUG] [x10] Subscribed to publicTrades/BERA/USD
14:21:07 [DEBUG] [x10] Subscribed to funding/BERA/USD
14:21:07 [DEBUG] [x10] Subscribed to orderbooks/USDJPY/USD
14:21:07 [DEBUG] [x10] Subscribed to publicTrades/USDJPY/USD
14:21:07 [DEBUG] [x10] Subscribed to funding/USDJPY/USD
14:21:07 [DEBUG] [x10] Subscribed to orderbooks/ENA/USD
14:21:07 [DEBUG] [x10] Subscribed to publicTrades/ENA/USD
14:21:07 [DEBUG] [x10] Subscribed to funding/ENA/USD
14:21:07 [DEBUG] [x10] Subscribed to orderbooks/FARTCOIN/USD
14:21:07 [DEBUG] [x10] Subscribed to publicTrades/FARTCOIN/USD
14:21:07 [DEBUG] [x10] Subscribed to funding/FARTCOIN/USD
14:21:07 [DEBUG] [x10] Subscribed to orderbooks/1000BONK/USD
14:21:07 [DEBUG] [x10] Subscribed to publicTrades/1000BONK/USD
14:21:07 [DEBUG] [x10] Subscribed to funding/1000BONK/USD
14:21:07 [DEBUG] [x10] Subscribed to orderbooks/ADA/USD
14:21:07 [DEBUG] [x10] Subscribed to publicTrades/ADA/USD
14:21:07 [DEBUG] [x10] Subscribed to funding/ADA/USD
14:21:07 [DEBUG] [x10] Subscribed to orderbooks/AAVE/USD
14:21:07 [DEBUG] [x10] Subscribed to publicTrades/AAVE/USD
14:21:07 [DEBUG] [x10] Subscribed to funding/AAVE/USD
14:21:07 [DEBUG] [x10] Subscribed to orderbooks/WLFI/USD
14:21:07 [DEBUG] [x10] Subscribed to publicTrades/WLFI/USD
14:21:07 [DEBUG] [x10] Subscribed to funding/WLFI/USD
14:21:07 [DEBUG] [x10] Subscribed to orderbooks/AVNT/USD
14:21:07 [DEBUG] [x10] Subscribed to publicTrades/AVNT/USD
14:21:07 [DEBUG] [x10] Subscribed to funding/AVNT/USD
14:21:07 [DEBUG] [x10] Subscribed to orderbooks/PUMP/USD
14:21:07 [DEBUG] [x10] Subscribed to publicTrades/PUMP/USD
14:21:07 [DEBUG] [x10] Subscribed to funding/PUMP/USD
14:21:07 [DEBUG] [x10] Subscribed to orderbooks/LDO/USD
14:21:07 [DEBUG] [x10] Subscribed to publicTrades/LDO/USD
14:21:07 [DEBUG] [x10] Subscribed to funding/LDO/USD
14:21:07 [DEBUG] [x10] Subscribed to orderbooks/UNI/USD
14:21:07 [DEBUG] [x10] Subscribed to publicTrades/UNI/USD
14:21:07 [DEBUG] [x10] Subscribed to funding/UNI/USD
14:21:07 [DEBUG] [x10] Subscribed to orderbooks/PENGU/USD
14:21:07 [DEBUG] [x10] Subscribed to publicTrades/PENGU/USD
14:21:07 [DEBUG] [x10] Subscribed to funding/PENGU/USD
14:21:07 [DEBUG] [x10] Subscribed to orderbooks/APT/USD
14:21:07 [DEBUG] [x10] Subscribed to publicTrades/APT/USD
14:21:07 [DEBUG] [x10] Subscribed to funding/APT/USD
14:21:07 [DEBUG] [x10] Subscribed to orderbooks/TON/USD
14:21:07 [DEBUG] [x10] Subscribed to publicTrades/TON/USD
14:21:07 [DEBUG] [x10] Subscribed to funding/TON/USD
14:21:07 [DEBUG] [x10] Subscribed to orderbooks/MKR/USD
14:21:07 [DEBUG] [x10] Subscribed to publicTrades/MKR/USD
14:21:07 [DEBUG] [x10] Subscribed to funding/MKR/USD
14:21:07 [DEBUG] [x10] Subscribed to orderbooks/DOT/USD
14:21:07 [DEBUG] [x10] Subscribed to publicTrades/DOT/USD
14:21:07 [DEBUG] [x10] Subscribed to funding/DOT/USD
14:21:07 [DEBUG] [x10] Subscribed to orderbooks/BTC/USD
14:21:07 [DEBUG] [x10] Subscribed to publicTrades/BTC/USD
14:21:07 [DEBUG] [x10] Subscribed to funding/BTC/USD
14:21:07 [DEBUG] [x10] Subscribed to orderbooks/IP/USD
14:21:07 [DEBUG] [x10] Subscribed to publicTrades/IP/USD
14:21:07 [DEBUG] [x10] Subscribed to funding/IP/USD
14:21:08 [DEBUG] [x10] Subscribed to orderbooks/OP/USD
14:21:08 [DEBUG] [x10] Subscribed to publicTrades/OP/USD
14:21:08 [DEBUG] [x10] Subscribed to funding/OP/USD
14:21:08 [DEBUG] [x10] Subscribed to orderbooks/AVAX/USD
14:21:08 [DEBUG] [x10] Subscribed to publicTrades/AVAX/USD
14:21:08 [DEBUG] [x10] Subscribed to funding/AVAX/USD
14:21:08 [DEBUG] [x10] Subscribed to orderbooks/S/USD
14:21:08 [DEBUG] [x10] Subscribed to publicTrades/S/USD
14:21:08 [DEBUG] [x10] Subscribed to funding/S/USD
14:21:08 [DEBUG] [x10] Subscribed to orderbooks/SUI/USD
14:21:08 [DEBUG] [x10] Subscribed to publicTrades/SUI/USD
14:21:08 [DEBUG] [x10] Subscribed to funding/SUI/USD
14:21:08 [DEBUG] [x10] Subscribed to orderbooks/FIL/USD
14:21:08 [DEBUG] [x10] Subscribed to publicTrades/FIL/USD
14:21:08 [DEBUG] [x10] Subscribed to funding/FIL/USD
14:21:08 [INFO] 🔗 Components Wired: WS -> OI Tracker -> Prediction
14:21:08 [INFO] ✅ ParallelExecutionManager: Rollback processor started
14:21:08 [INFO] ✅ ParallelExecutionManager started
14:21:08 [INFO] 📝 Registered task: logic_loop (critical=True)
14:21:08 [INFO] 📝 Registered task: trade_management_loop (critical=True)
14:21:08 [INFO] 📝 Registered task: farm_loop (critical=False)
14:21:08 [INFO] 📝 Registered task: maintenance_loop (critical=False)
14:21:08 [INFO] 📝 Registered task: cleanup_finished_tasks (critical=False)
14:21:08 [INFO] 📝 Registered task: health_reporter (critical=False)
14:21:08 [INFO] ✅ Signal handlers installed (SIGINT, SIGTERM)
14:21:08 [INFO] ▶️  Started task: logic_loop
14:21:08 [INFO] ▶️  Started task: trade_management_loop
14:21:08 [INFO] ▶️  Started task: farm_loop
14:21:08 [INFO] ▶️  Started task: maintenance_loop
14:21:08 [INFO] ▶️  Started task: cleanup_finished_tasks
14:21:08 [INFO] ▶️  Started task: health_reporter
14:21:08 [INFO] 🚀 Started 6 tasks
14:21:08 [INFO] ═══════════════════════════════════════════════════════════
14:21:08 [INFO]    BOT V5 RUNNING 24/7 - SUPERVISED | Ctrl+C = Stop   
14:21:08 [INFO] ═══════════════════════════════════════════════════════════
14:21:08 [INFO] 🔄 Rollback processor running...
14:21:08 [INFO] Logic Loop gestartet – REFRESH alle 3s
14:21:08 [DEBUG] MAX_OPEN_TRADES (3) reached, waiting...
14:21:08 [INFO] 🛡️ Trade Management Loop gestartet
14:21:08 [DEBUG] Fetching fresh positions (force=False, cache_age=1764508868.3s)
14:21:08 [DEBUG] 📊 X10 Funding Cache refresh (current=91)
14:21:08 [DEBUG] Sending GET https://api.starknet.extended.exchange/api/v1/info/markets?
14:21:08 [INFO] 🔍 Supervisor loop started
14:21:08 [DEBUG] Sending GET https://api.starknet.extended.exchange/api/v1/user/positions?
14:21:08 [INFO] Lighter: Found 0 open positions
14:21:09 [DEBUG] ✅ STRK-USD: X10=$271,959, Lighter=$5,948,783, Total=$6,220,743
14:21:09 [INFO] 📊 Positions: X10=0, Lighter=0
14:21:09 [INFO]  Volatility Monitor initialized: Low<3.0%, Normal<10.0%, High<20.0%, Hard Cap<50.0%
14:21:10 [INFO]  X10: 91 Märkte geladen, 91 Funding Rates, 78 Preise
14:21:10 [DEBUG] X10: Funding Refresh OK, cache=91
14:21:10 [DEBUG] 📊 Lighter Funding Cache refresh (current=0)
14:21:10 [DEBUG] Fetching fresh positions (force=False, cache_age=2.1s)
14:21:10 [DEBUG] Sending GET https://api.starknet.extended.exchange/api/v1/user/positions?
14:21:10 [DEBUG] Lighter: Loaded 389 funding rates
14:21:10 [DEBUG] Lighter: Funding Refresh OK, cache=118
14:21:11 [INFO] Lighter: Found 0 open positions
14:21:11 [INFO] 📊 Positions: X10=0, Lighter=0
14:21:11 [DEBUG] MAX_OPEN_TRADES (3) reached, waiting...
14:21:12 [DEBUG] Fetching fresh positions (force=False, cache_age=1.7s)
14:21:12 [DEBUG] Sending GET https://api.starknet.extended.exchange/api/v1/user/positions?
14:21:12 [INFO] Lighter: Found 0 open positions
14:21:12 [INFO] 📊 Positions: X10=0, Lighter=0
14:21:12 [DEBUG] ✅ XAG-USD: X10=$0, Lighter=$40,168, Total=$40,168
14:21:13 [DEBUG] Fetching fresh positions (force=False, cache_age=1.5s)
14:21:13 [DEBUG] Sending GET https://api.starknet.extended.exchange/api/v1/user/positions?
14:21:14 [INFO] Lighter: Found 0 open positions
14:21:14 [INFO] 📊 Positions: X10=0, Lighter=0
14:21:14 [DEBUG] MAX_OPEN_TRADES (3) reached, waiting...
14:21:15 [DEBUG] Fetching fresh positions (force=False, cache_age=1.7s)
14:21:15 [DEBUG] Sending GET https://api.starknet.extended.exchange/api/v1/user/positions?
14:21:15 [INFO] Lighter: Found 0 open positions
14:21:15 [INFO] 📊 Positions: X10=0, Lighter=0
14:21:16 [DEBUG] ✅ XAU-USD: X10=$3,576,462, Lighter=$2,006, Total=$3,578,467
14:21:16 [DEBUG] Fetching fresh positions (force=False, cache_age=1.5s)
14:21:16 [DEBUG] Sending GET https://api.starknet.extended.exchange/api/v1/user/positions?
14:21:17 [DEBUG] MAX_OPEN_TRADES (3) reached, waiting...
14:21:17 [INFO] Lighter: Found 0 open positions
14:21:17 [INFO] 📊 Positions: X10=0, Lighter=0
14:21:18 [DEBUG] Fetching fresh positions (force=False, cache_age=1.7s)
14:21:18 [DEBUG] Sending GET https://api.starknet.extended.exchange/api/v1/user/positions?
14:21:18 [INFO] Lighter: Found 0 open positions
14:21:18 [INFO] 📊 Positions: X10=0, Lighter=0
14:21:19 [DEBUG] Fetching fresh positions (force=False, cache_age=1.4s)
14:21:19 [DEBUG] Sending GET https://api.starknet.extended.exchange/api/v1/user/positions?
14:21:20 [INFO] Lighter: Found 0 open positions
14:21:20 [INFO] 📊 Positions: X10=0, Lighter=0
14:21:20 [DEBUG] MAX_OPEN_TRADES (3) reached, waiting...
14:21:21 [DEBUG] Fetching fresh positions (force=False, cache_age=1.4s)
14:21:21 [DEBUG] Sending GET https://api.starknet.extended.exchange/api/v1/user/positions?
14:21:21 [INFO] Lighter: Found 0 open positions
14:21:21 [INFO] 📊 Positions: X10=0, Lighter=0
14:21:22 [DEBUG] ✅ MNT-USD: X10=$101,731, Lighter=$3,856,887, Total=$3,958,619
14:21:22 [DEBUG] Fetching fresh positions (force=False, cache_age=1.4s)
14:21:22 [DEBUG] Sending GET https://api.starknet.extended.exchange/api/v1/user/positions?
14:21:23 [INFO] Lighter: Found 0 open positions
14:21:23 [INFO] 📊 Positions: X10=0, Lighter=0
14:21:23 [DEBUG] MAX_OPEN_TRADES (3) reached, waiting...
14:21:24 [DEBUG] Fetching fresh positions (force=False, cache_age=1.4s)
14:21:24 [DEBUG] Sending GET https://api.starknet.extended.exchange/api/v1/user/positions?
14:21:24 [INFO] Lighter: Found 0 open positions
14:21:24 [INFO] 📊 Positions: X10=0, Lighter=0
14:21:25 [DEBUG] Fetching fresh positions (force=False, cache_age=1.4s)
14:21:25 [DEBUG] Sending GET https://api.starknet.extended.exchange/api/v1/user/positions?
14:21:25 [DEBUG] ✅ BCH-USD: X10=$0, Lighter=$3,282, Total=$3,282
14:21:25 [INFO] Lighter: Found 0 open positions
14:21:25 [INFO] 📊 Positions: X10=0, Lighter=0
14:21:26 [DEBUG] MAX_OPEN_TRADES (3) reached, waiting...
14:21:26 [WARNING] [x10] Connection closed: 1011 Ping timeout
14:21:26 [DEBUG] Fetching fresh positions (force=False, cache_age=1.5s)
14:21:26 [DEBUG] Sending GET https://api.starknet.extended.exchange/api/v1/user/positions?
14:21:27 [INFO] Lighter: Found 0 open positions
14:21:27 [INFO] 📊 Positions: X10=0, Lighter=0
14:21:28 [DEBUG] Fetching fresh positions (force=False, cache_age=1.5s)
14:21:28 [DEBUG] Sending GET https://api.starknet.extended.exchange/api/v1/user/positions?
14:21:28 [INFO] Lighter: Found 0 open positions
14:21:28 [INFO] 📊 Positions: X10=0, Lighter=0
14:21:29 [DEBUG] MAX_OPEN_TRADES (3) reached, waiting...
14:21:29 [DEBUG] ✅ TIA-USD: X10=$355,229, Lighter=$2,068,064, Total=$2,423,293
14:21:29 [WARNING] 🛑 Received SIGINT, initiating graceful shutdown...
14:21:29 [INFO] 🛑 Shutting down...
14:21:29 [INFO] 🛑 Initiating graceful shutdown...
14:21:29 [INFO] 🔍 Supervisor loop stopped
14:21:29 [INFO] 🛑 Cancelling logic_loop...
14:21:29 [INFO] 🛑 Cancelling trade_management_loop...
14:21:29 [INFO] 🛑 Cancelling farm_loop...
14:21:29 [INFO] 🛑 Cancelling maintenance_loop...
14:21:29 [INFO] 🛑 Cancelling cleanup_finished_tasks...
14:21:29 [INFO] 🛑 Cancelling health_reporter...
14:21:29 [INFO] Logic loop cancelled
14:21:29 [INFO] ✅ All tasks stopped
14:21:29 [INFO] 🛑 Rollback processor: Shutdown signal received
14:21:29 [INFO] ✅ ParallelExecutionManager: Stopped
14:21:29 [INFO] 🔌 [x10] WebSocket stopped
14:21:31 [WARNING] 🛑 Received SIGINT, initiating graceful shutdown...
14:21:33 [WARNING] 🛑 Received SIGINT, initiating graceful shutdown...
14:21:33 [DEBUG] ✅ TRUMP-USD: X10=$109,267, Lighter=$347,304, Total=$456,571
14:21:34 [INFO] 🔌 [lighter] WebSocket stopped
14:21:34 [INFO] ✅ WebSocketManager stopped
14:21:34 [INFO] ✅ OpenInterestTracker stopped
14:21:34 [INFO] 🛑 Stopping InMemoryStateManager...
14:21:34 [INFO] 📝 State writer loop stopped
14:21:34 [INFO] ✅ InMemoryStateManager stopped
14:21:34 [INFO] 🔒 Closing database...
14:21:34 [INFO] 🖊️ Database write loop stopped
14:21:34 [DEBUG] executing functools.partial(<built-in method close of sqlite3.Connection object at 0x000001FD7928A2F0>)
14:21:34 [DEBUG] operation functools.partial(<built-in method close of sqlite3.Connection object at 0x000001FD7928A2F0>) completed
14:21:34 [DEBUG] executing functools.partial(<built-in method close of sqlite3.Connection object at 0x000001FD79288F40>)
14:21:34 [DEBUG] operation functools.partial(<built-in method close of sqlite3.Connection object at 0x000001FD79288F40>) completed
14:21:34 [DEBUG] executing functools.partial(<built-in method close of sqlite3.Connection object at 0x000001FD79289210>)
14:21:34 [DEBUG] operation functools.partial(<built-in method close of sqlite3.Connection object at 0x000001FD79289210>) completed
14:21:34 [DEBUG] executing functools.partial(<built-in method close of sqlite3.Connection object at 0x000001FD792896C0>)
14:21:34 [DEBUG] operation functools.partial(<built-in method close of sqlite3.Connection object at 0x000001FD792896C0>) completed
14:21:34 [DEBUG] executing functools.partial(<built-in method close of sqlite3.Connection object at 0x000001FD79289C60>)
14:21:34 [DEBUG] operation functools.partial(<built-in method close of sqlite3.Connection object at 0x000001FD79289C60>) completed
14:21:34 [DEBUG] executing functools.partial(<built-in method close of sqlite3.Connection object at 0x000001FD7928A020>)
14:21:34 [DEBUG] operation functools.partial(<built-in method close of sqlite3.Connection object at 0x000001FD7928A020>) completed
14:21:34 [INFO] ✅ Database closed
14:21:34 [INFO] ✅ X10 Adapter geschlossen.
14:21:34 [INFO] ✅ Lighter Adapter closed
14:21:34 [INFO] ✅ Bot V5 shutdown complete
14:21:34 [ERROR] Task exception was never retrieved
future: <Task finished name='ws_x10_connect' coro=<ManagedWebSocket._connection_loop() done, defined at C:\Users\koopm\funding-bot\src\websocket_manager.py:164> exception=ValueError('Format specifier missing precision')>
Traceback (most recent call last):
  File "C:\Users\koopm\funding-bot\src\websocket_manager.py", line 220, in _connection_loop
    f"🔄 [{self.config.name}] Reconnecting in {self._reconnect_delay:. 1f}s "
ValueError: Format specifier missing precision
