18:06:38 [INFO]  CONFIG VALIDIERUNG abgeschlossen.
18:06:38 [INFO] 🔥 BOT V5 (Architected) STARTING...
18:06:38 [INFO] 🚀 Starting InMemoryStateManager...
18:06:38 [INFO] 📂 Initializing database: data/trades.db
18:06:38 [INFO] ✅ Read pool created: 5 connections
18:06:38 [INFO] ✅ WAL mode enabled
18:06:38 [INFO] 🔄 Running database migrations...
18:06:38 [INFO] ✅ Migrations complete (11 statements)
18:06:38 [INFO] ✅ Database initialized
18:06:38 [INFO] 🖊️ Database write loop started
18:06:38 [INFO] 📂 Loaded 0 trades from database
18:06:38 [INFO] ✅ InMemoryStateManager started (loaded 0 trades)
18:06:38 [INFO] ✅ State Manager started
18:06:38 [INFO]  Telegram Bot disabled (Token/ChatID missing).
18:06:38 [INFO] ✅ Async database initialized
18:06:38 [INFO] 📝 State writer loop started
18:06:38 [DEBUG] ✅ Database schema up to date
18:06:38 [INFO] Initialisiere X10 Adapter...
18:06:38 [INFO]  X10 Account initialisiert.
18:06:38 [INFO] Initialisiere Lighter Adapter...
18:06:38 [INFO] 📊 Loading Market Data via REST...
18:06:38 [DEBUG] Sending GET https://api.starknet.extended.exchange/api/v1/info/markets?
18:06:39 [INFO] ✅ Lighter: Loaded 116 markets
18:06:40 [INFO]  X10: 91 Märkte geladen, 91 Funding Rates, 78 Preise
18:06:40 [INFO] ✅ Markets loaded: X10=91, Lighter=116
18:06:40 [INFO] FundingPredictorV2 initialized with BTC Correlation
18:06:40 [INFO] 启动 OI Tracker für 68 Symbole...
18:06:40 [INFO] ✅ OpenInterestTracker started (interval=30.0s)
18:06:40 [INFO] 🌐 Starting WebSocket Manager...
18:06:40 [INFO] 📊 OI Tracker: Starting cycle 1 (68 symbols)
18:06:40 [INFO] 🔌 [lighter] WebSocket manager started
18:06:40 [INFO] 🔌 [x10] WebSocket manager started
18:06:40 [INFO] ✅ WebSocketManager started
18:06:41 [DEBUG] Starting new HTTPS connection (1): mainnet.zklighter.elliot.ai:443
18:06:42 [DEBUG] https://mainnet.zklighter.elliot.ai:443 "GET /api/v1/nextNonce?account_index=60113&api_key_index=3 HTTP/1.1" 200 25
18:06:42 [INFO] ✅ [lighter] Connected to wss://mainnet.zklighter.elliot.ai/stream
18:06:42 [DEBUG] [lighter] Subscribed to market_stats/all
18:06:42 [DEBUG] [lighter] Subscribed to order_book/-1
18:06:42 [DEBUG] [lighter] Subscribed to trade/-1
18:06:42 [INFO] ✅ [x10] Connected to wss://api.starknet.extended.exchange/stream.extended.exchange/v1/account
18:06:42 [DEBUG] [lighter] Subscribed to order_book/-1
18:06:42 [DEBUG] [lighter] Subscribed to trade/-1
18:06:42 [DEBUG] [lighter] Subscribed to order_book/-1
18:06:42 [DEBUG] [lighter] Subscribed to trade/-1
18:06:42 [DEBUG] [lighter] Subscribed to order_book/-1
18:06:42 [DEBUG] [lighter] Subscribed to trade/-1
18:06:42 [DEBUG] [lighter] Subscribed to trade/-1
18:06:42 [DEBUG] [lighter] Subscribed to order_book/-1
18:06:42 [DEBUG] [lighter] Subscribed to trade/-1
18:06:42 [DEBUG] [lighter] Subscribed to order_book/-1
18:06:42 [DEBUG] [lighter] Subscribed to trade/-1
18:06:42 [DEBUG] [lighter] Subscribed to order_book/-1
18:06:42 [DEBUG] [lighter] Subscribed to trade/-1
18:06:42 [DEBUG] [lighter] Subscribed to order_book/-1
18:06:42 [DEBUG] [lighter] Subscribed to order_book/-1
18:06:42 [DEBUG] [lighter] Subscribed to trade/-1
18:06:42 [DEBUG] [lighter] Subscribed to order_book/-1
18:06:42 [DEBUG] [lighter] Subscribed to trade/-1
18:06:42 [DEBUG] [lighter] Subscribed to order_book/-1
18:06:42 [DEBUG] [lighter] Subscribed to trade/-1
18:06:42 [DEBUG] [lighter] Subscribed to order_book/-1
18:06:42 [DEBUG] [lighter] Subscribed to trade/-1
18:06:42 [DEBUG] [lighter] Subscribed to order_book/-1
18:06:42 [DEBUG] [lighter] Subscribed to trade/-1
18:06:42 [DEBUG] [lighter] Subscribed to order_book/-1
18:06:42 [DEBUG] [lighter] Subscribed to trade/-1
18:06:42 [DEBUG] [lighter] Subscribed to order_book/-1
18:06:42 [DEBUG] [lighter] Subscribed to trade/-1
18:06:42 [DEBUG] [lighter] Subscribed to order_book/-1
18:06:42 [DEBUG] [lighter] Subscribed to trade/-1
18:06:43 [DEBUG] [lighter] Subscribed to order_book/-1
18:06:43 [DEBUG] [lighter] Subscribed to trade/-1
18:06:43 [DEBUG] [lighter] Subscribed to order_book/-1
18:06:43 [DEBUG] [lighter] Subscribed to trade/-1
18:06:43 [DEBUG] [lighter] Subscribed to order_book/-1
18:06:43 [DEBUG] [lighter] Subscribed to trade/-1
18:06:43 [DEBUG] [lighter] Subscribed to order_book/-1
18:06:43 [DEBUG] [lighter] Subscribed to trade/-1
18:06:43 [DEBUG] ✅ SOL-USD: X10=$3,665,295, Lighter=$0, Total=$3,665,295
18:06:43 [DEBUG] [lighter] Subscribed to order_book/-1
18:06:43 [DEBUG] [lighter] Subscribed to trade/-1
18:06:43 [DEBUG] [lighter] Subscribed to order_book/-1
18:06:43 [DEBUG] [lighter] Subscribed to trade/-1
18:06:43 [DEBUG] [lighter] Subscribed to order_book/-1
18:06:43 [DEBUG] [lighter] Subscribed to trade/-1
18:06:43 [DEBUG] [lighter] Subscribed to order_book/-1
18:06:43 [DEBUG] [lighter] Subscribed to trade/-1
18:06:43 [DEBUG] [lighter] Subscribed to order_book/-1
18:06:43 [DEBUG] [lighter] Subscribed to trade/-1
18:06:43 [DEBUG] [lighter] Subscribed to order_book/-1
18:06:43 [DEBUG] [lighter] Subscribed to trade/-1
18:06:43 [DEBUG] [lighter] Subscribed to order_book/-1
18:06:43 [DEBUG] [lighter] Subscribed to trade/-1
18:06:43 [DEBUG] [lighter] Subscribed to order_book/-1
18:06:43 [DEBUG] [lighter] Subscribed to trade/-1
18:06:43 [DEBUG] [lighter] Subscribed to order_book/-1
18:06:43 [DEBUG] [lighter] Subscribed to trade/-1
18:06:43 [DEBUG] [lighter] Subscribed to order_book/-1
18:06:43 [DEBUG] [lighter] Subscribed to trade/-1
18:06:43 [DEBUG] [lighter] Subscribed to order_book/-1
18:06:43 [DEBUG] [lighter] Subscribed to trade/-1
18:06:43 [DEBUG] [lighter] Subscribed to order_book/-1
18:06:43 [DEBUG] [lighter] Subscribed to trade/-1
18:06:43 [DEBUG] [lighter] Subscribed to order_book/-1
18:06:43 [DEBUG] [lighter] Subscribed to trade/-1
18:06:43 [DEBUG] [lighter] Subscribed to order_book/-1
18:06:43 [DEBUG] [lighter] Subscribed to trade/-1
18:06:43 [DEBUG] [lighter] Subscribed to order_book/-1
18:06:43 [DEBUG] [lighter] Subscribed to trade/-1
18:06:43 [DEBUG] [x10] Subscribed to publicTrades/SOL/USD
18:06:43 [DEBUG] [x10] Subscribed to funding/SOL/USD
18:06:43 [DEBUG] [x10] Subscribed to publicTrades/HYPE/USD
18:06:43 [DEBUG] [x10] Subscribed to funding/HYPE/USD
18:06:43 [DEBUG] [x10] Subscribed to publicTrades/MON/USD
18:06:43 [DEBUG] [x10] Subscribed to funding/MON/USD
18:06:43 [DEBUG] [x10] Subscribed to publicTrades/MKR/USD
18:06:43 [DEBUG] [x10] Subscribed to funding/MKR/USD
18:06:43 [DEBUG] [x10] Subscribed to publicTrades/LINEA/USD
18:06:43 [DEBUG] [x10] Subscribed to funding/LINEA/USD
18:06:43 [DEBUG] [x10] Subscribed to publicTrades/BERA/USD
18:06:43 [DEBUG] [x10] Subscribed to funding/BERA/USD
18:06:43 [DEBUG] [x10] Subscribed to publicTrades/UNI/USD
18:06:43 [DEBUG] [x10] Subscribed to funding/UNI/USD
18:06:43 [DEBUG] [x10] Subscribed to publicTrades/ARB/USD
18:06:43 [DEBUG] [x10] Subscribed to funding/ARB/USD
18:06:44 [DEBUG] [x10] Subscribed to publicTrades/1000SHIB/USD
18:06:44 [DEBUG] [x10] Subscribed to funding/1000SHIB/USD
18:06:44 [DEBUG] [x10] Subscribed to publicTrades/RESOLV/USD
18:06:44 [DEBUG] [x10] Subscribed to funding/RESOLV/USD
18:06:44 [DEBUG] [x10] Subscribed to publicTrades/BNB/USD
18:06:44 [DEBUG] [x10] Subscribed to funding/BNB/USD
18:06:44 [DEBUG] [x10] Subscribed to publicTrades/BCH/USD
18:06:44 [DEBUG] [x10] Subscribed to funding/BCH/USD
18:06:44 [DEBUG] [x10] Subscribed to publicTrades/LINK/USD
18:06:44 [DEBUG] [x10] Subscribed to funding/LINK/USD
18:06:44 [DEBUG] [x10] Subscribed to publicTrades/ZRO/USD
18:06:44 [DEBUG] [x10] Subscribed to funding/ZRO/USD
18:06:44 [DEBUG] [x10] Subscribed to publicTrades/BTC/USD
18:06:44 [DEBUG] [x10] Subscribed to funding/BTC/USD
18:06:44 [DEBUG] [x10] Subscribed to publicTrades/ADA/USD
18:06:44 [DEBUG] [x10] Subscribed to funding/ADA/USD
18:06:44 [DEBUG] [x10] Subscribed to publicTrades/PUMP/USD
18:06:44 [DEBUG] [x10] Subscribed to funding/PUMP/USD
18:06:44 [DEBUG] [x10] Subscribed to publicTrades/IP/USD
18:06:44 [DEBUG] [x10] Subscribed to funding/IP/USD
18:06:44 [DEBUG] [x10] Subscribed to publicTrades/ENA/USD
18:06:44 [DEBUG] [x10] Subscribed to funding/ENA/USD
18:06:44 [DEBUG] [x10] Subscribed to publicTrades/CRV/USD
18:06:44 [DEBUG] [x10] Subscribed to funding/CRV/USD
18:06:44 [DEBUG] [x10] Subscribed to publicTrades/JUP/USD
18:06:44 [DEBUG] [x10] Subscribed to funding/JUP/USD
18:06:44 [DEBUG] [x10] Subscribed to publicTrades/PENDLE/USD
18:06:44 [DEBUG] [x10] Subscribed to funding/PENDLE/USD
18:06:44 [DEBUG] [x10] Subscribed to publicTrades/MNT/USD
18:06:44 [DEBUG] [x10] Subscribed to funding/MNT/USD
18:06:44 [DEBUG] [x10] Subscribed to publicTrades/POPCAT/USD
18:06:44 [DEBUG] [x10] Subscribed to funding/POPCAT/USD
18:06:44 [DEBUG] [x10] Subscribed to publicTrades/AVNT/USD
18:06:44 [DEBUG] [x10] Subscribed to funding/AVNT/USD
18:06:45 [DEBUG] [x10] Subscribed to publicTrades/ZEC/USD
18:06:45 [DEBUG] [x10] Subscribed to funding/ZEC/USD
18:06:45 [DEBUG] [x10] Subscribed to publicTrades/DOT/USD
18:06:45 [DEBUG] [x10] Subscribed to funding/DOT/USD
18:06:45 [DEBUG] [x10] Subscribed to publicTrades/FARTCOIN/USD
18:06:45 [DEBUG] [x10] Subscribed to funding/FARTCOIN/USD
18:06:45 [DEBUG] [x10] Subscribed to publicTrades/SPX/USD
18:06:45 [DEBUG] [x10] Subscribed to funding/SPX/USD
18:06:45 [DEBUG] [x10] Subscribed to publicTrades/LDO/USD
18:06:45 [DEBUG] [x10] Subscribed to funding/LDO/USD
18:06:45 [DEBUG] [x10] Subscribed to publicTrades/XRP/USD
18:06:45 [DEBUG] [x10] Subscribed to funding/XRP/USD
18:06:45 [DEBUG] [x10] Subscribed to publicTrades/LTC/USD
18:06:45 [DEBUG] [x10] Subscribed to funding/LTC/USD
18:06:45 [DEBUG] [x10] Subscribed to publicTrades/APT/USD
18:06:45 [DEBUG] [x10] Subscribed to funding/APT/USD
18:06:45 [DEBUG] [x10] Subscribed to publicTrades/DOGE/USD
18:06:45 [DEBUG] [x10] Subscribed to funding/DOGE/USD
18:06:45 [DEBUG] [x10] Subscribed to publicTrades/ZORA/USD
18:06:45 [DEBUG] [x10] Subscribed to funding/ZORA/USD
18:06:45 [DEBUG] [x10] Subscribed to publicTrades/1000BONK/USD
18:06:45 [DEBUG] [x10] Subscribed to funding/1000BONK/USD
18:06:45 [DEBUG] [x10] Subscribed to publicTrades/XPL/USD
18:06:45 [DEBUG] [x10] Subscribed to funding/XPL/USD
18:06:45 [DEBUG] [x10] Subscribed to publicTrades/TRX/USD
18:06:45 [DEBUG] [x10] Subscribed to funding/TRX/USD
18:06:45 [DEBUG] [x10] Subscribed to publicTrades/EIGEN/USD
18:06:45 [DEBUG] [x10] Subscribed to funding/EIGEN/USD
18:06:45 [DEBUG] [x10] Subscribed to publicTrades/XAG/USD
18:06:45 [DEBUG] [x10] Subscribed to funding/XAG/USD
18:06:45 [DEBUG] [x10] Subscribed to publicTrades/WIF/USD
18:06:45 [DEBUG] [x10] Subscribed to funding/WIF/USD
18:06:45 [DEBUG] [x10] Subscribed to publicTrades/APEX/USD
18:06:45 [DEBUG] [x10] Subscribed to funding/APEX/USD
18:06:45 [DEBUG] [x10] Subscribed to publicTrades/GRASS/USD
18:06:45 [DEBUG] [x10] Subscribed to funding/GRASS/USD
18:06:45 [DEBUG] [x10] Subscribed to publicTrades/STRK/USD
18:06:45 [DEBUG] [x10] Subscribed to funding/STRK/USD
18:06:46 [DEBUG] [x10] Subscribed to publicTrades/ETH/USD
18:06:46 [DEBUG] [x10] Subscribed to funding/ETH/USD
18:06:46 [DEBUG] [x10] Subscribed to publicTrades/USDJPY/USD
18:06:46 [DEBUG] [x10] Subscribed to funding/USDJPY/USD
18:06:46 [DEBUG] [x10] Subscribed to publicTrades/ASTER/USD
18:06:46 [DEBUG] [x10] Subscribed to funding/ASTER/USD
18:06:46 [DEBUG] [x10] Subscribed to publicTrades/ONDO/USD
18:06:46 [DEBUG] [x10] Subscribed to funding/ONDO/USD
18:06:46 [DEBUG] [x10] Subscribed to publicTrades/TRUMP/USD
18:06:46 [DEBUG] [x10] Subscribed to funding/TRUMP/USD
18:06:46 [DEBUG] [x10] Subscribed to publicTrades/S/USD
18:06:46 [DEBUG] [x10] Subscribed to funding/S/USD
18:06:46 [DEBUG] [x10] Subscribed to publicTrades/AAVE/USD
18:06:46 [DEBUG] [x10] Subscribed to funding/AAVE/USD
18:06:46 [DEBUG] [x10] Subscribed to publicTrades/EDEN/USD
18:06:46 [DEBUG] [x10] Subscribed to funding/EDEN/USD
18:06:46 [DEBUG] [x10] Subscribed to publicTrades/PENGU/USD
18:06:46 [DEBUG] [x10] Subscribed to funding/PENGU/USD
18:06:46 [DEBUG] [x10] Subscribed to publicTrades/TIA/USD
18:06:46 [DEBUG] [x10] Subscribed to funding/TIA/USD
18:06:46 [DEBUG] [x10] Subscribed to publicTrades/XAU/USD
18:06:46 [DEBUG] [x10] Subscribed to funding/XAU/USD
18:06:46 [DEBUG] [x10] Subscribed to publicTrades/1000PEPE/USD
18:06:46 [DEBUG] [x10] Subscribed to funding/1000PEPE/USD
18:06:46 [DEBUG] [x10] Subscribed to publicTrades/WLFI/USD
18:06:46 [DEBUG] [x10] Subscribed to funding/WLFI/USD
18:06:46 [DEBUG] [x10] Subscribed to publicTrades/KAITO/USD
18:06:46 [DEBUG] [x10] Subscribed to funding/KAITO/USD
18:06:46 [DEBUG] [x10] Subscribed to publicTrades/VIRTUAL/USD
18:06:46 [DEBUG] [x10] Subscribed to funding/VIRTUAL/USD
18:06:46 [DEBUG] ✅ HYPE-USD: X10=$4,114,084, Lighter=$0, Total=$4,114,084
18:06:46 [DEBUG] [x10] Subscribed to publicTrades/TAO/USD
18:06:46 [DEBUG] [x10] Subscribed to funding/TAO/USD
18:06:46 [DEBUG] [x10] Subscribed to publicTrades/SEI/USD
18:06:46 [DEBUG] [x10] Subscribed to funding/SEI/USD
18:06:46 [DEBUG] [x10] Subscribed to publicTrades/AVAX/USD
18:06:46 [DEBUG] [x10] Subscribed to funding/AVAX/USD
18:06:47 [DEBUG] [x10] Subscribed to publicTrades/TON/USD
18:06:47 [DEBUG] [x10] Subscribed to funding/TON/USD
18:06:47 [DEBUG] [x10] Subscribed to publicTrades/OP/USD
18:06:47 [DEBUG] [x10] Subscribed to funding/OP/USD
18:06:47 [DEBUG] [x10] Subscribed to publicTrades/SUI/USD
18:06:47 [DEBUG] [x10] Subscribed to funding/SUI/USD
18:06:47 [DEBUG] [x10] Subscribed to publicTrades/FIL/USD
18:06:47 [DEBUG] [x10] Subscribed to funding/FIL/USD
18:06:47 [DEBUG] [x10] Subscribed to publicTrades/NEAR/USD
18:06:47 [DEBUG] [x10] Subscribed to funding/NEAR/USD
18:06:47 [DEBUG] [x10] Subscribed to publicTrades/WLD/USD
18:06:47 [DEBUG] [x10] Subscribed to funding/WLD/USD
18:06:47 [INFO] 🔗 Components Wired: WS -> OI Tracker -> Prediction
18:06:47 [INFO] 🧟 Starte Zombie-Check: Vergleiche DB mit echten Positionen...
18:06:47 [INFO] ✅ DB ist sauber (keine offenen Trades).
18:06:47 [INFO] ✅ ParallelExecutionManager: Rollback processor started
18:06:47 [INFO] ✅ ParallelExecutionManager started
18:06:47 [INFO] 📝 Registered task: logic_loop (critical=True)
18:06:47 [INFO] 📝 Registered task: trade_management_loop (critical=True)
18:06:47 [INFO] 📝 Registered task: farm_loop (critical=False)
18:06:47 [INFO] 📝 Registered task: maintenance_loop (critical=False)
18:06:47 [INFO] 📝 Registered task: cleanup_finished_tasks (critical=False)
18:06:47 [INFO] 📝 Registered task: health_reporter (critical=False)
18:06:47 [INFO] 📝 Registered task: connection_watchdog (critical=True)
18:06:47 [INFO] ✅ Signal handlers installed (SIGINT, SIGTERM)
18:06:47 [INFO] ▶️  Started task: logic_loop
18:06:47 [INFO] ▶️  Started task: trade_management_loop
18:06:47 [INFO] ▶️  Started task: farm_loop
18:06:47 [INFO] ▶️  Started task: maintenance_loop
18:06:47 [INFO] ▶️  Started task: cleanup_finished_tasks
18:06:47 [INFO] ▶️  Started task: health_reporter
18:06:47 [INFO] ▶️  Started task: connection_watchdog
18:06:47 [INFO] 🚀 Started 7 tasks
18:06:47 [INFO] ═══════════════════════════════════════════════════════════
18:06:47 [INFO]    BOT V5 RUNNING 24/7 - SUPERVISED | Ctrl+C = Stop   
18:06:47 [INFO] ═══════════════════════════════════════════════════════════
18:06:47 [INFO] 🔄 Rollback processor running...
18:06:47 [INFO] Logic Loop gestartet – REFRESH alle 3s
18:06:47 [INFO] ⚡ Latency Arb Detector initialized (threshold: 1.0s)
18:06:47 [INFO] ❄️ Warming up caches (waiting for WS data)... X10=91, Lit=0
18:06:47 [INFO] 🛡️ Trade Management Loop gestartet
18:06:47 [INFO] 🚜 Farm Mode ACTIVE
18:06:47 [DEBUG] Sending GET https://api.starknet.extended.exchange/api/v1/user/balance
18:06:47 [DEBUG] 📊 X10 Funding Cache refresh (current=91)
18:06:47 [INFO] 🐕 Connection Watchdog gestartet (Timeout: 120s)
18:06:47 [INFO] 🔍 Supervisor loop started
18:06:47 [DEBUG] Sending GET https://api.starknet.extended.exchange/api/v1/info/markets?
18:06:49 [DEBUG] Lighter Balance: Raw=$300.42, Safe=$285.40
18:06:49 [INFO]  X10: 91 Märkte geladen, 91 Funding Rates, 82 Preise
18:06:49 [DEBUG] X10: Funding Refresh OK, cache=91
18:06:49 [DEBUG] 📊 Lighter Funding Cache refresh (current=0)
18:06:49 [DEBUG] Lighter REST GET /api/v1/fundingRates returned 404
18:06:49 [DEBUG] Lighter: Loaded 389 funding rates
18:06:50 [DEBUG] Lighter: Funding Refresh OK, cache=118
18:06:50 [INFO] 🔍 🚜 FARM Scanning 68 pairs. Open symbols to skip: set()
18:06:50 [DEBUG] Price cache status: X10=68/68, Lighter=0/68
18:06:50 [INFO] 🔍 Scanning 68 pairs. Lighter markets: 116, X10 markets: 91
18:06:50 [DEBUG] SOL-USD: Missing prices (X=124.06638725, L=None)
18:06:50 [DEBUG] 1000SHIB-USD: Missing prices (X=0.007924311175, L=None)
18:06:50 [DEBUG] RESOLV-USD: Missing prices (X=0.07923311325, L=None)
18:06:50 [DEBUG] HYPE-USD: Missing prices (X=29.735788962499, L=None)
18:06:50 [DEBUG] MON-USD: Missing prices (X=0.024419893866, L=None)
18:06:50 [DEBUG] LINEA-USD: Missing prices (X=0.008984152175, L=None)
18:06:50 [DEBUG] UNI-USD: Missing prices (X=5.527670724999, L=None)
18:06:50 [DEBUG] ARB-USD: Missing prices (X=0.1888216725, L=None)
18:06:50 [DEBUG] BERA-USD: Missing prices (X=0.902364625, L=None)
18:06:50 [DEBUG] MKR-USD: Missing prices (X=1663.9, L=None)
18:06:50 [DEBUG] BNB-USD: Missing prices (X=813.4279675, L=None)
18:06:50 [DEBUG] IP-USD: Missing prices (X=2.2093185525, L=None)
18:06:50 [DEBUG] ENA-USD: Missing prices (X=0.2372144125, L=None)
18:06:50 [DEBUG] CRV-USD: Missing prices (X=0.3802929475, L=None)
18:06:50 [DEBUG] BCH-USD: Missing prices (X=0.0, L=None)
18:06:50 [DEBUG] LINK-USD: Missing prices (X=11.823726175, L=None)
18:06:50 [DEBUG] ZRO-USD: Missing prices (X=1.1967704575, L=None)
18:06:50 [DEBUG] ADA-USD: Missing prices (X=0.3746937875, L=None)
18:06:50 [DEBUG] PUMP-USD: Missing prices (X=0.002621344539, L=None)
18:06:50 [DEBUG] BTC-USD: Missing prices (X=84789.02973750001, L=None)
18:06:50 [DEBUG] JUP-USD: Missing prices (X=0.2216167525, L=None)
18:06:50 [DEBUG] FARTCOIN-USD: Missing prices (X=0.295955599999, L=None)
18:06:50 [DEBUG] SPX-USD: Missing prices (X=0.5944608175, L=None)
18:06:50 [DEBUG] LDO-USD: Missing prices (X=0.567564852499, L=None)
18:06:50 [DEBUG] PENDLE-USD: Missing prices (X=2.400989797499, L=None)
18:06:50 [DEBUG] MNT-USD: Missing prices (X=0.964005377499, L=None)
18:06:50 [DEBUG] POPCAT-USD: Missing prices (X=0.0942358625, L=None)
18:06:50 [DEBUG] ZEC-USD: Missing prices (X=354.32184375, L=None)
18:06:50 [DEBUG] DOT-USD: Missing prices (X=0.0, L=None)
18:06:50 [DEBUG] AVNT-USD: Missing prices (X=0.3269009575, L=None)
18:06:50 [DEBUG] XRP-USD: Missing prices (X=2.0002499175, L=None)
18:06:50 [DEBUG] XPL-USD: Missing prices (X=0.175007493187, L=None)
18:06:50 [DEBUG] TRX-USD: Missing prices (X=0.27868319125, L=None)
18:06:50 [DEBUG] EIGEN-USD: Missing prices (X=0.49872481023, L=None)
18:06:50 [DEBUG] XAG-USD: Missing prices (X=58.285, L=None)
18:06:50 [DEBUG] LTC-USD: Missing prices (X=75.60365775, L=None)
18:06:50 [DEBUG] APT-USD: Missing prices (X=1.833224975, L=None)
18:06:50 [DEBUG] DOGE-USD: Missing prices (X=0.133055038749, L=None)
18:06:50 [DEBUG] ZORA-USD: Missing prices (X=0.043598959175, L=None)
18:06:50 [DEBUG] 1000BONK-USD: Missing prices (X=0.008641203625, L=None)
18:06:50 [DEBUG] ASTER-USD: Missing prices (X=0.903164505, L=None)
18:06:50 [DEBUG] ONDO-USD: Missing prices (X=0.451982192499, L=None)
18:06:50 [DEBUG] TRUMP-USD: Missing prices (X=5.656651375, L=None)
18:06:50 [DEBUG] S-USD: Missing prices (X=0.092336147499, L=None)
18:06:50 [DEBUG] WIF-USD: Missing prices (X=0.3332999975, L=None)
18:06:50 [DEBUG] APEX-USD: Missing prices (X=0.520871857499, L=None)
18:06:50 [DEBUG] GRASS-USD: Missing prices (X=0.302054685, L=None)
18:06:50 [DEBUG] ETH-USD: Missing prices (X=2738.48416575, L=None)
18:06:50 [DEBUG] USDJPY-USD: Missing prices (X=0.0, L=None)
18:06:50 [DEBUG] STRK-USD: Missing prices (X=0.118432232499, L=None)
18:06:50 [DEBUG] AAVE-USD: Missing prices (X=164.430331749999, L=None)
18:06:50 [DEBUG] WLFI-USD: Missing prices (X=0.153851723029, L=None)
18:06:50 [DEBUG] KAITO-USD: Missing prices (X=0.6142578475, L=None)
18:06:50 [DEBUG] VIRTUAL-USD: Missing prices (X=0.8386241875, L=None)
18:06:50 [DEBUG] TAO-USD: Missing prices (X=257.846317249999, L=None)
18:06:50 [DEBUG] EDEN-USD: Missing prices (X=0.068489725, L=None)
18:06:50 [DEBUG] PENGU-USD: Missing prices (X=0.009485077025, L=None)
18:06:50 [DEBUG] TIA-USD: Missing prices (X=0.555766622499, L=None)
18:06:50 [DEBUG] XAU-USD: Missing prices (X=4225.82, L=None)
18:06:50 [DEBUG] 1000PEPE-USD: Missing prices (X=0.003995250622, L=None)
18:06:50 [DEBUG] SEI-USD: Missing prices (X=0.121731737499, L=None)
18:06:50 [DEBUG] NEAR-USD: Missing prices (X=1.611658214999, L=None)
18:06:50 [DEBUG] WLD-USD: Missing prices (X=0.562765572499, L=None)
18:06:50 [DEBUG] AVAX-USD: Missing prices (X=12.682597324999, L=None)
18:06:50 [DEBUG] TON-USD: Missing prices (X=1.4697795, L=None)
18:06:50 [DEBUG] OP-USD: Missing prices (X=0.281607752499, L=None)
18:06:50 [DEBUG] SUI-USD: Missing prices (X=1.320551887499, L=None)
18:06:50 [DEBUG] FIL-USD: Missing prices (X=0.0, L=None)
18:06:50 [INFO] ✅ Found 0 opportunities with predictions (farm_mode=True)
18:06:50 [INFO] ⚠️ Keine Prediction-Opportunities, nutze Fallback mit echten Funding Rates...
18:06:50 [DEBUG] ⛔ Skip SPX-USD: TradFi/FX
18:06:50 [DEBUG] ⛔ Skip XAG-USD: TradFi/FX
18:06:50 [DEBUG] ⛔ Skip XAU-USD: TradFi/FX
18:06:50 [INFO] ✅ Found 0 opportunities from 0 valid pairs (farm_mode=True, scanned=68)
18:06:51 [INFO] 🔍 Running periodic exchange sync check...
18:06:51 [INFO] 🔍 Starting Exchange Sync Check...
18:06:51 [DEBUG] Sending GET https://api.starknet.extended.exchange/api/v1/user/positions?
18:06:51 [DEBUG] ✅ MON-USD: X10=$179,733, Lighter=$0, Total=$179,733
18:06:51 [INFO] Lighter: Found 0 open positions
18:06:51 [INFO] ✅ Exchanges are SYNCED: 0 paired positions
18:06:53 [INFO] 🔍 🚜 FARM Scanning 68 pairs. Open symbols to skip: set()
18:06:53 [DEBUG] Price cache status: X10=68/68, Lighter=0/68
18:06:53 [INFO] 🔍 Scanning 68 pairs. Lighter markets: 116, X10 markets: 91
18:06:53 [DEBUG] SOL-USD: Missing prices (X=124.06638725, L=None)
18:06:53 [DEBUG] HYPE-USD: Missing prices (X=29.735788962499, L=None)
18:06:53 [DEBUG] 1000SHIB-USD: Missing prices (X=0.007924311175, L=None)
18:06:53 [DEBUG] RESOLV-USD: Missing prices (X=0.07923311325, L=None)
18:06:53 [DEBUG] MON-USD: Missing prices (X=0.024419893866, L=None)
18:06:53 [DEBUG] LINEA-USD: Missing prices (X=0.008984152175, L=None)
18:06:53 [DEBUG] UNI-USD: Missing prices (X=5.527670724999, L=None)
18:06:53 [DEBUG] ARB-USD: Missing prices (X=0.1888216725, L=None)
18:06:53 [DEBUG] BERA-USD: Missing prices (X=0.902364625, L=None)
18:06:53 [DEBUG] MKR-USD: Missing prices (X=1663.9, L=None)
18:06:53 [DEBUG] BNB-USD: Missing prices (X=813.4279675, L=None)
18:06:53 [DEBUG] BCH-USD: Missing prices (X=0.0, L=None)
18:06:53 [DEBUG] ENA-USD: Missing prices (X=0.2372144125, L=None)
18:06:53 [DEBUG] CRV-USD: Missing prices (X=0.3802929475, L=None)
18:06:53 [DEBUG] LINK-USD: Missing prices (X=11.823726175, L=None)
18:06:53 [DEBUG] BTC-USD: Missing prices (X=84789.02973750001, L=None)
18:06:53 [DEBUG] PUMP-USD: Missing prices (X=0.002621344539, L=None)
18:06:53 [DEBUG] IP-USD: Missing prices (X=2.2093185525, L=None)
18:06:53 [DEBUG] ADA-USD: Missing prices (X=0.3746937875, L=None)
18:06:53 [DEBUG] ZRO-USD: Missing prices (X=1.1967704575, L=None)
18:06:53 [DEBUG] JUP-USD: Missing prices (X=0.2216167525, L=None)
18:06:53 [DEBUG] PENDLE-USD: Missing prices (X=2.400989797499, L=None)
18:06:53 [DEBUG] SPX-USD: Missing prices (X=0.5944608175, L=None)
18:06:53 [DEBUG] LDO-USD: Missing prices (X=0.567564852499, L=None)
18:06:53 [DEBUG] MNT-USD: Missing prices (X=0.964005377499, L=None)
18:06:53 [DEBUG] AVNT-USD: Missing prices (X=0.3269009575, L=None)
18:06:53 [DEBUG] DOT-USD: Missing prices (X=0.0, L=None)
18:06:53 [DEBUG] FARTCOIN-USD: Missing prices (X=0.295955599999, L=None)
18:06:53 [DEBUG] ZEC-USD: Missing prices (X=354.32184375, L=None)
18:06:53 [DEBUG] POPCAT-USD: Missing prices (X=0.0942358625, L=None)
18:06:53 [DEBUG] XRP-USD: Missing prices (X=2.0002499175, L=None)
18:06:53 [DEBUG] LTC-USD: Missing prices (X=75.60365775, L=None)
18:06:53 [DEBUG] EIGEN-USD: Missing prices (X=0.49872481023, L=None)
18:06:53 [DEBUG] XAG-USD: Missing prices (X=58.285, L=None)
18:06:53 [DEBUG] APT-USD: Missing prices (X=1.833224975, L=None)
18:06:53 [DEBUG] ZORA-USD: Missing prices (X=0.043598959175, L=None)
18:06:53 [DEBUG] XPL-USD: Missing prices (X=0.175007493187, L=None)
18:06:53 [DEBUG] TRX-USD: Missing prices (X=0.27868319125, L=None)
18:06:53 [DEBUG] 1000BONK-USD: Missing prices (X=0.008641203625, L=None)
18:06:53 [DEBUG] DOGE-USD: Missing prices (X=0.133055038749, L=None)
18:06:54 [DEBUG] WIF-USD: Missing prices (X=0.3332999975, L=None)
18:06:54 [DEBUG] APEX-USD: Missing prices (X=0.520871857499, L=None)
18:06:54 [DEBUG] TRUMP-USD: Missing prices (X=5.656651375, L=None)
18:06:54 [DEBUG] S-USD: Missing prices (X=0.092336147499, L=None)
18:06:54 [DEBUG] GRASS-USD: Missing prices (X=0.302054685, L=None)
18:06:54 [DEBUG] ETH-USD: Missing prices (X=2738.48416575, L=None)
18:06:54 [DEBUG] ASTER-USD: Missing prices (X=0.903164505, L=None)
18:06:54 [DEBUG] ONDO-USD: Missing prices (X=0.451982192499, L=None)
18:06:54 [DEBUG] USDJPY-USD: Missing prices (X=0.0, L=None)
18:06:54 [DEBUG] STRK-USD: Missing prices (X=0.118432232499, L=None)
18:06:54 [DEBUG] AAVE-USD: Missing prices (X=164.430331749999, L=None)
18:06:54 [DEBUG] EDEN-USD: Missing prices (X=0.068489725, L=None)
18:06:54 [DEBUG] VIRTUAL-USD: Missing prices (X=0.8386241875, L=None)
18:06:54 [DEBUG] TAO-USD: Missing prices (X=257.846317249999, L=None)
18:06:54 [DEBUG] PENGU-USD: Missing prices (X=0.009485077025, L=None)
18:06:54 [DEBUG] XAU-USD: Missing prices (X=4225.82, L=None)
18:06:54 [DEBUG] WLFI-USD: Missing prices (X=0.153851723029, L=None)
18:06:54 [DEBUG] KAITO-USD: Missing prices (X=0.6142578475, L=None)
18:06:54 [DEBUG] 1000PEPE-USD: Missing prices (X=0.003995250622, L=None)
18:06:54 [DEBUG] TIA-USD: Missing prices (X=0.555766622499, L=None)
18:06:54 [DEBUG] SEI-USD: Missing prices (X=0.121731737499, L=None)
18:06:54 [DEBUG] AVAX-USD: Missing prices (X=12.682597324999, L=None)
18:06:54 [DEBUG] SUI-USD: Missing prices (X=1.320551887499, L=None)
18:06:54 [DEBUG] NEAR-USD: Missing prices (X=1.611658214999, L=None)
18:06:54 [DEBUG] FIL-USD: Missing prices (X=0.0, L=None)
18:06:54 [DEBUG] TON-USD: Missing prices (X=1.4697795, L=None)
18:06:54 [DEBUG] OP-USD: Missing prices (X=0.281607752499, L=None)
18:06:54 [DEBUG] WLD-USD: Missing prices (X=0.562765572499, L=None)
18:06:54 [INFO] ✅ Found 0 opportunities with predictions (farm_mode=True)
18:06:54 [INFO] ⚠️ Keine Prediction-Opportunities, nutze Fallback mit echten Funding Rates...
18:06:54 [DEBUG] ⛔ Skip SPX-USD: TradFi/FX
18:06:54 [DEBUG] ⛔ Skip XAG-USD: TradFi/FX
18:06:54 [DEBUG] ⛔ Skip XAU-USD: TradFi/FX
18:06:54 [INFO] ✅ Found 0 opportunities from 0 valid pairs (farm_mode=True, scanned=68)
18:06:55 [DEBUG] ✅ MKR-USD: X10=$9,283, Lighter=$0, Total=$9,283
18:06:57 [INFO] 🔍 🚜 FARM Scanning 68 pairs. Open symbols to skip: set()
18:06:57 [DEBUG] Price cache status: X10=68/68, Lighter=0/68
18:06:57 [INFO] 🔍 Scanning 68 pairs. Lighter markets: 116, X10 markets: 91
18:06:57 [DEBUG] SOL-USD: Missing prices (X=124.06638725, L=None)
18:06:57 [DEBUG] HYPE-USD: Missing prices (X=29.735788962499, L=None)
18:06:57 [DEBUG] 1000SHIB-USD: Missing prices (X=0.007924311175, L=None)
18:06:57 [DEBUG] RESOLV-USD: Missing prices (X=0.07923311325, L=None)
18:06:57 [DEBUG] MON-USD: Missing prices (X=0.024419893866, L=None)
18:06:57 [DEBUG] LINEA-USD: Missing prices (X=0.008984152175, L=None)
18:06:57 [DEBUG] UNI-USD: Missing prices (X=5.527670724999, L=None)
18:06:57 [DEBUG] ARB-USD: Missing prices (X=0.1888216725, L=None)
18:06:57 [DEBUG] BERA-USD: Missing prices (X=0.902364625, L=None)
18:06:57 [DEBUG] MKR-USD: Missing prices (X=1663.9, L=None)
18:06:57 [DEBUG] BNB-USD: Missing prices (X=813.4279675, L=None)
18:06:57 [DEBUG] BCH-USD: Missing prices (X=0.0, L=None)
18:06:57 [DEBUG] ENA-USD: Missing prices (X=0.2372144125, L=None)
18:06:57 [DEBUG] CRV-USD: Missing prices (X=0.3802929475, L=None)
18:06:57 [DEBUG] LINK-USD: Missing prices (X=11.823726175, L=None)
18:06:57 [DEBUG] BTC-USD: Missing prices (X=84789.02973750001, L=None)
18:06:57 [DEBUG] PUMP-USD: Missing prices (X=0.002621344539, L=None)
18:06:57 [DEBUG] IP-USD: Missing prices (X=2.2093185525, L=None)
18:06:57 [DEBUG] ADA-USD: Missing prices (X=0.3746937875, L=None)
18:06:57 [DEBUG] ZRO-USD: Missing prices (X=1.1967704575, L=None)
18:06:57 [DEBUG] JUP-USD: Missing prices (X=0.2216167525, L=None)
18:06:57 [DEBUG] PENDLE-USD: Missing prices (X=2.400989797499, L=None)
18:06:57 [DEBUG] SPX-USD: Missing prices (X=0.5944608175, L=None)
18:06:57 [DEBUG] LDO-USD: Missing prices (X=0.567564852499, L=None)
18:06:57 [DEBUG] MNT-USD: Missing prices (X=0.964005377499, L=None)
18:06:57 [DEBUG] AVNT-USD: Missing prices (X=0.3269009575, L=None)
18:06:57 [DEBUG] DOT-USD: Missing prices (X=0.0, L=None)
18:06:57 [DEBUG] FARTCOIN-USD: Missing prices (X=0.295955599999, L=None)
18:06:57 [DEBUG] ZEC-USD: Missing prices (X=354.32184375, L=None)
18:06:57 [DEBUG] POPCAT-USD: Missing prices (X=0.0942358625, L=None)
18:06:57 [DEBUG] EIGEN-USD: Missing prices (X=0.49872481023, L=None)
18:06:57 [DEBUG] XAG-USD: Missing prices (X=58.285, L=None)
18:06:57 [DEBUG] XRP-USD: Missing prices (X=2.0002499175, L=None)
18:06:57 [DEBUG] ZORA-USD: Missing prices (X=0.043598959175, L=None)
18:06:57 [DEBUG] XPL-USD: Missing prices (X=0.175007493187, L=None)
18:06:57 [DEBUG] TRX-USD: Missing prices (X=0.27868319125, L=None)
18:06:57 [DEBUG] 1000BONK-USD: Missing prices (X=0.008641203625, L=None)
18:06:57 [DEBUG] LTC-USD: Missing prices (X=75.60365775, L=None)
18:06:57 [DEBUG] APT-USD: Missing prices (X=1.833224975, L=None)
18:06:57 [DEBUG] DOGE-USD: Missing prices (X=0.133055038749, L=None)
18:06:57 [DEBUG] WIF-USD: Missing prices (X=0.3332999975, L=None)
18:06:57 [DEBUG] APEX-USD: Missing prices (X=0.520871857499, L=None)
18:06:57 [DEBUG] TRUMP-USD: Missing prices (X=5.656651375, L=None)
18:06:57 [DEBUG] S-USD: Missing prices (X=0.092336147499, L=None)
18:06:57 [DEBUG] GRASS-USD: Missing prices (X=0.302054685, L=None)
18:06:57 [DEBUG] ETH-USD: Missing prices (X=2738.48416575, L=None)
18:06:57 [DEBUG] ASTER-USD: Missing prices (X=0.903164505, L=None)
18:06:57 [DEBUG] ONDO-USD: Missing prices (X=0.451982192499, L=None)
18:06:57 [DEBUG] USDJPY-USD: Missing prices (X=0.0, L=None)
18:06:57 [DEBUG] STRK-USD: Missing prices (X=0.118432232499, L=None)
18:06:57 [DEBUG] AAVE-USD: Missing prices (X=164.430331749999, L=None)
18:06:57 [DEBUG] EDEN-USD: Missing prices (X=0.068489725, L=None)
18:06:57 [DEBUG] VIRTUAL-USD: Missing prices (X=0.8386241875, L=None)
18:06:57 [DEBUG] TAO-USD: Missing prices (X=257.846317249999, L=None)
18:06:57 [DEBUG] PENGU-USD: Missing prices (X=0.009485077025, L=None)
18:06:57 [DEBUG] XAU-USD: Missing prices (X=4225.82, L=None)
18:06:57 [DEBUG] WLFI-USD: Missing prices (X=0.153851723029, L=None)
18:06:57 [DEBUG] KAITO-USD: Missing prices (X=0.6142578475, L=None)
18:06:57 [DEBUG] 1000PEPE-USD: Missing prices (X=0.003995250622, L=None)
18:06:57 [DEBUG] TIA-USD: Missing prices (X=0.555766622499, L=None)
18:06:57 [DEBUG] SEI-USD: Missing prices (X=0.121731737499, L=None)
18:06:57 [DEBUG] AVAX-USD: Missing prices (X=12.682597324999, L=None)
18:06:57 [DEBUG] TON-USD: Missing prices (X=1.4697795, L=None)
18:06:57 [DEBUG] SUI-USD: Missing prices (X=1.320551887499, L=None)
18:06:57 [DEBUG] NEAR-USD: Missing prices (X=1.611658214999, L=None)
18:06:57 [DEBUG] WLD-USD: Missing prices (X=0.562765572499, L=None)
18:06:57 [DEBUG] FIL-USD: Missing prices (X=0.0, L=None)
18:06:57 [DEBUG] OP-USD: Missing prices (X=0.281607752499, L=None)
18:06:57 [INFO] ✅ Found 0 opportunities with predictions (farm_mode=True)
18:06:57 [INFO] ⚠️ Keine Prediction-Opportunities, nutze Fallback mit echten Funding Rates...
18:06:57 [DEBUG] ⛔ Skip SPX-USD: TradFi/FX
18:06:57 [DEBUG] ⛔ Skip XAG-USD: TradFi/FX
18:06:57 [DEBUG] ⛔ Skip XAU-USD: TradFi/FX
18:06:57 [INFO] ✅ Found 0 opportunities from 0 valid pairs (farm_mode=True, scanned=68)
18:06:58 [DEBUG] ✅ LINEA-USD: X10=$53,797, Lighter=$0, Total=$53,797
18:07:00 [INFO] 🔍 🚜 FARM Scanning 68 pairs. Open symbols to skip: set()
18:07:00 [DEBUG] Price cache status: X10=68/68, Lighter=0/68
18:07:00 [INFO] 🔍 Scanning 68 pairs. Lighter markets: 116, X10 markets: 91
18:07:00 [DEBUG] SOL-USD: Missing prices (X=124.06638725, L=None)
18:07:00 [DEBUG] MON-USD: Missing prices (X=0.024419893866, L=None)
18:07:00 [DEBUG] MKR-USD: Missing prices (X=1663.9, L=None)
18:07:00 [DEBUG] UNI-USD: Missing prices (X=5.527670724999, L=None)
18:07:00 [DEBUG] 1000SHIB-USD: Missing prices (X=0.007924311175, L=None)
18:07:00 [DEBUG] RESOLV-USD: Missing prices (X=0.07923311325, L=None)
18:07:00 [DEBUG] ARB-USD: Missing prices (X=0.1888216725, L=None)
18:07:00 [DEBUG] LINEA-USD: Missing prices (X=0.008984152175, L=None)
18:07:00 [DEBUG] BERA-USD: Missing prices (X=0.902364625, L=None)
18:07:00 [DEBUG] HYPE-USD: Missing prices (X=29.735788962499, L=None)
18:07:00 [DEBUG] BNB-USD: Missing prices (X=813.4279675, L=None)
18:07:00 [DEBUG] LINK-USD: Missing prices (X=11.823726175, L=None)
18:07:00 [DEBUG] ZRO-USD: Missing prices (X=1.1967704575, L=None)
18:07:00 [DEBUG] PUMP-USD: Missing prices (X=0.002621344539, L=None)
18:07:00 [DEBUG] ENA-USD: Missing prices (X=0.2372144125, L=None)
18:07:00 [DEBUG] CRV-USD: Missing prices (X=0.3802929475, L=None)
18:07:00 [DEBUG] IP-USD: Missing prices (X=2.2093185525, L=None)
18:07:00 [DEBUG] BTC-USD: Missing prices (X=84789.02973750001, L=None)
18:07:00 [DEBUG] ADA-USD: Missing prices (X=0.3746937875, L=None)
18:07:00 [DEBUG] BCH-USD: Missing prices (X=0.0, L=None)
18:07:00 [DEBUG] JUP-USD: Missing prices (X=0.2216167525, L=None)
18:07:00 [DEBUG] MNT-USD: Missing prices (X=0.964005377499, L=None)
18:07:00 [DEBUG] POPCAT-USD: Missing prices (X=0.0942358625, L=None)
18:07:00 [DEBUG] DOT-USD: Missing prices (X=0.0, L=None)
18:07:00 [DEBUG] SPX-USD: Missing prices (X=0.5944608175, L=None)
18:07:00 [DEBUG] LDO-USD: Missing prices (X=0.567564852499, L=None)
18:07:00 [DEBUG] FARTCOIN-USD: Missing prices (X=0.295955599999, L=None)
18:07:00 [DEBUG] AVNT-USD: Missing prices (X=0.3269009575, L=None)
18:07:00 [DEBUG] ZEC-USD: Missing prices (X=354.32184375, L=None)
18:07:00 [DEBUG] PENDLE-USD: Missing prices (X=2.400989797499, L=None)
18:07:00 [DEBUG] XRP-USD: Missing prices (X=2.0002499175, L=None)
18:07:00 [DEBUG] APT-USD: Missing prices (X=1.833224975, L=None)
18:07:00 [DEBUG] DOGE-USD: Missing prices (X=0.133055038749, L=None)
18:07:00 [DEBUG] XPL-USD: Missing prices (X=0.175007493187, L=None)
18:07:00 [DEBUG] EIGEN-USD: Missing prices (X=0.49872481023, L=None)
18:07:00 [DEBUG] XAG-USD: Missing prices (X=58.285, L=None)
18:07:00 [DEBUG] TRX-USD: Missing prices (X=0.27868319125, L=None)
18:07:00 [DEBUG] ZORA-USD: Missing prices (X=0.043598959175, L=None)
18:07:00 [DEBUG] 1000BONK-USD: Missing prices (X=0.008641203625, L=None)
18:07:00 [DEBUG] LTC-USD: Missing prices (X=75.60365775, L=None)
18:07:00 [DEBUG] WIF-USD: Missing prices (X=0.3332999975, L=None)
18:07:00 [DEBUG] GRASS-USD: Missing prices (X=0.302054685, L=None)
18:07:00 [DEBUG] STRK-USD: Missing prices (X=0.118432232499, L=None)
18:07:00 [DEBUG] ASTER-USD: Missing prices (X=0.903164505, L=None)
18:07:00 [DEBUG] TRUMP-USD: Missing prices (X=5.656651375, L=None)
18:07:00 [DEBUG] S-USD: Missing prices (X=0.092336147499, L=None)
18:07:00 [DEBUG] ONDO-USD: Missing prices (X=0.451982192499, L=None)
18:07:00 [DEBUG] ETH-USD: Missing prices (X=2738.48416575, L=None)
18:07:00 [DEBUG] USDJPY-USD: Missing prices (X=0.0, L=None)
18:07:00 [DEBUG] APEX-USD: Missing prices (X=0.520871857499, L=None)
18:07:00 [DEBUG] AAVE-USD: Missing prices (X=164.430331749999, L=None)
18:07:00 [DEBUG] PENGU-USD: Missing prices (X=0.009485077025, L=None)
18:07:00 [DEBUG] TIA-USD: Missing prices (X=0.555766622499, L=None)
18:07:00 [DEBUG] WLFI-USD: Missing prices (X=0.153851723029, L=None)
18:07:00 [DEBUG] VIRTUAL-USD: Missing prices (X=0.8386241875, L=None)
18:07:00 [DEBUG] TAO-USD: Missing prices (X=257.846317249999, L=None)
18:07:00 [DEBUG] KAITO-USD: Missing prices (X=0.6142578475, L=None)
18:07:00 [DEBUG] XAU-USD: Missing prices (X=4225.82, L=None)
18:07:00 [DEBUG] 1000PEPE-USD: Missing prices (X=0.003995250622, L=None)
18:07:00 [DEBUG] EDEN-USD: Missing prices (X=0.068489725, L=None)
18:07:00 [DEBUG] SEI-USD: Missing prices (X=0.121731737499, L=None)
18:07:00 [DEBUG] TON-USD: Missing prices (X=1.4697795, L=None)
18:07:00 [DEBUG] OP-USD: Missing prices (X=0.281607752499, L=None)
18:07:00 [DEBUG] NEAR-USD: Missing prices (X=1.611658214999, L=None)
18:07:00 [DEBUG] WLD-USD: Missing prices (X=0.562765572499, L=None)
18:07:00 [DEBUG] SUI-USD: Missing prices (X=1.320551887499, L=None)
18:07:00 [DEBUG] FIL-USD: Missing prices (X=0.0, L=None)
18:07:00 [DEBUG] AVAX-USD: Missing prices (X=12.682597324999, L=None)
18:07:00 [INFO] ✅ Found 0 opportunities with predictions (farm_mode=True)
18:07:00 [INFO] ⚠️ Keine Prediction-Opportunities, nutze Fallback mit echten Funding Rates...
18:07:00 [DEBUG] ⛔ Skip SPX-USD: TradFi/FX
18:07:00 [DEBUG] ⛔ Skip XAG-USD: TradFi/FX
18:07:00 [DEBUG] ⛔ Skip XAU-USD: TradFi/FX
18:07:00 [INFO] ✅ Found 0 opportunities from 0 valid pairs (farm_mode=True, scanned=68)
18:07:01 [WARNING] 🛑 Received SIGINT, initiating graceful shutdown...
18:07:01 [INFO] 🛑 Shutting down...
18:07:01 [INFO] 🛑 Initiating graceful shutdown...
18:07:01 [INFO] 🔍 Supervisor loop stopped
18:07:01 [INFO] 🛑 Cancelling logic_loop...
18:07:01 [INFO] 🛑 Cancelling trade_management_loop...
18:07:01 [INFO] 🛑 Cancelling farm_loop...
18:07:01 [INFO] 🛑 Cancelling maintenance_loop...
18:07:01 [INFO] 🛑 Cancelling cleanup_finished_tasks...
18:07:01 [INFO] 🛑 Cancelling health_reporter...
18:07:01 [INFO] 🛑 Cancelling connection_watchdog...
18:07:01 [INFO] Logic loop cancelled
18:07:01 [INFO] Connection watchdog cancelled
18:07:01 [INFO] ✅ All tasks stopped
18:07:01 [INFO] 🛑 Rollback processor: Shutdown signal received
18:07:01 [INFO] ✅ ParallelExecutionManager: Stopped
18:07:01 [INFO] 🔌 [lighter] WebSocket stopped
18:07:04 [WARNING] 🛑 Received SIGINT, initiating graceful shutdown...
18:07:04 [DEBUG] ✅ BERA-USD: X10=$243,200, Lighter=$0, Total=$243,200
18:07:04 [INFO] 🔌 [x10] WebSocket stopped
18:07:04 [INFO] ✅ WebSocketManager stopped
18:07:04 [INFO] ✅ OpenInterestTracker stopped
18:07:04 [INFO] 🛑 Stopping InMemoryStateManager...
18:07:04 [INFO] 📝 State writer loop stopped
18:07:04 [INFO] ✅ InMemoryStateManager stopped
18:07:04 [INFO] 🔒 Closing database...
18:07:04 [INFO] 🖊️ Database write loop stopped
18:07:04 [INFO] ✅ Database closed
18:07:04 [INFO] ✅ X10 Adapter geschlossen.
18:07:04 [INFO] ✅ Lighter Adapter closed
18:07:04 [INFO] ✅ Bot V5 shutdown complete
