13:46:28 [INFO]  CONFIG VALIDIERUNG abgeschlossen.
13:46:28 [INFO] 🔥 BOT V5 (Architected) STARTING...
13:46:28 [INFO] 🚀 Starting InMemoryStateManager...
13:46:28 [INFO] 📂 Initializing database: data/trades.db
13:46:28 [INFO] ✅ Read pool created: 5 connections
13:46:28 [INFO] ✅ WAL mode enabled
13:46:28 [INFO] 🔄 Running database migrations...
13:46:28 [INFO] ✅ Migrations complete (15 statements)
13:46:28 [INFO] ✅ Database initialized
13:46:28 [INFO] 🖊️ Database write loop started
13:46:28 [INFO] 📂 Loaded 3 trades from database
13:46:28 [INFO] ✅ InMemoryStateManager started (loaded 3 trades)
13:46:28 [INFO] ✅ State Manager started
13:46:28 [INFO]  Telegram Bot disabled (Token/ChatID missing).
13:46:28 [INFO] ✅ Async database initialized
13:46:28 [INFO] 📝 State writer loop started
13:46:28 [DEBUG] ✅ Database schema up to date
13:46:28 [INFO] Initialisiere X10 Adapter...
13:46:28 [INFO]  X10 Account initialisiert.
13:46:28 [INFO] Initialisiere Lighter Adapter...
13:46:28 [INFO] 💰 FeeManager initialized (Dynamic Fees: ENABLED)
13:46:28 [DEBUG] FeeManager: Adapters set (X10=True, Lighter=True)
13:46:30 [DEBUG] Lighter REST GET /api/v1/fees returned 404
13:46:30 [DEBUG] Lighter Fee Schedule: No API endpoint available, using config
13:46:30 [INFO] ✅ Lighter Fees updated: Maker=0.000000, Taker=0.000000 (source=config)
13:46:30 [INFO] ✅ X10 Fee Schedule from API: Maker=0.000000, Taker=0.000225
13:46:30 [INFO] ✅ X10 Fees updated: Maker=0.000000, Taker=0.000225 (source=api)
13:46:30 [INFO] ✅ FeeManager started with periodic refresh
13:46:30 [INFO] ✅ FeeManager started
13:46:30 [INFO] 📊 Loading Market Data via REST...
13:46:30 [DEBUG] Sending GET https://api.starknet.extended.exchange/api/v1/info/markets?
13:46:30 [INFO] ✅ Lighter: Loaded 116 markets (base data)
13:46:30 [DEBUG] Starting new HTTPS connection (1): mainnet.zklighter.elliot.ai:443
13:46:32 [DEBUG] https://mainnet.zklighter.elliot.ai:443 "GET /api/v1/nextNonce?account_index=60113&api_key_index=3 HTTP/1.1" 200 25
13:46:33 [INFO]  X10: 91 Märkte geladen, 91 Funding Rates, 78 Preise
13:46:34 [INFO] ✅ Lighter: Updated 116 markets with size_decimals from API
13:46:34 [INFO] 📊 MARKET ADA-USD: size_decimals=1, price_decimals=5, min_base_amount=10.0
13:46:34 [INFO] 📊 MARKET SEI-USD: size_decimals=1, price_decimals=5, min_base_amount=50.0
13:46:34 [INFO] 📊 MARKET RESOLV-USD: size_decimals=0, price_decimals=6, min_base_amount=40.0
13:46:34 [INFO] 📊 MARKET TIA-USD: size_decimals=1, price_decimals=5, min_base_amount=3.0
13:46:34 [INFO] ✅ Markets loaded: X10=91, Lighter=116
13:46:34 [INFO] 📈 Pre-loading Lighter prices...
13:46:34 [DEBUG] Lighter: Loaded 383 funding rates
13:46:35 [DEBUG] Lighter: Loaded 106 prices via REST
13:46:35 [INFO] ✅ Lighter prices loaded: 106 symbols
13:46:35 [INFO] 🔥 Warming up execution clients (Network Handshake)...
13:46:35 [DEBUG] Sending GET https://api.starknet.extended.exchange/api/v1/info/markets?
13:46:37 [INFO] ✅ Execution clients warmed up & NETWORK READY
13:46:37 [INFO] FundingPredictorV2 initialized with BTC Correlation
13:46:37 [INFO] 启动 OI Tracker für 68 Symbole...
13:46:37 [INFO] ✅ OpenInterestTracker started (interval=15.0s)
13:46:37 [INFO] 🌐 Starting WebSocket Manager...
13:46:37 [INFO] 📊 OI Tracker: Starting cycle 1 (68 symbols)
13:46:37 [INFO] 🔌 [lighter] WebSocket manager started
13:46:37 [INFO] 🔌 [x10_account] WebSocket manager started
13:46:37 [INFO] 🔌 [x10_trades] WebSocket manager started
13:46:37 [INFO] 🔌 [x10_funding] WebSocket manager started
13:46:37 [INFO] 🔌 [lighter] Connecting with kwargs: {'close_timeout': 5.0, 'max_size': 4194304, 'ping_interval': 20.0, 'ping_timeout': 10.0}
13:46:37 [INFO] 🔌 [x10_account] Connecting with kwargs: {'close_timeout': 5.0, 'max_size': 4194304, 'ping_interval': 15.0, 'additional_headers': {'X-Api-Key': 'a1c9207f79f0e57ddc454bf1e16dbe49', 'User-Agent': 'X10PythonTradingClient/0.4.5'}}
13:46:37 [INFO] 🔌 [x10_trades] Connecting with kwargs: {'close_timeout': 5.0, 'max_size': 4194304, 'ping_interval': 15.0, 'additional_headers': {'X-Api-Key': 'a1c9207f79f0e57ddc454bf1e16dbe49', 'User-Agent': 'X10PythonTradingClient/0.4.5'}}
13:46:37 [INFO] 🔌 [x10_funding] Connecting with kwargs: {'close_timeout': 5.0, 'max_size': 4194304, 'ping_interval': 15.0, 'additional_headers': {'X-Api-Key': 'a1c9207f79f0e57ddc454bf1e16dbe49', 'User-Agent': 'X10PythonTradingClient/0.4.5'}}
13:46:37 [INFO] ✅ WebSocketManager started (Lighter + X10 Account/Trades/Funding)
13:46:38 [DEBUG] ✅ JUP-USD: X10=$163,710, Lighter=$3,393,257, Total=$3,556,967
13:46:39 [INFO] ✅ [lighter] Connected to wss://mainnet.zklighter.elliot.ai/stream
13:46:39 [INFO] ✅ [lighter] Keepalive enabled: ping_interval=20.0s, ping_timeout=10.0s
13:46:39 [INFO] [lighter] Resubscribing to 93 channels (paced)...
13:46:39 [INFO] [lighter] Receive loop started (async iterator)
13:46:39 [DEBUG] 💓 [lighter] Heartbeat started (stale_threshold=180.0s)
13:46:39 [DEBUG] [lighter] Subscribed to order_book/47
13:46:39 [DEBUG] [lighter] Subscribed to trade/47
13:46:39 [DEBUG] [lighter] Subscribed to order_book/67
13:46:39 [DEBUG] [lighter] Subscribed to trade/67
13:46:39 [INFO] ✅ [x10_trades] Connected to wss://api.starknet.extended.exchange/stream.extended.exchange/v1/publicTrades
13:46:39 [INFO] ✅ [x10_trades] Keepalive enabled: ping_interval=15.0s, ping_timeout=None (auto-pong)
13:46:39 [INFO] [x10_trades] Receive loop started (async iterator)
13:46:39 [DEBUG] 💓 [x10_trades] Heartbeat started (stale_threshold=300.0s)
13:46:39 [DEBUG] [lighter] Subscribed to order_book/21
13:46:39 [DEBUG] [lighter] Subscribed to trade/21
13:46:39 [INFO] ✅ [x10_funding] Connected to wss://api.starknet.extended.exchange/stream.extended.exchange/v1/funding
13:46:39 [INFO] ✅ [x10_funding] Keepalive enabled: ping_interval=15.0s, ping_timeout=None (auto-pong)
13:46:39 [INFO] ✅ [x10_account] Connected to wss://api.starknet.extended.exchange/stream.extended.exchange/v1/account
13:46:39 [INFO] ✅ [x10_account] Keepalive enabled: ping_interval=15.0s, ping_timeout=None (auto-pong)
13:46:39 [INFO] [x10_funding] Receive loop started (async iterator)
13:46:39 [DEBUG] 💓 [x10_funding] Heartbeat started (stale_threshold=300.0s)
13:46:39 [INFO] [x10_account] Receive loop started (async iterator)
13:46:39 [DEBUG] 💓 [x10_account] Heartbeat started (stale_threshold=180.0s)
13:46:39 [DEBUG] [lighter] Subscribed to order_book/60
13:46:39 [DEBUG] [lighter] Subscribed to trade/60
13:46:39 [DEBUG] [lighter] Subscribed to order_book/27
13:46:39 [DEBUG] [lighter] Subscribed to trade/27
13:46:39 [DEBUG] [lighter] Resubscribed 10/93 channels
13:46:39 [DEBUG] [lighter] Subscribed to order_book/51
13:46:39 [DEBUG] [lighter] Subscribed to trade/51
13:46:39 [DEBUG] [lighter] Subscribed to order_book/90
13:46:39 [DEBUG] [lighter] Subscribed to trade/90
13:46:39 [DEBUG] [lighter] Subscribed to order_book/4
13:46:39 [DEBUG] [lighter] Subscribed to trade/4
13:46:39 [DEBUG] [lighter] Subscribed to order_book/71
13:46:39 [DEBUG] [lighter] Subscribed to trade/71
13:46:39 [DEBUG] [lighter] Subscribed to order_book/30
13:46:39 [DEBUG] [lighter] Subscribed to trade/30
13:46:39 [DEBUG] [lighter] Resubscribed 20/93 channels
13:46:39 [DEBUG] [lighter] Subscribed to order_book/91
13:46:39 [DEBUG] [lighter] Subscribed to trade/91
13:46:39 [DEBUG] [lighter] Subscribed to order_book/86
13:46:39 [DEBUG] [lighter] Subscribed to trade/86
13:46:39 [DEBUG] [lighter] Subscribed to order_book/55
13:46:39 [DEBUG] [lighter] Subscribed to trade/55
13:46:39 [DEBUG] [lighter] Subscribed to order_book/15
13:46:39 [DEBUG] [lighter] Subscribed to trade/15
13:46:39 [DEBUG] [lighter] Subscribed to order_book/7
13:46:39 [DEBUG] [lighter] Subscribed to trade/7
13:46:39 [DEBUG] [lighter] Subscribed to order_book/18
13:46:39 [DEBUG] [lighter] Subscribed to trade/18
13:46:39 [DEBUG] [lighter] Resubscribed 30/93 channels
13:46:39 [DEBUG] [lighter] Subscribed to order_book/2
13:46:39 [DEBUG] [lighter] Subscribed to trade/2
13:46:39 [DEBUG] [lighter] Subscribed to order_book/34
13:46:39 [DEBUG] [lighter] Subscribed to trade/34
13:46:39 [DEBUG] [lighter] Subscribed to order_book/10
13:46:39 [DEBUG] [lighter] Subscribed to trade/10
13:46:39 [DEBUG] [lighter] Subscribed to order_book/89
13:46:39 [DEBUG] [lighter] Subscribed to trade/89
13:46:39 [DEBUG] [lighter] Subscribed to order_book/92
13:46:39 [DEBUG] [lighter] Subscribed to trade/92
13:46:39 [DEBUG] [lighter] Resubscribed 40/93 channels
13:46:39 [INFO] [x10] Connected to Firehose streams (Trades & Funding) for all markets.
13:46:39 [INFO] 🔗 Components Wired: WS -> OI Tracker -> Prediction
13:46:39 [INFO] 🧟 Starte Zombie-Check: Vergleiche DB mit echten Positionen...
13:46:39 [INFO] 🔍 DB meldet 3 offene Trades. Prüfe Exchange...
13:46:39 [DEBUG] Sending GET https://api.starknet.extended.exchange/api/v1/user/positions?
13:46:39 [DEBUG] [lighter] Resubscribed 50/93 channels
13:46:39 [DEBUG] [lighter] Resubscribed 60/93 channels
13:46:39 [DEBUG] [lighter] Resubscribed 70/93 channels
13:46:40 [DEBUG] [lighter] Resubscribed 80/93 channels
13:46:40 [DEBUG] [lighter] Resubscribed 90/93 channels
13:46:40 [INFO] [lighter] Resubscribed to 93 channels
13:46:40 [DEBUG] ✅ LINEA-USD: X10=$73,491, Lighter=$85,415,972, Total=$85,489,463
13:46:41 [INFO] Lighter: Found 0 open positions
13:46:41 [INFO] 🌍 Echte Positionen auf Exchanges: []
13:46:41 [WARNING] ⚠️  ZOMBIE GEFUNDEN: DOGE-USD ist in DB offen, aber nicht auf Exchange. Schließe ihn...
13:46:41 [INFO] ✅ Trade DOGE-USD closed (PnL: $0.00)
13:46:41 [WARNING] ⚠️  ZOMBIE GEFUNDEN: XRP-USD ist in DB offen, aber nicht auf Exchange. Schließe ihn...
13:46:41 [INFO] ✅ Trade XRP-USD closed (PnL: $0.00)
13:46:41 [WARNING] ⚠️  ZOMBIE GEFUNDEN: ZEC-USD ist in DB offen, aber nicht auf Exchange. Schließe ihn...
13:46:41 [INFO] ✅ Trade ZEC-USD closed (PnL: $0.00)
13:46:41 [INFO] 🧟 Reverse Ghost Check: Suche Positionen auf Exchange ohne DB Entry...
13:46:41 [DEBUG] Sending GET https://api.starknet.extended.exchange/api/v1/user/positions?
13:46:41 [DEBUG] 📝 Flushed 1 writes
13:46:41 [DEBUG] 📝 Flushed 1 writes in 16.0ms
13:46:42 [DEBUG] [x10_trades] Firehose stream - no subscription needed
13:46:42 [DEBUG] [x10_funding] Firehose stream - no subscription needed
13:46:42 [DEBUG] ✅ S-USD: X10=$90,491, Lighter=$7,189,921, Total=$7,280,412
13:46:42 [DEBUG] 📝 Flushed 1 writes in 0.0ms
13:46:43 [DEBUG] 📝 Flushed 2 writes
13:46:43 [DEBUG] 📝 Flushed 1 writes in 0.0ms
13:46:43 [INFO] Lighter: Found 0 open positions
13:46:43 [INFO] ✅ No orphaned positions found
13:46:43 [INFO] ✅ ParallelExecutionManager: Rollback processor started
13:46:43 [INFO] ✅ ParallelExecutionManager started
13:46:43 [DEBUG] Registered task: logic_loop (priority=HIGH)
13:46:43 [DEBUG] Registered task: trade_management_loop (priority=HIGH)
13:46:43 [DEBUG] Registered task: farm_loop (priority=NORMAL)
13:46:43 [DEBUG] Registered task: maintenance_loop (priority=LOW)
13:46:43 [DEBUG] Registered task: cleanup_finished_tasks (priority=LOW)
13:46:43 [DEBUG] Registered task: health_reporter (priority=LOW)
13:46:43 [DEBUG] Registered task: connection_watchdog (priority=CRITICAL)
13:46:43 [INFO] ═══════════════════════════════════════════════════════════
13:46:43 [INFO]    BOT V5 RUNNING 24/7 - SUPERVISED | Ctrl+C = Stop   
13:46:43 [INFO] ═══════════════════════════════════════════════════════════
13:46:43 [INFO] 🚀 BotEventLoop starting...
13:46:43 [INFO] ▶️ Started task: connection_watchdog
13:46:43 [INFO] ▶️ Started task: logic_loop
13:46:43 [INFO] ▶️ Started task: trade_management_loop
13:46:43 [INFO] ▶️ Started task: farm_loop
13:46:43 [INFO] ▶️ Started task: maintenance_loop
13:46:43 [INFO] ▶️ Started task: cleanup_finished_tasks
13:46:43 [INFO] ▶️ Started task: health_reporter
13:46:43 [INFO] ✅ Started 7 tasks
13:46:43 [INFO] 🔄 Rollback processor running...
13:46:43 [INFO] 🐕 Connection Watchdog gestartet (Timeout: 120s)
13:46:43 [INFO] Logic Loop gestartet – REFRESH alle 3s
13:46:43 [INFO] ⚡ Latency Arb Detector initialized (threshold: 5.0s)
13:46:43 [INFO] 🔍 🚜 FARM Scanning 68 pairs. Open symbols to skip: set()
13:46:43 [DEBUG] Price cache status: X10=68/68, Lighter=67/68
13:46:43 [INFO] 🔍 Scanning 68 pairs. Lighter markets: 116, X10 markets: 91
13:46:43 [INFO] 🛡️ Trade Management Loop gestartet
13:46:43 [INFO] 🚜 Farm Mode ACTIVE
13:46:43 [DEBUG] Sending GET https://api.starknet.extended.exchange/api/v1/user/balance
13:46:43 [DEBUG] 📊 X10 Funding Cache refresh (current=91)
13:46:43 [DEBUG] Sending GET https://api.starknet.extended.exchange/api/v1/info/markets?
13:46:43 [DEBUG] MKR-USD: Missing prices (X=1663.9, L=None)
13:46:44 [INFO] ⚠️ No prediction opportunities, using fallback logic...
13:46:44 [INFO]  Volatility Monitor initialized: Low<3.0%, Normal<10.0%, High<20.0%, Hard Cap<50.0%
13:46:44 [INFO] 🔍 DEBUG LINEA-USD: rl=0.00001200, rx=-0.00006200, net=0.00007400, apy=64.8%
13:46:44 [DEBUG] Skip LINEA-USD: Spread 0.49% too high
13:46:44 [INFO] 🔍 DEBUG KAITO-USD: rl=0.00001200, rx=-0.00004700, net=0.00005900, apy=51.7%
13:46:44 [DEBUG] Skip KAITO-USD: Spread 0.45% too high
13:46:44 [DEBUG] Skip TAO-USD: Spread 0.31% too high
13:46:44 [INFO] 🔍 DEBUG DOGE-USD: rl=0.00010000, rx=0.00001300, net=0.00008700, apy=76.2%
13:46:44 [INFO] 💎 DOGE-USD | APY: 76.2%
13:46:44 [DEBUG] ⛔ Skip XAG-USD: TradFi/FX
13:46:44 [DEBUG] ⛔ Skip SPX-USD: TradFi/FX
13:46:44 [INFO] 🔍 DEBUG AVNT-USD: rl=0.00001200, rx=-0.00005200, net=0.00006400, apy=56.1%
13:46:44 [INFO] 💎 AVNT-USD | APY: 56.1%
13:46:44 [INFO] 🔍 DEBUG VIRTUAL-USD: rl=0.00001200, rx=-0.00007300, net=0.00008500, apy=74.5%
13:46:44 [INFO] 💎 VIRTUAL-USD | APY: 74.5%
13:46:44 [INFO] 🔍 DEBUG PENDLE-USD: rl=0.00008800, rx=0.00001300, net=0.00007500, apy=65.7%
13:46:44 [INFO] 💎 PENDLE-USD | APY: 65.7%
13:46:44 [INFO] 🔍 DEBUG ZORA-USD: rl=0.00001200, rx=-0.00012600, net=0.00013800, apy=120.9%
13:46:44 [INFO] 💎 ZORA-USD | APY: 120.9%
13:46:44 [INFO] 🔍 DEBUG AAVE-USD: rl=0.00009600, rx=0.00001300, net=0.00008300, apy=72.7%
13:46:44 [INFO] 💎 AAVE-USD | APY: 72.7%
13:46:44 [INFO] 🔍 DEBUG RESOLV-USD: rl=-0.00004500, rx=-0.00025600, net=0.00021100, apy=184.8%
13:46:44 [INFO] 💎 RESOLV-USD | APY: 184.8%
13:46:44 [INFO] 🔍 DEBUG ZEC-USD: rl=0.00035000, rx=0.00001300, net=0.00033700, apy=295.2%
13:46:44 [INFO] 💎 ZEC-USD | APY: 295.2%
13:46:44 [INFO] 🔍 DEBUG MON-USD: rl=-0.00009100, rx=0.00000700, net=-0.00009800, apy=85.8%
13:46:44 [INFO] 💎 MON-USD | APY: 85.8%
13:46:44 [DEBUG] Skip APEX-USD: Spread 0.60% too high
13:46:44 [INFO] 🔍 DEBUG TRUMP-USD: rl=0.00001200, rx=-0.00004800, net=0.00006000, apy=52.6%
13:46:44 [INFO] 💎 TRUMP-USD | APY: 52.6%
13:46:44 [INFO] 🔍 DEBUG XRP-USD: rl=0.00020500, rx=0.00000300, net=0.00020200, apy=177.0%
13:46:44 [INFO] 💎 XRP-USD | APY: 177.0%
13:46:44 [DEBUG] ⛔ Skip XAU-USD: TradFi/FX
13:46:44 [INFO] ✅ Found 23 opportunities from 64 valid pairs (farm_mode=True, scanned=68)
13:46:44 [INFO] 🎯 Found 3 opportunities, executing best...
13:46:44 [DEBUG] Sending GET https://api.starknet.extended.exchange/api/v1/user/balance
13:46:44 [DEBUG] ✅ USDJPY-USD: X10=$0, Lighter=$52,491, Total=$52,491
13:46:44 [DEBUG] Lighter Balance: Raw=$291.14, Safe=$276.58
13:46:44 [INFO] 🚜 Opening FARM: LINEA-USD APY=64.8%
13:46:44 [DEBUG] Sending GET https://api.starknet.extended.exchange/api/v1/user/positions?
13:46:45 [DEBUG] Lighter Balance: Raw=$291.14, Safe=$276.58
13:46:45 [INFO] X10: Detected balance = $298.74
13:46:45 [INFO] 🚀 Launching 2 trades (Slots available: 2)
13:46:45 [DEBUG] Sending GET https://api.starknet.extended.exchange/api/v1/user/positions?
13:46:45 [INFO] Lighter: Found 0 open positions
13:46:45 [DEBUG] ✅ LINEA-USD verified: No existing positions on exchanges
13:46:45 [DEBUG] 🧠 LINEA-USD: Prediction conf=0.50, delta=-0.000063
13:46:45 [DEBUG] MIN_NOTIONAL LINEA-USD: min_base=100.00000000 coins, price=$0.0090, min_qty_usd=$0.90, min_notional_api=$10.00, final=$11.00
13:46:45 [DEBUG] Sending GET https://api.starknet.extended.exchange/api/v1/user/balance
13:46:45 [DEBUG] ✅ AVAX-USD: X10=$644,413, Lighter=$269,982, Total=$914,395
13:46:46 [INFO] 🎲 KellyPositionSizer initialized (Safety=0.25, MaxFraction=0.1)
13:46:46 [INFO] 🎰 KELLY LINEA-USD: win_rate=60.0%, kelly_fraction=0.2000, safe_fraction=0.0300, confidence=LOW, samples=0
13:46:46 [INFO] 📊 KELLY SIZE LINEA-USD: base=$30.0, kelly_recommended=$8.3, final=$30.0
13:46:46 [INFO] 🚀 Opening LINEA-USD: Size=$30.0 (Min=$11.0)
13:46:46 [INFO] 🔄 [PARALLEL] LINEA-USD: Lighter POST-ONLY first
13:46:46 [INFO] 🚀 LIGHTER OPEN LINEA-USD: side=SELL, size_usd=$30.00, price=$0.008980
13:46:46 [DEBUG] 🔍 DEBUG: LINEA-USD market_id = 76 (raw=76, type=<class 'int'>)
13:46:46 [DEBUG] QUANTIZE LINEA-USD: USD=30.00, coins=3340.757238, raw=3341, lot_size=100, final=3300
13:46:46 [INFO] 🔄 [PARALLEL] LINEA-USD: X10 MARKET order
13:46:46 [DEBUG] Create Order Tx Info: {"AccountIndex":60113,"ApiKeyIndex":3,"MarketIndex":76,"ClientOrderIndex":1764852439056,"BaseAmount":3300,"Price":8926,"IsAsk":1,"Type":0,"TimeInForce":1,"ReduceOnly":0,"TriggerPrice":0,"OrderExpiry":1767271606144,"ExpiredAt":1764853005144,"Nonce":2439,"Sig":"Az1tOpHh6cEhuTdEWDfdwSftprNwMAuSuEU5yE9DyJXCEHLUNC7Fe+CVpoc8XUcfKEQpbiwbRttJrJ//2RlboKvP1r7LzsgLpmn/9rh5OAs="}
13:46:46 [DEBUG] Sending GET https://api.starknet.extended.exchange/api/v1/info/markets?
13:46:46 [INFO]  X10: 91 Märkte geladen, 91 Funding Rates, 82 Preise
13:46:46 [DEBUG] Create Order Send Tx Response: code=200 message='{"ratelimit": "didn\'t use volume quota"}' tx_hash='c7f8928e44d214f3ce001395999e219339dcbe8468b7d068953db61abfa81a96d600b7f7c721e2be' predicted_execution_time_ms=1764852398536 additional_properties={}
13:46:46 [INFO] Lighter Order: c7f8928e44d214f3ce001395999e219339dcbe8468b7d068953db61abfa81a96d600b7f7c721e2be
13:46:46 [DEBUG] X10: Funding Refresh OK, cache=91
13:46:46 [DEBUG] 📊 Lighter Funding Cache refresh (current=116)
13:46:46 [DEBUG] Placing an order: id=1866182129651649278807827110135041698489659132645073202168929756749736699958
13:46:46 [DEBUG] Sending POST https://api.starknet.extended.exchange/api/v1/user/order, headers={<RequestHeader.ACCEPT: 'Accept'>: 'application/json', <RequestHeader.CONTENT_TYPE: 'Content-Type'>: 'application/json', <RequestHeader.USER_AGENT: 'User-Agent'>: 'X10PythonTradingClient/0.0.17', <RequestHeader.API_KEY: 'X-Api-Key'>: 'a1c9207f79f0e57ddc454bf1e16dbe49'}
13:46:47 [DEBUG] Lighter: Loaded 383 funding rates
13:46:47 [INFO] Lighter: Found 1 open positions
13:46:47 [INFO] 💰 Balance: X10=$298.7 (free=$259.4), Lit=$276.6 (free=$237.3) | DB_Trades=0, Real_Positions=1, Locked=$5/ex
13:46:47 [INFO] 🚀 Launching trade for ZEC-USD (APY=295.2%)
13:46:47 [DEBUG] Sending GET https://api.starknet.extended.exchange/api/v1/user/positions?
13:46:48 [INFO] 🚀 Launching trade for RESOLV-USD (APY=184.8%)
13:46:48 [DEBUG] Sending GET https://api.starknet.extended.exchange/api/v1/user/positions?
13:46:48 [INFO]  X10 Order: 1996561791978741760
13:46:48 [DEBUG] Lighter: Loaded 106 prices via REST
13:46:48 [DEBUG] Lighter: Funding Refresh OK, cache=116
13:46:48 [DEBUG] 📊 OI→Pred JUP-USD: OI=$3,556,967, Velocity=0.00, Trend=UNKNOWN
13:46:48 [DEBUG] 📊 OI→Pred LINEA-USD: OI=$85,489,463, Velocity=0.00, Trend=UNKNOWN
13:46:48 [DEBUG] 📊 OI→Pred S-USD: OI=$7,280,412, Velocity=0.00, Trend=UNKNOWN
13:46:48 [DEBUG] 📊 OI→Pred USDJPY-USD: OI=$52,491, Velocity=0.00, Trend=UNKNOWN
13:46:48 [DEBUG] 📊 OI→Pred AVAX-USD: OI=$914,395, Velocity=0.00, Trend=UNKNOWN
13:46:48 [INFO] 🔍 Running periodic exchange sync check...
13:46:48 [INFO] 🔍 Starting Exchange Sync Check...
13:46:48 [DEBUG] Sending GET https://api.starknet.extended.exchange/api/v1/user/positions?
13:46:48 [INFO] ✅ [PARALLEL] LINEA-USD: Both legs filled in 2421ms
13:46:48 [DEBUG] 📝 Trade added to state: LINEA-USD
13:46:48 [DEBUG] FeeManager: Using X10 schedule fee: 0.000225 (maker=False, source=api)
13:46:48 [INFO] ✅ OPENED LINEA-USD: $30.00 | Entry Fees (est.): $0.0067
13:46:48 [DEBUG] 🧹 Cleaned task: LINEA-USD
13:46:48 [DEBUG] 📝 Flushed 1 writes
13:46:48 [DEBUG] 📝 Flushed 1 writes in 0.0ms
13:46:48 [DEBUG] Fetching fresh positions (force=False, cache_age=1764852408.7s)
13:46:48 [DEBUG] Sending GET https://api.starknet.extended.exchange/api/v1/user/positions?
13:46:48 [INFO] ✅ Launched 2 trade tasks this cycle
13:46:48 [INFO] Lighter: Found 1 open positions
13:46:48 [DEBUG] ✅ ZEC-USD verified: No existing positions on exchanges
13:46:48 [DEBUG] 🧠 ZEC-USD: Prediction conf=0.51, delta=-0.000286
13:46:48 [DEBUG] MIN_NOTIONAL ZEC-USD: min_base=0.10000000 coins, price=$364.7730, min_qty_usd=$36.48, min_notional_api=$10.00, final=$40.13
13:46:48 [DEBUG] Sending GET https://api.starknet.extended.exchange/api/v1/user/balance
13:46:49 [DEBUG] 💓 [lighter] Alive (uptime=10s, last_msg=0s ago, msgs=9130)
13:46:49 [DEBUG] 💓 [x10_trades] Alive (uptime=10s, last_msg=0s ago, msgs=7)
13:46:49 [DEBUG] 💓 [x10_account] Alive (uptime=10s, last_msg=0s ago, msgs=8)
13:46:49 [INFO] Lighter: Found 1 open positions
13:46:49 [INFO] 📊 Positions: X10=1, Lighter=1
13:46:49 [DEBUG] X10 positions: ['LINEA-USD']
13:46:49 [DEBUG] Lighter positions: ['LINEA-USD']
13:46:49 [INFO] 🔍 DEBUG LINEA-USD: entry_time type=<class 'str'>, value=2025-12-04T12:46:48.560661+00:00
13:46:49 [DEBUG] Check LINEA-USD: Age=0.7s (Limit=2700s)
13:46:49 [DEBUG] FeeManager: Using X10 schedule fee: 0.0 (maker=True, source=api)
13:46:49 [DEBUG] FeeManager: Using X10 schedule fee: 0.000225 (maker=False, source=api)
13:46:49 [INFO] 🔍 FeeManager Stats: enabled=True, X10(source=api, maker=0.000000, taker=0.000225), Lighter(source=config, maker=0.000000, taker=0.000000)
13:46:49 [DEBUG] FeeManager: Using X10 schedule fee: 0.000225 (maker=False, source=api)
13:46:49 [DEBUG] FeeManager: Using X10 schedule fee: 0.000225 (maker=False, source=api)
13:46:49 [DEBUG] FeeManager: Using X10 schedule fee: 0.000225 (maker=False, source=api)
13:46:49 [DEBUG] FeeManager: Using X10 schedule fee: 0.000225 (maker=False, source=api)
13:46:49 [INFO] Lighter: Found 1 open positions
13:46:49 [DEBUG] ✅ RESOLV-USD verified: No existing positions on exchanges
13:46:49 [DEBUG] 🧠 RESOLV-USD: Prediction conf=0.50, delta=-0.000179
13:46:49 [DEBUG] MIN_NOTIONAL RESOLV-USD: min_base=40.00000000 coins, price=$0.0775, min_qty_usd=$3.10, min_notional_api=$10.00, final=$11.00
13:46:49 [DEBUG] ✅ KAITO-USD: X10=$407,659, Lighter=$1,737,654, Total=$2,145,314
13:46:50 [DEBUG] Using cached positions (age: 1.6s)
13:46:50 [INFO] 🔍 DEBUG LINEA-USD: entry_time type=<class 'str'>, value=2025-12-04T12:46:48.560661+00:00
13:46:50 [DEBUG] Check LINEA-USD: Age=1.7s (Limit=2700s)
13:46:50 [DEBUG] FeeManager: Using X10 schedule fee: 0.0 (maker=True, source=api)
13:46:50 [DEBUG] FeeManager: Using X10 schedule fee: 0.000225 (maker=False, source=api)
13:46:50 [INFO] 🔍 FeeManager Stats: enabled=True, X10(source=api, maker=0.000000, taker=0.000225), Lighter(source=config, maker=0.000000, taker=0.000000)
13:46:50 [DEBUG] FeeManager: Using X10 schedule fee: 0.000225 (maker=False, source=api)
13:46:50 [DEBUG] FeeManager: Using X10 schedule fee: 0.000225 (maker=False, source=api)
13:46:50 [DEBUG] FeeManager: Using X10 schedule fee: 0.000225 (maker=False, source=api)
13:46:50 [DEBUG] FeeManager: Using X10 schedule fee: 0.000225 (maker=False, source=api)
13:46:50 [INFO] Lighter: Found 1 open positions
13:46:50 [INFO] ✅ Exchanges are SYNCED: 1 paired positions
13:46:50 [DEBUG]    Synced symbols: {'LINEA-USD'}
13:46:51 [DEBUG] Lighter Balance: Raw=$291.13, Safe=$276.57
13:46:51 [INFO] 🎰 KELLY ZEC-USD: win_rate=60.0%, kelly_fraction=0.2000, safe_fraction=0.0325, confidence=LOW, samples=0
13:46:51 [INFO] 📊 KELLY SIZE ZEC-USD: base=$30.0, kelly_recommended=$9.0, final=$40.1
13:46:51 [DEBUG] Sending GET https://api.starknet.extended.exchange/api/v1/user/balance
13:46:51 [DEBUG] Using cached positions (age: 2.6s)
13:46:51 [INFO] 🔍 DEBUG LINEA-USD: entry_time type=<class 'str'>, value=2025-12-04T12:46:48.560661+00:00
13:46:51 [DEBUG] Check LINEA-USD: Age=2.8s (Limit=2700s)
13:46:51 [DEBUG] FeeManager: Using X10 schedule fee: 0.0 (maker=True, source=api)
13:46:51 [DEBUG] FeeManager: Using X10 schedule fee: 0.000225 (maker=False, source=api)
13:46:51 [INFO] 🔍 FeeManager Stats: enabled=True, X10(source=api, maker=0.000000, taker=0.000225), Lighter(source=config, maker=0.000000, taker=0.000000)
13:46:51 [DEBUG] FeeManager: Using X10 schedule fee: 0.000225 (maker=False, source=api)
13:46:51 [DEBUG] FeeManager: Using X10 schedule fee: 0.000225 (maker=False, source=api)
13:46:51 [DEBUG] FeeManager: Using X10 schedule fee: 0.000225 (maker=False, source=api)
13:46:51 [DEBUG] FeeManager: Using X10 schedule fee: 0.000225 (maker=False, source=api)
13:46:51 [INFO] 🎰 KELLY RESOLV-USD: win_rate=60.0%, kelly_fraction=0.2000, safe_fraction=0.0325, confidence=LOW, samples=0
13:46:51 [INFO] 📊 KELLY SIZE RESOLV-USD: base=$30.0, kelly_recommended=$9.0, final=$30.0
13:46:51 [INFO] 🚀 Opening ZEC-USD: Size=$40.1 (Min=$40.1)
13:46:51 [INFO] 🔄 [PARALLEL] ZEC-USD: Lighter POST-ONLY first
13:46:51 [INFO] 🚀 Opening RESOLV-USD: Size=$30.0 (Min=$11.0)
13:46:51 [INFO] 🔄 [PARALLEL] RESOLV-USD: Lighter POST-ONLY first
13:46:51 [INFO] 🔄 [PARALLEL] ZEC-USD: X10 MARKET order
13:46:51 [INFO] 🔄 [PARALLEL] RESOLV-USD: X10 MARKET order
13:46:51 [INFO] 🚀 LIGHTER OPEN ZEC-USD: side=SELL, size_usd=$40.13, price=$364.797000
13:46:51 [DEBUG] 🔍 DEBUG: ZEC-USD market_id = 90 (raw=90, type=<class 'int'>)
13:46:51 [DEBUG] QUANTIZE ZEC-USD: USD=40.13, coins=0.109993, raw=110, lot_size=100, final=100
13:46:51 [INFO] 🚀 LIGHTER OPEN RESOLV-USD: side=SELL, size_usd=$30.00, price=$0.077492
13:46:51 [DEBUG] 🔍 DEBUG: RESOLV-USD market_id = 51 (raw=51, type=<class 'int'>)
13:46:51 [DEBUG] QUANTIZE RESOLV-USD: USD=30.00, coins=387.136737, raw=387, lot_size=40, final=360
13:46:51 [DEBUG] Create Order Tx Info: {"AccountIndex":60113,"ApiKeyIndex":3,"MarketIndex":90,"ClientOrderIndex":1764852446337,"BaseAmount":100,"Price":362608,"IsAsk":1,"Type":0,"TimeInForce":1,"ReduceOnly":0,"TriggerPrice":0,"OrderExpiry":1767271611422,"ExpiredAt":1764853010422,"Nonce":2440,"Sig":"zz2bm33NZuqAckrSYfliIPyfYU7v3FISfqYP5q/QqSIZJcWhp3MMN6SMJM9/lwgf2fW5QxCZIfsqeMUUQSfkTIEBdhNyG4XwgbsRswLbaXU="}
13:46:51 [DEBUG] Placing an order: id=138210080781805750015570376819945717404206288673628001441766921144337298603
13:46:51 [DEBUG] Sending POST https://api.starknet.extended.exchange/api/v1/user/order, headers={<RequestHeader.ACCEPT: 'Accept'>: 'application/json', <RequestHeader.CONTENT_TYPE: 'Content-Type'>: 'application/json', <RequestHeader.USER_AGENT: 'User-Agent'>: 'X10PythonTradingClient/0.0.17', <RequestHeader.API_KEY: 'X-Api-Key'>: 'a1c9207f79f0e57ddc454bf1e16dbe49'}
13:46:51 [DEBUG] Create Order Tx Info: {"AccountIndex":60113,"ApiKeyIndex":3,"MarketIndex":51,"ClientOrderIndex":1764852449361,"BaseAmount":360,"Price":77027,"IsAsk":1,"Type":0,"TimeInForce":1,"ReduceOnly":0,"TriggerPrice":0,"OrderExpiry":1767271611431,"ExpiredAt":1764853010431,"Nonce":2441,"Sig":"dCKOlXMW2JaiKN3FC0q55VA52jfxyhkPtrLxmTC+V3YH8AhYgSYyM9I4m919CCb7mLyU5oFIsi8ybcbdPyy2gJToCr4/bPlFW56Tq7n77Gs="}
13:46:51 [DEBUG] Placing an order: id=1421534688300883771808011752648111326126842331640596391488419650291707211819
13:46:51 [DEBUG] Sending POST https://api.starknet.extended.exchange/api/v1/user/order, headers={<RequestHeader.ACCEPT: 'Accept'>: 'application/json', <RequestHeader.CONTENT_TYPE: 'Content-Type'>: 'application/json', <RequestHeader.USER_AGENT: 'User-Agent'>: 'X10PythonTradingClient/0.0.17', <RequestHeader.API_KEY: 'X-Api-Key'>: 'a1c9207f79f0e57ddc454bf1e16dbe49'}
13:46:51 [DEBUG] ✅ ONDO-USD: X10=$92,218, Lighter=$1,928,699, Total=$2,020,916
13:46:51 [DEBUG] Starting new HTTPS connection (1): mainnet.zklighter.elliot.ai:443
13:46:53 [DEBUG] https://mainnet.zklighter.elliot.ai:443 "GET /api/v1/nextNonce?account_index=60113&api_key_index=3 HTTP/1.1" 200 25
13:46:53 [INFO]  X10 Order: 1996561805452324864
13:46:53 [DEBUG] Create Order Send Tx Response: code=200 message='{"ratelimit": "didn\'t use volume quota"}' tx_hash='22996e6c5f040d00cf63551f57ea3f4f1225a5ba2fe11480b1b6c5a6209a4d325a1aec636a7f3d1d' predicted_execution_time_ms=1764852403710 additional_properties={}
13:46:53 [INFO] Lighter Order: 22996e6c5f040d00cf63551f57ea3f4f1225a5ba2fe11480b1b6c5a6209a4d325a1aec636a7f3d1d
13:46:53 [INFO] 🔍 🚜 FARM Scanning 68 pairs. Open symbols to skip: {'LINEA-USD'}
13:46:53 [DEBUG] Price cache status: X10=68/68, Lighter=67/68
13:46:53 [INFO] 🔍 Scanning 68 pairs. Lighter markets: 116, X10 markets: 91
13:46:53 [DEBUG] Using cached positions (age: 4.3s)
13:46:53 [INFO] 🔍 DEBUG LINEA-USD: entry_time type=<class 'str'>, value=2025-12-04T12:46:48.560661+00:00
13:46:53 [DEBUG] Check LINEA-USD: Age=4.5s (Limit=2700s)
13:46:53 [DEBUG] FeeManager: Using X10 schedule fee: 0.0 (maker=True, source=api)
13:46:53 [DEBUG] FeeManager: Using X10 schedule fee: 0.000225 (maker=False, source=api)
13:46:53 [INFO] 🔍 FeeManager Stats: enabled=True, X10(source=api, maker=0.000000, taker=0.000225), Lighter(source=config, maker=0.000000, taker=0.000000)
13:46:53 [DEBUG] FeeManager: Using X10 schedule fee: 0.000225 (maker=False, source=api)
13:46:53 [DEBUG] FeeManager: Using X10 schedule fee: 0.000225 (maker=False, source=api)
13:46:53 [DEBUG] FeeManager: Using X10 schedule fee: 0.000225 (maker=False, source=api)
13:46:53 [DEBUG] FeeManager: Using X10 schedule fee: 0.000225 (maker=False, source=api)
13:46:53 [INFO] ✅ [PARALLEL] ZEC-USD: Both legs filled in 1671ms
13:46:53 [DEBUG] 📝 Trade added to state: ZEC-USD
13:46:53 [DEBUG] FeeManager: Using X10 schedule fee: 0.000225 (maker=False, source=api)
13:46:53 [INFO] ✅ OPENED ZEC-USD: $40.13 | Entry Fees (est.): $0.0090
13:46:53 [DEBUG] 📝 Flushed 1 writes
13:46:53 [DEBUG] 📝 Flushed 1 writes in 0.0ms
13:46:53 [DEBUG] MKR-USD: Missing prices (X=1663.9, L=None)
13:46:53 [DEBUG] Create Order Tx Info: {"AccountIndex":60113,"ApiKeyIndex":3,"MarketIndex":51,"ClientOrderIndex":1764852497919,"BaseAmount":360,"Price":77027,"IsAsk":1,"Type":0,"TimeInForce":1,"ReduceOnly":0,"TriggerPrice":0,"OrderExpiry":1767271613206,"ExpiredAt":1764853012206,"Nonce":2441,"Sig":"j1XnPo9B++a0FK3P776c+PdNTGBxNWdHCIuDasQ2mgfOwvxcov/zDi80ray280851AYUEcHwjqZj55J1++VXgFvbCyHj2+qJ5HGWnHYJkzM="}
13:46:53 [INFO] 🧠 Prediction V2: Found 2 ML-ranked opportunities
13:46:53 [INFO] ✅ Returning 2 ML-ranked opportunities
13:46:53 [INFO] 🎯 Found 2 opportunities, executing best...
13:46:53 [DEBUG] Sending GET https://api.starknet.extended.exchange/api/v1/user/balance
13:46:53 [DEBUG] Create Order Send Tx Response: code=200 message='{"ratelimit": "didn\'t use volume quota"}' tx_hash='276248b4aec3bc66ac023f81cdf1b1c4ec08e8e1e82eab9062413f708ea5b5b96c93634edbbd202f' predicted_execution_time_ms=1764852405482 additional_properties={}
13:46:53 [INFO] Lighter Order: 276248b4aec3bc66ac023f81cdf1b1c4ec08e8e1e82eab9062413f708ea5b5b96c93634edbbd202f
13:46:53 [DEBUG] ✅ POPCAT-USD: X10=$165,939, Lighter=$6,678,738, Total=$6,844,677
13:46:53 [DEBUG] ✅ LINEA-USD: X10 entry fee = 0.000225 (order: 1996561791978741760)
13:46:53 [DEBUG] ✅ LINEA-USD: Lighter entry fee = 0.000000 (order: c7f8928e44d214f3ce001395999e219339dcbe8468b7d068953db61abfa81a96d600b7f7c721e2be)
13:46:53 [INFO] 💰 LINEA-USD: Entry fees updated - X10=0.000225, Lighter=0.000000, Total=$0.0002
13:46:53 [INFO]  X10 Order: 1996561814792601600
13:46:53 [INFO] ✅ [PARALLEL] RESOLV-USD: Both legs filled in 2578ms
13:46:53 [DEBUG] 📝 Trade added to state: RESOLV-USD
13:46:53 [DEBUG] FeeManager: Using X10 schedule fee: 0.000225 (maker=False, source=api)
13:46:53 [INFO] ✅ OPENED RESOLV-USD: $30.00 | Entry Fees (est.): $0.0067
13:46:54 [DEBUG] Fetching fresh positions (force=False, cache_age=5.3s)
13:46:54 [DEBUG] Sending GET https://api.starknet.extended.exchange/api/v1/user/positions?
13:46:54 [DEBUG] Lighter Balance: Raw=$291.10, Safe=$276.54
13:46:54 [INFO] X10: Detected balance = $298.55
13:46:54 [DEBUG] ⛔ Max trades reached (3/3). Waiting...
13:46:54 [INFO] Lighter: Found 3 open positions
13:46:54 [INFO] 📊 Positions: X10=3, Lighter=3
13:46:54 [DEBUG] X10 positions: ['RESOLV-USD', 'ZEC-USD', 'LINEA-USD']
13:46:54 [DEBUG] Lighter positions: ['RESOLV-USD', 'LINEA-USD', 'ZEC-USD']
13:46:54 [INFO] 🔍 DEBUG ZEC-USD: entry_time type=<class 'str'>, value=2025-12-04T12:46:53.050148+00:00
13:46:54 [DEBUG] Check ZEC-USD: Age=1.5s (Limit=2700s)
13:46:54 [DEBUG] FeeManager: Using X10 schedule fee: 0.0 (maker=True, source=api)
13:46:54 [DEBUG] FeeManager: Using X10 schedule fee: 0.000225 (maker=False, source=api)
13:46:54 [INFO] 🔍 FeeManager Stats: enabled=True, X10(source=api, maker=0.000000, taker=0.000225), Lighter(source=config, maker=0.000000, taker=0.000000)
13:46:54 [DEBUG] FeeManager: Using X10 schedule fee: 0.000225 (maker=False, source=api)
13:46:54 [DEBUG] FeeManager: Using X10 schedule fee: 0.000225 (maker=False, source=api)
13:46:54 [DEBUG] FeeManager: Using X10 schedule fee: 0.000225 (maker=False, source=api)
13:46:54 [DEBUG] FeeManager: Using X10 schedule fee: 0.000225 (maker=False, source=api)
13:46:54 [INFO] 🔍 DEBUG LINEA-USD: entry_time type=<class 'str'>, value=2025-12-04T12:46:48.560661+00:00
13:46:54 [DEBUG] Check LINEA-USD: Age=6.0s (Limit=2700s)
13:46:54 [DEBUG] FeeManager: Using X10 schedule fee: 0.0 (maker=True, source=api)
13:46:54 [DEBUG] FeeManager: Using X10 schedule fee: 0.000225 (maker=False, source=api)
13:46:54 [INFO] 🔍 FeeManager Stats: enabled=True, X10(source=api, maker=0.000000, taker=0.000225), Lighter(source=config, maker=0.000000, taker=0.000000)
13:46:54 [DEBUG] FeeManager: Using X10 schedule fee: 0.000225 (maker=False, source=api)
13:46:54 [DEBUG] FeeManager: Using X10 schedule fee: 0.000225 (maker=False, source=api)
13:46:54 [INFO] 🔍 DEBUG RESOLV-USD: entry_time type=<class 'str'>, value=2025-12-04T12:46:53.969403+00:00
13:46:54 [DEBUG] Check RESOLV-USD: Age=0.6s (Limit=2700s)
13:46:54 [DEBUG] FeeManager: Using X10 schedule fee: 0.0 (maker=True, source=api)
13:46:54 [DEBUG] FeeManager: Using X10 schedule fee: 0.000225 (maker=False, source=api)
13:46:54 [INFO] 🔍 FeeManager Stats: enabled=True, X10(source=api, maker=0.000000, taker=0.000225), Lighter(source=config, maker=0.000000, taker=0.000000)
13:46:54 [DEBUG] FeeManager: Using X10 schedule fee: 0.000225 (maker=False, source=api)
13:46:54 [DEBUG] FeeManager: Using X10 schedule fee: 0.000225 (maker=False, source=api)
13:46:54 [DEBUG] FeeManager: Using X10 schedule fee: 0.000225 (maker=False, source=api)
13:46:54 [DEBUG] FeeManager: Using X10 schedule fee: 0.000225 (maker=False, source=api)
13:46:54 [DEBUG] 📝 Flushed 1 writes in 0.0ms
13:46:55 [DEBUG] Using cached positions (age: 1.5s)
13:46:55 [INFO] 🔍 DEBUG ZEC-USD: entry_time type=<class 'str'>, value=2025-12-04T12:46:53.050148+00:00
13:46:55 [DEBUG] Check ZEC-USD: Age=2.5s (Limit=2700s)
13:46:55 [DEBUG] FeeManager: Using X10 schedule fee: 0.0 (maker=True, source=api)
13:46:55 [DEBUG] FeeManager: Using X10 schedule fee: 0.000225 (maker=False, source=api)
13:46:55 [INFO] 🔍 FeeManager Stats: enabled=True, X10(source=api, maker=0.000000, taker=0.000225), Lighter(source=config, maker=0.000000, taker=0.000000)
13:46:55 [DEBUG] FeeManager: Using X10 schedule fee: 0.000225 (maker=False, source=api)
13:46:55 [DEBUG] FeeManager: Using X10 schedule fee: 0.000225 (maker=False, source=api)
13:46:55 [DEBUG] FeeManager: Using X10 schedule fee: 0.000225 (maker=False, source=api)
13:46:55 [DEBUG] FeeManager: Using X10 schedule fee: 0.000225 (maker=False, source=api)
13:46:55 [INFO] 🔍 DEBUG LINEA-USD: entry_time type=<class 'str'>, value=2025-12-04T12:46:48.560661+00:00
13:46:55 [DEBUG] Check LINEA-USD: Age=7.0s (Limit=2700s)
13:46:55 [DEBUG] FeeManager: Using X10 schedule fee: 0.0 (maker=True, source=api)
13:46:55 [DEBUG] FeeManager: Using X10 schedule fee: 0.000225 (maker=False, source=api)
13:46:55 [INFO] 🔍 FeeManager Stats: enabled=True, X10(source=api, maker=0.000000, taker=0.000225), Lighter(source=config, maker=0.000000, taker=0.000000)
13:46:55 [DEBUG] FeeManager: Using X10 schedule fee: 0.000225 (maker=False, source=api)
13:46:55 [DEBUG] FeeManager: Using X10 schedule fee: 0.000225 (maker=False, source=api)
13:46:55 [INFO] 🔍 DEBUG RESOLV-USD: entry_time type=<class 'str'>, value=2025-12-04T12:46:53.969403+00:00
13:46:55 [DEBUG] Check RESOLV-USD: Age=1.6s (Limit=2700s)
13:46:55 [DEBUG] FeeManager: Using X10 schedule fee: 0.0 (maker=True, source=api)
13:46:55 [DEBUG] FeeManager: Using X10 schedule fee: 0.000225 (maker=False, source=api)
13:46:55 [INFO] 🔍 FeeManager Stats: enabled=True, X10(source=api, maker=0.000000, taker=0.000225), Lighter(source=config, maker=0.000000, taker=0.000000)
13:46:55 [DEBUG] FeeManager: Using X10 schedule fee: 0.000225 (maker=False, source=api)
13:46:55 [DEBUG] FeeManager: Using X10 schedule fee: 0.000225 (maker=False, source=api)
13:46:55 [DEBUG] FeeManager: Using X10 schedule fee: 0.000225 (maker=False, source=api)
13:46:55 [DEBUG] FeeManager: Using X10 schedule fee: 0.000225 (maker=False, source=api)
13:46:55 [DEBUG] ✅ TAO-USD: X10=$208,009, Lighter=$12,278, Total=$220,287
13:46:55 [DEBUG] 📝 Flushed 2 writes
13:46:55 [DEBUG] 📝 Flushed 1 writes in 0.0ms
13:46:56 [DEBUG] Using cached positions (age: 2.5s)
13:46:56 [INFO] 🔍 DEBUG ZEC-USD: entry_time type=<class 'str'>, value=2025-12-04T12:46:53.050148+00:00
13:46:56 [DEBUG] Check ZEC-USD: Age=3.5s (Limit=2700s)
13:46:56 [DEBUG] FeeManager: Using X10 schedule fee: 0.0 (maker=True, source=api)
13:46:56 [DEBUG] FeeManager: Using X10 schedule fee: 0.000225 (maker=False, source=api)
13:46:56 [INFO] 🔍 FeeManager Stats: enabled=True, X10(source=api, maker=0.000000, taker=0.000225), Lighter(source=config, maker=0.000000, taker=0.000000)
13:46:56 [DEBUG] FeeManager: Using X10 schedule fee: 0.000225 (maker=False, source=api)
13:46:56 [DEBUG] FeeManager: Using X10 schedule fee: 0.000225 (maker=False, source=api)
13:46:56 [DEBUG] FeeManager: Using X10 schedule fee: 0.000225 (maker=False, source=api)
13:46:56 [DEBUG] FeeManager: Using X10 schedule fee: 0.000225 (maker=False, source=api)
13:46:56 [INFO] 🔍 DEBUG LINEA-USD: entry_time type=<class 'str'>, value=2025-12-04T12:46:48.560661+00:00
13:46:56 [DEBUG] Check LINEA-USD: Age=8.0s (Limit=2700s)
13:46:56 [DEBUG] FeeManager: Using X10 schedule fee: 0.0 (maker=True, source=api)
13:46:56 [DEBUG] FeeManager: Using X10 schedule fee: 0.000225 (maker=False, source=api)
13:46:56 [INFO] 🔍 FeeManager Stats: enabled=True, X10(source=api, maker=0.000000, taker=0.000225), Lighter(source=config, maker=0.000000, taker=0.000000)
13:46:56 [DEBUG] FeeManager: Using X10 schedule fee: 0.000225 (maker=False, source=api)
13:46:56 [DEBUG] FeeManager: Using X10 schedule fee: 0.000225 (maker=False, source=api)
13:46:56 [INFO] 🔍 DEBUG RESOLV-USD: entry_time type=<class 'str'>, value=2025-12-04T12:46:53.969403+00:00
13:46:56 [DEBUG] Check RESOLV-USD: Age=2.6s (Limit=2700s)
13:46:56 [DEBUG] FeeManager: Using X10 schedule fee: 0.0 (maker=True, source=api)
13:46:56 [DEBUG] FeeManager: Using X10 schedule fee: 0.000225 (maker=False, source=api)
13:46:56 [INFO] 🔍 FeeManager Stats: enabled=True, X10(source=api, maker=0.000000, taker=0.000225), Lighter(source=config, maker=0.000000, taker=0.000000)
13:46:56 [DEBUG] FeeManager: Using X10 schedule fee: 0.000225 (maker=False, source=api)
13:46:56 [DEBUG] FeeManager: Using X10 schedule fee: 0.000225 (maker=False, source=api)
13:46:56 [DEBUG] FeeManager: Using X10 schedule fee: 0.000225 (maker=False, source=api)
13:46:56 [DEBUG] FeeManager: Using X10 schedule fee: 0.000225 (maker=False, source=api)
13:46:57 [DEBUG] ✅ ZEC-USD: X10 entry fee = 0.000225 (order: 1996561805452324864)
13:46:57 [DEBUG] ✅ ZEC-USD: Lighter entry fee = 0.000000 (order: 22996e6c5f040d00cf63551f57ea3f4f1225a5ba2fe11480b1b6c5a6209a4d325a1aec636a7f3d1d)
13:46:57 [INFO] 💰 ZEC-USD: Entry fees updated - X10=0.000225, Lighter=0.000000, Total=$0.0002
13:46:57 [DEBUG] 📝 Flushed 1 writes
13:46:57 [DEBUG] 📝 Flushed 1 writes in 0.0ms
13:46:57 [DEBUG] MAX_OPEN_TRADES (3) reached, waiting...
13:46:57 [DEBUG] ✅ DOGE-USD: X10=$197,817, Lighter=$20,137,526, Total=$20,335,343
13:46:57 [DEBUG] Using cached positions (age: 3.5s)
13:46:57 [INFO] 🔍 DEBUG ZEC-USD: entry_time type=<class 'str'>, value=2025-12-04T12:46:53.050148+00:00
13:46:57 [DEBUG] Check ZEC-USD: Age=4.5s (Limit=2700s)
13:46:57 [DEBUG] FeeManager: Using X10 schedule fee: 0.0 (maker=True, source=api)
13:46:57 [DEBUG] FeeManager: Using X10 schedule fee: 0.000225 (maker=False, source=api)
13:46:57 [INFO] 🔍 FeeManager Stats: enabled=True, X10(source=api, maker=0.000000, taker=0.000225), Lighter(source=config, maker=0.000000, taker=0.000000)
13:46:57 [DEBUG] FeeManager: Using X10 schedule fee: 0.000225 (maker=False, source=api)
13:46:57 [DEBUG] FeeManager: Using X10 schedule fee: 0.000225 (maker=False, source=api)
13:46:57 [INFO] 🔍 DEBUG LINEA-USD: entry_time type=<class 'str'>, value=2025-12-04T12:46:48.560661+00:00
13:46:57 [DEBUG] Check LINEA-USD: Age=9.0s (Limit=2700s)
13:46:57 [DEBUG] FeeManager: Using X10 schedule fee: 0.0 (maker=True, source=api)
13:46:57 [DEBUG] FeeManager: Using X10 schedule fee: 0.000225 (maker=False, source=api)
13:46:57 [INFO] 🔍 FeeManager Stats: enabled=True, X10(source=api, maker=0.000000, taker=0.000225), Lighter(source=config, maker=0.000000, taker=0.000000)
13:46:57 [DEBUG] FeeManager: Using X10 schedule fee: 0.000225 (maker=False, source=api)
13:46:57 [DEBUG] FeeManager: Using X10 schedule fee: 0.000225 (maker=False, source=api)
13:46:57 [INFO] 🔍 DEBUG RESOLV-USD: entry_time type=<class 'str'>, value=2025-12-04T12:46:53.969403+00:00
13:46:57 [DEBUG] Check RESOLV-USD: Age=3.6s (Limit=2700s)
13:46:57 [DEBUG] FeeManager: Using X10 schedule fee: 0.0 (maker=True, source=api)
13:46:57 [DEBUG] FeeManager: Using X10 schedule fee: 0.000225 (maker=False, source=api)
13:46:57 [INFO] 🔍 FeeManager Stats: enabled=True, X10(source=api, maker=0.000000, taker=0.000225), Lighter(source=config, maker=0.000000, taker=0.000000)
13:46:57 [DEBUG] FeeManager: Using X10 schedule fee: 0.000225 (maker=False, source=api)
13:46:57 [DEBUG] FeeManager: Using X10 schedule fee: 0.000225 (maker=False, source=api)
13:46:57 [DEBUG] FeeManager: Using X10 schedule fee: 0.000225 (maker=False, source=api)
13:46:57 [DEBUG] FeeManager: Using X10 schedule fee: 0.000225 (maker=False, source=api)
13:46:58 [DEBUG] ✅ RESOLV-USD: X10 entry fee = 0.000225 (order: 1996561814792601600)
13:46:58 [DEBUG] ✅ RESOLV-USD: Lighter entry fee = 0.000000 (order: 276248b4aec3bc66ac023f81cdf1b1c4ec08e8e1e82eab9062413f708ea5b5b96c93634edbbd202f)
13:46:58 [INFO] 💰 RESOLV-USD: Entry fees updated - X10=0.000225, Lighter=0.000000, Total=$0.0002
13:46:58 [DEBUG] Using cached positions (age: 4.5s)
13:46:58 [INFO] 🔍 DEBUG ZEC-USD: entry_time type=<class 'str'>, value=2025-12-04T12:46:53.050148+00:00
13:46:58 [DEBUG] Check ZEC-USD: Age=5.5s (Limit=2700s)
13:46:58 [DEBUG] FeeManager: Using X10 schedule fee: 0.0 (maker=True, source=api)
13:46:58 [DEBUG] FeeManager: Using X10 schedule fee: 0.000225 (maker=False, source=api)
13:46:58 [INFO] 🔍 FeeManager Stats: enabled=True, X10(source=api, maker=0.000000, taker=0.000225), Lighter(source=config, maker=0.000000, taker=0.000000)
13:46:58 [DEBUG] FeeManager: Using X10 schedule fee: 0.000225 (maker=False, source=api)
13:46:58 [DEBUG] FeeManager: Using X10 schedule fee: 0.000225 (maker=False, source=api)
13:46:58 [INFO] 🔍 DEBUG LINEA-USD: entry_time type=<class 'str'>, value=2025-12-04T12:46:48.560661+00:00
13:46:58 [DEBUG] Check LINEA-USD: Age=10.0s (Limit=2700s)
13:46:58 [DEBUG] FeeManager: Using X10 schedule fee: 0.0 (maker=True, source=api)
13:46:58 [DEBUG] FeeManager: Using X10 schedule fee: 0.000225 (maker=False, source=api)
13:46:58 [INFO] 🔍 FeeManager Stats: enabled=True, X10(source=api, maker=0.000000, taker=0.000225), Lighter(source=config, maker=0.000000, taker=0.000000)
13:46:58 [DEBUG] FeeManager: Using X10 schedule fee: 0.000225 (maker=False, source=api)
13:46:58 [DEBUG] FeeManager: Using X10 schedule fee: 0.000225 (maker=False, source=api)
13:46:58 [INFO] 🔍 DEBUG RESOLV-USD: entry_time type=<class 'str'>, value=2025-12-04T12:46:53.969403+00:00
13:46:58 [DEBUG] Check RESOLV-USD: Age=4.6s (Limit=2700s)
13:46:58 [DEBUG] FeeManager: Using X10 schedule fee: 0.0 (maker=True, source=api)
13:46:58 [DEBUG] FeeManager: Using X10 schedule fee: 0.000225 (maker=False, source=api)
13:46:58 [INFO] 🔍 FeeManager Stats: enabled=True, X10(source=api, maker=0.000000, taker=0.000225), Lighter(source=config, maker=0.000000, taker=0.000000)
13:46:58 [DEBUG] FeeManager: Using X10 schedule fee: 0.000225 (maker=False, source=api)
13:46:58 [DEBUG] FeeManager: Using X10 schedule fee: 0.000225 (maker=False, source=api)
13:46:59 [DEBUG] 💓 [lighter] Alive (uptime=20s, last_msg=0s ago, msgs=19006)
13:46:59 [DEBUG] 💓 [x10_trades] Alive (uptime=20s, last_msg=0s ago, msgs=20)
13:46:59 [DEBUG] 📝 Flushed 1 writes
13:46:59 [DEBUG] 📝 Flushed 1 writes in 0.0ms
13:46:59 [DEBUG] 💓 [x10_account] Alive (uptime=20s, last_msg=5s ago, msgs=18)
13:46:59 [DEBUG] Fetching fresh positions (force=False, cache_age=5.5s)
13:46:59 [DEBUG] Sending GET https://api.starknet.extended.exchange/api/v1/user/positions?
13:47:00 [INFO] Lighter: Found 3 open positions
13:47:00 [INFO] 📊 Positions: X10=3, Lighter=3
13:47:00 [DEBUG] X10 positions: ['RESOLV-USD', 'ZEC-USD', 'LINEA-USD']
13:47:00 [DEBUG] Lighter positions: ['RESOLV-USD', 'LINEA-USD', 'ZEC-USD']
13:47:00 [INFO] 🔍 DEBUG ZEC-USD: entry_time type=<class 'str'>, value=2025-12-04T12:46:53.050148+00:00
13:47:00 [DEBUG] Check ZEC-USD: Age=7.0s (Limit=2700s)
13:47:00 [DEBUG] FeeManager: Using X10 schedule fee: 0.0 (maker=True, source=api)
13:47:00 [DEBUG] FeeManager: Using X10 schedule fee: 0.000225 (maker=False, source=api)
13:47:00 [INFO] 🔍 FeeManager Stats: enabled=True, X10(source=api, maker=0.000000, taker=0.000225), Lighter(source=config, maker=0.000000, taker=0.000000)
13:47:00 [DEBUG] FeeManager: Using X10 schedule fee: 0.000225 (maker=False, source=api)
13:47:00 [DEBUG] FeeManager: Using X10 schedule fee: 0.000225 (maker=False, source=api)
13:47:00 [INFO] 🔍 DEBUG LINEA-USD: entry_time type=<class 'str'>, value=2025-12-04T12:46:48.560661+00:00
13:47:00 [DEBUG] Check LINEA-USD: Age=11.5s (Limit=2700s)
13:47:00 [DEBUG] FeeManager: Using X10 schedule fee: 0.0 (maker=True, source=api)
13:47:00 [DEBUG] FeeManager: Using X10 schedule fee: 0.000225 (maker=False, source=api)
13:47:00 [INFO] 🔍 FeeManager Stats: enabled=True, X10(source=api, maker=0.000000, taker=0.000225), Lighter(source=config, maker=0.000000, taker=0.000000)
13:47:00 [DEBUG] FeeManager: Using X10 schedule fee: 0.000225 (maker=False, source=api)
13:47:00 [DEBUG] FeeManager: Using X10 schedule fee: 0.000225 (maker=False, source=api)
13:47:00 [INFO] 🔍 DEBUG RESOLV-USD: entry_time type=<class 'str'>, value=2025-12-04T12:46:53.969403+00:00
13:47:00 [DEBUG] Check RESOLV-USD: Age=6.1s (Limit=2700s)
13:47:00 [DEBUG] FeeManager: Using X10 schedule fee: 0.0 (maker=True, source=api)
13:47:00 [DEBUG] FeeManager: Using X10 schedule fee: 0.000225 (maker=False, source=api)
13:47:00 [INFO] 🔍 FeeManager Stats: enabled=True, X10(source=api, maker=0.000000, taker=0.000225), Lighter(source=config, maker=0.000000, taker=0.000000)
13:47:00 [DEBUG] FeeManager: Using X10 schedule fee: 0.000225 (maker=False, source=api)
13:47:00 [DEBUG] FeeManager: Using X10 schedule fee: 0.000225 (maker=False, source=api)
13:47:00 [DEBUG] MAX_OPEN_TRADES (3) reached, waiting...
13:47:01 [DEBUG] Using cached positions (age: 1.5s)
13:47:01 [INFO] 🔍 DEBUG ZEC-USD: entry_time type=<class 'str'>, value=2025-12-04T12:46:53.050148+00:00
13:47:01 [DEBUG] Check ZEC-USD: Age=8.0s (Limit=2700s)
13:47:01 [DEBUG] FeeManager: Using X10 schedule fee: 0.0 (maker=True, source=api)
13:47:01 [DEBUG] FeeManager: Using X10 schedule fee: 0.000225 (maker=False, source=api)
13:47:01 [INFO] 🔍 FeeManager Stats: enabled=True, X10(source=api, maker=0.000000, taker=0.000225), Lighter(source=config, maker=0.000000, taker=0.000000)
13:47:01 [DEBUG] FeeManager: Using X10 schedule fee: 0.000225 (maker=False, source=api)
13:47:01 [DEBUG] FeeManager: Using X10 schedule fee: 0.000225 (maker=False, source=api)
13:47:01 [INFO] 🔍 DEBUG LINEA-USD: entry_time type=<class 'str'>, value=2025-12-04T12:46:48.560661+00:00
13:47:01 [DEBUG] Check LINEA-USD: Age=12.5s (Limit=2700s)
13:47:01 [DEBUG] FeeManager: Using X10 schedule fee: 0.0 (maker=True, source=api)
13:47:01 [DEBUG] FeeManager: Using X10 schedule fee: 0.000225 (maker=False, source=api)
13:47:01 [INFO] 🔍 FeeManager Stats: enabled=True, X10(source=api, maker=0.000000, taker=0.000225), Lighter(source=config, maker=0.000000, taker=0.000000)
13:47:01 [DEBUG] FeeManager: Using X10 schedule fee: 0.000225 (maker=False, source=api)
13:47:01 [DEBUG] FeeManager: Using X10 schedule fee: 0.000225 (maker=False, source=api)
13:47:01 [INFO] 🔍 DEBUG RESOLV-USD: entry_time type=<class 'str'>, value=2025-12-04T12:46:53.969403+00:00
13:47:01 [DEBUG] Check RESOLV-USD: Age=7.1s (Limit=2700s)
13:47:01 [DEBUG] FeeManager: Using X10 schedule fee: 0.0 (maker=True, source=api)
13:47:01 [DEBUG] FeeManager: Using X10 schedule fee: 0.000225 (maker=False, source=api)
13:47:01 [INFO] 🔍 FeeManager Stats: enabled=True, X10(source=api, maker=0.000000, taker=0.000225), Lighter(source=config, maker=0.000000, taker=0.000000)
13:47:01 [DEBUG] FeeManager: Using X10 schedule fee: 0.000225 (maker=False, source=api)
13:47:01 [DEBUG] FeeManager: Using X10 schedule fee: 0.000225 (maker=False, source=api)
13:47:01 [DEBUG] ✅ MKR-USD: X10=$9,283, Lighter=$0, Total=$9,283
13:47:02 [DEBUG] Using cached positions (age: 2.5s)
13:47:02 [INFO] 🔍 DEBUG ZEC-USD: entry_time type=<class 'str'>, value=2025-12-04T12:46:53.050148+00:00
13:47:02 [DEBUG] Check ZEC-USD: Age=9.0s (Limit=2700s)
13:47:02 [DEBUG] FeeManager: Using X10 schedule fee: 0.0 (maker=True, source=api)
13:47:02 [DEBUG] FeeManager: Using X10 schedule fee: 0.000225 (maker=False, source=api)
13:47:02 [INFO] 🔍 FeeManager Stats: enabled=True, X10(source=api, maker=0.000000, taker=0.000225), Lighter(source=config, maker=0.000000, taker=0.000000)
13:47:02 [DEBUG] FeeManager: Using X10 schedule fee: 0.000225 (maker=False, source=api)
13:47:02 [DEBUG] FeeManager: Using X10 schedule fee: 0.000225 (maker=False, source=api)
13:47:02 [INFO] 🔍 DEBUG LINEA-USD: entry_time type=<class 'str'>, value=2025-12-04T12:46:48.560661+00:00
13:47:02 [DEBUG] Check LINEA-USD: Age=13.5s (Limit=2700s)
13:47:02 [DEBUG] FeeManager: Using X10 schedule fee: 0.0 (maker=True, source=api)
13:47:02 [DEBUG] FeeManager: Using X10 schedule fee: 0.000225 (maker=False, source=api)
13:47:02 [INFO] 🔍 FeeManager Stats: enabled=True, X10(source=api, maker=0.000000, taker=0.000225), Lighter(source=config, maker=0.000000, taker=0.000000)
13:47:02 [DEBUG] FeeManager: Using X10 schedule fee: 0.000225 (maker=False, source=api)
13:47:02 [DEBUG] FeeManager: Using X10 schedule fee: 0.000225 (maker=False, source=api)
13:47:02 [INFO] 🔍 DEBUG RESOLV-USD: entry_time type=<class 'str'>, value=2025-12-04T12:46:53.969403+00:00
13:47:02 [DEBUG] Check RESOLV-USD: Age=8.1s (Limit=2700s)
13:47:02 [DEBUG] FeeManager: Using X10 schedule fee: 0.0 (maker=True, source=api)
13:47:02 [DEBUG] FeeManager: Using X10 schedule fee: 0.000225 (maker=False, source=api)
13:47:02 [INFO] 🔍 FeeManager Stats: enabled=True, X10(source=api, maker=0.000000, taker=0.000225), Lighter(source=config, maker=0.000000, taker=0.000000)
13:47:02 [DEBUG] FeeManager: Using X10 schedule fee: 0.000225 (maker=False, source=api)
13:47:02 [DEBUG] FeeManager: Using X10 schedule fee: 0.000225 (maker=False, source=api)
13:47:03 [DEBUG] Using cached positions (age: 3.5s)
13:47:03 [INFO] 🔍 DEBUG ZEC-USD: entry_time type=<class 'str'>, value=2025-12-04T12:46:53.050148+00:00
13:47:03 [DEBUG] Check ZEC-USD: Age=10.0s (Limit=2700s)
13:47:03 [DEBUG] FeeManager: Using X10 schedule fee: 0.0 (maker=True, source=api)
13:47:03 [DEBUG] FeeManager: Using X10 schedule fee: 0.000225 (maker=False, source=api)
13:47:03 [INFO] 🔍 FeeManager Stats: enabled=True, X10(source=api, maker=0.000000, taker=0.000225), Lighter(source=config, maker=0.000000, taker=0.000000)
13:47:03 [DEBUG] FeeManager: Using X10 schedule fee: 0.000225 (maker=False, source=api)
13:47:03 [DEBUG] FeeManager: Using X10 schedule fee: 0.000225 (maker=False, source=api)
13:47:03 [INFO] 🔍 DEBUG LINEA-USD: entry_time type=<class 'str'>, value=2025-12-04T12:46:48.560661+00:00
13:47:03 [DEBUG] Check LINEA-USD: Age=14.5s (Limit=2700s)
13:47:03 [DEBUG] FeeManager: Using X10 schedule fee: 0.0 (maker=True, source=api)
13:47:03 [DEBUG] FeeManager: Using X10 schedule fee: 0.000225 (maker=False, source=api)
13:47:03 [INFO] 🔍 FeeManager Stats: enabled=True, X10(source=api, maker=0.000000, taker=0.000225), Lighter(source=config, maker=0.000000, taker=0.000000)
13:47:03 [DEBUG] FeeManager: Using X10 schedule fee: 0.000225 (maker=False, source=api)
13:47:03 [DEBUG] FeeManager: Using X10 schedule fee: 0.000225 (maker=False, source=api)
13:47:03 [INFO] 🔍 DEBUG RESOLV-USD: entry_time type=<class 'str'>, value=2025-12-04T12:46:53.969403+00:00
13:47:03 [DEBUG] Check RESOLV-USD: Age=9.1s (Limit=2700s)
13:47:03 [DEBUG] FeeManager: Using X10 schedule fee: 0.0 (maker=True, source=api)
13:47:03 [DEBUG] FeeManager: Using X10 schedule fee: 0.000225 (maker=False, source=api)
13:47:03 [INFO] 🔍 FeeManager Stats: enabled=True, X10(source=api, maker=0.000000, taker=0.000225), Lighter(source=config, maker=0.000000, taker=0.000000)
13:47:03 [DEBUG] FeeManager: Using X10 schedule fee: 0.000225 (maker=False, source=api)
13:47:03 [DEBUG] FeeManager: Using X10 schedule fee: 0.000225 (maker=False, source=api)
13:47:03 [DEBUG] ✅ APT-USD: X10=$248,870, Lighter=$1,659,955, Total=$1,908,824
13:47:03 [DEBUG] MAX_OPEN_TRADES (3) reached, waiting...
13:47:04 [DEBUG] Using cached positions (age: 4.5s)
13:47:04 [INFO] 🔍 DEBUG ZEC-USD: entry_time type=<class 'str'>, value=2025-12-04T12:46:53.050148+00:00
13:47:04 [DEBUG] Check ZEC-USD: Age=11.0s (Limit=2700s)
13:47:04 [DEBUG] FeeManager: Using X10 schedule fee: 0.0 (maker=True, source=api)
13:47:04 [DEBUG] FeeManager: Using X10 schedule fee: 0.000225 (maker=False, source=api)
13:47:04 [INFO] 🔍 FeeManager Stats: enabled=True, X10(source=api, maker=0.000000, taker=0.000225), Lighter(source=config, maker=0.000000, taker=0.000000)
13:47:04 [DEBUG] FeeManager: Using X10 schedule fee: 0.000225 (maker=False, source=api)
13:47:04 [DEBUG] FeeManager: Using X10 schedule fee: 0.000225 (maker=False, source=api)
13:47:04 [INFO] 🔍 DEBUG LINEA-USD: entry_time type=<class 'str'>, value=2025-12-04T12:46:48.560661+00:00
13:47:04 [DEBUG] Check LINEA-USD: Age=15.5s (Limit=2700s)
13:47:04 [DEBUG] FeeManager: Using X10 schedule fee: 0.0 (maker=True, source=api)
13:47:04 [DEBUG] FeeManager: Using X10 schedule fee: 0.000225 (maker=False, source=api)
13:47:04 [INFO] 🔍 FeeManager Stats: enabled=True, X10(source=api, maker=0.000000, taker=0.000225), Lighter(source=config, maker=0.000000, taker=0.000000)
13:47:04 [DEBUG] FeeManager: Using X10 schedule fee: 0.000225 (maker=False, source=api)
13:47:04 [DEBUG] FeeManager: Using X10 schedule fee: 0.000225 (maker=False, source=api)
13:47:04 [INFO] 🔍 DEBUG RESOLV-USD: entry_time type=<class 'str'>, value=2025-12-04T12:46:53.969403+00:00
13:47:04 [DEBUG] Check RESOLV-USD: Age=10.1s (Limit=2700s)
13:47:04 [DEBUG] FeeManager: Using X10 schedule fee: 0.0 (maker=True, source=api)
13:47:04 [DEBUG] FeeManager: Using X10 schedule fee: 0.000225 (maker=False, source=api)
13:47:04 [INFO] 🔍 FeeManager Stats: enabled=True, X10(source=api, maker=0.000000, taker=0.000225), Lighter(source=config, maker=0.000000, taker=0.000000)
13:47:04 [DEBUG] FeeManager: Using X10 schedule fee: 0.000225 (maker=False, source=api)
13:47:04 [DEBUG] FeeManager: Using X10 schedule fee: 0.000225 (maker=False, source=api)
13:47:04 [DEBUG] ✅ MNT-USD: X10=$206,955, Lighter=$4,182,734, Total=$4,389,689
13:47:05 [DEBUG] Fetching fresh positions (force=False, cache_age=5.5s)
13:47:05 [DEBUG] Sending GET https://api.starknet.extended.exchange/api/v1/user/positions?
13:47:05 [INFO] Lighter: Found 3 open positions
13:47:05 [INFO] 📊 Positions: X10=3, Lighter=3
13:47:05 [DEBUG] X10 positions: ['RESOLV-USD', 'ZEC-USD', 'LINEA-USD']
13:47:05 [DEBUG] Lighter positions: ['RESOLV-USD', 'LINEA-USD', 'ZEC-USD']
13:47:05 [INFO] 🔍 DEBUG ZEC-USD: entry_time type=<class 'str'>, value=2025-12-04T12:46:53.050148+00:00
13:47:05 [DEBUG] Check ZEC-USD: Age=12.5s (Limit=2700s)
13:47:05 [DEBUG] FeeManager: Using X10 schedule fee: 0.0 (maker=True, source=api)
13:47:05 [DEBUG] FeeManager: Using X10 schedule fee: 0.000225 (maker=False, source=api)
13:47:05 [INFO] 🔍 FeeManager Stats: enabled=True, X10(source=api, maker=0.000000, taker=0.000225), Lighter(source=config, maker=0.000000, taker=0.000000)
13:47:05 [DEBUG] FeeManager: Using X10 schedule fee: 0.000225 (maker=False, source=api)
13:47:05 [DEBUG] FeeManager: Using X10 schedule fee: 0.000225 (maker=False, source=api)
13:47:05 [INFO] 🔍 DEBUG LINEA-USD: entry_time type=<class 'str'>, value=2025-12-04T12:46:48.560661+00:00
13:47:05 [DEBUG] Check LINEA-USD: Age=17.0s (Limit=2700s)
13:47:05 [DEBUG] FeeManager: Using X10 schedule fee: 0.0 (maker=True, source=api)
13:47:05 [DEBUG] FeeManager: Using X10 schedule fee: 0.000225 (maker=False, source=api)
13:47:05 [INFO] 🔍 FeeManager Stats: enabled=True, X10(source=api, maker=0.000000, taker=0.000225), Lighter(source=config, maker=0.000000, taker=0.000000)
13:47:05 [DEBUG] FeeManager: Using X10 schedule fee: 0.000225 (maker=False, source=api)
13:47:05 [DEBUG] FeeManager: Using X10 schedule fee: 0.000225 (maker=False, source=api)
13:47:05 [INFO] 🚜 [FARM] Profit Take LINEA-USD: Age=16s, Spread=0.022% (sehr niedrig), PnL=$0.00
13:47:05 [DEBUG] FeeManager: Using X10 schedule fee: 0.000225 (maker=False, source=api)
13:47:05 [INFO]  💸 EXIT LINEA-USD: FARM_QUICK_PROFIT | Gross PnL: $0.00 | Entry Fees: $0.0000 | Exit Fees: $0.0000 | Total Fees: $0.0000 | Net PnL: $0.00
13:47:05 [INFO]  🔻 CLOSING LINEA-USD (Atomic Smart Close)...
13:47:06 [INFO] Lighter: Found 3 open positions
13:47:06 [INFO] 🔍 DEBUG close_live_position ENTRY: symbol=LINEA-USD (type=<class 'str'>)
13:47:06 [INFO] 🔍 DEBUG: original_side=BUY (type=<class 'str'>)
13:47:06 [INFO] 🔍 DEBUG: notional_usd=29.795700000000004 (type=<class 'float'>)
13:47:06 [DEBUG] MAX_OPEN_TRADES (3) reached, waiting...
13:47:06 [INFO] Lighter: Found 3 open positions
13:47:06 [INFO] 🔻 LIGHTER CLOSE LINEA-USD: size=-3300.000000 coins, side=BUY, price=$0.0090, notional=$29.80
13:47:06 [INFO] 🚀 LIGHTER OPEN LINEA-USD: side=BUY, size_usd=$29.80, price=$0.009029
13:47:06 [DEBUG] 🔍 DEBUG: LINEA-USD market_id = 76 (raw=76, type=<class 'int'>)
13:47:06 [DEBUG] QUANTIZE LINEA-USD: USD=29.80, coins=3300.000000, raw=3300, lot_size=100, final=3300
13:47:06 [DEBUG] Create Order Tx Info: {"AccountIndex":60113,"ApiKeyIndex":3,"MarketIndex":76,"ClientOrderIndex":1764852456492,"BaseAmount":3300,"Price":9084,"IsAsk":0,"Type":0,"TimeInForce":1,"ReduceOnly":1,"TriggerPrice":0,"OrderExpiry":1767271626565,"ExpiredAt":1764853025565,"Nonce":2442,"Sig":"VW+o4AOLIqYmG6litd2bwP2sIo1KLNZYuPZhW1nHq5me8NBOmnHKMoNwI9vOH0F8GnvWNQlkvHF4QzBg1K90OWRHrYNIgVxnMzcAyPqJLR0="}
13:47:06 [DEBUG] ✅ XAG-USD: X10=$0, Lighter=$46,935, Total=$46,935
13:47:06 [DEBUG] Create Order Send Tx Response: code=200 message='{"ratelimit": "didn\'t use volume quota"}' tx_hash='623cdc953685e472597c0dff2b2346eb33d3bb6e960239f2cdb94e91e02207912526294ce7f26f09' predicted_execution_time_ms=1764852418846 additional_properties={}
13:47:06 [INFO] Lighter Order: 623cdc953685e472597c0dff2b2346eb33d3bb6e960239f2cdb94e91e02207912526294ce7f26f09
13:47:06 [INFO] ✅ Lighter close LINEA-USD: Erfolgreich ($29.80)
13:47:06 [INFO] ✅ Lighter LINEA-USD OK, closing X10...
13:47:07 [INFO] 🛑 Initiating shutdown...
13:47:07 [DEBUG] Cancelled task: maintenance_loop
13:47:07 [DEBUG] Cancelled task: cleanup_finished_tasks
13:47:07 [DEBUG] Cancelled task: health_reporter
13:47:07 [DEBUG] Cancelled task: farm_loop
13:47:07 [DEBUG] Cancelled task: logic_loop
13:47:07 [DEBUG] Cancelled task: trade_management_loop
13:47:07 [DEBUG] Cancelled task: connection_watchdog
13:47:07 [INFO] Logic loop cancelled
13:47:07 [INFO] Connection watchdog cancelled
13:47:07 [INFO] 🔌 [x10_trades] WebSocket stopped
13:47:08 [DEBUG] ✅ SPX-USD: X10=$162,766, Lighter=$4,244,020, Total=$4,406,786
13:47:10 [INFO] 🔌 [x10_account] WebSocket stopped
13:47:12 [DEBUG] ✅ STRK-USD: X10=$180,509, Lighter=$5,965,896, Total=$6,146,404
13:47:12 [ERROR] WebSocket stop error: 
13:47:12 [INFO] 🛑 Rollback processor: Shutdown signal received
13:47:12 [INFO] ✅ ParallelExecutionManager: Stopped
13:47:12 [INFO] 🛑 Stopping InMemoryStateManager...
13:47:12 [INFO] 📝 State writer loop stopped
13:47:12 [INFO] ✅ InMemoryStateManager stopped
13:47:12 [INFO] ✅ Shutdown complete
13:47:12 [INFO] 🛑 Shutting down...
13:47:12 [INFO] 🛑 Shutdown requested...
13:47:12 [INFO] ✅ ParallelExecutionManager: Stopped
13:47:12 [INFO] 🔌 [x10_account] WebSocket stopped
13:47:12 [INFO] 🔌 [x10_trades] WebSocket stopped
13:47:12 [INFO] 🔌 [x10_funding] WebSocket stopped
13:47:12 [INFO] 🔌 [lighter] WebSocket stopped
13:47:12 [INFO] ✅ WebSocketManager stopped
13:47:12 [INFO] ✅ OpenInterestTracker stopped
13:47:12 [INFO] 🛑 Stopping InMemoryStateManager...
13:47:12 [INFO] ✅ InMemoryStateManager stopped
13:47:12 [INFO] 🔒 Closing database...
13:47:12 [INFO] 🖊️ Database write loop stopped
13:47:12 [INFO] ✅ Database closed
13:47:12 [INFO] 🛑 FeeManager stopped
13:47:12 [INFO] ✅ X10 Adapter geschlossen.
13:47:12 [INFO] ✅ Lighter Adapter closed
13:47:12 [INFO] ✅ Bot V5 shutdown complete
