20:27:40 [INFO]  CONFIG VALIDIERUNG abgeschlossen.
20:27:40 [INFO] 🔥 BOT V5 (Architected) STARTING...
20:27:40 [INFO] 🚀 Starting InMemoryStateManager...
20:27:40 [INFO] 📂 Initializing database: data/trades.db
20:27:40 [INFO] ✅ Read pool created: 5 connections
20:27:40 [INFO] ✅ WAL mode enabled
20:27:40 [INFO] 🔄 Running database migrations...
20:27:40 [INFO] ✅ Migrations complete (11 statements)
20:27:40 [INFO] ✅ Database initialized
20:27:40 [INFO] 🖊️ Database write loop started
20:27:40 [INFO] 📂 Loaded 3 trades from database
20:27:40 [INFO] ✅ InMemoryStateManager started (loaded 3 trades)
20:27:40 [INFO] ✅ State Manager started
20:27:40 [INFO]  Telegram Bot disabled (Token/ChatID missing).
20:27:40 [INFO] ✅ Async database initialized
20:27:40 [INFO] 📝 State writer loop started
20:27:40 [DEBUG] ✅ Database schema up to date
20:27:40 [INFO] Initialisiere X10 Adapter...
20:27:40 [INFO]  X10 Account initialisiert.
20:27:40 [INFO] Initialisiere Lighter Adapter...
20:27:40 [INFO] 📊 Loading Market Data via REST...
20:27:40 [DEBUG] Sending GET https://api.starknet.extended.exchange/api/v1/info/markets?
20:27:41 [INFO] ✅ Lighter: Loaded 116 markets (base data)
20:27:42 [DEBUG] Starting new HTTPS connection (1): mainnet.zklighter.elliot.ai:443
20:27:43 [DEBUG] https://mainnet.zklighter.elliot.ai:443 "GET /api/v1/nextNonce?account_index=60113&api_key_index=3 HTTP/1.1" 200 25
20:27:43 [INFO]  X10: 91 Märkte geladen, 91 Funding Rates, 78 Preise
20:27:44 [INFO] ✅ Lighter: Updated 116 markets with size_decimals from API
20:27:44 [INFO] 📊 MARKET ADA-USD: size_decimals=1, price_decimals=5, min_base_amount=10.0
20:27:44 [INFO] 📊 MARKET SEI-USD: size_decimals=1, price_decimals=5, min_base_amount=50.0
20:27:44 [INFO] 📊 MARKET RESOLV-USD: size_decimals=0, price_decimals=6, min_base_amount=40.0
20:27:44 [INFO] 📊 MARKET TIA-USD: size_decimals=1, price_decimals=5, min_base_amount=3.0
20:27:44 [INFO] ✅ Markets loaded: X10=91, Lighter=116
20:27:44 [INFO] 📈 Pre-loading Lighter prices...
20:27:45 [DEBUG] Lighter: Loaded 383 funding rates
20:27:45 [DEBUG] Lighter: Loaded 115 prices via REST
20:27:45 [INFO] ✅ Lighter prices loaded: 115 symbols
20:27:45 [INFO] 🔥 Warming up execution clients (Network Handshake)...
20:27:45 [DEBUG] Sending GET https://api.starknet.extended.exchange/api/v1/info/markets?
20:27:48 [INFO] ✅ Execution clients warmed up & NETWORK READY
20:27:48 [INFO] FundingPredictorV2 initialized with BTC Correlation
20:27:48 [INFO] 启动 OI Tracker für 68 Symbole...
20:27:48 [INFO] ✅ OpenInterestTracker started (interval=30.0s)
20:27:48 [INFO] 🌐 Starting WebSocket Manager...
20:27:48 [INFO] 📊 OI Tracker: Starting cycle 1 (68 symbols)
20:27:48 [INFO] 🔌 [lighter] WebSocket manager started
20:27:48 [INFO] 🔌 [x10_account] WebSocket manager started
20:27:48 [INFO] 🔌 [x10_trades] WebSocket manager started
20:27:48 [INFO] 🔌 [x10_funding] WebSocket manager started
20:27:48 [INFO] 🔌 [lighter] Connecting with kwargs: {'close_timeout': 5.0, 'max_size': 4194304, 'ping_interval': 20.0, 'ping_timeout': 10.0}
20:27:48 [INFO] 🔌 [x10_account] Connecting with kwargs: {'close_timeout': 5.0, 'max_size': 4194304, 'ping_interval': 15.0, 'additional_headers': {'X-Api-Key': 'a1c9207f79f0e57ddc454bf1e16dbe49', 'User-Agent': 'X10PythonTradingClient/0.4.5'}}
20:27:48 [INFO] 🔌 [x10_trades] Connecting with kwargs: {'close_timeout': 5.0, 'max_size': 4194304, 'ping_interval': 15.0, 'additional_headers': {'X-Api-Key': 'a1c9207f79f0e57ddc454bf1e16dbe49', 'User-Agent': 'X10PythonTradingClient/0.4.5'}}
20:27:48 [INFO] 🔌 [x10_funding] Connecting with kwargs: {'close_timeout': 5.0, 'max_size': 4194304, 'ping_interval': 15.0, 'additional_headers': {'X-Api-Key': 'a1c9207f79f0e57ddc454bf1e16dbe49', 'User-Agent': 'X10PythonTradingClient/0.4.5'}}
20:27:48 [INFO] ✅ WebSocketManager started (Lighter + X10 Account/Trades/Funding)
20:27:48 [DEBUG] ✅ ZRO-USD: X10=$62,437, Lighter=$522,156, Total=$584,592
20:27:49 [INFO] ✅ [x10_funding] Connected to wss://api.starknet.extended.exchange/stream.extended.exchange/v1/funding
20:27:49 [INFO] ✅ [x10_funding] Keepalive enabled: ping_interval=15.0s, ping_timeout=None (auto-pong)
20:27:49 [INFO] [x10_funding] Receive loop started (async iterator)
20:27:49 [DEBUG] 💓 [x10_funding] Heartbeat started (stale_threshold=300.0s)
20:27:49 [INFO] ✅ [x10_account] Connected to wss://api.starknet.extended.exchange/stream.extended.exchange/v1/account
20:27:49 [INFO] ✅ [x10_account] Keepalive enabled: ping_interval=15.0s, ping_timeout=None (auto-pong)
20:27:49 [INFO] [x10_account] Receive loop started (async iterator)
20:27:49 [DEBUG] 💓 [x10_account] Heartbeat started (stale_threshold=180.0s)
20:27:49 [INFO] ✅ [x10_trades] Connected to wss://api.starknet.extended.exchange/stream.extended.exchange/v1/publicTrades
20:27:49 [INFO] ✅ [x10_trades] Keepalive enabled: ping_interval=15.0s, ping_timeout=None (auto-pong)
20:27:49 [INFO] [x10_trades] Receive loop started (async iterator)
20:27:49 [DEBUG] 💓 [x10_trades] Heartbeat started (stale_threshold=300.0s)
20:27:49 [INFO] ✅ [lighter] Connected to wss://mainnet.zklighter.elliot.ai/stream
20:27:49 [INFO] ✅ [lighter] Keepalive enabled: ping_interval=20.0s, ping_timeout=10.0s
20:27:49 [INFO] [lighter] Resubscribing to 85 channels (paced)...
20:27:49 [INFO] [lighter] Receive loop started (async iterator)
20:27:49 [DEBUG] 💓 [lighter] Heartbeat started (stale_threshold=180.0s)
20:27:49 [DEBUG] [lighter] Subscribed to order_book/103
20:27:49 [DEBUG] [lighter] Subscribed to trade/103
20:27:49 [DEBUG] [lighter] Subscribed to order_book/2
20:27:49 [DEBUG] [lighter] Subscribed to trade/2
20:27:49 [DEBUG] [lighter] Subscribed to order_book/16
20:27:49 [DEBUG] [lighter] Subscribed to trade/16
20:27:49 [DEBUG] [lighter] Resubscribed 10/85 channels
20:27:49 [DEBUG] [lighter] Subscribed to order_book/53
20:27:49 [DEBUG] [lighter] Subscribed to trade/53
20:27:49 [DEBUG] [lighter] Subscribed to order_book/7
20:27:49 [DEBUG] [lighter] Subscribed to trade/7
20:27:49 [DEBUG] [lighter] Subscribed to order_book/15
20:27:49 [DEBUG] [lighter] Subscribed to trade/15
20:27:49 [DEBUG] [lighter] Resubscribed 20/85 channels
20:27:49 [DEBUG] [lighter] Subscribed to order_book/92
20:27:49 [DEBUG] [lighter] Subscribed to trade/92
20:27:49 [DEBUG] [lighter] Subscribed to order_book/32
20:27:49 [DEBUG] [lighter] Subscribed to trade/32
20:27:49 [DEBUG] [lighter] Subscribed to order_book/104
20:27:49 [DEBUG] [lighter] Subscribed to trade/104
20:27:49 [DEBUG] [lighter] Subscribed to order_book/51
20:27:49 [DEBUG] [lighter] Subscribed to trade/51
20:27:49 [DEBUG] [lighter] Resubscribed 30/85 channels
20:27:49 [DEBUG] [lighter] Subscribed to order_book/21
20:27:49 [DEBUG] [lighter] Subscribed to trade/21
20:27:49 [DEBUG] [lighter] Subscribed to order_book/9
20:27:49 [DEBUG] [lighter] Subscribed to trade/9
20:27:49 [DEBUG] [lighter] Subscribed to order_book/98
20:27:49 [DEBUG] [lighter] Subscribed to trade/98
20:27:49 [DEBUG] [lighter] Resubscribed 40/85 channels
20:27:49 [DEBUG] [lighter] Subscribed to order_book/45
20:27:49 [DEBUG] [lighter] Subscribed to trade/45
20:27:49 [DEBUG] [lighter] Subscribed to order_book/55
20:27:49 [DEBUG] [lighter] Subscribed to trade/55
20:27:49 [DEBUG] [lighter] Subscribed to order_book/35
20:27:49 [DEBUG] [lighter] Subscribed to trade/35
20:27:49 [DEBUG] [lighter] Resubscribed 50/85 channels
20:27:49 [DEBUG] [lighter] Subscribed to order_book/30
20:27:49 [DEBUG] [lighter] Subscribed to trade/30
20:27:49 [DEBUG] [lighter] Subscribed to order_book/46
20:27:49 [DEBUG] [lighter] Subscribed to trade/46
20:27:49 [DEBUG] [lighter] Subscribed to order_book/18
20:27:49 [DEBUG] [lighter] Subscribed to trade/18
20:27:49 [DEBUG] [lighter] Subscribed to order_book/58
20:27:49 [DEBUG] [lighter] Subscribed to trade/58
20:27:49 [DEBUG] [lighter] Resubscribed 60/85 channels
20:27:49 [DEBUG] [lighter] Subscribed to order_book/33
20:27:49 [DEBUG] [lighter] Subscribed to trade/33
20:27:49 [DEBUG] [lighter] Subscribed to order_book/90
20:27:49 [DEBUG] [lighter] Subscribed to trade/90
20:27:49 [DEBUG] [lighter] Subscribed to order_book/1
20:27:49 [DEBUG] [lighter] Subscribed to trade/1
20:27:49 [DEBUG] [lighter] Resubscribed 70/85 channels
20:27:49 [DEBUG] [lighter] Subscribed to order_book/10
20:27:49 [DEBUG] [lighter] Subscribed to trade/10
20:27:49 [DEBUG] [lighter] Subscribed to order_book/36
20:27:49 [DEBUG] [lighter] Subscribed to trade/36
20:27:49 [INFO] [x10] Connected to Firehose streams (Trades & Funding) for all markets.
20:27:49 [INFO] 🔗 Components Wired: WS -> OI Tracker -> Prediction
20:27:49 [INFO] 🧟 Starte Zombie-Check: Vergleiche DB mit echten Positionen...
20:27:49 [INFO] 🔍 DB meldet 3 offene Trades. Prüfe Exchange...
20:27:49 [DEBUG] Sending GET https://api.starknet.extended.exchange/api/v1/user/positions?
20:27:49 [DEBUG] [lighter] Resubscribed 80/85 channels
20:27:49 [INFO] [lighter] Resubscribed to 85 channels
20:27:51 [INFO] Lighter: Found 0 open positions
20:27:51 [INFO] 🌍 Echte Positionen auf Exchanges: []
20:27:51 [WARNING] ⚠️  ZOMBIE GEFUNDEN: RESOLV-USD ist in DB offen, aber nicht auf Exchange. Schließe ihn...
20:27:51 [INFO] ✅ Trade RESOLV-USD closed (PnL: $0.00)
20:27:51 [WARNING] ⚠️  ZOMBIE GEFUNDEN: BERA-USD ist in DB offen, aber nicht auf Exchange. Schließe ihn...
20:27:51 [INFO] ✅ Trade BERA-USD closed (PnL: $0.00)
20:27:51 [WARNING] ⚠️  ZOMBIE GEFUNDEN: ZEC-USD ist in DB offen, aber nicht auf Exchange. Schließe ihn...
20:27:51 [INFO] ✅ Trade ZEC-USD closed (PnL: $0.00)
20:27:51 [INFO] ✅ ParallelExecutionManager: Rollback processor started
20:27:51 [INFO] ✅ ParallelExecutionManager started
20:27:51 [DEBUG] Registered task: logic_loop (priority=HIGH)
20:27:51 [DEBUG] Registered task: trade_management_loop (priority=HIGH)
20:27:51 [DEBUG] Registered task: farm_loop (priority=NORMAL)
20:27:51 [DEBUG] Registered task: maintenance_loop (priority=LOW)
20:27:51 [DEBUG] Registered task: cleanup_finished_tasks (priority=LOW)
20:27:51 [DEBUG] Registered task: health_reporter (priority=LOW)
20:27:51 [DEBUG] Registered task: connection_watchdog (priority=CRITICAL)
20:27:51 [INFO] ═══════════════════════════════════════════════════════════
20:27:51 [INFO]    BOT V5 RUNNING 24/7 - SUPERVISED | Ctrl+C = Stop   
20:27:51 [INFO] ═══════════════════════════════════════════════════════════
20:27:51 [INFO] 🚀 BotEventLoop starting...
20:27:51 [INFO] ▶️ Started task: connection_watchdog
20:27:51 [INFO] ▶️ Started task: logic_loop
20:27:51 [INFO] ▶️ Started task: trade_management_loop
20:27:51 [INFO] ▶️ Started task: farm_loop
20:27:51 [INFO] ▶️ Started task: maintenance_loop
20:27:51 [INFO] ▶️ Started task: cleanup_finished_tasks
20:27:51 [INFO] ▶️ Started task: health_reporter
20:27:51 [INFO] ✅ Started 7 tasks
20:27:51 [INFO] 🔄 Rollback processor running...
20:27:51 [INFO] 🐕 Connection Watchdog gestartet (Timeout: 120s)
20:27:51 [INFO] Logic Loop gestartet – REFRESH alle 3s
20:27:51 [INFO] ⚡ Latency Arb Detector initialized (threshold: 5.0s)
20:27:51 [INFO] 🔍 🚜 FARM Scanning 68 pairs. Open symbols to skip: set()
20:27:51 [DEBUG] Price cache status: X10=68/68, Lighter=67/68
20:27:51 [INFO] 🔍 Scanning 68 pairs. Lighter markets: 116, X10 markets: 91
20:27:51 [INFO] 🛡️ Trade Management Loop gestartet
20:27:51 [INFO] 🚜 Farm Mode ACTIVE
20:27:51 [DEBUG] Sending GET https://api.starknet.extended.exchange/api/v1/user/balance
20:27:51 [DEBUG] 📊 X10 Funding Cache refresh (current=91)
20:27:51 [DEBUG] 📝 Flushed 1 writes
20:27:51 [DEBUG] 📝 Flushed 1 writes in 15.0ms
20:27:51 [DEBUG] Sending GET https://api.starknet.extended.exchange/api/v1/info/markets?
20:27:51 [DEBUG] MKR-USD: Missing prices (X=1663.9, L=None)
20:27:51 [INFO] 🧠 Prediction V2: Found 20 ML-ranked opportunities
20:27:51 [INFO] ✅ Returning 20 ML-ranked opportunities
20:27:51 [INFO] 🎯 Found 3 opportunities, executing best...
20:27:51 [DEBUG] Sending GET https://api.starknet.extended.exchange/api/v1/user/balance
20:27:52 [DEBUG] [x10_funding] Firehose stream - no subscription needed
20:27:52 [DEBUG] [x10_trades] Firehose stream - no subscription needed
20:27:52 [DEBUG] 📝 Flushed 1 writes in 0.0ms
20:27:52 [DEBUG] Lighter Balance: Raw=$294.23, Safe=$279.52
20:27:52 [INFO] 🚜 Opening FARM: ZRO-USD APY=56.9%
20:27:52 [DEBUG] Sending GET https://api.starknet.extended.exchange/api/v1/user/positions?
20:27:52 [DEBUG] Lighter Balance: Raw=$294.23, Safe=$279.52
20:27:52 [INFO] X10: Detected balance = $298.55
20:27:52 [INFO] 🚀 Launching 2 trades (Slots available: 2)
20:27:52 [DEBUG] Sending GET https://api.starknet.extended.exchange/api/v1/user/positions?
20:27:53 [INFO] Lighter: Found 0 open positions
20:27:53 [DEBUG] ✅ ZRO-USD verified: No existing positions on exchanges
20:27:53 [INFO]  Volatility Monitor initialized: Low<3.0%, Normal<10.0%, High<20.0%, Hard Cap<50.0%
20:27:53 [DEBUG] 🧠 ZRO-USD: Prediction conf=0.50, delta=0.000055
20:27:53 [DEBUG] MIN_NOTIONAL ZRO-USD: min_base=3.00000000 coins, price=$1.4115, min_qty_usd=$4.23, min_notional_api=$10.00, final=$11.00
20:27:53 [DEBUG] Sending GET https://api.starknet.extended.exchange/api/v1/user/balance
20:27:53 [DEBUG] ✅ 1000PEPE-USD: X10=$47,337, Lighter=$247,285,824, Total=$247,333,161
20:27:53 [INFO] 🎲 KellyPositionSizer initialized (Safety=0.25, MaxFraction=0.1)
20:27:53 [INFO] 🎰 KELLY ZRO-USD: win_rate=60.0%, kelly_fraction=0.2000, safe_fraction=0.0300, confidence=LOW, samples=0
20:27:53 [INFO] 📊 KELLY SIZE ZRO-USD: base=$30.0, kelly_recommended=$8.4, final=$30.0
20:27:53 [INFO] 🚀 Opening ZRO-USD: Size=$30.0 (Min=$14.8)
20:27:53 [INFO] 🔄 [PARALLEL] ZRO-USD: Lighter POST-ONLY first
20:27:53 [INFO] 🚀 LIGHTER OPEN ZRO-USD: side=SELL, size_usd=$30.00, price=$1.411460
20:27:53 [DEBUG] 🔍 DEBUG: ZRO-USD market_id = 60 (raw=60, type=<class 'int'>)
20:27:53 [DEBUG] QUANTIZE ZRO-USD: USD=30.00, coins=21.254587, raw=213, lot_size=30, final=210
20:27:53 [INFO] 🔄 [PARALLEL] ZRO-USD: X10 MARKET order
20:27:53 [DEBUG] Create Order Tx Info: {"AccountIndex":60113,"ApiKeyIndex":3,"MarketIndex":60,"ClientOrderIndex":1764790107779,"BaseAmount":210,"Price":140299,"IsAsk":1,"Type":0,"TimeInForce":1,"ReduceOnly":0,"TriggerPrice":0,"OrderExpiry":1767209273348,"ExpiredAt":1764790672348,"Nonce":2304,"Sig":"Kj4TUdtmOUijWtGLocRn01A707OxUHjepgtVc2bZrVDyZX6ntYJCKxwDhKhNtrtjJNgaXa9TXnQj76BX6Lf4u5gOOIU02pv2wX/HS8MssA8="}
20:27:53 [DEBUG] Sending GET https://api.starknet.extended.exchange/api/v1/info/markets?
20:27:53 [DEBUG] 📝 Flushed 2 writes
20:27:53 [DEBUG] 📝 Flushed 1 writes in 0.0ms
20:27:53 [INFO] Lighter: Found 0 open positions
20:27:53 [INFO] 💰 Balance: X10=$298.6 (free=$264.1), Lit=$279.5 (free=$245.0) | DB_Trades=0, Real_Positions=0, Locked=$0/ex
20:27:53 [INFO] 🚀 Launching trade for RESOLV-USD (APY=364.4%)
20:27:53 [DEBUG] Sending GET https://api.starknet.extended.exchange/api/v1/user/positions?
20:27:53 [INFO]  X10: 91 Märkte geladen, 91 Funding Rates, 82 Preise
20:27:53 [DEBUG] X10: Funding Refresh OK, cache=91
20:27:53 [DEBUG] 📊 Lighter Funding Cache refresh (current=116)
20:27:53 [DEBUG] Create Order Send Tx Response: code=200 message='{"ratelimit": "didn\'t use volume quota"}' tx_hash='5552e86651e81dcc45a84df3ad921537bc8471d3d63483148c86e8c1591cc843f168458349f8dc42' predicted_execution_time_ms=1764790064316 additional_properties={}
20:27:53 [INFO] Lighter Order: 5552e86651e81dcc45a84df3ad921537bc8471d3d63483148c86e8c1591cc843f168458349f8dc42
20:27:53 [DEBUG] Lighter: Loaded 383 funding rates
20:27:53 [DEBUG] Placing an order: id=3440148775669104437661896949778744746950478051588251467004129438579833825910
20:27:53 [DEBUG] Sending POST https://api.starknet.extended.exchange/api/v1/user/order, headers={<RequestHeader.ACCEPT: 'Accept'>: 'application/json', <RequestHeader.CONTENT_TYPE: 'Content-Type'>: 'application/json', <RequestHeader.USER_AGENT: 'User-Agent'>: 'X10PythonTradingClient/0.0.17', <RequestHeader.API_KEY: 'X-Api-Key'>: 'a1c9207f79f0e57ddc454bf1e16dbe49'}
20:27:53 [INFO] 🚀 Launching trade for ZEC-USD (APY=160.7%)
20:27:53 [DEBUG] Sending GET https://api.starknet.extended.exchange/api/v1/user/positions?
20:27:54 [INFO] Lighter: Found 1 open positions
20:27:54 [DEBUG] ✅ RESOLV-USD verified: No existing positions on exchanges
20:27:54 [DEBUG] 🧠 RESOLV-USD: Prediction conf=0.50, delta=-0.000269
20:27:54 [DEBUG] MIN_NOTIONAL RESOLV-USD: min_base=40.00000000 coins, price=$0.0759, min_qty_usd=$3.03, min_notional_api=$10.00, final=$11.00
20:27:54 [DEBUG] Sending GET https://api.starknet.extended.exchange/api/v1/user/balance
20:27:54 [INFO] ✅ Launched 2 trade tasks this cycle
20:27:54 [DEBUG] Lighter: Loaded 115 prices via REST
20:27:54 [DEBUG] Lighter: Funding Refresh OK, cache=116
20:27:54 [DEBUG] 📊 OI→Pred ZRO-USD: OI=$584,592, Velocity=0.00, Trend=UNKNOWN
20:27:54 [DEBUG] 📊 OI→Pred 1000PEPE-USD: OI=$247,333,161, Velocity=0.00, Trend=UNKNOWN
20:27:54 [INFO] 🔍 Running periodic exchange sync check...
20:27:54 [INFO] 🔍 Starting Exchange Sync Check...
20:27:54 [DEBUG] Sending GET https://api.starknet.extended.exchange/api/v1/user/positions?
20:27:54 [INFO] 🎰 KELLY RESOLV-USD: win_rate=60.0%, kelly_fraction=0.2000, safe_fraction=0.0325, confidence=LOW, samples=0
20:27:54 [INFO] 📊 KELLY SIZE RESOLV-USD: base=$30.0, kelly_recommended=$8.1, final=$30.0
20:27:54 [INFO] 🚀 Opening RESOLV-USD: Size=$30.0 (Min=$11.0)
20:27:54 [INFO] 🔄 [PARALLEL] RESOLV-USD: Lighter POST-ONLY first
20:27:54 [INFO] 🚀 LIGHTER OPEN RESOLV-USD: side=SELL, size_usd=$30.00, price=$0.076082
20:27:54 [DEBUG] 🔍 DEBUG: RESOLV-USD market_id = 51 (raw=51, type=<class 'int'>)
20:27:54 [DEBUG] QUANTIZE RESOLV-USD: USD=30.00, coins=394.311401, raw=394, lot_size=40, final=360
20:27:54 [INFO] 🔄 [PARALLEL] RESOLV-USD: X10 MARKET order
20:27:54 [INFO] Lighter: Found 1 open positions
20:27:54 [DEBUG] ✅ ZEC-USD verified: No existing positions on exchanges
20:27:54 [DEBUG] 🧠 ZEC-USD: Prediction conf=0.50, delta=0.000108
20:27:54 [DEBUG] MIN_NOTIONAL ZEC-USD: min_base=0.10000000 coins, price=$370.4620, min_qty_usd=$37.05, min_notional_api=$10.00, final=$40.75
20:27:54 [DEBUG] Create Order Tx Info: {"AccountIndex":60113,"ApiKeyIndex":3,"MarketIndex":51,"ClientOrderIndex":1764790085136,"BaseAmount":360,"Price":75625,"IsAsk":1,"Type":0,"TimeInForce":1,"ReduceOnly":0,"TriggerPrice":0,"OrderExpiry":1767209274661,"ExpiredAt":1764790673661,"Nonce":2305,"Sig":"qh+RuDFXfXqW+NUNjPBcZy3w3f3d1br7qduHSAdzor83NyTY+pcSVT+jKVGKtfd4wjfru05h1Ku08R//OVI4xLCYRXODP07K4uug2xp2fw0="}
20:27:54 [DEBUG] Placing an order: id=3282698216042584922349075280162680958221774166222455584812291428093770635180
20:27:54 [DEBUG] Sending POST https://api.starknet.extended.exchange/api/v1/user/order, headers={<RequestHeader.ACCEPT: 'Accept'>: 'application/json', <RequestHeader.CONTENT_TYPE: 'Content-Type'>: 'application/json', <RequestHeader.USER_AGENT: 'User-Agent'>: 'X10PythonTradingClient/0.0.17', <RequestHeader.API_KEY: 'X-Api-Key'>: 'a1c9207f79f0e57ddc454bf1e16dbe49'}
20:27:54 [DEBUG] Sending GET https://api.starknet.extended.exchange/api/v1/user/balance
20:27:54 [DEBUG] Create Order Send Tx Response: code=200 message='{"ratelimit": "didn\'t use volume quota"}' tx_hash='2b994b2eaacb18970728e5cf9a58e9bc66ffc86c767414adb79c6862589052f1425cafc3017159d6' predicted_execution_time_ms=1764790065629 additional_properties={}
20:27:54 [INFO] Lighter Order: 2b994b2eaacb18970728e5cf9a58e9bc66ffc86c767414adb79c6862589052f1425cafc3017159d6
20:27:54 [INFO]  X10 Order: 1996300340685619200
20:27:54 [INFO] ✅ [PARALLEL] ZRO-USD: Both legs filled in 1609ms
20:27:54 [DEBUG] 📝 Trade added to state: ZRO-USD
20:27:54 [DEBUG] 📝 Flushed 1 writes
20:27:54 [DEBUG] 📝 Flushed 1 writes in 0.0ms
20:27:55 [DEBUG] Fetching fresh positions (force=False, cache_age=1764790075.4s)
20:27:55 [DEBUG] Sending GET https://api.starknet.extended.exchange/api/v1/user/positions?
20:27:55 [INFO]  X10 Order: 1996300343861022720
20:27:55 [INFO] ✅ [PARALLEL] RESOLV-USD: Both legs filled in 1063ms
20:27:55 [DEBUG] 📝 Trade added to state: RESOLV-USD
20:27:55 [DEBUG] Lighter Balance: Raw=$294.23, Safe=$279.52
20:27:55 [INFO] 🎰 KELLY ZEC-USD: win_rate=60.0%, kelly_fraction=0.2000, safe_fraction=0.0325, confidence=LOW, samples=0
20:27:55 [INFO] 📊 KELLY SIZE ZEC-USD: base=$30.0, kelly_recommended=$7.0, final=$40.8
20:27:55 [DEBUG] 🧹 Cleaned task: ZRO-USD
20:27:55 [INFO] 🚀 Opening ZEC-USD: Size=$40.8 (Min=$40.8)
20:27:55 [INFO] 🔄 [PARALLEL] ZEC-USD: Lighter POST-ONLY first
20:27:55 [INFO] 🚀 LIGHTER OPEN ZEC-USD: side=BUY, size_usd=$40.75, price=$370.462000
20:27:55 [DEBUG] 🔍 DEBUG: ZEC-USD market_id = 90 (raw=90, type=<class 'int'>)
20:27:55 [DEBUG] QUANTIZE ZEC-USD: USD=40.75, coins=0.110000, raw=110, lot_size=100, final=100
20:27:55 [INFO] 🔄 [PARALLEL] ZEC-USD: X10 MARKET order
20:27:55 [DEBUG] Create Order Tx Info: {"AccountIndex":60113,"ApiKeyIndex":3,"MarketIndex":90,"ClientOrderIndex":1764790145936,"BaseAmount":100,"Price":372685,"IsAsk":0,"Type":0,"TimeInForce":1,"ReduceOnly":0,"TriggerPrice":0,"OrderExpiry":1767209275739,"ExpiredAt":1764790674739,"Nonce":2306,"Sig":"BEB82BWWNAoM2nLhWhHlBN0Qexkhvxouyr5toYHFD1/PCIlHdne0LGCfjqWsXo5E5PdJ53ddlnNKIySJcIxbc0jykUlbex8F48B0vHZ4aEI="}
20:27:55 [DEBUG] Placing an order: id=2111856561181458118853439399181597438092577900065344081893240079674458496704
20:27:55 [DEBUG] Sending POST https://api.starknet.extended.exchange/api/v1/user/order, headers={<RequestHeader.ACCEPT: 'Accept'>: 'application/json', <RequestHeader.CONTENT_TYPE: 'Content-Type'>: 'application/json', <RequestHeader.USER_AGENT: 'User-Agent'>: 'X10PythonTradingClient/0.0.17', <RequestHeader.API_KEY: 'X-Api-Key'>: 'a1c9207f79f0e57ddc454bf1e16dbe49'}
20:27:55 [INFO] Lighter: Found 2 open positions
20:27:55 [INFO] 📊 Positions: X10=1, Lighter=2
20:27:55 [DEBUG] X10 positions: ['ZRO-USD']
20:27:55 [DEBUG] Lighter positions: ['RESOLV-USD', 'ZRO-USD']
20:27:55 [INFO] 🔍 DEBUG ZRO-USD: entry_time type=<class 'str'>, value=2025-12-03T19:27:54.945585+00:00
20:27:55 [DEBUG] Check ZRO-USD: Age=0.9s (Limit=2700s)
20:27:55 [DEBUG] Create Order Send Tx Response: code=200 message='{"ratelimit": "didn\'t use volume quota"}' tx_hash='96a53dce6b938f345e129eb9d4214663694093d43d3efb9579a7bc985a82cb0ad3ae1906d7b28095' predicted_execution_time_ms=1764790066706 additional_properties={}
20:27:55 [INFO] Lighter Order: 96a53dce6b938f345e129eb9d4214663694093d43d3efb9579a7bc985a82cb0ad3ae1906d7b28095
20:27:56 [INFO]  X10 Order: 1996300345244426240
20:27:56 [INFO] ✅ [PARALLEL] ZEC-USD: Both legs filled in 297ms
20:27:56 [DEBUG] 📝 Trade added to state: ZEC-USD
20:27:56 [DEBUG] 📝 Flushed 1 writes in 0.0ms
20:27:56 [DEBUG] Using cached positions (age: 1.5s)
20:27:56 [INFO] 🔍 DEBUG RESOLV-USD: entry_time type=<class 'str'>, value=2025-12-03T19:27:55.719262+00:00
20:27:56 [DEBUG] Check RESOLV-USD: Age=1.1s (Limit=2700s)
20:27:56 [INFO] 🔍 DEBUG ZEC-USD: entry_time type=<class 'str'>, value=2025-12-03T19:27:56.027973+00:00
20:27:56 [DEBUG] Check ZEC-USD: Age=0.8s (Limit=2700s)
20:27:56 [INFO] 🔍 DEBUG ZRO-USD: entry_time type=<class 'str'>, value=2025-12-03T19:27:54.945585+00:00
20:27:56 [DEBUG] Check ZRO-USD: Age=1.9s (Limit=2700s)
20:27:57 [DEBUG] ✅ ASTER-USD: X10=$325,450, Lighter=$13,218,255, Total=$13,543,706
20:27:57 [INFO] Lighter: Found 3 open positions
20:27:57 [ERROR] 🚨 DESYNC DETECTED: Positions only on Lighter: ['RESOLV-USD', 'ZEC-USD']
20:27:57 [ERROR] ⚠️ These are UNHEDGED and create directional risk!
20:27:57 [WARNING] 🔻 Closing orphaned Lighter position: RESOLV-USD
20:27:57 [INFO] 🔍 DEBUG close_live_position ENTRY: symbol=RESOLV-USD (type=<class 'str'>)
20:27:57 [INFO] 🔍 DEBUG: original_side=SELL (type=<class 'str'>)
20:27:57 [INFO] 🔍 DEBUG: notional_usd=27.40248 (type=<class 'float'>)
20:27:57 [DEBUG] MAX_OPEN_TRADES (3) reached, waiting...
20:27:57 [INFO] Lighter: Found 3 open positions
20:27:57 [INFO] 🔻 LIGHTER CLOSE RESOLV-USD: size=-360.000000 coins, side=BUY, price=$0.0761, notional=$27.40
20:27:57 [INFO] 🚀 LIGHTER OPEN RESOLV-USD: side=BUY, size_usd=$27.40, price=$0.076118
20:27:57 [DEBUG] 🔍 DEBUG: RESOLV-USD market_id = 51 (raw=51, type=<class 'int'>)
20:27:57 [DEBUG] QUANTIZE RESOLV-USD: USD=27.40, coins=360.000000, raw=360, lot_size=40, final=360
20:27:57 [DEBUG] Create Order Tx Info: {"AccountIndex":60113,"ApiKeyIndex":3,"MarketIndex":51,"ClientOrderIndex":1764790172713,"BaseAmount":360,"Price":76575,"IsAsk":0,"Type":0,"TimeInForce":1,"ReduceOnly":1,"TriggerPrice":0,"OrderExpiry":1767209277521,"ExpiredAt":1764790676521,"Nonce":2307,"Sig":"iQga14OelMv2QNpW7AKq/x0CBeYupiImyGkVNf3SXRO5nyCEj98fd1AVtQjXGdXu5ezg3zYK6Fnzgo5pwOTQOqh5r4hg7iBn76airqrplFU="}
20:27:57 [DEBUG] Create Order Send Tx Response: code=200 message='{"ratelimit": "didn\'t use volume quota"}' tx_hash='3c90ce4d766d0a8f05e6f45782c38059405b6febbf238d6488cec45855999db7506928704c839f79' predicted_execution_time_ms=1764790068491 additional_properties={}
20:27:57 [INFO] Lighter Order: 3c90ce4d766d0a8f05e6f45782c38059405b6febbf238d6488cec45855999db7506928704c839f79
20:27:57 [INFO] ✅ Lighter close RESOLV-USD: Erfolgreich ($27.40)
20:27:57 [INFO] ✅ Closed orphaned Lighter RESOLV-USD
20:27:57 [WARNING] 🔻 Closing orphaned Lighter position: ZEC-USD
20:27:57 [INFO] 🔍 DEBUG close_live_position ENTRY: symbol=ZEC-USD (type=<class 'str'>)
20:27:57 [INFO] 🔍 DEBUG: original_side=SELL (type=<class 'str'>)
20:27:57 [INFO] 🔍 DEBUG: notional_usd=37.0538 (type=<class 'float'>)
20:27:57 [DEBUG] Using cached positions (age: 2.5s)
20:27:57 [INFO] 🔍 DEBUG RESOLV-USD: entry_time type=<class 'str'>, value=2025-12-03T19:27:55.719262+00:00
20:27:57 [DEBUG] Check RESOLV-USD: Age=2.1s (Limit=2700s)
20:27:57 [INFO] 🔍 DEBUG ZEC-USD: entry_time type=<class 'str'>, value=2025-12-03T19:27:56.027973+00:00
20:27:57 [DEBUG] Check ZEC-USD: Age=1.8s (Limit=2700s)
20:27:57 [INFO] 🔍 DEBUG ZRO-USD: entry_time type=<class 'str'>, value=2025-12-03T19:27:54.945585+00:00
20:27:57 [DEBUG] Check ZRO-USD: Age=2.9s (Limit=2700s)
20:27:58 [DEBUG] 📝 Flushed 2 writes
20:27:58 [DEBUG] 📝 Flushed 1 writes in 0.0ms
20:27:58 [INFO] Lighter: Found 2 open positions
20:27:58 [INFO] 🔻 LIGHTER CLOSE ZEC-USD: size=-0.100000 coins, side=BUY, price=$370.5380, notional=$37.05
20:27:58 [INFO] 🚀 LIGHTER OPEN ZEC-USD: side=BUY, size_usd=$37.05, price=$370.538000
20:27:58 [DEBUG] 🔍 DEBUG: ZEC-USD market_id = 90 (raw=90, type=<class 'int'>)
20:27:58 [DEBUG] QUANTIZE ZEC-USD: USD=37.05, coins=0.100000, raw=100, lot_size=100, final=100
20:27:58 [DEBUG] Create Order Tx Info: {"AccountIndex":60113,"ApiKeyIndex":3,"MarketIndex":90,"ClientOrderIndex":1764790127182,"BaseAmount":100,"Price":372762,"IsAsk":0,"Type":0,"TimeInForce":1,"ReduceOnly":1,"TriggerPrice":0,"OrderExpiry":1767209278270,"ExpiredAt":1764790677270,"Nonce":2308,"Sig":"hMuKeYoGYSrdvN6y1DTA/ARjjSyktXIFyPQSrlkPrvo5UA3TOVKeZD0pmw2JxFx7+uENm/+CZikOUP6x36ts+NqMB9zbjcGbrDw3+HxztTE="}
20:27:58 [DEBUG] Create Order Send Tx Response: code=200 message='{"ratelimit": "didn\'t use volume quota"}' tx_hash='87042b223724a58991ca3527e005372696a7e4b6157e1cde1a9ca2a88a159d3b7556ce78228a2d25' predicted_execution_time_ms=1764790069237 additional_properties={}
20:27:58 [INFO] Lighter Order: 87042b223724a58991ca3527e005372696a7e4b6157e1cde1a9ca2a88a159d3b7556ce78228a2d25
20:27:58 [INFO] ✅ Lighter close ZEC-USD: Erfolgreich ($37.05)
20:27:58 [INFO] ✅ Closed orphaned Lighter ZEC-USD
20:27:58 [DEBUG] Using cached positions (age: 3.5s)
20:27:58 [INFO] 🔍 DEBUG RESOLV-USD: entry_time type=<class 'str'>, value=2025-12-03T19:27:55.719262+00:00
20:27:58 [DEBUG] Check RESOLV-USD: Age=3.1s (Limit=2700s)
20:27:58 [INFO] 🔍 DEBUG ZEC-USD: entry_time type=<class 'str'>, value=2025-12-03T19:27:56.027973+00:00
20:27:58 [DEBUG] Check ZEC-USD: Age=2.8s (Limit=2700s)
20:27:58 [INFO] 🔍 DEBUG ZRO-USD: entry_time type=<class 'str'>, value=2025-12-03T19:27:54.945585+00:00
20:27:58 [DEBUG] Check ZRO-USD: Age=3.9s (Limit=2700s)
20:27:59 [DEBUG] 💓 [x10_account] Alive (uptime=10s, last_msg=3s ago, msgs=18)
20:27:59 [DEBUG] 💓 [x10_trades] Alive (uptime=10s, last_msg=3s ago, msgs=11)
20:27:59 [DEBUG] 💓 [lighter] Alive (uptime=10s, last_msg=0s ago, msgs=7354)
20:27:59 [DEBUG] Using cached positions (age: 4.5s)
20:27:59 [INFO] 🔍 DEBUG RESOLV-USD: entry_time type=<class 'str'>, value=2025-12-03T19:27:55.719262+00:00
20:27:59 [DEBUG] Check RESOLV-USD: Age=4.1s (Limit=2700s)
20:27:59 [INFO] 🔍 DEBUG ZEC-USD: entry_time type=<class 'str'>, value=2025-12-03T19:27:56.027973+00:00
20:27:59 [DEBUG] Check ZEC-USD: Age=3.8s (Limit=2700s)
20:27:59 [INFO] 🔍 DEBUG ZRO-USD: entry_time type=<class 'str'>, value=2025-12-03T19:27:54.945585+00:00
20:27:59 [DEBUG] Check ZRO-USD: Age=4.9s (Limit=2700s)
20:28:00 [DEBUG] MAX_OPEN_TRADES (3) reached, waiting...
20:28:00 [DEBUG] ✅ ETH-USD: X10=$14,699,986, Lighter=$0, Total=$14,699,986
20:28:00 [DEBUG] Fetching fresh positions (force=False, cache_age=5.5s)
20:28:00 [DEBUG] Sending GET https://api.starknet.extended.exchange/api/v1/user/positions?
20:28:01 [INFO] Lighter: Found 2 open positions
20:28:01 [INFO] 📊 Positions: X10=3, Lighter=2
20:28:01 [DEBUG] X10 positions: ['ZRO-USD', 'RESOLV-USD', 'ZEC-USD']
20:28:01 [DEBUG] Lighter positions: ['ZRO-USD', 'ZEC-USD']
20:28:01 [INFO] 🔍 DEBUG RESOLV-USD: entry_time type=<class 'str'>, value=2025-12-03T19:27:55.719262+00:00
20:28:01 [DEBUG] Check RESOLV-USD: Age=5.6s (Limit=2700s)
20:28:01 [INFO] 🔍 DEBUG ZEC-USD: entry_time type=<class 'str'>, value=2025-12-03T19:27:56.027973+00:00
20:28:01 [DEBUG] Check ZEC-USD: Age=5.3s (Limit=2700s)
20:28:01 [INFO] 🔍 DEBUG ZRO-USD: entry_time type=<class 'str'>, value=2025-12-03T19:27:54.945585+00:00
20:28:01 [DEBUG] Check ZRO-USD: Age=6.3s (Limit=2700s)
20:28:02 [DEBUG] Using cached positions (age: 1.5s)
20:28:02 [INFO] 🔍 DEBUG RESOLV-USD: entry_time type=<class 'str'>, value=2025-12-03T19:27:55.719262+00:00
20:28:02 [DEBUG] Check RESOLV-USD: Age=6.6s (Limit=2700s)
20:28:02 [INFO] 🔍 DEBUG ZEC-USD: entry_time type=<class 'str'>, value=2025-12-03T19:27:56.027973+00:00
20:28:02 [DEBUG] Check ZEC-USD: Age=6.3s (Limit=2700s)
20:28:02 [INFO] 🔍 DEBUG ZRO-USD: entry_time type=<class 'str'>, value=2025-12-03T19:27:54.945585+00:00
20:28:02 [DEBUG] Check ZRO-USD: Age=7.3s (Limit=2700s)
20:28:03 [DEBUG] Using cached positions (age: 2.5s)
20:28:03 [INFO] 🔍 DEBUG RESOLV-USD: entry_time type=<class 'str'>, value=2025-12-03T19:27:55.719262+00:00
20:28:03 [DEBUG] Check RESOLV-USD: Age=7.6s (Limit=2700s)
20:28:03 [INFO] 🔍 DEBUG ZEC-USD: entry_time type=<class 'str'>, value=2025-12-03T19:27:56.027973+00:00
20:28:03 [DEBUG] Check ZEC-USD: Age=7.3s (Limit=2700s)
20:28:03 [INFO] 🔍 DEBUG ZRO-USD: entry_time type=<class 'str'>, value=2025-12-03T19:27:54.945585+00:00
20:28:03 [DEBUG] Check ZRO-USD: Age=8.3s (Limit=2700s)
20:28:03 [DEBUG] MAX_OPEN_TRADES (3) reached, waiting...
20:28:04 [DEBUG] ✅ TON-USD: X10=$157,128, Lighter=$714,108, Total=$871,236
20:28:04 [DEBUG] Using cached positions (age: 3.5s)
20:28:04 [INFO] 🔍 DEBUG RESOLV-USD: entry_time type=<class 'str'>, value=2025-12-03T19:27:55.719262+00:00
20:28:04 [DEBUG] Check RESOLV-USD: Age=8.6s (Limit=2700s)
20:28:04 [INFO] 🔍 DEBUG ZEC-USD: entry_time type=<class 'str'>, value=2025-12-03T19:27:56.027973+00:00
20:28:04 [DEBUG] Check ZEC-USD: Age=8.3s (Limit=2700s)
20:28:04 [INFO] 🔍 DEBUG ZRO-USD: entry_time type=<class 'str'>, value=2025-12-03T19:27:54.945585+00:00
20:28:04 [DEBUG] Check ZRO-USD: Age=9.3s (Limit=2700s)
20:28:05 [DEBUG] Using cached positions (age: 4.5s)
20:28:05 [INFO] 🔍 DEBUG RESOLV-USD: entry_time type=<class 'str'>, value=2025-12-03T19:27:55.719262+00:00
20:28:05 [DEBUG] Check RESOLV-USD: Age=9.6s (Limit=2700s)
20:28:05 [INFO] 🔍 DEBUG ZEC-USD: entry_time type=<class 'str'>, value=2025-12-03T19:27:56.027973+00:00
20:28:05 [DEBUG] Check ZEC-USD: Age=9.3s (Limit=2700s)
20:28:05 [INFO] 🔍 DEBUG ZRO-USD: entry_time type=<class 'str'>, value=2025-12-03T19:27:54.945585+00:00
20:28:05 [DEBUG] Check ZRO-USD: Age=10.4s (Limit=2700s)
20:28:06 [DEBUG] Fetching fresh positions (force=False, cache_age=5.5s)
20:28:06 [DEBUG] Sending GET https://api.starknet.extended.exchange/api/v1/user/positions?
20:28:06 [DEBUG] MAX_OPEN_TRADES (3) reached, waiting...
20:28:06 [INFO] Lighter: Found 2 open positions
20:28:06 [INFO] 📊 Positions: X10=3, Lighter=2
20:28:06 [DEBUG] X10 positions: ['ZRO-USD', 'RESOLV-USD', 'ZEC-USD']
20:28:06 [DEBUG] Lighter positions: ['ZRO-USD', 'ZEC-USD']
20:28:06 [INFO] 🔍 DEBUG RESOLV-USD: entry_time type=<class 'str'>, value=2025-12-03T19:27:55.719262+00:00
20:28:06 [DEBUG] Check RESOLV-USD: Age=11.0s (Limit=2700s)
20:28:06 [INFO] 🔍 DEBUG ZEC-USD: entry_time type=<class 'str'>, value=2025-12-03T19:27:56.027973+00:00
20:28:06 [DEBUG] Check ZEC-USD: Age=10.7s (Limit=2700s)
20:28:06 [INFO] 🔍 DEBUG ZRO-USD: entry_time type=<class 'str'>, value=2025-12-03T19:27:54.945585+00:00
20:28:06 [DEBUG] Check ZRO-USD: Age=11.8s (Limit=2700s)
20:28:07 [DEBUG] Using cached positions (age: 1.4s)
20:28:07 [INFO] 🔍 DEBUG RESOLV-USD: entry_time type=<class 'str'>, value=2025-12-03T19:27:55.719262+00:00
20:28:07 [DEBUG] Check RESOLV-USD: Age=12.0s (Limit=2700s)
20:28:07 [INFO] 🔍 DEBUG ZEC-USD: entry_time type=<class 'str'>, value=2025-12-03T19:27:56.027973+00:00
20:28:07 [DEBUG] Check ZEC-USD: Age=11.7s (Limit=2700s)
20:28:07 [INFO] 🔍 DEBUG ZRO-USD: entry_time type=<class 'str'>, value=2025-12-03T19:27:54.945585+00:00
20:28:07 [DEBUG] Check ZRO-USD: Age=12.8s (Limit=2700s)
20:28:08 [DEBUG] Using cached positions (age: 2.4s)
20:28:08 [INFO] 🔍 DEBUG RESOLV-USD: entry_time type=<class 'str'>, value=2025-12-03T19:27:55.719262+00:00
20:28:08 [DEBUG] Check RESOLV-USD: Age=13.0s (Limit=2700s)
20:28:08 [INFO] 🔍 DEBUG ZEC-USD: entry_time type=<class 'str'>, value=2025-12-03T19:27:56.027973+00:00
20:28:08 [DEBUG] Check ZEC-USD: Age=12.7s (Limit=2700s)
20:28:08 [INFO] 🔍 DEBUG ZRO-USD: entry_time type=<class 'str'>, value=2025-12-03T19:27:54.945585+00:00
20:28:08 [DEBUG] Check ZRO-USD: Age=13.8s (Limit=2700s)
20:28:09 [DEBUG] 💓 [x10_trades] Alive (uptime=20s, last_msg=2s ago, msgs=17)
20:28:09 [DEBUG] 💓 [x10_funding] Alive (uptime=20s, last_msg=7s ago, msgs=91)
20:28:09 [DEBUG] 💓 [x10_account] Alive (uptime=20s, last_msg=13s ago, msgs=18)
20:28:09 [DEBUG] 💓 [lighter] Alive (uptime=20s, last_msg=0s ago, msgs=16297)
20:28:09 [DEBUG] MAX_OPEN_TRADES (3) reached, waiting...
20:28:09 [DEBUG] Using cached positions (age: 3.4s)
20:28:09 [INFO] 🔍 DEBUG RESOLV-USD: entry_time type=<class 'str'>, value=2025-12-03T19:27:55.719262+00:00
20:28:09 [DEBUG] Check RESOLV-USD: Age=14.0s (Limit=2700s)
20:28:09 [INFO] 🔍 DEBUG ZEC-USD: entry_time type=<class 'str'>, value=2025-12-03T19:27:56.027973+00:00
20:28:09 [DEBUG] Check ZEC-USD: Age=13.7s (Limit=2700s)
20:28:09 [INFO] 🔍 DEBUG ZRO-USD: entry_time type=<class 'str'>, value=2025-12-03T19:27:54.945585+00:00
20:28:09 [DEBUG] Check ZRO-USD: Age=14.8s (Limit=2700s)
20:28:10 [DEBUG] ✅ LINEA-USD: X10=$129,395, Lighter=$87,766,807, Total=$87,896,202
20:28:10 [DEBUG] Using cached positions (age: 4.4s)
20:28:10 [INFO] 🔍 DEBUG RESOLV-USD: entry_time type=<class 'str'>, value=2025-12-03T19:27:55.719262+00:00
20:28:10 [DEBUG] Check RESOLV-USD: Age=15.0s (Limit=2700s)
20:28:10 [INFO] 🔍 DEBUG ZEC-USD: entry_time type=<class 'str'>, value=2025-12-03T19:27:56.027973+00:00
20:28:10 [DEBUG] Check ZEC-USD: Age=14.7s (Limit=2700s)
20:28:10 [INFO] 🔍 DEBUG ZRO-USD: entry_time type=<class 'str'>, value=2025-12-03T19:27:54.945585+00:00
20:28:10 [DEBUG] Check ZRO-USD: Age=15.8s (Limit=2700s)
20:28:11 [DEBUG] Fetching fresh positions (force=False, cache_age=5.4s)
20:28:11 [DEBUG] Sending GET https://api.starknet.extended.exchange/api/v1/user/positions?
20:28:12 [INFO] Lighter: Found 2 open positions
20:28:12 [INFO] 📊 Positions: X10=3, Lighter=2
20:28:12 [DEBUG] X10 positions: ['ZRO-USD', 'RESOLV-USD', 'ZEC-USD']
20:28:12 [DEBUG] Lighter positions: ['ZRO-USD', 'ZEC-USD']
20:28:12 [INFO] 🔍 DEBUG RESOLV-USD: entry_time type=<class 'str'>, value=2025-12-03T19:27:55.719262+00:00
20:28:12 [DEBUG] Check RESOLV-USD: Age=16.5s (Limit=2700s)
20:28:12 [INFO] 🔍 DEBUG ZEC-USD: entry_time type=<class 'str'>, value=2025-12-03T19:27:56.027973+00:00
20:28:12 [DEBUG] Check ZEC-USD: Age=16.2s (Limit=2700s)
20:28:12 [INFO] 🔍 DEBUG ZRO-USD: entry_time type=<class 'str'>, value=2025-12-03T19:27:54.945585+00:00
20:28:12 [DEBUG] Check ZRO-USD: Age=17.2s (Limit=2700s)
20:28:12 [DEBUG] MAX_OPEN_TRADES (3) reached, waiting...
20:28:13 [DEBUG] Using cached positions (age: 1.4s)
20:28:13 [INFO] 🔍 DEBUG RESOLV-USD: entry_time type=<class 'str'>, value=2025-12-03T19:27:55.719262+00:00
20:28:13 [DEBUG] Check RESOLV-USD: Age=17.4s (Limit=2700s)
20:28:13 [INFO] 🔍 DEBUG ZEC-USD: entry_time type=<class 'str'>, value=2025-12-03T19:27:56.027973+00:00
20:28:13 [DEBUG] Check ZEC-USD: Age=17.1s (Limit=2700s)
20:28:13 [INFO] 🔍 DEBUG ZRO-USD: entry_time type=<class 'str'>, value=2025-12-03T19:27:54.945585+00:00
20:28:13 [DEBUG] Check ZRO-USD: Age=18.2s (Limit=2700s)
20:28:13 [DEBUG] ✅ BNB-USD: X10=$1,363,679, Lighter=$18,672, Total=$1,382,350
20:28:14 [DEBUG] Using cached positions (age: 2.4s)
20:28:14 [INFO] 🔍 DEBUG RESOLV-USD: entry_time type=<class 'str'>, value=2025-12-03T19:27:55.719262+00:00
20:28:14 [DEBUG] Check RESOLV-USD: Age=18.4s (Limit=2700s)
20:28:14 [INFO] 🔍 DEBUG ZEC-USD: entry_time type=<class 'str'>, value=2025-12-03T19:27:56.027973+00:00
20:28:14 [DEBUG] Check ZEC-USD: Age=18.1s (Limit=2700s)
20:28:14 [INFO] 🔍 DEBUG ZRO-USD: entry_time type=<class 'str'>, value=2025-12-03T19:27:54.945585+00:00
20:28:14 [DEBUG] Check ZRO-USD: Age=19.2s (Limit=2700s)
20:28:15 [DEBUG] Using cached positions (age: 3.4s)
20:28:15 [INFO] 🔍 DEBUG RESOLV-USD: entry_time type=<class 'str'>, value=2025-12-03T19:27:55.719262+00:00
20:28:15 [DEBUG] Check RESOLV-USD: Age=19.4s (Limit=2700s)
20:28:15 [INFO] 🔍 DEBUG ZEC-USD: entry_time type=<class 'str'>, value=2025-12-03T19:27:56.027973+00:00
20:28:15 [DEBUG] Check ZEC-USD: Age=19.1s (Limit=2700s)
20:28:15 [INFO] 🔍 DEBUG ZRO-USD: entry_time type=<class 'str'>, value=2025-12-03T19:27:54.945585+00:00
20:28:15 [DEBUG] Check ZRO-USD: Age=20.2s (Limit=2700s)
20:28:15 [DEBUG] MAX_OPEN_TRADES (3) reached, waiting...
20:28:16 [DEBUG] Using cached positions (age: 4.4s)
20:28:16 [INFO] 🔍 DEBUG RESOLV-USD: entry_time type=<class 'str'>, value=2025-12-03T19:27:55.719262+00:00
20:28:16 [DEBUG] Check RESOLV-USD: Age=20.4s (Limit=2700s)
20:28:16 [INFO] 🔍 DEBUG ZEC-USD: entry_time type=<class 'str'>, value=2025-12-03T19:27:56.027973+00:00
20:28:16 [DEBUG] Check ZEC-USD: Age=20.1s (Limit=2700s)
20:28:16 [INFO] 🔍 DEBUG ZRO-USD: entry_time type=<class 'str'>, value=2025-12-03T19:27:54.945585+00:00
20:28:16 [DEBUG] Check ZRO-USD: Age=21.2s (Limit=2700s)
20:28:17 [DEBUG] Fetching fresh positions (force=False, cache_age=5.4s)
20:28:17 [DEBUG] Sending GET https://api.starknet.extended.exchange/api/v1/user/positions?
20:28:17 [DEBUG] ✅ CRV-USD: X10=$272,748, Lighter=$2,389,281, Total=$2,662,029
20:28:17 [INFO] Lighter: Found 2 open positions
20:28:17 [INFO] 📊 Positions: X10=3, Lighter=2
20:28:17 [DEBUG] X10 positions: ['ZRO-USD', 'RESOLV-USD', 'ZEC-USD']
20:28:17 [DEBUG] Lighter positions: ['ZRO-USD', 'ZEC-USD']
20:28:17 [INFO] 🔍 DEBUG RESOLV-USD: entry_time type=<class 'str'>, value=2025-12-03T19:27:55.719262+00:00
20:28:17 [DEBUG] Check RESOLV-USD: Age=21.9s (Limit=2700s)
20:28:17 [INFO] 🔍 DEBUG ZEC-USD: entry_time type=<class 'str'>, value=2025-12-03T19:27:56.027973+00:00
20:28:17 [DEBUG] Check ZEC-USD: Age=21.6s (Limit=2700s)
20:28:17 [INFO] 🔍 DEBUG ZRO-USD: entry_time type=<class 'str'>, value=2025-12-03T19:27:54.945585+00:00
20:28:17 [DEBUG] Check ZRO-USD: Age=22.7s (Limit=2700s)
20:28:18 [DEBUG] MAX_OPEN_TRADES (3) reached, waiting...
20:28:18 [DEBUG] Using cached positions (age: 1.5s)
20:28:18 [INFO] 🔍 DEBUG RESOLV-USD: entry_time type=<class 'str'>, value=2025-12-03T19:27:55.719262+00:00
20:28:18 [DEBUG] Check RESOLV-USD: Age=22.9s (Limit=2700s)
20:28:18 [INFO] 🔍 DEBUG ZEC-USD: entry_time type=<class 'str'>, value=2025-12-03T19:27:56.027973+00:00
20:28:18 [DEBUG] Check ZEC-USD: Age=22.6s (Limit=2700s)
20:28:18 [INFO] 🔍 DEBUG ZRO-USD: entry_time type=<class 'str'>, value=2025-12-03T19:27:54.945585+00:00
20:28:18 [DEBUG] Check ZRO-USD: Age=23.7s (Limit=2700s)
20:28:19 [DEBUG] 💓 [x10_account] Alive (uptime=30s, last_msg=23s ago, msgs=18)
20:28:19 [DEBUG] 💓 [x10_trades] Alive (uptime=30s, last_msg=2s ago, msgs=40)
20:28:19 [DEBUG] 💓 [x10_funding] Alive (uptime=30s, last_msg=17s ago, msgs=91)
20:28:19 [DEBUG] 💓 [lighter] Alive (uptime=30s, last_msg=0s ago, msgs=26483)
20:28:19 [DEBUG] Using cached positions (age: 2.5s)
20:28:19 [INFO] 🔍 DEBUG RESOLV-USD: entry_time type=<class 'str'>, value=2025-12-03T19:27:55.719262+00:00
20:28:19 [DEBUG] Check RESOLV-USD: Age=23.9s (Limit=2700s)
20:28:19 [INFO] 🔍 DEBUG ZEC-USD: entry_time type=<class 'str'>, value=2025-12-03T19:27:56.027973+00:00
20:28:19 [DEBUG] Check ZEC-USD: Age=23.6s (Limit=2700s)
20:28:19 [INFO] 🔍 DEBUG ZRO-USD: entry_time type=<class 'str'>, value=2025-12-03T19:27:54.945585+00:00
20:28:19 [DEBUG] Check ZRO-USD: Age=24.7s (Limit=2700s)
20:28:20 [DEBUG] Using cached positions (age: 3.5s)
20:28:20 [INFO] 🔍 DEBUG RESOLV-USD: entry_time type=<class 'str'>, value=2025-12-03T19:27:55.719262+00:00
20:28:20 [DEBUG] Check RESOLV-USD: Age=24.9s (Limit=2700s)
20:28:20 [INFO] 🔍 DEBUG ZEC-USD: entry_time type=<class 'str'>, value=2025-12-03T19:27:56.027973+00:00
20:28:20 [DEBUG] Check ZEC-USD: Age=24.6s (Limit=2700s)
20:28:20 [INFO] 🔍 DEBUG ZRO-USD: entry_time type=<class 'str'>, value=2025-12-03T19:27:54.945585+00:00
20:28:20 [DEBUG] Check ZRO-USD: Age=25.7s (Limit=2700s)
20:28:21 [DEBUG] ✅ AAVE-USD: X10=$397,950, Lighter=$47,037, Total=$444,987
20:28:21 [DEBUG] 🐕 Watchdog OK: Daten-Alter 2.9s
20:28:21 [DEBUG] 📊 Task health: 7 alive, 0 dead
20:28:21 [DEBUG] MAX_OPEN_TRADES (3) reached, waiting...
20:28:21 [DEBUG] Using cached positions (age: 4.5s)
20:28:21 [INFO] 🔍 DEBUG RESOLV-USD: entry_time type=<class 'str'>, value=2025-12-03T19:27:55.719262+00:00
20:28:21 [DEBUG] Check RESOLV-USD: Age=25.9s (Limit=2700s)
20:28:21 [INFO] 🔍 DEBUG ZEC-USD: entry_time type=<class 'str'>, value=2025-12-03T19:27:56.027973+00:00
20:28:21 [DEBUG] Check ZEC-USD: Age=25.6s (Limit=2700s)
20:28:21 [INFO] 🔍 DEBUG ZRO-USD: entry_time type=<class 'str'>, value=2025-12-03T19:27:54.945585+00:00
20:28:21 [DEBUG] Check ZRO-USD: Age=26.7s (Limit=2700s)
20:28:22 [DEBUG] Fetching fresh positions (force=False, cache_age=5.5s)
20:28:22 [DEBUG] Sending GET https://api.starknet.extended.exchange/api/v1/user/positions?
20:28:23 [INFO] Lighter: Found 2 open positions
20:28:23 [INFO] 📊 Positions: X10=3, Lighter=2
20:28:23 [DEBUG] X10 positions: ['ZRO-USD', 'RESOLV-USD', 'ZEC-USD']
20:28:23 [DEBUG] Lighter positions: ['ZRO-USD', 'ZEC-USD']
20:28:23 [INFO] 🔍 DEBUG RESOLV-USD: entry_time type=<class 'str'>, value=2025-12-03T19:27:55.719262+00:00
20:28:23 [DEBUG] Check RESOLV-USD: Age=27.4s (Limit=2700s)
20:28:23 [INFO] 🔍 DEBUG ZEC-USD: entry_time type=<class 'str'>, value=2025-12-03T19:27:56.027973+00:00
20:28:23 [DEBUG] Check ZEC-USD: Age=27.1s (Limit=2700s)
20:28:23 [INFO] 🔍 DEBUG ZRO-USD: entry_time type=<class 'str'>, value=2025-12-03T19:27:54.945585+00:00
20:28:23 [DEBUG] Check ZRO-USD: Age=28.1s (Limit=2700s)
20:28:24 [DEBUG] Using cached positions (age: 1.5s)
20:28:24 [INFO] 🔍 DEBUG RESOLV-USD: entry_time type=<class 'str'>, value=2025-12-03T19:27:55.719262+00:00
20:28:24 [DEBUG] Check RESOLV-USD: Age=28.4s (Limit=2700s)
20:28:24 [INFO] 🔍 DEBUG ZEC-USD: entry_time type=<class 'str'>, value=2025-12-03T19:27:56.027973+00:00
20:28:24 [DEBUG] Check ZEC-USD: Age=28.1s (Limit=2700s)
20:28:24 [INFO] 🔍 DEBUG ZRO-USD: entry_time type=<class 'str'>, value=2025-12-03T19:27:54.945585+00:00
20:28:24 [DEBUG] Check ZRO-USD: Age=29.1s (Limit=2700s)
20:28:24 [DEBUG] MAX_OPEN_TRADES (3) reached, waiting...
20:28:25 [DEBUG] ✅ ENA-USD: X10=$203,579, Lighter=$18,930,267, Total=$19,133,846
20:28:25 [DEBUG] Using cached positions (age: 2.5s)
20:28:25 [INFO] 🔍 DEBUG RESOLV-USD: entry_time type=<class 'str'>, value=2025-12-03T19:27:55.719262+00:00
20:28:25 [DEBUG] Check RESOLV-USD: Age=29.4s (Limit=2700s)
20:28:25 [INFO] 🔍 DEBUG ZEC-USD: entry_time type=<class 'str'>, value=2025-12-03T19:27:56.027973+00:00
20:28:25 [DEBUG] Check ZEC-USD: Age=29.1s (Limit=2700s)
20:28:25 [INFO] 🔍 DEBUG ZRO-USD: entry_time type=<class 'str'>, value=2025-12-03T19:27:54.945585+00:00
20:28:25 [DEBUG] Check ZRO-USD: Age=30.1s (Limit=2700s)
20:28:26 [DEBUG] Using cached positions (age: 3.5s)
20:28:26 [INFO] 🔍 DEBUG RESOLV-USD: entry_time type=<class 'str'>, value=2025-12-03T19:27:55.719262+00:00
20:28:26 [DEBUG] Check RESOLV-USD: Age=30.4s (Limit=2700s)
20:28:26 [INFO] 🔍 DEBUG ZEC-USD: entry_time type=<class 'str'>, value=2025-12-03T19:27:56.027973+00:00
20:28:26 [DEBUG] Check ZEC-USD: Age=30.1s (Limit=2700s)
20:28:26 [INFO] 🔍 DEBUG ZRO-USD: entry_time type=<class 'str'>, value=2025-12-03T19:27:54.945585+00:00
20:28:26 [DEBUG] Check ZRO-USD: Age=31.1s (Limit=2700s)
20:28:27 [DEBUG] Using cached positions (age: 4.5s)
20:28:27 [INFO] 🔍 DEBUG RESOLV-USD: entry_time type=<class 'str'>, value=2025-12-03T19:27:55.719262+00:00
20:28:27 [DEBUG] Check RESOLV-USD: Age=31.4s (Limit=2700s)
20:28:27 [INFO] 🔍 DEBUG ZEC-USD: entry_time type=<class 'str'>, value=2025-12-03T19:27:56.027973+00:00
20:28:27 [DEBUG] Check ZEC-USD: Age=31.1s (Limit=2700s)
20:28:27 [INFO] 🔍 DEBUG ZRO-USD: entry_time type=<class 'str'>, value=2025-12-03T19:27:54.945585+00:00
20:28:27 [DEBUG] Check ZRO-USD: Age=32.1s (Limit=2700s)
20:28:27 [DEBUG] MAX_OPEN_TRADES (3) reached, waiting...
20:28:28 [DEBUG] Fetching fresh positions (force=False, cache_age=5.5s)
20:28:28 [DEBUG] Sending GET https://api.starknet.extended.exchange/api/v1/user/positions?
20:28:28 [DEBUG] 📊 OI→Pred ZRO-USD: OI=$584,592, Velocity=0.00, Trend=UNKNOWN
20:28:28 [DEBUG] 📊 OI→Pred 1000PEPE-USD: OI=$247,333,161, Velocity=0.00, Trend=UNKNOWN
20:28:28 [DEBUG] 📊 OI→Pred ASTER-USD: OI=$13,543,706, Velocity=0.00, Trend=UNKNOWN
20:28:28 [DEBUG] 📊 OI→Pred ETH-USD: OI=$14,699,986, Velocity=0.00, Trend=UNKNOWN
20:28:28 [DEBUG] 📊 OI→Pred TON-USD: OI=$871,236, Velocity=0.00, Trend=UNKNOWN
20:28:28 [DEBUG] 📊 OI→Pred LINEA-USD: OI=$87,896,202, Velocity=0.00, Trend=UNKNOWN
20:28:28 [DEBUG] 📊 OI→Pred BNB-USD: OI=$1,382,350, Velocity=0.00, Trend=UNKNOWN
20:28:28 [DEBUG] 📊 OI→Pred CRV-USD: OI=$2,662,029, Velocity=0.00, Trend=UNKNOWN
20:28:28 [DEBUG] 📊 OI→Pred AAVE-USD: OI=$444,987, Velocity=0.00, Trend=UNKNOWN
20:28:28 [DEBUG] 📊 OI→Pred ENA-USD: OI=$19,133,846, Velocity=0.00, Trend=UNKNOWN
20:28:28 [INFO] Lighter: Found 2 open positions
20:28:28 [INFO] 📊 Positions: X10=3, Lighter=2
20:28:28 [DEBUG] X10 positions: ['ZRO-USD', 'RESOLV-USD', 'ZEC-USD']
20:28:28 [DEBUG] Lighter positions: ['ZRO-USD', 'ZEC-USD']
20:28:28 [INFO] 🔍 DEBUG RESOLV-USD: entry_time type=<class 'str'>, value=2025-12-03T19:27:55.719262+00:00
20:28:28 [DEBUG] Check RESOLV-USD: Age=32.8s (Limit=2700s)
20:28:28 [INFO] 🔍 DEBUG ZEC-USD: entry_time type=<class 'str'>, value=2025-12-03T19:27:56.027973+00:00
20:28:28 [DEBUG] Check ZEC-USD: Age=32.5s (Limit=2700s)
20:28:28 [INFO] 🔍 DEBUG ZRO-USD: entry_time type=<class 'str'>, value=2025-12-03T19:27:54.945585+00:00
20:28:28 [DEBUG] Check ZRO-USD: Age=33.6s (Limit=2700s)
20:28:29 [DEBUG] ⚠️ [x10_account] No messages for 33s (expected every 30s)
20:28:29 [DEBUG] 💓 [x10_account] Alive (uptime=40s, last_msg=33s ago, msgs=18)
20:28:29 [DEBUG] 💓 [x10_trades] Alive (uptime=40s, last_msg=0s ago, msgs=47)
20:28:29 [DEBUG] 💓 [x10_funding] Alive (uptime=40s, last_msg=27s ago, msgs=91)
20:28:29 [DEBUG] 💓 [lighter] Alive (uptime=40s, last_msg=0s ago, msgs=38246)
20:28:29 [DEBUG] Using cached positions (age: 1.4s)
20:28:29 [INFO] 🔍 DEBUG RESOLV-USD: entry_time type=<class 'str'>, value=2025-12-03T19:27:55.719262+00:00
20:28:29 [DEBUG] Check RESOLV-USD: Age=33.8s (Limit=2700s)
20:28:29 [INFO] 🔍 DEBUG ZEC-USD: entry_time type=<class 'str'>, value=2025-12-03T19:27:56.027973+00:00
20:28:29 [DEBUG] Check ZEC-USD: Age=33.5s (Limit=2700s)
20:28:29 [INFO] 🔍 DEBUG ZRO-USD: entry_time type=<class 'str'>, value=2025-12-03T19:27:54.945585+00:00
20:28:29 [DEBUG] Check ZRO-USD: Age=34.6s (Limit=2700s)
20:28:30 [DEBUG] MAX_OPEN_TRADES (3) reached, waiting...
20:28:30 [DEBUG] Using cached positions (age: 2.4s)
20:28:30 [INFO] 🔍 DEBUG RESOLV-USD: entry_time type=<class 'str'>, value=2025-12-03T19:27:55.719262+00:00
20:28:30 [DEBUG] Check RESOLV-USD: Age=34.8s (Limit=2700s)
20:28:30 [INFO] 🔍 DEBUG ZEC-USD: entry_time type=<class 'str'>, value=2025-12-03T19:27:56.027973+00:00
20:28:30 [DEBUG] Check ZEC-USD: Age=34.5s (Limit=2700s)
20:28:30 [INFO] 🔍 DEBUG ZRO-USD: entry_time type=<class 'str'>, value=2025-12-03T19:27:54.945585+00:00
20:28:30 [DEBUG] Check ZRO-USD: Age=35.6s (Limit=2700s)
20:28:30 [DEBUG] ✅ ADA-USD: X10=$364,440, Lighter=$3,063,682, Total=$3,428,122
20:28:31 [DEBUG] Using cached positions (age: 3.4s)
20:28:31 [INFO] 🔍 DEBUG RESOLV-USD: entry_time type=<class 'str'>, value=2025-12-03T19:27:55.719262+00:00
20:28:31 [DEBUG] Check RESOLV-USD: Age=35.8s (Limit=2700s)
20:28:31 [INFO] 🔍 DEBUG ZEC-USD: entry_time type=<class 'str'>, value=2025-12-03T19:27:56.027973+00:00
20:28:31 [DEBUG] Check ZEC-USD: Age=35.5s (Limit=2700s)
20:28:31 [INFO] 🔍 DEBUG ZRO-USD: entry_time type=<class 'str'>, value=2025-12-03T19:27:54.945585+00:00
20:28:31 [DEBUG] Check ZRO-USD: Age=36.6s (Limit=2700s)
20:28:32 [INFO] 🚜 Farm Mode ACTIVE
20:28:32 [DEBUG] Using cached positions (age: 4.4s)
20:28:32 [INFO] 🔍 DEBUG RESOLV-USD: entry_time type=<class 'str'>, value=2025-12-03T19:27:55.719262+00:00
20:28:32 [DEBUG] Check RESOLV-USD: Age=36.8s (Limit=2700s)
20:28:32 [INFO] 🔍 DEBUG ZEC-USD: entry_time type=<class 'str'>, value=2025-12-03T19:27:56.027973+00:00
20:28:32 [DEBUG] Check ZEC-USD: Age=36.5s (Limit=2700s)
20:28:32 [INFO] 🚜 [FARM] Profit Take ZEC-USD: Age=36s, Spread=0.014% (sehr niedrig), PnL=$0.00
20:28:32 [INFO]  💸 EXIT ZEC-USD: FARM_QUICK_PROFIT | PnL $0.00 (Fees: $0.00)
20:28:32 [INFO]  🔻 CLOSING ZEC-USD (Atomic Smart Close)...
20:28:32 [INFO] Lighter: Found 2 open positions
20:28:32 [INFO] 🔍 DEBUG close_live_position ENTRY: symbol=ZEC-USD (type=<class 'str'>)
20:28:32 [INFO] 🔍 DEBUG: original_side=BUY (type=<class 'str'>)
20:28:32 [INFO] 🔍 DEBUG: notional_usd=37.134800000000006 (type=<class 'float'>)
20:28:33 [INFO] Lighter: Found 2 open positions
20:28:33 [INFO] 🔻 LIGHTER CLOSE ZEC-USD: size=-0.100000 coins, side=BUY, price=$371.3480, notional=$37.13
20:28:33 [INFO] 🚀 LIGHTER OPEN ZEC-USD: side=BUY, size_usd=$37.13, price=$371.348000
20:28:33 [DEBUG] 🔍 DEBUG: ZEC-USD market_id = 90 (raw=90, type=<class 'int'>)
20:28:33 [DEBUG] QUANTIZE ZEC-USD: USD=37.13, coins=0.100000, raw=100, lot_size=100, final=100
20:28:33 [DEBUG] Create Order Tx Info: {"AccountIndex":60113,"ApiKeyIndex":3,"MarketIndex":90,"ClientOrderIndex":1764790114723,"BaseAmount":100,"Price":373577,"IsAsk":0,"Type":0,"TimeInForce":1,"ReduceOnly":1,"TriggerPrice":0,"OrderExpiry":1767209313427,"ExpiredAt":1764790712427,"Nonce":2309,"Sig":"mUL+l+/0fDUKXFWsqKDAX9G/VkEU6A0HwH2dZvTwuC+BBCsl4UEzCsY0Vxkn+hi8H5qx2RcAaed/aicWMxVrhdmwsHvmLfk25mUTVwX3SH4="}
20:28:33 [DEBUG] MAX_OPEN_TRADES (3) reached, waiting...
20:28:33 [DEBUG] Create Order Send Tx Response: code=200 message='{"ratelimit": "didn\'t use volume quota"}' tx_hash='720d787e9b4864660c9ab9fcee0aaa7f68491bdd18176b1d42451696049ec6566281491bb6530280' predicted_execution_time_ms=1764790104394 additional_properties={}
20:28:33 [INFO] Lighter Order: 720d787e9b4864660c9ab9fcee0aaa7f68491bdd18176b1d42451696049ec6566281491bb6530280
20:28:33 [INFO] ✅ Lighter close ZEC-USD: Erfolgreich ($37.13)
20:28:33 [INFO] ✅ Lighter ZEC-USD OK, closing X10...
20:28:34 [DEBUG] ✅ ARB-USD: X10=$146,096, Lighter=$9,328,020, Total=$9,474,116
20:28:36 [DEBUG] MAX_OPEN_TRADES (3) reached, waiting...
20:28:36 [DEBUG] Sending GET https://api.starknet.extended.exchange/api/v1/user/positions?
20:28:36 [INFO] 🔻 Closing X10 ZEC-USD: size=0.100000 coins, side=BUY
20:28:36 [DEBUG] Sending GET https://api.starknet.extended.exchange/api/v1/user/positions?
20:28:37 [INFO] 🔻 X10 CLOSE ZEC-USD: size=0.100000, side=SELL
20:28:37 [DEBUG] Placing an order: id=2135649916593626723532987230973916800194914090896615200556792022603313300889
20:28:37 [DEBUG] Sending POST https://api.starknet.extended.exchange/api/v1/user/order, headers={<RequestHeader.ACCEPT: 'Accept'>: 'application/json', <RequestHeader.CONTENT_TYPE: 'Content-Type'>: 'application/json', <RequestHeader.USER_AGENT: 'User-Agent'>: 'X10PythonTradingClient/0.0.17', <RequestHeader.API_KEY: 'X-Api-Key'>: 'a1c9207f79f0e57ddc454bf1e16dbe49'}
20:28:37 [INFO] 🚜 Farm Mode ACTIVE
20:28:38 [ERROR] Error response from https://api.starknet.extended.exchange/api/v1/user/order: {"status":"ERROR","error":{"code":1138,"message":"Position is same side as reduce-only order"}}
20:28:38 [DEBUG] ✅ JUP-USD: X10=$173,039, Lighter=$3,433,336, Total=$3,606,376
20:28:39 [DEBUG] ⚠️ [x10_account] No messages for 43s (expected every 30s)
20:28:39 [DEBUG] 💓 [x10_account] Alive (uptime=50s, last_msg=43s ago, msgs=18)
20:28:39 [DEBUG] 💓 [x10_trades] Alive (uptime=50s, last_msg=0s ago, msgs=61)
20:28:39 [DEBUG] 💓 [x10_funding] Alive (uptime=50s, last_msg=37s ago, msgs=91)
20:28:39 [DEBUG] 💓 [lighter] Alive (uptime=50s, last_msg=0s ago, msgs=49790)
20:28:39 [DEBUG] MAX_OPEN_TRADES (3) reached, waiting...
20:28:40 [DEBUG] Sending GET https://api.starknet.extended.exchange/api/v1/user/positions?
20:28:40 [DEBUG] Sending GET https://api.starknet.extended.exchange/api/v1/user/positions?
20:28:40 [INFO] 🔻 X10 CLOSE ZEC-USD: size=0.100000, side=SELL
20:28:40 [DEBUG] Placing an order: id=2739495876317038391958200860700353099597385866980950993942367890643865476781
20:28:40 [DEBUG] Sending POST https://api.starknet.extended.exchange/api/v1/user/order, headers={<RequestHeader.ACCEPT: 'Accept'>: 'application/json', <RequestHeader.CONTENT_TYPE: 'Content-Type'>: 'application/json', <RequestHeader.USER_AGENT: 'User-Agent'>: 'X10PythonTradingClient/0.0.17', <RequestHeader.API_KEY: 'X-Api-Key'>: 'a1c9207f79f0e57ddc454bf1e16dbe49'}
20:28:41 [ERROR] Error response from https://api.starknet.extended.exchange/api/v1/user/order: {"status":"ERROR","error":{"code":1138,"message":"Position is same side as reduce-only order"}}
20:28:42 [DEBUG] ✅ WLD-USD: X10=$97,861, Lighter=$1,804,638, Total=$1,902,498
20:28:42 [INFO] 🚜 Farm Mode ACTIVE
20:28:42 [DEBUG] MAX_OPEN_TRADES (3) reached, waiting...
20:28:44 [DEBUG] Sending GET https://api.starknet.extended.exchange/api/v1/user/positions?
20:28:44 [DEBUG] Sending GET https://api.starknet.extended.exchange/api/v1/user/positions?
20:28:44 [INFO] 🔻 X10 CLOSE ZEC-USD: size=0.100000, side=SELL
20:28:44 [DEBUG] Placing an order: id=3583282152449144536736634390688114239123402157034694620852324057621780459828
20:28:44 [DEBUG] Sending POST https://api.starknet.extended.exchange/api/v1/user/order, headers={<RequestHeader.ACCEPT: 'Accept'>: 'application/json', <RequestHeader.CONTENT_TYPE: 'Content-Type'>: 'application/json', <RequestHeader.USER_AGENT: 'User-Agent'>: 'X10PythonTradingClient/0.0.17', <RequestHeader.API_KEY: 'X-Api-Key'>: 'a1c9207f79f0e57ddc454bf1e16dbe49'}
20:28:44 [ERROR] Error response from https://api.starknet.extended.exchange/api/v1/user/order: {"status":"ERROR","error":{"code":1138,"message":"Position is same side as reduce-only order"}}
20:28:45 [DEBUG] MAX_OPEN_TRADES (3) reached, waiting...
20:28:45 [DEBUG] ✅ SPX-USD: X10=$187,272, Lighter=$4,352,771, Total=$4,540,043
20:28:47 [INFO] 🚜 Farm Mode ACTIVE
20:28:48 [DEBUG] MAX_OPEN_TRADES (3) reached, waiting...
20:28:48 [DEBUG] Sending GET https://api.starknet.extended.exchange/api/v1/user/positions?
20:28:49 [ERROR] ❌ X10 close failed for ZEC-USD
20:28:49 [INFO] ✅ ZEC-USD fully closed
20:28:49 [INFO] ✅ Trade ZEC-USD closed (PnL: $0.00)
20:28:49 [INFO] ✅ Trade ZEC-USD closed (PnL: $0.00)
20:28:49 [DEBUG] 📝 Flushed 1 writes
20:28:49 [DEBUG] 📝 Flushed 1 writes in 0.0ms
20:28:49 [INFO]  💰 PnL ZEC-USD: $0.00 (FARM_QUICK_PROFIT)
20:28:49 [DEBUG] 📊 Trade recorded: ZEC-USD ❌ LOSS $0.00
20:28:49 [INFO] 🔍 DEBUG ZRO-USD: entry_time type=<class 'str'>, value=2025-12-03T19:27:54.945585+00:00
20:28:49 [DEBUG] Check ZRO-USD: Age=54.1s (Limit=2700s)
20:28:49 [DEBUG] ⚠️ [x10_account] No messages for 53s (expected every 30s)
20:28:49 [DEBUG] 💓 [x10_account] Alive (uptime=60s, last_msg=53s ago, msgs=18)
20:28:49 [DEBUG] 💓 [x10_funding] Alive (uptime=60s, last_msg=47s ago, msgs=91)
20:28:49 [DEBUG] 💓 [x10_trades] Alive (uptime=60s, last_msg=1s ago, msgs=71)
20:28:49 [DEBUG] 💓 [lighter] Alive (uptime=60s, last_msg=0s ago, msgs=61335)
20:28:49 [DEBUG] [lighter] Responded to JSON ping with pong
20:28:50 [DEBUG] 📝 Flushed 1 writes
20:28:50 [DEBUG] 📝 Flushed 1 writes in 0.0ms
20:28:50 [DEBUG] Fetching fresh positions (force=False, cache_age=22.0s)
20:28:50 [DEBUG] Sending GET https://api.starknet.extended.exchange/api/v1/user/positions?
20:28:50 [INFO] Lighter: Found 2 open positions
20:28:50 [INFO] 📊 Positions: X10=3, Lighter=2
20:28:50 [DEBUG] X10 positions: ['ZRO-USD', 'RESOLV-USD', 'ZEC-USD']
20:28:50 [DEBUG] Lighter positions: ['ZRO-USD', 'ZEC-USD']
20:28:50 [INFO] 🔍 DEBUG RESOLV-USD: entry_time type=<class 'str'>, value=2025-12-03T19:27:55.719262+00:00
20:28:50 [DEBUG] Check RESOLV-USD: Age=54.8s (Limit=2700s)
20:28:50 [INFO] 🔍 DEBUG ZRO-USD: entry_time type=<class 'str'>, value=2025-12-03T19:27:54.945585+00:00
20:28:50 [DEBUG] Check ZRO-USD: Age=55.6s (Limit=2700s)
20:28:51 [DEBUG] 🐕 Watchdog OK: Daten-Alter 2.9s
20:28:51 [INFO] 🔍 🚜 FARM Scanning 68 pairs. Open symbols to skip: {'ZRO-USD', 'RESOLV-USD'}
20:28:51 [DEBUG] Price cache status: X10=68/68, Lighter=67/68
20:28:51 [INFO] 🔍 Scanning 68 pairs. Lighter markets: 116, X10 markets: 91
20:28:51 [DEBUG] Using cached positions (age: 1.4s)
20:28:51 [INFO] 🔍 DEBUG RESOLV-USD: entry_time type=<class 'str'>, value=2025-12-03T19:27:55.719262+00:00
20:28:51 [DEBUG] Check RESOLV-USD: Age=55.8s (Limit=2700s)
20:28:51 [INFO] 🔍 DEBUG ZRO-USD: entry_time type=<class 'str'>, value=2025-12-03T19:27:54.945585+00:00
20:28:51 [DEBUG] Check ZRO-USD: Age=56.6s (Limit=2700s)
20:28:51 [DEBUG] ✅ S-USD: X10=$80,925, Lighter=$7,523,924, Total=$7,604,850
20:28:51 [DEBUG] MKR-USD: Missing prices (X=1663.9, L=None)
20:28:51 [INFO] 🧠 Prediction V2: Found 20 ML-ranked opportunities
20:28:51 [INFO] ✅ Returning 20 ML-ranked opportunities
20:28:51 [INFO] 🎯 Found 3 opportunities, executing best...
20:28:51 [DEBUG] Sending GET https://api.starknet.extended.exchange/api/v1/user/balance
20:28:52 [INFO] 🚜 Farm Mode ACTIVE
20:28:52 [DEBUG] Using cached positions (age: 2.4s)
20:28:52 [INFO] 🔍 DEBUG RESOLV-USD: entry_time type=<class 'str'>, value=2025-12-03T19:27:55.719262+00:00
20:28:52 [DEBUG] Check RESOLV-USD: Age=56.8s (Limit=2700s)
20:28:52 [INFO] 🔍 DEBUG ZRO-USD: entry_time type=<class 'str'>, value=2025-12-03T19:27:54.945585+00:00
20:28:52 [DEBUG] Check ZRO-USD: Age=57.6s (Limit=2700s)
20:28:52 [DEBUG] Lighter Balance: Raw=$294.37, Safe=$279.66
20:28:52 [INFO] X10: Detected balance = $298.57
20:28:52 [INFO] 🚀 Launching 1 trades (Slots available: 1)
20:28:52 [DEBUG] Sending GET https://api.starknet.extended.exchange/api/v1/user/positions?
20:28:53 [INFO] Lighter: Found 2 open positions
20:28:53 [INFO] 💰 Balance: X10=$298.6 (free=$281.2), Lit=$279.7 (free=$262.3) | DB_Trades=2, Real_Positions=3, Locked=$14/ex
20:28:53 [INFO] 🚀 Launching trade for ZEC-USD (APY=159.5%)
20:28:53 [DEBUG] Sending GET https://api.starknet.extended.exchange/api/v1/user/positions?
20:28:53 [DEBUG] Using cached positions (age: 3.4s)
20:28:53 [INFO] 🔍 DEBUG RESOLV-USD: entry_time type=<class 'str'>, value=2025-12-03T19:27:55.719262+00:00
20:28:53 [DEBUG] Check RESOLV-USD: Age=57.8s (Limit=2700s)
20:28:53 [INFO] 🔍 DEBUG ZRO-USD: entry_time type=<class 'str'>, value=2025-12-03T19:27:54.945585+00:00
20:28:53 [DEBUG] Check ZRO-USD: Age=58.6s (Limit=2700s)
20:28:54 [INFO] ✅ Launched 1 trade tasks this cycle
20:28:54 [INFO] Lighter: Found 2 open positions
20:28:54 [WARNING] ⚠️ ZEC-USD already open on X10 - SKIP to prevent duplicate!
20:28:54 [DEBUG] Using cached positions (age: 4.4s)
20:28:54 [INFO] 🔍 DEBUG RESOLV-USD: entry_time type=<class 'str'>, value=2025-12-03T19:27:55.719262+00:00
20:28:54 [DEBUG] Check RESOLV-USD: Age=58.8s (Limit=2700s)
20:28:54 [INFO] 🔍 DEBUG ZRO-USD: entry_time type=<class 'str'>, value=2025-12-03T19:27:54.945585+00:00
20:28:54 [DEBUG] Check ZRO-USD: Age=59.6s (Limit=2700s)
20:28:55 [DEBUG] ✅ ONDO-USD: X10=$103,780, Lighter=$2,168,005, Total=$2,271,785
20:28:55 [DEBUG] Fetching fresh positions (force=False, cache_age=5.4s)
20:28:55 [DEBUG] Sending GET https://api.starknet.extended.exchange/api/v1/user/positions?
20:28:55 [INFO] Lighter: Found 2 open positions
20:28:55 [INFO] 📊 Positions: X10=3, Lighter=2
20:28:55 [DEBUG] X10 positions: ['ZRO-USD', 'RESOLV-USD', 'ZEC-USD']
20:28:55 [DEBUG] Lighter positions: ['ZRO-USD', 'ZEC-USD']
20:28:55 [INFO] 🔍 DEBUG RESOLV-USD: entry_time type=<class 'str'>, value=2025-12-03T19:27:55.719262+00:00
20:28:55 [DEBUG] Check RESOLV-USD: Age=60.2s (Limit=2700s)
20:28:55 [INFO] 🔍 DEBUG ZRO-USD: entry_time type=<class 'str'>, value=2025-12-03T19:27:54.945585+00:00
20:28:55 [DEBUG] Check ZRO-USD: Age=61.0s (Limit=2700s)
20:28:55 [INFO] 🚜 [FARM] Profit Take ZRO-USD: Age=61s, Spread=0.016% (sehr niedrig), PnL=$0.00
20:28:55 [INFO]  💸 EXIT ZRO-USD: FARM_QUICK_PROFIT | PnL $0.00 (Fees: $0.00)
20:28:55 [INFO]  🔻 CLOSING ZRO-USD (Atomic Smart Close)...
20:28:56 [INFO] Lighter: Found 2 open positions
20:28:56 [INFO] 🔍 DEBUG close_live_position ENTRY: symbol=ZRO-USD (type=<class 'str'>)
20:28:56 [INFO] 🔍 DEBUG: original_side=BUY (type=<class 'str'>)
20:28:56 [INFO] 🔍 DEBUG: notional_usd=29.60349 (type=<class 'float'>)
20:28:56 [INFO] Lighter: Found 2 open positions
20:28:56 [INFO] 🔻 LIGHTER CLOSE ZRO-USD: size=-21.000000 coins, side=BUY, price=$1.4100, notional=$29.61
20:28:56 [INFO] 🚀 LIGHTER OPEN ZRO-USD: side=BUY, size_usd=$29.61, price=$1.410000
20:28:56 [DEBUG] 🔍 DEBUG: ZRO-USD market_id = 60 (raw=60, type=<class 'int'>)
20:28:56 [DEBUG] QUANTIZE ZRO-USD: USD=29.61, coins=21.000000, raw=210, lot_size=30, final=210
20:28:56 [DEBUG] Create Order Tx Info: {"AccountIndex":60113,"ApiKeyIndex":3,"MarketIndex":60,"ClientOrderIndex":1764790182709,"BaseAmount":210,"Price":141846,"IsAsk":0,"Type":0,"TimeInForce":1,"ReduceOnly":1,"TriggerPrice":0,"OrderExpiry":1767209336896,"ExpiredAt":1764790735896,"Nonce":2310,"Sig":"2t0qCuasVqCyRvHrLTiZzB0Jy26UU81z2uj61bxUj/bAYW1sAf5MGhCTMxzPVXx1yTga0/Dqzp/l7YxOUN99KMY+Pf3hZErI5PafMJ8iz14="}
20:28:57 [INFO] 🔍 🚜 FARM Scanning 68 pairs. Open symbols to skip: {'ZRO-USD', 'RESOLV-USD'}
20:28:57 [DEBUG] Price cache status: X10=68/68, Lighter=67/68
20:28:57 [INFO] 🔍 Scanning 68 pairs. Lighter markets: 116, X10 markets: 91
20:28:57 [DEBUG] Create Order Send Tx Response: code=200 message='{"ratelimit": "didn\'t use volume quota"}' tx_hash='671210adb0b5c9b18c5fff81929ac065e2b4b2bbd5db806869d7c1e949c565db256fc2e0392f9745' predicted_execution_time_ms=1764790127861 additional_properties={}
20:28:57 [INFO] Lighter Order: 671210adb0b5c9b18c5fff81929ac065e2b4b2bbd5db806869d7c1e949c565db256fc2e0392f9745
20:28:57 [INFO] ✅ Lighter close ZRO-USD: Erfolgreich ($29.61)
20:28:57 [INFO] ✅ Lighter ZRO-USD OK, closing X10...
20:28:57 [DEBUG] MKR-USD: Missing prices (X=1663.9, L=None)
20:28:57 [INFO] 🧠 Prediction V2: Found 20 ML-ranked opportunities
20:28:57 [INFO] ✅ Returning 20 ML-ranked opportunities
20:28:57 [INFO] 🎯 Found 3 opportunities, executing best...
20:28:57 [DEBUG] Sending GET https://api.starknet.extended.exchange/api/v1/user/balance
20:28:58 [DEBUG] Lighter Balance: Raw=$294.39, Safe=$279.67
20:28:58 [INFO] X10: Detected balance = $298.57
20:28:58 [INFO] 🚀 Launching 1 trades (Slots available: 1)
20:28:58 [DEBUG] Sending GET https://api.starknet.extended.exchange/api/v1/user/positions?
20:28:58 [DEBUG] 📊 X10 Funding Cache refresh (current=91)
20:28:58 [DEBUG] Sending GET https://api.starknet.extended.exchange/api/v1/info/markets?
20:28:59 [DEBUG] ✅ POPCAT-USD: X10=$165,681, Lighter=$6,925,847, Total=$7,091,528
20:28:59 [INFO] Lighter: Found 1 open positions
20:28:59 [INFO] 💰 Balance: X10=$298.6 (free=$281.2), Lit=$279.7 (free=$262.3) | DB_Trades=2, Real_Positions=3, Locked=$14/ex
20:28:59 [INFO] 🚀 Launching trade for ZEC-USD (APY=159.5%)
20:28:59 [DEBUG] Sending GET https://api.starknet.extended.exchange/api/v1/user/positions?
20:28:59 [DEBUG] ⚠️ [x10_account] No messages for 63s (expected every 30s)
20:28:59 [DEBUG] 💓 [x10_account] Alive (uptime=70s, last_msg=63s ago, msgs=18)
20:28:59 [DEBUG] 💓 [x10_trades] Alive (uptime=70s, last_msg=3s ago, msgs=80)
20:28:59 [DEBUG] 💓 [x10_funding] Alive (uptime=70s, last_msg=57s ago, msgs=91)
20:28:59 [DEBUG] 💓 [lighter] Alive (uptime=70s, last_msg=0s ago, msgs=69229)
20:28:59 [INFO] ✅ Launched 1 trade tasks this cycle
20:28:59 [INFO] Lighter: Found 1 open positions
20:28:59 [WARNING] ⚠️ ZEC-USD already open on X10 - SKIP to prevent duplicate!
20:29:00 [DEBUG] Sending GET https://api.starknet.extended.exchange/api/v1/user/positions?
20:29:00 [INFO] 🔻 Closing X10 ZRO-USD: size=21.000000 coins, side=BUY
20:29:00 [DEBUG] Sending GET https://api.starknet.extended.exchange/api/v1/user/positions?
20:29:00 [INFO] 🔻 X10 CLOSE ZRO-USD: size=21.000000, side=SELL
20:29:00 [DEBUG] Placing an order: id=2786028453488802883903538972906651402612754018996919592204879387705496941353
20:29:00 [DEBUG] Sending POST https://api.starknet.extended.exchange/api/v1/user/order, headers={<RequestHeader.ACCEPT: 'Accept'>: 'application/json', <RequestHeader.CONTENT_TYPE: 'Content-Type'>: 'application/json', <RequestHeader.USER_AGENT: 'User-Agent'>: 'X10PythonTradingClient/0.0.17', <RequestHeader.API_KEY: 'X-Api-Key'>: 'a1c9207f79f0e57ddc454bf1e16dbe49'}
20:29:00 [INFO]  X10: 91 Märkte geladen, 91 Funding Rates, 82 Preise
20:29:00 [DEBUG] X10: Funding Refresh OK, cache=91
20:29:00 [DEBUG] 📊 Lighter Funding Cache refresh (current=116)
20:29:00 [DEBUG] Lighter: Loaded 383 funding rates
20:29:01 [INFO]  X10 Order: 1996300620639080448
20:29:01 [DEBUG] Lighter: Loaded 115 prices via REST
20:29:01 [DEBUG] Lighter: Funding Refresh OK, cache=116
20:29:01 [DEBUG] 📊 OI→Pred ZRO-USD: OI=$584,592, Velocity=0.00, Trend=UNKNOWN
20:29:01 [DEBUG] 📊 OI→Pred 1000PEPE-USD: OI=$247,333,161, Velocity=0.00, Trend=UNKNOWN
20:29:01 [DEBUG] 📊 OI→Pred ASTER-USD: OI=$13,543,706, Velocity=0.00, Trend=UNKNOWN
20:29:01 [DEBUG] 📊 OI→Pred ETH-USD: OI=$14,699,986, Velocity=0.00, Trend=UNKNOWN
20:29:01 [DEBUG] 📊 OI→Pred TON-USD: OI=$871,236, Velocity=0.00, Trend=UNKNOWN
20:29:01 [DEBUG] 📊 OI→Pred LINEA-USD: OI=$87,896,202, Velocity=0.00, Trend=UNKNOWN
20:29:01 [DEBUG] 📊 OI→Pred BNB-USD: OI=$1,382,350, Velocity=0.00, Trend=UNKNOWN
20:29:01 [DEBUG] 📊 OI→Pred CRV-USD: OI=$2,662,029, Velocity=0.00, Trend=UNKNOWN
20:29:01 [DEBUG] 📊 OI→Pred AAVE-USD: OI=$444,987, Velocity=0.00, Trend=UNKNOWN
20:29:01 [DEBUG] 📊 OI→Pred ENA-USD: OI=$19,133,846, Velocity=0.00, Trend=UNKNOWN
20:29:01 [DEBUG] 📊 OI→Pred ADA-USD: OI=$3,428,122, Velocity=0.00, Trend=UNKNOWN
20:29:01 [DEBUG] 📊 OI→Pred ARB-USD: OI=$9,474,116, Velocity=0.00, Trend=UNKNOWN
20:29:01 [DEBUG] 📊 OI→Pred JUP-USD: OI=$3,606,376, Velocity=0.00, Trend=UNKNOWN
20:29:01 [DEBUG] 📊 OI→Pred WLD-USD: OI=$1,902,498, Velocity=0.00, Trend=UNKNOWN
20:29:01 [DEBUG] 📊 OI→Pred SPX-USD: OI=$4,540,043, Velocity=0.00, Trend=UNKNOWN
20:29:01 [DEBUG] 📊 OI→Pred S-USD: OI=$7,604,850, Velocity=0.00, Trend=UNKNOWN
20:29:01 [DEBUG] 📊 OI→Pred ONDO-USD: OI=$2,271,785, Velocity=0.00, Trend=UNKNOWN
20:29:01 [DEBUG] 📊 OI→Pred POPCAT-USD: OI=$7,091,528, Velocity=0.00, Trend=UNKNOWN
20:29:02 [INFO] 🚜 Farm Mode ACTIVE
20:29:02 [INFO] 🔍 🚜 FARM Scanning 68 pairs. Open symbols to skip: {'ZRO-USD', 'RESOLV-USD'}
20:29:02 [DEBUG] Price cache status: X10=68/68, Lighter=67/68
20:29:02 [INFO] 🔍 Scanning 68 pairs. Lighter markets: 116, X10 markets: 91
20:29:02 [DEBUG] MKR-USD: Missing prices (X=1663.9, L=None)
20:29:02 [DEBUG] ✅ DOGE-USD: X10=$209,795, Lighter=$18,152,027, Total=$18,361,822
20:29:02 [INFO] 🧠 Prediction V2: Found 20 ML-ranked opportunities
20:29:02 [INFO] ✅ Returning 20 ML-ranked opportunities
20:29:02 [INFO] 🎯 Found 3 opportunities, executing best...
20:29:02 [DEBUG] Sending GET https://api.starknet.extended.exchange/api/v1/user/balance
20:29:03 [INFO] 🚜 Farm Mode ACTIVE
20:29:03 [DEBUG] Sending GET https://api.starknet.extended.exchange/api/v1/user/positions?
20:29:03 [DEBUG] Lighter Balance: Raw=$294.34, Safe=$279.63
20:29:03 [INFO] X10: Detected balance = $298.61
20:29:03 [INFO] 🚀 Launching 1 trades (Slots available: 1)
20:29:03 [DEBUG] Sending GET https://api.starknet.extended.exchange/api/v1/user/positions?
20:29:03 [INFO] ✅ X10 ZRO-USD closed (21.000000 coins)
20:29:03 [INFO] ✅ ZRO-USD fully closed
20:29:03 [INFO] ✅ Trade ZRO-USD closed (PnL: $0.00)
20:29:03 [INFO] ✅ Trade ZRO-USD closed (PnL: $0.00)
20:29:03 [DEBUG] 📝 Flushed 1 writes
20:29:03 [DEBUG] 📝 Flushed 1 writes in 0.0ms
20:29:03 [INFO]  💰 PnL ZRO-USD: $0.00 (FARM_QUICK_PROFIT)
20:29:03 [DEBUG] 📊 Trade recorded: ZRO-USD ❌ LOSS $0.00
20:29:04 [INFO] 🚜 Farm Mode ACTIVE
20:29:04 [INFO] Lighter: Found 1 open positions
20:29:04 [INFO] 💰 Balance: X10=$298.6 (free=$286.0), Lit=$279.6 (free=$267.0) | DB_Trades=2, Real_Positions=2, Locked=$10/ex
20:29:04 [INFO] 🚀 Launching trade for ZEC-USD (APY=158.3%)
20:29:04 [DEBUG] Sending GET https://api.starknet.extended.exchange/api/v1/user/positions?
20:29:04 [DEBUG] Fetching fresh positions (force=False, cache_age=9.4s)
20:29:04 [DEBUG] Sending GET https://api.starknet.extended.exchange/api/v1/user/positions?
20:29:04 [DEBUG] 📝 Flushed 1 writes
20:29:04 [DEBUG] 📝 Flushed 1 writes in 0.0ms
20:29:05 [INFO] ✅ Launched 1 trade tasks this cycle
20:29:05 [INFO] Lighter: Found 1 open positions
20:29:05 [WARNING] ⚠️ ZEC-USD already open on X10 - SKIP to prevent duplicate!
20:29:05 [INFO] Lighter: Found 1 open positions
20:29:05 [INFO] 📊 Positions: X10=2, Lighter=1
20:29:05 [DEBUG] X10 positions: ['RESOLV-USD', 'ZEC-USD']
20:29:05 [DEBUG] Lighter positions: ['ZEC-USD']
20:29:05 [INFO] 🔍 DEBUG RESOLV-USD: entry_time type=<class 'str'>, value=2025-12-03T19:27:55.719262+00:00
20:29:05 [DEBUG] Check RESOLV-USD: Age=69.7s (Limit=2700s)
20:29:05 [INFO] 🚜 Farm Mode ACTIVE
20:29:06 [DEBUG] Using cached positions (age: 1.5s)
20:29:06 [INFO] 🔍 DEBUG RESOLV-USD: entry_time type=<class 'str'>, value=2025-12-03T19:27:55.719262+00:00
20:29:06 [DEBUG] Check RESOLV-USD: Age=70.6s (Limit=2700s)
20:29:06 [INFO] 🚜 Farm Mode ACTIVE
20:29:06 [DEBUG] ✅ MNT-USD: X10=$116,157, Lighter=$2,747,001, Total=$2,863,158
20:29:07 [DEBUG] Using cached positions (age: 2.5s)
20:29:07 [INFO] 🔍 DEBUG RESOLV-USD: entry_time type=<class 'str'>, value=2025-12-03T19:27:55.719262+00:00
20:29:07 [DEBUG] Check RESOLV-USD: Age=71.6s (Limit=2700s)
20:29:07 [INFO] 🚜 Farm Mode ACTIVE
20:29:08 [INFO] 🔍 🚜 FARM Scanning 68 pairs. Open symbols to skip: {'RESOLV-USD'}
20:29:08 [DEBUG] Price cache status: X10=68/68, Lighter=67/68
20:29:08 [INFO] 🔍 Scanning 68 pairs. Lighter markets: 116, X10 markets: 91
20:29:08 [DEBUG] MKR-USD: Missing prices (X=1663.9, L=None)
20:29:08 [DEBUG] Using cached positions (age: 3.5s)
20:29:08 [INFO] 🔍 DEBUG RESOLV-USD: entry_time type=<class 'str'>, value=2025-12-03T19:27:55.719262+00:00
20:29:08 [DEBUG] Check RESOLV-USD: Age=72.6s (Limit=2700s)
20:29:08 [INFO] 🚜 Farm Mode ACTIVE
20:29:08 [INFO] 🧠 Prediction V2: Found 20 ML-ranked opportunities
20:29:08 [INFO] ✅ Returning 20 ML-ranked opportunities
20:29:08 [INFO] 🎯 Found 3 opportunities, executing best...
20:29:08 [DEBUG] Sending GET https://api.starknet.extended.exchange/api/v1/user/balance
20:29:09 [DEBUG] 💓 [x10_funding] Alive (uptime=80s, last_msg=7s ago, msgs=182)
20:29:09 [DEBUG] 💓 [x10_trades] Alive (uptime=80s, last_msg=1s ago, msgs=88)
20:29:09 [DEBUG] 💓 [x10_account] Alive (uptime=80s, last_msg=7s ago, msgs=23)
20:29:09 [DEBUG] 💓 [lighter] Alive (uptime=80s, last_msg=0s ago, msgs=79489)
20:29:09 [DEBUG] Using cached positions (age: 4.5s)
20:29:09 [INFO] 🔍 DEBUG RESOLV-USD: entry_time type=<class 'str'>, value=2025-12-03T19:27:55.719262+00:00
20:29:09 [DEBUG] Check RESOLV-USD: Age=73.6s (Limit=2700s)
20:29:09 [INFO] 🚜 Farm Mode ACTIVE
20:29:09 [DEBUG] Lighter Balance: Raw=$294.34, Safe=$279.62
20:29:09 [INFO] X10: Detected balance = $298.61
20:29:09 [INFO] 🚀 Launching 2 trades (Slots available: 2)
20:29:09 [DEBUG] Sending GET https://api.starknet.extended.exchange/api/v1/user/positions?
20:29:10 [INFO] Lighter: Found 1 open positions
20:29:10 [INFO] 💰 Balance: X10=$298.6 (free=$286.0), Lit=$279.6 (free=$267.0) | DB_Trades=1, Real_Positions=2, Locked=$10/ex
20:29:10 [INFO] 🚀 Launching trade for ZEC-USD (APY=158.3%)
20:29:10 [DEBUG] Sending GET https://api.starknet.extended.exchange/api/v1/user/positions?
20:29:10 [DEBUG] Fetching fresh positions (force=False, cache_age=5.5s)
20:29:10 [DEBUG] Sending GET https://api.starknet.extended.exchange/api/v1/user/positions?
20:29:10 [INFO] 🚜 Farm Mode ACTIVE
20:29:10 [INFO] 🚀 Launching trade for BERA-USD (APY=104.4%)
20:29:10 [DEBUG] Sending GET https://api.starknet.extended.exchange/api/v1/user/positions?
20:29:10 [INFO] Lighter: Found 1 open positions
20:29:10 [INFO] 📊 Positions: X10=2, Lighter=1
20:29:10 [DEBUG] X10 positions: ['RESOLV-USD', 'ZEC-USD']
20:29:10 [DEBUG] Lighter positions: ['ZEC-USD']
20:29:10 [INFO] 🔍 DEBUG RESOLV-USD: entry_time type=<class 'str'>, value=2025-12-03T19:27:55.719262+00:00
20:29:10 [DEBUG] Check RESOLV-USD: Age=75.1s (Limit=2700s)
20:29:10 [INFO] Lighter: Found 1 open positions
20:29:10 [WARNING] ⚠️ ZEC-USD already open on X10 - SKIP to prevent duplicate!
20:29:11 [INFO] ✅ Launched 2 trade tasks this cycle
20:29:11 [INFO] Lighter: Found 1 open positions
20:29:11 [DEBUG] ✅ BERA-USD verified: No existing positions on exchanges
20:29:11 [DEBUG] 🧠 BERA-USD: Prediction conf=0.50, delta=-0.000025
20:29:11 [DEBUG] MIN_NOTIONAL BERA-USD: min_base=3.00000000 coins, price=$0.9745, min_qty_usd=$2.92, min_notional_api=$10.00, final=$11.00
20:29:11 [DEBUG] Sending GET https://api.starknet.extended.exchange/api/v1/user/balance
20:29:11 [INFO] 🚜 Farm Mode ACTIVE
20:29:11 [DEBUG] Using cached positions (age: 1.4s)
20:29:11 [INFO] 🔍 DEBUG RESOLV-USD: entry_time type=<class 'str'>, value=2025-12-03T19:27:55.719262+00:00
20:29:11 [DEBUG] Check RESOLV-USD: Age=76.1s (Limit=2700s)
20:29:12 [DEBUG] ✅ VIRTUAL-USD: X10=$112,099, Lighter=$729,531, Total=$841,630
20:29:12 [DEBUG] Lighter Balance: Raw=$294.34, Safe=$279.62
20:29:12 [INFO] 🎰 KELLY BERA-USD: win_rate=0.0%, kelly_fraction=0.0000, safe_fraction=0.0200, confidence=LOW, samples=2
20:29:12 [INFO] 📊 KELLY SIZE BERA-USD: base=$30.0, kelly_recommended=$5.6, final=$30.0
20:29:12 [INFO] 🚀 Opening BERA-USD: Size=$30.0 (Min=$11.0)
20:29:12 [INFO] 🔄 [PARALLEL] BERA-USD: Lighter POST-ONLY first
20:29:12 [INFO] 🚀 LIGHTER OPEN BERA-USD: side=SELL, size_usd=$30.00, price=$0.974450
20:29:12 [DEBUG] 🔍 DEBUG: BERA-USD market_id = 20 (raw=20, type=<class 'int'>)
20:29:12 [DEBUG] QUANTIZE BERA-USD: USD=30.00, coins=30.786598, raw=308, lot_size=30, final=300
20:29:12 [INFO] 🔄 [PARALLEL] BERA-USD: X10 MARKET order
20:29:12 [DEBUG] Create Order Tx Info: {"AccountIndex":60113,"ApiKeyIndex":3,"MarketIndex":20,"ClientOrderIndex":1764790226111,"BaseAmount":300,"Price":96860,"IsAsk":1,"Type":0,"TimeInForce":1,"ReduceOnly":0,"TriggerPrice":0,"OrderExpiry":1767209352348,"ExpiredAt":1764790751348,"Nonce":2311,"Sig":"kuFEmAmda9NGhxNoJVqWPdjsh82luu9YuSPtE7qa4eaZcwdEszo1FJhn7ltibPf5qN4pJ76F+Od83qQfP6VVyX+4Z6SasCXm4nsxws/eHAc="}
20:29:12 [INFO] 🚜 Farm Mode ACTIVE
20:29:12 [DEBUG] Placing an order: id=1066935516120715051324408746620792252282740204162446150021472441345398154275
20:29:12 [DEBUG] Sending POST https://api.starknet.extended.exchange/api/v1/user/order, headers={<RequestHeader.ACCEPT: 'Accept'>: 'application/json', <RequestHeader.CONTENT_TYPE: 'Content-Type'>: 'application/json', <RequestHeader.USER_AGENT: 'User-Agent'>: 'X10PythonTradingClient/0.0.17', <RequestHeader.API_KEY: 'X-Api-Key'>: 'a1c9207f79f0e57ddc454bf1e16dbe49'}
20:29:12 [DEBUG] Create Order Send Tx Response: code=200 message='{"ratelimit": "didn\'t use volume quota"}' tx_hash='342145bdacd33bb1478b7a8fb015c48fe3d3398c7e7dc09b17973f6dadaaab2c5f584c340ce13460' predicted_execution_time_ms=1764790143319 additional_properties={}
20:29:12 [INFO] Lighter Order: 342145bdacd33bb1478b7a8fb015c48fe3d3398c7e7dc09b17973f6dadaaab2c5f584c340ce13460
20:29:12 [INFO]  X10 Order: 1996300666570571776
20:29:12 [INFO] ✅ [PARALLEL] BERA-USD: Both legs filled in 297ms
20:29:12 [DEBUG] 📝 Trade added to state: BERA-USD
20:29:12 [DEBUG] 📝 Flushed 1 writes
20:29:12 [DEBUG] 📝 Flushed 1 writes in 0.0ms
20:29:12 [DEBUG] Using cached positions (age: 2.4s)
20:29:12 [INFO] 🔍 DEBUG RESOLV-USD: entry_time type=<class 'str'>, value=2025-12-03T19:27:55.719262+00:00
20:29:12 [DEBUG] Check RESOLV-USD: Age=77.1s (Limit=2700s)
20:29:12 [INFO] 🔍 DEBUG BERA-USD: entry_time type=<class 'str'>, value=2025-12-03T19:29:12.639479+00:00
20:29:12 [DEBUG] Check BERA-USD: Age=0.1s (Limit=2700s)
20:29:13 [INFO] 🚜 Farm Mode ACTIVE
20:29:13 [DEBUG] Using cached positions (age: 3.4s)
20:29:13 [INFO] 🔍 DEBUG RESOLV-USD: entry_time type=<class 'str'>, value=2025-12-03T19:27:55.719262+00:00
20:29:13 [DEBUG] Check RESOLV-USD: Age=78.1s (Limit=2700s)
20:29:13 [INFO] 🔍 DEBUG BERA-USD: entry_time type=<class 'str'>, value=2025-12-03T19:29:12.639479+00:00
20:29:13 [DEBUG] Check BERA-USD: Age=1.1s (Limit=2700s)
20:29:14 [INFO] 🔍 🚜 FARM Scanning 68 pairs. Open symbols to skip: {'RESOLV-USD', 'BERA-USD'}
20:29:14 [DEBUG] Price cache status: X10=68/68, Lighter=67/68
20:29:14 [INFO] 🔍 Scanning 68 pairs. Lighter markets: 116, X10 markets: 91
20:29:14 [DEBUG] MKR-USD: Missing prices (X=1663.9, L=None)
20:29:14 [INFO] 🚜 Farm Mode ACTIVE
20:29:14 [INFO] 🧠 Prediction V2: Found 20 ML-ranked opportunities
20:29:14 [INFO] ✅ Returning 20 ML-ranked opportunities
20:29:14 [INFO] 🎯 Found 3 opportunities, executing best...
20:29:14 [DEBUG] Sending GET https://api.starknet.extended.exchange/api/v1/user/balance
20:29:14 [DEBUG] Using cached positions (age: 4.4s)
20:29:14 [INFO] 🔍 DEBUG RESOLV-USD: entry_time type=<class 'str'>, value=2025-12-03T19:27:55.719262+00:00
20:29:14 [DEBUG] Check RESOLV-USD: Age=79.1s (Limit=2700s)
20:29:14 [INFO] 🔍 DEBUG BERA-USD: entry_time type=<class 'str'>, value=2025-12-03T19:29:12.639479+00:00
20:29:14 [DEBUG] Check BERA-USD: Age=2.1s (Limit=2700s)
20:29:15 [INFO] 🚜 Farm Mode ACTIVE
20:29:15 [DEBUG] Lighter Balance: Raw=$294.34, Safe=$279.63
20:29:15 [INFO] X10: Detected balance = $298.43
20:29:15 [INFO] 🚀 Launching 1 trades (Slots available: 1)
20:29:15 [DEBUG] Sending GET https://api.starknet.extended.exchange/api/v1/user/positions?
20:29:15 [DEBUG] Fetching fresh positions (force=False, cache_age=5.4s)
20:29:15 [DEBUG] Sending GET https://api.starknet.extended.exchange/api/v1/user/positions?
20:29:16 [DEBUG] ✅ PENGU-USD: X10=$205,477, Lighter=$72,941,672, Total=$73,147,149
20:29:16 [INFO] Lighter: Found 2 open positions
20:29:16 [INFO] 💰 Balance: X10=$298.4 (free=$281.0), Lit=$279.6 (free=$262.2) | DB_Trades=2, Real_Positions=3, Locked=$14/ex
20:29:16 [INFO] 🚀 Launching trade for ZEC-USD (APY=158.3%)
20:29:16 [DEBUG] Sending GET https://api.starknet.extended.exchange/api/v1/user/positions?
20:29:16 [INFO] Lighter: Found 2 open positions
20:29:16 [INFO] 📊 Positions: X10=3, Lighter=2
20:29:16 [DEBUG] X10 positions: ['RESOLV-USD', 'ZEC-USD', 'BERA-USD']
20:29:16 [DEBUG] Lighter positions: ['BERA-USD', 'ZEC-USD']
20:29:16 [INFO] 🔍 DEBUG RESOLV-USD: entry_time type=<class 'str'>, value=2025-12-03T19:27:55.719262+00:00
20:29:16 [DEBUG] Check RESOLV-USD: Age=80.5s (Limit=2700s)
20:29:16 [INFO] 🔍 DEBUG BERA-USD: entry_time type=<class 'str'>, value=2025-12-03T19:29:12.639479+00:00
20:29:16 [DEBUG] Check BERA-USD: Age=3.6s (Limit=2700s)
20:29:16 [INFO] 🚜 Farm Mode ACTIVE
20:29:16 [INFO] 🛑 Initiating shutdown...
20:29:16 [DEBUG] Cancelled task: maintenance_loop
20:29:16 [DEBUG] Cancelled task: cleanup_finished_tasks
20:29:16 [DEBUG] Cancelled task: health_reporter
20:29:16 [DEBUG] Cancelled task: farm_loop
20:29:16 [DEBUG] Cancelled task: logic_loop
20:29:16 [DEBUG] Cancelled task: trade_management_loop
20:29:16 [DEBUG] Cancelled task: connection_watchdog
20:29:16 [INFO] Logic loop cancelled
20:29:16 [INFO] Connection watchdog cancelled
20:29:16 [INFO] Lighter: Found 2 open positions
20:29:16 [WARNING] ⚠️ ZEC-USD already open on X10 - SKIP to prevent duplicate!
20:29:17 [INFO] 🔌 [x10_trades] WebSocket stopped
20:29:19 [DEBUG] ✅ WLFI-USD: X10=$838,134, Lighter=$28,071,194, Total=$28,909,328
20:29:21 [ERROR] WebSocket stop error: 
20:29:21 [INFO] 🛑 Rollback processor: Shutdown signal received
20:29:21 [INFO] ✅ ParallelExecutionManager: Stopped
20:29:21 [INFO] 🛑 Stopping InMemoryStateManager...
20:29:21 [INFO] 📝 State writer loop stopped
20:29:21 [INFO] ✅ InMemoryStateManager stopped
20:29:21 [INFO] ✅ Shutdown complete
20:29:21 [INFO] 🛑 Shutting down...
20:29:21 [INFO] 🛑 Shutdown requested...
20:29:21 [INFO] ✅ ParallelExecutionManager: Stopped
20:29:21 [INFO] 🔌 [x10_trades] WebSocket stopped
20:29:21 [INFO] 🔌 [x10_funding] WebSocket stopped
20:29:21 [INFO] 🔌 [lighter] WebSocket stopped
20:29:21 [INFO] 🔌 [x10_account] WebSocket stopped
20:29:21 [INFO] ✅ WebSocketManager stopped
20:29:21 [INFO] ✅ OpenInterestTracker stopped
20:29:21 [INFO] 🛑 Stopping InMemoryStateManager...
20:29:21 [INFO] ✅ InMemoryStateManager stopped
20:29:21 [INFO] 🔒 Closing database...
20:29:21 [INFO] 🖊️ Database write loop stopped
20:29:21 [INFO] ✅ Database closed
20:29:21 [INFO] ✅ X10 Adapter geschlossen.
20:29:21 [INFO] ✅ Lighter Adapter closed
20:29:21 [INFO] ✅ Bot V5 shutdown complete
