19:37:42 [INFO]  CONFIG VALIDIERUNG abgeschlossen.
19:37:42 [INFO] 🔥 BOT V5 (Architected) STARTING...
19:37:42 [INFO] 🚀 Starting InMemoryStateManager...
19:37:42 [INFO] 📂 Initializing database: data/trades.db
19:37:42 [INFO] ✅ Read pool created: 5 connections
19:37:42 [INFO] ✅ WAL mode enabled
19:37:42 [INFO] 🔄 Running database migrations...
19:37:42 [INFO] ✅ Migrations complete (11 statements)
19:37:42 [INFO] ✅ Database initialized
19:37:42 [INFO] 🖊️ Database write loop started
19:37:42 [INFO] 📂 Loaded 3 trades from database
19:37:42 [INFO] ✅ InMemoryStateManager started (loaded 3 trades)
19:37:42 [INFO] ✅ State Manager started
19:37:42 [INFO]  Telegram Bot disabled (Token/ChatID missing).
19:37:42 [INFO] ✅ Async database initialized
19:37:42 [INFO] 📝 State writer loop started
19:37:42 [DEBUG] ✅ Database schema up to date
19:37:42 [INFO] Initialisiere X10 Adapter...
19:37:42 [INFO]  X10 Account initialisiert.
19:37:42 [INFO] Initialisiere Lighter Adapter...
19:37:42 [INFO] 📊 Loading Market Data via REST...
19:37:42 [DEBUG] Sending GET https://api.starknet.extended.exchange/api/v1/info/markets?
19:37:43 [WARNING] ⚠️ Skipping ETH-USD: market_id=None (parsed=-1) invalid or >254
19:37:43 [INFO] ✅ Lighter: Loaded 115 markets (base data)
19:37:43 [DEBUG] Starting new HTTPS connection (1): mainnet.zklighter.elliot.ai:443
19:37:45 [DEBUG] https://mainnet.zklighter.elliot.ai:443 "GET /api/v1/nextNonce?account_index=60113&api_key_index=3 HTTP/1.1" 200 25
19:37:45 [INFO]  X10: 91 Märkte geladen, 91 Funding Rates, 78 Preise
19:37:46 [INFO] ✅ Lighter: Updated 115 markets with size_decimals from API
19:37:46 [INFO] 📊 MARKET ADA-USD: size_decimals=1, price_decimals=5, min_base_amount=10.0
19:37:46 [INFO] 📊 MARKET SEI-USD: size_decimals=1, price_decimals=5, min_base_amount=50.0
19:37:46 [INFO] 📊 MARKET RESOLV-USD: size_decimals=0, price_decimals=6, min_base_amount=40.0
19:37:46 [INFO] 📊 MARKET TIA-USD: size_decimals=1, price_decimals=5, min_base_amount=3.0
19:37:46 [INFO] ✅ Markets loaded: X10=91, Lighter=115
19:37:46 [INFO] 📈 Pre-loading Lighter prices...
19:37:47 [DEBUG] Lighter: Loaded 379 funding rates
19:37:47 [DEBUG] Lighter: Loaded 115 prices via REST
19:37:47 [INFO] ✅ Lighter prices loaded: 115 symbols
19:37:47 [INFO] FundingPredictorV2 initialized with BTC Correlation
19:37:47 [INFO] 启动 OI Tracker für 67 Symbole...
19:37:47 [INFO] ✅ OpenInterestTracker started (interval=30.0s)
19:37:47 [INFO] 🌐 Starting WebSocket Manager...
19:37:47 [INFO] 📊 OI Tracker: Starting cycle 1 (67 symbols)
19:37:47 [INFO] 🔌 [lighter] WebSocket manager started
19:37:47 [INFO] 🔌 [x10] WebSocket manager started
19:37:47 [INFO] 🔌 [lighter] Connecting with kwargs: {'close_timeout': 5.0, 'max_size': 4194304, 'ping_interval': 20.0, 'ping_timeout': 10.0}
19:37:47 [INFO] 🔌 [x10] Connecting with kwargs: {'close_timeout': 5.0, 'max_size': 4194304, 'ping_interval': None, 'ping_timeout': None, 'additional_headers': {'X-Api-Key': 'a1c9207f79f0e57ddc454bf1e16dbe49', 'User-Agent': 'X10PythonTradingClient/0.4.5'}}
19:37:47 [INFO] ✅ WebSocketManager started
19:37:48 [DEBUG] ✅ TRUMP-USD: X10=$154,118, Lighter=$301,241, Total=$455,359
19:37:48 [INFO] ✅ [lighter] Connected to wss://mainnet.zklighter.elliot.ai/stream
19:37:48 [DEBUG] ✅ [lighter] WebSocket library will auto-respond to server pings
19:37:48 [INFO] [lighter] Resubscribing to 73 channels (paced)...
19:37:48 [DEBUG] 💓 [lighter] Heartbeat monitor started (library handles ping/pong)
19:37:48 [DEBUG] [lighter] Subscribed to order_book/26
19:37:48 [DEBUG] [lighter] Subscribed to trade/26
19:37:48 [INFO] ✅ [x10] Connected to wss://api.starknet.extended.exchange/stream.extended.exchange/v1/account
19:37:48 [DEBUG] ✅ [x10] WebSocket library will auto-respond to server pings
19:37:48 [DEBUG] 💓 [x10] Heartbeat monitor started (library handles ping/pong)
19:37:48 [INFO] [x10] 🏓 Keepalive started (interval=5.0s)
19:37:48 [DEBUG] [x10] RAW MSG: {"type":"ORDER","data":{"isSnapshot":true,"orders":[]},"ts":1764700660417,"seq":1}
19:37:48 [DEBUG] [x10] RAW MSG: {"type":"POSITION","data":{"isSnapshot":true,"positions":[]},"ts":1764700660417,"seq":2}
19:37:48 [DEBUG] [x10] RAW MSG: {"type":"BALANCE","data":{"isSnapshot":true,"balance":{"collateralName":"USD","balance":"301.850051"
19:37:48 [DEBUG] [lighter] Subscribed to order_book/2
19:37:48 [DEBUG] [lighter] Subscribed to trade/2
19:37:49 [DEBUG] [lighter] Subscribed to order_book/52
19:37:49 [DEBUG] [lighter] Subscribed to trade/52
19:37:49 [DEBUG] [lighter] Subscribed to order_book/33
19:37:49 [DEBUG] [lighter] Subscribed to trade/33
19:37:49 [DEBUG] [lighter] Subscribed to order_book/4
19:37:49 [DEBUG] [lighter] Subscribed to trade/4
19:37:49 [DEBUG] [lighter] Subscribed to order_book/53
19:37:49 [DEBUG] [lighter] Subscribed to trade/53
19:37:49 [DEBUG] [lighter] Subscribed to order_book/37
19:37:49 [DEBUG] [lighter] Subscribed to trade/37
19:37:49 [DEBUG] [lighter] Subscribed to order_book/16
19:37:49 [DEBUG] [lighter] Subscribed to trade/16
19:37:49 [DEBUG] [lighter] Subscribed to order_book/17
19:37:49 [DEBUG] [lighter] Subscribed to trade/17
19:37:49 [DEBUG] [lighter] Subscribed to order_book/5
19:37:49 [DEBUG] [lighter] Subscribed to trade/5
19:37:49 [DEBUG] [lighter] Subscribed to order_book/89
19:37:49 [DEBUG] [lighter] Subscribed to trade/89
19:37:49 [DEBUG] [lighter] Subscribed to order_book/72
19:37:49 [DEBUG] [lighter] Subscribed to trade/72
19:37:49 [DEBUG] [lighter] Subscribed to order_book/27
19:37:49 [DEBUG] [lighter] Subscribed to trade/27
19:37:49 [DEBUG] [lighter] Subscribed to order_book/31
19:37:49 [DEBUG] [lighter] Subscribed to trade/31
19:37:49 [DEBUG] [lighter] Subscribed to order_book/39
19:37:49 [DEBUG] [lighter] Subscribed to trade/39
19:37:49 [DEBUG] [lighter] Subscribed to order_book/11
19:37:49 [DEBUG] [lighter] Subscribed to trade/11
19:37:49 [DEBUG] [lighter] Subscribed to order_book/91
19:37:49 [DEBUG] [lighter] Subscribed to trade/91
19:37:49 [DEBUG] [lighter] Subscribed to order_book/86
19:37:49 [DEBUG] [lighter] Subscribed to trade/86
19:37:49 [DEBUG] [lighter] Subscribed to order_book/42
19:37:49 [DEBUG] [lighter] Subscribed to trade/42
19:37:49 [DEBUG] [lighter] Subscribed to order_book/46
19:37:49 [DEBUG] [lighter] Subscribed to trade/46
19:37:49 [DEBUG] [lighter] Subscribed to order_book/25
19:37:49 [DEBUG] [lighter] Subscribed to trade/25
19:37:49 [DEBUG] [lighter] Subscribed to order_book/51
19:37:49 [DEBUG] [lighter] Subscribed to trade/51
19:37:49 [DEBUG] [lighter] Subscribed to order_book/20
19:37:49 [DEBUG] [lighter] Subscribed to trade/20
19:37:49 [DEBUG] [lighter] Subscribed to order_book/23
19:37:49 [DEBUG] [lighter] Subscribed to trade/23
19:37:49 [DEBUG] [lighter] Subscribed to order_book/82
19:37:49 [DEBUG] [lighter] Subscribed to trade/82
19:37:49 [DEBUG] [lighter] Subscribed to order_book/67
19:37:49 [DEBUG] [lighter] Subscribed to trade/67
19:37:49 [DEBUG] [lighter] Subscribed to order_book/21
19:37:49 [DEBUG] [lighter] Subscribed to trade/21
19:37:49 [DEBUG] [lighter] Subscribed to order_book/83
19:37:49 [DEBUG] [lighter] Subscribed to trade/83
19:37:49 [DEBUG] [lighter] Subscribed to order_book/1
19:37:49 [DEBUG] [lighter] Subscribed to trade/1
19:37:49 [DEBUG] [lighter] Subscribed to order_book/8
19:37:49 [DEBUG] [lighter] Subscribed to trade/8
19:37:49 [DEBUG] [lighter] Subscribed to order_book/55
19:37:49 [DEBUG] [lighter] Subscribed to trade/55
19:37:49 [INFO] [x10] Subscribing to 134 channels (fast batch)...
19:37:49 [DEBUG] [x10] Subscribed to publicTrades/TRUMP/USD
19:37:49 [DEBUG] [x10] Subscribed to funding/TRUMP/USD
19:37:49 [DEBUG] [x10] Subscribed to publicTrades/WLD/USD
19:37:49 [DEBUG] [x10] Subscribed to funding/WLD/USD
19:37:49 [DEBUG] [x10] Subscribed to publicTrades/USDJPY/USD
19:37:49 [DEBUG] [x10] Subscribed to funding/USDJPY/USD
19:37:49 [DEBUG] [x10] Subscribed to publicTrades/CRV/USD
19:37:49 [DEBUG] [x10] Subscribed to funding/CRV/USD
19:37:49 [DEBUG] [x10] Subscribed to publicTrades/BCH/USD
19:37:49 [DEBUG] [x10] Subscribed to funding/BCH/USD
19:37:50 [DEBUG] [x10] Subscribed to publicTrades/XRP/USD
19:37:50 [DEBUG] [x10] Subscribed to funding/XRP/USD
19:37:50 [DEBUG] [x10] Subscribed to publicTrades/MNT/USD
19:37:50 [DEBUG] [x10] Subscribed to funding/MNT/USD
19:37:50 [DEBUG] [x10] Subscribed to publicTrades/PENGU/USD
19:37:50 [DEBUG] [x10] Subscribed to funding/PENGU/USD
19:37:50 [DEBUG] [x10] Subscribed to publicTrades/LINEA/USD
19:37:50 [DEBUG] [x10] Subscribed to funding/LINEA/USD
19:37:50 [DEBUG] [x10] Subscribed to publicTrades/XAG/USD
19:37:50 [DEBUG] [x10] Subscribed to funding/XAG/USD
19:37:50 [DEBUG] [x10] Subscribed to publicTrades/IP/USD
19:37:50 [DEBUG] [x10] Subscribed to funding/IP/USD
19:37:50 [DEBUG] [x10] Subscribed to publicTrades/XAU/USD
19:37:50 [DEBUG] [x10] Subscribed to funding/XAU/USD
19:37:50 [DEBUG] [x10] Subscribed to publicTrades/XPL/USD
19:37:50 [DEBUG] [x10] Subscribed to funding/XPL/USD
19:37:50 [DEBUG] [x10] Subscribed to publicTrades/AVAX/USD
19:37:50 [DEBUG] [x10] Subscribed to funding/AVAX/USD
19:37:50 [DEBUG] [x10] Subscribed to publicTrades/UNI/USD
19:37:50 [DEBUG] [x10] Subscribed to funding/UNI/USD
19:37:50 [DEBUG] [x10] Subscribed to publicTrades/ENA/USD
19:37:50 [DEBUG] [x10] Subscribed to funding/ENA/USD
19:37:50 [DEBUG] [x10] Subscribed to publicTrades/SEI/USD
19:37:50 [DEBUG] [x10] Subscribed to funding/SEI/USD
19:37:50 [DEBUG] [x10] Subscribed to publicTrades/MKR/USD
19:37:50 [DEBUG] [x10] Subscribed to funding/MKR/USD
19:37:50 [DEBUG] [x10] Subscribed to publicTrades/STRK/USD
19:37:50 [DEBUG] [x10] Subscribed to funding/STRK/USD
19:37:50 [DEBUG] [x10] Subscribed to publicTrades/EIGEN/USD
19:37:50 [DEBUG] [x10] Subscribed to funding/EIGEN/USD
19:37:50 [DEBUG] [x10] Subscribed to publicTrades/DOGE/USD
19:37:50 [DEBUG] [x10] Subscribed to funding/DOGE/USD
19:37:50 [DEBUG] [x10] Subscribed to publicTrades/TON/USD
19:37:50 [DEBUG] [x10] Subscribed to funding/TON/USD
19:37:50 [DEBUG] [x10] Subscribed to publicTrades/ARB/USD
19:37:50 [DEBUG] [x10] Subscribed to funding/ARB/USD
19:37:50 [DEBUG] [x10] Subscribed to publicTrades/S/USD
19:37:50 [DEBUG] [x10] Subscribed to funding/S/USD
19:37:50 [DEBUG] [x10] Subscribed to publicTrades/1000BONK/USD
19:37:50 [DEBUG] [x10] Subscribed to funding/1000BONK/USD
19:37:50 [DEBUG] [x10] Subscribed to publicTrades/TRX/USD
19:37:50 [DEBUG] [x10] Subscribed to funding/TRX/USD
19:37:50 [DEBUG] [x10] Subscribed to publicTrades/LTC/USD
19:37:50 [DEBUG] [x10] Subscribed to funding/LTC/USD
19:37:50 [DEBUG] [x10] Subscribed to publicTrades/ZRO/USD
19:37:50 [DEBUG] [x10] Subscribed to funding/ZRO/USD
19:37:50 [DEBUG] [x10] Subscribed to publicTrades/FIL/USD
19:37:50 [DEBUG] [x10] Subscribed to funding/FIL/USD
19:37:50 [DEBUG] [x10] Subscribed to publicTrades/NEAR/USD
19:37:50 [DEBUG] [x10] Subscribed to funding/NEAR/USD
19:37:50 [DEBUG] [x10] Subscribed to publicTrades/VIRTUAL/USD
19:37:50 [DEBUG] [x10] Subscribed to funding/VIRTUAL/USD
19:37:50 [DEBUG] [x10] Subscribed to publicTrades/PUMP/USD
19:37:50 [DEBUG] [x10] Subscribed to funding/PUMP/USD
19:37:50 [DEBUG] [x10] Subscribed to publicTrades/TAO/USD
19:37:50 [DEBUG] [x10] Subscribed to funding/TAO/USD
19:37:50 [DEBUG] [x10] Subscribed to publicTrades/ONDO/USD
19:37:50 [DEBUG] [x10] Subscribed to funding/ONDO/USD
19:37:50 [DEBUG] [x10] Subscribed to publicTrades/ZEC/USD
19:37:50 [DEBUG] [x10] Subscribed to funding/ZEC/USD
19:37:50 [DEBUG] [x10] Subscribed to publicTrades/HYPE/USD
19:37:50 [DEBUG] [x10] Subscribed to funding/HYPE/USD
19:37:50 [DEBUG] [x10] Subscribed to publicTrades/JUP/USD
19:37:50 [DEBUG] [x10] Subscribed to funding/JUP/USD
19:37:50 [DEBUG] [x10] Subscribed to publicTrades/SOL/USD
19:37:50 [DEBUG] [x10] Subscribed to funding/SOL/USD
19:37:50 [DEBUG] [x10] Subscribed to publicTrades/GRASS/USD
19:37:50 [DEBUG] [x10] Subscribed to funding/GRASS/USD
19:37:50 [DEBUG] [x10] Subscribed to publicTrades/KAITO/USD
19:37:50 [DEBUG] [x10] Subscribed to funding/KAITO/USD
19:37:50 [DEBUG] [x10] Subscribed to publicTrades/1000PEPE/USD
19:37:50 [DEBUG] [x10] Subscribed to funding/1000PEPE/USD
19:37:50 [DEBUG] [x10] Subscribed to publicTrades/ZORA/USD
19:37:50 [DEBUG] [x10] Subscribed to funding/ZORA/USD
19:37:50 [DEBUG] [x10] Subscribed to publicTrades/PENDLE/USD
19:37:50 [DEBUG] [x10] Subscribed to funding/PENDLE/USD
19:37:50 [DEBUG] [x10] Subscribed to publicTrades/SUI/USD
19:37:50 [DEBUG] [x10] Subscribed to funding/SUI/USD
19:37:50 [DEBUG] [x10] Subscribed to publicTrades/1000SHIB/USD
19:37:50 [DEBUG] [x10] Subscribed to funding/1000SHIB/USD
19:37:50 [DEBUG] [x10] Subscribed to publicTrades/WIF/USD
19:37:50 [DEBUG] [x10] Subscribed to funding/WIF/USD
19:37:50 [DEBUG] [x10] Subscribed to publicTrades/EDEN/USD
19:37:50 [DEBUG] [x10] Subscribed to funding/EDEN/USD
19:37:50 [DEBUG] [x10] Subscribed to publicTrades/WLFI/USD
19:37:50 [DEBUG] [x10] Subscribed to funding/WLFI/USD
19:37:50 [DEBUG] [x10] Subscribed to publicTrades/AAVE/USD
19:37:50 [DEBUG] [x10] Subscribed to funding/AAVE/USD
19:37:50 [DEBUG] [x10] Subscribed to publicTrades/APT/USD
19:37:50 [DEBUG] [x10] Subscribed to funding/APT/USD
19:37:50 [DEBUG] [x10] Subscribed to publicTrades/ADA/USD
19:37:50 [DEBUG] [x10] Subscribed to funding/ADA/USD
19:37:50 [DEBUG] [x10] Subscribed to publicTrades/DOT/USD
19:37:50 [DEBUG] [x10] Subscribed to funding/DOT/USD
19:37:50 [DEBUG] [x10] Subscribed to publicTrades/MON/USD
19:37:50 [DEBUG] [x10] Subscribed to funding/MON/USD
19:37:50 [DEBUG] [x10] Subscribed to publicTrades/APEX/USD
19:37:50 [DEBUG] [x10] Subscribed to funding/APEX/USD
19:37:50 [DEBUG] [x10] Subscribed to publicTrades/SPX/USD
19:37:50 [DEBUG] [x10] Subscribed to funding/SPX/USD
19:37:51 [DEBUG] [x10] Subscribed to publicTrades/LDO/USD
19:37:51 [DEBUG] [x10] Subscribed to funding/LDO/USD
19:37:51 [DEBUG] [x10] Subscribed to publicTrades/BNB/USD
19:37:51 [DEBUG] [x10] Subscribed to funding/BNB/USD
19:37:51 [DEBUG] [x10] Subscribed to publicTrades/RESOLV/USD
19:37:51 [DEBUG] [x10] Subscribed to funding/RESOLV/USD
19:37:51 [DEBUG] [x10] Subscribed to publicTrades/BERA/USD
19:37:51 [DEBUG] [x10] Subscribed to funding/BERA/USD
19:37:51 [DEBUG] [x10] Subscribed to publicTrades/POPCAT/USD
19:37:51 [DEBUG] [x10] Subscribed to funding/POPCAT/USD
19:37:51 [DEBUG] [x10] Subscribed to publicTrades/AVNT/USD
19:37:51 [DEBUG] [x10] Subscribed to funding/AVNT/USD
19:37:51 [DEBUG] [x10] Subscribed to publicTrades/TIA/USD
19:37:51 [DEBUG] [x10] Subscribed to funding/TIA/USD
19:37:51 [DEBUG] [x10] Subscribed to publicTrades/FARTCOIN/USD
19:37:51 [DEBUG] [x10] Subscribed to funding/FARTCOIN/USD
19:37:51 [DEBUG] [x10] Subscribed to publicTrades/ASTER/USD
19:37:51 [DEBUG] [x10] Subscribed to funding/ASTER/USD
19:37:51 [DEBUG] [x10] Subscribed to publicTrades/BTC/USD
19:37:51 [DEBUG] [x10] Subscribed to funding/BTC/USD
19:37:51 [DEBUG] [x10] Subscribed to publicTrades/LINK/USD
19:37:51 [DEBUG] [x10] Subscribed to funding/LINK/USD
19:37:51 [DEBUG] [x10] Subscribed to publicTrades/OP/USD
19:37:51 [DEBUG] [x10] Subscribed to funding/OP/USD
19:37:51 [INFO] [x10] Subscribed to 67 markets
19:37:51 [INFO] 🔗 Components Wired: WS -> OI Tracker -> Prediction
19:37:51 [INFO] 🧟 Starte Zombie-Check: Vergleiche DB mit echten Positionen...
19:37:51 [INFO] 🔍 DB meldet 3 offene Trades. Prüfe Exchange...
19:37:51 [DEBUG] Sending GET https://api.starknet.extended.exchange/api/v1/user/positions?
19:37:52 [DEBUG] ✅ WLD-USD: X10=$109,468, Lighter=$1,669,768, Total=$1,779,236
19:37:52 [INFO] Lighter: Found 0 open positions
19:37:52 [INFO] 🌍 Echte Positionen auf Exchanges: []
19:37:52 [WARNING] ⚠️  ZOMBIE GEFUNDEN: JUP-USD ist in DB offen, aber nicht auf Exchange. Schließe ihn...
19:37:52 [INFO] ✅ Trade JUP-USD closed (PnL: $0.00)
19:37:52 [WARNING] ⚠️  ZOMBIE GEFUNDEN: TRX-USD ist in DB offen, aber nicht auf Exchange. Schließe ihn...
19:37:52 [INFO] ✅ Trade TRX-USD closed (PnL: $0.00)
19:37:52 [WARNING] ⚠️  ZOMBIE GEFUNDEN: AVNT-USD ist in DB offen, aber nicht auf Exchange. Schließe ihn...
19:37:52 [INFO] ✅ Trade AVNT-USD closed (PnL: $0.00)
19:37:52 [INFO] ✅ ParallelExecutionManager: Rollback processor started
19:37:52 [INFO] ✅ ParallelExecutionManager started
19:37:52 [INFO] 📝 Registered task: logic_loop (critical=True)
19:37:52 [INFO] 📝 Registered task: trade_management_loop (critical=True)
19:37:52 [INFO] 📝 Registered task: farm_loop (critical=False)
19:37:52 [INFO] 📝 Registered task: maintenance_loop (critical=False)
19:37:52 [INFO] 📝 Registered task: cleanup_finished_tasks (critical=False)
19:37:52 [INFO] 📝 Registered task: health_reporter (critical=False)
19:37:52 [INFO] 📝 Registered task: connection_watchdog (critical=True)
19:37:52 [INFO] ✅ Signal handlers installed (SIGINT, SIGTERM)
19:37:52 [INFO] ▶️  Started task: logic_loop
19:37:52 [INFO] ▶️  Started task: trade_management_loop
19:37:52 [INFO] ▶️  Started task: farm_loop
19:37:52 [INFO] ▶️  Started task: maintenance_loop
19:37:52 [INFO] ▶️  Started task: cleanup_finished_tasks
19:37:52 [INFO] ▶️  Started task: health_reporter
19:37:52 [INFO] ▶️  Started task: connection_watchdog
19:37:52 [INFO] 🚀 Started 7 tasks
19:37:52 [INFO] ═══════════════════════════════════════════════════════════
19:37:52 [INFO]    BOT V5 RUNNING 24/7 - SUPERVISED | Ctrl+C = Stop   
19:37:52 [INFO] ═══════════════════════════════════════════════════════════
19:37:52 [INFO] 🔄 Rollback processor running...
19:37:52 [INFO] Logic Loop gestartet – REFRESH alle 3s
19:37:52 [INFO] ⚡ Latency Arb Detector initialized (threshold: 1.0s)
19:37:52 [INFO] 🔍 🚜 FARM Scanning 67 pairs. Open symbols to skip: set()
19:37:52 [DEBUG] Price cache status: X10=67/67, Lighter=66/67
19:37:52 [INFO] 🔍 Scanning 67 pairs. Lighter markets: 115, X10 markets: 91
19:37:52 [INFO] 🛡️ Trade Management Loop gestartet
19:37:52 [INFO] 🚜 Farm Mode ACTIVE
19:37:52 [DEBUG] Sending GET https://api.starknet.extended.exchange/api/v1/user/balance
19:37:52 [DEBUG] 📊 X10 Funding Cache refresh (current=91)
19:37:52 [INFO] 🐕 Connection Watchdog gestartet (Timeout: 120s)
19:37:52 [INFO] 🔍 Supervisor loop started
19:37:52 [DEBUG] 📝 Flushed 1 writes
19:37:52 [DEBUG] 📝 Flushed 1 writes in 15.0ms
19:37:52 [DEBUG] Sending GET https://api.starknet.extended.exchange/api/v1/info/markets?
19:37:52 [DEBUG] MKR-USD: Missing prices (X=1663.9, L=None)
19:37:53 [INFO] ✅ Found 0 opportunities with predictions (farm_mode=True)
19:37:53 [INFO] ⚠️ Keine Prediction-Opportunities, nutze Fallback mit echten Funding Rates...
19:37:53 [INFO]  Volatility Monitor initialized: Low<3.0%, Normal<10.0%, High<20.0%, Hard Cap<50.0%
19:37:53 [DEBUG] ⛔ Skip XAG-USD: TradFi/FX
19:37:53 [DEBUG] ⛔ Skip XAU-USD: TradFi/FX
19:37:53 [DEBUG] Skip ENA-USD: Spread 0.40% too high
19:37:53 [DEBUG] Skip ZRO-USD: Spread 0.39% too high
19:37:53 [INFO] 🔍 DEBUG APEX-USD: rl=0.00001200, rx=-0.00005000, net=0.00006200, apy=54.3%
19:37:53 [DEBUG] Skip APEX-USD: Spread 1.19% too high
19:37:53 [DEBUG] ⛔ Skip SPX-USD: TradFi/FX
19:37:53 [DEBUG] Skip RESOLV-USD: Spread 0.33% too high
19:37:53 [DEBUG] Skip AVNT-USD: Spread 0.31% too high
19:37:53 [DEBUG] Skip OP-USD: Spread 0.34% too high
19:37:53 [INFO] ✅ Found 29 opportunities from 63 valid pairs (farm_mode=True, scanned=67)
19:37:53 [INFO] 🎯 Found 3 opportunities, executing best...
19:37:53 [DEBUG] Sending GET https://api.starknet.extended.exchange/api/v1/user/balance
19:37:53 [DEBUG] 📝 Flushed 1 writes in 0.0ms
19:37:53 [DEBUG] Lighter Balance: Raw=$295.34, Safe=$280.57
19:37:53 [INFO] 🚜 Opening FARM: TRUMP-USD APY=21.9%
19:37:53 [DEBUG] Sending GET https://api.starknet.extended.exchange/api/v1/user/positions?
19:37:54 [DEBUG] Lighter Balance: Raw=$295.34, Safe=$280.57
19:37:54 [INFO] X10: Detected balance = $301.85
19:37:54 [INFO] 🚀 Launching 3 trades (Slots available: 3)
19:37:54 [DEBUG] Sending GET https://api.starknet.extended.exchange/api/v1/user/positions?
19:37:54 [INFO] Lighter: Found 0 open positions
19:37:54 [DEBUG] ✅ TRUMP-USD verified: No existing positions on exchanges
19:37:54 [DEBUG] MIN_NOTIONAL TRUMP-USD: min_base=0.20000000 coins, price=$6.0375, min_qty_usd=$1.21, min_notional_api=$10.00, final=$11.00
19:37:54 [DEBUG] Sending GET https://api.starknet.extended.exchange/api/v1/user/balance
19:37:54 [DEBUG] 📝 Flushed 2 writes
19:37:54 [DEBUG] 📝 Flushed 1 writes in 0.0ms
19:37:54 [INFO] 🎲 KellyPositionSizer initialized (Safety=0.25, MaxFraction=0.1)
19:37:54 [INFO] 🎰 KELLY TRUMP-USD: win_rate=80.0%, kelly_fraction=0.6000, safe_fraction=0.0500, confidence=LOW, samples=0
19:37:54 [INFO] 📊 KELLY SIZE TRUMP-USD: base=$30.0, kelly_recommended=$14.0, final=$30.0
19:37:54 [INFO] 🚀 Opening TRUMP-USD: Size=$30.0 (Min=$11.0)
19:37:54 [INFO] 🔄 [PARALLEL] TRUMP-USD: Lighter POST-ONLY first
19:37:54 [INFO] 🚀 LIGHTER OPEN TRUMP-USD: side=SELL, size_usd=$30.00, price=$6.037500
19:37:54 [DEBUG] 🔍 DEBUG: TRUMP-USD market_id = 15 (raw=15, type=<class 'int'>)
19:37:54 [DEBUG] QUANTIZE TRUMP-USD: USD=30.00, coins=4.968944, raw=497, lot_size=20, final=480
19:37:54 [INFO] 🔄 [PARALLEL] TRUMP-USD: X10 MARKET order
19:37:54 [DEBUG] Create Order Tx Info: {"AccountIndex":60113,"ApiKeyIndex":3,"MarketIndex":15,"ClientOrderIndex":1764700715730,"BaseAmount":480,"Price":60012,"IsAsk":1,"Type":0,"TimeInForce":1,"ReduceOnly":0,"TriggerPrice":0,"OrderExpiry":1767119874849,"ExpiredAt":1764701273849,"Nonce":2131,"Sig":"sYkgfTdZSkhSV4OLi7WPZthSf4+J5YbwYu0B+HJ7FFXZpJFLcd3Yd9ALKse+6kzNtWaaImFN+HDJTHl2e0rkQMwvP1EZA7TwupF57Nx22Rc="}
19:37:54 [INFO] Lighter: Found 0 open positions
19:37:54 [INFO] 💰 Balance: X10=$301.9 (free=$267.4), Lit=$280.6 (free=$246.1) | DB_Trades=0, Real_Positions=0, Locked=$0/ex
19:37:54 [INFO] 🚀 Launching trade for JUP-USD (APY=48.2%)
19:37:54 [DEBUG] Sending GET https://api.starknet.extended.exchange/api/v1/info/markets?
19:37:54 [INFO]  X10: 91 Märkte geladen, 91 Funding Rates, 82 Preise
19:37:54 [DEBUG] X10: Funding Refresh OK, cache=91
19:37:54 [DEBUG] 📊 Lighter Funding Cache refresh (current=115)
19:37:54 [DEBUG] Sending GET https://api.starknet.extended.exchange/api/v1/user/positions?
19:37:55 [DEBUG] Lighter: Loaded 379 funding rates
19:37:55 [INFO] 🚀 Launching trade for ZORA-USD (APY=46.4%)
19:37:55 [DEBUG] Sending GET https://api.starknet.extended.exchange/api/v1/user/positions?
19:37:55 [INFO] Lighter: Found 0 open positions
19:37:55 [DEBUG] ✅ JUP-USD verified: No existing positions on exchanges
19:37:55 [DEBUG] MIN_NOTIONAL JUP-USD: min_base=15.00000000 coins, price=$0.2462, min_qty_usd=$3.69, min_notional_api=$10.00, final=$11.00
19:37:55 [DEBUG] Sending GET https://api.starknet.extended.exchange/api/v1/user/balance
19:37:55 [DEBUG] Create Order Send Tx Response: code=200 message='{"ratelimit": "didn\'t use volume quota"}' tx_hash='ba0884982a282d0c849453ff54131073a5af061d00e6853f6dae64d87dcf98edc0c4818acc1c5e0d' predicted_execution_time_ms=1764700667577 additional_properties={}
19:37:55 [INFO] Lighter Order: ba0884982a282d0c849453ff54131073a5af061d00e6853f6dae64d87dcf98edc0c4818acc1c5e0d
19:37:55 [INFO] 🚀 Launching trade for MON-USD (APY=44.7%)
19:37:55 [DEBUG] Sending GET https://api.starknet.extended.exchange/api/v1/user/positions?
19:37:55 [DEBUG] Lighter: Loaded 115 prices via REST
19:37:55 [DEBUG] Lighter: Funding Refresh OK, cache=115
19:37:56 [DEBUG] ✅ USDJPY-USD: X10=$0, Lighter=$61,229, Total=$61,229
19:37:56 [INFO] ✅ Launched 3 trade tasks this cycle
19:37:56 [INFO] Lighter: Found 1 open positions
19:37:56 [DEBUG] ✅ MON-USD verified: No existing positions on exchanges
19:37:56 [DEBUG] MIN_NOTIONAL MON-USD: min_base=50.00000000 coins, price=$0.0307, min_qty_usd=$1.53, min_notional_api=$10.00, final=$11.00
19:37:56 [DEBUG] Placing an order: id=320528432087015768203529701451106308853889011443346145681719655755105557523
19:37:56 [DEBUG] Sending POST https://api.starknet.extended.exchange/api/v1/user/order, headers={<RequestHeader.ACCEPT: 'Accept'>: 'application/json', <RequestHeader.CONTENT_TYPE: 'Content-Type'>: 'application/json', <RequestHeader.USER_AGENT: 'User-Agent'>: 'X10PythonTradingClient/0.0.17', <RequestHeader.API_KEY: 'X-Api-Key'>: 'a1c9207f79f0e57ddc454bf1e16dbe49'}
19:37:56 [INFO] 🔍 Running periodic exchange sync check...
19:37:56 [INFO] 🔍 Starting Exchange Sync Check...
19:37:56 [DEBUG] Sending GET https://api.starknet.extended.exchange/api/v1/user/positions?
19:37:57 [INFO] Lighter: Found 1 open positions
19:37:57 [DEBUG] ✅ ZORA-USD verified: No existing positions on exchanges
19:37:57 [DEBUG] MIN_NOTIONAL ZORA-USD: min_base=100.00000000 coins, price=$0.0519, min_qty_usd=$5.19, min_notional_api=$10.00, final=$11.00
19:37:57 [DEBUG] Skip ZORA-USD: Min Req $54.46 > Max Config $50.0
19:37:57 [DEBUG] Lighter Balance: Raw=$295.33, Safe=$280.57
19:37:57 [INFO] 🎰 KELLY JUP-USD: win_rate=80.0%, kelly_fraction=0.6000, safe_fraction=0.0500, confidence=LOW, samples=0
19:37:57 [INFO] 📊 KELLY SIZE JUP-USD: base=$30.0, kelly_recommended=$12.5, final=$30.0
19:37:57 [DEBUG] Sending GET https://api.starknet.extended.exchange/api/v1/user/balance
19:37:57 [INFO] Lighter: Found 1 open positions
19:37:57 [ERROR] 🚨 DESYNC DETECTED: Positions only on Lighter: {'TRUMP-USD'}
19:37:57 [ERROR] ⚠️ These are UNHEDGED and create directional risk!
19:37:57 [WARNING] 🔻 Closing orphaned Lighter position: TRUMP-USD
19:37:57 [INFO] 🔍 DEBUG close_live_position ENTRY: symbol=TRUMP-USD (type=<class 'str'>)
19:37:57 [INFO] 🔍 DEBUG: original_side=SELL (type=<class 'str'>)
19:37:57 [INFO] 🔍 DEBUG: notional_usd=29.00976 (type=<class 'float'>)
19:37:57 [INFO] 🎰 KELLY MON-USD: win_rate=80.0%, kelly_fraction=0.6000, safe_fraction=0.0500, confidence=LOW, samples=0
19:37:57 [INFO] 📊 KELLY SIZE MON-USD: base=$30.0, kelly_recommended=$12.5, final=$30.0
19:37:57 [INFO] 🚀 Opening JUP-USD: Size=$30.0 (Min=$11.0)
19:37:57 [INFO] 🔄 [PARALLEL] JUP-USD: Lighter POST-ONLY first
19:37:57 [INFO] 🚀 Opening MON-USD: Size=$30.0 (Min=$11.0)
19:37:57 [INFO] 🔄 [PARALLEL] MON-USD: Lighter POST-ONLY first
19:37:57 [INFO] 🚀 LIGHTER OPEN JUP-USD: side=SELL, size_usd=$30.00, price=$0.246220
19:37:57 [DEBUG] 🔍 DEBUG: JUP-USD market_id = 26 (raw=26, type=<class 'int'>)
19:37:57 [DEBUG] QUANTIZE JUP-USD: USD=30.00, coins=121.842255, raw=1218, lot_size=150, final=1200
19:37:57 [INFO] 🔄 [PARALLEL] JUP-USD: X10 MARKET order
19:37:57 [INFO] 🔄 [PARALLEL] MON-USD: X10 MARKET order
19:37:57 [DEBUG] Create Order Tx Info: {"AccountIndex":60113,"ApiKeyIndex":3,"MarketIndex":26,"ClientOrderIndex":1764700756118,"BaseAmount":1200,"Price":24474,"IsAsk":1,"Type":0,"TimeInForce":1,"ReduceOnly":0,"TriggerPrice":0,"OrderExpiry":1767119877865,"ExpiredAt":1764701276865,"Nonce":2132,"Sig":"Uz6FQAmmztjH3cFw2KoHwbPEAgZ0KWEXg7n/QJ0Mt6C93zNBi+rCIT4XHpAZI22IbPN+KdNv8+11FKRSBnJf7wCTJuJBytpWEzWUtg8p/Xg="}
19:37:57 [INFO] 🚀 LIGHTER OPEN MON-USD: side=SELL, size_usd=$30.00, price=$0.030700
19:37:57 [DEBUG] 🔍 DEBUG: MON-USD market_id = 91 (raw=91, type=<class 'int'>)
19:37:57 [DEBUG] QUANTIZE MON-USD: USD=30.00, coins=977.198697, raw=9772, lot_size=500, final=9500
19:37:57 [DEBUG] Create Order Tx Info: {"AccountIndex":60113,"ApiKeyIndex":3,"MarketIndex":91,"ClientOrderIndex":1764700757198,"BaseAmount":9500,"Price":3051,"IsAsk":1,"Type":0,"TimeInForce":1,"ReduceOnly":0,"TriggerPrice":0,"OrderExpiry":1767119877899,"ExpiredAt":1764701276899,"Nonce":2133,"Sig":"BTgfx7eLjoT+7vNu7wzM32aKGz4e/FP4uXEaw0+i7KJRPmcsuCv1J8lTTkZdOzFzdn3X6RYmInhP2BeU0DyaG1fdtmgghS3xci7aihB3A0Q="}
19:37:57 [DEBUG] Placing an order: id=1446919779528538959580576855884483728232795393461926259780364423533385929616
19:37:57 [DEBUG] Sending POST https://api.starknet.extended.exchange/api/v1/user/order, headers={<RequestHeader.ACCEPT: 'Accept'>: 'application/json', <RequestHeader.CONTENT_TYPE: 'Content-Type'>: 'application/json', <RequestHeader.USER_AGENT: 'User-Agent'>: 'X10PythonTradingClient/0.0.17', <RequestHeader.API_KEY: 'X-Api-Key'>: 'a1c9207f79f0e57ddc454bf1e16dbe49'}
19:37:57 [INFO]  X10 Order: 1995925386806149120
19:37:57 [INFO] ✅ [PARALLEL] TRUMP-USD: Both legs filled in 3109ms
19:37:57 [DEBUG] 📝 Trade added to state: TRUMP-USD
19:37:57 [DEBUG] 🧹 Cleaned task: TRUMP-USD
19:37:57 [DEBUG] 📝 Flushed 1 writes
19:37:57 [DEBUG] 📝 Flushed 1 writes in 0.0ms
19:37:58 [DEBUG] Placing an order: id=3061767465181983361261429269542275072302668049551007321907786170666287263463
19:37:58 [DEBUG] Sending POST https://api.starknet.extended.exchange/api/v1/user/order, headers={<RequestHeader.ACCEPT: 'Accept'>: 'application/json', <RequestHeader.CONTENT_TYPE: 'Content-Type'>: 'application/json', <RequestHeader.USER_AGENT: 'User-Agent'>: 'X10PythonTradingClient/0.0.17', <RequestHeader.API_KEY: 'X-Api-Key'>: 'a1c9207f79f0e57ddc454bf1e16dbe49'}
19:37:58 [INFO] Lighter: Found 1 open positions
19:37:58 [INFO] 🔻 LIGHTER CLOSE TRUMP-USD: size=-4.800000 coins, side=BUY, price=$6.0437, notional=$29.01
19:37:58 [INFO] 🚀 LIGHTER OPEN TRUMP-USD: side=BUY, size_usd=$29.01, price=$6.043700
19:37:58 [DEBUG] 🔍 DEBUG: TRUMP-USD market_id = 15 (raw=15, type=<class 'int'>)
19:37:58 [DEBUG] QUANTIZE TRUMP-USD: USD=29.01, coins=4.800000, raw=480, lot_size=20, final=480
19:37:58 [DEBUG] Create Order Tx Info: {"AccountIndex":60113,"ApiKeyIndex":3,"MarketIndex":15,"ClientOrderIndex":1764700772117,"BaseAmount":480,"Price":60800,"IsAsk":0,"Type":0,"TimeInForce":1,"ReduceOnly":1,"TriggerPrice":0,"OrderExpiry":1767119878113,"ExpiredAt":1764701277113,"Nonce":2134,"Sig":"lQE0vUvKOWkBNa88L33bBVvWh8/ihSOhEuYdfbylFBaYX9IZsgmjTyvg7y7A62ssk5G2Ev69meZbFJkETFMmL3qUXfuoLvNFA97A71g0P30="}
19:37:58 [DEBUG] Create Order Send Tx Response: code=200 message='{"ratelimit": "didn\'t use volume quota"}' tx_hash='bd51855dd65fc355034579ba83882489c0ee145b3bcf50985abfb702365c22174d7b2d7d36d6b58f' predicted_execution_time_ms=1764700669852 additional_properties={}
19:37:58 [INFO] Lighter Order: bd51855dd65fc355034579ba83882489c0ee145b3bcf50985abfb702365c22174d7b2d7d36d6b58f
19:37:58 [DEBUG] [x10] RAW MSG: {"type":"ORDER","data":{"isSnapshot":false,"orders":[{"id":1995925386806149120,"accountId":127074,"e
19:37:58 [DEBUG] [x10] RAW MSG: {"type":"BALANCE","data":{"isSnapshot":false,"balance":{"collateralName":"USD","balance":"301.850051
19:37:58 [DEBUG] [x10] RAW MSG: {"type":"TRADE","data":{"isSnapshot":false,"trades":[{"id":1995925387640573954,"accountId":127074,"m
19:37:58 [DEBUG] [x10] RAW MSG: {"type":"POSITION","data":{"isSnapshot":false,"positions":[{"id":1995925387665735680,"accountId":127
19:37:58 [DEBUG] [x10] RAW MSG: {"type":"BALANCE","data":{"isSnapshot":false,"balance":{"collateralName":"USD","balance":"301.844609
19:37:58 [DEBUG] Create Order Send Tx Response: code=200 message='{"ratelimit": "didn\'t use volume quota"}' tx_hash='9d3b6743e21ce9a463c7552bb0bd36e6baf2e10f89781390796c4064fdd2775e3d5d125c5f5cd260' predicted_execution_time_ms=1764700669886 additional_properties={}
19:37:58 [INFO] Lighter Order: 9d3b6743e21ce9a463c7552bb0bd36e6baf2e10f89781390796c4064fdd2775e3d5d125c5f5cd260
19:37:58 [INFO]  X10 Order: 1995925388199870464
19:37:58 [INFO] ✅ [PARALLEL] MON-USD: Both legs filled in 422ms
19:37:58 [DEBUG] 📝 Trade added to state: MON-USD
19:37:58 [DEBUG] Create Order Send Tx Response: code=200 message='{"ratelimit": "didn\'t use volume quota"}' tx_hash='b001b13a90c1908d598ca99801e772d8949cdfcea01e6d9acb1b0120972664cde85e3a92cce16c3d' predicted_execution_time_ms=1764700670101 additional_properties={}
19:37:58 [INFO] Lighter Order: b001b13a90c1908d598ca99801e772d8949cdfcea01e6d9acb1b0120972664cde85e3a92cce16c3d
19:37:58 [INFO] ✅ Lighter close TRUMP-USD: Erfolgreich ($29.01)
19:37:58 [INFO] ✅ Closed orphaned Lighter TRUMP-USD
19:37:58 [DEBUG] [x10] RAW MSG: {"type":"ORDER","data":{"isSnapshot":false,"orders":[{"id":1995925388199870464,"accountId":127074,"e
19:37:58 [DEBUG] [x10] RAW MSG: {"type":"BALANCE","data":{"isSnapshot":false,"balance":{"collateralName":"USD","balance":"301.844609
19:37:58 [DEBUG] [x10] RAW MSG: {"type":"TRADE","data":{"isSnapshot":false,"trades":[{"id":1995925389037277184,"accountId":127074,"m
19:37:58 [DEBUG] [x10] RAW MSG: {"type":"POSITION","data":{"isSnapshot":false,"positions":[{"id":1995925389058244608,"accountId":127
19:37:58 [DEBUG] [x10] RAW MSG: {"type":"BALANCE","data":{"isSnapshot":false,"balance":{"collateralName":"USD","balance":"301.837905
19:37:58 [DEBUG] Fetching fresh positions (force=False, cache_age=1764700678.8s)
19:37:58 [DEBUG] Sending GET https://api.starknet.extended.exchange/api/v1/user/positions?
19:37:58 [INFO]  X10 Order: 1995925390904401920
19:37:58 [INFO] ✅ [PARALLEL] JUP-USD: Both legs filled in 1078ms
19:37:58 [DEBUG] 📝 Trade added to state: JUP-USD
19:37:58 [DEBUG] 💓 [x10] Alive (uptime=10s, last_msg=0s ago)
19:37:58 [DEBUG] 💓 [lighter] Alive (uptime=10s, last_msg=0s ago)
19:37:58 [WARNING] [x10] 🏓 Keepalive pong timeout! (failures=1/3)
19:37:59 [DEBUG] [x10] RAW MSG: {"type":"TRADE","data":{"isSnapshot":false,"trades":[{"id":1995925391738408965,"accountId":127074,"m
19:37:59 [DEBUG] [x10] RAW MSG: {"type":"BALANCE","data":{"isSnapshot":false,"balance":{"collateralName":"USD","balance":"301.837905
19:37:59 [DEBUG] [x10] RAW MSG: {"type":"ORDER","data":{"isSnapshot":false,"orders":[{"id":1995925390904401920,"accountId":127074,"e
19:37:59 [DEBUG] [x10] RAW MSG: {"type":"POSITION","data":{"isSnapshot":false,"positions":[{"id":1995925391767764992,"accountId":127
19:37:59 [DEBUG] [x10] RAW MSG: {"type":"BALANCE","data":{"isSnapshot":false,"balance":{"collateralName":"USD","balance":"301.831197
19:37:59 [INFO] Lighter: Found 2 open positions
19:37:59 [INFO] 📊 Positions: X10=2, Lighter=2
19:37:59 [DEBUG] X10 positions: ['TRUMP-USD', 'MON-USD']
19:37:59 [DEBUG] Lighter positions: ['JUP-USD', 'MON-USD']
19:37:59 [INFO] 🔍 DEBUG TRUMP-USD: entry_time type=<class 'str'>, value=2025-12-02T18:37:57.947658+00:00
19:37:59 [DEBUG] Check TRUMP-USD: Age=1.3s (Limit=60s)
19:37:59 [INFO] 🔍 DEBUG MON-USD: entry_time type=<class 'str'>, value=2025-12-02T18:37:58.278466+00:00
19:37:59 [DEBUG] Check MON-USD: Age=1.0s (Limit=60s)
19:37:59 [DEBUG] MAX_OPEN_TRADES (3) reached, waiting...
19:37:59 [DEBUG] 📝 Flushed 1 writes in 0.0ms
19:37:59 [DEBUG] ✅ CRV-USD: X10=$280,069, Lighter=$2,523,221, Total=$2,803,290
19:38:00 [DEBUG] Using cached positions (age: 1.4s)
19:38:00 [INFO] 🔍 DEBUG JUP-USD: entry_time type=<class 'str'>, value=2025-12-02T18:37:58.929109+00:00
19:38:00 [DEBUG] Check JUP-USD: Age=1.3s (Limit=60s)
19:38:00 [INFO] 🔍 DEBUG TRUMP-USD: entry_time type=<class 'str'>, value=2025-12-02T18:37:57.947658+00:00
19:38:00 [DEBUG] Check TRUMP-USD: Age=2.3s (Limit=60s)
19:38:00 [INFO] 🔍 DEBUG MON-USD: entry_time type=<class 'str'>, value=2025-12-02T18:37:58.278466+00:00
19:38:00 [DEBUG] Check MON-USD: Age=2.0s (Limit=60s)
19:38:00 [DEBUG] 📝 Flushed 2 writes
19:38:00 [DEBUG] 📝 Flushed 1 writes in 0.0ms
19:38:01 [DEBUG] Using cached positions (age: 2.4s)
19:38:01 [INFO] 🔍 DEBUG JUP-USD: entry_time type=<class 'str'>, value=2025-12-02T18:37:58.929109+00:00
19:38:01 [DEBUG] Check JUP-USD: Age=2.3s (Limit=60s)
19:38:01 [INFO] 🔍 DEBUG TRUMP-USD: entry_time type=<class 'str'>, value=2025-12-02T18:37:57.947658+00:00
19:38:01 [DEBUG] Check TRUMP-USD: Age=3.3s (Limit=60s)
19:38:01 [INFO] 🔍 DEBUG MON-USD: entry_time type=<class 'str'>, value=2025-12-02T18:37:58.278466+00:00
19:38:01 [DEBUG] Check MON-USD: Age=3.0s (Limit=60s)
19:38:02 [DEBUG] Using cached positions (age: 3.4s)
19:38:02 [INFO] 🔍 DEBUG JUP-USD: entry_time type=<class 'str'>, value=2025-12-02T18:37:58.929109+00:00
19:38:02 [DEBUG] Check JUP-USD: Age=3.3s (Limit=60s)
19:38:02 [INFO] 🔍 DEBUG TRUMP-USD: entry_time type=<class 'str'>, value=2025-12-02T18:37:57.947658+00:00
19:38:02 [DEBUG] Check TRUMP-USD: Age=4.3s (Limit=60s)
19:38:02 [INFO] 🔍 DEBUG MON-USD: entry_time type=<class 'str'>, value=2025-12-02T18:37:58.278466+00:00
19:38:02 [DEBUG] Check MON-USD: Age=4.0s (Limit=60s)
19:38:02 [DEBUG] MAX_OPEN_TRADES (3) reached, waiting...
19:38:03 [DEBUG] Using cached positions (age: 4.4s)
19:38:03 [INFO] 🔍 DEBUG JUP-USD: entry_time type=<class 'str'>, value=2025-12-02T18:37:58.929109+00:00
19:38:03 [DEBUG] Check JUP-USD: Age=4.3s (Limit=60s)
19:38:03 [INFO] 🔍 DEBUG TRUMP-USD: entry_time type=<class 'str'>, value=2025-12-02T18:37:57.947658+00:00
19:38:03 [DEBUG] Check TRUMP-USD: Age=5.3s (Limit=60s)
19:38:03 [INFO] 🔍 DEBUG MON-USD: entry_time type=<class 'str'>, value=2025-12-02T18:37:58.278466+00:00
19:38:03 [DEBUG] Check MON-USD: Age=5.0s (Limit=60s)
19:38:03 [DEBUG] ✅ BCH-USD: X10=$0, Lighter=$2,671, Total=$2,671
19:38:04 [DEBUG] Fetching fresh positions (force=False, cache_age=5.4s)
19:38:04 [DEBUG] Sending GET https://api.starknet.extended.exchange/api/v1/user/positions?
19:38:04 [INFO] Lighter: Found 2 open positions
19:38:04 [INFO] 📊 Positions: X10=3, Lighter=2
19:38:04 [DEBUG] X10 positions: ['TRUMP-USD', 'MON-USD', 'JUP-USD']
19:38:04 [DEBUG] Lighter positions: ['JUP-USD', 'MON-USD']
19:38:04 [INFO] 🔍 DEBUG JUP-USD: entry_time type=<class 'str'>, value=2025-12-02T18:37:58.929109+00:00
19:38:04 [DEBUG] Check JUP-USD: Age=5.8s (Limit=60s)
19:38:04 [INFO] 🔍 DEBUG TRUMP-USD: entry_time type=<class 'str'>, value=2025-12-02T18:37:57.947658+00:00
19:38:04 [DEBUG] Check TRUMP-USD: Age=6.8s (Limit=60s)
19:38:04 [INFO] 🔍 DEBUG MON-USD: entry_time type=<class 'str'>, value=2025-12-02T18:37:58.278466+00:00
19:38:04 [DEBUG] Check MON-USD: Age=6.5s (Limit=60s)
19:38:05 [DEBUG] MAX_OPEN_TRADES (3) reached, waiting...
19:38:05 [DEBUG] Using cached positions (age: 1.5s)
19:38:05 [INFO] 🔍 DEBUG JUP-USD: entry_time type=<class 'str'>, value=2025-12-02T18:37:58.929109+00:00
19:38:05 [DEBUG] Check JUP-USD: Age=6.8s (Limit=60s)
19:38:05 [INFO] 🔍 DEBUG TRUMP-USD: entry_time type=<class 'str'>, value=2025-12-02T18:37:57.947658+00:00
19:38:05 [DEBUG] Check TRUMP-USD: Age=7.8s (Limit=60s)
19:38:05 [INFO] 🔍 DEBUG MON-USD: entry_time type=<class 'str'>, value=2025-12-02T18:37:58.278466+00:00
19:38:05 [DEBUG] Check MON-USD: Age=7.4s (Limit=60s)
19:38:06 [DEBUG] Using cached positions (age: 2.5s)
19:38:06 [INFO] 🔍 DEBUG JUP-USD: entry_time type=<class 'str'>, value=2025-12-02T18:37:58.929109+00:00
19:38:06 [DEBUG] Check JUP-USD: Age=7.8s (Limit=60s)
19:38:06 [INFO] 🔍 DEBUG TRUMP-USD: entry_time type=<class 'str'>, value=2025-12-02T18:37:57.947658+00:00
19:38:06 [DEBUG] Check TRUMP-USD: Age=8.8s (Limit=60s)
19:38:06 [INFO] 🔍 DEBUG MON-USD: entry_time type=<class 'str'>, value=2025-12-02T18:37:58.278466+00:00
19:38:06 [DEBUG] Check MON-USD: Age=8.4s (Limit=60s)
19:38:07 [INFO] [lighter] Resubscribed to 73 channels
19:38:07 [ERROR] [x10] Keepalive error: ConnectionClosedError: received 1011 (internal error) Ping timeout; then sent 1011 (internal error) Ping timeout
19:38:07 [WARNING] [x10] Connection closed: 1011 Ping timeout
19:38:07 [INFO] 🔄 [x10] Reconnecting in 1.0s (attempt 1)
19:38:07 [DEBUG] Using cached positions (age: 3.5s)
19:38:07 [INFO] 🔍 DEBUG JUP-USD: entry_time type=<class 'str'>, value=2025-12-02T18:37:58.929109+00:00
19:38:07 [DEBUG] Check JUP-USD: Age=8.8s (Limit=60s)
19:38:07 [INFO] 🔍 DEBUG TRUMP-USD: entry_time type=<class 'str'>, value=2025-12-02T18:37:57.947658+00:00
19:38:07 [DEBUG] Check TRUMP-USD: Age=9.8s (Limit=60s)
19:38:07 [INFO] 🔍 DEBUG MON-USD: entry_time type=<class 'str'>, value=2025-12-02T18:37:58.278466+00:00
19:38:07 [DEBUG] Check MON-USD: Age=9.4s (Limit=60s)
19:38:08 [DEBUG] MAX_OPEN_TRADES (3) reached, waiting...
19:38:08 [INFO] 🔌 [x10] Connecting with kwargs: {'close_timeout': 5.0, 'max_size': 4194304, 'ping_interval': None, 'ping_timeout': None, 'additional_headers': {'X-Api-Key': 'a1c9207f79f0e57ddc454bf1e16dbe49', 'User-Agent': 'X10PythonTradingClient/0.4.5'}}
19:38:08 [DEBUG] Using cached positions (age: 4.5s)
19:38:08 [INFO] 🔍 DEBUG JUP-USD: entry_time type=<class 'str'>, value=2025-12-02T18:37:58.929109+00:00
19:38:08 [DEBUG] Check JUP-USD: Age=9.8s (Limit=60s)
19:38:08 [INFO] 🔍 DEBUG TRUMP-USD: entry_time type=<class 'str'>, value=2025-12-02T18:37:57.947658+00:00
19:38:08 [DEBUG] Check TRUMP-USD: Age=10.8s (Limit=60s)
19:38:08 [INFO] 🔍 DEBUG MON-USD: entry_time type=<class 'str'>, value=2025-12-02T18:37:58.278466+00:00
19:38:08 [DEBUG] Check MON-USD: Age=10.4s (Limit=60s)
19:38:08 [DEBUG] 💓 [lighter] Alive (uptime=20s, last_msg=0s ago)
19:38:09 [DEBUG] ✅ XRP-USD: X10=$441,086, Lighter=$3,500,365, Total=$3,941,451
19:38:09 [INFO] ✅ [x10] Connected to wss://api.starknet.extended.exchange/stream.extended.exchange/v1/account
19:38:09 [DEBUG] ✅ [x10] WebSocket library will auto-respond to server pings
19:38:09 [INFO] [x10] Resubscribing to 134 channels (paced)...
19:38:09 [DEBUG] 💓 [x10] Heartbeat monitor started (library handles ping/pong)
19:38:09 [INFO] [x10] 🏓 Keepalive started (interval=5.0s)
19:38:09 [DEBUG] [x10] RAW MSG: {"type":"ORDER","data":{"isSnapshot":true,"orders":[]},"ts":1764700681126,"seq":1}
19:38:09 [DEBUG] [x10] RAW MSG: {"type":"BALANCE","data":{"isSnapshot":true,"balance":{"collateralName":"USD","balance":"301.831197"
19:38:09 [DEBUG] [x10] RAW MSG: {"type":"POSITION","data":{"isSnapshot":true,"positions":[{"id":1995925387665735680,"accountId":1270
19:38:09 [DEBUG] Fetching fresh positions (force=False, cache_age=5.5s)
19:38:09 [DEBUG] Sending GET https://api.starknet.extended.exchange/api/v1/user/positions?
19:38:10 [INFO] Lighter: Found 2 open positions
19:38:10 [INFO] 📊 Positions: X10=3, Lighter=2
19:38:10 [DEBUG] X10 positions: ['TRUMP-USD', 'MON-USD', 'JUP-USD']
19:38:10 [DEBUG] Lighter positions: ['JUP-USD', 'MON-USD']
19:38:10 [INFO] 🔍 DEBUG JUP-USD: entry_time type=<class 'str'>, value=2025-12-02T18:37:58.929109+00:00
19:38:10 [DEBUG] Check JUP-USD: Age=11.3s (Limit=60s)
19:38:10 [INFO] 🔍 DEBUG TRUMP-USD: entry_time type=<class 'str'>, value=2025-12-02T18:37:57.947658+00:00
19:38:10 [DEBUG] Check TRUMP-USD: Age=12.2s (Limit=60s)
19:38:10 [INFO] 🔍 DEBUG MON-USD: entry_time type=<class 'str'>, value=2025-12-02T18:37:58.278466+00:00
19:38:10 [DEBUG] Check MON-USD: Age=11.9s (Limit=60s)
19:38:11 [DEBUG] Using cached positions (age: 1.5s)
19:38:11 [INFO] 🔍 DEBUG JUP-USD: entry_time type=<class 'str'>, value=2025-12-02T18:37:58.929109+00:00
19:38:11 [DEBUG] Check JUP-USD: Age=12.3s (Limit=60s)
19:38:11 [INFO] 🔍 DEBUG TRUMP-USD: entry_time type=<class 'str'>, value=2025-12-02T18:37:57.947658+00:00
19:38:11 [DEBUG] Check TRUMP-USD: Age=13.2s (Limit=60s)
19:38:11 [INFO] 🔍 DEBUG MON-USD: entry_time type=<class 'str'>, value=2025-12-02T18:37:58.278466+00:00
19:38:11 [DEBUG] Check MON-USD: Age=12.9s (Limit=60s)
19:38:11 [DEBUG] MAX_OPEN_TRADES (3) reached, waiting...
19:38:12 [DEBUG] Using cached positions (age: 2.5s)
19:38:12 [INFO] 🔍 DEBUG JUP-USD: entry_time type=<class 'str'>, value=2025-12-02T18:37:58.929109+00:00
19:38:12 [DEBUG] Check JUP-USD: Age=13.3s (Limit=60s)
19:38:12 [INFO] 🔍 DEBUG TRUMP-USD: entry_time type=<class 'str'>, value=2025-12-02T18:37:57.947658+00:00
19:38:12 [DEBUG] Check TRUMP-USD: Age=14.2s (Limit=60s)
19:38:12 [INFO] 🔍 DEBUG MON-USD: entry_time type=<class 'str'>, value=2025-12-02T18:37:58.278466+00:00
19:38:12 [DEBUG] Check MON-USD: Age=13.9s (Limit=60s)
19:38:12 [DEBUG] ✅ MNT-USD: X10=$74,176, Lighter=$3,123,906, Total=$3,198,082
19:38:13 [DEBUG] Using cached positions (age: 3.5s)
19:38:13 [INFO] 🔍 DEBUG JUP-USD: entry_time type=<class 'str'>, value=2025-12-02T18:37:58.929109+00:00
19:38:13 [DEBUG] Check JUP-USD: Age=14.3s (Limit=60s)
19:38:13 [INFO] 🔍 DEBUG TRUMP-USD: entry_time type=<class 'str'>, value=2025-12-02T18:37:57.947658+00:00
19:38:13 [DEBUG] Check TRUMP-USD: Age=15.2s (Limit=60s)
19:38:13 [INFO] 🔍 DEBUG MON-USD: entry_time type=<class 'str'>, value=2025-12-02T18:37:58.278466+00:00
19:38:13 [DEBUG] Check MON-USD: Age=14.9s (Limit=60s)
19:38:14 [DEBUG] Using cached positions (age: 4.5s)
19:38:14 [INFO] 🔍 DEBUG JUP-USD: entry_time type=<class 'str'>, value=2025-12-02T18:37:58.929109+00:00
19:38:14 [DEBUG] Check JUP-USD: Age=15.3s (Limit=60s)
19:38:14 [INFO] 🚜 [FARM] Profit Take JUP-USD: Age=15s, Spread=0.035% (sehr niedrig), PnL=$-0.00
19:38:14 [INFO]  💸 EXIT JUP-USD: FARM_QUICK_PROFIT | PnL $-0.00 (Fees: $0.00)
19:38:14 [INFO]  🔻 CLOSING JUP-USD (Atomic Smart Close)...
19:38:14 [DEBUG] MAX_OPEN_TRADES (3) reached, waiting...
19:38:14 [INFO] Lighter: Found 2 open positions
19:38:14 [INFO] 🔍 DEBUG close_live_position ENTRY: symbol=JUP-USD (type=<class 'str'>)
19:38:14 [INFO] 🔍 DEBUG: original_side=BUY (type=<class 'str'>)
19:38:14 [INFO] 🔍 DEBUG: notional_usd=29.5368 (type=<class 'float'>)
19:38:15 [INFO] Lighter: Found 2 open positions
19:38:15 [INFO] 🔻 LIGHTER CLOSE JUP-USD: size=-120.000000 coins, side=BUY, price=$0.2461, notional=$29.54
19:38:15 [INFO] 🚀 LIGHTER OPEN JUP-USD: side=BUY, size_usd=$29.54, price=$0.246140
19:38:15 [DEBUG] 🔍 DEBUG: JUP-USD market_id = 26 (raw=26, type=<class 'int'>)
19:38:15 [DEBUG] QUANTIZE JUP-USD: USD=29.54, coins=120.000000, raw=1200, lot_size=150, final=1200
19:38:15 [DEBUG] Create Order Tx Info: {"AccountIndex":60113,"ApiKeyIndex":3,"MarketIndex":26,"ClientOrderIndex":1764700767733,"BaseAmount":1200,"Price":24762,"IsAsk":0,"Type":0,"TimeInForce":1,"ReduceOnly":1,"TriggerPrice":0,"OrderExpiry":1767119895112,"ExpiredAt":1764701294112,"Nonce":2135,"Sig":"nW3OeP2SB9sor29u0ZI46GodBPXBKv76NKihlm7U6j8mbfnH6fqJZSxylG696CGeqVek1PEr4BUAyBOBNJxgyCjreJTqhls70jHm2Qoi5TQ="}
19:38:15 [DEBUG] Create Order Send Tx Response: code=200 message='{"ratelimit": "didn\'t use volume quota"}' tx_hash='bbe079887c8c6103facf5ab37b2ea3485758c0109fded960138a59d3a874c7fcd047e0210f5f8b32' predicted_execution_time_ms=1764700687098 additional_properties={}
19:38:15 [INFO] Lighter Order: bbe079887c8c6103facf5ab37b2ea3485758c0109fded960138a59d3a874c7fcd047e0210f5f8b32
19:38:15 [INFO] ✅ Lighter close JUP-USD: Erfolgreich ($29.54)
19:38:15 [INFO] ✅ Lighter JUP-USD OK, closing X10...
19:38:16 [DEBUG] ✅ PENGU-USD: X10=$245,806, Lighter=$84,932,027, Total=$85,177,833
19:38:17 [DEBUG] MAX_OPEN_TRADES (3) reached, waiting...
19:38:18 [DEBUG] Sending GET https://api.starknet.extended.exchange/api/v1/user/positions?
19:38:18 [INFO] 🔻 Closing X10 JUP-USD: size=121.000000 coins, side=BUY
19:38:18 [DEBUG] Sending GET https://api.starknet.extended.exchange/api/v1/user/positions?
19:38:18 [INFO] 🔻 X10 CLOSE JUP-USD: size=121.000000, side=SELL
19:38:18 [DEBUG] Placing an order: id=1718942446733537106125807845163146878583790689576220161934187666112084270935
19:38:18 [DEBUG] Sending POST https://api.starknet.extended.exchange/api/v1/user/order, headers={<RequestHeader.ACCEPT: 'Accept'>: 'application/json', <RequestHeader.CONTENT_TYPE: 'Content-Type'>: 'application/json', <RequestHeader.USER_AGENT: 'User-Agent'>: 'X10PythonTradingClient/0.0.17', <RequestHeader.API_KEY: 'X-Api-Key'>: 'a1c9207f79f0e57ddc454bf1e16dbe49'}
19:38:18 [DEBUG] 💓 [lighter] Alive (uptime=30s, last_msg=0s ago)
19:38:19 [DEBUG] 💓 [x10] Alive (uptime=10s, last_msg=10s ago)
19:38:19 [WARNING] [x10] 🏓 Keepalive pong timeout! (failures=1/3)
19:38:19 [INFO]  X10 Order: 1995925479035678720
19:38:20 [DEBUG] [x10] RAW MSG: {"type":"ORDER","data":{"isSnapshot":false,"orders":[{"id":1995925479035678720,"accountId":127074,"e
19:38:20 [DEBUG] [x10] RAW MSG: {"type":"BALANCE","data":{"isSnapshot":false,"balance":{"collateralName":"USD","balance":"301.831197
19:38:20 [DEBUG] [x10] RAW MSG: {"type":"TRADE","data":{"isSnapshot":false,"trades":[{"id":1995925479873318913,"accountId":127074,"m
19:38:20 [DEBUG] [x10] RAW MSG: {"type":"POSITION","data":{"isSnapshot":false,"positions":[{"id":1995925391767764992,"accountId":127
19:38:20 [DEBUG] [x10] RAW MSG: {"type":"BALANCE","data":{"isSnapshot":false,"balance":{"collateralName":"USD","balance":"301.812392
19:38:20 [DEBUG] MAX_OPEN_TRADES (3) reached, waiting...
19:38:20 [DEBUG] ✅ LINEA-USD: X10=$115,431, Lighter=$86,973,700, Total=$87,089,131
19:38:21 [DEBUG] Sending GET https://api.starknet.extended.exchange/api/v1/user/positions?
19:38:22 [INFO] ✅ X10 JUP-USD closed (121.000000 coins)
19:38:22 [INFO] ✅ JUP-USD fully closed
19:38:22 [INFO] ✅ Trade JUP-USD closed (PnL: $0.00)
19:38:22 [INFO] ✅ Trade JUP-USD closed (PnL: $0.00)
19:38:22 [DEBUG] 📝 Flushed 1 writes
19:38:22 [DEBUG] 📝 Flushed 1 writes in 0.0ms
19:38:22 [INFO]  💰 PnL JUP-USD: $-0.00 (FARM_QUICK_PROFIT)
19:38:22 [ERROR] Kelly Sizer record_trade error for JUP-USD: Format specifier missing precision
19:38:22 [INFO] 🔍 DEBUG TRUMP-USD: entry_time type=<class 'str'>, value=2025-12-02T18:37:57.947658+00:00
19:38:22 [DEBUG] Check TRUMP-USD: Age=24.3s (Limit=60s)
19:38:22 [INFO] 🚜 [FARM] Profit Take TRUMP-USD: Age=24s, Spread=0.029% (sehr niedrig), PnL=$0.00
19:38:22 [INFO]  💸 EXIT TRUMP-USD: FARM_QUICK_PROFIT | PnL $0.00 (Fees: $0.00)
19:38:22 [INFO]  🔻 CLOSING TRUMP-USD (Atomic Smart Close)...
19:38:22 [INFO] Lighter: Found 1 open positions
19:38:22 [INFO] ✅ Lighter TRUMP-USD: No position to close
19:38:22 [INFO] ✅ Lighter TRUMP-USD OK, closing X10...
19:38:22 [DEBUG] 🐕 Watchdog OK: Daten-Alter 2.5s
19:38:23 [INFO] 🔍 🚜 FARM Scanning 67 pairs. Open symbols to skip: {'TRUMP-USD', 'MON-USD'}
19:38:23 [DEBUG] Price cache status: X10=67/67, Lighter=66/67
19:38:23 [INFO] 🔍 Scanning 67 pairs. Lighter markets: 115, X10 markets: 91
19:38:23 [DEBUG] MKR-USD: Missing prices (X=1663.9, L=None)
19:38:23 [INFO] ✅ Found 0 opportunities with predictions (farm_mode=True)
19:38:23 [INFO] ⚠️ Keine Prediction-Opportunities, nutze Fallback mit echten Funding Rates...
19:38:23 [DEBUG] 🔄 Skip TRUMP-USD: Already open (in open_syms)
19:38:23 [INFO]  VOL REGIME: WLD-USD UNKNOWN -> LOW (24h Range: 0.00%)
19:38:23 [INFO]  VOL REGIME: CRV-USD UNKNOWN -> LOW (24h Range: 0.00%)
19:38:23 [INFO]  VOL REGIME: XRP-USD UNKNOWN -> LOW (24h Range: 0.00%)
19:38:23 [INFO]  VOL REGIME: MNT-USD UNKNOWN -> LOW (24h Range: 0.00%)
19:38:23 [INFO]  VOL REGIME: PENGU-USD UNKNOWN -> LOW (24h Range: 0.00%)
19:38:23 [INFO]  VOL REGIME: LINEA-USD UNKNOWN -> LOW (24h Range: 0.00%)
19:38:23 [DEBUG] ⛔ Skip XAG-USD: TradFi/FX
19:38:23 [INFO]  VOL REGIME: IP-USD UNKNOWN -> LOW (24h Range: 0.00%)
19:38:23 [DEBUG] ⛔ Skip XAU-USD: TradFi/FX
19:38:23 [INFO]  VOL REGIME: XPL-USD UNKNOWN -> LOW (24h Range: 0.00%)
19:38:23 [INFO]  VOL REGIME: AVAX-USD UNKNOWN -> LOW (24h Range: 0.00%)
19:38:23 [INFO]  VOL REGIME: UNI-USD UNKNOWN -> LOW (24h Range: 0.00%)
19:38:23 [INFO]  VOL REGIME: ENA-USD UNKNOWN -> LOW (24h Range: 0.00%)
19:38:23 [INFO]  VOL REGIME: SEI-USD UNKNOWN -> LOW (24h Range: 0.00%)
19:38:23 [INFO]  VOL REGIME: STRK-USD UNKNOWN -> LOW (24h Range: 0.00%)
19:38:23 [INFO]  VOL REGIME: EIGEN-USD UNKNOWN -> LOW (24h Range: 0.00%)
19:38:23 [INFO]  VOL REGIME: DOGE-USD UNKNOWN -> LOW (24h Range: 0.00%)
19:38:23 [INFO]  VOL REGIME: TON-USD UNKNOWN -> LOW (24h Range: 0.00%)
19:38:23 [INFO]  VOL REGIME: ARB-USD UNKNOWN -> LOW (24h Range: 0.00%)
19:38:23 [INFO]  VOL REGIME: S-USD UNKNOWN -> LOW (24h Range: 0.00%)
19:38:23 [INFO]  VOL REGIME: 1000BONK-USD UNKNOWN -> LOW (24h Range: 0.00%)
19:38:23 [INFO]  VOL REGIME: TRX-USD UNKNOWN -> LOW (24h Range: 0.00%)
19:38:23 [INFO]  VOL REGIME: LTC-USD UNKNOWN -> LOW (24h Range: 0.00%)
19:38:23 [INFO]  VOL REGIME: ZRO-USD UNKNOWN -> LOW (24h Range: 0.00%)
19:38:23 [INFO]  VOL REGIME: NEAR-USD UNKNOWN -> LOW (24h Range: 0.00%)
19:38:23 [INFO]  VOL REGIME: VIRTUAL-USD UNKNOWN -> LOW (24h Range: 0.00%)
19:38:23 [INFO]  VOL REGIME: PUMP-USD UNKNOWN -> LOW (24h Range: 0.00%)
19:38:23 [INFO]  VOL REGIME: TAO-USD UNKNOWN -> LOW (24h Range: 0.00%)
19:38:23 [INFO]  VOL REGIME: ONDO-USD UNKNOWN -> LOW (24h Range: 0.00%)
19:38:23 [INFO]  VOL REGIME: ZEC-USD UNKNOWN -> LOW (24h Range: 0.00%)
19:38:23 [INFO]  VOL REGIME: HYPE-USD UNKNOWN -> LOW (24h Range: 0.00%)
19:38:23 [INFO]  VOL REGIME: JUP-USD UNKNOWN -> LOW (24h Range: 0.00%)
19:38:23 [INFO]  VOL REGIME: SOL-USD UNKNOWN -> LOW (24h Range: 0.00%)
19:38:23 [INFO]  VOL REGIME: GRASS-USD UNKNOWN -> LOW (24h Range: 0.00%)
19:38:23 [INFO]  VOL REGIME: KAITO-USD UNKNOWN -> LOW (24h Range: 0.00%)
19:38:23 [INFO]  VOL REGIME: 1000PEPE-USD UNKNOWN -> LOW (24h Range: 0.00%)
19:38:23 [INFO]  VOL REGIME: ZORA-USD UNKNOWN -> LOW (24h Range: 0.00%)
19:38:23 [INFO]  VOL REGIME: PENDLE-USD UNKNOWN -> LOW (24h Range: 0.00%)
19:38:23 [INFO]  VOL REGIME: SUI-USD UNKNOWN -> LOW (24h Range: 0.00%)
19:38:23 [INFO]  VOL REGIME: 1000SHIB-USD UNKNOWN -> LOW (24h Range: 0.00%)
19:38:23 [INFO]  VOL REGIME: WIF-USD UNKNOWN -> LOW (24h Range: 0.00%)
19:38:23 [INFO]  VOL REGIME: EDEN-USD UNKNOWN -> LOW (24h Range: 0.00%)
19:38:23 [INFO]  VOL REGIME: WLFI-USD UNKNOWN -> LOW (24h Range: 0.00%)
19:38:23 [INFO]  VOL REGIME: AAVE-USD UNKNOWN -> LOW (24h Range: 0.00%)
19:38:23 [INFO]  VOL REGIME: APT-USD UNKNOWN -> LOW (24h Range: 0.00%)
19:38:23 [INFO]  VOL REGIME: ADA-USD UNKNOWN -> LOW (24h Range: 0.00%)
19:38:23 [DEBUG] 🔄 Skip MON-USD: Already open (in open_syms)
19:38:23 [INFO]  VOL REGIME: APEX-USD UNKNOWN -> LOW (24h Range: 0.00%)
19:38:23 [INFO] 🔍 DEBUG APEX-USD: rl=0.00001200, rx=-0.00005000, net=0.00006200, apy=54.3%
19:38:23 [INFO] 💎 APEX-USD | APY: 54.3%
19:38:23 [DEBUG] ⛔ Skip SPX-USD: TradFi/FX
19:38:23 [INFO]  VOL REGIME: LDO-USD UNKNOWN -> LOW (24h Range: 0.00%)
19:38:23 [INFO]  VOL REGIME: BNB-USD UNKNOWN -> LOW (24h Range: 0.00%)
19:38:23 [INFO]  VOL REGIME: RESOLV-USD UNKNOWN -> LOW (24h Range: 0.00%)
19:38:23 [INFO]  VOL REGIME: BERA-USD UNKNOWN -> LOW (24h Range: 0.00%)
19:38:23 [INFO]  VOL REGIME: POPCAT-USD UNKNOWN -> LOW (24h Range: 0.00%)
19:38:23 [INFO]  VOL REGIME: AVNT-USD UNKNOWN -> LOW (24h Range: 0.00%)
19:38:23 [INFO]  VOL REGIME: TIA-USD UNKNOWN -> LOW (24h Range: 0.00%)
19:38:23 [INFO]  VOL REGIME: FARTCOIN-USD UNKNOWN -> LOW (24h Range: 0.00%)
19:38:23 [INFO]  VOL REGIME: ASTER-USD UNKNOWN -> LOW (24h Range: 0.00%)
19:38:23 [INFO]  VOL REGIME: BTC-USD UNKNOWN -> LOW (24h Range: 0.00%)
19:38:23 [INFO]  VOL REGIME: LINK-USD UNKNOWN -> LOW (24h Range: 0.00%)
19:38:23 [INFO]  VOL REGIME: OP-USD UNKNOWN -> LOW (24h Range: 0.00%)
19:38:23 [INFO] ✅ Found 34 opportunities from 61 valid pairs (farm_mode=True, scanned=67)
19:38:23 [INFO] 🎯 Found 3 opportunities, executing best...
19:38:23 [DEBUG] Sending GET https://api.starknet.extended.exchange/api/v1/user/balance
19:38:23 [DEBUG] ✅ XAG-USD: X10=$0, Lighter=$60,875, Total=$60,875
19:38:24 [DEBUG] 📝 Flushed 1 writes
19:38:24 [DEBUG] 📝 Flushed 1 writes in 0.0ms
19:38:24 [DEBUG] Lighter Balance: Raw=$295.28, Safe=$280.52
19:38:24 [INFO] X10: Detected balance = $301.80
19:38:24 [INFO] 🚀 Launching 1 trades (Slots available: 1)
19:38:24 [DEBUG] Sending GET https://api.starknet.extended.exchange/api/v1/user/positions?
19:38:25 [INFO] Lighter: Found 1 open positions
19:38:25 [INFO] 💰 Balance: X10=$301.8 (free=$289.2), Lit=$280.5 (free=$267.9) | DB_Trades=2, Real_Positions=2, Locked=$10/ex
19:38:25 [INFO] 🚀 Launching trade for APEX-USD (APY=54.3%)
19:38:25 [DEBUG] Sending GET https://api.starknet.extended.exchange/api/v1/user/positions?
19:38:25 [DEBUG] Sending GET https://api.starknet.extended.exchange/api/v1/user/positions?
19:38:25 [INFO] 🔻 Closing X10 TRUMP-USD: size=4.000000 coins, side=BUY
19:38:25 [DEBUG] Sending GET https://api.starknet.extended.exchange/api/v1/user/positions?
19:38:26 [INFO] ✅ Launched 1 trade tasks this cycle
19:38:26 [INFO] 🔻 X10 CLOSE TRUMP-USD: size=4.000000, side=SELL
19:38:26 [DEBUG] Placing an order: id=3283473871940071484490572139340654458581508517317910329642419507099913062718
19:38:26 [DEBUG] Sending POST https://api.starknet.extended.exchange/api/v1/user/order, headers={<RequestHeader.ACCEPT: 'Accept'>: 'application/json', <RequestHeader.CONTENT_TYPE: 'Content-Type'>: 'application/json', <RequestHeader.USER_AGENT: 'User-Agent'>: 'X10PythonTradingClient/0.0.17', <RequestHeader.API_KEY: 'X-Api-Key'>: 'a1c9207f79f0e57ddc454bf1e16dbe49'}
19:38:26 [INFO] Lighter: Found 1 open positions
19:38:26 [DEBUG] ✅ APEX-USD verified: No existing positions on exchanges
19:38:26 [DEBUG] MIN_NOTIONAL APEX-USD: min_base=5.00000000 coins, price=$0.5868, min_qty_usd=$2.93, min_notional_api=$10.00, final=$11.00
19:38:26 [DEBUG] Sending GET https://api.starknet.extended.exchange/api/v1/user/balance
19:38:26 [INFO]  X10 Order: 1995925506402746368
19:38:26 [INFO] 🎰 KELLY APEX-USD: win_rate=0.0%, kelly_fraction=0.0000, safe_fraction=0.0200, confidence=LOW, samples=1
19:38:26 [INFO] 📊 KELLY SIZE APEX-USD: base=$30.0, kelly_recommended=$5.6, final=$30.0
19:38:26 [INFO] 🚀 Opening APEX-USD: Size=$30.0 (Min=$11.0)
19:38:26 [INFO] 🔄 [PARALLEL] APEX-USD: Lighter POST-ONLY first
19:38:26 [INFO] 🚀 LIGHTER OPEN APEX-USD: side=SELL, size_usd=$30.00, price=$0.586790
19:38:26 [DEBUG] 🔍 DEBUG: APEX-USD market_id = 86 (raw=86, type=<class 'int'>)
19:38:26 [DEBUG] QUANTIZE APEX-USD: USD=30.00, coins=51.125616, raw=511, lot_size=50, final=500
19:38:26 [INFO] 🔄 [PARALLEL] APEX-USD: X10 MARKET order
19:38:26 [DEBUG] Create Order Tx Info: {"AccountIndex":60113,"ApiKeyIndex":3,"MarketIndex":86,"ClientOrderIndex":1764700783870,"BaseAmount":500,"Price":58326,"IsAsk":1,"Type":0,"TimeInForce":1,"ReduceOnly":0,"TriggerPrice":0,"OrderExpiry":1767119906520,"ExpiredAt":1764701305520,"Nonce":2136,"Sig":"U1mpYeGMu5UI8wcg//P0BFCWy+gGIewh+zpXsVXjZdFq1h2k8lAJJa3r8neonXAmGwMlTOqx0TAqUnFlr9ys+rEqxzv0iVNzddLeTZDsmDE="}
19:38:26 [DEBUG] Placing an order: id=3026980169786043674679565360809484552766833781623031936604860002692988635967
19:38:26 [DEBUG] Sending POST https://api.starknet.extended.exchange/api/v1/user/order, headers={<RequestHeader.ACCEPT: 'Accept'>: 'application/json', <RequestHeader.CONTENT_TYPE: 'Content-Type'>: 'application/json', <RequestHeader.USER_AGENT: 'User-Agent'>: 'X10PythonTradingClient/0.0.17', <RequestHeader.API_KEY: 'X-Api-Key'>: 'a1c9207f79f0e57ddc454bf1e16dbe49'}
19:38:26 [DEBUG] [x10] RAW MSG: {"type":"ORDER","data":{"isSnapshot":false,"orders":[{"id":1995925506402746368,"accountId":127074,"e
19:38:26 [DEBUG] [x10] RAW MSG: {"type":"BALANCE","data":{"isSnapshot":false,"balance":{"collateralName":"USD","balance":"301.812392
19:38:26 [DEBUG] [x10] RAW MSG: {"type":"TRADE","data":{"isSnapshot":false,"trades":[{"id":1995925507236958208,"accountId":127074,"m
19:38:26 [DEBUG] [x10] RAW MSG: {"type":"POSITION","data":{"isSnapshot":false,"positions":[{"id":1995925387665735680,"accountId":127
19:38:26 [DEBUG] [x10] RAW MSG: {"type":"BALANCE","data":{"isSnapshot":false,"balance":{"collateralName":"USD","balance":"301.802951
19:38:26 [DEBUG] Create Order Send Tx Response: code=200 message='{"ratelimit": "didn\'t use volume quota"}' tx_hash='d379f28a040f0b204e45f99a28fdee0386c3932aee8b31d6ea812f39c159752dfc60e413ccdab071' predicted_execution_time_ms=1764700698503 additional_properties={}
19:38:26 [INFO] Lighter Order: d379f28a040f0b204e45f99a28fdee0386c3932aee8b31d6ea812f39c159752dfc60e413ccdab071
19:38:26 [INFO]  X10 Order: 1995925507838001152
19:38:26 [INFO] ✅ [PARALLEL] APEX-USD: Both legs filled in 296ms
19:38:26 [DEBUG] 📝 Trade added to state: APEX-USD
19:38:26 [DEBUG] 📝 Flushed 1 writes
19:38:26 [DEBUG] 📝 Flushed 1 writes in 0.0ms
19:38:27 [ERROR] [x10] Keepalive error: ConnectionClosedError: received 1011 (internal error) Ping timeout; then sent 1011 (internal error) Ping timeout
19:38:27 [WARNING] [x10] Connection closed: 1011 Ping timeout
19:38:27 [ERROR] [x10] Resubscription error for publicTrades/XPL/USD: received 1011 (internal error) Ping timeout; then sent 1011 (internal error) Ping timeout
19:38:27 [ERROR] [x10] Resubscription error for publicTrades/TIA/USD: received 1011 (internal error) Ping timeout; then sent 1011 (internal error) Ping timeout
19:38:27 [ERROR] [x10] Resubscription error for funding/TIA/USD: received 1011 (internal error) Ping timeout; then sent 1011 (internal error) Ping timeout
19:38:27 [ERROR] [x10] Resubscription error for funding/TON/USD: received 1011 (internal error) Ping timeout; then sent 1011 (internal error) Ping timeout
19:38:27 [ERROR] [x10] Resubscription error for publicTrades/MON/USD: received 1011 (internal error) Ping timeout; then sent 1011 (internal error) Ping timeout
19:38:27 [ERROR] [x10] Resubscription error for funding/BERA/USD: received 1011 (internal error) Ping timeout; then sent 1011 (internal error) Ping timeout
19:38:27 [ERROR] [x10] Resubscription error for publicTrades/JUP/USD: received 1011 (internal error) Ping timeout; then sent 1011 (internal error) Ping timeout
19:38:27 [ERROR] [x10] Resubscription error for publicTrades/PENDLE/USD: received 1011 (internal error) Ping timeout; then sent 1011 (internal error) Ping timeout
19:38:27 [ERROR] [x10] Resubscription error for funding/CRV/USD: received 1011 (internal error) Ping timeout; then sent 1011 (internal error) Ping timeout
19:38:27 [ERROR] [x10] Resubscription error for funding/TRX/USD: received 1011 (internal error) Ping timeout; then sent 1011 (internal error) Ping timeout
19:38:27 [ERROR] [x10] Resubscription error for funding/KAITO/USD: received 1011 (internal error) Ping timeout; then sent 1011 (internal error) Ping timeout
19:38:27 [ERROR] [x10] Resubscription error for publicTrades/TRX/USD: received 1011 (internal error) Ping timeout; then sent 1011 (internal error) Ping timeout
19:38:27 [ERROR] [x10] Resubscription error for funding/AVNT/USD: received 1011 (internal error) Ping timeout; then sent 1011 (internal error) Ping timeout
19:38:27 [ERROR] [x10] Resubscription error for publicTrades/S/USD: received 1011 (internal error) Ping timeout; then sent 1011 (internal error) Ping timeout
19:38:27 [ERROR] [x10] Resubscription error for publicTrades/POPCAT/USD: received 1011 (internal error) Ping timeout; then sent 1011 (internal error) Ping timeout
19:38:27 [ERROR] [x10] Resubscription error for funding/S/USD: received 1011 (internal error) Ping timeout; then sent 1011 (internal error) Ping timeout
19:38:27 [ERROR] [x10] Resubscription error for publicTrades/ARB/USD: received 1011 (internal error) Ping timeout; then sent 1011 (internal error) Ping timeout
19:38:27 [ERROR] [x10] Resubscription error for funding/LINEA/USD: received 1011 (internal error) Ping timeout; then sent 1011 (internal error) Ping timeout
19:38:27 [ERROR] [x10] Resubscription error for funding/EIGEN/USD: received 1011 (internal error) Ping timeout; then sent 1011 (internal error) Ping timeout
19:38:27 [ERROR] [x10] Resubscription error for funding/MNT/USD: received 1011 (internal error) Ping timeout; then sent 1011 (internal error) Ping timeout
19:38:27 [ERROR] [x10] Resubscription error for funding/FARTCOIN/USD: received 1011 (internal error) Ping timeout; then sent 1011 (internal error) Ping timeout
19:38:27 [ERROR] [x10] Resubscription error for publicTrades/SUI/USD: received 1011 (internal error) Ping timeout; then sent 1011 (internal error) Ping timeout
19:38:27 [ERROR] [x10] Resubscription error for funding/WLFI/USD: received 1011 (internal error) Ping timeout; then sent 1011 (internal error) Ping timeout
19:38:27 [ERROR] [x10] Resubscription error for publicTrades/MKR/USD: received 1011 (internal error) Ping timeout; then sent 1011 (internal error) Ping timeout
19:38:27 [ERROR] [x10] Resubscription error for publicTrades/OP/USD: received 1011 (internal error) Ping timeout; then sent 1011 (internal error) Ping timeout
19:38:27 [ERROR] [x10] Resubscription error for funding/LDO/USD: received 1011 (internal error) Ping timeout; then sent 1011 (internal error) Ping timeout
19:38:27 [ERROR] [x10] Resubscription error for publicTrades/FIL/USD: received 1011 (internal error) Ping timeout; then sent 1011 (internal error) Ping timeout
19:38:27 [ERROR] [x10] Resubscription error for funding/DOGE/USD: received 1011 (internal error) Ping timeout; then sent 1011 (internal error) Ping timeout
19:38:27 [ERROR] [x10] Resubscription error for publicTrades/SPX/USD: received 1011 (internal error) Ping timeout; then sent 1011 (internal error) Ping timeout
19:38:27 [ERROR] [x10] Resubscription error for funding/1000BONK/USD: received 1011 (internal error) Ping timeout; then sent 1011 (internal error) Ping timeout
19:38:27 [ERROR] [x10] Resubscription error for publicTrades/BCH/USD: received 1011 (internal error) Ping timeout; then sent 1011 (internal error) Ping timeout
19:38:27 [ERROR] [x10] Resubscription error for publicTrades/AVAX/USD: received 1011 (internal error) Ping timeout; then sent 1011 (internal error) Ping timeout
19:38:27 [ERROR] [x10] Resubscription error for publicTrades/XAG/USD: received 1011 (internal error) Ping timeout; then sent 1011 (internal error) Ping timeout
19:38:27 [ERROR] [x10] Resubscription error for funding/AAVE/USD: received 1011 (internal error) Ping timeout; then sent 1011 (internal error) Ping timeout
19:38:27 [ERROR] [x10] Resubscription error for funding/ASTER/USD: received 1011 (internal error) Ping timeout; then sent 1011 (internal error) Ping timeout
19:38:27 [ERROR] [x10] Resubscription error for publicTrades/WLFI/USD: received 1011 (internal error) Ping timeout; then sent 1011 (internal error) Ping timeout
19:38:27 [ERROR] [x10] Resubscription error for funding/BNB/USD: received 1011 (internal error) Ping timeout; then sent 1011 (internal error) Ping timeout
19:38:27 [ERROR] [x10] Resubscription error for funding/WLD/USD: received 1011 (internal error) Ping timeout; then sent 1011 (internal error) Ping timeout
19:38:27 [ERROR] [x10] Resubscription error for publicTrades/NEAR/USD: received 1011 (internal error) Ping timeout; then sent 1011 (internal error) Ping timeout
19:38:27 [ERROR] [x10] Resubscription error for publicTrades/CRV/USD: received 1011 (internal error) Ping timeout; then sent 1011 (internal error) Ping timeout
19:38:27 [ERROR] [x10] Resubscription error for publicTrades/IP/USD: received 1011 (internal error) Ping timeout; then sent 1011 (internal error) Ping timeout
19:38:27 [ERROR] [x10] Resubscription error for funding/ZEC/USD: received 1011 (internal error) Ping timeout; then sent 1011 (internal error) Ping timeout
19:38:27 [ERROR] [x10] Resubscription error for publicTrades/LINK/USD: received 1011 (internal error) Ping timeout; then sent 1011 (internal error) Ping timeout
19:38:27 [ERROR] [x10] Resubscription error for funding/POPCAT/USD: received 1011 (internal error) Ping timeout; then sent 1011 (internal error) Ping timeout
19:38:27 [ERROR] [x10] Resubscription error for funding/LTC/USD: received 1011 (internal error) Ping timeout; then sent 1011 (internal error) Ping timeout
19:38:27 [ERROR] [x10] Resubscription error for publicTrades/TON/USD: received 1011 (internal error) Ping timeout; then sent 1011 (internal error) Ping timeout
19:38:27 [ERROR] [x10] Resubscription error for funding/MKR/USD: received 1011 (internal error) Ping timeout; then sent 1011 (internal error) Ping timeout
19:38:27 [ERROR] [x10] Resubscription error for funding/HYPE/USD: received 1011 (internal error) Ping timeout; then sent 1011 (internal error) Ping timeout
19:38:27 [ERROR] [x10] Resubscription error for publicTrades/WIF/USD: received 1011 (internal error) Ping timeout; then sent 1011 (internal error) Ping timeout
19:38:27 [ERROR] [x10] Resubscription error for publicTrades/APEX/USD: received 1011 (internal error) Ping timeout; then sent 1011 (internal error) Ping timeout
19:38:27 [ERROR] [x10] Resubscription error for publicTrades/USDJPY/USD: received 1011 (internal error) Ping timeout; then sent 1011 (internal error) Ping timeout
19:38:27 [ERROR] [x10] Resubscription error for publicTrades/1000BONK/USD: received 1011 (internal error) Ping timeout; then sent 1011 (internal error) Ping timeout
19:38:27 [ERROR] [x10] Resubscription error for publicTrades/LTC/USD: received 1011 (internal error) Ping timeout; then sent 1011 (internal error) Ping timeout
19:38:27 [ERROR] [x10] Resubscription error for funding/ZORA/USD: received 1011 (internal error) Ping timeout; then sent 1011 (internal error) Ping timeout
19:38:27 [ERROR] [x10] Resubscription error for publicTrades/ZRO/USD: received 1011 (internal error) Ping timeout; then sent 1011 (internal error) Ping timeout
19:38:27 [ERROR] [x10] Resubscription error for funding/AVAX/USD: received 1011 (internal error) Ping timeout; then sent 1011 (internal error) Ping timeout
19:38:27 [ERROR] [x10] Resubscription error for publicTrades/FARTCOIN/USD: received 1011 (internal error) Ping timeout; then sent 1011 (internal error) Ping timeout
19:38:27 [ERROR] [x10] Resubscription error for funding/SOL/USD: received 1011 (internal error) Ping timeout; then sent 1011 (internal error) Ping timeout
19:38:27 [ERROR] [x10] Resubscription error for publicTrades/KAITO/USD: received 1011 (internal error) Ping timeout; then sent 1011 (internal error) Ping timeout
19:38:27 [ERROR] [x10] Resubscription error for funding/ARB/USD: received 1011 (internal error) Ping timeout; then sent 1011 (internal error) Ping timeout
19:38:27 [ERROR] [x10] Resubscription error for publicTrades/SEI/USD: received 1011 (internal error) Ping timeout; then sent 1011 (internal error) Ping timeout
19:38:27 [ERROR] [x10] Resubscription error for publicTrades/HYPE/USD: received 1011 (internal error) Ping timeout; then sent 1011 (internal error) Ping timeout
19:38:27 [ERROR] [x10] Resubscription error for publicTrades/ADA/USD: received 1011 (internal error) Ping timeout; then sent 1011 (internal error) Ping timeout
19:38:27 [ERROR] [x10] Resubscription error for publicTrades/TRUMP/USD: received 1011 (internal error) Ping timeout; then sent 1011 (internal error) Ping timeout
19:38:27 [INFO] [x10] Resubscribed to 134 channels
19:38:27 [INFO] 🔄 [x10] Reconnecting in 1.0s (attempt 1)
19:38:28 [INFO] 🔌 [x10] Connecting with kwargs: {'close_timeout': 5.0, 'max_size': 4194304, 'ping_interval': None, 'ping_timeout': None, 'additional_headers': {'X-Api-Key': 'a1c9207f79f0e57ddc454bf1e16dbe49', 'User-Agent': 'X10PythonTradingClient/0.4.5'}}
19:38:28 [DEBUG] Sending GET https://api.starknet.extended.exchange/api/v1/user/positions?
19:38:28 [INFO] ✅ X10 TRUMP-USD closed (4.000000 coins)
19:38:28 [INFO] ✅ TRUMP-USD fully closed
19:38:28 [INFO] ✅ Trade TRUMP-USD closed (PnL: $0.00)
19:38:28 [INFO] ✅ Trade TRUMP-USD closed (PnL: $0.00)
19:38:28 [DEBUG] 📝 Flushed 1 writes
19:38:28 [DEBUG] 📝 Flushed 1 writes in 0.0ms
19:38:28 [INFO]  💰 PnL TRUMP-USD: $0.00 (FARM_QUICK_PROFIT)
19:38:28 [ERROR] Kelly Sizer record_trade error for TRUMP-USD: Format specifier missing precision
19:38:28 [INFO] 🔍 DEBUG MON-USD: entry_time type=<class 'str'>, value=2025-12-02T18:37:58.278466+00:00
19:38:28 [DEBUG] Check MON-USD: Age=30.5s (Limit=60s)
19:38:28 [DEBUG] 💓 [lighter] Alive (uptime=40s, last_msg=0s ago)
19:38:29 [INFO] 🔍 🚜 FARM Scanning 67 pairs. Open symbols to skip: {'MON-USD', 'APEX-USD'}
19:38:29 [DEBUG] Price cache status: X10=67/67, Lighter=66/67
19:38:29 [INFO] 🔍 Scanning 67 pairs. Lighter markets: 115, X10 markets: 91
19:38:29 [DEBUG] MKR-USD: Missing prices (X=1663.9, L=None)
19:38:29 [INFO] ✅ [x10] Connected to wss://api.starknet.extended.exchange/stream.extended.exchange/v1/account
19:38:29 [DEBUG] ✅ [x10] WebSocket library will auto-respond to server pings
19:38:29 [INFO] [x10] Resubscribing to 70 channels (paced)...
19:38:29 [DEBUG] 💓 [x10] Heartbeat monitor started (library handles ping/pong)
19:38:29 [INFO] [x10] 🏓 Keepalive started (interval=5.0s)
19:38:29 [DEBUG] [x10] RAW MSG: {"type":"ORDER","data":{"isSnapshot":true,"orders":[]},"ts":1764700700677,"seq":1}
19:38:29 [DEBUG] [x10] RAW MSG: {"type":"POSITION","data":{"isSnapshot":true,"positions":[{"id":1995925389058244608,"accountId":1270
19:38:29 [DEBUG] [x10] RAW MSG: {"type":"BALANCE","data":{"isSnapshot":true,"balance":{"collateralName":"USD","balance":"301.796335"
19:38:29 [INFO] ✅ Found 0 opportunities with predictions (farm_mode=True)
19:38:29 [INFO] ⚠️ Keine Prediction-Opportunities, nutze Fallback mit echten Funding Rates...
19:38:29 [INFO]  VOL REGIME: TRUMP-USD UNKNOWN -> LOW (24h Range: 0.00%)
19:38:29 [DEBUG] ⛔ Skip XAG-USD: TradFi/FX
19:38:29 [DEBUG] ⛔ Skip XAU-USD: TradFi/FX
19:38:29 [DEBUG] 🔄 Skip MON-USD: Already open (in open_syms)
19:38:29 [DEBUG] 🔄 Skip APEX-USD: Already open (in open_syms)
19:38:29 [DEBUG] ⛔ Skip SPX-USD: TradFi/FX
19:38:29 [INFO] ✅ Found 34 opportunities from 61 valid pairs (farm_mode=True, scanned=67)
19:38:29 [INFO] 🎯 Found 3 opportunities, executing best...
19:38:29 [DEBUG] Sending GET https://api.starknet.extended.exchange/api/v1/user/balance
19:38:29 [DEBUG] 📝 Flushed 1 writes
19:38:29 [DEBUG] 📝 Flushed 1 writes in 0.0ms
19:38:29 [DEBUG] Fetching fresh positions (force=False, cache_age=20.0s)
19:38:29 [DEBUG] Sending GET https://api.starknet.extended.exchange/api/v1/user/positions?
19:38:29 [DEBUG] ✅ IP-USD: X10=$286,108, Lighter=$385,795, Total=$671,903
19:38:30 [INFO] Lighter: Found 2 open positions
19:38:30 [INFO] 📊 Positions: X10=2, Lighter=2
19:38:30 [DEBUG] X10 positions: ['MON-USD', 'APEX-USD']
19:38:30 [DEBUG] Lighter positions: ['APEX-USD', 'MON-USD']
19:38:30 [INFO] 🔍 DEBUG MON-USD: entry_time type=<class 'str'>, value=2025-12-02T18:37:58.278466+00:00
19:38:30 [DEBUG] Check MON-USD: Age=31.9s (Limit=60s)
19:38:30 [INFO] 🔍 DEBUG APEX-USD: entry_time type=<class 'str'>, value=2025-12-02T18:38:26.810248+00:00
19:38:30 [DEBUG] Check APEX-USD: Age=3.4s (Limit=60s)
19:38:30 [DEBUG] Lighter Balance: Raw=$295.23, Safe=$280.47
19:38:30 [INFO] X10: Detected balance = $301.77
19:38:30 [INFO] 🚀 Launching 1 trades (Slots available: 1)
19:38:30 [DEBUG] Sending GET https://api.starknet.extended.exchange/api/v1/user/positions?
19:38:31 [INFO] Lighter: Found 2 open positions
19:38:31 [INFO] 💰 Balance: X10=$301.8 (free=$289.2), Lit=$280.5 (free=$267.9) | DB_Trades=2, Real_Positions=2, Locked=$10/ex
19:38:31 [INFO] 🚀 Launching trade for RESOLV-USD (APY=49.1%)
19:38:31 [DEBUG] Sending GET https://api.starknet.extended.exchange/api/v1/user/positions?
19:38:31 [DEBUG] Using cached positions (age: 1.4s)
19:38:31 [INFO] 🔍 DEBUG MON-USD: entry_time type=<class 'str'>, value=2025-12-02T18:37:58.278466+00:00
19:38:31 [DEBUG] Check MON-USD: Age=32.9s (Limit=60s)
19:38:31 [INFO] 🔍 DEBUG APEX-USD: entry_time type=<class 'str'>, value=2025-12-02T18:38:26.810248+00:00
19:38:31 [DEBUG] Check APEX-USD: Age=4.4s (Limit=60s)
19:38:31 [INFO] ✅ Launched 1 trade tasks this cycle
19:38:31 [INFO] Lighter: Found 2 open positions
19:38:31 [DEBUG] ✅ RESOLV-USD verified: No existing positions on exchanges
19:38:31 [DEBUG] MIN_NOTIONAL RESOLV-USD: min_base=40.00000000 coins, price=$0.0734, min_qty_usd=$2.94, min_notional_api=$10.00, final=$11.00
19:38:31 [DEBUG] Sending GET https://api.starknet.extended.exchange/api/v1/user/balance
19:38:31 [INFO] 🎰 KELLY RESOLV-USD: win_rate=0.0%, kelly_fraction=0.0000, safe_fraction=0.0200, confidence=LOW, samples=2
19:38:31 [INFO] 📊 KELLY SIZE RESOLV-USD: base=$30.0, kelly_recommended=$5.6, final=$30.0
19:38:31 [INFO] 🚀 Opening RESOLV-USD: Size=$30.0 (Min=$11.0)
19:38:31 [INFO] 🔄 [PARALLEL] RESOLV-USD: Lighter POST-ONLY first
19:38:31 [INFO] 🚀 LIGHTER OPEN RESOLV-USD: side=SELL, size_usd=$30.00, price=$0.073442
19:38:31 [DEBUG] 🔍 DEBUG: RESOLV-USD market_id = 51 (raw=51, type=<class 'int'>)
19:38:31 [DEBUG] QUANTIZE RESOLV-USD: USD=30.00, coins=408.485608, raw=408, lot_size=40, final=400
19:38:31 [INFO] 🔄 [PARALLEL] RESOLV-USD: X10 MARKET order
19:38:31 [DEBUG] Create Order Tx Info: {"AccountIndex":60113,"ApiKeyIndex":3,"MarketIndex":51,"ClientOrderIndex":1764700754937,"BaseAmount":400,"Price":73001,"IsAsk":1,"Type":0,"TimeInForce":1,"ReduceOnly":0,"TriggerPrice":0,"OrderExpiry":1767119911992,"ExpiredAt":1764701310992,"Nonce":2137,"Sig":"crMgXigD0z7X49/CcWfp4GdtvMFqyPO2kTrdLy16Q9l4+UVS2ZayNY5byWtUPAlpp3PBA8JlIv/NDG+QkhO8pvUKuEeNE35Rxxis8RbdtD8="}
19:38:32 [DEBUG] Placing an order: id=507920541630951345611980819467314304207166382231604936703449188566194317884
19:38:32 [DEBUG] Sending POST https://api.starknet.extended.exchange/api/v1/user/order, headers={<RequestHeader.ACCEPT: 'Accept'>: 'application/json', <RequestHeader.CONTENT_TYPE: 'Content-Type'>: 'application/json', <RequestHeader.USER_AGENT: 'User-Agent'>: 'X10PythonTradingClient/0.0.17', <RequestHeader.API_KEY: 'X-Api-Key'>: 'a1c9207f79f0e57ddc454bf1e16dbe49'}
19:38:32 [DEBUG] Using cached positions (age: 2.4s)
19:38:32 [INFO] 🔍 DEBUG MON-USD: entry_time type=<class 'str'>, value=2025-12-02T18:37:58.278466+00:00
19:38:32 [DEBUG] Check MON-USD: Age=33.9s (Limit=60s)
19:38:32 [INFO] 🔍 DEBUG APEX-USD: entry_time type=<class 'str'>, value=2025-12-02T18:38:26.810248+00:00
19:38:32 [DEBUG] Check APEX-USD: Age=5.4s (Limit=60s)
19:38:32 [DEBUG] Create Order Send Tx Response: code=200 message='{"ratelimit": "didn\'t use volume quota"}' tx_hash='904ce08c14e28a1e0bb43d1e205be2c931c856223fd6c61f4ded44db303873d3491eff6faeb2bf04' predicted_execution_time_ms=1764700703977 additional_properties={}
19:38:32 [INFO] Lighter Order: 904ce08c14e28a1e0bb43d1e205be2c931c856223fd6c61f4ded44db303873d3491eff6faeb2bf04
19:38:32 [INFO]  X10 Order: 1995925530781138944
19:38:32 [INFO] ✅ [PARALLEL] RESOLV-USD: Both legs filled in 297ms
19:38:32 [DEBUG] 📝 Trade added to state: RESOLV-USD
19:38:32 [DEBUG] 📝 Flushed 1 writes
19:38:32 [DEBUG] 📝 Flushed 1 writes in 0.0ms
19:38:32 [DEBUG] [x10] RAW MSG: {"type":"BALANCE","data":{"isSnapshot":false,"balance":{"collateralName":"USD","balance":"301.796335
19:38:32 [DEBUG] [x10] RAW MSG: {"type":"TRADE","data":{"isSnapshot":false,"trades":[{"id":1995925531618447361,"accountId":127074,"m
19:38:32 [DEBUG] [x10] RAW MSG: {"type":"ORDER","data":{"isSnapshot":false,"orders":[{"id":1995925530781138944,"accountId":127074,"e
19:38:32 [DEBUG] [x10] RAW MSG: {"type":"POSITION","data":{"isSnapshot":false,"positions":[{"id":1995925531647803392,"accountId":127
19:38:32 [DEBUG] [x10] RAW MSG: {"type":"BALANCE","data":{"isSnapshot":false,"balance":{"collateralName":"USD","balance":"301.789724
19:38:33 [DEBUG] Using cached positions (age: 3.4s)
19:38:33 [INFO] 🔍 DEBUG MON-USD: entry_time type=<class 'str'>, value=2025-12-02T18:37:58.278466+00:00
19:38:33 [DEBUG] Check MON-USD: Age=34.9s (Limit=60s)
19:38:33 [INFO] 🔍 DEBUG APEX-USD: entry_time type=<class 'str'>, value=2025-12-02T18:38:26.810248+00:00
19:38:33 [DEBUG] Check APEX-USD: Age=6.4s (Limit=60s)
19:38:33 [INFO] 🔍 DEBUG RESOLV-USD: entry_time type=<class 'str'>, value=2025-12-02T18:38:32.276572+00:00
19:38:33 [DEBUG] Check RESOLV-USD: Age=0.9s (Limit=60s)
19:38:33 [DEBUG] ✅ XAU-USD: X10=$3,289,630, Lighter=$1,810, Total=$3,291,440
19:38:33 [INFO] 🚜 Farm Mode ACTIVE
19:38:34 [DEBUG] Using cached positions (age: 4.4s)
19:38:34 [INFO] 🔍 DEBUG MON-USD: entry_time type=<class 'str'>, value=2025-12-02T18:37:58.278466+00:00
19:38:34 [DEBUG] Check MON-USD: Age=35.9s (Limit=60s)
19:38:34 [INFO] 🔍 DEBUG APEX-USD: entry_time type=<class 'str'>, value=2025-12-02T18:38:26.810248+00:00
19:38:34 [DEBUG] Check APEX-USD: Age=7.4s (Limit=60s)
19:38:34 [INFO] 🔍 DEBUG RESOLV-USD: entry_time type=<class 'str'>, value=2025-12-02T18:38:32.276572+00:00
19:38:34 [DEBUG] Check RESOLV-USD: Age=1.9s (Limit=60s)
19:38:34 [DEBUG] MAX_OPEN_TRADES (3) reached, waiting...
19:38:35 [DEBUG] Fetching fresh positions (force=False, cache_age=5.4s)
19:38:35 [DEBUG] Sending GET https://api.starknet.extended.exchange/api/v1/user/positions?
19:38:35 [INFO] Lighter: Found 3 open positions
19:38:35 [INFO] 📊 Positions: X10=3, Lighter=3
19:38:35 [DEBUG] X10 positions: ['RESOLV-USD', 'MON-USD', 'APEX-USD']
19:38:35 [DEBUG] Lighter positions: ['RESOLV-USD', 'APEX-USD', 'MON-USD']
19:38:35 [INFO] 🔍 DEBUG MON-USD: entry_time type=<class 'str'>, value=2025-12-02T18:37:58.278466+00:00
19:38:35 [DEBUG] Check MON-USD: Age=37.3s (Limit=60s)
19:38:35 [INFO] 🚜 [FARM] Profit Take MON-USD: Age=37s, Spread=0.037% (sehr niedrig), PnL=$-0.00
19:38:35 [INFO]  💸 EXIT MON-USD: FARM_QUICK_PROFIT | PnL $-0.00 (Fees: $0.00)
19:38:35 [INFO]  🔻 CLOSING MON-USD (Atomic Smart Close)...
19:38:36 [INFO] Lighter: Found 3 open positions
19:38:36 [INFO] 🔍 DEBUG close_live_position ENTRY: symbol=MON-USD (type=<class 'str'>)
19:38:36 [INFO] 🔍 DEBUG: original_side=BUY (type=<class 'str'>)
19:38:36 [INFO] 🔍 DEBUG: notional_usd=29.1935 (type=<class 'float'>)
19:38:36 [INFO] Lighter: Found 3 open positions
19:38:36 [INFO] 🔻 LIGHTER CLOSE MON-USD: size=-950.000000 coins, side=BUY, price=$0.0307, notional=$29.18
19:38:36 [INFO] 🚀 LIGHTER OPEN MON-USD: side=BUY, size_usd=$29.18, price=$0.030720
19:38:36 [DEBUG] 🔍 DEBUG: MON-USD market_id = 91 (raw=91, type=<class 'int'>)
19:38:36 [DEBUG] QUANTIZE MON-USD: USD=29.18, coins=950.000000, raw=9500, lot_size=500, final=9500
19:38:36 [DEBUG] Create Order Tx Info: {"AccountIndex":60113,"ApiKeyIndex":3,"MarketIndex":91,"ClientOrderIndex":1764700794666,"BaseAmount":9500,"Price":3091,"IsAsk":0,"Type":0,"TimeInForce":1,"ReduceOnly":1,"TriggerPrice":0,"OrderExpiry":1767119916520,"ExpiredAt":1764701315520,"Nonce":2138,"Sig":"f2KK/iOfWzASvE26KPivFOIeXzBpu/A6zuyohn7rOAyI7O4jwIRcbUMJpvdXPLsB4I3svEAm5EuQj9lXC2tT58V7NVROiM/44PAQvctjWlg="}
19:38:36 [DEBUG] Create Order Send Tx Response: code=200 message='{"ratelimit": "didn\'t use volume quota"}' tx_hash='3a4538d3b58d5beea807705132f765afee4c30a382a75fce39a776a8893cc14e73103834a2e045f2' predicted_execution_time_ms=1764700708506 additional_properties={}
19:38:36 [INFO] Lighter Order: 3a4538d3b58d5beea807705132f765afee4c30a382a75fce39a776a8893cc14e73103834a2e045f2
19:38:36 [INFO] ✅ Lighter close MON-USD: Erfolgreich ($29.18)
19:38:36 [INFO] ✅ Lighter MON-USD OK, closing X10...
19:38:37 [DEBUG] ✅ XPL-USD: X10=$222,308, Lighter=$17,313,022, Total=$17,535,329
19:38:37 [DEBUG] MAX_OPEN_TRADES (3) reached, waiting...
19:38:38 [DEBUG] 💓 [lighter] Alive (uptime=50s, last_msg=0s ago)
19:38:39 [DEBUG] 💓 [x10] Alive (uptime=10s, last_msg=7s ago)
19:38:39 [WARNING] [x10] 🏓 Keepalive pong timeout! (failures=1/3)
19:38:39 [DEBUG] Sending GET https://api.starknet.extended.exchange/api/v1/user/positions?
19:38:39 [INFO] 🔻 Closing X10 MON-USD: size=970.000000 coins, side=BUY
19:38:39 [DEBUG] Sending GET https://api.starknet.extended.exchange/api/v1/user/positions?
19:38:40 [INFO] 🔻 X10 CLOSE MON-USD: size=970.000000, side=SELL
19:38:40 [DEBUG] Placing an order: id=2796965070060739548344648910383782149879185757974065724320486859316075761018
19:38:40 [DEBUG] Sending POST https://api.starknet.extended.exchange/api/v1/user/order, headers={<RequestHeader.ACCEPT: 'Accept'>: 'application/json', <RequestHeader.CONTENT_TYPE: 'Content-Type'>: 'application/json', <RequestHeader.USER_AGENT: 'User-Agent'>: 'X10PythonTradingClient/0.0.17', <RequestHeader.API_KEY: 'X-Api-Key'>: 'a1c9207f79f0e57ddc454bf1e16dbe49'}
19:38:40 [DEBUG] MAX_OPEN_TRADES (3) reached, waiting...
19:38:40 [INFO]  X10 Order: 1995925565455077376
19:38:40 [DEBUG] [x10] RAW MSG: {"type":"BALANCE","data":{"isSnapshot":false,"balance":{"collateralName":"USD","balance":"301.789724
19:38:40 [DEBUG] [x10] RAW MSG: {"type":"TRADE","data":{"isSnapshot":false,"trades":[{"id":1995925566292758528,"accountId":127074,"m
19:38:40 [DEBUG] [x10] RAW MSG: {"type":"ORDER","data":{"isSnapshot":false,"orders":[{"id":1995925565455077376,"accountId":127074,"e
19:38:40 [DEBUG] [x10] RAW MSG: {"type":"POSITION","data":{"isSnapshot":false,"positions":[{"id":1995925389058244608,"accountId":127
19:38:40 [DEBUG] [x10] RAW MSG: {"type":"BALANCE","data":{"isSnapshot":false,"balance":{"collateralName":"USD","balance":"301.792718
19:38:41 [DEBUG] ✅ AVAX-USD: X10=$571,569, Lighter=$288,040, Total=$859,609
19:38:42 [DEBUG] Sending GET https://api.starknet.extended.exchange/api/v1/user/positions?
19:38:42 [INFO] ✅ X10 MON-USD closed (970.000000 coins)
19:38:42 [INFO] ✅ MON-USD fully closed
19:38:42 [INFO] ✅ Trade MON-USD closed (PnL: $0.00)
19:38:42 [INFO] ✅ Trade MON-USD closed (PnL: $0.00)
19:38:42 [DEBUG] 📝 Flushed 1 writes
19:38:42 [DEBUG] 📝 Flushed 1 writes in 0.0ms
19:38:42 [INFO]  💰 PnL MON-USD: $-0.00 (FARM_QUICK_PROFIT)
19:38:42 [ERROR] Kelly Sizer record_trade error for MON-USD: Format specifier missing precision
19:38:42 [INFO] 🔍 DEBUG APEX-USD: entry_time type=<class 'str'>, value=2025-12-02T18:38:26.810248+00:00
19:38:42 [DEBUG] Check APEX-USD: Age=16.0s (Limit=60s)
19:38:42 [INFO] 🔍 DEBUG RESOLV-USD: entry_time type=<class 'str'>, value=2025-12-02T18:38:32.276572+00:00
19:38:42 [DEBUG] Check RESOLV-USD: Age=10.5s (Limit=60s)
19:38:43 [INFO] 🔍 🚜 FARM Scanning 67 pairs. Open symbols to skip: {'RESOLV-USD', 'APEX-USD'}
19:38:43 [DEBUG] Price cache status: X10=67/67, Lighter=66/67
19:38:43 [INFO] 🔍 Scanning 67 pairs. Lighter markets: 115, X10 markets: 91
19:38:43 [DEBUG] MKR-USD: Missing prices (X=1663.9, L=None)
19:38:43 [DEBUG] Fetching fresh positions (force=False, cache_age=8.6s)
19:38:43 [DEBUG] Sending GET https://api.starknet.extended.exchange/api/v1/user/positions?
19:38:43 [INFO] ✅ Found 0 opportunities with predictions (farm_mode=True)
19:38:43 [INFO] ⚠️ Keine Prediction-Opportunities, nutze Fallback mit echten Funding Rates...
19:38:43 [DEBUG] ⛔ Skip XAG-USD: TradFi/FX
19:38:43 [DEBUG] ⛔ Skip XAU-USD: TradFi/FX
19:38:43 [INFO]  VOL REGIME: MON-USD UNKNOWN -> LOW (24h Range: 0.00%)
19:38:43 [DEBUG] 🔄 Skip APEX-USD: Already open (in open_syms)
19:38:43 [DEBUG] ⛔ Skip SPX-USD: TradFi/FX
19:38:43 [DEBUG] 🔄 Skip RESOLV-USD: Already open (in open_syms)
19:38:43 [INFO] ✅ Found 34 opportunities from 61 valid pairs (farm_mode=True, scanned=67)
19:38:43 [INFO] 🎯 Found 3 opportunities, executing best...
19:38:43 [DEBUG] Sending GET https://api.starknet.extended.exchange/api/v1/user/balance
19:38:43 [INFO] 🚜 Farm Mode ACTIVE
19:38:44 [INFO] Lighter: Found 2 open positions
19:38:44 [INFO] 📊 Positions: X10=2, Lighter=2
19:38:44 [DEBUG] X10 positions: ['RESOLV-USD', 'APEX-USD']
19:38:44 [DEBUG] Lighter positions: ['RESOLV-USD', 'APEX-USD']
19:38:44 [INFO] 🔍 DEBUG APEX-USD: entry_time type=<class 'str'>, value=2025-12-02T18:38:26.810248+00:00
19:38:44 [DEBUG] Check APEX-USD: Age=17.4s (Limit=60s)
19:38:44 [INFO] 🔍 DEBUG RESOLV-USD: entry_time type=<class 'str'>, value=2025-12-02T18:38:32.276572+00:00
19:38:44 [DEBUG] Check RESOLV-USD: Age=12.0s (Limit=60s)
19:38:44 [DEBUG] ✅ UNI-USD: X10=$241,366, Lighter=$525,239, Total=$766,605
19:38:44 [DEBUG] 📝 Flushed 1 writes
19:38:44 [DEBUG] 📝 Flushed 1 writes in 0.0ms
19:38:44 [DEBUG] Lighter Balance: Raw=$295.24, Safe=$280.48
19:38:44 [INFO] X10: Detected balance = $301.88
19:38:44 [INFO] 🚀 Launching 1 trades (Slots available: 1)
19:38:44 [DEBUG] Sending GET https://api.starknet.extended.exchange/api/v1/user/positions?
19:38:45 [DEBUG] Using cached positions (age: 1.4s)
19:38:45 [INFO] 🔍 DEBUG APEX-USD: entry_time type=<class 'str'>, value=2025-12-02T18:38:26.810248+00:00
19:38:45 [DEBUG] Check APEX-USD: Age=18.4s (Limit=60s)
19:38:45 [INFO] 🔍 DEBUG RESOLV-USD: entry_time type=<class 'str'>, value=2025-12-02T18:38:32.276572+00:00
19:38:45 [DEBUG] Check RESOLV-USD: Age=12.9s (Limit=60s)
19:38:45 [INFO] Lighter: Found 2 open positions
19:38:45 [INFO] 💰 Balance: X10=$301.9 (free=$289.3), Lit=$280.5 (free=$267.9) | DB_Trades=2, Real_Positions=2, Locked=$10/ex
19:38:45 [INFO] 🚀 Launching trade for AVNT-USD (APY=48.2%)
19:38:45 [DEBUG] Sending GET https://api.starknet.extended.exchange/api/v1/user/positions?
19:38:46 [INFO] ✅ Launched 1 trade tasks this cycle
19:38:46 [INFO] Lighter: Found 2 open positions
19:38:46 [DEBUG] ✅ AVNT-USD verified: No existing positions on exchanges
19:38:46 [DEBUG] MIN_NOTIONAL AVNT-USD: min_base=10.00000000 coins, price=$0.3446, min_qty_usd=$3.45, min_notional_api=$10.00, final=$11.00
19:38:46 [DEBUG] Sending GET https://api.starknet.extended.exchange/api/v1/user/balance
19:38:46 [DEBUG] Using cached positions (age: 2.4s)
19:38:46 [INFO] 🔍 DEBUG APEX-USD: entry_time type=<class 'str'>, value=2025-12-02T18:38:26.810248+00:00
19:38:46 [DEBUG] Check APEX-USD: Age=19.4s (Limit=60s)
19:38:46 [INFO] 🔍 DEBUG RESOLV-USD: entry_time type=<class 'str'>, value=2025-12-02T18:38:32.276572+00:00
19:38:46 [DEBUG] Check RESOLV-USD: Age=13.9s (Limit=60s)
19:38:46 [WARNING] 🛑 Received SIGINT, initiating graceful shutdown...
19:38:46 [INFO] 🛑 Shutting down...
19:38:46 [INFO] 🛑 Initiating graceful shutdown...
19:38:46 [INFO] 🔍 Supervisor loop stopped
19:38:46 [INFO] 🛑 Cancelling logic_loop...
19:38:46 [INFO] 🛑 Cancelling trade_management_loop...
19:38:46 [INFO] 🛑 Cancelling farm_loop...
19:38:46 [INFO] 🛑 Cancelling maintenance_loop...
19:38:46 [INFO] 🛑 Cancelling cleanup_finished_tasks...
19:38:46 [INFO] 🛑 Cancelling health_reporter...
19:38:46 [INFO] 🛑 Cancelling connection_watchdog...
19:38:46 [INFO] Logic loop cancelled
19:38:46 [INFO] Connection watchdog cancelled
19:38:46 [INFO] ✅ All tasks stopped
19:38:46 [INFO] 🛑 Rollback processor: Shutdown signal received
19:38:46 [INFO] ✅ ParallelExecutionManager: Stopped
19:38:46 [DEBUG] [x10] Keepalive cancelled
19:38:46 [DEBUG] [x10] 🏓 Keepalive loop stopped
19:38:46 [INFO] 🎰 KELLY AVNT-USD: win_rate=0.0%, kelly_fraction=0.0000, safe_fraction=0.0200, confidence=LOW, samples=3
19:38:46 [INFO] 📊 KELLY SIZE AVNT-USD: base=$30.0, kelly_recommended=$5.6, final=$30.0
19:38:46 [INFO] 🚀 Opening AVNT-USD: Size=$30.0 (Min=$11.0)
19:38:46 [INFO] 🔄 [PARALLEL] AVNT-USD: Lighter POST-ONLY first
19:38:46 [INFO] 🚀 LIGHTER OPEN AVNT-USD: side=SELL, size_usd=$30.00, price=$0.344590
19:38:46 [DEBUG] 🔍 DEBUG: AVNT-USD market_id = 82 (raw=82, type=<class 'int'>)
19:38:46 [DEBUG] QUANTIZE AVNT-USD: USD=30.00, coins=87.059984, raw=871, lot_size=100, final=800
19:38:46 [INFO] 🔄 [PARALLEL] AVNT-USD: X10 MARKET order
19:38:46 [DEBUG] Create Order Tx Info: {"AccountIndex":60113,"ApiKeyIndex":3,"MarketIndex":82,"ClientOrderIndex":1764700759694,"BaseAmount":800,"Price":34252,"IsAsk":1,"Type":0,"TimeInForce":1,"ReduceOnly":0,"TriggerPrice":0,"OrderExpiry":1767119926457,"ExpiredAt":1764701325457,"Nonce":2139,"Sig":"xmqWQ9alY9ZWcb8VzDnaYcqXcIJKq+7kc/9A0D3rbAEl5QU31Nwtaivp/k1abnk3uFnpviLhXkiKW9AzLPQT1PcortoXSWyHGclqoM8ri0U="}
19:38:46 [DEBUG] Placing an order: id=2042864574964915856869331480503268172391022723208366182976674181453088341717
19:38:46 [DEBUG] Sending POST https://api.starknet.extended.exchange/api/v1/user/order, headers={<RequestHeader.ACCEPT: 'Accept'>: 'application/json', <RequestHeader.CONTENT_TYPE: 'Content-Type'>: 'application/json', <RequestHeader.USER_AGENT: 'User-Agent'>: 'X10PythonTradingClient/0.0.17', <RequestHeader.API_KEY: 'X-Api-Key'>: 'a1c9207f79f0e57ddc454bf1e16dbe49'}
19:38:46 [DEBUG] Create Order Send Tx Response: code=200 message='{"ratelimit": "didn\'t use volume quota"}' tx_hash='449671c43682f55b56df2af4763cbb851dceb11b852230403a84797c92a2225412fb707b93042202' predicted_execution_time_ms=1764700718442 additional_properties={}
19:38:46 [INFO] Lighter Order: 449671c43682f55b56df2af4763cbb851dceb11b852230403a84797c92a2225412fb707b93042202
19:38:46 [INFO]  X10 Order: 1995925591551905792
19:38:46 [INFO] ✅ [PARALLEL] AVNT-USD: Both legs filled in 313ms
19:38:46 [DEBUG] 📝 Trade added to state: AVNT-USD
19:38:46 [DEBUG] 📝 Flushed 1 writes
19:38:46 [DEBUG] 📝 Flushed 1 writes in 15.0ms
19:38:46 [INFO] 🔌 [x10] WebSocket stopped
19:38:50 [WARNING] 🛑 Received SIGINT, initiating graceful shutdown...
19:38:50 [DEBUG] ✅ ENA-USD: X10=$247,817, Lighter=$18,758,593, Total=$19,006,410
19:38:51 [INFO] 🔌 [lighter] WebSocket stopped
19:38:51 [INFO] ✅ WebSocketManager stopped
19:38:51 [INFO] ✅ OpenInterestTracker stopped
19:38:51 [INFO] 🛑 Stopping InMemoryStateManager...
19:38:51 [INFO] 📝 State writer loop stopped
19:38:51 [INFO] ✅ InMemoryStateManager stopped
19:38:51 [INFO] 🔒 Closing database...
19:38:51 [INFO] 🖊️ Database write loop stopped
19:38:51 [INFO] ✅ Database closed
19:38:51 [INFO] ✅ X10 Adapter geschlossen.
19:38:51 [INFO] ✅ Lighter Adapter closed
19:38:51 [INFO] ✅ Bot V5 shutdown complete
