15:57:04 [INFO]  CONFIG VALIDIERUNG abgeschlossen.
15:57:04 [INFO] 🔥 BOT V5 (Architected) STARTING...
15:57:04 [INFO] 🚀 Starting InMemoryStateManager...
15:57:04 [INFO] 📂 Initializing database: data/trades.db
15:57:04 [DEBUG] executing <function connect.<locals>.connector at 0x000001F87F8DFCE0>
15:57:04 [DEBUG] operation <function connect.<locals>.connector at 0x000001F87F8DFCE0> completed
15:57:04 [DEBUG] executing functools.partial(<built-in method execute of sqlite3.Connection object at 0x000001F87F8FD030>, 'PRAGMA foreign_keys=ON', [])
15:57:04 [DEBUG] operation functools.partial(<built-in method execute of sqlite3.Connection object at 0x000001F87F8FD030>, 'PRAGMA foreign_keys=ON', []) completed
15:57:04 [DEBUG] executing <function connect.<locals>.connector at 0x000001F87F8DFF60>
15:57:04 [DEBUG] operation <function connect.<locals>.connector at 0x000001F87F8DFF60> completed
15:57:04 [DEBUG] executing functools.partial(<built-in method execute of sqlite3.Connection object at 0x000001F87F8FD300>, 'PRAGMA foreign_keys=ON', [])
15:57:04 [DEBUG] operation functools.partial(<built-in method execute of sqlite3.Connection object at 0x000001F87F8FD300>, 'PRAGMA foreign_keys=ON', []) completed
15:57:04 [DEBUG] executing <function connect.<locals>.connector at 0x000001F87F9002C0>
15:57:04 [DEBUG] operation <function connect.<locals>.connector at 0x000001F87F9002C0> completed
15:57:04 [DEBUG] executing functools.partial(<built-in method execute of sqlite3.Connection object at 0x000001F87F8FD7B0>, 'PRAGMA foreign_keys=ON', [])
15:57:04 [DEBUG] operation functools.partial(<built-in method execute of sqlite3.Connection object at 0x000001F87F8FD7B0>, 'PRAGMA foreign_keys=ON', []) completed
15:57:04 [DEBUG] executing <function connect.<locals>.connector at 0x000001F87F8DFB00>
15:57:04 [DEBUG] operation <function connect.<locals>.connector at 0x000001F87F8DFB00> completed
15:57:04 [DEBUG] executing functools.partial(<built-in method execute of sqlite3.Connection object at 0x000001F87F8FDD50>, 'PRAGMA foreign_keys=ON', [])
15:57:04 [DEBUG] operation functools.partial(<built-in method execute of sqlite3.Connection object at 0x000001F87F8FDD50>, 'PRAGMA foreign_keys=ON', []) completed
15:57:04 [DEBUG] executing <function connect.<locals>.connector at 0x000001F87F900680>
15:57:04 [DEBUG] operation <function connect.<locals>.connector at 0x000001F87F900680> completed
15:57:04 [DEBUG] executing functools.partial(<built-in method execute of sqlite3.Connection object at 0x000001F87F8FE110>, 'PRAGMA foreign_keys=ON', [])
15:57:04 [DEBUG] operation functools.partial(<built-in method execute of sqlite3.Connection object at 0x000001F87F8FE110>, 'PRAGMA foreign_keys=ON', []) completed
15:57:04 [INFO] ✅ Read pool created: 5 connections
15:57:04 [DEBUG] executing <function connect.<locals>.connector at 0x000001F87F9004A0>
15:57:04 [DEBUG] operation <function connect.<locals>.connector at 0x000001F87F9004A0> completed
15:57:04 [DEBUG] executing functools.partial(<built-in method execute of sqlite3.Connection object at 0x000001F87F8FE3E0>, 'PRAGMA foreign_keys=ON', [])
15:57:04 [DEBUG] operation functools.partial(<built-in method execute of sqlite3.Connection object at 0x000001F87F8FE3E0>, 'PRAGMA foreign_keys=ON', []) completed
15:57:04 [DEBUG] executing functools.partial(<built-in method execute of sqlite3.Connection object at 0x000001F87F8FE3E0>, 'PRAGMA journal_mode=WAL', [])
15:57:04 [DEBUG] operation functools.partial(<built-in method execute of sqlite3.Connection object at 0x000001F87F8FE3E0>, 'PRAGMA journal_mode=WAL', []) completed
15:57:04 [DEBUG] executing functools.partial(<built-in method execute of sqlite3.Connection object at 0x000001F87F8FE3E0>, 'PRAGMA synchronous=NORMAL', [])
15:57:04 [DEBUG] operation functools.partial(<built-in method execute of sqlite3.Connection object at 0x000001F87F8FE3E0>, 'PRAGMA synchronous=NORMAL', []) completed
15:57:04 [INFO] ✅ WAL mode enabled
15:57:04 [INFO] 🔄 Running database migrations...
15:57:04 [DEBUG] executing functools.partial(<built-in method execute of sqlite3.Connection object at 0x000001F87F8FE3E0>, "\n            CREATE TABLE IF NOT EXISTS trades (\n                id INTEGER PRIMARY KEY AUTOINCREMENT,\n                symbol TEXT NOT NULL,\n                side_x10 TEXT NOT NULL,\n                side_lighter TEXT NOT NULL,\n                size_usd REAL NOT NULL,\n                entry_price_x10 REAL,\n                entry_price_lighter REAL,\n                status TEXT DEFAULT 'open',\n                is_farm_trade INTEGER DEFAULT 0,\n                created_at INTEGER NOT NULL,\n                closed_at INTEGER,\n                pnl REAL DEFAULT 0,\n                funding_collected REAL DEFAULT 0,\n                account_label TEXT,\n                x10_order_id TEXT,\n                lighter_order_id TEXT,\n                UNIQUE(symbol, status) ON CONFLICT REPLACE\n            )\n            ", [])
15:57:04 [DEBUG] operation functools.partial(<built-in method execute of sqlite3.Connection object at 0x000001F87F8FE3E0>, "\n            CREATE TABLE IF NOT EXISTS trades (\n                id INTEGER PRIMARY KEY AUTOINCREMENT,\n                symbol TEXT NOT NULL,\n                side_x10 TEXT NOT NULL,\n                side_lighter TEXT NOT NULL,\n                size_usd REAL NOT NULL,\n                entry_price_x10 REAL,\n                entry_price_lighter REAL,\n                status TEXT DEFAULT 'open',\n                is_farm_trade INTEGER DEFAULT 0,\n                created_at INTEGER NOT NULL,\n                closed_at INTEGER,\n                pnl REAL DEFAULT 0,\n                funding_collected REAL DEFAULT 0,\n                account_label TEXT,\n                x10_order_id TEXT,\n                lighter_order_id TEXT,\n                UNIQUE(symbol, status) ON CONFLICT REPLACE\n            )\n            ", []) completed
15:57:04 [DEBUG] executing functools.partial(<built-in method execute of sqlite3.Connection object at 0x000001F87F8FE3E0>, '\n            CREATE INDEX IF NOT EXISTS idx_trades_symbol ON trades(symbol)\n            ', [])
15:57:04 [DEBUG] operation functools.partial(<built-in method execute of sqlite3.Connection object at 0x000001F87F8FE3E0>, '\n            CREATE INDEX IF NOT EXISTS idx_trades_symbol ON trades(symbol)\n            ', []) completed
15:57:04 [DEBUG] executing functools.partial(<built-in method execute of sqlite3.Connection object at 0x000001F87F8FE3E0>, '\n            CREATE INDEX IF NOT EXISTS idx_trades_status ON trades(status)\n            ', [])
15:57:04 [DEBUG] operation functools.partial(<built-in method execute of sqlite3.Connection object at 0x000001F87F8FE3E0>, '\n            CREATE INDEX IF NOT EXISTS idx_trades_status ON trades(status)\n            ', []) completed
15:57:04 [DEBUG] executing functools.partial(<built-in method execute of sqlite3.Connection object at 0x000001F87F8FE3E0>, '\n            CREATE INDEX IF NOT EXISTS idx_trades_created ON trades(created_at)\n            ', [])
15:57:04 [DEBUG] operation functools.partial(<built-in method execute of sqlite3.Connection object at 0x000001F87F8FE3E0>, '\n            CREATE INDEX IF NOT EXISTS idx_trades_created ON trades(created_at)\n            ', []) completed
15:57:04 [DEBUG] executing functools.partial(<built-in method execute of sqlite3.Connection object at 0x000001F87F8FE3E0>, '\n            CREATE TABLE IF NOT EXISTS funding_history (\n                id INTEGER PRIMARY KEY AUTOINCREMENT,\n                symbol TEXT NOT NULL,\n                exchange TEXT NOT NULL,\n                rate REAL NOT NULL,\n                timestamp INTEGER NOT NULL,\n                collected_amount REAL DEFAULT 0\n            )\n            ', [])
15:57:04 [DEBUG] operation functools.partial(<built-in method execute of sqlite3.Connection object at 0x000001F87F8FE3E0>, '\n            CREATE TABLE IF NOT EXISTS funding_history (\n                id INTEGER PRIMARY KEY AUTOINCREMENT,\n                symbol TEXT NOT NULL,\n                exchange TEXT NOT NULL,\n                rate REAL NOT NULL,\n                timestamp INTEGER NOT NULL,\n                collected_amount REAL DEFAULT 0\n            )\n            ', []) completed
15:57:04 [DEBUG] executing functools.partial(<built-in method execute of sqlite3.Connection object at 0x000001F87F8FE3E0>, '\n            CREATE INDEX IF NOT EXISTS idx_funding_symbol_ts \n            ON funding_history(symbol, timestamp)\n            ', [])
15:57:04 [DEBUG] operation functools.partial(<built-in method execute of sqlite3.Connection object at 0x000001F87F8FE3E0>, '\n            CREATE INDEX IF NOT EXISTS idx_funding_symbol_ts \n            ON funding_history(symbol, timestamp)\n            ', []) completed
15:57:04 [DEBUG] executing functools.partial(<built-in method execute of sqlite3.Connection object at 0x000001F87F8FE3E0>, '\n            CREATE TABLE IF NOT EXISTS execution_log (\n                id INTEGER PRIMARY KEY AUTOINCREMENT,\n                symbol TEXT NOT NULL,\n                action TEXT NOT NULL,\n                exchange TEXT NOT NULL,\n                success INTEGER NOT NULL,\n                order_id TEXT,\n                error TEXT,\n                latency_ms REAL,\n                timestamp INTEGER NOT NULL\n            )\n            ', [])
15:57:04 [DEBUG] operation functools.partial(<built-in method execute of sqlite3.Connection object at 0x000001F87F8FE3E0>, '\n            CREATE TABLE IF NOT EXISTS execution_log (\n                id INTEGER PRIMARY KEY AUTOINCREMENT,\n                symbol TEXT NOT NULL,\n                action TEXT NOT NULL,\n                exchange TEXT NOT NULL,\n                success INTEGER NOT NULL,\n                order_id TEXT,\n                error TEXT,\n                latency_ms REAL,\n                timestamp INTEGER NOT NULL\n            )\n            ', []) completed
15:57:04 [DEBUG] executing functools.partial(<built-in method execute of sqlite3.Connection object at 0x000001F87F8FE3E0>, '\n            CREATE TABLE IF NOT EXISTS bot_state (\n                key TEXT PRIMARY KEY,\n                value TEXT NOT NULL,\n                updated_at INTEGER NOT NULL\n            )\n            ', [])
15:57:04 [DEBUG] operation functools.partial(<built-in method execute of sqlite3.Connection object at 0x000001F87F8FE3E0>, '\n            CREATE TABLE IF NOT EXISTS bot_state (\n                key TEXT PRIMARY KEY,\n                value TEXT NOT NULL,\n                updated_at INTEGER NOT NULL\n            )\n            ', []) completed
15:57:04 [DEBUG] executing functools.partial(<built-in method execute of sqlite3.Connection object at 0x000001F87F8FE3E0>, '\n            CREATE TABLE IF NOT EXISTS pnl_snapshots (\n                id INTEGER PRIMARY KEY AUTOINCREMENT,\n                timestamp INTEGER NOT NULL,\n                total_pnl REAL NOT NULL,\n                unrealized_pnl REAL NOT NULL,\n                realized_pnl REAL NOT NULL,\n                funding_pnl REAL NOT NULL,\n                trade_count INTEGER NOT NULL\n            )\n            ', [])
15:57:04 [DEBUG] operation functools.partial(<built-in method execute of sqlite3.Connection object at 0x000001F87F8FE3E0>, '\n            CREATE TABLE IF NOT EXISTS pnl_snapshots (\n                id INTEGER PRIMARY KEY AUTOINCREMENT,\n                timestamp INTEGER NOT NULL,\n                total_pnl REAL NOT NULL,\n                unrealized_pnl REAL NOT NULL,\n                realized_pnl REAL NOT NULL,\n                funding_pnl REAL NOT NULL,\n                trade_count INTEGER NOT NULL\n            )\n            ', []) completed
15:57:04 [DEBUG] executing functools.partial(<built-in method execute of sqlite3.Connection object at 0x000001F87F8FE3E0>, '\n            CREATE INDEX IF NOT EXISTS idx_pnl_ts ON pnl_snapshots(timestamp)\n            ', [])
15:57:04 [DEBUG] operation functools.partial(<built-in method execute of sqlite3.Connection object at 0x000001F87F8FE3E0>, '\n            CREATE INDEX IF NOT EXISTS idx_pnl_ts ON pnl_snapshots(timestamp)\n            ', []) completed
15:57:04 [DEBUG] executing functools.partial(<built-in method execute of sqlite3.Connection object at 0x000001F87F8FE3E0>, '\n            CREATE TABLE IF NOT EXISTS _migrations (\n                id INTEGER PRIMARY KEY,\n                name TEXT NOT NULL,\n                applied_at INTEGER NOT NULL\n            )\n            ', [])
15:57:04 [DEBUG] operation functools.partial(<built-in method execute of sqlite3.Connection object at 0x000001F87F8FE3E0>, '\n            CREATE TABLE IF NOT EXISTS _migrations (\n                id INTEGER PRIMARY KEY,\n                name TEXT NOT NULL,\n                applied_at INTEGER NOT NULL\n            )\n            ', []) completed
15:57:04 [DEBUG] executing functools.partial(<built-in method commit of sqlite3.Connection object at 0x000001F87F8FE3E0>)
15:57:04 [DEBUG] operation functools.partial(<built-in method commit of sqlite3.Connection object at 0x000001F87F8FE3E0>) completed
15:57:04 [INFO] ✅ Migrations complete (11 statements)
15:57:04 [INFO] ✅ Database initialized
15:57:04 [DEBUG] executing functools.partial(<built-in method execute of sqlite3.Connection object at 0x000001F87F8FD030>, "SELECT * FROM trades WHERE status = 'open' ORDER BY created_at DESC", ())
15:57:04 [INFO] 🖊️ Database write loop started
15:57:04 [DEBUG] operation functools.partial(<built-in method execute of sqlite3.Connection object at 0x000001F87F8FD030>, "SELECT * FROM trades WHERE status = 'open' ORDER BY created_at DESC", ()) completed
15:57:04 [DEBUG] executing functools.partial(<built-in method fetchall of sqlite3.Cursor object at 0x000001F87F8D74C0>)
15:57:04 [DEBUG] operation functools.partial(<built-in method fetchall of sqlite3.Cursor object at 0x000001F87F8D74C0>) completed
15:57:04 [DEBUG] executing functools.partial(<built-in method close of sqlite3.Cursor object at 0x000001F87F8D74C0>)
15:57:04 [DEBUG] operation functools.partial(<built-in method close of sqlite3.Cursor object at 0x000001F87F8D74C0>) completed
15:57:04 [INFO] 📂 Loaded 4 trades from database
15:57:04 [INFO] ✅ InMemoryStateManager started (loaded 4 trades)
15:57:04 [INFO] ✅ State Manager started
15:57:04 [INFO]  Telegram Bot disabled (Token/ChatID missing).
15:57:04 [INFO] ✅ Async database initialized
15:57:04 [DEBUG] executing <function connect.<locals>.connector at 0x000001F87F900A40>
15:57:04 [INFO] 📝 State writer loop started
15:57:04 [DEBUG] operation <function connect.<locals>.connector at 0x000001F87F900A40> completed
15:57:04 [DEBUG] executing functools.partial(<built-in method execute of sqlite3.Connection object at 0x000001F87F8FEC50>, "\n                CREATE TABLE IF NOT EXISTS trade_history (\n                    id INTEGER PRIMARY KEY AUTOINCREMENT,\n                    symbol TEXT NOT NULL,\n                    entry_time TIMESTAMP,\n                    exit_time TIMESTAMP,\n                    hold_duration_hours REAL,\n                    close_reason TEXT,\n                    final_pnl_usd REAL,\n                    funding_pnl_usd REAL,\n                    spread_pnl_usd REAL,\n                    fees_usd REAL,\n                    account_label TEXT DEFAULT 'Main'\n                )\n            ", [])
15:57:04 [DEBUG] operation functools.partial(<built-in method execute of sqlite3.Connection object at 0x000001F87F8FEC50>, "\n                CREATE TABLE IF NOT EXISTS trade_history (\n                    id INTEGER PRIMARY KEY AUTOINCREMENT,\n                    symbol TEXT NOT NULL,\n                    entry_time TIMESTAMP,\n                    exit_time TIMESTAMP,\n                    hold_duration_hours REAL,\n                    close_reason TEXT,\n                    final_pnl_usd REAL,\n                    funding_pnl_usd REAL,\n                    spread_pnl_usd REAL,\n                    fees_usd REAL,\n                    account_label TEXT DEFAULT 'Main'\n                )\n            ", []) completed
15:57:04 [DEBUG] executing functools.partial(<built-in method commit of sqlite3.Connection object at 0x000001F87F8FEC50>)
15:57:04 [DEBUG] operation functools.partial(<built-in method commit of sqlite3.Connection object at 0x000001F87F8FEC50>) completed
15:57:04 [DEBUG] executing functools.partial(<built-in method execute of sqlite3.Connection object at 0x000001F87F8FEC50>, 'PRAGMA table_info(trade_history)', [])
15:57:04 [DEBUG] operation functools.partial(<built-in method execute of sqlite3.Connection object at 0x000001F87F8FEC50>, 'PRAGMA table_info(trade_history)', []) completed
15:57:04 [DEBUG] executing functools.partial(<built-in method fetchall of sqlite3.Cursor object at 0x000001F87F8D72C0>)
15:57:04 [DEBUG] operation functools.partial(<built-in method fetchall of sqlite3.Cursor object at 0x000001F87F8D72C0>) completed
15:57:04 [DEBUG] ✅ Database schema up to date
15:57:04 [DEBUG] executing functools.partial(<built-in method close of sqlite3.Connection object at 0x000001F87F8FEC50>)
15:57:04 [DEBUG] operation functools.partial(<built-in method close of sqlite3.Connection object at 0x000001F87F8FEC50>) completed
15:57:04 [INFO] Initialisiere X10 Adapter...
15:57:04 [INFO]  X10 Account initialisiert.
15:57:04 [INFO] Initialisiere Lighter Adapter...
15:57:04 [INFO] 📊 Loading Market Data via REST...
15:57:04 [DEBUG] Sending GET https://api.starknet.extended.exchange/api/v1/info/markets?
15:57:04 [INFO] ⚙️ Lighter: Loading markets...
15:57:04 [DEBUG] Starting new HTTPS connection (1): mainnet.zklighter.elliot.ai:443
15:57:05 [DEBUG] https://mainnet.zklighter.elliot.ai:443 "GET /api/v1/nextNonce?account_index=60113&api_key_index=3 HTTP/1.1" 200 25
15:57:07 [INFO]  X10: 91 Märkte geladen, 91 Funding Rates, 78 Preise
15:58:02 [INFO] ✅ Lighter: 118/118 markets loaded (100.0%)
15:58:02 [INFO] ✅ Markets loaded: X10=91, Lighter=118
15:58:02 [INFO] FundingPredictorV2 initialized with BTC Correlation
15:58:02 [INFO] 启动 OI Tracker für 70 Symbole...
15:58:02 [INFO] ✅ OpenInterestTracker started (interval=30.0s)
15:58:02 [INFO] 🌐 Starting WebSocket Manager...
15:58:02 [INFO] 📊 OI Tracker: Starting cycle 1 (70 symbols)
15:58:02 [INFO] 🔌 [lighter] WebSocket manager started
15:58:02 [INFO] 🔌 [x10] WebSocket manager started
15:58:02 [INFO] ✅ WebSocketManager started
15:58:02 [DEBUG] ✅ ASTER-USD: X10=$589,699, Lighter=$12,976,587, Total=$13,566,286
15:58:03 [INFO] ✅ [lighter] Connected to wss://mainnet.zklighter.elliot.ai/stream
15:58:03 [DEBUG] [lighter] Subscribed to trade/17
15:58:03 [INFO] ✅ [x10] Connected to wss://api.starknet.extended.exchange/stream.extended.exchange/v1/account
15:58:03 [DEBUG] [lighter] Subscribed to order_book/103
15:58:03 [DEBUG] [lighter] Subscribed to trade/103
15:58:03 [DEBUG] [lighter] Subscribed to order_book/28
15:58:03 [DEBUG] [lighter] Subscribed to trade/28
15:58:03 [DEBUG] [lighter] Subscribed to trade/37
15:58:03 [DEBUG] [lighter] Subscribed to order_book/67
15:58:03 [DEBUG] [lighter] Subscribed to trade/67
15:58:03 [DEBUG] [lighter] Subscribed to order_book/7
15:58:03 [DEBUG] [lighter] Subscribed to trade/7
15:58:03 [DEBUG] [lighter] Subscribed to order_book/42
15:58:03 [DEBUG] [lighter] Subscribed to order_book/41
15:58:03 [DEBUG] [lighter] Subscribed to trade/41
15:58:03 [DEBUG] [lighter] Subscribed to order_book/26
15:58:03 [DEBUG] [lighter] Subscribed to trade/26
15:58:03 [DEBUG] [lighter] Subscribed to order_book/8
15:58:03 [DEBUG] [lighter] Subscribed to trade/8
15:58:03 [DEBUG] [lighter] Subscribed to trade/33
15:58:03 [DEBUG] [lighter] Subscribed to order_book/98
15:58:03 [DEBUG] [lighter] Subscribed to trade/98
15:58:03 [DEBUG] [lighter] Subscribed to order_book/90
15:58:03 [DEBUG] [lighter] Subscribed to order_book/21
15:58:03 [DEBUG] [lighter] Subscribed to trade/21
15:58:03 [DEBUG] [lighter] Subscribed to order_book/45
15:58:03 [DEBUG] [lighter] Subscribed to trade/45
15:58:03 [DEBUG] [lighter] Subscribed to order_book/52
15:58:03 [DEBUG] [lighter] Subscribed to order_book/86
15:58:03 [DEBUG] [lighter] Subscribed to trade/86
15:58:03 [DEBUG] [lighter] Subscribed to order_book/63
15:58:03 [DEBUG] [lighter] Subscribed to trade/63
15:58:03 [DEBUG] [lighter] Subscribed to trade/43
15:58:03 [DEBUG] [lighter] Subscribed to order_book/29
15:58:03 [DEBUG] [lighter] Subscribed to trade/29
15:58:03 [DEBUG] [lighter] Subscribed to order_book/2
15:58:03 [DEBUG] [lighter] Subscribed to trade/2
15:58:03 [DEBUG] [lighter] Subscribed to trade/35
15:58:04 [DEBUG] [lighter] Subscribed to order_book/1
15:58:04 [DEBUG] [lighter] Subscribed to trade/1
15:58:04 [DEBUG] executing functools.partial(<built-in method execute of sqlite3.Connection object at 0x000001F87F8FD300>, "SELECT * FROM trades WHERE status = 'open' ORDER BY created_at DESC", ())
15:58:04 [DEBUG] [lighter] Subscribed to order_book/55
15:58:04 [DEBUG] [lighter] Subscribed to trade/55
15:58:04 [DEBUG] [lighter] Subscribed to order_book/46
15:58:04 [DEBUG] operation functools.partial(<built-in method execute of sqlite3.Connection object at 0x000001F87F8FD300>, "SELECT * FROM trades WHERE status = 'open' ORDER BY created_at DESC", ()) completed
15:58:04 [DEBUG] executing functools.partial(<built-in method fetchall of sqlite3.Cursor object at 0x000001F859FDFD40>)
15:58:04 [DEBUG] operation functools.partial(<built-in method fetchall of sqlite3.Cursor object at 0x000001F859FDFD40>) completed
15:58:04 [DEBUG] executing functools.partial(<built-in method close of sqlite3.Cursor object at 0x000001F859FDFD40>)
15:58:04 [DEBUG] operation functools.partial(<built-in method close of sqlite3.Cursor object at 0x000001F859FDFD40>) completed
15:58:04 [DEBUG] [lighter] Subscribed to order_book/89
15:58:04 [DEBUG] [lighter] Subscribed to trade/89
15:58:04 [DEBUG] [lighter] Subscribed to order_book/43
15:58:04 [DEBUG] [lighter] Subscribed to order_book/58
15:58:04 [DEBUG] [lighter] Subscribed to trade/58
15:58:04 [DEBUG] [lighter] Subscribed to order_book/51
15:58:04 [DEBUG] [lighter] Subscribed to trade/51
15:58:04 [DEBUG] [lighter] Subscribed to market_stats/all
15:58:04 [DEBUG] [lighter] Subscribed to order_book/82
15:58:04 [DEBUG] [lighter] Subscribed to trade/82
15:58:04 [DEBUG] [lighter] Subscribed to order_book/13
15:58:04 [DEBUG] [lighter] Subscribed to trade/13
15:58:04 [DEBUG] [lighter] Subscribed to trade/76
15:58:04 [DEBUG] [lighter] Subscribed to order_book/23
15:58:04 [DEBUG] [lighter] Subscribed to trade/23
15:58:04 [DEBUG] [lighter] Subscribed to order_book/50
15:58:04 [DEBUG] [lighter] Subscribed to trade/50
15:58:04 [DEBUG] [lighter] Subscribed to order_book/47
15:58:04 [DEBUG] [lighter] Subscribed to order_book/53
15:58:04 [DEBUG] [lighter] Subscribed to trade/53
15:58:04 [DEBUG] [lighter] Subscribed to order_book/18
15:58:04 [DEBUG] [lighter] Subscribed to trade/18
15:58:04 [DEBUG] [lighter] Subscribed to order_book/49
15:58:04 [DEBUG] [lighter] Subscribed to order_book/15
15:58:04 [DEBUG] [lighter] Subscribed to trade/15
15:58:04 [DEBUG] [lighter] Subscribed to order_book/35
15:58:04 [DEBUG] [lighter] Subscribed to order_book/9
15:58:04 [DEBUG] [lighter] Subscribed to trade/9
15:58:04 [DEBUG] [lighter] Subscribed to order_book/27
15:58:04 [DEBUG] [lighter] Subscribed to trade/27
15:58:04 [DEBUG] [lighter] Subscribed to order_book/33
15:58:04 [DEBUG] [lighter] Subscribed to order_book/11
15:58:04 [DEBUG] [lighter] Subscribed to trade/11
15:58:04 [DEBUG] [lighter] Subscribed to order_book/71
15:58:04 [DEBUG] [lighter] Subscribed to trade/71
15:58:04 [DEBUG] [lighter] Subscribed to trade/60
15:58:04 [DEBUG] [lighter] Subscribed to order_book/65
15:58:04 [DEBUG] [lighter] Subscribed to trade/65
15:58:04 [DEBUG] [lighter] Subscribed to order_book/5
15:58:04 [DEBUG] [lighter] Subscribed to trade/5
15:58:05 [DEBUG] [lighter] Subscribed to order_book/83
15:58:05 [DEBUG] [lighter] Subscribed to order_book/25
15:58:05 [DEBUG] [lighter] Subscribed to trade/25
15:58:05 [DEBUG] [lighter] Subscribed to order_book/30
15:58:05 [DEBUG] [lighter] Subscribed to trade/30
15:58:05 [DEBUG] [lighter] Subscribed to order_book/60
15:58:05 [DEBUG] [lighter] Subscribed to order_book/10
15:58:05 [DEBUG] [lighter] Subscribed to trade/10
15:58:05 [DEBUG] [lighter] Subscribed to order_book/17
15:58:05 [DEBUG] [lighter] Subscribed to order_book/20
15:58:05 [DEBUG] [lighter] Subscribed to trade/20
15:58:05 [DEBUG] [lighter] Subscribed to order_book/31
15:58:05 [DEBUG] [lighter] Subscribed to trade/31
15:58:05 [DEBUG] [lighter] Subscribed to order_book/38
15:58:05 [DEBUG] [lighter] Subscribed to trade/38
15:58:05 [DEBUG] [lighter] Subscribed to order_book/76
15:58:05 [DEBUG] [lighter] Subscribed to order_book/94
15:58:05 [DEBUG] [lighter] Subscribed to trade/94
15:58:05 [DEBUG] [lighter] Subscribed to trade/16
15:58:05 [DEBUG] [lighter] Subscribed to order_book/6
15:58:05 [DEBUG] [lighter] Subscribed to trade/6
15:58:05 [DEBUG] [lighter] Subscribed to order_book/39
15:58:05 [DEBUG] [lighter] Subscribed to trade/39
15:58:05 [DEBUG] [lighter] Subscribed to trade/49
15:58:05 [DEBUG] [lighter] Subscribed to order_book/91
15:58:05 [DEBUG] [lighter] Subscribed to trade/91
15:58:05 [DEBUG] [lighter] Subscribed to order_book/34
15:58:05 [DEBUG] [lighter] Subscribed to trade/34
15:58:05 [DEBUG] [lighter] Subscribed to order_book/4
15:58:05 [DEBUG] [lighter] Subscribed to order_book/3
15:58:05 [DEBUG] [lighter] Subscribed to trade/3
15:58:05 [DEBUG] [lighter] Subscribed to order_book/12
15:58:05 [DEBUG] [lighter] Subscribed to trade/12
15:58:05 [DEBUG] [lighter] Subscribed to order_book/72
15:58:05 [DEBUG] [lighter] Subscribed to order_book/24
15:58:05 [DEBUG] [lighter] Subscribed to trade/24
15:58:05 [DEBUG] [lighter] Subscribed to order_book/93
15:58:05 [DEBUG] [lighter] Subscribed to trade/93
15:58:05 [DEBUG] [lighter] Subscribed to trade/4
15:58:05 [DEBUG] [lighter] Subscribed to order_book/104
15:58:05 [DEBUG] [lighter] Subscribed to trade/104
15:58:05 [DEBUG] [lighter] Subscribed to order_book/92
15:58:05 [DEBUG] [lighter] Subscribed to trade/92
15:58:05 [DEBUG] [lighter] Subscribed to order_book/37
15:58:05 [DEBUG] [lighter] Subscribed to order_book/32
15:58:05 [DEBUG] [lighter] Subscribed to trade/32
15:58:05 [DEBUG] [lighter] Subscribed to order_book/36
15:58:05 [DEBUG] [lighter] Subscribed to trade/36
15:58:05 [DEBUG] [lighter] Subscribed to trade/90
15:58:06 [DEBUG] [lighter] Subscribed to order_book/40
15:58:06 [DEBUG] [lighter] Subscribed to trade/40
15:58:06 [DEBUG] [x10] Subscribed to orderbooks/ASTER/USD
15:58:06 [DEBUG] [x10] Subscribed to publicTrades/ASTER/USD
15:58:06 [DEBUG] [x10] Subscribed to funding/ASTER/USD
15:58:06 [DEBUG] [lighter] Subscribed to order_book/16
15:58:06 [DEBUG] [x10] Subscribed to orderbooks/LTC/USD
15:58:06 [DEBUG] [x10] Subscribed to publicTrades/LTC/USD
15:58:06 [DEBUG] [x10] Subscribed to funding/LTC/USD
15:58:06 [DEBUG] [x10] Subscribed to orderbooks/ZEC/USD
15:58:06 [DEBUG] [x10] Subscribed to publicTrades/ZEC/USD
15:58:06 [DEBUG] [x10] Subscribed to funding/ZEC/USD
15:58:06 [DEBUG] [lighter] Subscribed to trade/52
15:58:06 [DEBUG] [x10] Subscribed to orderbooks/1000PEPE/USD
15:58:06 [DEBUG] [x10] Subscribed to publicTrades/1000PEPE/USD
15:58:06 [DEBUG] [x10] Subscribed to funding/1000PEPE/USD
15:58:06 [DEBUG] [x10] Subscribed to orderbooks/KAITO/USD
15:58:06 [DEBUG] [x10] Subscribed to publicTrades/KAITO/USD
15:58:06 [DEBUG] [x10] Subscribed to funding/KAITO/USD
15:58:06 [DEBUG] [lighter] Subscribed to trade/42
15:58:06 [DEBUG] [x10] Subscribed to orderbooks/PENGU/USD
15:58:06 [DEBUG] [x10] Subscribed to publicTrades/PENGU/USD
15:58:06 [DEBUG] [x10] Subscribed to funding/PENGU/USD
15:58:06 [DEBUG] [x10] Subscribed to orderbooks/PENDLE/USD
15:58:06 [DEBUG] [x10] Subscribed to publicTrades/PENDLE/USD
15:58:06 [DEBUG] [x10] Subscribed to funding/PENDLE/USD
15:58:06 [DEBUG] [lighter] Subscribed to trade/47
15:58:06 [DEBUG] [x10] Subscribed to orderbooks/ZRO/USD
15:58:06 [DEBUG] [x10] Subscribed to publicTrades/ZRO/USD
15:58:06 [DEBUG] [x10] Subscribed to funding/ZRO/USD
15:58:06 [DEBUG] [x10] Subscribed to orderbooks/SUI/USD
15:58:06 [DEBUG] [x10] Subscribed to publicTrades/SUI/USD
15:58:06 [DEBUG] [x10] Subscribed to funding/SUI/USD
15:58:06 [DEBUG] [lighter] Subscribed to trade/83
15:58:06 [DEBUG] [x10] Subscribed to orderbooks/LINEA/USD
15:58:06 [DEBUG] [x10] Subscribed to publicTrades/LINEA/USD
15:58:06 [DEBUG] [x10] Subscribed to funding/LINEA/USD
15:58:06 [DEBUG] [x10] Subscribed to orderbooks/GRASS/USD
15:58:06 [DEBUG] [x10] Subscribed to publicTrades/GRASS/USD
15:58:06 [DEBUG] [x10] Subscribed to funding/GRASS/USD
15:58:06 [DEBUG] [lighter] Subscribed to trade/46
15:58:06 [DEBUG] [x10] Subscribed to orderbooks/EIGEN/USD
15:58:06 [DEBUG] [x10] Subscribed to publicTrades/EIGEN/USD
15:58:06 [DEBUG] [x10] Subscribed to funding/EIGEN/USD
15:58:06 [DEBUG] [x10] Subscribed to orderbooks/WLFI/USD
15:58:06 [DEBUG] [x10] Subscribed to publicTrades/WLFI/USD
15:58:06 [DEBUG] [x10] Subscribed to funding/WLFI/USD
15:58:06 [DEBUG] [lighter] Subscribed to trade/72
15:58:06 [DEBUG] [x10] Subscribed to orderbooks/1000SHIB/USD
15:58:06 [DEBUG] [x10] Subscribed to publicTrades/1000SHIB/USD
15:58:06 [DEBUG] [x10] Subscribed to funding/1000SHIB/USD
15:58:06 [DEBUG] [x10] Subscribed to orderbooks/TRX/USD
15:58:06 [DEBUG] [x10] Subscribed to publicTrades/TRX/USD
15:58:06 [DEBUG] [x10] Subscribed to funding/TRX/USD
15:58:06 [DEBUG] ✅ LTC-USD: X10=$300,063, Lighter=$24,176, Total=$324,239
15:58:06 [DEBUG] [x10] Subscribed to orderbooks/LDO/USD
15:58:06 [DEBUG] [x10] Subscribed to publicTrades/LDO/USD
15:58:06 [DEBUG] [x10] Subscribed to funding/LDO/USD
15:58:06 [DEBUG] [x10] Subscribed to orderbooks/SPX/USD
15:58:06 [DEBUG] [x10] Subscribed to publicTrades/SPX/USD
15:58:06 [DEBUG] [x10] Subscribed to funding/SPX/USD
15:58:06 [DEBUG] [x10] Subscribed to orderbooks/FIL/USD
15:58:06 [DEBUG] [x10] Subscribed to publicTrades/FIL/USD
15:58:06 [DEBUG] [x10] Subscribed to funding/FIL/USD
15:58:06 [DEBUG] [x10] Subscribed to orderbooks/MKR/USD
15:58:06 [DEBUG] [x10] Subscribed to publicTrades/MKR/USD
15:58:06 [DEBUG] [x10] Subscribed to funding/MKR/USD
15:58:06 [DEBUG] [x10] Subscribed to orderbooks/TIA/USD
15:58:06 [DEBUG] [x10] Subscribed to publicTrades/TIA/USD
15:58:06 [DEBUG] [x10] Subscribed to funding/TIA/USD
15:58:06 [DEBUG] [x10] Subscribed to orderbooks/XRP/USD
15:58:06 [DEBUG] [x10] Subscribed to publicTrades/XRP/USD
15:58:06 [DEBUG] [x10] Subscribed to funding/XRP/USD
15:58:07 [DEBUG] [x10] Subscribed to orderbooks/VIRTUAL/USD
15:58:07 [DEBUG] [x10] Subscribed to publicTrades/VIRTUAL/USD
15:58:07 [DEBUG] [x10] Subscribed to funding/VIRTUAL/USD
15:58:07 [DEBUG] [x10] Subscribed to orderbooks/JUP/USD
15:58:07 [DEBUG] [x10] Subscribed to publicTrades/JUP/USD
15:58:07 [DEBUG] [x10] Subscribed to funding/JUP/USD
15:58:07 [DEBUG] [x10] Subscribed to orderbooks/LINK/USD
15:58:07 [DEBUG] [x10] Subscribed to publicTrades/LINK/USD
15:58:07 [DEBUG] [x10] Subscribed to funding/LINK/USD
15:58:07 [DEBUG] [x10] Subscribed to orderbooks/ETH/USD
15:58:07 [DEBUG] [x10] Subscribed to publicTrades/ETH/USD
15:58:07 [DEBUG] [x10] Subscribed to funding/ETH/USD
15:58:07 [DEBUG] [x10] Subscribed to orderbooks/USDJPY/USD
15:58:07 [DEBUG] [x10] Subscribed to publicTrades/USDJPY/USD
15:58:07 [DEBUG] [x10] Subscribed to funding/USDJPY/USD
15:58:07 [DEBUG] [x10] Subscribed to orderbooks/FARTCOIN/USD
15:58:07 [DEBUG] [x10] Subscribed to publicTrades/FARTCOIN/USD
15:58:07 [DEBUG] [x10] Subscribed to funding/FARTCOIN/USD
15:58:07 [DEBUG] [x10] Subscribed to orderbooks/PUMP/USD
15:58:07 [DEBUG] [x10] Subscribed to publicTrades/PUMP/USD
15:58:07 [DEBUG] [x10] Subscribed to funding/PUMP/USD
15:58:07 [DEBUG] [x10] Subscribed to orderbooks/APEX/USD
15:58:07 [DEBUG] [x10] Subscribed to publicTrades/APEX/USD
15:58:07 [DEBUG] [x10] Subscribed to funding/APEX/USD
15:58:07 [DEBUG] [x10] Subscribed to orderbooks/MNT/USD
15:58:07 [DEBUG] [x10] Subscribed to publicTrades/MNT/USD
15:58:07 [DEBUG] [x10] Subscribed to funding/MNT/USD
15:58:07 [DEBUG] [x10] Subscribed to orderbooks/ENA/USD
15:58:07 [DEBUG] [x10] Subscribed to publicTrades/ENA/USD
15:58:07 [DEBUG] [x10] Subscribed to funding/ENA/USD
15:58:07 [DEBUG] [x10] Subscribed to orderbooks/SOL/USD
15:58:07 [DEBUG] [x10] Subscribed to publicTrades/SOL/USD
15:58:07 [DEBUG] [x10] Subscribed to funding/SOL/USD
15:58:07 [DEBUG] [x10] Subscribed to orderbooks/BTC/USD
15:58:07 [DEBUG] [x10] Subscribed to publicTrades/BTC/USD
15:58:07 [DEBUG] [x10] Subscribed to funding/BTC/USD
15:58:07 [DEBUG] [x10] Subscribed to orderbooks/OP/USD
15:58:07 [DEBUG] [x10] Subscribed to publicTrades/OP/USD
15:58:07 [DEBUG] [x10] Subscribed to funding/OP/USD
15:58:07 [DEBUG] [x10] Subscribed to orderbooks/EDEN/USD
15:58:07 [DEBUG] [x10] Subscribed to publicTrades/EDEN/USD
15:58:07 [DEBUG] [x10] Subscribed to funding/EDEN/USD
15:58:07 [DEBUG] [x10] Subscribed to orderbooks/BCH/USD
15:58:07 [DEBUG] [x10] Subscribed to publicTrades/BCH/USD
15:58:07 [DEBUG] [x10] Subscribed to funding/BCH/USD
15:58:07 [DEBUG] [x10] Subscribed to orderbooks/RESOLV/USD
15:58:07 [DEBUG] [x10] Subscribed to publicTrades/RESOLV/USD
15:58:07 [DEBUG] [x10] Subscribed to funding/RESOLV/USD
15:58:07 [DEBUG] [x10] Subscribed to orderbooks/AVNT/USD
15:58:07 [DEBUG] [x10] Subscribed to publicTrades/AVNT/USD
15:58:07 [DEBUG] [x10] Subscribed to funding/AVNT/USD
15:58:07 [DEBUG] [x10] Subscribed to orderbooks/TAO/USD
15:58:07 [DEBUG] [x10] Subscribed to publicTrades/TAO/USD
15:58:07 [DEBUG] [x10] Subscribed to funding/TAO/USD
15:58:07 [DEBUG] [x10] Subscribed to orderbooks/POPCAT/USD
15:58:07 [DEBUG] [x10] Subscribed to publicTrades/POPCAT/USD
15:58:07 [DEBUG] [x10] Subscribed to funding/POPCAT/USD
15:58:07 [DEBUG] [x10] Subscribed to orderbooks/ARB/USD
15:58:07 [DEBUG] [x10] Subscribed to publicTrades/ARB/USD
15:58:07 [DEBUG] [x10] Subscribed to funding/ARB/USD
15:58:07 [DEBUG] [x10] Subscribed to orderbooks/ZORA/USD
15:58:07 [DEBUG] [x10] Subscribed to publicTrades/ZORA/USD
15:58:07 [DEBUG] [x10] Subscribed to funding/ZORA/USD
15:58:08 [DEBUG] [x10] Subscribed to orderbooks/1000BONK/USD
15:58:08 [DEBUG] [x10] Subscribed to publicTrades/1000BONK/USD
15:58:08 [DEBUG] [x10] Subscribed to funding/1000BONK/USD
15:58:08 [DEBUG] [x10] Subscribed to orderbooks/TRUMP/USD
15:58:08 [DEBUG] [x10] Subscribed to publicTrades/TRUMP/USD
15:58:08 [DEBUG] [x10] Subscribed to funding/TRUMP/USD
15:58:08 [DEBUG] [x10] Subscribed to orderbooks/AVAX/USD
15:58:08 [DEBUG] [x10] Subscribed to publicTrades/AVAX/USD
15:58:08 [DEBUG] [x10] Subscribed to funding/AVAX/USD
15:58:08 [DEBUG] [x10] Subscribed to orderbooks/AAVE/USD
15:58:08 [DEBUG] [x10] Subscribed to publicTrades/AAVE/USD
15:58:08 [DEBUG] [x10] Subscribed to funding/AAVE/USD
15:58:08 [DEBUG] [x10] Subscribed to orderbooks/DOT/USD
15:58:08 [DEBUG] [x10] Subscribed to publicTrades/DOT/USD
15:58:08 [DEBUG] [x10] Subscribed to funding/DOT/USD
15:58:08 [DEBUG] [x10] Subscribed to orderbooks/XPL/USD
15:58:08 [DEBUG] [x10] Subscribed to publicTrades/XPL/USD
15:58:08 [DEBUG] [x10] Subscribed to funding/XPL/USD
15:58:08 [DEBUG] [x10] Subscribed to orderbooks/AERO/USD
15:58:08 [DEBUG] [x10] Subscribed to publicTrades/AERO/USD
15:58:08 [DEBUG] [x10] Subscribed to funding/AERO/USD
15:58:08 [DEBUG] [x10] Subscribed to orderbooks/WIF/USD
15:58:08 [DEBUG] [x10] Subscribed to publicTrades/WIF/USD
15:58:08 [DEBUG] [x10] Subscribed to funding/WIF/USD
15:58:08 [DEBUG] [x10] Subscribed to orderbooks/BNB/USD
15:58:08 [DEBUG] [x10] Subscribed to publicTrades/BNB/USD
15:58:08 [DEBUG] [x10] Subscribed to funding/BNB/USD
15:58:08 [DEBUG] [x10] Subscribed to orderbooks/UNI/USD
15:58:08 [DEBUG] [x10] Subscribed to publicTrades/UNI/USD
15:58:08 [DEBUG] [x10] Subscribed to funding/UNI/USD
15:58:08 [DEBUG] [x10] Subscribed to orderbooks/NEAR/USD
15:58:08 [DEBUG] [x10] Subscribed to publicTrades/NEAR/USD
15:58:08 [DEBUG] [x10] Subscribed to funding/NEAR/USD
15:58:08 [DEBUG] [x10] Subscribed to orderbooks/BERA/USD
15:58:08 [DEBUG] [x10] Subscribed to publicTrades/BERA/USD
15:58:08 [DEBUG] [x10] Subscribed to funding/BERA/USD
15:58:08 [DEBUG] [x10] Subscribed to orderbooks/APT/USD
15:58:08 [DEBUG] [x10] Subscribed to publicTrades/APT/USD
15:58:08 [DEBUG] [x10] Subscribed to funding/APT/USD
15:58:08 [DEBUG] [x10] Subscribed to orderbooks/ONDO/USD
15:58:08 [DEBUG] [x10] Subscribed to publicTrades/ONDO/USD
15:58:08 [DEBUG] [x10] Subscribed to funding/ONDO/USD
15:58:08 [DEBUG] [x10] Subscribed to orderbooks/MEGA/USD
15:58:08 [DEBUG] [x10] Subscribed to publicTrades/MEGA/USD
15:58:08 [DEBUG] [x10] Subscribed to funding/MEGA/USD
15:58:08 [DEBUG] [x10] Subscribed to orderbooks/WLD/USD
15:58:08 [DEBUG] [x10] Subscribed to publicTrades/WLD/USD
15:58:08 [DEBUG] [x10] Subscribed to funding/WLD/USD
15:58:08 [DEBUG] [x10] Subscribed to orderbooks/ADA/USD
15:58:08 [DEBUG] [x10] Subscribed to publicTrades/ADA/USD
15:58:08 [DEBUG] [x10] Subscribed to funding/ADA/USD
15:58:08 [DEBUG] [x10] Subscribed to orderbooks/MON/USD
15:58:08 [DEBUG] [x10] Subscribed to publicTrades/MON/USD
15:58:08 [DEBUG] [x10] Subscribed to funding/MON/USD
15:58:08 [DEBUG] [x10] Subscribed to orderbooks/IP/USD
15:58:08 [DEBUG] [x10] Subscribed to publicTrades/IP/USD
15:58:08 [DEBUG] [x10] Subscribed to funding/IP/USD
15:58:08 [DEBUG] [x10] Subscribed to orderbooks/DOGE/USD
15:58:08 [DEBUG] [x10] Subscribed to publicTrades/DOGE/USD
15:58:08 [DEBUG] [x10] Subscribed to funding/DOGE/USD
15:58:08 [DEBUG] [x10] Subscribed to orderbooks/TON/USD
15:58:08 [DEBUG] [x10] Subscribed to publicTrades/TON/USD
15:58:08 [DEBUG] [x10] Subscribed to funding/TON/USD
15:58:09 [DEBUG] [x10] Subscribed to orderbooks/HYPE/USD
15:58:09 [DEBUG] [x10] Subscribed to publicTrades/HYPE/USD
15:58:09 [DEBUG] [x10] Subscribed to funding/HYPE/USD
15:58:09 [DEBUG] [x10] Subscribed to orderbooks/XAG/USD
15:58:09 [DEBUG] [x10] Subscribed to publicTrades/XAG/USD
15:58:09 [DEBUG] [x10] Subscribed to funding/XAG/USD
15:58:09 [DEBUG] [x10] Subscribed to orderbooks/STRK/USD
15:58:09 [DEBUG] [x10] Subscribed to publicTrades/STRK/USD
15:58:09 [DEBUG] [x10] Subscribed to funding/STRK/USD
15:58:09 [DEBUG] [x10] Subscribed to orderbooks/XAU/USD
15:58:09 [DEBUG] [x10] Subscribed to publicTrades/XAU/USD
15:58:09 [DEBUG] [x10] Subscribed to funding/XAU/USD
15:58:09 [DEBUG] [x10] Subscribed to orderbooks/SEI/USD
15:58:09 [DEBUG] [x10] Subscribed to publicTrades/SEI/USD
15:58:09 [DEBUG] [x10] Subscribed to funding/SEI/USD
15:58:09 [DEBUG] [x10] Subscribed to orderbooks/CRV/USD
15:58:09 [DEBUG] [x10] Subscribed to publicTrades/CRV/USD
15:58:09 [DEBUG] [x10] Subscribed to funding/CRV/USD
15:58:09 [DEBUG] [x10] Subscribed to orderbooks/S/USD
15:58:09 [DEBUG] [x10] Subscribed to publicTrades/S/USD
15:58:09 [DEBUG] [x10] Subscribed to funding/S/USD
15:58:09 [INFO] 🔗 Components Wired: WS -> OI Tracker -> Prediction
15:58:09 [INFO] 🧟 Starte Zombie-Check: Vergleiche DB mit echten Positionen...
15:58:09 [INFO] 🔍 DB meldet 4 offene Trades. Prüfe Exchange...
15:58:09 [DEBUG] Sending GET https://api.starknet.extended.exchange/api/v1/user/positions?
15:58:10 [DEBUG] ✅ 1000PEPE-USD: X10=$122,264, Lighter=$207,361,574, Total=$207,483,838
15:58:10 [INFO] Lighter: Found 0 open positions
15:58:10 [INFO] 🌍 Echte Positionen auf Exchanges: []
15:58:10 [WARNING] ⚠️  ZOMBIE GEFUNDEN: LINEA-USD ist in DB offen, aber nicht auf Exchange. Schließe ihn...
15:58:10 [INFO] ✅ Trade LINEA-USD closed (PnL: $0.00)
15:58:10 [WARNING] ⚠️  ZOMBIE GEFUNDEN: ZRO-USD ist in DB offen, aber nicht auf Exchange. Schließe ihn...
15:58:10 [INFO] ✅ Trade ZRO-USD closed (PnL: $0.00)
15:58:10 [WARNING] ⚠️  ZOMBIE GEFUNDEN: APT-USD ist in DB offen, aber nicht auf Exchange. Schließe ihn...
15:58:10 [INFO] ✅ Trade APT-USD closed (PnL: $0.00)
15:58:10 [WARNING] ⚠️  ZOMBIE GEFUNDEN: RESOLV-USD ist in DB offen, aber nicht auf Exchange. Schließe ihn...
15:58:10 [INFO] ✅ Trade RESOLV-USD closed (PnL: $0.00)
15:58:10 [INFO] ✅ ParallelExecutionManager: Rollback processor started
15:58:10 [INFO] ✅ ParallelExecutionManager started
15:58:10 [INFO] 📝 Registered task: logic_loop (critical=True)
15:58:10 [INFO] 📝 Registered task: trade_management_loop (critical=True)
15:58:10 [INFO] 📝 Registered task: farm_loop (critical=False)
15:58:10 [INFO] 📝 Registered task: maintenance_loop (critical=False)
15:58:10 [INFO] 📝 Registered task: cleanup_finished_tasks (critical=False)
15:58:10 [INFO] 📝 Registered task: health_reporter (critical=False)
15:58:10 [INFO] ✅ Signal handlers installed (SIGINT, SIGTERM)
15:58:10 [INFO] ▶️  Started task: logic_loop
15:58:10 [INFO] ▶️  Started task: trade_management_loop
15:58:10 [INFO] ▶️  Started task: farm_loop
15:58:10 [INFO] ▶️  Started task: maintenance_loop
15:58:10 [INFO] ▶️  Started task: cleanup_finished_tasks
15:58:10 [INFO] ▶️  Started task: health_reporter
15:58:10 [INFO] 🚀 Started 6 tasks
15:58:10 [INFO] ═══════════════════════════════════════════════════════════
15:58:10 [INFO]    BOT V5 RUNNING 24/7 - SUPERVISED | Ctrl+C = Stop   
15:58:10 [INFO] ═══════════════════════════════════════════════════════════
15:58:10 [INFO] 🔄 Rollback processor running...
15:58:10 [INFO] Logic Loop gestartet – REFRESH alle 3s
15:58:10 [INFO] 🔍 💎 ARB Scanning 70 pairs. Open symbols to skip: set()
15:58:10 [DEBUG] Price cache status: X10=70/70, Lighter=69/70
15:58:10 [INFO] 🔍 Scanning 70 pairs. Lighter markets: 118, X10 markets: 91
15:58:10 [INFO] 🛡️ Trade Management Loop gestartet
15:58:10 [DEBUG] 📊 X10 Funding Cache refresh (current=91)
15:58:10 [DEBUG] Sending GET https://api.starknet.extended.exchange/api/v1/info/markets?
15:58:10 [INFO] 🔍 Supervisor loop started
15:58:10 [DEBUG] executing functools.partial(<built-in method execute of sqlite3.Connection object at 0x000001F87F8FE3E0>, "\n            UPDATE trades \n            SET status = 'closed', \n                closed_at = ?, \n                pnl = ?,\n                funding_collected = ?\n            WHERE symbol = ?  AND status = 'open'\n        ", (1764514690811, 0, 0, 'LINEA-USD'))
15:58:10 [DEBUG] operation functools.partial(<built-in method execute of sqlite3.Connection object at 0x000001F87F8FE3E0>, "\n            UPDATE trades \n            SET status = 'closed', \n                closed_at = ?, \n                pnl = ?,\n                funding_collected = ?\n            WHERE symbol = ?  AND status = 'open'\n        ", (1764514690811, 0, 0, 'LINEA-USD')) completed
15:58:10 [DEBUG] executing functools.partial(<built-in method commit of sqlite3.Connection object at 0x000001F87F8FE3E0>)
15:58:10 [DEBUG] 📝 Flushed 1 writes
15:58:10 [DEBUG] operation functools.partial(<built-in method commit of sqlite3.Connection object at 0x000001F87F8FE3E0>) completed
15:58:10 [DEBUG] 📝 Flushed 1 writes in 16.0ms
15:58:10 [DEBUG] ASTER-USD: Missing rates (L=None, X=1.3e-05)
15:58:10 [DEBUG] LTC-USD: Missing rates (L=None, X=1.3e-05)
15:58:10 [DEBUG] ZEC-USD: Missing rates (L=None, X=1.3e-05)
15:58:10 [DEBUG] 1000PEPE-USD: Missing rates (L=None, X=1.3e-05)
15:58:10 [DEBUG] KAITO-USD: Missing rates (L=None, X=-2.2e-05)
15:58:10 [DEBUG] PENGU-USD: Missing rates (L=None, X=1.3e-05)
15:58:10 [DEBUG] ZRO-USD: Missing rates (L=None, X=-6.5e-05)
15:58:10 [DEBUG] LINEA-USD: Missing rates (L=None, X=-0.000121)
15:58:10 [DEBUG] SUI-USD: Missing rates (L=None, X=1.3e-05)
15:58:10 [DEBUG] PENDLE-USD: Missing rates (L=None, X=1.3e-05)
15:58:10 [DEBUG] GRASS-USD: Missing rates (L=None, X=-9e-06)
15:58:10 [DEBUG] EIGEN-USD: Missing rates (L=None, X=1.3e-05)
15:58:10 [DEBUG] WLFI-USD: Missing rates (L=None, X=-3.2e-05)
15:58:10 [DEBUG] LDO-USD: Missing rates (L=None, X=7e-06)
15:58:10 [DEBUG] TIA-USD: Missing rates (L=None, X=-0.000104)
15:58:10 [DEBUG] SPX-USD: Missing rates (L=None, X=-0.000129)
15:58:10 [DEBUG] FIL-USD: Missing rates (L=None, X=1.3e-05)
15:58:10 [DEBUG] MKR-USD: Missing rates (L=None, X=1.3e-05)
15:58:10 [DEBUG] MKR-USD: Missing prices (X=1663.9, L=None)
15:58:10 [DEBUG] 1000SHIB-USD: Missing rates (L=None, X=-4e-06)
15:58:10 [DEBUG] TRX-USD: Missing rates (L=None, X=1.3e-05)
15:58:10 [DEBUG] XRP-USD: Missing rates (L=None, X=2e-06)
15:58:10 [DEBUG] VIRTUAL-USD: Missing rates (L=None, X=1.3e-05)
15:58:10 [DEBUG] JUP-USD: Missing rates (L=None, X=1.3e-05)
15:58:10 [DEBUG] USDJPY-USD: Missing rates (L=None, X=0.0)
15:58:10 [DEBUG] MNT-USD: Missing rates (L=None, X=1.3e-05)
15:58:10 [DEBUG] FARTCOIN-USD: Missing rates (L=None, X=1.3e-05)
15:58:10 [DEBUG] PUMP-USD: Missing rates (L=None, X=1.3e-05)
15:58:10 [DEBUG] APEX-USD: Missing rates (L=None, X=1.3e-05)
15:58:10 [DEBUG] LINK-USD: Missing rates (L=None, X=-2.6e-05)
15:58:10 [DEBUG] ETH-USD: Missing rates (L=None, X=1.3e-05)
15:58:10 [DEBUG] ENA-USD: Missing rates (L=None, X=-2.2e-05)
15:58:10 [DEBUG] SOL-USD: Missing rates (L=None, X=1.2e-05)
15:58:10 [DEBUG] BTC-USD: Missing rates (L=None, X=1.3e-05)
15:58:10 [DEBUG] BCH-USD: Missing rates (L=None, X=1.3e-05)
15:58:10 [DEBUG] POPCAT-USD: Missing rates (L=None, X=1.3e-05)
15:58:10 [DEBUG] RESOLV-USD: Missing rates (L=None, X=-0.000207)
15:58:10 [DEBUG] AVNT-USD: Missing rates (L=None, X=1.3e-05)
15:58:10 [DEBUG] TAO-USD: Missing rates (L=None, X=1.3e-05)
15:58:10 [DEBUG] OP-USD: Missing rates (L=None, X=-1.8e-05)
15:58:10 [DEBUG] EDEN-USD: Missing rates (L=None, X=1.3e-05)
15:58:11 [DEBUG] ARB-USD: Missing rates (L=None, X=-4e-06)
15:58:11 [DEBUG] ZORA-USD: Missing rates (L=None, X=-0.000323)
15:58:11 [DEBUG] 1000BONK-USD: Missing rates (L=None, X=1.3e-05)
15:58:11 [DEBUG] AAVE-USD: Missing rates (L=None, X=1.3e-05)
15:58:11 [DEBUG] WIF-USD: Missing rates (L=None, X=1.3e-05)
15:58:11 [DEBUG] DOT-USD: Missing rates (L=None, X=1.3e-05)
15:58:11 [DEBUG] XPL-USD: Missing rates (L=None, X=1.3e-05)
15:58:11 [DEBUG] AERO-USD: Missing rates (L=None, X=-7.6e-05)
15:58:11 [DEBUG] TRUMP-USD: Missing rates (L=None, X=1.3e-05)
15:58:11 [DEBUG] AVAX-USD: Missing rates (L=None, X=1.3e-05)
15:58:11 [DEBUG] BNB-USD: Missing rates (L=None, X=1.3e-05)
15:58:11 [DEBUG] UNI-USD: Missing rates (L=None, X=-8e-06)
15:58:11 [DEBUG] ONDO-USD: Missing rates (L=None, X=1.3e-05)
15:58:11 [DEBUG] MON-USD: Missing rates (L=None, X=1.3e-05)
15:58:11 [DEBUG] MEGA-USD: Missing rates (L=None, X=-0.00011)
15:58:11 [DEBUG] WLD-USD: Missing rates (L=None, X=4e-06)
15:58:11 [DEBUG] ADA-USD: Missing rates (L=None, X=1.3e-05)
15:58:11 [DEBUG] NEAR-USD: Missing rates (L=None, X=1.3e-05)
15:58:11 [DEBUG] BERA-USD: Missing rates (L=None, X=-0.000136)
15:58:11 [DEBUG] APT-USD: Missing rates (L=None, X=-0.000138)
15:58:11 [DEBUG] IP-USD: Missing rates (L=None, X=1.3e-05)
15:58:11 [DEBUG] DOGE-USD: Missing rates (L=None, X=1.3e-05)
15:58:11 [DEBUG] TON-USD: Missing rates (L=None, X=1.3e-05)
15:58:11 [DEBUG] SEI-USD: Missing rates (L=None, X=1.1e-05)
15:58:11 [DEBUG] CRV-USD: Missing rates (L=None, X=1.3e-05)
15:58:11 [DEBUG] S-USD: Missing rates (L=None, X=1.3e-05)
15:58:11 [DEBUG] HYPE-USD: Missing rates (L=None, X=1.3e-05)
15:58:11 [DEBUG] XAG-USD: Missing rates (L=None, X=0.0)
15:58:11 [DEBUG] STRK-USD: Missing rates (L=None, X=-7.3e-05)
15:58:11 [DEBUG] XAU-USD: Missing rates (L=None, X=-1e-05)
15:58:11 [INFO] ✅ Found 0 opportunities with predictions (farm_mode=False)
15:58:11 [INFO] ⚠️ Keine Prediction-Opportunities, nutze Fallback mit echten Funding Rates...
15:58:11 [DEBUG] Skip ASTER-USD: Missing rates (L=None, X=1.3e-05)
15:58:11 [DEBUG] Skip LTC-USD: Missing rates (L=None, X=1.3e-05)
15:58:11 [DEBUG] Skip ZEC-USD: Missing rates (L=None, X=1.3e-05)
15:58:11 [DEBUG] Skip 1000PEPE-USD: Missing rates (L=None, X=1.3e-05)
15:58:11 [DEBUG] Skip KAITO-USD: Missing rates (L=None, X=-2.2e-05)
15:58:11 [DEBUG] Skip PENGU-USD: Missing rates (L=None, X=1.3e-05)
15:58:11 [DEBUG] Skip PENDLE-USD: Missing rates (L=None, X=1.3e-05)
15:58:11 [DEBUG] Skip ZRO-USD: Missing rates (L=None, X=-6.5e-05)
15:58:11 [DEBUG] Skip SUI-USD: Missing rates (L=None, X=1.3e-05)
15:58:11 [DEBUG] Skip LINEA-USD: Missing rates (L=None, X=-0.000121)
15:58:11 [DEBUG] Skip GRASS-USD: Missing rates (L=None, X=-9e-06)
15:58:11 [DEBUG] Skip EIGEN-USD: Missing rates (L=None, X=1.3e-05)
15:58:11 [DEBUG] Skip WLFI-USD: Missing rates (L=None, X=-3.2e-05)
15:58:11 [DEBUG] Skip 1000SHIB-USD: Missing rates (L=None, X=-4e-06)
15:58:11 [DEBUG] Skip TRX-USD: Missing rates (L=None, X=1.3e-05)
15:58:11 [DEBUG] Skip LDO-USD: Missing rates (L=None, X=7e-06)
15:58:11 [DEBUG] ⛔ Skip SPX-USD: TradFi/FX
15:58:11 [DEBUG] Skip FIL-USD: Missing rates (L=None, X=1.3e-05)
15:58:11 [DEBUG] Skip MKR-USD: Missing rates (L=None, X=1.3e-05)
15:58:11 [DEBUG] Skip TIA-USD: Missing rates (L=None, X=-0.000104)
15:58:11 [DEBUG] Skip XRP-USD: Missing rates (L=None, X=2e-06)
15:58:11 [DEBUG] Skip VIRTUAL-USD: Missing rates (L=None, X=1.3e-05)
15:58:11 [DEBUG] Skip JUP-USD: Missing rates (L=None, X=1.3e-05)
15:58:11 [DEBUG] Skip LINK-USD: Missing rates (L=None, X=-2.6e-05)
15:58:11 [DEBUG] Skip ETH-USD: Missing rates (L=None, X=1.3e-05)
15:58:11 [DEBUG] Skip USDJPY-USD: Missing rates (L=None, X=0.0)
15:58:11 [DEBUG] Skip FARTCOIN-USD: Missing rates (L=None, X=1.3e-05)
15:58:11 [DEBUG] Skip PUMP-USD: Missing rates (L=None, X=1.3e-05)
15:58:11 [DEBUG] Skip APEX-USD: Missing rates (L=None, X=1.3e-05)
15:58:11 [DEBUG] Skip MNT-USD: Missing rates (L=None, X=1.3e-05)
15:58:11 [DEBUG] Skip ENA-USD: Missing rates (L=None, X=-2.2e-05)
15:58:11 [DEBUG] Skip SOL-USD: Missing rates (L=None, X=1.2e-05)
15:58:11 [DEBUG] Skip BTC-USD: Missing rates (L=None, X=1.3e-05)
15:58:11 [DEBUG] Skip OP-USD: Missing rates (L=None, X=-1.8e-05)
15:58:11 [DEBUG] Skip EDEN-USD: Missing rates (L=None, X=1.3e-05)
15:58:11 [DEBUG] Skip BCH-USD: Missing rates (L=None, X=1.3e-05)
15:58:11 [DEBUG] Skip RESOLV-USD: Missing rates (L=None, X=-0.000207)
15:58:11 [DEBUG] Skip AVNT-USD: Missing rates (L=None, X=1.3e-05)
15:58:11 [DEBUG] Skip TAO-USD: Missing rates (L=None, X=1.3e-05)
15:58:11 [DEBUG] Skip POPCAT-USD: Missing rates (L=None, X=1.3e-05)
15:58:11 [DEBUG] Skip ARB-USD: Missing rates (L=None, X=-4e-06)
15:58:11 [DEBUG] Skip ZORA-USD: Missing rates (L=None, X=-0.000323)
15:58:11 [DEBUG] Skip 1000BONK-USD: Missing rates (L=None, X=1.3e-05)
15:58:11 [DEBUG] Skip TRUMP-USD: Missing rates (L=None, X=1.3e-05)
15:58:11 [DEBUG] Skip AVAX-USD: Missing rates (L=None, X=1.3e-05)
15:58:11 [DEBUG] Skip AAVE-USD: Missing rates (L=None, X=1.3e-05)
15:58:11 [DEBUG] Skip DOT-USD: Missing rates (L=None, X=1.3e-05)
15:58:11 [DEBUG] Skip XPL-USD: Missing rates (L=None, X=1.3e-05)
15:58:11 [DEBUG] ⛔ Skip AERO-USD: In BLACKLIST
15:58:11 [DEBUG] Skip WIF-USD: Missing rates (L=None, X=1.3e-05)
15:58:11 [DEBUG] Skip BNB-USD: Missing rates (L=None, X=1.3e-05)
15:58:11 [DEBUG] Skip UNI-USD: Missing rates (L=None, X=-8e-06)
15:58:11 [DEBUG] Skip NEAR-USD: Missing rates (L=None, X=1.3e-05)
15:58:11 [DEBUG] Skip BERA-USD: Missing rates (L=None, X=-0.000136)
15:58:11 [DEBUG] Skip APT-USD: Missing rates (L=None, X=-0.000138)
15:58:11 [DEBUG] Skip ONDO-USD: Missing rates (L=None, X=1.3e-05)
15:58:11 [DEBUG] ⛔ Skip MEGA-USD: In BLACKLIST
15:58:11 [DEBUG] Skip WLD-USD: Missing rates (L=None, X=4e-06)
15:58:11 [DEBUG] Skip ADA-USD: Missing rates (L=None, X=1.3e-05)
15:58:11 [DEBUG] Skip MON-USD: Missing rates (L=None, X=1.3e-05)
15:58:11 [DEBUG] Skip IP-USD: Missing rates (L=None, X=1.3e-05)
15:58:11 [DEBUG] Skip DOGE-USD: Missing rates (L=None, X=1.3e-05)
15:58:11 [DEBUG] Skip TON-USD: Missing rates (L=None, X=1.3e-05)
15:58:11 [DEBUG] Skip HYPE-USD: Missing rates (L=None, X=1.3e-05)
15:58:11 [DEBUG] ⛔ Skip XAG-USD: TradFi/FX
15:58:11 [DEBUG] Skip STRK-USD: Missing rates (L=None, X=-7.3e-05)
15:58:11 [DEBUG] ⛔ Skip XAU-USD: TradFi/FX
15:58:11 [DEBUG] Skip SEI-USD: Missing rates (L=None, X=1.1e-05)
15:58:11 [DEBUG] Skip CRV-USD: Missing rates (L=None, X=1.3e-05)
15:58:11 [DEBUG] Skip S-USD: Missing rates (L=None, X=1.3e-05)
15:58:11 [INFO] ✅ Found 0 opportunities from 0 valid pairs (farm_mode=False, scanned=70)
15:58:11 [DEBUG] executing functools.partial(<built-in method execute of sqlite3.Connection object at 0x000001F87F8FE3E0>, "\n            UPDATE trades \n            SET status = 'closed', \n                closed_at = ?, \n                pnl = ?,\n                funding_collected = ?\n            WHERE symbol = ?  AND status = 'open'\n        ", (1764514691815, 0, 0, 'ZRO-USD'))
15:58:11 [DEBUG] operation functools.partial(<built-in method execute of sqlite3.Connection object at 0x000001F87F8FE3E0>, "\n            UPDATE trades \n            SET status = 'closed', \n                closed_at = ?, \n                pnl = ?,\n                funding_collected = ?\n            WHERE symbol = ?  AND status = 'open'\n        ", (1764514691815, 0, 0, 'ZRO-USD')) completed
15:58:11 [DEBUG] executing functools.partial(<built-in method commit of sqlite3.Connection object at 0x000001F87F8FE3E0>)
15:58:11 [DEBUG] operation functools.partial(<built-in method commit of sqlite3.Connection object at 0x000001F87F8FE3E0>) completed
15:58:11 [DEBUG] 📝 Flushed 1 writes in 0.0ms
15:58:12 [INFO]  X10: 91 Märkte geladen, 91 Funding Rates, 82 Preise
15:58:12 [DEBUG] X10: Funding Refresh OK, cache=91
15:58:12 [DEBUG] 📊 Lighter Funding Cache refresh (current=0)
15:58:12 [DEBUG] executing functools.partial(<built-in method execute of sqlite3.Connection object at 0x000001F87F8FE3E0>, "\n            UPDATE trades \n            SET status = 'closed', \n                closed_at = ?, \n                pnl = ?,\n                funding_collected = ?\n            WHERE symbol = ?  AND status = 'open'\n        ", (1764514691817, 0, 0, 'APT-USD'))
15:58:12 [DEBUG] operation functools.partial(<built-in method execute of sqlite3.Connection object at 0x000001F87F8FE3E0>, "\n            UPDATE trades \n            SET status = 'closed', \n                closed_at = ?, \n                pnl = ?,\n                funding_collected = ?\n            WHERE symbol = ?  AND status = 'open'\n        ", (1764514691817, 0, 0, 'APT-USD')) completed
15:58:12 [DEBUG] executing functools.partial(<built-in method commit of sqlite3.Connection object at 0x000001F87F8FE3E0>)
15:58:12 [DEBUG] operation functools.partial(<built-in method commit of sqlite3.Connection object at 0x000001F87F8FE3E0>) completed
15:58:12 [DEBUG] 📝 Flushed 1 writes in 0.0ms
15:58:13 [DEBUG] Lighter: Loaded 389 funding rates
15:58:13 [DEBUG] Lighter: Funding Refresh OK, cache=118
15:58:13 [DEBUG] executing functools.partial(<built-in method execute of sqlite3.Connection object at 0x000001F87F8FE3E0>, "\n            UPDATE trades \n            SET status = 'closed', \n                closed_at = ?, \n                pnl = ?,\n                funding_collected = ?\n            WHERE symbol = ?  AND status = 'open'\n        ", (1764514692821, 0, 0, 'RESOLV-USD'))
15:58:13 [DEBUG] operation functools.partial(<built-in method execute of sqlite3.Connection object at 0x000001F87F8FE3E0>, "\n            UPDATE trades \n            SET status = 'closed', \n                closed_at = ?, \n                pnl = ?,\n                funding_collected = ?\n            WHERE symbol = ?  AND status = 'open'\n        ", (1764514692821, 0, 0, 'RESOLV-USD')) completed
15:58:13 [DEBUG] executing functools.partial(<built-in method commit of sqlite3.Connection object at 0x000001F87F8FE3E0>)
15:58:13 [DEBUG] 📝 Flushed 3 writes
15:58:13 [DEBUG] operation functools.partial(<built-in method commit of sqlite3.Connection object at 0x000001F87F8FE3E0>) completed
15:58:13 [DEBUG] 📝 Flushed 1 writes in 0.0ms
15:58:14 [INFO] 🔍 💎 ARB Scanning 70 pairs. Open symbols to skip: set()
15:58:14 [DEBUG] Price cache status: X10=70/70, Lighter=69/70
15:58:14 [INFO] 🔍 Scanning 70 pairs. Lighter markets: 118, X10 markets: 91
15:58:14 [DEBUG] ✅ ZEC-USD: X10=$1,627,206, Lighter=$20,207, Total=$1,647,414
15:58:14 [DEBUG] MKR-USD: Missing prices (X=1663.9, L=None)
15:58:14 [INFO] ✅ Found 0 opportunities with predictions (farm_mode=False)
15:58:14 [INFO] ⚠️ Keine Prediction-Opportunities, nutze Fallback mit echten Funding Rates...
15:58:14 [INFO]  Volatility Monitor initialized: Low<3.0%, Normal<10.0%, High<20.0%, Hard Cap<50.0%
15:58:14 [INFO] 🔍 DEBUG ASTER-USD: rl=0.00009600, rx=0.00001300, net=0.00008300, apy=72.7%
15:58:14 [INFO] Rebate discount ASTER-USD: -8.00% APY -> threshold 5.00%
15:58:14 [INFO] 💎 ASTER-USD | APY: 72.7%
15:58:14 [INFO] Rebate discount LTC-USD: -8.00% APY -> threshold 5.00%
15:58:14 [INFO] 🔍 DEBUG ZEC-USD: rl=0.00009600, rx=0.00001300, net=0.00008300, apy=72.7%
15:58:14 [INFO] Rebate discount ZEC-USD: -8.00% APY -> threshold 5.00%
15:58:14 [INFO] 💎 ZEC-USD | APY: 72.7%
15:58:14 [INFO] 🔍 DEBUG 1000PEPE-USD: rl=0.00009600, rx=0.00001300, net=0.00008300, apy=72.7%
15:58:14 [INFO] Rebate discount 1000PEPE-USD: -8.00% APY -> threshold 5.00%
15:58:14 [INFO] 💎 1000PEPE-USD | APY: 72.7%
15:58:14 [INFO] 🔍 DEBUG KAITO-USD: rl=-0.00027200, rx=-0.00002300, net=-0.00024900, apy=218.1%
15:58:14 [INFO] Rebate discount KAITO-USD: -8.00% APY -> threshold 5.00%
15:58:14 [INFO] 💎 KAITO-USD | APY: 218.1%
15:58:14 [INFO] 🔍 DEBUG PENGU-USD: rl=-0.00019200, rx=0.00001300, net=-0.00020500, apy=179.6%
15:58:14 [INFO] Rebate discount PENGU-USD: -8.00% APY -> threshold 5.00%
15:58:14 [DEBUG] Skip PENGU-USD: Spread 0.45% too high
15:58:14 [INFO] 🔍 DEBUG PENDLE-USD: rl=0.00009600, rx=0.00001300, net=0.00008300, apy=72.7%
15:58:14 [INFO] Rebate discount PENDLE-USD: -8.00% APY -> threshold 5.00%
15:58:14 [INFO] 💎 PENDLE-USD | APY: 72.7%
15:58:14 [INFO] 🔍 DEBUG ZRO-USD: rl=-0.00070400, rx=-0.00006500, net=-0.00063900, apy=559.8%
15:58:14 [INFO] Rebate discount ZRO-USD: -8.00% APY -> threshold 5.00%
15:58:14 [INFO] 💎 ZRO-USD | APY: 559.8%
15:58:14 [INFO] 🔍 DEBUG SUI-USD: rl=0.00009600, rx=0.00001300, net=0.00008300, apy=72.7%
15:58:14 [INFO] Rebate discount SUI-USD: -8.00% APY -> threshold 5.00%
15:58:14 [INFO] 💎 SUI-USD | APY: 72.7%
15:58:14 [INFO] 🔍 DEBUG LINEA-USD: rl=-0.00056800, rx=-0.00012100, net=-0.00044700, apy=391.6%
15:58:14 [INFO] Rebate discount LINEA-USD: -8.00% APY -> threshold 5.00%
15:58:14 [INFO] 💎 LINEA-USD | APY: 391.6%
15:58:14 [INFO] 🔍 DEBUG GRASS-USD: rl=-0.00016000, rx=-0.00000900, net=-0.00015100, apy=132.3%
15:58:14 [INFO] Rebate discount GRASS-USD: -8.00% APY -> threshold 5.00%
15:58:14 [INFO] 💎 GRASS-USD | APY: 132.3%
15:58:14 [INFO] 🔍 DEBUG EIGEN-USD: rl=0.00009600, rx=0.00001300, net=0.00008300, apy=72.7%
15:58:14 [INFO] Rebate discount EIGEN-USD: -8.00% APY -> threshold 5.00%
15:58:14 [INFO] 💎 EIGEN-USD | APY: 72.7%
15:58:14 [INFO] 🔍 DEBUG WLFI-USD: rl=-0.00041600, rx=-0.00003200, net=-0.00038400, apy=336.4%
15:58:14 [INFO] Rebate discount WLFI-USD: -8.00% APY -> threshold 5.00%
15:58:14 [INFO] 💎 WLFI-USD | APY: 336.4%
15:58:14 [INFO] 🔍 DEBUG 1000SHIB-USD: rl=-0.00010400, rx=-0.00000400, net=-0.00010000, apy=87.6%
15:58:14 [INFO] Rebate discount 1000SHIB-USD: -8.00% APY -> threshold 5.00%
15:58:14 [INFO] 💎 1000SHIB-USD | APY: 87.6%
15:58:14 [INFO] 🔍 DEBUG TRX-USD: rl=0.00009600, rx=0.00001300, net=0.00008300, apy=72.7%
15:58:14 [INFO] Rebate discount TRX-USD: -8.00% APY -> threshold 5.00%
15:58:14 [INFO] 💎 TRX-USD | APY: 72.7%
15:58:14 [INFO] 🔍 DEBUG LDO-USD: rl=0.00009600, rx=0.00000800, net=0.00008800, apy=77.1%
15:58:14 [INFO] Rebate discount LDO-USD: -8.00% APY -> threshold 5.00%
15:58:14 [INFO] 💎 LDO-USD | APY: 77.1%
15:58:14 [DEBUG] ⛔ Skip SPX-USD: TradFi/FX
15:58:14 [INFO] 🔍 DEBUG FIL-USD: rl=0.00009600, rx=0.00001300, net=0.00008300, apy=72.7%
15:58:14 [INFO] Rebate discount FIL-USD: -8.00% APY -> threshold 5.00%
15:58:14 [DEBUG] Skip FIL-USD: Invalid prices (X=0.0, L=1.61024)
15:58:14 [INFO] Rebate discount MKR-USD: -8.00% APY -> threshold 5.00%
15:58:14 [DEBUG] Skip MKR-USD: Missing prices (X=1663.9, L=None)
15:58:14 [INFO] 🔍 DEBUG TIA-USD: rl=0.00009600, rx=-0.00010500, net=0.00020100, apy=176.1%
15:58:14 [INFO] Rebate discount TIA-USD: -8.00% APY -> threshold 5.00%
15:58:14 [INFO] 💎 TIA-USD | APY: 176.1%
15:58:14 [INFO] 🔍 DEBUG XRP-USD: rl=0.00008800, rx=0.00000200, net=0.00008600, apy=75.3%
15:58:14 [INFO] Rebate discount XRP-USD: -8.00% APY -> threshold 5.00%
15:58:14 [INFO] 💎 XRP-USD | APY: 75.3%
15:58:14 [INFO] 🔍 DEBUG VIRTUAL-USD: rl=-0.00014400, rx=0.00001300, net=-0.00015700, apy=137.5%
15:58:14 [INFO] Rebate discount VIRTUAL-USD: -8.00% APY -> threshold 5.00%
15:58:14 [INFO] 💎 VIRTUAL-USD | APY: 137.5%
15:58:14 [INFO] 🔍 DEBUG JUP-USD: rl=-0.00008800, rx=0.00001300, net=-0.00010100, apy=88.5%
15:58:14 [INFO] Rebate discount JUP-USD: -8.00% APY -> threshold 5.00%
15:58:14 [INFO] 💎 JUP-USD | APY: 88.5%
15:58:14 [INFO] Rebate discount LINK-USD: -8.00% APY -> threshold 5.00%
15:58:14 [DEBUG] Skip LINK-USD: Spread 0.39% too high
15:58:14 [INFO] 🔍 DEBUG ETH-USD: rl=0.00009600, rx=0.00001300, net=0.00008300, apy=72.7%
15:58:14 [INFO] Rebate discount ETH-USD: -8.00% APY -> threshold 5.00%
15:58:14 [INFO] 💎 ETH-USD | APY: 72.7%
15:58:14 [INFO] Rebate discount USDJPY-USD: -8.00% APY -> threshold 5.00%
15:58:14 [INFO] 🔍 DEBUG FARTCOIN-USD: rl=0.00009600, rx=0.00001300, net=0.00008300, apy=72.7%
15:58:14 [INFO] Rebate discount FARTCOIN-USD: -8.00% APY -> threshold 5.00%
15:58:14 [INFO] 💎 FARTCOIN-USD | APY: 72.7%
15:58:14 [INFO] 🔍 DEBUG PUMP-USD: rl=0.00009600, rx=0.00001300, net=0.00008300, apy=72.7%
15:58:14 [INFO] Rebate discount PUMP-USD: -8.00% APY -> threshold 5.00%
15:58:14 [INFO] 💎 PUMP-USD | APY: 72.7%
15:58:14 [INFO] 🔍 DEBUG APEX-USD: rl=0.00009600, rx=0.00001300, net=0.00008300, apy=72.7%
15:58:14 [INFO] Rebate discount APEX-USD: -8.00% APY -> threshold 5.00%
15:58:14 [INFO] 💎 APEX-USD | APY: 72.7%
15:58:14 [INFO] 🔍 DEBUG MNT-USD: rl=0.00009600, rx=0.00001300, net=0.00008300, apy=72.7%
15:58:14 [INFO] Rebate discount MNT-USD: -8.00% APY -> threshold 5.00%
15:58:14 [INFO] 💎 MNT-USD | APY: 72.7%
15:58:14 [INFO] 🔍 DEBUG ENA-USD: rl=0.00009600, rx=-0.00002200, net=0.00011800, apy=103.4%
15:58:14 [INFO] Rebate discount ENA-USD: -8.00% APY -> threshold 5.00%
15:58:14 [INFO] 💎 ENA-USD | APY: 103.4%
15:58:14 [INFO] 🔍 DEBUG SOL-USD: rl=0.00009600, rx=0.00001200, net=0.00008400, apy=73.6%
15:58:14 [INFO] Rebate discount SOL-USD: -8.00% APY -> threshold 5.00%
15:58:14 [INFO] 💎 SOL-USD | APY: 73.6%
15:58:14 [INFO] Rebate discount BTC-USD: -8.00% APY -> threshold 5.00%
15:58:14 [INFO] 🔍 DEBUG OP-USD: rl=0.00009600, rx=-0.00001800, net=0.00011400, apy=99.9%
15:58:14 [INFO] Rebate discount OP-USD: -8.00% APY -> threshold 5.00%
15:58:14 [INFO] 💎 OP-USD | APY: 99.9%
15:58:14 [INFO] 🔍 DEBUG EDEN-USD: rl=0.00009600, rx=0.00001300, net=0.00008300, apy=72.7%
15:58:14 [INFO] Rebate discount EDEN-USD: -8.00% APY -> threshold 5.00%
15:58:14 [INFO] 💎 EDEN-USD | APY: 72.7%
15:58:14 [INFO] 🔍 DEBUG BCH-USD: rl=-0.00042400, rx=0.00001300, net=-0.00043700, apy=382.8%
15:58:14 [INFO] Rebate discount BCH-USD: -8.00% APY -> threshold 5.00%
15:58:14 [DEBUG] Skip BCH-USD: Invalid prices (X=0.0, L=557.006)
15:58:14 [INFO] 🔍 DEBUG RESOLV-USD: rl=-0.00236000, rx=-0.00020500, net=-0.00215500, apy=1887.8%
15:58:14 [INFO] Rebate discount RESOLV-USD: -8.00% APY -> threshold 5.00%
15:58:14 [INFO] 💎 RESOLV-USD | APY: 1887.8%
15:58:14 [INFO] Rebate discount AVNT-USD: -8.00% APY -> threshold 5.00%
15:58:14 [INFO] 🔍 DEBUG TAO-USD: rl=0.00009600, rx=0.00001300, net=0.00008300, apy=72.7%
15:58:14 [INFO] Rebate discount TAO-USD: -8.00% APY -> threshold 5.00%
15:58:14 [INFO] 💎 TAO-USD | APY: 72.7%
15:58:14 [INFO] 🔍 DEBUG POPCAT-USD: rl=0.00009600, rx=0.00001300, net=0.00008300, apy=72.7%
15:58:14 [INFO] Rebate discount POPCAT-USD: -8.00% APY -> threshold 5.00%
15:58:14 [INFO] 💎 POPCAT-USD | APY: 72.7%
15:58:14 [INFO] 🔍 DEBUG ARB-USD: rl=0.00009600, rx=-0.00000400, net=0.00010000, apy=87.6%
15:58:14 [INFO] Rebate discount ARB-USD: -8.00% APY -> threshold 5.00%
15:58:14 [INFO] 💎 ARB-USD | APY: 87.6%
15:58:14 [INFO] 🔍 DEBUG ZORA-USD: rl=-0.00238400, rx=-0.00032500, net=-0.00205900, apy=1803.7%
15:58:14 [INFO] Rebate discount ZORA-USD: -8.00% APY -> threshold 5.00%
15:58:14 [INFO] 💎 ZORA-USD | APY: 1803.7%
15:58:14 [INFO] 🔍 DEBUG 1000BONK-USD: rl=0.00009600, rx=0.00001300, net=0.00008300, apy=72.7%
15:58:14 [INFO] Rebate discount 1000BONK-USD: -8.00% APY -> threshold 5.00%
15:58:14 [INFO] 💎 1000BONK-USD | APY: 72.7%
15:58:14 [INFO] 🔍 DEBUG TRUMP-USD: rl=-0.00009600, rx=0.00001300, net=-0.00010900, apy=95.5%
15:58:14 [INFO] Rebate discount TRUMP-USD: -8.00% APY -> threshold 5.00%
15:58:14 [INFO] 💎 TRUMP-USD | APY: 95.5%
15:58:14 [INFO] 🔍 DEBUG AVAX-USD: rl=-0.00014400, rx=0.00001300, net=-0.00015700, apy=137.5%
15:58:14 [INFO] Rebate discount AVAX-USD: -8.00% APY -> threshold 5.00%
15:58:14 [INFO] 💎 AVAX-USD | APY: 137.5%
15:58:14 [INFO] 🔍 DEBUG AAVE-USD: rl=0.00009600, rx=0.00001300, net=0.00008300, apy=72.7%
15:58:14 [INFO] Rebate discount AAVE-USD: -8.00% APY -> threshold 5.00%
15:58:14 [INFO] 💎 AAVE-USD | APY: 72.7%
15:58:14 [INFO] 🔍 DEBUG DOT-USD: rl=-0.00016800, rx=0.00001300, net=-0.00018100, apy=158.6%
15:58:14 [INFO] Rebate discount DOT-USD: -8.00% APY -> threshold 5.00%
15:58:14 [DEBUG] Skip DOT-USD: Invalid prices (X=0.0, L=2.26619)
15:58:14 [INFO] 🔍 DEBUG XPL-USD: rl=0.00009600, rx=0.00001300, net=0.00008300, apy=72.7%
15:58:14 [INFO] Rebate discount XPL-USD: -8.00% APY -> threshold 5.00%
15:58:14 [INFO] 💎 XPL-USD | APY: 72.7%
15:58:14 [DEBUG] ⛔ Skip AERO-USD: In BLACKLIST
15:58:14 [INFO] 🔍 DEBUG WIF-USD: rl=0.00009600, rx=0.00001300, net=0.00008300, apy=72.7%
15:58:14 [INFO] Rebate discount WIF-USD: -8.00% APY -> threshold 5.00%
15:58:14 [INFO] 💎 WIF-USD | APY: 72.7%
15:58:14 [INFO] 🔍 DEBUG BNB-USD: rl=0.00009600, rx=0.00001300, net=0.00008300, apy=72.7%
15:58:14 [INFO] Rebate discount BNB-USD: -8.00% APY -> threshold 5.00%
15:58:14 [INFO] 💎 BNB-USD | APY: 72.7%
15:58:14 [INFO] 🔍 DEBUG UNI-USD: rl=-0.00027200, rx=-0.00000800, net=-0.00026400, apy=231.3%
15:58:14 [INFO] Rebate discount UNI-USD: -8.00% APY -> threshold 5.00%
15:58:14 [INFO] 💎 UNI-USD | APY: 231.3%
15:58:14 [INFO] 🔍 DEBUG NEAR-USD: rl=-0.00032000, rx=0.00001300, net=-0.00033300, apy=291.7%
15:58:14 [INFO] Rebate discount NEAR-USD: -8.00% APY -> threshold 5.00%
15:58:14 [INFO] 💎 NEAR-USD | APY: 291.7%
15:58:14 [INFO] 🔍 DEBUG BERA-USD: rl=-0.00030400, rx=-0.00013600, net=-0.00016800, apy=147.2%
15:58:14 [INFO] Rebate discount BERA-USD: -8.00% APY -> threshold 5.00%
15:58:14 [INFO] 💎 BERA-USD | APY: 147.2%
15:58:14 [INFO] 🔍 DEBUG APT-USD: rl=-0.00168800, rx=-0.00013700, net=-0.00155100, apy=1358.7%
15:58:14 [INFO] Rebate discount APT-USD: -8.00% APY -> threshold 5.00%
15:58:14 [INFO] 💎 APT-USD | APY: 1358.7%
15:58:14 [INFO] 🔍 DEBUG ONDO-USD: rl=0.00009600, rx=0.00001300, net=0.00008300, apy=72.7%
15:58:14 [INFO] Rebate discount ONDO-USD: -8.00% APY -> threshold 5.00%
15:58:14 [INFO] 💎 ONDO-USD | APY: 72.7%
15:58:14 [DEBUG] ⛔ Skip MEGA-USD: In BLACKLIST
15:58:14 [INFO] Rebate discount WLD-USD: -8.00% APY -> threshold 5.00%
15:58:14 [INFO] 🔍 DEBUG ADA-USD: rl=0.00009600, rx=0.00001300, net=0.00008300, apy=72.7%
15:58:14 [INFO] Rebate discount ADA-USD: -8.00% APY -> threshold 5.00%
15:58:14 [INFO] 💎 ADA-USD | APY: 72.7%
15:58:14 [INFO] 🔍 DEBUG MON-USD: rl=-0.00006400, rx=0.00001300, net=-0.00007700, apy=67.5%
15:58:14 [INFO] Rebate discount MON-USD: -8.00% APY -> threshold 5.00%
15:58:14 [INFO] 💎 MON-USD | APY: 67.5%
15:58:14 [INFO] 🔍 DEBUG IP-USD: rl=-0.00011200, rx=0.00001300, net=-0.00012500, apy=109.5%
15:58:14 [INFO] Rebate discount IP-USD: -8.00% APY -> threshold 5.00%
15:58:14 [INFO] 💎 IP-USD | APY: 109.5%
15:58:14 [INFO] 🔍 DEBUG DOGE-USD: rl=0.00009600, rx=0.00001300, net=0.00008300, apy=72.7%
15:58:14 [INFO] Rebate discount DOGE-USD: -8.00% APY -> threshold 5.00%
15:58:14 [INFO] 💎 DOGE-USD | APY: 72.7%
15:58:14 [INFO] 🔍 DEBUG TON-USD: rl=0.00009600, rx=0.00001300, net=0.00008300, apy=72.7%
15:58:14 [INFO] Rebate discount TON-USD: -8.00% APY -> threshold 5.00%
15:58:14 [INFO] 💎 TON-USD | APY: 72.7%
15:58:14 [INFO] 🔍 DEBUG HYPE-USD: rl=0.00009600, rx=0.00001300, net=0.00008300, apy=72.7%
15:58:14 [INFO] Rebate discount HYPE-USD: -8.00% APY -> threshold 5.00%
15:58:14 [INFO] 💎 HYPE-USD | APY: 72.7%
15:58:14 [DEBUG] ⛔ Skip XAG-USD: TradFi/FX
15:58:14 [INFO] Rebate discount STRK-USD: -8.00% APY -> threshold 5.00%
15:58:14 [DEBUG] ⛔ Skip XAU-USD: TradFi/FX
15:58:14 [INFO] 🔍 DEBUG SEI-USD: rl=-0.00023200, rx=0.00001100, net=-0.00024300, apy=212.9%
15:58:14 [INFO] Rebate discount SEI-USD: -8.00% APY -> threshold 5.00%
15:58:14 [INFO] 💎 SEI-USD | APY: 212.9%
15:58:14 [INFO] 🔍 DEBUG CRV-USD: rl=-0.00033600, rx=0.00001300, net=-0.00034900, apy=305.7%
15:58:14 [INFO] Rebate discount CRV-USD: -8.00% APY -> threshold 5.00%
15:58:14 [INFO] 💎 CRV-USD | APY: 305.7%
15:58:14 [INFO] 🔍 DEBUG S-USD: rl=0.00009600, rx=0.00001300, net=0.00008300, apy=72.7%
15:58:14 [INFO] Rebate discount S-USD: -8.00% APY -> threshold 5.00%
15:58:14 [INFO] 💎 S-USD | APY: 72.7%
15:58:14 [INFO] ✅ Found 57 opportunities from 64 valid pairs (farm_mode=False, scanned=70)
15:58:14 [INFO] 🎯 Found 3 opportunities, executing best...
15:58:14 [DEBUG] Sending GET https://api.starknet.extended.exchange/api/v1/user/balance
15:58:15 [DEBUG] Lighter Balance: Raw=$302.25, Safe=$287.14
15:58:15 [INFO] X10: Detected balance = $306.04
15:58:15 [DEBUG] Sending GET https://api.starknet.extended.exchange/api/v1/user/positions?
15:58:16 [INFO] Lighter: Found 0 open positions
15:58:16 [INFO] 💰 Balance: X10=$306.0 (free=$303.0), Lit=$287.1 (free=$284.1) | DB_Trades=0, Real_Positions=0, Locked=$0/ex
15:58:16 [INFO] 🚀 Launching trade for RESOLV-USD (APY=1887.8%)
15:58:16 [DEBUG] Sending GET https://api.starknet.extended.exchange/api/v1/user/balance
15:58:16 [INFO] 🎲 KellyPositionSizer initialized (Safety=0.25, MaxFraction=0.1)
15:58:16 [INFO] 🎰 KELLY RESOLV-USD: win_rate=80.0%, kelly_fraction=0.6000, safe_fraction=0.0500, confidence=LOW, samples=0
15:58:16 [INFO] 📊 KELLY SIZE RESOLV-USD: $14.4 (kelly-optimized)
15:58:16 [INFO] 🚀 Opening RESOLV-USD: Size=$14.4 (Min=$11.0)
15:58:16 [INFO] 🔄 [PARALLEL] RESOLV-USD: Lighter POST-ONLY first
15:58:16 [INFO] 🚀 LIGHTER OPEN RESOLV-USD: side=SELL, size_usd=$14.36, price=$0.074918
15:58:16 [DEBUG] Create Order Tx Info: {"AccountIndex":60113,"ApiKeyIndex":3,"MarketIndex":51,"ClientOrderIndex":1764514778240,"BaseAmount":193,"Price":74468,"IsAsk":1,"Type":0,"TimeInForce":1,"ReduceOnly":0,"TriggerPrice":0,"OrderExpiry":1766933896975,"ExpiredAt":1764515295975,"Nonce":1744,"Sig":"fa/b9ZGsDX4dB3fNTCGinW8nmCSohBHUIMEuGsbLv1Wie/iFj2wZIAEcpSHnL9AvjeX4mKoy40iOmO0znpMYkS6aRLp6XIzpatdlxIFrBmg="}
15:58:17 [INFO] 🔄 [PARALLEL] RESOLV-USD: X10 MARKET order
15:58:17 [DEBUG] Sending GET https://api.starknet.extended.exchange/api/v1/info/markets?
15:58:17 [INFO] 🚀 Launching trade for ZORA-USD (APY=1803.7%)
15:58:17 [DEBUG] Skip ZORA-USD: Min Req $25.00 > Max Config $20.0
15:58:17 [DEBUG] Create Order Send Tx Response: code=200 message='{"ratelimit": "didn\'t use volume quota"}' tx_hash='81a9d3e34a21c68703d93cbd7678f642d8d3647fe4e2c5de863876dc787645515b6945a2238292c1' predicted_execution_time_ms=1764514691073 additional_properties={}
15:58:17 [INFO] Lighter Order: 81a9d3e34a21c68703d93cbd7678f642d8d3647fe4e2c5de863876dc787645515b6945a2238292c1
15:58:17 [INFO] 🚀 Launching trade for APT-USD (APY=1358.7%)
15:58:17 [DEBUG] Sending GET https://api.starknet.extended.exchange/api/v1/user/balance
15:58:17 [DEBUG] ✅ KAITO-USD: X10=$514,837, Lighter=$1,908,238, Total=$2,423,074
15:58:18 [INFO] ✅ Launched 3 trade tasks this cycle
15:58:18 [DEBUG] Lighter Balance: Raw=$302.25, Safe=$287.13
15:58:18 [INFO] 🎰 KELLY APT-USD: win_rate=80.0%, kelly_fraction=0.6000, safe_fraction=0.0500, confidence=LOW, samples=0
15:58:18 [INFO] 📊 KELLY SIZE APT-USD: $13.6 (kelly-optimized)
15:58:18 [INFO] 🚀 Opening APT-USD: Size=$13.6 (Min=$11.0)
15:58:18 [INFO] 🔄 [PARALLEL] APT-USD: Lighter POST-ONLY first
15:58:18 [INFO] 🚀 LIGHTER OPEN APT-USD: side=SELL, size_usd=$13.60, price=$2.006400
15:58:18 [DEBUG] Create Order Tx Info: {"AccountIndex":60113,"ApiKeyIndex":3,"MarketIndex":31,"ClientOrderIndex":1764514710966,"BaseAmount":683,"Price":19943,"IsAsk":1,"Type":0,"TimeInForce":1,"ReduceOnly":0,"TriggerPrice":0,"OrderExpiry":1766933898708,"ExpiredAt":1764515297708,"Nonce":1745,"Sig":"KMHr1CSJ/HEMkN8bGD75QDJJ9DPJ26OlEGYm/FNSGJbCsC9VSk7cS7dE5N0Hnf3rXr8ojpxBDxRwhXKWtEvTPPpv2iRmfndfJmI3WDq7vGA="}
15:58:18 [INFO] 🔄 [PARALLEL] APT-USD: X10 MARKET order
15:58:18 [DEBUG] Sending GET https://api.starknet.extended.exchange/api/v1/info/markets?
15:58:18 [DEBUG] Create Order Send Tx Response: code=200 message='{"ratelimit": "didn\'t use volume quota"}' tx_hash='dfd637b6221ca7a1f6256a4abff04116277e8a07e77c2be0c92da5c31738c399c31a8da837463825' predicted_execution_time_ms=1764514692805 additional_properties={}
15:58:18 [INFO] Lighter Order: dfd637b6221ca7a1f6256a4abff04116277e8a07e77c2be0c92da5c31738c399c31a8da837463825
15:58:19 [DEBUG] Placing an order: id=2352310778337585174946271069697320450886745330138567842122875478369105199297
15:58:19 [DEBUG] Sending POST https://api.starknet.extended.exchange/api/v1/user/order, headers={<RequestHeader.ACCEPT: 'Accept'>: 'application/json', <RequestHeader.CONTENT_TYPE: 'Content-Type'>: 'application/json', <RequestHeader.USER_AGENT: 'User-Agent'>: 'X10PythonTradingClient/0.0.17', <RequestHeader.API_KEY: 'X-Api-Key'>: 'a1c9207f79f0e57ddc454bf1e16dbe49'}
15:58:20 [INFO]  X10 Order: 1995145348318707712
15:58:20 [INFO] ✅ [PARALLEL] RESOLV-USD: Both legs filled in 3218ms
15:58:20 [DEBUG] 📝 Trade added to state: RESOLV-USD
15:58:20 [DEBUG] executing functools.partial(<built-in method execute of sqlite3.Connection object at 0x000001F87F8FE3E0>, '\n            INSERT INTO trades (\n                symbol, side_x10, side_lighter, size_usd,\n                entry_price_x10, entry_price_lighter, status,\n                is_farm_trade, created_at, account_label,\n                x10_order_id, lighter_order_id\n            ) VALUES (?, ?, ?, ?, ?, ?, ?, ?, ?, ?, ?, ?)\n        ', ('RESOLV-USD', 'BUY', 'SELL', 0, 0.075098754749, 0.074902, 'open', 0, 1764514700181, 'Main/Main', None, None))
15:58:20 [DEBUG] operation functools.partial(<built-in method execute of sqlite3.Connection object at 0x000001F87F8FE3E0>, '\n            INSERT INTO trades (\n                symbol, side_x10, side_lighter, size_usd,\n                entry_price_x10, entry_price_lighter, status,\n                is_farm_trade, created_at, account_label,\n                x10_order_id, lighter_order_id\n            ) VALUES (?, ?, ?, ?, ?, ?, ?, ?, ?, ?, ?, ?)\n        ', ('RESOLV-USD', 'BUY', 'SELL', 0, 0.075098754749, 0.074902, 'open', 0, 1764514700181, 'Main/Main', None, None)) completed
15:58:20 [DEBUG] executing functools.partial(<built-in method commit of sqlite3.Connection object at 0x000001F87F8FE3E0>)
15:58:20 [DEBUG] 📝 Flushed 1 writes
15:58:20 [DEBUG] operation functools.partial(<built-in method commit of sqlite3.Connection object at 0x000001F87F8FE3E0>) completed
15:58:20 [DEBUG] 📝 Flushed 1 writes in 0.0ms
15:58:20 [DEBUG] Fetching fresh positions (force=False, cache_age=1764514700.8s)
15:58:20 [DEBUG] Sending GET https://api.starknet.extended.exchange/api/v1/user/positions?
15:58:20 [DEBUG] Placing an order: id=871168559062359902205194946358559703242173790322509940426724205187024645061
15:58:20 [DEBUG] Sending POST https://api.starknet.extended.exchange/api/v1/user/order, headers={<RequestHeader.ACCEPT: 'Accept'>: 'application/json', <RequestHeader.CONTENT_TYPE: 'Content-Type'>: 'application/json', <RequestHeader.USER_AGENT: 'User-Agent'>: 'X10PythonTradingClient/0.0.17', <RequestHeader.API_KEY: 'X-Api-Key'>: 'a1c9207f79f0e57ddc454bf1e16dbe49'}
15:58:21 [INFO]  X10 Order: 1995145352262037504
15:58:21 [INFO] ✅ [PARALLEL] APT-USD: Both legs filled in 2422ms
15:58:21 [DEBUG] 📝 Trade added to state: APT-USD
15:58:21 [INFO] 🔍 💎 ARB Scanning 70 pairs. Open symbols to skip: {'RESOLV-USD', 'APT-USD'}
15:58:21 [DEBUG] Price cache status: X10=70/70, Lighter=69/70
15:58:21 [INFO] 🔍 Scanning 70 pairs. Lighter markets: 118, X10 markets: 91
15:58:21 [INFO] Lighter: Found 2 open positions
15:58:21 [INFO] 📊 Positions: X10=1, Lighter=2
15:58:21 [DEBUG] X10 positions: ['RESOLV-USD']
15:58:21 [DEBUG] Lighter positions: ['APT-USD', 'RESOLV-USD']
15:58:21 [DEBUG] MKR-USD: Missing prices (X=1663.9, L=None)
15:58:21 [INFO] ✅ Found 0 opportunities with predictions (farm_mode=False)
15:58:21 [INFO] ⚠️ Keine Prediction-Opportunities, nutze Fallback mit echten Funding Rates...
15:58:21 [INFO]  VOL REGIME: ASTER-USD UNKNOWN -> LOW (24h Range: 0.00%)
15:58:21 [INFO] 🔍 DEBUG ASTER-USD: rl=0.00009600, rx=0.00001300, net=0.00008300, apy=72.7%
15:58:21 [INFO] Rebate discount ASTER-USD: -8.00% APY -> threshold 5.00%
15:58:21 [INFO]  VOL REGIME: LTC-USD UNKNOWN -> LOW (24h Range: 0.00%)
15:58:21 [INFO] Rebate discount LTC-USD: -8.00% APY -> threshold 5.00%
15:58:21 [INFO]  VOL REGIME: ZEC-USD UNKNOWN -> LOW (24h Range: 0.00%)
15:58:21 [INFO] 🔍 DEBUG ZEC-USD: rl=0.00009600, rx=0.00001300, net=0.00008300, apy=72.7%
15:58:21 [INFO] Rebate discount ZEC-USD: -8.00% APY -> threshold 5.00%
15:58:21 [INFO]  VOL REGIME: 1000PEPE-USD UNKNOWN -> LOW (24h Range: 0.00%)
15:58:21 [INFO] 🔍 DEBUG 1000PEPE-USD: rl=0.00009600, rx=0.00001300, net=0.00008300, apy=72.7%
15:58:21 [INFO] Rebate discount 1000PEPE-USD: -8.00% APY -> threshold 5.00%
15:58:21 [INFO]  VOL REGIME: KAITO-USD UNKNOWN -> LOW (24h Range: 0.00%)
15:58:21 [INFO] 🔍 DEBUG KAITO-USD: rl=-0.00027200, rx=-0.00002300, net=-0.00024900, apy=218.1%
15:58:21 [INFO] Rebate discount KAITO-USD: -8.00% APY -> threshold 5.00%
15:58:21 [INFO]  VOL REGIME: PENGU-USD UNKNOWN -> LOW (24h Range: 0.00%)
15:58:21 [INFO] 🔍 DEBUG PENGU-USD: rl=-0.00019200, rx=0.00001300, net=-0.00020500, apy=179.6%
15:58:21 [INFO] Rebate discount PENGU-USD: -8.00% APY -> threshold 5.00%
15:58:21 [INFO] 💎 PENGU-USD | APY: 179.6%
15:58:21 [INFO]  VOL REGIME: PENDLE-USD UNKNOWN -> LOW (24h Range: 0.00%)
15:58:21 [INFO] 🔍 DEBUG PENDLE-USD: rl=0.00009600, rx=0.00001300, net=0.00008300, apy=72.7%
15:58:21 [INFO] Rebate discount PENDLE-USD: -8.00% APY -> threshold 5.00%
15:58:21 [INFO]  VOL REGIME: ZRO-USD UNKNOWN -> LOW (24h Range: 0.00%)
15:58:21 [INFO] 🔍 DEBUG ZRO-USD: rl=-0.00070400, rx=-0.00006500, net=-0.00063900, apy=559.8%
15:58:21 [INFO] Rebate discount ZRO-USD: -8.00% APY -> threshold 5.00%
15:58:21 [INFO]  VOL REGIME: SUI-USD UNKNOWN -> LOW (24h Range: 0.00%)
15:58:21 [INFO] 🔍 DEBUG SUI-USD: rl=0.00009600, rx=0.00001300, net=0.00008300, apy=72.7%
15:58:21 [INFO] Rebate discount SUI-USD: -8.00% APY -> threshold 5.00%
15:58:21 [INFO]  VOL REGIME: LINEA-USD UNKNOWN -> LOW (24h Range: 0.00%)
15:58:21 [INFO] 🔍 DEBUG LINEA-USD: rl=-0.00056800, rx=-0.00012100, net=-0.00044700, apy=391.6%
15:58:21 [INFO] Rebate discount LINEA-USD: -8.00% APY -> threshold 5.00%
15:58:21 [INFO]  VOL REGIME: GRASS-USD UNKNOWN -> LOW (24h Range: 0.00%)
15:58:21 [INFO] 🔍 DEBUG GRASS-USD: rl=-0.00016000, rx=-0.00000900, net=-0.00015100, apy=132.3%
15:58:21 [INFO] Rebate discount GRASS-USD: -8.00% APY -> threshold 5.00%
15:58:21 [INFO]  VOL REGIME: EIGEN-USD UNKNOWN -> LOW (24h Range: 0.00%)
15:58:21 [INFO] 🔍 DEBUG EIGEN-USD: rl=0.00009600, rx=0.00001300, net=0.00008300, apy=72.7%
15:58:21 [INFO] Rebate discount EIGEN-USD: -8.00% APY -> threshold 5.00%
15:58:21 [INFO]  VOL REGIME: WLFI-USD UNKNOWN -> LOW (24h Range: 0.00%)
15:58:21 [INFO] 🔍 DEBUG WLFI-USD: rl=-0.00041600, rx=-0.00003200, net=-0.00038400, apy=336.4%
15:58:21 [INFO] Rebate discount WLFI-USD: -8.00% APY -> threshold 5.00%
15:58:21 [INFO]  VOL REGIME: 1000SHIB-USD UNKNOWN -> LOW (24h Range: 0.00%)
15:58:21 [INFO] 🔍 DEBUG 1000SHIB-USD: rl=-0.00010400, rx=-0.00000400, net=-0.00010000, apy=87.6%
15:58:21 [INFO] Rebate discount 1000SHIB-USD: -8.00% APY -> threshold 5.00%
15:58:21 [INFO]  VOL REGIME: TRX-USD UNKNOWN -> LOW (24h Range: 0.00%)
15:58:21 [INFO] 🔍 DEBUG TRX-USD: rl=0.00009600, rx=0.00001300, net=0.00008300, apy=72.7%
15:58:21 [INFO] Rebate discount TRX-USD: -8.00% APY -> threshold 5.00%
15:58:21 [INFO]  VOL REGIME: LDO-USD UNKNOWN -> LOW (24h Range: 0.00%)
15:58:21 [INFO] 🔍 DEBUG LDO-USD: rl=0.00009600, rx=0.00000800, net=0.00008800, apy=77.1%
15:58:21 [INFO] Rebate discount LDO-USD: -8.00% APY -> threshold 5.00%
15:58:21 [DEBUG] ⛔ Skip SPX-USD: TradFi/FX
15:58:21 [INFO] 🔍 DEBUG FIL-USD: rl=0.00009600, rx=0.00001300, net=0.00008300, apy=72.7%
15:58:21 [INFO] Rebate discount FIL-USD: -8.00% APY -> threshold 5.00%
15:58:21 [DEBUG] Skip FIL-USD: Invalid prices (X=0.0, L=1.61012)
15:58:21 [INFO]  VOL REGIME: MKR-USD UNKNOWN -> LOW (24h Range: 0.00%)
15:58:21 [INFO] Rebate discount MKR-USD: -8.00% APY -> threshold 5.00%
15:58:21 [DEBUG] Skip MKR-USD: Missing prices (X=1663.9, L=None)
15:58:21 [INFO]  VOL REGIME: TIA-USD UNKNOWN -> LOW (24h Range: 0.00%)
15:58:21 [INFO] 🔍 DEBUG TIA-USD: rl=0.00009600, rx=-0.00010500, net=0.00020100, apy=176.1%
15:58:21 [INFO] Rebate discount TIA-USD: -8.00% APY -> threshold 5.00%
15:58:21 [INFO]  VOL REGIME: XRP-USD UNKNOWN -> LOW (24h Range: 0.00%)
15:58:21 [INFO] 🔍 DEBUG XRP-USD: rl=0.00008800, rx=0.00000200, net=0.00008600, apy=75.3%
15:58:21 [INFO] Rebate discount XRP-USD: -8.00% APY -> threshold 5.00%
15:58:21 [INFO]  VOL REGIME: VIRTUAL-USD UNKNOWN -> LOW (24h Range: 0.00%)
15:58:21 [INFO] 🔍 DEBUG VIRTUAL-USD: rl=-0.00014400, rx=0.00001300, net=-0.00015700, apy=137.5%
15:58:21 [INFO] Rebate discount VIRTUAL-USD: -8.00% APY -> threshold 5.00%
15:58:21 [INFO]  VOL REGIME: JUP-USD UNKNOWN -> LOW (24h Range: 0.00%)
15:58:21 [INFO] 🔍 DEBUG JUP-USD: rl=-0.00008800, rx=0.00001300, net=-0.00010100, apy=88.5%
15:58:21 [INFO] Rebate discount JUP-USD: -8.00% APY -> threshold 5.00%
15:58:21 [INFO]  VOL REGIME: LINK-USD UNKNOWN -> LOW (24h Range: 0.00%)
15:58:21 [INFO] Rebate discount LINK-USD: -8.00% APY -> threshold 5.00%
15:58:21 [DEBUG] Skip LINK-USD: Spread 0.39% too high
15:58:21 [INFO]  VOL REGIME: ETH-USD UNKNOWN -> LOW (24h Range: 0.00%)
15:58:21 [INFO] 🔍 DEBUG ETH-USD: rl=0.00009600, rx=0.00001300, net=0.00008300, apy=72.7%
15:58:21 [INFO] Rebate discount ETH-USD: -8.00% APY -> threshold 5.00%
15:58:21 [INFO] Rebate discount USDJPY-USD: -8.00% APY -> threshold 5.00%
15:58:21 [INFO]  VOL REGIME: FARTCOIN-USD UNKNOWN -> LOW (24h Range: 0.00%)
15:58:21 [INFO] 🔍 DEBUG FARTCOIN-USD: rl=0.00009600, rx=0.00001300, net=0.00008300, apy=72.7%
15:58:21 [INFO] Rebate discount FARTCOIN-USD: -8.00% APY -> threshold 5.00%
15:58:21 [INFO]  VOL REGIME: PUMP-USD UNKNOWN -> LOW (24h Range: 0.00%)
15:58:21 [INFO] 🔍 DEBUG PUMP-USD: rl=0.00009600, rx=0.00001300, net=0.00008300, apy=72.7%
15:58:21 [INFO] Rebate discount PUMP-USD: -8.00% APY -> threshold 5.00%
15:58:21 [INFO]  VOL REGIME: APEX-USD UNKNOWN -> LOW (24h Range: 0.00%)
15:58:21 [INFO] 🔍 DEBUG APEX-USD: rl=0.00009600, rx=0.00001300, net=0.00008300, apy=72.7%
15:58:21 [INFO] Rebate discount APEX-USD: -8.00% APY -> threshold 5.00%
15:58:21 [INFO]  VOL REGIME: MNT-USD UNKNOWN -> LOW (24h Range: 0.00%)
15:58:21 [INFO] 🔍 DEBUG MNT-USD: rl=0.00009600, rx=0.00001300, net=0.00008300, apy=72.7%
15:58:21 [INFO] Rebate discount MNT-USD: -8.00% APY -> threshold 5.00%
15:58:21 [INFO]  VOL REGIME: ENA-USD UNKNOWN -> LOW (24h Range: 0.00%)
15:58:21 [INFO] 🔍 DEBUG ENA-USD: rl=0.00009600, rx=-0.00002200, net=0.00011800, apy=103.4%
15:58:21 [INFO] Rebate discount ENA-USD: -8.00% APY -> threshold 5.00%
15:58:21 [INFO]  VOL REGIME: SOL-USD UNKNOWN -> LOW (24h Range: 0.00%)
15:58:21 [INFO] 🔍 DEBUG SOL-USD: rl=0.00009600, rx=0.00001200, net=0.00008400, apy=73.6%
15:58:21 [INFO] Rebate discount SOL-USD: -8.00% APY -> threshold 5.00%
15:58:21 [INFO]  VOL REGIME: BTC-USD UNKNOWN -> LOW (24h Range: 0.00%)
15:58:21 [INFO] Rebate discount BTC-USD: -8.00% APY -> threshold 5.00%
15:58:21 [INFO]  VOL REGIME: OP-USD UNKNOWN -> LOW (24h Range: 0.00%)
15:58:21 [INFO] 🔍 DEBUG OP-USD: rl=0.00009600, rx=-0.00001800, net=0.00011400, apy=99.9%
15:58:21 [INFO] Rebate discount OP-USD: -8.00% APY -> threshold 5.00%
15:58:21 [INFO]  VOL REGIME: EDEN-USD UNKNOWN -> LOW (24h Range: 0.00%)
15:58:21 [INFO] 🔍 DEBUG EDEN-USD: rl=0.00009600, rx=0.00001300, net=0.00008300, apy=72.7%
15:58:21 [INFO] Rebate discount EDEN-USD: -8.00% APY -> threshold 5.00%
15:58:21 [INFO] 🔍 DEBUG BCH-USD: rl=-0.00042400, rx=0.00001300, net=-0.00043700, apy=382.8%
15:58:21 [INFO] Rebate discount BCH-USD: -8.00% APY -> threshold 5.00%
15:58:21 [DEBUG] Skip BCH-USD: Invalid prices (X=0.0, L=556.361)
15:58:21 [DEBUG] 🔄 Skip RESOLV-USD: Already open (in open_syms)
15:58:21 [INFO]  VOL REGIME: AVNT-USD UNKNOWN -> LOW (24h Range: 0.00%)
15:58:21 [INFO] Rebate discount AVNT-USD: -8.00% APY -> threshold 5.00%
15:58:21 [INFO]  VOL REGIME: TAO-USD UNKNOWN -> LOW (24h Range: 0.00%)
15:58:21 [INFO] 🔍 DEBUG TAO-USD: rl=0.00009600, rx=0.00001300, net=0.00008300, apy=72.7%
15:58:21 [INFO] Rebate discount TAO-USD: -8.00% APY -> threshold 5.00%
15:58:21 [INFO]  VOL REGIME: POPCAT-USD UNKNOWN -> LOW (24h Range: 0.00%)
15:58:21 [INFO] 🔍 DEBUG POPCAT-USD: rl=0.00009600, rx=0.00001300, net=0.00008300, apy=72.7%
15:58:21 [INFO] Rebate discount POPCAT-USD: -8.00% APY -> threshold 5.00%
15:58:21 [INFO]  VOL REGIME: ARB-USD UNKNOWN -> LOW (24h Range: 0.00%)
15:58:21 [INFO] 🔍 DEBUG ARB-USD: rl=0.00009600, rx=-0.00000400, net=0.00010000, apy=87.6%
15:58:21 [INFO] Rebate discount ARB-USD: -8.00% APY -> threshold 5.00%
15:58:21 [INFO]  VOL REGIME: ZORA-USD UNKNOWN -> LOW (24h Range: 0.00%)
15:58:21 [INFO] 🔍 DEBUG ZORA-USD: rl=-0.00238400, rx=-0.00032500, net=-0.00205900, apy=1803.7%
15:58:21 [INFO] Rebate discount ZORA-USD: -8.00% APY -> threshold 5.00%
15:58:21 [INFO]  VOL REGIME: 1000BONK-USD UNKNOWN -> LOW (24h Range: 0.00%)
15:58:21 [INFO] 🔍 DEBUG 1000BONK-USD: rl=0.00009600, rx=0.00001300, net=0.00008300, apy=72.7%
15:58:21 [INFO] Rebate discount 1000BONK-USD: -8.00% APY -> threshold 5.00%
15:58:21 [INFO]  VOL REGIME: TRUMP-USD UNKNOWN -> LOW (24h Range: 0.00%)
15:58:21 [INFO] 🔍 DEBUG TRUMP-USD: rl=-0.00009600, rx=0.00001300, net=-0.00010900, apy=95.5%
15:58:21 [INFO] Rebate discount TRUMP-USD: -8.00% APY -> threshold 5.00%
15:58:21 [INFO]  VOL REGIME: AVAX-USD UNKNOWN -> LOW (24h Range: 0.00%)
15:58:21 [INFO] 🔍 DEBUG AVAX-USD: rl=-0.00014400, rx=0.00001300, net=-0.00015700, apy=137.5%
15:58:21 [INFO] Rebate discount AVAX-USD: -8.00% APY -> threshold 5.00%
15:58:21 [INFO]  VOL REGIME: AAVE-USD UNKNOWN -> LOW (24h Range: 0.00%)
15:58:21 [INFO] 🔍 DEBUG AAVE-USD: rl=0.00009600, rx=0.00001300, net=0.00008300, apy=72.7%
15:58:21 [INFO] Rebate discount AAVE-USD: -8.00% APY -> threshold 5.00%
15:58:21 [INFO] 🔍 DEBUG DOT-USD: rl=-0.00016800, rx=0.00001300, net=-0.00018100, apy=158.6%
15:58:21 [INFO] Rebate discount DOT-USD: -8.00% APY -> threshold 5.00%
15:58:21 [DEBUG] Skip DOT-USD: Invalid prices (X=0.0, L=2.26619)
15:58:21 [INFO]  VOL REGIME: XPL-USD UNKNOWN -> LOW (24h Range: 0.00%)
15:58:21 [INFO] 🔍 DEBUG XPL-USD: rl=0.00009600, rx=0.00001300, net=0.00008300, apy=72.7%
15:58:21 [INFO] Rebate discount XPL-USD: -8.00% APY -> threshold 5.00%
15:58:21 [DEBUG] ⛔ Skip AERO-USD: In BLACKLIST
15:58:21 [INFO]  VOL REGIME: WIF-USD UNKNOWN -> LOW (24h Range: 0.00%)
15:58:21 [INFO] 🔍 DEBUG WIF-USD: rl=0.00009600, rx=0.00001300, net=0.00008300, apy=72.7%
15:58:21 [INFO] Rebate discount WIF-USD: -8.00% APY -> threshold 5.00%
15:58:21 [INFO]  VOL REGIME: BNB-USD UNKNOWN -> LOW (24h Range: 0.00%)
15:58:21 [INFO] 🔍 DEBUG BNB-USD: rl=0.00009600, rx=0.00001300, net=0.00008300, apy=72.7%
15:58:21 [INFO] Rebate discount BNB-USD: -8.00% APY -> threshold 5.00%
15:58:21 [INFO]  VOL REGIME: UNI-USD UNKNOWN -> LOW (24h Range: 0.00%)
15:58:21 [INFO] 🔍 DEBUG UNI-USD: rl=-0.00027200, rx=-0.00000800, net=-0.00026400, apy=231.3%
15:58:21 [INFO] Rebate discount UNI-USD: -8.00% APY -> threshold 5.00%
15:58:21 [INFO]  VOL REGIME: NEAR-USD UNKNOWN -> LOW (24h Range: 0.00%)
15:58:21 [INFO] 🔍 DEBUG NEAR-USD: rl=-0.00032000, rx=0.00001300, net=-0.00033300, apy=291.7%
15:58:21 [INFO] Rebate discount NEAR-USD: -8.00% APY -> threshold 5.00%
15:58:21 [INFO]  VOL REGIME: BERA-USD UNKNOWN -> LOW (24h Range: 0.00%)
15:58:21 [INFO] 🔍 DEBUG BERA-USD: rl=-0.00030400, rx=-0.00013600, net=-0.00016800, apy=147.2%
15:58:21 [INFO] Rebate discount BERA-USD: -8.00% APY -> threshold 5.00%
15:58:21 [DEBUG] 🔄 Skip APT-USD: Already open (in open_syms)
15:58:21 [INFO]  VOL REGIME: ONDO-USD UNKNOWN -> LOW (24h Range: 0.00%)
15:58:21 [INFO] 🔍 DEBUG ONDO-USD: rl=0.00009600, rx=0.00001300, net=0.00008300, apy=72.7%
15:58:21 [INFO] Rebate discount ONDO-USD: -8.00% APY -> threshold 5.00%
15:58:21 [DEBUG] ⛔ Skip MEGA-USD: In BLACKLIST
15:58:21 [INFO]  VOL REGIME: WLD-USD UNKNOWN -> LOW (24h Range: 0.00%)
15:58:21 [INFO] Rebate discount WLD-USD: -8.00% APY -> threshold 5.00%
15:58:21 [INFO]  VOL REGIME: ADA-USD UNKNOWN -> LOW (24h Range: 0.00%)
15:58:21 [INFO] 🔍 DEBUG ADA-USD: rl=0.00009600, rx=0.00001300, net=0.00008300, apy=72.7%
15:58:21 [INFO] Rebate discount ADA-USD: -8.00% APY -> threshold 5.00%
15:58:21 [INFO]  VOL REGIME: MON-USD UNKNOWN -> LOW (24h Range: 0.00%)
15:58:21 [INFO] 🔍 DEBUG MON-USD: rl=-0.00006400, rx=0.00001300, net=-0.00007700, apy=67.5%
15:58:21 [INFO] Rebate discount MON-USD: -8.00% APY -> threshold 5.00%
15:58:21 [INFO]  VOL REGIME: IP-USD UNKNOWN -> LOW (24h Range: 0.00%)
15:58:21 [INFO] 🔍 DEBUG IP-USD: rl=-0.00011200, rx=0.00001300, net=-0.00012500, apy=109.5%
15:58:21 [INFO] Rebate discount IP-USD: -8.00% APY -> threshold 5.00%
15:58:21 [INFO]  VOL REGIME: DOGE-USD UNKNOWN -> LOW (24h Range: 0.00%)
15:58:21 [INFO] 🔍 DEBUG DOGE-USD: rl=0.00009600, rx=0.00001300, net=0.00008300, apy=72.7%
15:58:21 [INFO] Rebate discount DOGE-USD: -8.00% APY -> threshold 5.00%
15:58:21 [INFO]  VOL REGIME: TON-USD UNKNOWN -> LOW (24h Range: 0.00%)
15:58:21 [INFO] 🔍 DEBUG TON-USD: rl=0.00009600, rx=0.00001300, net=0.00008300, apy=72.7%
15:58:21 [INFO] Rebate discount TON-USD: -8.00% APY -> threshold 5.00%
15:58:21 [INFO]  VOL REGIME: HYPE-USD UNKNOWN -> LOW (24h Range: 0.00%)
15:58:21 [INFO] 🔍 DEBUG HYPE-USD: rl=0.00009600, rx=0.00001300, net=0.00008300, apy=72.7%
15:58:21 [INFO] Rebate discount HYPE-USD: -8.00% APY -> threshold 5.00%
15:58:21 [DEBUG] ⛔ Skip XAG-USD: TradFi/FX
15:58:21 [INFO]  VOL REGIME: STRK-USD UNKNOWN -> LOW (24h Range: 0.00%)
15:58:21 [INFO] Rebate discount STRK-USD: -8.00% APY -> threshold 5.00%
15:58:21 [DEBUG] ⛔ Skip XAU-USD: TradFi/FX
15:58:21 [INFO]  VOL REGIME: SEI-USD UNKNOWN -> LOW (24h Range: 0.00%)
15:58:21 [INFO] 🔍 DEBUG SEI-USD: rl=-0.00023200, rx=0.00001100, net=-0.00024300, apy=212.9%
15:58:21 [INFO] Rebate discount SEI-USD: -8.00% APY -> threshold 5.00%
15:58:21 [INFO]  VOL REGIME: CRV-USD UNKNOWN -> LOW (24h Range: 0.00%)
15:58:21 [INFO] 🔍 DEBUG CRV-USD: rl=-0.00033600, rx=0.00001300, net=-0.00034900, apy=305.7%
15:58:21 [INFO] Rebate discount CRV-USD: -8.00% APY -> threshold 5.00%
15:58:21 [INFO]  VOL REGIME: S-USD UNKNOWN -> LOW (24h Range: 0.00%)
15:58:21 [INFO] 🔍 DEBUG S-USD: rl=0.00009600, rx=0.00001300, net=0.00008300, apy=72.7%
15:58:21 [INFO] Rebate discount S-USD: -8.00% APY -> threshold 5.00%
15:58:21 [INFO] ✅ Found 56 opportunities from 62 valid pairs (farm_mode=False, scanned=70)
15:58:21 [INFO] 🎯 Found 3 opportunities, executing best...
15:58:21 [DEBUG] Sending GET https://api.starknet.extended.exchange/api/v1/user/balance
15:58:21 [WARNING] 🛑 Received SIGINT, initiating graceful shutdown...
15:58:21 [INFO] 🛑 Shutting down...
15:58:21 [INFO] 🛑 Initiating graceful shutdown...
15:58:21 [INFO] 🔍 Supervisor loop stopped
15:58:21 [INFO] 🛑 Cancelling logic_loop...
15:58:21 [INFO] 🛑 Cancelling trade_management_loop...
15:58:21 [INFO] 🛑 Cancelling farm_loop...
15:58:21 [INFO] 🛑 Cancelling maintenance_loop...
15:58:21 [INFO] 🛑 Cancelling cleanup_finished_tasks...
15:58:21 [INFO] 🛑 Cancelling health_reporter...
15:58:21 [INFO] Logic loop cancelled
15:58:21 [INFO] ✅ All tasks stopped
15:58:21 [INFO] 🛑 Rollback processor: Shutdown signal received
15:58:21 [INFO] ✅ ParallelExecutionManager: Stopped
15:58:22 [DEBUG] executing functools.partial(<built-in method execute of sqlite3.Connection object at 0x000001F87F8FE3E0>, '\n            INSERT INTO trades (\n                symbol, side_x10, side_lighter, size_usd,\n                entry_price_x10, entry_price_lighter, status,\n                is_farm_trade, created_at, account_label,\n                x10_order_id, lighter_order_id\n            ) VALUES (?, ?, ?, ?, ?, ?, ?, ?, ?, ?, ?, ?)\n        ', ('APT-USD', 'BUY', 'SELL', 0, 2.00670033, 2.0054, 'open', 0, 1764514702119, 'Main/Main', None, None))
15:58:22 [DEBUG] operation functools.partial(<built-in method execute of sqlite3.Connection object at 0x000001F87F8FE3E0>, '\n            INSERT INTO trades (\n                symbol, side_x10, side_lighter, size_usd,\n                entry_price_x10, entry_price_lighter, status,\n                is_farm_trade, created_at, account_label,\n                x10_order_id, lighter_order_id\n            ) VALUES (?, ?, ?, ?, ?, ?, ?, ?, ?, ?, ?, ?)\n        ', ('APT-USD', 'BUY', 'SELL', 0, 2.00670033, 2.0054, 'open', 0, 1764514702119, 'Main/Main', None, None)) completed
15:58:22 [DEBUG] executing functools.partial(<built-in method commit of sqlite3.Connection object at 0x000001F87F8FE3E0>)
15:58:22 [DEBUG] 📝 Flushed 1 writes
15:58:22 [DEBUG] operation functools.partial(<built-in method commit of sqlite3.Connection object at 0x000001F87F8FE3E0>) completed
15:58:22 [DEBUG] 📝 Flushed 1 writes in 0.0ms
15:58:23 [WARNING] 🛑 Received SIGINT, initiating graceful shutdown...
15:58:23 [DEBUG] ✅ PENGU-USD: X10=$177,616, Lighter=$85,246,084, Total=$85,423,700
15:58:26 [WARNING] 🛑 Received SIGINT, initiating graceful shutdown...
15:58:26 [INFO] 🔌 [x10] WebSocket stopped
15:58:26 [INFO] 🔌 [lighter] WebSocket stopped
15:58:26 [INFO] ✅ WebSocketManager stopped
15:58:26 [INFO] ✅ OpenInterestTracker stopped
15:58:26 [INFO] 🛑 Stopping InMemoryStateManager...
15:58:26 [INFO] 📝 State writer loop stopped
15:58:26 [INFO] ✅ InMemoryStateManager stopped
15:58:26 [INFO] 🔒 Closing database...
15:58:26 [INFO] 🖊️ Database write loop stopped
15:58:26 [DEBUG] executing functools.partial(<built-in method close of sqlite3.Connection object at 0x000001F87F8FE3E0>)
15:58:26 [DEBUG] operation functools.partial(<built-in method close of sqlite3.Connection object at 0x000001F87F8FE3E0>) completed
15:58:26 [DEBUG] executing functools.partial(<built-in method close of sqlite3.Connection object at 0x000001F87F8FD030>)
15:58:26 [DEBUG] operation functools.partial(<built-in method close of sqlite3.Connection object at 0x000001F87F8FD030>) completed
15:58:26 [DEBUG] executing functools.partial(<built-in method close of sqlite3.Connection object at 0x000001F87F8FD300>)
15:58:26 [DEBUG] operation functools.partial(<built-in method close of sqlite3.Connection object at 0x000001F87F8FD300>) completed
15:58:26 [DEBUG] executing functools.partial(<built-in method close of sqlite3.Connection object at 0x000001F87F8FD7B0>)
15:58:26 [DEBUG] operation functools.partial(<built-in method close of sqlite3.Connection object at 0x000001F87F8FD7B0>) completed
15:58:26 [DEBUG] executing functools.partial(<built-in method close of sqlite3.Connection object at 0x000001F87F8FDD50>)
15:58:26 [DEBUG] operation functools.partial(<built-in method close of sqlite3.Connection object at 0x000001F87F8FDD50>) completed
15:58:26 [DEBUG] executing functools.partial(<built-in method close of sqlite3.Connection object at 0x000001F87F8FE110>)
15:58:26 [DEBUG] operation functools.partial(<built-in method close of sqlite3.Connection object at 0x000001F87F8FE110>) completed
15:58:26 [INFO] ✅ Database closed
15:58:26 [INFO] ✅ X10 Adapter geschlossen.
15:58:26 [INFO] ✅ Lighter Adapter closed
15:58:26 [INFO] ✅ Bot V5 shutdown complete
