20:48:10 [INFO]  CONFIG VALIDIERUNG abgeschlossen.
20:48:10 [INFO] 🔥 BOT V5 (Architected) STARTING...
20:48:10 [INFO] 🚀 Starting InMemoryStateManager...
20:48:10 [INFO] 📂 Initializing database: data/trades.db
20:48:10 [INFO] ✅ Read pool created: 5 connections
20:48:10 [INFO] ✅ WAL mode enabled
20:48:10 [INFO] 🔄 Running database migrations...
20:48:10 [INFO] ✅ Migrations complete (11 statements)
20:48:10 [INFO] ✅ Database initialized
20:48:10 [INFO] 🖊️ Database write loop started
20:48:10 [INFO] 📂 Loaded 3 trades from database
20:48:10 [INFO] ✅ InMemoryStateManager started (loaded 3 trades)
20:48:10 [INFO] ✅ State Manager started
20:48:10 [INFO]  Telegram Bot disabled (Token/ChatID missing).
20:48:10 [INFO] ✅ Async database initialized
20:48:10 [INFO] 📝 State writer loop started
20:48:10 [DEBUG] ✅ Database schema up to date
20:48:10 [INFO] Initialisiere X10 Adapter...
20:48:10 [INFO]  X10 Account initialisiert.
20:48:10 [INFO] Initialisiere Lighter Adapter...
20:48:10 [INFO] 📊 Loading Market Data via REST...
20:48:10 [DEBUG] Sending GET https://api.starknet.extended.exchange/api/v1/info/markets?
20:48:10 [INFO] ⚙️ Lighter: Loading markets...
20:48:10 [DEBUG] Starting new HTTPS connection (1): mainnet.zklighter.elliot.ai:443
20:48:11 [DEBUG] https://mainnet.zklighter.elliot.ai:443 "GET /api/v1/nextNonce?account_index=60113&api_key_index=3 HTTP/1.1" 200 25
20:48:13 [INFO]  X10: 91 Märkte geladen, 91 Funding Rates, 78 Preise
20:49:08 [INFO] ✅ Lighter: 118/118 markets loaded (100.0%)
20:49:08 [INFO] ✅ Markets loaded: X10=91, Lighter=118
20:49:08 [INFO] FundingPredictorV2 initialized with BTC Correlation
20:49:08 [INFO] 启动 OI Tracker für 70 Symbole...
20:49:08 [INFO] ✅ OpenInterestTracker started (interval=30.0s)
20:49:08 [INFO] 🌐 Starting WebSocket Manager...
20:49:08 [INFO] 📊 OI Tracker: Starting cycle 1 (70 symbols)
20:49:08 [INFO] 🔌 [lighter] WebSocket manager started
20:49:08 [INFO] 🔌 [x10] WebSocket manager started
20:49:08 [INFO] ✅ WebSocketManager started
20:49:09 [DEBUG] ✅ MON-USD: X10=$299,873, Lighter=$240,840,350, Total=$241,140,223
20:49:09 [INFO] ✅ [lighter] Connected to wss://mainnet.zklighter.elliot.ai/stream
20:49:09 [DEBUG] [lighter] Subscribed to order_book/92
20:49:09 [DEBUG] [lighter] Subscribed to order_book/28
20:49:09 [DEBUG] [lighter] Subscribed to trade/28
20:49:09 [INFO] ✅ [x10] Connected to wss://api.starknet.extended.exchange/stream.extended.exchange/v1/account
20:49:09 [DEBUG] [lighter] Subscribed to order_book/33
20:49:09 [DEBUG] [lighter] Subscribed to trade/33
20:49:09 [DEBUG] [lighter] Subscribed to order_book/58
20:49:09 [DEBUG] [lighter] Subscribed to trade/58
20:49:09 [DEBUG] [lighter] Subscribed to order_book/27
20:49:09 [DEBUG] [lighter] Subscribed to trade/27
20:49:09 [DEBUG] [lighter] Subscribed to trade/82
20:49:09 [DEBUG] [lighter] Subscribed to order_book/38
20:49:09 [DEBUG] [lighter] Subscribed to trade/38
20:49:09 [DEBUG] [lighter] Subscribed to order_book/23
20:49:09 [DEBUG] [lighter] Subscribed to trade/23
20:49:09 [DEBUG] [lighter] Subscribed to order_book/67
20:49:09 [DEBUG] [lighter] Subscribed to trade/67
20:49:09 [DEBUG] [lighter] Subscribed to order_book/12
20:49:09 [DEBUG] [lighter] Subscribed to order_book/3
20:49:09 [DEBUG] [lighter] Subscribed to trade/3
20:49:09 [DEBUG] [lighter] Subscribed to order_book/39
20:49:09 [DEBUG] [lighter] Subscribed to trade/39
20:49:09 [DEBUG] [lighter] Subscribed to order_book/26
20:49:09 [DEBUG] [lighter] Subscribed to trade/26
20:49:09 [DEBUG] [lighter] Subscribed to order_book/50
20:49:09 [DEBUG] [lighter] Subscribed to trade/50
20:49:09 [DEBUG] [lighter] Subscribed to order_book/82
20:49:09 [DEBUG] [lighter] Subscribed to order_book/90
20:49:09 [DEBUG] [lighter] Subscribed to trade/90
20:49:09 [DEBUG] [lighter] Subscribed to order_book/42
20:49:09 [DEBUG] [lighter] Subscribed to trade/42
20:49:09 [DEBUG] [lighter] Subscribed to order_book/15
20:49:09 [DEBUG] [lighter] Subscribed to trade/15
20:49:09 [DEBUG] [lighter] Subscribed to order_book/72
20:49:09 [DEBUG] [lighter] Subscribed to order_book/41
20:49:09 [DEBUG] [lighter] Subscribed to trade/41
20:49:09 [DEBUG] [lighter] Subscribed to order_book/103
20:49:09 [DEBUG] [lighter] Subscribed to trade/103
20:49:09 [DEBUG] [lighter] Subscribed to order_book/5
20:49:09 [DEBUG] [lighter] Subscribed to trade/5
20:49:10 [DEBUG] [lighter] Subscribed to trade/98
20:49:10 [DEBUG] [lighter] Subscribed to order_book/47
20:49:10 [DEBUG] [lighter] Subscribed to trade/47
20:49:10 [DEBUG] [lighter] Subscribed to order_book/60
20:49:10 [DEBUG] [lighter] Subscribed to trade/60
20:49:10 [DEBUG] [lighter] Subscribed to order_book/89
20:49:10 [DEBUG] [lighter] Subscribed to trade/89
20:49:10 [DEBUG] [lighter] Subscribed to order_book/65
20:49:10 [DEBUG] [lighter] Subscribed to trade/65
20:49:10 [DEBUG] [lighter] Subscribed to trade/52
20:49:10 [DEBUG] [lighter] Subscribed to order_book/2
20:49:10 [DEBUG] [lighter] Subscribed to trade/2
20:49:10 [DEBUG] [lighter] Subscribed to order_book/93
20:49:10 [DEBUG] [lighter] Subscribed to trade/93
20:49:10 [DEBUG] [lighter] Subscribed to order_book/29
20:49:10 [DEBUG] [lighter] Subscribed to trade/29
20:49:10 [DEBUG] [lighter] Subscribed to order_book/32
20:49:10 [DEBUG] [lighter] Subscribed to order_book/40
20:49:10 [DEBUG] [lighter] Subscribed to trade/40
20:49:10 [DEBUG] [lighter] Subscribed to order_book/71
20:49:10 [DEBUG] [lighter] Subscribed to trade/71
20:49:10 [DEBUG] [lighter] Subscribed to order_book/17
20:49:10 [DEBUG] [lighter] Subscribed to trade/17
20:49:10 [DEBUG] [lighter] Subscribed to market_stats/all
20:49:10 [DEBUG] [lighter] Subscribed to order_book/35
20:49:10 [DEBUG] [lighter] Subscribed to trade/35
20:49:10 [DEBUG] [lighter] Subscribed to order_book/63
20:49:10 [DEBUG] [lighter] Subscribed to trade/63
20:49:10 [DEBUG] [lighter] Subscribed to order_book/49
20:49:10 [DEBUG] [lighter] Subscribed to trade/49
20:49:10 [DEBUG] [lighter] Subscribed to trade/94
20:49:10 [DEBUG] [x10] Subscribed to publicTrades/MON/USD
20:49:10 [DEBUG] [x10] Subscribed to funding/MON/USD
20:49:10 [DEBUG] [x10] Subscribed to publicTrades/LINEA/USD
20:49:10 [DEBUG] [x10] Subscribed to funding/LINEA/USD
20:49:10 [DEBUG] [lighter] Subscribed to order_book/11
20:49:10 [DEBUG] [x10] Subscribed to publicTrades/STRK/USD
20:49:10 [DEBUG] [x10] Subscribed to funding/STRK/USD
20:49:10 [DEBUG] [x10] Subscribed to publicTrades/XRP/USD
20:49:10 [DEBUG] [x10] Subscribed to funding/XRP/USD
20:49:10 [DEBUG] [lighter] Subscribed to order_book/9
20:49:10 [DEBUG] [x10] Subscribed to publicTrades/IP/USD
20:49:10 [DEBUG] [x10] Subscribed to funding/IP/USD
20:49:10 [DEBUG] [lighter] Subscribed to order_book/16
20:49:10 [DEBUG] [x10] Subscribed to publicTrades/APEX/USD
20:49:10 [DEBUG] [x10] Subscribed to funding/APEX/USD
20:49:10 [DEBUG] [x10] Subscribed to publicTrades/1000BONK/USD
20:49:10 [DEBUG] [x10] Subscribed to funding/1000BONK/USD
20:49:10 [DEBUG] [lighter] Subscribed to order_book/51
20:49:10 [DEBUG] [x10] Subscribed to publicTrades/BERA/USD
20:49:10 [DEBUG] [x10] Subscribed to funding/BERA/USD
20:49:10 [DEBUG] [x10] Subscribed to publicTrades/GRASS/USD
20:49:10 [DEBUG] [x10] Subscribed to funding/GRASS/USD
20:49:10 [DEBUG] [lighter] Subscribed to trade/12
20:49:10 [DEBUG] [x10] Subscribed to publicTrades/MEGA/USD
20:49:10 [DEBUG] [x10] Subscribed to funding/MEGA/USD
20:49:10 [DEBUG] [x10] Subscribed to publicTrades/PUMP/USD
20:49:10 [DEBUG] [x10] Subscribed to funding/PUMP/USD
20:49:11 [DEBUG] [lighter] Subscribed to order_book/20
20:49:11 [DEBUG] [x10] Subscribed to publicTrades/BNB/USD
20:49:11 [DEBUG] [x10] Subscribed to funding/BNB/USD
20:49:11 [DEBUG] [lighter] Subscribed to trade/86
20:49:11 [DEBUG] [x10] Subscribed to publicTrades/FARTCOIN/USD
20:49:11 [DEBUG] [x10] Subscribed to funding/FARTCOIN/USD
20:49:11 [DEBUG] [x10] Subscribed to publicTrades/SUI/USD
20:49:11 [DEBUG] [x10] Subscribed to funding/SUI/USD
20:49:11 [DEBUG] [lighter] Subscribed to order_book/86
20:49:11 [DEBUG] [x10] Subscribed to publicTrades/LDO/USD
20:49:11 [DEBUG] [x10] Subscribed to funding/LDO/USD
20:49:11 [DEBUG] [lighter] Subscribed to trade/16
20:49:11 [DEBUG] [x10] Subscribed to publicTrades/NEAR/USD
20:49:11 [DEBUG] [x10] Subscribed to funding/NEAR/USD
20:49:11 [DEBUG] [x10] Subscribed to publicTrades/HYPE/USD
20:49:11 [DEBUG] [x10] Subscribed to funding/HYPE/USD
20:49:11 [DEBUG] [lighter] Subscribed to trade/104
20:49:11 [DEBUG] [x10] Subscribed to publicTrades/1000PEPE/USD
20:49:11 [DEBUG] [x10] Subscribed to funding/1000PEPE/USD
20:49:11 [DEBUG] [x10] Subscribed to publicTrades/RESOLV/USD
20:49:11 [DEBUG] [x10] Subscribed to funding/RESOLV/USD
20:49:11 [DEBUG] [x10] Subscribed to publicTrades/SEI/USD
20:49:11 [DEBUG] [x10] Subscribed to funding/SEI/USD
20:49:11 [DEBUG] [lighter] Subscribed to trade/46
20:49:11 [DEBUG] [x10] Subscribed to publicTrades/ASTER/USD
20:49:11 [DEBUG] [x10] Subscribed to funding/ASTER/USD
20:49:11 [DEBUG] [lighter] Subscribed to order_book/91
20:49:11 [DEBUG] [x10] Subscribed to publicTrades/APT/USD
20:49:11 [DEBUG] [x10] Subscribed to funding/APT/USD
20:49:11 [DEBUG] [x10] Subscribed to publicTrades/WLFI/USD
20:49:11 [DEBUG] [x10] Subscribed to funding/WLFI/USD
20:49:11 [DEBUG] [lighter] Subscribed to order_book/1
20:49:11 [DEBUG] [x10] Subscribed to publicTrades/XAU/USD
20:49:11 [DEBUG] [x10] Subscribed to funding/XAU/USD
20:49:11 [DEBUG] [x10] Subscribed to publicTrades/CRV/USD
20:49:11 [DEBUG] [x10] Subscribed to funding/CRV/USD
20:49:11 [DEBUG] [x10] Subscribed to publicTrades/AVAX/USD
20:49:11 [DEBUG] [x10] Subscribed to funding/AVAX/USD
20:49:11 [DEBUG] [lighter] Subscribed to order_book/13
20:49:11 [DEBUG] [x10] Subscribed to publicTrades/ZORA/USD
20:49:11 [DEBUG] [x10] Subscribed to funding/ZORA/USD
20:49:11 [DEBUG] [lighter] Subscribed to order_book/46
20:49:11 [DEBUG] [x10] Subscribed to publicTrades/AVNT/USD
20:49:11 [DEBUG] [x10] Subscribed to funding/AVNT/USD
20:49:12 [DEBUG] [x10] Subscribed to publicTrades/LINK/USD
20:49:12 [DEBUG] [x10] Subscribed to funding/LINK/USD
20:49:12 [DEBUG] [lighter] Subscribed to order_book/4
20:49:12 [DEBUG] [x10] Subscribed to publicTrades/WLD/USD
20:49:12 [DEBUG] [x10] Subscribed to funding/WLD/USD
20:49:12 [DEBUG] [x10] Subscribed to publicTrades/USDJPY/USD
20:49:12 [DEBUG] [x10] Subscribed to funding/USDJPY/USD
20:49:12 [DEBUG] [lighter] Subscribed to order_book/10
20:49:12 [DEBUG] [x10] Subscribed to publicTrades/DOT/USD
20:49:12 [DEBUG] [x10] Subscribed to funding/DOT/USD
20:49:12 [DEBUG] [x10] Subscribed to publicTrades/TRX/USD
20:49:12 [DEBUG] [x10] Subscribed to funding/TRX/USD
20:49:12 [DEBUG] [lighter] Subscribed to trade/4
20:49:12 [DEBUG] [x10] Subscribed to publicTrades/TON/USD
20:49:12 [DEBUG] [x10] Subscribed to funding/TON/USD
20:49:12 [DEBUG] [x10] Subscribed to publicTrades/BTC/USD
20:49:12 [DEBUG] [x10] Subscribed to funding/BTC/USD
20:49:12 [DEBUG] [lighter] Subscribed to trade/13
20:49:12 [DEBUG] [x10] Subscribed to publicTrades/OP/USD
20:49:12 [DEBUG] [x10] Subscribed to funding/OP/USD
20:49:12 [DEBUG] [lighter] Subscribed to order_book/25
20:49:12 [DEBUG] [x10] Subscribed to publicTrades/PENDLE/USD
20:49:12 [DEBUG] [x10] Subscribed to funding/PENDLE/USD
20:49:12 [DEBUG] [x10] Subscribed to publicTrades/UNI/USD
20:49:12 [DEBUG] [x10] Subscribed to funding/UNI/USD
20:49:12 [DEBUG] [lighter] Subscribed to trade/6
20:49:12 [DEBUG] [x10] Subscribed to publicTrades/TAO/USD
20:49:12 [DEBUG] [x10] Subscribed to funding/TAO/USD
20:49:12 [DEBUG] [x10] Subscribed to publicTrades/MKR/USD
20:49:12 [DEBUG] [x10] Subscribed to funding/MKR/USD
20:49:12 [DEBUG] [lighter] Subscribed to order_book/104
20:49:12 [DEBUG] [x10] Subscribed to publicTrades/KAITO/USD
20:49:12 [DEBUG] [x10] Subscribed to funding/KAITO/USD
20:49:12 [DEBUG] [x10] Subscribed to publicTrades/BCH/USD
20:49:12 [DEBUG] [x10] Subscribed to funding/BCH/USD
20:49:12 [DEBUG] [lighter] Subscribed to order_book/76
20:49:12 [DEBUG] [x10] Subscribed to publicTrades/AAVE/USD
20:49:12 [DEBUG] [x10] Subscribed to funding/AAVE/USD
20:49:12 [DEBUG] [x10] Subscribed to publicTrades/ONDO/USD
20:49:12 [DEBUG] [x10] Subscribed to funding/ONDO/USD
20:49:12 [DEBUG] [lighter] Subscribed to trade/92
20:49:12 [DEBUG] [x10] Subscribed to publicTrades/POPCAT/USD
20:49:12 [DEBUG] [x10] Subscribed to funding/POPCAT/USD
20:49:12 [DEBUG] [x10] Subscribed to publicTrades/TIA/USD
20:49:12 [DEBUG] [x10] Subscribed to funding/TIA/USD
20:49:12 [DEBUG] [lighter] Subscribed to order_book/43
20:49:12 [DEBUG] [x10] Subscribed to publicTrades/DOGE/USD
20:49:12 [DEBUG] [x10] Subscribed to funding/DOGE/USD
20:49:12 [DEBUG] [x10] Subscribed to publicTrades/ETH/USD
20:49:12 [DEBUG] [x10] Subscribed to funding/ETH/USD
20:49:12 [DEBUG] [lighter] Subscribed to order_book/21
20:49:12 [DEBUG] [x10] Subscribed to publicTrades/ADA/USD
20:49:12 [DEBUG] [x10] Subscribed to funding/ADA/USD
20:49:12 [DEBUG] ✅ LINEA-USD: X10=$84,870, Lighter=$85,093,377, Total=$85,178,247
20:49:13 [DEBUG] [x10] Subscribed to publicTrades/JUP/USD
20:49:13 [DEBUG] [x10] Subscribed to funding/JUP/USD
20:49:13 [DEBUG] [lighter] Subscribed to order_book/55
20:49:13 [DEBUG] [x10] Subscribed to publicTrades/ARB/USD
20:49:13 [DEBUG] [x10] Subscribed to funding/ARB/USD
20:49:13 [DEBUG] [x10] Subscribed to publicTrades/ZEC/USD
20:49:13 [DEBUG] [x10] Subscribed to funding/ZEC/USD
20:49:13 [DEBUG] [lighter] Subscribed to order_book/36
20:49:13 [DEBUG] [x10] Subscribed to publicTrades/SPX/USD
20:49:13 [DEBUG] [x10] Subscribed to funding/SPX/USD
20:49:13 [DEBUG] [x10] Subscribed to publicTrades/TRUMP/USD
20:49:13 [DEBUG] [x10] Subscribed to funding/TRUMP/USD
20:49:13 [DEBUG] [lighter] Subscribed to trade/18
20:49:13 [DEBUG] [x10] Subscribed to publicTrades/VIRTUAL/USD
20:49:13 [DEBUG] [x10] Subscribed to funding/VIRTUAL/USD
20:49:13 [DEBUG] [x10] Subscribed to publicTrades/FIL/USD
20:49:13 [DEBUG] [x10] Subscribed to funding/FIL/USD
20:49:13 [DEBUG] [lighter] Subscribed to order_book/53
20:49:13 [DEBUG] [x10] Subscribed to publicTrades/WIF/USD
20:49:13 [DEBUG] [x10] Subscribed to funding/WIF/USD
20:49:13 [DEBUG] [x10] Subscribed to publicTrades/PENGU/USD
20:49:13 [DEBUG] [x10] Subscribed to funding/PENGU/USD
20:49:13 [DEBUG] [lighter] Subscribed to order_book/7
20:49:13 [DEBUG] [x10] Subscribed to publicTrades/ZRO/USD
20:49:13 [DEBUG] [x10] Subscribed to funding/ZRO/USD
20:49:13 [DEBUG] [x10] Subscribed to publicTrades/EDEN/USD
20:49:13 [DEBUG] [x10] Subscribed to funding/EDEN/USD
20:49:13 [DEBUG] [lighter] Subscribed to order_book/6
20:49:13 [DEBUG] [x10] Subscribed to publicTrades/AERO/USD
20:49:13 [DEBUG] [x10] Subscribed to funding/AERO/USD
20:49:13 [DEBUG] [x10] Subscribed to publicTrades/SOL/USD
20:49:13 [DEBUG] [x10] Subscribed to funding/SOL/USD
20:49:13 [DEBUG] [lighter] Subscribed to trade/20
20:49:13 [DEBUG] [x10] Subscribed to publicTrades/XAG/USD
20:49:13 [DEBUG] [x10] Subscribed to funding/XAG/USD
20:49:13 [DEBUG] [x10] Subscribed to publicTrades/ENA/USD
20:49:13 [DEBUG] [x10] Subscribed to funding/ENA/USD
20:49:13 [DEBUG] [lighter] Subscribed to trade/24
20:49:13 [DEBUG] [x10] Subscribed to publicTrades/S/USD
20:49:13 [DEBUG] [x10] Subscribed to funding/S/USD
20:49:13 [DEBUG] [x10] Subscribed to publicTrades/XPL/USD
20:49:13 [DEBUG] [x10] Subscribed to funding/XPL/USD
20:49:13 [DEBUG] [lighter] Subscribed to order_book/31
20:49:13 [DEBUG] [x10] Subscribed to publicTrades/1000SHIB/USD
20:49:13 [DEBUG] [x10] Subscribed to funding/1000SHIB/USD
20:49:13 [DEBUG] [x10] Subscribed to publicTrades/LTC/USD
20:49:13 [DEBUG] [x10] Subscribed to funding/LTC/USD
20:49:13 [DEBUG] [lighter] Subscribed to order_book/30
20:49:13 [DEBUG] [x10] Subscribed to publicTrades/MNT/USD
20:49:13 [DEBUG] [x10] Subscribed to funding/MNT/USD
20:49:13 [DEBUG] [x10] Subscribed to publicTrades/EIGEN/USD
20:49:13 [DEBUG] [x10] Subscribed to funding/EIGEN/USD
20:49:14 [DEBUG] [lighter] Subscribed to trade/25
20:49:14 [INFO] 🔗 Components Wired: WS -> OI Tracker -> Prediction
20:49:14 [INFO] 🧟 Starte Zombie-Check: Vergleiche DB mit echten Positionen...
20:49:14 [INFO] 🔍 DB meldet 3 offene Trades. Prüfe Exchange...
20:49:14 [DEBUG] Sending GET https://api.starknet.extended.exchange/api/v1/user/positions?
20:49:14 [DEBUG] [lighter] Subscribed to trade/32
20:49:14 [DEBUG] [lighter] Subscribed to trade/45
20:49:14 [DEBUG] [lighter] Subscribed to order_book/83
20:49:14 [DEBUG] [lighter] Subscribed to trade/51
20:49:14 [DEBUG] [lighter] Subscribed to trade/9
20:49:14 [DEBUG] [lighter] Subscribed to trade/72
20:49:14 [DEBUG] [lighter] Subscribed to trade/7
20:49:14 [DEBUG] [lighter] Subscribed to trade/34
20:49:14 [DEBUG] [lighter] Subscribed to trade/21
20:49:14 [DEBUG] [lighter] Subscribed to trade/55
20:49:15 [DEBUG] [lighter] Subscribed to order_book/34
20:49:15 [DEBUG] [lighter] Subscribed to trade/30
20:49:15 [DEBUG] [lighter] Subscribed to trade/10
20:49:15 [DEBUG] [lighter] Subscribed to order_book/52
20:49:15 [DEBUG] [lighter] Subscribed to order_book/37
20:49:15 [INFO] Lighter: Found 0 open positions
20:49:15 [INFO] 🌍 Echte Positionen auf Exchanges: []
20:49:15 [WARNING] ⚠️  ZOMBIE GEFUNDEN: BERA-USD ist in DB offen, aber nicht auf Exchange. Schließe ihn...
20:49:15 [INFO] ✅ Trade BERA-USD closed (PnL: $0.00)
20:49:15 [WARNING] ⚠️  ZOMBIE GEFUNDEN: APEX-USD ist in DB offen, aber nicht auf Exchange. Schließe ihn...
20:49:15 [INFO] ✅ Trade APEX-USD closed (PnL: $0.00)
20:49:15 [WARNING] ⚠️  ZOMBIE GEFUNDEN: WLD-USD ist in DB offen, aber nicht auf Exchange. Schließe ihn...
20:49:15 [INFO] ✅ Trade WLD-USD closed (PnL: $0.00)
20:49:15 [INFO] ✅ ParallelExecutionManager: Rollback processor started
20:49:15 [INFO] ✅ ParallelExecutionManager started
20:49:15 [INFO] 📝 Registered task: logic_loop (critical=True)
20:49:15 [INFO] 📝 Registered task: trade_management_loop (critical=True)
20:49:15 [INFO] 📝 Registered task: farm_loop (critical=False)
20:49:15 [INFO] 📝 Registered task: maintenance_loop (critical=False)
20:49:15 [INFO] 📝 Registered task: cleanup_finished_tasks (critical=False)
20:49:15 [INFO] 📝 Registered task: health_reporter (critical=False)
20:49:15 [INFO] 📝 Registered task: connection_watchdog (critical=True)
20:49:15 [INFO] ✅ Signal handlers installed (SIGINT, SIGTERM)
20:49:15 [INFO] ▶️  Started task: logic_loop
20:49:15 [INFO] ▶️  Started task: trade_management_loop
20:49:15 [INFO] ▶️  Started task: farm_loop
20:49:15 [INFO] ▶️  Started task: maintenance_loop
20:49:15 [INFO] ▶️  Started task: cleanup_finished_tasks
20:49:15 [INFO] ▶️  Started task: health_reporter
20:49:15 [INFO] ▶️  Started task: connection_watchdog
20:49:15 [INFO] 🚀 Started 7 tasks
20:49:15 [INFO] ═══════════════════════════════════════════════════════════
20:49:15 [INFO]    BOT V5 RUNNING 24/7 - SUPERVISED | Ctrl+C = Stop   
20:49:15 [INFO] ═══════════════════════════════════════════════════════════
20:49:15 [INFO] 🔄 Rollback processor running...
20:49:15 [INFO] Logic Loop gestartet – REFRESH alle 3s
20:49:15 [INFO] ⚡ Latency Arb Detector initialized (threshold: 1.0s)
20:49:15 [INFO] ❄️ Warming up caches (waiting for WS data)... X10=91, Lit=0
20:49:15 [INFO] 🛡️ Trade Management Loop gestartet
20:49:15 [INFO] 🚜 Farm Mode ACTIVE
20:49:15 [DEBUG] Sending GET https://api.starknet.extended.exchange/api/v1/user/balance
20:49:15 [DEBUG] 📊 X10 Funding Cache refresh (current=91)
20:49:15 [INFO] 🐕 Connection Watchdog gestartet (Timeout: 120s)
20:49:15 [INFO] 🔍 Supervisor loop started
20:49:15 [DEBUG] [lighter] Subscribed to order_book/94
20:49:15 [DEBUG] 📝 Flushed 1 writes
20:49:15 [DEBUG] 📝 Flushed 1 writes in 15.0ms
20:49:15 [DEBUG] Sending GET https://api.starknet.extended.exchange/api/v1/info/markets?
20:49:15 [DEBUG] [lighter] Subscribed to trade/11
20:49:15 [DEBUG] [lighter] Subscribed to order_book/24
20:49:15 [DEBUG] [lighter] Subscribed to order_book/8
20:49:15 [DEBUG] [lighter] Subscribed to trade/31
20:49:15 [DEBUG] [lighter] Subscribed to order_book/98
20:49:16 [DEBUG] [lighter] Subscribed to trade/1
20:49:16 [DEBUG] [lighter] Subscribed to trade/53
20:49:16 [DEBUG] [lighter] Subscribed to trade/43
20:49:16 [DEBUG] [lighter] Subscribed to order_book/45
20:49:16 [DEBUG] [lighter] Subscribed to trade/91
20:49:16 [DEBUG] 📝 Flushed 1 writes in 0.0ms
20:49:16 [DEBUG] [lighter] Subscribed to trade/83
20:49:16 [DEBUG] [lighter] Subscribed to trade/36
20:49:16 [DEBUG] [lighter] Subscribed to trade/76
20:49:16 [DEBUG] ✅ STRK-USD: X10=$194,877, Lighter=$6,136,390, Total=$6,331,267
20:49:16 [DEBUG] Lighter Balance: Raw=$300.96, Safe=$285.91
20:49:16 [INFO] 🚜 Opening FARM: LINEA-USD APY=43.8%
20:49:16 [DEBUG] Sending GET https://api.starknet.extended.exchange/api/v1/user/positions?
20:49:16 [DEBUG] [lighter] Subscribed to trade/37
20:49:16 [DEBUG] [lighter] Subscribed to order_book/18
20:49:17 [DEBUG] [lighter] Subscribed to trade/8
20:49:17 [DEBUG] 📝 Flushed 2 writes
20:49:17 [DEBUG] 📝 Flushed 1 writes in 0.0ms
20:49:17 [INFO]  X10: 91 Märkte geladen, 91 Funding Rates, 78 Preise
20:49:17 [DEBUG] X10: Funding Refresh OK, cache=91
20:49:17 [DEBUG] 📊 Lighter Funding Cache refresh (current=0)
20:49:17 [INFO] Lighter: Found 0 open positions
20:49:17 [DEBUG] ✅ LINEA-USD verified: No existing positions on exchanges
20:49:17 [INFO]  Volatility Monitor initialized: Low<3.0%, Normal<10.0%, High<20.0%, Hard Cap<50.0%
20:49:17 [DEBUG] Sending GET https://api.starknet.extended.exchange/api/v1/user/balance
20:49:17 [INFO] 🎲 KellyPositionSizer initialized (Safety=0.25, MaxFraction=0.1)
20:49:17 [INFO] 🎰 KELLY LINEA-USD: win_rate=80.0%, kelly_fraction=0.6000, safe_fraction=0.0500, confidence=LOW, samples=0
20:49:17 [INFO] 📊 KELLY SIZE LINEA-USD: base=$30.0, kelly_recommended=$14.3, final=$30.0
20:49:17 [INFO] 🚀 Opening LINEA-USD: Size=$30.0 (Min=$11.0)
20:49:17 [INFO] 🔄 [PARALLEL] LINEA-USD: Lighter POST-ONLY first
20:49:17 [DEBUG] [validate] LINEA-USD: quantity=3042.2878004259205 (type=float), min_base=100.0 (type=float)
20:49:17 [DEBUG] [validate] LINEA-USD: notional=30.000000000000004 (type=float), min_notional=10.0 (type=float)
20:49:17 [INFO] 🚀 LIGHTER OPEN LINEA-USD: side=SELL, size_usd=$30.00, price=$0.009861
20:49:17 [DEBUG] [_scale_amounts] LINEA-USD: notional=30.00000000000000000000000000 (type=Decimal)
20:49:17 [DEBUG] [_scale_amounts] LINEA-USD: Comparing min_base_amount=100 (type=Decimal) with qty=3060.651710690060655995602456 (type=Decimal)
20:49:17 [INFO] 🔄 [PARALLEL] LINEA-USD: X10 MARKET order
20:49:17 [DEBUG] Create Order Tx Info: {"AccountIndex":60113,"ApiKeyIndex":3,"MarketIndex":76,"ClientOrderIndex":1764532243544,"BaseAmount":3061,"Price":9801,"IsAsk":1,"Type":0,"TimeInForce":1,"ReduceOnly":0,"TriggerPrice":0,"OrderExpiry":1766951357959,"ExpiredAt":1764532756959,"Nonce":1815,"Sig":"btV1ZNLw5dx8Fvvp22hsw/0c1xO3EY2g8Q/TE/xFwFxVt76IlePfVPI8o9dJnPRCMPwy0DudwTJrEwHyxbOzm6jTeMkm6NxGaPq0Tz1TCW0="}
20:49:17 [DEBUG] Sending GET https://api.starknet.extended.exchange/api/v1/info/markets?
20:49:18 [DEBUG] Lighter: Loaded 389 funding rates
20:49:18 [DEBUG] Lighter: Funding Refresh OK, cache=118
20:49:18 [DEBUG] Create Order Send Tx Response: code=200 message='{"ratelimit": "didn\'t use volume quota"}' tx_hash='ce97c772b3b2086be23fb6045e0249e81fddb3c482cbe3ac5f31ab49f62df4a01cd19504ca1f2f7e' predicted_execution_time_ms=1764532151900 additional_properties={}
20:49:18 [INFO] Lighter Order: ce97c772b3b2086be23fb6045e0249e81fddb3c482cbe3ac5f31ab49f62df4a01cd19504ca1f2f7e
20:49:18 [INFO] 🔍 🚜 FARM Scanning 70 pairs. Open symbols to skip: set()
20:49:18 [DEBUG] Price cache status: X10=70/70, Lighter=69/70
20:49:18 [INFO] 🔍 Scanning 70 pairs. Lighter markets: 118, X10 markets: 91
20:49:18 [DEBUG] MKR-USD: Missing prices (X=1663.9, L=None)
20:49:18 [INFO] ✅ Found 0 opportunities with predictions (farm_mode=True)
20:49:18 [INFO] ⚠️ Keine Prediction-Opportunities, nutze Fallback mit echten Funding Rates...
20:49:18 [INFO] 🔍 DEBUG IP-USD: rl=-0.00008100, rx=-0.00001500, net=-0.00006600, apy=57.8%
20:49:18 [INFO] 💎 IP-USD | APY: 57.8%
20:49:18 [INFO] 🔍 DEBUG APEX-USD: rl=0.00001200, rx=0.00015500, net=-0.00014300, apy=125.3%
20:49:18 [INFO] 💎 APEX-USD | APY: 125.3%
20:49:18 [DEBUG] Skip GRASS-USD: Spread 0.34% too high
20:49:18 [DEBUG] ⛔ Skip MEGA-USD: In BLACKLIST
20:49:18 [DEBUG] ⛔ Skip XAU-USD: TradFi/FX
20:49:18 [DEBUG] ⛔ Skip SPX-USD: TradFi/FX
20:49:18 [DEBUG] ⛔ Skip AERO-USD: In BLACKLIST
20:49:18 [DEBUG] ⛔ Skip XAG-USD: TradFi/FX
20:49:18 [INFO] ✅ Found 40 opportunities from 64 valid pairs (farm_mode=True, scanned=70)
20:49:18 [INFO] 🎯 Found 3 opportunities, executing best...
20:49:18 [DEBUG] Sending GET https://api.starknet.extended.exchange/api/v1/user/balance
20:49:18 [INFO] 🔍 Running periodic exchange sync check...
20:49:18 [INFO] 🔍 Starting Exchange Sync Check...
20:49:18 [DEBUG] Sending GET https://api.starknet.extended.exchange/api/v1/user/positions?
20:49:19 [DEBUG] Lighter Balance: Raw=$300.94, Safe=$285.90
20:49:19 [INFO] X10: Detected balance = $305.58
20:49:19 [INFO] 🚀 Launching 3 trades (Slots available: 3)
20:49:19 [DEBUG] Sending GET https://api.starknet.extended.exchange/api/v1/user/positions?
20:49:20 [DEBUG] Placing an order: id=856393354870347077008809245337140746542046195883275554302972695489505978846
20:49:20 [DEBUG] Sending POST https://api.starknet.extended.exchange/api/v1/user/order, headers={<RequestHeader.ACCEPT: 'Accept'>: 'application/json', <RequestHeader.CONTENT_TYPE: 'Content-Type'>: 'application/json', <RequestHeader.USER_AGENT: 'User-Agent'>: 'X10PythonTradingClient/0.0.17', <RequestHeader.API_KEY: 'X-Api-Key'>: 'a1c9207f79f0e57ddc454bf1e16dbe49'}
20:49:20 [INFO] Lighter: Found 1 open positions
20:49:20 [ERROR] 🚨 DESYNC DETECTED: Positions only on Lighter: {'LINEA-USD'}
20:49:20 [ERROR] ⚠️ These are UNHEDGED and create directional risk!
20:49:20 [WARNING] 🔻 Closing orphaned Lighter position: LINEA-USD
20:49:20 [ERROR] Failed to close Lighter orphan LINEA-USD: '<' not supported between instances of 'float' and 'str'
20:49:20 [DEBUG] ✅ XRP-USD: X10=$367,850, Lighter=$5,097,968, Total=$5,465,818
20:49:20 [INFO] Lighter: Found 1 open positions
20:49:20 [INFO] 💰 Balance: X10=$305.6 (free=$266.3), Lit=$285.9 (free=$246.6) | DB_Trades=0, Real_Positions=1, Locked=$5/ex
20:49:20 [INFO] 🚀 Launching trade for APEX-USD (APY=125.3%)
20:49:20 [DEBUG] Sending GET https://api.starknet.extended.exchange/api/v1/user/positions?
20:49:21 [INFO] 🚀 Launching trade for IP-USD (APY=57.8%)
20:49:21 [DEBUG] Sending GET https://api.starknet.extended.exchange/api/v1/user/positions?
20:49:21 [INFO]  X10 Order: 1995218584112271360
20:49:21 [INFO] ✅ [PARALLEL] LINEA-USD: Both legs filled in 3156ms
20:49:21 [DEBUG] 📝 Trade added to state: LINEA-USD
20:49:21 [DEBUG] 🧹 Cleaned task: LINEA-USD
20:49:21 [DEBUG] 📝 Flushed 1 writes
20:49:21 [DEBUG] 📝 Flushed 1 writes in 0.0ms
20:49:21 [INFO] Lighter: Found 1 open positions
20:49:21 [DEBUG] ✅ APEX-USD verified: No existing positions on exchanges
20:49:21 [DEBUG] Sending GET https://api.starknet.extended.exchange/api/v1/user/balance
20:49:21 [INFO] 🎰 KELLY APEX-USD: win_rate=80.0%, kelly_fraction=0.6000, safe_fraction=0.0500, confidence=LOW, samples=0
20:49:21 [INFO] 📊 KELLY SIZE APEX-USD: base=$30.0, kelly_recommended=$14.3, final=$30.0
20:49:21 [INFO] 🚀 Opening APEX-USD: Size=$30.0 (Min=$11.0)
20:49:21 [INFO] 🔄 [PARALLEL] APEX-USD: Lighter POST-ONLY first
20:49:21 [DEBUG] [validate] APEX-USD: quantity=43.69038083448628 (type=float), min_base=5.0 (type=float)
20:49:21 [DEBUG] [validate] APEX-USD: notional=30.0 (type=float), min_notional=10.0 (type=float)
20:49:21 [INFO] 🚀 LIGHTER OPEN APEX-USD: side=SELL, size_usd=$30.00, price=$0.686650
20:49:21 [DEBUG] [_scale_amounts] APEX-USD: notional=30.00000000000000000000000000 (type=Decimal)
20:49:21 [DEBUG] [_scale_amounts] APEX-USD: Comparing min_base_amount=5.0 (type=Decimal) with qty=43.95410546729001402282478091 (type=Decimal)
20:49:21 [INFO] 🔄 [PARALLEL] APEX-USD: X10 MARKET order
20:49:21 [DEBUG] Fetching fresh positions (force=False, cache_age=1764532161.5s)
20:49:21 [DEBUG] Create Order Tx Info: {"AccountIndex":60113,"ApiKeyIndex":3,"MarketIndex":86,"ClientOrderIndex":1764532218430,"BaseAmount":440,"Price":68253,"IsAsk":1,"Type":0,"TimeInForce":1,"ReduceOnly":0,"TriggerPrice":0,"OrderExpiry":1766951361505,"ExpiredAt":1764532760505,"Nonce":1816,"Sig":"9W146Upc6ZVRCUZimp0xF13FEs9Z0aRPjWKOyiDuyhHQMQ8DfmCuHDkt55PHKZr+PZY6TXdRK/05VOqHwFOhu5OjBU6lXn6t7E57GnxABwc="}
20:49:21 [INFO] 🚀 Launching trade for BERA-USD (APY=45.6%)
20:49:21 [DEBUG] Placing an order: id=2266500772864608166635284150181454071505866964906747790368581847778648876556
20:49:21 [DEBUG] Sending POST https://api.starknet.extended.exchange/api/v1/user/order, headers={<RequestHeader.ACCEPT: 'Accept'>: 'application/json', <RequestHeader.CONTENT_TYPE: 'Content-Type'>: 'application/json', <RequestHeader.USER_AGENT: 'User-Agent'>: 'X10PythonTradingClient/0.0.17', <RequestHeader.API_KEY: 'X-Api-Key'>: 'a1c9207f79f0e57ddc454bf1e16dbe49'}
20:49:21 [DEBUG] Sending GET https://api.starknet.extended.exchange/api/v1/user/positions?
20:49:21 [DEBUG] Sending GET https://api.starknet.extended.exchange/api/v1/user/positions?
20:49:21 [INFO] Lighter: Found 1 open positions
20:49:21 [DEBUG] ✅ IP-USD verified: No existing positions on exchanges
20:49:21 [DEBUG] Skip IP-USD: Min Req $25.00 > Max Config $20.0
20:49:21 [DEBUG] Create Order Send Tx Response: code=200 message='{"ratelimit": "didn\'t use volume quota"}' tx_hash='745558f9d2da18d5a4a825e180ce0265c4b2a448621a78313b340b58bb20cd61bb21f4c8d594b262' predicted_execution_time_ms=1764532155442 additional_properties={}
20:49:21 [INFO] Lighter Order: 745558f9d2da18d5a4a825e180ce0265c4b2a448621a78313b340b58bb20cd61bb21f4c8d594b262
20:49:21 [INFO]  X10 Order: 1995218587032133632
20:49:21 [INFO] ✅ [PARALLEL] APEX-USD: Both legs filled in 297ms
20:49:21 [DEBUG] 📝 Trade added to state: APEX-USD
20:49:22 [INFO] ✅ Launched 3 trade tasks this cycle
20:49:22 [INFO] Lighter: Found 1 open positions
20:49:22 [INFO] 📊 Positions: X10=1, Lighter=1
20:49:22 [DEBUG] X10 positions: ['LINEA-USD']
20:49:22 [DEBUG] Lighter positions: ['LINEA-USD']
20:49:22 [INFO] 🔍 DEBUG LINEA-USD: entry_time type=<class 'str'>, value=2025-11-30T19:49:21.103147+00:00
20:49:22 [DEBUG] Check LINEA-USD: Age=1.1s (Limit=60s)
20:49:22 [INFO] Lighter: Found 2 open positions
20:49:22 [DEBUG] ✅ BERA-USD verified: No existing positions on exchanges
20:49:22 [DEBUG] Sending GET https://api.starknet.extended.exchange/api/v1/user/balance
20:49:22 [DEBUG] 📝 Flushed 1 writes
20:49:22 [DEBUG] 📝 Flushed 1 writes in 0.0ms
20:49:23 [DEBUG] Using cached positions (age: 1.7s)
20:49:23 [INFO] 🔍 DEBUG APEX-USD: entry_time type=<class 'str'>, value=2025-11-30T19:49:21.799132+00:00
20:49:23 [DEBUG] Check APEX-USD: Age=1.4s (Limit=60s)
20:49:23 [INFO] 🔍 DEBUG LINEA-USD: entry_time type=<class 'str'>, value=2025-11-30T19:49:21.103147+00:00
20:49:23 [DEBUG] Check LINEA-USD: Age=2.1s (Limit=60s)
20:49:23 [DEBUG] Lighter Balance: Raw=$300.91, Safe=$285.86
20:49:23 [INFO] 🎰 KELLY BERA-USD: win_rate=80.0%, kelly_fraction=0.6000, safe_fraction=0.0500, confidence=LOW, samples=0
20:49:23 [INFO] 📊 KELLY SIZE BERA-USD: base=$30.0, kelly_recommended=$14.3, final=$30.0
20:49:23 [INFO] 🚀 Opening BERA-USD: Size=$30.0 (Min=$11.0)
20:49:23 [INFO] 🔄 [PARALLEL] BERA-USD: Lighter POST-ONLY first
20:49:23 [DEBUG] [validate] BERA-USD: quantity=33.87533875338753 (type=float), min_base=3.0 (type=float)
20:49:23 [DEBUG] [validate] BERA-USD: notional=30.0 (type=float), min_notional=10.0 (type=float)
20:49:23 [INFO] 🚀 LIGHTER OPEN BERA-USD: side=SELL, size_usd=$30.00, price=$0.885600
20:49:23 [DEBUG] [_scale_amounts] BERA-USD: notional=30.00000000000000000000000000 (type=Decimal)
20:49:23 [DEBUG] [_scale_amounts] BERA-USD: Comparing min_base_amount=3.0 (type=Decimal) with qty=34.07981765934359544802691488 (type=Decimal)
20:49:23 [INFO] 🔄 [PARALLEL] BERA-USD: X10 MARKET order
20:49:23 [DEBUG] Create Order Tx Info: {"AccountIndex":60113,"ApiKeyIndex":3,"MarketIndex":20,"ClientOrderIndex":1764532191984,"BaseAmount":341,"Price":88028,"IsAsk":1,"Type":0,"TimeInForce":1,"ReduceOnly":0,"TriggerPrice":0,"OrderExpiry":1766951363303,"ExpiredAt":1764532762303,"Nonce":1817,"Sig":"pc4Z5Cxz+Rg0P6JdvqTBTYC49cxljg9lty5Y5YTXV2pj1q4DAHzUViC1e9HGgFiAFSkkhQjaXES2foNf/YH4NOEOu6AbbTA1WSOwbANOtVg="}
20:49:23 [DEBUG] Placing an order: id=1923569357314824702179949891763692914874884929408289628384409123642194190424
20:49:23 [DEBUG] Sending POST https://api.starknet.extended.exchange/api/v1/user/order, headers={<RequestHeader.ACCEPT: 'Accept'>: 'application/json', <RequestHeader.CONTENT_TYPE: 'Content-Type'>: 'application/json', <RequestHeader.USER_AGENT: 'User-Agent'>: 'X10PythonTradingClient/0.0.17', <RequestHeader.API_KEY: 'X-Api-Key'>: 'a1c9207f79f0e57ddc454bf1e16dbe49'}
20:49:23 [DEBUG] Create Order Send Tx Response: code=200 message='{"ratelimit": "didn\'t use volume quota"}' tx_hash='e73a20a6b79673bec870c7858f2bb934d002c148dafff82e4c11bd8951a2c137e3c2821b8908bbe9' predicted_execution_time_ms=1764532157244 additional_properties={}
20:49:23 [INFO] Lighter Order: e73a20a6b79673bec870c7858f2bb934d002c148dafff82e4c11bd8951a2c137e3c2821b8908bbe9
20:49:23 [INFO]  X10 Order: 1995218594610638848
20:49:23 [INFO] ✅ [PARALLEL] BERA-USD: Both legs filled in 312ms
20:49:23 [DEBUG] 📝 Trade added to state: BERA-USD
20:49:24 [DEBUG] Using cached positions (age: 2.7s)
20:49:24 [INFO] 🔍 DEBUG BERA-USD: entry_time type=<class 'str'>, value=2025-11-30T19:49:23.605281+00:00
20:49:24 [DEBUG] Check BERA-USD: Age=0.6s (Limit=60s)
20:49:24 [INFO] 🔍 DEBUG APEX-USD: entry_time type=<class 'str'>, value=2025-11-30T19:49:21.799132+00:00
20:49:24 [DEBUG] Check APEX-USD: Age=2.4s (Limit=60s)
20:49:24 [INFO] 🔍 DEBUG LINEA-USD: entry_time type=<class 'str'>, value=2025-11-30T19:49:21.103147+00:00
20:49:24 [DEBUG] Check LINEA-USD: Age=3.1s (Limit=60s)
20:49:24 [DEBUG] ✅ IP-USD: X10=$243,743, Lighter=$382,009, Total=$625,752
20:49:24 [DEBUG] 📝 Flushed 1 writes
20:49:24 [DEBUG] 📝 Flushed 1 writes in 0.0ms
20:49:25 [DEBUG] MAX_OPEN_TRADES (3) reached, waiting...
20:49:25 [DEBUG] Using cached positions (age: 3.7s)
20:49:25 [INFO] 🔍 DEBUG BERA-USD: entry_time type=<class 'str'>, value=2025-11-30T19:49:23.605281+00:00
20:49:25 [DEBUG] Check BERA-USD: Age=1.6s (Limit=60s)
20:49:25 [INFO] 🔍 DEBUG APEX-USD: entry_time type=<class 'str'>, value=2025-11-30T19:49:21.799132+00:00
20:49:25 [DEBUG] Check APEX-USD: Age=3.4s (Limit=60s)
20:49:25 [INFO] 🔍 DEBUG LINEA-USD: entry_time type=<class 'str'>, value=2025-11-30T19:49:21.103147+00:00
20:49:25 [DEBUG] Check LINEA-USD: Age=4.1s (Limit=60s)
20:49:26 [DEBUG] Using cached positions (age: 4.7s)
20:49:26 [INFO] 🔍 DEBUG BERA-USD: entry_time type=<class 'str'>, value=2025-11-30T19:49:23.605281+00:00
20:49:26 [DEBUG] Check BERA-USD: Age=2.6s (Limit=60s)
20:49:26 [INFO] 🔍 DEBUG APEX-USD: entry_time type=<class 'str'>, value=2025-11-30T19:49:21.799132+00:00
20:49:26 [DEBUG] Check APEX-USD: Age=4.4s (Limit=60s)
20:49:26 [INFO] 🔍 DEBUG LINEA-USD: entry_time type=<class 'str'>, value=2025-11-30T19:49:21.103147+00:00
20:49:26 [DEBUG] Check LINEA-USD: Age=5.1s (Limit=60s)
20:49:27 [DEBUG] Fetching fresh positions (force=False, cache_age=5.7s)
20:49:27 [DEBUG] Sending GET https://api.starknet.extended.exchange/api/v1/user/positions?
20:49:27 [INFO] Lighter: Found 3 open positions
20:49:27 [INFO] 📊 Positions: X10=3, Lighter=3
20:49:27 [DEBUG] X10 positions: ['LINEA-USD', 'APEX-USD', 'BERA-USD']
20:49:27 [DEBUG] Lighter positions: ['BERA-USD', 'LINEA-USD', 'APEX-USD']
20:49:27 [INFO] 🔍 DEBUG BERA-USD: entry_time type=<class 'str'>, value=2025-11-30T19:49:23.605281+00:00
20:49:27 [DEBUG] Check BERA-USD: Age=4.0s (Limit=60s)
20:49:27 [INFO] 🔍 DEBUG APEX-USD: entry_time type=<class 'str'>, value=2025-11-30T19:49:21.799132+00:00
20:49:27 [DEBUG] Check APEX-USD: Age=5.9s (Limit=60s)
20:49:27 [INFO] 🔍 DEBUG LINEA-USD: entry_time type=<class 'str'>, value=2025-11-30T19:49:21.103147+00:00
20:49:27 [DEBUG] Check LINEA-USD: Age=6.6s (Limit=60s)
20:49:28 [DEBUG] MAX_OPEN_TRADES (3) reached, waiting...
20:49:28 [DEBUG] Using cached positions (age: 1.4s)
20:49:28 [INFO] 🔍 DEBUG BERA-USD: entry_time type=<class 'str'>, value=2025-11-30T19:49:23.605281+00:00
20:49:28 [DEBUG] Check BERA-USD: Age=5.0s (Limit=60s)
20:49:28 [INFO] 🔍 DEBUG APEX-USD: entry_time type=<class 'str'>, value=2025-11-30T19:49:21.799132+00:00
20:49:28 [DEBUG] Check APEX-USD: Age=6.8s (Limit=60s)
20:49:28 [INFO] 🔍 DEBUG LINEA-USD: entry_time type=<class 'str'>, value=2025-11-30T19:49:21.103147+00:00
20:49:28 [DEBUG] Check LINEA-USD: Age=7.5s (Limit=60s)
20:49:29 [DEBUG] Using cached positions (age: 2.4s)
20:49:29 [INFO] 🔍 DEBUG BERA-USD: entry_time type=<class 'str'>, value=2025-11-30T19:49:23.605281+00:00
20:49:29 [DEBUG] Check BERA-USD: Age=6.0s (Limit=60s)
20:49:29 [INFO] 🔍 DEBUG APEX-USD: entry_time type=<class 'str'>, value=2025-11-30T19:49:21.799132+00:00
20:49:29 [DEBUG] Check APEX-USD: Age=7.8s (Limit=60s)
20:49:29 [INFO] 🔍 DEBUG LINEA-USD: entry_time type=<class 'str'>, value=2025-11-30T19:49:21.103147+00:00
20:49:29 [DEBUG] Check LINEA-USD: Age=8.5s (Limit=60s)
20:49:29 [DEBUG] 💓 [lighter] Ping/Pong OK
20:49:29 [DEBUG] ✅ APEX-USD: X10=$67,145, Lighter=$1,357,768, Total=$1,424,912
20:49:30 [DEBUG] Using cached positions (age: 3.4s)
20:49:30 [INFO] 🔍 DEBUG BERA-USD: entry_time type=<class 'str'>, value=2025-11-30T19:49:23.605281+00:00
20:49:30 [DEBUG] Check BERA-USD: Age=7.0s (Limit=60s)
20:49:30 [INFO] 🔍 DEBUG APEX-USD: entry_time type=<class 'str'>, value=2025-11-30T19:49:21.799132+00:00
20:49:30 [DEBUG] Check APEX-USD: Age=8.8s (Limit=60s)
20:49:30 [INFO] 🔍 DEBUG LINEA-USD: entry_time type=<class 'str'>, value=2025-11-30T19:49:21.103147+00:00
20:49:30 [DEBUG] Check LINEA-USD: Age=9.5s (Limit=60s)
20:49:31 [DEBUG] MAX_OPEN_TRADES (3) reached, waiting...
20:49:31 [DEBUG] Using cached positions (age: 4.4s)
20:49:31 [INFO] 🔍 DEBUG BERA-USD: entry_time type=<class 'str'>, value=2025-11-30T19:49:23.605281+00:00
20:49:31 [DEBUG] Check BERA-USD: Age=8.0s (Limit=60s)
20:49:31 [INFO] 🔍 DEBUG APEX-USD: entry_time type=<class 'str'>, value=2025-11-30T19:49:21.799132+00:00
20:49:31 [DEBUG] Check APEX-USD: Age=9.8s (Limit=60s)
20:49:31 [INFO] 🔍 DEBUG LINEA-USD: entry_time type=<class 'str'>, value=2025-11-30T19:49:21.103147+00:00
20:49:31 [DEBUG] Check LINEA-USD: Age=10.5s (Limit=60s)
20:49:31 [WARNING] [x10] Connection closed: 1011 Ping timeout
20:49:31 [ERROR] [x10] Send error: received 1011 (internal error) Ping timeout; then sent 1011 (internal error) Ping timeout
20:49:31 [DEBUG] 💓 [x10] App-Ping sent
20:49:31 [INFO] 🔄 [x10] Reconnecting in 1.0s (attempt 1)
20:49:32 [DEBUG] Fetching fresh positions (force=False, cache_age=5.4s)
20:49:32 [DEBUG] Sending GET https://api.starknet.extended.exchange/api/v1/user/positions?
20:49:33 [INFO] Lighter: Found 3 open positions
20:49:33 [INFO] 📊 Positions: X10=3, Lighter=3
20:49:33 [DEBUG] X10 positions: ['LINEA-USD', 'APEX-USD', 'BERA-USD']
20:49:33 [DEBUG] Lighter positions: ['BERA-USD', 'LINEA-USD', 'APEX-USD']
20:49:33 [INFO] 🔍 DEBUG BERA-USD: entry_time type=<class 'str'>, value=2025-11-30T19:49:23.605281+00:00
20:49:33 [DEBUG] Check BERA-USD: Age=9.5s (Limit=60s)
20:49:33 [INFO] 🔍 DEBUG APEX-USD: entry_time type=<class 'str'>, value=2025-11-30T19:49:21.799132+00:00
20:49:33 [DEBUG] Check APEX-USD: Age=11.3s (Limit=60s)
20:49:33 [INFO] 🔍 DEBUG LINEA-USD: entry_time type=<class 'str'>, value=2025-11-30T19:49:21.103147+00:00
20:49:33 [DEBUG] Check LINEA-USD: Age=12.0s (Limit=60s)
20:49:33 [DEBUG] ✅ 1000BONK-USD: X10=$31,281, Lighter=$118,485,218, Total=$118,516,499
20:49:33 [INFO] ✅ [x10] Connected to wss://api.starknet.extended.exchange/stream.extended.exchange/v1/account
20:49:33 [DEBUG] [x10] Subscribed to publicTrades/UNI/USD
20:49:33 [DEBUG] [x10] Subscribed to funding/NEAR/USD
20:49:33 [DEBUG] [x10] Subscribed to funding/JUP/USD
20:49:34 [DEBUG] MAX_OPEN_TRADES (3) reached, waiting...
20:49:34 [DEBUG] [x10] Subscribed to publicTrades/AAVE/USD
20:49:34 [DEBUG] Using cached positions (age: 1.5s)
20:49:34 [INFO] 🔍 DEBUG BERA-USD: entry_time type=<class 'str'>, value=2025-11-30T19:49:23.605281+00:00
20:49:34 [DEBUG] Check BERA-USD: Age=10.5s (Limit=60s)
20:49:34 [INFO] 🔍 DEBUG APEX-USD: entry_time type=<class 'str'>, value=2025-11-30T19:49:21.799132+00:00
20:49:34 [DEBUG] Check APEX-USD: Age=12.3s (Limit=60s)
20:49:34 [INFO] 🔍 DEBUG LINEA-USD: entry_time type=<class 'str'>, value=2025-11-30T19:49:21.103147+00:00
20:49:34 [DEBUG] Check LINEA-USD: Age=13.0s (Limit=60s)
20:49:34 [DEBUG] [x10] Subscribed to funding/DOGE/USD
20:49:34 [DEBUG] [x10] Subscribed to funding/PUMP/USD
20:49:34 [DEBUG] [x10] Subscribed to publicTrades/EDEN/USD
20:49:34 [DEBUG] [x10] Subscribed to funding/VIRTUAL/USD
20:49:34 [DEBUG] [x10] Subscribed to funding/MEGA/USD
20:49:34 [DEBUG] [x10] Subscribed to publicTrades/FIL/USD
20:49:34 [DEBUG] [x10] Subscribed to funding/ARB/USD
20:49:34 [DEBUG] [x10] Subscribed to publicTrades/USDJPY/USD
20:49:34 [DEBUG] [x10] Subscribed to funding/PENGU/USD
20:49:34 [DEBUG] [x10] Subscribed to publicTrades/ONDO/USD
20:49:35 [DEBUG] Using cached positions (age: 2.5s)
20:49:35 [INFO] 🔍 DEBUG BERA-USD: entry_time type=<class 'str'>, value=2025-11-30T19:49:23.605281+00:00
20:49:35 [DEBUG] Check BERA-USD: Age=11.5s (Limit=60s)
20:49:35 [INFO] 🔍 DEBUG APEX-USD: entry_time type=<class 'str'>, value=2025-11-30T19:49:21.799132+00:00
20:49:35 [DEBUG] Check APEX-USD: Age=13.3s (Limit=60s)
20:49:35 [INFO] 🔍 DEBUG LINEA-USD: entry_time type=<class 'str'>, value=2025-11-30T19:49:21.103147+00:00
20:49:35 [DEBUG] Check LINEA-USD: Age=14.0s (Limit=60s)
20:49:35 [DEBUG] [x10] Subscribed to publicTrades/BCH/USD
20:49:35 [DEBUG] [x10] Subscribed to publicTrades/ASTER/USD
20:49:35 [DEBUG] [x10] Subscribed to publicTrades/ARB/USD
20:49:35 [DEBUG] [x10] Subscribed to funding/TIA/USD
20:49:35 [DEBUG] [x10] Subscribed to funding/FIL/USD
20:49:35 [DEBUG] [x10] Subscribed to publicTrades/APEX/USD
20:49:35 [DEBUG] [x10] Subscribed to funding/UNI/USD
20:49:35 [DEBUG] [x10] Subscribed to funding/IP/USD
20:49:35 [DEBUG] [x10] Subscribed to funding/HYPE/USD
20:49:35 [DEBUG] [x10] Subscribed to funding/KAITO/USD
20:49:36 [DEBUG] [x10] Subscribed to publicTrades/WIF/USD
20:49:36 [DEBUG] Using cached positions (age: 3.5s)
20:49:36 [INFO] 🔍 DEBUG BERA-USD: entry_time type=<class 'str'>, value=2025-11-30T19:49:23.605281+00:00
20:49:36 [DEBUG] Check BERA-USD: Age=12.5s (Limit=60s)
20:49:36 [INFO] 🔍 DEBUG APEX-USD: entry_time type=<class 'str'>, value=2025-11-30T19:49:21.799132+00:00
20:49:36 [DEBUG] Check APEX-USD: Age=14.3s (Limit=60s)
20:49:36 [INFO] 🔍 DEBUG LINEA-USD: entry_time type=<class 'str'>, value=2025-11-30T19:49:21.103147+00:00
20:49:36 [DEBUG] Check LINEA-USD: Age=15.0s (Limit=60s)
20:49:36 [DEBUG] [x10] Subscribed to funding/MON/USD
20:49:36 [DEBUG] [x10] Subscribed to publicTrades/SEI/USD
20:49:36 [DEBUG] [x10] Subscribed to funding/XPL/USD
20:49:36 [DEBUG] [x10] Subscribed to funding/XAU/USD
20:49:36 [DEBUG] [x10] Subscribed to funding/POPCAT/USD
20:49:36 [DEBUG] [x10] Subscribed to funding/EIGEN/USD
20:49:36 [DEBUG] [x10] Subscribed to publicTrades/ZEC/USD
20:49:36 [DEBUG] [x10] Subscribed to publicTrades/STRK/USD
20:49:36 [DEBUG] [x10] Subscribed to funding/ONDO/USD
20:49:36 [DEBUG] [x10] Subscribed to funding/USDJPY/USD
20:49:37 [DEBUG] MAX_OPEN_TRADES (3) reached, waiting...
20:49:37 [DEBUG] [x10] Subscribed to funding/BNB/USD
20:49:37 [DEBUG] Using cached positions (age: 4.5s)
20:49:37 [INFO] 🔍 DEBUG BERA-USD: entry_time type=<class 'str'>, value=2025-11-30T19:49:23.605281+00:00
20:49:37 [DEBUG] Check BERA-USD: Age=13.5s (Limit=60s)
20:49:37 [INFO] 🔍 DEBUG APEX-USD: entry_time type=<class 'str'>, value=2025-11-30T19:49:21.799132+00:00
20:49:37 [DEBUG] Check APEX-USD: Age=15.3s (Limit=60s)
20:49:37 [INFO] 🔍 DEBUG LINEA-USD: entry_time type=<class 'str'>, value=2025-11-30T19:49:21.103147+00:00
20:49:37 [DEBUG] Check LINEA-USD: Age=16.0s (Limit=60s)
20:49:37 [DEBUG] [x10] Subscribed to publicTrades/EIGEN/USD
20:49:37 [DEBUG] [x10] Subscribed to publicTrades/PENDLE/USD
20:49:37 [DEBUG] [x10] Subscribed to publicTrades/MEGA/USD
20:49:37 [DEBUG] [x10] Subscribed to funding/ZORA/USD
20:49:37 [DEBUG] ✅ 1000SHIB-USD: X10=$151,250, Lighter=$170,571,912, Total=$170,723,162
20:49:37 [DEBUG] [x10] Subscribed to publicTrades/DOGE/USD
20:49:37 [DEBUG] [x10] Subscribed to funding/MNT/USD
20:49:37 [DEBUG] [x10] Subscribed to publicTrades/APT/USD
20:49:37 [DEBUG] [x10] Subscribed to publicTrades/AVNT/USD
20:49:37 [DEBUG] [x10] Subscribed to publicTrades/LINEA/USD
20:49:37 [DEBUG] [x10] Subscribed to publicTrades/XAU/USD
20:49:38 [DEBUG] Fetching fresh positions (force=False, cache_age=5.5s)
20:49:38 [DEBUG] [x10] Subscribed to funding/1000PEPE/USD
20:49:38 [DEBUG] Sending GET https://api.starknet.extended.exchange/api/v1/user/positions?
20:49:38 [DEBUG] [x10] Subscribed to publicTrades/1000PEPE/USD
20:49:38 [DEBUG] [x10] Subscribed to publicTrades/VIRTUAL/USD
20:49:38 [DEBUG] [x10] Subscribed to publicTrades/BERA/USD
20:49:38 [DEBUG] [x10] Subscribed to publicTrades/S/USD
20:49:38 [INFO] Lighter: Found 3 open positions
20:49:38 [INFO] 📊 Positions: X10=3, Lighter=3
20:49:38 [DEBUG] X10 positions: ['LINEA-USD', 'APEX-USD', 'BERA-USD']
20:49:38 [DEBUG] Lighter positions: ['BERA-USD', 'LINEA-USD', 'APEX-USD']
20:49:38 [INFO] 🔍 DEBUG BERA-USD: entry_time type=<class 'str'>, value=2025-11-30T19:49:23.605281+00:00
20:49:38 [DEBUG] Check BERA-USD: Age=14.9s (Limit=60s)
20:49:38 [INFO] 🔍 DEBUG APEX-USD: entry_time type=<class 'str'>, value=2025-11-30T19:49:21.799132+00:00
20:49:38 [DEBUG] Check APEX-USD: Age=16.7s (Limit=60s)
20:49:38 [INFO] 🔍 DEBUG LINEA-USD: entry_time type=<class 'str'>, value=2025-11-30T19:49:21.103147+00:00
20:49:38 [DEBUG] Check LINEA-USD: Age=17.4s (Limit=60s)
20:49:38 [DEBUG] [x10] Subscribed to publicTrades/ADA/USD
20:49:38 [DEBUG] [x10] Subscribed to funding/1000BONK/USD
20:49:38 [DEBUG] [x10] Subscribed to funding/WIF/USD
20:49:38 [DEBUG] [x10] Subscribed to publicTrades/SOL/USD
20:49:38 [DEBUG] [x10] Subscribed to publicTrades/WLD/USD
20:49:39 [DEBUG] [x10] Subscribed to funding/PENDLE/USD
20:49:39 [DEBUG] [x10] Subscribed to publicTrades/1000BONK/USD
20:49:39 [DEBUG] [x10] Subscribed to publicTrades/HYPE/USD
20:49:39 [DEBUG] [x10] Subscribed to publicTrades/AERO/USD
20:49:39 [DEBUG] [x10] Subscribed to funding/AVNT/USD
20:49:39 [DEBUG] [x10] Subscribed to funding/TAO/USD
20:49:39 [DEBUG] Using cached positions (age: 1.4s)
20:49:39 [INFO] 🔍 DEBUG BERA-USD: entry_time type=<class 'str'>, value=2025-11-30T19:49:23.605281+00:00
20:49:39 [DEBUG] Check BERA-USD: Age=15.9s (Limit=60s)
20:49:39 [INFO] 🚜 [FARM] Profit Take BERA-USD: Age=15s, Spread=0.008% (sehr niedrig), PnL=$0.00
20:49:39 [INFO]  💸 EXIT BERA-USD: FARM_QUICK_PROFIT | PnL $0.00 (Fees: $0.00)
20:49:39 [INFO]  🔻 CLOSING BERA-USD (Atomic Smart Close)...
20:49:39 [DEBUG] [x10] Subscribed to funding/ZEC/USD
20:49:39 [DEBUG] [x10] Subscribed to funding/ZRO/USD
20:49:39 [DEBUG] [x10] Subscribed to publicTrades/DOT/USD
20:49:39 [DEBUG] [x10] Subscribed to funding/LINEA/USD
20:49:39 [INFO] Lighter: Found 3 open positions
20:49:39 [ERROR] ❌ Lighter close failed for BERA-USD: '<' not supported between instances of 'float' and 'str'
20:49:39 [ERROR] ❌ ABBRUCH: Lighter close für BERA-USD fehlgeschlagen!
20:49:39 [ERROR] ⚠️ X10 wird NICHT geschlossen - MANUELLE INTERVENTION ERFORDERLICH!
20:49:39 [INFO] 🔍 DEBUG APEX-USD: entry_time type=<class 'str'>, value=2025-11-30T19:49:21.799132+00:00
20:49:39 [DEBUG] Check APEX-USD: Age=18.2s (Limit=60s)
20:49:39 [INFO] 🔍 DEBUG LINEA-USD: entry_time type=<class 'str'>, value=2025-11-30T19:49:21.103147+00:00
20:49:39 [DEBUG] Check LINEA-USD: Age=18.9s (Limit=60s)
20:49:39 [DEBUG] [x10] Subscribed to funding/BERA/USD
20:49:40 [DEBUG] MAX_OPEN_TRADES (3) reached, waiting...
20:49:40 [DEBUG] [x10] Subscribed to publicTrades/1000SHIB/USD
20:49:40 [DEBUG] [x10] Subscribed to funding/ADA/USD
20:49:40 [DEBUG] [x10] Subscribed to funding/TRUMP/USD
20:49:40 [DEBUG] [x10] Subscribed to publicTrades/ZORA/USD
20:49:40 [DEBUG] [x10] Subscribed to publicTrades/IP/USD
20:49:40 [DEBUG] [x10] Subscribed to publicTrades/FARTCOIN/USD
20:49:40 [DEBUG] [x10] Subscribed to publicTrades/JUP/USD
20:49:40 [DEBUG] [x10] Subscribed to funding/STRK/USD
20:49:40 [DEBUG] [x10] Subscribed to publicTrades/OP/USD
20:49:40 [DEBUG] [x10] Subscribed to funding/WLD/USD
20:49:40 [DEBUG] Using cached positions (age: 2.9s)
20:49:40 [INFO] 🔍 DEBUG BERA-USD: entry_time type=<class 'str'>, value=2025-11-30T19:49:23.605281+00:00
20:49:40 [DEBUG] Check BERA-USD: Age=17.4s (Limit=60s)
20:49:40 [INFO] 🚜 [FARM] Profit Take BERA-USD: Age=17s, Spread=0.008% (sehr niedrig), PnL=$0.00
20:49:40 [INFO]  💸 EXIT BERA-USD: FARM_QUICK_PROFIT | PnL $0.00 (Fees: $0.00)
20:49:40 [INFO]  🔻 CLOSING BERA-USD (Atomic Smart Close)...
20:49:40 [DEBUG] [x10] Subscribed to publicTrades/TRX/USD
20:49:41 [DEBUG] [x10] Subscribed to publicTrades/MKR/USD
20:49:41 [DEBUG] [x10] Subscribed to funding/SPX/USD
20:49:41 [DEBUG] ✅ BERA-USD: X10=$191,431, Lighter=$1,060,030, Total=$1,251,460
20:49:41 [DEBUG] [x10] Subscribed to publicTrades/BNB/USD
20:49:41 [DEBUG] [x10] Subscribed to funding/ASTER/USD
20:49:41 [INFO] Lighter: Found 3 open positions
20:49:41 [ERROR] ❌ Lighter close failed for BERA-USD: '<' not supported between instances of 'float' and 'str'
20:49:41 [ERROR] ❌ ABBRUCH: Lighter close für BERA-USD fehlgeschlagen!
20:49:41 [ERROR] ⚠️ X10 wird NICHT geschlossen - MANUELLE INTERVENTION ERFORDERLICH!
20:49:41 [INFO] 🔍 DEBUG APEX-USD: entry_time type=<class 'str'>, value=2025-11-30T19:49:21.799132+00:00
20:49:41 [DEBUG] Check APEX-USD: Age=19.6s (Limit=60s)
20:49:41 [INFO] 🔍 DEBUG LINEA-USD: entry_time type=<class 'str'>, value=2025-11-30T19:49:21.103147+00:00
20:49:41 [DEBUG] Check LINEA-USD: Age=20.3s (Limit=60s)
20:49:41 [DEBUG] [x10] Subscribed to publicTrades/KAITO/USD
20:49:41 [DEBUG] [x10] Subscribed to funding/FARTCOIN/USD
20:49:41 [DEBUG] [x10] Subscribed to funding/APT/USD
20:49:41 [DEBUG] [x10] Subscribed to funding/OP/USD
20:49:41 [DEBUG] [x10] Subscribed to publicTrades/XPL/USD
20:49:41 [DEBUG] [x10] Subscribed to funding/AVAX/USD
20:49:42 [DEBUG] [x10] Subscribed to publicTrades/POPCAT/USD
20:49:42 [DEBUG] [x10] Subscribed to funding/SEI/USD
20:49:42 [DEBUG] [x10] Subscribed to funding/RESOLV/USD
20:49:42 [DEBUG] [x10] Subscribed to funding/LDO/USD
20:49:42 [DEBUG] [x10] Subscribed to funding/EDEN/USD
20:49:42 [DEBUG] Using cached positions (age: 4.3s)
20:49:42 [INFO] 🔍 DEBUG BERA-USD: entry_time type=<class 'str'>, value=2025-11-30T19:49:23.605281+00:00
20:49:42 [DEBUG] Check BERA-USD: Age=18.8s (Limit=60s)
20:49:42 [INFO] 🚜 [FARM] Profit Take BERA-USD: Age=18s, Spread=0.008% (sehr niedrig), PnL=$0.00
20:49:42 [INFO]  💸 EXIT BERA-USD: FARM_QUICK_PROFIT | PnL $0.00 (Fees: $0.00)
20:49:42 [INFO]  🔻 CLOSING BERA-USD (Atomic Smart Close)...
20:49:42 [DEBUG] [x10] Subscribed to publicTrades/XAG/USD
20:49:42 [DEBUG] [x10] Subscribed to funding/LINK/USD
20:49:42 [DEBUG] [x10] Subscribed to funding/ETH/USD
20:49:42 [DEBUG] [x10] Subscribed to publicTrades/WLFI/USD
20:49:42 [INFO] Lighter: Found 3 open positions
20:49:42 [ERROR] ❌ Lighter close failed for BERA-USD: '<' not supported between instances of 'float' and 'str'
20:49:42 [ERROR] ❌ ABBRUCH: Lighter close für BERA-USD fehlgeschlagen!
20:49:42 [ERROR] ⚠️ X10 wird NICHT geschlossen - MANUELLE INTERVENTION ERFORDERLICH!
20:49:42 [INFO] 🔍 DEBUG APEX-USD: entry_time type=<class 'str'>, value=2025-11-30T19:49:21.799132+00:00
20:49:42 [DEBUG] Check APEX-USD: Age=21.1s (Limit=60s)
20:49:42 [INFO] 🔍 DEBUG LINEA-USD: entry_time type=<class 'str'>, value=2025-11-30T19:49:21.103147+00:00
20:49:42 [DEBUG] Check LINEA-USD: Age=21.8s (Limit=60s)
20:49:42 [DEBUG] [x10] Subscribed to publicTrades/RESOLV/USD
20:49:42 [DEBUG] [x10] Subscribed to funding/LTC/USD
20:49:43 [DEBUG] MAX_OPEN_TRADES (3) reached, waiting...
20:49:43 [DEBUG] [x10] Subscribed to funding/XRP/USD
20:49:43 [DEBUG] [x10] Subscribed to publicTrades/LTC/USD
20:49:43 [DEBUG] [x10] Subscribed to funding/TRX/USD
20:49:43 [DEBUG] [x10] Subscribed to publicTrades/NEAR/USD
20:49:43 [DEBUG] [x10] Subscribed to publicTrades/TIA/USD
20:49:43 [DEBUG] [x10] Subscribed to funding/SOL/USD
20:49:43 [DEBUG] [x10] Subscribed to funding/1000SHIB/USD
20:49:43 [DEBUG] [x10] Subscribed to publicTrades/PENGU/USD
20:49:43 [DEBUG] [x10] Subscribed to publicTrades/TON/USD
20:49:43 [DEBUG] Fetching fresh positions (force=False, cache_age=5.8s)
20:49:43 [DEBUG] Sending GET https://api.starknet.extended.exchange/api/v1/user/positions?
20:49:43 [DEBUG] [x10] Subscribed to funding/XAG/USD
20:49:43 [DEBUG] [x10] Subscribed to funding/ENA/USD
20:49:44 [DEBUG] [x10] Subscribed to publicTrades/LINK/USD
20:49:44 [DEBUG] [x10] Subscribed to publicTrades/CRV/USD
20:49:44 [INFO] Lighter: Found 3 open positions
20:49:44 [INFO] 📊 Positions: X10=3, Lighter=3
20:49:44 [DEBUG] X10 positions: ['LINEA-USD', 'APEX-USD', 'BERA-USD']
20:49:44 [DEBUG] Lighter positions: ['BERA-USD', 'LINEA-USD', 'APEX-USD']
20:49:44 [INFO] 🔍 DEBUG BERA-USD: entry_time type=<class 'str'>, value=2025-11-30T19:49:23.605281+00:00
20:49:44 [DEBUG] Check BERA-USD: Age=20.7s (Limit=60s)
20:49:44 [INFO] 🚜 [FARM] Profit Take BERA-USD: Age=20s, Spread=0.008% (sehr niedrig), PnL=$0.00
20:49:44 [INFO]  💸 EXIT BERA-USD: FARM_QUICK_PROFIT | PnL $0.00 (Fees: $0.00)
20:49:44 [INFO]  🔻 CLOSING BERA-USD (Atomic Smart Close)...
20:49:44 [DEBUG] [x10] Subscribed to publicTrades/TRUMP/USD
20:49:44 [DEBUG] [x10] Subscribed to publicTrades/ENA/USD
20:49:44 [DEBUG] [x10] Subscribed to publicTrades/ETH/USD
20:49:44 [DEBUG] [x10] Subscribed to funding/GRASS/USD
20:49:44 [DEBUG] [x10] Subscribed to publicTrades/XRP/USD
20:49:44 [INFO] Lighter: Found 3 open positions
20:49:44 [ERROR] ❌ Lighter close failed for BERA-USD: '<' not supported between instances of 'float' and 'str'
20:49:44 [ERROR] ❌ ABBRUCH: Lighter close für BERA-USD fehlgeschlagen!
20:49:44 [ERROR] ⚠️ X10 wird NICHT geschlossen - MANUELLE INTERVENTION ERFORDERLICH!
20:49:44 [INFO] 🔍 DEBUG APEX-USD: entry_time type=<class 'str'>, value=2025-11-30T19:49:21.799132+00:00
20:49:44 [DEBUG] Check APEX-USD: Age=22.9s (Limit=60s)
20:49:44 [INFO] 🔍 DEBUG LINEA-USD: entry_time type=<class 'str'>, value=2025-11-30T19:49:21.103147+00:00
20:49:44 [DEBUG] Check LINEA-USD: Age=23.6s (Limit=60s)
20:49:44 [DEBUG] [x10] Subscribed to publicTrades/SUI/USD
20:49:44 [DEBUG] [x10] Subscribed to funding/S/USD
20:49:44 [DEBUG] [x10] Subscribed to funding/CRV/USD
20:49:44 [DEBUG] ✅ GRASS-USD: X10=$59,861, Lighter=$1,448,495, Total=$1,508,356
20:49:45 [DEBUG] [x10] Subscribed to funding/AAVE/USD
20:49:45 [DEBUG] [x10] Subscribed to funding/BTC/USD
20:49:45 [DEBUG] [x10] Subscribed to funding/MKR/USD
20:49:45 [DEBUG] [x10] Subscribed to publicTrades/LDO/USD
20:49:45 [DEBUG] [x10] Subscribed to publicTrades/MON/USD
20:49:45 [DEBUG] 🐕 Watchdog OK: Daten-Alter 2.5s
20:49:45 [DEBUG] [x10] Subscribed to funding/AERO/USD
20:49:45 [DEBUG] [x10] Subscribed to funding/APEX/USD
20:49:45 [DEBUG] [x10] Subscribed to funding/DOT/USD
20:49:45 [DEBUG] Using cached positions (age: 1.9s)
20:49:45 [INFO] 🔍 DEBUG BERA-USD: entry_time type=<class 'str'>, value=2025-11-30T19:49:23.605281+00:00
20:49:45 [DEBUG] Check BERA-USD: Age=22.1s (Limit=60s)
20:49:45 [INFO] 🚜 [FARM] Profit Take BERA-USD: Age=22s, Spread=0.008% (sehr niedrig), PnL=$0.00
20:49:45 [INFO]  💸 EXIT BERA-USD: FARM_QUICK_PROFIT | PnL $0.00 (Fees: $0.00)
20:49:45 [INFO]  🔻 CLOSING BERA-USD (Atomic Smart Close)...
20:49:45 [DEBUG] [x10] Subscribed to publicTrades/ZRO/USD
20:49:45 [DEBUG] [x10] Subscribed to funding/TON/USD
20:49:45 [DEBUG] [x10] Subscribed to funding/SUI/USD
20:49:46 [DEBUG] MAX_OPEN_TRADES (3) reached, waiting...
20:49:46 [DEBUG] [x10] Subscribed to publicTrades/MNT/USD
20:49:46 [DEBUG] [x10] Subscribed to publicTrades/GRASS/USD
20:49:46 [INFO] Lighter: Found 3 open positions
20:49:46 [ERROR] ❌ Lighter close failed for BERA-USD: '<' not supported between instances of 'float' and 'str'
20:49:46 [ERROR] ❌ ABBRUCH: Lighter close für BERA-USD fehlgeschlagen!
20:49:46 [ERROR] ⚠️ X10 wird NICHT geschlossen - MANUELLE INTERVENTION ERFORDERLICH!
20:49:46 [INFO] 🔍 DEBUG APEX-USD: entry_time type=<class 'str'>, value=2025-11-30T19:49:21.799132+00:00
20:49:46 [DEBUG] Check APEX-USD: Age=24.4s (Limit=60s)
20:49:46 [INFO] 🔍 DEBUG LINEA-USD: entry_time type=<class 'str'>, value=2025-11-30T19:49:21.103147+00:00
20:49:46 [DEBUG] Check LINEA-USD: Age=25.1s (Limit=60s)
20:49:46 [DEBUG] [x10] Subscribed to publicTrades/AVAX/USD
20:49:46 [DEBUG] [x10] Subscribed to publicTrades/BTC/USD
20:49:46 [DEBUG] [x10] Subscribed to funding/WLFI/USD
20:49:46 [DEBUG] [x10] Subscribed to publicTrades/PUMP/USD
20:49:46 [DEBUG] [x10] Subscribed to funding/BCH/USD
20:49:46 [DEBUG] [x10] Subscribed to publicTrades/SPX/USD
20:49:46 [DEBUG] [x10] Subscribed to publicTrades/TAO/USD
20:49:47 [DEBUG] Using cached positions (age: 3.3s)
20:49:47 [INFO] 🔍 DEBUG BERA-USD: entry_time type=<class 'str'>, value=2025-11-30T19:49:23.605281+00:00
20:49:47 [DEBUG] Check BERA-USD: Age=23.6s (Limit=60s)
20:49:47 [INFO] 🚜 [FARM] Profit Take BERA-USD: Age=23s, Spread=0.028% (sehr niedrig), PnL=$0.00
20:49:47 [INFO]  💸 EXIT BERA-USD: FARM_QUICK_PROFIT | PnL $0.00 (Fees: $0.00)
20:49:47 [INFO]  🔻 CLOSING BERA-USD (Atomic Smart Close)...
20:49:47 [INFO] Lighter: Found 3 open positions
20:49:47 [ERROR] ❌ Lighter close failed for BERA-USD: '<' not supported between instances of 'float' and 'str'
20:49:47 [ERROR] ❌ ABBRUCH: Lighter close für BERA-USD fehlgeschlagen!
20:49:47 [ERROR] ⚠️ X10 wird NICHT geschlossen - MANUELLE INTERVENTION ERFORDERLICH!
20:49:47 [INFO] 🔍 DEBUG APEX-USD: entry_time type=<class 'str'>, value=2025-11-30T19:49:21.799132+00:00
20:49:47 [DEBUG] Check APEX-USD: Age=25.8s (Limit=60s)
20:49:47 [INFO] 🔍 DEBUG LINEA-USD: entry_time type=<class 'str'>, value=2025-11-30T19:49:21.103147+00:00
20:49:47 [DEBUG] Check LINEA-USD: Age=26.5s (Limit=60s)
20:49:48 [DEBUG] Using cached positions (age: 4.7s)
20:49:48 [INFO] 🔍 DEBUG BERA-USD: entry_time type=<class 'str'>, value=2025-11-30T19:49:23.605281+00:00
20:49:48 [DEBUG] Check BERA-USD: Age=25.0s (Limit=60s)
20:49:48 [INFO] 🚜 [FARM] Profit Take BERA-USD: Age=24s, Spread=0.028% (sehr niedrig), PnL=$0.00
20:49:48 [INFO]  💸 EXIT BERA-USD: FARM_QUICK_PROFIT | PnL $0.00 (Fees: $0.00)
20:49:48 [INFO]  🔻 CLOSING BERA-USD (Atomic Smart Close)...
20:49:49 [INFO] Lighter: Found 3 open positions
20:49:49 [ERROR] ❌ Lighter close failed for BERA-USD: '<' not supported between instances of 'float' and 'str'
20:49:49 [ERROR] ❌ ABBRUCH: Lighter close für BERA-USD fehlgeschlagen!
20:49:49 [ERROR] ⚠️ X10 wird NICHT geschlossen - MANUELLE INTERVENTION ERFORDERLICH!
20:49:49 [INFO] 🔍 DEBUG APEX-USD: entry_time type=<class 'str'>, value=2025-11-30T19:49:21.799132+00:00
20:49:49 [DEBUG] Check APEX-USD: Age=27.2s (Limit=60s)
20:49:49 [INFO] 🔍 DEBUG LINEA-USD: entry_time type=<class 'str'>, value=2025-11-30T19:49:21.103147+00:00
20:49:49 [DEBUG] Check LINEA-USD: Age=27.9s (Limit=60s)
20:49:49 [DEBUG] MAX_OPEN_TRADES (3) reached, waiting...
20:49:49 [DEBUG] 💓 [lighter] Ping/Pong OK
20:49:50 [DEBUG] Fetching fresh positions (force=False, cache_age=6.2s)
20:49:50 [DEBUG] Sending GET https://api.starknet.extended.exchange/api/v1/user/positions?
20:49:50 [INFO] Lighter: Found 3 open positions
20:49:50 [INFO] 📊 Positions: X10=3, Lighter=3
20:49:50 [DEBUG] X10 positions: ['LINEA-USD', 'APEX-USD', 'BERA-USD']
20:49:50 [DEBUG] Lighter positions: ['BERA-USD', 'LINEA-USD', 'APEX-USD']
20:49:50 [INFO] 🔍 DEBUG BERA-USD: entry_time type=<class 'str'>, value=2025-11-30T19:49:23.605281+00:00
20:49:50 [DEBUG] Check BERA-USD: Age=26.8s (Limit=60s)
20:49:50 [INFO] 🚜 [FARM] Profit Take BERA-USD: Age=26s, Spread=0.017% (sehr niedrig), PnL=$0.00
20:49:50 [INFO]  💸 EXIT BERA-USD: FARM_QUICK_PROFIT | PnL $0.00 (Fees: $0.00)
20:49:50 [INFO]  🔻 CLOSING BERA-USD (Atomic Smart Close)...
20:49:50 [DEBUG] ✅ MEGA-USD: X10=$84,167, Lighter=$2,558,297, Total=$2,642,464
20:49:50 [INFO] Lighter: Found 3 open positions
20:49:50 [ERROR] ❌ Lighter close failed for BERA-USD: '<' not supported between instances of 'float' and 'str'
20:49:50 [ERROR] ❌ ABBRUCH: Lighter close für BERA-USD fehlgeschlagen!
20:49:50 [ERROR] ⚠️ X10 wird NICHT geschlossen - MANUELLE INTERVENTION ERFORDERLICH!
20:49:50 [INFO] 🔍 DEBUG APEX-USD: entry_time type=<class 'str'>, value=2025-11-30T19:49:21.799132+00:00
20:49:50 [DEBUG] Check APEX-USD: Age=29.1s (Limit=60s)
20:49:50 [INFO] 🔍 DEBUG LINEA-USD: entry_time type=<class 'str'>, value=2025-11-30T19:49:21.103147+00:00
20:49:50 [DEBUG] Check LINEA-USD: Age=29.8s (Limit=60s)
20:49:51 [DEBUG] Using cached positions (age: 1.9s)
20:49:51 [INFO] 🔍 DEBUG BERA-USD: entry_time type=<class 'str'>, value=2025-11-30T19:49:23.605281+00:00
20:49:51 [DEBUG] Check BERA-USD: Age=28.3s (Limit=60s)
20:49:51 [INFO] 🚜 [FARM] Profit Take BERA-USD: Age=28s, Spread=0.017% (sehr niedrig), PnL=$0.00
20:49:51 [INFO]  💸 EXIT BERA-USD: FARM_QUICK_PROFIT | PnL $0.00 (Fees: $0.00)
20:49:51 [INFO]  🔻 CLOSING BERA-USD (Atomic Smart Close)...
20:49:52 [DEBUG] MAX_OPEN_TRADES (3) reached, waiting...
20:49:52 [INFO] Lighter: Found 3 open positions
20:49:52 [ERROR] ❌ Lighter close failed for BERA-USD: '<' not supported between instances of 'float' and 'str'
20:49:52 [ERROR] ❌ ABBRUCH: Lighter close für BERA-USD fehlgeschlagen!
20:49:52 [ERROR] ⚠️ X10 wird NICHT geschlossen - MANUELLE INTERVENTION ERFORDERLICH!
20:49:52 [INFO] 🔍 DEBUG APEX-USD: entry_time type=<class 'str'>, value=2025-11-30T19:49:21.799132+00:00
20:49:52 [DEBUG] Check APEX-USD: Age=30.5s (Limit=60s)
20:49:52 [INFO] 🔍 DEBUG LINEA-USD: entry_time type=<class 'str'>, value=2025-11-30T19:49:21.103147+00:00
20:49:52 [DEBUG] Check LINEA-USD: Age=31.2s (Limit=60s)
20:49:53 [DEBUG] Using cached positions (age: 3.3s)
20:49:53 [INFO] 🔍 DEBUG BERA-USD: entry_time type=<class 'str'>, value=2025-11-30T19:49:23.605281+00:00
20:49:53 [DEBUG] Check BERA-USD: Age=29.7s (Limit=60s)
20:49:53 [INFO] 🚜 [FARM] Profit Take BERA-USD: Age=29s, Spread=0.017% (sehr niedrig), PnL=$0.00
20:49:53 [INFO]  💸 EXIT BERA-USD: FARM_QUICK_PROFIT | PnL $0.00 (Fees: $0.00)
20:49:53 [INFO]  🔻 CLOSING BERA-USD (Atomic Smart Close)...
20:49:53 [INFO] Lighter: Found 3 open positions
20:49:53 [ERROR] ❌ Lighter close failed for BERA-USD: '<' not supported between instances of 'float' and 'str'
20:49:53 [ERROR] ❌ ABBRUCH: Lighter close für BERA-USD fehlgeschlagen!
20:49:53 [ERROR] ⚠️ X10 wird NICHT geschlossen - MANUELLE INTERVENTION ERFORDERLICH!
20:49:53 [INFO] 🔍 DEBUG APEX-USD: entry_time type=<class 'str'>, value=2025-11-30T19:49:21.799132+00:00
20:49:53 [DEBUG] Check APEX-USD: Age=32.0s (Limit=60s)
20:49:53 [INFO] 🔍 DEBUG LINEA-USD: entry_time type=<class 'str'>, value=2025-11-30T19:49:21.103147+00:00
20:49:53 [DEBUG] Check LINEA-USD: Age=32.7s (Limit=60s)
20:49:54 [WARNING] 🛑 Received SIGINT, initiating graceful shutdown...
20:49:54 [INFO] 🛑 Shutting down...
20:49:54 [INFO] 🛑 Initiating graceful shutdown...
20:49:54 [INFO] 🔍 Supervisor loop stopped
20:49:54 [INFO] 🛑 Cancelling logic_loop...
20:49:54 [INFO] 🛑 Cancelling trade_management_loop...
20:49:54 [INFO] 🛑 Cancelling farm_loop...
20:49:54 [INFO] 🛑 Cancelling maintenance_loop...
20:49:54 [INFO] 🛑 Cancelling cleanup_finished_tasks...
20:49:54 [INFO] 🛑 Cancelling health_reporter...
20:49:54 [INFO] 🛑 Cancelling connection_watchdog...
20:49:54 [INFO] Logic loop cancelled
20:49:54 [INFO] Connection watchdog cancelled
20:49:54 [INFO] ✅ All tasks stopped
20:49:54 [INFO] 🛑 Rollback processor: Shutdown signal received
20:49:54 [INFO] ✅ ParallelExecutionManager: Stopped
20:49:54 [DEBUG] ✅ PUMP-USD: X10=$600,486, Lighter=$2,638,897,857, Total=$2,639,498,343
20:49:54 [INFO] 🔌 [x10] WebSocket stopped
20:49:58 [DEBUG] ✅ BNB-USD: X10=$1,862,714, Lighter=$16,279, Total=$1,878,993
20:49:59 [INFO] 🔌 [lighter] WebSocket stopped
20:49:59 [INFO] ✅ WebSocketManager stopped
20:49:59 [INFO] ✅ OpenInterestTracker stopped
20:49:59 [INFO] 🛑 Stopping InMemoryStateManager...
20:49:59 [INFO] 📝 State writer loop stopped
20:49:59 [INFO] ✅ InMemoryStateManager stopped
20:49:59 [INFO] 🔒 Closing database...
20:49:59 [INFO] 🖊️ Database write loop stopped
20:49:59 [INFO] ✅ Database closed
20:49:59 [INFO] ✅ X10 Adapter geschlossen.
20:49:59 [INFO] ✅ Lighter Adapter closed
20:49:59 [INFO] ✅ Bot V5 shutdown complete
