15:07:28 [INFO] ✅ CONFIG VALIDATION COMPLETED.
15:07:31 [INFO] 🛡️ Lighter Rate Limiter Tier: STANDARD
15:07:31 [DEBUG] ✅ Decimal adapter registered for SQLite
15:07:31 [INFO] 🔥 BOT V5 (Architected) STARTING...
15:07:31 [INFO] 🚀 Starting InMemoryStateManager...
15:07:31 [INFO] 📂 Initializing database: data/trades.db
15:07:31 [INFO] ✅ Read pool created: 5 connections
15:07:31 [INFO] ✅ WAL mode enabled
15:07:31 [INFO] 🔄 Running database migrations...
15:07:31 [INFO] ✅ Migrations complete (14 statements)
15:07:31 [INFO] ✅ Database initialized
15:07:31 [INFO] 🖊️ Database write loop started
15:07:31 [DEBUG] Maintenance not due (Last: 20h ago)
15:07:31 [INFO] 📂 Loaded 0 trades from database
15:07:31 [INFO] ✅ InMemoryStateManager started (loaded 0 trades)
15:07:31 [INFO] ✅ State Manager started
15:07:31 [INFO]  Telegram Bot disabled (Token/ChatID missing).
15:07:31 [INFO] ✅ Async database initialized
15:07:31 [INFO] 📝 State writer loop started
15:07:31 [DEBUG] ✅ Database schema up to date
15:07:31 [INFO] Initialisiere X10 Adapter...
15:07:31 [INFO]  X10 Account initialisiert.
15:07:31 [INFO] Initialisiere Lighter Adapter...
15:07:31 [INFO] ✅ Using SaferSignerClient subclass instead of Monkey-Patch
15:07:31 [INFO] 💰 Checking exchange balances at startup...
15:07:31 [DEBUG] Sending GET https://api.starknet.extended.exchange/api/v1/user/balance
15:07:32 [INFO] 💰 X10 verfügbare Balance: $205.35 USDC
15:07:32 [DEBUG] Starting new HTTPS connection (1): mainnet.zklighter.elliot.ai:443
15:07:33 [DEBUG] https://mainnet.zklighter.elliot.ai:443 "GET /api/v1/nextNonce?account_index=60113&api_key_index=3 HTTP/1.1" 200 25
15:07:34 [DEBUG] Lighter Balance: Raw=$244.58, Safe=$232.35
15:07:34 [INFO] 💰 STARTUP BALANCE CHECK: X10=$205.35, Lighter=$232.35
15:07:34 [INFO] ✅ Exchange balances OK - Bot can trade!
15:07:34 [INFO] 💰 FeeManager initialized (Dynamic Fees: ENABLED)
15:07:34 [DEBUG] FeeManager: Adapters set (X10=True, Lighter=True)
15:07:34 [INFO] ✅ Lighter Fee Check OK: Maker=0.0, Taker=0.0
15:07:34 [INFO] ✅ Lighter Fees updated: Maker=0.000000, Taker=0.000000 (source=api)
15:07:35 [INFO] ✅ X10 Fee Schedule (REST /api/v1/user/fees): Maker=0.000000, Taker=0.000225
15:07:35 [INFO] ✅ X10 Fees updated: Maker=0.000000, Taker=0.000225 (source=api)
15:07:35 [INFO] ✅ FeeManager started with periodic refresh
15:07:35 [INFO] ✅ FeeManager started
15:07:35 [INFO] ✅ Funding Tracker started (updates every 3600s)
15:07:35 [INFO] ✅ FundingTracker started
15:07:35 [INFO] 📊 Loading Market Data via REST...
15:07:35 [INFO] 🔄 Funding tracking loop started...
15:07:35 [DEBUG] 📊 No open trades to track
15:07:35 [DEBUG] Sending GET https://api.starknet.extended.exchange/api/v1/info/markets?
15:07:36 [INFO] ✅ Lighter: Loaded 115 markets (base data)
15:07:36 [INFO] Lighter: Found 0 open positions
15:07:36 [DEBUG] [X10] Initial Load: Fetching positions via REST...
15:07:36 [DEBUG] Sending GET https://api.starknet.extended.exchange/api/v1/user/positions?
15:07:37 [INFO]  X10: 91 Märkte geladen, 91 Funding Rates, 78 Preise
15:07:37 [INFO] ✅ Lighter: Updated 114 markets with size_decimals from API
15:07:37 [INFO] 📊 MARKET ADA-USD: size_decimals=1, price_decimals=5, min_base_amount=10.0
15:07:37 [INFO] 📊 MARKET SEI-USD: size_decimals=1, price_decimals=5, min_base_amount=50.0
15:07:37 [INFO] 📊 MARKET RESOLV-USD: size_decimals=0, price_decimals=6, min_base_amount=40.0
15:07:37 [INFO] 📊 MARKET TIA-USD: size_decimals=1, price_decimals=5, min_base_amount=3.0
15:07:37 [INFO] ✅ Markets loaded: X10=91, Lighter=115
15:07:37 [INFO] 📈 Pre-loading Lighter prices...
15:07:37 [DEBUG] [X10] Initial Positions Check: 0 positions found.
15:07:37 [DEBUG] 📸 PnL Snapshot saved: total=$89.3073, uPnL=$0.0000, rPnL=$89.3073
15:07:37 [DEBUG] 📸 PnL Snapshot: total=$89.3073 (uPnL=$0.0000, rPnL=$89.3073, funding=$0.0000)
15:07:37 [DEBUG] 📝 Flushed 1 writes in 0.0ms
15:07:38 [DEBUG] Lighter: Loaded 384 funding rates
15:07:39 [DEBUG] Lighter: Loaded 103 prices via REST
15:07:39 [INFO] ✅ Lighter prices loaded: 103 symbols
15:07:39 [INFO] 🔥 Warming up execution clients (Network Handshake)...
15:07:39 [DEBUG] Sending GET https://api.starknet.extended.exchange/api/v1/info/markets?
15:07:41 [INFO] ✅ Execution clients warmed up & NETWORK READY
15:07:41 [INFO] 启动 OI Tracker für 64 Symbole...
15:07:41 [INFO] ✅ OpenInterestTracker started (interval=15.0s)
15:07:41 [INFO] 🌐 Starting WebSocket Manager...
15:07:41 [INFO] 📚 OrderbookProvider connected to WebSocketManager
15:07:41 [INFO] ✅ OrderbookProvider initialized and connected to WebSocketManager
15:07:41 [INFO] 📊 OI Tracker: Starting cycle 1 (64 symbols)
15:07:41 [INFO] 🔌 [lighter] WebSocket manager started
15:07:41 [INFO] 🔌 [x10_account] WebSocket manager started
15:07:41 [INFO] 🔌 [x10_trades] WebSocket manager started
15:07:41 [INFO] 🔌 [x10_funding] WebSocket manager started
15:07:41 [INFO] 🔌 [x10_orderbooks] WebSocket manager started
15:07:41 [INFO] 🔌 [lighter] Connecting with kwargs: {'close_timeout': 5.0, 'max_size': 4194304, 'ping_interval': None, 'ping_timeout': None}
15:07:41 [INFO] 🔌 [x10_account] Connecting with kwargs: {'close_timeout': 5.0, 'max_size': 4194304, 'ping_interval': 15.0, 'ping_timeout': None, 'additional_headers': {'X-Api-Key': '***MASKED***', 'User-Agent': 'X10PythonTradingClient/0.4.5'}}
15:07:41 [INFO] 🔌 [x10_trades] Connecting with kwargs: {'close_timeout': 5.0, 'max_size': 4194304, 'ping_interval': 15.0, 'ping_timeout': None, 'additional_headers': {'X-Api-Key': '***MASKED***', 'User-Agent': 'X10PythonTradingClient/0.4.5'}}
15:07:41 [INFO] 🔌 [x10_funding] Connecting with kwargs: {'close_timeout': 5.0, 'max_size': 4194304, 'ping_interval': 15.0, 'ping_timeout': None, 'additional_headers': {'X-Api-Key': '***MASKED***', 'User-Agent': 'X10PythonTradingClient/0.4.5'}}
15:07:41 [INFO] 🔌 [x10_orderbooks] Connecting with kwargs: {'close_timeout': 5.0, 'max_size': 4194304, 'ping_interval': 15.0, 'ping_timeout': None, 'additional_headers': {'X-Api-Key': '***MASKED***', 'User-Agent': 'X10PythonTradingClient/0.4.5'}}
15:07:41 [INFO] ✅ WebSocketManager started (Lighter + X10 Account/Trades/Funding + Keepalive)
15:07:41 [INFO] 📊 [lighter] Subscribed to market_stats/all (prices, funding, OI for all markets)
15:07:41 [INFO] 💓 [x10_account] Keepalive loop started
15:07:41 [INFO] ✅ [lighter] Subscribed to 64 channels (1 market_stats/all + 63 order_books)
15:07:41 [INFO] ℹ️ [lighter] Orderbook data: REST polling only (WS deltas disabled)
15:07:41 [INFO] [x10] Connected to Firehose streams (Trades & Funding) for all markets.
15:07:41 [INFO] 🔗 Components Wired: WS -> OI Tracker -> Prediction
15:07:41 [INFO] 🧟 Starte Zombie-Check: Vergleiche DB mit echten Positionen...
15:07:41 [INFO] 🧟 Reverse Ghost Check: Suche Positionen auf Exchange ohne DB Entry...
15:07:42 [INFO] Lighter: Found 0 open positions
15:07:42 [INFO] ✅ No orphaned positions found
15:07:42 [INFO] ✅ ParallelExecutionManager started
15:07:42 [INFO] ✅ ParallelExecutionManager started
15:07:42 [INFO] 🌐 Starting Dashboard API at http://0.0.0.0:8080
15:07:42 [DEBUG] Registered task: logic_loop (priority=HIGH)
15:07:42 [DEBUG] Registered task: trade_management_loop (priority=HIGH)
15:07:42 [DEBUG] Registered task: farm_loop (priority=NORMAL)
15:07:42 [DEBUG] Registered task: maintenance_loop (priority=LOW)
15:07:42 [DEBUG] Registered task: cleanup_finished_tasks (priority=LOW)
15:07:42 [DEBUG] Registered task: health_reporter (priority=LOW)
15:07:42 [DEBUG] Registered task: connection_watchdog (priority=CRITICAL)
15:07:42 [INFO] ═══════════════════════════════════════════════════════════
15:07:42 [INFO]    BOT V5 RUNNING 24/7 - SUPERVISED | Ctrl+C = Stop   
15:07:42 [INFO] ═══════════════════════════════════════════════════════════
15:07:42 [INFO] 🚀 BotEventLoop starting...
15:07:42 [INFO] ▶️ Started task: connection_watchdog
15:07:42 [INFO] ▶️ Started task: logic_loop
15:07:42 [INFO] ▶️ Started task: trade_management_loop
15:07:42 [INFO] ▶️ Started task: farm_loop
15:07:42 [INFO] ▶️ Started task: maintenance_loop
15:07:42 [INFO] ▶️ Started task: cleanup_finished_tasks
15:07:42 [INFO] ▶️ Started task: health_reporter
15:07:42 [INFO] ✅ Started 7 tasks
15:07:42 [INFO] 🐕 Connection Watchdog gestartet (Timeout: 120s)
15:07:42 [INFO] Logic Loop gestartet – REFRESH alle 3s
15:07:42 [INFO] 🔍 RECONCILE: Starting strict sync check...
15:07:42 [INFO] 🛡️ Trade Management Loop gestartet
15:07:42 [DEBUG] 📊 X10 Funding Cache refresh (current=91)
15:07:42 [DEBUG] Sending GET https://api.starknet.extended.exchange/api/v1/info/markets?
15:07:42 [DEBUG] [LIGHTER] 🔄 Deduplicated: LIGHTER:fetch_open_positions (dedup window: 2.0s)
15:07:42 [INFO] ✅ RECONCILE: Sync complete.
15:07:42 [INFO] ⚡ Latency Arb Detector initialized (min_lag=5.0s, max_lag=30.0s, min_rate_diff=0.020%)
15:07:42 [DEBUG] Price cache status: X10=78/64, Lighter=103/64
15:07:42 [DEBUG] 🔍 Scanning 64 pairs. Lighter markets: 115, X10 markets: 91
15:07:42 [INFO] ✅ [lighter] Connected to wss://mainnet.zklighter.elliot.ai/stream
15:07:42 [INFO] [lighter] Resubscribing to 64 channels (paced)...
15:07:42 [INFO] [lighter] Receive loop started (async iterator)
15:07:42 [INFO] 💓 [lighter] Passive mode - waiting for SERVER pings (every ~60-90s)
15:07:42 [DEBUG] 💓 [lighter] Heartbeat started (stale_threshold=180.0s, json_ping_interval=Nones)
15:07:42 [INFO] ✅ [x10_funding] Connected to wss://api.starknet.extended.exchange/stream.extended.exchange/v1/funding
15:07:42 [INFO] ✅ [x10_funding] Keepalive enabled: ping_interval=15.0s, ping_timeout=None (auto-pong)
15:07:42 [INFO] [x10_funding] Receive loop started (async iterator)
15:07:42 [DEBUG] 💓 [x10_funding] Heartbeat started (stale_threshold=300.0s, json_ping_interval=Nones)
15:07:42 [INFO] ✅ [x10_orderbooks] Connected to wss://api.starknet.extended.exchange/stream.extended.exchange/v1/orderbooks
15:07:42 [INFO] ✅ [x10_orderbooks] Keepalive enabled: ping_interval=15.0s, ping_timeout=None (auto-pong)
15:07:42 [INFO] [x10_orderbooks] Receive loop started (async iterator)
15:07:42 [DEBUG] 💓 [x10_orderbooks] Heartbeat started (stale_threshold=180.0s, json_ping_interval=Nones)
15:07:42 [DEBUG] [lighter] Resubscribed 10/64 channels
15:07:42 [INFO] ✅ [x10_account] Connected to wss://api.starknet.extended.exchange/stream.extended.exchange/v1/account
15:07:42 [INFO] ✅ [x10_account] Keepalive enabled: ping_interval=15.0s, ping_timeout=None (auto-pong)
15:07:42 [INFO] [x10_account] Receive loop started (async iterator)
15:07:42 [DEBUG] 💓 [x10_account] Heartbeat started (stale_threshold=300.0s, json_ping_interval=Nones)
15:07:42 [DEBUG] 📨 [x10_account] RAW: ORDER - {'type': 'ORDER', 'data': {'isSnapshot': True, 'orders': []}, 'ts': 1765721246890, 'seq': 1}
15:07:42 [DEBUG] 📨 [x10_account] RAW: BALANCE - {'type': 'BALANCE', 'data': {'isSnapshot': True, 'balance': {'collateralName': 'USD', 'balance': '205.352872', 'status': 'ACTIVE', 'equity': '205.352872', 'availableForTrade': '205.352872', 'available
15:07:42 [DEBUG] 💰 [x10_account] BALANCE: equity=$205.352872, available=$205.352872, uPnL=$0.000000
15:07:42 [DEBUG] 📨 [x10_account] RAW: POSITION - {
  "type": "POSITION",
  "data": {
    "isSnapshot": true,
    "positions": []
  },
  "ts": 1765721246890,
  "seq": 3
}
15:07:42 [INFO] ✅ [x10_trades] Connected to wss://api.starknet.extended.exchange/stream.extended.exchange/v1/publicTrades
15:07:42 [INFO] ✅ [x10_trades] Keepalive enabled: ping_interval=15.0s, ping_timeout=None (auto-pong)
15:07:42 [INFO] [x10_trades] Receive loop started (async iterator)
15:07:42 [DEBUG] 💓 [x10_trades] Heartbeat started (stale_threshold=300.0s, json_ping_interval=Nones)
15:07:42 [DEBUG] [lighter] Resubscribed 20/64 channels
15:07:42 [DEBUG] ✅ PENGU-USD: X10=$50,309, Lighter=$82,617,095, Total=$82,667,404
15:07:42 [DEBUG] [lighter] Resubscribed 30/64 channels
15:07:42 [INFO]  Volatility Monitor initialized: Low<3.0%, Normal<10.0%, High<20.0%, Hard Cap<50.0%
15:07:42 [INFO] ✅ HYPE-USD: Expected profit $0.0700 in 24.0h (breakeven: 8.77h, APY: 52.6%)
15:07:42 [INFO] ✅ EDEN-USD: Expected profit $0.1400 in 24.0h (breakeven: 9.53h, APY: 107.7%)
15:07:42 [INFO] ✅ WLFI-USD: Expected profit $0.1500 in 24.0h (breakeven: 6.45h, APY: 96.4%)
15:07:42 [INFO] ✅ RESOLV-USD: Expected profit $0.1300 in 24.0h (breakeven: 9.86h, APY: 100.7%)
15:07:42 [INFO] ✅ POPCAT-USD: Expected profit $0.0600 in 24.0h (breakeven: 12.70h, APY: 61.3%)
15:07:42 [INFO] ✅ ZRO-USD: Expected profit $0.0900 in 24.0h (breakeven: 9.20h, APY: 70.1%)
15:07:42 [INFO] ✅ TIA-USD: Expected profit $0.0600 in 24.0h (breakeven: 11.58h, APY: 49.9%)
15:07:42 [INFO] ✅ Found 7 opportunities from 62 valid pairs
15:07:42 [INFO] 🎯 Found 4 opportunities
15:07:42 [DEBUG] Sending GET https://api.starknet.extended.exchange/api/v1/user/balance
15:07:42 [DEBUG] [lighter] Resubscribed 40/64 channels
15:07:42 [DEBUG] [lighter] Resubscribed 50/64 channels
15:07:42 [INFO] 💰 X10 verfügbare Balance: $205.35 USDC
15:07:42 [DEBUG] [lighter] Resubscribed 60/64 channels
15:07:42 [INFO] [lighter] Resubscribed to 64 channels
15:07:44 [INFO]  X10: 91 Märkte geladen, 91 Funding Rates, 81 Preise
15:07:44 [DEBUG] X10: Funding Refresh OK, cache=91
15:07:44 [DEBUG] 📊 Lighter Funding Cache refresh (current=114)
15:07:44 [DEBUG] Lighter Balance: Raw=$244.58, Safe=$232.35
15:07:44 [INFO] 🛑 Initiating shutdown...
15:07:44 [INFO] ✅ ParallelExecutionManager: No active executions
15:07:44 [DEBUG] Cancelled task: maintenance_loop
15:07:44 [DEBUG] Cancelled task: cleanup_finished_tasks
15:07:44 [DEBUG] Cancelled task: health_reporter
15:07:44 [DEBUG] Cancelled task: farm_loop
15:07:44 [DEBUG] Cancelled task: logic_loop
15:07:44 [DEBUG] Cancelled task: trade_management_loop
15:07:44 [DEBUG] Cancelled task: connection_watchdog
15:07:44 [INFO] Farm loop cancelled
15:07:44 [INFO] Connection watchdog cancelled
15:07:44 [DEBUG] Lighter: fetch_open_positions cancelled during shutdown
15:07:44 [INFO] Logic loop cancelled
15:07:44 [ERROR] _GatheringFuture exception was never retrieved
future: <_GatheringFuture finished exception=CancelledError()>
asyncio.exceptions.CancelledError
15:07:44 [INFO] 🛑 Shutdown orchestrator start (reason=bot_event_loop)
15:07:44 [INFO] 🛑 [X10] Rate limiter shutdown - cancelled 0 waiters
15:07:44 [INFO] 🛑 [LIGHTER] Rate limiter shutdown - cancelled 0 waiters
15:07:44 [INFO] 🛑 All rate limiters shutdown: {'X10': {'waiters_cancelled': 0, 'shutdown': True}, 'LIGHTER': {'waiters_cancelled': 0, 'shutdown': True}}
15:07:44 [INFO] 🛑 Rate limiters shutdown: {'X10': {'waiters_cancelled': 0, 'shutdown': True}, 'LIGHTER': {'waiters_cancelled': 0, 'shutdown': True}}
15:07:44 [DEBUG] [LIGHTER] Shutdown active - returning cached positions
15:07:44 [INFO] 📸 Position snapshot: X10=0, Lighter=0
15:07:44 [INFO] ✅ No active executions to wait for
15:07:44 [DEBUG] [LIGHTER] Shutdown active - returning cached positions
15:07:44 [INFO] ⚡ Attempting global Lighter cancel...
15:07:44 [DEBUG] [LIGHTER] Rate limiter acquire() skipped - shutdown active
15:07:44 [DEBUG] ✅ BCH-USD: X10=$0, Lighter=$4,028, Total=$4,028
15:07:44 [INFO] ⚡ Executing ImmediateCancelAll (nonce=7947)...
15:07:44 [DEBUG] Cancel All Orders Tx Info: {"AccountIndex":60113,"ApiKeyIndex":3,"TimeInForce":0,"Time":0,"ExpiredAt":1765721863830,"Nonce":7947,"Sig":"TtHJ38SGOp8dulI6PI1tcTbfiV3QeS6zYErAX9crjjtdTtkliZ0jRq1XvLwHzrI3cX0QmOwws5kIL9ubXdS5CMOwwiwPK19JGnWyAlw6ByA="}
15:07:45 [DEBUG] [x10_funding] Firehose/Account stream - no explicit subscription needed
15:07:45 [DEBUG] [x10_account] Firehose/Account stream - no explicit subscription needed
15:07:45 [DEBUG] [x10_trades] Firehose/Account stream - no explicit subscription needed
15:07:45 [DEBUG] Cancel All Orders Send Tx Response: code=200 message='{"ratelimit": "didn\'t use volume quota"}' tx_hash='4519ac8a589469a331f31e188d8b809e5701ba589829e12faf617fe2341a955e732283c98e7b99ab' predicted_execution_time_ms=1765721250165 additional_properties={}
15:07:45 [INFO] ✅ Lighter: ImmediateCancelAll executed (tx={"AccountIndex":60113,"ApiKeyIndex":3,"TimeInForce":0,"Time":0,"ExpiredAt":1765721863830,"Nonce":7947,"Sig":"TtHJ38SGOp8dulI6PI1tcTbfiV3QeS6zYErAX9crjjtdTtkliZ0jRq1XvLwHzrI3cX0QmOwws5kIL9ubXdS5CMOwwiwPK19JGnWyAlw6ByA="})
15:07:45 [DEBUG] 🔄 Nonce cache invalidated
15:07:45 [INFO] 🛑 Cancelling open orders for 142 symbols (LighterGlobal=True)...
15:07:45 [DEBUG] [X10] Shutdown active - skipping cancel_all_orders for ICP-USD
15:07:45 [DEBUG] [X10] Shutdown active - skipping cancel_all_orders for MYX-USD
15:07:45 [DEBUG] [X10] Shutdown active - skipping cancel_all_orders for VIRTUAL-USD
15:07:45 [DEBUG] [X10] Shutdown active - skipping cancel_all_orders for USELESS-USD
15:07:45 [DEBUG] [X10] Shutdown active - skipping cancel_all_orders for BERA-USD
15:07:45 [DEBUG] [X10] Shutdown active - skipping cancel_all_orders for AVNT-USD
15:07:45 [DEBUG] [X10] Shutdown active - skipping cancel_all_orders for STRK-USD
15:07:45 [DEBUG] [X10] Shutdown active - skipping cancel_all_orders for ADA-USD
15:07:45 [DEBUG] [X10] Shutdown active - skipping cancel_all_orders for PAXG-USD
15:07:45 [DEBUG] [X10] Shutdown active - skipping cancel_all_orders for WIF-USD
15:07:45 [DEBUG] [X10] Shutdown active - skipping cancel_all_orders for AAVE-USD
15:07:45 [DEBUG] [X10] Shutdown active - skipping cancel_all_orders for SOL-USD
15:07:45 [DEBUG] [X10] Shutdown active - skipping cancel_all_orders for ATOM-USD
15:07:45 [DEBUG] [X10] Shutdown active - skipping cancel_all_orders for PYTH-USD
15:07:45 [DEBUG] [X10] Shutdown active - skipping cancel_all_orders for PLACE_1-USD
15:07:45 [DEBUG] [X10] Shutdown active - skipping cancel_all_orders for KAITO-USD
15:07:45 [DEBUG] [X10] Shutdown active - skipping cancel_all_orders for WLFI-USD
15:07:45 [DEBUG] [X10] Shutdown active - skipping cancel_all_orders for GRASS-USD
15:07:45 [DEBUG] [X10] Shutdown active - skipping cancel_all_orders for LINEA-USD
15:07:45 [DEBUG] [X10] Shutdown active - skipping cancel_all_orders for MEGA-USD
15:07:45 [DEBUG] [X10] Shutdown active - skipping cancel_all_orders for LAUNCHCOIN-USD
15:07:45 [DEBUG] [X10] Shutdown active - skipping cancel_all_orders for WAL-USD
15:07:45 [DEBUG] [X10] Shutdown active - skipping cancel_all_orders for MELANIA-USD
15:07:45 [DEBUG] [X10] Shutdown active - skipping cancel_all_orders for UNI-USD
15:07:45 [DEBUG] [X10] Shutdown active - skipping cancel_all_orders for TIA-USD
15:07:45 [DEBUG] [X10] Shutdown active - skipping cancel_all_orders for SPX-USD
15:07:45 [DEBUG] [X10] Shutdown active - skipping cancel_all_orders for S-USD
15:07:45 [DEBUG] [X10] Shutdown active - skipping cancel_all_orders for MATIC-USD
15:07:45 [DEBUG] [X10] Shutdown active - skipping cancel_all_orders for XRP-USD
15:07:45 [DEBUG] [X10] Shutdown active - skipping cancel_all_orders for GBPUSD-USD
15:07:45 [DEBUG] [X10] Shutdown active - skipping cancel_all_orders for XAU-USD
15:07:45 [DEBUG] [X10] Shutdown active - skipping cancel_all_orders for WLD-USD
15:07:45 [DEBUG] [X10] Shutdown active - skipping cancel_all_orders for AUDUSD-USD
15:07:45 [DEBUG] [X10] Shutdown active - skipping cancel_all_orders for LDO-USD
15:07:45 [DEBUG] [X10] Shutdown active - skipping cancel_all_orders for SPX500m-USD
15:07:45 [DEBUG] [X10] Shutdown active - skipping cancel_all_orders for YZY-USD
15:07:45 [DEBUG] [X10] Shutdown active - skipping cancel_all_orders for EURUSD-USD
15:07:45 [DEBUG] [X10] Shutdown active - skipping cancel_all_orders for 1000TOSHI-USD
15:07:45 [DEBUG] [X10] Shutdown active - skipping cancel_all_orders for ZK-USD
15:07:45 [DEBUG] [X10] Shutdown active - skipping cancel_all_orders for PENGU-USD
15:07:45 [DEBUG] [X10] Shutdown active - skipping cancel_all_orders for FARTCOIN-USD
15:07:45 [DEBUG] [X10] Shutdown active - skipping cancel_all_orders for PLACE_2-USD
15:07:45 [DEBUG] [X10] Shutdown active - skipping cancel_all_orders for ZORA-USD
15:07:45 [DEBUG] [X10] Shutdown active - skipping cancel_all_orders for MORPHO-USD
15:07:45 [DEBUG] [X10] Shutdown active - skipping cancel_all_orders for DOT-USD
15:07:45 [DEBUG] [X10] Shutdown active - skipping cancel_all_orders for 1000000MOG-USD
15:07:45 [DEBUG] [X10] Shutdown active - skipping cancel_all_orders for ETH-USDC-USD
15:07:45 [DEBUG] [X10] Shutdown active - skipping cancel_all_orders for GMX-USD
15:07:45 [DEBUG] [X10] Shutdown active - skipping cancel_all_orders for ETH-USD
15:07:45 [DEBUG] [X10] Shutdown active - skipping cancel_all_orders for SEI-USD
15:07:45 [DEBUG] [X10] Shutdown active - skipping cancel_all_orders for ASTER-USD
15:07:45 [DEBUG] [X10] Shutdown active - skipping cancel_all_orders for PUMP-USD
15:07:45 [DEBUG] [X10] Shutdown active - skipping cancel_all_orders for LINK-USD
15:07:45 [DEBUG] [X10] Shutdown active - skipping cancel_all_orders for SPX6900-USD
15:07:45 [DEBUG] [X10] Shutdown active - skipping cancel_all_orders for ARB-USD
15:07:45 [DEBUG] [X10] Shutdown active - skipping cancel_all_orders for AERO-USD
15:07:45 [DEBUG] [X10] Shutdown active - skipping cancel_all_orders for POPCAT-USD
15:07:45 [DEBUG] [X10] Shutdown active - skipping cancel_all_orders for JUP-USD
15:07:45 [DEBUG] [X10] Shutdown active - skipping cancel_all_orders for ENA-USD
15:07:45 [DEBUG] [X10] Shutdown active - skipping cancel_all_orders for AI16Z-USD
15:07:45 [DEBUG] [X10] Shutdown active - skipping cancel_all_orders for EIGEN-USD
15:07:45 [DEBUG] [X10] Shutdown active - skipping cancel_all_orders for EUR-USD
15:07:45 [DEBUG] [X10] Shutdown active - skipping cancel_all_orders for XAG-USD
15:07:45 [DEBUG] [X10] Shutdown active - skipping cancel_all_orders for 1000PEPE-USD
15:07:45 [DEBUG] [X10] Shutdown active - skipping cancel_all_orders for 1000BONK-USD
15:07:45 [DEBUG] [X10] Shutdown active - skipping cancel_all_orders for TON-USD
15:07:45 [DEBUG] [X10] Shutdown active - skipping cancel_all_orders for FTM-USD
15:07:45 [DEBUG] [X10] Shutdown active - skipping cancel_all_orders for 0G-USD
15:07:45 [DEBUG] [X10] Shutdown active - skipping cancel_all_orders for APEX-USD
15:07:45 [DEBUG] [X10] Shutdown active - skipping cancel_all_orders for STBL-USD
15:07:45 [DEBUG] [X10] Shutdown active - skipping cancel_all_orders for 2Z-USD
15:07:45 [DEBUG] [X10] Shutdown active - skipping cancel_all_orders for XLM-USD
15:07:45 [DEBUG] [X10] Shutdown active - skipping cancel_all_orders for META-USD
15:07:45 [DEBUG] [X10] Shutdown active - skipping cancel_all_orders for DYDX-USD
15:07:45 [DEBUG] [X10] Shutdown active - skipping cancel_all_orders for 4-USD
15:07:45 [DEBUG] [X10] Shutdown active - skipping cancel_all_orders for GOOGL-USD
15:07:45 [DEBUG] [X10] Shutdown active - skipping cancel_all_orders for FIL-USD
15:07:45 [DEBUG] [X10] Shutdown active - skipping cancel_all_orders for LTC-USD
15:07:45 [DEBUG] [X10] Shutdown active - skipping cancel_all_orders for ETC-USD
15:07:45 [DEBUG] [X10] Shutdown active - skipping cancel_all_orders for XPL-USD
15:07:45 [DEBUG] [X10] Shutdown active - skipping cancel_all_orders for DOGE-USD
15:07:45 [DEBUG] [X10] Shutdown active - skipping cancel_all_orders for COIN-USD
15:07:45 [DEBUG] [X10] Shutdown active - skipping cancel_all_orders for GOAT-USD
15:07:45 [DEBUG] [X10] Shutdown active - skipping cancel_all_orders for 1000SHIB-USD
15:07:45 [DEBUG] [X10] Shutdown active - skipping cancel_all_orders for POL-USD
15:07:45 [DEBUG] [X10] Shutdown active - skipping cancel_all_orders for HOOD-USD
15:07:45 [DEBUG] [X10] Shutdown active - skipping cancel_all_orders for PENDLE-USD
15:07:45 [DEBUG] [X10] Shutdown active - skipping cancel_all_orders for TRX-USD
15:07:45 [DEBUG] [X10] Shutdown active - skipping cancel_all_orders for 1000FLOKI-USD
15:07:45 [DEBUG] [X10] Shutdown active - skipping cancel_all_orders for MOODENG-USD
15:07:45 [DEBUG] [X10] Shutdown active - skipping cancel_all_orders for CC-USD
15:07:45 [DEBUG] [X10] Shutdown active - skipping cancel_all_orders for AAPL-USD
15:07:45 [DEBUG] [X10] Shutdown active - skipping cancel_all_orders for TSLA-USD
15:07:45 [DEBUG] [X10] Shutdown active - skipping cancel_all_orders for APT-USD
15:07:45 [DEBUG] [X10] Shutdown active - skipping cancel_all_orders for PROVE-USD
15:07:45 [DEBUG] [X10] Shutdown active - skipping cancel_all_orders for BNB-USD
15:07:45 [DEBUG] [X10] Shutdown active - skipping cancel_all_orders for CRV-USD
15:07:45 [DEBUG] [X10] Shutdown active - skipping cancel_all_orders for STABLE-USD
15:07:45 [DEBUG] [X10] Shutdown active - skipping cancel_all_orders for ZEC-USD
15:07:45 [DEBUG] [X10] Shutdown active - skipping cancel_all_orders for CRO-USD
15:07:45 [DEBUG] [X10] Shutdown active - skipping cancel_all_orders for BCH-USD
15:07:45 [DEBUG] [X10] Shutdown active - skipping cancel_all_orders for TAO-USD
15:07:45 [DEBUG] [X10] Shutdown active - skipping cancel_all_orders for MKR-USD
15:07:45 [DEBUG] [X10] Shutdown active - skipping cancel_all_orders for BTC-USD
15:07:45 [DEBUG] [X10] Shutdown active - skipping cancel_all_orders for TECH100m-USD
15:07:45 [DEBUG] [X10] Shutdown active - skipping cancel_all_orders for XBR-USD
15:07:45 [DEBUG] [X10] Shutdown active - skipping cancel_all_orders for MNT-USD
15:07:45 [DEBUG] [X10] Shutdown active - skipping cancel_all_orders for MON-USD
15:07:45 [DEBUG] [X10] Shutdown active - skipping cancel_all_orders for HYPE-USD
15:07:45 [DEBUG] [X10] Shutdown active - skipping cancel_all_orders for SKY-USD
15:07:45 [DEBUG] [X10] Shutdown active - skipping cancel_all_orders for EDEN-USD
15:07:45 [DEBUG] [X10] Shutdown active - skipping cancel_all_orders for PLTR-USD
15:07:45 [DEBUG] [X10] Shutdown active - skipping cancel_all_orders for NEAR-USD
15:07:45 [DEBUG] [X10] Shutdown active - skipping cancel_all_orders for MET-USD
15:07:45 [DEBUG] [X10] Shutdown active - skipping cancel_all_orders for ONDO-USD
15:07:45 [DEBUG] [X10] Shutdown active - skipping cancel_all_orders for INIT-USD
15:07:45 [DEBUG] [X10] Shutdown active - skipping cancel_all_orders for VVV-USD
15:07:45 [DEBUG] [X10] Shutdown active - skipping cancel_all_orders for RESOLV-USD
15:07:45 [DEBUG] [X10] Shutdown active - skipping cancel_all_orders for FF-USD
15:07:45 [DEBUG] [X10] Shutdown active - skipping cancel_all_orders for CAKE-USD
15:07:45 [DEBUG] [X10] Shutdown active - skipping cancel_all_orders for HBAR-USD
15:07:45 [DEBUG] [X10] Shutdown active - skipping cancel_all_orders for NMR-USD
15:07:45 [DEBUG] [X10] Shutdown active - skipping cancel_all_orders for ETHFI-USD
15:07:45 [DEBUG] [X10] Shutdown active - skipping cancel_all_orders for SNX-USD
15:07:45 [DEBUG] [X10] Shutdown active - skipping cancel_all_orders for AVAX-USD
15:07:45 [DEBUG] [X10] Shutdown active - skipping cancel_all_orders for SUI-USD
15:07:45 [DEBUG] [X10] Shutdown active - skipping cancel_all_orders for MOG-USD
15:07:45 [DEBUG] [X10] Shutdown active - skipping cancel_all_orders for NZDUSD-USD
15:07:45 [DEBUG] [X10] Shutdown active - skipping cancel_all_orders for ZRO-USD
15:07:45 [DEBUG] [X10] Shutdown active - skipping cancel_all_orders for USDCHF-USD
15:07:45 [DEBUG] [X10] Shutdown active - skipping cancel_all_orders for USDCAD-USD
15:07:45 [DEBUG] [X10] Shutdown active - skipping cancel_all_orders for OP-USD
15:07:45 [DEBUG] [X10] Shutdown active - skipping cancel_all_orders for TRUMP-USD
15:07:45 [DEBUG] [X10] Shutdown active - skipping cancel_all_orders for USDJPY-USD
15:07:45 [DEBUG] [X10] Shutdown active - skipping cancel_all_orders for AMZN-USD
15:07:45 [DEBUG] [X10] Shutdown active - skipping cancel_all_orders for USDKRW-USD
15:07:45 [DEBUG] [X10] Shutdown active - skipping cancel_all_orders for SYRUP-USD
15:07:45 [DEBUG] [X10] Shutdown active - skipping cancel_all_orders for DOLO-USD
15:07:45 [DEBUG] [X10] Shutdown active - skipping cancel_all_orders for XMR-USD
15:07:45 [DEBUG] [X10] Shutdown active - skipping cancel_all_orders for MSFT-USD
15:07:45 [DEBUG] [X10] Shutdown active - skipping cancel_all_orders for NVDA-USD
15:07:45 [DEBUG] [X10] Shutdown active - skipping cancel_all_orders for IP-USD
15:07:45 [DEBUG] [LIGHTER] Shutdown active - returning cached positions
15:07:45 [INFO] ✅ No open positions to close
15:07:45 [INFO] 🔍 Final position sweep...
15:07:45 [INFO] ⚡ [FINAL] Executing FINAL ImmediateCancelAll before sweep...
15:07:45 [DEBUG] [LIGHTER] Shutdown active - returning cached positions
15:07:45 [DEBUG] [LIGHTER] Rate limiter acquire() skipped - shutdown active
15:07:45 [INFO] ⚡ Executing ImmediateCancelAll (nonce=7948)...
15:07:45 [DEBUG] Cancel All Orders Tx Info: {"AccountIndex":60113,"ApiKeyIndex":3,"TimeInForce":0,"Time":0,"ExpiredAt":1765721864853,"Nonce":7948,"Sig":"E8NgPWmpqjhInCJCh6FEY0cT3Gcqme4SFeWErDw/oD5sp5Jel/Q3NtG28otj/BTEDjnZ+21EkdLr38DMb95zUnjN3R5ZAdT8+TOTen/yKxo="}
15:07:46 [DEBUG] Cancel All Orders Send Tx Response: code=200 message='{"ratelimit": "didn\'t use volume quota"}' tx_hash='9bfb8a0e8bcdf333aca977465b0a0a80469921e5f76d7174272157c151038d7c9e877190e32606ad' predicted_execution_time_ms=1765721250726 additional_properties={}
15:07:46 [INFO] ✅ Lighter: ImmediateCancelAll executed (tx={"AccountIndex":60113,"ApiKeyIndex":3,"TimeInForce":0,"Time":0,"ExpiredAt":1765721864853,"Nonce":7948,"Sig":"E8NgPWmpqjhInCJCh6FEY0cT3Gcqme4SFeWErDw/oD5sp5Jel/Q3NtG28otj/BTEDjnZ+21EkdLr38DMb95zUnjN3R5ZAdT8+TOTen/yKxo="})
15:07:46 [DEBUG] 🔄 Nonce cache invalidated
15:07:46 [INFO] ✅ [FINAL] ImmediateCancelAll executed
15:07:46 [DEBUG] [LIGHTER] Shutdown active - returning cached positions
15:07:46 [INFO] ✅ Final sweep: No positions found
15:07:46 [INFO] 🛑 Stopping InMemoryStateManager...
15:07:46 [INFO] 📝 State writer loop stopped
15:07:46 [INFO] ✅ InMemoryStateManager stopped
15:07:46 [INFO] 🛑 FeeManager stopped
15:07:46 [INFO] 🔒 Closing database...
15:07:46 [INFO] 🖊️ Database write loop stopped
15:07:46 [INFO] ✅ Database closed
15:07:46 [INFO] 💾 Persist phase complete
15:07:46 [INFO] 🛑 Stopping OI Tracker...
15:07:46 [INFO] 🛑 Stopping OpenInterestTracker...
15:07:46 [INFO] ✅ OpenInterestTracker stopped
15:07:46 [DEBUG] 💓 [x10_account] Keepalive loop cancelled
15:07:46 [INFO] 💓 [x10_account] Keepalive loop stopped
15:07:47 [DEBUG] [lighter] WebSocket closed (server slow to respond)
15:07:47 [INFO] 🔌 [lighter] WebSocket stopped
15:07:47 [DEBUG] [x10_account] WebSocket closed (server slow to respond)
15:07:47 [INFO] 🔌 [x10_account] WebSocket stopped
15:07:47 [DEBUG] [x10_trades] WebSocket closed (server slow to respond)
15:07:47 [INFO] 🔌 [x10_trades] WebSocket stopped
15:07:47 [DEBUG] [x10_funding] WebSocket closed (server slow to respond)
15:07:47 [INFO] 🔌 [x10_funding] WebSocket stopped
15:07:47 [DEBUG] [x10_orderbooks] WebSocket closed (server slow to respond)
15:07:47 [INFO] 🔌 [x10_orderbooks] WebSocket stopped
15:07:47 [INFO] ✅ WebSocketManager stopped
15:07:47 [INFO] 📦 BatchManager stopped
15:07:47 [INFO] ✅ Lighter Adapter closed
15:07:47 [INFO] ✅ X10 Adapter geschlossen.
15:07:47 [INFO] ✅ Teardown complete
15:07:47 [DEBUG] [LIGHTER] Shutdown active - returning cached positions
15:07:47 [INFO] ✅ All positions closed. Bye! (elapsed=2.56s)
15:07:47 [INFO] ✅ Shutdown complete
15:07:47 [INFO] 🛑 Shutting down...
15:07:47 [INFO] 🛑 Shutdown requested...
15:07:47 [INFO] 🛑 Stopping Dashboard API...
15:07:47 [INFO] ✅ ParallelExecutionManager: Already stopping
15:07:47 [INFO] 🛑 Stopping OpenInterestTracker...
15:07:47 [INFO] ✅ OpenInterestTracker stopped
15:07:47 [INFO] 🛑 Funding tracker: Cancelled
15:07:47 [INFO] ✅ Funding Tracker stopped
15:07:47 [INFO] 🔌 Closing adapters...
15:07:47 [INFO] ✅ Bot V5 shutdown complete
15:07:47 [INFO] 🛑 STOPPING BOT: Initiating Graceful Shutdown...
15:07:47 [INFO] 🛑 GRACEFUL SHUTDOWN: Closing all positions...
15:07:47 [INFO] ✅ Shutdown already completed (reason=funding_bot), returning cached result
15:07:47 [INFO] ✅ All positions closed. Bye!
15:07:47 [INFO] 🛑 Stopping Infrastructure...
