11:00:20 [WARNING] CONFIG: DESIRED_NOTIONAL_USD too small (25.0)
11:00:20 [INFO] CONFIG VALIDATION COMPLETED.
11:00:24 [DEBUG] Consider installing rusty-rlp to improve pyrlp performance with a rust basedbackend. Not currently functional for Python 3.11
11:00:24 [INFO] 🛡️ Lighter Rate Limiter Tier: STANDARD
11:00:25 [DEBUG] ✅ Decimal adapter registered for SQLite
11:00:25 [INFO] 🔥 BOT V5 (Architected) STARTING...
11:00:25 [INFO] 🚀 Starting InMemoryStateManager...
11:00:25 [INFO] 📂 Initializing database: data/trades.db
11:00:25 [INFO] ✅ Read pool created: 5 connections
11:00:25 [INFO] ✅ WAL mode enabled
11:00:25 [INFO] 🔄 Running database migrations...
11:00:25 [INFO] ✅ Migrations complete (14 statements)
11:00:25 [INFO] ✅ Database initialized
11:00:25 [INFO] 🖊️ Database write loop started
11:00:25 [DEBUG] Maintenance not due (Last: 17h ago)
11:00:25 [INFO] 📂 Loaded 0 trades from database
11:00:25 [INFO] ✅ InMemoryStateManager started (loaded 0 trades)
11:00:25 [INFO] ✅ State Manager started
11:00:25 [INFO]  Telegram Bot disabled (Token/ChatID missing).
11:00:25 [INFO] ✅ Async database initialized
11:00:25 [INFO] 📝 State writer loop started
11:00:25 [DEBUG] ✅ Database schema up to date
11:00:25 [INFO] Initialisiere X10 Adapter...
11:00:25 [INFO]  X10 Account initialisiert.
11:00:25 [INFO] Initialisiere Lighter Adapter...
11:00:25 [INFO] ✅ Using SaferSignerClient subclass instead of Monkey-Patch
11:00:25 [INFO] 💰 Checking exchange balances at startup...
11:00:25 [DEBUG] Sending GET https://api.starknet.extended.exchange/api/v1/user/balance
11:00:26 [INFO] 💰 X10 verfügbare Balance: $208.78 USDC
11:00:26 [DEBUG] Starting new HTTPS connection (1): mainnet.zklighter.elliot.ai:443
11:00:27 [DEBUG] https://mainnet.zklighter.elliot.ai:443 "GET /api/v1/nextNonce?account_index=60113&api_key_index=3 HTTP/1.1" 200 25
11:00:29 [DEBUG] Lighter Balance: Raw=$252.07, Safe=$239.46
11:00:29 [INFO] 💰 STARTUP BALANCE CHECK: X10=$208.78, Lighter=$239.46
11:00:29 [INFO] ✅ Exchange balances OK - Bot can trade!
11:00:29 [INFO] 💰 FeeManager initialized (Dynamic Fees: ENABLED)
11:00:29 [DEBUG] FeeManager: Adapters set (X10=True, Lighter=True)
11:00:29 [INFO] ✅ Lighter Fee Check OK: Maker=0.0, Taker=0.0
11:00:29 [INFO] ✅ Lighter Fees updated: Maker=0.000000, Taker=0.000000 (source=api)
11:00:30 [INFO] ✅ X10 Fee Schedule (REST /api/v1/user/fees): Maker=0.000000, Taker=0.000225
11:00:30 [INFO] ✅ X10 Fees updated: Maker=0.000000, Taker=0.000225 (source=api)
11:00:30 [INFO] ✅ FeeManager started with periodic refresh
11:00:30 [INFO] ✅ FeeManager started
11:00:30 [INFO] ✅ Funding Tracker started (updates every 3600s)
11:00:30 [INFO] ✅ FundingTracker started
11:00:30 [INFO] 📊 Loading Market Data via REST...
11:00:30 [INFO] 🔄 Funding tracking loop started...
11:00:30 [DEBUG] 📊 No open trades to track
11:00:30 [DEBUG] Sending GET https://api.starknet.extended.exchange/api/v1/info/markets?
11:00:31 [INFO] ✅ Lighter: Loaded 116 markets (base data)
11:00:32 [INFO]  X10: 91 Märkte geladen, 91 Funding Rates, 78 Preise
11:00:32 [INFO] ✅ Lighter: Updated 115 markets with size_decimals from API
11:00:32 [INFO] 📊 MARKET ADA-USD: size_decimals=1, price_decimals=5, min_base_amount=10.0
11:00:32 [INFO] 📊 MARKET SEI-USD: size_decimals=1, price_decimals=5, min_base_amount=50.0
11:00:32 [INFO] 📊 MARKET RESOLV-USD: size_decimals=0, price_decimals=6, min_base_amount=40.0
11:00:32 [INFO] 📊 MARKET TIA-USD: size_decimals=1, price_decimals=5, min_base_amount=3.0
11:00:32 [INFO] ✅ Markets loaded: X10=91, Lighter=116
11:00:32 [INFO] 📈 Pre-loading Lighter prices...
11:00:32 [DEBUG] Lighter: Loaded 388 funding rates
11:00:33 [DEBUG] Lighter: Loaded 117 prices via REST
11:00:33 [INFO] ✅ Lighter prices loaded: 117 symbols
11:00:33 [INFO] 🔥 Warming up execution clients (Network Handshake)...
11:00:33 [DEBUG] Sending GET https://api.starknet.extended.exchange/api/v1/info/markets?
11:00:35 [INFO] ✅ Execution clients warmed up & NETWORK READY
11:00:35 [INFO] 启动 OI Tracker für 65 Symbole...
11:00:35 [INFO] ✅ OpenInterestTracker started (interval=15.0s)
11:00:35 [INFO] 🌐 Starting WebSocket Manager...
11:00:35 [INFO] 📚 OrderbookProvider connected to WebSocketManager
11:00:35 [INFO] ✅ OrderbookProvider initialized and connected to WebSocketManager
11:00:35 [INFO] 📊 OI Tracker: Starting cycle 1 (65 symbols)
11:00:35 [INFO] 🔌 [lighter] WebSocket manager started
11:00:35 [INFO] 🔌 [x10_account] WebSocket manager started
11:00:35 [INFO] 🔌 [x10_trades] WebSocket manager started
11:00:35 [INFO] 🔌 [x10_funding] WebSocket manager started
11:00:35 [INFO] 🔌 [x10_orderbooks] WebSocket manager started
11:00:35 [INFO] 🔌 [lighter] Connecting with kwargs: {'close_timeout': 5.0, 'max_size': 4194304, 'ping_interval': None, 'ping_timeout': None}
11:00:35 [INFO] 🔌 [x10_account] Connecting with kwargs: {'close_timeout': 5.0, 'max_size': 4194304, 'ping_interval': 15.0, 'ping_timeout': None, 'additional_headers': {'X-Api-Key': '***MASKED***', 'User-Agent': 'X10PythonTradingClient/0.4.5'}}
11:00:35 [INFO] 🔌 [x10_trades] Connecting with kwargs: {'close_timeout': 5.0, 'max_size': 4194304, 'ping_interval': 15.0, 'ping_timeout': None, 'additional_headers': {'X-Api-Key': '***MASKED***', 'User-Agent': 'X10PythonTradingClient/0.4.5'}}
11:00:35 [INFO] 🔌 [x10_funding] Connecting with kwargs: {'close_timeout': 5.0, 'max_size': 4194304, 'ping_interval': 15.0, 'ping_timeout': None, 'additional_headers': {'X-Api-Key': '***MASKED***', 'User-Agent': 'X10PythonTradingClient/0.4.5'}}
11:00:35 [INFO] 🔌 [x10_orderbooks] Connecting with kwargs: {'close_timeout': 5.0, 'max_size': 4194304, 'ping_interval': 15.0, 'ping_timeout': None, 'additional_headers': {'X-Api-Key': '***MASKED***', 'User-Agent': 'X10PythonTradingClient/0.4.5'}}
11:00:35 [INFO] ✅ WebSocketManager started (Lighter + X10 Account/Trades/Funding + Keepalive)
11:00:35 [INFO] 📊 [lighter] Subscribed to market_stats/all (prices, funding, OI for all markets)
11:00:35 [INFO] 💓 [x10_account] Keepalive loop started
11:00:36 [INFO] ✅ [lighter] Subscribed to 65 channels (1 market_stats/all + 64 order_books)
11:00:36 [INFO] ℹ️ [lighter] Orderbook data: REST polling only (WS deltas disabled)
11:00:36 [INFO] [x10] Connected to Firehose streams (Trades & Funding) for all markets.
11:00:36 [INFO] 🔗 Components Wired: WS -> OI Tracker -> Prediction
11:00:36 [INFO] 🧟 Starte Zombie-Check: Vergleiche DB mit echten Positionen...
11:00:36 [INFO] 🧟 Reverse Ghost Check: Suche Positionen auf Exchange ohne DB Entry...
11:00:36 [DEBUG] Sending GET https://api.starknet.extended.exchange/api/v1/user/positions?
11:00:36 [DEBUG] ✅ 1000SHIB-USD: X10=$90,760, Lighter=$185,671,582, Total=$185,762,342
11:00:36 [INFO] ✅ [x10_trades] Connected to wss://api.starknet.extended.exchange/stream.extended.exchange/v1/publicTrades
11:00:36 [INFO] ✅ [x10_trades] Keepalive enabled: ping_interval=15.0s, ping_timeout=None (auto-pong)
11:00:36 [INFO] [x10_trades] Receive loop started (async iterator)
11:00:36 [DEBUG] 💓 [x10_trades] Heartbeat started (stale_threshold=300.0s, json_ping_interval=Nones)
11:00:36 [INFO] ✅ [x10_funding] Connected to wss://api.starknet.extended.exchange/stream.extended.exchange/v1/funding
11:00:36 [INFO] ✅ [x10_funding] Keepalive enabled: ping_interval=15.0s, ping_timeout=None (auto-pong)
11:00:36 [INFO] [x10_funding] Receive loop started (async iterator)
11:00:36 [DEBUG] 💓 [x10_funding] Heartbeat started (stale_threshold=300.0s, json_ping_interval=Nones)
11:00:36 [INFO] ✅ [x10_orderbooks] Connected to wss://api.starknet.extended.exchange/stream.extended.exchange/v1/orderbooks
11:00:36 [INFO] ✅ [x10_orderbooks] Keepalive enabled: ping_interval=15.0s, ping_timeout=None (auto-pong)
11:00:36 [INFO] [x10_orderbooks] Receive loop started (async iterator)
11:00:36 [DEBUG] 💓 [x10_orderbooks] Heartbeat started (stale_threshold=180.0s, json_ping_interval=Nones)
11:00:36 [INFO] ✅ [lighter] Connected to wss://mainnet.zklighter.elliot.ai/stream
11:00:36 [INFO] [lighter] Resubscribing to 65 channels (paced)...
11:00:36 [INFO] [lighter] Receive loop started (async iterator)
11:00:36 [INFO] 💓 [lighter] Waiting for SERVER ping (Lighter sends pings every ~60s)
11:00:36 [DEBUG] 💓 [lighter] Heartbeat started (stale_threshold=180.0s, json_ping_interval=Nones)
11:00:36 [INFO] ✅ [x10_account] Connected to wss://api.starknet.extended.exchange/stream.extended.exchange/v1/account
11:00:36 [INFO] ✅ [x10_account] Keepalive enabled: ping_interval=15.0s, ping_timeout=None (auto-pong)
11:00:36 [INFO] [x10_account] Receive loop started (async iterator)
11:00:36 [DEBUG] 💓 [x10_account] Heartbeat started (stale_threshold=300.0s, json_ping_interval=Nones)
11:00:36 [DEBUG] 📨 [x10_account] RAW: ORDER - {'type': 'ORDER', 'data': {'isSnapshot': True, 'orders': []}, 'ts': 1765620022796, 'seq': 1}
11:00:36 [DEBUG] 📨 [x10_account] RAW: POSITION - {
  "type": "POSITION",
  "data": {
    "isSnapshot": true,
    "positions": []
  },
  "ts": 1765620022796,
  "seq": 2
}
11:00:36 [DEBUG] 📨 [x10_account] RAW: BALANCE - {'type': 'BALANCE', 'data': {'isSnapshot': True, 'balance': {'collateralName': 'USD', 'balance': '208.782146', 'status': 'ACTIVE', 'equity': '208.782146', 'availableForTrade': '208.782146', 'available
11:00:36 [DEBUG] 💰 [x10_account] BALANCE: equity=$208.782146, available=$208.782146, uPnL=$0.000000
11:00:37 [DEBUG] [lighter] Resubscribed 10/65 channels
11:00:37 [DEBUG] [lighter] Resubscribed 20/65 channels
11:00:37 [DEBUG] [lighter] Resubscribed 30/65 channels
11:00:37 [DEBUG] [lighter] Resubscribed 40/65 channels
11:00:37 [DEBUG] [lighter] Resubscribed 50/65 channels
11:00:37 [DEBUG] [lighter] Resubscribed 60/65 channels
11:00:37 [INFO] [lighter] Resubscribed to 65 channels
11:00:37 [INFO] Lighter: Found 0 open positions
11:00:37 [INFO] ✅ No orphaned positions found
11:00:37 [INFO] ✅ ParallelExecutionManager started
11:00:37 [INFO] ✅ ParallelExecutionManager started
11:00:37 [INFO] 🌐 Starting Dashboard API at http://0.0.0.0:8080
11:00:37 [INFO] 🛑 STOPPING BOT: Initiating Graceful Shutdown...
11:00:37 [INFO] 🛑 GRACEFUL SHUTDOWN: Closing all positions...
11:00:37 [INFO] 🛑 Shutdown orchestrator start (reason=funding_bot)
11:00:37 [INFO] 🛑 [X10] Rate limiter shutdown - cancelled 0 waiters
11:00:37 [INFO] 🛑 [LIGHTER] Rate limiter shutdown - cancelled 0 waiters
11:00:37 [INFO] 🛑 All rate limiters shutdown: {'X10': {'waiters_cancelled': 0, 'shutdown': True}, 'LIGHTER': {'waiters_cancelled': 0, 'shutdown': True}}
11:00:37 [INFO] 🛑 Rate limiters shutdown: {'X10': {'waiters_cancelled': 0, 'shutdown': True}, 'LIGHTER': {'waiters_cancelled': 0, 'shutdown': True}}
11:00:37 [DEBUG] [LIGHTER] Shutdown active - returning cached positions
11:00:37 [INFO] 📸 Position snapshot: X10=0, Lighter=0
11:00:37 [INFO] ℹ️ No ParallelExecutionManager registered
11:00:37 [DEBUG] [LIGHTER] Shutdown active - returning cached positions
11:00:37 [INFO] ⚡ Attempting global Lighter cancel...
11:00:37 [DEBUG] [LIGHTER] Rate limiter acquire() skipped - shutdown active
11:00:37 [INFO] ⚡ Executing ImmediateCancelAll (nonce=7365)...
11:00:37 [DEBUG] Cancel All Orders Tx Info: {"AccountIndex":60113,"ApiKeyIndex":3,"TimeInForce":0,"Time":0,"ExpiredAt":1765620636952,"Nonce":7365,"Sig":"epF2ajKg5vDo8S0k1kHFBjCiRrIwRR3a0S7UOwX8jXU+7n+698DXITyKNF0XdwyVEwNywKBie0d8fNVq7gBXhWWwWVfwo0FKLyyXILzIJw0="}
11:00:38 [DEBUG] [LIGHTER] Rate limiter acquire() skipped - shutdown active
11:00:38 [DEBUG] Cancel All Orders Send Tx Response: code=200 message='{"ratelimit": "didn\'t use volume quota"}' tx_hash='bb933bb4be576229395df06869b806b45fa9c9c8321945087a59507d7ff29fcd265adfd1a11148bb' predicted_execution_time_ms=1765620024199 additional_properties={}
11:00:38 [INFO] ✅ Lighter: ImmediateCancelAll executed (tx={"AccountIndex":60113,"ApiKeyIndex":3,"TimeInForce":0,"Time":0,"ExpiredAt":1765620636952,"Nonce":7365,"Sig":"epF2ajKg5vDo8S0k1kHFBjCiRrIwRR3a0S7UOwX8jXU+7n+698DXITyKNF0XdwyVEwNywKBie0d8fNVq7gBXhWWwWVfwo0FKLyyXILzIJw0="})
11:00:38 [DEBUG] 🔄 Nonce cache invalidated
11:00:38 [INFO] 🛑 Cancelling open orders for 142 symbols (LighterGlobal=True)...
11:00:38 [DEBUG] [X10] Shutdown active - skipping cancel_all_orders for MKR-USD
11:00:38 [DEBUG] [X10] Shutdown active - skipping cancel_all_orders for 1000TOSHI-USD
11:00:38 [DEBUG] [X10] Shutdown active - skipping cancel_all_orders for BNB-USD
11:00:38 [DEBUG] [X10] Shutdown active - skipping cancel_all_orders for WLD-USD
11:00:38 [DEBUG] [X10] Shutdown active - skipping cancel_all_orders for AAPL-USD
11:00:38 [DEBUG] [X10] Shutdown active - skipping cancel_all_orders for KAITO-USD
11:00:38 [DEBUG] [X10] Shutdown active - skipping cancel_all_orders for OP-USD
11:00:38 [DEBUG] [X10] Shutdown active - skipping cancel_all_orders for 1000000MOG-USD
11:00:38 [DEBUG] [X10] Shutdown active - skipping cancel_all_orders for TIA-USD
11:00:38 [DEBUG] [X10] Shutdown active - skipping cancel_all_orders for FF-USD
11:00:38 [DEBUG] [X10] Shutdown active - skipping cancel_all_orders for CRV-USD
11:00:38 [DEBUG] [X10] Shutdown active - skipping cancel_all_orders for WAL-USD
11:00:38 [DEBUG] [X10] Shutdown active - skipping cancel_all_orders for ASTER-USD
11:00:38 [DEBUG] [X10] Shutdown active - skipping cancel_all_orders for AVAX-USD
11:00:38 [DEBUG] [X10] Shutdown active - skipping cancel_all_orders for AI16Z-USD
11:00:38 [DEBUG] [X10] Shutdown active - skipping cancel_all_orders for ZEC-USD
11:00:38 [DEBUG] [X10] Shutdown active - skipping cancel_all_orders for EDEN-USD
11:00:38 [DEBUG] [X10] Shutdown active - skipping cancel_all_orders for APT-USD
11:00:38 [DEBUG] [X10] Shutdown active - skipping cancel_all_orders for PROVE-USD
11:00:38 [DEBUG] [X10] Shutdown active - skipping cancel_all_orders for ENA-USD
11:00:38 [DEBUG] [X10] Shutdown active - skipping cancel_all_orders for ETHFI-USD
11:00:38 [DEBUG] [X10] Shutdown active - skipping cancel_all_orders for XAG-USD
11:00:38 [DEBUG] [X10] Shutdown active - skipping cancel_all_orders for MET-USD
11:00:38 [DEBUG] [X10] Shutdown active - skipping cancel_all_orders for USDJPY-USD
11:00:38 [DEBUG] [X10] Shutdown active - skipping cancel_all_orders for PENGU-USD
11:00:38 [DEBUG] [X10] Shutdown active - skipping cancel_all_orders for 2Z-USD
11:00:38 [DEBUG] [X10] Shutdown active - skipping cancel_all_orders for COIN-USD
11:00:38 [DEBUG] [X10] Shutdown active - skipping cancel_all_orders for TRX-USD
11:00:38 [DEBUG] [X10] Shutdown active - skipping cancel_all_orders for GMX-USD
11:00:38 [DEBUG] [X10] Shutdown active - skipping cancel_all_orders for PAXG-USD
11:00:38 [DEBUG] [X10] Shutdown active - skipping cancel_all_orders for POL-USD
11:00:38 [DEBUG] [X10] Shutdown active - skipping cancel_all_orders for PYTH-USD
11:00:38 [DEBUG] [X10] Shutdown active - skipping cancel_all_orders for 1000SHIB-USD
11:00:38 [DEBUG] [X10] Shutdown active - skipping cancel_all_orders for PENDLE-USD
11:00:38 [DEBUG] [X10] Shutdown active - skipping cancel_all_orders for AMZN-USD
11:00:38 [DEBUG] [X10] Shutdown active - skipping cancel_all_orders for MATIC-USD
11:00:38 [DEBUG] [X10] Shutdown active - skipping cancel_all_orders for RESOLV-USD
11:00:38 [DEBUG] [X10] Shutdown active - skipping cancel_all_orders for ETC-USD
11:00:38 [DEBUG] [X10] Shutdown active - skipping cancel_all_orders for GOOGL-USD
11:00:38 [DEBUG] [X10] Shutdown active - skipping cancel_all_orders for PLACE_2-USD
11:00:38 [DEBUG] [X10] Shutdown active - skipping cancel_all_orders for BTC-USD
11:00:38 [DEBUG] [X10] Shutdown active - skipping cancel_all_orders for XLM-USD
11:00:38 [DEBUG] [X10] Shutdown active - skipping cancel_all_orders for AVNT-USD
11:00:38 [DEBUG] [X10] Shutdown active - skipping cancel_all_orders for ADA-USD
11:00:38 [DEBUG] [X10] Shutdown active - skipping cancel_all_orders for AAVE-USD
11:00:38 [DEBUG] [X10] Shutdown active - skipping cancel_all_orders for BCH-USD
11:00:38 [DEBUG] [X10] Shutdown active - skipping cancel_all_orders for AUDUSD-USD
11:00:38 [DEBUG] [X10] Shutdown active - skipping cancel_all_orders for SOL-USD
11:00:38 [DEBUG] [X10] Shutdown active - skipping cancel_all_orders for MELANIA-USD
11:00:38 [DEBUG] [X10] Shutdown active - skipping cancel_all_orders for ZRO-USD
11:00:38 [DEBUG] [X10] Shutdown active - skipping cancel_all_orders for WIF-USD
11:00:38 [DEBUG] [X10] Shutdown active - skipping cancel_all_orders for JUP-USD
11:00:38 [DEBUG] [X10] Shutdown active - skipping cancel_all_orders for DOT-USD
11:00:38 [DEBUG] [X10] Shutdown active - skipping cancel_all_orders for TON-USD
11:00:38 [DEBUG] [X10] Shutdown active - skipping cancel_all_orders for MORPHO-USD
11:00:38 [DEBUG] [X10] Shutdown active - skipping cancel_all_orders for MEGA-USD
11:00:38 [DEBUG] [X10] Shutdown active - skipping cancel_all_orders for SPX6900-USD
11:00:38 [DEBUG] [X10] Shutdown active - skipping cancel_all_orders for 1000BONK-USD
11:00:38 [DEBUG] [X10] Shutdown active - skipping cancel_all_orders for USDCHF-USD
11:00:38 [DEBUG] [X10] Shutdown active - skipping cancel_all_orders for VIRTUAL-USD
11:00:38 [DEBUG] [X10] Shutdown active - skipping cancel_all_orders for ETH-USD
11:00:38 [DEBUG] [X10] Shutdown active - skipping cancel_all_orders for DYDX-USD
11:00:38 [DEBUG] [X10] Shutdown active - skipping cancel_all_orders for MYX-USD
11:00:38 [DEBUG] [X10] Shutdown active - skipping cancel_all_orders for NEAR-USD
11:00:38 [DEBUG] [X10] Shutdown active - skipping cancel_all_orders for SPX500m-USD
11:00:38 [DEBUG] [X10] Shutdown active - skipping cancel_all_orders for XRP-USD
11:00:38 [DEBUG] [X10] Shutdown active - skipping cancel_all_orders for 1000FLOKI-USD
11:00:38 [DEBUG] [X10] Shutdown active - skipping cancel_all_orders for IP-USD
11:00:38 [DEBUG] [X10] Shutdown active - skipping cancel_all_orders for STBL-USD
11:00:38 [DEBUG] [X10] Shutdown active - skipping cancel_all_orders for NMR-USD
11:00:38 [DEBUG] [X10] Shutdown active - skipping cancel_all_orders for USDKRW-USD
11:00:38 [DEBUG] [X10] Shutdown active - skipping cancel_all_orders for HYPE-USD
11:00:38 [DEBUG] [X10] Shutdown active - skipping cancel_all_orders for LTC-USD
11:00:38 [DEBUG] [X10] Shutdown active - skipping cancel_all_orders for EURUSD-USD
11:00:38 [DEBUG] [X10] Shutdown active - skipping cancel_all_orders for S-USD
11:00:38 [DEBUG] [X10] Shutdown active - skipping cancel_all_orders for MSFT-USD
11:00:38 [DEBUG] [X10] Shutdown active - skipping cancel_all_orders for TSLA-USD
11:00:38 [DEBUG] [X10] Shutdown active - skipping cancel_all_orders for GBPUSD-USD
11:00:38 [DEBUG] [X10] Shutdown active - skipping cancel_all_orders for DOLO-USD
11:00:38 [DEBUG] [X10] Shutdown active - skipping cancel_all_orders for FTM-USD
11:00:38 [DEBUG] [X10] Shutdown active - skipping cancel_all_orders for LINK-USD
11:00:38 [DEBUG] [X10] Shutdown active - skipping cancel_all_orders for XPL-USD
11:00:38 [DEBUG] [X10] Shutdown active - skipping cancel_all_orders for LINEA-USD
11:00:38 [DEBUG] [X10] Shutdown active - skipping cancel_all_orders for META-USD
11:00:38 [DEBUG] [X10] Shutdown active - skipping cancel_all_orders for NVDA-USD
11:00:38 [DEBUG] [X10] Shutdown active - skipping cancel_all_orders for CAKE-USD
11:00:38 [DEBUG] [X10] Shutdown active - skipping cancel_all_orders for TRUMP-USD
11:00:38 [DEBUG] [X10] Shutdown active - skipping cancel_all_orders for SKY-USD
11:00:38 [DEBUG] [X10] Shutdown active - skipping cancel_all_orders for FIL-USD
11:00:38 [DEBUG] [X10] Shutdown active - skipping cancel_all_orders for USELESS-USD
11:00:38 [DEBUG] [X10] Shutdown active - skipping cancel_all_orders for DOGE-USD
11:00:38 [DEBUG] [X10] Shutdown active - skipping cancel_all_orders for GRASS-USD
11:00:38 [DEBUG] [X10] Shutdown active - skipping cancel_all_orders for PLACE_1-USD
11:00:38 [DEBUG] [X10] Shutdown active - skipping cancel_all_orders for ZK-USD
11:00:38 [DEBUG] [X10] Shutdown active - skipping cancel_all_orders for TAO-USD
11:00:38 [DEBUG] [X10] Shutdown active - skipping cancel_all_orders for INIT-USD
11:00:38 [DEBUG] [X10] Shutdown active - skipping cancel_all_orders for 4-USD
11:00:38 [DEBUG] [X10] Shutdown active - skipping cancel_all_orders for GOAT-USD
11:00:38 [DEBUG] [X10] Shutdown active - skipping cancel_all_orders for AERO-USD
11:00:38 [DEBUG] [X10] Shutdown active - skipping cancel_all_orders for STABLE-USD
11:00:38 [DEBUG] [X10] Shutdown active - skipping cancel_all_orders for YZY-USD
11:00:38 [DEBUG] [X10] Shutdown active - skipping cancel_all_orders for ETH-USDC-USD
11:00:38 [DEBUG] [X10] Shutdown active - skipping cancel_all_orders for SYRUP-USD
11:00:38 [DEBUG] [X10] Shutdown active - skipping cancel_all_orders for HBAR-USD
11:00:38 [DEBUG] [X10] Shutdown active - skipping cancel_all_orders for CRO-USD
11:00:38 [DEBUG] [X10] Shutdown active - skipping cancel_all_orders for PUMP-USD
11:00:38 [DEBUG] [X10] Shutdown active - skipping cancel_all_orders for XAU-USD
11:00:38 [DEBUG] [X10] Shutdown active - skipping cancel_all_orders for LAUNCHCOIN-USD
11:00:38 [DEBUG] [X10] Shutdown active - skipping cancel_all_orders for STRK-USD
11:00:38 [DEBUG] [X10] Shutdown active - skipping cancel_all_orders for XMR-USD
11:00:38 [DEBUG] [X10] Shutdown active - skipping cancel_all_orders for APEX-USD
11:00:38 [DEBUG] [X10] Shutdown active - skipping cancel_all_orders for ATOM-USD
11:00:38 [DEBUG] [X10] Shutdown active - skipping cancel_all_orders for UNI-USD
11:00:38 [DEBUG] [X10] Shutdown active - skipping cancel_all_orders for EIGEN-USD
11:00:38 [DEBUG] [X10] Shutdown active - skipping cancel_all_orders for ZORA-USD
11:00:38 [DEBUG] [X10] Shutdown active - skipping cancel_all_orders for FARTCOIN-USD
11:00:38 [DEBUG] [X10] Shutdown active - skipping cancel_all_orders for ARB-USD
11:00:38 [DEBUG] [X10] Shutdown active - skipping cancel_all_orders for CC-USD
11:00:38 [DEBUG] [X10] Shutdown active - skipping cancel_all_orders for PLTR-USD
11:00:38 [DEBUG] [X10] Shutdown active - skipping cancel_all_orders for USDCAD-USD
11:00:38 [DEBUG] [X10] Shutdown active - skipping cancel_all_orders for TECH100m-USD
11:00:38 [DEBUG] [X10] Shutdown active - skipping cancel_all_orders for ICP-USD
11:00:38 [DEBUG] [X10] Shutdown active - skipping cancel_all_orders for POPCAT-USD
11:00:38 [DEBUG] [X10] Shutdown active - skipping cancel_all_orders for MOODENG-USD
11:00:38 [DEBUG] [X10] Shutdown active - skipping cancel_all_orders for MNT-USD
11:00:38 [DEBUG] [X10] Shutdown active - skipping cancel_all_orders for 1000PEPE-USD
11:00:38 [DEBUG] [X10] Shutdown active - skipping cancel_all_orders for VVV-USD
11:00:38 [DEBUG] [X10] Shutdown active - skipping cancel_all_orders for SNX-USD
11:00:38 [DEBUG] [X10] Shutdown active - skipping cancel_all_orders for EUR-USD
11:00:38 [DEBUG] [X10] Shutdown active - skipping cancel_all_orders for BERA-USD
11:00:38 [DEBUG] [X10] Shutdown active - skipping cancel_all_orders for LDO-USD
11:00:38 [DEBUG] [X10] Shutdown active - skipping cancel_all_orders for MON-USD
11:00:38 [DEBUG] [X10] Shutdown active - skipping cancel_all_orders for SPX-USD
11:00:38 [DEBUG] [X10] Shutdown active - skipping cancel_all_orders for ONDO-USD
11:00:38 [DEBUG] [X10] Shutdown active - skipping cancel_all_orders for 0G-USD
11:00:38 [DEBUG] [X10] Shutdown active - skipping cancel_all_orders for SUI-USD
11:00:38 [DEBUG] [X10] Shutdown active - skipping cancel_all_orders for WLFI-USD
11:00:38 [DEBUG] [X10] Shutdown active - skipping cancel_all_orders for NZDUSD-USD
11:00:38 [DEBUG] [X10] Shutdown active - skipping cancel_all_orders for SEI-USD
11:00:38 [DEBUG] [X10] Shutdown active - skipping cancel_all_orders for XBR-USD
11:00:38 [DEBUG] [X10] Shutdown active - skipping cancel_all_orders for MOG-USD
11:00:38 [DEBUG] [X10] Shutdown active - skipping cancel_all_orders for HOOD-USD
11:00:38 [DEBUG] [LIGHTER] Shutdown active - returning cached positions
11:00:38 [INFO] ✅ No open positions to close
11:00:38 [INFO] 🔍 Final position sweep...
11:00:38 [DEBUG] [LIGHTER] Shutdown active - returning cached positions
11:00:38 [INFO] ✅ Final sweep: No positions found
11:00:38 [INFO] 🛑 Stopping InMemoryStateManager...
11:00:38 [INFO] 📝 State writer loop stopped
11:00:38 [INFO] ✅ InMemoryStateManager stopped
11:00:38 [INFO] 🛑 FeeManager stopped
11:00:38 [INFO] 🔒 Closing database...
11:00:38 [INFO] 🖊️ Database write loop stopped
11:00:38 [INFO] ✅ Database closed
11:00:38 [INFO] 💾 Persist phase complete
11:00:38 [INFO] ✅ Lighter Adapter closed
11:00:38 [INFO] ✅ X10 Adapter geschlossen.
11:00:38 [INFO] ✅ Teardown complete
11:00:38 [DEBUG] [LIGHTER] Shutdown active - returning cached positions
11:00:38 [INFO] ✅ All positions closed. Bye! (elapsed=0.69s)
11:00:38 [INFO] ✅ All positions closed. Bye!
11:00:38 [INFO] 🛑 Stopping Infrastructure...
11:00:38 [INFO] 🛑 Funding tracker: Cancelled
11:00:38 [DEBUG] 💓 [x10_account] Keepalive loop cancelled
11:00:38 [INFO] 💓 [x10_account] Keepalive loop stopped
11:00:38 [DEBUG] Lighter: fetch_open_interest PENDLE-USD cancelled during shutdown
11:00:38 [DEBUG] ✅ PENDLE-USD: X10=$110,781, Lighter=$0, Total=$110,781
11:00:39 [DEBUG] [LIGHTER] Rate limiter acquire() skipped - shutdown active
11:00:39 [DEBUG] Starting new HTTPS connection (1): mainnet.zklighter.elliot.ai:443
11:00:40 [DEBUG] https://mainnet.zklighter.elliot.ai:443 "GET /api/v1/nextNonce?account_index=60113&api_key_index=3 HTTP/1.1" 200 25
11:00:41 [DEBUG] ✅ MKR-USD: X10=$9,283, Lighter=$0, Total=$9,283
11:00:43 [DEBUG] [LIGHTER] Rate limiter acquire() skipped - shutdown active
11:00:43 [DEBUG] ✅ XRP-USD: X10=$876,297, Lighter=$5,086,071, Total=$5,962,368
11:00:45 [DEBUG] [LIGHTER] Rate limiter acquire() skipped - shutdown active
11:00:45 [DEBUG] ✅ BNB-USD: X10=$1,570,062, Lighter=$14,922, Total=$1,584,983
11:00:49 [DEBUG] [LIGHTER] Rate limiter acquire() skipped - shutdown active
11:00:49 [DEBUG] ✅ IP-USD: X10=$114,637, Lighter=$403,408, Total=$518,046
11:00:50 [DEBUG] [LIGHTER] Rate limiter acquire() skipped - shutdown active
11:00:51 [DEBUG] ✅ WLD-USD: X10=$80,561, Lighter=$2,110,308, Total=$2,190,868
11:00:52 [DEBUG] [LIGHTER] Rate limiter acquire() skipped - shutdown active
11:00:52 [DEBUG] ✅ UNI-USD: X10=$182,949, Lighter=$380,924, Total=$563,873
11:00:54 [DEBUG] [LIGHTER] Rate limiter acquire() skipped - shutdown active
11:00:54 [DEBUG] ✅ EIGEN-USD: X10=$102,759, Lighter=$1,299,452, Total=$1,402,212
11:00:56 [DEBUG] [LIGHTER] Rate limiter acquire() skipped - shutdown active
11:00:56 [DEBUG] ✅ RESOLV-USD: X10=$137,098, Lighter=$48,015,641, Total=$48,152,739
11:00:59 [DEBUG] [LIGHTER] Rate limiter acquire() skipped - shutdown active
11:01:00 [DEBUG] ✅ KAITO-USD: X10=$238,046, Lighter=$1,873,660, Total=$2,111,706
11:01:01 [DEBUG] [LIGHTER] Rate limiter acquire() skipped - shutdown active
11:01:01 [DEBUG] ✅ ZORA-USD: X10=$92,831, Lighter=$29,428,027, Total=$29,520,858
11:01:03 [DEBUG] [LIGHTER] Rate limiter acquire() skipped - shutdown active
11:01:03 [DEBUG] ✅ HYPE-USD: X10=$5,186,587, Lighter=$1,553,148, Total=$6,739,735
11:01:05 [DEBUG] [LIGHTER] Rate limiter acquire() skipped - shutdown active
11:01:05 [DEBUG] ✅ OP-USD: X10=$224,948, Lighter=$3,396,093, Total=$3,621,041
11:01:06 [DEBUG] [LIGHTER] Rate limiter acquire() skipped - shutdown active
11:01:07 [DEBUG] ✅ LTC-USD: X10=$221,178, Lighter=$15,179, Total=$236,356
11:01:10 [DEBUG] [LIGHTER] Rate limiter acquire() skipped - shutdown active
11:01:11 [DEBUG] ✅ FARTCOIN-USD: X10=$451,904, Lighter=$7,940,000, Total=$8,391,904
11:01:12 [DEBUG] [LIGHTER] Rate limiter acquire() skipped - shutdown active
11:01:12 [DEBUG] ✅ BTC-USD: X10=$30,618,762, Lighter=$3,025, Total=$30,621,787
11:01:14 [DEBUG] [LIGHTER] Rate limiter acquire() skipped - shutdown active
11:01:14 [DEBUG] ✅ TIA-USD: X10=$214,663, Lighter=$2,143,997, Total=$2,358,660
11:01:16 [DEBUG] [LIGHTER] Rate limiter acquire() skipped - shutdown active
11:01:16 [DEBUG] ✅ ARB-USD: X10=$143,509, Lighter=$6,945,802, Total=$7,089,311
11:01:17 [DEBUG] [LIGHTER] Rate limiter acquire() skipped - shutdown active
11:01:18 [DEBUG] ✅ CRV-USD: X10=$91,928, Lighter=$2,049,742, Total=$2,141,670
11:01:21 [DEBUG] [LIGHTER] Rate limiter acquire() skipped - shutdown active
11:01:21 [DEBUG] ✅ ASTER-USD: X10=$470,917, Lighter=$13,224,043, Total=$13,694,960
11:01:23 [DEBUG] [LIGHTER] Rate limiter acquire() skipped - shutdown active
11:01:23 [DEBUG] ✅ AVAX-USD: X10=$378,274, Lighter=$204,906, Total=$583,180
11:01:25 [DEBUG] [LIGHTER] Rate limiter acquire() skipped - shutdown active
11:01:25 [DEBUG] ✅ EDEN-USD: X10=$114,141, Lighter=$4,898,934, Total=$5,013,075
11:01:26 [DEBUG] [LIGHTER] Rate limiter acquire() skipped - shutdown active
11:01:27 [DEBUG] ✅ ZEC-USD: X10=$1,504,478, Lighter=$17,500, Total=$1,521,978
11:01:28 [DEBUG] [LIGHTER] Rate limiter acquire() skipped - shutdown active
11:01:29 [DEBUG] ✅ LINK-USD: X10=$281,084, Lighter=$186,104, Total=$467,189
11:01:32 [DEBUG] [LIGHTER] Rate limiter acquire() skipped - shutdown active
11:01:32 [DEBUG] ✅ APT-USD: X10=$44,541, Lighter=$1,825,943, Total=$1,870,483
11:01:34 [DEBUG] [LIGHTER] Rate limiter acquire() skipped - shutdown active
11:01:34 [DEBUG] ✅ AVNT-USD: X10=$270,601, Lighter=$2,265,952, Total=$2,536,554
11:01:36 [DEBUG] [LIGHTER] Rate limiter acquire() skipped - shutdown active
11:01:36 [DEBUG] ✅ ENA-USD: X10=$257,538, Lighter=$19,054,254, Total=$19,311,792
11:01:37 [DEBUG] [LIGHTER] Rate limiter acquire() skipped - shutdown active
11:01:38 [DEBUG] ✅ AAVE-USD: X10=$172,623, Lighter=$46,632, Total=$219,255
11:01:39 [DEBUG] [LIGHTER] Rate limiter acquire() skipped - shutdown active
11:01:39 [DEBUG] ✅ ADA-USD: X10=$235,802, Lighter=$3,678,004, Total=$3,913,806
11:01:43 [DEBUG] [LIGHTER] Rate limiter acquire() skipped - shutdown active
11:01:43 [DEBUG] ✅ XPL-USD: X10=$266,923, Lighter=$18,375,564, Total=$18,642,486
11:01:45 [DEBUG] [LIGHTER] Rate limiter acquire() skipped - shutdown active
11:01:45 [DEBUG] ✅ LINEA-USD: X10=$70,105, Lighter=$118,188,946, Total=$118,259,051
11:01:47 [DEBUG] [LIGHTER] Rate limiter acquire() skipped - shutdown active
11:01:47 [DEBUG] ✅ BCH-USD: X10=$0, Lighter=$4,065, Total=$4,065
11:01:48 [DEBUG] [LIGHTER] Rate limiter acquire() skipped - shutdown active
11:01:49 [DEBUG] ✅ POPCAT-USD: X10=$98,502, Lighter=$6,115,868, Total=$6,214,370
11:01:50 [DEBUG] [LIGHTER] Rate limiter acquire() skipped - shutdown active
11:01:50 [DEBUG] ✅ TRUMP-USD: X10=$68,187, Lighter=$276,691, Total=$344,878
11:01:54 [DEBUG] [LIGHTER] Rate limiter acquire() skipped - shutdown active
11:01:54 [DEBUG] ✅ SOL-USD: X10=$4,779,775, Lighter=$342,671, Total=$5,122,446
11:01:56 [DEBUG] [LIGHTER] Rate limiter acquire() skipped - shutdown active
11:01:56 [DEBUG] ✅ MNT-USD: X10=$70,779, Lighter=$3,509,638, Total=$3,580,416
11:01:58 [DEBUG] [LIGHTER] Rate limiter acquire() skipped - shutdown active
11:01:58 [DEBUG] ✅ 1000PEPE-USD: X10=$259,229, Lighter=$508,593,421, Total=$508,852,650
11:01:59 [DEBUG] [LIGHTER] Rate limiter acquire() skipped - shutdown active
11:02:00 [DEBUG] ✅ FIL-USD: X10=$0, Lighter=$371,434, Total=$371,434
11:02:01 [DEBUG] [LIGHTER] Rate limiter acquire() skipped - shutdown active
11:02:01 [DEBUG] ✅ DOGE-USD: X10=$449,335, Lighter=$22,172,755, Total=$22,622,090
11:02:05 [DEBUG] [LIGHTER] Rate limiter acquire() skipped - shutdown active
11:02:05 [DEBUG] ✅ BERA-USD: X10=$136,678, Lighter=$1,008,197, Total=$1,144,876
11:02:07 [DEBUG] [LIGHTER] Rate limiter acquire() skipped - shutdown active
11:02:07 [DEBUG] ✅ LDO-USD: X10=$207,913, Lighter=$2,206,958, Total=$2,414,872
11:02:08 [DEBUG] [LIGHTER] Rate limiter acquire() skipped - shutdown active
11:02:09 [DEBUG] ✅ ZRO-USD: X10=$111,997, Lighter=$585,525, Total=$697,522
11:02:10 [DEBUG] [LIGHTER] Rate limiter acquire() skipped - shutdown active
11:02:10 [DEBUG] ✅ WIF-USD: X10=$206,215, Lighter=$3,358,481, Total=$3,564,696
11:02:12 [DEBUG] [LIGHTER] Rate limiter acquire() skipped - shutdown active
11:02:12 [DEBUG] ✅ MON-USD: X10=$101,626, Lighter=$226,675,329, Total=$226,776,955
11:02:16 [DEBUG] [LIGHTER] Rate limiter acquire() skipped - shutdown active
11:02:16 [DEBUG] ✅ GRASS-USD: X10=$67,085, Lighter=$1,869,944, Total=$1,937,029
11:02:18 [DEBUG] [LIGHTER] Rate limiter acquire() skipped - shutdown active
11:02:18 [DEBUG] ✅ PENGU-USD: X10=$62,140, Lighter=$72,192,435, Total=$72,254,575
11:02:19 [DEBUG] [LIGHTER] Rate limiter acquire() skipped - shutdown active
11:02:20 [DEBUG] ✅ JUP-USD: X10=$90,753, Lighter=$5,077,828, Total=$5,168,581
11:02:21 [DEBUG] [LIGHTER] Rate limiter acquire() skipped - shutdown active
11:02:21 [DEBUG] ✅ SPX-USD: X10=$47,494, Lighter=$3,461,228, Total=$3,508,722
11:02:23 [DEBUG] [LIGHTER] Rate limiter acquire() skipped - shutdown active
11:02:23 [DEBUG] ✅ DOT-USD: X10=$0, Lighter=$734,329, Total=$734,329
11:02:27 [DEBUG] [LIGHTER] Rate limiter acquire() skipped - shutdown active
11:02:27 [DEBUG] ✅ TON-USD: X10=$97,344, Lighter=$748,588, Total=$845,932
11:02:28 [DEBUG] [LIGHTER] Rate limiter acquire() skipped - shutdown active
11:02:29 [DEBUG] ✅ TAO-USD: X10=$448,901, Lighter=$7,560, Total=$456,461
11:02:30 [DEBUG] [LIGHTER] Rate limiter acquire() skipped - shutdown active
11:02:30 [DEBUG] ✅ ONDO-USD: X10=$158,368, Lighter=$2,446,257, Total=$2,604,625
